tree logl logTop logBL logPrior logQ logWt pi1 pi2 pi3 pi4 s1 s2 s3 s4 s5 s6
(1,2,((3,4),(((5,6),(7,8)),(((((((9,10),11),12),13),14),15),16)))); -6900.55  -0.212852 132.264 59.8437 26.2428 -6999 0.258514 0.323746 0.103773 0.313968  0.102159  0.288494 0.0950818 0.0818052  0.328333  0.104126
(1,2,((3,4),(((5,6),(7,8)),(((((((9,10),11),12),13),14),15),16)))); -6904.6  -0.212852 128.609 59.6796 22.3095 -6995.63  0.290431   0.33039 0.0864323  0.292746 0.0851328  0.305912 0.0952997  0.104778  0.311116 0.0977616
(1,2,((3,4),(((5,6),(7,8)),(((((((9,10),11),12),13),14),15),16)))); -7284.72  -0.212852 128.773 56.5006 23.783 -7380.56  0.299621  0.304431 0.0906232  0.305325  0.133778   0.26801 0.0988801 0.0911804  0.309055 0.0990966
(1,2,((3,4),(((5,6),(7,8)),(((((((9,10),11),12),13),14),15),16)))); -6905.13  -0.212852 135.834 59.8736 25.3893 -7006.27 0.272456 0.318778 0.102086  0.30668 0.0995698  0.310378 0.0834861 0.0715949  0.341601 0.0933702
(1,2,((3,4),(((5,6),(7,8)),(((((((9,10),11),12),13),14),15),16)))); -6964.43  -0.212852 137.871 59.6214 26.5644 -7069.03 0.274784 0.313669  0.10238 0.309167  0.111934  0.277281  0.109784 0.0739098  0.313718  0.113373
(1,(2,(3,4)),(((5,6),(7,8)),(((((((9,10),11),12),13),14),15),16))); -6907.12  -2.06855 124.346 59.9688 28.3531 -6997.78  0.27978 0.314701 0.104885 0.300634 0.0985961  0.270207 0.0940907 0.0967875  0.336916  0.103402
(1,2,((3,4),(((5,6),(7,8)),(((((((9,10),11),12),13),14),15),16)))); -6886.75  -0.212852 130.726 59.7618 27.5518 -6985.06   0.27991  0.317062 0.0981344  0.304894  0.117086  0.297086 0.0878346 0.0778425  0.314056  0.106095
(1,2,((3,4),(((5,6),(7,8)),(((((((9,10),11),12),13),14),15),16)))); -6910.05  -0.212852 123.154 59.8363 28.5066 -7001.66 0.282501 0.321327 0.102896 0.293277  0.108611  0.276284 0.0942289 0.0914147  0.319807  0.109654
(1,2,((3,4),(((5,6),(7,8)),(((((((9,10),11),12),13),14),15),16)))); -8464.05  -0.212852 114.586 44.6003 27.3583 -8561.18  0.273807   0.31942 0.0971262  0.309647  0.114916  0.289201 0.0973164 0.0796751  0.333103  0.085789
(1,2,((3,4),(((5,6),(7,8)),(((((((9,10),11),12),13),14),15),16)))); -6883.95  -0.212852 126.488 59.7882 25.2299 -6975.66 0.288313 0.323401 0.091978 0.296308  0.107518  0.292326  0.112583 0.0693913  0.329043 0.0891387
(1,2,((3,4),(((5,6),(7,8)),(((((((9,10),11),12),13),14),15),16)))); -6922.7  -0.212852 127.564 59.6617 28.5357 -7018.93 0.283662 0.311891 0.100081 0.304367  0.111935  0.272566  0.100649 0.0773426  0.338659 0.0988485
(1,2,((3,4),(((5,6),(7,8)),(((((((9,10),11),12),13),14),15),16)))); -6920.67  -0.212852 126.878 59.8113 23.7209 -7011.24  0.275025  0.314979 0.0971699  0.312825  0.109876  0.257857  0.126631 0.0716793  0.338791  0.095166
(1,2,((3,4),(((5,6),(7,8)),(((((((9,10),11),12),13),14),15),16)))); -6928.94  -0.212852 127.3 59.9438 25.5986 -7021.68 0.274144 0.312291 0.101125 0.312439  0.110161  0.311716 0.0837288 0.0952948   0.30241 0.0966887
(1,2,((3,4),(((5,6),(7,8)),(((((((9,10),11),12),13),14),15),16)))); -7519.43  -0.212852 114.642 53.5576 25.9658 -7606.26  0.296694  0.320109 0.0945459  0.288651  0.114747   0.27764 0.0911691 0.0856952  0.345888 0.0848603
(1,2,((3,4),(((5,6),(7,8)),(((((((9,10),11),12),13),14),15),16)))); -6942.37  -0.212852 122.271 58.9518 24.6967 -7030.17 0.292755 0.311232 0.106872  0.28914  0.114836   0.31049 0.0918948 0.0821715   0.31686 0.0837475
(1,(2,(3,4)),(((5,6),(7,8)),(((((((9,10),11),12),13),14),15),16))); -6884.11  -2.06855 133.932 60.0148 25.1237 -6981.08   0.28871   0.32025 0.0889937  0.302046 0.0909845  0.293194 0.0969432 0.0891482  0.347801  0.081929
(1,2,((3,4),(((5,6),(7,8)),(((((((9,10),11),12),13),14),15),16)))); -6920.61  -0.212852 129.951 59.8437 21.0394 -7011.55 0.277641 0.310382 0.102035 0.309942  0.117341  0.285483 0.0983494  0.052656   0.34486  0.101311
(1,(2,(3,4)),(((5,6),(7,8)),(((((((9,10),11),12),13),14),15),16))); -6932.8  -2.06855 115.402 59.6615 26.3469 -7012.82  0.286405  0.310785 0.0952217  0.307588  0.105749  0.305085   0.10132 0.0808449  0.325501 0.0815004
(1,2,((3,4),(((5,6),(7,8)),(((((((9,10),11),12),13),14),15),16)))); -7350.59  -0.212852 121.288 55.3985 28.0774 -7444.34 0.286727  0.30738 0.104468 0.301425 0.0972136  0.283122   0.10088 0.0848364  0.322666  0.111282
(1,2,((3,4),(((5,6),(7,8)),(((((((9,10),11),12),13),14),15),16)))); -6904.02  -0.212852 126.574 59.7385 23.2371 -6993.88  0.283564  0.335033 0.0976485  0.283754 0.0956434   0.26212  0.122294  0.100222  0.316081   0.10364
(1,2,((3,4),(((5,6),(7,8)),(((((((9,10),11),12),13),14),15),16)))); -6880.21  -0.212852 134.087 60.0219 28.3441 -6982.41 0.273817 0.320466 0.103136 0.302581  0.108043  0.284692 0.0910792 0.0778856  0.339647 0.0986533
(1,(2,(3,4)),(((5,6),(7,8)),(((((((9,10),11),12),13),14),15),16))); -7186.05  -2.06855 125.049 57.8291 19.19 -7270.39 0.253344 0.324213  0.10617 0.316273 0.0916898  0.281739 0.0842034  0.122018  0.317537  0.102812
(1,2,((3,4),(((5,6),(7,8)),(((((((9,10),11),12),13),14),15),16)))); -6906.49  -0.212852 121.325 59.1013 26.296 -6994.79 0.282836 0.297163 0.106948 0.313053  0.103251   0.28383   0.09864 0.0750298  0.340213 0.0990352
(1,2,((3,4),(((5,6),(7,8)),(((((((9,10),11),12),13),14),15),16)))); -6883.03  -0.212852 129.159 59.919 26.3183 -6978.37  0.26405 0.315354 0.100331 0.320265  0.106092  0.277565  0.108705 0.0794406  0.330753 0.0974448
(1,2,((3,4),(((5,6),(7,8)),(((((((9,10),11),12),13),14),15),16)))); -6885.23  -0.212852 130.932 60.1327 26.1192 -6981.93  0.290402  0.313046 0.0873287  0.309223  0.116324  0.265501  0.101497 0.0966383  0.325118 0.0949216
(1,(2,(3,4)),(((5,6),(7,8)),(((((((9,10),11),12),13),14),15),16))); -6890.3  -2.06855 131.308 60.2689 27.3681 -6986.64  0.284794  0.309919 0.0984854  0.306801  0.104568  0.283304 0.0984071 0.0763192  0.317889  0.119513
(1,2,((3,4),(((5,6),(7,8)),(((((((9,10),11),12),13),14),15),16)))); -6894.1  -0.212852 133.261 59.9431 28.1625 -6995.37 0.271863 0.318863 0.103929 0.305345  0.114547  0.268411 0.0917153 0.0895883  0.337311 0.0984271
(1,2,((3,4),(((5,6),(7,8)),(((((((9,10),11),12),13),14),15),16)))); -7189.31  -0.212852 123.043 57.2664 27.8025 -7282.68 0.277356 0.311727 0.107129 0.303788  0.097388  0.280076 0.0901241 0.0917439  0.328689   0.11198
(1,2,((3,4),(((5,6),(7,8)),(((((((9,10),11),12),13),14),15),16)))); -6899.97  -0.212852 132.601 60.1146 22.3302 -6994.57  0.308581  0.301329 0.0978893  0.292201 0.0971185  0.271405 0.0917547  0.115137  0.331603 0.0929827
(1,2,((3,4),(((5,(7,8)),6),(((((((9,10),11),12),13),14),15),16)))); -6898.09  -4.35434 132.668 60.0324 22.1094 -6988.48  0.288753  0.334401 0.0969284  0.279917 0.125795 0.258479 0.100807  0.10375 0.301178 0.109991
(1,2,((3,4),(((5,6),(7,8)),(((((((9,10),11),12),13),14),15),16)))); -6899.26  -0.212852 132.098 59.7791 23.9726 -6995.34  0.284696  0.299189 0.0974533  0.318662 0.0947481  0.299022 0.0787992  0.102344  0.333054 0.0920327
(1,2,((3,4),(((5,6),(7,8)),(((((((9,10),11),12),13),14),15),16)))); -6905.71  -0.212852 133.083 59.9345 25.8798 -7004.53 0.273332 0.306755 0.105319 0.314594  0.08662 0.271915 0.104893 0.088912 0.346164 0.101497
(1,2,((3,4),(((5,6),(7,8)),(((((((9,10),11),12),13),14),15),16)))); -6885.9  -0.212852 129.473 59.702 25.4334 -6980.89   0.27714  0.333853 0.0989193  0.290089  0.107886    0.2668 0.0848542  0.107911  0.327372  0.105178
(1,2,((3,4),(((5,6),(7,8)),(((((((9,10),11),12),13),14),15),16)))); -6895.34  -0.212852 135.822 60.1898 27.4132 -6998.17  0.282499  0.327551 0.0951855  0.294765 0.0976352  0.301818  0.101358  0.082591  0.324698 0.0918985
(1,2,((3,4),(((5,6),(7,8)),(((((((9,10),11),12),13),14),15),16)))); -6885.78  -0.212852 127.783 60.3078 27.6493 -6980.69  0.26742 0.325183 0.104019 0.303378   0.10296  0.270207 0.0942965 0.0829128   0.34496  0.104665
(1,2,((3,4),(((5,6),(7,8)),(((((((9,10),11),12),13),14),15),16)))); -6935.21  -0.212852 121.894 59.5853 24.4283 -7021.73 0.284459 0.326762 0.100846 0.287934  0.095233  0.261482 0.0850582  0.105599  0.332644  0.119983
(1,(2,(3,4)),(((5,(7,8)),6),(((((((9,10),11),12),13),14),15),16))); -6927.63  -6.21004 117.972 59.6483 25.4114 -7005.15 0.285802 0.315397 0.094475 0.304326   0.12127  0.269026 0.0871134 0.0897758  0.308014  0.124801
(1,2,((3,4),(((5,6),(7,8)),(((((((9,10),11),12),13),14),15),16)))); -6891.86  -0.212852 133.724 59.9719 26.027 -6991.43  0.300749  0.315531 0.0906498   0.29307  0.116131  0.287317 0.0871656 0.0795178   0.32656  0.103308
(1,2,((3,4),(((5,6),(7,8)),(((((((9,10),11),12),13),14),15),16)))); -6905.91  -0.212852 120.103 59.2913 24.8123 -6991.32  0.274924  0.331364 0.0974546  0.296257  0.132017  0.261291 0.0867703 0.0863026  0.320812  0.112808
(1,2,((3,4),(((5,6),(7,8)),(((((((9,10),11),12),13),14),15),16)))); -6905.34  -0.212852 118.951 59.378 27.5529 -6992.25 0.270775  0.31463 0.102863 0.311731   0.09331  0.287227 0.0982447 0.0929963  0.320357  0.107865
(1,2,((3,4),(((5,6),(7,8)),(((((((9,10),11),12),13),14),15),16)))); -6899.06  -0.212852 122.041 59.4924 25.2075 -6986.6  0.283481  0.327662 0.0993073   0.28955 0.0942499  0.280143  0.116557  0.102266  0.315357 0.0914278
(1,2,((3,4),(((5,6),(7,8)),(((((((9,10),11),12),13),14),15),16)))); -6883.3  -0.212852 132.605 59.9617 27.1759 -6982.91 0.285983 0.305581 0.103078 0.305358 0.0966445  0.273468 0.0927378 0.0935139  0.324766   0.11887
(1,2,((3,4),(((5,6),(7,8)),(((((((9,10),11),12),13),14),15),16)))); -6890.99  -0.212852 128.314 59.7801 27.6298 -6986.94 0.288022 0.319567 0.098992 0.293418  0.115114  0.280006   0.10843 0.0910497   0.31034 0.0950604
(1,2,((3,4),(((5,6),(7,8)),(((((((9,10),11),12),13),14),15),16)))); -6886.96  -0.212852 131.188 59.8887 25.486 -6983.53 0.270311 0.305745 0.112175 0.311769  0.109958  0.262093 0.0932538  0.081823  0.344302  0.108571
(1,2,((3,4),(((5,6),(7,8)),(((((((9,10),11),12),13),14),15),16)))); -6883.29  -0.212852 132.555 59.7902 25.0872 -6980.93  0.281934  0.310214 0.0954226   0.31243 0.108912 0.265351 0.083982 0.114765 0.326888 0.100102
(1,2,((3,4),(((5,6),(7,8)),(((((((9,10),11),12),13),14),15),16)))); -6953.74  -0.212852 134.523 59.5333 24.7041 -7053.22 0.278183 0.328944 0.086363  0.30651  0.105984  0.272341 0.0825866 0.0923719  0.326206  0.120509
(1,2,((3,4),(((5,6),(7,8)),(((((((9,10),11),12),13),14),15),16)))); -6920.5  -0.212852 115.498 59.1591 24.5966 -7001.23 0.285627 0.307811  0.11445 0.292112  0.111516  0.260045 0.0902521 0.0793627  0.357107  0.101717
(1,2,((3,4),(((5,6),(7,8)),(((((((9,10),11),12),13),14),15),16)))); -6911.03  -0.212852 130.697 59.8648 24.2936 -7005.94  0.307803  0.309989 0.0938277  0.288381 0.0950872  0.295004 0.0882589 0.0766757  0.343631  0.101342
(1,2,((3,4),(((5,6),(7,8)),(((((((9,10),11),12),13),14),15),16)))); -6907.75  -0.212852 125.254 59.9218 27.8058 -7000.68  0.276484  0.313494 0.0990349  0.310988  0.101205  0.275262  0.107454 0.0769117   0.34254 0.0966276
(1,2,((3,4),(((5,6),(7,8)),(((((((9,10),11),12),13),14),15),16)))); -6891.87  -0.212852 132.335 59.7861 25.1733 -6989.38 0.284881 0.330091 0.099279  0.28575   0.12519  0.270437 0.0980401 0.0931068  0.302321  0.110905
(1,2,((3,4),(((5,6),(7,8)),(((((((9,10),11),12),13),14),15),16)))); -6883.95  -0.212852 131.923 60.0828 25.5023 -6981.08 0.277873 0.313645 0.111428 0.297055  0.123363  0.287698 0.0960932 0.0784162  0.305534  0.108896
(1,2,((3,4),(((5,6),(7,8)),(((((((9,10),11),12),13),14),15),16)))); -6898.16  -0.212852 117.233 59.985 23.933 -6979.13 0.260393 0.322405 0.103751 0.313451  0.121229  0.283105 0.0984929 0.0961527  0.292505  0.108516
(1,2,((3,4),(((5,6),(7,8)),(((((((9,10),11),12),13),14),15),16)))); -6922.25  -0.212852 123.451 59.7864 15.3275 -7001.03  0.28581 0.316284 0.122067 0.275839 0.0855708  0.245547  0.111789  0.110057  0.332889  0.114147
(1,2,((3,4),(((5,6),(7,8)),(((((((9,10),11),12),13),14),15),16)))); -6893.57  -0.212852 129.528 60.4677 23.3383 -6985.76  0.288532  0.315586 0.0838972  0.311985  0.105174  0.262294 0.0944834  0.108587  0.340722 0.0887391
(1,(2,(3,4)),(((5,6),(7,8)),(((((((9,10),11),12),13),14),15),16))); -6895.31  -2.06855 124.925 59.851 24.3531 -6982.67  0.271344  0.319828 0.0972292  0.311598 0.0945233  0.298368 0.0745238  0.104728   0.32421  0.103647
(1,2,((3,4),(((5,6),(7,8)),(((((((9,10),11),12),13),14),15),16)))); -6990.61  -0.212852 116.649 58.7878 25.3648 -7073.62 0.280142 0.331366 0.101403 0.287089  0.104961  0.297698 0.0767375 0.0829917   0.34228 0.0953309
(1,(2,(3,4)),(((5,6),(7,8)),(((((((9,10),11),12),13),14),15),16))); -7056.21  -2.06855 132.578 58.5116 26.2272 -7154.43 0.280856 0.306584   0.1086  0.30396  0.108568  0.252317 0.0975812  0.094806  0.351061 0.0956664
(1,2,((3,4),(((5,6),(7,8)),(((((((9,10),11),12),13),14),15),16)))); -6897.8  -0.212852 123.634 60.2309 26.3611 -6987.35 0.284771 0.301368 0.104498 0.309363 0.0958978   0.28234 0.0974046 0.0884796  0.315273  0.120605
(1,2,((3,4),(((5,6),(7,8)),(((((((9,10),11),12),13),14),15),16)))); -6887.47  -0.212852 125.971 59.9878 25.8247 -6979.06  0.27815 0.321879 0.103899 0.296072 0.112343 0.282539 0.102039 0.100932 0.291083 0.111064
(1,(2,(3,4)),(((5,(7,8)),6),(((((((9,10),11),12),13),14),15),16))); -6904.41  -6.21004 131.445 59.9507 25.0121 -6994.71   0.28849  0.305857 0.0933723  0.312281  0.121639   0.29726  0.100278 0.0930788   0.29226 0.0954839
(1,2,((3,4),((5,(6,(7,8))),(((((((9,10),11),12),13),14),15),16)))); -6915.69  -4.56351 123.448 60.0231 24.8383 -6999.39 0.279233 0.323183 0.101934  0.29565  0.117847  0.250099  0.114861 0.0983525  0.331386 0.0874537
(1,2,((3,4),(((5,6),(7,8)),(((((((9,10),11),12),13),14),15),16)))); -6885.8  -0.212852 130.065 60.0064 28.0324 -6983.68  0.292389  0.318815 0.0992684  0.289527  0.100591   0.28095  0.102185 0.0813136  0.337777 0.0971826
(1,(2,(3,4)),(((5,6),(7,8)),(((((((9,10),11),12),13),14),15),16))); -6970.3  -2.06855 126.982 59.3666 23.6918 -7059.54   0.28896   0.29346 0.0946081  0.322972 0.0942411   0.28721   0.10608 0.0778302  0.345251 0.0893886
(1,2,((3,4),(((5,6),(7,8)),(((((((9,10),11),12),13),14),15),16)))); -7062.88  -0.212852 121.3 59.0352 27.553 -7152.48  0.292714  0.319141 0.0968388  0.291306  0.110987   0.27245 0.0961252  0.100023  0.326453 0.0939618
(1,2,((3,4),(((5,6),(7,8)),(((((((9,10),11),12),13),14),15),16)))); -7010.66  -0.212852 126.98 59.3419 27.1053 -7105.19 0.277246 0.327435 0.091744 0.303575   0.11934  0.286955 0.0913276 0.0774283   0.32169  0.103259
(1,2,((3,4),(((5,6),(7,8)),(((((((9,10),11),12),13),14),15),16)))); -7155.71  -0.212852 113.463 57.5482 26.8637 -7238.28  0.270848  0.328031 0.0987634  0.302358  0.107805  0.276636  0.113255 0.0747363  0.327145  0.100422
(1,2,((3,4),(((5,6),(7,8)),(((((((9,10),11),12),13),14),15),16)))); -6891.68  -0.212852 127.246 59.7735 24.168 -6983.11 0.293376 0.320165  0.10109 0.285369 0.0835317  0.279286 0.0856791  0.094097  0.359845 0.0975617
(1,2,((3,4),(((5,6),(7,8)),(((((((9,10),11),12),13),14),15),16)))); -6930.02  -0.212852 127.961 59.5771 23.2254 -7021.42   0.28184  0.299962 0.0937817  0.324416   0.11738  0.255127 0.0992936  0.104082  0.311207   0.11291
(1,2,((3,4),(((5,6),(7,8)),(((((((9,10),11),12),13),14),15),16)))); -6887.21  -0.212852 127.235 59.8991 25.8077 -6980.14  0.290619   0.32036 0.0917141  0.297307 0.0981172  0.288736 0.0760535 0.0939431  0.333721  0.109429
(1,2,((3,4),(((5,6),(7,8)),(((((((9,10),11),12),13),14),15),16)))); -6895.97  -0.212852 121.993 59.7601 23.8169 -6981.81 0.269084   0.3307 0.102412 0.297804 0.0914255  0.279557 0.0832542  0.101789  0.358239 0.0857349
(1,2,((3,4),(((5,6),(7,8)),(((((((9,10),11),12),13),14),15),16)))); -6930.13  -0.212852 122.489 59.103 28.442 -7021.75 0.281874 0.319779 0.103803 0.294545  0.104857   0.26477 0.0971899 0.0887518  0.344582 0.0998505
(1,2,((3,4),(((5,6),(7,8)),(((((((9,10),11),12),13),14),15),16)))); -6879.58  -0.212852 131.528 60.0029 24.1916 -6975.08  0.275429  0.318298 0.0999714  0.306302  0.135715  0.252811 0.0976054 0.0842584  0.343558 0.0860523
(1,2,((3,4),(((5,6),(7,8)),((((((9,10),11),12),(13,14)),15),16)))); -7410.44  -4.17839 126.281 57.146 26.5487 -7501.94 0.277028 0.320586 0.100476  0.30191  0.117763  0.281719  0.083664 0.0890759  0.308897  0.118881
(1,2,((3,4),(((5,6),(7,8)),(((((((9,10),11),12),13),14),15),16)))); -6885.14  -0.212852 128.949 59.7188 23.4441 -6977.6   0.29569  0.298281 0.0942638  0.311766  0.123039  0.269201  0.118455 0.0887633  0.304649 0.0958926
(1,2,((3,4),(((5,6),(7,8)),(((((((9,10),11),12),13),14),15),16)))); -6889.71  -0.212852 130.185 60.0929 26.7602 -6986.34  0.28887 0.305917 0.100747 0.304466  0.102185  0.312119 0.0873686 0.0898623  0.314786 0.0936789
(1,2,((3,4),(((5,6),(7,8)),(((((((9,10),11),12),13),14),15),16)))); -6893.01  -0.212852 125.741 60.0308 25.6351 -6984.15 0.297184 0.311447 0.101834 0.289536  0.102359   0.30216  0.109827 0.0847953  0.300481  0.100377
(1,2,((3,4),(((5,6),(7,8)),(((((((9,10),11),12),13),14),15),16)))); -6907.32  -0.212852 126.139 59.5906 27.8645 -7001.52 0.287031 0.318991 0.094716 0.299262  0.121423  0.278835 0.0961275 0.0794019  0.319274  0.104939
(1,(2,(3,4)),(((5,6),(7,8)),(((((((9,10),11),12),13),14),15),16))); -6933.29  -2.06855 124.306 59.4017 27.2451 -7023.37  0.281129  0.322431 0.0971933  0.299246  0.120104  0.256425 0.0995091 0.0860569  0.344781 0.0931239
(1,2,((3,4),(((5,6),(7,8)),(((((((9,10),11),12),13),14),15),16)))); -6897.99  -0.212852 130.263 60.0301 25.5669 -6993.57 0.276774 0.331763  0.10188 0.289584  0.117219  0.287117 0.0828188  0.100851  0.319709 0.0922857
(1,2,((3,4),(((5,6),(7,8)),(((((((9,10),11),12),13),14),15),16)))); -6911.27  -0.212852 131.701 59.8187 22.798 -7005.73   0.27537  0.304361 0.0972882  0.322981  0.112843  0.287882 0.0917698 0.0888432  0.290545  0.128118
(1,2,((3,4),(((5,6),(7,8)),(((((((9,10),11),12),13),14),15),16)))); -7081.84  -0.212852 119.431 58.665 21.4876 -7163.88 0.259159 0.307338 0.107759 0.325744  0.127661  0.272666 0.0860045 0.0799491  0.344357 0.0893617
(1,2,((3,4),(((5,6),(7,8)),((((((9,10),11),12),(13,14)),15),16)))); -7014.91  -4.17839 126.002 59.6967 23.5019 -7100.54 0.290228 0.324372 0.101974 0.283426  0.113412  0.289501   0.10722 0.0671133  0.339044 0.0837084
(1,(2,(((5,6),(7,8)),(((((((9,10),11),12),13),14),15),16))),(3,4)); -6942.81  -4.79758 130.873 59.4757 25.7668 -7035.18 0.280161 0.312465  0.11117 0.296203  0.106152  0.270653  0.112308  0.100078  0.319569 0.0912403
(1,2,((3,4),(((5,6),(7,8)),(((((((9,10),11),12),13),14),15),16)))); -6918.53  -0.212852 138.303 59.6958 27.1534 -7024.08  0.290157  0.320529 0.0960692  0.293244   0.11313  0.286012 0.0788847 0.0863536  0.334376  0.101244
(1,2,((3,4),(((5,6),(7,8)),(((((((9,10),11),12),13),14),15),16)))); -6900.14  -0.212852 126.053 59.8769 24.5523 -6990.66 0.261241 0.334769 0.100798 0.303193  0.100424  0.283557  0.105584 0.0735885  0.347531 0.0893158
(1,2,((3,4),(((5,6),(7,8)),(((((((9,10),11),12),13),14),15),16)))); -6897.94  -0.212852 113.877 60.0574 26.137 -6977.69   0.28065  0.335986 0.0934917  0.289872 0.0955696  0.270654  0.098102 0.0812746  0.353145  0.101255
(1,2,((3,4),(((5,6),(7,8)),(((((((9,10),11),12),13),14),15),16)))); -6944.27  -0.212852 128.7 59.9039 25.0337 -7037.89  0.282488  0.307957 0.0913632  0.318191  0.115397  0.254104 0.0967859  0.105682  0.323907  0.104125
(1,(2,(3,4)),(((5,6),(7,8)),(((((((9,10),11),12),13),14),15),16))); -6955.45  -2.06855 113.77 59.6451 27.3475 -7034.85  0.276533  0.330605 0.0981316  0.294731  0.104141  0.273164 0.0857524 0.0920477  0.331136  0.113758
(1,2,((3,4),(((5,6),(7,8)),(((((((9,10),11),12),13),14),15),16)))); -7025.27  -0.212852 125.284 58.4185 25.8528 -7117.78 0.288893 0.306261  0.10118 0.303666  0.118668  0.262678  0.110427 0.0916293  0.332814 0.0837846
(1,2,((3,4),(((5,6),(7,8)),(((((((9,10),11),12),13),14),15),16)))); -6901.16  -0.212852 120.743 59.9024 26.9332 -6988.72 0.279601 0.321099 0.103381  0.29592  0.109877  0.251947 0.0979053 0.0988629  0.329832  0.111576
(1,2,((3,4),(((5,6),(7,8)),(((((((9,10),11),12),13),14),15),16)))); -6919.52  -0.212852 127.262 59.5511 27.2336 -7014.25  0.28067 0.323822 0.104873 0.290635  0.103944  0.268773  0.112769 0.0910525  0.328177 0.0952846
(1,2,((3,4),(((5,6),(7,8)),(((((((9,10),11),12),13),14),15),16)))); -6882.84  -0.212852 130.692 59.9674 25.7691 -6979.12  0.30329 0.304108 0.105272 0.287329  0.100688  0.283437 0.0979464  0.092497  0.319092  0.106339
(1,2,((3,4),(((5,6),(7,8)),(((((((9,10),11),12),13),14),15),16)))); -6905.87  -0.212852 129.558 60.0028 24.9546 -7000.17   0.29006  0.330479 0.0906328  0.288828 0.0899025  0.282267   0.10168 0.0753731  0.350806 0.0999714
(1,2,((3,4),(((5,6),(7,8)),(((((((9,10),11),12),13),14),15),16)))); -6896.72  -0.212852 123.99 59.4151 24.8192 -6985.9 0.288916 0.324234 0.101255 0.285596  0.116494  0.282175 0.0904386 0.0798454  0.306259  0.124788
(1,2,((3,4),(((5,6),(7,8)),(((((((9,10),11),12),13),14),15),16)))); -6900.03  -0.212852 130.956 59.8842 19.6065 -6990.49 0.260891 0.338283 0.102846 0.297981 0.0811868  0.248252 0.0941723 0.0940448  0.372977  0.109366
(1,2,((3,4),(((5,6),(7,8)),(((((((9,10),11),12),13),14),15),16)))); -6938.75  -0.212852 140.618 59.5012 26.4713 -7046.12  0.297791  0.315566 0.0976397  0.289004 0.0932664   0.26931 0.0921881 0.0963805  0.340702  0.108153
(1,2,((3,4),(((5,6),(7,8)),(((((((9,10),11),12),13),14),15),16)))); -6892.17  -0.212852 131.641 59.8936 24.9883 -6988.69  0.302543  0.309801 0.0953705  0.292286   0.11097  0.264864 0.0964917  0.108651  0.316479  0.102544
(1,2,((3,4),(((5,6),(7,8)),(((((((9,10),11),12),13),14),15),16)))); -6886.24  -0.212852 132.679 60.0237 27.4364 -6986.12  0.287396  0.325538 0.0997805  0.287286 0.0977147  0.283332  0.101295 0.0846308  0.320301  0.112726
(1,(2,(3,4)),(((5,6),(7,8)),((((((9,10),11),12),(13,14)),15),16))); -7108.26  -6.03408 122.176 58.5842 23.551 -7189.37 0.257055 0.316931 0.109615 0.316399  0.104649   0.29657 0.0993994 0.0950999  0.299047  0.105236
(1,2,((3,4),(((5,6),(7,8)),((((((9,10),11),12),13),(14,15)),16)))); -6968.89  -6.44075 129.966 59.6328 28.2868 -7061.07  0.279795  0.325951 0.0998001  0.294453  0.106344  0.277334  0.101111 0.0977281  0.316474  0.101009
(1,2,((3,4),(((5,6),(7,8)),(((((((9,10),11),12),13),14),15),16)))); -6942.14  -0.212852 127.971 59.604 23.3187 -7033.62 0.276079  0.29886 0.111888 0.313172  0.106897  0.261513  0.117226 0.0745362  0.330355  0.109472
(1,2,((3,4),(((5,6),(7,8)),(((((((9,10),11),12),13),14),15),16)))); -6887.19  -0.212852 128.086 60.2102 26.2287 -6981.08 0.275359 0.318732 0.100527 0.305382  0.102994  0.301158  0.102472 0.0851675  0.292935  0.115274
(1,2,((3,4),(((5,6),(7,8)),(((((((9,10),11),12),13),14),15),16)))); -6912.89  -0.212852 123.118 59.8435 22.4903 -6998.44   0.28739  0.295425 0.0988166  0.318368 0.0907361  0.293762 0.0862143  0.106023  0.305706  0.117559
(1,(2,(3,4)),(((5,6),(7,8)),(((((((9,10),11),12),13),14),15),16))); -6982.9  -2.06855 124.008 59.3144 22.9026 -7068.43 0.278003 0.338776 0.101061  0.28216 0.0995727   0.27681 0.0738086 0.0983271  0.349711   0.10177
(1,2,((3,4),(((5,6),(7,8)),(((((((9,10),11),12),13),14),15),16)))); -6894.27  -0.212852 128.368 59.7058 24.584 -6987.31 0.289458  0.32142 0.103803 0.285319  0.103426  0.265351 0.0928106  0.110282  0.341634 0.0864967
(1,2,((3,4),(((5,6),(7,8)),(((((((9,10),11),12),13),14),15),16)))); -6886.8  -0.212852 125.618 59.9851 24.7106 -6976.93 0.281757 0.306013 0.101368 0.310862  0.114026  0.265766  0.119571 0.0848597  0.300281  0.115495
(1,2,((3,4),(((5,6),(7,8)),(((((((9,10),11),12),13),14),15),16)))); -6917.02  -0.212852 134.823 59.5793 24.0805 -7016.13  0.281771  0.326262 0.0997905  0.292177 0.0772106  0.305519 0.0908145 0.0961902  0.328927  0.101338
(1,2,((3,4),(((5,6),(7,8)),(((((((9,10),11),12),13),14),15),16)))); -6916.59  -0.212852 127.844 59.7205 25.634 -7010.14    0.297 0.323453 0.101215 0.278332  0.106325  0.276796  0.100963  0.097536  0.325567 0.0928129
(1,2,((3,4),(((5,6),(7,8)),((((((9,10),11),12),(13,14)),15),16)))); -6967.44  -4.17839 114.954 59.5354 21.939 -7040.62  0.277065  0.324392 0.0983988  0.300144  0.104035  0.247263 0.0941132 0.0682175   0.38925 0.0971213
(1,2,((3,4),(((5,6),(7,8)),(((((((9,10),11),12),13),14),15),16)))); -6896.3  -0.212852 126.403 60.3944 28.7185 -6990.81 0.281771 0.312054 0.103506 0.302669  0.112294  0.280788 0.0925802  0.090997  0.330337 0.0930043
(1,2,((3,4),(((5,6),(7,8)),(((((((9,10),11),12),13),14),15),16)))); -6977.49  -0.212852 130.888 59.6482 23.5135 -7072.03 0.270327 0.301477 0.102535 0.325661  0.122966  0.268698  0.082151 0.0874661  0.346985 0.0917335
(1,(2,(3,4)),(((5,6),(7,8)),(((((((9,10),11),12),13),14),15),16))); -7049.78  -2.06855 114.93 58.5408 24.0866 -7128.19  0.277733  0.316714 0.0887751  0.316778 0.0975513  0.277528 0.0878601 0.0920193  0.315639  0.129403
(1,2,((3,4),(((5,6),(7,8)),(((((((9,10),11),12),13),14),15),16)))); -6886.39  -0.212852 131.666 59.8041 23.1915 -6981.23 0.261055  0.31582 0.107608 0.315517 0.0892252  0.273751 0.0841983 0.0965289  0.336782  0.119515
(1,2,((3,4),(((5,6),(7,8)),(((((((9,10),11),12),13),14),15),16)))); -6896.91  -0.212852 130.049 60.1095 27.1472 -6993.79  0.285983  0.310499 0.0891295  0.314389   0.10529  0.294502 0.0913287 0.0841923  0.320197   0.10449
(1,2,((3,4),(((5,6),(7,8)),(((((((9,10),11),12),13),14),15),16)))); -6954.55  -0.212852 124.441 59.0874 27.7767 -7047.46 0.281087 0.319146 0.102815 0.296952 0.0983183  0.280188 0.0872613 0.0819384  0.355279 0.0970149
(1,2,((3,4),(((5,(7,8)),6),(((((((9,10),11),12),13),14),15),16)))); -6949.25  -4.35434 121.738 59.3638 25.5144 -7032.79  0.290905  0.325148 0.0857625  0.298185  0.100072  0.292345  0.106469 0.0938076   0.31408 0.0932253
(1,2,((3,4),(((5,6),(7,8)),(((((((9,10),11),12),13),14),15),16)))); -6887.33  -0.212852 131.512 60.0056 26.4865 -6985.11  0.280748  0.325016 0.0985894  0.295647  0.114659  0.274488 0.0780314  0.096385  0.342735 0.0937024
(1,2,((3,4),(((5,6),(7,8)),(((((((9,10),11),12),13),14),15),16)))); -6920.72  -0.212852 122.888 60.0769 25.5583 -7008.88  0.282577  0.330721 0.0983429   0.28836  0.099489  0.285512  0.116185 0.0794178  0.332618 0.0867779
(1,2,((3,4),(((5,6),(7,8)),(((((((9,10),11),12),13),14),15),16)))); -6901.77  -0.212852 130.148 59.9119 25.4516 -6997.25  0.285916  0.316568 0.0975255  0.299991  0.130082  0.267964 0.0884571 0.0961802  0.333309 0.0840076
(1,2,((3,4),(((5,6),(7,8)),(((((((9,10),11),12),13),14),15),16)))); -6963.17  -0.212852 123.568 59.1166 25.8769 -7053.28   0.2693 0.315799 0.104434 0.310467   0.10169  0.254207 0.0893841 0.0980947  0.342449  0.114176
(1,2,((3,4),(((5,6),(7,8)),(((((((9,10),11),12),13),14),15),16)))); -6886.14  -0.212852 130.505 59.8193 26.4365 -6983.05  0.283945  0.303717 0.0998076  0.312531 0.0985171  0.292401 0.0914572 0.0886459  0.309239   0.11974
(1,2,((3,4),(((5,6),(7,8)),(((((((9,10),11),12),13),14),15),16)))); -6923.21  -0.212852 124.323 59.6416 25.918 -7013.6  0.269072  0.325733 0.0946302  0.310564  0.107203  0.295219  0.102228  0.082372  0.331875 0.0811037
(1,2,((3,4),(((5,6),(7,8)),(((((((9,10),11),12),13),14),15),16)))); -7114.36  -0.212852 119.129 57.9785 25.3864 -7200.68 0.290943 0.305175  0.10569 0.298192  0.126381  0.258667  0.106289 0.0840239  0.333766 0.0908734
(1,2,((3,4),(((5,6),(7,8)),(((((((9,10),11),12),13),14),15),16)))); -6917.45  -0.212852 127.405 59.7351 22.4067 -7007.32  0.293531  0.332764 0.0956832  0.278022  0.119539  0.307834 0.0963758 0.0811737  0.312193 0.0828846
(1,2,((3,4),(((5,6),(7,8)),(((((((9,10),11),12),13),14),15),16)))); -6906.88  -0.212852 124.194 60.2072 28.551 -6999.21  0.291275  0.310952 0.0978815  0.299892  0.109473  0.273065  0.093212 0.0913218  0.323913  0.109015
(1,(2,(3,4)),(((5,6),(7,8)),(((((((9,10),11),12),13),14),15),16))); -7012.45  -2.06855 123.493 59.2038 25.6653 -7100.34  0.272799   0.32852 0.0906383  0.308042  0.126373  0.258597 0.0973771  0.091263  0.327466 0.0989234
(1,2,((3,4),(((5,6),(7,8)),(((((((9,10),11),12),13),14),15),16)))); -6949.14  -0.212852 132.044 59.2171 27.7093 -7049.46  0.292936  0.308863 0.0923224  0.305879  0.112585  0.277601 0.0938794 0.0897622  0.317593   0.10858
(1,2,((3,4),(((5,6),(7,8)),(((((((9,10),11),12),13),14),15),16)))); -6883.12  -0.212852 131.836 60.327 25.0009 -6979.42  0.294414  0.323264 0.0972509  0.285072  0.102599  0.276003  0.122642 0.0865187  0.311098  0.101139
(1,2,((3,4),(((5,6),(7,8)),(((((((9,10),11),12),13),14),15),16)))); -6893.14  -0.212852 131.863 59.9633 24.3936 -6989.22 0.284112  0.30086 0.100832 0.314197  0.104273  0.303157  0.104358 0.0991045  0.308189 0.0809185
(1,2,((3,4),(((5,6),(7,8)),(((((((9,10),11),12),13),14),15),16)))); -6883.85  -0.212852 128.032 59.8256 26.49 -6978.33 0.289063 0.310321 0.107538 0.293079  0.095161  0.289132 0.0897979 0.0889548  0.319641  0.117314
(1,2,((3,4),(((5,(7,8)),6),(((((((9,10),11),12),13),14),15),16)))); -7033.1  -4.35434 115.184 59.6281 24.8594 -7109.16   0.29761  0.308187 0.0983773  0.295826  0.126827  0.264533 0.0929394 0.0999172  0.329346 0.0864374
(1,2,((3,4),(((5,6),(7,8)),(((((((9,10),11),12),13),14),15),16)))); -6880.15  -0.212852 131.681 60.1146 27.9402 -6979.44 0.288323 0.312757 0.102017 0.296903  0.117215  0.293372 0.0930059 0.0853449  0.309935  0.101128
(1,2,((3,4),(((5,6),(7,8)),(((((((9,10),11),12),13),14),15),16)))); -7082.63  -0.212852 122.618 58.1024 26.6573 -7173.59  0.265025  0.320036 0.0999396  0.314999  0.107847  0.273238  0.103219 0.0984969   0.32625 0.0909493
(1,2,((3,4),(((5,6),(7,8)),(((((((9,10),11),12),13),14),16),15)))); -6904.5  -5.19884 123.147 59.3657 27.3971 -6990.48 0.278237 0.322431 0.105205 0.294128  0.112782  0.261592  0.101538 0.0871147  0.344857 0.0921158
(1,(2,(3,4)),(((5,6),(7,8)),(((((((9,10),11),12),13),14),15),16))); -6893.42  -2.06855 135.18 60.2182 26.8751 -6993.19  0.287015  0.311099 0.0998763   0.30201  0.106259  0.268389 0.0789365 0.0956135  0.351384 0.0994185
(1,2,((3,4),(((5,6),(7,8)),(((((((9,10),11),12),13),14),15),16)))); -6899.12  -0.212852 124.094 59.9223 27.8141 -6990.89  0.285943  0.325481 0.0948704  0.293705  0.112223  0.285052 0.0898132 0.0947797  0.313626  0.104507
(1,2,((3,4),(((5,6),(7,8)),(((((((9,10),11),12),13),14),15),16)))); -6903.25  -0.212852 122.182 59.8673 28.107 -6993.46 0.274915  0.31568 0.100962 0.308443   0.11333  0.269633  0.106956 0.0929152  0.320501 0.0966645
(1,2,((3,4),(((5,6),(7,8)),(((((((9,10),11),12),13),14),15),16)))); -6878.14  -0.212852 134.13 59.6992 24.4095 -6976.77   0.2632 0.318593 0.113615 0.304593  0.100944    0.2901 0.0822922 0.0936811  0.321309  0.111674
(1,2,((3,4),(((5,6),(7,8)),(((((((9,10),11),12),13),14),15),16)))); -6886.4  -0.212852 127.299 59.6321 26.2181 -6980.07 0.278863 0.307547 0.106991   0.3066   0.11901  0.255827 0.0930094 0.0970464  0.323979  0.111129
(1,(2,(3,4)),(((5,6),(7,8)),(((((((9,10),11),12),13),14),15),16))); -6909.14  -2.06855 125.856 59.8513 26.9499 -7000.02  0.283997   0.32537 0.0994761  0.291157  0.116395  0.265773  0.111827 0.0921697   0.31647 0.0973652
(1,2,((3,4),(((5,6),(7,8)),(((((((9,10),11),12),13),14),15),16)))); -6915.36  -0.212852 125.995 59.657 24.9732 -7006.46 0.290092 0.300623 0.103429 0.305856  0.125341  0.293254 0.0919193 0.0738057  0.328048 0.0876325
(1,2,((3,4),(((5,6),(7,8)),(((((((9,10),11),12),13),14),15),16)))); -6921.3  -0.212852 133.524 59.8928 19.9615 -7014.68 0.256989 0.319766 0.104616 0.318628 0.122883 0.242685 0.096119 0.106997 0.313127 0.118189
(1,2,((3,4),(((5,6),(7,8)),(((((((9,10),11),12),13),14),15),16)))); -6976.75  -0.212852 123.168 59.0142 26.6478 -7067.34 0.269765 0.312802 0.109479 0.307954 0.0932936  0.291441  0.091794 0.0904186   0.32432  0.108733
(1,(2,(3,4)),(((5,6),(7,8)),(((((((9,10),11),12),13),14),15),16))); -6886.03  -2.06855 127.38 59.6962 27.1391 -6978.79 0.281388 0.313275 0.102722 0.302615 0.100771 0.273338 0.109554 0.077713 0.320887 0.117737
(1,2,((3,4),(((5,6),(7,8)),(((((((9,10),11),12),13),14),15),16)))); -6952.75  -0.212852 118.408 59.7304 25.6554 -7036.87 0.291992  0.31197 0.105278 0.290761  0.110019  0.277522 0.0935691  0.102112  0.301757  0.115021
(1,2,((3,4),(((5,6),(7,8)),(((((((9,10),11),12),13),14),15),16)))); -7051.06  -0.212852 120.971 58.6042 27.5657 -7140.78 0.284379 0.325637 0.092986 0.296998  0.114482  0.291856 0.0987884 0.0786782  0.312688  0.103507
(1,2,((3,4),(((5,6),(7,8)),(((((((9,10),11),12),13),14),15),16)))); -6901.08  -0.212852 125.791 59.7237 24.8388 -6991.78 0.294218 0.309849 0.099424 0.296509  0.101758  0.249948  0.113843 0.0782661  0.338618  0.117567
(1,2,((3,4),(((5,6),(7,8)),(((((((9,10),11),12),13),14),15),16)))); -6894.26  -0.212852 123.73 59.8005 26.7004 -6984.68 0.287494 0.309204 0.104549 0.298754  0.106249  0.295343 0.0831527 0.0766193  0.325007  0.113628
(1,2,((3,4),(((5,6),(7,8)),(((((((9,10),11),12),13),14),15),16)))); -6918.08  -0.212852 131.954 59.5517 28.2026 -7018.47 0.281335  0.31889 0.101421 0.298353 0.0985972  0.274559 0.0871188 0.0846664  0.351411  0.103648
(1,2,((3,4),(((5,6),(7,8)),(((((((9,10),11),12),13),14),15),16)))); -6896.69  -0.212852 129.693 59.9599 24.0775 -6990.29 0.267247 0.321118 0.108091 0.303544  0.106487     0.322 0.0974681  0.078699  0.307496 0.0878501
(1,2,((3,4),(((5,6),(7,8)),(((((((9,10),11),12),13),14),15),16)))); -6904.52  -0.212852 133.064 59.8154 24.7298 -7002.28  0.275352  0.317958 0.0992479  0.307442 0.0880752  0.261819 0.0880265  0.110377   0.35104  0.100662
(1,2,((3,4),(((5,6),(7,8)),(((((((9,10),11),12),13),14),15),16)))); -6893.76  -0.212852 120.33 59.8381 27.3689 -6981.4  0.287182  0.324887 0.0927989  0.295132 0.0954954  0.297182 0.0943471 0.0941097  0.325565  0.093301
(1,2,((3,4),(((5,6),(7,8)),(((((((9,10),11),12),13),14),15),16)))); -6913.56  -0.212852 122.835 60.2314 23.2097 -6999.16  0.283962  0.319584 0.0835371  0.312916 0.0975443   0.30845 0.0956186 0.0965636  0.318088 0.0837361
(1,(2,(3,4)),(((5,6),(7,8)),((((((9,10),11),12),(13,14)),15),16))); -6910.55  -6.03408 135.247 59.7577 26.4823 -7006.49  0.295276  0.305358 0.0998002  0.299566  0.115164  0.290685 0.0847749 0.0974379  0.309771  0.102168
(1,2,((3,4),(((5,6),(7,8)),(((((((9,10),11),12),13),14),15),16)))); -7039.7  -0.212852 120.538 58.1456 26.406 -7128.29  0.277464  0.312536 0.0968424  0.313158  0.094816  0.277389 0.0966183 0.0915053  0.315356  0.124315
(1,2,((3,4),(((5,6),(7,8)),(((((((9,10),11),12),13),14),15),16)))); -6920.74  -0.212852 119.813 60.0248 26.9962 -7007.31  0.29129 0.304573 0.102393 0.301745 0.0971047  0.280192   0.11358 0.0885909  0.328365 0.0921669
(1,2,((3,4),(((5,6),(7,8)),(((((((9,10),11),12),13),14),15),16)))); -6918.19  -0.212852 134.199 59.5316 27.7402 -7020.38  0.282032   0.31391 0.0979903  0.306068  0.110401  0.297124 0.0859761 0.0865945  0.332371 0.0875328
(1,2,((3,4),(((5,6),(7,8)),(((((((9,10),11),12),13),14),15),16)))); -6904.27  -0.212852 121.605 59.6016 24.9053 -6990.96  0.284499  0.309201 0.0947465  0.311553  0.134921  0.274613 0.0821915 0.0913843  0.315508  0.101382
(1,(2,(3,4)),(((5,6),(7,8)),(((((((9,10),11),12),13),14),15),16))); -6903.76  -2.06855 131.084 59.6795 21.8118 -6994.91 0.279081 0.305641 0.110332 0.304945  0.123749  0.303461 0.0778165  0.102094  0.291305  0.101574
(1,2,((3,4),(((5,6),(7,8)),(((((((9,10),11),12),13),14),15),16)))); -7472.63  -0.212852 112.345 55.4415 25.5843 -7554.9  0.280455  0.324352 0.0932216  0.301971  0.113333  0.285562 0.0907571  0.106244  0.295691  0.108414
(1,2,((3,4),(((5,6),(7,8)),(((((((9,10),11),12),13),14),15),16)))); -7104.08  -0.212852 124.4 57.89 24.536 -7194.92 0.259735 0.326171 0.108686 0.305408   0.11103  0.275838 0.0848651 0.0983595  0.317322  0.112585
(1,2,((3,4),(((5,6),(7,8)),(((((((9,10),11),12),13),14),15),16)))); -6890.32  -0.212852 124.93 59.8777 27.3328 -6982.5 0.275697 0.312702 0.104924 0.306676  0.116527  0.265909 0.0929823  0.101203  0.326049 0.0973302
(1,2,((3,4),(((5,6),(7,8)),(((((((9,10),11),12),13),14),15),16)))); -8896.47  -0.212852 110.199 25.7524 26.2632 -9006.97   0.2873 0.302516 0.102758 0.307426  0.104539   0.26714 0.0992356 0.0976192  0.347132  0.084335
(1,2,((3,4),(((5,6),(7,8)),(((((((9,10),11),12),13),14),15),16)))); -7111.73  -0.212852 123.11 57.8807 26.367 -7203.12  0.301746  0.316609 0.0933889  0.288255  0.110462  0.275958  0.100051 0.0931199  0.329335 0.0910747
(1,2,((3,4),(((5,6),(7,8)),(((((((9,10),11),12),13),14),15),16)))); -6890.62  -0.212852 127.645 59.8001 27.5723 -6985.83 0.290737 0.305147 0.100689 0.303427  0.100564  0.284487  0.109802 0.0920083  0.312006  0.101134
(1,2,((3,4),(((5,6),(7,8)),(((((((9,10),11),12),13),14),15),16)))); -6916.27  -0.212852 134.77 59.718 25.4197 -7016.53  0.278124  0.313514 0.0960669  0.312296  0.121026  0.279199 0.0759531 0.0881656  0.320236   0.11542
(1,2,((3,4),(((5,6),(7,8)),(((((((9,10),11),12),13),14),15),16)))); -6929.45  -0.212852 131.317 59.5707 23.2351 -7024.22  0.288004  0.318756 0.0950676  0.298172  0.109856  0.276093 0.0793202 0.0971939  0.361843 0.0756934
(1,2,((3,4),(((5,6),(7,8)),(((((((9,10),11),12),13),14),15),16)))); -6888.22  -0.212852 129.002 60.2362 24.7378 -6981.51  0.288122  0.299759 0.0892955  0.322824  0.114523  0.286979 0.0914842 0.0917304  0.326676 0.0886079
(1,(2,(3,4)),(((5,6),(7,8)),(((((((9,10),11),12),13),14),15),16))); -6933.09  -2.06855 126.08 59.4143 22.7181 -7020.4  0.275927  0.316357 0.0955267  0.312189 0.0826911  0.308036  0.117842 0.0768467   0.30505  0.109534
(1,(2,(3,4)),(((5,6),(7,8)),(((((((9,10),11),12),13),14),15),16))); -6969.84  -2.06855 126.667 59.288 27.5657 -7062.72 0.278013 0.321467   0.1025  0.29802  0.108257  0.271649 0.0921073 0.0807584  0.356509 0.0907198
(1,(2,(3,4)),(((5,6),(7,8)),(((((((9,10),11),12),13),14),15),16))); -6926.6  -2.06855 124.963 59.4625 27.5378 -7017.57 0.292232 0.306635 0.103454 0.297679  0.101619  0.272086 0.0968345 0.0989232  0.321408  0.109129
(1,2,((3,4),(((5,6),(7,8)),(((((((9,10),11),12),13),14),15),16)))); -6900.32  -0.212852 120.031 59.758 25.6881 -6986.07  0.294398  0.310449 0.0972123  0.297941   0.10838  0.311344 0.0842712  0.094854  0.302188 0.0989622
(1,2,((3,4),(((5,6),(7,8)),(((((((9,10),11),12),13),14),15),16)))); -7093.05  -0.212852 125.806 59.2796 25.0318 -7184.39 0.270568 0.308052 0.100737 0.320642  0.112957  0.302337  0.106809 0.0759148  0.310782 0.0912001
(1,2,((3,4),(((5,6),(7,8)),(((((((9,10),11),12),13),14),15),16)))); -6920.2  -0.212852 128.932 60.0756 23.8415 -7012.68   0.28868  0.327676 0.0911754  0.292469  0.109934  0.315992 0.0797098 0.0882751  0.321009 0.0850797
(1,2,((3,4),(((5,6),(7,8)),(((((((9,10),11),12),13),14),15),16)))); -6883.61  -0.212852 131.157 59.8348 22.3076 -6977.03 0.305734 0.308936 0.100013 0.285318  0.103057  0.307596 0.0948816 0.0963646  0.286622  0.111478
(1,2,((3,4),(((5,6),(7,8)),(((((((9,10),11),12),13),14),15),16)))); -6889.78  -0.212852 129.797 59.8982 25.9413 -6985.41 0.272639 0.303425 0.102276  0.32166  0.117529  0.263629 0.0888358 0.0901286  0.332875  0.107003
(1,2,((3,4),(((5,6),(7,8)),(((((((9,10),11),12),13),14),15),16)))); -6895.41  -0.212852 127.456 59.6054 24.7849 -6987.84  0.274555  0.321303 0.0963429  0.307799 0.123207 0.249828 0.088623   0.0753 0.356733 0.106308
(1,2,((3,4),(((5,6),(7,8)),(((((((9,10),11),12),13),14),15),16)))); -6897.94  -0.212852 126.373 60.3391 25.1321 -6988.89  0.298696  0.292443 0.0944142  0.314446  0.110315  0.285152 0.0888443 0.0874378  0.334482 0.0937694
(1,2,((3,4),(((5,6),(7,8)),(((((((9,10),11),12),13),14),15),16)))); -6889.49  -0.212852 132.463 59.8543 22.4911 -6984.38  0.262936  0.334839 0.0958334  0.306391  0.100546   0.27969  0.106904  0.113282  0.315701 0.0838767
(1,2,((3,4),(((5,6),(7,8)),(((((((9,10),11),12),13),14),15),16)))); -6886.55  -0.212852 126.49 60.3349 27.2631 -6979.76  0.285121  0.315227 0.0993948  0.300258  0.104653  0.297522 0.0830259 0.0747801  0.342901 0.0971188
(1,2,((3,4),(((5,6),(7,8)),(((((((9,10),11),12),13),14),15),16)))); -7647.5  -0.212852 118.472 54.6225 24.3993 -7735.53 0.280897 0.319001 0.103092  0.29701 0.0839031  0.312488  0.109323 0.0750501   0.32692 0.0923155
(1,(2,(3,4)),((5,(6,(7,8))),(((((((9,10),11),12),13),14),15),16))); -6913.13  -6.41921 135.761 59.9073 23.6656 -7006.23  0.306866   0.31599 0.0878534   0.28929  0.107159  0.281438  0.109221 0.0975637  0.309936 0.0946822
(1,2,((3,4),(((5,6),(7,8)),(((((((9,10),11),12),13),14),15),16)))); -6899.75  -0.212852 123.844 60.1956 23.2647 -6986.45  0.290483  0.318095 0.0984412  0.292981 0.0950353  0.278831  0.115942  0.108207  0.323529 0.0784561
(1,2,((3,4),(((5,6),(7,8)),(((((((9,10),11),12),13),14),15),16)))); -6897.56  -0.212852 127.984 59.7833 22.3553 -6987.9 0.299169 0.304677 0.108488 0.287667  0.114404  0.300116 0.0725541 0.0786595  0.337489 0.0967774
(1,2,((3,4),(((5,6),(7,8)),(((((((9,10),11),12),13),14),15),16)))); -6881.59  -0.212852 134.347 59.8891 26.0963 -6981.93 0.297003 0.309187 0.093248 0.300562  0.101787   0.27799 0.0994704  0.101378  0.306217  0.113157
(1,2,((3,4),(((5,6),(7,8)),(((((((9,10),11),12),13),14),15),16)))); -7011.83  -0.212852 116.279 59.9402 23.8773 -7091.83 0.276007 0.332085 0.105178  0.28673  0.114385  0.311982 0.0848021  0.094278  0.303741 0.0908115
(1,2,((3,4),(((5,6),(7,8)),(((((((9,10),11),12),13),14),15),16)))); -6891.85  -0.212852 129.48 59.6632 24.2002 -6985.65 0.283191 0.320564 0.100905  0.29534  0.113884  0.313422  0.077576 0.0707549  0.333674 0.0906886
(1,2,((3,4),(((5,6),(7,8)),(((((((9,10),11),12),13),14),15),16)))); -6883.98  -0.212852 131.367 59.9777 25.9913 -6981.15   0.26855  0.315232 0.0964579   0.31976  0.115953   0.27515 0.0836937 0.0858106  0.325315  0.114078
(1,2,((3,4),(((5,6),(7,8)),(((((((9,10),11),12),13),14),15),16)))); -6898.74  -0.212852 125.157 60.1171 25.7095 -6989.28  0.284857  0.300805 0.0979701  0.316368   0.12805  0.280919 0.0866812 0.0880934  0.320862 0.0953942
(1,(2,(3,4)),(((5,6),(7,8)),(((((((9,10),11),12),13),14),15),16))); -6901.72  -2.06855 121.639 60.0947 22.6522 -6983.85 0.282548 0.300774 0.119702 0.296976  0.105907  0.272105 0.0934397 0.0781366  0.360025 0.0903868
(1,(2,(3,4)),(((5,6),(7,8)),(((((((9,10),11),12),13),14),15),16))); -6896.19  -2.06855 121.716 59.4783 24.061 -6980.42  0.28722 0.296306 0.108742 0.307733 0.0967661  0.296661 0.0931134  0.107743  0.306026 0.0996911
(1,2,((3,4),(((5,6),(7,8)),(((((((9,10),11),12),13),14),15),16)))); -7166.13  -0.212852 127.259 57.8465 22.6454 -7257.98  0.294394  0.312213 0.0933635   0.30003 0.0864263  0.284184  0.101742  0.117861  0.323393 0.0863938
(1,2,((3,4),(((5,6),(7,8)),(((((((9,10),11),12),13),14),15),16)))); -6910.26  -0.212852 129.398 60.1597 26.2389 -7005.52  0.291184  0.310464 0.0920473  0.306305   0.10864  0.273594 0.0821814  0.102509  0.323388  0.109688
(1,(2,(3,4)),(((5,6),(7,8)),(((((((9,10),11),12),13),14),15),16))); -7142.05  -2.06855 124.804 57.7886 27.2684 -7234.26  0.29175 0.304311 0.106035 0.297904  0.109722  0.274964  0.105971 0.0938034  0.315018  0.100521
(1,2,((3,4),(((5,6),(7,8)),(((((((9,10),11),12),13),14),15),16)))); -6887.93  -0.212852 125.251 59.6196 25.5875 -6978.93  0.275282  0.319964 0.0925239   0.31223 0.0993663  0.249879  0.094516 0.0896553  0.348975  0.117608
(1,(2,(3,4)),(((5,6),(7,8)),(((((((9,10),11),12),13),14),15),16))); -6896.73  -2.06855 122.398 59.6988 24.3734 -6981.73  0.279367  0.338845 0.0993023  0.282485  0.105829  0.293491  0.111105 0.0790194  0.304016  0.106539
(1,(2,(3,4)),(((5,6),(7,8)),(((((((9,10),11),12),13),14),15),16))); -7071.05  -2.06855 120.444 58.559 26.0984 -7156.97  0.279582  0.327845 0.0914248  0.301148  0.106003  0.301767 0.0782001 0.0917604  0.326969 0.0952994
(1,(2,(3,4)),(((5,6),(7,8)),(((((((9,10),11),12),13),14),15),16))); -6955.29  -2.06855 120.37 58.9346 26.4623 -7041.12  0.283139  0.320747 0.0946635  0.301451 0.0978649  0.311855  0.100644 0.0935034  0.303977 0.0921549
(1,2,((3,4),(((5,6),(7,8)),(((((((9,10),11),12),13),14),15),16)))); -6978.62  -0.212852 122.014 58.9866 23.5931 -7065.02 0.275467 0.309892 0.111926 0.302715  0.124947  0.262614  0.084153 0.0774615  0.358639 0.0921858
(1,2,((3,4),(((5,6),(7,8)),(((((((9,10),11),12),13),14),15),16)))); -6897.85  -0.212852 127.041 59.984 26.1002 -6990.79 0.275973 0.325068 0.103267 0.295691  0.101456  0.268905 0.0823005  0.101956  0.351606 0.0937767
(1,2,((3,4),(((5,6),(7,8)),(((((((9,10),11),12),13),14),15),16)))); -6972.66  -0.212852 119.275 58.6315 25.5141 -7058.6 0.279209 0.315358 0.107034 0.298398 0.0975337  0.281139 0.0997473 0.0961552  0.347348 0.0780772
(1,2,((3,4),(((5,6),(7,8)),(((((((9,10),11),12),13),14),15),16)))); -6886.93  -0.212852 132.557 59.8655 26.4497 -6985.86  0.285369  0.310222 0.0965265  0.307882  0.112211  0.259559 0.0952629  0.107649  0.317261  0.108057
(1,(2,(3,4)),(((5,6),(7,8)),(((((((9,10),11),12),13),14),15),16))); -6901.54  -2.06855 123.522 60.069 27.9365 -6990.86  0.289955  0.317385 0.0973705   0.29529  0.112472  0.281114 0.0850076 0.0962573  0.322206  0.102944
(1,2,((3,4),(((5,6),(7,8)),(((((((9,10),11),12),13),14),15),16)))); -6931.59  -0.212852 113.97 59.245 24.4949 -7010.6  0.271715  0.326684 0.0934129  0.308188  0.106608  0.277589  0.110426  0.110284  0.302013 0.0930803
(1,2,((3,4),(((5,6),(7,8)),(((((((9,10),11),12),13),14),15),16)))); -6990.27  -0.212852 129.5 58.8556 24.6942 -7085.39  0.308712  0.299984 0.0978439   0.29346  0.118697  0.273355 0.0977989 0.0898161  0.329259  0.091074
(1,(2,(3,4)),(((5,6),(7,8)),(((((((9,10),11),12),13),14),15),16))); -6967.08  -2.06855 125.296 59.5491 25.1153 -7055.87  0.292267  0.310412 0.0902958  0.307025  0.100502  0.282917  0.102074  0.110747  0.306915 0.0968439
(1,2,((3,4),(((5,6),(7,8)),(((((((9,10),11),12),13),14),15),16)))); -6910.66  -0.212852 130.533 59.9562 26.748 -7007.77 0.276163 0.303158 0.103248 0.317431  0.102111  0.279754 0.0886076  0.101096  0.325417  0.103015
(1,2,((3,4),(((5,6),(7,8)),(((((((9,10),11),12),13),14),15),16)))); -6891.26  -0.212852 130.133 60.3254 26.8501 -6987.71  0.274377  0.330871 0.0879889  0.306763  0.108106  0.291959 0.0946912 0.0855531  0.320825 0.0988653
(1,2,((3,4),(((5,6),(7,8)),(((((((9,10),11),12),13),14),15),16)))); -6908.41  -0.212852 123.937 59.9241 28.7344 -7000.94 0.277614 0.317189 0.103018 0.302179  0.105846  0.292884 0.0936364 0.0821623   0.31927  0.106202
(1,2,((3,4),(((5,6),(7,8)),(((((((9,10),11),12),13),14),15),16)))); -6881.83  -0.212852 130.36 59.9696 24.7211 -6976.73  0.296152  0.297032 0.0905951  0.316221  0.102565   0.27676 0.0921731 0.0895333  0.350331 0.0886376
(1,2,((3,4),(((5,6),(7,8)),(((((((9,10),11),12),13),14),15),16)))); -6905.61  -0.212852 129.229 59.9883 24.6537 -6999.29  0.296498  0.319381 0.0910055  0.293116  0.129314  0.279729 0.0948593 0.0899816  0.299369  0.106748
(1,2,((3,4),(((5,6),(7,8)),(((((((9,10),11),12),13),14),15),16)))); -6954.68  -0.212852 124.259 59.5575 28.0926 -7047.26  0.292167   0.31179 0.0994654  0.296577  0.109544  0.281114  0.100741 0.0889137  0.309909  0.109778
(1,(2,(3,4)),(((5,6),(7,8)),(((((((9,10),11),12),13),14),15),16))); -6898.07  -2.06855 128.941 59.8228 24.7744 -6989.89  0.275248  0.312074 0.0940543  0.318624  0.105165   0.24598  0.111454 0.0967469  0.328673  0.111981
(1,2,((3,4),(((5,6),(7,8)),(((((((9,10),11),12),13),14),15),16)))); -6883.26  -0.212852 131.423 60.1235 24.6632 -6979.01 0.273831 0.331206 0.087583 0.307381 0.0999464  0.287286     0.119 0.0830173  0.313704 0.0970456
(1,2,((3,4),(((5,6),(7,8)),(((((((9,10),11),12),13),14),15),16)))); -6921.22  -0.212852 123.932 59.8801 22.2613 -7007.32 0.269712 0.318736 0.102837 0.308716 0.0882673  0.294478 0.0953392 0.0640302  0.331608  0.126278
(1,2,((3,4),(((5,6),(7,8)),((((((9,10),11),12),13),(14,15)),16)))); -7052.96  -6.44075 123.778 58.9096 23.7537 -7135.14  0.268916  0.310612 0.0945945  0.325878 0.0929687  0.294798 0.0982872  0.103512  0.324894 0.0855398
(1,2,((3,4),(((5,6),(7,8)),(((((((9,10),11),12),13),14),15),16)))); -6886  -0.212852 134.35 59.9216 24.8303 -6985.04 0.293493 0.322892 0.103484 0.280131  0.122018  0.255001 0.0989835 0.0912271  0.324672  0.108097
(1,(2,(3,4)),(((5,6),(7,8)),(((((((9,10),11),12),13),14),15),16))); -6906.68  -2.06855 118.771 59.3576 23.7362 -6987.76 0.266248 0.315567 0.101338 0.316847  0.113257  0.304186 0.0831331 0.0772884  0.303275  0.118861
(1,2,((3,4),(((5,6),(7,8)),(((((((9,10),11),12),13),14),15),16)))); -6902.93  -0.212852 124.449 59.8024 26.7109 -6994.07  0.288904  0.310072 0.0992241  0.301801  0.108071  0.294493 0.0893113 0.0754084  0.346863 0.0858531
(1,2,((3,4),(((5,6),(7,8)),(((((((9,10),11),12),13),14),15),16)))); -6880.3  -0.212852 129.804 59.8938 27.2819 -6977.28 0.275399 0.313345 0.099501 0.311755  0.116602  0.301564 0.0921464 0.0826098  0.315158 0.0919198
(1,2,((3,4),(((5,6),(7,8)),(((((((9,10),11),12),13),14),15),16)))); -6886.23  -0.212852 122.351 59.8691 24.9004 -6973.4 0.279017 0.327302 0.106393 0.287288  0.102095  0.277421 0.0909574 0.0883541  0.312749  0.128424
(1,2,((3,4),(((5,6),(7,8)),(((((((9,10),11),12),13),14),15),16)))); -6948  -0.212852 124.72 59.4659 24.6656 -7037.7 0.264092  0.31193 0.107873 0.316105  0.109051  0.261955 0.0913276 0.0769337  0.359844  0.100888
(1,2,((3,4),(((5,6),(7,8)),((((((9,10),11),12),(13,14)),15),16)))); -6964.83  -4.17839 133.639 59.8901 24.8444 -7059.24 0.293795 0.291716 0.108853 0.305636  0.114135  0.269341 0.0938913 0.0889685  0.320841  0.112823
(1,2,((3,4),(((5,6),(7,8)),(((((((9,10),11),12),13),14),15),16)))); -7024.4  -0.212852 122.042 58.474 27.7951 -7115.55  0.271229  0.324837 0.0940029  0.309931  0.110269  0.289294 0.0902368 0.0800202  0.329246  0.100934
(1,2,((3,4),(((5,6),(7,8)),(((((((9,10),11),12),13),14),15),16)))); -6910.97  -0.212852 125.801 59.6813 28.0344 -7004.91 0.282459 0.306287 0.105654   0.3056  0.107428  0.262889 0.0954316 0.0899508  0.341266  0.103035
(1,2,((3,4),(((5,6),(7,8)),(((((((9,10),11),12),13),14),15),16)))); -6884.46  -0.212852 128.074 59.7592 25.3973 -6977.96 0.282285 0.316089  0.10406 0.297567  0.104986  0.275962 0.0860668 0.0696955  0.340087  0.123203
(1,2,((3,4),(((5,6),(7,8)),(((((((9,10),11),12),13),14),15),16)))); -6967.08  -0.212852 128.304 58.9958 27.4431 -7063.62  0.28132 0.316676 0.102008 0.299995  0.118107  0.298399  0.100175 0.0851134  0.304455 0.0937498
(1,2,((3,4),(((5,6),(7,8)),(((((((9,10),11),12),13),14),15),16)))); -6885.73  -0.212852 130.493 59.777 24.111 -6980.34 0.295578 0.306919 0.100731 0.296771  0.118807  0.298424 0.0929565  0.103305  0.287423 0.0990844
(1,2,((3,4),(((5,6),(7,8)),(((((((9,10),11),12),13),14),15),16)))); -6894.24  -0.212852 125.648 60.1748 22.9249 -6982.43 0.279462 0.323535 0.110772 0.286231  0.106498  0.249868 0.0814918  0.104787    0.3479  0.109454
(1,2,((3,4),(((5,6),(7,8)),(((((((9,10),11),12),13),14),15),16)))); -6903.04  -0.212852 115.963 59.5364 26.5562 -6985.81  0.289914  0.298337 0.0942152  0.317533  0.112498  0.285509 0.0973626 0.0792053    0.3247  0.100726
(1,2,((3,4),(((5,6),(7,8)),(((((((9,10),11),12),13),14),15),16)))); -6888.91  -0.212852 122.189 60.0545 26.0505 -6976.88  0.277171  0.318787 0.0953896  0.308653 0.0924382   0.26032  0.110292   0.10349  0.336826 0.0966345
(1,2,((3,4),(((5,6),(7,8)),(((((((9,10),11),12),13),14),15),16)))); -6888.96  -0.212852 129.861 59.8233 27.5908 -6986.37  0.280155  0.321149 0.0950291  0.303667  0.116403  0.287039 0.0959574 0.0981061  0.306362 0.0961325
(1,2,((3,4),(((5,6),(7,8)),(((((((9,10),11),12),13),14),15),16)))); -6913.63  -0.212852 122.593 59.8028 26.9842 -7003.19  0.279759  0.313854 0.0918067   0.31458  0.109866  0.298427 0.0980516 0.0881635  0.302537  0.102955
(1,2,((3,4),(((5,6),(7,8)),(((((((9,10),11),12),13),14),15),16)))); -6895.85  -0.212852 119.423 59.525 26.9998 -6982.54 0.286841 0.312125 0.103101 0.297934  0.120202   0.26833  0.101745 0.0731721  0.329103  0.107448
(1,2,((3,4),(((5,6),(7,8)),(((((((9,10),11),12),13),14),15),16)))); -6911.86  -0.212852 126.531 59.2772 27.3902 -7006.29  0.270992  0.325018 0.0980726  0.305918  0.099572  0.285967  0.103854 0.0821315   0.34099 0.0874863
(1,2,((3,4),(((5,6),(7,8)),(((((((9,10),11),12),13),14),15),16)))); -6886.92  -0.212852 123.188 59.6013 27.3135 -6977.61 0.282977 0.325724 0.100896 0.290403  0.100587  0.277413  0.114288 0.0907846  0.318139 0.0987887
(1,2,((3,4),(((5,6),(7,8)),(((((((9,10),11),12),13),14),15),16)))); -6895.11  -0.212852 130.92 59.9487 22.7232 -6988.59  0.258357  0.334299 0.0954436    0.3119 0.0953893  0.295893  0.109988 0.0956263   0.32051 0.0825941
(1,2,((3,4),(((5,6),(7,8)),(((((((9,10),11),12),13),14),15),16)))); -6901.71  -0.212852 129.84 59.6254 25.2612 -6996.98 0.287906 0.322741 0.101142 0.288211  0.111477  0.288264  0.113225 0.0727273  0.304247   0.11006
(1,2,((3,4),(((5,6),(7,8)),(((((((9,10),11),12),13),14),15),16)))); -6877.87  -0.212852 135.217 59.9811 27.4739 -6980.37 0.274954 0.313619  0.10011 0.311317 0.112995  0.29402 0.083279 0.092784 0.315731 0.101191
(1,2,((3,4),(((5,6),(7,8)),(((((((9,10),11),12),13),14),15),16)))); -6954.27  -0.212852 133.892 59.6164 26.2065 -7054.54 0.280331 0.308755 0.105624  0.30529 0.112128 0.246279 0.095143 0.089042 0.344654 0.112754
(1,2,((3,4),(((5,6),(7,8)),(((((((9,10),11),12),13),14),15),16)))); -6891.61  -0.212852 127.648 60.0172 23.6737 -6982.7 0.288578 0.293674 0.101318  0.31643  0.112005  0.290922  0.105137  0.101434  0.291753 0.0987488
(1,(2,(3,4)),(((5,6),(7,8)),(((((((9,10),11),12),13),14),15),16))); -7158.01  -2.06855 128.714 57.4765 24.6777 -7251.86  0.271322  0.325178 0.0962812  0.307219 0.0908971  0.281069  0.102234 0.0981365  0.303415  0.124248
(1,2,((3,4),(((5,6),(7,8)),(((((((9,10),11),12),13),14),15),16)))); -6888.45  -0.212852 130.367 59.9988 18.3785 -6976.98 0.301033 0.301614 0.117207 0.280147 0.111903 0.278018 0.105474 0.109001 0.289768 0.105835
(1,(2,(3,4)),(((5,6),(7,8)),(((((((9,10),11),12),13),14),15),16))); -6905.94  -2.06855 132.548 59.9583 25.61 -7002.07  0.300071  0.307359 0.0878719  0.304699   0.10365  0.281359  0.093628 0.0926143   0.34044 0.0883089
(1,2,((3,4),(((5,6),(7,8)),(((((((9,10),11),12),13),14),15),16)))); -6936.38  -0.212852 118.321 60.3017 26.0765 -7020.27  0.276031  0.327572 0.0913049  0.305092  0.108912  0.300442 0.0925361 0.0979486  0.313285 0.0868754
(1,2,((3,4),(((5,6),(7,8)),(((((((9,10),11),12),13),14),15),16)))); -6922.29  -0.212852 126.804 59.2859 21.6471 -7011.25  0.257346   0.31016 0.0999638   0.33253  0.111919  0.265717  0.106244 0.0716862  0.332936  0.111498
(1,2,((3,4),(((5,6),(7,8)),(((((((9,10),11),12),13),14),15),16)))); -6895.63  -0.212852 127.954 59.8047 26.787 -6990.35 0.272908 0.317844 0.108403 0.300845 0.0983863  0.285036  0.086562 0.0958666  0.343261 0.0908884
(1,2,((3,4),(((5,6),(7,8)),(((((((9,10),11),12),13),14),15),16)))); -6920.6  -0.212852 125.554 59.8829 22.8798 -7008.94 0.275781 0.312272  0.10457 0.307377  0.097993    0.2997 0.0684855   0.10392  0.337808 0.0920938
(1,2,((3,4),(((5,6),(7,8)),(((((((9,10),11),12),13),14),15),16)))); -6926.43  -0.212852 122.718 59.7348 23.7469 -7012.95  0.281355  0.320974 0.0843474  0.313324  0.120424  0.251318 0.0880025 0.0884001   0.34884  0.103015
(1,2,((3,4),(((5,6),(7,8)),(((((((9,10),11),12),13),14),15),16)))); -6886.51  -0.212852 127.474 60.1969 25.1992 -6978.78 0.275303   0.3265 0.106863 0.291333 0.0964553  0.305681  0.104132 0.0727045  0.313288  0.107739
