tree logl logTop logBL logPrior logQ logWt pi1 pi2 pi3 pi4 s1 s2 s3 s4 s5 s6
(1,2,((3,((4,5),6)),((((7,8),9),10),(11,12)))); -7692.43  -1.44673 82.8137 38.8453 28.8692 -7763.82 0.239426 0.237802 0.211406 0.311366  0.0611468   0.287874  0.0674187  0.0150485   0.559981 0.00853172
(1,2,(((3,(4,5)),6),(((((7,8),9),10),11),12))); -7708.78  -3.82773 81.4249 38.7362 28.0066 -7775.64 0.227519  0.23528 0.202926 0.334275 0.0462348  0.291188 0.0562437 0.0187098  0.577407 0.0102167
(1,(2,((((7,8),9),10),(11,12))),(3,((4,5),6))); -7698.75  -3.87789 72.2555 39.0404 27.3749 -7755.46 0.233926 0.246116 0.213019  0.30694  0.0392823   0.294866  0.0824879  0.0140823   0.562207 0.00707426
(1,2,((3,((4,5),6)),((((7,8),9),10),(11,12)))); -7702.17  -1.44673 78.4603 38.8457 26.5017 -7766.84 0.225584 0.261098 0.201725 0.311592  0.0510498   0.299802  0.0739126 0.00874586   0.560291  0.0061985
(1,2,(((3,(4,5)),6),((((7,8),9),10),(11,12)))); -7700.05  -4.10827 83.9587 39.2656 27.0387 -7767.67 0.255292 0.216936 0.197644 0.330128  0.0520386   0.309332  0.0738354 0.00746592   0.550912   0.006417
(1,2,((3,((4,5),6)),(((((7,8),9),10),11),12))); -7707.45  -1.16618 75.1759 38.925 26.9822 -7769.52 0.255382 0.243093 0.196599 0.304926  0.039743  0.299208 0.0836191 0.0117625  0.554561 0.0111061
(1,2,((3,((4,5),6)),((((7,8),9),10),(11,12)))); -7700.77  -1.44673 80.5017 38.8584 25.2953 -7766.27 0.256826 0.252974 0.185523 0.304677  0.0371769    0.31432  0.0650868   0.014154   0.564685 0.00457675
(1,2,(((3,(4,5)),6),(((((7,8),9),10),11),12))); -7723.17  -3.82773 75.4255 39.2813 23.4482 -7778.94 0.239509 0.233442 0.182741 0.344309  0.0410827   0.281369  0.0904114  0.0231242   0.558369 0.00564414
(1,2,(((3,6),(4,5)),((((7,8),9),10),(11,12)))); -7711.14  -3.93462 80.3884 39.3828 23.3318 -7771.54 0.218029 0.244776 0.212418 0.324777  0.0706413   0.260796  0.0830587 0.00890053   0.571127 0.00547565
(1,2,((3,((4,5),6)),(((((7,8),9),10),11),12))); -7699.92  -1.16618 80.7761 38.7733 27.7313 -7768.49  0.25807  0.23258 0.206133 0.303217  0.0499819   0.308388  0.0629507  0.0184235   0.553896 0.00635929
(1,2,((3,((4,5),6)),(((((7,8),9),10),11),12))); -7710.13  -1.16618 75.6762 38.2542 26.6492 -7773.04 0.252961 0.244535 0.186022 0.316482  0.0378504   0.291301  0.0577248 0.00795824   0.593857  0.0113085
(1,2,(((3,6),(4,5)),(((((7,8),9),10),12),11))); -7686.25  -3.88485 85.3345 39.0144 28.5727 -7757.26 0.247393 0.239138  0.19738 0.316089 0.0511054  0.276172 0.0599172 0.0192327  0.582329  0.011243
(1,2,((3,((4,5),6)),(((((7,8),9),10),12),11))); -7689.35  -1.39695 80.3501 38.765 27.2048 -7756.75  0.23613 0.236254 0.212894 0.314722  0.0416495   0.266095  0.0813345  0.0146391   0.591987 0.00429531
(1,2,((3,((4,5),6)),((((7,8),9),10),(11,12)))); -7700.63  -1.44673 74.7751 38.8382 28.1084 -7763.23 0.238159 0.254086 0.195166 0.312588  0.0415121   0.297808  0.0636751  0.0176279   0.571728 0.00764965
(1,2,((3,((4,5),6)),(((((7,8),9),10),11),12))); -7708.69  -1.16618 81.4971 39.0302 26.7074 -7776.7 0.260321 0.221724 0.201331 0.316624  0.0440748   0.271088  0.0617787  0.0151395   0.604127 0.00379203
(1,2,((3,((4,5),6)),(((((7,8),9),10),12),11))); -7686.25  -1.39695 83.0256 38.9083 28.5859 -7757.56 0.232602 0.233139 0.193723 0.340536  0.0522723   0.292984  0.0632795  0.0158286   0.568145 0.00749144
(1,2,((3,((4,5),6)),(((((7,8),9),10),12),11))); -7693.73  -1.39695 76.8254 39.0421 27.9815 -7758.09 0.233918 0.236049 0.214317 0.315716 0.0604423   0.26614  0.062346 0.0107689   0.59228 0.0080224
(1,2,((3,((4,5),6)),((((7,8),9),10),(11,12)))); -7702.22  -1.44673 75.1461 39.1904 27.9063 -7764.63 0.234676 0.252219 0.198177 0.314927  0.0468556   0.313242  0.0552155  0.0163744   0.562458 0.00585498
(1,2,((3,((4,5),6)),(((((7,8),9),10),11),12))); -7709.35  -1.16618 78.1896 39.2198 26.8634 -7774.01 0.252283 0.245424 0.188075 0.314218 0.0482891  0.300769  0.050147 0.0146423  0.572876 0.0132763
(1,2,((3,((4,5),6)),(((((7,8),9),10),12),11))); -7695.55  -1.39695 72.7401 38.8355 28.1768 -7756.24 0.248157 0.250479 0.191777 0.309588 0.0549662  0.292929 0.0623378 0.0151235  0.564041 0.0106017
(1,2,((3,((4,5),6)),((((7,8),9),10),(11,12)))); -7709.99  -1.44673 77.8884 39.4551 22.5287 -7769.5 0.219113 0.266377 0.193025 0.321485 0.0508289   0.28747 0.0728955 0.0100509  0.559111 0.0196439
(1,(2,(((((7,8),9),10),11),12)),((3,(4,5)),6)); -7705.51  -6.25889 86.8717 39.1626 27.5804 -7774.54 0.237552 0.223221  0.22234 0.316887  0.0483108   0.281186  0.0725798 0.00978113   0.576987  0.0111557
(1,2,((3,((4,5),6)),(((((7,8),9),10),11),12))); -7704.14  -1.16618 80.6304 39.0042 25.5563 -7770.16 0.241982 0.219657 0.228135 0.310225  0.0504423   0.318282  0.0638343 0.00874631   0.547967  0.0107276
(1,2,((3,((4,5),6)),((((7,8),9),10),(11,12)))); -7695.33  -1.44673 80.4294 38.8109 28.4283 -7763.93 0.241809 0.246732 0.190091 0.321368 0.0466439    0.2705 0.0709636 0.0137724   0.58744 0.0106798
(1,2,((3,((4,5),6)),(((((7,8),9),10),12),11))); -7701.2  -1.39695 82.8509 38.669 23.6051 -7767.59 0.226685 0.251451 0.200506 0.321358 0.0532494  0.338414 0.0720232 0.0211271   0.51084 0.0043459
(1,2,((3,((4,5),6)),((((7,8),9),10),(11,12)))); -7703.65  -1.44673 76.6052 38.5987 25.8898 -7766.1 0.249462 0.228026 0.201274 0.321238  0.0560797   0.293586  0.0861604  0.0243945    0.53342 0.00635917
(1,2,((3,((4,5),6)),(((((7,8),9),10),12),11))); -7690.27  -1.39695 78.6199 38.833 29.2425 -7757.9 0.240823 0.234103 0.195793  0.32928  0.0448007   0.294586  0.0694708 0.00872654   0.570695   0.011721
(1,2,((3,((4,5),6)),(((((7,8),9),10),11),12))); -7709.91  -1.16618 81.4857 38.6547 24.9401 -7776.52 0.231122 0.245532 0.202497  0.32085  0.0601389   0.248485  0.0793957  0.0227303   0.579814 0.00943657
(1,2,((3,((4,5),6)),((((7,8),9),10),(11,12)))); -7695.33  -1.44673 83.8543 39.2341 25.9979 -7764.5 0.234154 0.239825 0.222154 0.303867  0.0614094   0.288957  0.0741767 0.00869514   0.554291  0.0124709
(1,(2,(((((7,8),9),10),11),12)),(3,((4,5),6))); -7701.41  -3.59734 80.4023 38.8807 28.4369 -7767.77 0.236188 0.229377 0.216046 0.318389   0.043361   0.304314  0.0585484  0.0179197   0.567267 0.00859071
(1,2,((3,((4,5),6)),(((((7,8),9),10),12),11))); -7690.16  -1.39695 78.8668 39.0885 28.5022 -7757.04 0.254857 0.234207 0.188946 0.321991  0.0406905   0.305729  0.0609372  0.0100587     0.5748 0.00778422
(1,2,((3,((4,5),6)),(((((7,8),9),10),12),11))); -7687.31  -1.39695 80.1541 38.7541 28.9555 -7756.27 0.251999 0.240386 0.191447 0.316168  0.0536014   0.301905  0.0671409 0.00915911   0.558958  0.0092357
(1,2,((3,((4,5),6)),(((((7,8),9),10),11),12))); -7708.33  -1.16618 77.2438 38.7717 27.2834 -7772.92 0.255141 0.215163 0.198195 0.331502  0.0502627   0.293418  0.0545947  0.0159175   0.578731 0.00707595
(1,2,(((3,6),(4,5)),(((((7,8),9),10),11),12))); -7718.45  -3.65408 78.1956 38.789 21.1691 -7775.37 0.243101  0.22686 0.224614 0.305426   0.049466   0.296553   0.102723  0.0229386   0.522576 0.00574395
(1,2,(((3,6),(4,5)),((((7,8),9),10),(11,12)))); -7705.82  -3.93462 80.8096 38.7978 22.4121 -7766.31 0.255414 0.251306 0.204572 0.288707  0.0429385   0.287584  0.0623855 0.00900206   0.596571 0.00151883
(1,2,((3,((4,5),6)),((((7,8),9),10),(11,12)))); -7692.91  -1.44673 83.0154 38.7665 28.1728 -7763.88 0.247867 0.236964 0.207656 0.307513  0.0552048   0.274302  0.0829335  0.0104448   0.570133 0.00698216
(1,2,((3,((4,5),6)),((((7,8),9),10),(11,12)))); -7696.56  -1.44673 81.9619 38.8094 27.9185 -7766.18 0.231176 0.243323 0.199097 0.326404  0.0421255   0.313594  0.0695678  0.0193429   0.545717 0.00965304
(1,2,((3,((4,5),6)),(((((7,8),9),10),11),12))); -7709.74  -1.16618 83.2915 39.3705 23.8589 -7776.35 0.248366 0.219969 0.197999 0.333667  0.0642701   0.321021  0.0449163  0.0114436   0.555276 0.00307314
(1,2,((3,((4,5),6)),(((((7,8),9),10),11),12))); -7706.4  -1.16618 76.1514 38.8263 27.5002 -7770.05 0.233808 0.232502 0.215416 0.318274  0.0480613    0.28303  0.0562975  0.0206415    0.58724 0.00472966
(1,2,((3,((4,5),6)),(((((7,8),9),10),12),11))); -7696.36  -1.39695 77.2768 39.0984 24.658 -7757.8 0.238415  0.22625  0.20242 0.332915   0.035601   0.256326   0.075859   0.022789    0.60483 0.00459495
(1,2,((3,((4,5),6)),(((((7,8),9),10),11),12))); -7704.38  -1.16618 82.3503 39.0699 25.5892 -7772.08  0.23855 0.217028 0.218703  0.32572  0.0437687   0.335746  0.0550774  0.0151528   0.542555 0.00770093
(1,2,((3,((4,5),6)),(((((7,8),9),10),11),12))); -7703.65  -1.16618 79.1109 38.7517 27.7085 -7770.55 0.249484 0.249162 0.193529 0.307825  0.0513193    0.29273  0.0573241  0.0196068   0.572487 0.00653288
(1,2,((3,((4,5),6)),((((7,8),9),10),(11,12)))); -7695.15  -1.44673 85.1356 38.961 26.0708 -7765.95 0.259546 0.230927 0.192136 0.317391 0.0487173    0.3007 0.0485418  0.016125  0.570487 0.0154286
(1,2,((3,((4,5),6)),((((7,8),9),10),(11,12)))); -7699.91  -1.44673 80.916 39.2343 26.9885 -7767.13 0.232398 0.240639 0.198517 0.328446 0.0495775  0.320522 0.0758298 0.0105596  0.528895 0.0146165
(1,2,((3,((4,5),6)),(((((7,8),9),10),11),12))); -7707.78  -1.16618 75.3669 39.1757 28.7263 -7771.53 0.233546 0.228898 0.202717  0.33484  0.0493805   0.309828  0.0625504 0.00937751   0.557756  0.0111086
(1,2,((3,((4,5),6)),((((7,8),9),10),(11,12)))); -7692.69  -1.44673 83.7772 39.0695 27.29 -7763.24 0.237238 0.237866  0.22276 0.302137  0.0413739   0.289398  0.0610881  0.0115863    0.58708 0.00947321
(1,2,((3,((4,5),6)),(((((7,8),9),10),11),12))); -7698.8  -1.16618 84.9265 38.9029 28.0475 -7771.71  0.25062 0.236744 0.198899 0.313737 0.0557213  0.293493 0.0832435 0.0154221  0.541923  0.010197
(1,2,((3,((4,5),6)),(((((7,8),9),10),11),12))); -7711.02  -1.16618 79.7302 39.2702 24.46 -7774.77 0.226954 0.264144  0.18695 0.321952 0.0485566  0.302893 0.0663671 0.0137654  0.552197 0.0162217
(1,2,(((3,(4,5)),6),((((7,8),9),10),(11,12)))); -7708.55  -4.10827 78.9483 38.8648 24.3357 -7768.86 0.229462 0.233234 0.197199 0.340105  0.0322366   0.294112  0.0873498  0.0216515   0.557695 0.00695556
(1,2,((3,((4,5),6)),(((((7,8),9),10),12),11))); -7692.85  -1.39695 81.5209 38.7655 26.7759 -7760.98 0.221996 0.247969 0.204398 0.325637 0.0423493  0.292335 0.0831036 0.0133707  0.557236 0.0116051
(1,2,((3,((4,5),6)),((((7,8),9),10),(11,12)))); -7707.97  -1.44673 74.09 37.9249 24.3579 -7767.05 0.234992 0.253608 0.202049 0.309352  0.0396519   0.294657   0.047431  0.0165795    0.59924 0.00244021
(1,2,((3,((4,5),6)),((((7,8),9),10),(11,12)))); -7696.83  -1.44673 83.6783 38.8648 27.5363 -7767.74 0.230332 0.245287 0.201318 0.323063  0.0632472   0.309515  0.0667579  0.0144839   0.541422 0.00457367
(1,2,((3,((4,5),6)),(((((7,8),9),10),11),12))); -7705.09  -1.16618 79.7782 39.0594 27.719 -7772.36 0.231074 0.236501 0.204084 0.328341 0.0444478  0.317763 0.0598346 0.0106458  0.551909 0.0153992
(1,2,((3,((4,5),6)),(((((7,8),9),10),11),12))); -7700.38  -1.16618 84.9707 39.0592 27.5266 -7772.65 0.257177 0.223574 0.194108 0.325142  0.0595836   0.291972  0.0789707  0.0133298    0.54789 0.00825362
(1,2,((3,((4,5),6)),(((((7,8),9),10),11),12))); -7699.37  -1.16618 81.8373 38.6943 28.3015 -7769.64  0.24837 0.236954 0.196291 0.318385 0.0539221  0.287486  0.060686 0.0131677  0.568076  0.016662
(1,2,((3,((4,5),6)),(((((7,8),9),10),11),12))); -7707.58  -1.16618 79.1679 39.3689 25.8133 -7772.02 0.231281 0.248535 0.183929 0.336255  0.0439383   0.274629  0.0780937  0.0180147   0.580001 0.00532336
(1,2,((3,((4,5),6)),(((((7,8),9),10),11),12))); -7701.5  -1.16618 83.104 39.0662 28.0004 -7772.37 0.241971 0.219056 0.206358 0.332615  0.0474898   0.320501  0.0604266  0.0115529   0.554817 0.00521314
(1,2,((3,((4,5),6)),(((((7,8),9),10),11),12))); -7702.44  -1.16618 77.4176 38.706 29.4105 -7769.39 0.239663 0.237977  0.19461  0.32775  0.0510049   0.281912  0.0689189  0.0172873   0.573976 0.00690051
(1,(2,(((((7,8),9),10),12),11)),((3,(4,5)),6)); -7697.09  -6.48966 78.8982 38.5041 27.0782 -7758.08 0.224958 0.257748 0.206209 0.311085 0.0525544  0.281344 0.0640915 0.0105037  0.581501 0.0100056
(1,2,((3,((4,5),6)),(((((7,8),9),10),11),12))); -7700.41  -1.16618 81.713 38.6372 25.4917 -7767.81 0.257613 0.240492 0.208462 0.293433  0.0506299   0.304187  0.0715708 0.00818115   0.550253  0.0151781
(1,2,((3,((4,5),6)),(((((7,8),9),10),12),11))); -7691.67  -1.39695 81.233 38.7129 27.7715 -7760.57 0.236068  0.24963 0.192394 0.321908 0.0649075  0.283625 0.0713384 0.0142205  0.559032 0.0068759
(1,2,((3,((4,5),6)),((((7,8),9),10),(11,12)))); -7699.01  -1.44673 79.8791 39.0748 26.5893 -7764.95 0.248161  0.24899 0.185291 0.317559 0.0431163  0.295462 0.0835773 0.0116877   0.56224 0.0039161
(1,2,((3,((4,5),6)),(((((7,8),9),10),11),12))); -7707.4  -1.16618 80.655 38.8691 25.3461 -7773.36 0.253528 0.222908 0.196299 0.327265  0.0665078   0.274258  0.0712219  0.0144235   0.571361 0.00222727
(1,2,((3,((4,5),6)),(((((7,8),9),10),12),11))); -7703.28  -1.39695 77.73 38.9263 22.6381 -7763.32 0.245969 0.252332 0.190944 0.310755  0.0759077    0.30555  0.0495779  0.0220813   0.541021 0.00586164
(1,2,((3,((4,5),6)),(((((7,8),9),10),11),12))); -7705.26  -1.16618 81.4326 38.7944 26.9125 -7773.65  0.24654 0.223957 0.187702 0.341801   0.054445   0.305091  0.0529593  0.0121364    0.56938 0.00598921
(1,2,((3,((4,5),6)),((((7,8),9),10),(11,12)))); -7701.68  -1.44673 81.3762 39.642 26.1023 -7768.07 0.240827 0.215304 0.214385 0.329484 0.0422554  0.312106 0.0512304 0.0148067  0.567031 0.0125704
(1,2,((3,((4,5),6)),(((((7,8),9),10),11),12))); -7711.21  -1.16618 81.608 38.8105 24.1079 -7776.95 0.225404 0.249489 0.202357 0.322751 0.0470285   0.32271 0.0606365 0.0133485  0.533958 0.0223184
(1,2,((3,((4,5),6)),((((7,8),9),10),(11,12)))); -7713.4  -1.44673 76.4052 38.3936 23.2064 -7773.17 0.214018 0.258167 0.207625  0.32019  0.057263  0.318706 0.0679167 0.0190774  0.526657 0.0103793
(1,(2,(((((7,8),9),10),11),12)),(3,((4,5),6))); -7702.23  -3.59734 81.0511 39.2277 27.1006 -7767.56  0.23472 0.239006 0.214417 0.311858 0.0429928  0.329244 0.0719869 0.0144695  0.531072 0.0102347
(1,2,((3,((4,5),6)),(((((7,8),9),10),12),11))); -7703.2  -1.39695 75.9136 39.0967 25.572 -7764.19 0.223714 0.233937 0.207383 0.334966  0.0556811   0.305145  0.0737475  0.0241251   0.532476 0.00882562
(1,2,((3,((4,5),6)),((((7,8),9),10),(11,12)))); -7696.47  -1.44673 79.3776 38.7661 27.1616 -7762.79 0.243941 0.237346 0.203743  0.31497  0.0522091   0.288459  0.0864219 0.00897308   0.548457  0.0154798
(1,2,((3,((4,5),6)),(((((7,8),9),10),11),12))); -7700.02  -1.16618 82.9679 38.9132 28.1624 -7771.07 0.226841 0.231185 0.213823 0.328151  0.0388085   0.296132   0.068728   0.014063    0.57624 0.00602831
(1,2,((3,((4,5),6)),((((7,8),9),10),(11,12)))); -7703.18  -1.44673 81.793 38.7579 24.8513 -7769.62 0.258022  0.23686 0.193848  0.31127  0.0793931    0.27846  0.0551071  0.0136198   0.564999 0.00842055
(1,(2,(((((7,8),9),10),11),12)),(3,((4,5),6))); -7707.19  -3.59734 77.0841 39.0941 27.3258 -7768.91 0.240325  0.23427 0.204899 0.320505  0.0478975   0.276789  0.0894107 0.00685262   0.568364  0.0106857
(1,2,((3,((4,5),6)),(((((7,8),9),10),12),11))); -7707.51  -1.39695 75.977 38.8788 22.7376 -7765.95  0.25362 0.235208  0.19469 0.316481 0.0491263  0.252619  0.096918 0.0140837  0.567155 0.0200986
(1,2,((3,(((((7,8),9),10),11),12)),((4,5),6))); -7732.67  -7.72886 78.1996 38.7611 24.9811 -7789.36 0.247686 0.246043 0.204319 0.301952  0.0338842   0.255338  0.0640742  0.0121684   0.626667 0.00786871
(1,2,(((3,(4,5)),6),(((((7,8),9),10),11),12))); -7710.26  -3.82773 81.1157 38.9912 26.4421 -7775 0.240371  0.22855 0.213898 0.317181   0.043055    0.32721  0.0563319   0.019945   0.549565 0.00389332
(1,2,((3,((4,5),6)),(((((7,8),9),10),11),12))); -7707.05  -1.16618 83.2727 38.9366 24.4609 -7774.68  0.26129 0.240823 0.185544 0.312342  0.0565715   0.340251  0.0557794 0.00981544   0.528967 0.00861568
(1,2,(((3,6),(4,5)),((((7,8),9),10),(11,12)))); -7700.88  -3.93462 80.9041 39.4347 28.0168 -7766.43 0.243903 0.231392 0.196015  0.32869  0.053169  0.294537 0.0700317  0.019361  0.548828 0.0140733
(1,2,((3,((4,5),6)),(((((7,8),9),10),12),11))); -7693.59  -1.39695 78.3102 38.4252 26.2831 -7758.37 0.251584 0.242912 0.181816 0.323689  0.0628774   0.270108  0.0742273  0.0160006   0.570342 0.00644488
(1,2,((3,((4,5),6)),(((((7,8),9),10),11),12))); -7702.91  -1.16618 83.5333 38.7665 27.4736 -7773.99 0.251718 0.214147  0.20763 0.326505  0.0416614   0.306301  0.0566053  0.0102561   0.577168 0.00800798
(1,2,((3,((4,5),6)),(((((7,8),9),10),12),11))); -7688.98  -1.39695 79.8999 38.4212 28.8063 -7757.87 0.242584 0.239313 0.191306 0.326796 0.0407056  0.304099 0.0676078  0.017826  0.562278 0.0074834
(1,2,((3,((4,5),6)),((((7,8),9),10),(11,12)))); -7696.02  -1.44673 82.7439 38.7713 27.4539 -7766 0.240364 0.233531 0.197781 0.328324  0.0629411   0.256077  0.0609327  0.0149798   0.597278 0.00779156
(1,2,((3,((4,5),6)),(((((7,8),9),10),11),12))); -7714.19  -1.16618 81.0134 38.7109 21.1052 -7776.43 0.256685 0.224338  0.19484 0.324137  0.0737112   0.320875  0.0647096   0.027097   0.509251 0.00435679
(1,2,((3,((4,5),6)),(((((7,8),9),10),12),11))); -7701.59  -1.39695 85.0077 38.8911 20.5821 -7766.89 0.262966 0.225727 0.175089 0.336218 0.0741956  0.273717 0.0736863 0.0182436  0.547427  0.012731
(1,2,(((3,6),(4,5)),((((7,8),9),10),(11,12)))); -7706.52  -3.93462 81.8744 39.4399 23.5792 -7768.6 0.252143 0.226775 0.185807 0.335274  0.0597904   0.294411  0.0845513 0.00795338   0.535253   0.018041
(1,2,((3,((4,5),6)),(((((7,8),9),10),11),12))); -7708.13  -1.16618 80.228 39.227 25.0589 -7773.02 0.273082 0.224274 0.186154  0.31649 0.0561177  0.295616 0.0738682 0.0117811  0.551421 0.0111961
(1,2,((3,((4,5),6)),(((((7,8),9),10),11),12))); -7714.54  -1.16618 76.6454 39.0766 25.6705 -7776.61 0.226296 0.259755 0.196588 0.317361  0.0466608   0.287457  0.0894502  0.0127938   0.555234 0.00840383
(1,2,((3,((4,5),6)),((((7,8),9),10),(11,12)))); -7699.42  -1.44673 80.9131 38.9616 21.8494 -7761.78 0.248619 0.227908 0.220727 0.302746  0.0574239   0.293218   0.069208  0.0248207   0.554032 0.00129794
(1,2,((3,((4,5),6)),(((((7,8),9),10),11),12))); -7707.01  -1.16618 84.8213 39.4081 25.5308 -7776.79  0.24707 0.248143 0.198393 0.306394 0.0700999  0.253658 0.0720895 0.0102876  0.585032 0.0088329
(1,2,((3,((4,5),6)),((((7,8),9),10),(11,12)))); -7698.46  -1.44673 79.6471 38.7678 27.2221 -7765.12 0.247687 0.233789 0.194939 0.323585 0.0587252  0.303726 0.0481986 0.0118277  0.563743 0.0137787
(1,2,(((3,6),(4,5)),(((((7,8),9),10),12),11))); -7686.53  -3.88485 83.2469 39.0696 28.5653 -7755.39 0.242942 0.236621 0.200342 0.320095   0.042292   0.276504  0.0584604   0.013452   0.605169 0.00412202
(1,2,((3,((4,5),6)),((((7,8),9),10),(11,12)))); -7700.64  -1.44673 77.8147 38.8801 26.6734 -7764.8 0.240159 0.234772 0.191281 0.333788 0.0504895  0.281821 0.0626448 0.0157928  0.569408 0.0198448
(1,2,((3,((4,5),6)),(((((7,8),9),10),12),11))); -7695.15  -1.39695 79.2632 39.0555 27.1247 -7761.09 0.250498 0.225391 0.211546 0.312565 0.0483438  0.281834 0.0597588 0.0204049  0.575131 0.0145269
(1,2,((3,((4,5),6)),((((7,8),9),10),(11,12)))); -7708.21  -1.44673 77.4905 39.2822 24.7082 -7769.68 0.214965 0.228512 0.206695 0.349828  0.0540845   0.313593  0.0685659 0.00931314   0.547338 0.00710528
(1,2,((3,((4,5),6)),(((((7,8),9),10),12),11))); -7691.98  -1.39695 78.436 38.834 27.6761 -7757.86 0.241053 0.239081 0.198127 0.321739  0.0458073   0.269613  0.0870034 0.00911202   0.576654  0.0118105
(1,2,((3,((4,5),6)),(((((7,8),9),10),11),12))); -7708.09  -1.16618 79.2918 38.4742 26.5087 -7774.25 0.257767 0.237142 0.184807 0.320284   0.040232   0.263235  0.0655519    0.01229   0.610827 0.00786442
(1,2,((3,((4,5),6)),((((7,8),9),10),(11,12)))); -7702.18  -1.44673 75.5434 38.4878 27.5499 -7765.34 0.259991 0.236671 0.200445 0.302893  0.0538238   0.283598    0.06009 0.00857628    0.58282  0.0110911
(1,2,((3,((4,5),6)),(((((7,8),9),10),11),12))); -7720.39  -1.16618 67.866 38.9303 25.0318 -7773.19 0.260736 0.247281 0.191166 0.300818 0.0540958  0.259871 0.0712897 0.0178239  0.584769 0.0121511
(1,2,((3,((4,5),6)),(((((7,8),9),10),11),12))); -7712.4  -1.16618 74.9093 38.5762 23.7347 -7771.31 0.223224 0.235793 0.206433  0.33455  0.0330425   0.255102  0.0755789  0.0209201   0.608185 0.00717152
(1,2,((3,((4,5),6)),((((7,8),9),10),(11,12)))); -7696.16  -1.44673 83.1598 38.7973 27.1332 -7766.21 0.219147 0.253819 0.200342 0.326692  0.053266  0.295585 0.0607037 0.0110712  0.570387 0.0089872
(1,2,((3,((4,5),6)),((((7,8),9),10),(11,12)))); -7703.58  -1.44673 77.4507 39.0572 25.8532 -7766.38 0.234927 0.254051 0.189325 0.321697   0.03663  0.304822 0.0575481 0.0220516  0.572115 0.0068338
(1,2,((3,((4,5),6)),((((7,8),9),10),(11,12)))); -7702.77  -1.44673 77.4461 38.9541 25.396 -7765.21 0.243671 0.230446 0.203781 0.322102 0.0453655  0.285099 0.0696334 0.0337602  0.556945 0.0091966
(1,2,((3,((4,5),6)),((((7,8),9),10),(11,12)))); -7700.69  -1.44673 81.3842 39.2134 24.4193 -7765.84 0.232342 0.245173 0.222878 0.299607 0.0570788  0.308834 0.0686641 0.0120344  0.536612 0.0167763
(1,2,(((3,(4,5)),6),(((((7,8),9),10),11),12))); -7713.31  -3.82773 83.2767 39.1257 23.9447 -7777.58  0.26887 0.224252  0.19602 0.310858  0.0428036   0.334053   0.056907  0.0212747   0.537148 0.00781339
(1,2,(((3,(4,5)),6),((((7,8),9),10),(11,12)))); -7700.12  -4.10827 83.6456 38.6529 28.5858 -7769.59  0.24867 0.232178 0.201621 0.317532  0.0398831   0.307103  0.0511974  0.0132536   0.581169 0.00739446
(1,2,((3,((4,5),6)),((((7,8),9),10),(11,12)))); -7705.88  -1.44673 75.8872 38.4238 25.8233 -7767.72 0.252872 0.225266  0.19543 0.326432 0.0714625  0.282951 0.0790309 0.0125338  0.541901  0.012121
(1,2,((3,((4,5),6)),(((((7,8),9),10),12),11))); -7703.84  -1.39695 82.2155 39.1181 24.0291 -7769.57 0.228518  0.24456 0.195407 0.331516  0.0363153   0.346625  0.0738243  0.0158055   0.517465 0.00996528
(1,2,((3,((4,5),6)),((((7,8),9),10),(11,12)))); -7703.16  -1.44673 80.8617 39.1782 25.0258 -7768.43 0.227097 0.212341 0.214379 0.346183  0.0587403    0.29407  0.0678562  0.0149362   0.556532 0.00786626
(1,2,((3,((4,5),6)),((((7,8),9),10),(11,12)))); -7705.44  -1.44673 79.5718 38.6024 25.9681 -7770.93 0.230363 0.235328 0.191085 0.343224  0.0407197   0.331196  0.0598217 0.00916234   0.554247 0.00485272
(1,2,((3,((4,5),6)),(((((7,8),9),10),12),11))); -7695.66  -1.39695 77.5567 38.9959 27.2174 -7760.04 0.230114  0.23722 0.206927 0.325739  0.0567067   0.317917  0.0504364  0.0166306   0.552892 0.00541736
(1,2,((3,((4,5),6)),((((7,8),9),10),(11,12)))); -7703.32  -1.44673 81.4648 39.4517 25.3641 -7769.25 0.216763 0.244135 0.208675 0.330426  0.0571119   0.307395  0.0504569 0.00841793   0.565987  0.0106315
(1,(2,((((7,8),9),10),(11,12))),(3,((4,5),6))); -7698.71  -3.87789 80.2411 39.2829 24.6992 -7760.49 0.255283 0.243026 0.200796 0.300895  0.0608522   0.337618  0.0557142   0.011832   0.529681 0.00430353
(1,2,((3,((4,5),6)),((((7,8),9),10),(11,12)))); -7700.03  -1.44673 81.982 38.7545 26.5052 -7768.32 0.228231 0.236213 0.192104 0.343452 0.0428863  0.323276 0.0688788 0.0101056  0.543738  0.011116
(1,2,((3,((4,5),6)),(((((7,8),9),10),11),12))); -7700.27  -1.16618 84.4042 38.9968 28.4966 -7773.01 0.243062 0.222529 0.198026 0.336384  0.0466761   0.278156  0.0705861 0.00916723   0.588909 0.00650491
(1,2,((3,((4,5),6)),(((((7,8),9),10),11),12))); -7708.84  -1.16618 78.5184 38.8933 26.1676 -7773.47 0.235081 0.220512 0.209852 0.334555  0.0307278   0.300219  0.0623499  0.0124859   0.588929 0.00528849
(1,(2,(((((7,8),9),10),12),11)),((3,6),(4,5))); -7695.69  -6.31601 81.4341 39.2945 25.5646 -7757.08 0.252652 0.222247 0.192955 0.332146  0.0566881   0.295609  0.0636099 0.00872488   0.555327  0.0200409
(1,2,((3,((4,5),6)),(((((7,8),9),10),11),12))); -7699.46  -1.16618 82.2141 38.9753 26.7973 -7768.33 0.242392 0.224842 0.211889 0.320877  0.0491069   0.296222  0.0596689 0.00933602   0.565646    0.02002
(1,2,((3,((4,5),6)),(((((7,8),9),10),12),11))); -7698.24  -1.39695 80.3403 39.2869 23.63 -7761.52 0.240311 0.250728 0.211021  0.29794 0.0499733  0.276012 0.0771821 0.0292522  0.556087 0.0114936
(1,(2,(((((7,8),9),10),11),12)),(3,((4,5),6))); -7714.34  -3.59734 75.6942 38.9513 24.7043 -7772.19 0.259488 0.227134 0.202243 0.311134 0.0454322    0.2486 0.0762506 0.0159621  0.597417 0.0163378
(1,2,((3,((4,5),6)),(((((7,8),9),10),12),11))); -7691.34  -1.39695 77.8191 38.2673 28.2066 -7757.7 0.233964 0.222498  0.21052 0.333019 0.0457795  0.296757 0.0686633 0.0105041  0.565264 0.0130319
(1,2,((3,((4,5),6)),((((7,8),9),10),(11,12)))); -7696.97  -1.44673 81.8631 38.8027 26.856 -7765.44 0.243187 0.235883 0.202431 0.318499 0.0364505  0.299103 0.0478282 0.0172431  0.586825   0.01255
(1,2,((3,((4,5),6)),(((((7,8),9),10),12),11))); -7691.69  -1.39695 80.0703 38.6837 27.9063 -7759.59 0.244119 0.229146 0.207362 0.319374 0.0531431  0.283983  0.066017 0.0103622  0.568171 0.0183238
(1,2,((3,((4,5),6)),(((((7,8),9),10),11),12))); -7702.46  -1.16618 80.2543 38.9305 28.0786 -7770.69 0.234743 0.250695 0.197755 0.316807  0.0521407   0.266283  0.0603344  0.0111399   0.602256 0.00784584
(1,2,((3,((4,5),6)),((((7,8),9),10),(11,12)))); -7703.58  -1.44673 80.586 38.5333 24.0172 -7768.2 0.234274 0.224748 0.209014 0.331964 0.0480412  0.333114 0.0465409 0.0157976  0.539465 0.0170414
(1,2,((3,((4,5),6)),(((((7,8),9),10),11),12))); -7711.69  -1.16618 82.923 38.9927 23.5672 -7778.02 0.233246 0.260049 0.189202 0.317503  0.0495051   0.315708  0.0481021  0.0244284   0.556327 0.00592903
(1,2,((3,((4,5),6)),((((7,8),9),10),(11,12)))); -7700.16  -1.44673 83.1013 39.2851 26.3485 -7768.88 0.247874 0.223656 0.195232 0.333239 0.0425895  0.295966 0.0469865 0.0132064   0.58704 0.0142113
(1,2,((3,((4,5),6)),((((7,8),9),10),(11,12)))); -7701.34  -1.44673 78.0828 39.0864 27.4835 -7766.38 0.232642 0.240355 0.202126 0.324876 0.0511932  0.316115 0.0699275 0.0131266  0.533693 0.0159449
(1,2,((3,((4,5),6)),(((((7,8),9),10),11),12))); -7699.82  -1.16618 81.674 38.9058 28.8337 -7770.26 0.239316 0.233004 0.202608 0.325072 0.0494875  0.282208 0.0620682 0.0150754  0.575891 0.0152698
(1,2,((3,((4,5),6)),((((7,8),9),10),(11,12)))); -7695.72  -1.44673 77.8917 38.7918 27.9211 -7761.3 0.236023 0.240414 0.205083 0.318481 0.0353798  0.292794 0.0762219 0.0175329  0.566895 0.0111768
(1,2,((3,((4,5),6)),(((((7,8),9),10),12),11))); -7687.08  -1.39695 84.3424 39.0939 27.605 -7758.53 0.242405 0.247013 0.195168 0.315415  0.0455889   0.307723  0.0625527  0.0236373   0.553486 0.00701246
(1,2,((3,((4,5),6)),((((7,8),9),10),(11,12)))); -7710.23  -1.44673 82.321 39.1661 20.3354 -7772.27 0.228971 0.218101 0.200539 0.352389  0.0505618    0.29573   0.103653    0.01772   0.528736 0.00360002
(1,2,((3,((4,5),6)),((((7,8),9),10),(11,12)))); -7696.18  -1.44673 79.5984 38.4932 28.4278 -7764.26 0.230875 0.223561 0.207744  0.33782  0.0490653   0.305273  0.0623945  0.0131999   0.563947 0.00612043
(1,2,((3,((4,5),6)),((((7,8),9),10),(11,12)))); -7706.88  -1.44673 71.2604 39.1228 26.2578 -7763.83 0.247027 0.222384 0.217863 0.312726 0.0474534  0.277764 0.0725544 0.0058447   0.58324 0.0131438
(1,2,((3,((4,5),6)),((((7,8),9),10),(11,12)))); -7702.61  -1.44673 75.4276 38.63 25.814 -7763.78 0.237367 0.232661 0.195018 0.334955  0.0307746    0.29591  0.0671695  0.0218963   0.579303 0.00494667
(1,2,((3,((4,5),6)),((((7,8),9),10),(11,12)))); -7703.64  -1.44673 80.7874 38.9572 24.9597 -7768.98 0.250256 0.215693 0.207619 0.326433  0.0733695   0.291226   0.062759 0.00676249   0.560972 0.00491078
(1,2,((3,((4,5),6)),((((7,8),9),10),(11,12)))); -7698.3  -1.44673 80.2809 39.1454 27.799 -7765.78 0.247609 0.224956 0.201194 0.326242   0.054991   0.292539  0.0578612  0.0224873   0.566583 0.00553871
(1,2,((3,((4,5),6)),(((((7,8),9),10),11),12))); -7710.62  -1.16618 80.4233 39.1502 24.1889 -7774.91 0.265401 0.231548 0.194819 0.308233 0.0375098  0.326471 0.0478593 0.0169629  0.559769  0.011428
(1,2,((3,((4,5),6)),((((7,8),9),10),(11,12)))); -7700.4  -1.44673 75.8421 38.5862 28.8021 -7765.01 0.243204 0.228924 0.195857 0.332015  0.0551877   0.310022  0.0592962  0.0147292    0.55115 0.00961417
(1,2,((3,((4,5),6)),((((7,8),9),10),(11,12)))); -7701.04  -1.44673 78.1619 38.9321 24.9391 -7763.76 0.246928 0.234167 0.212577 0.306327 0.0417422  0.309849 0.0665457  0.028815  0.540896 0.0121515
(1,(2,((((7,8),9),10),(11,12))),(3,((4,5),6))); -7696.19  -3.87789 78.8235 38.8579 26.9612 -7759.24  0.23136 0.241258 0.198339 0.329044  0.0332495   0.299596  0.0527275  0.0149858   0.593032 0.00640968
(1,2,((3,((4,5),6)),((((7,8),9),10),(11,12)))); -7695.56  -1.44673 79.7743 38.8353 27.3658 -7762.42 0.240877 0.223598 0.221719 0.313805  0.0457626   0.296273  0.0683491  0.0161453   0.569607 0.00386305
(1,2,((3,((4,5),6)),(((((7,8),9),10),11),12))); -7708.33  -1.16618 79.5884 38.4852 24.5583 -7772.82 0.233361 0.255152 0.204162 0.307325  0.0480401   0.270109   0.082609 0.00440903   0.585428 0.00940485
(1,2,((3,((4,5),6)),(((((7,8),9),10),11),12))); -7702.95  -1.16618 79.8882 38.6037 28.1109 -7771.18  0.23319 0.236325 0.214759 0.315726 0.0425617  0.275428 0.0775606 0.0146881  0.578678 0.0110843
(1,2,((3,((4,5),6)),((((7,8),9),10),(11,12)))); -7699.42  -1.44673 79.2787 38.8625 27.2823 -7765.67 0.246309 0.223397 0.206439 0.323855 0.0591029  0.318984  0.072097 0.0128852  0.525537 0.0113948
(1,2,(((3,(4,5)),6),((((7,8),9),10),(11,12)))); -7706.03  -4.10827 84.3446 38.8153 25.2504 -7772.7 0.260042 0.210982  0.20231 0.326666 0.0504677  0.289378 0.0560281 0.0151049  0.572906 0.0161151
(1,2,((3,((4,5),6)),((((7,8),9),10),(11,12)))); -7704.91  -1.44673 76.8757 38.5485 26.2064 -7768 0.222513 0.232622 0.194362 0.350504  0.0564142   0.296767  0.0638099  0.0122815   0.565673 0.00505433
(1,2,((3,((4,5),6)),((((7,8),9),10),(11,12)))); -7705.35  -1.44673 75.8286 38.9528 24.2839 -7765.06 0.234153 0.266595  0.20252 0.296732 0.0600529  0.288961 0.0561033 0.0107622  0.572444 0.0116766
(1,2,((3,((4,5),6)),(((((7,8),9),10),11),12))); -7701.61  -1.16618 82.9542 39.0164 27.8113 -7772.2 0.242603 0.235537 0.203735 0.318125  0.061891  0.291278 0.0508293 0.0158651  0.567717 0.0124203
(1,2,(((3,(4,5)),6),(((((7,8),9),10),12),11))); -7697.87  -4.0585 81.2619 38.6201 27.3463 -7763.8 0.249073 0.227637 0.215368 0.307923  0.0400966   0.280413  0.0570539 0.00923203   0.603706 0.00949913
(1,2,((3,((4,5),6)),(((((7,8),9),10),11),12))); -7706.24  -1.16618 85.1031 38.5977 24.1822 -7775.76 0.266936 0.240584 0.181931 0.310549  0.0428293   0.261809  0.0763759  0.0134417   0.600965 0.00457891
(1,2,((3,((4,5),6)),((((7,8),9),10),(11,12)))); -7706.52  -1.44673 78.5664 39.014 26.3849 -7771.02  0.22833  0.23695 0.199718 0.335002  0.0500935   0.323272  0.0834059 0.00976655   0.524823 0.00863887
(1,2,((3,((4,5),6)),(((((7,8),9),10),11),12))); -7698.1  -1.16618 84.6067 38.988 27.5842 -7770.14 0.250717 0.236289 0.201558 0.311436   0.057466    0.30651  0.0553482 0.00715724   0.560711  0.0128068
(1,2,(((3,(4,5)),6),((((7,8),9),10),(11,12)))); -7703.69  -4.10827 78.302 39.2185 28.3011 -7766.97 0.246464 0.225768 0.203308 0.324461  0.0487775   0.280491  0.0681304 0.00579797   0.587412 0.00939119
(1,2,((3,((4,5),6)),((((7,8),9),10),(11,12)))); -7701.46  -1.44673 76.4529 39.1072 27.8626 -7765.22 0.238432 0.219841 0.203292 0.338435  0.0524234   0.275901  0.0776593  0.0112508   0.573164 0.00960108
(1,2,((3,((4,5),6)),(((((7,8),9),10),11),12))); -7704.2  -1.16618 82.6049 39.5018 27.7989 -7773.94 0.235362 0.231732 0.207912 0.324994  0.0607283   0.265456  0.0685131  0.0192677   0.576535 0.00949997
(1,2,((3,((4,5),6)),(((((7,8),9),10),11),12))); -7720.14  -1.16618 70.4142 38.7379 22.5889 -7773.24  0.26542 0.243187 0.167832 0.323561 0.0423121  0.306215 0.0702757 0.0118796  0.558115 0.0112032
(1,2,((3,((4,5),6)),((((7,8),9),10),(11,12)))); -7694.25  -1.44673 82.1877 39.1897 26.9055 -7762.71 0.245778 0.240083 0.193731 0.320408   0.043934   0.283507  0.0728629 0.00814097   0.572233  0.0193228
(1,(2,(((((7,8),9),10),11),12)),(3,((4,5),6))); -7710.27  -3.59734 78.6183 39.2028 25.7148 -7771.8 0.253507 0.216356 0.206622 0.323515  0.0700433   0.284651  0.0733297  0.0148732     0.5528 0.00430258
(1,2,((3,((4,5),6)),(((((7,8),9),10),11),12))); -7705.33  -1.16618 79.3132 38.7975 27.9485 -7772.63 0.237619 0.239158 0.210731 0.312492  0.0508675   0.265706  0.0569337  0.0168766   0.599745 0.00987086
(1,(2,((((7,8),9),10),(11,12))),(3,((4,5),6))); -7697.99  -3.87789 77.796 38.8783 27.5206 -7760.55 0.251916 0.228577 0.210347  0.30916 0.0574417  0.260601 0.0719711 0.0109939  0.588676 0.0103163
(1,(2,(((((7,8),9),10),11),12)),(3,((4,5),6))); -7701.48  -3.59734 81.9822 38.9234 28.2604 -7769.2  0.23558 0.241596 0.202635 0.320189  0.0520937   0.307532  0.0594714  0.0215322   0.549999 0.00937196
(1,2,((3,((4,5),6)),((((7,8),9),10),(11,12)))); -7703.4  -1.44673 82.3676 38.7945 24.8824 -7770.41 0.229585 0.252687 0.192801 0.324926  0.0640889   0.319341  0.0523292 0.00824201   0.543641  0.0123571
(1,2,((3,((4,5),6)),(((((7,8),9),10),11),12))); -7707.73  -1.16618 82.2611 39.0994 25.0017 -7774.73 0.242756 0.212798 0.222376  0.32207 0.0580442  0.277421  0.067984 0.0188619  0.564089 0.0135995
(1,2,((3,((4,5),6)),(((((7,8),9),10),11),12))); -7702.95  -1.16618 82.9417 39.088 25.9662 -7771.6 0.235281 0.237812 0.202385 0.324522  0.0357299   0.287419   0.064955 0.00465467   0.593281  0.0139606
(1,2,((3,((4,5),6)),(((((7,8),9),10),11),12))); -7725.1  -1.16618 74.7301 38.7833 21.2019 -7781.08 0.242076 0.247266 0.192005 0.318653   0.084694   0.259021  0.0773333  0.0226478   0.552105 0.00419975
(1,2,((3,((4,5),6)),((((7,8),9),10),(11,12)))); -7700.55  -1.44673 73.3491 38.8716 28.9905 -7762.57 0.247529 0.239178 0.200893 0.312399  0.0405406   0.287853  0.0696601 0.00777692   0.586962  0.0072072
(1,2,((3,((4,5),6)),(((((7,8),9),10),11),12))); -7724.26  -1.16618 74.5332 39.0428 19.8863 -7778.47 0.233877 0.210443 0.213871 0.341809  0.079233   0.27884 0.0692919 0.0087446  0.544761 0.0191296
(1,2,((3,((4,5),6)),(((((7,8),9),10),12),11))); -7691.59  -1.39695 79.8647 39.1294 26.4982 -7757.43 0.246549 0.244858 0.208937 0.299656  0.0516169   0.318844  0.0584858  0.0202197   0.545471 0.00536215
(1,2,((3,((4,5),6)),((((7,8),9),10),(11,12)))); -7705.67  -1.44673 82.2772 39.1343 23.6512 -7771.02 0.241441 0.230882 0.211813 0.315865  0.0714202   0.257835  0.0475072  0.0212731   0.592494 0.00947063
(1,2,((3,((4,5),6)),(((((7,8),9),10),12),11))); -7693.48  -1.39695 81.1206 38.805 26.6831 -7761.08 0.219338 0.246876 0.204791 0.328995  0.0425227   0.298855  0.0740939  0.0193214   0.556726 0.00848095
(1,2,((3,((4,5),6)),(((((7,8),9),10),11),12))); -7708.77  -1.16618 80.1929 38.9608 26.3199 -7775.16  0.22678 0.231044 0.206607 0.335569  0.0561469   0.325214  0.0714102 0.00962686     0.5336 0.00400238
(1,2,((3,((4,5),6)),((((7,8),9),10),(11,12)))); -7695.97  -1.44673 80.8011 38.4265 25.8966 -7762.79  0.24528 0.230573 0.197418  0.32673  0.0501289   0.310843  0.0585856  0.0189734   0.559879 0.00159017
(1,2,((3,((4,5),6)),(((((7,8),9),10),12),11))); -7694.08  -1.39695 85.6509 38.8869 23.5688 -7763.02 0.251425 0.230746 0.193465 0.324364  0.0701232   0.251736  0.0493098  0.0139031   0.610944 0.00398379
(1,2,((3,((4,5),6)),(((((7,8),9),10),12),11))); -7694.28  -1.39695 79.7245 39.5836 27.4389 -7760.46 0.242433 0.218418 0.214085 0.325064  0.048144  0.283417 0.0629671 0.0177546  0.574028 0.0136889
(1,2,((3,((4,5),6)),(((((7,8),9),10),11),12))); -7702.56  -1.16618 81.9333 38.7955 27.3766 -7771.91 0.227417 0.238363 0.193731 0.340489 0.0447521  0.295428 0.0589977 0.0161791  0.572087 0.0125556
(1,2,((3,((4,5),6)),(((((7,8),9),10),12),11))); -7690.68  -1.39695 82.2876 39.2372 26.1296 -7758.46 0.234974 0.225272 0.212231 0.327522 0.0423363  0.298603 0.0550933 0.0213761  0.566539 0.0160517
(1,2,((3,((4,5),6)),(((((7,8),9),10),12),11))); -7686.02  -1.39695 81.5145 38.658 27.4791 -7754.95 0.244435 0.225171 0.205764  0.32463  0.0397226   0.314883  0.0655584  0.0157546   0.561227 0.00285489
(1,2,((3,((4,5),6)),(((((7,8),9),10),12),11))); -7689.26  -1.39695 81.8401 38.8122 26.8652 -7757.76 0.249146 0.218682 0.195525 0.336646  0.0460806   0.290823  0.0838025  0.0175397    0.55404 0.00771402
(1,2,(((3,6),(4,5)),(((((7,8),9),10),11),12))); -7703.68  -3.65408 83.4702 39.1672 28.7023 -7773.03 0.231144 0.244622 0.200281 0.323953  0.0457643   0.318785  0.0686505 0.00981931   0.548188 0.00879274
(1,2,((3,((4,5),6)),(((((7,8),9),10),11),12))); -7711.49  -1.16618 75.8892 39.0967 25.4032 -7772.51 0.231363 0.221772 0.211657 0.335208 0.0487066  0.278865 0.0577356 0.0259965  0.576999 0.0116976
(1,2,((3,((4,5),6)),(((((7,8),9),10),11),12))); -7701.32  -1.16618 81.3135 38.7051 28.7176 -7771.48 0.249451 0.241752 0.200364 0.308433 0.0545958  0.288228 0.0732802 0.0102086  0.561573 0.0121147
(1,2,((3,((4,5),6)),(((((7,8),9),10),12),11))); -7691.62  -1.39695 82.6664 38.6298 25.4528 -7759.71 0.236097  0.23605 0.218784 0.309069  0.0612581   0.275383  0.0697688  0.0262193   0.559174 0.00819706
(1,2,((3,((4,5),6)),(((((7,8),9),10),11),12))); -7708.97  -1.16618 78.2919 38.9917 26.206 -7773.31 0.229092 0.244758 0.208679 0.317471  0.069014  0.302539 0.0598555 0.0184354  0.539777 0.0103789
(1,2,((3,((4,5),6)),(((((7,8),9),10),12),11))); -7690.9  -1.39695 79.4878 39.3793 27.8861 -7757.5 0.251709 0.236934 0.192277 0.319079  0.041996  0.291282 0.0796705 0.0172845  0.557772 0.0119957
(1,2,((3,((4,5),6)),(((((7,8),9),10),11),12))); -7709.12  -1.16618 79.2939 39.2491 25.2322 -7773.23 0.223189 0.232812 0.191173 0.352826 0.0409425  0.294336  0.068316 0.0155424  0.568216 0.0126465
(1,(2,((((7,8),9),10),(11,12))),(3,((4,5),6))); -7692.17  -3.87789 82.3491 39.1976 27.1313 -7758.57 0.235826 0.225332   0.2183 0.320542  0.039914  0.302124 0.0614823 0.0198539  0.564893 0.0117325
(1,2,((3,((4,5),6)),(((((7,8),9),10),11),12))); -7701.24  -1.16618 80.3687 38.9102 28.8433 -7770.38 0.251277 0.238976 0.199866 0.309882  0.0565442   0.291276  0.0687192 0.00789863   0.569582 0.00597987
(1,2,(((3,(4,5)),6),((((7,8),9),10),(11,12)))); -7708.51  -4.10827 78.9482 38.593 25.7265 -7770.48 0.238245 0.238587 0.199556 0.323612 0.0275278  0.326678 0.0625773 0.0132483   0.55901 0.0109585
(1,2,((3,((4,5),6)),(((((7,8),9),10),11),12))); -7706.26  -1.16618 76.1055 38.6267 27.7326 -7770.31 0.246439 0.228195 0.204816  0.32055 0.0571895  0.325904  0.071902 0.0136618  0.525132 0.0062103
(1,2,((3,((4,5),6)),((((7,8),9),10),(11,12)))); -7713.52  -1.44673 73.0104 38.7049 20.7538 -7767.13 0.245097 0.214779 0.219615 0.320509  0.075011  0.312152 0.0483971 0.0132103  0.533087 0.0181432
(1,2,((3,((4,5),6)),((((7,8),9),10),(11,12)))); -7694.44  -1.44673 81.8581 38.7714 26.5101 -7762.59 0.231475 0.254207 0.188033 0.326284  0.0411585   0.268884  0.0616473  0.0138027   0.605473 0.00903399
(1,2,((3,((4,5),6)),(((((7,8),9),10),11),12))); -7717.37  -1.16618 76.0419 38.5505 23.5665 -7777.26 0.232129 0.223112 0.224787 0.319971  0.0293104   0.282034  0.0584459  0.0165612   0.608547 0.00510119
(1,2,((3,((4,5),6)),((((7,8),9),10),(11,12)))); -7705.85  -1.44673 77.7775 39.2797 25.4705 -7768.37 0.229332 0.216397 0.217016 0.337255  0.0513267   0.306656   0.056523  0.0201313   0.555611 0.00975139
(1,2,((3,((4,5),6)),((((7,8),9),10),(11,12)))); -7699.98  -1.44673 78.6591 38.6181 24.7114 -7763.28 0.259975 0.220553  0.21278 0.306693  0.0348241   0.297572  0.0686508 0.00573696   0.581672  0.0115442
(1,2,((3,((4,5),6)),(((((7,8),9),10),11),12))); -7705.68  -1.16618 80.88 39.1024 26.7935 -7773.08 0.253086  0.23184 0.194372 0.320702  0.0417597   0.296488  0.0595096  0.0264514   0.569813 0.00597862
(1,2,((3,((4,5),6)),((((7,8),9),10),(11,12)))); -7710.81  -1.44673 78.3647 38.8601 22.8353 -7771.71  0.23183  0.26265 0.198786 0.306735 0.0553714  0.318297 0.0652648 0.0253042   0.52352 0.0122416
(1,2,((3,((4,5),6)),(((((7,8),9),10),11),12))); -7700.09  -1.16618 83.0286 38.8014 27.7815 -7770.93 0.258701 0.236547 0.204273 0.300479 0.0463219  0.293799 0.0609145 0.0117988  0.574508  0.012658
(1,2,((3,((4,5),6)),(((((7,8),9),10),11),12))); -7705.21  -1.16618 78.816 38.4072 27.8076 -7772.26 0.244123 0.249547 0.192436 0.313894   0.036211   0.304145  0.0616201 0.00997227   0.577623  0.0104287
(1,2,((3,((4,5),6)),(((((7,8),9),10),11),12))); -7704.87  -1.16618 77.834 38.6937 28.6328 -7771.48  0.24407 0.228004 0.215437  0.31249  0.0425096   0.277929  0.0624911  0.0136511   0.594915 0.00850451
(1,2,((3,((4,5),6)),((((7,8),9),10),(11,12)))); -7704.76  -1.44673 78.8022 39.6364 25.9801 -7768.46 0.254871 0.233297 0.196565 0.315267 0.0741283  0.293244 0.0646556 0.0177972  0.539589 0.0105858
(1,2,((3,((4,5),6)),((((7,8),9),10),(11,12)))); -7711.46  -1.44673 80.2062 38.7828 22.7222 -7774.16 0.228477 0.230273 0.192501  0.34875  0.0484019   0.317216  0.0970213   0.014201   0.515515 0.00764462
(1,2,(((3,6),(4,5)),(((((7,8),9),10),12),11))); -7689.67  -3.88485 79.1153 39.3072 29.738 -7755.34 0.239929 0.227847 0.209348 0.322876  0.0434186   0.296591  0.0691087  0.0129038   0.568816 0.00916215
(1,2,((3,((4,5),6)),(((((7,8),9),10),12),11))); -7697.68  -1.39695 81.054 39.4823 24.9595 -7762.82 0.241757 0.213836  0.21652 0.327886 0.0528749  0.272836 0.0926585 0.0103274  0.561013 0.0102896
(1,2,(((3,6),(4,5)),((((7,8),9),10),(11,12)))); -7701.15  -3.93462 79.4552 38.7697 26.1407 -7764.05  0.23345 0.240367 0.205278 0.320905  0.0596557   0.291297  0.0789437 0.00700839    0.54583  0.0172649
(1,2,((3,((4,5),6)),((((7,8),9),10),(11,12)))); -7692.81  -1.44673 83.0988 38.7346 28.2225 -7763.95 0.254841 0.223555 0.191534 0.330071   0.054515   0.300702  0.0614091  0.0156046   0.559881 0.00788916
(1,(2,((((7,8),9),10),(11,12))),(3,((4,5),6))); -7697.25  -3.87789 76.984 38.9896 25.5083 -7756.87  0.24966 0.242562 0.213499 0.294279  0.0409305   0.316364  0.0573587  0.0210254   0.557229 0.00709272
(1,2,(((3,6),(4,5)),((((7,8),9),10),(11,12)))); -7700.1  -3.93462 77.7229 38.9345 27.6856 -7762.64 0.227352 0.234222 0.222655 0.315771 0.0480538   0.30393 0.0631222 0.0134284  0.560934  0.010531
(1,2,((3,((4,5),6)),(((((7,8),9),10),11),12))); -7703.03  -1.16618 81.4797 39.1351 27.2246 -7771.44 0.240334 0.221475 0.204393 0.333799  0.0359348    0.28728  0.0750529 0.00824864   0.582307  0.0111759
(1,2,((3,((4,5),6)),((((7,8),9),10),(11,12)))); -7697.2  -1.44673 79.2018 38.5906 26.9074 -7763.28  0.25865 0.241083 0.194445 0.305823  0.0530724   0.267109  0.0806994 0.00916334   0.581456 0.00849975
(1,2,((3,((4,5),6)),(((((7,8),9),10),11),12))); -7710.55  -1.16618 75.072 38.7184 25.0354 -7770.78 0.239893 0.231175  0.18667 0.342262  0.0501335   0.301795  0.0575256 0.00884244   0.561485  0.0202185
(1,2,((3,((4,5),6)),((((7,8),9),10),(11,12)))); -7702.72  -1.44673 77.8234 38.8995 26.5743 -7766.77 0.223184 0.236684 0.205353 0.334779   0.042504   0.321224  0.0544903  0.0102616   0.567474 0.00404635
(1,2,(((3,6),(4,5)),((((7,8),9),10),(11,12)))); -7703.84  -3.93462 80.3865 39.0632 24.1408 -7765.37 0.226815 0.239729 0.206257   0.3272 0.0415404  0.238028 0.0708151 0.0110767  0.625592 0.0129475
(1,2,((3,((4,5),6)),((((7,8),9),10),(11,12)))); -7689.69  -1.44673 85.3394 39.1398 27.7863 -7762.23 0.256698 0.230461 0.204118 0.308723 0.0439331  0.317912 0.0679425 0.0134045  0.544364 0.0124439
(1,2,((3,((4,5),6)),((((7,8),9),10),(11,12)))); -7699.55  -1.44673 76.6426 38.8386 26.6658 -7762.57 0.246491  0.24116  0.20399  0.30836  0.0382435   0.307684  0.0804872 0.00797459   0.562444 0.00316699
(1,2,((3,((4,5),6)),(((((7,8),9),10),11),12))); -7707.53  -1.16618 79.7447 38.9778 27.0015 -7774.13 0.235713 0.236557 0.205892 0.321838 0.0629424  0.275518 0.0851646 0.0106678  0.552728 0.0129796
(1,2,((3,((4,5),6)),(((((7,8),9),10),11),12))); -7703.81  -1.16618 79.4164 39.2681 29.0132 -7771.81 0.234722 0.239651 0.200641 0.324987  0.049348  0.300453 0.0767598 0.0125351  0.548979 0.0119253
(1,2,((3,((4,5),6)),(((((7,8),9),10),12),11))); -7697.21  -1.39695 71.5276 38.4752 26.8081 -7755.68 0.239184 0.253665 0.185327 0.321823 0.0430119  0.269588 0.0613413 0.0147687  0.602083 0.0092072
(1,2,((3,((4,5),6)),(((((7,8),9),10),11),12))); -7706.04  -1.16618 80.031 38.8652 26.8137 -7772.86 0.229248 0.238919 0.197664 0.334169 0.0578372  0.320932 0.0554155 0.0103297  0.542776 0.0127096
(1,2,((3,((4,5),6)),(((((7,8),9),10),12),11))); -7691.03  -1.39695 78.3279 39.174 28.2096 -7757 0.230408 0.229798 0.217181 0.322613  0.0555175   0.300087  0.0708695  0.0158827   0.549458 0.00818589
(1,2,((3,((4,5),6)),((((7,8),9),10),(11,12)))); -7705.06  -1.44673 76.4054 38.9847 26.2146 -7767.25 0.250742 0.237107 0.207811  0.30434   0.039706   0.313226  0.0456287  0.0166024   0.575846 0.00899069
(1,2,((3,((4,5),6)),(((((7,8),9),10),12),11))); -7692.17  -1.39695 81.1981 38.5771 26.4285 -7759.82 0.235576   0.2346 0.211384 0.318439 0.0546633  0.339243 0.0565903 0.0133491  0.532035 0.0041191
(1,2,((3,((4,5),6)),(((((7,8),9),10),11),12))); -7709.41  -1.16618 83.1472 38.9286 22.9229 -7775.38   0.2268 0.243211 0.189833 0.340156 0.0606939  0.260627 0.0716786 0.0228303  0.566751 0.0174186
(1,2,((3,((4,5),6)),(((((7,8),9),10),11),12))); -7705.35  -1.16618 76.2816 39.0076 28.4769 -7769.93 0.241908 0.233929 0.193177 0.330986 0.0580814  0.267401 0.0712947 0.0118909  0.581048 0.0102834
(1,2,((3,((4,5),6)),(((((7,8),9),10),11),12))); -7704.61  -1.16618 81.1047 38.8661 26.6115 -7772.29 0.244826 0.230222 0.192866 0.332086  0.0409987   0.272691  0.0766808   0.023978   0.575656 0.00999619
(1,2,((3,((4,5),6)),(((((7,8),9),10),11),12))); -7709.55  -1.16618 73.0627 38.1779 27.9142 -7771.19 0.253506 0.219975 0.202558 0.323961  0.0592769    0.29119   0.060594 0.00788501   0.575021   0.006033
(1,2,((3,((4,5),6)),((((7,8),9),10),(11,12)))); -7701.23  -1.44673 78.1027 38.7572 27.9456 -7767.07 0.246372 0.236101 0.187325 0.330203  0.0576098   0.297258   0.070222  0.0181922    0.54789 0.00882867
(1,2,(((3,(4,5)),6),((((7,8),9),10),(11,12)))); -7701.1  -4.10827 80.7783 38.472 28.4745 -7767.77 0.235166 0.244916 0.207563 0.312355  0.0482514   0.283616  0.0614163 0.00894567   0.584545  0.0132259
(1,2,((3,((4,5),6)),(((((7,8),9),10),12),11))); -7691  -1.39695 79.5029 39.364 27.7223 -7757.46 0.245955 0.222759 0.217053 0.314233  0.0468614   0.285172  0.0692636  0.0208597   0.570176 0.00766723
(1,(2,(3,((4,5),6))),(((((7,8),9),10),11),12)); -7719.13  -8.03392 75.6442 38.6393 28.1668 -7776.27 0.235607 0.246896 0.204177 0.313321  0.0631308   0.306137  0.0602386  0.0116721   0.549104 0.00971666
(1,2,((3,((4,5),6)),(((((7,8),9),10),11),12))); -7711.72  -1.16618 76.1033 39.1145 26.2184 -7773.76 0.232402 0.249612 0.192007 0.325979 0.0340384  0.303896 0.0777355 0.0165792  0.556032 0.0117185
(1,2,((3,((4,5),6)),(((((7,8),9),10),11),12))); -7700.56  -1.16618 80.869 38.9377 28.6329 -7769.96 0.252745 0.218957 0.211091 0.317207 0.0490906  0.285853 0.0691922 0.0140767  0.573749 0.0080381
(1,2,(((3,(4,5)),6),(((((7,8),9),10),11),12))); -7709.05  -3.82773 83.2198 38.6368 26.2739 -7776.08 0.235684 0.237513 0.222182 0.304621   0.052583   0.325869  0.0722592   0.012093   0.529285 0.00791057
(1,(2,(((((7,8),9),10),12),11)),(3,((4,5),6))); -7689.46  -3.82811 82.0251 39.023 27.2167 -7755.85 0.250186 0.223724 0.211073 0.315016 0.0604382   0.28432 0.0514756 0.0117906  0.579822 0.0121538
(1,2,((3,((4,5),6)),((((7,8),9),10),(11,12)))); -7695.83  -1.44673 81.8666 38.3593 27.58 -7765.47  0.24859 0.226055 0.194528 0.330827 0.0438501  0.308583  0.057058 0.0192048  0.559052 0.0122527
(1,2,((3,((4,5),6)),(((((7,8),9),10),11),12))); -7704.95  -1.16618 84.1541 38.8337 25.4397 -7774.54 0.235567 0.237852 0.196304 0.330277 0.0514933  0.262993 0.0938553 0.0146286  0.562064 0.0149652
(1,2,((3,((4,5),6)),(((((7,8),9),10),12),11))); -7694  -1.39695 79.1305 38.1229 26.2863 -7759.9  0.25159 0.249851 0.195667 0.302892 0.0676992  0.291608 0.0642136 0.0172228  0.550163 0.0090933
(1,2,((3,((4,5),6)),(((((7,8),9),10),12),11))); -7698.27  -1.39695 76.764 38.7873 23.7039 -7758.56 0.262125  0.24774 0.196677 0.293458  0.0365128   0.312205  0.0747599  0.0215725   0.547975 0.00697443
(1,2,((3,((4,5),6)),((((7,8),9),10),(11,12)))); -7703.1  -1.44673 77.2031 38.6844 27.3375 -7767.51 0.237787 0.234211 0.211744 0.316258  0.0620001   0.286038  0.0500152  0.0105125   0.586928 0.00450678
(1,2,((3,((4,5),6)),((((7,8),9),10),(11,12)))); -7708.04  -1.44673 78.4984 39.0625 25.808 -7771.84 0.227375 0.244778 0.204265 0.323583 0.0751877  0.304806 0.0622356  0.012278  0.540243 0.0052498
(1,2,((3,((4,5),6)),(((((7,8),9),10),12),11))); -7691.21  -1.39695 77.3359 38.9192 28.5324 -7756.76 0.247437 0.224733 0.206886 0.320944  0.0459076   0.326318   0.063038  0.0119268   0.543816 0.00899345
(1,2,(((3,6),(4,5)),((((7,8),9),10),(11,12)))); -7696.9  -3.93462 80.9122 38.6671 28.6362 -7763.84 0.249886 0.224859 0.193916  0.33134  0.0489221   0.286449  0.0791463   0.011003   0.567337 0.00714278
(1,2,(((3,(4,5)),6),(((((7,8),9),10),12),11))); -7701.24  -4.0585 83.6525 38.6077 25.9174 -7768.14 0.236151 0.243071   0.2007 0.320079 0.0462742  0.325163 0.0833042 0.0105187  0.519874 0.0148657
(1,2,((3,((4,5),6)),((((7,8),9),10),(11,12)))); -7699.49  -1.44673 76.531 39.1232 27.0647 -7762.52  0.24929 0.219609 0.221116 0.309985  0.0392083   0.304017  0.0684829   0.014094   0.567316 0.00688195
(1,2,((3,((4,5),6)),((((7,8),9),10),(11,12)))); -7699.98  -1.44673 80.2339 38.7328 26.5928 -7766.62 0.257773 0.233704 0.190823   0.3177 0.0599613  0.291161 0.0578766 0.0218073  0.564422 0.0047717
(1,2,(((3,6),(4,5)),((((7,8),9),10),(11,12)))); -7699.53  -3.93462 78.5325 38.7542 28.7027 -7764.08 0.251502  0.23142 0.202647 0.314431  0.0561911   0.299431  0.0569446  0.0122103   0.571177 0.00404591
(1,2,((3,((4,5),6)),(((((7,8),9),10),11),12))); -7701.37  -1.16618 85.5756 39.2012 26.7362 -7773.31 0.249104 0.222272 0.213451 0.315173 0.0639434  0.290858 0.0762671 0.0166436  0.541468 0.0108193
(1,(2,(((((7,8),9),10),12),11)),(3,((4,5),6))); -7697.69  -3.82811 79.8985 39.1189 25.1163 -7759.76 0.261068 0.218256 0.199193 0.321483  0.0696346   0.292011  0.0743924  0.0178786   0.537133 0.00894984
(1,2,((3,((4,5),6)),((((7,8),9),10),(11,12)))); -7707.66  -1.44673 82.57 38.7785 23.5261 -7773.53 0.243159 0.226331 0.216535 0.313975 0.0631475  0.243378 0.0658429 0.0207665  0.591607 0.0152583
(1,2,((3,((4,5),6)),((((7,8),9),10),(11,12)))); -7708.95  -1.44673 79.4433 38.973 24.3103 -7772.29 0.266505  0.22893 0.184267 0.320299  0.0453401   0.295393  0.0446917  0.0151207    0.59408 0.00537397
