tree logl logTop logBL logPrior logQ logWt pi1 pi2 pi3 pi4 s1 s2 s3 s4 s5 s6
(1,(2,(((((7,8),9),10),11),12)),(3,((4,5),6))); -7707.66  0 76.368 38.8686 29.1789 -7774.34 0.255794 0.231491 0.201089 0.311627  0.0500119   0.275166  0.0591131 0.00751891   0.597919  0.0102707
(1,(2,(((((7,8),9),10),11),12)),(3,((4,5),6))); -7697.26  0 83.1851 38.7961 29.9928 -7771.64 0.249046 0.226826 0.203577 0.320551  0.0531108   0.310959  0.0653695 0.00697557    0.55583 0.00775506
(1,(2,(((((7,8),9),10),11),12)),(3,((4,5),6))); -7710.62  0 77.9303 39.1802 23.663 -7773.04 0.221313 0.234388 0.205313 0.338985 0.0557623    0.2766 0.0852877 0.0129678  0.557336 0.0120463
(1,(2,(((((7,8),9),10),11),12)),(3,((4,5),6))); -7699.04  0 81.1066 38.8072 29.3217 -7770.67 0.241607 0.246353 0.194228 0.317812 0.0396667  0.291989 0.0589484 0.0142349  0.584459 0.0107028
(1,(2,(((((7,8),9),10),11),12)),(3,((4,5),6))); -7708.65  0 76.4497 39.0837 25.2122 -7771.23 0.249674 0.235315 0.213686 0.301325  0.0447074   0.316165  0.0848183 0.00571971   0.533308  0.0152808
(1,(2,(((((7,8),9),10),11),12)),(3,((4,5),6))); -7699.84  0 81.0582 38.8213 29.4449 -7771.52 0.238017 0.235593  0.21498  0.31141   0.050722   0.302583  0.0676271  0.0184795   0.550633 0.00995492
(1,(2,(((((7,8),9),10),11),12)),(3,((4,5),6))); -7706.91  0 77.7809 39.107 26.6619 -7772.24 0.247115 0.255836 0.207059  0.28999 0.0445031  0.303866  0.065232  0.013847  0.558539 0.0140125
(1,(2,(((((7,8),9),10),11),12)),(3,((4,5),6))); -7704.47  0 75.5261 38.7274 29.9659 -7771.23 0.243528 0.245476 0.194126  0.31687   0.049804   0.310995  0.0733444  0.0117516   0.545786 0.00831912
(1,(2,(((((7,8),9),10),11),12)),(3,((4,5),6))); -7699.99  0 80.6401 39.2414 29.8165 -7771.21 0.248129 0.238066 0.208716 0.305089 0.0484393  0.275477 0.0743214  0.011611  0.575845 0.0143056
(1,(2,(((((7,8),9),10),11),12)),(3,((4,5),6))); -7697.97  0 83.6891 38.7535 29.5208 -7772.43 0.249583 0.244201 0.205172 0.301045 0.0468828  0.277742 0.0759573 0.0131557  0.574967 0.0112959
(1,(2,(((((7,8),9),10),11),12)),(3,((4,5),6))); -7710.12  0 71.6244 39.1991 27.1106 -7769.66 0.253871 0.216132 0.212055 0.317942  0.058322  0.296299 0.0736994 0.0114213  0.550853 0.0094053
(1,(2,(((((7,8),9),10),11),12)),(3,((4,5),6))); -7699.96  0 83.7131 39.1042 27.5475 -7772.11 0.233526 0.257982 0.202018 0.306474 0.0455524  0.305827  0.054857 0.0162933  0.567656 0.0098149
(1,(2,(((((7,8),9),10),11),12)),(3,((4,5),6))); -7702.1  0 82.0701 38.8934 26.839 -7772.11 0.242195  0.24784 0.199372 0.310592 0.0621492   0.30433 0.0459021 0.0131951  0.562873 0.0115505
(1,(2,(((((7,8),9),10),11),12)),(3,((4,5),6))); -7702.38  0 80.4588 38.869 29.7381 -7773.71 0.253193 0.227392  0.20429 0.315125  0.0465428   0.290938  0.0579748 0.00961283   0.588737 0.00619383
(1,(2,(((((7,8),9),10),11),12)),(3,((4,5),6))); -7704.37  0 74.9082 38.3264 29.7397 -7770.69 0.239016 0.238184 0.205984 0.316816 0.0464588  0.290382 0.0714017 0.0184176   0.56055 0.0127897
(1,(2,(((((7,8),9),10),11),12)),(3,((4,5),6))); -7705.43  0 78.0528 39.2887 27.3746 -7771.57 0.242819 0.222077 0.219699 0.315405  0.0653382   0.290168  0.0660509 0.00782553   0.561475 0.00914302
(1,(2,(((((7,8),9),10),11),12)),(3,((4,5),6))); -7702.37  0 78.2107 38.5229 28.7941 -7770.85 0.234891  0.24425 0.201619  0.31924  0.0404633   0.271339  0.0730164 0.00926982   0.592352  0.0135594
(1,(2,(((((7,8),9),10),11),12)),(3,((4,5),6))); -7698.18  0 83.6315 39.5245 30.1603 -7772.45 0.230476 0.240666  0.20399 0.324869  0.0545254   0.290914  0.0701173 0.00736088   0.566405  0.0106774
(1,(2,(((((7,8),9),10),11),12)),(3,((4,5),6))); -7697.26  0 82.5653 38.7717 29.5772 -7770.63  0.24096 0.235169 0.221661 0.302209 0.0484335  0.300172  0.057401 0.0109326  0.571997 0.0110636
(1,(2,(((((7,8),9),10),11),12)),(3,((4,5),6))); -7701.9  0 78.1032 39.1347 30.6929 -7771.56 0.244955 0.231217 0.209689 0.314139  0.0466935   0.278059  0.0729313 0.00847536   0.582468  0.0113723
(1,(2,(((((7,8),9),10),11),12)),(3,((4,5),6))); -7702.92  0 83.8496 39.3772 28.3142 -7775.71 0.241299  0.24092 0.213918 0.303863  0.0481132   0.267179  0.0564406 0.00875862   0.610815  0.0086938
(1,(2,(((((7,8),9),10),11),12)),(3,((4,5),6))); -7698.48  0 82.8758 38.8884 29.5032 -7771.97 0.249137 0.246107 0.204166  0.30059  0.0505714   0.310276  0.0526444  0.0111025   0.566951 0.00845442
(1,(2,(((((7,8),9),10),11),12)),(3,((4,5),6))); -7701.76  0 78.6638 38.6446 27.2993 -7769.08 0.248226 0.225752 0.204449 0.321572  0.0518243   0.311101  0.0735902  0.0125953   0.547068 0.00382193
(1,(2,(((((7,8),9),10),11),12)),(3,((4,5),6))); -7705.97  0 80.4807 38.8324 27.6328 -7775.25 0.243659 0.237384 0.210692 0.308265  0.0304378   0.300962  0.0590228 0.00992115   0.591284 0.00837216
(1,(2,(((((7,8),9),10),11),12)),(3,((4,5),6))); -7714.48  0 78.4236 39.0838 22.8175 -7776.63 0.233438 0.230112 0.214873 0.321577 0.0326315  0.296474 0.0431514 0.0133719  0.602473 0.0118982
(1,(2,(((((7,8),9),10),11),12)),(3,((4,5),6))); -7705.92  0 78.3271 38.9146 26.6221 -7771.96 0.251554 0.246858 0.192924 0.308664  0.0584434   0.307894  0.0819134  0.0110037   0.533985 0.00676091
(1,(2,(((((7,8),9),10),11),12)),(3,((4,5),6))); -7699.72  0 80.522 38.9456 28.4435 -7769.74 0.244974 0.226815 0.212742 0.315469  0.0571435   0.294695  0.0640513 0.00436267   0.569643  0.0101045
(1,(2,(((((7,8),9),10),11),12)),(3,((4,5),6))); -7698.65  0 82.3606 38.9644 29.9406 -7771.99 0.250218 0.231285 0.204115 0.314382  0.0538166   0.274829  0.0772363 0.00899519   0.574621  0.0105012
(1,(2,(((((7,8),9),10),11),12)),(3,((4,5),6))); -7709.57  0 75.2256 38.3839 26.2319 -7772.65 0.251777 0.243707 0.197426  0.30709  0.0485976   0.254268  0.0602466 0.00902894   0.614203  0.0136559
(1,(2,(((((7,8),9),10),11),12)),(3,((4,5),6))); -7711.3  0 74.6721 38.3767 24.4548 -7772.05 0.228603 0.237549 0.225413 0.308435  0.0594293   0.305732  0.0712489  0.0181674   0.539585 0.00583737
(1,(2,(((((7,8),9),10),11),12)),(3,((4,5),6))); -7701.05  0 78.0567 38.475 31.3602 -7771.99 0.247884 0.238293 0.209051 0.304773  0.0457305   0.293069  0.0618322 0.00861779   0.580263  0.0104866
(1,(2,(((((7,8),9),10),11),12)),(3,((4,5),6))); -7702.67  0 80.6668 39.2044 29.1891 -7773.32 0.232133  0.23708 0.209775 0.321011  0.0449335   0.308677  0.0786254 0.00667073   0.550083  0.0110102
(1,(2,(((((7,8),9),10),11),12)),(3,((4,5),6))); -7706.31  0 83.4644 39.136 23.5534 -7774.19 0.261905  0.23353 0.206397 0.298168 0.0347544  0.310568 0.0543053 0.0102561  0.570467 0.0196495
(1,(2,(((((7,8),9),10),11),12)),(3,((4,5),6))); -7698.92  0 80.4296 39.0583 30.3153 -7770.6 0.242241 0.250824 0.200225  0.30671 0.0506645  0.289042 0.0610259 0.0140659  0.574505 0.0106967
(1,(2,(((((7,8),9),10),11),12)),(3,((4,5),6))); -7709.79  0 71.6485 39.0296 26.8358 -7769.24 0.237976 0.241738 0.209123 0.311163 0.0525846  0.289012 0.0573152 0.0113398  0.565757  0.023991
(1,(2,(((((7,8),9),10),11),12)),(3,((4,5),6))); -7700.41  0 82.9976 39.2016 29.3331 -7773.54 0.250518  0.22779  0.20555 0.316143   0.057753   0.275332  0.0742385  0.0105069   0.574955 0.00721466
(1,(2,(((((7,8),9),10),11),12)),(3,((4,5),6))); -7703.91  0 80.812 38.7008 26.9286 -7772.95 0.248644 0.235843 0.191634 0.323879  0.0482374   0.321562  0.0569127  0.0185871   0.546237 0.00846394
(1,(2,(((((7,8),9),10),11),12)),(3,((4,5),6))); -7706.41  0 75.9667 38.7067 25.3052 -7768.97 0.250938 0.233405 0.212465 0.303192  0.0612319   0.329977  0.0607638 0.00505512   0.530214  0.0127582
(1,(2,(((((7,8),9),10),11),12)),(3,((4,5),6))); -7694.8  0 84.0113 39.0602 30.9074 -7770.66 0.239124 0.235952 0.213164  0.31176 0.0468423  0.311314 0.0628351 0.0103073  0.555251 0.0134504
(1,(2,(((((7,8),9),10),11),12)),(3,((4,5),6))); -7710.97  0 72.6465 38.4587 28.6072 -7773.76 0.238373 0.235719 0.210005 0.315903 0.0373951  0.321974 0.0520816 0.0121452  0.565636 0.0107683
(1,(2,(((((7,8),9),10),11),12)),(3,((4,5),6))); -7705.98  0 76.9679 38.9959 26.9655 -7770.92 0.242346 0.249356 0.199332 0.308965 0.0551391  0.286136 0.0684121 0.0126151  0.555948 0.0217498
(1,(2,(((((7,8),9),10),11),12)),(3,((4,5),6))); -7700.26  0 79.4447 38.6766 30.3397 -7771.37 0.240546  0.24522 0.198041 0.316193    0.04766   0.278097  0.0740762 0.00836894   0.583704 0.00809384
(1,(2,(((((7,8),9),10),11),12)),(3,((4,5),6))); -7702.91  0 78.1783 38.6858 27.8701 -7770.27 0.255648 0.233746 0.190647  0.31996  0.0566541    0.28816  0.0728677 0.00882222   0.558908  0.0145873
(1,(2,(((((7,8),9),10),11),12)),(3,((4,5),6))); -7708.4  0 76.4637 39.5806 26.8952 -7772.18 0.250715 0.228992 0.202642 0.317651  0.0535696   0.273415  0.0743059  0.0138582   0.581085 0.00376686
(1,(2,(((((7,8),9),10),11),12)),(3,((4,5),6))); -7702.6  0 80.1453 38.9551 28.4959 -7772.29 0.239424 0.233066 0.202975 0.324534  0.0445809   0.283424  0.0575858 0.00485944   0.599654 0.00989609
(1,(2,(((((7,8),9),10),11),12)),(3,((4,5),6))); -7702.37  0 82.6024 38.9213 25.5655 -7771.61  0.25073 0.243782 0.203633 0.301855 0.0511681  0.318813 0.0616534 0.0111849  0.534522 0.0226582
(1,(2,(((((7,8),9),10),11),12)),(3,((4,5),6))); -7699.98  0 80.0917 38.8982 30.387 -7771.56 0.249133 0.243365 0.202085 0.305417  0.0482809   0.306389  0.0689516 0.00728114   0.562671 0.00642615
(1,(2,(((((7,8),9),10),11),12)),(3,((4,5),6))); -7706.62  0 79.7188 38.8413 24.7401 -7772.23 0.251626 0.227429  0.20052 0.320424 0.0346376  0.307845 0.0674361 0.0141521   0.55454 0.0213893
(1,(2,(((((7,8),9),10),11),12)),(3,((4,5),6))); -7699.82  0 81.7365 38.9895 29.9193 -7772.48 0.239126 0.237347 0.206597  0.31693   0.04268  0.305495 0.0814654 0.0118095  0.547668  0.010882
(1,(2,(((((7,8),9),10),11),12)),(3,((4,5),6))); -7707.42  0 71.5554 38.2963 30.8556 -7771.54  0.24393 0.237051 0.203788 0.315232  0.0593178   0.308565  0.0631114  0.0101998   0.551204 0.00760201
(1,(2,(((((7,8),9),10),11),12)),(3,((4,5),6))); -7702.85  0 80.5251 39.5274 29.5614 -7773.41 0.257418 0.231627 0.199896 0.311058  0.0449806   0.299928  0.0568115  0.0106754   0.580927 0.00667758
(1,(2,(((((7,8),9),10),11),12)),(3,((4,5),6))); -7701.12  0 81.239 39.2445 29.4867 -7772.6 0.224834 0.249332  0.20988 0.315954  0.0533964   0.293801  0.0661937 0.00922767   0.569235 0.00814546
(1,(2,(((((7,8),9),10),11),12)),(3,((4,5),6))); -7707.8  0 79.4453 38.907 24.3914 -7772.73 0.253874 0.244086 0.190043 0.311996 0.0566274  0.285459 0.0483051 0.0149203  0.576613 0.0180758
(1,(2,(((((7,8),9),10),11),12)),(3,((4,5),6))); -7695.94  0 84.8503 38.8397 28.2739 -7770.22 0.255429  0.22344 0.202523 0.318609  0.0427949   0.324673  0.0680949 0.00894495   0.545425  0.0100671
(1,(2,(((((7,8),9),10),11),12)),(3,((4,5),6))); -7701.87  0 77.1827 38.3766 29.566 -7770.24 0.247532 0.247172 0.205758 0.299538 0.0560587  0.302392 0.0688226  0.006872  0.554964 0.0108909
(1,(2,(((((7,8),9),10),11),12)),(3,((4,5),6))); -7705.58  0 73.5413 39.0376 31.0555 -7771.13 0.236038 0.244041 0.211205 0.308715 0.0514837  0.288624 0.0633626 0.0089183  0.575136  0.012475
(1,(2,(((((7,8),9),10),11),12)),(3,((4,5),6))); -7701.87  0 80.389 39.1464 30.2173 -7773.33 0.241214 0.238064 0.202213 0.318509  0.0488066   0.306112  0.0692268  0.0174954   0.549626 0.00873219
(1,(2,(((((7,8),9),10),11),12)),(3,((4,5),6))); -7706.84  0 77.8218 38.8029 28.8827 -7774.74 0.233487 0.249706 0.207077  0.30973  0.0504344   0.325278  0.0651617 0.00965864   0.543341 0.00612609
(1,(2,(((((7,8),9),10),11),12)),(3,((4,5),6))); -7703.58  0 75.9667 38.6918 29.7269 -7770.58 0.236534 0.236163 0.211219 0.316083  0.0654684   0.296988  0.0651381 0.00900448   0.552934  0.0104673
(1,(2,(((((7,8),9),10),11),12)),(3,((4,5),6))); -7697.58  0 82.5621 39.196 30.4262 -7771.37 0.231009 0.240109 0.217181 0.311701  0.0524335   0.300167  0.0603708 0.00956021   0.566983  0.0104856
(1,(2,(((((7,8),9),10),11),12)),(3,((4,5),6))); -7695.75  0 83.7607 38.9148 29.9473 -7770.54 0.231298 0.237207 0.202257 0.329238 0.0504239  0.290118 0.0631121 0.0143956  0.571055 0.0108958
(1,(2,(((((7,8),9),10),11),12)),(3,((4,5),6))); -7696.92  0 85.8954 38.8938 29.2403 -7773.16 0.240422 0.231653 0.208076 0.319849   0.063225   0.277189  0.0716192  0.0112904   0.569743 0.00693317
(1,(2,(((((7,8),9),10),11),12)),(3,((4,5),6))); -7704.19  0 80.622 39.1938 27.5626 -7773.18 0.244378 0.232503 0.199136 0.323982  0.0487216   0.281644  0.0565598  0.0214767   0.582035 0.00956326
(1,(2,(((((7,8),9),10),11),12)),(3,((4,5),6))); -7697.34  0 81.2772 38.7164 31.5845 -7771.49  0.24646 0.240193 0.201425 0.311922  0.0524785   0.306103  0.0659948  0.0121198   0.554097 0.00920663
(1,(2,(((((7,8),9),10),11),12)),(3,((4,5),6))); -7713.33  0 70.3336 38.607 27.6182 -7772.68 0.248991 0.243362 0.196934 0.310713 0.0413467  0.334244 0.0721663 0.0105352  0.530031 0.0116768
(1,(2,(((((7,8),9),10),11),12)),(3,((4,5),6))); -7703.92  0 79.1203 39.4254 28.3609 -7771.98 0.259087 0.222696 0.203661 0.314556  0.0483747   0.315262  0.0557075 0.00892697   0.561461  0.0102675
(1,(2,(((((7,8),9),10),11),12)),(3,((4,5),6))); -7706.3  0 79.1019 38.8896 26.4138 -7772.93 0.252626 0.234865 0.192471 0.320037  0.0607434   0.258433   0.060489   0.010701   0.600422 0.00921171
(1,(2,(((((7,8),9),10),11),12)),(3,((4,5),6))); -7702.46  0 80.555 39.0944 26.9928 -7770.91 0.235593 0.234432 0.218546  0.31143  0.0404678   0.282477  0.0783873  0.0172368   0.575319 0.00611214
(1,(2,(((((7,8),9),10),11),12)),(3,((4,5),6))); -7701.99  0 80.7707 39.325 28.872 -7772.31 0.241858 0.246741 0.205145 0.306255  0.0485639   0.290481  0.0510732  0.0145742   0.588651 0.00665725
(1,(2,(((((7,8),9),10),11),12)),(3,((4,5),6))); -7705.94  0 81.2772 38.6098 26.5354 -7775.15 0.224365 0.258961 0.197444  0.31923  0.0489138   0.317798  0.0649708 0.00731202   0.552424 0.00858202
(1,(2,(((((7,8),9),10),11),12)),(3,((4,5),6))); -7701.67  0 79.9771 39.0808 29.067 -7771.64 0.234891 0.237275 0.217507 0.310326 0.0490064  0.289605  0.077633 0.0138425  0.556287 0.0136257
(1,(2,(((((7,8),9),10),11),12)),(3,((4,5),6))); -7707.68  0 78.2708 39.2427 22.6695 -7769.38 0.249409 0.240113 0.212441 0.298037 0.0679027  0.287098 0.0669512 0.0035435  0.556408 0.0180968
(1,(2,(((((7,8),9),10),11),12)),(3,((4,5),6))); -7719.59  0 65.5896 38.531 25.3627 -7772.01 0.228536 0.232394 0.204013 0.335057 0.0515601  0.323801 0.0591274 0.0133175  0.535167 0.0170269
(1,(2,(((((7,8),9),10),11),12)),(3,((4,5),6))); -7706.57  0 75.1318 38.6765 28.1285 -7771.16 0.247569 0.242996 0.207899 0.301536  0.0524012   0.264299  0.0730493  0.0142744   0.589157 0.00681934
(1,(2,(((((7,8),9),10),11),12)),(3,((4,5),6))); -7700.88  0 80.7303 38.6014 28.0136 -7771.02 0.229257 0.238938 0.220878 0.310928  0.0629285   0.292127  0.0663785 0.00738411     0.5611  0.0100818
(1,(2,(((((7,8),9),10),11),12)),(3,((4,5),6))); -7692.76  0 85.568 38.8623 31.2268 -7770.69 0.232421 0.243597 0.210076 0.313906 0.0499063  0.298358  0.068703 0.0114012  0.560531    0.0111
(1,(2,(((((7,8),9),10),11),12)),(3,((4,5),6))); -7702.03  0 82.7121 38.503 28.386 -7774.63  0.24505 0.224983 0.215598 0.314369   0.050889   0.273804  0.0644481 0.00941662   0.595936 0.00550718
(1,(2,(((((7,8),9),10),11),12)),(3,((4,5),6))); -7711.76  0 75.9902 38.6501 24.8534 -7773.96  0.25215 0.238378 0.206885 0.302587 0.0302536  0.273976 0.0619289 0.0135084  0.607107 0.0132251
(1,(2,(((((7,8),9),10),11),12)),(3,((4,5),6))); -7702.58  0 79.6272 39.025 26.5108 -7769.69 0.248778 0.245515 0.190412 0.315296 0.0442777  0.264593 0.0682666 0.0175401  0.593554 0.0117691
(1,(2,(((((7,8),9),10),11),12)),(3,((4,5),6))); -7697.92  0 82.659 38.7901 29.2722 -7771.06 0.254134 0.231405 0.205816 0.308645  0.0466408   0.304483  0.0654905  0.0149051   0.563237 0.00524433
(1,(2,(((((7,8),9),10),11),12)),(3,((4,5),6))); -7704.79  0 79.1847 38.5894 27.7111 -7773.1 0.246456 0.237226 0.199743 0.316575 0.0370082  0.318344 0.0541263 0.0136757  0.561277  0.015569
(1,(2,(((((7,8),9),10),11),12)),(3,((4,5),6))); -7702.05  0 81.8664 39.4112 28.0983 -7772.61 0.250644 0.226281 0.203538 0.319537  0.0503215   0.305812  0.0851351 0.00836592   0.540238  0.0101285
(1,(2,(((((7,8),9),10),11),12)),(3,((4,5),6))); -7705.08  0 80.8596 39.0314 26.0153 -7772.92 0.255082 0.224625 0.190043 0.330249 0.0564062  0.311496 0.0615864 0.0139308  0.545013  0.011568
(1,(2,(((((7,8),9),10),11),12)),(3,((4,5),6))); -7705.27  0 75.3654 39.1025 29.6334 -7771.16 0.247135 0.234729 0.209842 0.308293  0.0524185   0.319553  0.0538296  0.0134754   0.551703 0.00902042
(1,(2,(((((7,8),9),10),11),12)),(3,((4,5),6))); -7702.41  0 80.4073 38.7504 27.1991 -7771.26 0.252954 0.244582 0.209585 0.292879  0.0585935   0.289332  0.0757447 0.00632882   0.560725 0.00927529
(1,(2,(((((7,8),9),10),11),12)),(3,((4,5),6))); -7698.74  0 82.6711 38.7798 30.629 -7773.26 0.253109 0.229189 0.200158 0.317545  0.0503519   0.291531  0.0701982 0.00792176   0.570826 0.00917103
(1,(2,(((((7,8),9),10),11),12)),(3,((4,5),6))); -7711.59  0 74.0407 38.4936 24.2478 -7771.38 0.231148 0.256463 0.194627 0.317762   0.042132   0.282953  0.0832451 0.00453337   0.574333  0.0128036
(1,(2,(((((7,8),9),10),11),12)),(3,((4,5),6))); -7703.02  0 74.9799 39.2671 30.2381 -7768.97  0.24741 0.232643 0.215576  0.30437 0.0467556  0.305546 0.0685432 0.0133974  0.554648 0.0111099
(1,(2,(((((7,8),9),10),11),12)),(3,((4,5),6))); -7704.78  0 77.8303 38.9796 29.627 -7773.25 0.239678 0.235503 0.216308 0.308512  0.0497271   0.277758  0.0605837 0.00683245   0.596554 0.00854473
(1,(2,(((((7,8),9),10),11),12)),(3,((4,5),6))); -7700.17  0 81.9761 38.6265 26.684 -7770.2 0.240797 0.247838 0.187004 0.324361 0.0368863  0.284086 0.0672789 0.0143692  0.586845 0.0105353
(1,(2,(((((7,8),9),10),11),12)),(3,((4,5),6))); -7707.96  0 75.1408 38.9074 27.2452 -7771.44 0.256373 0.241579 0.192142 0.309906  0.051463  0.302083 0.0646306  0.017016  0.549212  0.015595
(1,(2,(((((7,8),9),10),11),12)),(3,((4,5),6))); -7700.33  0 80.4771 39.298 29.9438 -7771.45 0.250748 0.238939 0.207871 0.302441 0.0419905  0.278449  0.064601 0.0121216  0.592443 0.0103948
(1,(2,(((((7,8),9),10),11),12)),(3,((4,5),6))); -7709.39  0 79.6 38.3416 21.8724 -7772.52 0.258441 0.233653 0.193177  0.31473    0.0424  0.330037 0.0736139 0.0139841  0.518265 0.0217001
(1,(2,(((((7,8),9),10),11),12)),(3,((4,5),6))); -7700.87  0 81.1224 39.1506 28.9356 -7771.77  0.23132 0.243056 0.210662 0.314962  0.0414446   0.298484  0.0838563 0.00927073   0.557525 0.00941919
(1,(2,(((((7,8),9),10),11),12)),(3,((4,5),6))); -7703.27  0 81.4776 39.3477 26.2665 -7771.67 0.235604 0.237118  0.21491 0.312368  0.0349896   0.300099  0.0564521 0.00820135    0.58066   0.019598
(1,(2,(((((7,8),9),10),11),12)),(3,((4,5),6))); -7695.81  0 85.9911 39.2408 28.9148 -7771.48 0.238681 0.241627 0.215867 0.303826 0.0431136  0.292445 0.0684502 0.0139459  0.565642 0.0164035
(1,(2,(((((7,8),9),10),11),12)),(3,((4,5),6))); -7707.45  0 71.7123 38.8226 29.8184 -7770.15 0.232841 0.249006 0.205632 0.312522  0.0469891   0.291937  0.0800789 0.00860033   0.562606 0.00978798
(1,(2,(((((7,8),9),10),11),12)),(3,((4,5),6))); -7702.4  0 78.731 39.2214 30.3359 -7772.25 0.242944 0.251496 0.199989 0.305572  0.0516203   0.302791  0.0716208  0.0109796   0.553123 0.00986578
(1,(2,(((((7,8),9),10),11),12)),(3,((4,5),6))); -7703.04  0 76.3198 39.2446 30.4047 -7770.52 0.236339   0.2424  0.19828 0.322981 0.0466822  0.276915 0.0699696 0.0115583  0.584324 0.0105512
(1,(2,(((((7,8),9),10),11),12)),(3,((4,5),6))); -7699.74  0 81.552 39.1193 30.85 -7773.02 0.232589 0.237988  0.20852 0.320904  0.0459569   0.305208  0.0722766  0.0121443     0.5549 0.00951471
(1,(2,(((((7,8),9),10),11),12)),(3,((4,5),6))); -7705.59  0 72.3758 38.4815 29.3454 -7768.83 0.240201  0.24188 0.217878 0.300041 0.0509695  0.289337 0.0660136 0.0153857  0.566561 0.0117323
(1,(2,(((((7,8),9),10),11),12)),(3,((4,5),6))); -7709.37  0 81.1469 39.2751 23.3875 -7774.63   0.2424 0.229766 0.216788 0.311046  0.0733277   0.322094  0.0523959  0.0145931   0.529974 0.00761571
(1,(2,(((((7,8),9),10),11),12)),(3,((4,5),6))); -7703.28  0 75.5187 38.853 29.378 -7769.33 0.245412 0.229741 0.214243 0.310604  0.0412702   0.312982   0.077298 0.00871211   0.550323 0.00941451
(1,(2,(((((7,8),9),10),11),12)),(3,((4,5),6))); -7703.9  0 79.1462 39.1918 27.6183 -7771.47 0.253683 0.228937 0.200798 0.316581  0.0425525    0.27919  0.0760073 0.00806021   0.576629  0.0175603
(1,(2,(((((7,8),9),10),11),12)),(3,((4,5),6))); -7707.44  0 73.629 38.9638 27.7232 -7769.83 0.257664 0.228848 0.217729  0.29576  0.0495402   0.299371  0.0644053 0.00776457   0.566554  0.0123645
(1,(2,(((((7,8),9),10),11),12)),(3,((4,5),6))); -7695.48  0 83.8919 38.7196 27.6793 -7768.33 0.247829 0.224071  0.21946  0.30864  0.0514651   0.313547  0.0624315  0.0164868   0.548215 0.00785454
(1,(2,(((((7,8),9),10),11),12)),(3,((4,5),6))); -7700.59  0 82.068 39.3799 28.3548 -7771.63 0.231248 0.251275 0.198402 0.319075  0.0584634   0.281025  0.0744906 0.00915831    0.56998 0.00688265
(1,(2,(((((7,8),9),10),11),12)),(3,((4,5),6))); -7700.69  0 82.6732 38.9872 27.7884 -7772.16 0.242376  0.25437 0.198009 0.305245   0.043449   0.312944  0.0669204  0.0178314   0.550368 0.00848727
(1,(2,(((((7,8),9),10),11),12)),(3,((4,5),6))); -7699.33  0 77.7232 38.7691 31.0217 -7769.3 0.244886 0.236195 0.204169 0.314749 0.0489465  0.295759 0.0683546 0.0155761  0.559046 0.0123186
(1,(2,(((((7,8),9),10),11),12)),(3,((4,5),6))); -7700.56  0 77.5265 38.7994 31.0202 -7770.31 0.242006 0.237358 0.203179 0.317457  0.0540681   0.281621  0.0673944 0.00680084   0.580096  0.0100192
(1,(2,(((((7,8),9),10),11),12)),(3,((4,5),6))); -7697.53  0 83.999 38.6937 28.3928 -7771.23 0.238113 0.238986 0.204341 0.318561  0.0391487   0.290827  0.0595711 0.00876979   0.582336  0.0193473
(1,(2,(((((7,8),9),10),11),12)),(3,((4,5),6))); -7701.97  0 79.1918 39.3368 28.2444 -7770.07 0.256029   0.2332   0.2128  0.29797  0.0530359   0.316154  0.0648017 0.00989063   0.543043  0.0130751
(1,(2,(((((7,8),9),10),11),12)),(3,((4,5),6))); -7701.42  0 77.7092 38.745 29.5587 -7769.94 0.242309 0.232683 0.217654 0.307355 0.0476784  0.300252  0.067472 0.0133444  0.555895 0.0153583
(1,(2,(((((7,8),9),10),11),12)),(3,((4,5),6))); -7700.91  0 83.5612 39.1232 28.0427 -7773.39 0.242915 0.231167 0.201908 0.324009  0.0605365   0.277033  0.0801292 0.00837151   0.560139  0.0137907
(1,(2,(((((7,8),9),10),11),12)),(3,((4,5),6))); -7705.78  0 79.1236 39.1798 26.7901 -7772.52 0.227682 0.243921 0.196832 0.331566 0.0538835  0.300992 0.0531869 0.0145976  0.563504 0.0138358
(1,(2,(((((7,8),9),10),11),12)),(3,((4,5),6))); -7704.98  0 78.1878 38.4598 28.833 -7773.54 0.231498 0.236878 0.221803 0.309822 0.0467559  0.313861  0.059688 0.0125277  0.555066  0.012102
(1,(2,(((((7,8),9),10),11),12)),(3,((4,5),6))); -7695.77  0 85.4136 39.1635 30.2839 -7772.3 0.241345 0.234825 0.207893 0.315937  0.046435  0.318691 0.0561126 0.0107425  0.554287 0.0137317
(1,(2,(((((7,8),9),10),11),12)),(3,((4,5),6))); -7699.32  0 81.3434 39.1785 27.9787 -7769.46 0.251434 0.219956 0.219002 0.309608 0.0427921  0.307779 0.0680582 0.0127596  0.558426 0.0101847
(1,(2,(((((7,8),9),10),11),12)),(3,((4,5),6))); -7700.76  0 79.3523 38.9837 31.4897 -7772.61 0.243947 0.239749 0.201626 0.314679  0.0527582   0.307504  0.0691768 0.00820352   0.552796 0.00956073
(1,(2,(((((7,8),9),10),11),12)),(3,((4,5),6))); -7698.07  0 81.6397 39.0464 30.6817 -7771.35 0.247266 0.237245  0.21151 0.303979 0.0463498  0.285005 0.0715007 0.0135693  0.573458 0.0101173
(1,(2,(((((7,8),9),10),11),12)),(3,((4,5),6))); -7700.84  0 80.6302 39.2965 28.3432 -7770.52 0.237302 0.231233 0.201606 0.329859  0.0445663   0.278011  0.0771146 0.00853798   0.585851  0.0059193
(1,(2,(((((7,8),9),10),11),12)),(3,((4,5),6))); -7706.94  0 72.3597 38.0551 29.7545 -7771  0.24404 0.246012 0.203806 0.306142  0.050667  0.270232 0.0667499  0.011764   0.58679 0.0137977
(1,(2,(((((7,8),9),10),11),12)),(3,((4,5),6))); -7701.43  0 82.5165 38.9724 28.3195 -7773.29 0.240743 0.224806 0.201843 0.332608 0.0525533  0.296296 0.0542616 0.0142552  0.571516 0.0111176
(1,(2,(((((7,8),9),10),11),12)),(3,((4,5),6))); -7713.43  0 74.3148 39.3155 26.4604 -7774.89  0.24528 0.240376 0.206469 0.307875 0.0303934  0.295383 0.0651937 0.0165888  0.578258 0.0141833
(1,(2,(((((7,8),9),10),11),12)),(3,((4,5),6))); -7702.41  0 82.3815 39.4822 27.105 -7772.41 0.249956 0.232056 0.190171 0.327818  0.0620663    0.30481  0.0684674  0.0137458   0.542691 0.00822006
(1,(2,(((((7,8),9),10),11),12)),(3,((4,5),6))); -7697.09  0 83.32 38.9809 31.0199 -7772.45 0.243664 0.238304 0.207192  0.31084   0.061221   0.288019  0.0648008  0.0100458   0.567121 0.00879268
(1,(2,(((((7,8),9),10),11),12)),(3,((4,5),6))); -7703.75  0 81.8112 39.1592 27.3433 -7773.74 0.240749 0.240313 0.194119  0.32482  0.0532422   0.298221  0.0449138 0.00961367   0.582562  0.0114465
(1,(2,(((((7,8),9),10),11),12)),(3,((4,5),6))); -7704.11  0 79.0462 38.4554 26.8095 -7771.51 0.243466 0.254482 0.192911 0.309141  0.0326955   0.302881  0.0649817  0.0122214   0.578214 0.00900633
(1,(2,(((((7,8),9),10),11),12)),(3,((4,5),6))); -7706.26  0 82.9363 39.0637 24.3364 -7774.47 0.230224 0.237208 0.196605 0.335964  0.070982  0.271033 0.0690559 0.0117194  0.564062 0.0131482
(1,(2,(((((7,8),9),10),11),12)),(3,((4,5),6))); -7701.29  0 80.334 38.9884 28.2641 -7770.9  0.23543 0.226978 0.218718 0.318874  0.0418293   0.300281  0.0811694 0.00998565   0.556247  0.0104881
(1,(2,(((((7,8),9),10),11),12)),(3,((4,5),6))); -7698.56  0 81.5773 38.4917 29.4606 -7771.11  0.23669 0.246065 0.197654 0.319591 0.0412891   0.29226 0.0576234 0.0139548   0.58196 0.0129133
(1,(2,(((((7,8),9),10),11),12)),(3,((4,5),6))); -7702.83  0 80.182 38.699 28.5719 -7772.89 0.257618  0.24333 0.192701 0.306352 0.0486608   0.30761 0.0562461 0.0115837  0.563295 0.0126053
(1,(2,(((((7,8),9),10),11),12)),(3,((4,5),6))); -7714.16  0 75.4618 39.35 23.491 -7773.76  0.23439 0.239819 0.212154 0.313637 0.0668262  0.309921  0.069952  0.020454  0.517414  0.015433
(1,(2,(((((7,8),9),10),11),12)),(3,((4,5),6))); -7701.38  0 78.9388 39.0706 30.3458 -7771.59 0.249049 0.227569 0.208255 0.315127 0.0556059  0.298807 0.0659647 0.0143144  0.556957 0.0083513
(1,(2,(((((7,8),9),10),11),12)),(3,((4,5),6))); -7701.62  0 80.4934 39.145 29.0491 -7772.02 0.232486 0.234479 0.202507 0.330527 0.0368515  0.302012 0.0623181 0.0110834  0.577553 0.0101817
(1,(2,(((((7,8),9),10),11),12)),(3,((4,5),6))); -7703.1  0 79.0035 38.5331 27.3848 -7770.96 0.238948 0.258641  0.18927 0.313141  0.0572383   0.289638   0.069098 0.00884547   0.567528 0.00765174
(1,(2,(((((7,8),9),10),11),12)),(3,((4,5),6))); -7703.02  0 80.5123 39.1103 27.6756 -7772.1 0.255164 0.232246 0.201419  0.31117 0.0406994  0.325249 0.0552466 0.0141297  0.551347  0.013328
(1,(2,(((((7,8),9),10),11),12)),(3,((4,5),6))); -7703.81  0 78.6882 38.8497 29.3337 -7772.98 0.231968 0.239344 0.199551 0.329137  0.043538  0.312078 0.0617884 0.0119553  0.557344 0.0132963
(1,(2,(((((7,8),9),10),11),12)),(3,((4,5),6))); -7704.18  0 77.4849 38.8183 27.759 -7770.61 0.253882 0.224813 0.204189 0.317116  0.0550224   0.325377  0.0675437 0.00676954   0.535055  0.0102324
(1,(2,(((((7,8),9),10),11),12)),(3,((4,5),6))); -7708.57  0 76.9163 38.9198 25.5545 -7772.12 0.241347 0.251185 0.180681 0.326787 0.0491419  0.295062 0.0665832  0.010069  0.573621 0.0055232
(1,(2,(((((7,8),9),10),11),12)),(3,((4,5),6))); -7705.72  0 79.1841 39.1929 27.0948 -7772.8 0.240297 0.243655 0.215135 0.300913  0.0682588   0.299236  0.0527443 0.00897771   0.561557 0.00922641
(1,(2,(((((7,8),9),10),11),12)),(3,((4,5),6))); -7704.24  0 79.4412 39.0417 28.3774 -7773.02 0.240472 0.238749 0.208041 0.312739  0.0400385   0.319945  0.0834761 0.00976314   0.537189 0.00958862
(1,(2,(((((7,8),9),10),11),12)),(3,((4,5),6))); -7697.93  0 81.1583 38.8439 30.7359 -7770.98 0.245193 0.236072 0.214785 0.303949  0.0481598   0.293368   0.071384  0.0131914   0.564939 0.00895733
(1,(2,(((((7,8),9),10),11),12)),(3,((4,5),6))); -7706.39  0 75.1719 38.8534 29.9645 -7772.67 0.244976 0.244665 0.193436 0.316923  0.0418118   0.285952  0.0735843 0.00967224   0.580426 0.00855377
(1,(2,(((((7,8),9),10),11),12)),(3,((4,5),6))); -7708.57  0 76.4357 38.6719 28.6028 -7774.93 0.258569 0.236778 0.206641 0.298011  0.0554678   0.278456  0.0680486 0.00845596   0.577618  0.0119546
(1,(2,(((((7,8),9),10),11),12)),(3,((4,5),6))); -7708.44  0 77.872 38.7973 24.7511 -7772.27 0.253344  0.23909 0.204662 0.302904  0.0411334   0.306522   0.069454 0.00550366    0.57475 0.00263635
(1,(2,(((((7,8),9),10),11),12)),(3,((4,5),6))); -7705.22  0 78.4645 39.4583 29.7391 -7773.97 0.242409 0.229361 0.206559 0.321672  0.0454457   0.277754  0.0671997 0.00679533   0.589595    0.01321
(1,(2,(((((7,8),9),10),11),12)),(3,((4,5),6))); -7704.9  0 80.7546 38.3617 26.9779 -7774.27 0.236741 0.252216 0.193949 0.317094  0.0421426   0.311629  0.0533649 0.00935696   0.566473  0.0170333
(1,(2,(((((7,8),9),10),11),12)),(3,((4,5),6))); -7711.01  0 75.7869 38.5702 25.7887 -7774.02 0.251193 0.218773 0.195854 0.334181  0.0535862   0.277556  0.0572856   0.010844   0.593324 0.00740346
(1,(2,(((((7,8),9),10),11),12)),(3,((4,5),6))); -7707.51  0 74.1646 39.3664 31.3397 -7773.65 0.243261  0.23267 0.206003 0.318066   0.056189   0.293347   0.061123  0.0120602   0.569201 0.00807952
(1,(2,(((((7,8),9),10),11),12)),(3,((4,5),6))); -7698.39  0 82.0094 39.5199 31.3316 -7772.21 0.242734  0.24124 0.199083 0.316943  0.0499583    0.30916  0.0682501  0.0110379   0.554103 0.00749042
(1,(2,(((((7,8),9),10),11),12)),(3,((4,5),6))); -7703.98  0 78.989 39.1754 28.9882 -7772.78 0.240984  0.25081 0.203114 0.305092  0.0422751   0.288065  0.0623194   0.016579   0.583557 0.00720452
(1,(2,(((((7,8),9),10),11),12)),(3,((4,5),6))); -7706.78  0 74.5711 39.4537 30.879 -7772.78 0.246616 0.242214 0.202194 0.308975  0.0547796   0.312417  0.0678741  0.0107361   0.545615 0.00857786
(1,(2,(((((7,8),9),10),11),12)),(3,((4,5),6))); -7703.33  0 78.7079 38.92 28.2053 -7771.33 0.235826 0.241946 0.202546 0.319683  0.0374187   0.283791  0.0791625   0.016342   0.573841 0.00944472
(1,(2,(((((7,8),9),10),11),12)),(3,((4,5),6))); -7700.24  0 82.9224 38.8332 27.5627 -7771.89 0.243303 0.250693  0.18857 0.317434  0.040463  0.299899 0.0741149 0.0139498  0.558733 0.0128406
(1,(2,(((((7,8),9),10),11),12)),(3,((4,5),6))); -7701.65  0 81.2467 39.1483 27.1624 -7770.91 0.256832 0.232357 0.209484 0.301328 0.0499442  0.287805 0.0636392 0.0167322   0.56433 0.0175492
(1,(2,(((((7,8),9),10),11),12)),(3,((4,5),6))); -7699.23  0 82.6027 38.9052 28.4149 -7771.35 0.239142 0.235298 0.206163 0.319398 0.0476749  0.285536 0.0666026 0.0108475  0.586121 0.0032186
(1,(2,(((((7,8),9),10),11),12)),(3,((4,5),6))); -7702.42  0 84.9947 39.2186 25.3279 -7773.53 0.252085 0.214778 0.201701 0.331436  0.0470377   0.282199  0.0551244 0.00835097   0.593981   0.013307
(1,(2,(((((7,8),9),10),11),12)),(3,((4,5),6))); -7699.03  0 80.9985 38.7391 29.7583 -7771.04 0.235481 0.239664 0.201215 0.323641 0.0595259  0.280488   0.07376  0.010151  0.564355 0.0117196
(1,(2,(((((7,8),9),10),11),12)),(3,((4,5),6))); -7708.58  0 75.0814 38.4073 24.7818 -7770.04 0.233526 0.242573 0.191444 0.332457  0.0441343   0.286446  0.0872201 0.00521009   0.565806  0.0111834
(1,(2,(((((7,8),9),10),11),12)),(3,((4,5),6))); -7705.13  0 74.1983 38.5851 30.8619 -7771.61 0.237228 0.232819  0.20248 0.327473  0.0450925   0.302642  0.0696211 0.00841217    0.56452 0.00971138
(1,(2,(((((7,8),9),10),11),12)),(3,((4,5),6))); -7702.04  0 81.4935 38.6771 28.5751 -7773.43 0.241702 0.252828 0.194661 0.310809 0.0571432  0.299001 0.0580775 0.0140723  0.558764 0.0129421
(1,(2,(((((7,8),9),10),11),12)),(3,((4,5),6))); -7705.67  0 77.0984 38.7555 28.1936 -7772.21 0.238824 0.231822 0.223318 0.306036 0.0415078  0.275858 0.0643687 0.0104222  0.597453 0.0103907
(1,(2,(((((7,8),9),10),11),12)),(3,((4,5),6))); -7705.07  0 78.4645 38.8253 26.6269 -7771.33 0.250764 0.238021 0.193254 0.317961  0.0417702   0.268453   0.062774 0.00900054   0.599866  0.0181362
(1,(2,(((((7,8),9),10),11),12)),(3,((4,5),6))); -7701.79  0 80.3425 38.836 28.1313 -7771.43 0.232338 0.252837 0.211777 0.303048 0.0448955  0.296346 0.0686722 0.0138411  0.560697 0.0155483
(1,(2,(((((7,8),9),10),11),12)),(3,((4,5),6))); -7709.51  0 79.6841 38.8938 25.5671 -7775.86 0.231046 0.238172 0.208167 0.322615  0.0510012   0.328296   0.046907 0.00664387   0.551795  0.0153565
(1,(2,(((((7,8),9),10),11),12)),(3,((4,5),6))); -7716.62  0 70.3813 38.1886 25.9905 -7774.81 0.230535 0.249428  0.20618 0.313856  0.0384085   0.331143  0.0579784 0.00632662   0.550763    0.01538
(1,(2,(((((7,8),9),10),11),12)),(3,((4,5),6))); -7703.11  0 81.7513 38.8266 25.9025 -7771.93 0.237428 0.236281 0.196014 0.330277 0.0468562  0.316911 0.0568977 0.0102683  0.547672 0.0213948
(1,(2,(((((7,8),9),10),11),12)),(3,((4,5),6))); -7702.27  0 79.4692 38.3026 28.7499 -7772.19 0.256005 0.229509  0.20123 0.313255  0.0547573    0.27052  0.0713995  0.0141529   0.579975 0.00919529
(1,(2,(((((7,8),9),10),11),12)),(3,((4,5),6))); -7702.72  0 79.32 38.802 28.8612 -7772.1 0.252674 0.229429 0.190969 0.326928  0.0494254   0.284768  0.0673796  0.0125099   0.576004 0.00991333
(1,(2,(((((7,8),9),10),11),12)),(3,((4,5),6))); -7712.37  0 72.9262 38.541 26.886 -7773.64 0.224247 0.247118 0.205939 0.322696  0.0554491   0.316851  0.0591533 0.00819065   0.555513  0.0048429
(1,(2,(((((7,8),9),10),11),12)),(3,((4,5),6))); -7707.63  0 76.3784 38.6797 27.9721 -7773.3 0.229197  0.24845  0.20129 0.321062  0.0513027   0.311336  0.0726204 0.00983735   0.538922  0.0159811
(1,(2,(((((7,8),9),10),11),12)),(3,((4,5),6))); -7701.38  0 81.6858 39.1889 28.1837 -7772.06  0.23627 0.238864 0.222919 0.301946  0.0479566   0.274979  0.0744003  0.0121112   0.582212 0.00834059
(1,(2,(((((7,8),9),10),11),12)),(3,((4,5),6))); -7702.42  0 79.3342 38.8708 28.0061 -7770.89 0.232583 0.236224  0.21397 0.317223  0.0451242   0.266157  0.0646367 0.00718352   0.603034  0.0138643
(1,(2,(((((7,8),9),10),11),12)),(3,((4,5),6))); -7696.46  0 83.6465 38.9867 29.0616 -7770.18   0.2559 0.234723 0.202594 0.306784 0.0472449  0.300938 0.0660102 0.0156504  0.555083 0.0150745
(1,(2,(((((7,8),9),10),11),12)),(3,((4,5),6))); -7702.68  0 82.3737 38.6281 26.6252 -7773.05 0.241522 0.240102 0.202548 0.315827  0.0324632   0.266997  0.0725278 0.00884193   0.607894   0.011276
(1,(2,(((((7,8),9),10),11),12)),(3,((4,5),6))); -7699.64  0 82.0144 38.8464 28.5999 -7771.41  0.22676 0.245851 0.201014 0.326374   0.041607    0.28092  0.0659707  0.0117011   0.591574 0.00822679
(1,(2,(((((7,8),9),10),11),12)),(3,((4,5),6))); -7702.3  0 79.4017 38.4217 28.4588 -7771.73 0.249623 0.250138 0.194682 0.305556  0.0442541   0.310204  0.0655102  0.0110887   0.563935 0.00500773
(1,(2,(((((7,8),9),10),11),12)),(3,((4,5),6))); -7702.76  0 77.3708 38.9651 29.6437 -7770.81 0.242003 0.236459 0.200819  0.32072  0.0507394   0.289886  0.0654301  0.0187071   0.568365 0.00687252
(1,(2,(((((7,8),9),10),11),12)),(3,((4,5),6))); -7703.51  0 78.2383 39.1269 29.0501 -7771.68 0.232241 0.252357 0.202417 0.312985 0.0619388  0.284039 0.0677024 0.0107138  0.567311 0.0082942
(1,(2,(((((7,8),9),10),11),12)),(3,((4,5),6))); -7709.84  0 77.793 39.0839 27.2402 -7775.79 0.239343 0.232445 0.205456 0.322757  0.0616053   0.324529  0.0530256 0.00604326   0.546244 0.00855247
(1,(2,(((((7,8),9),10),11),12)),(3,((4,5),6))); -7696.48  0 83.551 39.1242 30.9284 -7771.83 0.239257 0.237404 0.204495 0.318845 0.0565085  0.293366 0.0667851 0.0138597  0.557314 0.0121665
(1,(2,(((((7,8),9),10),11),12)),(3,((4,5),6))); -7700.8  0 78.1559 39.0313 31.0822 -7771.01  0.23326 0.234237  0.21132 0.321183  0.0456569   0.302605  0.0671392  0.0121953   0.563018 0.00938569
(1,(2,(((((7,8),9),10),11),12)),(3,((4,5),6))); -7710.77  0 75.1003 38.4662 21.8162 -7769.22 0.249872 0.229666 0.225154 0.295309  0.0632031   0.321259  0.0561181  0.0148738   0.540199 0.00434736
(1,(2,(((((7,8),9),10),11),12)),(3,((4,5),6))); -7698.53  0 83.7503 39.2293 28.5772 -7771.63 0.256441  0.22953 0.195889  0.31814 0.0485695  0.310888  0.069198 0.0134234  0.551984 0.0059374
(1,(2,(((((7,8),9),10),11),12)),(3,((4,5),6))); -7700.53  0 81.9868 39.399 29.0193 -7772.14 0.230719 0.243591 0.200286 0.325403 0.0470307  0.304223 0.0667336 0.0167162  0.553171 0.0121257
(1,(2,(((((7,8),9),10),11),12)),(3,((4,5),6))); -7700.68  0 81.6422 39.2193 28.1854 -7771.28 0.246358 0.235241 0.197305 0.321096  0.0546315   0.284397  0.0878824 0.00822404   0.555577 0.00928814
(1,(2,(((((7,8),9),10),11),12)),(3,((4,5),6))); -7698.98  0 80.7585 38.6897 30.4456 -7771.5 0.236032  0.24553 0.198982 0.319456    0.05576    0.28042  0.0715182 0.00996085    0.57272 0.00962102
(1,(2,(((((7,8),9),10),11),12)),(3,((4,5),6))); -7706.88  0 71.9835 39.0365 30.238 -7770.07 0.251244  0.23137 0.209136  0.30825  0.045075   0.30918 0.0639102 0.0107928  0.556518 0.0145243
(1,(2,(((((7,8),9),10),11),12)),(3,((4,5),6))); -7703.45  0 79.197 39.3515 28.5754 -7771.87 0.260303 0.232708 0.203432 0.303557  0.0461454   0.280226  0.0707011 0.00673986   0.585348  0.0108391
(1,(2,(((((7,8),9),10),11),12)),(3,((4,5),6))); -7706.33  0 76.9599 39.3115 27.2341 -7771.21 0.245861 0.237622 0.219907 0.296609  0.0604637   0.282696  0.0765665 0.00880819   0.558958  0.0125078
(1,(2,(((((7,8),9),10),11),12)),(3,((4,5),6))); -7703.76  0 82.0188 39.0806 26.7074 -7773.41 0.238542 0.249109  0.20914 0.303209  0.0632559   0.268511    0.07353 0.00859157   0.580732 0.00537986
(1,(2,(((((7,8),9),10),11),12)),(3,((4,5),6))); -7702.13  0 82.7214 38.9137 28.1324 -7774.07 0.247488 0.244548 0.190594  0.31737  0.0404697   0.285642  0.0572075  0.0127003   0.597062 0.00691871
(1,(2,(((((7,8),9),10),11),12)),(3,((4,5),6))); -7705.15  0 79.1008 38.5523 25.6728 -7771.37 0.232913 0.257978 0.215713 0.293395 0.0489929  0.312546 0.0555262 0.0132501  0.557458 0.0122264
(1,(2,(((((7,8),9),10),11),12)),(3,((4,5),6))); -7701.64  0 80.0901 38.9568 27.688 -7770.46 0.239861 0.232643 0.199413 0.328083  0.0398406    0.30233  0.0656345 0.00797319   0.564896   0.019326
(1,(2,(((((7,8),9),10),11),12)),(3,((4,5),6))); -7707.75  0 77.5207 39.5187 25.9997 -7771.75 0.262549 0.221263 0.203789 0.312399 0.0479639  0.301849  0.055153 0.0105953  0.566539    0.0179
(1,(2,(((((7,8),9),10),11),12)),(3,((4,5),6))); -7705.27  0 76.3775 38.8146 29.6705 -7772.5 0.240568 0.247785 0.194677 0.316971  0.0393693   0.299535  0.0670221  0.0113099   0.576077 0.00668664
(1,(2,(((((7,8),9),10),11),12)),(3,((4,5),6))); -7699.21  0 83.3735 38.5431 27.9636 -7772.01 0.235371 0.254044 0.204715 0.305869  0.0390007   0.293921  0.0758542   0.011311   0.574225 0.00568797
(1,(2,(((((7,8),9),10),11),12)),(3,((4,5),6))); -7705.33  0 78.2959 38.8269 28.2952 -7773.1 0.243686  0.23512 0.208382 0.312813   0.058401   0.266022  0.0765048 0.00616854   0.581248  0.0116559
(1,(2,(((((7,8),9),10),11),12)),(3,((4,5),6))); -7695.98  0 84.1014 39.2335 30.9468 -7771.8 0.240221 0.237805 0.207775 0.314199  0.0385735   0.303888  0.0659394 0.00849121   0.575311 0.00779671
(1,(2,(((((7,8),9),10),11),12)),(3,((4,5),6))); -7703.31  0 77.413 39.1481 29.1609 -7770.74 0.245534 0.241892 0.199016 0.313558  0.0476767   0.309497  0.0578479  0.0186118   0.559166 0.00720009
(1,(2,(((((7,8),9),10),11),12)),(3,((4,5),6))); -7700.99  0 79.1012 38.8308 28.4092 -7769.67 0.254225 0.237446 0.210821 0.297508  0.0408062   0.305748  0.0756242   0.013644   0.554388 0.00978933
(1,(2,(((((7,8),9),10),11),12)),(3,((4,5),6))); -7704.03  0 76.6373 39.1834 29.0099 -7770.49 0.238591 0.246686 0.203499 0.311224  0.0576567   0.282498  0.0538761 0.00940892   0.590481 0.00607936
(1,(2,(((((7,8),9),10),11),12)),(3,((4,5),6))); -7700.52  0 84.0692 39.0148 27.9733 -7773.55 0.233977 0.238082 0.201023 0.326918 0.0543585  0.310976 0.0622801 0.0149145  0.541007 0.0164637
(1,(2,(((((7,8),9),10),11),12)),(3,((4,5),6))); -7707.36  0 77.2639 39.388 29.5056 -7774.74 0.233434 0.237478 0.200445 0.328643  0.050757  0.288855 0.0677961 0.0164999  0.565055 0.0110375
(1,(2,(((((7,8),9),10),11),12)),(3,((4,5),6))); -7708.89  0 75.3816 39.0294 29.3174 -7774.56 0.248014 0.236715  0.20249 0.312781  0.0458928    0.33282  0.0691576 0.00898543   0.533387  0.0097573
(1,(2,(((((7,8),9),10),11),12)),(3,((4,5),6))); -7705.18  0 82.8691 38.759 26.796 -7776.09 0.238684 0.251663 0.191783 0.317871  0.055269   0.32372 0.0682067  0.010284  0.528395 0.0141251
(1,(2,(((((7,8),9),10),11),12)),(3,((4,5),6))); -7707.63  0 78.2314 38.8118 26.9464 -7773.99 0.242242  0.25354 0.199583 0.304635 0.0533051  0.307738 0.0625417 0.0101569  0.546076 0.0201823
(1,(2,(((((7,8),9),10),11),12)),(3,((4,5),6))); -7707.04  0 78.1385 38.4271 26.2865 -7773.03 0.234285 0.253872 0.197262 0.314581  0.0701378   0.300407  0.0676105 0.00922808   0.546091 0.00652559
(1,(2,(((((7,8),9),10),11),12)),(3,((4,5),6))); -7701.04  0 84.5443 39.2514 27.6558 -7773.99 0.240924  0.24263 0.203582 0.312864 0.0510759  0.327041  0.072952  0.013908  0.520548 0.0144749
(1,(2,(((((7,8),9),10),11),12)),(3,((4,5),6))); -7698.4  0 82.9271 39.0883 29.971 -7772.21 0.247592 0.236372 0.203107  0.31293  0.0484666   0.277437  0.0690287  0.0174317   0.579051 0.00858421
(1,(2,(((((7,8),9),10),11),12)),(3,((4,5),6))); -7694.88  0 84.1332 39.0825 31.42 -7771.36  0.24543 0.235063 0.208815 0.310693  0.0442273   0.314584  0.0635891 0.00926882    0.55842 0.00991092
(1,(2,(((((7,8),9),10),11),12)),(3,((4,5),6))); -7703.31  0 79.8731 39.1171 27.2878 -7771.35 0.245178 0.244295 0.209427 0.301101  0.0513309   0.334257  0.0715793  0.0116048   0.524252 0.00697562
(1,(2,(((((7,8),9),10),11),12)),(3,((4,5),6))); -7702.68  0 81.2286 39.1013 26.0371 -7770.85 0.226682 0.254664 0.208801 0.309853 0.0457762  0.284747 0.0534304 0.0123915  0.586161 0.0174945
(1,(2,(((((7,8),9),10),11),12)),(3,((4,5),6))); -7707.03  0 77.5646 39.0324 26.6584 -7772.22 0.232998 0.226921 0.217879 0.322203 0.0516225  0.274283   0.08156  0.014641  0.564781 0.0131125
(1,(2,(((((7,8),9),10),11),12)),(3,((4,5),6))); -7703.63  0 79.0178 38.4862 27.9872 -7772.15 0.243159 0.243198 0.208772  0.30487 0.0652046  0.278379 0.0796554 0.0104706  0.554714 0.0115763
(1,(2,(((((7,8),9),10),11),12)),(3,((4,5),6))); -7710.33  0 82.3186 38.9615 21.7738 -7775.46 0.255376 0.230859 0.214627 0.299138 0.0543323  0.258629   0.05873 0.0212583  0.588731 0.0183197
(1,(2,(((((7,8),9),10),11),12)),(3,((4,5),6))); -7705.06  0 82.4984 39.242 25.5752 -7773.89 0.250536 0.223964 0.208602 0.316897 0.0423836  0.307644 0.0497766 0.0210616  0.567848 0.0112858
(1,(2,(((((7,8),9),10),11),12)),(3,((4,5),6))); -7700.1  0 79.9298 38.6839 29.8948 -7771.24 0.243951 0.229569 0.212539 0.313942 0.0463139  0.282079 0.0730448 0.0113619   0.57203 0.0151709
(1,(2,(((((7,8),9),10),11),12)),(3,((4,5),6))); -7701.22  0 78.4869 38.6579 30.0075 -7771.06   0.2512 0.230509  0.20528 0.313011 0.0490269  0.300631 0.0757424 0.0143418  0.548902 0.0113559
(1,(2,(((((7,8),9),10),11),12)),(3,((4,5),6))); -7703.98  0 81.4594 39.2346 27.1126 -7773.32 0.254107 0.239827 0.202249 0.303817  0.0588636   0.315191   0.047736  0.0112028   0.560152 0.00685539
(1,(2,(((((7,8),9),10),11),12)),(3,((4,5),6))); -7707.06  0 74.9159 38.985 26.7127 -7769.71 0.239912 0.230234 0.226409 0.303445 0.0392958  0.320654 0.0619462 0.0115315  0.554057 0.0125155
(1,(2,(((((7,8),9),10),11),12)),(3,((4,5),6))); -7708.37  0 76.8184 39.019 25.3985 -7771.57 0.234516 0.244921 0.223423 0.297139   0.055344   0.266615  0.0563592 0.00823269   0.603212  0.0102369
(1,(2,(((((7,8),9),10),11),12)),(3,((4,5),6))); -7699.59  0 83.4013 38.9354 29.1031 -7773.16 0.240461 0.235381 0.193691 0.330467  0.0526206   0.311789  0.0571877  0.0085396   0.562387 0.00747529
(1,(2,(((((7,8),9),10),11),12)),(3,((4,5),6))); -7706.12  0 78.6697 39.0405 26.7825 -7772.53  0.23464  0.23456 0.197526 0.333274  0.0548868   0.262243   0.073758 0.00725782   0.590893  0.0109609
(1,(2,(((((7,8),9),10),11),12)),(3,((4,5),6))); -7704.37  0 77.7589 39.025 29.7795 -7772.89 0.246582 0.241075 0.206867 0.305476  0.0570251   0.317641  0.0580414  0.0100758   0.550479 0.00673678
(1,(2,(((((7,8),9),10),11),12)),(3,((4,5),6))); -7705.88  0 77.2778 39.152 28.6758 -7772.68 0.247856  0.23667 0.212154  0.30332  0.0606756    0.28511  0.0638829 0.00604436   0.577764 0.00652405
(1,(2,(((((7,8),9),10),11),12)),(3,((4,5),6))); -7701.97  0 79.5096 38.6984 29.0348 -7771.82 0.245343 0.243099 0.202339 0.309219 0.0531197  0.319196 0.0587051 0.0131213  0.540536 0.0153215
(1,(2,(((((7,8),9),10),11),12)),(3,((4,5),6))); -7699.12  0 83.3493 39.2457 30.0494 -7773.27 0.253988 0.238019 0.198898 0.309095  0.0383716   0.292835  0.0687885  0.0100458   0.580769 0.00918947
(1,(2,(((((7,8),9),10),11),12)),(3,((4,5),6))); -7703.13  0 79.5668 38.9552 30.4325 -7774.18 0.246317 0.231626 0.202691 0.319366  0.0465364   0.300724  0.0545455  0.0141246   0.575783 0.00828733
(1,(2,(((((7,8),9),10),11),12)),(3,((4,5),6))); -7704.97  0 75.595 39.0717 28.5621 -7770.05 0.251222 0.224672 0.196914 0.327192  0.0502335   0.311063    0.05489 0.00968432   0.562602  0.0115273
(1,(2,(((((7,8),9),10),11),12)),(3,((4,5),6))); -7701.72  0 77.2225 38.9537 30.8143 -7770.8  0.24099 0.243188 0.204684 0.311138  0.048914  0.289639 0.0745956 0.0132502  0.560566 0.0130348
(1,(2,(((((7,8),9),10),11),12)),(3,((4,5),6))); -7701.26  0 83.1613 39.1229 27.0118 -7772.31 0.241445 0.232869 0.204674 0.321013 0.0526796  0.273695  0.061633 0.0156083  0.575496 0.0208885
(1,(2,(((((7,8),9),10),11),12)),(3,((4,5),6))); -7705.56  0 73.8511 38.6757 30.1427 -7770.88 0.253087 0.228264 0.205072 0.313577 0.0545974  0.309571 0.0572026 0.0098329  0.557949 0.0108472
(1,(2,(((((7,8),9),10),11),12)),(3,((4,5),6))); -7705.67  0 77.7141 39.551 28.8118 -7772.64 0.246918 0.224233 0.221744 0.307105  0.0430638   0.299817  0.0705481  0.0112088   0.566501 0.00886084
(1,(2,(((((7,8),9),10),11),12)),(3,((4,5),6))); -7702.08  0 78.6657 38.7309 28.6695 -7770.68  0.25328 0.222719 0.205939 0.318062  0.0509197   0.302095  0.0676756  0.0160646   0.556434 0.00681079
(1,(2,(((((7,8),9),10),11),12)),(3,((4,5),6))); -7698.53  0 82.3823 38.894 30.0216 -7772.04  0.23863   0.2322 0.214936 0.314235 0.0525877    0.2741 0.0604966 0.0123223  0.589864  0.010629
(1,(2,(((((7,8),9),10),11),12)),(3,((4,5),6))); -7697.11  0 85.3413 38.958 29.1666 -7772.66 0.229901 0.242765 0.197105 0.330228  0.0452152   0.290222  0.0740981   0.011773    0.56952 0.00917144
(1,(2,(((((7,8),9),10),11),12)),(3,((4,5),6))); -7704.52  0 79.3123 39.2218 27.6998 -7772.31 0.241768 0.242558 0.199724  0.31595  0.0616629   0.301954  0.0773139 0.00494517   0.543117  0.0110073
(1,(2,(((((7,8),9),10),11),12)),(3,((4,5),6))); -7708.44  0 76.0208 38.8096 27.5039 -7773.15 0.241842 0.250115 0.209841 0.298203 0.0560383  0.272686 0.0753248 0.0110222   0.56958 0.0153482
(1,(2,(((((7,8),9),10),11),12)),(3,((4,5),6))); -7696.41  0 84.445 39.1256 30.7196 -7772.45 0.244252  0.24693 0.202654 0.306164 0.0447828  0.291029 0.0632889 0.0143321  0.575224 0.0113429
(1,(2,(((((7,8),9),10),11),12)),(3,((4,5),6))); -7709.53  0 80.5807 39.4298 24.9921 -7775.67  0.23785 0.232137 0.190167 0.339845 0.0502374  0.326124 0.0601219 0.0155251  0.537581 0.0104114
(1,(2,(((((7,8),9),10),11),12)),(3,((4,5),6))); -7707.79  0 78.8395 39.3283 27.2986 -7774.6 0.240994 0.240101 0.199139 0.319767  0.0536517   0.330727  0.0692185  0.0157627   0.523921 0.00671841
(1,(2,(((((7,8),9),10),11),12)),(3,((4,5),6))); -7700.79  0 81.1255 38.6325 28.1796 -7771.46 0.248398 0.234092 0.189696 0.327814 0.0516878  0.285401 0.0544276 0.0115137  0.585158 0.0118117
(1,(2,(((((7,8),9),10),11),12)),(3,((4,5),6))); -7698.97  0 81.7395 39.5146 30.5893 -7771.78  0.24659 0.224362 0.210366 0.318682 0.0458108  0.303646 0.0678518 0.0117489  0.560312 0.0106305
(1,(2,(((((7,8),9),10),11),12)),(3,((4,5),6))); -7712.02  0 75.0894 39.0131 24.7302 -7772.82 0.236415 0.222165 0.209186 0.332234 0.0536046  0.276772 0.0635098 0.0153019  0.570163 0.0206484
(1,(2,(((((7,8),9),10),11),12)),(3,((4,5),6))); -7703.74  0 83.5455 38.9262 23.9065 -7772.27 0.266666 0.231083 0.207532  0.29472 0.0459805  0.281193 0.0643292 0.0214586  0.575802 0.0112369
(1,(2,(((((7,8),9),10),11),12)),(3,((4,5),6))); -7700.55  0 82.8643 38.9885 28.1389 -7772.57 0.254778 0.238574 0.207332 0.299316 0.0367655  0.291722 0.0660148 0.0126098  0.578477  0.014411
(1,(2,(((((7,8),9),10),11),12)),(3,((4,5),6))); -7699.71  0 81.4295 39.09 28.605 -7770.65 0.243919 0.230693 0.201941 0.323446  0.0390069   0.299871  0.0595776 0.00937553   0.574355  0.0178146
(1,(2,(((((7,8),9),10),11),12)),(3,((4,5),6))); -7707.6  0 76.9044 38.9946 27.4042 -7772.91 0.245429 0.244165 0.203907 0.306499  0.0567985    0.27266  0.0531397  0.0129233   0.599286 0.00519267
