tree logl logTop logBL logPrior logQ logWt pi1 pi2 pi3 pi4 s1 s2 s3 s4 s5 s6
(1,2,((3,((4,5),6)),(((((7,8),9),10),11),12))); -7706.83  -1.26322 78.2992 38.7695 26.7921 -7771.89 0.244047 0.223683 0.210151 0.322119  0.0488415   0.306925  0.0815222 0.00864864   0.538329  0.0157329
(1,2,((3,((4,5),6)),(((((7,8),9),10),11),12))); -7705.18  -1.26322 80.7266 38.7998 27.283 -7773.13 0.24046 0.23591 0.19284 0.33079  0.0545235   0.298009  0.0502542  0.0173478   0.575469 0.00439609
(1,2,((3,((4,5),6)),(((((7,8),9),10),12),11))); -7692.49  -1.45813 81.4934 39.1275 26.3265 -7759.73  0.23629 0.241758 0.211702 0.310251  0.0475298   0.300103  0.0960737  0.0117021    0.53901 0.00558194
(1,2,((3,((4,5),6)),((((7,8),9),10),(11,12)))); -7705.12  -1.17838 72.5469 38.194 27.1671 -7765.46 0.247736 0.240784 0.201892 0.309588  0.0344115   0.288555  0.0640373 0.00540341   0.600509 0.00708349
(1,2,((3,((4,5),6)),(((((7,8),9),10),11),12))); -7710.44  -1.26322 73.5709 38.7493 26.9155 -7770.92 0.259043 0.225909 0.198322 0.316726  0.0444844    0.28525  0.0839653  0.0201403   0.559315 0.00684522
(1,2,((3,((4,5),6)),(((((7,8),9),10),12),11))); -7693.29  -1.45813 82.1441 38.652 25.8348 -7761.16 0.249417  0.23142 0.209563   0.3096 0.0254742  0.296167 0.0585144  0.015445  0.593204  0.011196
(1,2,(((3,(4,5)),6),(((((7,8),9),10),12),11))); -7706.63  -4.28157 75.5023 39.1199 26.6428 -7765.37 0.241593 0.234048  0.21544  0.30892  0.0514606   0.267182  0.0645947  0.0213696   0.591943 0.00345026
(1,2,((3,((4,5),6)),((((7,8),9),10),(11,12)))); -7702.43  -1.17838 75.347 38.8496 28.2181 -7765.97 0.249552 0.236454 0.197904 0.316089  0.0636501   0.275602  0.0704461  0.0103757   0.573272 0.00665359
(1,2,((3,((4,5),6)),(((((7,8),9),10),12),11))); -7700.41  -1.45813 78.5451 38.6842 24.8134 -7763.62 0.271412 0.223368  0.20166  0.30356 0.0352961  0.287012 0.0547824 0.0126499  0.597569 0.0126901
(1,2,(((3,6),(4,5)),((((7,8),9),10),(11,12)))); -7699.98  -3.81329 81.8193 38.5972 25.4886 -7764.88 0.266981 0.237126 0.190977 0.304915 0.0577324  0.310795 0.0640769 0.0130749   0.54001 0.0143109
(1,2,(((3,6),(4,5)),(((((7,8),9),10),11),12))); -7709.27  -3.89813 73.5997 38.4744 29.2303 -7769.73 0.244692 0.238477 0.208387 0.308444   0.059105   0.306735   0.065035  0.0146202    0.54727 0.00723493
(1,2,((3,((4,5),6)),(((((7,8),9),10),12),11))); -7707.42  -1.45813 79.9745 38.835 19.0275 -7766.12 0.238487 0.259296 0.196507  0.30571  0.0488918   0.302727   0.107733  0.0138941   0.525017 0.00173674
(1,2,((3,((4,5),6)),(((((7,8),9),10),11),12))); -7700.34  -1.26322 81.503 38.4978 27.1755 -7769.26 0.245882 0.215961  0.21036 0.327796 0.0474005  0.307839 0.0775758 0.0105589  0.544102 0.0125245
(1,2,((3,((4,5),6)),((((7,8),9),10),(11,12)))); -7706.9  -1.17838 82.2876 39.064 22.8019 -7771.75 0.242898 0.237715 0.188928  0.33046 0.0657347  0.298437 0.0781003 0.0124323  0.524253 0.0210434
(1,2,((3,((4,5),6)),(((((7,8),9),10),11),12))); -7705.37  -1.26322 79.4084 38.3481 28.286 -7773.45 0.244969 0.221425 0.210706 0.322901  0.0479863    0.29146  0.0498511  0.0100058   0.594195 0.00650201
(1,2,((3,((4,5),6)),((((7,8),9),10),(11,12)))); -7707.95  -1.17838 75.7847 38.8545 24.2788 -7767.98 0.257222 0.222875 0.194317 0.325587  0.0530348   0.338522  0.0802106  0.0158792   0.507458 0.00489557
(1,2,((3,((4,5),6)),(((((7,8),9),10),12),11))); -7696.58  -1.45813 77.4886 39.4462 26.9632 -7760.13 0.246107  0.23677 0.201324 0.315799  0.0351549   0.294827  0.0531822 0.00961063   0.589845    0.01738
(1,(2,((((7,8),9),10),(11,12))),(3,((4,5),6))); -7691.01  -3.88023 80.4702 39.1101 28.1525 -7756.65 0.243717 0.229357 0.215797 0.311129 0.0549778  0.301288 0.0610096 0.0175747  0.551618 0.0135324
(1,2,((3,((4,5),6)),(((((7,8),9),10),12),11))); -7689.05  -1.45813 82.2654 39.2776 27.4724 -7758.05 0.249864 0.214406 0.207921 0.327809  0.0480842   0.310358  0.0660035  0.0066851   0.562141 0.00672861
(1,2,((3,((4,5),6)),((((7,8),9),10),(11,12)))); -7706.84  -1.17838 75.7851 39.024 24.8027 -7767.23  0.26219 0.215255  0.21986 0.302695  0.0335343    0.29361  0.0642733 0.00857831   0.590466 0.00953806
(1,2,(((3,(4,5)),6),(((((7,8),9),10),11),12))); -7719.52  -4.08666 81.5762 38.9083 19.686 -7777.79 0.229026    0.228  0.19874 0.344235 0.0542624  0.295611 0.0466142 0.0075708  0.567782 0.0281595
(1,2,((3,((4,5),6)),((((7,8),9),10),(11,12)))); -7693.95  -1.17838 81.0992 39.0429 28.6913 -7763.52 0.245184 0.227323 0.206919 0.320574  0.0423852   0.279451  0.0722213  0.0198187   0.577172 0.00895193
(1,2,((3,((4,5),6)),((((7,8),9),10),(11,12)))); -7697.73  -1.17838 80.6268 39.3017 28.8053 -7766.68 0.240454 0.240029 0.201829 0.317689  0.0492433    0.31789  0.0750678  0.0153852    0.53733 0.00508433
(1,2,((3,((4,5),6)),(((((7,8),9),10),11),12))); -7706.03  -1.26322 79.8441 38.8831 26.7887 -7772.52 0.231092 0.239868 0.203564 0.325476 0.0505274  0.290365 0.0841566  0.011161  0.548761  0.015029
(1,2,((3,((4,5),6)),(((((7,8),9),10),11),12))); -7709.51  -1.26322 78.1439 39.0649 25.5211 -7772.85 0.238321 0.217487 0.194779 0.349413   0.046481   0.314664  0.0573685  0.0150784   0.560054 0.00635434
(1,2,((3,((4,5),6)),((((7,8),9),10),(11,12)))); -7693.23  -1.17838 83.4359 39.2711 29.1661 -7765.38 0.231826 0.241171 0.212087 0.314916  0.0503131   0.294215  0.0649664 0.00856695   0.575386 0.00655263
(1,(2,(((((7,8),9),10),11),12)),(3,((4,5),6))); -7703.84  -3.96507 83.6828 39.4406 23.0043 -7767.13 0.234721 0.221827 0.240741 0.302711  0.0525802   0.319198  0.0653703  0.0165741   0.537811 0.00846652
(1,2,((3,((4,5),6)),(((((7,8),9),10),11),12))); -7705.14  -1.26322 82.2292 38.783 24.5444 -7771.87 0.253093 0.232671  0.22039 0.293846 0.0586689  0.318677 0.0440225 0.0104354  0.557602 0.0105943
(1,2,((3,((4,5),6)),((((7,8),9),10),(11,12)))); -7696.23  -1.17838 83.2022 38.8517 27.9678 -7767.37 0.247765 0.227032 0.203411 0.321793  0.0517522   0.329341  0.0487096   0.010352   0.554713 0.00513261
(1,2,(((3,(4,5)),6),(((((7,8),9),10),11),12))); -7715.84  -4.08666 75.6442 39.3349 28.4722 -7776.53 0.256845 0.222903 0.200048 0.320204   0.055368   0.307118  0.0718235  0.0114939   0.545692 0.00850506
(1,2,((3,((4,5),6)),((((7,8),9),10),(11,12)))); -7696.89  -1.17838 81.2815 38.9699 24.78 -7762.8 0.216248 0.236845 0.209099 0.337808  0.0484046    0.28429  0.0673912 0.00954964   0.575807  0.0145575
(1,2,((3,((4,5),6)),(((((7,8),9),10),12),11))); -7687.05  -1.45813 81.1752 39.3556 29.3968 -7756.81 0.253792 0.239231 0.202541 0.304436  0.0447802    0.29802  0.0717649   0.010958   0.568493 0.00598361
(1,2,((3,((4,5),6)),(((((7,8),9),10),11),12))); -7706.82  -1.26322 77.9269 39.0454 26.4212 -7770.86 0.241313 0.236853 0.221784  0.30005 0.0394618  0.287592 0.0698238 0.0165497  0.570864 0.0157081
(1,2,((3,((4,5),6)),(((((7,8),9),10),12),11))); -7694.09  -1.45813 77.6293 38.8289 27.9885 -7759.42 0.243653 0.243658 0.198551 0.314137  0.0378925   0.313599  0.0752338  0.0186493   0.544802 0.00982345
(1,2,((3,((4,5),6)),(((((7,8),9),10),12),11))); -7706.5  -1.45813 73.8946 39.5329 22.8444 -7762.24 0.264437 0.232722 0.183228 0.319613  0.0641316   0.264869  0.0571426  0.0220704   0.582359 0.00942749
(1,2,((3,((4,5),6)),(((((7,8),9),10),12),11))); -7696.39  -1.45813 72.4606 38.7778 27.9401 -7756.56 0.253247 0.230479 0.203902 0.312372  0.0455358   0.301032  0.0633199 0.00488261    0.57428  0.0109493
(1,2,((3,((4,5),6)),(((((7,8),9),10),11),12))); -7708.1  -1.26322 83.072 38.99 26.0065 -7776.92 0.245623 0.222882 0.212456 0.319039 0.0409647  0.251254 0.0707078 0.0159319   0.61016 0.0109815
(1,2,((3,((4,5),6)),(((((7,8),9),10),11),12))); -7733.62  -1.26322 71.8501 38.7578 20.325 -7785.77 0.238182   0.2359 0.227169  0.29875  0.0267971   0.257996  0.0607886  0.0073155   0.638941 0.00816277
(1,2,((3,((4,5),6)),(((((7,8),9),10),11),12))); -7712.83  -1.26322 75.7183 38.5775 25.1899 -7773.9 0.247313 0.227616 0.224071 0.300999  0.0611478   0.276413  0.0510289  0.0192068   0.585459 0.00674383
(1,2,((3,((4,5),6)),((((7,8),9),10),(11,12)))); -7698.27  -1.17838 78.8355 39.0934 28.1531 -7764.98 0.249687 0.228169 0.213225 0.308918  0.043759  0.332106 0.0537412 0.0115935  0.548325  0.010475
(1,2,((3,((4,6),5)),(((((7,8),9),10),11),12))); -7729.92  -7.59757 76.9502 39.0438 24.5301 -7784.76 0.246265 0.218697  0.21572 0.319319  0.0645758   0.271119  0.0594374 0.00512366   0.587776  0.0119677
(1,2,((3,((4,5),6)),((((7,8),9),10),(11,12)))); -7711.3  -1.17838 84.3739 39.308 22.6038 -7777.8  0.22258 0.263782 0.193176 0.320463  0.0573241   0.330609  0.0712373 0.00954055   0.523159 0.00813028
(1,2,((3,((4,5),6)),((((7,8),9),10),(11,12)))); -7698.48  -1.17838 79.2122 38.9488 26.3308 -7763.89 0.246947 0.229127 0.201038 0.322887 0.0471655   0.32636 0.0597007  0.011204  0.534967 0.0206031
(1,2,((3,((4,5),6)),(((((7,8),9),10),11),12))); -7705.43  -1.26322 80.1149 39.0398 26.829 -7772.07 0.254885  0.23315 0.207589 0.304375 0.0675805  0.291816 0.0529558 0.0103634  0.565797 0.0114881
(1,2,((3,((4,5),6)),((((7,8),9),10),(11,12)))); -7694.65  -1.17838 83.0784 38.9193 27.8215 -7765.45 0.239431 0.235151 0.213443 0.311975  0.0555464    0.30836  0.0797739  0.0124735    0.54012 0.00372598
(1,2,(((3,(4,5)),6),((((7,8),9),10),(11,12)))); -7708.94  -4.00182 75.5337 38.334 26.8942 -7769.03 0.243104 0.220722 0.209858 0.326315  0.0467912   0.339153  0.0595211  0.0181042   0.527748 0.00868252
(1,2,((3,((4,5),6)),(((((7,8),9),10),12),11))); -7695.46  -1.45813 76.0279 38.7598 26.1956 -7757.47 0.250359 0.240505 0.215538 0.293598  0.0632439   0.315639  0.0628056   0.014168   0.539255 0.00488783
(1,2,((3,((4,5),6)),(((((7,8),9),10),11),12))); -7700.86  -1.26322 79.1152 38.7624 29.5701 -7769.52 0.247181 0.231336 0.202065 0.319418 0.0460023  0.297616 0.0583489 0.0167035  0.569804  0.011525
(1,2,(((3,(4,5)),6),((((7,8),9),10),(11,12)))); -7705.51  -4.00182 78.5052 39.0848 27.2597 -7768.19 0.241916 0.240359  0.20753 0.310195 0.0512249  0.286817 0.0715857 0.0121242  0.558426 0.0198228
(1,2,((3,((4,5),6)),((((7,8),9),10),(11,12)))); -7699.38  -1.17838 81.1736 38.7734 26.7576 -7767.36 0.234734 0.223371 0.205407 0.336489  0.0632059   0.310984  0.0660464 0.00900012   0.541569 0.00919425
(1,2,((3,((4,5),6)),((((7,8),9),10),(11,12)))); -7700.36  -1.17838 79.3092 38.7622 24.36 -7764.09 0.255803 0.212416  0.22353  0.30825  0.0306153   0.320999  0.0698226  0.0117327   0.559313 0.00751744
(1,2,((3,((4,5),6)),(((((7,8),9),10),12),11))); -7695.67  -1.45813 79.557 39.2565 25.172 -7759.69 0.230982 0.220819 0.198203 0.349996  0.0431457   0.288502  0.0535479  0.0141131   0.593136 0.00755492
(1,2,((3,((4,5),6)),((((7,8),9),10),(11,12)))); -7697.95  -1.17838 77.636 39.1641 28.3539 -7763.6 0.252972 0.231132 0.190167 0.325728  0.0428182   0.289098  0.0672841   0.017597   0.576114 0.00708879
(1,2,((3,((4,5),6)),(((((7,8),9),10),11),12))); -7713.74  -1.26322 74.2205 38.7717 27.3801 -7775.31 0.239013 0.234366 0.217983 0.308639  0.0331874   0.295481  0.0634899 0.00814078   0.594999  0.0047013
(1,2,((3,((4,5),6)),(((((7,8),9),10),12),11))); -7692.38  -1.45813 81.4571 39.3163 24.7788 -7757.84 0.237738 0.224531 0.226387 0.311345  0.035518  0.287019 0.0744928 0.0237777  0.567745 0.0114476
(1,2,(((3,6),(4,5)),(((((7,8),9),10),12),11))); -7688.38  -4.09304 80.7101 38.6201 28.8973 -7755.28 0.234928 0.238198 0.203841 0.323034  0.0428236    0.29041  0.0819256  0.0123206    0.56499 0.00753072
(1,2,(((3,(4,5)),6),(((((7,8),9),10),11),12))); -7721.05  -4.08666 76.4688 38.903 24.6066 -7779.14 0.248377 0.256367 0.202917  0.29234 0.0477279  0.321121 0.0549334 0.0156414  0.544922 0.0156544
(1,(2,((((7,8),9),10),(11,12))),((3,(4,5)),6)); -7706.59  -6.70367 83.5135 38.8012 25.2366 -7769.83 0.243979 0.222297 0.193024   0.3407  0.0466478   0.311227  0.0452078 0.00963687   0.574688  0.0125925
(1,2,((3,((4,5),6)),(((((7,8),9),10),11),12))); -7709.17  -1.26322 75.2074 38.4535 27.8486 -7772.51 0.249342 0.233273 0.202279 0.315106  0.0498339   0.319918  0.0542924  0.0161703   0.557213 0.00257217
(1,2,((3,((4,5),6)),(((((7,8),9),10),11),12))); -7708.19  -1.26322 80.477 39.324 27.0989 -7775.18  0.23968 0.250585 0.212122 0.297612  0.0535875    0.28195  0.0651442 0.00800743    0.58576 0.00555059
(1,2,((3,((4,5),6)),(((((7,8),9),10),12),11))); -7692.69  -1.45813 80.5734 38.5397 25.0619 -7758.32 0.260812  0.23508 0.194396 0.309712  0.0616386   0.292491   0.065488  0.0271572   0.547451 0.00577403
(1,2,((3,((4,5),6)),((((7,8),9),10),(11,12)))); -7694.13  -1.17838 78.2188 38.4112 28.5628 -7761.33  0.24163  0.23686 0.192659 0.328851  0.0441603   0.301971  0.0737121 0.00863473   0.561486   0.010036
(1,2,((3,((4,5),6)),((((7,8),9),10),(11,12)))); -7697.41  -1.17838 81.9192 39.2081 25.9677 -7764.91  0.22566 0.239742 0.209388  0.32521  0.0592025   0.283469  0.0685089  0.0172967   0.568957 0.00256503
(1,2,((3,((4,5),6)),(((((7,8),9),10),11),12))); -7715.62  -1.26322 74.2222 38.8549 23.2606 -7772.99  0.26986 0.234801  0.18598 0.309359  0.0580337   0.285024  0.0697158  0.0143683   0.570995 0.00186363
(1,2,(((3,6),(4,5)),(((((7,8),9),10),12),11))); -7697.32  -4.09304 82.223 39.179 24.757 -7761.03 0.227127 0.237534 0.198792 0.336548  0.0495827   0.273932  0.0903581  0.0181134   0.558404 0.00960994
(1,2,((3,((4,5),6)),(((((7,8),9),10),11),12))); -7708.59  -1.26322 77.7371 38.1678 25.4356 -7772.33 0.234993 0.237384 0.200138 0.327485  0.0548605   0.262962  0.0446658  0.0129445   0.615864 0.00870316
(1,2,((3,((4,5),6)),(((((7,8),9),10),11),12))); -7703.17  -1.26322 81.3104 38.8701 25.5988 -7769.95 0.260706 0.226688 0.197402 0.315205  0.0525804   0.307168  0.0788031 0.00726105   0.537927    0.01626
(1,2,((3,((4,5),6)),(((((7,8),9),10),11),12))); -7721.21  -1.26322 78.0355 38.6268 19.7642 -7779.12 0.248386 0.252423 0.172007 0.327183  0.0280371   0.312862  0.0821843 0.00866653   0.561729 0.00652078
(1,2,((3,((4,5),6)),(((((7,8),9),10),12),11))); -7693.29  -1.45813 85.7838 39.3125 22.6872 -7760.99 0.231324 0.233412 0.228136 0.307128  0.0450681   0.285264  0.0850082  0.0287162   0.546621 0.00932178
(1,2,((3,((4,5),6)),(((((7,8),9),10),12),11))); -7691.79  -1.45813 82.9722 39.1286 26.7302 -7760.9 0.260925 0.235386  0.20682 0.296869  0.0346514   0.294028  0.0557578  0.0153671   0.594263 0.00593262
(1,2,((3,((4,5),6)),((((7,8),9),10),(11,12)))); -7711.46  -1.17838 78.813 38.6764 20.7852 -7771.21 0.273953 0.229152  0.19729 0.299605  0.0560823   0.289694  0.0452928 0.00408268   0.592187  0.0126615
(1,2,((3,((4,5),6)),(((((7,8),9),10),11),12))); -7704.01  -1.26322 80.8292 38.6912 27.7468 -7772.63 0.255247 0.221997 0.199442 0.323314  0.0507344   0.283425  0.0813865 0.00909865   0.568642 0.00671347
(1,(2,((((7,8),9),10),(11,12))),(3,((4,5),6))); -7693.13  -3.88023 77.7875 38.9535 27.5029 -7755.59 0.259913 0.231587 0.193911 0.314589 0.0493237  0.307888 0.0799626 0.0117102  0.540033 0.0110819
(1,2,((3,((4,5),6)),(((((7,8),9),10),12),11))); -7688.88  -1.45813 79.4522 38.9739 28.2542 -7756.15 0.238951 0.232442 0.222953 0.305654 0.0415102  0.307277 0.0550922 0.0136328  0.575674 0.0068147
(1,2,((3,((4,5),6)),(((((7,8),9),10),11),12))); -7699.96  -1.26322 85.6064 39.0493 27.549 -7772.8 0.246912 0.245691 0.194663 0.312734  0.0342719   0.318897  0.0664209 0.00975506   0.558334  0.0123208
(1,2,((3,((4,5),6)),(((((7,8),9),10),12),11))); -7688.77  -1.45813 81.962 39.3958 27.4077 -7757.29  0.24389  0.24554 0.209505 0.301066 0.0368656  0.306221 0.0736379 0.0202455  0.554802 0.0082277
(1,2,((3,((4,5),6)),(((((7,8),9),10),12),11))); -7696.21  -1.45813 74.62 39.1146 26.4719 -7756.73 0.246423 0.244836 0.207827 0.300914  0.0555349   0.282139  0.0813441  0.0121159   0.566118 0.00274835
(1,2,((3,((4,5),6)),((((7,8),9),10),(11,12)))); -7701.4  -1.17838 72.1278 39.2606 28.4224 -7761.51 0.247317 0.227801 0.198113 0.326769  0.0398718   0.285695  0.0667239 0.00919161    0.58569  0.0128275
(1,(2,(((((7,8),9),10),11),12)),(3,((4,5),6))); -7704.52  -3.96507 79.5223 39.3958 27.1361 -7767.82 0.233939 0.241352  0.21748 0.307229  0.0411453   0.316338  0.0608435  0.0173795   0.561299 0.00299516
(1,2,((3,((4,5),6)),((((7,8),9),10),(11,12)))); -7695.42  -1.17838 85.124 39.0279 24.7839 -7765.12 0.259667 0.219747 0.187164 0.333422  0.0521276   0.307961  0.0775145  0.0183616   0.535479 0.00855605
(1,2,((3,((4,5),6)),(((((7,8),9),10),12),11))); -7704.15  -1.45813 75.7689 39.6046 19.8291 -7758.69 0.232973 0.215807 0.228155 0.323064  0.0485784   0.335954  0.0616753  0.0298833   0.521086 0.00282248
(1,2,(((3,(4,5)),6),(((((7,8),9),10),11),12))); -7715.74  -4.08666 76.1467 38.7273 27.5141 -7776.58 0.241004 0.216755 0.212663 0.329578  0.0537203    0.27487   0.060334  0.0112932   0.592829 0.00695373
(1,2,((3,((4,5),6)),(((((7,8),9),10),11),12))); -7697.54  -1.26322 86.0226 39.0802 28.7532 -7771.97 0.232447 0.248026 0.198879 0.320649  0.0445817   0.312136  0.0645155   0.015877   0.556072 0.00681795
(1,2,((3,((4,5),6)),((((7,8),9),10),(11,12)))); -7702.72  -1.17838 76.418 39.0611 27.2647 -7766.16 0.250986 0.220897 0.204497  0.32362   0.05177  0.297455 0.0496649 0.0169029  0.570466 0.0137407
(1,2,((3,((4,5),6)),((((7,8),9),10),(11,12)))); -7693.09  -1.17838 83.2164 39.2306 27.6576 -7763.55 0.236096 0.230479 0.224462 0.308962   0.041704   0.295609  0.0724421 0.00793789   0.573225 0.00908221
(1,2,((3,((4,5),6)),(((((7,8),9),10),12),11))); -7695.98  -1.45813 82.4271 38.9003 25.0215 -7763.07 0.242621 0.237482 0.216276 0.303621 0.0512232  0.303813 0.0364556 0.0115554  0.589134 0.0078191
(1,2,((3,((4,5),6)),(((((7,8),9),10),11),12))); -7708.24  -1.26322 79.8246 38.4885 25.7913 -7774.1 0.258124 0.213998 0.203154 0.324725   0.044004   0.280024  0.0791801 0.00650689   0.581001 0.00928489
(1,2,((3,((4,5),6)),((((7,8),9),10),(11,12)))); -7694.1  -1.17838 81.0949 39.1058 27.8201 -7762.73 0.249214  0.23123 0.209673 0.309883  0.0383668   0.322952   0.079889  0.0142174   0.534663 0.00991243
(1,2,((3,((4,5),6)),(((((7,8),9),10),12),11))); -7689.47  -1.45813 76.018 38.6026 29.0453 -7754.47 0.249125 0.232913 0.207627 0.310335  0.0543193    0.29732  0.0626026   0.017816    0.56376 0.00418223
(1,2,((3,((4,5),6)),(((((7,8),9),10),12),11))); -7697.05  -1.45813 77.5841 38.4305 24.9612 -7759.7 0.235323  0.22587 0.219513 0.319294  0.0368892   0.253182  0.0679485 0.00909156   0.624705 0.00818326
(1,2,((3,((4,5),6)),((((7,8),9),10),(11,12)))); -7698.12  -1.17838 80.2942 39.0974 27.5104 -7765.65 0.240994 0.229781 0.193792 0.335432  0.0586124   0.285761  0.0561544 0.00902755   0.583666 0.00677793
(1,2,((3,((4,5),6)),(((((7,8),9),10),11),12))); -7705.08  -1.26322 78.0839 38.5686 28.252 -7771.58 0.240854 0.239863 0.210241 0.309042 0.0473765  0.271837 0.0576871 0.0143519  0.596006 0.0127412
(1,2,((3,((4,5),6)),(((((7,8),9),10),11),12))); -7702.99  -1.26322 84.5394 39.0681 26.4502 -7773.65 0.243887 0.239256  0.21621 0.300647 0.0619442  0.286498 0.0678965 0.0217836   0.55174 0.0101373
(1,2,((3,((4,5),6)),(((((7,8),9),10),11),12))); -7707.55  -1.26322 79.7791 38.9436 23.926 -7771.05 0.258778 0.231445 0.212837 0.296939 0.0418515  0.354307 0.0662416 0.0120065  0.512449 0.0131442
(1,2,(((3,6),(4,5)),((((7,8),9),10),(11,12)))); -7702.21  -3.81329 76.3008 38.6667 28.6117 -7764.65 0.252777 0.239646 0.207505 0.300072  0.0492737    0.28787  0.0537151  0.0118156   0.589896 0.00743028
(1,2,((3,((4,5),6)),((((7,8),9),10),(11,12)))); -7698.81  -1.17838 80.4638 39.0201 25.2666 -7764.34 0.239939 0.230528 0.209209 0.320324 0.0324039  0.300492 0.0842565 0.0254616  0.548013 0.0093731
(1,2,((3,((4,5),6)),((((7,8),9),10),(11,12)))); -7703.59  -1.17838 79.9616 39.4162 24.2926 -7767.25   0.2502   0.2051 0.221654 0.323046  0.0482107   0.304871  0.0592856  0.0194243   0.564157 0.00405139
(1,(2,(((((7,8),9),10),11),12)),(3,((4,5),6))); -7706.37  -3.96507 74.9383 38.6768 28.7671 -7767.43 0.229949  0.23798 0.207735 0.324337  0.0469186   0.311509  0.0587864  0.0123149    0.56654 0.00393118
(1,2,((3,((4,5),6)),(((((7,8),9),10),11),12))); -7712.98  -1.26322 76.9488 38.4945 26.8433 -7777.02 0.237854 0.250673 0.198383 0.313091  0.0417583   0.331006  0.0607485 0.00573121   0.552318 0.00843841
(1,2,(((3,6),(4,5)),(((((7,8),9),10),11),12))); -7713.29  -3.89813 78.2747 38.7524 24.7163 -7773.63 0.238297 0.234955 0.196935 0.329813 0.0267258  0.302828  0.080334 0.0129466  0.562489 0.0146766
(1,2,((3,((4,5),6)),(((((7,8),9),10),11),12))); -7705.65  -1.26322 79.1069 38.5274 25.7655 -7770.73 0.260138 0.242749 0.185353  0.31176  0.0441099   0.322854   0.075702  0.0168359   0.532562 0.00793597
(1,2,((3,((4,5),6)),((((7,8),9),10),(11,12)))); -7700.88  -1.17838 75.1646 38.5276 28.0748 -7764.42 0.230642 0.225756 0.214376 0.329226  0.0398013   0.312221  0.0647674  0.0141361   0.564245 0.00482896
(1,2,((3,((4,5),6)),(((((7,8),9),10),11),12))); -7721.81  -1.26322 74.0148 38.825 21.714 -7777.46 0.229669 0.229705 0.209443 0.331184  0.0838982   0.260286  0.0744844 0.00760528   0.565218 0.00850862
(1,2,((3,((4,5),6)),(((((7,8),9),10),11),12))); -7707.62  -1.26322 81.432 38.5901 24.65 -7773.85 0.246556 0.241506 0.188853 0.323085 0.0408612  0.280531 0.0464846 0.0160533  0.598652 0.0174176
(1,(2,((((7,8),9),10),(11,12))),(3,((4,5),6))); -7693.44  -3.88023 81.957 38.6914 25.2536 -7758.08 0.249091 0.221911 0.205162 0.323835  0.0634794   0.301393  0.0758542   0.004133    0.54682 0.00832056
(1,2,(((3,(4,5)),6),(((((7,8),9),10),12),11))); -7702.19  -4.28157 79.4961 38.8874 25.1148 -7763.63 0.255331  0.23227 0.193891 0.318507  0.0497307     0.2975  0.0741914  0.0307687   0.542041 0.00576794
(1,2,((3,((4,5),6)),(((((7,8),9),10),12),11))); -7690.55  -1.45813 77.8072 39.1901 28.2656 -7755.97 0.233909 0.231924 0.207443 0.326725  0.0388217    0.28292  0.0670525 0.00863589   0.590912  0.0116574
(1,2,((3,((4,5),6)),(((((7,8),9),10),12),11))); -7689.36  -1.45813 76.0546 38.3211 29.1861 -7754.82 0.238851 0.230589 0.204278 0.326282  0.042952  0.298259 0.0663568  0.016164  0.563684 0.0125842
(1,2,((3,((4,5),6)),(((((7,8),9),10),11),12))); -7720.66  -1.26322 78.68 38.7684 24.2757 -7783.59 0.247904 0.227683 0.218764 0.305649  0.0254393   0.322422  0.0496744  0.0115092   0.584683 0.00627226
(1,2,((3,((4,5),6)),(((((7,8),9),10),12),11))); -7693.4  -1.45813 79.6668 39.1649 26.3472 -7758.79 0.240236 0.238155 0.203201 0.318408 0.0431807  0.286706 0.0730926 0.0289727  0.556343 0.0117046
(1,2,((3,((4,5),6)),((((7,8),9),10),(11,12)))); -7700.19  -1.17838 74.6246 38.7557 28.4848 -7763.36 0.232675 0.246782 0.212582  0.30796  0.0377345   0.306396  0.0620294   0.014549   0.571866 0.00742447
(1,2,((3,((4,5),6)),(((((7,8),9),10),12),11))); -7686.3  -1.45813 84.0848 39.3824 27.162 -7756.71 0.227094 0.236478 0.223499 0.312929  0.0421878   0.303248  0.0661357  0.0186116   0.564364 0.00545337
(1,2,((3,((4,5),6)),(((((7,8),9),10),12),11))); -7689.44  -1.45813 82.2044 39.2116 27.7643 -7758.74 0.239128 0.231579 0.209347 0.319947  0.0528624   0.257775    0.06122  0.0125475   0.609348 0.00624688
(1,2,((3,((4,5),6)),(((((7,8),9),10),12),11))); -7691.63  -1.45813 84.887 39.2453 25.5693 -7761.38 0.233282 0.231695 0.204811 0.330212    0.04406   0.291557  0.0942371 0.00923527   0.547293  0.0136173
(1,2,(((3,6),(4,5)),((((7,8),9),10),(11,12)))); -7709.51  -3.81329 74.5253 39.6539 27.288 -7767.86 0.258568 0.233645 0.202209 0.305577  0.0629267   0.293169  0.0494529  0.0121232   0.575496 0.00683171
(1,(2,((((7,8),9),10),(11,12))),(3,((4,5),6))); -7695.45  -3.88023 77.4439 39.1458 27.5679 -7757.44 0.235922 0.230138 0.202684 0.331257  0.0468911   0.292575   0.087143  0.0141892   0.549485 0.00971646
(1,2,((3,((4,5),6)),((((7,8),9),10),(11,12)))); -7699.54  -1.17838 81.7801 39.2899 22.7957 -7763.65 0.250453 0.244072 0.223027 0.282449  0.0424831   0.315839  0.0863111  0.0113552    0.53418 0.00983174
(1,2,((3,((4,5),6)),(((((7,8),9),10),12),11))); -7687.29  -1.45813 80.2003 38.7734 29.3296 -7756.59    0.242 0.229968 0.208444 0.319588   0.05236  0.285734 0.0605996 0.0121363  0.576263 0.0129067
(1,2,((3,((4,5),6)),(((((7,8),9),10),11),12))); -7715.51  -1.26322 77.5387 38.5893 21.9858 -7775.18 0.261286 0.230586 0.181318 0.326809 0.0594675  0.277295 0.0433082 0.0209685  0.590352 0.0086093
(1,2,((3,((4,5),6)),(((((7,8),9),10),11),12))); -7708.14  -1.26322 85.9497 39.1927 20.7227 -7774.36  0.23015 0.213326 0.193111 0.363413  0.0410473   0.289757  0.0563652  0.0183016   0.586167 0.00836185
(1,2,((3,((4,5),6)),(((((7,8),9),10),12),11))); -7696.03  -1.45813 75.2349 39.0394 26.9086 -7757.67 0.235496 0.232021 0.190709 0.341774   0.052387    0.28326   0.068965  0.0164778   0.571551 0.00735917
(1,2,((3,((4,5),6)),(((((7,8),9),10),11),12))); -7705.26  -1.26322 81.0945 39.1406 25.4392 -7771.39 0.227795 0.237205 0.190119  0.34488  0.0418289   0.308581  0.0564821 0.00862703   0.573822  0.0106584
(1,2,((3,((4,5),6)),(((((7,8),9),10),12),11))); -7696.26  -1.45813 79.5904 38.7423 25.2081 -7760.86 0.259577 0.230606 0.200001 0.309816 0.0636401  0.296973 0.0524397 0.0095902  0.558615 0.0187422
(1,2,((3,((4,5),6)),((((7,8),9),10),(11,12)))); -7696.53  -1.17838 81.3368 39.0866 26.6707 -7764.27 0.233949 0.252962 0.196934 0.316155  0.0437136   0.283202  0.0859835  0.0148434   0.566406 0.00585118
(1,2,((3,((4,5),6)),((((7,8),9),10),(11,12)))); -7695.5  -1.17838 80.8373 38.8843 27.807 -7764.08 0.248422 0.228891 0.217129 0.305558   0.059845   0.290035  0.0632024 0.00830343   0.567207  0.0114067
(1,2,(((3,(4,5)),6),(((((7,8),9),10),11),12))); -7716  -4.08666 83.077 38.7432 25.5174 -7781.76  0.23187 0.229834 0.212687 0.325609  0.0354142   0.297044  0.0529019  0.0106096   0.602008 0.00202283
(1,2,((3,((4,5),6)),((((7,8),9),10),(11,12)))); -7700.72  -1.17838 81.7005 39.0878 25.0081 -7767.16 0.251069 0.211923 0.194526 0.342482  0.0503618   0.321565  0.0706909  0.0100784   0.541689 0.00561446
(1,2,((3,((4,5),6)),((((7,8),9),10),(11,12)))); -7699.96  -1.17838 81.7792 39.028 26.0918 -7767.63  0.22237 0.231431  0.20089 0.345308   0.047093   0.311415  0.0663398  0.0143612   0.555291 0.00550034
(1,2,((3,((4,5),6)),((((7,8),9),10),(11,12)))); -7698.49  -1.17838 82.2706 38.7191 27.694 -7768.56 0.252462  0.23347 0.203916 0.310152  0.0411019    0.27886  0.0488155  0.0149475   0.606351 0.00992396
(1,2,((3,((4,5),6)),(((((7,8),9),10),11),12))); -7717.77  -1.26322 78.2208 39.0813 25.3996 -7781.05 0.248568 0.219385  0.20328 0.328767  0.0371026   0.336439  0.0459723 0.00839682   0.567324 0.00476541
(1,2,((3,((4,5),6)),(((((7,8),9),10),12),11))); -7694.48  -1.45813 79.3319 38.6854 26.2241 -7759.89 0.235902 0.242499 0.197376 0.324224  0.0379173   0.292824  0.0472307 0.00707594   0.603775  0.0111774
(1,2,((3,((4,5),6)),(((((7,8),9),10),11),12))); -7702.78  -1.26322 81.5826 38.9223 27.3344 -7771.51   0.2538 0.233336 0.185478 0.327387   0.045942   0.280682  0.0663548  0.0109983   0.591145 0.00487742
(1,2,((3,((4,5),6)),(((((7,8),9),10),12),11))); -7688.01  -1.45813 82.0887 38.867 27.2395 -7757.02 0.237896 0.222756 0.206199 0.333149 0.0440547   0.27239 0.0814216 0.0126887  0.579312 0.0101323
(1,2,((3,((4,5),6)),((((7,8),9),10),(11,12)))); -7698.72  -1.17838 79.4271 39.3061 25.3961 -7763.05 0.258061 0.225436 0.215372 0.301131 0.0496703  0.319633 0.0739579 0.0193142  0.524223 0.0132022
(1,2,((3,((4,5),6)),(((((7,8),9),10),11),12))); -7714.54  -1.26322 78.0618 38.8711 26.1367 -7778.6 0.252638 0.233284 0.210261 0.303817   0.038507   0.279783  0.0448347  0.0149987   0.612053 0.00982375
(1,2,(((3,(4,5)),6),((((7,8),9),10),(11,12)))); -7700.44  -4.00182 85.6521 39.21 26.8915 -7769.77 0.235241 0.239658 0.219046 0.306055 0.0410542  0.273971 0.0560982 0.0140129  0.602194 0.0126696
(1,2,((3,((4,5),6)),((((7,8),9),10),(11,12)))); -7688.56  -1.17838 84.792 38.9164 29.8363 -7763.1  0.24761 0.233096 0.205476 0.313818 0.0532441  0.286318 0.0658877 0.0163891  0.570842 0.0073187
(1,2,((3,((4,5),6)),(((((7,8),9),10),12),11))); -7693.16  -1.45813 72.757 38.4841 29.7487 -7755.72 0.247036 0.227116 0.210686 0.315162  0.0478755   0.285492  0.0640497  0.0120345   0.585164 0.00538403
(1,2,((3,((4,5),6)),((((7,8),9),10),(11,12)))); -7697.77  -1.17838 81.0918 38.3911 26.7557 -7766.05 0.256997 0.240443 0.202523 0.300037  0.0407384   0.300107  0.0508714 0.00947121   0.584228  0.0145845
(1,2,((3,((4,5),6)),(((((7,8),9),10),12),11))); -7690.01  -1.45813 80.2303 39.2635 27.9903 -7757.51 0.255951 0.242821 0.204738  0.29649  0.0534325    0.31723  0.0614565  0.0127649   0.548513 0.00660341
(1,2,((3,((4,5),6)),((((7,8),9),10),(11,12)))); -7699.46  -1.17838 82.7453 38.6134 24.7278 -7767.14 0.236733  0.23566 0.196458 0.331149  0.0649778    0.26811  0.0560465 0.00669339    0.60066 0.00351165
(1,2,((3,((4,5),6)),(((((7,8),9),10),12),11))); -7694.25  -1.45813 78.7878 38.9337 27.8293 -7760.47 0.240338 0.241438 0.198077 0.320147  0.0512156   0.325984  0.0556796 0.00823904   0.545909  0.0129724
(1,2,((3,((4,5),6)),(((((7,8),9),10),11),12))); -7703.04  -1.26322 78.3236 38.7976 28.8606 -7770.16 0.236991  0.24356 0.197813 0.321635  0.0538905   0.308992  0.0710825 0.00982699   0.546995 0.00921284
(1,2,((3,((4,5),6)),((((7,8),9),10),(11,12)))); -7699.11  -1.17838 80.5758 39.2057 25.1971 -7764.5 0.218635 0.246527 0.205883 0.328955  0.0572844   0.271893   0.072974  0.0171993   0.574044 0.00660598
(1,2,((3,((4,5),6)),((((7,8),9),10),(11,12)))); -7697.07  -1.17838 83.7125 39.0143 25.5151 -7766.1 0.242792 0.236323 0.199876 0.321009  0.0530908   0.293396   0.081564 0.00761858   0.543753  0.0205778
(1,2,((3,((4,5),6)),(((((7,8),9),10),11),12))); -7702.03  -1.26322 79.1902 38.5922 27.1979 -7768.56 0.229724 0.240099 0.200507 0.329671  0.0465218   0.273041  0.0637932  0.0208507   0.586242 0.00955112
(1,2,((3,((4,5),6)),(((((7,8),9),10),11),12))); -7702.19  -1.26322 80.1971 39.0642 29.5876 -7771.64 0.255917 0.232034  0.19904 0.313009  0.0473495    0.30908  0.0591425  0.0103991   0.565133 0.00889597
(1,2,((3,((4,5),6)),(((((7,8),9),10),11),12))); -7700.77  -1.26322 84.4905 39.11 26.3757 -7771.27  0.24923 0.214711 0.207008 0.329052  0.0486724    0.29039  0.0869928  0.0160325   0.551332 0.00658124
(1,2,((3,((4,5),6)),(((((7,8),9),10),11),12))); -7709.41  -1.26322 83.8848 38.5169 24.5828 -7778.1 0.24002 0.22519 0.21047 0.32432  0.0280097   0.306667  0.0541806 0.00499735   0.596011  0.0101342
(1,2,((3,((4,5),6)),((((7,8),9),10),(11,12)))); -7702.44  -1.17838 82.2866 39.3056 24.6189 -7768.86 0.237984 0.253115 0.197407 0.311494  0.0627047   0.302741  0.0720177 0.00762242   0.537289  0.0176256
(1,2,((3,((4,5),6)),(((((7,8),9),10),11),12))); -7707.26  -1.26322 85.2383 38.6717 23.3682 -7775.93 0.254972  0.23811 0.189166 0.317752  0.0436251   0.303708  0.0536814  0.0352177   0.557263 0.00650492
(1,2,((3,((4,5),6)),(((((7,8),9),10),12),11))); -7704.28  -1.45813 71.3414 38.5462 25.4033 -7761.02 0.241609 0.237429 0.206714 0.314248   0.071784   0.288012  0.0833691 0.00875877     0.5362  0.0118757
(1,2,((3,((4,5),6)),(((((7,8),9),10),11),12))); -7716.69  -1.26322 84.0245 38.8706 22.8473 -7783.42 0.262932 0.236591 0.205633 0.294844  0.0487186   0.281522  0.0519778 0.00741148   0.608841 0.00152914
(1,2,((3,((4,5),6)),(((((7,8),9),10),11),12))); -7702  -1.26322 80.5438 38.6709 27.972 -7770.58 0.240057 0.237375 0.203045 0.319523 0.0576247  0.264502 0.0738125 0.0118545   0.58085 0.0113567
(1,2,((3,((4,5),6)),((((7,8),9),10),(11,12)))); -7696.57  -1.17838 75.83 38.8186 29.406 -7761.81 0.247245 0.233107 0.202016 0.317632  0.0451394   0.277688  0.0765148   0.013702   0.580367 0.00658901
(1,2,((3,((4,5),6)),(((((7,8),9),10),11),12))); -7704.97  -1.26322 78.9079 38.8422 27.1855 -7770.96 0.232784 0.240932 0.196706 0.329577 0.0429415  0.309042 0.0646917 0.0112689  0.554828 0.0172278
(1,2,((3,((4,5),6)),(((((7,8),9),10),12),11))); -7693.52  -1.45813 78.989 39.1866 27.6454 -7759.51 0.238579 0.245509 0.217984 0.297928   0.041807   0.314893  0.0601343 0.00885992   0.565409 0.00889655
(1,2,((3,((4,5),6)),(((((7,8),9),10),11),12))); -7709.24  -1.26322 76.4366 38.49 26.4754 -7772.4 0.249534 0.245226 0.193982 0.311259 0.0602726  0.295075 0.0784844 0.0150892  0.537555 0.0135243
(1,2,((3,((4,5),6)),(((((7,8),9),10),12),11))); -7687.19  -1.45813 80.3335 38.4418 28.961 -7756.58 0.243748 0.240251 0.210798 0.305203  0.0540306   0.309607  0.0563133  0.0166725     0.5565 0.00687687
(1,2,((3,((4,5),6)),(((((7,8),9),10),11),12))); -7702.72  -1.26322 83.3251 38.8604 27.4679 -7773.39 0.235148 0.224051 0.214175 0.326625  0.0385522    0.32182  0.0666774 0.00880784   0.560394 0.00374874
(1,2,((3,((4,5),6)),(((((7,8),9),10),11),12))); -7705.33  -1.26322 77.7346 39.0999 28.9789 -7771.68 0.240355 0.243943 0.208151 0.307551 0.0542482  0.305489 0.0718948 0.0146438   0.54815 0.0055748
(1,2,((3,((4,5),6)),(((((7,8),9),10),11),12))); -7707.9  -1.26322 80.1144 39.5887 25.1431 -7772.31 0.254361 0.235996 0.206004 0.303639  0.0413938   0.286629  0.0732991  0.0308858   0.563075 0.00471723
(1,2,((3,((4,5),6)),(((((7,8),9),10),12),11))); -7694.08  -1.45813 80.3067 38.8868 24.0196 -7758.06 0.232951 0.250615 0.195996 0.320438  0.0302662   0.282919  0.0815886 0.00620087   0.594051 0.00497486
(1,2,(((3,(4,5)),6),(((((7,8),9),10),12),11))); -7705.88  -4.28157 73.5487 39.0181 26.4426 -7762.57 0.255652 0.241384 0.188194 0.314769  0.057058  0.276874 0.0653893 0.0140421  0.571626 0.0150103
(1,(2,(((((7,8),9),10),12),11)),(3,((4,5),6))); -7690.25  -4.15998 76.9386 38.6175 27.8816 -7752.29 0.249408  0.22663 0.209933  0.31403  0.0395958   0.330079    0.07123  0.0180561   0.533835 0.00720447
(1,2,((3,((4,5),6)),(((((7,8),9),10),11),12))); -7697.44  -1.26322 85.1106 39.3935 28.4927 -7770.39 0.233438 0.225733 0.217117 0.323712  0.0529969   0.298351  0.0596221 0.00898618   0.570611 0.00943306
(1,2,((3,((4,5),6)),(((((7,8),9),10),12),11))); -7694.99  -1.45813 81.2954 39.0117 24.086 -7759.9 0.271489 0.232822 0.184596 0.311093 0.0422689  0.281223  0.061571 0.0103463  0.588925 0.0156665
(1,2,((3,((4,5),6)),((((7,8),9),10),(11,12)))); -7694.01  -1.17838 79.4608 38.9988 29.1199 -7762.41 0.236249 0.228499 0.214254 0.320998  0.0526918   0.286319  0.0597032  0.0105732   0.580833 0.00987944
(1,2,((3,((4,5),6)),(((((7,8),9),10),12),11))); -7692.72  -1.45813 75.5332 39.1446 29.0738 -7756.72 0.256772 0.239767 0.199784 0.303676  0.0523369   0.294931  0.0646537  0.0111137   0.568096 0.00886871
(1,2,((3,((4,5),6)),(((((7,8),9),10),12),11))); -7708.98  -1.45813 79.1218 38.9266 19.9446 -7767.66 0.240436 0.219089 0.210728 0.329747 0.0373235  0.243048 0.0522749 0.0189327  0.627917 0.0205037
(1,2,((3,((4,5),6)),(((((7,8),9),10),11),12))); -7700.26  -1.26322 80.8776 38.7724 27.9459 -7769.05 0.248358 0.221618 0.195945 0.334079  0.0484434   0.301193   0.071234 0.00805725   0.561873 0.00919977
(1,2,((3,((4,5),6)),(((((7,8),9),10),11),12))); -7708.34  -1.26322 78.3405 38.7649 26.9221 -7773.57 0.231931   0.2301 0.217749 0.320219 0.0540548  0.282357 0.0580911 0.0135469  0.589332 0.0026185
(1,2,((3,((4,5),6)),((((7,8),9),10),(11,12)))); -7703.82  -1.17838 79.6019 38.7539 24.9716 -7768.46 0.231713 0.240353 0.222027 0.305907   0.042401   0.281004   0.044295  0.0178138   0.606022 0.00846373
(1,2,((3,((4,5),6)),((((7,8),9),10),(11,12)))); -7696.49  -1.17838 80.1144 38.9007 28.6632 -7765.18 0.245666 0.231996 0.200985 0.321352   0.053547   0.293596  0.0497252  0.0178953   0.577233 0.00800301
(1,2,((3,((4,5),6)),((((7,8),9),10),(11,12)))); -7703.54  -1.17838 79.7672 38.9198 25.7258 -7768.94 0.233992 0.241757 0.195547 0.328704  0.059724  0.301719 0.0882138 0.0093479  0.531913  0.009082
(1,2,((3,((4,5),6)),((((7,8),9),10),(11,12)))); -7701.82  -1.17838 74.9567 38.9966 27.4886 -7764.09 0.255092 0.218451 0.197343 0.329114  0.0416158   0.298733  0.0748222  0.0174128   0.559889 0.00752745
(1,2,((3,((4,5),6)),(((((7,8),9),10),12),11))); -7700.08  -1.45813 80.2948 38.9141 24.1268 -7764.13 0.221735 0.253307 0.205183 0.319774  0.0660322   0.322353  0.0513795 0.00990867   0.544993 0.00533331
(1,2,((3,((4,5),6)),(((((7,8),9),10),11),12))); -7704.12  -1.26322 80.3688 39.2216 27.572 -7771.58 0.236426 0.235277 0.203964 0.324333 0.0493295  0.301832 0.0678727    0.0187   0.56004  0.002226
(1,2,((3,((4,5),6)),(((((7,8),9),10),12),11))); -7690.22  -1.45813 79.4318 38.7724 26.8519 -7756.27 0.240702 0.211598 0.215594 0.332106 0.0427566  0.300213 0.0693943 0.0121831  0.564401 0.0110513
(1,(2,((((7,8),9),10),(11,12))),(3,((4,5),6))); -7695.17  -3.88023 79.5454 39.1081 26.6342 -7758.36 0.243579 0.245124 0.191662 0.319635   0.040751   0.332435  0.0785678 0.00868724   0.531053 0.00850615
(1,2,((3,((4,5),6)),((((7,8),9),10),(11,12)))); -7701.3  -1.17838 80.8296 38.8417 25.6124 -7767.72 0.229322 0.258999 0.199365 0.312314 0.0377408  0.324422 0.0572792   0.01186  0.555929 0.0127684
(1,2,((3,((4,5),6)),(((((7,8),9),10),11),12))); -7708.81  -1.26322 76.5439 38.9476 25.9976 -7771.14 0.239693 0.230593 0.210793 0.318921  0.0501708   0.275725  0.0544404 0.00740562   0.592728  0.0195296
(1,2,((3,((4,5),6)),((((7,8),9),10),(11,12)))); -7700.58  -1.17838 75.7415 39.0226 27.4366 -7763.56 0.224502 0.232999 0.213361 0.329138  0.0361463   0.302667  0.0695219  0.0132745   0.572918 0.00547248
(1,2,((3,((4,5),6)),((((7,8),9),10),(11,12)))); -7695.92  -1.17838 79.6242 39.4133 28.0614 -7763.01 0.245986 0.218419 0.208291 0.327303  0.0409004   0.295414  0.0779736 0.00941772   0.570627 0.00566761
(1,2,((3,((4,5),6)),((((7,8),9),10),(11,12)))); -7700.18  -1.17838 77.5528 38.9703 27.6353 -7765.22 0.233516 0.246197 0.211563 0.308725  0.0534853   0.293305  0.0522327 0.00747085   0.584486    0.00902
(1,2,((3,((4,5),6)),(((((7,8),9),10),11),12))); -7705.27  -1.26322 77.6602 38.387 28.4302 -7771.71 0.259801 0.231675 0.193788 0.314736  0.0382516    0.30081  0.0632633 0.00939686   0.579343  0.0089357
(1,2,((3,((4,5),6)),(((((7,8),9),10),12),11))); -7687.4  -1.45813 80.9518 39.2596 29.2728 -7756.91 0.240996 0.228644 0.210036 0.320324  0.0449978   0.289014  0.0722574  0.0148078   0.574787 0.00413654
(1,2,((3,((4,5),6)),(((((7,8),9),10),11),12))); -7706.66  -1.26322 78.1976 39.0378 27.8094 -7772.37 0.251183 0.241221 0.198178 0.309418  0.0525079    0.31908  0.0479146  0.0167291   0.556626 0.00714228
(1,2,((3,((4,5),6)),(((((7,8),9),10),12),11))); -7692.09  -1.45813 75.5812 38.6345 29.4807 -7757.06 0.249968 0.229529 0.195494 0.325009 0.0409394  0.300707 0.0607763 0.0111618  0.578245 0.0081713
(1,(2,(((((7,8),9),10),11),12)),((3,(4,5)),6)); -7716.21  -6.78851 77.0181 38.8043 27.3458 -7774.99 0.263945 0.236602 0.186892 0.312561  0.0399237   0.299977   0.067995  0.0122465   0.571182 0.00867528
(1,2,((3,((4,5),6)),(((((7,8),9),10),11),12))); -7706.13  -1.26322 83.4686 38.9326 24.2237 -7773.62 0.243723 0.230523 0.186194 0.339559 0.0518634   0.28981 0.0813479 0.0228062  0.543202 0.0109706
(1,2,((3,((4,5),6)),(((((7,8),9),10),12),11))); -7688.72  -1.45813 82.9028 38.7238 27.4362 -7758.87 0.243826 0.237862 0.200123 0.318189 0.0420533  0.287501 0.0797829 0.0170424  0.557407 0.0162136
(1,(2,(((((7,8),9),10),12),11)),(3,((4,5),6))); -7688.33  -4.15998 82.6581 39.2128 26.8152 -7754.43 0.233116 0.221263 0.226128 0.319494  0.047941  0.315447   0.05314 0.0097894  0.565709 0.0079735
(1,2,((3,((4,5),6)),(((((7,8),9),10),12),11))); -7689.57  -1.45813 80.3742 39.024 29.1362 -7758.6 0.247274 0.228507 0.207828  0.31639  0.0344061   0.311738  0.0670426  0.0108335    0.56658 0.00939977
(1,2,((3,((4,5),6)),(((((7,8),9),10),12),11))); -7699.88  -1.45813 76.2186 39.7083 25.222 -7760.16 0.229869 0.223309 0.220469 0.326353 0.0672196  0.279943 0.0723656 0.0105711  0.558192 0.0117086
(1,2,((3,((4,5),6)),(((((7,8),9),10),12),11))); -7699.44  -1.45813 75.3474 39.0554 26.1699 -7760.44 0.266722 0.235374 0.199264  0.29864 0.0419002  0.269078 0.0685098 0.0150699  0.595739 0.0097036
(1,2,((3,((4,5),6)),((((7,8),9),10),(11,12)))); -7693.81  -1.17838 82.9926 38.9962 28.151 -7764.78 0.229355 0.229761  0.21976 0.321124  0.0375583   0.306055  0.0623708  0.0139488   0.573144 0.00692284
(1,(2,(((((7,8),9),10),12),11)),(3,((4,5),6))); -7689.31  -4.15998 82.3168 38.6722 27.4351 -7756.23 0.229379  0.24325 0.200095 0.327276  0.0354714   0.323594  0.0651559 0.00950578   0.556315 0.00995835
(1,2,((3,((4,5),6)),((((7,8),9),10),(11,12)))); -7695.48  -1.17838 82.8013 39.2272 27.0754 -7764.95 0.235051 0.228121 0.215634 0.321194 0.0506014   0.31756 0.0593571 0.0155177   0.55473 0.0022336
(1,2,(((3,(4,5)),6),(((((7,8),9),10),12),11))); -7700.07  -4.28157 80.7364 38.9051 26.5638 -7764.18 0.241648 0.244957 0.211167 0.302229  0.0624405   0.290349  0.0669531 0.00664502   0.560604  0.0130085
(1,2,(((3,(4,5)),6),((((7,8),9),10),(11,12)))); -7705.8  -4.00182 79.2193 39.1336 27.6732 -7769.56 0.254832 0.218694 0.198625 0.327849  0.0402491   0.319561   0.066336  0.0163533   0.551327 0.00617341
(1,2,((3,((4,5),6)),((((7,8),9),10),(11,12)))); -7696.67  -1.17838 82.4847 38.8819 25.6265 -7764.72 0.267634 0.225792 0.191753 0.314822  0.0555635   0.283444  0.0799895 0.00864731   0.561958  0.0103976
(1,2,((3,((4,5),6)),(((((7,8),9),10),11),12))); -7702.77  -1.26322 84.633 39.2003 26.8982 -7773.84 0.237663 0.244061 0.217889 0.300387  0.0558161   0.276146  0.0793474  0.0145914   0.566574 0.00752503
(1,2,((3,((4,5),6)),(((((7,8),9),10),11),12))); -7703.52  -1.26322 80.6891 38.6074 27.3418 -7771.68 0.222494 0.232401  0.21337 0.331735  0.0414581   0.309419  0.0620354  0.0147352   0.567111 0.00524128
(1,2,((3,((4,5),6)),(((((7,8),9),10),12),11))); -7699.79  -1.45813 73.5031 38.5881 27.4738 -7760.72 0.238775  0.23941  0.19806 0.323755 0.0597035  0.309674 0.0750138 0.0156042  0.528797 0.0112076
(1,2,((3,((4,5),6)),((((7,8),9),10),(11,12)))); -7695.04  -1.17838 82.8811 39.1222 28.5445 -7766.16 0.245215 0.219347 0.210432 0.325006  0.0501205   0.283487  0.0570177  0.0117407    0.59189 0.00574359
(1,2,((3,((4,5),6)),(((((7,8),9),10),11),12))); -7703.67  -1.26322 83.2573 38.795 27.0018 -7773.88 0.245372 0.237715 0.215962 0.300951 0.0506159  0.288445  0.046374 0.0107283   0.59248 0.0113564
(1,2,((3,((4,5),6)),((((7,8),9),10),(11,12)))); -7700.92  -1.17838 78.662 39.2468 27.1385 -7766.29 0.232527 0.224577 0.209115 0.333781    0.05834   0.282343  0.0570053  0.0112173    0.58678 0.00431428
(1,2,((3,((4,5),6)),(((((7,8),9),10),11),12))); -7709.92  -1.26322 78.7163 39.1034 27.1552 -7775.43 0.262357  0.23035 0.202849 0.304444 0.0469957  0.285718 0.0499506  0.016512  0.590534 0.0102898
(1,2,(((3,(4,5)),6),(((((7,8),9),10),11),12))); -7706.46  -4.08666 81.1008 39.0428 28.2782 -7772.71 0.245078 0.233265 0.200553 0.321103 0.0539634   0.30393 0.0737821 0.0121994  0.541001 0.0151247
(1,2,((3,((4,5),6)),(((((7,8),9),10),11),12))); -7706.97  -1.26322 76.4878 38.7121 28.285 -7771.77 0.232156 0.244998 0.206561 0.316286  0.0440541   0.302745  0.0612453 0.00609917   0.579768 0.00608887
(1,2,((3,((4,5),6)),(((((7,8),9),10),12),11))); -7689.97  -1.45813 76.6962 38.4988 29.2231 -7755.93 0.250394 0.224863 0.208371 0.316372  0.0446686   0.323675  0.0558744  0.0129373   0.555276 0.00756878
(1,2,((3,((4,5),6)),(((((7,8),9),10),12),11))); -7693.83  -1.45813 80.1477 38.7484 27.0903 -7760.86 0.225557 0.239176 0.209373 0.325894 0.0589752  0.300709 0.0746279 0.0145791  0.540601 0.0105078
(1,2,((3,((4,5),6)),(((((7,8),9),10),12),11))); -7695.41  -1.45813 77.8761 39.098 26.4414 -7759.18 0.252108 0.216692 0.200993 0.330207 0.0414563  0.317924 0.0744338   0.00958  0.542804 0.0138013
(1,2,(((3,6),(4,5)),(((((7,8),9),10),11),12))); -7704.61  -3.89813 81.4336 39.025 28.1199 -7771.24 0.228947 0.227872 0.212651  0.33053  0.0423203   0.317162  0.0657184   0.013833   0.551207 0.00975952
(1,2,((3,((4,5),6)),((((7,8),9),10),(11,12)))); -7692.44  -1.17838 83.2507 38.8853 28.7135 -7764.34 0.248649 0.233788 0.193112 0.324451  0.0576639   0.288232  0.0634437  0.0149533   0.570368 0.00533916
(1,2,((3,((4,5),6)),(((((7,8),9),10),12),11))); -7696.95  -1.45813 78.0281 38.6201 25.0454 -7759.95 0.253588 0.232453 0.206957 0.307002  0.0432155   0.295196   0.059688 0.00715258   0.570294  0.0244538
(1,2,((3,((4,5),6)),((((7,8),9),10),(11,12)))); -7704.56  -1.17838 77.3406 38.7909 25.2644 -7767.2 0.220704 0.248852 0.196997 0.333447  0.0479195   0.298315  0.0493184  0.0135162   0.585992 0.00493878
(1,(2,((((7,8),9),10),(11,12))),(3,((4,5),6))); -7691.42  -3.88023 79.2761 39.1052 27.6624 -7755.38 0.240258 0.237804 0.202532 0.319406  0.0339785   0.277173  0.0789269 0.00974293    0.59454  0.0056381
(1,2,(((3,(4,5)),6),(((((7,8),9),10),11),12))); -7723.58  -4.08666 68.3908 38.5353 27.1359 -7776.48 0.253895 0.219629 0.213371 0.313106 0.0526301  0.294163 0.0594084 0.0223576  0.560876 0.0105643
(1,2,((3,((4,5),6)),((((7,8),9),10),(11,12)))); -7696.73  -1.17838 78.9547 38.7479 28.3887 -7764.15 0.238659 0.235226 0.220826  0.30529 0.0441181  0.300349 0.0589863 0.0168153  0.569281 0.0104502
(1,2,(((3,6),(4,5)),(((((7,8),9),10),11),12))); -7709.59  -3.89813 84.2085 38.7211 25.9767 -7777.15 0.258448 0.226248 0.211028 0.304277 0.0430375   0.29178 0.0456532 0.0195952  0.588792 0.0111414
(1,2,(((3,(4,5)),6),(((((7,8),9),10),12),11))); -7695.02  -4.28157 81.5968 38.7685 26.5216 -7760.09 0.243037 0.229534 0.187237 0.340193 0.0510517  0.277373 0.0719517 0.0109073  0.583369 0.0053469
(1,2,((3,((4,5),6)),((((7,8),9),10),(11,12)))); -7700.17  -1.17838 80.7829 39.0883 26.7884 -7767.47 0.259534 0.229522 0.207423 0.303521  0.0490093   0.275097  0.0639383 0.00574538   0.596479 0.00973064
(1,2,((3,((4,5),6)),((((7,8),9),10),(11,12)))); -7709.87  -1.17838 78.6124 38.8031 21.5702 -7770.07  0.22441 0.265267 0.205706 0.304617 0.0596442  0.290008 0.0757598 0.0210598   0.53895 0.0145786
(1,2,((3,((4,5),6)),(((((7,8),9),10),11),12))); -7713.21  -1.26322 75.7083 38.3772 27.2919 -7776.57 0.242018 0.217898 0.210843 0.329241  0.0385174   0.298688  0.0516396 0.00885207   0.594867 0.00743658
(1,2,((3,((4,5),6)),(((((7,8),9),10),11),12))); -7701.78  -1.26322 83.1487 39.0166 28.4069 -7773.05 0.235738 0.232747 0.200909 0.330606  0.0438361   0.302937  0.0580817  0.0211018    0.56718 0.00686323
(1,2,((3,((4,5),6)),((((7,8),9),10),(11,12)))); -7721.29  -1.17838 73.5164 39.2168 20.7797 -7775.19 0.243035 0.209272 0.212319 0.335374  0.0760709   0.290894  0.0475427 0.00584203   0.574138 0.00551224
(1,2,((3,((4,5),6)),((((7,8),9),10),(11,12)))); -7702.64  -1.17838 73.5372 38.5239 27.8758 -7764.36 0.232963 0.231591 0.218295 0.317151 0.0479647  0.307983 0.0568564 0.0179169  0.556529 0.0127498
(1,2,((3,((4,5),6)),((((7,8),9),10),(11,12)))); -7712.32  -1.17838 80.0497 39.096 17.6073 -7769.71 0.222922 0.209417 0.228535 0.339127  0.0423446   0.244878  0.0873356  0.0142399   0.602697 0.00850442
(1,2,((3,((4,5),6)),(((((7,8),9),10),12),11))); -7694.9  -1.45813 74.2774 38.588 28.0387 -7757.17 0.241739 0.225963 0.213041 0.319256  0.0421935   0.273033   0.079087 0.00886812     0.5884 0.00841767
(1,2,((3,((4,5),6)),((((7,8),9),10),(11,12)))); -7701.1  -1.17838 75.8064 38.7723 28.0294 -7764.98 0.252806 0.229214  0.21739  0.30059  0.0432093   0.295051  0.0721668   0.009412   0.575465 0.00469532
(1,(2,(((((7,8),9),10),11),12)),(3,((4,5),6))); -7708.62  -3.96507 72.8578 38.7204 28.0188 -7766.81 0.256906 0.228852   0.2118 0.302442  0.044849  0.286293 0.0617279 0.0142033  0.579382 0.0135452
(1,2,((3,((4,5),6)),((((7,8),9),10),(11,12)))); -7697.28  -1.17838 76.8257 38.926 28.4105 -7762.42 0.237133  0.24305 0.194348 0.325469 0.0409289  0.284101 0.0639043 0.0132228  0.586077 0.0117659
(1,2,((3,((4,5),6)),((((7,8),9),10),(11,12)))); -7698.94  -1.17838 77.9367 38.5078 26.8805 -7764.07 0.252736 0.217762 0.207144 0.322358   0.050734   0.281316  0.0684183  0.0116487   0.585496 0.00238704
(1,2,((3,((4,5),6)),((((7,8),9),10),(11,12)))); -7704.65  -1.17838 74.7873 38.8117 27.0708 -7766.52 0.257264 0.217742 0.213603 0.311391  0.0527445   0.320479   0.055916  0.0124567     0.5544 0.00400405
(1,2,((3,((4,5),6)),(((((7,8),9),10),11),12))); -7710.61  -1.26322 77.2357 38.6722 26.791 -7774.7  0.25157 0.251602 0.192542 0.304286  0.0347421   0.284502    0.06906  0.0130139    0.59018 0.00850222
(1,2,((3,((4,5),6)),(((((7,8),9),10),11),12))); -7710.14  -1.26322 81.905 39.578 20.5155 -7771.72 0.209847 0.229456 0.208803 0.351894  0.0478077    0.26765  0.0706752  0.0149809   0.594842 0.00404441
(1,2,((3,((4,5),6)),(((((7,8),9),10),11),12))); -7707.1  -1.26322 77.1257 38.7087 25.5345 -7769.79  0.24317 0.256204 0.187068 0.313558  0.0519194    0.29198   0.065625  0.0146729   0.573315 0.00248717
(1,2,((3,((4,5),6)),(((((7,8),9),10),11),12))); -7724.64  -1.26322 73.3412 38.2497 21.1217 -7779.59 0.239028 0.210517 0.239952 0.310503  0.0412481   0.288524  0.0499261  0.0201756   0.592965 0.00716131
(1,(2,((((7,8),9),10),(11,12))),(3,((4,5),6))); -7694.83  -3.88023 78.5849 39.0992 28.0376 -7758.48 0.236375 0.243489 0.204395 0.315741 0.0530892   0.30381 0.0580347 0.0132833  0.555316 0.0164666
(1,2,((3,((4,5),6)),(((((7,8),9),10),11),12))); -7706.38  -1.26322 76.2888 38.7199 27.8582 -7770.55 0.243951 0.227781 0.204555 0.323713 0.0550993  0.324211  0.054785 0.0183985  0.537311 0.0101956
(1,(2,((((7,8),9),10),(11,12))),(3,((4,5),6))); -7701.6  -3.88023 80.6669 38.7922 24.7101 -7764.31 0.236094 0.238371 0.189292 0.336242  0.0322538   0.306629  0.0525297   0.021735   0.581253 0.00559984
(1,2,((3,((4,5),6)),((((7,8),9),10),(11,12)))); -7693.74  -1.17838 78.4952 38.4352 30.0243 -7762.64 0.240186  0.24317 0.200938 0.315706   0.050834   0.295569  0.0642383  0.0130777   0.569792 0.00648898
(1,2,((3,((4,5),6)),((((7,8),9),10),(11,12)))); -7708.59  -1.17838 82.9834 39.5279 22.8217 -7773.69 0.232704 0.243383 0.213502 0.310411 0.0711708  0.270306 0.0880512  0.019108  0.539353 0.0120112
(1,(2,((((7,8),9),10),(11,12))),(3,((4,5),6))); -7691.26  -3.88023 82.4625 39.2605 27.9194 -7758.51 0.239245 0.228476 0.208838 0.323441 0.0436451  0.312188 0.0755045 0.0179758  0.537776 0.0129098
(1,2,((3,((4,5),6)),((((7,8),9),10),(11,12)))); -7700.64  -1.17838 81.8035 38.6446 25.4167 -7768.04 0.244163 0.246799 0.200489 0.308548  0.0476552   0.251602  0.0621123 0.00707149   0.625583 0.00597549
(1,2,((3,((4,5),6)),(((((7,8),9),10),11),12))); -7703.79  -1.26322 85.1415 39.0618 24.5308 -7773.13  0.24232 0.233033 0.222456 0.302191  0.0489232   0.287558  0.0680925  0.0316471   0.557825 0.00595444
(1,2,((3,(4,(5,6))),((((7,8),9),10),(11,12)))); -7715.45  -6.76491 78.415 39.2974 28.4535 -7776.25 0.237345 0.246926 0.213141 0.302588  0.0417761   0.297794  0.0727113  0.0131312   0.569188 0.00539969
(1,2,((3,((4,5),6)),((((7,8),9),10),(11,12)))); -7695.35  -1.17838 79.558 38.4248 27.4055 -7762.71  0.22646 0.240345 0.209824 0.323371  0.0397854   0.292324  0.0719182  0.0188709   0.572747 0.00435423
