tree logl logTop logBL logPrior logQ logWt pi1 pi2 pi3 pi4 s1 s2 s3 s4 s5 s6
(1,2,(((3,6),(4,5)),((((7,8),9),10),(11,12)))); -7703.47  -3.72117 71.2153 39.0873 31.9025 -7763.78 0.247174  0.23264 0.201725 0.318461  0.0480289   0.284283  0.0728219  0.0107225   0.575887 0.00825583
(1,(2,(((((7,8),9),10),11),12)),(3,((4,5),6))); -7713.6  -3.8727 76.557 39.0863 25.2449 -7772.44 0.218347 0.236365 0.209413 0.335874  0.0448841   0.320367  0.0599376  0.0178959   0.547129 0.00978674
(1,2,(((3,6),(4,5)),((((7,8),9),10),(11,12)))); -7698.63  -3.72117 80.2748 39.1136 30.5437 -7766.61 0.243094 0.231155 0.213888 0.311863  0.0556927   0.290245  0.0589213  0.0133629      0.572 0.00977853
(1,2,((3,((4,5),6)),(((((7,8),9),10),12),11))); -7687.24  -1.51298 80.5762 39.0873 29.3911 -7756.61 0.253243  0.23809 0.192698 0.315968  0.0400719    0.28946  0.0756841 0.00924729   0.576994 0.00854228
(1,2,((3,((4,5),6)),(((((7,8),9),10),12),11))); -7691.22  -1.51298 74.8387 38.728 31.4834 -7757.3 0.252949 0.238427 0.195268 0.313356  0.0436178   0.294046  0.0700629  0.0145751   0.568277 0.00942026
(1,2,((3,((4,5),6)),(((((7,8),9),10),12),11))); -7685.48  -1.51298 80.4226 38.4241 30.9647 -7756.93  0.25086 0.233646 0.198228 0.317266   0.046018   0.303298  0.0610058 0.00926453   0.571379 0.00903549
(1,2,((3,((4,5),6)),((((7,8),9),10),(11,12)))); -7704.25  -1.31419 75.6022 38.9582 26.3776 -7765.96 0.231118 0.232651 0.200049 0.336181 0.0355609  0.311885 0.0763767 0.0145409  0.549992 0.0116441
(1,2,((3,((4,5),6)),((((7,8),9),10),(11,12)))); -7691.86  -1.31419 85.1002 39.117 29.2654 -7765.8 0.238065 0.225081  0.21124 0.325614  0.0553259   0.284122  0.0718783 0.00947179    0.57235 0.00685284
(1,2,((3,((4,5),6)),((((7,8),9),10),(11,12)))); -7692.46  -1.31419 82.9894 39.2422 31.1385 -7766.03 0.234382 0.231929 0.199906 0.333783  0.0514064   0.299174  0.0663757  0.0150578   0.560647 0.00733893
(1,2,((3,((4,5),6)),((((7,8),9),10),(11,12)))); -7691.75  -1.31419 80.6284 38.873 28.8417 -7761.04 0.241912 0.229527 0.203435 0.325126  0.0417545     0.2879  0.0756197 0.00844699   0.580752 0.00552671
(1,2,((3,((4,5),6)),(((((7,8),9),10),11),12))); -7698.7  -1.1166 81.7745 39.048 31.8812 -7772.19 0.229193 0.240994 0.201513 0.328301  0.0486062   0.290324  0.0681058  0.0131409   0.572601 0.00722137
(1,2,((3,((4,5),6)),((((7,8),9),10),(11,12)))); -7694.84  -1.31419 80.048 38.5975 28.3309 -7763.31 0.249082 0.248979 0.201009 0.300929 0.0520984  0.271429 0.0615639 0.0116863  0.592137 0.0110858
(1,2,((3,((4,5),6)),((((7,8),9),10),(11,12)))); -7708.35  -1.31419 75.4645 39.6234 26.321 -7769.2 0.259777  0.23283 0.195964 0.311429 0.0656426  0.264584 0.0707394 0.0164197  0.571276 0.0113383
(1,2,((3,((4,5),6)),((((7,8),9),10),(11,12)))); -7695.84  -1.31419 81.2785 39.1451 29.7311 -7766.39 0.234127 0.238733 0.213577 0.313564  0.0417812   0.273434   0.059581  0.0121996   0.603497 0.00950693
(1,2,(((3,(4,5)),6),(((((7,8),9),10),12),11))); -7702.8  -4.33155 73.6558 38.7425 30.0013 -7763.38 0.243146 0.243342 0.190202  0.32331  0.0540319   0.298891  0.0693039 0.00822828   0.562127 0.00741773
(1,2,((3,((4,5),6)),((((7,8),9),10),(11,12)))); -7689.98  -1.31419 82.8192 38.9817 31.0818 -7763.58  0.24187 0.241726 0.201726 0.314677  0.0404209   0.275113  0.0635974  0.0130581   0.599816 0.00799446
(1,2,((3,((4,5),6)),(((((7,8),9),10),12),11))); -7683.81  -1.51298 83.1449 38.6661 29.5148 -7756.29 0.250481 0.240953 0.202408 0.306158  0.0415736   0.296075  0.0655244  0.0181554   0.572873 0.00579772
(1,2,((3,((4,5),6)),(((((7,8),9),10),12),11))); -7689.26  -1.51298 79.0649 39.0805 29.8591 -7757.59 0.234135 0.234941 0.211477 0.319447  0.0428983   0.271548  0.0707707 0.00932499   0.592653  0.0128046
(1,2,((3,((4,5),6)),(((((7,8),9),10),12),11))); -7696.47  -1.51298 80.4745 38.9375 26.2387 -7762.73 0.232254  0.24592 0.180081 0.341745  0.0482084   0.311723  0.0635406  0.0109492   0.558904 0.00667555
(1,2,((3,((4,5),6)),(((((7,8),9),10),11),12))); -7695.2  -1.1166 85.858 38.8953 29.6789 -7770.72 0.235036 0.231208 0.206984 0.326773 0.0354526  0.298798  0.071722  0.010775  0.573646  0.009606
(1,2,(((3,(4,5)),6),(((((7,8),9),10),12),11))); -7699.95  -4.33155 78.7515 38.7823 29.6638 -7765.26  0.23755 0.234168 0.210384 0.317899 0.0571206  0.293377 0.0599223 0.0184281  0.558538 0.0126149
(1,2,((3,((4,5),6)),(((((7,8),9),10),12),11))); -7690.71  -1.51298 77.9835 38.5531 27.671 -7756.3 0.228223 0.244651 0.196608 0.330517 0.0454932  0.265165 0.0589434 0.0155887  0.601214 0.0135957
(1,2,((3,((4,5),6)),(((((7,8),9),10),12),11))); -7692.52  -1.51298 75.1148 39.4151 30.9428 -7757.65 0.247029 0.230179 0.207289 0.315503 0.0487951  0.304794 0.0609381 0.0121917  0.561516 0.0117649
(1,2,(((3,6),(4,5)),(((((7,8),9),10),11),12))); -7712.27  -3.52358 72.6448 38.2906 29.8794 -7772.98 0.227089 0.242136 0.200028 0.330747 0.0558021  0.282782 0.0737582 0.0122277  0.568579 0.0068507
(1,2,((3,((4,5),6)),((((7,8),9),10),(11,12)))); -7695.91  -1.31419 79.3815 38.7533 30.8852 -7766.11 0.236114 0.246365 0.197948 0.319573 0.0554374  0.292619 0.0624214 0.0146039   0.56254 0.0123781
(1,2,((3,((4,5),6)),(((((7,8),9),10),11),12))); -7701.83  -1.1166 79.4062 38.8845 31.1196 -7772.36 0.237113 0.240919 0.199591 0.322377  0.0434862   0.306954  0.0678717  0.0100513   0.565352 0.00628513
(1,2,((3,((4,5),6)),((((7,8),9),10),(11,12)))); -7695.48  -1.31419 78.3126 38.7002 31.7934 -7765.57 0.237691 0.237163 0.200368 0.324778  0.0465908   0.306858  0.0614749   0.014827   0.560403 0.00984701
(1,2,((3,((4,5),6)),((((7,8),9),10),(11,12)))); -7693.07  -1.31419 82.3504 39.3255 30.8583 -7765.64 0.246378 0.247562 0.200854 0.305205  0.0478248   0.290707  0.0674392   0.014609    0.57105 0.00837024
(1,2,((3,((4,5),6)),((((7,8),9),10),(11,12)))); -7698.14  -1.31419 80.4833 38.9375 27.2826 -7765.65  0.23759 0.240595  0.20065 0.321165 0.0486565  0.284762 0.0607633 0.0235155   0.56508 0.0172221
(1,2,((3,((4,5),6)),(((((7,8),9),10),12),11))); -7686.37  -1.51298 82.0971 38.8929 31.4183 -7759.48 0.239748  0.23325  0.19628 0.330722   0.047871   0.290747  0.0638766   0.018249   0.569676 0.00958013
(1,2,((3,((4,5),6)),(((((7,8),9),10),11),12))); -7701.88  -1.1166 81.9311 38.5658 28.6437 -7772.77 0.242092 0.240883  0.20223 0.314795  0.0385607   0.270099  0.0633178  0.0208698   0.598278 0.00887421
(1,2,((3,((4,5),6)),((((7,8),9),10),(11,12)))); -7693.86  -1.31419 78.8833 38.5403 30.7466 -7763.63 0.241642 0.239707 0.199803 0.318849  0.0388912   0.281925  0.0689269 0.00917987   0.589135  0.0119421
(1,2,((3,((4,5),6)),(((((7,8),9),10),11),12))); -7700.94  -1.1166 82.1795 39.0242 30.8948 -7773.87 0.242272 0.245117 0.199864 0.312747  0.0502441   0.300553  0.0729887  0.0114588   0.557166 0.00758885
(1,2,((3,((4,5),6)),(((((7,8),9),10),11),12))); -7707.34  -1.1166 78.869 39.2296 26.5005 -7772.37 0.231898 0.239892  0.19987  0.32834 0.0445475  0.266212 0.0607896 0.0148158  0.592545 0.0210907
(1,2,((3,((4,5),6)),((((7,8),9),10),(11,12)))); -7690.98  -1.31419 80.8745 38.5107 28.3829 -7760.41 0.242779 0.237197 0.211035 0.308989  0.0465349   0.291783  0.0776636  0.0204438   0.554628 0.00894629
(1,2,(((3,(4,5)),6),((((7,8),9),10),(11,12)))); -7704.88  -4.13276 76.0412 38.4236 30.079 -7768.44 0.246291 0.230582 0.199033 0.324094  0.0464383   0.309669   0.059854 0.00873909   0.566121 0.00917853
(1,2,((3,((4,5),6)),((((7,8),9),10),(11,12)))); -7696.94  -1.31419 82.5514 39.4392 26.1473 -7764.89 0.250216  0.23706 0.207134  0.30559 0.0547302  0.272568 0.0659125 0.0123757  0.571938 0.0224747
(1,2,((3,((4,5),6)),((((7,8),9),10),(11,12)))); -7693.3  -1.31419 82.7071 39.1824 31.3271 -7766.84 0.242402 0.232938 0.202581 0.322079 0.0553427  0.275026 0.0678511 0.0171465  0.573281 0.0113523
(1,2,((3,((4,5),6)),((((7,8),9),10),(11,12)))); -7705.34  -1.31419 72.5979 38.8889 28.5508 -7766.28 0.231876 0.244416 0.193617  0.33009 0.0503608  0.295283  0.064809 0.0125916  0.558363 0.0185924
(1,2,((3,((4,5),6)),(((((7,8),9),10),11),12))); -7705.01  -1.1166 78.153 39.1476 31.3258 -7774.22 0.240588 0.235567 0.191058 0.332788  0.0495734   0.283568   0.067775  0.0166494   0.574651 0.00778323
(1,2,((3,((4,5),6)),((((7,8),9),10),(11,12)))); -7694.85  -1.31419 84.2879 38.9146 26.51 -7765.42 0.251903 0.236712 0.201547 0.309838 0.0464621  0.265104 0.0766948 0.0226102    0.5769 0.0122288
(1,2,((3,((4,5),6)),(((((7,8),9),10),12),11))); -7698.66  -1.51298 74.2602 39.2933 29.2758 -7761.39 0.232345 0.236257 0.216338  0.31506  0.0586507   0.269994  0.0629136  0.0172745   0.581277 0.00989069
(1,2,((3,((4,5),6)),((((7,8),9),10),(11,12)))); -7696.69  -1.31419 79.4796 38.8086 30.4327 -7766.48 0.243753  0.23869 0.188159 0.329397 0.0550856  0.288491 0.0612965 0.0145259   0.56754 0.0130606
(1,2,((3,((4,5),6)),(((((7,8),9),10),11),12))); -7707.55  -1.1166 76.8491 39.1101 28.8403 -7773.01 0.232145 0.232368 0.203444 0.332043 0.0439919  0.320323 0.0586808 0.0120626  0.556757 0.0081853
(1,2,((3,((4,5),6)),((((7,8),9),10),(11,12)))); -7703.96  -1.31419 74.1021 38.5841 26.1777 -7764.34 0.256645 0.239886 0.201964 0.301504  0.0334463   0.311198  0.0639285  0.0105069   0.574161 0.00675861
(1,2,((3,((4,5),6)),(((((7,8),9),10),11),12))); -7704.45  -1.1166 82.12 39.1672 25.9948 -7772.28 0.238546 0.228723 0.201197 0.331534  0.042791  0.259477 0.0786163 0.0098753  0.594593 0.0146471
(1,2,((3,((4,5),6)),(((((7,8),9),10),12),11))); -7687.9  -1.51298 80.8517 38.6776 27.5223 -7756.08 0.255552 0.244338 0.186435 0.313674  0.0428925   0.288601  0.0692376  0.0122461   0.583089 0.00393418
(1,2,((3,((4,5),6)),((((7,8),9),10),(11,12)))); -7695.23  -1.31419 80.861 38.7299 29.6359 -7765.69 0.230657 0.238972 0.194231 0.336141 0.0453132   0.26809 0.0706675 0.0149638  0.589403 0.0115628
(1,2,((3,((4,5),6)),(((((7,8),9),10),11),12))); -7700.4  -1.1166 81.5359 39.101 28.4296 -7770.15 0.258678 0.229849 0.191072 0.320401  0.0444236   0.297554  0.0732362  0.0136045   0.565864 0.00531755
(1,2,((3,((4,5),6)),((((7,8),9),10),(11,12)))); -7696.54  -1.31419 79.3473 39.0568 27.9928 -7763.51 0.249765 0.234589 0.210193 0.305453  0.048048  0.291876 0.0547309  0.016187  0.574848 0.0143104
(1,2,(((3,(4,5)),6),(((((7,8),9),10),11),12))); -7706.99  -3.93517 83.1293 39.0703 31.1545 -7778.27  0.23577 0.235455 0.203071 0.325704  0.0526044   0.271355  0.0677305  0.0153809   0.586822 0.00610684
(1,2,(((3,(4,5)),6),(((((7,8),9),10),12),11))); -7701.74  -4.33155 80.2486 39.0549 27.9066 -7766.5 0.231683 0.244025 0.191625 0.332667  0.0630032   0.276372  0.0602095  0.0177363    0.57296 0.00971922
(1,2,((3,((4,5),6)),((((7,8),9),10),(11,12)))); -7695.14  -1.31419 78.7302 38.7559 31.8492 -7765.64  0.23537 0.243748  0.20113 0.319752  0.0521994   0.284567  0.0676254  0.0161373    0.57226 0.00721119
(1,(2,((((7,8),9),10),(11,12))),((3,(4,5)),6)); -7701.55  -6.88886 82.0938 39.041 25.5581 -7763.27 0.245784 0.243185 0.208615 0.302416  0.0322435   0.267256  0.0724037  0.0125825   0.606616 0.00889828
(1,2,((3,((4,5),6)),(((((7,8),9),10),12),11))); -7688.23  -1.51298 81.7902 38.9243 28.8105 -7758.39 0.249563 0.248915 0.191905 0.309617  0.0539375   0.295682  0.0601769 0.00910209     0.5732  0.0079016
(1,2,((3,((4,5),6)),((((7,8),9),10),(11,12)))); -7699.73  -1.31419 74.8155 38.4488 28.3637 -7763.15 0.240879 0.240295 0.209924 0.308903  0.0548153   0.263246  0.0778865  0.0135245   0.583744 0.00678298
(1,2,((3,((4,5),6)),(((((7,8),9),10),11),12))); -7706.96  -1.1166 75.4505 38.6857 30.9616 -7773.57 0.245453 0.237398 0.194281 0.322869  0.0587563   0.290772  0.0711717  0.0122474   0.560299 0.00675424
(1,2,((3,((4,5),6)),((((7,8),9),10),(11,12)))); -7693.09  -1.31419 81.0988 39.2047 28.6764 -7762.35 0.233808 0.243061 0.210427 0.312704 0.0382338  0.301628 0.0708114 0.0186849   0.55879  0.011852
(1,2,((3,((4,5),6)),((((7,8),9),10),(11,12)))); -7691.61  -1.31419 81.8398 38.8888 31.5152 -7764.76 0.236309 0.233446 0.205706 0.324539  0.0463149   0.288616    0.06989  0.0185723   0.567827 0.00877949
(1,2,((3,((4,5),6)),((((7,8),9),10),(11,12)))); -7694.27  -1.31419 80.5316 39.4093 29.4882 -7763.57 0.245859 0.240987  0.21118 0.301975 0.0433281  0.290886 0.0693549 0.0186114  0.567147 0.0106735
(1,2,((3,((4,5),6)),(((((7,8),9),10),11),12))); -7709.17  -1.1166 77.8167 39.4174 26.4739 -7772.92 0.244311 0.220752 0.202902 0.332035 0.0605734  0.289741 0.0667728 0.0189836  0.552458 0.0114713
(1,2,((3,((4,5),6)),((((7,8),9),10),(11,12)))); -7695.69  -1.31419 79.875 39.0572 26.5843 -7761.78 0.253879 0.242294 0.208234 0.295594  0.0428638   0.293185  0.0756989  0.0176371   0.563731 0.00688418
(1,2,((3,((4,5),6)),(((((7,8),9),10),11),12))); -7702.52  -1.1166 76.0746 38.7836 31.3337 -7770.03  0.23859 0.234276 0.204864  0.32227  0.0492001   0.309621  0.0625222  0.0158055   0.554205 0.00864605
(1,2,((3,((4,5),6)),((((7,8),9),10),(11,12)))); -7703.87  -1.31419 71.4257 38.3925 29.9927 -7765.58 0.237352 0.225774 0.203924 0.332951 0.0482685  0.270369 0.0670933 0.0130128  0.589807 0.0114488
(1,2,((3,((4,5),6)),(((((7,8),9),10),12),11))); -7690.59  -1.51298 78.8552 39.1209 29.4209 -7758.24 0.244688 0.231627 0.219991 0.303694 0.0421692  0.292384 0.0658623  0.013843  0.573582 0.0121586
(1,2,((3,((4,5),6)),((((7,8),9),10),(11,12)))); -7700.37  -1.31419 78.3856 38.9205 27.7696 -7766.29  0.23793 0.230071 0.202226 0.329772 0.0684588  0.269414 0.0666659   0.01489  0.567966 0.0126053
(1,2,((3,((4,5),6)),(((((7,8),9),10),11),12))); -7703.07  -1.1166 84.0091 38.98 28.0206 -7775.01 0.246666 0.241165 0.209018 0.303151  0.0419709   0.272735  0.0718265 0.00782083   0.594615  0.0110312
(1,2,(((3,(4,5)),6),(((((7,8),9),10),11),12))); -7716.83  -3.93517 85.4669 39.0828 20.629 -7779.91 0.208203 0.240153 0.224321 0.327324  0.0385534    0.30746  0.0651578  0.0213115   0.560166 0.00735094
(1,2,(((3,(4,5)),6),(((((7,8),9),10),12),11))); -7695.52  -4.33155 82.9289 39.1762 30.0534 -7764.99 0.237593 0.242631 0.199984 0.319792  0.0619547   0.268022  0.0616191  0.0131806   0.585881 0.00934287
(1,2,((3,((4,5),6)),(((((7,8),9),10),11),12))); -7701.97  -1.1166 80.0445 38.5653 30.7468 -7773.08 0.236888  0.23668 0.212184 0.314248 0.0552404  0.283789 0.0618221 0.0138252  0.571103   0.01422
(1,2,((3,((4,5),6)),((((7,8),9),10),(11,12)))); -7699.67  -1.31419 80.8136 39.2703 27.241 -7767.14 0.246028 0.240127 0.194854 0.318991 0.0586746  0.303527  0.065317 0.0120697  0.541123 0.0192892
(1,2,((3,((4,5),6)),(((((7,8),9),10),11),12))); -7706.59  -1.1166 75.7544 38.8507 25.9989 -7768.37 0.233789 0.216506 0.222406   0.3273  0.0441922   0.293707  0.0657377  0.0145988   0.573275 0.00848994
(1,2,((3,((4,5),6)),((((7,8),9),10),(11,12)))); -7696.79  -1.31419 81.2159 39.0679 29.7008 -7767.32 0.243041 0.240881 0.192071 0.324007  0.0460648   0.290858  0.0598487  0.0178537   0.580443 0.00493191
(1,2,((3,((4,5),6)),(((((7,8),9),10),11),12))); -7709.13  -1.1166 73.2497 39.06 28.9651 -7771.17 0.247871 0.232005 0.189427 0.330697 0.0440242  0.287054 0.0659257 0.0187015  0.569277 0.0150174
(1,2,((3,((4,5),6)),((((7,8),9),10),(11,12)))); -7693.91  -1.31419 82.8636 38.9636 28.4482 -7764.95 0.239361 0.238435 0.206988 0.315217  0.0571334    0.30341  0.0728367  0.0196903   0.537997 0.00893238
(1,2,((3,((4,5),6)),(((((7,8),9),10),11),12))); -7704.78  -1.1166 75.4563 38.7597 29.9581 -7770.32  0.23843 0.233972 0.219095 0.308502 0.0424079  0.299952 0.0677594 0.0124831   0.56465 0.0127468
(1,2,(((3,(4,5)),6),(((((7,8),9),10),11),12))); -7716.69  -3.93517 75.9668 38.989 26.7574 -7776.49 0.228036 0.230072 0.213848 0.328044  0.0462763   0.326967  0.0644375  0.0148983   0.540299 0.00712174
(1,2,((3,((4,5),6)),((((7,8),9),10),(11,12)))); -7690.62  -1.31419 85.8009 38.8446 28.7924 -7765.06 0.245371 0.234706 0.200922 0.319002  0.0415802   0.312108  0.0573844  0.0164087   0.567238 0.00528069
(1,2,((3,((4,5),6)),(((((7,8),9),10),12),11))); -7691.16  -1.51298 75.1991 38.5009 29.4985 -7755.84 0.247893 0.227906 0.205343 0.318858 0.0546832  0.304797 0.0659398 0.0102773  0.559032 0.0052701
(1,2,((3,((4,5),6)),((((7,8),9),10),(11,12)))); -7700.68  -1.31419 79.4609 39.4462 27.335 -7766.71 0.240306 0.240893 0.180832  0.33797  0.0476468   0.294953  0.0595855 0.00796267   0.582431 0.00742073
(1,2,((3,((4,5),6)),((((7,8),9),10),(11,12)))); -7697.93  -1.31419 80.941 39.2478 27.2234 -7765.53  0.23778 0.242021 0.202189 0.318009  0.066418  0.296849 0.0606218 0.0151084  0.545209 0.0157939
(1,2,((3,((4,5),6)),(((((7,8),9),10),12),11))); -7695  -1.51298 76.9119 38.4124 25.5977 -7757.59 0.227388 0.229386 0.219033 0.324192 0.0537655  0.282083 0.0516217 0.0140986  0.585509 0.0129223
(1,2,((3,((4,5),6)),(((((7,8),9),10),11),12))); -7701.46  -1.1166 81.411 38.7827 30.0451 -7773.01  0.23983 0.246308 0.200928 0.312934 0.0460694   0.27525 0.0617689 0.0122078  0.589755 0.0149492
(1,2,(((3,(4,5)),6),(((((7,8),9),10),11),12))); -7704.81  -3.93517 85.7227 39.0291 31.6511 -7779.22 0.248175 0.237105 0.205839 0.308881 0.0500911  0.275967 0.0649396  0.011522  0.586981    0.0105
(1,2,((3,((4,5),6)),(((((7,8),9),10),11),12))); -7708.98  -1.1166 71.7166 38.7498 30.899 -7771.73 0.234182 0.240142 0.212887 0.312788  0.0561979   0.295728  0.0626127  0.0151127   0.561873 0.00847549
(1,2,((3,((4,5),6)),((((7,8),9),10),(11,12)))); -7696.89  -1.31419 82.151 39.0612 28.2954 -7766.97 0.251351 0.238934 0.201403 0.308311  0.0557046   0.263222  0.0634838 0.00852951   0.597203  0.0118571
(1,2,((3,((4,5),6)),(((((7,8),9),10),11),12))); -7699.48  -1.1166 82.5073 39.0395 30.828 -7772.66 0.247091 0.246169 0.192249 0.314491 0.0479246  0.278645 0.0670988 0.0106316  0.583668 0.0120312
(1,2,((3,((4,5),6)),(((((7,8),9),10),11),12))); -7707.34  -1.1166 77.8355 38.917 28.1225 -7773.27 0.248565 0.243393 0.184174 0.323868 0.0417715  0.292847 0.0719237 0.0126199   0.56415 0.0166879
(1,2,((3,((4,5),6)),(((((7,8),9),10),11),12))); -7707.77  -1.1166 74.4316 38.5686 29.5726 -7772.08 0.231366 0.235227 0.214416 0.318991  0.0499662   0.292842  0.0763539 0.00973527    0.55935  0.0117529
(1,2,((3,((4,5),6)),(((((7,8),9),10),11),12))); -7697.87  -1.1166 82.2395 38.7945 30.9818 -7771.18 0.237053 0.233688  0.20286 0.326399 0.0461426  0.286509 0.0766595  0.013001  0.565628   0.01206
(1,2,((3,((4,5),6)),(((((7,8),9),10),11),12))); -7708.2  -1.1166 76.8757 38.9526 29.3679 -7774.38 0.236468 0.235156 0.203435 0.324941  0.0606363   0.271195  0.0765997  0.0146747   0.569473 0.00742073
(1,2,((3,((4,5),6)),(((((7,8),9),10),12),11))); -7689.93  -1.51298 79.3196 39.1741 30.4126 -7758.98 0.254569 0.232007 0.198016 0.315408 0.0520506  0.292097 0.0639459 0.0158196  0.562447 0.0136395
(1,2,((3,((4,5),6)),((((7,8),9),10),(11,12)))); -7702.06  -1.31419 76.7016 39.205 27.6376 -7765.88 0.255718 0.220627 0.202314 0.321341  0.046557  0.281087  0.060989 0.0127038  0.584645 0.0140182
(1,2,((3,((4,5),6)),((((7,8),9),10),(11,12)))); -7698.35  -1.31419 76.3139 38.5307 31.285 -7766.1 0.245677 0.240289 0.205414  0.30862  0.0551742   0.279246  0.0633218  0.0110859   0.583532 0.00763989
(1,2,((3,((4,5),6)),((((7,8),9),10),(11,12)))); -7693.16  -1.31419 82.9006 38.6421 28.6503 -7764.75 0.252068 0.235321 0.210024 0.302587  0.0451322   0.287601  0.0572579   0.016747   0.586177 0.00708491
(1,2,((3,((4,5),6)),(((((7,8),9),10),11),12))); -7704.38  -1.1166 80.0717 39.1244 29.9745 -7774.18 0.232213 0.241433  0.19821 0.328144 0.0473059  0.311109 0.0641218 0.0153171  0.549085 0.0130607
(1,2,((3,((4,5),6)),(((((7,8),9),10),12),11))); -7690.57  -1.51298 79.3187 38.666 26.9797 -7756.69 0.256948 0.245357 0.200715 0.296979   0.053785   0.296984  0.0596683  0.0177155   0.562571 0.00927646
(1,2,(((3,6),(4,5)),(((((7,8),9),10),12),11))); -7692.82  -3.91996 81.7617 38.5808 25.2082 -7757.29 0.250168 0.236262 0.196803 0.316768  0.0582977   0.272567  0.0879584  0.0143623   0.558786 0.00802823
(1,2,((3,((4,5),6)),((((7,8),9),10),(11,12)))); -7695.98  -1.31419 79.6714 39.1276 28.3957 -7763.61 0.241126 0.242076 0.220045 0.296753 0.0497775  0.292528 0.0628875 0.0126224  0.569753 0.0124312
(1,(2,((((7,8),9),10),(11,12))),(3,((4,5),6))); -7693.19  -4.07029 78.9406 39.1809 27.6361 -7756.51 0.235578 0.247652 0.199589 0.317181  0.0488155   0.299101  0.0680316  0.0201357   0.559907 0.00400952
(1,2,((3,((4,5),6)),(((((7,8),9),10),11),12))); -7700.53  -1.1166 79.0756 38.8661 31.3147 -7770.94 0.248594  0.23369 0.203527 0.314189  0.0484817   0.295522  0.0679192 0.00912087   0.572433 0.00652314
(1,2,(((3,6),(4,5)),(((((7,8),9),10),12),11))); -7688.76  -3.91996 81.9426 39.0644 30.5383 -7758.25 0.235542 0.240089 0.202952 0.321416  0.0515666   0.282976  0.0777849  0.0131491   0.568209 0.00631418
(1,2,((3,((4,5),6)),(((((7,8),9),10),12),11))); -7687.86  -1.51298 82.9523 38.8916 28.6869 -7759.1 0.249612 0.245515 0.195831 0.309042  0.0439601    0.26699   0.069927 0.00902393   0.599558  0.0105399
(1,2,((3,((4,5),6)),(((((7,8),9),10),12),11))); -7684.08  -1.51298 83.4618 38.5859 27.867 -7755.31 0.243316 0.237978 0.209635  0.30907    0.03817   0.310808  0.0745837  0.0100809   0.560955 0.00540241
(1,2,((3,((4,5),6)),(((((7,8),9),10),11),12))); -7700.65  -1.1166 82.4233 39.3162 28.0538 -7770.7 0.249906 0.231447 0.207398 0.311249  0.0453701   0.321562  0.0622534   0.017385   0.546306 0.00712365
(1,2,((3,((4,5),6)),(((((7,8),9),10),12),11))); -7689.95  -1.51298 76.0687 38.7401 31.3832 -7757.15 0.229264 0.244754 0.207142 0.318839 0.0482644  0.296954 0.0626489 0.0135495  0.568084 0.0104997
(1,2,((3,((4,5),6)),(((((7,8),9),10),12),11))); -7696.63  -1.51298 73.7121 38.8775 28.0536 -7758.01 0.222429 0.244895 0.217571 0.315105 0.0408099   0.28592 0.0646266 0.0156837  0.580026 0.0129333
(1,2,((3,((4,5),6)),(((((7,8),9),10),11),12))); -7710.94  -1.1166 76.6394 39.3211 27.4699 -7774.61 0.227334 0.232164 0.203563 0.336939 0.0587889  0.279523  0.075863 0.0168308  0.557315 0.0116798
(1,2,((3,((4,5),6)),(((((7,8),9),10),12),11))); -7690.41  -1.51298 77.1367 38.9089 31.3273 -7758.46 0.243691  0.22797 0.204727 0.323612  0.0535428   0.290766  0.0680392  0.0162939   0.562123 0.00923502
(1,2,((3,((4,5),6)),(((((7,8),9),10),11),12))); -7703.49  -1.1166 75.641 38.2711 30.7656 -7770.51 0.241523 0.244457 0.194281 0.319738  0.0571826   0.284092  0.0725591  0.0112108   0.567809 0.00714647
(1,2,((3,((4,5),6)),(((((7,8),9),10),11),12))); -7707.52  -1.1166 76.8213 38.6738 27.6635 -7772.22 0.248741 0.242142 0.207135 0.301982  0.0355298     0.2904  0.0649369 0.00917727    0.58671  0.0132462
(1,2,((3,((4,5),6)),((((7,8),9),10),(11,12)))); -7698.14  -1.31419 76.8683 39.0405 29.5293 -7764.18 0.236139 0.243835 0.191884 0.328142 0.0485213   0.27725 0.0769851 0.0162594  0.569173 0.0118111
(1,2,((3,((4,5),6)),(((((7,8),9),10),12),11))); -7695.51  -1.51298 75.9443 38.5696 29.7934 -7761.17 0.247728 0.232948 0.203967 0.315357 0.0556845  0.264425  0.063177 0.0164235  0.587702 0.0125878
(1,2,((3,((4,5),6)),((((7,8),9),10),(11,12)))); -7699.77  -1.31419 77.1736 38.731 26.577 -7763.47  0.22571 0.249073 0.195912 0.329305 0.0509041  0.271133 0.0719003 0.0143728  0.573623 0.0180672
(1,2,((3,((4,5),6)),((((7,8),9),10),(11,12)))); -7693.36  -1.31419 78.4948 38.7299 30.093 -7761.91 0.246042 0.249779 0.192368 0.311811  0.0427153   0.285145  0.0707473  0.0137999   0.579749 0.00784385
(1,2,(((3,(4,5)),6),((((7,8),9),10),(11,12)))); -7704.34  -4.13276 80.3101 39.1415 29.3563 -7770.74 0.228825 0.235163 0.206878 0.329134 0.0557987  0.309049 0.0597324 0.0101368  0.555173 0.0101097
(1,2,((3,((4,5),6)),(((((7,8),9),10),11),12))); -7705.28  -1.1166 79.487 38.623 26.5853 -7771.62 0.252021 0.239195 0.203556 0.305228  0.0522594   0.267343  0.0831157  0.0116514   0.578832 0.00679838
(1,2,((3,((4,5),6)),(((((7,8),9),10),12),11))); -7692.01  -1.51298 74.5998 38.6247 30.7443 -7757.21 0.245487 0.243509 0.194383 0.316621  0.0426569   0.292829  0.0577087  0.0118667   0.586266 0.00867311
(1,2,((3,((4,5),6)),(((((7,8),9),10),12),11))); -7688.33  -1.51298 80.4582 39.0138 29.6695 -7757.93 0.230965 0.242178  0.21623 0.310628   0.048009   0.298243  0.0613378  0.0100069   0.576016 0.00638743
(1,2,((3,((4,5),6)),(((((7,8),9),10),11),12))); -7703.7  -1.1166 75.8371 38.8165 31.6755 -7771.28 0.244076 0.236661 0.196616 0.322647  0.057238  0.288458 0.0672528 0.0104592  0.564931 0.0116603
(1,2,((3,((4,5),6)),(((((7,8),9),10),11),12))); -7711.5  -1.1166 78.3034 39.333 26.1289 -7775.48 0.247175 0.239012 0.207163 0.306651 0.0655333  0.253567  0.073568 0.0122514  0.583732 0.0113487
(1,2,((3,((4,5),6)),(((((7,8),9),10),11),12))); -7707.21  -1.1166 73.6477 38.3618 30.5742 -7771.95 0.235758 0.234134 0.198644 0.331464  0.0503078   0.301251  0.0669215 0.00948431   0.558569  0.0134663
(1,2,((3,((4,5),6)),((((7,8),9),10),(11,12)))); -7691.54  -1.31419 83.2641 39.1015 30.8538 -7765.24 0.243611 0.229955 0.201517 0.324917  0.0469114   0.308689   0.063451 0.00940298   0.561316  0.0102294
(1,2,((3,((4,5),6)),(((((7,8),9),10),11),12))); -7702.15  -1.1166 79.8766 38.6568 28.4798 -7770.74 0.240279 0.233865 0.191948 0.333908  0.0648296   0.274183   0.059415  0.0118852   0.581371 0.00831673
(1,2,((3,((4,5),6)),(((((7,8),9),10),11),12))); -7705.51  -1.1166 75.8409 38.6534 28.9847 -7770.57 0.245143 0.228616 0.197983 0.328258 0.0528599  0.286327 0.0707957 0.0194629  0.556678  0.013877
(1,2,((3,((4,5),6)),(((((7,8),9),10),12),11))); -7695.29  -1.51298 77.1712 38.6584 27.9612 -7760.25  0.23794 0.241756 0.179809 0.340495  0.0427278   0.289154  0.0736787  0.0123404   0.573394 0.00870501
(1,2,((3,((4,5),6)),((((7,8),9),10),(11,12)))); -7701.14  -1.31419 73.4413 38.6157 31.2682 -7765.92 0.246915 0.240643 0.186609 0.325832  0.0473447   0.289486  0.0621199  0.0121378    0.58115 0.00776142
(1,2,((3,((4,5),6)),(((((7,8),9),10),12),11))); -7687.13  -1.51298 80.3254 38.6084 30.8678 -7758.2  0.23375 0.247856 0.201543 0.316851  0.0470073   0.301859  0.0692691  0.0150534   0.558804 0.00800773
(1,2,((3,((4,5),6)),((((7,8),9),10),(11,12)))); -7693.9  -1.31419 80.6056 38.7551 29.2069 -7763.64 0.227439 0.240855 0.214353 0.317353 0.0432578  0.292884 0.0642836 0.0198477  0.567918 0.0118095
(1,2,(((3,6),(4,5)),((((7,8),9),10),(11,12)))); -7697.55  -3.72117 74.927 38.0849 31.9599 -7762.63 0.251759 0.232864 0.195905 0.319472  0.0514682   0.286098  0.0680102  0.0110648   0.574251 0.00910784
(1,2,((3,((4,5),6)),(((((7,8),9),10),12),11))); -7692.44  -1.51298 78.1542 39.147 28.4886 -7758.42   0.2538 0.230396 0.210476 0.305329 0.0568028    0.2929 0.0653622 0.0181697  0.555402 0.0113642
(1,2,((3,((4,5),6)),(((((7,8),9),10),11),12))); -7703.57  -1.1166 79.9644 38.567 28.6073 -7772.46    0.252 0.235123 0.191863 0.321015  0.0659543   0.286751  0.0633291 0.00911678   0.566954 0.00789506
(1,2,((3,((4,5),6)),((((7,8),9),10),(11,12)))); -7688.3  -1.31419 86.0336 39.0223 30.9552 -7764.95 0.247427 0.235099 0.206077 0.311397 0.0418473  0.287546 0.0647406 0.0121027  0.579098 0.0146656
(1,2,((3,((4,5),6)),((((7,8),9),10),(11,12)))); -7691.49  -1.31419 82.1754 39.0181 31.0593 -7764.4 0.236238 0.239644 0.191514 0.332604 0.0463814  0.284067 0.0729731 0.0117087  0.573616 0.0112537
(1,2,(((3,6),(4,5)),(((((7,8),9),10),11),12))); -7705.6  -3.52358 80.5806 39.2814 27.8308 -7771.21  0.23279 0.243801 0.198765 0.324644  0.0579524   0.275646   0.060269 0.00764198   0.583605  0.0148863
(1,2,(((3,6),(4,5)),(((((7,8),9),10),12),11))); -7692.61  -3.91996 80.4601 38.6365 28.4281 -7758.94 0.240549 0.240719 0.204356 0.314376 0.0474248  0.256788 0.0741733 0.0160261  0.591403 0.0141851
(1,2,((3,((4,5),6)),(((((7,8),9),10),12),11))); -7693.62  -1.51298 74.4022 38.7591 29.9778 -7757.73 0.226264 0.235117 0.209933 0.328686 0.0476095   0.28984 0.0590609 0.0173421  0.575883 0.0102648
(1,2,((3,((4,5),6)),(((((7,8),9),10),11),12))); -7699.2  -1.1166 79.6237 38.411 31.6752 -7770.97 0.244237 0.237153 0.201937 0.316673 0.0458551   0.29709  0.070375 0.0168603  0.558429 0.0113904
(1,2,((3,((4,5),6)),((((7,8),9),10),(11,12)))); -7691.99  -1.31419 83.9881 38.8509 29.2277 -7765.04 0.223388  0.24195 0.208122 0.326541 0.0507297  0.272399 0.0719747 0.0132448  0.577902   0.01375
(1,2,((3,((4,5),6)),((((7,8),9),10),(11,12)))); -7696.53  -1.31419 79.8193 38.7714 28.5085 -7764.77  0.23729 0.227925 0.195601 0.339184 0.0464286   0.27147 0.0656588 0.0160576  0.585917 0.0144677
(1,2,((3,((4,5),6)),(((((7,8),9),10),12),11))); -7698.81  -1.51298 73.2491 38.4874 29.3905 -7761.45 0.224331 0.245396 0.208806 0.321466  0.0553017   0.272988  0.0623811  0.0142063   0.587459 0.00766338
(1,2,((3,((4,5),6)),(((((7,8),9),10),11),12))); -7698.61  -1.1166 80.7012 38.9297 30.6558 -7769.92 0.249352 0.225488  0.19994  0.32522 0.0467688  0.291427 0.0706015 0.0139483  0.565911 0.0113438
(1,2,((3,((4,5),6)),(((((7,8),9),10),11),12))); -7699.19  -1.1166 82.8496 39.0326 30.0259 -7771.92  0.24491 0.233594 0.185079 0.336417 0.0454541  0.287276 0.0708541 0.0148054   0.57156 0.0100506
(1,2,((3,((4,5),6)),((((7,8),9),10),(11,12)))); -7692.57  -1.31419 80.4407 38.8042 30.3382 -7763.23 0.247496 0.227299 0.201572 0.323633   0.041136   0.308112  0.0684354  0.0138664   0.560379 0.00807155
(1,2,((3,((4,5),6)),(((((7,8),9),10),11),12))); -7710.63  -1.1166 72.304 38.766 28.7756 -7771.83 0.235172 0.246033  0.20755 0.311245  0.0447951   0.264192  0.0742562  0.0109727   0.598047 0.00773677
(1,2,((3,((4,5),6)),(((((7,8),9),10),11),12))); -7718.13  -1.1166 69.794 39.3861 26.2763 -7773.69 0.242411 0.236516 0.193063  0.32801  0.0720778   0.262773  0.0599639  0.0147082    0.58221 0.00826721
(1,2,(((3,(4,5)),6),((((7,8),9),10),(11,12)))); -7701.29  -4.13276 82.1035 38.7399 27.3797 -7767.9 0.249286 0.222686 0.209989 0.318039 0.0402772  0.292969  0.062495 0.0206499  0.572333 0.0112757
(1,2,((3,((4,5),6)),(((((7,8),9),10),12),11))); -7689.67  -1.51298 81.9069 39.3283 28.6977 -7759.44 0.242997 0.226634 0.199137 0.331232 0.0569359   0.27734 0.0652099  0.011565  0.572469 0.0164807
(1,2,((3,((4,5),6)),(((((7,8),9),10),11),12))); -7707.05  -1.1166 78.7494 38.7368 26.471 -7772.42 0.234719 0.257649 0.182644 0.324988  0.0493768   0.299071  0.0658009  0.0124115   0.567176 0.00616331
(1,2,((3,((4,5),6)),((((7,8),9),10),(11,12)))); -7697.5  -1.31419 77.3184 38.7454 29.2524 -7764.02 0.239512  0.24667 0.203184 0.310634  0.0411536   0.303457  0.0703996  0.0109965   0.569024 0.00496962
(1,2,((3,((4,5),6)),(((((7,8),9),10),11),12))); -7704.68  -1.1166 81.3638 39.0137 28.1722 -7774.09 0.231697 0.244215  0.19888 0.325208 0.0463428  0.284915 0.0770249 0.0186431  0.558361 0.0147129
(1,2,((3,((4,5),6)),(((((7,8),9),10),12),11))); -7689.33  -1.51298 79.1293 38.6309 29.6475 -7757.97 0.255178 0.242047 0.194737 0.308039 0.0479767  0.288782 0.0578326 0.0138498  0.579568 0.0119919
(1,2,((3,((4,5),6)),(((((7,8),9),10),11),12))); -7711.85  -1.1166 75.459 38.5315 27.6358 -7775.3   0.2222 0.234074 0.206659 0.337067  0.0645382   0.289399    0.06752  0.0127316   0.556339 0.00947181
(1,2,((3,((4,5),6)),(((((7,8),9),10),11),12))); -7698.52  -1.1166 85.2707 38.8776 28.8148 -7772.61 0.234577 0.230729 0.214242 0.320451 0.0400985  0.278482 0.0631832 0.0155039  0.597703 0.0050296
(1,2,((3,((4,5),6)),(((((7,8),9),10),11),12))); -7706.41  -1.1166 79.1745 38.985 29.3763 -7774.86 0.250996 0.235318 0.194612 0.319074  0.0597103   0.306019  0.0602659  0.0151542   0.548926 0.00992398
(1,2,((3,((4,5),6)),(((((7,8),9),10),11),12))); -7700.62  -1.1166 80.1326 38.9059 31.7667 -7772.5 0.233496 0.237481 0.206159 0.322864  0.0463623    0.27959  0.0701168 0.00955436    0.58503 0.00934666
(1,2,((3,((4,5),6)),(((((7,8),9),10),12),11))); -7686.6  -1.51298 80.732 38.7075 31.838 -7758.95 0.233894 0.231237 0.210176 0.324694 0.0518124  0.293929 0.0637366 0.0137166  0.566601 0.0102042
(1,2,((3,((4,5),6)),(((((7,8),9),10),12),11))); -7685.85  -1.51298 82.0437 39.0899 30.2067 -7757.5 0.248216 0.237544 0.205881 0.308359  0.0444818   0.310954  0.0712085  0.0144008   0.549793 0.00916274
(1,2,((3,((4,5),6)),((((7,8),9),10),(11,12)))); -7697.88  -1.31419 78.8365 38.9116 30.3373 -7766.83 0.254275 0.237671 0.191288 0.316766   0.059457   0.284105  0.0697882  0.0119516    0.56495 0.00974884
(1,2,((3,((4,5),6)),(((((7,8),9),10),11),12))); -7701.7  -1.1166 80.6545 39.1103 30.1501 -7772.28  0.24337 0.237042 0.195039 0.324549 0.0513641  0.281676  0.066469 0.0105933  0.572163 0.0177345
(1,2,((3,((4,5),6)),((((7,8),9),10),(11,12)))); -7696.98  -1.31419 81.0623 38.5185 27.2198 -7765.43 0.250688 0.229302   0.2087  0.31131 0.0403347  0.291862 0.0553621 0.0175698  0.580601 0.0142698
(1,2,((3,((4,5),6)),(((((7,8),9),10),11),12))); -7699.89  -1.1166 80.7885 38.6386 29.7351 -7770.65 0.236213 0.243967 0.215337 0.304483 0.0425454  0.297014 0.0618813 0.0130988  0.578245 0.0072162
(1,(2,(((((7,8),9),10),11),12)),(3,((4,5),6))); -7704.05  -3.8727 79.3417 38.6828 26.9935 -7767.82 0.262485 0.227532 0.202389 0.307594  0.0486828   0.276811  0.0765049 0.00935124   0.578685 0.00996501
(1,2,((3,((4,5),6)),(((((7,8),9),10),11),12))); -7704.9  -1.1166 75.9511 38.7211 30.8408 -7771.85 0.223321 0.239007  0.20757 0.330101   0.049988   0.282535  0.0672264  0.0135581   0.578723 0.00796953
(1,2,(((3,6),(4,5)),((((7,8),9),10),(11,12)))); -7706.85  -3.72117 70.8959 38.8906 30.7575 -7765.9  0.23394 0.234381 0.205852 0.325826  0.0370684   0.287587  0.0673229  0.0103239   0.588881 0.00881684
(1,2,((3,((4,5),6)),(((((7,8),9),10),11),12))); -7698.61  -1.1166 85.0267 39.1706 29.2599 -7772.61 0.248311 0.247745 0.203017 0.300926  0.0515148   0.289112  0.0637416 0.00908286    0.57718 0.00936915
(1,2,((3,((4,5),6)),(((((7,8),9),10),11),12))); -7703.03  -1.1166 78.8809 38.6579 30.8259 -7772.96 0.244272 0.230214 0.202498 0.323016  0.0529216   0.291822  0.0644658 0.00777014   0.574189 0.00883098
(1,2,((3,((4,5),6)),((((7,8),9),10),(11,12)))); -7695.67  -1.31419 81.2491 38.6694 28.0321 -7764.97 0.235413 0.244861 0.207216  0.31251  0.0506687   0.310196  0.0760223  0.0166285   0.537851 0.00863405
(1,2,((3,((4,5),6)),(((((7,8),9),10),11),12))); -7703.77  -1.1166 77.4137 38.9911 31.0053 -7772.09 0.241213 0.239144  0.19847 0.321172    0.04805   0.304908   0.069728  0.0180815   0.550224 0.00900908
(1,2,(((3,6),(4,5)),(((((7,8),9),10),11),12))); -7703.29  -3.52358 82.0878 39.0744 28.4809 -7771.26 0.249814 0.231104 0.188931 0.330152 0.0576712  0.297598 0.0701903 0.0105831  0.550392 0.0135654
(1,2,((3,((4,5),6)),(((((7,8),9),10),12),11))); -7689.18  -1.51298 77.6418 38.689 29.4746 -7756.09 0.236749 0.231773  0.20618 0.325298  0.0470442   0.314367  0.0712982 0.00912245   0.551388 0.00678042
(1,(2,(((((7,8),9),10),12),11)),(3,((4,5),6))); -7690.55  -4.26908 82.0705 38.6907 25.9144 -7755.57 0.257375 0.225912 0.187319 0.329394  0.0491721   0.305347  0.0551875  0.0168023   0.565581 0.00791082
(1,2,((3,((4,5),6)),(((((7,8),9),10),12),11))); -7685.82  -1.51298 81.7422 38.8685 30.9061 -7758.09 0.231564 0.247082 0.197186 0.324168  0.0499743   0.282103  0.0648248 0.00972691   0.582662  0.0107092
(1,2,((3,((4,5),6)),((((7,8),9),10),(11,12)))); -7693.26  -1.31419 83.9127 38.9147 29.0023 -7765.94 0.236536 0.232302 0.197125 0.334037 0.0412509  0.274535 0.0600602  0.018399  0.594803 0.0109517
(1,(2,((((7,8),9),10),(11,12))),(3,((4,5),6))); -7694.28  -4.07029 83.6652 38.9477 23.3611 -7758.29 0.230882 0.224927 0.199506 0.344685 0.0496372  0.263255 0.0668754 0.0119191  0.587409 0.0209049
(1,2,((3,((4,5),6)),((((7,8),9),10),(11,12)))); -7696.87  -1.31419 81.0571 38.999 29.7614 -7767.37 0.233652 0.244446 0.187558 0.334344  0.0464503   0.279151  0.0647144  0.0173549   0.583604 0.00872532
(1,2,((3,((4,5),6)),((((7,8),9),10),(11,12)))); -7698.59  -1.31419 80.2636 38.867 27.1202 -7765.8 0.256979 0.241687 0.176574  0.32476 0.0497547  0.300961 0.0711188 0.0106896  0.556375 0.0111008
(1,2,(((3,(4,5)),6),(((((7,8),9),10),12),11))); -7696.2  -4.33155 83.4282 38.8325 26.5339 -7762.99 0.248337 0.253963 0.186662 0.311038  0.0444959    0.26328  0.0702992  0.0123475   0.600017 0.00956035
(1,2,(((3,(4,5)),6),(((((7,8),9),10),11),12))); -7707.63  -3.93517 80.6081 38.8267 29.8047 -7775.28 0.232715 0.236727 0.214607 0.315951  0.0473826   0.312881  0.0695581  0.0126427   0.551165 0.00636986
(1,2,(((3,6),(4,5)),(((((7,8),9),10),11),12))); -7712.19  -3.52358 78.2452 39.1537 27.7622 -7775.52 0.248979 0.238412 0.202199  0.31041 0.0350403  0.278328 0.0611624 0.0159463  0.594157 0.0153655
(1,2,((3,((4,5),6)),(((((7,8),9),10),12),11))); -7684.43  -1.51298 82.8692 39.2062 31.3085 -7757.89 0.238677 0.231335 0.213541 0.316447  0.0438427   0.277963  0.0668585  0.0131229   0.590839 0.00737384
(1,2,((3,((4,5),6)),(((((7,8),9),10),11),12))); -7702.22  -1.1166 84.6647 39.0078 26.8857 -7773.65  0.25242 0.223573 0.200287 0.323719 0.0555916  0.257715 0.0650553 0.0154071  0.593206 0.0130252
(1,2,((3,((4,5),6)),((((7,8),9),10),(11,12)))); -7691.96  -1.31419 82.5069 39.1331 30.737 -7764.76 0.244954 0.234572 0.200845 0.319629   0.050438   0.314106  0.0628026  0.0152903   0.547529 0.00983336
(1,2,((3,((4,5),6)),(((((7,8),9),10),11),12))); -7699.36  -1.1166 84.1385 39.256 30.2662 -7773.39 0.242467 0.241959 0.194628 0.320946  0.0482131   0.266095  0.0747812  0.0155888     0.5874 0.00792172
(1,2,(((3,6),(4,5)),((((7,8),9),10),(11,12)))); -7702.24  -3.72117 75.551 38.8237 29.7697 -7765.01 0.230828  0.22973 0.204328 0.335114  0.049148  0.274113 0.0719619 0.0157626  0.577247 0.0117674
(1,2,(((3,6),(4,5)),(((((7,8),9),10),11),12))); -7703.78  -3.52358 76.7251 38.6396 32.2492 -7770.59 0.243897 0.239192  0.19608  0.32083 0.0431903  0.281125 0.0665083 0.0155037  0.583388 0.0102848
(1,2,((3,((4,5),6)),(((((7,8),9),10),11),12))); -7704.58  -1.1166 78.8422 39.0327 30.7015 -7773.97 0.240131 0.232556 0.196153  0.33116 0.0513458  0.266397 0.0649008 0.0147406  0.591571 0.0110453
(1,(2,((((7,8),9),10),(11,12))),(3,((4,5),6))); -7692.57  -4.07029 78.2738 38.8017 29.3207 -7757.29 0.253401 0.231617 0.198309 0.316674  0.0569951    0.27521  0.0597291 0.00932713   0.587398  0.0113401
(1,2,((3,((4,5),6)),(((((7,8),9),10),12),11))); -7685.15  -1.51298 81.8432 38.8319 31.1741 -7757.82 0.248912 0.235117 0.198154 0.317816  0.0584586   0.270832  0.0676722   0.012628    0.58101 0.00939928
(1,2,((3,((4,5),6)),((((7,8),9),10),(11,12)))); -7698.82  -1.31419 76.9979 38.454 29.4511 -7765.5  0.24487 0.231753  0.19597 0.327407 0.0446187  0.268864 0.0752679 0.0146647  0.582723 0.0138622
(1,2,(((3,(4,5)),6),((((7,8),9),10),(11,12)))); -7698.33  -4.13276 85.8469 39.1107 28.4138 -7769.35 0.240584 0.227564 0.191779 0.340074 0.0425089  0.311351 0.0634223  0.014698  0.558303  0.009716
(1,(2,(((((7,8),9),10),11),12)),(3,((4,5),6))); -7706.67  -3.8727 74.3114 38.4679 29.2427 -7767.89 0.241369 0.249198 0.188828 0.320606 0.0435421  0.297027 0.0681839 0.0114181  0.564742 0.0150866
(1,2,((3,((4,5),6)),(((((7,8),9),10),11),12))); -7700.11  -1.1166 82.4185 39.0942 29.3243 -7771.64 0.234792 0.231186 0.223348 0.310674 0.0499574  0.297274  0.062206 0.0101862  0.569277 0.0110989
(1,2,((3,((4,5),6)),(((((7,8),9),10),12),11))); -7690.83  -1.51298 77.8698 39.1563 31.5922 -7759.62 0.237011 0.241852 0.204121 0.317016 0.0491591  0.275442 0.0646797  0.013855  0.583141  0.013723
(1,2,(((3,6),(4,5)),(((((7,8),9),10),11),12))); -7714.55  -3.52358 68.6327 38.4768 30.8268 -7772.01 0.244683 0.248416 0.192753 0.314148  0.0475363    0.29173  0.0701956  0.0140094   0.569507 0.00702153
(1,2,((3,((4,5),6)),(((((7,8),9),10),11),12))); -7700.18  -1.1166 81.1367 38.4722 30.6775 -7772.4  0.24781 0.237211 0.192004 0.322974 0.0478837  0.273553 0.0658022 0.0105341  0.588063 0.0141645
(1,2,((3,((4,5),6)),((((7,8),9),10),(11,12)))); -7692.59  -1.31419 82.7092 38.9169 30.9324 -7766 0.233946 0.239145   0.2007 0.326209 0.0554956   0.29796 0.0597908 0.0098019  0.569333  0.007618
(1,2,((3,((4,5),6)),(((((7,8),9),10),12),11))); -7686.97  -1.51298 79.3016 38.5989 32.3735 -7758.53  0.23974 0.239658 0.194082 0.326521  0.0459506   0.295629  0.0683588   0.012866   0.569695 0.00750084
(1,2,((3,((4,5),6)),(((((7,8),9),10),12),11))); -7691.02  -1.51298 80.2282 38.867 23.8497 -7754.72 0.228105 0.220762 0.201162 0.349971  0.0412053   0.299402  0.0738939  0.0148291   0.564105 0.00656527
(1,2,((3,((4,5),6)),(((((7,8),9),10),12),11))); -7699.23  -1.51298 70.8756 38.2877 30.2296 -7760.54 0.238353 0.247407 0.197682 0.316557  0.0618024   0.289227  0.0631586  0.0119714   0.565913 0.00792831
(1,2,((3,((4,5),6)),(((((7,8),9),10),11),12))); -7703.26  -1.1166 80.5895 38.7531 28.7255 -7772.7 0.233804 0.241451 0.207033 0.317711  0.0581554    0.29161  0.0641348 0.00636903    0.57237 0.00736126
(1,2,(((3,6),(4,5)),(((((7,8),9),10),12),11))); -7689.51  -3.91996 78.166 38.3023 29.8709 -7755.32  0.25394 0.236601  0.19454 0.314919  0.0514907   0.279674  0.0686167    0.01588   0.579541 0.00479696
(1,(2,(((((7,8),9),10),11),12)),(3,((4,5),6))); -7697.27  -3.8727 82.3385 39.2281 31.8346 -7768.34 0.247281 0.231088  0.19783 0.323801  0.0471739   0.288463  0.0644456  0.0170768   0.573485 0.00935598
(1,2,((3,((4,5),6)),(((((7,8),9),10),12),11))); -7685.88  -1.51298 85.4038 39.0035 27.8262 -7758.59 0.247833 0.232073 0.212419 0.307674  0.0520971      0.273  0.0774657 0.00881918    0.57571  0.0129083
(1,2,((3,((4,5),6)),(((((7,8),9),10),12),11))); -7699.58  -1.51298 76.1719 38.5931 23.7288 -7759.37 0.253224 0.228127 0.190612 0.328037 0.0494214  0.255235 0.0678982 0.0215325  0.588388 0.0175249
(1,2,((3,((4,5),6)),(((((7,8),9),10),11),12))); -7702.89  -1.1166 78.4741 39.1343 31.4704 -7772.58 0.244541 0.231156 0.204556 0.319746  0.0481974   0.284079  0.0642663 0.00875752   0.583527  0.0111726
(1,2,((3,((4,5),6)),((((7,8),9),10),(11,12)))); -7703.67  -1.31419 78.8417 38.7833 24.1917 -7766.61 0.253917 0.233058 0.189491 0.323535 0.0496675  0.254852 0.0689523 0.0196852  0.587401 0.0194425
(1,2,((3,((4,5),6)),((((7,8),9),10),(11,12)))); -7695.38  -1.31419 79.8554 39.106 28.8213 -7763.64 0.235043 0.239615  0.21258 0.312762  0.0388351   0.300459  0.0664299 0.00978104   0.568356   0.016139
(1,2,((3,((4,5),6)),((((7,8),9),10),(11,12)))); -7694.59  -1.31419 80.2053 38.7294 29.4433 -7764.2 0.238989 0.230407 0.215778 0.314827  0.0522667   0.280959  0.0744551  0.0142528   0.572744 0.00532202
(1,2,((3,((4,5),6)),((((7,8),9),10),(11,12)))); -7698.41  -1.31419 76.3455 38.5967 30.3606 -7765.2 0.244573 0.234381  0.21441 0.306636  0.0577767   0.281208  0.0637606  0.0153619   0.573245 0.00864757
(1,2,((3,((4,5),6)),(((((7,8),9),10),12),11))); -7696.28  -1.51298 71.5718 38.933 31.1384 -7758.55 0.231944 0.241184 0.202249 0.324623 0.0491942  0.281896 0.0629531 0.0124775  0.578511  0.014968
(1,2,((3,((4,5),6)),(((((7,8),9),10),11),12))); -7707.42  -1.1166 79.521 39.1275 30.2165 -7776.91 0.252109 0.234341 0.199828 0.313721  0.0507206   0.266222  0.0611245  0.0123435   0.599824 0.00976477
(1,2,((3,((4,5),6)),(((((7,8),9),10),11),12))); -7701.07  -1.1166 81.2703 38.9274 30.1404 -7772.44 0.239857 0.225343 0.203575 0.331225  0.045048   0.28756 0.0706783 0.0171129  0.569213 0.0103881
(1,2,(((3,6),(4,5)),((((7,8),9),10),(11,12)))); -7699.22  -3.72117 78.8841 39.0524 29.8356 -7765.17 0.237928 0.231425 0.204198 0.326449  0.0616352    0.28315  0.0636199 0.00920936   0.575966 0.00641953
(1,2,((3,((4,5),6)),(((((7,8),9),10),11),12))); -7699.88  -1.1166 79.2093 38.4735 31.5814 -7771.08 0.246604 0.235039 0.198119 0.320238 0.0477581  0.283163 0.0715417 0.0168012  0.568658 0.0120782
(1,2,((3,((4,5),6)),((((7,8),9),10),(11,12)))); -7692.53  -1.31419 81.5343 38.8307 31.5532 -7765.47 0.251441 0.236938 0.201664 0.309956  0.0541507   0.284512  0.0707184  0.0132281    0.56802 0.00937048
(1,2,((3,((4,5),6)),((((7,8),9),10),(11,12)))); -7695.32  -1.31419 77.1354 38.9209 31.8034 -7764.03 0.237998 0.244571 0.193985 0.323446 0.0499749  0.284678 0.0702618 0.0116106  0.572146 0.0113293
(1,2,((3,((4,5),6)),((((7,8),9),10),(11,12)))); -7693.7  -1.31419 79.7643 38.6175 30.5154 -7764.05 0.240346  0.23968 0.201593 0.318381  0.0563735   0.304806   0.059781 0.00960409   0.562382 0.00705339
(1,2,((3,((4,5),6)),(((((7,8),9),10),12),11))); -7687.66  -1.51298 81.6418 39.0922 29.5654 -7758.26  0.23382  0.23928  0.21429 0.312609  0.0513667   0.282625  0.0760835  0.0164438   0.566962 0.00651924
(1,2,((3,((4,5),6)),(((((7,8),9),10),12),11))); -7684  -1.51298 82.4562 38.7289 32.115 -7758.33 0.238563 0.240813 0.196728 0.323896 0.0473578   0.29151 0.0603923 0.0110739  0.578944 0.0107212
(1,2,((3,((4,5),6)),((((7,8),9),10),(11,12)))); -7707.1  -1.31419 67.6836 39.1171 30.8255 -7765.18 0.244849  0.24032 0.192119 0.322712  0.0559588   0.302846  0.0645701  0.0158904   0.552314 0.00842018
(1,2,((3,((4,5),6)),(((((7,8),9),10),11),12))); -7706.44  -1.1166 74.3073 39.0441 31.3898 -7771.98 0.243317 0.234751 0.197812 0.324121 0.0424023  0.284861 0.0675977 0.0117784   0.57857 0.0147906
(1,2,(((3,6),(4,5)),(((((7,8),9),10),11),12))); -7703.96  -3.52358 79.6008 38.9718 30.5362 -7771.6  0.23793 0.241802 0.202596 0.317672  0.0486061   0.280298  0.0621727  0.0145455   0.589846 0.00453154
(1,2,((3,((4,5),6)),((((7,8),9),10),(11,12)))); -7695.07  -1.31419 79.9257 38.7344 31.4308 -7766.38 0.246687 0.240396 0.198793 0.314124 0.0451161  0.273349 0.0645956 0.0159508  0.589845 0.0111438
(1,2,(((3,6),(4,5)),((((7,8),9),10),(11,12)))); -7695.64  -3.72117 78.7594 39.2688 32.2575 -7763.66 0.241949  0.23377 0.201041  0.32324  0.0495846   0.297373  0.0632729 0.00980382    0.56998 0.00998545
(1,2,((3,((4,5),6)),(((((7,8),9),10),12),11))); -7696.24  -1.51298 74.3258 38.2196 29.0966 -7759.93 0.243565 0.233506 0.215843 0.307086 0.0510136  0.272961 0.0573929 0.0121826  0.595892 0.0105582
(1,2,((3,((4,5),6)),((((7,8),9),10),(11,12)))); -7692.04  -1.31419 82.8639 38.7789 29.6218 -7764.44  0.23416  0.23993 0.196667 0.329243  0.0388081   0.292046  0.0591846 0.00944593   0.588549   0.011966
(1,2,((3,((4,5),6)),(((((7,8),9),10),11),12))); -7700.32  -1.1166 82.2799 39.0519 31.0066 -7773.44 0.235913 0.245815 0.201408 0.316864  0.0436302   0.301058   0.063607 0.00987332   0.570146  0.0116854
(1,2,((3,((4,5),6)),((((7,8),9),10),(11,12)))); -7699.66  -1.31419 77.4218 38.8394 28.5738 -7765.5 0.245097 0.237587  0.21026 0.307056 0.0476167  0.275194  0.059345 0.0198803  0.584263 0.0137015
(1,2,((3,((4,5),6)),(((((7,8),9),10),11),12))); -7701.3  -1.1166 80.3285 38.8196 30.3006 -7772 0.235257 0.240493 0.204196 0.320054 0.0539674  0.311117 0.0605858 0.0102567  0.552927 0.0111464
(1,2,((3,((4,5),6)),((((7,8),9),10),(11,12)))); -7701.68  -1.31419 77.1208 38.7629 24.4692 -7763.19 0.220632 0.238386 0.207907 0.333075 0.0504086  0.255682  0.081731 0.0109723  0.590635 0.0105706
(1,2,((3,((4,5),6)),(((((7,8),9),10),11),12))); -7710.3  -1.1166 79.1216 39.144 27.9562 -7777.12 0.254983 0.236904 0.202348 0.305766  0.0455535   0.260663  0.0605823  0.0132956    0.61083 0.00907619
(1,2,((3,((4,5),6)),(((((7,8),9),10),11),12))); -7699.9  -1.1166 79.2861 38.671 31.753 -7771.15 0.247594 0.232639 0.201042 0.318725  0.0566499   0.291452  0.0688938  0.0134662   0.561757 0.00778082
(1,2,((3,((4,5),6)),(((((7,8),9),10),12),11))); -7691.32  -1.51298 80.207 39.0665 28.1832 -7759.13 0.225282 0.247841 0.210933 0.315944  0.0540018   0.281416  0.0579891  0.0172494    0.57938 0.00996285
(1,2,(((3,(4,5)),6),((((7,8),9),10),(11,12)))); -7701.97  -4.13276 79.1841 38.6243 30.1688 -7768.57 0.232636 0.232202 0.214611 0.320551 0.0579453  0.289658 0.0654381 0.0135372  0.560024 0.0133975
(1,2,((3,((4,5),6)),((((7,8),9),10),(11,12)))); -7703.22  -1.31419 81.2957 39.2855 21.8616 -7765.78 0.245432 0.248566 0.165702 0.340299  0.0464373   0.277515  0.0726084 0.00916783   0.584186  0.0100863
(1,2,(((3,6),(4,5)),(((((7,8),9),10),11),12))); -7713.94  -3.52358 73.7018 38.6211 25.8546 -7771.35 0.228142 0.245051 0.186648 0.340158  0.0438095   0.305457  0.0651838 0.00811028   0.562385  0.0150543
(1,2,((3,((4,5),6)),(((((7,8),9),10),12),11))); -7685.45  -1.51298 85.2703 39.3008 28.6396 -7758.55  0.25765  0.23511 0.191799 0.315442  0.0519547   0.281266  0.0742863  0.0179236   0.568414 0.00615503
(1,2,((3,((4,5),6)),(((((7,8),9),10),11),12))); -7708.47  -1.1166 73.5065 39.5963 29.0496 -7770.31 0.254804 0.242773 0.197116 0.305307  0.0488104   0.314472  0.0625475  0.0130325   0.552287 0.00885017
(1,2,((3,((4,5),6)),((((7,8),9),10),(11,12)))); -7695.12  -1.31419 82.8752 38.7571 28.1487 -7766.08 0.228087 0.243955 0.196064 0.331893  0.0491927   0.303182  0.0693488 0.00843355   0.555012  0.0148307
(1,2,(((3,6),(4,5)),(((((7,8),9),10),12),11))); -7692.65  -3.91996 81.6972 39.0089 25.3018 -7756.72 0.221728 0.238505 0.214967   0.3248  0.0609804   0.287827  0.0595403  0.0181108   0.569446 0.00409557
(1,2,((3,((4,5),6)),(((((7,8),9),10),11),12))); -7710.41  -1.1166 73.2224 38.8649 28.4634 -7772.12 0.251698  0.23558 0.194025 0.318696  0.0345424   0.290529  0.0589598  0.0102836   0.596061 0.00962416
(1,2,((3,((4,5),6)),((((7,8),9),10),(11,12)))); -7689.31  -1.31419 85.8994 38.9461 29.7807 -7764.73 0.251728   0.2429 0.189206 0.316165  0.0463638    0.29967  0.0733186  0.0123185    0.56227 0.00605883
(1,2,((3,((4,5),6)),(((((7,8),9),10),11),12))); -7709.99  -1.1166 79.0757 39.2783 25.4129 -7774.09 0.230666 0.244022 0.198216 0.327096 0.0676481  0.292969 0.0682511  0.013015  0.540154 0.0179632
(1,2,((3,((4,5),6)),(((((7,8),9),10),12),11))); -7689.57  -1.51298 79.3692 39.0805 29.0138 -7757.36 0.221118 0.242109 0.203006 0.333767 0.0418239  0.280862 0.0643581 0.0151707  0.590482 0.0073039
(1,2,((3,((4,5),6)),(((((7,8),9),10),12),11))); -7690.21  -1.51298 79.339 39.1267 31.2208 -7760.13 0.246631 0.238674 0.193313 0.321382  0.0467033   0.312389  0.0648759  0.0129632   0.554924 0.00814463
(1,2,((3,((4,5),6)),(((((7,8),9),10),11),12))); -7697.82  -1.1166 81.4174 38.7949 32.0858 -7771.41  0.24095  0.23138 0.198758 0.328911 0.0484454  0.295536 0.0691539 0.0114693  0.565082 0.0103126
(1,2,((3,((4,5),6)),(((((7,8),9),10),11),12))); -7710.63  -1.1166 73.8117 38.9101 27.923 -7772.34 0.233888 0.241247  0.21058 0.314286  0.0335122   0.275839   0.075082  0.0135876   0.593595 0.00838383
(1,2,((3,((4,5),6)),(((((7,8),9),10),12),11))); -7689.73  -1.51298 79.5584 38.8389 29.0191 -7757.96  0.24396 0.229219 0.207284 0.319538  0.0563472   0.267867  0.0783122  0.0123623   0.576436 0.00867592
(1,2,(((3,6),(4,5)),((((7,8),9),10),(11,12)))); -7694.58  -3.72117 83.5764 38.9949 27.8726 -7763.31 0.234301 0.247265 0.183351 0.335083  0.0503794   0.281394  0.0767086  0.0112957   0.571644 0.00857895
