tree logl logTop logBL logPrior logQ logWt pi1 pi2 pi3 pi4 s1 s2 s3 s4 s5 s6
(1,(2,((((7,8),9),10),(11,12))),(3,((4,5),6))); -7698.76  -0.407856 80.8094 38.7042 26.7779 -7767.24 0.240388 0.235347 0.203529 0.320736 0.0322713  0.324157 0.0670516 0.0104248  0.546763 0.0193326
(1,2,((3,((4,5),6)),((((7,8),9),10),(11,12)))); -7703.78  -2.25071 81.145 38.9681 27.444 -7771.15 0.266769 0.223837 0.202085 0.307309  0.0442265   0.290896  0.0654329  0.0157225   0.576782 0.00694005
(1,(2,((((7,8),9),10),(11,12))),(3,((4,5),6))); -7695.74  -0.407856 85.6123 39.4431 29.0436 -7770.54  0.24967 0.224609 0.207729 0.317991 0.0458919  0.317217 0.0543874 0.0179149  0.553669 0.0109203
(1,(2,((((7,8),9),10),(11,12))),(3,((4,5),6))); -7694.04  -0.407856 79.776 38.8774 27.2634 -7761.79 0.228105 0.248147 0.214062 0.309686  0.0553936   0.312299  0.0582499  0.0118293   0.554662 0.00756553
(1,(2,((((7,8),9),10),(11,12))),(3,((4,5),6))); -7698.06  -0.407856 78.4918 38.9038 28.8809 -7766.12 0.250496 0.229535 0.208417 0.311553  0.0581444   0.271625   0.069047  0.0142663    0.57993 0.00698787
(1,(2,((((7,8),9),10),(11,12))),(3,((4,5),6))); -7727.95  -0.407856 78.0268 38.9368 26.6359 -7793.27 0.258304 0.225396 0.214851  0.30145  0.0379489   0.311322  0.0620566   0.016239   0.568554 0.00387956
(1,(2,((((7,8),9),10),(11,12))),(3,((4,5),6))); -7755.75  -0.407856 81 39.2678 24.9789 -7822.05 0.238175 0.224034 0.215353 0.322437 0.0694895  0.327743 0.0655944 0.0136962  0.511603 0.0118733
(1,(2,((((7,8),9),10),(11,12))),(3,((4,5),6))); -7695.41  -0.407856 79.6311 38.8478 25.9324 -7761.72  0.24868 0.224593 0.210059 0.316668 0.0271802  0.282788 0.0770257 0.0141411  0.587842 0.0110232
(1,(2,((((7,8),9),10),(11,12))),(3,((4,5),6))); -7714.17  -0.407856 88.4836 38.3198 27.2639 -7791.19 0.230599 0.239303  0.20644 0.323658    0.04109   0.342348  0.0522273  0.0127618   0.541961 0.00961192
(1,(2,((((7,8),9),10),(11,12))),(3,((4,5),6))); -7698.17  -0.407856 80.8284 38.6956 25.4729 -7765.37 0.248303 0.225021 0.208583 0.318093 0.0429749  0.281482 0.0517324 0.0200681  0.584524 0.0192192
(1,(2,(((((7,8),9),10),11),12)),(3,((4,5),6))); -7697.44  -2.08563 83.6597 39.4784 29.2509 -7768.79 0.237802 0.230942 0.212761 0.318496 0.0542741  0.300283 0.0655064 0.0069342   0.56244 0.0105615
(1,(2,((((7,8),9),10),(11,12))),((3,6),(4,5))); -7709.75  -4.04866 83.1754 38.7676 28.3166 -7778.43  0.24735 0.242187 0.199574 0.310889  0.0577257   0.285957  0.0681009  0.0219078   0.558814 0.00749478
(1,(2,((((7,8),9),10),(11,12))),(3,((4,5),6))); -7697.23  -0.407856 77.2501 39.0538 26.6477 -7761.67 0.245823  0.23288 0.207454 0.313842 0.0351347  0.262301 0.0682029 0.0135078  0.606379 0.0144748
(1,(2,((((7,8),9),10),(11,12))),(3,((4,5),6))); -7712.33  -0.407856 83.2646 38.3348 28.9932 -7785.84 0.241732 0.235035 0.213815 0.309418   0.039681   0.291865  0.0544644  0.0108652   0.594002 0.00912286
(1,(2,((((7,8),9),10),(11,12))),(3,((4,5),6))); -7717.76  -0.407856 76.8472 38.8155 27.2896 -7782.67 0.237369 0.232714 0.212287 0.317631 0.0645513  0.286089 0.0511318 0.0135368  0.573536 0.0111556
(1,(2,(((((7,8),9),10),12),11)),(3,((4,5),6))); -7687.31  -3.11482 82.6004 39.6666 29.1689 -7756.3 0.243418 0.231727 0.198886  0.32597  0.0442152   0.306307  0.0807289 0.00977358    0.54627  0.0127059
(1,2,((3,((4,5),6)),((((7,8),9),10),(11,12)))); -7733.25  -2.25071 85.8668 38.7463 26.7178 -7804.84  0.24147 0.247555 0.200514 0.310461 0.0410657  0.310403 0.0448269 0.0161564  0.575912 0.0116366
(1,(2,((((7,8),9),10),(11,12))),(3,((4,5),6))); -7707.15  -0.407856 81.7164 38.7165 28.2277 -7777.97 0.243642 0.239098 0.208741  0.30852  0.0493588   0.279763  0.0605705  0.0123449   0.594825 0.00313804
(1,(2,((((7,8),9),10),(11,12))),(3,((4,5),6))); -7736.29  -0.407856 78.4821 38.9569 26.3238 -7801.73 0.232572 0.230141 0.214516 0.322771  0.0399398   0.313317  0.0773846 0.00440347    0.55637 0.00858482
(1,(2,(((((7,8),9),10),11),12)),(3,((4,5),6))); -7702.45  -2.08563 80.9379 39.0186 26.6664 -7768.95 0.249689 0.239629 0.194749 0.315933  0.0504411   0.312274  0.0718873 0.00613651    0.54087   0.018391
(1,(2,((((7,8),9),10),(11,12))),(3,((4,5),6))); -7697.93  -0.407856 87.91 38.9544 29.4742 -7775.95 0.252231 0.229817 0.204421 0.313531  0.0385641   0.289043  0.0628991 0.00830827   0.592365 0.00881965
(1,(2,((((7,8),9),10),(11,12))),(3,((4,5),6))); -7863.71  -0.407856 81.3244 38.4709 28.4962 -7934.66 0.239868 0.228152 0.202547 0.329432  0.0484504   0.302871  0.0747442 0.00979166   0.548373  0.0157703
(1,(2,((((7,8),9),10),(11,12))),(3,((4,5),6))); -7706.6  -0.407856 78.3385 38.8694 25.0392 -7770.7 0.248194 0.233686 0.207054 0.311066 0.0432351  0.281947 0.0950286 0.0261027  0.543947 0.0097389
(1,(2,((((7,8),9),10),(11,12))),(3,((4,5),6))); -7692.68  -0.407856 78.4686 39.0468 30.4637 -7762.16 0.248889 0.232151 0.210025 0.308936   0.044511   0.304951  0.0570875  0.0113872   0.573328 0.00873497
(1,(2,((((7,8),9),10),(11,12))),(3,((4,5),6))); -7696.54  -0.407856 91.9582 38.9382 30.2221 -7779.37   0.2393 0.237633 0.211403 0.311664  0.0455442   0.293237  0.0745312 0.00928831   0.569471 0.00792795
(1,2,((3,((4,5),6)),((((7,8),9),10),(11,12)))); -7717.67  -2.25071 79.9611 38.8632 27.6103 -7784.13 0.228175 0.239031 0.204724 0.328071  0.0581149   0.313982  0.0682578 0.00941716   0.539051  0.0111774
(1,(2,((((7,8),9),10),(11,12))),(3,((4,5),6))); -7748.86  -0.407856 88.7257 38.7203 27.922 -7826.38 0.240141 0.239404 0.208582 0.311873  0.0321367   0.299302  0.0596528  0.0172896   0.586965 0.00465406
(1,2,((3,((4,5),6)),((((7,8),9),10),(11,12)))); -7711.29  -2.25071 79.1028 38.4454 27.7744 -7777.47  0.23637 0.235953 0.218083 0.309594  0.0522512    0.28813  0.0701234  0.0161559   0.569764 0.00357591
(1,(2,((((7,8),9),10),(11,12))),(3,((4,5),6))); -7688.56  -0.407856 82.5891 39.3556 28.2681 -7759.65 0.246464 0.245277 0.195728 0.312531 0.0419988  0.284149 0.0701207 0.0169548  0.572756 0.0140201
(1,(2,((((7,8),9),10),(11,12))),(3,((4,5),6))); -7703.31  -0.407856 84.7545 39.3831 24.4168 -7772.69 0.233584 0.242605 0.198551 0.325259  0.0425656   0.351677  0.0824607 0.00753832   0.505787 0.00997197
(1,2,((3,((4,5),6)),((((7,8),9),10),(11,12)))); -7738.76  -2.25071 80.8238 38.7118 25.5717 -7804.2 0.254275 0.236674 0.212418 0.296633  0.0610504   0.272049  0.0625493  0.0186841   0.580121 0.00554671
(1,(2,((((7,8),9),10),(11,12))),(3,((4,5),6))); -7692.23  -0.407856 85.3931 39.0794 25.3855 -7763.52  0.23357  0.23979  0.20268 0.323959 0.0515322  0.265775 0.0745664 0.0138017  0.573798  0.020526
(1,(2,((((7,8),9),10),(11,12))),(3,((4,5),6))); -7684.5  -0.407856 85.7832 39.3704 30.8904 -7761.4 0.242573 0.230368 0.209271 0.317788  0.0416267   0.295765  0.0688509  0.0126597   0.572404 0.00869357
(1,(2,((((7,8),9),10),(11,12))),(3,((4,5),6))); -7696.9  -0.407856 81.0314 39.3564 27.2266 -7765.39 0.236085 0.237219 0.206652 0.320044  0.0422404   0.262504  0.0780806 0.00816737   0.601629 0.00737883
(1,2,((3,((4,5),6)),((((7,8),9),10),(11,12)))); -7699.45  -2.25071 75.745 38.8311 26.8864 -7761 0.234879 0.248823 0.208401 0.307897   0.044378   0.279555  0.0573494 0.00957299   0.604304 0.00484081
(1,(2,((((7,8),9),10),(11,12))),(3,((4,5),6))); -7712.46  -0.407856 88.168 38.8049 27.6537 -7789.06 0.263506 0.230252 0.193315 0.312927 0.0467982  0.292657 0.0724289 0.0134155   0.56122 0.0134802
(1,2,((3,((4,5),6)),((((7,8),9),10),(11,12)))); -7729.01  -2.25071 77.5643 39.0525 26.2971 -7791.57   0.2402 0.238618 0.199414 0.321768  0.0504528   0.272122  0.0685499  0.0109603   0.595969 0.00194577
(1,(2,((((7,8),9),10),(11,12))),(3,((4,5),6))); -7690.65  -0.407856 79.546 39.1078 29.7077 -7760.39 0.253566 0.235985 0.208642 0.301807  0.0497023   0.311995  0.0714963  0.0118751   0.546138 0.00879324
(1,(2,((((7,8),9),10),(11,12))),(3,((4,5),6))); -7699.98  -0.407856 90.2543 38.2286 27.969 -7779.57 0.230539 0.226438 0.208411 0.334611  0.0511166   0.295913  0.0702332   0.010879    0.56615 0.00570772
(1,(2,(((((7,8),9),10),12),11)),(3,((4,5),6))); -7683.55  -3.11482 81.4504 38.9514 29.1052 -7752.04 0.244819 0.230252 0.213097 0.311831   0.043171    0.29908  0.0743603 0.00828963   0.571245 0.00385343
(1,(2,((((7,8),9),10),(11,12))),(3,((4,5),6))); -7688.85  -0.407856 86.0373 39.0502 28.183 -7763.61 0.231278 0.226875 0.219884 0.321963  0.0524864   0.301384  0.0626192  0.0138564   0.561395 0.00825853
(1,(2,((((7,8),9),10),(11,12))),(3,((4,5),6))); -7720.69  -0.407856 82.9348 38.4415 30.8902 -7795.67 0.249234 0.235259 0.201968 0.313538 0.0421397  0.300764 0.0627574 0.0116134  0.572253 0.0104733
(1,(2,((((7,8),9),10),(11,12))),(3,((4,5),6))); -7690.44  -0.407856 84.9993 39.0736 29.6512 -7765.61 0.244419 0.236463 0.198338  0.32078  0.0461002   0.296929  0.0847401  0.0120179   0.554171 0.00604249
(1,2,((3,((4,5),6)),((((7,8),9),10),(11,12)))); -7712.91  -2.25071 75.6294 39.1345 23.8937 -7771.05   0.2367  0.23443 0.210412 0.318457  0.0566563   0.346787  0.0512059 0.00671943   0.520925  0.0177066
(1,(2,((((7,8),9),10),(11,12))),(3,((4,5),6))); -7702.99  -0.407856 88.9311 38.75 24.8494 -7777.61 0.261957 0.228553 0.194553 0.314937   0.031576   0.318606  0.0606107 0.00815917   0.563711  0.0173371
(1,(2,((((7,8),9),10),(11,12))),(3,((4,5),6))); -7694.08  -0.407856 79.5757 38.7718 30.5423 -7765.02 0.242609 0.232578 0.207898 0.316916  0.0514974   0.321633  0.0577587  0.0115653   0.549199 0.00834655
(1,(2,((((7,8),9),10),(11,12))),(3,((4,5),6))); -7708.25  -0.407856 86.5484 38.9405 29.8724 -7785.32 0.248566 0.233034 0.201295 0.317105  0.0395287   0.290863   0.073969  0.0118197   0.579297 0.00452182
(1,2,((3,((4,5),6)),((((7,8),9),10),(11,12)))); -7710.24  -2.25071 80.4717 38.7053 28.7391 -7778.5 0.233583 0.241622 0.200899 0.323896 0.0486656  0.282872 0.0574303 0.0142419  0.586591 0.0101994
(1,(2,((((7,8),9),10),(11,12))),(3,((4,5),6))); -7712.62  -0.407856 81.2229 38.6674 28.0879 -7782.85 0.250163 0.246525 0.204085 0.299226  0.0512249   0.327121  0.0700949  0.0117429   0.533682 0.00613452
(1,2,((3,((4,5),6)),(((((7,8),9),10),11),12))); -7734.28  -3.92849 72.5331 38.2236 25.7767 -7790.44 0.258412 0.226327 0.213958 0.301303  0.0538132   0.318325  0.0630127 0.00554597   0.546385  0.0129188
(1,(2,((((7,8),9),10),(11,12))),(3,((4,5),6))); -7695.66  -0.407856 90.6581 38.7906 30.3659 -7777.48 0.247836 0.234287 0.195628 0.322249  0.0488981   0.300423  0.0719971  0.0151996   0.555927 0.00755507
(1,(2,(((((7,8),9),10),11),12)),(3,((4,5),6))); -7709.41  -2.08563 79.7113 39.0338 26.8936 -7774.9 0.248442 0.229703 0.202268 0.319587  0.0490077    0.28554  0.0447362  0.0192526    0.59147 0.00999349
(1,(2,((((7,8),9),10),(11,12))),((3,(4,5)),6)); -7699.54  -5.09928 83.7137 38.7768 28.1887 -7767.56 0.250106 0.230028 0.204378 0.315487    0.03803   0.278643  0.0748757   0.010379   0.594396 0.00367603
(1,(2,((((7,8),9),10),(11,12))),(3,((4,5),6))); -7693.79  -0.407856 74.1784 39.3046 29.5494 -7757.8 0.233034 0.234131 0.211713 0.321122  0.0540123   0.296849  0.0710928 0.00986223   0.561908  0.0062754
(1,(2,(((((7,8),9),10),11),12)),(3,((4,5),6))); -7695.85  -2.08563 84.8834 38.744 29.4332 -7769.34 0.252938  0.24128 0.203984 0.301798  0.0468246   0.290884  0.0652138 0.00952865   0.580434 0.00711532
(1,(2,((((7,8),9),10),(11,12))),((3,6),(4,5))); -7725.67  -4.04866 84.4868 38.7369 29.1895 -7796.56 0.242549 0.232669 0.208539 0.316243  0.0494895   0.315118  0.0545422  0.0210589   0.551226 0.00856493
(1,(2,((((7,8),9),10),(11,12))),(3,((4,5),6))); -7706.78  -0.407856 85.4482 38.985 25.1584 -7778 0.265015 0.244019 0.188864 0.302101 0.0488644  0.311352 0.0548123 0.0106916  0.562145  0.012135
(1,(2,(((((7,8),9),10),12),11)),(3,((4,5),6))); -7688.33  -3.11482 82.0751 39.2094 27.5288 -7755.61 0.260935 0.228563 0.206687 0.303814 0.0414106  0.294959 0.0654116 0.0125522   0.58237 0.0032965
(1,(2,((((7,8),9),10),(11,12))),(3,((4,5),6))); -7815.66  -0.407856 82.3999 38.8847 29.0462 -7887.82 0.250476 0.229936 0.200689 0.318899 0.0515924  0.306565 0.0821086 0.0125923  0.534515  0.012627
(1,(2,((((7,8),9),10),(11,12))),(3,((4,5),6))); -7688.22  -0.407856 87.7064 39.281 27.3938 -7763.63  0.25943 0.223391 0.205009  0.31217  0.0572883   0.317077  0.0619136 0.00820056   0.542072  0.0134487
(1,(2,((((7,8),9),10),(11,12))),(3,((4,5),6))); -7715.17  -0.407856 82.3826 38.8609 24.8794 -7783.16 0.239101 0.231878 0.193317 0.335704  0.063463    0.2799 0.0493668 0.0107089  0.586104 0.0104564
(1,(2,((((7,8),9),10),(11,12))),(3,((4,5),6))); -7699.07  -0.407856 83.4979 39.1446 28.2101 -7771.23 0.237524 0.245992 0.211837 0.304647  0.0524597   0.296908  0.0636518 0.00737925    0.56845   0.011152
(1,(2,((((7,8),9),10),(11,12))),(3,((4,5),6))); -7781.8  -0.407856 85.5856 38.4476 26.5431 -7855.07 0.250516 0.239769 0.206532 0.303184 0.0517454  0.281005 0.0838553 0.0196452  0.549298 0.0144509
(1,(2,((((7,8),9),10),(11,12))),(3,((4,5),6))); -7760.45  -0.407856 89.173 38.5124 26.8133 -7837.52  0.26422 0.229262 0.193502 0.313016 0.0574621  0.297005 0.0686256 0.0175032  0.547561 0.0118434
(1,(2,((((7,8),9),10),(11,12))),(3,((4,5),6))); -7697.9  -0.407856 94.0145 39.1743 27.9896 -7780.33 0.248161 0.218516 0.211204 0.322118  0.0403548   0.294121   0.078324 0.00922232   0.566163  0.0118146
(1,(2,(((((7,8),9),10),11),12)),(3,((4,5),6))); -7707.59  -2.08563 76.9033 39.0804 26.4644 -7769.79 0.262602 0.232547 0.191194 0.313657  0.0528637   0.326122  0.0659808 0.00681203   0.543273 0.00494888
(1,(2,((((7,8),9),10),(11,12))),(3,((4,5),6))); -7698.1  -0.407856 79.0054 39.2879 26.2625 -7763.67 0.237582 0.226775  0.20266 0.332984  0.0567401   0.312055  0.0639428  0.0250318    0.53325 0.00898076
(1,(2,((((7,8),9),10),(11,12))),(3,((4,5),6))); -7780.97  -0.407856 83.7409 38.9083 30.0149 -7855.41  0.24895 0.232254 0.203091 0.315705  0.0541136   0.283285  0.0759057  0.0128326   0.568035 0.00582745
(1,(2,((((7,8),9),10),(11,12))),(3,((4,5),6))); -7775.02  -0.407856 71.9783 38.7137 27.5996 -7835.48  0.24328 0.233167 0.206492 0.317062  0.0659231   0.333836  0.0566104  0.0109035   0.523653 0.00907441
(1,(2,((((7,8),9),10),(11,12))),(3,((4,5),6))); -7713.91  -0.407856 88.2246 38.4683 26.807 -7790.06  0.24223 0.240495 0.198568 0.318707  0.0311028   0.296237  0.0784223 0.00823482   0.570694  0.0153092
(1,2,((3,((4,5),6)),((((7,8),9),10),(11,12)))); -7702.13  -2.25071 81.6596 38.2984 25.8465 -7769.09 0.259397 0.234639 0.208979 0.296985  0.0523971   0.292655    0.08163  0.0215848   0.542981 0.00875133
(1,(2,(((((7,8),9),10),11),12)),(3,((4,5),6))); -7701.48  -2.08563 76.3254 38.7809 29.5634 -7766.51 0.252312 0.238755 0.202287 0.306646  0.0424317    0.29895  0.0727205  0.0163588   0.564699 0.00483975
(1,(2,((((7,8),9),10),(11,12))),(3,((4,5),6))); -7691.51  -0.407856 80.1848 38.8681 28.0394 -7760.46 0.241205 0.245875 0.196357 0.316563    0.0451  0.281988  0.055553 0.0122573  0.591833 0.0132685
(1,(2,((((7,8),9),10),(11,12))),(3,((4,5),6))); -7757.37  -0.407856 85.331 38.8308 29.4967 -7832.96 0.238419 0.236787 0.209435 0.315358 0.0404876  0.294316  0.072461 0.0175931  0.562682 0.0124603
(1,(2,((((7,8),9),10),(11,12))),(3,((4,5),6))); -7691.89  -0.407856 79.4247 38.6601 26.6024 -7758.85 0.253854 0.242823   0.2027 0.300623  0.0418242   0.294936  0.0867695 0.00743796   0.556378  0.0126536
(1,(2,((((7,8),9),10),(11,12))),(3,((4,5),6))); -7696.88  -0.407856 79.3329 39.1622 28.5231 -7765.17 0.241434 0.244049 0.204018 0.310499  0.0498511   0.296363  0.0509183  0.0175388   0.579703 0.00562618
(1,(2,((((7,8),9),10),(11,12))),(3,((4,5),6))); -7730.31  -0.407856 84.7878 38.3722 28.9485 -7805.27 0.252278 0.230515 0.203069 0.314137 0.0494951  0.317648 0.0757411 0.0111535  0.531193 0.0147689
(1,(2,((((7,8),9),10),(11,12))),(3,((4,5),6))); -7793.18  -0.407856 85.6459 38.8888 30.151 -7869.68  0.25629 0.230717 0.201444 0.311549  0.0427061   0.292116  0.0637793  0.0126429   0.581021 0.00773458
(1,(2,((((7,8),9),10),(11,12))),(3,((4,5),6))); -7743.48  -0.407856 80.936 38.0254 29.4115 -7815.4 0.243619 0.233199  0.20113 0.322052  0.0459131   0.292532  0.0541976 0.00782602   0.590221 0.00930933
(1,(2,(((((7,8),9),10),11),12)),(3,((4,5),6))); -7712.83  -2.08563 83.4811 39.5633 19.9066 -7774.57 0.246349 0.212022 0.224861 0.316767   0.040081   0.355216  0.0545804  0.0233331   0.521435 0.00535434
(1,(2,(((((7,8),9),10),12),11)),(3,((4,5),6))); -7690.23  -3.11482 78.7438 38.7758 28.2365 -7755.32  0.26313 0.220156 0.200449 0.316264  0.0445399   0.313103  0.0630173  0.0127488   0.560464 0.00612714
(1,(2,((((7,8),9),10),(11,12))),(3,((4,5),6))); -7688.95  -0.407856 81.493 39.0092 29.3623 -7760.38 0.244771  0.24144 0.197448 0.316341 0.0482927  0.298249 0.0565663 0.0160367   0.56762 0.0132349
(1,(2,((((7,8),9),10),(11,12))),(3,((4,5),6))); -7707.29  -0.407856 91.359 39.1406 24.7267 -7783.82 0.233543 0.222655 0.218152  0.32565  0.0328351   0.299483  0.0913311  0.0120021   0.554424 0.00992527
(1,(2,((((7,8),9),10),(11,12))),(3,((4,5),6))); -7780.18  -0.407856 86.5483 38.732 26.9768 -7854.56 0.248524 0.232947 0.212313 0.306216  0.042839  0.265824 0.0577973 0.0134626  0.606876 0.0132013
(1,2,((3,((4,5),6)),(((((7,8),9),10),11),12))); -7703.97  -3.92849 77.9259 39.1704 30.0121 -7768.81 0.242812 0.234309 0.201102 0.321777 0.0483857  0.304057 0.0663198  0.018015  0.550729 0.0124942
(1,(2,((((7,8),9),10),(11,12))),(3,((4,5),6))); -7695.38  -0.407856 81.8611 38.7277 26.909 -7765.02 0.231735 0.227472 0.210805 0.329987 0.0472949  0.336635 0.0581269  0.010683  0.534181 0.0130794
(1,(2,(((((7,8),9),10),11),12)),(3,((4,5),6))); -7710.84  -2.08563 76.1646 39.0986 24.1947 -7770.01 0.226673 0.227455 0.215491 0.330382  0.0502975    0.30082  0.0758493  0.0185616   0.552139 0.00233236
(1,(2,((((7,8),9),10),(11,12))),(3,((4,5),6))); -7692.69  -0.407856 93.753 38.9946 29.03 -7776.07 0.241638 0.227722 0.211944 0.318697  0.0336239   0.310307  0.0618241 0.00870738   0.577677 0.00786138
(1,(2,(((((7,8),9),10),11),12)),(3,((4,5),6))); -7702.69  -2.08563 85.2342 38.635 26.8551 -7774.06 0.256362 0.230791 0.193331 0.319516  0.0376758   0.332033  0.0724507   0.019818   0.528399 0.00962276
(1,(2,(((((7,8),9),10),11),12)),(3,((4,5),6))); -7703.67  -2.08563 82.1285 39.2832 26.0026 -7770.43 0.248154 0.233062 0.219066 0.299719  0.0456996   0.292864   0.083166 0.00540373   0.565864  0.0070024
(1,(2,(((((7,8),9),10),12),11)),(3,((4,5),6))); -7692.05  -3.11482 80.487 39.2854 25.3438 -7755.48 0.227834 0.243676 0.204961 0.323528 0.0320467  0.295323 0.0679456  0.010646  0.576287 0.0177519
(1,(2,((((7,8),9),10),(11,12))),(3,((4,5),6))); -7701.38  -0.407856 79.8414 38.924 29.4563 -7771.35  0.24116 0.236116 0.201911 0.320813  0.0358937   0.310755  0.0684406   0.016682    0.56366 0.00456894
(1,(2,((((7,8),9),10),(11,12))),(3,((4,5),6))); -7820.3  -0.407856 75.5236 38.6314 28.4135 -7885.2 0.248508 0.232991 0.210321 0.308179 0.0502406  0.331929 0.0524477 0.0136559  0.539285 0.0124418
(1,(2,((((7,8),9),10),(11,12))),(3,((4,5),6))); -7701.42  -0.407856 85.4849 39.2916 24.8254 -7772.03 0.231535 0.238735  0.21602  0.31371  0.0307151   0.302671  0.0923779  0.0163662   0.550446 0.00742364
(1,(2,((((7,8),9),10),(11,12))),(3,((4,5),6))); -7710.63  -0.407856 78.6373 39.1672 28.0409 -7777.73 0.249294  0.23445 0.202727 0.313529     0.0503   0.332193   0.081297 0.00705518   0.522429 0.00672568
(1,(2,((((7,8),9),10),(11,12))),(3,((4,5),6))); -7699.64  -0.407856 85.5097 38.7381 30.6017 -7776.6 0.244748 0.233438 0.206377 0.315438  0.0475951   0.282897  0.0675047  0.0124235   0.583579 0.00600049
(1,(2,(((((7,8),9),10),11),12)),(3,((4,5),6))); -7699.56  -2.08563 84.6366 39.4346 28.1221 -7770.8 0.253856 0.225408 0.213018 0.307718 0.0509739  0.293518 0.0736499 0.0172842  0.551211 0.0133627
(1,(2,(((((7,8),9),10),12),11)),(3,((4,5),6))); -7692.82  -3.11482 78.4498 39.6533 29.0743 -7757.58 0.250118  0.23582 0.206803 0.307259  0.0369778   0.309372  0.0640034 0.00791518   0.568619  0.0131127
(1,(2,((((7,8),9),10),(11,12))),(3,((4,5),6))); -7701.47  -0.407856 79.9857 39.2951 25.5751 -7767.33 0.228233 0.244509 0.210004 0.317253 0.0404502  0.318513 0.0868589 0.0124632  0.527216 0.0144992
(1,(2,((((7,8),9),10),(11,12))),((3,6),(4,5))); -7751.91  -4.04866 89.6082 37.5524 28.124 -7828.04 0.254029 0.232986 0.190125  0.32286  0.0376611   0.320463  0.0736528  0.0143625   0.547845 0.00601544
(1,(2,((((7,8),9),10),(11,12))),(3,((4,5),6))); -7702.65  -0.407856 79.7311 38.8169 28.579 -7771.73 0.243676 0.229111 0.197192 0.330021 0.0374642  0.303916 0.0572925 0.0109782   0.57789  0.012459
(1,(2,((((7,8),9),10),(11,12))),(3,((4,5),6))); -7824.04  -0.407856 81.3077 38.6716 27.1449 -7893.41 0.262847 0.222329 0.203336 0.311488  0.058516  0.300188 0.0702971  0.016135  0.543011 0.0118523
(1,(2,((((7,8),9),10),(11,12))),(3,((4,5),6))); -7687.58  -0.407856 84.184 38.7077 29.9091 -7762.56 0.253005 0.232417 0.201034 0.313544  0.0486817    0.28429  0.0620046 0.00905633   0.588431 0.00753628
(1,(2,((((7,8),9),10),(11,12))),(3,((4,5),6))); -7695.17  -0.407856 81.8911 39.2291 25.8183 -7763.25 0.225455 0.251835 0.205508 0.317203  0.0472968   0.302426  0.0648288  0.0230415   0.554643 0.00776372
(1,2,((3,((4,5),6)),((((7,8),9),10),(11,12)))); -7747.91  -2.25071 81.6677 38.2665 28.6517 -7817.71 0.247978 0.241181 0.199553 0.311287  0.0405351   0.319027  0.0508551 0.00979356   0.567454  0.0123357
(1,(2,(((((7,8),9),10),12),11)),(3,((4,5),6))); -7688.35  -3.11482 77.2688 39.2379 29.6005 -7752.87 0.242082 0.232933  0.20465 0.320335 0.0409243  0.296746 0.0835128 0.0138249  0.559827 0.0051649
(1,(2,((((7,8),9),10),(11,12))),(3,((4,5),6))); -7799.01  -0.407856 73.7768 37.8814 27.4186 -7861.92 0.236868 0.233919 0.212496 0.316717  0.0349436   0.332586  0.0669613 0.00734182    0.54453  0.0136376
(1,(2,((((7,8),9),10),(11,12))),((3,(4,5)),6)); -7700.22  -5.09928 87.2803 38.8991 25.7594 -7769.26 0.255986 0.231959 0.190236  0.32182 0.0318138  0.287784 0.0707003  0.010916  0.583214 0.0155724
(1,(2,((((7,8),9),10),(11,12))),(3,((4,5),6))); -7710  -0.407856 75.9107 39.1965 26.8955 -7773.2 0.247598 0.253264 0.197013 0.302125  0.0458651   0.294534  0.0686855  0.0206869   0.560642 0.00958714
(1,(2,((((7,8),9),10),(11,12))),(3,((4,5),6))); -7693.88  -0.407856 84.9189 38.5662 23.6989 -7763.52  0.23168  0.23384 0.220718 0.313762   0.034222   0.300239  0.0592676  0.0242707   0.579011 0.00298994
(1,2,((3,((4,5),6)),(((((7,8),9),10),12),11))); -7703.39  -4.95767 81.0491 38.8416 28.2304 -7768.87 0.244433  0.22925 0.205765 0.320552  0.0332513   0.329893  0.0719471 0.00973806   0.551156 0.00401374
(1,(2,((((7,8),9),10),(11,12))),(3,((4,5),6))); -7730.48  -0.407856 88.6318 39.0385 30.1117 -7809.77 0.238992 0.236027 0.199071  0.32591 0.0465373   0.29445  0.059836 0.0147147  0.577562 0.0069006
(1,(2,(((((7,8),9),10),12),11)),(3,((4,5),6))); -7697.1  -3.11482 81.1709 38.7605 24.4079 -7760.8  0.24958 0.225632 0.192317 0.332471 0.0620785  0.317412  0.065134 0.0145989  0.522416 0.0183608
(1,(2,((((7,8),9),10),(11,12))),(3,((4,5),6))); -7706.88  -0.407856 85.6998 38.8922 27.0283 -7780.3 0.244249 0.229575  0.20237 0.323806 0.0336521   0.28484 0.0673203 0.0165395  0.579883 0.0177645
(1,(2,((((7,8),9),10),(11,12))),(3,((4,5),6))); -7693.88  -0.407856 81.607 38.9122 29.0011 -7765.17 0.251532 0.236809 0.203458 0.308201   0.035957   0.304856  0.0793298  0.0168274   0.553605 0.00942492
(1,(2,((((7,8),9),10),(11,12))),(3,((4,5),6))); -7685.01  -0.407856 85.616 38.8897 27.9909 -7759.32 0.229881 0.235482 0.208383 0.326254  0.0392245   0.279568  0.0654629  0.0107264   0.598233 0.00678551
(1,(2,((((7,8),9),10),(11,12))),(3,((4,5),6))); -7694.98  -0.407856 83.7487 39.0917 25.5179 -7764.75 0.241587 0.217537 0.220888 0.319989  0.0440158   0.340116  0.0528461 0.00886468   0.548146 0.00601168
(1,2,((3,((4,5),6)),(((((7,8),9),10),11),12))); -7706.62  -3.92849 80.8146 39.1324 26.9115 -7771.29 0.238792   0.2459 0.202884 0.312423 0.0455723  0.276642 0.0507968 0.0187957  0.597748 0.0104461
(1,(2,((((7,8),9),10),(11,12))),(3,((4,5),6))); -7727.46  -0.407856 83.7677 38.4788 28.5551 -7800.89 0.248546 0.237472  0.20082 0.313163  0.0538962   0.324926  0.0625011 0.00950415   0.533405   0.015767
(1,(2,((((7,8),9),10),(11,12))),(3,((4,5),6))); -7700.08  -0.407856 80.4304 39.3896 27.3237 -7768.04 0.252837 0.232813 0.201628 0.312722  0.0512623   0.346213   0.056556  0.0146792   0.527445 0.00384489
(1,2,((3,((4,5),6)),((((7,8),9),10),(11,12)))); -7729.98  -2.25071 87.0881 37.5476 29.6048 -7806.87 0.238396 0.241242 0.210403 0.309959  0.0498528   0.286298  0.0755495  0.0152924   0.563751 0.00925559
(1,(2,((((7,8),9),10),(11,12))),(3,((4,5),6))); -7724.5  -0.407856 71.6352 38.8976 29.9193 -7786.75  0.24832 0.237116 0.203277 0.311287 0.0466474  0.305885 0.0600391  0.015503  0.557662 0.0142635
(1,2,((3,((4,5),6)),((((7,8),9),10),(11,12)))); -7704  -2.25071 86.6041 38.4111 28.8026 -7778.75 0.234198 0.237114 0.205233 0.323455  0.0407359   0.323577  0.0540318  0.0160194       0.56 0.00563609
(1,(2,((((7,8),9),10),(11,12))),(3,((4,5),6))); -7705.92  -0.407856 81.9122 39.0589 24.926 -7773.3 0.248868 0.227501 0.214033 0.309598  0.0496677   0.279931    0.10101 0.00854455   0.556287 0.00455907
(1,(2,((((7,8),9),10),(11,12))),(3,((4,5),6))); -7705.71  -0.407856 83.8309 38.8652 25.2441 -7775.51 0.258506 0.232814 0.192686 0.315994 0.0430019  0.315088 0.0864659 0.0225514  0.522151 0.0107414
(1,(2,((((7,8),9),10),(11,12))),(3,((4,5),6))); -7700.04  -0.407856 80.794 39.2115 22.5554 -7763.77 0.225167  0.22783 0.215202 0.331801  0.062505  0.271523 0.0748044 0.0105659  0.562608 0.0179935
(1,(2,((((7,8),9),10),(11,12))),(3,((4,5),6))); -7722.68  -0.407856 87.1653 38.5204 29.2284 -7800.14 0.253783 0.225858 0.208423 0.311936  0.0523852   0.328852  0.0690125  0.0113386   0.530596 0.00781566
(1,(2,(((((7,8),9),10),12),11)),(3,((4,5),6))); -7687.91  -3.11482 82.0104 38.6215 24.3972 -7752.58 0.228348 0.252809  0.20616 0.312684  0.0556991   0.277304  0.0653141  0.0249371   0.570096 0.00664964
(1,(2,((((7,8),9),10),(11,12))),(3,((4,5),6))); -7775.33  -0.407856 82.1663 39.3454 28.2143 -7845.96 0.254627 0.232203 0.201446 0.311723 0.0484093  0.295801 0.0898077 0.0157635  0.540528 0.0096907
(1,2,((3,((4,5),6)),((((7,8),9),10),(11,12)))); -7700.04  -2.25071 87.4785 38.9474 29.1769 -7775.5 0.241961 0.236685 0.198602 0.322752  0.0475237    0.33672  0.0616169 0.00998391   0.533047  0.0111089
(1,(2,((((7,8),9),10),(11,12))),(3,((4,5),6))); -7708.64  -0.407856 79.9226 38.9313 24.2306 -7773.45 0.225764 0.236398 0.215716 0.322123  0.0461907   0.286317   0.055227 0.00466598   0.595572  0.0120275
(1,2,((3,((4,5),6)),((((7,8),9),10),(11,12)))); -7738.09  -2.25071 81.5851 38.8957 26.7742 -7805.3   0.2459  0.25107 0.193809 0.309222  0.0477619    0.34083  0.0634647  0.0125694   0.530729 0.00464487
(1,(2,((((7,8),9),10),(11,12))),(3,((4,5),6))); -7714.56  -0.407856 89.286 38.9787 27.6666 -7792.13 0.243577  0.22526 0.215412 0.315751 0.0423992   0.29437 0.0891773 0.0078568  0.558834 0.0073627
(1,(2,((((7,8),9),10),(11,12))),(3,((4,5),6))); -7710.64  -0.407856 80.4736 39.2189 27.7032 -7779.19 0.241179 0.230116 0.201944 0.326761 0.0408018  0.281569 0.0510214 0.0156039  0.599852 0.0111523
(1,(2,((((7,8),9),10),(11,12))),(3,((4,5),6))); -7695.62  -0.407856 79.4329 38.8853 27.4421 -7763.2 0.256487 0.225638 0.199948 0.317927 0.0545694  0.306457 0.0689766 0.0194013  0.535662 0.0149334
(1,(2,((((7,8),9),10),(11,12))),(3,((4,5),6))); -7693.98  -0.407856 80.8635 38.5249 30.4282 -7766.34 0.246466 0.235783 0.204522  0.31323  0.0535763   0.301361  0.0567269  0.0107763   0.571761 0.00579809
(1,(2,((((7,8),9),10),(11,12))),(3,((4,5),6))); -7686.7  -0.407856 87.3659 39.232 29.6992 -7764.13 0.252843  0.22549 0.210011 0.311656  0.0500713   0.300545  0.0643956  0.0166691   0.562727 0.00559156
(1,(2,((((7,8),9),10),(11,12))),(3,((4,5),6))); -7701.81  -0.407856 79.7035 38.9242 28.7823 -7770.97 0.242724 0.239729 0.206772 0.310775 0.0343367  0.285785 0.0779323 0.0106553  0.580771 0.0105189
(1,(2,(((((7,8),9),10),11),12)),(3,((4,5),6))); -7707.39  -2.08563 74.6603 38.7343 29.4563 -7770.69  0.25602 0.239823 0.195548 0.308608  0.0444899   0.307832  0.0671908  0.0148433   0.560103 0.00554085
(1,2,((3,((4,5),6)),((((7,8),9),10),(11,12)))); -7698.92  -2.25071 88.2483 39.0322 29.8497 -7775.73 0.246529 0.227098 0.212881 0.313492  0.0511874   0.313583  0.0545938  0.0123575   0.559878 0.00839986
(1,(2,(((((7,8),9),10),11),12)),(3,((4,5),6))); -7700.64  -2.08563 80.3448 39.0129 30.1401 -7770.02 0.249474 0.241541 0.196187 0.312799  0.0463037    0.29937  0.0592336   0.014694   0.572055 0.00834316
(1,2,((3,((4,5),6)),((((7,8),9),10),(11,12)))); -7720.47  -2.25071 81.7716 38.9888 28.3472 -7789.35 0.250316  0.23532 0.204699 0.309665  0.0520602   0.340858  0.0528843  0.0146551   0.532822 0.00672036
(1,(2,((((7,8),9),10),(11,12))),(3,((4,5),6))); -7739.68  -0.407856 77.5486 38.1921 27.1102 -7805.74 0.234389 0.227724 0.210516 0.327371 0.0582063  0.299162 0.0843983 0.0141218  0.532944 0.0111671
(1,2,((3,((4,5),6)),((((7,8),9),10),(11,12)))); -7717.95  -2.25071 82.0418 38.7982 25.7763 -7784.72 0.245905 0.230506  0.21234 0.311249 0.0379729  0.281118 0.0705474 0.0131127   0.57369 0.0235588
(1,2,((3,((4,5),6)),((((7,8),9),10),(11,12)))); -7727.46  -2.25071 88.1569 38.9863 29.6678 -7804.04 0.244725 0.221714 0.208892 0.324669  0.0474563   0.314118    0.06833 0.00927802    0.55111 0.00970762
(1,(2,((((7,8),9),10),(11,12))),(3,((4,5),6))); -7694.97  -0.407856 81.237 39.408 27.6491 -7764.04 0.234218 0.243119 0.199385 0.323277  0.0435986    0.32587  0.0720888 0.00875076   0.534837  0.0148547
(1,(2,((((7,8),9),10),(11,12))),(3,((4,5),6))); -7691.9  -0.407856 79.2223 39.3978 29.1894 -7760.51 0.247086 0.231624 0.215447 0.305843  0.0474654   0.313982  0.0760618 0.00907039   0.547711 0.00570939
(1,(2,((((7,8),9),10),(11,12))),(3,((4,5),6))); -7737.04  -0.407856 84.3042 38.5696 29.3695 -7811.74 0.238461 0.239572 0.210138 0.311829 0.0522996  0.301658 0.0609603 0.0176477  0.562874 0.0045608
(1,2,((3,((4,5),6)),(((((7,8),9),10),11),12))); -7706.04  -3.92849 78.4744 38.8532 29.3421 -7771.08 0.254479 0.236132 0.193508 0.315881  0.0383319   0.307357  0.0748306  0.0139265   0.558356 0.00719789
(1,2,((3,((4,5),6)),((((7,8),9),10),(11,12)))); -7701.86  -2.25071 80.673 39.2187 27.2077 -7768.27 0.240391 0.233355  0.20184 0.324414  0.0409443   0.325432  0.0499078 0.00573736   0.566208  0.0117703
(1,(2,((((7,8),9),10),(11,12))),(3,((4,5),6))); -7806.36  -0.407856 82.9051 39.0736 26.7213 -7876.5 0.259349 0.220572  0.19861 0.321468  0.0463407   0.308106  0.0560679 0.00882574   0.564563  0.0160963
(1,(2,((((7,8),9),10),(11,12))),(3,((4,5),6))); -7697.66  -0.407856 81.1932 38.6398 25.0528 -7764.86 0.247997 0.214721 0.207019 0.330262 0.0441902  0.284617 0.0517126 0.0173416  0.587831 0.0143077
(1,(2,((((7,8),9),10),(11,12))),(3,((4,5),6))); -7701.11  -0.407856 86.1475 38.4827 27.7795 -7776.15 0.257227 0.230952 0.208755 0.303066   0.03953  0.332383 0.0666797 0.0114068   0.53683 0.0131706
(1,(2,((((7,8),9),10),(11,12))),(3,((4,5),6))); -7712.61  -0.407856 84.1177 38.7368 28.5663 -7786.15  0.24896 0.224574 0.211772 0.314694 0.0426361  0.334697 0.0595915  0.010759  0.539624 0.0126925
(1,(2,((((7,8),9),10),(11,12))),(3,((4,5),6))); -7697.73  -0.407856 81.1064 38.9334 28.024 -7767.52 0.237735 0.229915 0.221936 0.310413  0.0423563   0.283905  0.0628018  0.0106126    0.59205 0.00827501
(1,2,((3,((4,5),6)),((((7,8),9),10),(11,12)))); -7773.73  -2.25071 90.0608 38.8982 29.2427 -7851.89 0.246112 0.224094 0.213039 0.316755  0.0479701   0.295673  0.0600523 0.00729333   0.581138 0.00787361
(1,(2,(((((7,8),9),10),12),11)),(3,((4,5),6))); -7692.11  -3.11482 79.4022 39.3559 28.2748 -7757.32 0.242063 0.233109 0.214898  0.30993  0.0633265   0.286667  0.0612661  0.0153683    0.56787 0.00550255
(1,(2,((((7,8),9),10),(11,12))),(3,((4,5),6))); -7700.8  -0.407856 85.07 39.2088 27.2029 -7773.45 0.260099 0.231926 0.198876   0.3091  0.0664054   0.302762  0.0699224  0.0118885   0.544343 0.00467809
(1,(2,((((7,8),9),10),(11,12))),(3,((4,5),6))); -7775.24  -0.407856 79.1389 38.7537 29.8296 -7845.05 0.247942 0.234156 0.197697 0.320205  0.0509585   0.299991  0.0572486  0.0105928   0.576632 0.00457745
(1,2,((3,((4,5),6)),((((7,8),9),10),(11,12)))); -7727.89  -2.25071 84.6032 38.6421 27.1813 -7798.78 0.249089 0.232479 0.195132   0.3233 0.0473208  0.275403  0.060002 0.0127732  0.586294 0.0182064
(1,2,((3,((4,5),6)),(((((7,8),9),10),11),12))); -7708.15  -3.92849 84.7499 38.8675 28.7964 -7778.9 0.254194 0.229412 0.205054 0.311339 0.0416535  0.291637 0.0604275 0.0200955  0.574243 0.0119433
(1,(2,(((((7,8),9),10),11),12)),(3,((4,5),6))); -7699.84  -2.08563 81.3938 39.3086 29.2198 -7769.06 0.246894 0.226934 0.197706 0.328466   0.047274   0.287706  0.0767398  0.0151327   0.563203 0.00994419
(1,(2,(((((7,8),9),10),11),12)),(3,((4,5),6))); -7707.94  -2.08563 78.6202 39.284 28.1196 -7773.31  0.25114 0.222975 0.200734  0.32515  0.0476143   0.315598  0.0521916   0.019367   0.556837 0.00839194
(1,(2,(((((7,8),9),10),11),12)),(3,((4,5),6))); -7704.98  -2.08563 79.8714 39.6425 29.3078 -7772.43 0.253187 0.235866  0.20099 0.309957  0.0596596   0.319129  0.0593324  0.0132896   0.541272 0.00731691
(1,(2,((((7,8),9),10),(11,12))),(3,((4,5),6))); -7704.67  -0.407856 89.4068 38.6091 29.2245 -7784.29 0.245518 0.235544 0.208214 0.310723 0.0446492  0.288692 0.0810397 0.0178179  0.556232 0.0115688
(1,(2,((((7,8),9),10),(11,12))),(3,((4,5),6))); -7708.71  -0.407856 88.6921 38.982 29.0773 -7787.09 0.250975 0.221154 0.204357 0.323514  0.0483685   0.313855   0.055156  0.0112208   0.565971 0.00542854
(1,(2,((((7,8),9),10),(11,12))),(3,((4,5),6))); -7699.35  -0.407856 82.8765 38.801 28.7881 -7771.8 0.253107 0.232287 0.196346  0.31826 0.0524643  0.298349 0.0545938 0.0122122  0.568076 0.0143046
(1,2,((3,((4,5),6)),((((7,8),9),10),(11,12)))); -7700.61  -2.25071 84.474 38.9386 28.5972 -7772.49 0.245759 0.238817 0.190281 0.325143  0.0499679   0.281322  0.0663005  0.0133104   0.583349 0.00575048
(1,2,((3,((4,5),6)),((((7,8),9),10),(11,12)))); -7750.23  -2.25071 83.4767 38.8598 22.7637 -7815.36 0.271961 0.235743 0.189667  0.30263  0.0440257   0.346961  0.0567157 0.00853809   0.537376 0.00638273
(1,(2,((((7,8),9),10),(11,12))),(3,((4,5),6))); -7717.59  -0.407856 81.7299 38.8954 26.1894 -7786.2 0.251166 0.227048 0.204401 0.317384  0.0665949   0.260798  0.0671357 0.00851228   0.590647 0.00631251
(1,(2,(((((7,8),9),10),11),12)),(3,((4,5),6))); -7705.83  -2.08563 74.2624 38.4577 28.4353 -7767.98 0.257613 0.233115 0.205414 0.303858  0.0537985   0.310237  0.0614837  0.0198794   0.546353 0.00824813
(1,(2,((((7,8),9),10),(11,12))),(3,((4,5),6))); -7754.5  -0.407856 80.1899 38.9538 28.8737 -7824.2 0.245433 0.237503 0.200598 0.316466 0.0528517  0.300786 0.0771871 0.0140671  0.539155  0.015953
(1,(2,(((((7,8),9),10),11),12)),(3,((4,5),6))); -7702.38  -2.08563 79.7324 38.9438 29.6565 -7770.74 0.257153 0.231426 0.203029 0.308392 0.0490679   0.29282 0.0742387 0.0106379  0.562293 0.0109421
(1,(2,(((((7,8),9),10),11),12)),(3,((4,5),6))); -7706.4  -2.08563 76.9876 38.4365 26.8573 -7769.73 0.264216 0.222752 0.197935 0.315097  0.0514364   0.303133  0.0798157 0.00929579   0.551717 0.00460242
(1,(2,((((7,8),9),10),(11,12))),((3,6),(4,5))); -7812.67  -4.04866 79.0471 39.1538 20.7245 -7869.24  0.22298 0.240092 0.226037 0.310892 0.0653511  0.305819 0.0495314 0.0154913  0.547911 0.0158961
(1,(2,((((7,8),9),10),(11,12))),(3,((4,5),6))); -7691.91  -0.407856 81.497 39.1347 28.4482 -7762.31 0.245202  0.24309 0.209956 0.301752  0.0587993   0.293696  0.0561768  0.0106974   0.571502 0.00912816
(1,(2,((((7,8),9),10),(11,12))),(3,((4,5),6))); -7703.14  -0.407856 77.5643 38.7678 24.6834 -7766.21 0.243068 0.243505  0.21016 0.303268   0.05152  0.331129 0.0500029 0.0120486    0.5346 0.0206991
(1,(2,((((7,8),9),10),(11,12))),(3,((4,5),6))); -7711.15  -0.407856 83.8084 38.2802 26.2313 -7782.5 0.256485 0.228682 0.198658 0.316175  0.0524755   0.331349   0.057301  0.0245756   0.525137 0.00916121
(1,(2,((((7,8),9),10),(11,12))),(3,((4,5),6))); -7693.83  -0.407856 76.9795 38.7997 28.7527 -7760.35 0.254049  0.23938 0.194369 0.312202 0.0443394   0.30334 0.0662259 0.0149598   0.55593 0.0152048
(1,2,((3,((4,5),6)),((((7,8),9),10),(11,12)))); -7695.67  -2.25071 81.0758 38.3694 29.1005 -7765.22 0.240449 0.245314 0.201635 0.312602 0.0361411  0.312104 0.0664854 0.0173236  0.557432 0.0105142
(1,(2,((((7,8),9),10),(11,12))),(3,((4,5),6))); -7713.38  -0.407856 74.979 38.4749 27.95 -7777.43 0.230027  0.23367  0.21843 0.317873 0.0518858  0.305504 0.0545589 0.0119288  0.565322 0.0108006
(1,2,((3,((4,5),6)),((((7,8),9),10),(11,12)))); -7738.21  -2.25071 81.4057 38.535 27.2736 -7806.1 0.239024 0.234148 0.206126 0.320702  0.0340678   0.293577  0.0722069 0.00719024   0.576109  0.0168485
(1,(2,((((7,8),9),10),(11,12))),(3,((4,5),6))); -7711.92  -0.407856 83.0659 39.0281 29.2954 -7784.85  0.24369 0.237729 0.208002 0.310579  0.0488578   0.325101  0.0693618 0.00757013    0.54478 0.00432886
(1,(2,((((7,8),9),10),(11,12))),(3,((4,5),6))); -7728.8  -0.407856 83.6587 38.4384 29.0191 -7802.63 0.240667 0.230268 0.199352 0.329712   0.045556    0.28245   0.076734  0.0114931   0.578426 0.00534142
(1,(2,((((7,8),9),10),(11,12))),(3,((4,5),6))); -7761.49  -0.407856 78.4466 38.943 30.0733 -7830.66  0.24415 0.230775 0.208769 0.316306  0.0611375   0.306423  0.0627531  0.0112733   0.550747 0.00766617
(1,2,((3,((4,5),6)),((((7,8),9),10),(11,12)))); -7806.58  -2.25071 78.2052 38.5254 29.8415 -7873.85  0.24496  0.24628 0.199792 0.308968  0.0450038   0.292249  0.0748209  0.0124076   0.568377 0.00714221
(1,(2,(((((7,8),9),10),11),12)),(3,((4,5),6))); -7707.96  -2.08563 79.3301 39.0787 29.1491 -7775.27 0.249822 0.239621 0.195997 0.314559  0.0413249    0.33112  0.0610689  0.0133378    0.54852 0.00462802
(1,(2,(((((7,8),9),10),11),12)),(3,((4,5),6))); -7705.47  -2.08563 79.3316 39.1658 28.6456 -7772.2 0.240089 0.234889 0.211338 0.313684  0.0544851   0.319775  0.0611631  0.0105029   0.551111 0.00296348
(1,(2,((((7,8),9),10),(11,12))),(3,((4,5),6))); -7709.97  -0.407856 87.4027 38.5859 28.6849 -7787.07 0.248877 0.230563 0.203749 0.316811  0.0465618     0.2654  0.0771542  0.0106023    0.59374 0.00654242
(1,(2,((((7,8),9),10),(11,12))),(3,((4,5),6))); -7711.59  -0.407856 87.0912 38.8876 26.6443 -7786.03 0.246971 0.233897 0.199862  0.31927 0.0542524  0.298787 0.0857607 0.0184717  0.526305 0.0164234
(1,2,((3,((4,5),6)),((((7,8),9),10),(11,12)))); -7746.28  -2.25071 77.926 38.6699 27.4691 -7810.76 0.232665 0.237431 0.211319 0.318584 0.0527505  0.318391 0.0701008 0.0124874  0.529034 0.0172358
(1,2,((3,((4,5),6)),((((7,8),9),10),(11,12)))); -7724.33  -2.25071 82.3814 37.6969 27.9911 -7794.75 0.233053 0.237525  0.19905 0.330372  0.0526587   0.299346  0.0543128 0.00978921   0.571543  0.0123507
(1,(2,((((7,8),9),10),(11,12))),(3,((4,5),6))); -7718.41  -0.407856 79.5552 39.6645 26.205 -7784.1  0.24267  0.22201 0.208282 0.327038   0.067039   0.324025  0.0729705  0.0132991   0.516671 0.00599504
(1,2,((3,((4,5),6)),((((7,8),9),10),(11,12)))); -7704.29  -2.25071 81.9232 39.0651 28.5261 -7773.42  0.25011 0.232845 0.204809 0.312236 0.0583059  0.296237 0.0730952  0.021572  0.545057 0.0057334
(1,(2,((((7,8),9),10),(11,12))),(3,((4,5),6))); -7687.64  -0.407856 86.4111 38.9052 28.9961 -7763.73 0.250835 0.238243 0.194783 0.316139  0.0595656   0.287583   0.058262  0.0129994   0.574584 0.00700577
(1,(2,((((7,8),9),10),(11,12))),(3,((4,5),6))); -7718.11  -0.407856 83.2937 39.2871 26.2333 -7787.94 0.237045 0.235392 0.214817 0.312747 0.0421417  0.318648 0.0809408 0.0249651  0.527259 0.0060451
(1,(2,(((((7,8),9),10),11),12)),(3,((4,5),6))); -7701.91  -2.08563 79.7716 39.0402 28.4888 -7769.05 0.238791 0.245852 0.206364 0.308993 0.0472957  0.319168  0.054467  0.010874  0.554153 0.0140425
(1,(2,((((7,8),9),10),(11,12))),(3,((4,5),6))); -7722.82  -0.407856 81.1697 38.1916 25.3087 -7790.7    0.239 0.249041 0.196678 0.315281  0.046944  0.289534 0.0660742 0.0121602  0.561132  0.024155
(1,(2,(((((7,8),9),10),11),12)),(3,((4,5),6))); -7712.02  -2.08563 77.3051 39.1654 26.059 -7774.14   0.2376 0.241105 0.213361 0.307933 0.0636186  0.301697 0.0787023  0.020718  0.525203  0.010061
(1,2,((3,((4,5),6)),(((((7,8),9),10),11),12))); -7719.79  -3.92849 92.1723 38.5127 28.0382 -7797.56 0.242963 0.229669 0.207893 0.319475  0.0354734    0.29354   0.069511  0.0216629   0.575459 0.00435287
(1,(2,((((7,8),9),10),(11,12))),(3,((4,5),6))); -7693.54  -0.407856 89.0536 38.4564 30.245 -7773.98 0.246517 0.237335 0.206062 0.310086  0.059442   0.29962 0.0650748 0.0126147  0.556793 0.0064554
(1,(2,(((((7,8),9),10),11),12)),(3,((4,5),6))); -7711.51  -2.08563 77.9415 39.2861 24.7607 -7772.84 0.252036   0.2277 0.206336 0.313928  0.0608941   0.311722  0.0672621  0.0308926   0.522167 0.00706239
(1,(2,((((7,8),9),10),(11,12))),(3,((4,5),6))); -7728.5  -0.407856 86.4913 39.1494 30.07 -7805.51 0.246647 0.245453  0.19748  0.31042  0.0492542   0.303067   0.065435 0.00942847   0.565152  0.0076637
(1,(2,((((7,8),9),10),(11,12))),(3,((4,5),6))); -7705.77  -0.407856 81.0893 39.0866 24.6165 -7771.98 0.235302 0.235804 0.211872 0.317022  0.0644148    0.29832  0.0895097  0.0217083   0.517399 0.00864836
(1,(2,((((7,8),9),10),(11,12))),(3,((4,5),6))); -7690  -0.407856 84.3289 38.738 28.0259 -7763.21 0.246253  0.22861 0.206378 0.318759  0.0578662   0.270125  0.0836568  0.0154609   0.565328 0.00756324
(1,(2,((((7,8),9),10),(11,12))),(3,((4,5),6))); -7717.31  -0.407856 87.8913 38.8295 25.4017 -7791.36 0.233185 0.241221 0.212597 0.312997 0.0696577  0.296793 0.0541253 0.0153104  0.549438  0.014676
(1,(2,((((7,8),9),10),(11,12))),(3,((4,5),6))); -7693.64  -0.407856 88.6912 38.7199 29.8503 -7773.05  0.24691 0.235077 0.194078 0.323935  0.0552835   0.298259  0.0696905  0.0140272   0.555631 0.00710858
(1,(2,((((7,8),9),10),(11,12))),(3,((4,5),6))); -7696.32  -0.407856 79.2212 39.0396 28.1321 -7764.22 0.246146 0.227916 0.202187 0.323751  0.0433398   0.275544  0.0728357  0.0164024   0.588282 0.00359572
(1,(2,(((((7,8),9),10),12),11)),(3,((4,5),6))); -7686.83  -3.11482 77.6304 38.9838 29.1967 -7751.55 0.248663 0.230249 0.216008  0.30508 0.0501457  0.302007 0.0739079 0.0126437  0.556375  0.004921
(1,2,((3,((4,5),6)),((((7,8),9),10),(11,12)))); -7700.18  -2.25071 86.9007 38.996 23.0651 -7768.9 0.245477 0.233569 0.198562 0.322392  0.0347747    0.28176  0.0586387 0.00574755   0.594686  0.0243935
(1,(2,((((7,8),9),10),(11,12))),(3,((4,5),6))); -7770.08  -0.407856 80.8388 38.956 28.7742 -7840.33 0.246797 0.238379 0.191795 0.323028  0.0395219   0.326447  0.0611966 0.00907752   0.553365  0.0103916
(1,(2,(((((7,8),9),10),11),12)),(3,((4,5),6))); -7694.55  -2.08563 85.3264 38.7465 30.0076 -7769.06 0.245771 0.233288 0.212108 0.308833  0.0491009   0.297844  0.0614998  0.0183536   0.565728 0.00747409
(1,(2,((((7,8),9),10),(11,12))),(3,((4,5),6))); -7755.11  -0.407856 81.7757 38.7207 28.0346 -7825.79 0.248001 0.237415 0.203094  0.31149  0.0570637   0.306192   0.067486  0.0102708   0.556817 0.00217099
(1,2,((3,((4,5),6)),(((((7,8),9),10),11),12))); -7708.93  -3.92849 76.827 39.4789 27.8325 -7770.19 0.250958 0.234941 0.201846 0.312255  0.0604133   0.306563  0.0575181 0.00661383    0.55461  0.0142818
(1,(2,((((7,8),9),10),(11,12))),(3,((4,5),6))); -7720.17  -0.407856 83.5026 38.7711 25.3859 -7789.88 0.234194 0.233606 0.210199 0.322001 0.0320029  0.298116 0.0793558 0.0135748  0.556678 0.0202722
(1,(2,((((7,8),9),10),(11,12))),(3,((4,5),6))); -7697.54  -0.407856 82.8061 39.3326 25.7327 -7766.34 0.244248 0.252737 0.204156 0.298859  0.0440394   0.289507   0.066116 0.00687412   0.577746  0.0157172
(1,(2,((((7,8),9),10),(11,12))),(3,((4,5),6))); -7704.45  -0.407856 81.5455 39.1528 27.5164 -7773.95  0.23769 0.246762 0.205941 0.309607 0.0505752  0.270073 0.0641372 0.0192345   0.58557 0.0104107
(1,(2,((((7,8),9),10),(11,12))),(3,((4,5),6))); -7692.97  -0.407856 76.4537 38.6316 30.3073 -7760.7 0.242896 0.233518 0.202907 0.320679  0.0560445   0.306417  0.0672676  0.0149284    0.55005 0.00529304
(1,2,((3,((4,5),6)),((((7,8),9),10),(11,12)))); -7701.3  -2.25071 82.4146 39.2577 29.0823 -7771.29 0.246423 0.239985 0.195083  0.31851  0.0537071   0.313781  0.0547815 0.00902427   0.563475 0.00523133
(1,(2,((((7,8),9),10),(11,12))),(3,((4,5),6))); -7882.32  -0.407856 80.875 38.9694 29.7927 -7953.62 0.240821 0.228731 0.211934 0.318515  0.0479994   0.289511  0.0583049 0.00940574   0.587587 0.00719245
(1,(2,(((((7,8),9),10),11),12)),(3,((4,5),6))); -7710.7  -2.08563 81.5332 38.6266 19.826 -7771.35 0.228442 0.257392 0.216048 0.298118 0.0262698  0.315471 0.0729505 0.0128519  0.557258 0.0151987
(1,(2,((((7,8),9),10),(11,12))),(3,((4,5),6))); -7704.09  -0.407856 85.1048 39.0957 25.1094 -7774.8 0.220285 0.242189 0.204961 0.332564   0.042629   0.280748  0.0792705   0.012471   0.577028 0.00785416
(1,(2,((((7,8),9),10),(11,12))),(3,((4,5),6))); -7700.25  -0.407856 85.2552 39.3968 22.7281 -7768.43 0.260214  0.21902 0.210772 0.309995  0.0444058   0.258089  0.0929734  0.0136348   0.586711 0.00418602
(1,(2,((((7,8),9),10),(11,12))),(3,((4,5),6))); -7708.97  -0.407856 80.7298 39.1535 29.7467 -7779.89 0.247881 0.222907 0.210221 0.318992  0.0459719   0.316439  0.0588306  0.0086904   0.562007 0.00806133
(1,(2,((((7,8),9),10),(11,12))),(3,((4,5),6))); -7700.44  -0.407856 76.4596 39.3857 27.5862 -7764.69 0.253626 0.223836 0.200256 0.322282  0.0604008   0.330445  0.0588127  0.0141209   0.530263 0.00595785
(1,(2,((((7,8),9),10),(11,12))),(3,((4,5),6))); -7698.02  -0.407856 81.2492 38.9814 28.9497 -7768.83 0.239629 0.233143 0.212204 0.315024  0.054531  0.290313 0.0623406 0.0191524  0.561216 0.0124468
(1,(2,(((((7,8),9),10),11),12)),(3,((4,5),6))); -7706.27  -2.08563 76.06 38.9633 29.9344 -7771.22 0.236451  0.24004 0.202522 0.320986  0.0509264   0.321206  0.0576008    0.01212   0.548881 0.00926536
(1,(2,(((((7,8),9),10),12),11)),(3,((4,5),6))); -7689.28  -3.11482 77.381 38.706 29.6087 -7754.45 0.243393 0.247815 0.200892   0.3079  0.0503101    0.30352  0.0733444  0.0104854   0.552697 0.00964332
(1,(2,(((((7,8),9),10),11),12)),(3,((4,5),6))); -7715.57  -2.08563 75.1499 39.1133 25.5572 -7775.08  0.24581 0.233522  0.20453 0.316138 0.0524615  0.344723 0.0528146 0.0235871   0.51481 0.0116035
(1,2,((3,((4,5),6)),((((7,8),9),10),(11,12)))); -7710.98  -2.25071 83.3124 38.2916 26.9839 -7780.73 0.247671 0.247207 0.200012  0.30511  0.0545465    0.26466  0.0774091  0.0157387   0.578758 0.00888854
(1,(2,((((7,8),9),10),(11,12))),(3,((4,5),6))); -7695.75  -0.407856 76.2041 38.4919 28.5597 -7761.61 0.248688 0.239857 0.195933 0.315522   0.039484   0.283408   0.059795  0.0081663   0.601948 0.00719877
(1,(2,(((((7,8),9),10),11),12)),(3,((4,5),6))); -7704.06  -2.08563 80.3308 38.7758 28.999 -7772.53 0.251651 0.236579 0.198457 0.313313  0.0556524   0.326245  0.0566155 0.00929157   0.546884 0.00531196
(1,(2,((((7,8),9),10),(11,12))),(3,((4,5),6))); -7718.79  -0.407856 76.0209 38.8538 21.0812 -7776.63 0.232938 0.220262 0.214687 0.332114 0.0376157   0.25774 0.0836269 0.0236202  0.584279 0.0131189
(1,2,((3,((4,5),6)),(((((7,8),9),10),11),12))); -7722.76  -3.92849 79.8036 38.5572 25.8757 -7785.96 0.261146 0.230462 0.197909 0.310482  0.0385376   0.270341  0.0700207 0.00866882   0.597388  0.0150437
(1,(2,(((((7,8),9),10),11),12)),(3,((4,5),6))); -7707.62  -2.08563 76.3423 38.8725 28.2681 -7771.27 0.248972 0.241305 0.194501 0.315221 0.0445501  0.317811 0.0741446   0.01747  0.532415 0.0136095
(1,(2,((((7,8),9),10),(11,12))),(3,((4,5),6))); -7718.64  -0.407856 85.679 38.9287 29.821 -7794.81 0.248654 0.234601 0.199492 0.317253 0.0504672  0.317142  0.067076 0.0111272  0.540031 0.0141568
(1,(2,(((((7,8),9),10),12),11)),(3,((4,5),6))); -7696.79  -3.11482 73.4995 38.8368 28.3623 -7756.7 0.241832 0.230699 0.213138 0.314331 0.0524898  0.291234 0.0715373 0.0156092  0.552033 0.0170968
(1,(2,(((((7,8),9),10),11),12)),(3,((4,5),6))); -7714.12  -2.08563 74.8537 38.6506 26.4207 -7774.66 0.230828 0.239028 0.211871 0.318273  0.0318496   0.323949  0.0604731  0.0201888   0.558067 0.00547199
(1,(2,(((((7,8),9),10),11),12)),(3,((4,5),6))); -7717.05  -2.08563 82.4091 38.9038 20.2855 -7778.75 0.256702 0.242096 0.207225 0.293977  0.0499783   0.266542  0.0430007  0.0236279   0.611384 0.00546661
(1,(2,((((7,8),9),10),(11,12))),(3,((4,5),6))); -7687.03  -0.407856 85.9012 38.8471 28.0412 -7761.72 0.247302 0.225602 0.196139 0.330957   0.043336    0.27479  0.0644314  0.0108703   0.598055 0.00851667
(1,(2,((((7,8),9),10),(11,12))),(3,((4,5),6))); -7710.34  -0.407856 89.1364 38.567 27.6352 -7788.13  0.24443 0.226988 0.205788 0.322794  0.0446548   0.354268  0.0556164  0.0130243    0.52451 0.00792616
(1,2,((3,((4,5),6)),((((7,8),9),10),(11,12)))); -7732.25  -2.25071 89.6287 38.6874 24.4922 -7805.43 0.225029 0.245642 0.200953 0.328376 0.0575987  0.267353 0.0760101 0.0136784  0.571777 0.0135824
(1,(2,((((7,8),9),10),(11,12))),(3,((4,5),6))); -7702.97  -0.407856 77.3528 38.8265 27.6353 -7768.73  0.26254 0.230323 0.199363 0.307773 0.0478553  0.306445  0.068353 0.0202522  0.545133 0.0119617
(1,(2,((((7,8),9),10),(11,12))),(3,((4,5),6))); -7703.91  -0.407856 86.3564 38.2474 30.7114 -7782.32 0.249263 0.231601   0.2028 0.316336  0.0406633   0.294433  0.0677489 0.00984408   0.579874  0.0074358
(1,(2,((((7,8),9),10),(11,12))),((3,(4,5)),6)); -7845.82  -5.09928 80.9262 35.7073 28.6544 -7914.59 0.251632 0.226388 0.202321 0.319659  0.0406685   0.310229  0.0632785 0.00893509   0.560246  0.0166424
(1,(2,(((((7,8),9),10),11),12)),(3,((4,5),6))); -7709.66  -2.08563 75.5325 39.2511 26.0221 -7769.88 0.250411 0.224158 0.210092 0.315339 0.0677795  0.330997 0.0629004 0.0107083   0.51525 0.0123655
(1,(2,((((7,8),9),10),(11,12))),(3,((4,5),6))); -7756.69  -0.407856 75.5701 39.4715 29.0111 -7821.39 0.253989  0.23424 0.197279 0.314492 0.0409222  0.302162 0.0624172 0.0203908  0.562831 0.0112764
(1,(2,((((7,8),9),10),(11,12))),(3,((4,5),6))); -7687.94  -0.407856 83.5806 38.9293 28.4537 -7760.64 0.242056 0.226439 0.200885  0.33062  0.0385462   0.289804  0.0719029 0.00759596     0.5824 0.00975085
(1,(2,((((7,8),9),10),(11,12))),(3,((4,5),6))); -7707.91  -0.407856 82.0737 38.4177 27.7496 -7778.9 0.246258 0.230165 0.216558 0.307019 0.0437443  0.311458 0.0619939 0.0202639  0.547962 0.0145774
(1,(2,((((7,8),9),10),(11,12))),(3,((4,5),6))); -7696.74  -0.407856 82.3896 39.0196 28.4087 -7768.11 0.247862 0.228397 0.217043 0.306699  0.0427824   0.293388  0.0733282 0.00712819    0.57272  0.0106538
