tree logl logTop logBL logPrior logQ logWt pi1 pi2 pi3 pi4 s1 s2 s3 s4 s5 s6
(1,2,((3,((4,5),6)),(((((7,8),9),10),11),12))); -7953.97  -1.22773 81.0256 36.1796 0 -7997.59 0.267518 0.241712 0.160894 0.329875 0.0544655   0.23942 0.0928541 0.0227413  0.563412 0.0271067
(1,2,((3,((4,5),6)),(((((7,8),9),10),11),12))); -7760.58  -1.22773 81.2574 38.4304 0 -7802.18 0.267518  0.24171 0.160896 0.329876  0.054467  0.239421 0.0928504 0.0227395  0.563417 0.0271058
(1,2,((3,((4,5),6)),(((((7,8),9),10),12),11))); -7731.8  -1.5764 81.0686 39.0299 0 -7772.26 0.267518 0.241711 0.160896 0.329875 0.0544649  0.239422 0.0928507 0.0227435  0.563413  0.027106
(1,2,((3,((4,5),6)),(((((7,8),9),10),11),12))); -7755.89  -1.22773 79.8983 38.9943 0 -7795.56 0.267517 0.241712 0.160896 0.329875 0.0544723  0.239415 0.0928546 0.0227383  0.563413 0.0271063
(1,2,((3,((4,5),6)),((((7,8),9),10),(11,12)))); -7761.28  -1.33022 87.7677 38.264 0 -7809.45 0.267518 0.241712 0.160895 0.329874 0.0544648  0.239408 0.0928558 0.0227418  0.563425 0.0271042
(1,2,(((3,6),(4,5)),(((((7,8),9),10),11),12))); -7755.38  -3.61253 86.9707 38.7932 0 -7799.95 0.267517 0.241712 0.160896 0.329875 0.0544669  0.239421 0.0928535 0.0227383  0.563414  0.027106
(1,2,((3,((4,5),6)),(((((7,8),9),10),12),11))); -7730.85  -1.5764 76.0721 38.6617 0 -7766.68 0.267518 0.241711 0.160895 0.329875 0.0544645   0.23942 0.0928502 0.0227411  0.563417 0.0271078
(1,2,((3,((4,5),6)),((((7,8),9),10),(11,12)))); -7757.18  -1.33022 77.049 39.1687 0 -7793.73 0.267518 0.241711 0.160896 0.329875 0.0544641   0.23942 0.0928521 0.0227399  0.563418 0.0271057
(1,2,((3,((4,5),6)),(((((7,8),9),10),12),11))); -7861.65  -1.5764 85.7765 38.9144 0 -7906.94 0.267517 0.241712 0.160895 0.329875 0.0544675   0.23942 0.0928474  0.022741   0.56342 0.0271036
(1,2,((3,((4,5),6)),((((7,8),9),10),(11,12)))); -7764.37  -1.33022 81.8221 38.005 0 -7806.85 0.267517 0.241712 0.160895 0.329875 0.0544645  0.239419 0.0928534 0.0227419  0.563418 0.0271036
(1,2,((3,((4,5),6)),(((((7,8),9),10),12),11))); -7739.56  -1.5764 84.4075 38.8863 0 -7783.51 0.267518 0.241712 0.160896 0.329875 0.0544652  0.239426 0.0928554   0.02274  0.563409  0.027105
(1,2,((3,((4,5),6)),(((((7,8),9),10),11),12))); -7768.02  -1.22773 74.4753 38.0719 0 -7803.2 0.267518 0.241711 0.160896 0.329875 0.0544667  0.239415 0.0928526 0.0227411  0.563418 0.0271063
(1,2,((3,((4,5),6)),(((((7,8),9),10),12),11))); -7756.61  -1.5764 77.3906 38.3456 0 -7794.08 0.267518 0.241711 0.160895 0.329875 0.0544641  0.239411 0.0928526 0.0227389  0.563422 0.0271113
(1,2,((3,((4,5),6)),((((7,8),9),10),(11,12)))); -7758.34  -1.33022 76.3925 38.5871 0 -7794.82 0.267518 0.241712 0.160895 0.329876 0.0544643  0.239412 0.0928567 0.0227408  0.563422 0.0271043
(1,2,((3,((4,5),6)),(((((7,8),9),10),12),11))); -7762.08  -1.5764 84.1697 39.0158 0 -7805.65 0.267519 0.241712 0.160896 0.329874 0.0544645  0.239426 0.0928526 0.0227397  0.563412 0.0271057
(1,(2,((((7,8),9),10),(11,12))),(3,((4,5),6))); -7741.11  -3.38889 81.4242 38.9233 0 -7780.22 0.267517 0.241712 0.160896 0.329876 0.0544628  0.239413 0.0928567 0.0227423  0.563419 0.0271062
(1,2,((3,((4,5),6)),(((((7,8),9),10),12),11))); -7732.74  -1.5764 77.7893 38.976 0 -7769.98 0.267518 0.241712 0.160895 0.329876 0.0544659  0.239425 0.0928469  0.022741  0.563416 0.0271053
(1,2,((3,((4,5),6)),(((((7,8),9),10),12),11))); -7727.54  -1.5764 84.9337 39.6425 0 -7771.25 0.267518 0.241712 0.160895 0.329876 0.0544667  0.239421 0.0928532 0.0227424  0.563412 0.0271048
(1,2,(((3,(4,5)),6),(((((7,8),9),10),11),12))); -7743.52  -4.17349 85.2381 38.7976 0 -7785.79 0.267518 0.241712 0.160896 0.329875 0.0544678   0.23942 0.0928545 0.0227435  0.563407 0.0271079
(1,2,((3,((4,5),6)),(((((7,8),9),10),12),11))); -7739.18  -1.5764 88.3385 39.1217 0 -7786.82 0.267517 0.241712 0.160895 0.329876 0.0544651  0.239416 0.0928522 0.0227393  0.563423 0.0271047
(1,2,((3,((4,5),6)),((((7,8),9),10),(11,12)))); -7732.53  -1.33022 85.0908 39.3566 0 -7776.93 0.267518 0.241712 0.160895 0.329875 0.0544675  0.239414 0.0928532 0.0227417  0.563418 0.0271051
(1,2,((3,((4,5),6)),(((((7,8),9),10),11),12))); -7768  -1.22773 86.2902 38.6357 0 -7814.43 0.267518 0.241712 0.160895 0.329875 0.0544625  0.239419 0.0928515 0.0227413  0.563421 0.0271053
(1,2,((3,((4,5),6)),(((((7,8),9),10),11),12))); -7751.49  -1.22773 79.9439 39.098 0 -7791.11 0.267517 0.241712 0.160896 0.329876  0.054466  0.239419 0.0928496  0.022741  0.563419 0.0271057
(1,2,((3,((4,5),6)),(((((7,8),9),10),11),12))); -7796.38  -1.22773 82.2908 38.911 0 -7838.53 0.267518 0.241711 0.160896 0.329876 0.0544679  0.239419 0.0928514 0.0227395  0.563417 0.0271056
(1,2,((3,((4,5),6)),((((7,8),9),10),(11,12)))); -7754.67  -1.33022 79.8932 37.6678 0 -7795.57 0.267518 0.241712 0.160895 0.329875 0.0544683  0.239419 0.0928512 0.0227377  0.563416 0.0271078
(1,2,((3,((4,5),6)),(((((7,8),9),10),11),12))); -7737.9  -1.22773 81.1891 39.1848 0 -7778.67 0.267517 0.241712 0.160895 0.329876 0.0544694  0.239419 0.0928486 0.0227418  0.563414 0.0271074
(1,2,((3,((4,5),6)),(((((7,8),9),10),12),11))); -7742.97  -1.5764 81.2451 38.9295 0 -7783.7 0.267518 0.241712 0.160895 0.329875 0.0544659  0.239426 0.0928515 0.0227385  0.563413 0.0271054
(1,2,((3,((4,5),6)),((((7,8),9),10),(11,12)))); -8179.86  -1.33022 83.6382 38.0725 0 -8224.09 0.267517 0.241712 0.160895 0.329875 0.0544652  0.239418 0.0928529 0.0227429  0.563416 0.0271048
(1,(2,(((((7,8),9),10),11),12)),(3,((4,5),6))); -7735.66  -3.2864 82.4125 39.1177 0 -7775.67 0.267518 0.241712 0.160895 0.329875 0.0544661   0.23942 0.0928519 0.0227412  0.563415 0.0271054
(1,2,((3,((4,5),6)),(((((7,8),9),10),11),12))); -7734.93  -1.22773 83.5277 38.8199 0 -7778.41 0.267518 0.241712 0.160895 0.329875 0.0544647  0.239421 0.0928497 0.0227406  0.563419 0.0271057
(1,2,((3,((4,5),6)),((((7,8),9),10),(11,12)))); -7744.94  -1.33022 82.7288 39.2207 0 -7787.12 0.267518 0.241712 0.160895 0.329875 0.0544613  0.239421 0.0928472 0.0227408  0.563424 0.0271062
(1,2,((3,((4,5),6)),((((7,8),9),10),(11,12)))); -7828.9  -1.33022 89.3692 38.7449 0 -7878.2 0.267517 0.241712 0.160896 0.329876 0.0544674  0.239417 0.0928506 0.0227399  0.563421 0.0271039
(1,(2,(((((7,8),9),10),12),11)),(3,((4,5),6))); -7726.14  -3.63507 81.2737 38.8112 0 -7764.97 0.267518 0.241712 0.160895 0.329875 0.0544664  0.239418 0.0928568 0.0227409  0.563411 0.0271074
(1,2,((3,((4,5),6)),(((((7,8),9),10),11),12))); -7773.15  -1.22773 89.4971 38.7764 0 -7822.64 0.267517 0.241711 0.160895 0.329877 0.0544658  0.239421 0.0928485 0.0227418  0.563416 0.0271068
(1,(2,(((((7,8),9),10),12),11)),(3,((4,5),6))); -7726.62  -3.63507 79.0555 38.8859 0 -7763.16 0.267518 0.241712 0.160896 0.329875 0.0544666  0.239429  0.092852  0.022741  0.563406 0.0271048
(1,2,(((3,(4,5)),6),(((((7,8),9),10),11),12))); -7780.87  -4.17349 84.19 38.1707 0 -7822.72 0.267517 0.241712 0.160895 0.329877 0.0544669   0.23942 0.0928523 0.0227399  0.563416 0.0271044
(1,2,((3,((4,5),6)),(((((7,8),9),10),11),12))); -7746.61  -1.22773 84.7464 38.8602 0 -7791.27 0.267518 0.241711 0.160896 0.329875 0.0544681  0.239422 0.0928529   0.02274  0.563412 0.0271051
(1,2,((3,((4,5),6)),((((7,8),9),10),(11,12)))); -7748.64  -1.33022 82.4066 38.1985 0 -7791.52 0.267517 0.241712 0.160896 0.329875 0.0544674  0.239413 0.0928558 0.0227416  0.563417 0.0271051
(1,2,((3,((4,5),6)),(((((7,8),9),10),11),12))); -7740.56  -1.22773 80.696 39.2515 0 -7780.78 0.267518 0.241711 0.160896 0.329875  0.054465   0.23942 0.0928513 0.0227426  0.563416  0.027105
(1,2,((3,((4,5),6)),(((((7,8),9),10),12),11))); -7737.31  -1.5764 82.4295 38.4375 0 -7779.72 0.267518 0.241712 0.160895 0.329875 0.0544657  0.239417 0.0928519 0.0227408  0.563421 0.0271033
(1,2,((3,((4,5),6)),((((7,8),9),10),(11,12)))); -7731.61  -1.33022 80.0693 39.1101 0 -7771.24 0.267518 0.241712 0.160895 0.329875  0.054471  0.239417 0.0928506 0.0227401  0.563415 0.0271062
(1,2,((3,((4,5),6)),((((7,8),9),10),(11,12)))); -7754.81  -1.33022 85.9072 38.5801 0 -7800.81 0.267518 0.241711 0.160895 0.329876 0.0544628  0.239415 0.0928512 0.0227415  0.563424 0.0271055
(1,2,((3,((4,5),6)),((((7,8),9),10),(11,12)))); -7740.08  -1.33022 83.5595 38.6974 0 -7783.62 0.267518 0.241712 0.160895 0.329875 0.0544646  0.239424 0.0928547 0.0227399   0.56341 0.0271062
(1,2,((3,((4,5),6)),(((((7,8),9),10),12),11))); -7760.99  -1.5764 73.8143 38.5904 0 -7794.64 0.267519 0.241711 0.160895 0.329875 0.0544658  0.239418 0.0928537 0.0227382  0.563419 0.0271057
(1,2,((3,((4,5),6)),((((7,8),9),10),(11,12)))); -7749.12  -1.33022 84.0692 38.6652 0 -7793.19 0.267518 0.241712 0.160895 0.329875 0.0544682  0.239415 0.0928539   0.02274  0.563418 0.0271043
(1,2,((3,((4,5),6)),((((7,8),9),10),(11,12)))); -7759.89  -1.33022 85.4876 38.7499 0 -7805.3 0.267517 0.241712 0.160896 0.329875 0.0544683   0.23942 0.0928468 0.0227415  0.563418 0.0271047
(1,2,((3,((4,5),6)),(((((7,8),9),10),11),12))); -7734.21  -1.22773 82.1563 38.4872 0 -7776.65 0.267518 0.241712 0.160895 0.329876 0.0544657  0.239422 0.0928527 0.0227405  0.563414 0.0271059
(1,2,((3,((4,5),6)),((((7,8),9),10),(11,12)))); -7733.27  -1.33022 81.6998 39.2772 0 -7774.36 0.267518 0.241712 0.160895 0.329874 0.0544663  0.239423 0.0928481 0.0227395  0.563418 0.0271057
(1,2,((3,((4,5),6)),(((((7,8),9),10),11),12))); -7739.91  -1.22773 78.9451 39.2246 0 -7778.4 0.267518 0.241712 0.160895 0.329875 0.0544676  0.239426  0.092849 0.0227414   0.56341 0.0271058
(1,2,((3,((4,5),6)),((((7,8),9),10),(11,12)))); -7766.75  -1.33022 83.693 38.9829 0 -7810.13 0.267518 0.241712 0.160895 0.329875 0.0544659  0.239418 0.0928537 0.0227407  0.563413 0.0271085
(1,(2,(((((7,8),9),10),11),12)),((3,6),(4,5))); -7754.08  -5.67119 84.2438 38.8825 0 -7793.77 0.267518 0.241712 0.160895 0.329876 0.0544694  0.239417 0.0928515 0.0227417  0.563414 0.0271065
(1,2,((3,((4,5),6)),(((((7,8),9),10),11),12))); -7741  -1.22773 84.0717 39.0308 0 -7784.81 0.267518 0.241711 0.160896 0.329876 0.0544674  0.239426  0.092848 0.0227389  0.563415 0.0271047
(1,2,(((3,6),(4,5)),(((((7,8),9),10),11),12))); -7743.08  -3.61253 83.726 39.0167 0 -7784.18 0.267518 0.241712 0.160895 0.329875 0.0544674   0.23942 0.0928502 0.0227416  0.563416 0.0271045
(1,2,((3,((4,5),6)),(((((7,8),9),10),12),11))); -7750.13  -1.5764 81.917 38.8286 0 -7791.65 0.267518 0.241712 0.160895 0.329875 0.0544648  0.239426 0.0928545 0.0227418   0.56341 0.0271022
(1,2,((3,((4,5),6)),(((((7,8),9),10),12),11))); -7767.33  -1.5764 89.6288 38.2318 0 -7817.15 0.267518 0.241712 0.160895 0.329875 0.0544635  0.239416 0.0928493 0.0227421   0.56342 0.0271084
(1,2,((3,((4,5),6)),(((((7,8),9),10),12),11))); -7739.39  -1.5764 78.399 38.4651 0 -7777.74 0.267517 0.241711 0.160895 0.329876 0.0544656  0.239423 0.0928542 0.0227397  0.563414 0.0271034
(1,2,((3,((4,5),6)),((((7,8),9),10),(11,12)))); -7748.5  -1.33022 79.1326 39.0123 0 -7787.29 0.267517 0.241712 0.160895 0.329875 0.0544684  0.239424 0.0928546 0.0227397  0.563409 0.0271049
(1,(2,(((((7,8),9),10),12),11)),(3,((4,5),6))); -7730.21  -3.63507 74.6779 38.9059 0 -7762.35 0.267517 0.241712 0.160895 0.329875 0.0544621   0.23942 0.0928534 0.0227407   0.56342 0.0271038
(1,2,(((3,6),(4,5)),(((((7,8),9),10),12),11))); -7751.16  -3.9612 97.0932 39.0225 0 -7805.27 0.267518 0.241712 0.160895 0.329876 0.0544684  0.239419 0.0928549 0.0227386  0.563415 0.0271049
(1,2,((3,((4,5),6)),((((7,8),9),10),(11,12)))); -7747.81  -1.33022 88.3387 38.6053 0 -7796.22 0.267518 0.241712 0.160895 0.329875 0.0544672  0.239417 0.0928478 0.0227406  0.563421 0.0271067
(1,(2,(((((7,8),9),10),11),12)),(3,((4,5),6))); -7736.07  -3.2864 81.2865 39.3505 0 -7774.72 0.267518 0.241712 0.160896 0.329875 0.0544625  0.239416  0.092857 0.0227385  0.563421 0.0271046
(1,2,((3,((4,5),6)),(((((7,8),9),10),11),12))); -7746.12  -1.22773 81.3345 38.8761 0 -7787.35 0.267517 0.241713 0.160895 0.329875 0.0544654  0.239419  0.092854 0.0227398  0.563417 0.0271049
(1,2,((3,((4,5),6)),((((7,8),9),10),(11,12)))); -7829.57  -1.33022 81.9081 38.2287 0 -7871.92 0.267518 0.241711 0.160896 0.329875 0.0544644  0.239422 0.0928529 0.0227405  0.563417 0.0271039
(1,2,((3,((4,5),6)),((((7,8),9),10),(11,12)))); -7763.15  -1.33022 85.0702 38.9173 0 -7807.97 0.267518 0.241712 0.160896 0.329875 0.0544647  0.239423 0.0928498 0.0227382  0.563419  0.027105
(1,2,(((3,6),(4,5)),(((((7,8),9),10),12),11))); -7741.83  -3.9612 83.6888 39.3256 0 -7782.23 0.267517 0.241712 0.160895 0.329875 0.0544665  0.239415 0.0928496 0.0227391  0.563423 0.0271071
(1,2,((3,((4,5),6)),(((((7,8),9),10),11),12))); -7739.12  -1.22773 81.9045 39.4393 0 -7780.36 0.267518 0.241711 0.160895 0.329876 0.0544658  0.239416 0.0928546 0.0227449  0.563414 0.0271039
(1,2,((3,((4,5),6)),((((7,8),9),10),(11,12)))); -7738.46  -1.33022 79.7094 38.8951 0 -7777.94 0.267517 0.241711 0.160896 0.329876 0.0544641   0.23941 0.0928572 0.0227415   0.56342  0.027108
(1,2,((3,((4,5),6)),(((((7,8),9),10),12),11))); -7726.98  -1.5764 79.3688 38.9906 0 -7765.78 0.267518 0.241712 0.160896 0.329875 0.0544697  0.239422 0.0928495 0.0227419   0.56341 0.0271063
(1,2,((3,((4,5),6)),(((((7,8),9),10),12),11))); -7724.77  -1.5764 84.0185 38.8009 0 -7768.41 0.267518 0.241712 0.160895 0.329875 0.0544621  0.239415 0.0928511 0.0227436  0.563423 0.0271061
(1,2,((3,((4,5),6)),((((7,8),9),10),(11,12)))); -7759  -1.33022 79.9301 38.8042 0 -7798.79 0.267518 0.241712 0.160895 0.329875 0.0544666  0.239414 0.0928558 0.0227399   0.56342 0.0271029
(1,(2,((((7,8),9),10),(11,12))),(3,((4,5),6))); -7728.97  -3.38889 80.6903 38.7346 0 -7767.54 0.267518 0.241712 0.160895 0.329875 0.0544646  0.239422 0.0928525 0.0227427  0.563413 0.0271059
(1,2,(((3,6),(4,5)),((((7,8),9),10),(11,12)))); -7735.2  -3.71502 89.0887 38.8195 0 -7781.76 0.267517 0.241713 0.160895 0.329875 0.0544664  0.239415 0.0928547 0.0227399  0.563416 0.0271075
(1,2,((3,((4,5),6)),(((((7,8),9),10),11),12))); -7748.99  -1.22773 82.5164 38.8369 0 -7791.44 0.267518 0.241712 0.160895 0.329876 0.0544666  0.239414 0.0928498 0.0227444  0.563421 0.0271039
(1,2,((3,((4,5),6)),((((7,8),9),10),(11,12)))); -7782.71  -1.33022 81.5225 38.389 0 -7824.52 0.267517 0.241711 0.160896 0.329875  0.054464  0.239419 0.0928478 0.0227392  0.563424  0.027106
(1,2,(((3,(4,5)),6),((((7,8),9),10),(11,12)))); -7739.16  -4.27598 81.0524 38.8446 0 -7777.09 0.267517 0.241712 0.160895 0.329875 0.0544643  0.239418 0.0928505 0.0227404  0.563419 0.0271074
(1,2,((3,((4,5),6)),(((((7,8),9),10),12),11))); -7734.29  -1.5764 79.2077 39.2222 0 -7772.69 0.267518 0.241711 0.160895 0.329875 0.0544661  0.239412 0.0928527 0.0227418  0.563422 0.0271057
(1,2,((3,((4,5),6)),(((((7,8),9),10),11),12))); -7749.38  -1.22773 85.4887 38.9343 0 -7794.7 0.267517 0.241711 0.160895 0.329876 0.0544624  0.239412   0.09286 0.0227406   0.56342 0.0271047
(1,2,(((3,(4,5)),6),(((((7,8),9),10),12),11))); -7766.3  -4.52217 76.5963 39.0749 0 -7799.3 0.267517 0.241712 0.160896 0.329875  0.054466   0.23942 0.0928541 0.0227411  0.563414 0.0271052
(1,2,((3,((4,5),6)),((((7,8),9),10),(11,12)))); -7843.87  -1.33022 84.7143 38.1899 0 -7889.06 0.267518 0.241712 0.160895 0.329876 0.0544646  0.239426 0.0928532 0.0227418  0.563407 0.0271076
(1,2,(((3,(4,5)),6),((((7,8),9),10),(11,12)))); -7773.85  -4.27598 90.3233 38.6166 0 -7821.28 0.267518 0.241712 0.160896 0.329875 0.0544674  0.239417 0.0928531 0.0227427  0.563414 0.0271061
(1,2,(((3,6),(4,5)),((((7,8),9),10),(11,12)))); -7755.66  -3.71502 77.3959 38.9286 0 -7790.41 0.267517 0.241712 0.160895 0.329876 0.0544652  0.239418 0.0928539 0.0227403  0.563417 0.0271052
(1,2,((3,((4,5),6)),(((((7,8),9),10),11),12))); -7743.49  -1.22773 80.54 38.8519 0 -7783.95 0.267518 0.241713 0.160895 0.329875 0.0544632   0.23942 0.0928531 0.0227413  0.563419 0.0271039
(1,(2,((((7,8),9),10),(11,12))),(3,((4,5),6))); -7747.08  -3.38889 83.3353 39.1511 0 -7787.87 0.267517 0.241712 0.160896 0.329875 0.0544633  0.239413 0.0928528 0.0227419  0.563425 0.0271044
(1,(2,((((7,8),9),10),(11,12))),(3,((4,5),6))); -7753.51  -3.38889 81.8182 39.1758 0 -7792.76 0.267518 0.241711 0.160895 0.329876 0.0544658  0.239421 0.0928502 0.0227407   0.56342  0.027102
(1,2,(((3,6),(4,5)),(((((7,8),9),10),12),11))); -7739.02  -3.9612 79.1456 39.4446 0 -7774.75 0.267518 0.241712 0.160895 0.329875 0.0544656  0.239421  0.092853 0.0227411  0.563414 0.0271048
(1,2,((3,((((7,8),9),10),(11,12))),((4,5),6))); -7748.26  -6.25737 86.9763 38.6119 0 -7790.36 0.267518 0.241712 0.160895 0.329875 0.0544617  0.239421 0.0928484 0.0227422  0.563421 0.0271057
(1,2,(((3,(4,5)),6),((((7,8),9),10),(11,12)))); -7751.81  -4.27598 86.4891 38.4143 0 -7795.61 0.267517 0.241712 0.160895 0.329876 0.0544641  0.239415 0.0928508  0.022739  0.563425 0.0271069
(1,2,((3,((4,5),6)),(((((7,8),9),10),11),12))); -7769.43  -1.22773 81.0775 38.9369 0 -7810.34 0.267517 0.241712 0.160896 0.329875 0.0544668   0.23941 0.0928543 0.0227409  0.563423 0.0271049
(1,2,(((3,(4,5)),6),(((((7,8),9),10),12),11))); -7738.87  -4.52217 79.8557 39.0592 0 -7775.14 0.267518 0.241712 0.160895 0.329875 0.0544642  0.239416  0.092853 0.0227423  0.563422 0.0271025
(1,2,((3,((4,5),6)),(((((7,8),9),10),11),12))); -7866.53  -1.22773 87.0738 38.4405 0 -7913.94 0.267518 0.241712 0.160895 0.329875 0.0544659  0.239417 0.0928514 0.0227398  0.563419 0.0271063
(1,2,(((3,6),(4,5)),((((7,8),9),10),(11,12)))); -7768.16  -3.71502 89.1848 38.3488 0 -7815.28 0.267517 0.241713 0.160895 0.329875 0.0544668  0.239416 0.0928573  0.022738  0.563415 0.0271072
(1,2,((3,((4,5),6)),(((((7,8),9),10),12),11))); -7760.05  -1.5764 93.2382 38.8036 0 -7812.91 0.267518 0.241711 0.160895 0.329875 0.0544636  0.239422  0.092852 0.0227411  0.563415 0.0271064
(1,2,((3,((4,5),6)),((((7,8),9),10),(11,12)))); -7741.27  -1.33022 76.9194 38.6539 0 -7778.21 0.267518 0.241711 0.160896 0.329875 0.0544682  0.239418 0.0928506 0.0227399  0.563419 0.0271051
(1,2,((3,((4,5),6)),(((((7,8),9),10),12),11))); -7753.01  -1.5764 83.148 39.2427 0 -7795.34 0.267518 0.241711 0.160895 0.329875 0.0544674  0.239422 0.0928528 0.0227415  0.563411 0.0271056
(1,(2,((((7,8),9),10),(11,12))),(3,((4,5),6))); -7762.57  -3.38889 78.5333 38.6376 0 -7799.08 0.267519 0.241712 0.160895 0.329875 0.0544647  0.239415 0.0928538 0.0227428  0.563415 0.0271086
(1,2,((3,((4,5),6)),((((7,8),9),10),(11,12)))); -7752.77  -1.33022 81.845 39.154 0 -7794.13 0.267517 0.241712 0.160895 0.329875 0.0544626  0.239418  0.092855 0.0227402  0.563416 0.0271079
(1,2,(((3,6),(4,5)),((((7,8),9),10),(11,12)))); -7780.56  -3.71502 84.3662 38.7319 0 -7822.48 0.267517 0.241712 0.160896 0.329875 0.0544663  0.239414 0.0928524  0.022742  0.563418  0.027107
(1,(2,((((7,8),9),10),(11,12))),(3,((4,5),6))); -7732.67  -3.38889 86.929 38.5052 0 -7777.7 0.267518 0.241711 0.160895 0.329876 0.0544632  0.239417 0.0928545 0.0227406   0.56342 0.0271045
(1,2,((3,((4,5),6)),(((((7,8),9),10),11),12))); -7754.64  -1.22773 80.2649 39.2299 0 -7794.45 0.267517 0.241712 0.160896 0.329875 0.0544684  0.239413 0.0928579 0.0227394  0.563415 0.0271057
(1,2,((3,((4,5),6)),((((7,8),9),10),(11,12)))); -7730.3  -1.33022 83.8123 39.1005 0 -7773.68 0.267518 0.241712 0.160895 0.329875  0.054466  0.239419 0.0928492 0.0227393  0.563419 0.0271071
(1,2,((3,((4,5),6)),(((((7,8),9),10),12),11))); -7733  -1.5764 78.6227 38.3337 0 -7771.71 0.267518 0.241712 0.160895 0.329876 0.0544646  0.239413 0.0928552 0.0227394   0.56342 0.0271075
(1,(2,(((((7,8),9),10),11),12)),(3,((4,5),6))); -7733.16  -3.2864 81.8911 38.5702 0 -7773.19 0.267518 0.241711 0.160895 0.329876 0.0544657  0.239422 0.0928549 0.0227407  0.563412 0.0271044
(1,2,((3,((4,5),6)),(((((7,8),9),10),12),11))); -7739.5  -1.5764 91.7602 38.6499 0 -7791.03 0.267517 0.241712 0.160895 0.329876 0.0544655  0.239416 0.0928546 0.0227403  0.563416 0.0271073
(1,2,((3,((4,5),6)),((((7,8),9),10),(11,12)))); -7739.64  -1.33022 77.7893 38.8854 0 -7777.21 0.267519 0.241711 0.160895 0.329875 0.0544615  0.239419 0.0928548 0.0227427  0.563414 0.0271081
(1,2,((3,((4,5),6)),((((7,8),9),10),(11,12)))); -7729.94  -1.33022 86.8865 39.4096 0 -7776.09 0.267517 0.241711 0.160896 0.329876 0.0544637  0.239423 0.0928548 0.0227413  0.563415 0.0271023
(1,(2,(((((7,8),9),10),11),12)),(3,((4,5),6))); -7735.76  -3.2864 82.5856 39.1262 0 -7775.93 0.267518 0.241712 0.160896 0.329875 0.0544664  0.239418 0.0928507 0.0227411  0.563419 0.0271046
(1,2,((3,((4,5),6)),((((7,8),9),10),(11,12)))); -7782.91  -1.33022 87.5588 38.0122 0 -7831.13 0.267517 0.241713 0.160895 0.329874 0.0544644   0.23942 0.0928539 0.0227424  0.563413 0.0271062
(1,(2,(((((7,8),9),10),12),11)),(3,((4,5),6))); -7727.53  -3.63507 79.5928 38.9595 0 -7764.53 0.267518 0.241712 0.160896 0.329874 0.0544639  0.239422 0.0928456 0.0227399  0.563424 0.0271052
(1,(2,((((7,8),9),10),(11,12))),(3,((4,5),6))); -7737.17  -3.38889 75.7818 38.4841 0 -7771.08 0.267517 0.241711 0.160896 0.329876 0.0544687  0.239419 0.0928483 0.0227415  0.563418 0.0271047
(1,2,((3,((4,5),6)),(((((7,8),9),10),11),12))); -7764.41  -1.22773 80.568 39.0136 0 -7804.74 0.267517 0.241712 0.160896 0.329875 0.0544634  0.239421 0.0928508 0.0227415  0.563418 0.0271052
(1,2,((3,((4,5),6)),(((((7,8),9),10),12),11))); -7757  -1.5764 95.1631 38.4375 0 -7812.15 0.267517 0.241712 0.160896 0.329875 0.0544704  0.239416  0.092853 0.0227418  0.563413 0.0271057
(1,2,((3,((4,5),6)),((((7,8),9),10),(11,12)))); -7768.52  -1.33022 80.8081 38.7377 0 -7809.26 0.267518 0.241712 0.160895 0.329875 0.0544649  0.239414 0.0928526 0.0227375  0.563426 0.0271049
(1,2,((3,((4,5),6)),(((((7,8),9),10),11),12))); -7761.59  -1.22773 95.1205 38.3528 0 -7817.13 0.267518 0.241712 0.160895 0.329875 0.0544674  0.239422 0.0928526 0.0227414  0.563413 0.0271041
(1,2,((3,((4,5),6)),(((((7,8),9),10),11),12))); -7742.47  -1.22773 85.1101 39.2002 0 -7787.15 0.267518 0.241711 0.160896 0.329875 0.0544642  0.239421 0.0928536  0.022742  0.563415 0.0271049
(1,2,((3,((4,5),6)),((((7,8),9),10),(11,12)))); -7750.03  -1.33022 77.2537 38.9699 0 -7786.99 0.267517 0.241712 0.160895 0.329875  0.054467  0.239421 0.0928525 0.0227386  0.563417 0.0271043
(1,2,((3,((4,5),6)),(((((7,8),9),10),12),11))); -7724.3  -1.5764 82.9566 38.3719 0 -7767.3 0.267517 0.241713 0.160895 0.329875 0.0544695  0.239417 0.0928553 0.0227412  0.563411 0.0271059
(1,2,((3,((4,5),6)),(((((7,8),9),10),11),12))); -7774.45  -1.22773 89.8042 38.8824 0 -7824.15 0.267518 0.241712 0.160895 0.329875 0.0544669  0.239417 0.0928527 0.0227414  0.563419 0.0271031
(1,2,((3,((4,5),6)),((((7,8),9),10),(11,12)))); -7728.15  -1.33022 85.9912 38.911 0 -7773.9 0.267518 0.241711 0.160896 0.329875 0.0544673  0.239417 0.0928602 0.0227406  0.563407 0.0271077
(1,2,((3,((4,5),6)),((((7,8),9),10),(11,12)))); -7801.48  -1.33022 80.6956 39.145 0 -7841.7 0.267519 0.241711 0.160896 0.329874  0.054466  0.239417 0.0928498 0.0227421  0.563419 0.0271061
(1,2,((3,((4,5),6)),(((((7,8),9),10),12),11))); -7736.29  -1.5764 89.5868 38.9705 0 -7785.33 0.267517 0.241712 0.160896 0.329875 0.0544615  0.239422 0.0928521 0.0227392  0.563419 0.0271064
(1,2,(((3,(4,5)),6),(((((7,8),9),10),12),11))); -7734.67  -4.52217 85.2692 39.1247 0 -7776.29 0.267517 0.241712 0.160895 0.329876 0.0544626  0.239419 0.0928473 0.0227413  0.563424  0.027105
(1,2,(((3,(4,5)),6),((((7,8),9),10),(11,12)))); -7739.8  -4.27598 85.7848 38.9221 0 -7782.39 0.267518 0.241711 0.160895 0.329876 0.0544613   0.23942 0.0928509 0.0227399  0.563424  0.027104
(1,2,((3,((4,5),6)),(((((7,8),9),10),12),11))); -7738.98  -1.5764 72.3379 38.3454 0 -7771.4 0.267518 0.241711 0.160895 0.329876 0.0544634  0.239421 0.0928526 0.0227399  0.563418 0.0271056
(1,2,((3,((4,5),6)),(((((7,8),9),10),11),12))); -7772.95  -1.22773 88.2935 38.6772 0 -7821.34 0.267518 0.241712 0.160895 0.329875 0.0544704  0.239414 0.0928563 0.0227374  0.563414 0.0271074
(1,2,((3,((4,5),6)),(((((7,8),9),10),12),11))); -7749.3  -1.5764 90.3017 38.8822 0 -7799.15 0.267518 0.241711 0.160895 0.329876 0.0544653  0.239418 0.0928509 0.0227404  0.563421 0.0271052
(1,2,((3,((4,5),6)),(((((7,8),9),10),11),12))); -7783.95  -1.22773 80.3059 38.7568 0 -7824.27 0.267518 0.241711 0.160895 0.329876  0.054467  0.239417 0.0928528 0.0227418  0.563416 0.0271057
(1,2,((3,((4,5),6)),((((7,8),9),10),(11,12)))); -7745.42  -1.33022 85.5481 38.7275 0 -7790.91 0.267517 0.241712 0.160895 0.329875 0.0544677  0.239419 0.0928487 0.0227423  0.563417 0.0271054
(1,2,((3,((4,5),6)),((((7,8),9),10),(11,12)))); -7739.62  -1.33022 84.2679 39.0534 0 -7783.5 0.267518 0.241712 0.160895 0.329874 0.0544629  0.239418 0.0928508 0.0227415  0.563421 0.0271058
(1,2,((3,((4,5),6)),(((((7,8),9),10),11),12))); -7741.61  -1.22773 79.7773 38.934 0 -7781.23 0.267518 0.241712 0.160896 0.329874 0.0544633  0.239419 0.0928551  0.022742  0.563414 0.0271063
(1,2,((3,((4,5),6)),((((7,8),9),10),(11,12)))); -7805.38  -1.33022 89.1731 38.628 0 -7854.59 0.267517 0.241712 0.160895 0.329875 0.0544667  0.239424 0.0928495 0.0227428   0.56341 0.0271071
(1,2,((3,((4,5),6)),((((7,8),9),10),(11,12)))); -7737.24  -1.33022 78.9561 39.2428 0 -7775.63 0.267518 0.241712 0.160895 0.329875 0.0544656  0.239418 0.0928533 0.0227421  0.563418 0.0271033
(1,2,((3,((4,5),6)),(((((7,8),9),10),11),12))); -7754.66  -1.22773 81.2765 38.6942 0 -7796.01 0.267517 0.241711 0.160896 0.329877 0.0544661  0.239422 0.0928529 0.0227383  0.563416 0.0271047
(1,2,((3,((4,5),6)),(((((7,8),9),10),11),12))); -7842.77  -1.22773 89.639 38.5911 0 -7892.59 0.267518 0.241712 0.160895 0.329875 0.0544647  0.239419 0.0928525 0.0227406  0.563418  0.027105
(1,2,(((3,6),(4,5)),(((((7,8),9),10),12),11))); -7732.22  -3.9612 88.2447 39.2576 0 -7777.25 0.267518 0.241712 0.160896 0.329875 0.0544655  0.239417 0.0928523 0.0227407   0.56342 0.0271046
(1,2,((3,((4,5),6)),(((((7,8),9),10),11),12))); -7740.19  -1.22773 83.8062 39.2692 0 -7783.5 0.267517 0.241711 0.160896 0.329876 0.0544657  0.239418 0.0928525 0.0227395  0.563419 0.0271049
(1,2,((3,(4,(5,6))),(((((7,8),9),10),12),11))); -7745.83  -7.27594 78.9294 38.5658 0 -7778.92 0.267518 0.241711 0.160895 0.329876 0.0544646  0.239418 0.0928473 0.0227405  0.563424 0.0271055
(1,2,((3,((4,5),6)),((((7,8),9),10),(11,12)))); -7758.22  -1.33022 81.6738 38.9698 0 -7799.59 0.267518 0.241712 0.160895 0.329875 0.0544664   0.23942 0.0928536 0.0227388  0.563414 0.0271069
(1,2,((3,((4,5),6)),((((7,8),9),10),(11,12)))); -7788.84  -1.33022 84.6513 38.676 0 -7833.48 0.267517 0.241711 0.160895 0.329876 0.0544678  0.239417 0.0928535 0.0227424  0.563416 0.0271034
(1,2,((3,((4,5),6)),((((7,8),9),10),(11,12)))); -7753.87  -1.33022 83.9896 38.8707 0 -7797.66 0.267518 0.241712 0.160895 0.329875 0.0544674  0.239418 0.0928498 0.0227386  0.563422 0.0271043
(1,(2,(((((7,8),9),10),11),12)),(3,((4,5),6))); -7734.32  -3.2864 83.2554 39.1339 0 -7775.15 0.267517 0.241711 0.160895 0.329876 0.0544677   0.23942 0.0928518 0.0227392  0.563415 0.0271056
(1,2,((3,((4,5),6)),(((((7,8),9),10),11),12))); -7737.84  -1.22773 87.5191 38.7057 0 -7785.43 0.267517 0.241711 0.160895 0.329876  0.054465  0.239415 0.0928542 0.0227409   0.56342  0.027105
(1,2,(((3,6),(4,5)),(((((7,8),9),10),12),11))); -7887.46  -3.9612 83.3125 39.0024 0 -7927.81 0.267517 0.241712 0.160896 0.329876 0.0544684  0.239418 0.0928537 0.0227409  0.563414 0.0271045
(1,2,((3,((4,5),6)),((((7,8),9),10),(11,12)))); -7753.87  -1.33022 81.9322 38.7162 0 -7795.75 0.267518 0.241712 0.160895 0.329876 0.0544656  0.239417  0.092852 0.0227392   0.56342 0.0271057
(1,2,(((3,6),(4,5)),(((((7,8),9),10),11),12))); -7735.83  -3.61253 87.2333 39.1725 0 -7780.28 0.267518 0.241711 0.160895 0.329876 0.0544651  0.239415 0.0928506 0.0227439   0.56342 0.0271053
(1,2,((3,((4,5),6)),(((((7,8),9),10),12),11))); -7723.73  -1.5764 83.837 38.423 0 -7767.57 0.267518 0.241712 0.160895 0.329875 0.0544658  0.239423 0.0928455 0.0227422  0.563419 0.0271047
(1,2,((3,((4,5),6)),((((7,8),9),10),(11,12)))); -7813.24  -1.33022 92.4329 38.7531 0 -7865.59 0.267518 0.241712 0.160895 0.329875 0.0544638  0.239418 0.0928529 0.0227429  0.563419 0.0271038
(1,2,((3,((4,5),6)),(((((7,8),9),10),12),11))); -7742.63  -1.5764 78.6717 38.2417 0 -7781.48 0.267517 0.241711 0.160896 0.329876 0.0544662  0.239416 0.0928518 0.0227399  0.563421 0.0271054
(1,2,((3,((4,5),6)),(((((7,8),9),10),12),11))); -7732.52  -1.5764 80.6736 39.0862 0 -7772.53 0.267518 0.241712 0.160895 0.329875 0.0544628  0.239417 0.0928528 0.0227418  0.563419  0.027107
(1,(2,(((((7,8),9),10),11),12)),(3,((4,5),6))); -7739.7  -3.2864 74.2141 38.5026 0 -7772.13 0.267517 0.241713 0.160895 0.329875 0.0544687  0.239412 0.0928524 0.0227419  0.563418 0.0271066
(1,2,((3,((4,5),6)),((((7,8),9),10),(11,12)))); -7743.88  -1.33022 79.5152 38.8717 0 -7783.2 0.267517 0.241712 0.160896 0.329875  0.054468  0.239414 0.0928536 0.0227403  0.563419  0.027105
(1,2,((3,((4,5),6)),((((7,8),9),10),(11,12)))); -7745.51  -1.33022 78.5454 39.1209 0 -7783.6 0.267517 0.241712 0.160895 0.329875 0.0544672  0.239414 0.0928524 0.0227427  0.563417 0.0271062
(1,2,((3,((4,5),6)),((((7,8),9),10),(11,12)))); -7774.71  -1.33022 80.8926 38.5373 0 -7815.73 0.267518 0.241712 0.160895 0.329875  0.054463   0.23942 0.0928493 0.0227403   0.56342 0.0271072
(1,2,((3,((4,5),6)),(((((7,8),9),10),12),11))); -7724.58  -1.5764 80.1128 39.1236 0 -7763.99 0.267518 0.241712 0.160895 0.329875 0.0544589  0.239418 0.0928524 0.0227425  0.563422 0.0271064
(1,2,((3,((4,5),6)),(((((7,8),9),10),12),11))); -7729.69  -1.5764 86.0984 39.0556 0 -7775.16 0.267518 0.241712 0.160895 0.329875 0.0544702  0.239419 0.0928508 0.0227408  0.563416 0.0271035
(1,2,((3,((4,5),6)),((((7,8),9),10),(11,12)))); -7738.95  -1.33022 84.625 38.7912 0 -7783.45 0.267518 0.241711 0.160895 0.329876 0.0544661  0.239418 0.0928511 0.0227417  0.563416 0.0271065
(1,2,((3,((4,5),6)),(((((7,8),9),10),11),12))); -7747.27  -1.22773 81.7006 38.2792 0 -7789.47 0.267518 0.241711 0.160895 0.329876 0.0544686  0.239423 0.0928524  0.022741   0.56341 0.0271049
(1,2,((3,((4,5),6)),(((((7,8),9),10),11),12))); -7748.43  -1.22773 85.4656 38.8221 0 -7793.84 0.267516 0.241713 0.160896 0.329875 0.0544664  0.239413 0.0928567 0.0227424  0.563415 0.0271062
(1,2,((3,((4,5),6)),((((7,8),9),10),(11,12)))); -7758.05  -1.33022 84.7159 38.2889 0 -7803.14 0.267518 0.241711 0.160895 0.329876 0.0544643  0.239414 0.0928566 0.0227426  0.563415  0.027107
(1,2,((3,((4,5),6)),(((((7,8),9),10),11),12))); -7737.64  -1.22773 78.33 38.8461 0 -7775.89 0.267518 0.241712 0.160895 0.329875 0.0544668  0.239415  0.092853 0.0227397  0.563421  0.027104
(1,2,((3,((4,5),6)),(((((7,8),9),10),11),12))); -7737.5  -1.22773 81.3987 39.1724 0 -7778.5 0.267517 0.241712 0.160896 0.329876 0.0544635  0.239414 0.0928566 0.0227403  0.563419  0.027106
(1,2,(((3,6),(4,5)),((((7,8),9),10),(11,12)))); -7770.88  -3.71502 82.428 39.5774 0 -7810.01 0.267518 0.241711 0.160896 0.329876 0.0544708  0.239425  0.092849  0.022743  0.563408 0.0271045
(1,2,((3,((4,5),6)),((((7,8),9),10),(11,12)))); -7760.87  -1.33022 85.474 38.5881 0 -7806.43 0.267517 0.241712 0.160895 0.329876 0.0544663  0.239414 0.0928509 0.0227431  0.563419 0.0271071
(1,2,((3,((4,5),6)),((((7,8),9),10),(11,12)))); -7730.72  -1.33022 87.9536 39.4122 0 -7777.93 0.267518 0.241712 0.160895 0.329876 0.0544674   0.23942  0.092851 0.0227414  0.563413 0.0271074
(1,2,((3,((4,5),6)),(((((7,8),9),10),12),11))); -7756.35  -1.5764 78.3538 38.455 0 -7794.67 0.267518 0.241713 0.160895 0.329875 0.0544638  0.239425 0.0928517 0.0227404  0.563413 0.0271062
(1,2,((3,((4,5),6)),((((7,8),9),10),(11,12)))); -7743.27  -1.33022 86.581 38.9756 0 -7789.54 0.267518 0.241712 0.160895 0.329875 0.0544667  0.239422 0.0928513 0.0227403  0.563414 0.0271054
(1,2,((3,((4,5),6)),(((((7,8),9),10),11),12))); -7741.57  -1.22773 91.4601 38.6506 0 -7793.15 0.267518 0.241711 0.160896 0.329876 0.0544669  0.239422 0.0928539 0.0227417  0.563412 0.0271033
(1,2,((3,((4,5),6)),((((7,8),9),10),(11,12)))); -7749.59  -1.33022 88.8223 38.6156 0 -7798.47 0.267518 0.241712 0.160895 0.329875 0.0544621  0.239417 0.0928484 0.0227408  0.563426 0.0271057
(1,(2,((((7,8),9),10),(11,12))),(3,((4,5),6))); -7727.5  -3.38889 79.5946 38.5891 0 -7765.11 0.267518 0.241711 0.160896 0.329875 0.0544675  0.239419 0.0928564 0.0227391   0.56341 0.0271073
(1,2,((3,((4,5),6)),(((((7,8),9),10),12),11))); -7724.62  -1.5764 81.7869 39.4282 0 -7765.4 0.267517 0.241712 0.160895 0.329875 0.0544655  0.239413 0.0928535 0.0227405  0.563423 0.0271046
(1,2,((3,((4,5),6)),((((7,8),9),10),(11,12)))); -7789.52  -1.33022 83.2645 37.8942 0 -7833.56 0.267519 0.241711 0.160895 0.329875 0.0544618  0.239418 0.0928541 0.0227409  0.563418 0.0271074
(1,2,((3,((4,5),6)),((((7,8),9),10),(11,12)))); -7739.58  -1.33022 77.0613 38.4352 0 -7776.87 0.267518 0.241712 0.160895 0.329875 0.0544655   0.23942 0.0928468 0.0227405   0.56342 0.0271065
(1,2,((3,((4,5),6)),(((((7,8),9),10),11),12))); -7736.92  -1.22773 81.6367 38.9111 0 -7778.42 0.267518 0.241712 0.160895 0.329875 0.0544652  0.239421 0.0928537 0.0227407  0.563416 0.0271037
(1,(2,(((((7,8),9),10),11),12)),(3,((4,5),6))); -7734.12  -3.2864 82.4243 38.9126 0 -7774.34 0.267517 0.241712 0.160896 0.329875 0.0544655  0.239423 0.0928518 0.0227413  0.563413 0.0271051
(1,2,((3,((4,5),6)),(((((7,8),9),10),12),11))); -7735.38  -1.5764 80.2247 38.9146 0 -7775.11 0.267518 0.241711 0.160895 0.329876 0.0544665  0.239414 0.0928551 0.0227412   0.56342 0.0271034
(1,2,((3,((4,5),6)),((((7,8),9),10),(11,12)))); -7749.7  -1.33022 80.3861 39.1479 0 -7789.61 0.267518 0.241712 0.160895 0.329875 0.0544655  0.239411 0.0928548 0.0227429   0.56342 0.0271062
(1,2,((3,((4,5),6)),(((((7,8),9),10),11),12))); -7768.69  -1.22773 77.4453 38.5872 0 -7806.32 0.267517 0.241713 0.160895 0.329875 0.0544626  0.239415 0.0928538 0.0227438  0.563419 0.0271053
(1,2,((3,((4,5),6)),(((((7,8),9),10),11),12))); -7735.75  -1.22773 84.0964 38.9905 0 -7779.63 0.267518 0.241712 0.160895 0.329876 0.0544661  0.239419 0.0928542   0.02274  0.563416 0.0271044
(1,2,(((3,6),(4,5)),((((7,8),9),10),(11,12)))); -7752.89  -3.71502 88.0257 38.2687 0 -7798.93 0.267518 0.241711 0.160896 0.329875 0.0544668  0.239412 0.0928528 0.0227407  0.563423 0.0271048
(1,2,((3,((4,5),6)),(((((7,8),9),10),11),12))); -7737.82  -1.22773 83.846 39.3996 0 -7781.03 0.267518 0.241712 0.160895 0.329875 0.0544645  0.239418   0.09285  0.022742  0.563418 0.0271074
(1,2,((3,((4,5),6)),((((7,8),9),10),(11,12)))); -7784.43  -1.33022 84.3949 39.1283 0 -7828.37 0.267517 0.241711 0.160896 0.329875 0.0544641  0.239425 0.0928498 0.0227422  0.563411 0.0271081
(1,2,((3,((4,5),6)),(((((7,8),9),10),11),12))); -7752.5  -1.22773 81.8995 39.0737 0 -7794.1 0.267518 0.241711 0.160896 0.329875 0.0544651  0.239422 0.0928544 0.0227418  0.563414 0.0271035
(1,2,((3,((4,5),6)),((((7,8),9),10),(11,12)))); -7737.25  -1.33022 78.1358 38.7183 0 -7775.34 0.267517 0.241712 0.160896 0.329875 0.0544658  0.239417 0.0928486 0.0227416  0.563423 0.0271047
(1,2,((3,((4,5),6)),(((((7,8),9),10),12),11))); -7731.04  -1.5764 78.9181 38.6844 0 -7769.7 0.267517 0.241712 0.160895 0.329876 0.0544641  0.239425 0.0928548 0.0227402  0.563411 0.0271043
(1,(2,(((((7,8),9),10),12),11)),(3,((4,5),6))); -7734.44  -3.63507 74.4976 39.0345 0 -7766.27 0.267517 0.241711 0.160895 0.329876 0.0544617  0.239419  0.092852 0.0227426  0.563418 0.0271076
(1,2,((3,((4,5),6)),(((((7,8),9),10),11),12))); -7770.29  -1.22773 78.2554 38.3001 0 -7809.02 0.267519 0.241712 0.160895 0.329875 0.0544638  0.239412 0.0928551 0.0227424  0.563419 0.0271077
(1,2,((3,((4,5),6)),(((((7,8),9),10),12),11))); -7737.96  -1.5764 83.5994 38.7439 0 -7781.23 0.267518 0.241712 0.160895 0.329875 0.0544666  0.239423 0.0928535  0.022742  0.563408 0.0271069
(1,2,((3,((4,5),6)),(((((7,8),9),10),12),11))); -7738.86  -1.5764 72.2933 38.8616 0 -7770.71 0.267518 0.241711 0.160896 0.329875 0.0544676  0.239421  0.092851 0.0227425  0.563413  0.027105
(1,2,((3,((4,5),6)),((((7,8),9),10),(11,12)))); -7761.55  -1.33022 81.3286 39.1023 0 -7802.45 0.267518 0.241712 0.160895 0.329876 0.0544695  0.239412 0.0928521 0.0227413  0.563423  0.027102
(1,2,((3,((4,5),6)),((((7,8),9),10),(11,12)))); -7739.81  -1.33022 79.4154 39.0397 0 -7778.85 0.267518 0.241712 0.160895 0.329875 0.0544689  0.239414 0.0928493 0.0227416  0.563421 0.0271048
(1,2,((3,((4,5),6)),(((((7,8),9),10),12),11))); -7752.72  -1.5764 91.8311 38.8942 0 -7804.08 0.267517 0.241712 0.160896 0.329875 0.0544641  0.239417 0.0928512 0.0227411   0.56342  0.027106
(1,(2,(((((7,8),9),10),11),12)),(3,((4,5),6))); -7740.51  -3.2864 78.1459 39.4687 0 -7775.9 0.267518 0.241712 0.160896 0.329875 0.0544649  0.239413 0.0928574 0.0227429   0.56342 0.0271027
(1,2,((3,((4,5),6)),(((((7,8),9),10),12),11))); -7739.36  -1.5764 73.0571 38.6427 0 -7772.2 0.267517 0.241713 0.160895 0.329876 0.0544635  0.239418 0.0928535 0.0227429  0.563417 0.0271055
(1,2,((3,((4,5),6)),(((((7,8),9),10),11),12))); -7770.78  -1.22773 87.3415 38.5664 0 -7818.33 0.267517 0.241712 0.160896 0.329875 0.0544637  0.239426  0.092851 0.0227413  0.563411 0.0271074
(1,2,((3,((4,5),6)),(((((7,8),9),10),12),11))); -7742.98  -1.5764 82.8443 39.0264 0 -7785.22 0.267517 0.241712 0.160895 0.329875 0.0544652  0.239416 0.0928536  0.022741  0.563417 0.0271071
(1,2,((3,((4,5),6)),((((7,8),9),10),(11,12)))); -7756.19  -1.33022 81.4938 38.612 0 -7797.74 0.267518 0.241712 0.160895 0.329875 0.0544675  0.239421 0.0928492 0.0227394  0.563418 0.0271046
(1,2,((3,((4,5),6)),((((7,8),9),10),(11,12)))); -7728.48  -1.33022 88.8286 38.9627 0 -7777.02 0.267518 0.241713 0.160895 0.329874 0.0544656  0.239426 0.0928508 0.0227385  0.563414  0.027105
(1,2,((3,((4,5),6)),((((7,8),9),10),(11,12)))); -7736.04  -1.33022 81.5103 39.119 0 -7777.1 0.267518 0.241712 0.160894 0.329876 0.0544693  0.239421 0.0928532 0.0227409   0.56341  0.027105
(1,2,((3,((4,5),6)),(((((7,8),9),10),12),11))); -7741.76  -1.5764 84.947 38.782 0 -7786.35 0.267517 0.241712 0.160895 0.329876  0.054462  0.239416 0.0928529 0.0227412  0.563423 0.0271054
(1,2,((3,((4,5),6)),(((((7,8),9),10),11),12))); -7738.19  -1.22773 81.2155 39.096 0 -7779.08 0.267518 0.241711 0.160895 0.329876 0.0544661  0.239415 0.0928535 0.0227397  0.563424 0.0271023
(1,(2,(((((7,8),9),10),12),11)),(3,((4,5),6))); -7728.21  -3.63507 77.7816 38.8952 0 -7763.46 0.267518 0.241712 0.160895 0.329875   0.05446  0.239421 0.0928523 0.0227397  0.563421 0.0271059
(1,2,(((3,6),(4,5)),(((((7,8),9),10),11),12))); -7747.18  -3.61253 80.5133 39.1059 0 -7784.98 0.267518 0.241711 0.160895 0.329876 0.0544635  0.239414 0.0928537  0.022741  0.563422 0.0271057
(1,2,((3,((4,6),5)),((((7,8),9),10),(11,12)))); -7755.44  -7.11114 79.7013 38.759 0 -7789.27 0.267518 0.241711 0.160896 0.329875 0.0544695  0.239421  0.092853 0.0227425  0.563408 0.0271052
(1,2,((3,((4,5),6)),(((((7,8),9),10),11),12))); -7745.13  -1.22773 81.6834 38.4069 0 -7787.18 0.267517 0.241712 0.160896 0.329875 0.0544657  0.239424 0.0928523  0.022741  0.563411 0.0271058
(1,2,((3,((4,5),6)),(((((7,8),9),10),11),12))); -7823.28  -1.22773 89.072 38.5438 0 -7872.58 0.267518 0.241713 0.160895 0.329874 0.0544694  0.239415 0.0928484 0.0227401   0.56342 0.0271072
(1,2,(((3,6),(4,5)),((((7,8),9),10),(11,12)))); -7758.49  -3.71502 79.5764 38.6627 0 -7795.69 0.267517 0.241713 0.160895 0.329876 0.0544653  0.239415 0.0928571 0.0227417  0.563415 0.0271061
(1,2,((3,((4,5),6)),(((((7,8),9),10),11),12))); -7740.27  -1.22773 95.8965 38.6812 0 -7796.26 0.267517 0.241712 0.160897 0.329874  0.054466  0.239416  0.092853 0.0227401  0.563418 0.0271068
(1,2,((3,((4,5),6)),(((((7,8),9),10),11),12))); -7740.38  -1.22773 84.5146 38.9782 0 -7784.69 0.267518 0.241711 0.160895 0.329875  0.054465  0.239423 0.0928462 0.0227402  0.563422 0.0271033
(1,2,((3,((4,5),6)),(((((7,8),9),10),11),12))); -7753.02  -1.22773 94.7587 38.5768 0 -7807.98 0.267518 0.241712 0.160895 0.329875 0.0544693  0.239418 0.0928522 0.0227414  0.563413 0.0271059
(1,2,(((3,6),(4,5)),(((((7,8),9),10),11),12))); -7776.31  -3.61253 79.8445 39.2743 0 -7813.27 0.267517 0.241712 0.160895 0.329876  0.054467  0.239424 0.0928511 0.0227428   0.56341 0.0271052
(1,2,((3,((4,5),6)),(((((7,8),9),10),11),12))); -7747.91  -1.22773 76.5514 39.1519 0 -7784.08 0.267518 0.241712 0.160895 0.329875 0.0544636  0.239417 0.0928543 0.0227404   0.56342 0.0271046
(1,2,((3,((4,5),6)),(((((7,8),9),10),11),12))); -7736.64  -1.22773 81.8113 38.8306 0 -7778.39 0.267518 0.241711 0.160896 0.329875 0.0544678  0.239412 0.0928521 0.0227393  0.563424 0.0271044
(1,2,((3,((4,5),6)),((((7,8),9),10),(11,12)))); -7732.86  -1.33022 89.3981 38.5161 0 -7782.41 0.267518 0.241712 0.160896 0.329874 0.0544701  0.239416 0.0928513 0.0227411  0.563414 0.0271081
(1,2,(((3,(4,5)),6),((((7,8),9),10),(11,12)))); -7776.67  -4.27598 83.3866 39.1935 0 -7816.58 0.267518 0.241712 0.160895 0.329876 0.0544641  0.239423 0.0928498 0.0227414  0.563416 0.0271061
(1,2,((3,((4,5),6)),(((((7,8),9),10),12),11))); -7723.9  -1.5764 85.0008 38.847 0 -7768.48 0.267517 0.241712 0.160895 0.329875 0.0544637  0.239416 0.0928538 0.0227394  0.563422 0.0271059
(1,2,((3,((4,5),6)),(((((7,8),9),10),12),11))); -7726.03  -1.5764 82.7033 38.3267 0 -7768.83 0.267519 0.241711 0.160895 0.329875 0.0544645  0.239412  0.092848  0.022741  0.563428 0.0271059
(1,2,((3,((4,5),6)),(((((7,8),9),10),11),12))); -7739.16  -1.22773 76.9942 38.549 0 -7776.38 0.267517 0.241713 0.160895 0.329874 0.0544656   0.23942 0.0928504 0.0227393  0.563422 0.0271027
(1,2,((3,((4,5),6)),(((((7,8),9),10),11),12))); -7750.86  -1.22773 82.7831 38.2696 0 -7794.15 0.267518 0.241711 0.160896 0.329875 0.0544652   0.23942 0.0928508 0.0227408  0.563419 0.0271044
(1,2,((3,((4,5),6)),(((((7,8),9),10),12),11))); -7724.01  -1.5764 82.9671 39.2301 0 -7766.17 0.267518 0.241712 0.160895 0.329875 0.0544654  0.239421 0.0928538 0.0227409  0.563413 0.0271052
(1,2,((3,(((((7,8),9),10),12),11)),((4,5),6))); -7743.66  -6.50355 82.7378 39.2921 0 -7780.61 0.267518 0.241712 0.160895 0.329875 0.0544667  0.239423 0.0928499 0.0227404  0.563412 0.0271078
(1,2,((3,((4,5),6)),(((((7,8),9),10),11),12))); -7764.43  -1.22773 80.6346 39.4284 0 -7804.41 0.267518 0.241711 0.160896 0.329875 0.0544674  0.239421  0.092851   0.02274  0.563414 0.0271059
(1,2,((3,((4,5),6)),((((7,8),9),10),(11,12)))); -7730.42  -1.33022 84.2668 39.241 0 -7774.11 0.267518 0.241711 0.160895 0.329875 0.0544669  0.239418 0.0928541 0.0227412  0.563412 0.0271074
(1,2,((3,((4,5),6)),(((((7,8),9),10),11),12))); -7736.81  -1.22773 78.6259 38.8736 0 -7775.33 0.267517 0.241712 0.160896 0.329875 0.0544671  0.239415  0.092854 0.0227397   0.56342  0.027104
(1,2,(((3,(4,5)),6),(((((7,8),9),10),11),12))); -7744.13  -4.17349 82.6922 38.8126 0 -7783.84 0.267518 0.241712 0.160895 0.329875 0.0544659  0.239417 0.0928605 0.0227407  0.563409 0.0271069
(1,2,((3,((4,5),6)),(((((7,8),9),10),12),11))); -7731.37  -1.5764 94.9474 38.6502 0 -7786.1 0.267517 0.241712 0.160895 0.329875 0.0544619  0.239422 0.0928485 0.0227397  0.563421  0.027107
(1,2,((3,((4,5),6)),((((7,8),9),10),(11,12)))); -7731.8  -1.33022 81.8508 39.3942 0 -7772.93 0.267517 0.241712 0.160895 0.329875 0.0544669   0.23942 0.0928522 0.0227409  0.563413  0.027107
(1,(2,(((((7,8),9),10),11),12)),(3,((4,5),6))); -7743.06  -3.2864 74.3419 38.9768 0 -7775.14 0.267517 0.241711 0.160895 0.329877 0.0544632  0.239427 0.0928518  0.022739  0.563414 0.0271048
(1,2,((3,((4,5),6)),((((7,8),9),10),(11,12)))); -7764.06  -1.33022 81.2095 38.0839 0 -7805.86 0.267517 0.241712 0.160896 0.329875 0.0544669  0.239417 0.0928521 0.0227394  0.563418 0.0271075
(1,2,((3,((4,5),6)),(((((7,8),9),10),11),12))); -7757.86  -1.22773 80.4233 38.6295 0 -7798.43 0.267517 0.241712 0.160896 0.329876 0.0544665  0.239415 0.0928512  0.022741  0.563418 0.0271081
(1,2,(((3,(4,5)),6),(((((7,8),9),10),11),12))); -7779.58  -4.17349 89.7189 37.9895 0 -7827.13 0.267517 0.241712 0.160895 0.329876 0.0544684  0.239415 0.0928497 0.0227437  0.563418  0.027105
(1,2,((3,((4,5),6)),(((((7,8),9),10),11),12))); -7823.45  -1.22773 83.0938 37.7521 0 -7867.56 0.267518 0.241712 0.160895 0.329875 0.0544633  0.239417 0.0928517 0.0227417  0.563421 0.0271055
(1,(2,(((((7,8),9),10),11),12)),(3,((4,5),6))); -7736.03  -3.2864 79.8348 39.0287 0 -7773.55 0.267518 0.241711 0.160895 0.329876 0.0544668  0.239415 0.0928569 0.0227396  0.563417 0.0271047
(1,2,((3,((4,5),6)),((((7,8),9),10),(11,12)))); -7729.18  -1.33022 84.522 38.6029 0 -7773.77 0.267518 0.241712 0.160895 0.329876  0.054464   0.23942 0.0928551 0.0227418  0.563413 0.0271064
(1,2,((3,((4,5),6)),((((7,8),9),10),(11,12)))); -7789.46  -1.33022 84.7702 38.5372 0 -7834.36 0.267518 0.241712 0.160895 0.329875  0.054466  0.239421  0.092853 0.0227422   0.56341 0.0271073
(1,2,((3,((4,5),6)),(((((7,8),9),10),11),12))); -7738.84  -1.22773 79.2581 39.0139 0 -7777.86 0.267518 0.241712 0.160895 0.329875 0.0544639  0.239431  0.092851 0.0227407  0.563409 0.0271043
(1,2,((3,((4,5),6)),(((((7,8),9),10),12),11))); -7738.66  -1.5764 82.1324 38.9862 0 -7780.23 0.267517 0.241711 0.160896 0.329876  0.054466  0.239421 0.0928525 0.0227394  0.563416 0.0271058
(1,(2,((((7,8),9),10),(11,12))),(3,((4,5),6))); -7726.89  -3.38889 83.5528 39.0306 0 -7768.02 0.267517 0.241712 0.160895 0.329876 0.0544634   0.23942 0.0928509 0.0227387   0.56342 0.0271066
(1,2,((3,((4,5),6)),(((((7,8),9),10),11),12))); -7741.36  -1.22773 80.8035 39.2126 0 -7781.72 0.267518 0.241711 0.160895 0.329876 0.0544703  0.239421 0.0928547 0.0227383  0.563414 0.0271025
(1,2,((3,((4,5),6)),((((7,8),9),10),(11,12)))); -7785.36  -1.33022 74.2347 38.6673 0 -7819.6 0.267518 0.241711 0.160896 0.329875 0.0544667  0.239415 0.0928551 0.0227397  0.563414  0.027109
(1,2,((3,((4,5),6)),(((((7,8),9),10),12),11))); -7725.73  -1.5764 81.3664 38.8907 0 -7766.63 0.267518 0.241711 0.160896 0.329875 0.0544688  0.239422 0.0928527 0.0227415  0.563413 0.0271027
(1,2,((3,((4,5),6)),(((((7,8),9),10),11),12))); -7742.26  -1.22773 77.9398 38.3287 0 -7780.64 0.267519 0.241711 0.160895 0.329875 0.0544684  0.239416 0.0928513 0.0227393  0.563418 0.0271069
(1,2,((3,((4,5),6)),((((7,8),9),10),(11,12)))); -7773.27  -1.33022 86.4705 38.9005 0 -7819.51 0.267519 0.241711 0.160895 0.329876  0.054465  0.239421 0.0928536 0.0227401  0.563414 0.0271057
(1,2,((3,((4,5),6)),((((7,8),9),10),(11,12)))); -7753.62  -1.33022 79.6943 38.8259 0 -7793.16 0.267518 0.241712 0.160895 0.329875 0.0544658  0.239416 0.0928532  0.022741  0.563418 0.0271064
(1,2,((3,((4,5),6)),((((7,8),9),10),(11,12)))); -7742.67  -1.33022 84.0299 39.1091 0 -7786.26 0.267518 0.241712 0.160895 0.329874 0.0544662  0.239419 0.0928536 0.0227425  0.563413  0.027106
(1,2,((3,((4,5),6)),(((((7,8),9),10),12),11))); -7725.99  -1.5764 82.6097 39.3769 0 -7767.65 0.267518 0.241712 0.160895 0.329876 0.0544667  0.239415 0.0928508 0.0227427   0.56342  0.027105
(1,2,((3,((4,5),6)),(((((7,8),9),10),11),12))); -7754.7  -1.22773 81.659 39.0528 0 -7796.08 0.267516 0.241712 0.160896 0.329876  0.054467  0.239419 0.0928493 0.0227406  0.563417 0.0271071
(1,2,((3,((4,5),6)),(((((7,8),9),10),12),11))); -7728.57  -1.5764 81.2898 39.3548 0 -7768.93 0.267517 0.241711 0.160896 0.329876 0.0544664  0.239423 0.0928546 0.0227391  0.563413 0.0271038
(1,2,((3,((4,5),6)),((((7,8),9),10),(11,12)))); -7752.98  -1.33022 87.0673 38.6593 0 -7800.05 0.267517 0.241712 0.160896 0.329875 0.0544641  0.239417 0.0928548 0.0227393   0.56342 0.0271053
(1,2,((3,((4,5),6)),((((7,8),9),10),(11,12)))); -7735.75  -1.33022 84.0649 39.1172 0 -7779.37 0.267517 0.241712 0.160895 0.329875 0.0544671  0.239421 0.0928551  0.022739  0.563413 0.0271045
(1,2,((3,((4,5),6)),(((((7,8),9),10),12),11))); -7758.65  -1.5764 80.5116 38.8477 0 -7798.73 0.267518 0.241712 0.160895 0.329875 0.0544658  0.239416 0.0928511 0.0227394  0.563424 0.0271041
(1,2,((3,((4,5),6)),((((7,8),9),10),(11,12)))); -7752.87  -1.33022 87.398 39.1655 0 -7799.78 0.267517 0.241712 0.160895 0.329875 0.0544682  0.239416 0.0928508 0.0227394  0.563419 0.0271067
