tree logl logTop logBL logPrior logQ logWt pi1 pi2 pi3 pi4 s1 s2 s3 s4 s5 s6
(1,(2,(((((7,8),9),10),11),12)),(3,((4,5),6))); -7705.95  0 79.2248 38.336 26.5492 -7773.39 0.260089  0.22548 0.196065 0.318367 0.0384149   0.27298 0.0733084 0.0145097  0.587591 0.0131964
(1,(2,(((((7,8),9),10),11),12)),(3,((4,5),6))); -7702.71  0 79.4126 38.8333 28.3766 -7771.67   0.2287 0.244562 0.211151 0.315587 0.0476231  0.275027 0.0819282   0.01087  0.571816 0.0127353
(1,(2,(((((7,8),9),10),11),12)),(3,((4,5),6))); -7702.88  0 80.7215 39.4449 28.0574 -7772.22 0.245137 0.235557 0.192381 0.326925  0.041512   0.28841 0.0787287 0.0101413  0.566047 0.0151606
(1,(2,(((((7,8),9),10),11),12)),(3,((4,5),6))); -7703.38  0 81.6159 39.0263 26.5287 -7772.49 0.231884 0.235423 0.201969 0.330724  0.0427924   0.308451  0.0757808  0.0195133   0.546852 0.00661031
(1,(2,(((((7,8),9),10),11),12)),(3,((4,5),6))); -7712.39  0 75 39.7425 27.431 -7775.07 0.233462 0.251998 0.207665 0.306875  0.0537786   0.321974  0.0595087 0.00973446   0.538119   0.016885
(1,(2,(((((7,8),9),10),11),12)),(3,((4,5),6))); -7705.85  0 77.5092 39.1716 29.0347 -7773.22 0.237825 0.230783 0.197922  0.33347  0.0471757   0.304995   0.063902 0.00729921   0.567257 0.00937088
(1,(2,(((((7,8),9),10),11),12)),(3,((4,5),6))); -7705.11  0 80.0404 39.3554 25.9222 -7771.72 0.245151 0.233699 0.190793 0.330357  0.0548522   0.299805  0.0811876 0.00495367   0.548144   0.011057
(1,(2,(((((7,8),9),10),11),12)),(3,((4,5),6))); -7708.4  0 79.1156 39.618 26.6468 -7774.54 0.227992  0.23218 0.207714 0.332114 0.0522664  0.266158 0.0772763 0.0133175  0.584112 0.0068699
(1,(2,(((((7,8),9),10),11),12)),(3,((4,5),6))); -7710.95  0 74.1601 38.6594 27.3595 -7773.82   0.2422 0.220089 0.221101  0.31661 0.0565668  0.284193 0.0557537  0.015794  0.576978 0.0107146
(1,(2,(((((7,8),9),10),11),12)),(3,((4,5),6))); -7712.24  0 75.1399 39.0166 24.5192 -7772.88 0.236906 0.224626 0.219579 0.318889 0.0550105  0.302299 0.0947068 0.0135878  0.525899 0.0084974
(1,(2,(((((7,8),9),10),11),12)),(3,((4,5),6))); -7705.69  0 82.8471 39.1396 25.296 -7774.7 0.229475 0.225114 0.216149 0.329263 0.0388194  0.305886 0.0481091 0.0168986  0.575624 0.0146628
(1,(2,(((((7,8),9),10),11),12)),(3,((4,5),6))); -7707.53  0 78.598 39.2318 27.9534 -7774.85 0.238532 0.234392 0.203256 0.323819  0.057563  0.321742 0.0679412 0.0123751  0.526205 0.0141734
(1,(2,(((((7,8),9),10),11),12)),(3,((4,5),6))); -7707.54  0 76.9659 38.7177 27.8566 -7773.64 0.239596 0.226854 0.202268 0.331282 0.0368536  0.317884 0.0642952 0.0130092  0.560601 0.0073566
(1,(2,(((((7,8),9),10),11),12)),(3,((4,5),6))); -7706.24  0 80.8116 39.1612 26.1675 -7774.05 0.237373 0.236084 0.208718 0.317826  0.031321  0.297439 0.0538084 0.0174625  0.584169 0.0158003
(1,(2,(((((7,8),9),10),11),12)),(3,((4,5),6))); -7707.31  0 77.2824 39.1191 28.9994 -7774.47 0.234556 0.239441 0.212825 0.313178  0.0604129   0.284229  0.0652578  0.0155137   0.565115 0.00947128
(1,(2,(((((7,8),9),10),11),12)),(3,((4,5),6))); -7710.24  0 75.4467 39.4298 28.0119 -7774.26 0.244817 0.251668 0.209031 0.294484 0.0428301  0.291154 0.0773765 0.0118089  0.562513 0.0143179
(1,(2,(((((7,8),9),10),11),12)),(3,((4,5),6))); -7703.83  0 76.6021 38.7514 30.216 -7771.9 0.241819 0.242457 0.198152 0.317572  0.0455131   0.299954   0.057786 0.00894885    0.57689  0.0109084
(1,(2,(((((7,8),9),10),11),12)),(3,((4,5),6))); -7708.35  0 79.5341 39.2484 25.1926 -7773.83 0.265778 0.233593 0.203466 0.297163   0.041167   0.318633  0.0579096  0.0110663   0.566784 0.00444009
(1,(2,(((((7,8),9),10),11),12)),(3,((4,5),6))); -7701.03  0 82.4034 39.2569 27.4333 -7771.61 0.234121 0.226147 0.205718 0.334014 0.0544217  0.291481 0.0607449 0.0147144  0.561011 0.0176267
(1,(2,(((((7,8),9),10),11),12)),(3,((4,5),6))); -7700.11  0 82.905 39.0079 28.0057 -7772.01 0.225235 0.230736 0.213543 0.330486  0.0517228   0.280631   0.061943 0.00902461    0.58883 0.00784886
(1,(2,(((((7,8),9),10),11),12)),(3,((4,5),6))); -7708.23  0 79.2005 39.2655 25.7342 -7773.9 0.221358 0.252744 0.220461 0.305437 0.0515369   0.27495 0.0685142 0.0115534  0.575043 0.0184025
(1,(2,(((((7,8),9),10),11),12)),(3,((4,5),6))); -7704.77  0 83.9823 39.1676 24.5725 -7774.16 0.240157 0.227667 0.220709 0.311467  0.0412394   0.300466   0.093339 0.00788684   0.552244  0.0048245
(1,(2,(((((7,8),9),10),11),12)),(3,((4,5),6))); -7702.36  0 80.8086 38.7454 28.3051 -7772.73 0.238776 0.225057 0.218994 0.317172 0.0485921  0.279236 0.0606693 0.0176153   0.58306 0.0108268
(1,(2,(((((7,8),9),10),11),12)),(3,((4,5),6))); -7704.6  0 79.4984 39.4423 29.0444 -7773.7 0.236851 0.247957 0.215216 0.299976 0.0545249  0.285832 0.0671633 0.0124066  0.566635 0.0134379
(1,(2,(((((7,8),9),10),11),12)),(3,((4,5),6))); -7709.71  0 79.1001 38.9814 24.8657 -7774.7 0.228215 0.246081 0.197956 0.327748 0.0498957  0.286563 0.0673594 0.0185141  0.554493 0.0231753
(1,(2,(((((7,8),9),10),11),12)),(3,((4,5),6))); -7705.64  0 80.6803 39.1508 26.8466 -7774.02 0.246439 0.229789 0.201312  0.32246 0.0462241  0.264913 0.0820246 0.0180866  0.578475 0.0102766
(1,(2,(((((7,8),9),10),11),12)),(3,((4,5),6))); -7706.41  0 77.5289 38.9165 27.2665 -7772.29 0.240209 0.252753 0.205696 0.301341 0.0521825  0.307893 0.0531986  0.018596  0.557249 0.0108806
(1,(2,(((((7,8),9),10),11),12)),(3,((4,5),6))); -7700.36  0 81.0857 38.996 28.299 -7770.75  0.24112 0.244833 0.208801 0.305246   0.047744   0.304374  0.0808882 0.00789386    0.54313  0.0159701
(1,(2,(((((7,8),9),10),11),12)),(3,((4,5),6))); -7700.99  0 78.2574 38.7938 29.898 -7770.36  0.23425 0.237246 0.207794  0.32071  0.0504499   0.298537  0.0534261  0.0114645   0.576156 0.00996646
(1,(2,(((((7,8),9),10),11),12)),(3,((4,5),6))); -7705.77  0 75.8702 38.4289 27.0537 -7770.26 0.257162 0.236962 0.212278 0.293598 0.0435353  0.306301  0.083364 0.0107054  0.544297 0.0117979
(1,(2,(((((7,8),9),10),11),12)),(3,((4,5),6))); -7698.47  0 83.6874 39.188 28.7454 -7771.72 0.233127 0.237828 0.207553 0.321492  0.0514411    0.30361  0.0519932  0.0133437   0.572773 0.00683849
(1,(2,(((((7,8),9),10),11),12)),(3,((4,5),6))); -7718.22  0 71.0858 38.9027 23.1442 -7773.54 0.244865 0.261382 0.205014 0.288738 0.0439101  0.309025 0.0722892 0.0151576  0.537359  0.022259
(1,(2,(((((7,8),9),10),11),12)),(3,((4,5),6))); -7701.82  0 78.8932 38.7456 28.7199 -7770.69 0.236824 0.246141 0.209662 0.307372  0.0472059   0.293485  0.0594333  0.0197277   0.570328 0.00981971
(1,(2,(((((7,8),9),10),11),12)),(3,((4,5),6))); -7705.57  0 72.89 38.5338 29.3533 -7769.28 0.228959 0.237973 0.216034 0.317034  0.0420857   0.290654   0.062017 0.00746905    0.58697  0.0108042
(1,(2,(((((7,8),9),10),11),12)),(3,((4,5),6))); -7700.64  0 82.0275 38.9983 28.1499 -7771.82 0.227879 0.241609  0.20623 0.324281  0.0457793   0.299539  0.0848872  0.0102396    0.55049 0.00906501
(1,(2,(((((7,8),9),10),11),12)),(3,((4,5),6))); -7697.73  0 85.1323 39.3943 28.8396 -7772.3 0.258158  0.23104 0.202628 0.308174  0.0561142   0.306353   0.067167 0.00788324   0.553657 0.00882562
(1,(2,(((((7,8),9),10),11),12)),(3,((4,5),6))); -7703.29  0 81.138 39.1272 28.756 -7774.05 0.235779 0.238562 0.200311 0.325349  0.0568674   0.305244  0.0753682 0.00882061   0.541371  0.0123285
(1,(2,(((((7,8),9),10),11),12)),(3,((4,5),6))); -7698.35  0 82.7163 38.8278 29.5842 -7771.82 0.255112 0.239635 0.202005 0.303248  0.0465848   0.282766  0.0693998 0.00996033   0.578437  0.0128518
(1,(2,(((((7,8),9),10),11),12)),(3,((4,5),6))); -7706.84  0 75.2207 38.8279 28.5824 -7771.81 0.251407 0.239576 0.194788  0.31423 0.0564743  0.309345 0.0537808 0.0106105  0.557583 0.0122062
(1,(2,(((((7,8),9),10),11),12)),(3,((4,5),6))); -7704.62  0 79.8124 39.2268 27.0431 -7772.25 0.251014 0.252374 0.191544 0.305068  0.0605513   0.301144  0.0677655  0.0138537   0.547433 0.00925249
(1,(2,(((((7,8),9),10),11),12)),(3,((4,5),6))); -7702.86  0 79.1377 39.2264 28.2234 -7770.99 0.234517 0.241958 0.217806 0.305719  0.0551456   0.310668  0.0704194 0.00586744   0.546182  0.0117171
(1,(2,(((((7,8),9),10),11),12)),(3,((4,5),6))); -7709.12  0 73.5511 38.9867 27.5786 -7771.26 0.223097  0.24372 0.203011 0.330172  0.0558459   0.280714  0.0591911 0.00808714    0.58491  0.0112519
(1,(2,(((((7,8),9),10),11),12)),(3,((4,5),6))); -7704.69  0 81.8047 39.082 26.5746 -7773.99 0.226248 0.251864 0.202273 0.319616  0.036375  0.305697 0.0531756 0.0151868  0.575864 0.0137015
(1,(2,(((((7,8),9),10),11),12)),(3,((4,5),6))); -7707.37  0 80.9057 38.6497 25.6926 -7775.32 0.234035 0.238937 0.216962 0.310066   0.029846   0.291849  0.0569132 0.00676962   0.606351 0.00827079
(1,(2,(((((7,8),9),10),11),12)),(3,((4,5),6))); -7707.17  0 76.8395 39.1078 26.0466 -7770.94 0.241474 0.233579 0.211645 0.313302  0.0420087   0.324117  0.0770321 0.00933401    0.52594  0.0215678
(1,(2,(((((7,8),9),10),11),12)),(3,((4,5),6))); -7698.72  0 83.6938 39.0458 29.1861 -7772.55  0.24642 0.230377 0.212255 0.310949  0.0485776    0.32328  0.0578783 0.00783391   0.549871   0.012559
(1,(2,(((((7,8),9),10),11),12)),(3,((4,5),6))); -7704.5  0 80.2254 38.9781 26.3031 -7772.05 0.230762 0.247068 0.215187 0.306984  0.0475032   0.295652  0.0752194 0.00561398   0.571645 0.00436711
(1,(2,(((((7,8),9),10),11),12)),(3,((4,5),6))); -7704.34  0 83.2167 39.3036 24.8474 -7773.1 0.265789 0.233956 0.183921 0.316333 0.0392814  0.294743 0.0773979 0.0147006  0.560452 0.0134252
(1,(2,(((((7,8),9),10),11),12)),(3,((4,5),6))); -7705.65  0 76.992 39.0985 29.6366 -7773.18 0.235878 0.245396  0.20834 0.310386 0.0404896  0.292486  0.055976 0.0107205  0.589982 0.0103452
(1,(2,(((((7,8),9),10),11),12)),(3,((4,5),6))); -7701.93  0 80.776 39.0945 28.6037 -7772.21 0.246646 0.232964 0.205141 0.315249  0.0330726    0.31457  0.0658658 0.00780256   0.567366  0.0113232
(1,(2,(((((7,8),9),10),11),12)),(3,((4,5),6))); -7708.14  0 78.3397 38.7265 25.351 -7773.11 0.236999 0.224803 0.217585 0.320613  0.053586  0.289419 0.0504922 0.0220216  0.577432 0.0070484
(1,(2,(((((7,8),9),10),11),12)),(3,((4,5),6))); -7707.17  0 76.353 38.9863 27.9112 -7772.44 0.249684 0.232661 0.195051 0.322603  0.0538139   0.272058  0.0584382  0.0119245   0.596376 0.00738882
(1,(2,(((((7,8),9),10),11),12)),(3,((4,5),6))); -7707.87  0 76.3655 39.4876 28.4194 -7773.17 0.244306 0.230065  0.19773 0.327899 0.0436378  0.273912 0.0688833 0.0142539  0.584898 0.0144153
(1,(2,(((((7,8),9),10),11),12)),(3,((4,5),6))); -7703.03  0 78.2043 38.5832 26.9005 -7769.56   0.2421 0.239831 0.192653 0.325416 0.0506207  0.270783 0.0666602 0.0126658  0.578754 0.0205156
(1,(2,(((((7,8),9),10),11),12)),(3,((4,5),6))); -7708.61  0 75.4964 38.6233 27.1488 -7772.63 0.254235 0.239986 0.192731 0.313048  0.052767  0.282254 0.0555129 0.0141433  0.577195 0.0181279
(1,(2,(((((7,8),9),10),11),12)),(3,((4,5),6))); -7705.54  0 79.038 38.8478 27.1844 -7772.91 0.226848 0.254779 0.208466 0.309907 0.0425917  0.304981 0.0779123 0.0162333  0.547281 0.0110008
(1,(2,(((((7,8),9),10),11),12)),(3,((4,5),6))); -7700.52  0 80.5328 38.6693 27.9244 -7770.3 0.233582 0.228739  0.20776 0.329919  0.0563445   0.291966   0.077226 0.00627327   0.556615  0.0115748
(1,(2,(((((7,8),9),10),11),12)),(3,((4,5),6))); -7703.66  0 77.6068 39.2902 28.8169 -7770.79 0.244835 0.226349 0.207314 0.321502    0.04418   0.292341  0.0843872  0.0110848   0.558239 0.00976751
(1,(2,(((((7,8),9),10),11),12)),(3,((4,5),6))); -7700.38  0 81.3105 39.1673 27.5261 -7770.05 0.259332 0.232259 0.193576 0.314833 0.0426669  0.303177 0.0797111 0.0106207  0.556662 0.0071619
(1,(2,(((((7,8),9),10),11),12)),(3,((4,5),6))); -7705.01  0 79.7898 38.7571 24.7643 -7770.81 0.251959 0.220497 0.225295  0.30225 0.0476349  0.301331 0.0668021  0.007419  0.573166 0.0036469
(1,(2,(((((7,8),9),10),11),12)),(3,((4,5),6))); -7699.01  0 84.5181 39.3626 29.2503 -7773.41 0.246508 0.237091 0.212332 0.304069  0.0441846   0.291411  0.0548384  0.0083616   0.593152 0.00805208
(1,(2,(((((7,8),9),10),11),12)),(3,((4,5),6))); -7707.1  0 78.7401 38.8908 26.3621 -7773.31 0.223298 0.237276 0.228204 0.311222  0.0457755   0.323538    0.05864 0.00733721   0.551547  0.0131628
(1,(2,(((((7,8),9),10),11),12)),(3,((4,5),6))); -7707.05  0 76.583 39.052 26.9995 -7771.58 0.259514 0.221758 0.215178  0.30355  0.0491717   0.301326  0.0728539 0.00577965   0.557346  0.0135229
(1,(2,(((((7,8),9),10),11),12)),(3,((4,5),6))); -7702.41  0 80.7323 39.1215 28.6204 -7772.64 0.245846 0.245299 0.205112 0.303743  0.054766  0.281392 0.0638815 0.0107312  0.570683 0.0185458
(1,(2,(((((7,8),9),10),11),12)),(3,((4,5),6))); -7712  0 74.858 38.8718 27.2487 -7775.24  0.22956 0.252882  0.20668 0.310878  0.0420438   0.290806  0.0487732  0.0100796   0.598828 0.00946935
(1,(2,(((((7,8),9),10),11),12)),(3,((4,5),6))); -7707.91  0 80.5999 39.2564 25.5954 -7774.85 0.234491 0.233014 0.204263 0.328232  0.0367838   0.318336  0.0877609   0.013327   0.536471 0.00732175
(1,(2,(((((7,8),9),10),11),12)),(3,((4,5),6))); -7705.66  0 80.5255 39.3244 27.2054 -7774.06 0.222865 0.237982 0.207497 0.331656 0.0391217  0.287992 0.0646787 0.0167416  0.578041 0.0134246
(1,(2,(((((7,8),9),10),11),12)),(3,((4,5),6))); -7702.63  0 80.5974 38.7476 28.6103 -7773.09 0.238547 0.235366  0.22388 0.302207 0.0446524  0.310891 0.0652065 0.0143519  0.551558   0.01334
(1,(2,(((((7,8),9),10),11),12)),(3,((4,5),6))); -7705.37  0 77.639 38.8085 26.2283 -7770.43 0.226547 0.225555 0.208512 0.339386  0.0539803   0.275269   0.063193 0.00683433    0.59213 0.00859341
(1,(2,(((((7,8),9),10),11),12)),(3,((4,5),6))); -7703.45  0 78.0985 38.6433 27.0975 -7770 0.247826 0.246992 0.205981 0.299201 0.0651601   0.27999 0.0546318 0.0133304  0.576003 0.0108847
(1,(2,(((((7,8),9),10),11),12)),(3,((4,5),6))); -7702.15  0 84.9683 39.1532 25.3875 -7773.35 0.230247 0.253714  0.21841 0.297629  0.0440252   0.260671  0.0710765 0.00797311   0.607642 0.00861239
(1,(2,(((((7,8),9),10),11),12)),(3,((4,5),6))); -7701.39  0 81.3455 38.954 28.0823 -7771.87 0.221437 0.255095  0.20403 0.319438  0.0453376    0.28977  0.0682518  0.0113109   0.575933 0.00939659
(1,(2,(((((7,8),9),10),11),12)),(3,((4,5),6))); -7705.74  0 77.4006 38.7877 28.4443 -7772.8 0.262458 0.222904 0.199265 0.315373 0.0489387   0.28572  0.067968 0.0109428  0.575573 0.0108574
(1,(2,(((((7,8),9),10),11),12)),(3,((4,5),6))); -7704.77  0 77.8759 38.5092 27.0673 -7771.2 0.232988  0.24956 0.209716 0.307736  0.0415921   0.306664   0.058152 0.00547377   0.569571  0.0185467
(1,(2,(((((7,8),9),10),11),12)),(3,((4,5),6))); -7707.91  0 79.8283 38.903 25.8247 -7774.66 0.230091 0.246741 0.218163 0.305005 0.0539047  0.318167 0.0719923 0.0170446  0.523201 0.0156904
(1,(2,(((((7,8),9),10),11),12)),(3,((4,5),6))); -7703.53  0 83.4987 38.7784 27.3551 -7775.61 0.234924 0.243972 0.198717 0.322386  0.0420002   0.334966  0.0662604  0.0062616   0.540559 0.00995304
(1,(2,(((((7,8),9),10),11),12)),(3,((4,5),6))); -7710.56  0 82.6596 39.193 22.0913 -7776.12 0.236687 0.246696 0.213483 0.303134  0.0825612   0.287567  0.0713329 0.00610557   0.536706  0.0157278
(1,(2,(((((7,8),9),10),11),12)),(3,((4,5),6))); -7712.97  0 71.7865 38.7556 27.1969 -7773.2 0.255454 0.241804 0.193681 0.309061  0.052273  0.313077 0.0791938 0.0133333  0.530911 0.0112114
(1,(2,(((((7,8),9),10),11),12)),(3,((4,5),6))); -7701.57  0 80.9705 39.0464 28.7457 -7772.24 0.243584 0.245919 0.210377 0.300119  0.0448288   0.276936  0.0755257 0.00953639   0.585643 0.00752946
(1,(2,(((((7,8),9),10),11),12)),(3,((4,5),6))); -7704.4  0 74.4286 38.8874 28.0509 -7767.99 0.236695 0.236334  0.21159 0.315381  0.0414646   0.303176  0.0827317  0.0141669   0.552218 0.00624361
(1,(2,(((((7,8),9),10),11),12)),(3,((4,5),6))); -7704.43  0 79.7662 39.1162 26.9608 -7772.04 0.245887 0.221177  0.20552 0.327416 0.0379442  0.311334 0.0654274 0.0114313  0.554307 0.0195562
(1,(2,(((((7,8),9),10),11),12)),(3,((4,5),6))); -7705.5  0 74.1517 38.7553 28.9802 -7769.88  0.23712 0.232201 0.210512 0.320167  0.0583215   0.291863  0.0583247  0.0152878   0.568465 0.00773721
(1,(2,(((((7,8),9),10),11),12)),(3,((4,5),6))); -7705.87  0 82.8616 38.9198 23.9456 -7773.75 0.254041 0.236527 0.201777 0.307655 0.0674025  0.294565 0.0410648 0.0137925  0.571111 0.0120644
(1,(2,(((((7,8),9),10),11),12)),(3,((4,5),6))); -7705.24  0 83.4269 38.9388 25.8583 -7775.58 0.241542 0.229307 0.212227 0.316923 0.0299783  0.331001 0.0551586 0.0125302  0.557829 0.0135029
(1,(2,(((((7,8),9),10),11),12)),(3,((4,5),6))); -7705.34  0 77.1685 39.0171 27.6301 -7771.12 0.227248 0.229191 0.215821  0.32774   0.050818   0.277008  0.0696707  0.0139774   0.581876 0.00664963
(1,(2,(((((7,8),9),10),11),12)),(3,((4,5),6))); -7705.41  0 77.5027 37.9476 27.7649 -7772.73 0.240782   0.2517 0.202465 0.305053  0.0387216   0.292834  0.0615596 0.00632579   0.584144  0.0164152
(1,(2,(((((7,8),9),10),11),12)),(3,((4,5),6))); -7701.83  0 78.5396 38.6538 27.5969 -7769.31 0.249379 0.243499 0.201774 0.305348  0.0489871   0.310846  0.0857606 0.00899674   0.537355 0.00805383
(1,(2,(((((7,8),9),10),11),12)),(3,((4,5),6))); -7700.56  0 81.8098 38.6151 28.708 -7772.46 0.247808 0.233174 0.198469 0.320548 0.0455868  0.309009 0.0598195 0.0186204  0.555529 0.0114353
(1,(2,(((((7,8),9),10),11),12)),(3,((4,5),6))); -7709.88  0 78.8505 39.0074 22.4257 -7772.15 0.245316 0.240504  0.18781  0.32637  0.0401333   0.266119  0.0641134  0.0260667   0.596904 0.00666333
(1,(2,(((((7,8),9),10),11),12)),(3,((4,5),6))); -7709.53  0 81.3052 38.9009 24.1136 -7776.05 0.231184 0.242615 0.217583 0.308618 0.0465257  0.298306 0.0378488 0.0143185  0.591601 0.0113997
(1,(2,(((((7,8),9),10),11),12)),(3,((4,5),6))); -7698.9  0 83.5285 39.0611 29.1559 -7772.52 0.241399 0.232472 0.205429 0.320699 0.0554646  0.321862 0.0585883 0.0101171  0.541814 0.0121539
(1,(2,(((((7,8),9),10),11),12)),(3,((4,5),6))); -7700.89  0 79.491 38.7586 27.9343 -7769.56  0.22624 0.237845 0.222703 0.313212  0.0526195   0.270614  0.0708123  0.0112668   0.585274 0.00941417
(1,(2,(((((7,8),9),10),11),12)),(3,((4,5),6))); -7701.32  0 84.0574 39.0985 27.1321 -7773.41 0.247762 0.254873 0.196422 0.300943 0.0459802  0.278995 0.0649394 0.0153074  0.578093 0.0166843
(1,(2,(((((7,8),9),10),11),12)),(3,((4,5),6))); -7708.42  0 77.7944 38.7687 26.8084 -7774.26 0.226917 0.253404 0.195217 0.324462  0.0477681   0.319983  0.0646023 0.00671584   0.553335 0.00759586
(1,(2,(((((7,8),9),10),11),12)),(3,((4,5),6))); -7701.49  0 80.6191 39.2427 27.7678 -7770.63 0.245674 0.239359  0.20841 0.306557 0.0570552   0.32067 0.0727642 0.0151772   0.52408 0.0102536
(1,(2,(((((7,8),9),10),11),12)),(3,((4,5),6))); -7699.29  0 83.6005 38.8733 27.5586 -7771.58 0.236726 0.222883 0.203708 0.336683  0.0573914   0.286114  0.0616735 0.00871713   0.571445  0.0146593
(1,(2,(((((7,8),9),10),11),12)),(3,((4,5),6))); -7707.22  0 77.3245 38.5864 25.3241 -7771.28 0.246407 0.241405   0.1915 0.320688  0.0458788   0.292708  0.0931549  0.0101576   0.552625 0.00547536
(1,(2,(((((7,8),9),10),11),12)),(3,((4,5),6))); -7710.35  0 81.1053 39.1338 24.6239 -7776.94 0.216085 0.262393 0.220598 0.300924 0.0509213  0.303773 0.0570303 0.0114512  0.566036 0.0107886
(1,(2,(((((7,8),9),10),11),12)),(3,((4,5),6))); -7706.53  0 77.9929 38.5566 26.3856 -7772.35 0.257688 0.222021 0.221351 0.298941  0.0425529   0.309241  0.0645317 0.00539102   0.568171  0.0101122
(1,(2,(((((7,8),9),10),11),12)),(3,((4,5),6))); -7700.59  0 80.8716 38.5265 28.1853 -7771.12 0.239323 0.249367 0.213098 0.298212   0.046762   0.312247  0.0538227  0.0147406   0.563568 0.00885958
(1,(2,(((((7,8),9),10),11),12)),(3,((4,5),6))); -7706.44  0 83.9474 39.2964 24.2378 -7775.33 0.250536 0.235725 0.199816 0.313922 0.0632146  0.254656 0.0598217 0.0170133  0.585832  0.019463
(1,(2,(((((7,8),9),10),11),12)),(3,((4,5),6))); -7711.03  0 74.2564 38.4695 24.7784 -7771.6 0.262965 0.241348  0.19161 0.304077  0.0566112   0.284366  0.0771837 0.00432641   0.568137 0.00937515
(1,(2,(((((7,8),9),10),11),12)),(3,((4,5),6))); -7700.56  0 81.9918 39.2571 28.75 -7772.04 0.234314 0.240491 0.194521 0.330675  0.050023  0.300016 0.0715794 0.0141266  0.554146 0.0101086
(1,(2,(((((7,8),9),10),11),12)),(3,((4,5),6))); -7705.96  0 80.4481 39.2748 27.9353 -7775.07 0.250616 0.224081  0.21296 0.312342 0.0403695  0.279639   0.05937 0.0170119  0.591815 0.0117939
(1,(2,(((((7,8),9),10),11),12)),(3,((4,5),6))); -7708.78  0 73.4777 39.1249 27.4727 -7770.61  0.24807 0.234587 0.198297 0.319046  0.0471454   0.280906  0.0574689 0.00664447   0.588027  0.0198081
(1,(2,(((((7,8),9),10),11),12)),(3,((4,5),6))); -7707.82  0 82.4929 39.1053 24.0104 -7775.21  0.26503 0.242867 0.210605 0.281497 0.0488174  0.282412 0.0664618 0.0198217  0.572369 0.0101176
(1,(2,(((((7,8),9),10),11),12)),(3,((4,5),6))); -7706.13  0 78.7846 38.9455 26.1966 -7772.16 0.250181 0.212598 0.206081 0.331141 0.0463131  0.272433 0.0684063 0.0148725  0.584569 0.0134063
(1,(2,(((((7,8),9),10),11),12)),(3,((4,5),6))); -7703.63  0 75.2726 38.1033 29.7335 -7770.53 0.240127 0.234267 0.204142 0.321464 0.0562828  0.285318 0.0666861 0.0151098  0.564851 0.0117521
(1,(2,(((((7,8),9),10),11),12)),(3,((4,5),6))); -7706.18  0 78.1918 39.4497 28.2809 -7773.21 0.228576 0.242704 0.208892 0.319827 0.0370954  0.285302 0.0627452 0.0133944  0.585824 0.0156388
(1,(2,(((((7,8),9),10),11),12)),(3,((4,5),6))); -7707.62  0 77.7272 38.8426 25.5739 -7772.08 0.239851 0.246415 0.187661 0.326073   0.043817   0.293124  0.0898875 0.00989973    0.54885   0.014422
(1,(2,(((((7,8),9),10),11),12)),(3,((4,5),6))); -7705.94  0 77.6876 38.9961 28.3251 -7772.96 0.249988 0.239902 0.203514 0.306596 0.0371588  0.301723 0.0662552 0.0169507  0.562475 0.0154373
(1,(2,(((((7,8),9),10),11),12)),(3,((4,5),6))); -7707.88  0 80.193 38.643 21.8636 -7771.29 0.238371 0.256111 0.189337 0.316181  0.0745347   0.284658  0.0522293 0.00623835   0.565436  0.0169029
(1,(2,(((((7,8),9),10),11),12)),(3,((4,5),6))); -7703.39  0 80.4544 38.8874 28.8804 -7773.84 0.240552 0.246127 0.204417 0.308904 0.0551848  0.289669 0.0815419 0.0118441  0.549875 0.0118851
(1,(2,(((((7,8),9),10),11),12)),(3,((4,5),6))); -7705.04  0 84.5264 38.8678 25.045 -7775.74 0.231465 0.258852 0.197372  0.31231 0.0491561  0.304981 0.0632514 0.0214146  0.544077 0.0171204
(1,(2,(((((7,8),9),10),11),12)),(3,((4,5),6))); -7706.16  0 78.1291 39.1525 25.1571 -7770.3 0.254056 0.228538 0.190358 0.327049  0.040874  0.311485 0.0852818 0.0142517  0.534622 0.0134861
(1,(2,(((((7,8),9),10),11),12)),(3,((4,5),6))); -7705.07  0 79.5393 38.538 25.9851 -7772.06  0.23303 0.238592 0.226579 0.301799  0.0481249   0.331323  0.0710442 0.00631204   0.531809  0.0113871
(1,(2,(((((7,8),9),10),11),12)),(3,((4,5),6))); -7706.46  0 79.6538 39.6217 28.7863 -7775.28 0.221604 0.243652 0.216229 0.318515 0.0488561  0.298768 0.0672775 0.0127994  0.560394 0.0119047
(1,(2,(((((7,8),9),10),11),12)),(3,((4,5),6))); -7705.13  0 75.8258 38.8908 28.9784 -7771.04 0.247361 0.239003 0.208678 0.304958 0.0566616  0.290083 0.0734891 0.0105171  0.552717 0.0165322
(1,(2,(((((7,8),9),10),11),12)),(3,((4,5),6))); -7702.28  0 79.5323 38.6874 29.2532 -7772.37 0.236464 0.239436 0.213142 0.310958 0.0496191  0.310298 0.0558063 0.0149839  0.555209 0.0140834
(1,(2,(((((7,8),9),10),11),12)),(3,((4,5),6))); -7701.6  0 79.3968 39.0231 28.837 -7770.81 0.239396 0.237968 0.205093 0.317544  0.0540628   0.301806  0.0788039  0.0151766   0.541748 0.00840267
(1,(2,(((((7,8),9),10),11),12)),(3,((4,5),6))); -7713.61  0 71.0619 38.3609 23.6381 -7769.95 0.242523 0.225621 0.227989 0.303866 0.0561563  0.318464 0.0521867 0.0182597  0.536809 0.0181245
(1,(2,(((((7,8),9),10),11),12)),(3,((4,5),6))); -7708.26  0 72.14 39.0189 30.1365 -7771.51 0.245725 0.233309 0.212282 0.308685  0.0507036   0.289716  0.0663471  0.0106625   0.575716 0.00685404
(1,(2,(((((7,8),9),10),11),12)),(3,((4,5),6))); -7706.81  0 82.6262 38.7268 22.721 -7773.43 0.248888 0.250541 0.206266 0.294305 0.0591011  0.338652 0.0654752 0.0155677  0.504779 0.0164245
(1,(2,(((((7,8),9),10),11),12)),(3,((4,5),6))); -7698.78  0 82.548 39.0509 29.1807 -7771.46 0.227957 0.247627 0.208387 0.316029 0.0501959  0.281744 0.0694623 0.0119373  0.572068 0.0145918
(1,(2,(((((7,8),9),10),11),12)),(3,((4,5),6))); -7697.79  0 84.427 38.8749 28.2404 -7771.59 0.243451 0.235857 0.224981 0.295711  0.0471156   0.305811   0.056516 0.00909769   0.568794  0.0126651
(1,(2,(((((7,8),9),10),11),12)),(3,((4,5),6))); -7701.27  0 80.6208 38.6704 27.8942 -7771.12 0.239694 0.229337 0.208574 0.322396  0.0656883   0.299567  0.0554982  0.0108323   0.561015 0.00739926
(1,(2,(((((7,8),9),10),11),12)),(3,((4,5),6))); -7702.65  0 79.6012 39.2945 29.9451 -7772.9 0.240886 0.245786 0.199756 0.313571  0.0492165   0.312708  0.0675837   0.012292   0.549068 0.00913151
(1,(2,(((((7,8),9),10),11),12)),(3,((4,5),6))); -7705.21  0 79.0275 39.681 28.3287 -7772.89 0.232945 0.226815 0.221557 0.318683 0.0503905  0.272479 0.0709646 0.0135834  0.581129 0.0114543
(1,(2,(((((7,8),9),10),11),12)),(3,((4,5),6))); -7697.77  0 84.5087 39.203 28.8058 -7771.88 0.247275 0.219105 0.210433 0.323188 0.0499577  0.284809 0.0753971  0.011302  0.566767 0.0117672
(1,(2,(((((7,8),9),10),11),12)),(3,((4,5),6))); -7704.16  0 80.4965 38.8804 27.2247 -7773.01 0.251604 0.245375 0.198821   0.3042 0.0414646  0.290062 0.0748993 0.0106387   0.56201 0.0209246
(1,(2,(((((7,8),9),10),11),12)),(3,((4,5),6))); -7701.19  0 81.3839 39.1732 29.3454 -7772.75 0.249595 0.227769 0.206121 0.316515  0.0476979   0.298695  0.0582491   0.011522   0.577781 0.00605516
(1,(2,(((((7,8),9),10),11),12)),(3,((4,5),6))); -7709.98  0 79.8421 39.1693 25.9376 -7776.59 0.231659  0.22614 0.222349 0.319852  0.0411314   0.281048  0.0505832 0.00788511   0.611425 0.00792771
(1,(2,(((((7,8),9),10),11),12)),(3,((4,5),6))); -7705.35  0 73.8337 38.6267 29.3813 -7769.94 0.234272 0.239207 0.204582 0.321939  0.0374367   0.297066  0.0742866 0.00833984   0.572931 0.00993912
(1,(2,(((((7,8),9),10),11),12)),(3,((4,5),6))); -7704.61  0 76.8473 38.6823 28.0751 -7770.85 0.223358 0.240669 0.223977 0.311997  0.0467949    0.28175  0.0707719 0.00869053   0.581119  0.0108737
(1,(2,(((((7,8),9),10),11),12)),(3,((4,5),6))); -7702.25  0 79.5637 38.7262 29.2278 -7772.32 0.239551 0.232273 0.218869 0.309307  0.0472241   0.273027  0.0633946 0.00871863   0.596719   0.010917
(1,(2,(((((7,8),9),10),11),12)),(3,((4,5),6))); -7707.65  0 81.6455 38.8926 26.5023 -7776.9 0.259592 0.220289 0.205734 0.314385  0.0429611   0.285488  0.0494662 0.00958765   0.599502  0.0129948
(1,(2,(((((7,8),9),10),11),12)),(3,((4,5),6))); -7714.19  0 75.4497 39.0548 23.765 -7774.35 0.262069 0.212912 0.205372 0.319647  0.0480334   0.299737  0.0528897 0.00733813   0.570216   0.021785
(1,(2,(((((7,8),9),10),11),12)),(3,((4,5),6))); -7705.73  0 79.3096 38.5289 26.7766 -7773.28 0.235529 0.260892 0.198907 0.304672  0.0441019   0.310528   0.060319 0.00641896   0.562936  0.0156961
(1,(2,(((((7,8),9),10),11),12)),(3,((4,5),6))); -7708  0 75.0037 38.9406 26.4125 -7770.48 0.238184 0.250904 0.209243  0.30167  0.0548029   0.292802  0.0607075  0.0209026   0.564938 0.00584715
(1,(2,(((((7,8),9),10),11),12)),(3,((4,5),6))); -7709.77  0 83.2554 39.1577 22.4755 -7776.34  0.26117 0.218444  0.20004 0.320347  0.0766198   0.292169   0.049977  0.0108657   0.560841 0.00952707
(1,(2,(((((7,8),9),10),11),12)),(3,((4,5),6))); -7711.96  0 76.7357 38.9104 25.8584 -7775.64 0.237217 0.242117 0.195293 0.325373 0.0574108  0.298512 0.0423776 0.0107268  0.579367 0.0116059
(1,(2,(((((7,8),9),10),11),12)),(3,((4,5),6))); -7702.47  0 83.8025 39.4342 27.2003 -7774.04 0.246917 0.211839 0.218488 0.322755  0.0437543   0.307324  0.0570047 0.00953439   0.571835  0.0105477
(1,(2,(((((7,8),9),10),11),12)),(3,((4,5),6))); -7700.33  0 82.2868 38.9252 28.5774 -7772.27 0.235061 0.248589 0.214761 0.301589 0.0443068  0.317858 0.0633907 0.0147291  0.548007 0.0117086
(1,(2,(((((7,8),9),10),11),12)),(3,((4,5),6))); -7708.34  0 77.6863 38.7141 25.847 -7773.16 0.245596 0.231337 0.204881 0.318186 0.0581177  0.251105 0.0706636 0.0182356  0.588551  0.013328
(1,(2,(((((7,8),9),10),11),12)),(3,((4,5),6))); -7713.68  0 78.57 38.7321 23.3772 -7776.9 0.273756 0.209253 0.213029 0.303962  0.0505321   0.290334   0.058618 0.00775842   0.583942 0.00881526
(1,(2,(((((7,8),9),10),11),12)),(3,((4,5),6))); -7697.58  0 83.2391 38.5372 29.2928 -7771.57 0.249986 0.235023 0.203019 0.311973   0.037135   0.306956  0.0628405  0.0109517   0.575118 0.00699865
(1,(2,(((((7,8),9),10),11),12)),(3,((4,5),6))); -7707.46  0 74.0912 38.9697 29.4232 -7772.01  0.24001 0.243407 0.199292  0.31729  0.0540636   0.302693  0.0624804 0.00722927   0.566451 0.00708262
(1,(2,(((((7,8),9),10),11),12)),(3,((4,5),6))); -7711.9  0 78.3225 38.7101 23.3528 -7774.87 0.235624 0.253827 0.195343 0.315206 0.0417137  0.275804 0.0472819 0.0218041  0.605211 0.0081856
(1,(2,(((((7,8),9),10),11),12)),(3,((4,5),6))); -7710.49  0 71.563 38.8597 27.8031 -7771  0.23387 0.231189 0.229052 0.305889  0.0497313   0.298527  0.0676314 0.00643084   0.564675  0.0130052
(1,(2,(((((7,8),9),10),11),12)),(3,((4,5),6))); -7706.54  0 79.167 38.4808 25.9033 -7773.13 0.247837 0.231379  0.22235 0.298434  0.0645556   0.300084  0.0667098  0.0118742   0.551696 0.00508062
(1,(2,(((((7,8),9),10),11),12)),(3,((4,5),6))); -7704.64  0 80.3109 38.8508 27.1484 -7773.25 0.249583 0.229735 0.207879 0.312803 0.0518074  0.276357 0.0571487 0.0148218   0.57864 0.0212249
(1,(2,(((((7,8),9),10),11),12)),(3,((4,5),6))); -7712.25  0 80.3845 38.9846 24.1187 -7777.77 0.248769 0.225896 0.198612 0.326723  0.0502305    0.34066  0.0556389   0.020252   0.524065 0.00915357
(1,(2,(((((7,8),9),10),11),12)),(3,((4,5),6))); -7702.26  0 79.7533 38.9152 28.7482 -7771.84 0.227406 0.239374 0.207927 0.325293  0.0416481   0.294327  0.0746571 0.00695171   0.573401 0.00901575
(1,(2,(((((7,8),9),10),11),12)),(3,((4,5),6))); -7703.26  0 84.3249 39.1011 26.6749 -7775.16 0.222747 0.238273 0.219589 0.319391 0.0382828  0.322609 0.0621301 0.0161108  0.549009 0.0118578
(1,(2,(((((7,8),9),10),11),12)),(3,((4,5),6))); -7704.94  0 80.7834 39.0892 27.0957 -7773.73 0.241095  0.22481  0.20843 0.325664 0.0369002  0.286083 0.0580807 0.0184537  0.592172 0.0083108
(1,(2,(((((7,8),9),10),11),12)),(3,((4,5),6))); -7704.43  0 84.0547 39.114 26.4303 -7775.8 0.234884 0.249171 0.209894 0.306052 0.0405059  0.332953 0.0710521 0.0106948  0.527565 0.0172293
(1,(2,(((((7,8),9),10),11),12)),(3,((4,5),6))); -7702.23  0 83.1225 38.9326 25.896 -7772.32 0.253941 0.242312 0.198955 0.304792  0.0506309     0.3342  0.0560953  0.0159134   0.537046 0.00611506
(1,(2,(((((7,8),9),10),11),12)),(3,((4,5),6))); -7710.22  0 72.4284 38.3987 28.3128 -7772.56 0.226861 0.256482 0.211803 0.304854 0.0433022  0.301753 0.0716832  0.010549  0.561897 0.0108155
(1,(2,(((((7,8),9),10),11),12)),(3,((4,5),6))); -7704.25  0 80.5481 38.8917 27.7899 -7773.7 0.224448 0.243636 0.201152 0.330764  0.0597162   0.294305  0.0662875 0.00811424   0.560762  0.0108148
(1,(2,(((((7,8),9),10),11),12)),(3,((4,5),6))); -7707.49  0 80.3826 39.3664 26.4275 -7774.93 0.243287 0.231032 0.230653 0.295027 0.0597769  0.284891 0.0618066 0.0135153  0.568362 0.0116476
(1,(2,(((((7,8),9),10),11),12)),(3,((4,5),6))); -7707.26  0 79.9132 38.4751 25.9455 -7774.64 0.247997  0.22801 0.200316 0.323677  0.0403902   0.287574  0.0471968 0.00746232   0.600268  0.0171091
(1,(2,(((((7,8),9),10),11),12)),(3,((4,5),6))); -7706.71  0 81.5402 39.0731 25.0904 -7774.27 0.257274 0.251971 0.179821 0.310935  0.0458711   0.295795  0.0561413 0.00848085   0.585374 0.00833742
(1,(2,(((((7,8),9),10),11),12)),(3,((4,5),6))); -7707.43  0 80.7365 39.4312 26.4968 -7775.23 0.247311 0.223382 0.226749 0.302558  0.0497647   0.276929  0.0763742 0.00928361   0.570835  0.0168141
(1,(2,(((((7,8),9),10),11),12)),(3,((4,5),6))); -7698.25  0 82.6737 38.7801 28.5568 -7770.7 0.245217 0.223663 0.205281 0.325838 0.0532086  0.296947 0.0793812  0.012521  0.546966 0.0109762
(1,(2,(((((7,8),9),10),11),12)),(3,((4,5),6))); -7709.21  0 79.6473 38.9346 25.2155 -7775.14 0.221085 0.256678  0.20897 0.313267  0.0476582   0.312576  0.0449204  0.0107945    0.57426 0.00979098
(1,(2,(((((7,8),9),10),11),12)),(3,((4,5),6))); -7702.48  0 81.4393 39.3122 28.1076 -7772.71 0.237787 0.243415 0.216772 0.302025  0.0504253   0.320102  0.0770025  0.0105347   0.532191 0.00974488
(1,(2,(((((7,8),9),10),11),12)),(3,((4,5),6))); -7704.94  0 82.0027 39.336 24.2461 -7771.85 0.232692 0.242023 0.194997 0.330287  0.0416066   0.251594  0.0856051 0.00929411   0.599333  0.0125677
(1,(2,(((((7,8),9),10),11),12)),(3,((4,5),6))); -7698.66  0 83.0402 38.5509 29.1861 -7772.34 0.239034 0.227994 0.204455 0.328518 0.0553842   0.28084 0.0641273 0.0140134  0.574314 0.0113213
(1,(2,(((((7,8),9),10),11),12)),(3,((4,5),6))); -7696.73  0 82.4315 38.9759 30.0151 -7770.2  0.23821 0.246154 0.195896  0.31974 0.0449222  0.298768 0.0625143 0.0116407  0.570367 0.0117879
(1,(2,(((((7,8),9),10),11),12)),(3,((4,5),6))); -7716.81  0 76.3826 38.7303 22.47 -7776.93  0.22135 0.234318 0.220321 0.324012 0.0408947  0.314489 0.0480472 0.0240888  0.557911   0.01457
(1,(2,(((((7,8),9),10),11),12)),(3,((4,5),6))); -7709.8  0 76.812 39.3249 25.461 -7772.74 0.267893 0.216146  0.19955 0.316411  0.0414991   0.288402  0.0786272  0.0131039   0.569632 0.00873564
(1,(2,(((((7,8),9),10),11),12)),(3,((4,5),6))); -7704.29  0 80.0981 38.7784 28.412 -7774.02 0.232105 0.235947 0.195788  0.33616 0.0445292  0.312956 0.0623502 0.0104805  0.557451 0.0122324
(1,(2,(((((7,8),9),10),11),12)),(3,((4,5),6))); -7709.35  0 78.236 38.7663 23.0711 -7771.89 0.265385 0.230295 0.208725 0.295595  0.0650845   0.321655  0.0750731 0.00938577   0.522699 0.00610297
(1,(2,(((((7,8),9),10),11),12)),(3,((4,5),6))); -7708.73  0 79.1325 38.8376 25.3619 -7774.39  0.24575 0.247431 0.202818 0.304001  0.0741045   0.300909  0.0560465 0.00703505    0.54872  0.0131844
(1,(2,(((((7,8),9),10),11),12)),(3,((4,5),6))); -7702.83  0 82.6513 38.6759 25.1326 -7771.94 0.238546 0.243504 0.207246 0.310704 0.0564278   0.28229 0.0879231 0.0201769  0.546994 0.0061877
(1,(2,(((((7,8),9),10),11),12)),(3,((4,5),6))); -7700.28  0 83.7471 39.2164 26.8039 -7771.61 0.239506 0.240529 0.199566 0.320398 0.0471526  0.255527 0.0656033 0.0102912  0.603237 0.0181898
(1,(2,(((((7,8),9),10),11),12)),(3,((4,5),6))); -7710.82  0 74.1927 39.1219 27.4795 -7773.37 0.248123 0.236266 0.194457 0.321154 0.0329022  0.303101 0.0759906 0.0116621  0.562629 0.0137145
(1,(2,(((((7,8),9),10),11),12)),(3,((4,5),6))); -7702.29  0 81.502 38.696 27.6249 -7772.72 0.246694 0.234003 0.193638 0.325665 0.0454116  0.307489 0.0516591 0.0144758  0.574184 0.0067808
(1,(2,(((((7,8),9),10),11),12)),(3,((4,5),6))); -7702.78  0 82.4703 38.9413 27.7841 -7774.09 0.233207 0.245084 0.210786 0.310923  0.0398097   0.295851  0.0498069 0.00886739    0.59811 0.00755527
(1,(2,(((((7,8),9),10),11),12)),(3,((4,5),6))); -7708.59  0 79.2184 39.0914 25.0927 -7773.81 0.227829 0.229378 0.220033 0.322759 0.0642184   0.28761 0.0660755 0.0198173  0.546904 0.0153755
(1,(2,(((((7,8),9),10),11),12)),(3,((4,5),6))); -7703.79  0 78.1715 38.8739 28.8668 -7771.95 0.239228 0.251349 0.197361 0.312062 0.0451883  0.308233 0.0559253 0.0127625  0.563721 0.0141703
(1,(2,(((((7,8),9),10),11),12)),(3,((4,5),6))); -7696.83  0 82.3603 38.5817 30.0892 -7770.7 0.242742  0.22814 0.208471 0.320647 0.0470985  0.295311 0.0558113 0.0118901  0.577905 0.0119837
(1,(2,(((((7,8),9),10),11),12)),(3,((4,5),6))); -7699.75  0 82.0653 38.6978 28.7476 -7771.86 0.243053 0.245564  0.20361 0.307773  0.0457109    0.29226  0.0630005   0.012109    0.58217 0.00474932
(1,(2,(((((7,8),9),10),11),12)),(3,((4,5),6))); -7704.1  0 79.1192 38.6655 25.5887 -7770.14 0.249147 0.229223 0.224157 0.297473  0.0532412   0.338427  0.0593287 0.00932108   0.528091  0.0115916
(1,(2,(((((7,8),9),10),11),12)),(3,((4,5),6))); -7701.14  0 81.3084 39.1471 28.3017 -7771.61 0.239411 0.244813 0.204969 0.310807 0.0466545  0.289282 0.0842707 0.0165964  0.553192 0.0100042
(1,(2,(((((7,8),9),10),11),12)),(3,((4,5),6))); -7711.31  0 78.5917 38.5234 24.1415 -7775.52 0.216596 0.241608 0.196619 0.345176  0.0459288    0.30577  0.0580758  0.0171743   0.563796 0.00925603
(1,(2,(((((7,8),9),10),11),12)),(3,((4,5),6))); -7713.37  0 72.4166 39.5534 26.1245 -7772.36 0.248682 0.225101  0.21402 0.312197  0.0478892   0.273056  0.0726291 0.00491747   0.582075  0.0194329
(1,(2,(((((7,8),9),10),11),12)),(3,((4,5),6))); -7707.29  0 77.2643 39.0284 28.8633 -7774.39 0.241135 0.239499 0.207282 0.312085  0.0330089   0.304513  0.0701554 0.00894749   0.569842  0.0135328
(1,(2,(((((7,8),9),10),11),12)),(3,((4,5),6))); -7709.65  0 73.8097 39.2067 28.704 -7772.96 0.229941 0.229243 0.208736 0.332079 0.0469417  0.283806 0.0588527 0.0115803  0.585288 0.0135318
(1,(2,(((((7,8),9),10),11),12)),(3,((4,5),6))); -7700.35  0 80.9685 39.2248 29.592 -7771.68  0.25133 0.226394 0.216001 0.306275   0.043092   0.305336  0.0635227 0.00895626   0.567361  0.0117319
(1,(2,(((((7,8),9),10),11),12)),(3,((4,5),6))); -7702.87  0 82.531 39.2911 28.2874 -7774.4  0.24945 0.217547  0.21188 0.321123    0.04683   0.282498  0.0699447 0.00730489   0.580505  0.0129168
(1,(2,(((((7,8),9),10),11),12)),(3,((4,5),6))); -7703.57  0 78.2838 39.2957 29.5799 -7772.14 0.237165 0.240431 0.209573 0.312831  0.0397738   0.296754  0.0739453 0.00751159   0.567911  0.0141038
(1,(2,(((((7,8),9),10),11),12)),(3,((4,5),6))); -7699.62  0 80.8511 38.961 27.8655 -7769.38 0.243901 0.229154 0.220913 0.306033 0.0493883   0.30895  0.069548 0.0155526  0.540184 0.0163776
(1,(2,(((((7,8),9),10),11),12)),(3,((4,5),6))); -7698.78  0 81.224 38.8766 28.796 -7769.92 0.231587 0.232452 0.204987 0.330974  0.0459498   0.313308  0.0608545 0.00713476   0.559364  0.0133895
(1,(2,(((((7,8),9),10),11),12)),(3,((4,5),6))); -7701.1  0 80.5576 39.0268 28.5727 -7771.2 0.231266 0.246566 0.202383 0.319785   0.054288   0.289934  0.0522908 0.00917005   0.580971  0.0133459
(1,(2,(((((7,8),9),10),11),12)),(3,((4,5),6))); -7699.75  0 83.8349 38.7985 29.082 -7773.87 0.234247 0.253851   0.2089 0.303002  0.0459234   0.307511  0.0601672  0.0133104   0.563434 0.00965382
(1,(2,(((((7,8),9),10),11),12)),(3,((4,5),6))); -7703.32  0 75.3263 39.1442 30.0913 -7769.6 0.238743 0.238906 0.206485 0.315866 0.0464913  0.302277  0.059369 0.0148631  0.562835 0.0141642
(1,(2,(((((7,8),9),10),11),12)),(3,((4,5),6))); -7703.17  0 82.4161 38.7441 25.9847 -7772.82  0.24045 0.221532 0.211744 0.326274  0.0566096   0.291824  0.0604817 0.00459941   0.580922 0.00556355
(1,(2,(((((7,8),9),10),11),12)),(3,((4,5),6))); -7708.51  0 75.3046 38.8948 27.5898 -7772.51 0.237132 0.245708 0.198888 0.318272 0.0484591  0.316121 0.0520399 0.0102524  0.554445 0.0186828
(1,(2,(((((7,8),9),10),11),12)),(3,((4,5),6))); -7700.74  0 78.1134 38.8141 29.8048 -7769.85 0.245535 0.231427 0.209555 0.313483  0.0400446   0.294832  0.0764303 0.00992435   0.570417 0.00835199
(1,(2,(((((7,8),9),10),11),12)),(3,((4,5),6))); -7700.84  0 79.4332 38.9937 29.428 -7770.7 0.230847 0.243124 0.213891 0.312138 0.0486015  0.290172 0.0603555 0.0146762  0.571851 0.0143439
(1,(2,(((((7,8),9),10),11),12)),(3,((4,5),6))); -7707.68  0 73.0891 38.7879 29.2527 -7771.24 0.232062 0.231693  0.20616 0.330085 0.0536276  0.298754 0.0620031  0.013155  0.559045 0.0134153
(1,(2,(((((7,8),9),10),11),12)),(3,((4,5),6))); -7705.42  0 77.2132 38.7593 28.6362 -7772.51 0.254366 0.228473 0.194139 0.323022 0.0490974  0.303043 0.0561423  0.010001  0.568291 0.0134253
(1,(2,(((((7,8),9),10),11),12)),(3,((4,5),6))); -7699.83  0 80.5195 38.6164 29.9443 -7771.67 0.247924 0.237134 0.200569 0.314373  0.0472941   0.276467  0.0683706 0.00887998   0.586269  0.0127201
(1,(2,(((((7,8),9),10),11),12)),(3,((4,5),6))); -7705.49  0 78.9104 39.0184 26.2066 -7771.59 0.234295 0.222838 0.197715 0.345152  0.0496468   0.281557  0.0703296  0.0117645   0.579638 0.00706403
(1,(2,(((((7,8),9),10),11),12)),(3,((4,5),6))); -7701.15  0 81.0017 38.9498 29.3433 -7772.55 0.246918 0.240037 0.203252 0.309792  0.0539016   0.299586  0.0639839 0.00930327   0.555259  0.0179656
(1,(2,(((((7,8),9),10),11),12)),(3,((4,5),6))); -7697.05  0 83.4245 38.9835 28.9334 -7770.42 0.239318 0.225486 0.214684 0.320513 0.0562662  0.310973   0.05963 0.0122822  0.547904 0.0129453
(1,(2,(((((7,8),9),10),11),12)),(3,((4,5),6))); -7703.54  0 82.1624 38.9278 26.3157 -7773.09 0.228248  0.22776 0.215124 0.328867  0.0440191    0.32134  0.0737808 0.00495559    0.54718 0.00872463
(1,(2,(((((7,8),9),10),11),12)),(3,((4,5),6))); -7703.79  0 79.0993 38.8716 27.4478 -7771.46 0.247673  0.24285 0.194417  0.31506 0.0427514  0.277375 0.0717537 0.0154301  0.573901 0.0187887
(1,(2,(((((7,8),9),10),11),12)),(3,((4,5),6))); -7704.44  0 80.9407 38.7157 27.3691 -7774.03 0.235963 0.238048 0.220234 0.305755  0.0312483   0.297393   0.065541 0.00999581   0.587754 0.00806744
(1,(2,(((((7,8),9),10),11),12)),(3,((4,5),6))); -7697.52  0 82.3899 38.8096 30.3127 -7771.41 0.245456 0.228282 0.208455 0.317806  0.0455439   0.308502  0.0700604 0.00878663   0.556241  0.0108669
(1,(2,(((((7,8),9),10),11),12)),(3,((4,5),6))); -7704.3  0 78.4657 38.7135 28.6713 -7772.72 0.242511 0.241602 0.212036  0.30385 0.0383388  0.282329 0.0601983 0.0157803  0.590928 0.0124256
(1,(2,(((((7,8),9),10),11),12)),(3,((4,5),6))); -7708  0 78.7581 39.0048 26.0854 -7773.84 0.258459 0.234447 0.196812 0.310281   0.051297   0.285671  0.0537421  0.0042083   0.595507 0.00957395
(1,(2,(((((7,8),9),10),11),12)),(3,((4,5),6))); -7705.43  0 81.1751 38.4794 25.7708 -7773.9 0.258565 0.237345 0.190197 0.313892  0.051471  0.329951 0.0524815 0.0145562  0.539587 0.0119537
(1,(2,(((((7,8),9),10),11),12)),(3,((4,5),6))); -7708.65  0 75.6946 38.8901 27.6105 -7773.07  0.23461 0.238155 0.195928 0.331307 0.0524254  0.308187  0.064568 0.0126673  0.543982 0.0181701
(1,(2,(((((7,8),9),10),11),12)),(3,((4,5),6))); -7698.26  0 81.2699 38.9692 29.015 -7769.58 0.245427 0.236597 0.220316 0.297661 0.0435721  0.308636 0.0698019 0.0121043    0.5535 0.0123859
(1,(2,(((((7,8),9),10),11),12)),(3,((4,5),6))); -7706.29  0 76.8706 38.7578 27.9707 -7772.37 0.249076   0.2304 0.208343 0.312181  0.0586879   0.277641  0.0601298  0.0187349   0.575655 0.00915086
(1,(2,(((((7,8),9),10),11),12)),(3,((4,5),6))); -7701.42  0 84.5072 38.644 25.8423 -7773.12 0.248514 0.229675 0.222065 0.299747 0.0528873  0.298997 0.0465775 0.0149365  0.570743 0.0158591
(1,(2,(((((7,8),9),10),11),12)),(3,((4,5),6))); -7709.66  0 78.8348 38.9808 23.2069 -7772.72 0.231309 0.242215 0.212353 0.314123  0.0380558   0.263806  0.0918064  0.0222084   0.574534 0.00958875
(1,(2,(((((7,8),9),10),11),12)),(3,((4,5),6))); -7706.7  0 77.7128 38.7947 26.6921 -7772.31 0.238544 0.247204  0.21134 0.302911  0.0423889   0.297592    0.08938 0.00616923   0.556211 0.00825861
(1,(2,(((((7,8),9),10),11),12)),(3,((4,5),6))); -7701.68  0 81.719 38.9107 26.3973 -7770.88 0.227745  0.25062 0.217053 0.304582 0.0546511   0.29878 0.0530332 0.0161065   0.56098 0.0164501
(1,(2,(((((7,8),9),10),11),12)),(3,((4,5),6))); -7702.78  0 82.5313 39.2091 26.6626 -7772.76   0.2511 0.249479 0.203008 0.296413 0.0465556  0.296413 0.0568003 0.0172749   0.56453 0.0184268
(1,(2,(((((7,8),9),10),11),12)),(3,((4,5),6))); -7707.99  0 74.9013 38.3744 28.1479 -7772.67 0.244619 0.231562 0.213891 0.309929  0.0387946   0.283209  0.0832571 0.00794045   0.573161  0.0136372
(1,(2,(((((7,8),9),10),11),12)),(3,((4,5),6))); -7700.29  0 80.6018 38.5029 28.4069 -7770.8  0.24313 0.247475 0.199676 0.309718  0.0516064   0.316577  0.0633112 0.00574289   0.548936  0.0138267
(1,(2,(((((7,8),9),10),11),12)),(3,((4,5),6))); -7704.43  0 79.7287 39.3184 26.3085 -7771.15 0.236067 0.250097 0.194598 0.319237 0.0484913  0.254211 0.0701133 0.0145342  0.602258  0.010392
(1,(2,(((((7,8),9),10),11),12)),(3,((4,5),6))); -7699.47  0 83.4686 38.9924 29.0574 -7773 0.253097 0.233864 0.204235 0.308803 0.0558476  0.274612  0.073625 0.0130382  0.571922  0.010955
(1,(2,(((((7,8),9),10),11),12)),(3,((4,5),6))); -7708.92  0 79.8026 38.6572 20.8643 -7770.93 0.237407 0.241073 0.203404 0.318116  0.0551462   0.295967   0.066943 0.00183942   0.576804 0.00330026
(1,(2,(((((7,8),9),10),11),12)),(3,((4,5),6))); -7703.31  0 78.3225 38.7176 29.1007 -7772.02 0.237061   0.2283 0.205532 0.329107 0.0418731  0.301686 0.0622873 0.0128358  0.565545 0.0157723
(1,(2,(((((7,8),9),10),11),12)),(3,((4,5),6))); -7700.38  0 83.3747 38.9369 27.5481 -7772.36 0.251465 0.237628  0.19312 0.317787  0.0482728   0.276584  0.0581487 0.00576268   0.598569  0.0126634
(1,(2,(((((7,8),9),10),11),12)),(3,((4,5),6))); -7700.04  0 81.5068 38.7422 27.9802 -7770.79 0.260642 0.231431 0.207837  0.30009  0.0384046   0.294819  0.0766859 0.00901766   0.570362  0.0107111
(1,(2,(((((7,8),9),10),11),12)),(3,((4,5),6))); -7706.53  0 79.2673 39.3705 27.2142 -7773.64 0.249262 0.235504  0.19382 0.321414  0.0435668   0.269776  0.0575094  0.0133249   0.608555 0.00726864
(1,(2,(((((7,8),9),10),11),12)),(3,((4,5),6))); -7701.08  0 78.7758 38.8657 30.2678 -7771.26 0.235495 0.242354 0.210955 0.311196  0.0406342   0.299279   0.060732  0.0112633   0.578627 0.00946471
(1,(2,(((((7,8),9),10),11),12)),(3,((4,5),6))); -7715.46  0 74.8829 39.6091 25.9869 -7776.72 0.225505 0.226568 0.201235 0.346691  0.0549277   0.304447  0.0598425 0.00823969   0.562863 0.00968064
(1,(2,(((((7,8),9),10),11),12)),(3,((4,5),6))); -7715.6  0 74.9836 38.6695 25.6051 -7777.52 0.256235 0.229033 0.209428 0.305304 0.0426748  0.277781 0.0496821 0.0200016  0.597316 0.0125445
(1,(2,(((((7,8),9),10),11),12)),(3,((4,5),6))); -7704.77  0 78.5774 38.8321 26.6495 -7771.16 0.255588 0.236468 0.214484  0.29346 0.0477964  0.313315 0.0486118 0.0101004   0.56532 0.0148568
(1,(2,(((((7,8),9),10),11),12)),(3,((4,5),6))); -7711.55  0 79.0622 39.0987 23.7768 -7775.29 0.231004 0.252271 0.219594 0.297131  0.0707237   0.319974  0.0597506 0.00780882   0.532133 0.00960983
(1,(2,(((((7,8),9),10),11),12)),(3,((4,5),6))); -7702.01  0 83.5907 38.904 26.2717 -7772.97  0.25474  0.23859 0.192564 0.314106  0.052915  0.305972 0.0706058  0.019429  0.535156 0.0159219
(1,(2,(((((7,8),9),10),11),12)),(3,((4,5),6))); -7702.16  0 80.2544 38.9847 27.2464 -7770.68 0.251424  0.21461   0.2153 0.318666 0.0562781    0.2864 0.0654693 0.0155106   0.56417 0.0121719
(1,(2,(((((7,8),9),10),11),12)),(3,((4,5),6))); -7700.19  0 81.223 39.3061 29.8842 -7771.99 0.239964 0.235453 0.219016 0.305567  0.0472464   0.305693  0.0631086 0.00736403   0.565924  0.0106639
(1,(2,(((((7,8),9),10),11),12)),(3,((4,5),6))); -7697.9  0 83.0674 38.7458 28.8567 -7771.08 0.238381 0.234615 0.200231 0.326773 0.0548775   0.28339 0.0654662 0.0100152  0.568732 0.0175191
(1,(2,(((((7,8),9),10),11),12)),(3,((4,5),6))); -7701.23  0 77.2506 38.9948 28.7684 -7768.25  0.22684   0.2407 0.221212 0.311248 0.0448374  0.291712 0.0633259 0.0134096  0.578989 0.0077268
(1,(2,(((((7,8),9),10),11),12)),(3,((4,5),6))); -7711.06  0 80.7555 39.0016 23.5852 -7776.4 0.236693 0.246195 0.223691 0.293421  0.0323295   0.268185  0.0833419  0.0110799   0.596094 0.00896968
(1,(2,(((((7,8),9),10),11),12)),(3,((4,5),6))); -7703.64  0 78.2739 39.0071 28.2393 -7771.14 0.249062 0.227182 0.206005 0.317752 0.0462337  0.282654 0.0845158 0.0150563  0.561096 0.0104437
(1,(2,(((((7,8),9),10),11),12)),(3,((4,5),6))); -7704.6  0 75.7398 39.2902 30.3377 -7771.39 0.235622 0.240457 0.212283 0.311639 0.0470456  0.308697 0.0678317  0.012697  0.551826 0.0119029
(1,(2,(((((7,8),9),10),11),12)),(3,((4,5),6))); -7705.51  0 80.1589 39.1523 27.0828 -7773.6 0.249631 0.250939 0.190424 0.309006  0.0463039   0.308933  0.0538497 0.00632517   0.571147  0.0134404
(1,(2,(((((7,8),9),10),11),12)),(3,((4,5),6))); -7703.31  0 80.5948 39.0541 28.3419 -7773.19 0.240469 0.231074 0.223397 0.305059 0.0402699   0.30536 0.0631599 0.0151498  0.561556  0.014505
(1,(2,(((((7,8),9),10),11),12)),(3,((4,5),6))); -7698.6  0 80.3384 38.6871 28.1217 -7768.37 0.242311 0.226408 0.202302 0.328979  0.0464558   0.315765  0.0708794 0.00649809   0.545834  0.0145677
(1,(2,(((((7,8),9),10),11),12)),(3,((4,5),6))); -7715.74  0 76.3886 39.1168 23.8917 -7776.9 0.227147 0.252485 0.216189  0.30418  0.0368992   0.294471  0.0571637 0.00362709   0.600438 0.00740141
(1,(2,(((((7,8),9),10),11),12)),(3,((4,5),6))); -7705.69  0 79.5155 38.8594 25.6526 -7772 0.253455 0.234675 0.204256 0.307614  0.0374066   0.281619  0.0872199 0.00586792   0.571053  0.0168341
(1,(2,(((((7,8),9),10),11),12)),(3,((4,5),6))); -7698.09  0 82.3772 39.0925 28.2709 -7769.64 0.234328 0.253377 0.199216 0.313079  0.0523793   0.269166  0.0665792    0.01024     0.5926 0.00903599
