tree logl logTop logBL logPrior logQ logWt pi1 pi2 pi3 pi4 s1 s2 s3 s4 s5 s6
(1,2,((3,((4,5),6)),(((((7,8),9),10),12),11))); -7728.76  -1.48861 81.0809 39.41 39.4699 -7808.41 0.244604 0.252713  0.18761 0.315073 0.0386537  0.256173  0.109488 0.0276936  0.542402 0.0255905
(1,2,((3,((4,5),6)),(((((7,8),9),10),12),11))); -7758.48  -1.48861 92.3109 38.3977 37.9014 -7848.81 0.244431 0.252752 0.187713 0.315104  0.0541376   0.258803   0.123473 0.00863959    0.53321  0.0217362
(1,2,((3,((4,5),6)),((((7,8),9),10),(11,12)))); -7715.06  -1.25175 83.3944 38.4359 41.4403 -7800.21 0.244436 0.252577 0.187759 0.315227  0.048864  0.262096 0.0818748 0.0156947  0.565918 0.0255529
(1,2,((3,((4,5),6)),(((((7,8),9),10),11),12))); -7732.35  -1.29196 81.3154 38.8271 39.6273 -7813.18 0.244516 0.252769 0.187478 0.315238 0.0467121  0.268036  0.105182 0.0138217  0.529979 0.0362692
(1,2,((3,((4,5),6)),(((((7,8),9),10),12),11))); -7711.7  -1.48861 80.4011 38.8647 39.09 -7790.84 0.244628 0.252482 0.187469 0.315422 0.0420013  0.259309 0.0899787 0.0197893  0.572092 0.0168297
(1,2,((3,((4,5),6)),((((7,8),9),10),(11,12)))); -7739.76  -1.25175 87.3853 37.6362 41.2102 -7829.46 0.244373 0.252583 0.187616 0.315428  0.033967  0.280452 0.0930438 0.0124787  0.559948 0.0201108
(1,2,((3,((4,5),6)),((((7,8),9),10),(11,12)))); -7729.25  -1.25175 78.2295 38.7321 41.9424 -7809.43 0.244461 0.252526 0.187728 0.315286 0.0466067  0.266804  0.108354 0.0165535  0.531367 0.0303151
(1,2,((3,((4,5),6)),(((((7,8),9),10),12),11))); -7835.84  -1.48861 77.2831 36.4522 41.2032 -7916.38 0.244331 0.252548   0.1876 0.315521 0.0479261  0.246253 0.0902202 0.0192123  0.572545 0.0238437
(1,(2,(((((7,8),9),10),12),11)),(3,((4,5),6))); -7708.66  -3.75314 82.0273 38.6295 41.3709 -7789.67 0.244464 0.252773 0.187514 0.315249 0.0436137  0.235525  0.102282 0.0177383  0.575713 0.0251287
(1,(2,((((7,8),9),10),(11,12))),(3,((4,5),6))); -7794.34  -3.51629 80.7563 38.5636 42.8007 -7875.82 0.244439 0.252515 0.187696  0.31535 0.0445363  0.254816  0.102022 0.0140585  0.563203 0.0213643
(1,2,(((3,6),(4,5)),(((((7,8),9),10),11),12))); -7732.96  -3.78025 79.2206 39.3285 38.818 -7807.89 0.244219 0.252521 0.187797 0.315463 0.0369413  0.273855 0.0933053  0.025513  0.539453  0.030933
(1,2,((3,((4,5),6)),(((((7,8),9),10),11),12))); -7716.71  -1.29196 85.2013 39.1873 41.4157 -7802.85 0.244348 0.252504 0.187789 0.315359 0.0507954  0.275354   0.10065 0.0188048  0.533682 0.0207129
(1,2,((3,((4,5),6)),((((7,8),9),10),(11,12)))); -7742.88  -1.25175 87.6808 38.3283 42.5842 -7833.57 0.244413 0.252789 0.187641 0.315156  0.044828  0.258294  0.108386 0.0171142  0.549474 0.0219039
(1,2,((3,((4,5),6)),(((((7,8),9),10),12),11))); -7718.34  -1.48861 78.9704 39.1444 38.2369 -7794.92 0.244452 0.252702 0.187636  0.31521 0.0354954   0.23189 0.0925598 0.0282357  0.593791 0.0180283
(1,2,((3,((4,5),6)),(((((7,8),9),10),11),12))); -7721.21  -1.29196 75.6885 38.3187 39.3423 -7796.63 0.244308 0.252483 0.187653 0.315557 0.0484087  0.290021 0.0936269 0.0123445   0.52914 0.0264584
(1,2,((3,((4,5),6)),(((((7,8),9),10),11),12))); -7745.09  -1.29196 83.6815 39.3771 37.7471 -7825.85 0.244556 0.252532 0.187586 0.315326 0.0534333  0.253993 0.0815679  0.013359  0.557953 0.0396937
(1,(2,((((7,8),9),10),(11,12))),((3,(4,5)),6)); -7716.53  -6.55195 82.0671 38.5276 43.1954 -7796.71 0.244413 0.252705 0.187622  0.31526 0.0481007  0.255766  0.104077 0.0168333  0.554267 0.0209562
(1,2,((3,((4,5),6)),((((7,8),9),10),(11,12)))); -7711.85  -1.25175 83.161 38.6879 39.8362 -7794.91 0.244366 0.252808 0.187577 0.315249 0.0366207  0.268551  0.107102 0.0129316    0.5613 0.0134948
(1,2,((3,((4,5),6)),((((7,8),9),10),(11,12)))); -7722.25  -1.25175 82.5028 39.1824 40.1342 -7804.45 0.244148 0.252739 0.187812 0.315302 0.0438757  0.268513 0.0863154 0.0151827  0.558833 0.0272807
(1,2,(((3,6),(4,5)),((((7,8),9),10),(11,12)))); -7759.52  -3.74004 84.8607 38.5564 37.2121 -7839.3 0.244411 0.252812 0.187463 0.315314 0.0415181  0.248854 0.0836223 0.0146372  0.569198 0.0421705
(1,2,((3,((4,5),6)),((((7,8),9),10),(11,12)))); -7715.99  -1.25175 90.3705 38.5054 42.1584 -7808.76 0.244537 0.252627 0.187626 0.315209 0.0407032  0.251252 0.0912366  0.016647  0.571333 0.0288275
(1,2,((3,(4,(5,6))),(((((7,8),9),10),12),11))); -7719.92  -6.74394 84.7485 39.1428 40.0534 -7798.84  0.24443 0.252461 0.187559  0.31555 0.0518686  0.243816 0.0951671 0.0166163  0.572406 0.0201264
(1,2,((3,((4,5),6)),(((((7,8),9),10),11),12))); -7730.62  -1.29196 83.1227 39.1616 40.3881 -7813.68 0.244301 0.252953 0.187561 0.315186 0.0455149  0.259009  0.102997 0.0213194  0.548875 0.0222853
(1,(2,((((7,8),9),10),(11,12))),(3,((4,5),6))); -7702.43  -3.51629 86.3511 38.7718 37.182 -7783.67 0.244669 0.252683 0.187349 0.315299 0.0543811  0.257505  0.101409 0.0143298  0.556487 0.0158885
(1,2,((3,((4,5),6)),(((((7,8),9),10),12),11))); -7720.66  -1.48861 83.9678 38.8218 38.5476 -7802.86 0.244311 0.252715 0.187734  0.31524  0.053942  0.270704  0.110401 0.0084514  0.525284 0.0312181
(1,2,((3,((4,5),6)),(((((7,8),9),10),12),11))); -7741.9  -1.48861 90.7392 38.8721 40.3216 -7832.6 0.244592 0.252485 0.187615 0.315308  0.040979  0.278123 0.0999879 0.0235086  0.527742 0.0296601
(1,2,((3,((4,5),6)),((((7,8),9),10),(11,12)))); -7728.15  -1.25175 86.8324 38.7074 41.8928 -7816.91 0.244571  0.25248 0.187725 0.315224 0.0429992  0.265026 0.0920306  0.016116  0.558804 0.0250238
(1,2,((3,((4,5),6)),(((((7,8),9),10),11),12))); -7747.91  -1.29196 79.7053 38.7484 37.8475 -7825.42  0.24453 0.252346 0.187686 0.315438 0.0350747  0.275765  0.120767 0.0213132  0.527337 0.0197432
(1,2,((3,((4,5),6)),(((((7,8),9),10),12),11))); -7716.12  -1.48861 81.1152 38.6516 41.1603 -7798.26 0.244311 0.252737  0.18757 0.315381 0.0465268  0.282518 0.0966357 0.0136075  0.544037 0.0166753
(1,2,((3,((4,5),6)),(((((7,8),9),10),12),11))); -7721.86  -1.48861 77.6573 38.7518 41.7485 -7801.03 0.244333  0.25272 0.187587  0.31536 0.0358553  0.263003  0.118335  0.016447  0.542474 0.0238857
(1,2,((3,((4,5),6)),((((7,8),9),10),(11,12)))); -7730.85  -1.25175 83.2247 38.8309 41.0769 -7815.07 0.244247 0.252585 0.187777 0.315391 0.0400831  0.273561 0.0862256   0.02096  0.556993 0.0221777
(1,2,((3,((4,5),6)),((((7,8),9),10),(11,12)))); -7729.69  -1.25175 89.5035 38.6503 40.9924 -7820.28 0.244371 0.252768 0.187477 0.315385 0.0490086  0.238995  0.096777 0.0175408  0.571331 0.0263483
(1,2,((3,((4,5),6)),(((((7,8),9),10),12),11))); -7746.21  -1.48861 86.7517 38.7356 39.2078 -7831.95  0.24443 0.252533 0.187822 0.315214 0.0510136  0.248476  0.124128 0.0118444   0.53831 0.0262274
(1,2,((3,((4,5),6)),(((((7,8),9),10),12),11))); -7739.3  -1.48861 91.9069 38.7554 41.0944 -7832.06 0.244498 0.252629 0.187619 0.315254  0.039037  0.270592  0.111353  0.018912  0.526219 0.0338874
(1,2,((3,((4,5),6)),(((((7,8),9),10),12),11))); -7719.6  -1.48861 75.7987 39.0726 42.5165 -7797.35 0.244357  0.25265 0.187737 0.315256 0.0414574  0.274792 0.0996393 0.0153737  0.551034 0.0177041
(1,2,((3,((4,5),6)),(((((7,8),9),10),11),12))); -7725.99  -1.29196 78.5842 38.7897 40.642 -7805.13  0.24427 0.252743 0.187689 0.315298 0.0462977  0.266171 0.0950187 0.0290248  0.539431 0.0240571
(1,2,((3,((4,5),6)),((((7,8),9),10),(11,12)))); -7727.48  -1.25175 78.2877 38.9068 40.749 -7806.35 0.244443 0.252646 0.187456 0.315454 0.0543799  0.255889  0.108118 0.0183273  0.542118 0.0211679
(1,2,((3,((4,5),6)),(((((7,8),9),10),12),11))); -7722.49  -1.48861 74.4369 39.0777 40.8568 -7797.22 0.244464 0.252435 0.187811  0.31529  0.038766  0.265721 0.0976825 0.0167853  0.549208 0.0318369
(1,2,((3,((4,5),6)),(((((7,8),9),10),11),12))); -7904.35  -1.29196 80.2837 38.7417 39.4613 -7984.06 0.244343 0.252835 0.187664 0.315158 0.0414157  0.248462  0.121711 0.0255173  0.536852 0.0260412
(1,2,((3,((4,5),6)),(((((7,8),9),10),12),11))); -7731.79  -1.48861 89.1196 38.5783 40.2227 -7821.07 0.244483 0.252707 0.187682 0.315128 0.0280829  0.272397  0.103484   0.01356  0.558428 0.0240479
(1,2,((3,((4,5),6)),(((((7,8),9),10),12),11))); -7713.23  -1.48861 86.0943 38.6879 40.8629 -7800.01 0.244441  0.25281 0.187425 0.315324 0.0445122  0.263526 0.0947823 0.0132763  0.556013 0.0278902
(1,2,((3,((4,5),6)),(((((7,8),9),10),12),11))); -7720.62  -1.48861 82.7752 39.0131 40.9846 -7803.88 0.244502 0.252767 0.187573 0.315158 0.0417065   0.28243  0.103125 0.0215132  0.532629 0.0185956
(1,2,((3,((4,5),6)),((((7,8),9),10),(11,12)))); -7760.25  -1.25175 84.51 38.7159 40.7095 -7845.5 0.244337 0.252651 0.187786 0.315226 0.0303065  0.268463  0.104098 0.0210447  0.548212 0.0278757
(1,2,((3,((4,5),6)),(((((7,8),9),10),11),12))); -7731.98  -1.29196 83.6558 39.3818 41.5421 -7816.51 0.244435  0.25261 0.187733 0.315222 0.0383424  0.234825  0.110382 0.0166333  0.576992 0.0228254
(1,2,(((3,(4,5)),6),(((((7,8),9),10),11),12))); -7737.81  -4.32762 93.275 38.6776 38.3177 -7826.4 0.244361 0.252933 0.187534 0.315172 0.0433486  0.276759 0.0813021 0.0197834  0.562376 0.0164311
(1,2,((3,((4,5),6)),(((((7,8),9),10),11),12))); -7750.52  -1.29196 74.795 38.8007 38.6098 -7823.83 0.244244 0.252787 0.187719  0.31525 0.0464229  0.277726  0.095004  0.030981  0.531238 0.0186277
(1,2,((3,((4,5),6)),((((7,8),9),10),(11,12)))); -7776.28  -1.25175 73.4232 37.6228 41.8319 -7852.66 0.244292 0.252754 0.187657 0.315297 0.0366328   0.26607  0.102239 0.0115392  0.555839 0.0276798
(1,2,((3,((4,5),6)),(((((7,8),9),10),12),11))); -7731.11  -1.48861 77.3905 39.3135 38.7317 -7806.43 0.244445 0.252439 0.187784 0.315332 0.0352352   0.23603 0.0995067 0.0221611  0.572599 0.0344679
(1,2,((3,((4,5),6)),(((((7,8),9),10),12),11))); -7704.19  -1.48861 84.664 38.798 37.7656 -7786.33 0.244339 0.252722 0.187518  0.31542 0.0375997  0.287255 0.0761448 0.0269042  0.547171 0.0249254
(1,(2,((((7,8),9),10),(11,12))),(3,((4,5),6))); -7873.49  -3.51629 86.1917 38.6629 41.7862 -7959.29 0.244421 0.252577 0.187621 0.315381 0.0405041  0.262004  0.102808 0.0101435  0.565104 0.0194361
(1,2,((3,((4,5),6)),((((7,8),9),10),(11,12)))); -7722.82  -1.25175 92.5724 38.7194 40.7793 -7816.2  0.24441 0.252833 0.187605 0.315152 0.0482084  0.255003 0.0922532 0.0113365  0.563943 0.0292563
(1,2,((3,((4,5),6)),(((((7,8),9),10),12),11))); -7726.1  -1.48861 83.0682 39.0934 39.8538 -7808.44 0.244359 0.252861 0.187641  0.31514 0.0467359  0.283088 0.0983311 0.0105228  0.532845 0.0284774
(1,2,((3,((4,5),6)),((((7,8),9),10),(11,12)))); -7703.01  -1.25175 85.7672 38.649 38.4939 -7787.37 0.244393 0.252613 0.187645 0.315349  0.0399586   0.246847  0.0798446 0.00884848   0.600479  0.0240223
(1,2,((3,((4,5),6)),(((((7,8),9),10),12),11))); -7751.88  -1.48861 80.8676 37.9785 40.2069 -7833.49 0.244256 0.252527 0.187779 0.315438 0.0347943  0.268662   0.11058 0.0116734  0.553452 0.0208383
(1,2,((3,((4,5),6)),(((((7,8),9),10),12),11))); -7721.82  -1.48861 82.3809 38.8884 42.1499 -7805.97 0.244358 0.252496 0.187737 0.315409 0.0477136  0.266522 0.0987936 0.0162105  0.551688 0.0190721
(1,2,((3,((4,5),6)),(((((7,8),9),10),11),12))); -7733.07  -1.29196 78.8884 39.1137 39.4921 -7811.05 0.244504 0.252726 0.187659 0.315111 0.0601848   0.27146 0.0899899 0.0229043  0.532276 0.0231851
(1,2,((3,((4,5),6)),((((7,8),9),10),(11,12)))); -7759.29  -1.25175 86.9634 39.0673 38.4699 -7844.4 0.244473 0.252466 0.187886 0.315176 0.0535003  0.268963 0.0875158 0.0117043  0.549052 0.0292645
(1,(2,(((((7,8),9),10),12),11)),(3,((4,5),6))); -7708.67  -3.75314 81.8175 39.2921 39.6813 -7787.12 0.244616 0.252529 0.187833 0.315022 0.0469365  0.261877  0.102648 0.0197297  0.545178 0.0236305
(1,2,((3,((4,5),6)),((((7,8),9),10),(11,12)))); -7771.47  -1.25175 86.2947 38.2877 39.1962 -7857.42 0.244463 0.252355 0.187814 0.315368 0.0394752  0.254976  0.119467 0.0157665  0.542181 0.0281345
(1,2,((3,((4,5),6)),((((7,8),9),10),(11,12)))); -7747.95  -1.25175 84.981 39.1172 34.9274 -7827.49 0.244396 0.252511 0.187689 0.315404 0.0727922  0.231005  0.116985 0.0104438  0.544721  0.024053
(1,2,((3,((4,5),6)),((((7,8),9),10),(11,12)))); -7718.34  -1.25175 87.5325 39.0313 42.3176 -7807.91 0.244544 0.252539 0.187636  0.31528 0.0458963  0.247191  0.094605 0.0185839  0.570695 0.0230287
(1,2,(((3,6),(4,5)),(((((7,8),9),10),12),11))); -7790.45  -3.9769 70.8066 38.4151 36.989 -7855.86 0.244615 0.252829 0.187464 0.315093 0.0427727  0.260151   0.11377 0.0197708  0.526246 0.0372893
(1,2,((3,((4,5),6)),(((((7,8),9),10),11),12))); -7769.74  -1.29196 86.1953 38.5756 36.9228 -7852.99  0.24437 0.252715  0.18785 0.315065 0.0359968  0.271029    0.1257 0.0169177  0.516425 0.0339321
(1,2,((3,((4,5),6)),(((((7,8),9),10),11),12))); -7723.15  -1.29196 79.43 38.6211 37.1347 -7799.81  0.24449 0.252616 0.187531 0.315362 0.0290769  0.283558 0.0779096 0.0219156  0.554896 0.0326446
(1,2,((3,(4,(5,6))),((((7,8),9),10),(11,12)))); -7743.87  -6.50708 85.0543 38.6798 42.8149 -7826.55 0.244322 0.252698   0.1876 0.315379 0.0404453  0.268774  0.107278 0.0148191  0.543404 0.0252792
(1,2,((3,((4,5),6)),((((7,8),9),10),(11,12)))); -7751.49  -1.25175 76.2144 38.8486 33.0241 -7820.63 0.244693 0.252611 0.187436 0.315261 0.0456647  0.284114 0.0752482 0.0302123  0.529883 0.0348771
(1,2,((3,((4,5),6)),((((7,8),9),10),(11,12)))); -7750.9  -1.25175 81.2151 39.1786 39.7939 -7831.48 0.244396 0.252578 0.187627 0.315399  0.0602838   0.267727  0.0969151 0.00991596   0.537809  0.0273485
(1,2,(3,(((4,5),6),(((((7,8),9),10),11),12)))); -7877.09  -6.90424 77.2675 37.9939 37.1523 -7946.61 0.244205 0.252769  0.18786 0.315166 0.0538859     0.278  0.112022 0.0107648  0.517246 0.0280811
(1,2,((3,((4,5),6)),(((((7,8),9),10),11),12))); -7733.54  -1.29196 86.5382 38.7842 39.5643 -7819.57 0.244244 0.252525 0.187703 0.315529 0.0387444  0.277621  0.107854 0.0210672  0.538599 0.0161138
(1,2,((3,((4,5),6)),((((7,8),9),10),(11,12)))); -7791.53  -1.25175 79.2711 38.5496 40.9801 -7871.98 0.244465 0.252625 0.187559 0.315351 0.0408133   0.25991  0.103939 0.0148556  0.542631 0.0378521
(1,2,((3,((4,5),6)),(((((7,8),9),10),11),12))); -7734.75  -1.29196 79.8709 38.5423 40.177 -7814.96 0.244171 0.252693 0.187736   0.3154 0.0373436  0.266974 0.0980612  0.026562  0.546091  0.024968
(1,2,((3,((4,5),6)),((((7,8),9),10),(11,12)))); -7776.16  -1.25175 82.0688 38.5839 41.1936 -7859.59 0.244442 0.252525 0.187721 0.315312 0.0369126  0.265127  0.118404 0.0127022   0.54718 0.0196736
(1,(2,((((7,8),9),10),(11,12))),(3,((4,5),6))); -7735.95  -3.51629 86.3291 38.9995 41.7615 -7821.53 0.244313 0.252703 0.187625 0.315358 0.0429784  0.258343   0.11056 0.0101916  0.555693 0.0222339
(1,2,((3,(4,(5,6))),((((7,8),9),10),(11,12)))); -7751.33  -6.50708 82.7599 38.3309 39.5542 -7828.81 0.244118 0.252675 0.187736 0.315471 0.0535657  0.252458 0.0902219 0.0199418  0.560557 0.0232553
(1,2,((3,((4,5),6)),(((((7,8),9),10),11),12))); -7729.45  -1.29196 81.4737 38.7914 37.7045 -7808.55 0.244431 0.252728 0.187646 0.315196 0.0389106  0.286485  0.102654 0.0340345  0.519038 0.0188773
(1,(2,((((7,8),9),10),(11,12))),(3,((4,5),6))); -7819.94  -3.51629 79.5131 38.2249 39.6617 -7897.38 0.244308 0.252536 0.187686 0.315471 0.0558168  0.252227 0.0813282 0.0191468  0.563509 0.0279718
(1,2,((3,((4,5),6)),((((7,8),9),10),(11,12)))); -7891.66  -1.25175 79.7879 38.7918 38.1903 -7969.6 0.244572 0.252495 0.187502 0.315431 0.0450318  0.258571 0.0941945  0.029137  0.540033 0.0330332
(1,2,((3,((4,5),6)),(((((7,8),9),10),11),12))); -7756.73  -1.29196 79.3648 38.7298 35.9472 -7832.02 0.244071 0.252676 0.187925 0.315328 0.0295481  0.249108 0.0962011 0.0155715  0.581361 0.0282104
(1,2,((3,((4,5),6)),((((7,8),9),10),(11,12)))); -7785.42  -1.25175 91.1067 38.468 40.3219 -7877.13  0.24449 0.252537 0.187585 0.315388 0.0323233  0.291843 0.0985071 0.0179467  0.540473 0.0189063
(1,2,((3,((4,5),6)),(((((7,8),9),10),12),11))); -7738.32  -1.48861 81.1359 38.6462 41.7984 -7821.12 0.244338 0.252734 0.187688  0.31524 0.0520024  0.242365  0.105047  0.021667  0.555069 0.0238495
(1,2,((3,((4,5),6)),(((((7,8),9),10),11),12))); -7742.9  -1.29196 79.2092 38.7269 40.4082 -7822.5 0.244311 0.252549 0.187818 0.315322  0.038159  0.246938 0.0878247 0.0217519  0.577449 0.0278781
(1,(2,(((((7,8),9),10),11),12)),(3,((4,5),6))); -7729.08  -3.5565 78.4011 38.8936 38.5749 -7803.6 0.244318 0.252673   0.1874 0.315609   0.04619  0.239115  0.102115  0.019144  0.564841 0.0285955
(1,2,((3,((4,5),6)),((((7,8),9),10),(11,12)))); -7742.72  -1.25175 79.7879 38.2634 39.1251 -7822.12 0.244314 0.252653 0.187574 0.315459 0.0513418  0.230345   0.10889 0.0275257  0.558248 0.0236493
(1,2,((3,((4,5),6)),(((((7,8),9),10),11),12))); -7751.19  -1.29196 88.8599 38.9219 37.8671 -7837.71 0.244283  0.25272 0.187514 0.315482 0.0338808  0.296249 0.0850354 0.0138282  0.539126 0.0318807
(1,2,((3,((4,5),6)),(((((7,8),9),10),11),12))); -7772.97  -1.29196 87.9383 38.8935 39.3742 -7860.1 0.244414 0.252604 0.187752  0.31523 0.0491175   0.24431 0.0945651 0.0179166  0.581621 0.0124699
(1,2,((3,((4,5),6)),(((((7,8),9),10),12),11))); -7710.05  -1.48861 85.3542 39.1053 39.7466 -7794.56 0.244529 0.252458 0.187505 0.315508 0.0417139  0.255501 0.0890151 0.0122765  0.577082 0.0244119
(1,2,((3,((4,5),6)),(((((7,8),9),10),11),12))); -7756.01  -1.29196 79.0692 38.0772 41.2183 -7836.93 0.244449 0.252418 0.187692 0.315441 0.0376771  0.259766  0.104523 0.0163001  0.551424 0.0303099
(1,2,((3,((4,5),6)),(((((7,8),9),10),11),12))); -7721.13  -1.29196 83.2642 38.4067 41.3205 -7806.02 0.244456 0.252634 0.187462 0.315447 0.0403007  0.274877  0.105463 0.0200766  0.538593   0.02069
(1,2,((3,(4,(5,6))),((((7,8),9),10),(11,12)))); -7773.91  -6.50708 87.5446 39.1063 35.4454 -7851.28 0.244476 0.252788 0.187679 0.315057 0.0477716  0.241095  0.111709 0.0238557  0.529922 0.0456457
(1,2,(((3,6),(4,5)),(((((7,8),9),10),12),11))); -7782.46  -3.9769 76.8688 39.24 38.6961 -7854.8 0.244375 0.252661 0.187642 0.315322 0.0495401   0.22793   0.12057  0.015134  0.550186   0.03664
(1,2,((3,((4,5),6)),(((((7,8),9),10),11),12))); -7746.64  -1.29196 79.3864 38.8655 35 -7820.87 0.244632 0.252648 0.187639 0.315082 0.0380166  0.305698  0.115924  0.023879  0.499481 0.0170015
(1,(2,(((((7,8),9),10),11),12)),(3,((4,5),6))); -7722.88  -3.5565 75.0195 38.085 39.3971 -7795.66  0.24426 0.252832 0.187453 0.315455 0.0362077  0.266733  0.095822 0.0238925   0.55611 0.0212355
(1,2,((3,((4,5),6)),(((((7,8),9),10),11),12))); -7733.57  -1.29196 81.9275 38.8011 42.0836 -7817.49 0.244412 0.252587 0.187591 0.315411 0.0509866  0.277332 0.0978398 0.0134739  0.537975 0.0223922
(1,2,((3,((4,5),6)),((((7,8),9),10),(11,12)))); -7725.58  -1.25175 80.7838 38.8988 37.2332 -7803.45 0.244446 0.252753 0.187622  0.31518  0.0483176   0.248792  0.0979356 0.00695992   0.560047  0.0379479
(1,2,((3,((4,5),6)),(((((7,8),9),10),12),11))); -7712.37  -1.48861 82.6439 38.8074 40.9942 -7795.71 0.244417 0.252621 0.187462   0.3155 0.0455379  0.261679  0.112694 0.0141892   0.54531 0.0205901
(1,2,((3,((4,5),6)),(((((7,8),9),10),11),12))); -7722.99  -1.29196 82.7231 38.9815 41.5632 -7807.01 0.244489 0.252667 0.187531 0.315313 0.0336937  0.263267  0.094321 0.0227107  0.561274 0.0247335
(1,2,((3,((4,5),6)),(((((7,8),9),10),12),11))); -7720.95  -1.48861 84.9719 38.7021 38.2925 -7804.02 0.244187 0.252466 0.187736 0.315612 0.0413111  0.262832  0.115606   0.01308  0.538486 0.0286841
(1,2,((3,((4,5),6)),((((7,8),9),10),(11,12)))); -7733.95  -1.25175 85.0767 38.6381 39.5964 -7818.73 0.244359 0.252393 0.187704 0.315545 0.0511592  0.250908  0.099114 0.0235198  0.553982 0.0213171
(1,2,((3,((4,5),6)),(((((7,8),9),10),11),12))); -7725.67  -1.29196 80.2108 38.6129 42.9415 -7808.92  0.24444 0.252703 0.187602 0.315255 0.0455893  0.253011  0.105315 0.0205652  0.554341 0.0211789
(1,2,((3,((4,5),6)),(((((7,8),9),10),12),11))); -7727.81  -1.48861 80.4115 38.6714 38.7976 -7806.86 0.244451 0.252557 0.187833 0.315159 0.0566618  0.241856 0.0920487 0.0179593  0.556797 0.0346769
(1,2,((3,((4,5),6)),((((7,8),9),10),(11,12)))); -7717.93  -1.25175 78.6019 38.6754 34.3111 -7790.92 0.244268 0.252592 0.187787 0.315353  0.0561053   0.273677  0.0910548 0.00526792   0.539893   0.034002
(1,2,((3,((4,5),6)),(((((7,8),9),10),12),11))); -7734.34  -1.48861 78.2316 39.1514 38.7326 -7810.66 0.244196 0.252869 0.187684 0.315252 0.0446497  0.275634  0.100459 0.0243716  0.522067 0.0328184
(1,2,(((3,6),(4,5)),((((7,8),9),10),(11,12)))); -7733.25  -3.74004 86.5737 38.7801 38.8368 -7816.14 0.244571 0.252573 0.187694 0.315162 0.0426349  0.281699  0.100587 0.0308226  0.521543 0.0227135
(1,2,(((3,6),(4,5)),(((((7,8),9),10),11),12))); -7750.92  -3.78025 82.7811 39.0942 35.9713 -7826.79 0.244243 0.252467 0.187951 0.315339 0.0461179  0.237054  0.126009  0.012402  0.549603 0.0288136
(1,2,((3,((4,5),6)),(((((7,8),9),10),12),11))); -7698.84  -1.48861 80.9217 38.6011 36.7868 -7776.46 0.244432 0.252416 0.187669 0.315483 0.0506318  0.286119 0.0867984 0.0160792  0.548832 0.0115391
(1,2,((3,((4,5),6)),((((7,8),9),10),(11,12)))); -7743.23  -1.25175 87.7339 38.9174 40.9638 -7831.76 0.244442 0.252688 0.187547 0.315322 0.0475558  0.262721   0.10852 0.0183852  0.527481  0.035337
(1,2,((3,((4,5),6)),(((((7,8),9),10),11),12))); -7743.04  -1.29196 89.0011 38.6555 39.6655 -7831.76 0.244497 0.252533 0.187456 0.315513 0.0511238  0.276681  0.102846 0.0159323  0.535613 0.0178041
(1,2,((3,((4,5),6)),((((7,8),9),10),(11,12)))); -7798.14  -1.25175 83.8479 38.8688 39.9381 -7881.8 0.244563  0.25269 0.187538 0.315209 0.0328433  0.249378  0.111082 0.0247541  0.555129  0.026814
(1,2,(((3,6),(4,5)),((((7,8),9),10),(11,12)))); -7768.6  -3.74004 87.9622 39.0659 40.8205 -7854.58 0.244479 0.252542 0.187681 0.315297 0.0333391  0.239853  0.105588 0.0197271  0.570953 0.0305398
(1,2,((3,((4,5),6)),(((((7,8),9),10),11),12))); -7764.92  -1.29196 88.7235 38.9147 38.7717 -7852.21 0.244414 0.252673 0.187637 0.315276 0.0514695  0.234102  0.133927 0.0145624  0.544639 0.0213001
(1,2,((3,((4,5),6)),(((((7,8),9),10),12),11))); -7722.41  -1.48861 83.7088 39.4647 41.9112 -7807.07 0.244292 0.252735 0.187567 0.315405  0.037094  0.249175 0.0970722 0.0168041  0.577413 0.0224423
(1,2,((3,((4,5),6)),((((7,8),9),10),(11,12)))); -7798.14  -1.25175 85.8806 38.7548 39.8923 -7883.91 0.244569 0.252679 0.187442 0.315309 0.0486427    0.2779 0.0860884 0.0217237  0.544468 0.0211781
(1,2,((3,((4,5),6)),(((((7,8),9),10),11),12))); -7736.6  -1.29196 85.2367 38.8631 41.7305 -7823.41 0.244385 0.252496 0.187658  0.31546 0.0458415  0.258404  0.101884  0.023817  0.544199 0.0258544
(1,(2,(((((7,8),9),10),12),11)),((3,(4,5)),6)); -7717.61  -6.78881 82.1735 39.0914 42.2693 -7796.17  0.24444 0.252557 0.187634  0.31537 0.0496398  0.263418  0.110072 0.0128033  0.539722 0.0243444
(1,2,((3,((4,5),6)),(((((7,8),9),10),12),11))); -7731.59  -1.48861 79.9589 38.6509 41.147 -7812.55 0.244444 0.252776 0.187587 0.315192 0.0396855  0.288742 0.0901734 0.0151872  0.537942 0.0282701
(1,2,((3,((4,5),6)),(((((7,8),9),10),12),11))); -7714.75  -1.48861 85.0013 39.0461 42.1326 -7801.35 0.244338 0.252645   0.1876 0.315417 0.0459576  0.245735  0.112095 0.0179294  0.558601 0.0196826
(1,2,(((3,6),(4,5)),((((7,8),9),10),(11,12)))); -7740.07  -3.74004 80.6118 38.6674 41.1299 -7819.41 0.244522 0.252557 0.187714 0.315207 0.0425374  0.255318 0.0885912 0.0123638  0.582079 0.0191102
(1,2,((3,((4,5),6)),(((((7,8),9),10),11),12))); -7747.76  -1.29196 79.4418 39.3597 40.719 -7827.27 0.244223 0.252722 0.187708 0.315348 0.0438764  0.244486  0.122512 0.0152107  0.549458 0.0244568
(1,2,((3,((4,5),6)),((((7,8),9),10),(11,12)))); -7717.8  -1.25175 83.8206 38.9834 41.2851 -7802.67  0.24432 0.252673 0.187761 0.315246 0.0503491  0.260906  0.110066 0.0117027  0.548619 0.0183576
(1,2,((3,((4,5),6)),(((((7,8),9),10),12),11))); -7736.63  -1.48861 83.512 38.4536 38.2604 -7818.46 0.244723 0.252517 0.187432 0.315328 0.0437164  0.243051 0.0931579 0.0152494  0.576807 0.0280178
(1,2,((3,((4,5),6)),(((((7,8),9),10),12),11))); -7719.59  -1.48861 75.1326 38.4016 40.1575 -7794.99 0.244612 0.252658 0.187632 0.315097  0.033954  0.255466 0.0958925 0.0219605  0.562819 0.0299072
(1,2,((3,((4,5),6)),((((7,8),9),10),(11,12)))); -7740.03  -1.25175 90.6638 38.9822 36.4242 -7826.89 0.244599 0.252868 0.187338 0.315195  0.040883  0.253702 0.0818905  0.019368  0.575321 0.0288358
(1,2,((3,((4,5),6)),(((((7,8),9),10),11),12))); -7746.87  -1.29196 80.1332 38.8629 36.7424 -7823.59 0.244446 0.252872 0.187552  0.31513 0.0390135  0.253556  0.129321  0.014028  0.527497 0.0365849
(1,2,((3,((4,5),6)),(((((7,8),9),10),11),12))); -7734.86  -1.29196 78.0298 38.8185 38.695 -7811.47 0.244626 0.252631 0.187434 0.315309 0.0451688  0.253937   0.12394 0.0118665  0.541791 0.0232959
(1,2,((3,((4,5),6)),(((((7,8),9),10),12),11))); -7737.1  -1.48861 81.8886 38.187 41.707 -7821.02 0.244378 0.252604 0.187641 0.315378 0.0371383  0.238203  0.111097 0.0181693  0.574561 0.0208309
(1,2,((3,((4,5),6)),(((((7,8),9),10),11),12))); -7728.69  -1.29196 82.2365 39.0247 40.3322 -7810.94 0.244318 0.252586 0.187745 0.315352 0.0359442   0.24729  0.113522 0.0099743  0.566398 0.0268703
(1,2,((3,((4,5),6)),(((((7,8),9),10),11),12))); -7728.72  -1.29196 85.2109 39.2052 36.7597 -7810.19 0.244273  0.25283 0.187512 0.315385 0.0705523  0.250561  0.107682 0.0134591  0.534526 0.0232199
(1,2,((3,((4,5),6)),(((((7,8),9),10),11),12))); -7725.02  -1.29196 83.2897 38.699 39.6457 -7807.96 0.244295 0.252569 0.187717 0.315419 0.0436668  0.277244 0.0814285 0.0147074  0.547733 0.0352203
(1,2,((3,((4,5),6)),(((((7,8),9),10),12),11))); -7718.75  -1.48861 83.385 39.0503 38.5212 -7800.12 0.244301 0.252628 0.187848 0.315224 0.0539205   0.29258  0.102677  0.018597  0.505511 0.0267141
(1,2,((3,(4,(5,6))),(((((7,8),9),10),12),11))); -7747.77  -6.74394 81.7733 38.4317 40.737 -7825.1 0.244585 0.252617 0.187509  0.31529 0.0453643  0.286145 0.0959435 0.0211487  0.527286 0.0241131
(1,2,((3,((4,5),6)),(((((7,8),9),10),12),11))); -7809.87  -1.48861 85.4618 38.161 40.8643 -7896.55 0.244425 0.252678 0.187714 0.315183 0.0410535  0.233924 0.0911509 0.0146249  0.594512 0.0247346
(1,2,((3,((4,5),6)),((((7,8),9),10),(11,12)))); -7729.54  -1.25175 82.5161 38.8559 38.2281 -7810.17 0.244574 0.252693 0.187485 0.315249 0.0547219  0.275682 0.0986336 0.0217889  0.514522 0.0346513
(1,2,((3,((4,5),6)),((((7,8),9),10),(11,12)))); -7719.6  -1.25175 82.0965 38.916 38.334 -7799.86 0.244628 0.252537 0.187545 0.315289 0.0335524  0.260518  0.102916 0.0279809  0.558868 0.0161645
(1,2,((3,((4,5),6)),(((((7,8),9),10),12),11))); -7722.24  -1.48861 74.1821 38.7473 41.225 -7797.42 0.244319  0.25277  0.18749 0.315422 0.0439999  0.256549  0.087843 0.0172583  0.572829 0.0215212
(1,2,((3,((4,5),6)),(((((7,8),9),10),11),12))); -7728.58  -1.29196 83.3225 39.0279 40.3358 -7811.92 0.244386 0.252811  0.18774 0.315064 0.0385784  0.273432  0.114724 0.0201287  0.530017   0.02312
(1,2,(((3,6),(4,5)),((((7,8),9),10),(11,12)))); -7759.17  -3.74004 78.8687 39.0943 40.3645 -7835.57 0.244463 0.252621 0.187662 0.315254 0.0308504  0.277883  0.108426 0.0120431  0.540258 0.0305396
(1,2,((3,((4,5),6)),(((((7,8),9),10),11),12))); -7758.04  -1.29196 81.4061 38.6681 40.2165 -7839.7 0.244455 0.252716 0.187556 0.315274  0.035397  0.247787  0.123476 0.0122825  0.560795 0.0202625
(1,2,((3,((4,5),6)),(((((7,8),9),10),12),11))); -7717.43  -1.48861 72.9978 38.7162 41.9338 -7792.16 0.244526 0.252527  0.18775 0.315197 0.0489053  0.259095 0.0954857 0.0206065  0.554333 0.0215744
(1,2,((3,((4,5),6)),(((((7,8),9),10),11),12))); -7733.17  -1.29196 85.2838 38.7371 41.3579 -7819.79 0.244538 0.252528 0.187711 0.315223 0.0492742   0.26627 0.0858771 0.0143786  0.563799 0.0204017
(1,2,(((3,6),(4,5)),((((7,8),9),10),(11,12)))); -7712.68  -3.74004 87.0581 38.7688 37.1542 -7794.38 0.244545  0.25246 0.187444  0.31555 0.0560226   0.27601 0.0972222 0.0132994  0.541512 0.0159337
(1,2,((3,((4,5),6)),(((((7,8),9),10),12),11))); -7740.3  -1.48861 80.4222 39.6395 42.3495 -7821.94 0.244416 0.252704 0.187666 0.315213 0.0482352  0.247612 0.0929531 0.0152634  0.566987 0.0289492
(1,2,((3,((4,5),6)),(((((7,8),9),10),12),11))); -7715.9  -1.48861 77.6914 38.5649 41.5617 -7795.1 0.244432 0.252566 0.187751 0.315251 0.0387868  0.287687  0.101605 0.0160224  0.527914 0.0279854
(1,2,(((3,6),(4,5)),((((7,8),9),10),(11,12)))); -7718.74  -3.74004 87.6125 38.8938 36.9615 -7800.68 0.244363 0.252482 0.187606  0.31555 0.0404352  0.294852 0.0834288 0.0285163  0.526723 0.0260446
(1,2,((3,((4,5),6)),((((7,8),9),10),(11,12)))); -7726.48  -1.25175 78.0633 38.8836 42.2879 -7806.7 0.244302  0.25258 0.187793 0.315325 0.0484181  0.259157 0.0934419 0.0155641  0.558671 0.0247484
(1,2,((3,((4,5),6)),(((((7,8),9),10),11),12))); -7717.44  -1.29196 84.5659 38.6276 41.4056 -7803.49 0.244525  0.25251 0.187496 0.315468 0.0384645  0.267015  0.103744  0.018082  0.549736 0.0229585
(1,2,(((3,6),(4,5)),(((((7,8),9),10),12),11))); -7726.31  -3.9769 80.996 38.7325 39.5882 -7804.19 0.244608 0.252827 0.187449 0.315115 0.0443778  0.257283  0.111689  0.015683  0.544953 0.0260137
(1,2,((3,((4,5),6)),((((7,8),9),10),(11,12)))); -7740.66  -1.25175 80.0908 39.1561 40.9788 -7821.32 0.244356 0.252748 0.187561 0.315335 0.0499748  0.284483 0.0943135 0.0110135  0.536737 0.0234783
(1,2,((3,((4,5),6)),(((((7,8),9),10),12),11))); -7863.19  -1.48861 78.4158 38.5155 37.7009 -7939.31 0.244672 0.252675 0.187521 0.315133 0.0511587  0.289913  0.104197 0.0228873  0.510252 0.0215931
(1,2,((3,((4,5),6)),((((7,8),9),10),(11,12)))); -7843.12  -1.25175 79.1813 38.1442 42.5279 -7925.44 0.244319 0.252609 0.187672   0.3154 0.0359085  0.258946   0.10923 0.0176982  0.552866 0.0253523
(1,2,(((3,(4,5)),6),((((7,8),9),10),(11,12)))); -7758.61  -4.28742 81.4117 39.001 39.0626 -7835.79 0.244477 0.252572 0.187686 0.315265   0.044961   0.291877   0.082503 0.00878484   0.546178  0.0256959
(1,2,((3,((4,5),6)),(((((7,8),9),10),12),11))); -7719.48  -1.48861 79.422 39.3426 38.716 -7796.79 0.244355 0.252637 0.187744 0.315263  0.0495434   0.290054  0.0990527 0.00730987   0.532507  0.0215337
(1,2,((3,((4,5),6)),(((((7,8),9),10),11),12))); -7733.46  -1.29196 81.0577 39.1814 41.0892 -7815.13 0.244356 0.252724 0.187691 0.315228 0.0447896  0.254896  0.120268 0.0194105  0.543883 0.0167526
(1,2,((3,((4,5),6)),(((((7,8),9),10),11),12))); -7719.8  -1.29196 83.7267 38.8408 38.1716 -7801.56 0.244289 0.252598 0.187608 0.315505 0.0557922  0.235088 0.0891575 0.0103193  0.581773 0.0278697
(1,(2,(3,((4,5),6))),(((((7,8),9),10),11),12)); -7735.36  -6.79062 80.4202 39.3387 40.2212 -7809.87 0.244565 0.252422 0.187541 0.315472 0.0465385  0.258588 0.0934727 0.0181993  0.552825 0.0303763
(1,2,(((3,4),(5,6)),(((((7,8),9),10),11),12))); -7761.74  -8.34783 83.5155 39.0024 41.3343 -7839.24   0.2443 0.252752 0.187716 0.315231 0.0423361  0.255545  0.100491 0.0236772  0.545949 0.0320023
(1,2,((3,((4,5),6)),((((7,8),9),10),(11,12)))); -7725.24  -1.25175 83.7795 38.6682 40.2686 -7809.37 0.244623  0.25253 0.187676  0.31517 0.0472109  0.250698  0.113845 0.0177901  0.538963 0.0314928
(1,2,((3,((4,5),6)),((((7,8),9),10),(11,12)))); -7706.11  -1.25175 83.9079 39.3414 38.8955 -7788.32 0.244548 0.252579 0.187563  0.31531 0.0460511  0.284871  0.089756 0.0245995  0.540738 0.0139838
(1,2,((3,((4,5),6)),(((((7,8),9),10),12),11))); -7708.78  -1.48861 78.8112 38.4195 42.372 -7790.05 0.244427 0.252588 0.187636 0.315349 0.0379758  0.250795  0.104128 0.0127465  0.573821 0.0205339
(1,2,((3,((4,5),6)),(((((7,8),9),10),11),12))); -7729.01  -1.29196 84.2652 39.0011 40.2173 -7813.2 0.244321 0.252642 0.187656 0.315381 0.0310237  0.259463 0.0920069 0.0171905  0.564987 0.0353298
(1,2,((3,((4,5),6)),(((((7,8),9),10),12),11))); -7726.23  -1.48861 86.8368 38.7561 40.1149 -7812.94 0.244395  0.25275 0.187554 0.315302 0.0483289  0.247579  0.125204 0.0133489  0.536702 0.0288381
(1,2,((3,((4,5),6)),(((((7,8),9),10),11),12))); -7717.48  -1.29196 83.8718 38.7004 39.4417 -7800.8 0.244385 0.252565 0.187809  0.31524 0.0347135  0.298415 0.0978298 0.0213968  0.528284 0.0193615
(1,2,((3,((4,5),6)),(((((7,8),9),10),12),11))); -7709.68  -1.48861 81.171 39.1094 36.8085 -7787.06  0.24485 0.252494 0.187544 0.315112 0.0481283  0.265131  0.105738 0.0168027   0.54599 0.0182105
(1,2,((3,((4,5),6)),((((7,8),9),10),(11,12)))); -7709.06  -1.25175 80.4651 39.2439 40.089 -7789.12 0.244444 0.252542  0.18766 0.315355 0.0423042  0.294755  0.086674 0.0167386  0.544044 0.0154845
(1,2,((3,((4,5),6)),((((7,8),9),10),(11,12)))); -7843.63  -1.25175 82.2118 39.0624 38.609 -7924.14 0.244278 0.252638 0.187514  0.31557 0.0526382  0.280889 0.0864748 0.0234986  0.534917 0.0215826
(1,(2,(((((7,8),9),10),11),12)),(3,((4,5),6))); -7719.94  -3.5565 79.3097 39.0659 42.4566 -7799.08 0.244403   0.2526 0.187716 0.315281  0.048545  0.249349 0.0919425 0.0207134  0.563162 0.0262875
(1,2,((3,((4,5),6)),(((((7,8),9),10),11),12))); -7728.19  -1.29196 81.9893 39.061 39.1812 -7809.01 0.244235 0.252819  0.18775 0.315196 0.0307858  0.281817 0.0981726 0.0124303   0.54888 0.0279144
(1,2,((3,((4,5),6)),(((((7,8),9),10),11),12))); -7798.19  -1.29196 85.3031 38.6075 36.2996 -7879.9 0.244207  0.25269 0.187491 0.315611 0.0536066  0.257372  0.110641 0.0253599  0.538222 0.0147989
(1,2,((3,((4,5),6)),(((((7,8),9),10),11),12))); -7714.23  -1.29196 83.5785 38.8829 36.6475 -7794.29 0.243985 0.252685 0.187855 0.315475 0.0414669  0.258624 0.0867223 0.0149616  0.573325 0.0248998
(1,2,((3,((4,5),6)),((((7,8),9),10),(11,12)))); -7772.97  -1.25175 85.284 38.1676 40.4727 -7859.31 0.244449 0.252724 0.187585 0.315242 0.0443769  0.260938 0.0951766 0.0237766  0.538751  0.036981
(1,2,((3,((4,5),6)),(((((7,8),9),10),11),12))); -7721.3  -1.29196 78.5684 38.7425 42.0475 -7801.88 0.244256 0.252725 0.187747 0.315272  0.049265  0.259292 0.0974056 0.0128666  0.558173  0.022997
(1,(2,((((7,8),9),10),(11,12))),(3,((4,5),6))); -7735.86  -3.51629 84.4114 38.4709 40.1427 -7818.43  0.24439  0.25267 0.187573 0.315367 0.0322274  0.284923  0.116495  0.019509  0.525496 0.0213491
(1,2,((3,((4,5),6)),(((((7,8),9),10),11),12))); -7840.86  -1.29196 83.4422 38.3697 42.3134 -7926.95 0.244375 0.252659 0.187785 0.315182 0.0468149  0.277026 0.0973941 0.0172876  0.537829 0.0236481
(1,2,((3,((4,5),6)),(((((7,8),9),10),11),12))); -7743.76  -1.29196 78.6259 39.1511 41.5231 -7823.47 0.244466 0.252595 0.187603 0.315336 0.0345677  0.260224  0.102972 0.0115521  0.560268 0.0304159
(1,2,((3,((4,5),6)),(((((7,8),9),10),11),12))); -7718.44  -1.29196 78.9148 38.8707 41.7835 -7798.98 0.244416 0.252688 0.187486 0.315411 0.0429801  0.251093 0.0959794 0.0136184  0.575322 0.0210071
(1,2,((3,((4,5),6)),((((7,8),9),10),(11,12)))); -7769.82  -1.25175 85.1371 38.5979 39.5104 -7854.61 0.244288 0.252625 0.187679 0.315407 0.0395519  0.307113 0.0882176 0.0177708   0.52341 0.0239359
(1,2,((3,((4,5),6)),(((((7,8),9),10),12),11))); -7733.1  -1.48861 75.9365 39.1812 40.0667 -7808.44 0.244579 0.252609 0.187695 0.315118 0.0378784  0.269879  0.120244 0.0183985  0.525618 0.0279824
(1,2,((3,((4,5),6)),((((7,8),9),10),(11,12)))); -7749.6  -1.25175 75.3392 39.0081 39.3809 -7824.06 0.244417  0.25269 0.187553  0.31534 0.0463098   0.26943  0.101157 0.0157969  0.525173 0.0421344
(1,2,(((3,(4,5)),6),((((7,8),9),10),(11,12)))); -7744.01  -4.28742 81.8352 39.2103 41.421 -7823.77 0.244638 0.252662 0.187609 0.315091 0.0456818  0.256407 0.0991874 0.0147325  0.560653 0.0233384
(1,2,((3,((4,5),6)),((((7,8),9),10),(11,12)))); -7735.16  -1.25175 83.2756 39.4649 42.8557 -7820.57 0.244468 0.252617 0.187624 0.315291 0.0412322  0.255549  0.105485 0.0148669  0.564281 0.0185866
(1,2,((3,((4,5),6)),(((((7,8),9),10),12),11))); -7724.42  -1.48861 79.5859 38.8541 39.8948 -7803.55 0.244167 0.252611  0.18765 0.315572 0.0469084  0.257962  0.110805 0.0119848  0.549306 0.0230338
(1,2,((3,((4,5),6)),(((((7,8),9),10),12),11))); -7802  -1.48861 79.1244 38.5828 40.497 -7881.55 0.244487 0.252578 0.187636 0.315299 0.0438146  0.282936  0.115939 0.0204909  0.509722 0.0270978
(1,(2,((((7,8),9),10),(11,12))),(3,((4,5),6))); -7739.96  -3.51629 86.4773 39.0061 38.7677 -7822.68 0.244281 0.252705 0.187649 0.315365 0.0469381  0.273985 0.0847031 0.0232337  0.532605 0.0385354
(1,(2,(((((7,8),9),10),11),12)),(3,((4,5),6))); -7732.92  -3.5565 80.9244 38.7045 40.5793 -7812.17 0.244435 0.252657 0.187776 0.315132 0.0454705   0.24064  0.114521 0.0164939  0.550538 0.0323364
(1,2,((3,((4,5),6)),((((7,8),9),10),(11,12)))); -7727.1  -1.25175 80.8181 39.2632 41.3698 -7808.78 0.244279 0.252664 0.187694 0.315363 0.0376343  0.246567 0.0947045 0.0228867  0.568603 0.0296047
(1,2,((3,((4,5),6)),(((((7,8),9),10),11),12))); -7725.22  -1.29196 85.87 38.7803 39.7779 -7810.8 0.244422 0.252843 0.187494 0.315241 0.0559225  0.244362 0.0984558 0.0195402  0.550981 0.0307386
(1,2,((3,((4,5),6)),((((7,8),9),10),(11,12)))); -7738.08  -1.25175 89.4139 38.5664 36.4699 -7824.15  0.24436 0.252663 0.187759 0.315218 0.0448486   0.25037 0.0972317 0.0247965  0.534334  0.048419
(1,2,((3,((4,5),6)),(((((7,8),9),10),12),11))); -7735.43  -1.48861 81.0965 38.3636 38.6442 -7815.32 0.244328 0.252903 0.187531 0.315238  0.0440632   0.256637   0.108828 0.00928896   0.564805  0.0163775
(1,2,((3,((4,5),6)),(((((7,8),9),10),11),12))); -7756.27  -1.29196 77.2984 38.452 33.7342 -7827.56 0.244669 0.252613 0.187392 0.315327 0.0551381  0.223855  0.132981  0.020225  0.542531 0.0252701
(1,2,((3,((4,5),6)),(((((7,8),9),10),12),11))); -7757.36  -1.48861 90.2468 38.6221 33.3116 -7840.81 0.244176 0.252596 0.187887 0.315341 0.0346645  0.286976 0.0870515  0.033599  0.523342 0.0343666
(1,2,((3,((4,5),6)),(((((7,8),9),10),11),12))); -7720.19  -1.29196 84.013 38.815 38.6475 -7802.74 0.244419 0.252958  0.18766 0.314962 0.0430856  0.254158 0.0964379 0.0223023  0.556366   0.02765
(1,2,((3,((4,5),6)),(((((7,8),9),10),11),12))); -7742.25  -1.29196 92.4791 38.8686 42.1129 -7836.68 0.244368 0.252624 0.187648 0.315361 0.0438766  0.272783 0.0862417 0.0226981  0.552041 0.0223594
(1,(2,((((7,8),9),10),(11,12))),(3,((4,5),6))); -7813.85  -3.51629 77.682 38.3773 40.9758 -7890.62 0.244541 0.252606 0.187602 0.315251 0.0568541  0.264968 0.0864454 0.0137415  0.554462 0.0235296
(1,2,(((3,(4,5)),6),(((((7,8),9),10),12),11))); -7731.92  -4.52427 82.3258 38.9815 38.386 -7809.13 0.244293 0.252795 0.187382 0.315529 0.0475174  0.264576  0.109548  0.020717  0.529388  0.028253
(1,2,((3,((4,5),6)),(((((7,8),9),10),11),12))); -7716.44  -1.29196 78.8638 38.8633 42.1407 -7797.29 0.244284 0.252603 0.187754 0.315359 0.0369289  0.261432 0.0945238 0.0169218  0.570071 0.0201223
(1,2,((3,((4,5),6)),(((((7,8),9),10),12),11))); -7793.93  -1.48861 83.1837 38.7869 38.7194 -7875.56 0.244243 0.252616 0.187755 0.315386 0.0459347  0.294097  0.094478 0.0261888  0.520893 0.0184084
(1,(2,((3,(4,5)),6)),((((7,8),9),10),(11,12))); -7745.93  -9.78607 75.7322 38.4469 39.8774 -7813.3 0.244338 0.252614 0.187842 0.315206  0.053491  0.251236  0.102528 0.0118196  0.548409  0.032516
(1,2,((3,((4,5),6)),(((((7,8),9),10),11),12))); -7728.24  -1.29196 77.0938 39.0638 41.0977 -7806.07 0.244437 0.252622 0.187693 0.315248 0.0542296  0.241908 0.0902874 0.0146794   0.56862 0.0302758
(1,2,((3,((4,5),6)),(((((7,8),9),10),11),12))); -7733.77  -1.29196 82.7948 38.9453 41.1274 -7817.46 0.244435 0.252651 0.187553 0.315361   0.04205  0.272843  0.115241 0.0122622  0.528079 0.0295251
(1,2,((3,((4,5),6)),(((((7,8),9),10),12),11))); -7770.97  -1.48861 83.7107 38.1468 38.9034 -7853.95 0.244331 0.252835   0.1878 0.315034 0.0392978  0.266553  0.111817 0.0102656  0.552107 0.0199591
(1,2,((3,((4,5),6)),((((7,8),9),10),(11,12)))); -7734.14  -1.25175 84.7095 38.7023 38.4715 -7817.36 0.244124 0.252768 0.187731 0.315378 0.0385399  0.282477   0.10048 0.0252014  0.536274 0.0170284
(1,2,((3,((4,5),6)),(((((7,8),9),10),11),12))); -7821.22  -1.29196 75.0928 37.5769 37.5838 -7895.02 0.244599 0.252254 0.187725 0.315422 0.0379543  0.276867 0.0983507 0.0161783  0.539406 0.0312442
(1,(2,(((((7,8),9),10),12),11)),(3,((4,5),6))); -7719.65  -3.75314 80.1078 39.4988 41.4487 -7797.96 0.244451  0.25272 0.187575 0.315254 0.0458409  0.239926  0.114797  0.012854  0.559635 0.0269473
(1,2,((3,((4,5),6)),((((7,8),9),10),(11,12)))); -7726.24  -1.25175 85.0464 39.0201 39.2033 -7810.21 0.244368 0.252859 0.187563  0.31521 0.0495526  0.267848 0.0760233 0.0190223  0.559463 0.0280911
(1,2,((3,((4,5),6)),(((((7,8),9),10),11),12))); -7738.05  -1.29196 81.8598 38.858 41.2069 -7820.97 0.244429 0.252722 0.187706 0.315143 0.0533961  0.275954   0.09746 0.0127152  0.533252 0.0272222
(1,2,((3,((4,5),6)),(((((7,8),9),10),12),11))); -7732.98  -1.48861 90.42 38.8228 40.7816 -7823.87 0.244293 0.252532 0.187609 0.315566  0.039237  0.283227  0.097785 0.0146732  0.539699 0.0253783
(1,2,(3,(((4,5),6),(((((7,8),9),10),12),11)))); -7742.26  -7.10089 79.2948 38.8197 37.6628 -7813.29 0.244567 0.252371 0.187703 0.315359 0.0558068  0.263492  0.106437 0.0111118  0.548414 0.0147381
(1,2,((3,((4,5),6)),(((((7,8),9),10),12),11))); -7733.8  -1.48861 77.5357 38.7206 40.4546 -7811.58 0.244475 0.252623 0.187479 0.315422 0.0505084  0.281797  0.108116 0.0177179  0.521761 0.0200991
(1,2,((3,((4,5),6)),(((((7,8),9),10),11),12))); -7723.31  -1.29196 83.6352 39.1461 41.5482 -7808.05 0.244295 0.252525  0.18766  0.31552  0.040183  0.265724 0.0955083 0.0127107  0.560456 0.0254177
(1,2,((3,((4,5),6)),(((((7,8),9),10),11),12))); -7714.1  -1.29196 76.6619 38.0849 38.561 -7789.94 0.244452 0.252414 0.187691 0.315443 0.0467545  0.281398 0.0748374 0.0165042  0.552475 0.0280298
(1,2,(((3,6),(4,5)),((((7,8),9),10),(11,12)))); -7753.07  -3.74004 76.9682 38.0586 40.1985 -7828.44 0.244249 0.252582 0.187706 0.315462 0.0401922  0.250421 0.0886456 0.0119827  0.577974 0.0307842
(1,2,((3,((4,5),6)),(((((7,8),9),10),11),12))); -7751.75  -1.29196 77.108 39.0589 39.6785 -7828.18 0.244451 0.252574 0.187648 0.315326 0.0452329  0.258758  0.119647 0.0213558   0.51925 0.0357558
(1,2,((3,((4,5),6)),((((7,8),9),10),(11,12)))); -7778.16  -1.25175 80.9812 37.9765 40.0643 -7859.98 0.244453 0.252851 0.187493 0.315203 0.0389871  0.256676  0.102068 0.0108857  0.560673 0.0307108
(1,(2,(((((7,8),9),10),11),12)),(3,((4,5),6))); -7725.48  -3.5565 78.4072 39.6789 36.5258 -7797.17 0.244099 0.252839 0.187651 0.315411 0.0668795  0.253324 0.0997197 0.0127889  0.546327 0.0209613
(1,2,(((3,6),(4,5)),(((((7,8),9),10),11),12))); -7784.37  -3.78025 95.9643 37.9549 39.6266 -7878.23 0.244256  0.25261 0.187572 0.315562  0.029954  0.267339 0.0938243 0.0163693  0.570198 0.0223155
(1,(2,(((((7,8),9),10),11),12)),(3,((4,5),6))); -7729.97  -3.5565 82.7618 38.8002 40.6921 -7811.06 0.244393 0.252696  0.18767 0.315241 0.0302689   0.27086   0.11455 0.0200325   0.53673  0.027559
(1,(2,((((7,8),9),10),(11,12))),((3,6),(4,5))); -7708.94  -6.00458 80.1578 39.0108 39.057 -7783.14 0.244222 0.252627 0.187553 0.315599 0.0423922  0.267026 0.0802104 0.0202048  0.566418 0.0237488
(1,2,((3,((4,5),6)),(((((7,8),9),10),11),12))); -7731.75  -1.29196 82.2497 38.4606 41.1476 -7815.4 0.244452 0.252602 0.187585 0.315361 0.0473794  0.288854  0.109326 0.0151264   0.51604 0.0232742
(1,2,((3,((4,5),6)),(((((7,8),9),10),12),11))); -7711.1  -1.48861 83.4556 38.798 41.6684 -7795.94 0.244455 0.252723 0.187713 0.315109 0.0394427  0.284525  0.102652 0.0180057  0.531495 0.0238802
(1,2,((3,((4,5),6)),(((((7,8),9),10),12),11))); -7727.14  -1.48861 82.1758 39.335 36.9837 -7805.48 0.244396 0.252601 0.187918 0.315085 0.0474369  0.276124  0.110435 0.0265682  0.510316 0.0291192
(1,2,((3,((4,5),6)),(((((7,8),9),10),11),12))); -7790.34  -1.29196 74.3926 38.6529 41.1086 -7865.9 0.244517 0.252738 0.187505 0.315239 0.0450504  0.266232  0.107764 0.0103748  0.545937 0.0246427
(1,2,((3,((4,5),6)),(((((7,8),9),10),12),11))); -7718.33  -1.48861 78.3651 39.1568 36.2779 -7792.32 0.244397 0.252797 0.187579 0.315227 0.0309883  0.248953  0.080278  0.010576  0.593536 0.0356687
(1,2,(((3,6),(4,5)),((((7,8),9),10),(11,12)))); -7831.91  -3.74004 87.7945 38.5152 42.0834 -7919.53 0.244345 0.252723 0.187565 0.315367 0.0331736  0.264491  0.103532 0.0194337  0.554462 0.0249072
(1,2,((3,((4,5),6)),(((((7,8),9),10),11),12))); -7839.79  -1.29196 87.5039 37.4707 41.3983 -7929.93 0.244285 0.252598 0.187758 0.315359 0.0403289   0.23623  0.102868 0.0199552  0.574079 0.0265383
(1,2,(((3,6),(4,5)),(((((7,8),9),10),11),12))); -7741.27  -3.78025 86.2773 38.8573 37.654 -7822.56 0.244318 0.252488 0.187717 0.315477 0.0426955  0.240375 0.0993661 0.0169606  0.556165 0.0444371
(1,(2,(((((7,8),9),10),11),12)),(3,((4,5),6))); -7730.31  -3.5565 79.6459 39.0594 41.5446 -7808.89  0.24428 0.252628 0.187765 0.315327 0.0448098  0.265512  0.109172 0.0228984  0.530653 0.0269542
(1,2,(((3,(4,5)),6),(((((7,8),9),10),11),12))); -7724.56  -4.32762 84.0646 39.2435 39.4295 -7804.48 0.244262 0.252763 0.187624 0.315351 0.0474586  0.298677 0.0888857 0.0220278   0.52064  0.022311
(1,2,((3,((4,5),6)),((((7,8),9),10),(11,12)))); -7747.37  -1.25175 84.1449 38.9573 39.239 -7830.55  0.24431 0.252727 0.187625 0.315339 0.0437134  0.243457  0.126974 0.0261561  0.539087 0.0206122
(1,2,((3,((4,5),6)),(((((7,8),9),10),12),11))); -7715.79  -1.48861 77.7853 38.3848 41.2419 -7794.95 0.244327 0.252726  0.18751 0.315438 0.0346093  0.273621 0.0964629 0.0152642  0.560501 0.0195419
(1,2,((3,((4,5),6)),(((((7,8),9),10),11),12))); -7718.5  -1.29196 81.9574 38.9243 39.09 -7799.33  0.24434 0.252561 0.187672 0.315427 0.0506186  0.236498 0.0843695 0.0109719  0.593558 0.0239844
(1,2,((3,((4,5),6)),(((((7,8),9),10),12),11))); -7732.76  -1.48861 83.59 39.0167 40.671 -7816.51 0.244305 0.252632 0.187876 0.315187 0.0422444  0.252388  0.112138 0.0189709  0.545294 0.0289643
(1,2,((3,((4,5),6)),((((7,8),9),10),(11,12)))); -7737.23  -1.25175 84.5001 39.1304 41.6358 -7822.99 0.244363 0.252451 0.187722 0.315464 0.0439568   0.25646 0.0977632 0.0181703  0.554204 0.0294456
(1,2,((3,(4,(5,6))),(((((7,8),9),10),11),12))); -7766.96  -6.54729 77.8183 38.7592 38.0449 -7837.52 0.244435 0.252797 0.187699 0.315068 0.0585359  0.263471  0.105527 0.0112703  0.526921 0.0342749
(1,2,((3,((4,5),6)),((((7,8),9),10),(11,12)))); -7718.78  -1.25175 81.0812 38.1191 41.5127 -7802 0.244391  0.25263 0.187663 0.315315 0.0340361  0.254681  0.099736 0.0116066  0.569567 0.0303735
(1,2,((3,((4,5),6)),((((7,8),9),10),(11,12)))); -7757.72  -1.25175 90.7966 38.7893 40.615 -7849.09 0.244345 0.252445  0.18763  0.31558 0.0473734  0.248834 0.0989977 0.0184366  0.558736 0.0276224
(1,2,(((3,6),(4,5)),(((((7,8),9),10),11),12))); -7734.91  -3.78025 74.4322 38.5179 41.7957 -7808.84 0.244342 0.252616  0.18765 0.315392 0.0411823  0.238814  0.102364 0.0216907  0.566758  0.029191
(1,2,((3,((4,5),6)),((((7,8),9),10),(11,12)))); -7742.7  -1.25175 88.2514 38.7494 40.6865 -7831.64 0.244419 0.252855 0.187501 0.315225 0.0378683  0.275356 0.0913118 0.0138821  0.552903 0.0286782
(1,2,((3,((4,5),6)),(((((7,8),9),10),11),12))); -7728.57  -1.29196 82.0073 38.6025 40.3523 -7811.03  0.24427  0.25281 0.187821 0.315099 0.0411726  0.253846 0.0943867   0.01643  0.564546 0.0296184
(1,2,((3,((4,5),6)),((((7,8),9),10),(11,12)))); -7728.24  -1.25175 87.204 38.6232 41.9222 -7817.5 0.244297 0.252668 0.187712 0.315323 0.0490841  0.267015  0.111631 0.0123735  0.537544 0.0223521
(1,2,(((3,6),(4,5)),((((7,8),9),10),(11,12)))); -7752.06  -3.74004 77.8256 37.8505 40.5677 -7828.86 0.244368 0.252553 0.187626 0.315453 0.0460022   0.27048  0.115724 0.0230944  0.518188 0.0265113
(1,2,((3,((4,5),6)),(((((7,8),9),10),11),12))); -7740.81  -1.29196 94.8598 38.6485 37.9948 -7833.73 0.244538 0.252888 0.187454 0.315121 0.0350941  0.265985  0.102782 0.0270843  0.548227 0.0208281
(1,2,((3,((4,5),6)),(((((7,8),9),10),12),11))); -7728.56  -1.48861 83.6971 38.9394 40.3333 -7812.17 0.244395 0.252737 0.187541 0.315327 0.0334414  0.280422 0.0853656 0.0230149  0.551763  0.025994
(1,2,((3,((4,5),6)),(((((7,8),9),10),11),12))); -7738.34  -1.29196 83.6307 39.0725 36.6769 -7818.29 0.244117 0.252513 0.187762 0.315608 0.0492976  0.243703 0.0953774 0.0105112  0.571079 0.0300317
(1,2,((3,((4,5),6)),((((7,8),9),10),(11,12)))); -7738.57  -1.25175 82.2053 38.6215 41.711 -7822.62 0.244319 0.252829 0.187551 0.315301  0.045445  0.245514 0.0965866 0.0173314  0.573811 0.0213122
(1,2,((3,((4,5),6)),(((((7,8),9),10),12),11))); -7748.78  -1.48861 82.2429 38.8487 39.8952 -7830.58 0.244387   0.2526 0.187752  0.31526 0.0404852  0.272449  0.128435 0.0190715  0.516996 0.0225635
(1,2,((3,((4,5),6)),(((((7,8),9),10),11),12))); -7756.07  -1.29196 81.3204 38.4062 38.0479 -7835.74 0.244366  0.25259 0.187579 0.315465  0.0281116   0.261119   0.106764 0.00829537   0.572634   0.023076
(1,2,((3,((4,5),6)),((((7,8),9),10),(11,12)))); -7716.26  -1.25175 84.8663 38.9281 39.9681 -7800.91 0.244369 0.252567 0.187608 0.315456 0.0552464  0.258543 0.0895668 0.0214697  0.559739  0.015434
(1,2,((3,((4,5),6)),((((7,8),9),10),(11,12)))); -7717.41  -1.25175 87.148 38.9458 39.2384 -7803.6 0.244439 0.252665 0.187903 0.314993 0.0483701  0.256591  0.103319 0.0200746  0.543105 0.0285405
(1,2,((3,((4,5),6)),((((7,8),9),10),(11,12)))); -7789.94  -1.25175 85.8293 38.4876 40.3994 -7876.43 0.244407 0.252597 0.187716  0.31528 0.0422986  0.259902  0.111449 0.0216793  0.527565 0.0371065
(1,2,((3,((4,5),6)),((((7,8),9),10),(11,12)))); -7707.67  -1.25175 88.5373 38.6819 41.718 -7798 0.244273 0.252538 0.187704 0.315485 0.0392863  0.272841  0.102857 0.0149596  0.550095 0.0199613
(1,2,((3,((4,5),6)),(((((7,8),9),10),12),11))); -7715.05  -1.48861 79.3825 39.0043 40.08 -7794.02 0.244395  0.25256 0.187762 0.315283 0.0429118  0.259752 0.0839929 0.0256587  0.555104 0.0325806
