Camel: A=335 C=315 G=170 T=320
Dolphin: A=350 C=336 G=144 T=310
Pig: A=359 C=328 G=150 T=303
Cow: A=356 C=344 G=153 T=287
Sheep: A=359 C=322 G=148 T=311
Giraffe: A=357 C=327 G=149 T=307
Seed: 2970036664
Sample size: 1
((3,((4,6),5)),2,1);
numTaxa = 6, numNodes = 10, numEdges = 9
Nodes:
  1: Camel: 1: Edges: e[9] -> n[10]
  2: Dolphin: 1: Edges: e[8] -> n[10]
  3: Pig: 2: Edges: e[2] -> n[9]
  4: Cow: 4: Edges: e[5] -> n[7]
  5: Sheep: 3: Edges: e[7] -> n[8]
  6: Giraffe: 4: Edges: e[6] -> n[7]
  7: : 3: Edges: e[4] -> n[8], e[5] -> n[4], e[6] -> n[6]
  8: : 2: Edges: e[3] -> n[9], e[4] -> n[7], e[7] -> n[5]
  9: : 1: Edges: e[1] -> n[10], e[2] -> n[3], e[3] -> n[8]
 10: : 0: Edges: e[1] -> n[9], e[8] -> n[2], e[9] -> n[1]
Edges:
  1: n[9] <-> n[10] , length = 0
  2: n[3] <-> n[9] , length = 0
  3: n[8] <-> n[9] , length = 0
  4: n[7] <-> n[8] , length = 0
  5: n[4] <-> n[7] , length = 0
  6: n[6] <-> n[7] , length = 0
  7: n[5] <-> n[8] , length = 0
  8: n[2] <-> n[10] , length = 0
  9: n[1] <-> n[10] , length = 0

Check distances
((3,((4,6),5)),2,1);
  0  1 0.306652 -2368.132131     0.000000       -2002.360325   0.000499 188.2929   614.0278
  0  2 0.285744 -2333.604322     0.000000       -2256.048893   0.000443 184.2058   644.6528
  0  3 0.288624 -2340.612791     0.000000       -2212.906466   0.000452 184.3436   638.6980
  0  4 0.311309 -2369.233807     0.000000       -1960.731623   0.000510 190.0215   610.3943
  0  5 0.291219 -2356.683061     0.000000       -2156.879229   0.000464 182.9217   628.1243
  1  2 0.263835 -2303.344522     0.000000       -2520.730169   0.000397 175.4657   665.0576
  1  3 0.276113 -2307.881692     0.000000       -2393.897910   0.000418 182.5071   660.9866
  1  4 0.267326 -2316.231598     0.000000       -2470.462269   0.000405 176.5474   660.4193
  1  5 0.287280 -2337.345825     0.000000       -2218.212674   0.000451 183.0684   637.2476
  2  3 0.257852 -2279.425984     0.000000       -2667.026087   0.000375 177.3247   687.6988
  2  4 0.251755 -2287.189716     0.000000       -2697.377093   0.000371 170.9619   679.0793
  2  5 0.238025 -2260.816501     0.000000       -2951.395268   0.000339 167.2141   702.5062
  3  4 0.200149 -2138.560723     0.000000       -3943.554073   0.000254 157.9778   789.2998
  3  5 0.174599 -2097.112545     0.000000       -4717.862745   0.000212 143.8236   823.7355
  4  5 0.174305 -2107.000466    -0.000000       -4675.528912   0.000214 142.0532   814.9687
----------------------------------------------------------------
((3,((4,6),5)),2,1);
------------- rep 0 -------------
(5,(3,(2,1)),(6,4));
numTaxa = 6, numNodes = 10, numEdges = 9
Nodes:
  1: Camel: 3: Edges: e[9] -> n[10]
  2: Dolphin: 3: Edges: e[8] -> n[10]
  3: Pig: 2: Edges: e[2] -> n[9]
  4: Cow: 2: Edges: e[5] -> n[7]
  5: Sheep: 1: Edges: e[7] -> n[8]
  6: Giraffe: 2: Edges: e[6] -> n[7]
  7: : 1: Edges: e[6] -> n[6], e[5] -> n[4], e[4] -> n[8]
  8: : 0: Edges: e[7] -> n[5], e[3] -> n[9], e[4] -> n[7]
  9: : 1: Edges: e[3] -> n[8], e[2] -> n[3], e[1] -> n[10]
 10: : 2: Edges: e[1] -> n[9], e[8] -> n[2], e[9] -> n[1]
Edges:
  1: n[9] <-> n[10] , length = 0
  2: n[3] <-> n[9] , length = 0
  3: n[8] <-> n[9] , length = 0
  4: n[7] <-> n[8] , length = 0
  5: n[4] <-> n[7] , length = 0
  6: n[6] <-> n[7] , length = 0
  7: n[5] <-> n[8] , length = 0
  8: n[2] <-> n[10] , length = 0
  9: n[1] <-> n[10] , length = 0

Node List: 2 1 3 10 6 4 5 9 7 8
------------- Sample branch lengths for nodes:------------------
2 1 3 10
mleDistance for nodes 2, 1
Starting at curr=0.0500, logl, dlogl and ddlogl: -2590.0588, 3997.1331, -98551.0497
double starting point in mleDistance because curr_dlogl>0
prop in mleDistance for curr_dlogl>0: 0.1000
prop_logl in mleDistance for curr_dlogl>0: -2465.5813
prop_dlogl in mleDistance for curr_dlogl>0: 1545.3243
prop_ddlogl in mleDistance for curr_dlogl>0: -24249.5459
double starting point in mleDistance because curr_dlogl>0
prop in mleDistance for curr_dlogl>0: 0.2000
prop_logl in mleDistance for curr_dlogl>0: -2384.2715
prop_dlogl in mleDistance for curr_dlogl>0: 364.0225
prop_ddlogl in mleDistance for curr_dlogl>0: -5582.3836
double starting point in mleDistance because curr_dlogl>0
prop in mleDistance for curr_dlogl>0: 0.4000
prop_logl in mleDistance for curr_dlogl>0: -2374.9696
prop_dlogl in mleDistance for curr_dlogl>0: -130.0818
prop_ddlogl in mleDistance for curr_dlogl>0: -931.9703
Two points to interpolate: 0.2000, 0.4000
Derivatives: 364.0225, -130.0818
Starting prop: 0.3473
prop_logl, prop_dlogl, prop_ddlogl-2369.6153, -68.9891, -1425.2361
entered while
entered while
entered while
entered while
Finally converged to prop: 0.3067 with logl, dlogl, ddlogl: -2368.1321, 0.0000, -2002.3603
-----
mleDistance for nodes 2, 3
Starting at curr=0.0500, logl, dlogl and ddlogl: -2477.2980, 3448.3496, -87684.9896
double starting point in mleDistance because curr_dlogl>0
prop in mleDistance for curr_dlogl>0: 0.1000
prop_logl in mleDistance for curr_dlogl>0: -2371.9052
prop_dlogl in mleDistance for curr_dlogl>0: 1269.1110
prop_ddlogl in mleDistance for curr_dlogl>0: -21508.7669
double starting point in mleDistance because curr_dlogl>0
prop in mleDistance for curr_dlogl>0: 0.2000
prop_logl in mleDistance for curr_dlogl>0: -2309.7644
prop_dlogl in mleDistance for curr_dlogl>0: 225.8914
prop_ddlogl in mleDistance for curr_dlogl>0: -4883.0342
double starting point in mleDistance because curr_dlogl>0
prop in mleDistance for curr_dlogl>0: 0.4000
prop_logl in mleDistance for curr_dlogl>0: -2319.3953
prop_dlogl in mleDistance for curr_dlogl>0: -196.9127
prop_ddlogl in mleDistance for curr_dlogl>0: -747.8218
Two points to interpolate: 0.2000, 0.4000
Derivatives: 225.8914, -196.9127
Starting prop: 0.3069
prop_logl, prop_dlogl, prop_ddlogl-2305.3920, -89.2873, -1693.8214
entered while
entered while
entered while
entered while
entered while
Finally converged to prop: 0.2638 with logl, dlogl, ddlogl: -2303.3445, 0.0000, -2520.7302
-----
mleDistance for nodes 1, 3
Starting at curr=0.0500, logl, dlogl and ddlogl: -2534.4400, 3785.3397, -94787.2002
double starting point in mleDistance because curr_dlogl>0
prop in mleDistance for curr_dlogl>0: 0.1000
prop_logl in mleDistance for curr_dlogl>0: -2417.6176
prop_dlogl in mleDistance for curr_dlogl>0: 1429.9296
prop_ddlogl in mleDistance for curr_dlogl>0: -23248.6402
double starting point in mleDistance because curr_dlogl>0
prop in mleDistance for curr_dlogl>0: 0.2000
prop_logl in mleDistance for curr_dlogl>0: -2344.6835
prop_dlogl in mleDistance for curr_dlogl>0: 300.8949
prop_ddlogl in mleDistance for curr_dlogl>0: -5304.3298
double starting point in mleDistance because curr_dlogl>0
prop in mleDistance for curr_dlogl>0: 0.4000
prop_logl in mleDistance for curr_dlogl>0: -2344.4460
prop_dlogl in mleDistance for curr_dlogl>0: -163.6582
prop_ddlogl in mleDistance for curr_dlogl>0: -852.1044
Two points to interpolate: 0.2000, 0.4000
Derivatives: 300.8949, -163.6582
Starting prop: 0.3295
prop_logl, prop_dlogl, prop_ddlogl-2335.5128, -81.9283, -1537.6770
entered while
entered while
entered while
entered while
Finally converged to prop: 0.2857 with logl, dlogl, ddlogl: -2333.6043, 0.0000, -2256.0489
-----
foundxy 0, foundyz 0, foundxz 0
after mleDistance or map, dxy,dxz,dyz 0.3067, 0.2638, 0.2857
lengthX0: 0.1424
lengthY0: 0.1643
lengthZ0: 0.1215
dxy 0.3067, dxz 0.2638, dyz 0.2857
sxy 0.0000, sxz 0.0000, syz 0.0000
Starting points: 
lx 0.1424, ly 0.1643, lz 0.1215
Entering mleDistanceJoint
lx,ly,lz: 0.1424, 0.1643, 0.1215
sxy,sxz,syz: 0.0000, 0.0000, 0.0000
Entering mleDistance3D
mleDistance3D Newton-Raphson curr: 0.1424 0.1643 0.1215
mleDistance3D Newton-Raphson gradient: -19.9064 -21.1626 -16.3530
mleDistance3D Newton-Raphson inverse hessian: 
-0.0002  0.0000  0.0000
 0.0000 -0.0003  0.0000
 0.0000  0.0000 -0.0002
mleDistance3D approx correlation: 
 1.0000 -0.0447 -0.0933
-0.0447  1.0000 -0.0854
-0.0933 -0.0854  1.0000
prop befofe partialPathCalculations3D: 0.1384 0.1593 0.1191
mleDistance3D Newton-Raphson curr: 0.1384 0.1593 0.1191
mleDistance3D Newton-Raphson gradient: 0.6878 0.7986 0.4086
mleDistance3D Newton-Raphson inverse hessian: 
-0.0002  0.0000  0.0000
 0.0000 -0.0002  0.0000
 0.0000  0.0000 -0.0002
mleDistance3D approx correlation: 
 1.0000 -0.0464 -0.0907
-0.0464  1.0000 -0.0836
-0.0907 -0.0836  1.0000
prop befofe partialPathCalculations3D: 0.1385 0.1595 0.1191
mleDistance3D Newton-Raphson curr: 0.1385 0.1595 0.1191
mleDistance3D Newton-Raphson gradient: 0.0008 0.0011 0.0002
mleDistance3D Newton-Raphson inverse hessian: 
-0.0002  0.0000  0.0000
 0.0000 -0.0002  0.0000
 0.0000  0.0000 -0.0002
mleDistance3D approx correlation: 
 1.0000 -0.0463 -0.0909
-0.0463  1.0000 -0.0837
-0.0909 -0.0837  1.0000
prop befofe partialPathCalculations3D: 0.1385 0.1595 0.1191
Finally converged to
Gradient 
0.0000 0.0000 0.0000
3D mean: 0.1385 0.1595 0.1191
, cov matrix: 
 0.0002 -0.0000 -0.0000
-0.0000  0.0002 -0.0000
-0.0000 -0.0000  0.0002
Random gamma: alpha = 89.304903, lambda = 644.84942, mu = 0.13848954, sigma = 0.014654781
T1: 0.1327
Random gamma: alpha = 104.93413, lambda = 656.91888, mu = 0.15973682, sigma = 0.015593609
T2: 0.1452
Random gamma: alpha = 80.309945, lambda = 665.15231, mu = 0.12073918, sigma = 0.013472977
T3: 0.1401
Sample bl 3D: 0.1327 0.1452 0.1401
after mleDistanceJoint: 
lx 0.1327, ly 0.1452, lz 0.1401
Setting edge 8 length to 0.13271483
Setting edge 9 length to 0.14515287
------------- Sample branch lengths for nodes:------------------
3 10 5 9
mleDistance for nodes 3, 5
Starting at curr=0.0500, logl, dlogl and ddlogl: -2448.0133, 3298.0300, -85009.7635
double starting point in mleDistance because curr_dlogl>0
prop in mleDistance for curr_dlogl>0: 0.1000
prop_logl in mleDistance for curr_dlogl>0: -2348.0191
prop_dlogl in mleDistance for curr_dlogl>0: 1188.7808
prop_ddlogl in mleDistance for curr_dlogl>0: -20763.9302
double starting point in mleDistance because curr_dlogl>0
prop in mleDistance for curr_dlogl>0: 0.2000
prop_logl in mleDistance for curr_dlogl>0: -2291.5368
prop_dlogl in mleDistance for curr_dlogl>0: 184.8550
prop_ddlogl in mleDistance for curr_dlogl>0: -4673.7479
double starting point in mleDistance because curr_dlogl>0
prop in mleDistance for curr_dlogl>0: 0.4000
prop_logl in mleDistance for curr_dlogl>0: -2306.7329
prop_dlogl in mleDistance for curr_dlogl>0: -216.2239
prop_ddlogl in mleDistance for curr_dlogl>0: -691.7776
Two points to interpolate: 0.2000, 0.4000
Derivatives: 184.8550, -216.2239
Starting prop: 0.2922
prop_logl, prop_dlogl, prop_ddlogl-2289.1305, -90.2170, -1831.6370
entered while
entered while
entered while
entered while
Finally converged to prop: 0.2518 with logl, dlogl, ddlogl: -2287.1897, 0.0000, -2697.3771
-----
mleDistance for nodes 10, 5
Starting at curr=0.0500, logl, dlogl and ddlogl: -3063.7327, 1093.6864, -31714.7099
double starting point in mleDistance because curr_dlogl>0
prop in mleDistance for curr_dlogl>0: 0.1000
prop_logl in mleDistance for curr_dlogl>0: -3034.7269
prop_dlogl in mleDistance for curr_dlogl>0: 242.0562
prop_ddlogl in mleDistance for curr_dlogl>0: -9040.3999
double starting point in mleDistance because curr_dlogl>0
prop in mleDistance for curr_dlogl>0: 0.2000
prop_logl in mleDistance for curr_dlogl>0: -3038.1546
prop_dlogl in mleDistance for curr_dlogl>0: -203.0495
prop_ddlogl in mleDistance for curr_dlogl>0: -2038.4482
Two points to interpolate: 0.1000, 0.2000
Derivatives: 242.0562, -203.0495
Starting prop: 0.1544
prop_logl, prop_dlogl, prop_ddlogl-3031.4928, -76.3908, -3718.9189
entered while
entered while
entered while
entered while
Finally converged to prop: 0.1364 with logl, dlogl, ddlogl: -3030.7761, 0.0000, -4847.1580
-----
foundxy 1, foundyz 0, foundxz 0
after mleDistance or map, dxy,dxz,dyz 0.1401, 0.2518, 0.1364
lengthX0: 0.1277
lengthY0: 0.0124
lengthZ0: 0.1240
dxy 0.1401, dxz 0.2518, dyz 0.1364
sxy 0.1401, sxz 0.0000, syz 0.0000
Starting points: 
lx 0.1277, ly 0.0124, lz 0.1240
Entering mleDistanceJoint
lx,ly,lz: 0.1277, 0.0124, 0.1240
sxy,sxz,syz: 0.1401, 0.0000, 0.0000
Entering mleDistance2D
node x = 3, node y = 5, node z = nz->getNumber() 
Starting point in mleDistance2D
mleDistance2D Newton-Raphson curr: 0.1277 0.1240
mleDistance2D Newton-Raphson gradient: -564.2412   59.8443
mleDistance2D Newton-Raphson inverse hessian: 
-0.0000 -0.0000
-0.0000 -0.0002
mleDistance2D approx correlation: 
1.0000 0.1122
0.1122 1.0000
entered while
mleDistance2D Newton-Raphson curr: 0.1277 0.1240
mleDistance2D Newton-Raphson gradient: -564.2412   59.8443
mleDistance2D Newton-Raphson inverse hessian: 
-0.0000 -0.0000
-0.0000 -0.0002
mleDistance2D approx correlation: 
1.0000 0.1122
0.1122 1.0000
First delta:  0.0106 -0.0070
New proposed: 0.1171 0.1310
with sum: 0.1401
prop befofe partialPathCalculations2D: 0.1171 0.1310
entered while
mleDistance2D Newton-Raphson curr: 0.1171 0.1310
mleDistance2D Newton-Raphson gradient: -162.3008   11.7610
mleDistance2D Newton-Raphson inverse hessian: 
-0.0000 -0.0000
-0.0000 -0.0002
mleDistance2D approx correlation: 
1.0000 0.0318
0.0318 1.0000
First delta:  0.0059 -0.0019
New proposed: 0.1113 0.1329
with sum: 0.1401
prop befofe partialPathCalculations2D: 0.1113 0.1329
entered while
mleDistance2D Newton-Raphson curr: 0.1113 0.1329
mleDistance2D Newton-Raphson gradient: -18.1633   1.6048
mleDistance2D Newton-Raphson inverse hessian: 
-0.0000  0.0000
 0.0000 -0.0002
mleDistance2D approx correlation: 
 1.0000 -0.0098
-0.0098  1.0000
First delta:  0.0008 -0.0003
New proposed: 0.1104 0.1333
with sum: 0.1401
prop befofe partialPathCalculations2D: 0.1104 0.1333
entered while
mleDistance2D Newton-Raphson curr: 0.1104 0.1333
mleDistance2D Newton-Raphson gradient: -0.2544  0.0277
mleDistance2D Newton-Raphson inverse hessian: 
-0.0000  0.0000
 0.0000 -0.0002
mleDistance2D approx correlation: 
 1.0000 -0.0156
-0.0156  1.0000
First delta:  0.0000 -0.0000
New proposed: 0.1104 0.1333
with sum: 0.1401
prop befofe partialPathCalculations2D: 0.1104 0.1333
Finally converged. delta squared norm: 0.0000 and prop gradient squared norm 0.0000with TOL 0.0001
Gradient 
-0.0001  0.0000
2D mean: 0.1104 0.1333
, cov matrix: 
 0.0000 -0.0000
-0.0000  0.0002
multivariateGamma2D with mu: 0.1104 0.1333
Random beta: alpha = 54.330257, beta = 14.596437, mu = 0.1104258, sigma = 0.0068446559
Random gamma: alpha = 86.050139, lambda = 647.18444, mu = 0.13296077, sigma = 0.01433335
Sample 2D bl: 0.1194 0.1221 0.0206
after mleDistanceJoint: 
lx 0.1194, ly 0.0206, lz 0.1221
Setting edge 2 length to 0.11944721
Setting edge 1 length to 0.020645737
------------- Sample branch lengths for nodes:------------------
6 4 5 7
mleDistance for nodes 6, 4
Starting at curr=0.0500, logl, dlogl and ddlogl: -2180.9667, 2292.1200, -66127.0025
double starting point in mleDistance because curr_dlogl>0
prop in mleDistance for curr_dlogl>0: 0.1000
prop_logl in mleDistance for curr_dlogl>0: -2116.7324
prop_dlogl in mleDistance for curr_dlogl>0: 657.5260
prop_ddlogl in mleDistance for curr_dlogl>0: -15966.4799
double starting point in mleDistance because curr_dlogl>0
prop in mleDistance for curr_dlogl>0: 0.2000
prop_logl in mleDistance for curr_dlogl>0: -2098.4797
prop_dlogl in mleDistance for curr_dlogl>0: -102.1464
prop_ddlogl in mleDistance for curr_dlogl>0: -3413.7913
Two points to interpolate: 0.1000, 0.2000
Derivatives: 657.5260, -102.1464
Starting prop: 0.1866
prop_logl, prop_dlogl, prop_ddlogl-2097.4326, -52.1980, -4037.4516
entered while
entered while
entered while
entered while
Finally converged to prop: 0.1746 with logl, dlogl, ddlogl: -2097.1125, 0.0000, -4717.8627
-----
mleDistance for nodes 6, 5
Starting at curr=0.0500, logl, dlogl and ddlogl: -2189.6199, 2261.8877, -65306.1877
double starting point in mleDistance because curr_dlogl>0
prop in mleDistance for curr_dlogl>0: 0.1000
prop_logl in mleDistance for curr_dlogl>0: -2126.2675
prop_dlogl in mleDistance for curr_dlogl>0: 647.7791
prop_ddlogl in mleDistance for curr_dlogl>0: -15764.2355
double starting point in mleDistance because curr_dlogl>0
prop in mleDistance for curr_dlogl>0: 0.2000
prop_logl in mleDistance for curr_dlogl>0: -2108.3851
prop_dlogl in mleDistance for curr_dlogl>0: -102.2009
prop_ddlogl in mleDistance for curr_dlogl>0: -3369.5082
Two points to interpolate: 0.1000, 0.2000
Derivatives: 647.7791, -102.2009
Starting prop: 0.1864
prop_logl, prop_dlogl, prop_ddlogl-2107.3235, -52.1762, -3994.5783
entered while
entered while
entered while
entered while
Finally converged to prop: 0.1743 with logl, dlogl, ddlogl: -2107.0005, -0.0000, -4675.5289
-----
mleDistance for nodes 4, 5
Starting at curr=0.0500, logl, dlogl and ddlogl: -2249.9574, 2711.7187, -74540.2268
double starting point in mleDistance because curr_dlogl>0
prop in mleDistance for curr_dlogl>0: 0.1000
prop_logl in mleDistance for curr_dlogl>0: -2171.2033
prop_dlogl in mleDistance for curr_dlogl>0: 866.4798
prop_ddlogl in mleDistance for curr_dlogl>0: -18079.0946
double starting point in mleDistance because curr_dlogl>0
prop in mleDistance for curr_dlogl>0: 0.2000
prop_logl in mleDistance for curr_dlogl>0: -2138.5608
prop_dlogl in mleDistance for curr_dlogl>0: 0.5895
prop_ddlogl in mleDistance for curr_dlogl>0: -3950.5642
double starting point in mleDistance because curr_dlogl>0
prop in mleDistance for curr_dlogl>0: 0.4000
prop_logl in mleDistance for curr_dlogl>0: -2181.3673
prop_dlogl in mleDistance for curr_dlogl>0: -323.7214
prop_ddlogl in mleDistance for curr_dlogl>0: -482.3398
Two points to interpolate: 0.2000, 0.4000
Derivatives: 0.5895, -323.7214
Starting prop: 0.2004
prop_logl, prop_dlogl, prop_ddlogl-2138.5608, -0.8436, -3933.5283
entered while
entered while
Finally converged to prop: 0.2001 with logl, dlogl, ddlogl: -2138.5607, 0.0000, -3943.5541
-----
foundxy 0, foundyz 0, foundxz 0
after mleDistance or map, dxy,dxz,dyz 0.1746, 0.1743, 0.2001
lengthX0: 0.0744
lengthY0: 0.1002
lengthZ0: 0.0999
dxy 0.1746, dxz 0.1743, dyz 0.2001
sxy 0.0000, sxz 0.0000, syz 0.0000
Starting points: 
lx 0.0744, ly 0.1002, lz 0.0999
Entering mleDistanceJoint
lx,ly,lz: 0.0744, 0.1002, 0.0999
sxy,sxz,syz: 0.0000, 0.0000, 0.0000
Entering mleDistance3D
mleDistance3D Newton-Raphson curr: 0.0744 0.1002 0.0999
mleDistance3D Newton-Raphson gradient: 28.5345  4.0845  8.8464
mleDistance3D Newton-Raphson inverse hessian: 
-0.0001  0.0000  0.0000
 0.0000 -0.0001  0.0000
 0.0000  0.0000 -0.0001
mleDistance3D approx correlation: 
 1.0000 -0.0928 -0.0794
-0.0928  1.0000 -0.0447
-0.0794 -0.0447  1.0000
prop befofe partialPathCalculations3D: 0.0770 0.1004 0.1008
mleDistance3D Newton-Raphson curr: 0.0770 0.1004 0.1008
mleDistance3D Newton-Raphson gradient: 0.9765 0.0487 0.1515
mleDistance3D Newton-Raphson inverse hessian: 
-0.0001  0.0000  0.0000
 0.0000 -0.0001  0.0000
 0.0000  0.0000 -0.0001
mleDistance3D approx correlation: 
 1.0000 -0.0916 -0.0761
-0.0916  1.0000 -0.0503
-0.0761 -0.0503  1.0000
prop befofe partialPathCalculations3D: 0.0771 0.1004 0.1008
mleDistance3D Newton-Raphson curr: 0.0771 0.1004 0.1008
mleDistance3D Newton-Raphson gradient: 0.0012 0.0001 0.0001
mleDistance3D Newton-Raphson inverse hessian: 
-0.0001  0.0000  0.0000
 0.0000 -0.0001  0.0000
 0.0000  0.0000 -0.0001
mleDistance3D approx correlation: 
 1.0000 -0.0915 -0.0760
-0.0915  1.0000 -0.0505
-0.0760 -0.0505  1.0000
prop befofe partialPathCalculations3D: 0.0771 0.1004 0.1008
Finally converged to
Gradient 
0.0000 0.0000 0.0000
3D mean: 0.0771 0.1004 0.1008
, cov matrix: 
 0.0001 -0.0000 -0.0000
-0.0000  0.0001 -0.0000
-0.0000 -0.0000  0.0001
Random gamma: alpha = 56.983836, lambda = 738.80515, mu = 0.077129722, sigma = 0.01021753
T1: 0.0659
Random gamma: alpha = 79.009173, lambda = 778.02768, mu = 0.10155059, sigma = 0.011424671
T2: 0.1033
Random gamma: alpha = 78.723529, lambda = 774.35657, mu = 0.10166315, sigma = 0.011458065
T3: 0.1002
Sample bl 3D: 0.0659 0.1033 0.1002
after mleDistanceJoint: 
lx 0.0659, ly 0.1033, lz 0.1002
Setting edge 6 length to 0.065927674
Setting edge 5 length to 0.10330479
------------- Sample branch lengths for nodes:------------------
5 9 7 8
mleDistance for nodes 9, 7
Starting at curr=0.0500, logl, dlogl and ddlogl: -4106.3612, 171.4360, -14557.0456
double starting point in mleDistance because curr_dlogl>0
prop in mleDistance for curr_dlogl>0: 0.1000
prop_logl in mleDistance for curr_dlogl>0: -4109.5246
prop_dlogl in mleDistance for curr_dlogl>0: -217.1851
prop_ddlogl in mleDistance for curr_dlogl>0: -4095.9919
Two points to interpolate: 0.0500, 0.1000
Derivatives: 171.4360, -217.1851
Starting prop: 0.0721
prop_logl, prop_dlogl, prop_ddlogl-4105.4167, -60.7745, -7605.7257
entered while
entered while
entered while
entered while
Finally converged to prop: 0.0648 with logl, dlogl, ddlogl: -4105.1891, 0.0000, -9216.5331
-----
foundxy 1, foundyz 0, foundxz 1
after mleDistance or map, dxy,dxz,dyz 0.1221, 0.1002, 0.0648
lengthX0: 0.0788
lengthY0: 0.0433
lengthZ0: 0.0215
dxy 0.1221, dxz 0.1002, dyz 0.0648
sxy 0.1221, sxz 0.1002, syz 0.0000
Starting points: 
lx 0.0788, ly 0.0433, lz 0.0215
Entering mleDistanceJoint
lx,ly,lz: 0.0788, 0.0433, 0.0215
sxy,sxz,syz: 0.1221, 0.1002, 0.0000
Entering mleDistance1D
Two points to interpolate: 0.0788, 0.0394
Derivatives: -58.1115, 1143.7025
Starting prop: 0.0769
prop_logl, prop_dlogl, prop_ddlogl-4579.9076, 26.9028, -42809.7903
mleDistance1D Newton-Raphson curr: 0.0769
mleDistance1D Newton-Raphson dlogl: 26.9028
mleDistance1D Newton-Raphson ddlogl: -42809.7903
mleDistance1D Newton-Raphson curr: 0.0775
mleDistance1D Newton-Raphson dlogl: -0.3642
mleDistance1D Newton-Raphson ddlogl: -43980.6767
mleDistance1D Newton-Raphson curr: 0.0775
mleDistance1D Newton-Raphson dlogl: -0.0001
mleDistance1D Newton-Raphson ddlogl: -43964.7825
Finally converged to prop: 0.0775 with logl, dlogl, ddlogl: -4579.8992, 0.0000, -43964.7796
-----
multivariateGamma1D with mu: 0.0775
a,b in multivariateGamma1D59.1600 , 17.3778
a,b in multivariateGamma1D59.1600 , 17.3778
1D mean: 0.0775, variance: 0.0000
sum1, sum2 0.1221, 0.1002
min sum: 0.1002
Random beta: alpha = 59.160014, beta = 17.377806, mu = 0.077485601, sigma = 0.0047692221
rbeta: 0.7351 with a,b 59.1600 , 17.3778
after mleDistance1D, bl: 0.0737 0.0484 0.0266
bl after multivariateGamma1D: 0.0737 0.0484 0.0266
after mleDistanceJoint: 
lx 0.0737, ly 0.0484, lz 0.0266
Setting edge 7 length to 0.073689325
Setting edge 3 length to 0.048402878
Setting edge 4 length to 0.026557084
3 10 --> 0.1401
5 7 --> 0.1002
5 9 --> 0.1221
Loglik for tree: -4580.2000
LogDensity for tree: -144.6348
LogPrior for tree: 14.7168
LogWeight: -4420.8483
(5,(3,(2,1)),(6,4));
numTaxa = 6, numNodes = 10, numEdges = 9
Nodes:
  1: Camel: 3: Edges: e[9] -> n[10]
  2: Dolphin: 3: Edges: e[8] -> n[10]
  3: Pig: 2: Edges: e[2] -> n[9]
  4: Cow: 2: Edges: e[5] -> n[7]
  5: Sheep: 1: Edges: e[7] -> n[8]
  6: Giraffe: 2: Edges: e[6] -> n[7]
  7: : 1: Edges: e[6] -> n[6], e[5] -> n[4], e[4] -> n[8]
  8: : 0: Edges: e[7] -> n[5], e[3] -> n[9], e[4] -> n[7]
  9: : 1: Edges: e[3] -> n[8], e[2] -> n[3], e[1] -> n[10]
 10: : 2: Edges: e[1] -> n[9], e[8] -> n[2], e[9] -> n[1]
Edges:
  1: n[9] <-> n[10] , length = 0.02064574
  2: n[3] <-> n[9] , length = 0.11944721
  3: n[8] <-> n[9] , length = 0.04840288
  4: n[7] <-> n[8] , length = 0.02655708
  5: n[4] <-> n[7] , length = 0.10330479
  6: n[6] <-> n[7] , length = 0.06592767
  7: n[5] <-> n[8] , length = 0.07368932
  8: n[2] <-> n[10] , length = 0.13271483
  9: n[1] <-> n[10] , length = 0.14515287

Errors: 0
