tree logl logTop logBL logPrior logQ logWt pi1 pi2 pi3 pi4 s1 s2 s3 s4 s5 s6
(1,2,((3,(((4,5),14),((6,7),((((8,9),11),(10,12)),13)))),(15,((((16,17),((18,19),(20,21))),((24,((25,26),((27,28),(29,30)))),31)),(22,23))))); -12721.7  0 223.662 114.05 32.3852 -12863.7 0.235846 0.231806 0.170209 0.362139   0.153396   0.200083  0.0543179 0.00918881   0.579187 0.00382754
(1,2,((3,(((4,5),14),((6,7),((((8,9),11),(10,12)),13)))),(15,((((16,17),((18,19),(20,21))),((24,((25,26),((27,28),(29,30)))),31)),(22,23))))); -12711.2  0 234.091 113.707 32.3418 -12864 0.237548 0.224585  0.17675 0.361117   0.147352   0.208256  0.0603844  0.0115519   0.567933 0.00452215
(1,2,((3,(((4,5),14),((6,7),((((8,9),11),(10,12)),13)))),(15,((((16,17),((18,19),(20,21))),((24,((25,26),((27,28),(29,30)))),31)),(22,23))))); -12725.8  0 222.889 113.53 25.9164 -12861.1 0.243274 0.219457 0.155734 0.381535   0.154047   0.176997  0.0603976  0.0172639   0.586166 0.00512876
(1,2,((3,(((4,5),14),((6,7),((((8,9),11),(10,12)),13)))),(15,((((16,17),((18,19),(20,21))),((24,((25,26),((27,28),(29,30)))),31)),(22,23))))); -12725  0 220.853 113.78 32.5493 -12864.6 0.218436 0.226421 0.178314 0.376829   0.154123   0.204738  0.0556945  0.0105585   0.570918 0.00396818
(1,2,((3,(((4,5),14),((6,7),((((8,9),11),(10,12)),13)))),(15,((((16,17),((18,19),(20,21))),((24,((25,26),((27,28),(29,30)))),31)),(22,23))))); -12731.4  0 223.383 113.888 27.5023 -12868.4  0.24708 0.212288 0.188573 0.352059   0.145562   0.195293  0.0453783  0.0139491    0.59437 0.00544721
(1,2,((3,(((4,5),14),((6,7),((((8,9),11),(10,12)),13)))),(15,((((16,17),((18,19),(20,21))),((24,((25,26),((27,28),(29,30)))),31)),(22,23))))); -12732.1  0 215.28 113.347 32.1449 -12866.2 0.242751 0.221409 0.170229 0.365611   0.145567   0.195088  0.0509839  0.0114903   0.590244 0.00662633
(1,2,((3,(((4,5),14),((6,7),((((8,9),11),(10,12)),13)))),(15,((((16,17),((18,19),(20,21))),((24,((25,26),((27,28),(29,30)))),31)),(22,23))))); -12724.4  0 224.452 114.396 29.827 -12864.3 0.244232 0.212036 0.181619 0.362113   0.157275   0.194017  0.0542347  0.0110521   0.573853 0.00956837
(1,2,((3,(((4,5),14),((6,7),((((8,9),11),(10,12)),13)))),(15,((((16,17),((18,19),(20,21))),((24,((25,26),((27,28),(29,30)))),31)),(22,23))))); -12732.8  0 217.667 113.659 29.073 -12865.8 0.252822 0.225585 0.164256 0.357337   0.145353   0.185906   0.058099  0.0104903   0.594897 0.00525537
(1,2,((3,(((4,5),14),((6,7),((((8,9),11),(10,12)),13)))),(15,((((16,17),((18,19),(20,21))),((24,((25,26),((27,28),(29,30)))),31)),(22,23))))); -12723.4  0 224.485 114.807 29.1572 -12862.3 0.221067 0.207796 0.185543 0.385593   0.152059   0.211447  0.0604252  0.0104019   0.559296 0.00637144
(1,2,((3,(((4,5),14),((6,7),((((8,9),11),(10,12)),13)))),(15,((((16,17),((18,19),(20,21))),((24,((25,26),((27,28),(29,30)))),31)),(22,23))))); -12719.8  0 228.659 113.775 29.8919 -12864.6 0.226061 0.230423 0.192576  0.35094  0.155727  0.200214 0.0539933 0.0121658  0.570688 0.0072126
(1,2,((3,(((4,5),14),((6,7),((((8,9),11),(10,12)),13)))),(15,((((16,17),((18,19),(20,21))),((24,((25,26),((27,28),(29,30)))),31)),(22,23))))); -12723.6  0 227.941 114.422 28.4298 -12865.5 0.216032 0.223946 0.168126 0.391896   0.149838   0.211835  0.0471105  0.0156995   0.569882 0.00563546
(1,2,((3,(((4,5),14),((6,7),((((8,9),11),(10,12)),13)))),(15,((((16,17),((18,19),(20,21))),((24,((25,26),((27,28),(29,30)))),31)),(22,23))))); -12724.8  0 222.051 114.304 29.9273 -12862.5 0.233642 0.220477  0.16192 0.383961   0.155287   0.209706  0.0487612  0.0133068   0.571145 0.00179347
(1,2,((3,(((4,5),14),((6,7),((((8,9),11),(10,12)),13)))),(15,((((16,17),((18,19),(20,21))),((24,((25,26),((27,28),(29,30)))),31)),(22,23))))); -12723.9  0 223.558 113.915 30.9125 -12864.4 0.247869 0.222129 0.157667 0.372335   0.157793   0.204225  0.0533709  0.0100188   0.570798 0.00379364
(1,2,((3,(((4,5),14),((6,7),((((8,9),11),(10,12)),13)))),(15,((((16,17),((18,19),(20,21))),((24,((25,26),((27,28),(29,30)))),31)),(22,23))))); -12719.8  0 229.162 113.97 30.2426 -12865.2 0.229168 0.227388 0.167086 0.376359    0.15456   0.214296  0.0431276  0.0128607   0.569981 0.00517342
(1,2,((3,(((4,5),14),((6,7),((((8,9),11),(10,12)),13)))),(15,((((16,17),((18,19),(20,21))),((24,((25,26),((27,28),(29,30)))),31)),(22,23))))); -12722  0 227.941 114.682 29.3217 -12864.6 0.227393 0.207036 0.184065 0.381506   0.141756    0.19145  0.0573216 0.00965752   0.593463 0.00635112
(1,2,((3,(((4,5),14),((6,7),((((8,9),11),(10,12)),13)))),(15,((((16,17),((18,19),(20,21))),((24,((25,26),((27,28),(29,30)))),31)),(22,23))))); -12725.6  0 228.229 114.742 27.9006 -12866.9 0.236601 0.208012 0.194343 0.361045   0.154785   0.191296   0.047167  0.0131129   0.585497 0.00814165
(1,2,((3,(((4,5),14),((6,7),((((8,9),11),(10,12)),13)))),(15,((((16,17),((18,19),(20,21))),((24,((25,26),((27,28),(29,30)))),31)),(22,23))))); -12725.2  0 220.256 113.595 32.3426 -12864.2 0.219549 0.229699 0.175897 0.374855   0.156157    0.20202  0.0505738  0.0109358   0.574716 0.00559667
(1,2,((3,(((4,5),14),((6,7),((((8,9),11),(10,12)),13)))),(15,((((16,17),((18,19),(20,21))),((24,((25,26),((27,28),(29,30)))),31)),(22,23))))); -12733.1  0 219.796 113.793 30.348 -12869.4 0.233826 0.238993 0.160348 0.366833   0.150904   0.211157  0.0532924  0.0104451   0.567248 0.00695284
(1,2,((3,(((4,5),14),((6,7),((((8,9),11),(10,12)),13)))),(15,((((16,17),((18,19),(20,21))),((24,((25,26),((27,28),(29,30)))),31)),(22,23))))); -12740.1  0 212.007 113.985 26.5329 -12864.6 0.231057 0.227706 0.170701 0.370536   0.160654   0.216115  0.0447334  0.0159007   0.552927 0.00966961
(1,2,((3,(((4,5),14),((6,7),((((8,9),11),(10,12)),13)))),(15,((((16,17),((18,19),(20,21))),((24,((25,26),((27,28),(29,30)))),31)),(22,23))))); -12724  0 220.821 113.42 28.265 -12859.7 0.233872 0.220951 0.172868 0.372309   0.157929   0.189432  0.0405498 0.00993054   0.595296 0.00686307
(1,2,((3,(((4,5),14),((6,7),((((8,9),11),(10,12)),13)))),(15,((((16,17),((18,19),(20,21))),((24,((25,26),((27,28),(29,30)))),31)),(22,23))))); -12722.8  0 230.425 114.15 26.5245 -12865.6 0.234902 0.222152  0.17243 0.370516   0.167405   0.221673  0.0639231  0.0113943   0.529236 0.00636793
