tree logl logTop logBL logPrior logQ logWt pi1 pi2 pi3 pi4 s1 s2 s3 s4 s5 s6
(1,2,((3,((4,5),(((6,7),(((8,9),((10,13),12)),11)),14))),(15,(((((16,17),((18,19),(20,21))),31),(24,((25,26),(27,(28,(29,30)))))),(22,23))))); -12756.1  -12.6359 222.245 115.097 21.342 -12872 0.220139  0.20892  0.18781 0.383131   0.135126   0.221646  0.0601033  0.0161076   0.565999 0.00101742
(1,2,((3,((4,5),(((6,7),((((8,9),10),(11,13)),12)),14))),(15,((((16,17),((18,19),(20,21))),(22,23)),(((24,(25,26)),(27,(28,(29,30)))),31))))); -12724.7  -12.3897 229.703 113.946 28.9483 -12857 0.252492 0.223649  0.15929 0.364569   0.148391   0.208431  0.0561827  0.0110354   0.573813 0.00214657
(1,2,((3,((4,5),(((((((6,7),10),(8,9)),12),11),13),14))),(15,((((16,17),((18,19),(20,21))),(((24,((27,28),(29,30))),(25,26)),31)),(22,23))))); -12757.2  -14.289 229.045 114.099 27.5726 -12885.5 0.248791 0.222288  0.16912 0.359801   0.174782   0.211041  0.0519477  0.0135397   0.544982 0.00370698
(1,2,((3,((4,5),(((6,7),((((8,9),11),(10,12)),13)),14))),((15,(((((16,17),((18,19),(20,21))),22),31),(24,((25,26),((27,28),(29,30)))))),23))); -12767.1  -14.1664 229.476 113.696 31.5854 -12900.3  0.24391 0.216286 0.171384  0.36842   0.148882    0.19731  0.0520542 0.00977359   0.585387 0.00659334
(1,2,((3,(((4,5),14),((6,7),(((8,9),(10,(11,12))),13)))),(15,((((16,17),((18,19),(20,21))),(22,((24,((25,26),((27,28),(29,30)))),31))),23)))); -12747.7  -11.4722 232.102 114.698 29.0053 -12882.6 0.237875  0.19979 0.178761 0.383575  0.153632  0.198651  0.064207 0.0113524  0.569573  0.002585
(1,2,((3,(((4,5),14),((6,7),((((8,9),(11,12)),10),13)))),(15,((((16,17),((18,19),(20,21))),(22,31)),(23,(24,((25,26),(27,(28,(29,30)))))))))); -12774.3  -11.9497 213.234 113.766 32.5464 -12894.4 0.231312 0.218309 0.176815 0.373564   0.148215   0.192203  0.0536927  0.0122095   0.589819 0.00385998
(1,2,((3,(15,((((16,17),((18,19),(20,21))),((24,(((25,26),(28,(29,30))),27)),31)),(22,23)))),((4,5),(((6,7),((((8,9),10),13),(11,12))),14)))); -12743  -12.8408 225.162 113.767 31.6051 -12873.2 0.231189 0.227558 0.178035 0.363218   0.152263   0.201443  0.0517512  0.0161418   0.573169 0.00523254
(1,2,((3,(((4,5),14),((6,7),(((8,9),(10,(11,13))),12)))),(15,(((((16,17),((18,19),(20,21))),((24,((25,26),((27,28),(29,30)))),31)),22),23)))); -12755.9  -9.95191 220.467 114.784 27.764 -12879.4 0.235707  0.20414 0.189511 0.370642   0.141601   0.202922  0.0451475  0.0101933   0.592336 0.00780042
(1,2,((3,((4,5),(((6,7),((((8,9),11),(10,12)),13)),14))),(15,((((16,17),((18,19),(20,21))),((24,((25,26),((27,(29,30)),28))),31)),(22,23))))); -12737.6  -8.0432 225.283 114.821 30.2831 -12870.3 0.224919 0.213756 0.175763 0.385562   0.162262   0.220557  0.0507991  0.0112684   0.549832 0.00528102
(1,2,((3,(((4,5),((6,7),((((8,9),13),11),(10,12)))),14)),(15,(((((16,17),((18,19),(20,21))),31),(24,((25,26),((27,28),(29,30))))),(22,23))))); -12736.3  -9.51328 228.084 114.293 31.5402 -12872.1 0.235377 0.224448 0.168583 0.371592    0.15353   0.192527  0.0575403  0.0139434    0.57987 0.00258927
(1,2,((3,((4,5),(((6,7),((((8,9),11),(10,13)),12)),14))),(15,((((16,17),((18,19),(20,21))),((24,((25,26),((27,28),(29,30)))),31)),(22,23))))); -12736  -7.60148 220.674 114.746 29.3787 -12863.7 0.228743 0.223789 0.163369 0.384099   0.167246   0.206418  0.0570617  0.0118576    0.55059 0.00682695
(1,2,((3,(15,(((((16,17),((18,19),(20,21))),22),(((24,(27,28)),((25,26),(29,30))),31)),23))),(((4,5),14),((6,7),((((8,9),(11,12)),10),13))))); -12763.3  -16.7281 216.37 114.848 29.37 -12877.5 0.237297 0.208768 0.169806 0.384128  0.140814  0.200104 0.0544893 0.0143025  0.583345 0.0069458
(1,2,((3,((4,5),((6,7),((((8,9),11),((10,13),12)),14)))),(15,((((16,17),((18,19),(20,21))),(((24,((27,28),(29,30))),(25,26)),31)),(22,23))))); -12754.7  -15.4721 229.323 114.406 30.2691 -12884.4 0.240588 0.214427 0.179199 0.365787   0.160575   0.186509  0.0613568  0.0147951   0.573565 0.00320016
(1,2,((3,(((4,5),14),((6,7),((8,9),(((10,11),12),13))))),(15,((((16,17),((18,19),(20,21))),((24,((25,26),(27,(28,(29,30))))),31)),(22,23))))); -12735.2  -9.32502 227.786 113.645 26.1533 -12866.2 0.225395 0.220344 0.193349 0.360912   0.157318   0.228304  0.0554168   0.018665   0.535697 0.00459902
(1,2,((3,(((4,5),((6,7),(((((8,9),11),13),10),12))),14)),(15,((((16,17),((18,19),(20,21))),((24,((25,26),((27,28),(29,30)))),31)),(22,23))))); -12725.8  -7.73065 226.927 113.453 29.6094 -12861.2   0.2505 0.209724 0.173589 0.366187  0.161406  0.210031 0.0500935 0.0131605  0.557983 0.0073252
(1,2,((3,(15,((((16,17),((18,19),(20,21))),(22,23)),((((24,((25,26),28)),27),(29,30)),31)))),(((4,5),14),((6,7),(((8,9),(10,(11,12))),13))))); -12746.6  -15.2193 223.077 114.384 30.8212 -12870.9 0.251951 0.215515 0.165605  0.36693   0.156449   0.200393  0.0495854  0.0100059   0.579069 0.00449803
(1,2,((3,((4,5),(((6,7),((8,9),(((10,12),11),13))),14))),(15,(((((16,17),((18,19),(20,21))),31),(24,(((25,26),(27,28)),(29,30)))),(22,23))))); -12734.3  -11.387 232.961 114.047 30.6108 -12872.5 0.234867 0.210114 0.185889  0.36913   0.149913   0.197945  0.0464301 0.00864856   0.593402 0.00366193
(1,2,((3,(((4,5),((6,7),((((8,9),11),12),(10,13)))),14)),(15,(((((16,17),((18,19),(20,21))),31),(((24,(25,26)),(28,(29,30))),27)),(22,23))))); -12746.1  -13.0062 224.407 114.805 29.4533 -12872.2 0.243386 0.221265 0.161631 0.373718   0.155744   0.208859  0.0620997  0.0152781   0.551647 0.00637226
(1,2,((3,(((4,5),14),(((((6,7),10),13),(8,9)),(11,12)))),(15,((((16,17),((18,19),(20,21))),((24,((25,26),((27,28),(29,30)))),31)),(22,23))))); -12748.4  -11.3294 219.191 113.317 28.2413 -12871.1 0.249625 0.205097 0.172152 0.373126   0.142116   0.205013  0.0663452  0.0127965   0.569651 0.00407797
(1,2,((3,(((4,5),14),((6,7),(((8,9),(10,(11,12))),13)))),(15,((((16,17),((18,19),(20,21))),((24,((25,26),(27,(28,(29,30))))),31)),(22,23))))); -12728.1  -7.48013 229.628 114.748 29.4115 -12864.9 0.240193  0.21143   0.1656 0.382778   0.166614   0.204821  0.0571425  0.0150544   0.551203 0.00516441
(1,2,((3,(((4,5),((6,7),(((8,9),11),((10,12),13)))),14)),((15,((((16,17),((18,19),(20,21))),31),(((24,28),(27,(29,30))),(25,26)))),(22,23)))); -12759.4  -13.9309 231.875 115.291 28.3839 -12890.4 0.217957 0.211309 0.169686 0.401048   0.147254   0.209831  0.0581868  0.0104062   0.569941 0.00438116
