tree logl logTop logBL logPrior logQ logWt pi1 pi2 pi3 pi4 s1 s2 s3 s4 s5 s6
(1,2,((3,(((4,5),14),((6,7),((((8,9),11),(10,12)),13)))),(15,((((16,17),((18,19),(20,21))),((24,((25,26),((27,28),(29,30)))),31)),(22,23))))); -12738.1  0 220.858 113.329 23.3183 -12868.9 0.249945 0.229169 0.153096 0.367791  0.134766  0.206651 0.0666701 0.0108346  0.569514 0.0115639
(1,2,((3,(((4,5),14),((6,7),((((8,9),11),(10,12)),13)))),(15,((((16,17),((18,19),(20,21))),((24,((25,26),((27,28),(29,30)))),31)),(22,23))))); -12735  0 234.066 115.258 16.3309 -12870.2 0.272233 0.187025 0.191043 0.349699   0.149962   0.215522  0.0701918 0.00620982   0.553597 0.00451737
(1,2,((3,(((4,5),14),((6,7),((((8,9),11),(10,12)),13)))),(15,((((16,17),((18,19),(20,21))),((24,((25,26),((27,28),(29,30)))),31)),(22,23))))); -12737.9  0 215.532 114.67 27.1337 -12865.9 0.238098 0.207942 0.169937 0.384023   0.148038   0.238515  0.0497343 0.00816002   0.550149   0.005404
(1,2,((3,(((4,5),14),((6,7),((((8,9),11),(10,12)),13)))),(15,((((16,17),((18,19),(20,21))),((24,((25,26),((27,28),(29,30)))),31)),(22,23))))); -12733.6  0 218.424 113.918 29.3764 -12867.5 0.215935 0.228439   0.1716 0.384026   0.160493   0.201409   0.057399  0.0143103   0.562836 0.00355193
(1,2,((3,(((4,5),14),((6,7),((((8,9),11),(10,12)),13)))),(15,((((16,17),((18,19),(20,21))),((24,((25,26),((27,28),(29,30)))),31)),(22,23))))); -12717.8  0 228.013 114.315 31.6159 -12863.1 0.234569 0.211398 0.176545 0.377488   0.156808   0.204899  0.0499573  0.0103026    0.57284 0.00519306
(1,2,((3,(((4,5),14),((6,7),((((8,9),11),(10,12)),13)))),(15,((((16,17),((18,19),(20,21))),((24,((25,26),((27,28),(29,30)))),31)),(22,23))))); -12728.9  0 218.127 114.133 29.9304 -12862.8 0.233841 0.224379 0.168857 0.372923    0.13563   0.195041  0.0572439  0.0103192   0.595622 0.00614318
(1,2,((3,(((4,5),14),((6,7),((((8,9),11),(10,12)),13)))),(15,((((16,17),((18,19),(20,21))),((24,((25,26),((27,28),(29,30)))),31)),(22,23))))); -12723.1  0 222.078 114.023 30.9791 -12862.1 0.231861 0.223639 0.168719 0.375782   0.163413   0.199743  0.0569309  0.0137136   0.562561 0.00363859
(1,2,((3,(((4,5),14),((6,7),((((8,9),11),(10,12)),13)))),(15,((((16,17),((18,19),(20,21))),((24,((25,26),((27,28),(29,30)))),31)),(22,23))))); -12724  0 228.158 115.429 29.729 -12866.5 0.230926 0.205196 0.180335 0.383543   0.152939   0.190439  0.0507913  0.0148255   0.585856 0.00514895
(1,2,((3,(((4,5),14),((6,7),((((8,9),11),(10,12)),13)))),(15,((((16,17),((18,19),(20,21))),((24,((25,26),((27,28),(29,30)))),31)),(22,23))))); -12715.2  0 233.084 115.152 29.7324 -12862.8 0.229302 0.221334 0.162312 0.387052   0.159057    0.19246  0.0541743 0.00962218   0.577972 0.00671445
(1,2,((3,(((4,5),14),((6,7),((((8,9),11),(10,12)),13)))),(15,((((16,17),((18,19),(20,21))),((24,((25,26),((27,28),(29,30)))),31)),(22,23))))); -12715.8  0 236.507 114.142 28.7836 -12867 0.247166 0.228333  0.17831 0.346191   0.142927   0.202878  0.0591037  0.0135769   0.574236 0.00727827
(1,2,((3,(((4,5),14),((6,7),((((8,9),11),(10,12)),13)))),(15,((((16,17),((18,19),(20,21))),((24,((25,26),((27,28),(29,30)))),31)),(22,23))))); -12743.8  0 220.91 114.157 19.7021 -12870.2 0.224915 0.222613 0.190029 0.362442    0.14147   0.173239  0.0761042 0.00670183   0.591075  0.0114096
(1,2,((3,(((4,5),14),((6,7),((((8,9),11),(10,12)),13)))),(15,((((16,17),((18,19),(20,21))),((24,((25,26),((27,28),(29,30)))),31)),(22,23))))); -12725.2  0 220.948 114.343 30.3484 -12862.1 0.231974 0.216015 0.188201  0.36381   0.145536   0.212145  0.0470875  0.0117522    0.57699 0.00649019
(1,2,((3,(((4,5),14),((6,7),((((8,9),11),(10,12)),13)))),(15,((((16,17),((18,19),(20,21))),((24,((25,26),((27,28),(29,30)))),31)),(22,23))))); -12721.9  0 232.904 114.469 28.1613 -12868.5 0.233853 0.227046 0.174524 0.364576    0.18118   0.210101  0.0457482  0.0129274   0.545576 0.00446766
(1,2,((3,(((4,5),14),((6,7),((((8,9),11),(10,12)),13)))),(15,((((16,17),((18,19),(20,21))),((24,((25,26),((27,28),(29,30)))),31)),(22,23))))); -12725.9  0 224.661 113.851 26.8511 -12863.6 0.249806 0.236804 0.169202 0.344188   0.164153   0.214494  0.0549733  0.0142441   0.545864 0.00627088
(1,2,((3,(((4,5),14),((6,7),((((8,9),11),(10,12)),13)))),(15,((((16,17),((18,19),(20,21))),((24,((25,26),((27,28),(29,30)))),31)),(22,23))))); -12727.2  0 221.993 113.646 29.0497 -12864.6 0.235298 0.215777 0.181578 0.367347   0.136152   0.187649   0.058778    0.01269   0.601388 0.00334342
(1,2,((3,(((4,5),14),((6,7),((((8,9),11),(10,12)),13)))),(15,((((16,17),((18,19),(20,21))),((24,((25,26),((27,28),(29,30)))),31)),(22,23))))); -12721.9  0 230.574 114.499 28.7539 -12866.7  0.24937 0.206114 0.170369 0.374147   0.161401   0.208251  0.0439866  0.0088775   0.571104 0.00638058
(1,2,((3,(((4,5),14),((6,7),((((8,9),11),(10,12)),13)))),(15,((((16,17),((18,19),(20,21))),((24,((25,26),((27,28),(29,30)))),31)),(22,23))))); -12719.3  0 231.982 113.945 28.696 -12866.1  0.23625 0.229009 0.176016 0.358724   0.15724  0.220969 0.0565607 0.0154203  0.541953 0.0078573
(1,2,((3,(((4,5),14),((6,7),((((8,9),11),(10,12)),13)))),(15,((((16,17),((18,19),(20,21))),((24,((25,26),((27,28),(29,30)))),31)),(22,23))))); -12721  0 231.079 113.746 27.0705 -12865.4 0.240379 0.206429 0.164631 0.388561   0.132784   0.201784  0.0527712  0.0147909   0.589528 0.00834157
(1,2,((3,(((4,5),14),((6,7),((((8,9),11),(10,12)),13)))),(15,((((16,17),((18,19),(20,21))),((24,((25,26),((27,28),(29,30)))),31)),(22,23))))); -12724.3  0 225.65 113.338 28.6993 -12865.4 0.234825 0.226021 0.173798 0.365357   0.177866   0.196613  0.0439279  0.0113671   0.563586 0.00663952
(1,2,((3,(((4,5),14),((6,7),((((8,9),11),(10,12)),13)))),(15,((((16,17),((18,19),(20,21))),((24,((25,26),((27,28),(29,30)))),31)),(22,23))))); -12723.9  0 222.291 114.105 31.1897 -12863.3 0.235307 0.218617 0.176955  0.36912  0.146846  0.216885 0.0490154  0.014135  0.569252 0.0038671
(1,2,((3,(((4,5),14),((6,7),((((8,9),11),(10,12)),13)))),(15,((((16,17),((18,19),(20,21))),((24,((25,26),((27,28),(29,30)))),31)),(22,23))))); -12738.6  0 221.949 113.212 21.5903 -12868.9 0.240383 0.229888 0.165159 0.364569   0.142844    0.15941    0.05277  0.0132599   0.629083 0.00263291
(1,2,((3,(((4,5),14),((6,7),((((8,9),11),(10,12)),13)))),(15,((((16,17),((18,19),(20,21))),((24,((25,26),((27,28),(29,30)))),31)),(22,23))))); -12723.5  0 228.338 114.388 23.9625 -12861.4  0.24818  0.21215 0.174461 0.365209   0.141539   0.223031  0.0709781  0.0113949   0.551945 0.00111203
(1,2,((3,(((4,5),14),((6,7),((((8,9),11),(10,12)),13)))),(15,((((16,17),((18,19),(20,21))),((24,((25,26),((27,28),(29,30)))),31)),(22,23))))); -12740  0 222.246 114.214 25.8091 -12873.8 0.214551 0.242795 0.170965 0.371689   0.156347   0.211795  0.0585797  0.0193037   0.547586 0.00638827
(1,2,((3,(((4,5),14),((6,7),((((8,9),11),(10,12)),13)))),(15,((((16,17),((18,19),(20,21))),((24,((25,26),((27,28),(29,30)))),31)),(22,23))))); -12725.1  0 224.385 113.488 28.3575 -12864.4 0.226124 0.240846 0.163361 0.369669   0.156729   0.191424  0.0590996 0.00812623   0.580528 0.00409321
(1,2,((3,(((4,5),14),((6,7),((((8,9),11),(10,12)),13)))),(15,((((16,17),((18,19),(20,21))),((24,((25,26),((27,28),(29,30)))),31)),(22,23))))); -12727.7  0 222.267 114.124 28.0245 -12863.8 0.239155 0.234615 0.181041 0.345189   0.151916   0.196107  0.0504172 0.00953333   0.582923 0.00910382
(1,2,((3,(((4,5),14),((6,7),((((8,9),11),(10,12)),13)))),(15,((((16,17),((18,19),(20,21))),((24,((25,26),((27,28),(29,30)))),31)),(22,23))))); -12727.5  0 218.107 114.009 30.6783 -12862.3 0.228458 0.217909 0.180052 0.373582   0.151487   0.201301  0.0647441 0.00944529   0.567674 0.00534925
(1,2,((3,(((4,5),14),((6,7),((((8,9),11),(10,12)),13)))),(15,((((16,17),((18,19),(20,21))),((24,((25,26),((27,28),(29,30)))),31)),(22,23))))); -12721  0 226.05 113.768 30.0487 -12863.3 0.225577  0.21913 0.173221 0.382072   0.143557   0.215296  0.0594105 0.00792879   0.569575 0.00423283
(1,2,((3,(((4,5),14),((6,7),((((8,9),11),(10,12)),13)))),(15,((((16,17),((18,19),(20,21))),((24,((25,26),((27,28),(29,30)))),31)),(22,23))))); -12729.1  0 219.797 113.34 28.6051 -12864.1 0.244155 0.224802 0.172839 0.358204   0.150813   0.213772  0.0388572  0.0133585   0.577952 0.00524807
(1,2,((3,(((4,5),14),((6,7),((((8,9),11),(10,12)),13)))),(15,((((16,17),((18,19),(20,21))),((24,((25,26),((27,28),(29,30)))),31)),(22,23))))); -12723.7  0 224.034 113.587 29.6423 -12863.8 0.239755  0.21353 0.181713 0.365002   0.153753    0.19852  0.0484515  0.0064624   0.587726 0.00508609
(1,2,((3,(((4,5),14),((6,7),((((8,9),11),(10,12)),13)))),(15,((((16,17),((18,19),(20,21))),((24,((25,26),((27,28),(29,30)))),31)),(22,23))))); -12722  0 224.641 113.834 30.4713 -12863.3 0.225598 0.233082 0.167288 0.374031   0.161462   0.204567  0.0554832  0.0117105   0.560618 0.00615995
(1,2,((3,(((4,5),14),((6,7),((((8,9),11),(10,12)),13)))),(15,((((16,17),((18,19),(20,21))),((24,((25,26),((27,28),(29,30)))),31)),(22,23))))); -12727  0 222.307 112.982 28.8306 -12865.2 0.251236 0.220331 0.175954 0.352479   0.137586   0.197499   0.058866 0.00923569    0.59217 0.00464328
(1,2,((3,(((4,5),14),((6,7),((((8,9),11),(10,12)),13)))),(15,((((16,17),((18,19),(20,21))),((24,((25,26),((27,28),(29,30)))),31)),(22,23))))); -12738.8  0 218.305 114.462 23.8161 -12866.5 0.229576 0.210042 0.185773 0.374609   0.156161   0.195512   0.033113  0.0114972   0.601584 0.00213289
(1,2,((3,(((4,5),14),((6,7),((((8,9),11),(10,12)),13)))),(15,((((16,17),((18,19),(20,21))),((24,((25,26),((27,28),(29,30)))),31)),(22,23))))); -12750.9  0 202.62 113.243 28.8535 -12869.1 0.233807 0.234005 0.167501 0.364688   0.145656    0.21953  0.0542282  0.0140477   0.557664 0.00887427
(1,2,((3,(((4,5),14),((6,7),((((8,9),11),(10,12)),13)))),(15,((((16,17),((18,19),(20,21))),((24,((25,26),((27,28),(29,30)))),31)),(22,23))))); -12734.4  0 220.11 114.446 27.3215 -12867.4 0.245931 0.221325 0.174689 0.358056    0.15702   0.185418  0.0544812  0.0220158   0.575711 0.00535296
(1,2,((3,(((4,5),14),((6,7),((((8,9),11),(10,12)),13)))),(15,((((16,17),((18,19),(20,21))),((24,((25,26),((27,28),(29,30)))),31)),(22,23))))); -12717  0 227.457 113.534 28.8045 -12859.7 0.235066 0.212753 0.183946 0.368235   0.159765   0.210576   0.065379  0.0138691   0.543265 0.00714613
(1,2,((3,(((4,5),14),((6,7),((((8,9),11),(10,12)),13)))),(15,((((16,17),((18,19),(20,21))),((24,((25,26),((27,28),(29,30)))),31)),(22,23))))); -12724.8  0 222.577 114.213 28.3825 -12861.6 0.223426 0.228627 0.174733 0.373214   0.157218   0.176976  0.0508499 0.00909058    0.60176 0.00410561
(1,2,((3,(((4,5),14),((6,7),((((8,9),11),(10,12)),13)))),(15,((((16,17),((18,19),(20,21))),((24,((25,26),((27,28),(29,30)))),31)),(22,23))))); -12723.7  0 227.214 114.043 28.2915 -12865.2 0.242153 0.226926 0.179684 0.351237    0.15286   0.203915  0.0493277  0.0191484   0.567049 0.00769959
(1,2,((3,(((4,5),14),((6,7),((((8,9),11),(10,12)),13)))),(15,((((16,17),((18,19),(20,21))),((24,((25,26),((27,28),(29,30)))),31)),(22,23))))); -12729  0 217.173 112.564 29.4616 -12863.1 0.241338 0.220989 0.169954 0.367719   0.148598   0.184359  0.0496722  0.0122786   0.597267 0.00782449
(1,2,((3,(((4,5),14),((6,7),((((8,9),11),(10,12)),13)))),(15,((((16,17),((18,19),(20,21))),((24,((25,26),((27,28),(29,30)))),31)),(22,23))))); -12735.8  0 225.13 115.058 24.3222 -12870.2 0.211966 0.215147 0.173484 0.399404   0.159978   0.222222  0.0664546 0.00793055    0.53974 0.00367535
(1,2,((3,(((4,5),14),((6,7),((((8,9),11),(10,12)),13)))),(15,((((16,17),((18,19),(20,21))),((24,((25,26),((27,28),(29,30)))),31)),(22,23))))); -12732  0 223.805 114.158 23.2601 -12864.9 0.233662 0.206319  0.20354 0.356479  0.137634  0.190604  0.071157 0.0117071  0.581213 0.0076845
(1,2,((3,(((4,5),14),((6,7),((((8,9),11),(10,12)),13)))),(15,((((16,17),((18,19),(20,21))),((24,((25,26),((27,28),(29,30)))),31)),(22,23))))); -12738.1  0 221.17 114.092 17.3265 -12862.5  0.19838 0.238281  0.18763  0.37571   0.159776   0.163135  0.0444021 0.00951405   0.616561 0.00661176
(1,2,((3,(((4,5),14),((6,7),((((8,9),11),(10,12)),13)))),(15,((((16,17),((18,19),(20,21))),((24,((25,26),((27,28),(29,30)))),31)),(22,23))))); -12725.9  0 220.232 113.98 30.8098 -12862.9 0.233553 0.223288 0.176529  0.36663   0.156754   0.212128  0.0514429 0.00750865   0.565858 0.00630827
(1,2,((3,(((4,5),14),((6,7),((((8,9),11),(10,12)),13)))),(15,((((16,17),((18,19),(20,21))),((24,((25,26),((27,28),(29,30)))),31)),(22,23))))); -12713  0 233.164 114.383 30.34 -12862.2 0.242471 0.220735 0.166698 0.370096   0.159222   0.207794  0.0490127  0.0093077   0.566838 0.00782507
(1,2,((3,(((4,5),14),((6,7),((((8,9),11),(10,12)),13)))),(15,((((16,17),((18,19),(20,21))),((24,((25,26),((27,28),(29,30)))),31)),(22,23))))); -12713.4  0 230.253 114.074 31.1991 -12860.8 0.235062 0.219406 0.183312 0.362219   0.159739   0.203819  0.0592711  0.0117848   0.559945 0.00544207
(1,2,((3,(((4,5),14),((6,7),((((8,9),11),(10,12)),13)))),(15,((((16,17),((18,19),(20,21))),((24,((25,26),((27,28),(29,30)))),31)),(22,23))))); -12736  0 212.825 114.663 28.2922 -12862.4 0.231231 0.211878 0.192638 0.364252   0.147726   0.210443  0.0437121 0.00810796    0.58312 0.00689121
(1,2,((3,(((4,5),14),((6,7),((((8,9),11),(10,12)),13)))),(15,((((16,17),((18,19),(20,21))),((24,((25,26),((27,28),(29,30)))),31)),(22,23))))); -12722.6  0 223.323 114.418 30.1046 -12861.6 0.248089 0.224887 0.173775 0.353248    0.15166   0.200394  0.0609851  0.0127285   0.570676 0.00355597
(1,2,((3,(((4,5),14),((6,7),((((8,9),11),(10,12)),13)))),(15,((((16,17),((18,19),(20,21))),((24,((25,26),((27,28),(29,30)))),31)),(22,23))))); -12732.1  0 214.711 113.962 28.1715 -12861.1 0.219688 0.208641 0.185605 0.386066   0.138894   0.223185   0.050253  0.0112131   0.570336 0.00611974
(1,2,((3,(((4,5),14),((6,7),((((8,9),11),(10,12)),13)))),(15,((((16,17),((18,19),(20,21))),((24,((25,26),((27,28),(29,30)))),31)),(22,23))))); -12732.6  0 219.602 113.247 29.2532 -12868.2 0.238998 0.226471 0.175766 0.358765   0.132749   0.217002  0.0505714  0.0153566   0.579643 0.00467715
(1,2,((3,(((4,5),14),((6,7),((((8,9),11),(10,12)),13)))),(15,((((16,17),((18,19),(20,21))),((24,((25,26),((27,28),(29,30)))),31)),(22,23))))); -12724.3  0 224.86 114.441 28.2737 -12863 0.224472 0.216122 0.189854 0.369551   0.140436   0.192841  0.0633725 0.00942334   0.586374 0.00755286
(1,2,((3,(((4,5),14),((6,7),((((8,9),11),(10,12)),13)))),(15,((((16,17),((18,19),(20,21))),((24,((25,26),((27,28),(29,30)))),31)),(22,23))))); -12726.5  0 221.407 114.408 27.9601 -12861.5 0.252151 0.223412 0.160407  0.36403   0.154832   0.221312  0.0576724   0.010573   0.553049 0.00256172
(1,2,((3,(((4,5),14),((6,7),((((8,9),11),(10,12)),13)))),(15,((((16,17),((18,19),(20,21))),((24,((25,26),((27,28),(29,30)))),31)),(22,23))))); -12722  0 223.264 113.203 27.1349 -12859.1 0.245846 0.231379 0.170651 0.352125   0.154758     0.2063  0.0585037  0.0162312   0.562705 0.00150191
(1,2,((3,(((4,5),14),((6,7),((((8,9),11),(10,12)),13)))),(15,((((16,17),((18,19),(20,21))),((24,((25,26),((27,28),(29,30)))),31)),(22,23))))); -12726.6  0 222.006 114.393 28.3724 -12862.6 0.243632 0.205595  0.16202 0.388753   0.159022   0.202807  0.0622594 0.00926386   0.562178 0.00446895
(1,2,((3,(((4,5),14),((6,7),((((8,9),11),(10,12)),13)))),(15,((((16,17),((18,19),(20,21))),((24,((25,26),((27,28),(29,30)))),31)),(22,23))))); -12726.9  0 224.824 114.355 27.4307 -12864.8 0.236564 0.215585 0.193771  0.35408   0.132128   0.222361  0.0528704  0.0138423   0.575039 0.00375985
(1,2,((3,(((4,5),14),((6,7),((((8,9),11),(10,12)),13)))),(15,((((16,17),((18,19),(20,21))),((24,((25,26),((27,28),(29,30)))),31)),(22,23))))); -12722.3  0 226.223 114.129 27.8578 -12862.3 0.226936  0.21714 0.196584  0.35934   0.138859   0.200872  0.0532712   0.015678   0.584005 0.00731508
(1,2,((3,(((4,5),14),((6,7),((((8,9),11),(10,12)),13)))),(15,((((16,17),((18,19),(20,21))),((24,((25,26),((27,28),(29,30)))),31)),(22,23))))); -12732.8  0 225.019 114.074 24.6641 -12868.4 0.238393 0.225408  0.19505 0.341149   0.147625    0.19108  0.0477525  0.0211817    0.58733 0.00503035
(1,2,((3,(((4,5),14),((6,7),((((8,9),11),(10,12)),13)))),(15,((((16,17),((18,19),(20,21))),((24,((25,26),((27,28),(29,30)))),31)),(22,23))))); -12727.5  0 221.66 113.873 29.8161 -12865.1 0.242483 0.210638 0.174236 0.372643   0.165352   0.186913  0.0574273 0.00939836   0.574552 0.00635725
(1,2,((3,(((4,5),14),((6,7),((((8,9),11),(10,12)),13)))),(15,((((16,17),((18,19),(20,21))),((24,((25,26),((27,28),(29,30)))),31)),(22,23))))); -12719.6  0 228.388 113.705 29.4792 -12863.8 0.235427 0.215836  0.16759 0.381148  0.138067  0.205532  0.048343 0.0166529  0.585717 0.0056878
(1,2,((3,(((4,5),14),((6,7),((((8,9),11),(10,12)),13)))),(15,((((16,17),((18,19),(20,21))),((24,((25,26),((27,28),(29,30)))),31)),(22,23))))); -12740.9  0 213.854 113.967 28.7528 -12869.5  0.21883 0.240774 0.170365 0.370031   0.164608   0.200962  0.0526521   0.014191   0.561505 0.00608164
(1,2,((3,(((4,5),14),((6,7),((((8,9),11),(10,12)),13)))),(15,((((16,17),((18,19),(20,21))),((24,((25,26),((27,28),(29,30)))),31)),(22,23))))); -12719.5  0 230.15 114.426 29.529 -12864.8 0.235655 0.214496 0.173531 0.376318   0.142798    0.19546  0.0475089 0.00752133   0.601276 0.00543516
(1,2,((3,(((4,5),14),((6,7),((((8,9),11),(10,12)),13)))),(15,((((16,17),((18,19),(20,21))),((24,((25,26),((27,28),(29,30)))),31)),(22,23))))); -12723.6  0 223.788 113.924 29.7694 -12863.3 0.219497 0.223969 0.187805 0.368729   0.165647   0.197602  0.0520417  0.0114728    0.56668 0.00655681
(1,2,((3,(((4,5),14),((6,7),((((8,9),11),(10,12)),13)))),(15,((((16,17),((18,19),(20,21))),((24,((25,26),((27,28),(29,30)))),31)),(22,23))))); -12723.1  0 229.967 114.686 28.5502 -12866.9 0.232344 0.221319 0.191072 0.355265  0.135667  0.203403 0.0463659 0.0121185  0.597309 0.0051365
(1,2,((3,(((4,5),14),((6,7),((((8,9),11),(10,12)),13)))),(15,((((16,17),((18,19),(20,21))),((24,((25,26),((27,28),(29,30)))),31)),(22,23))))); -12730  0 222.305 113.916 26.1328 -12864.5 0.224029 0.228708 0.176359 0.370904    0.14007   0.172131  0.0540218  0.0141128   0.616253 0.00341192
(1,2,((3,(((4,5),14),((6,7),((((8,9),11),(10,12)),13)))),(15,((((16,17),((18,19),(20,21))),((24,((25,26),((27,28),(29,30)))),31)),(22,23))))); -12737.5  0 216.527 113.756 26.996 -12867.2  0.22892 0.248635 0.161424 0.361021   0.152788   0.200155  0.0534339  0.0153793   0.570651 0.00759251
(1,2,((3,(((4,5),14),((6,7),((((8,9),11),(10,12)),13)))),(15,((((16,17),((18,19),(20,21))),((24,((25,26),((27,28),(29,30)))),31)),(22,23))))); -12712.7  0 234.031 114.458 29.0477 -12861.3 0.216327 0.221047  0.19526 0.367366   0.155903   0.201965  0.0519189  0.0138385   0.571359 0.00501573
(1,2,((3,(((4,5),14),((6,7),((((8,9),11),(10,12)),13)))),(15,((((16,17),((18,19),(20,21))),((24,((25,26),((27,28),(29,30)))),31)),(22,23))))); -12723.6  0 228.891 114.495 28.5797 -12866.5 0.235256 0.213621 0.183829 0.367295    0.12973   0.210892  0.0541941  0.0169954   0.583519 0.00466823
(1,2,((3,(((4,5),14),((6,7),((((8,9),11),(10,12)),13)))),(15,((((16,17),((18,19),(20,21))),((24,((25,26),((27,28),(29,30)))),31)),(22,23))))); -12723.1  0 227.538 113.447 26.9602 -12864.1 0.238507 0.226951 0.170003  0.36454   0.167146   0.190875  0.0444251  0.0174777   0.570158 0.00991832
(1,2,((3,(((4,5),14),((6,7),((((8,9),11),(10,12)),13)))),(15,((((16,17),((18,19),(20,21))),((24,((25,26),((27,28),(29,30)))),31)),(22,23))))); -12723.1  0 227.449 114.287 29.3915 -12865.7 0.238281 0.216629 0.174142 0.370949   0.171307   0.196036  0.0635629  0.0127347   0.550259 0.00610012
(1,2,((3,(((4,5),14),((6,7),((((8,9),11),(10,12)),13)))),(15,((((16,17),((18,19),(20,21))),((24,((25,26),((27,28),(29,30)))),31)),(22,23))))); -12728.5  0 220.436 113.006 28.0779 -12864 0.222919 0.240735 0.174719 0.361628   0.147913   0.190349  0.0651107  0.0124009    0.58094 0.00328732
(1,2,((3,(((4,5),14),((6,7),((((8,9),11),(10,12)),13)))),(15,((((16,17),((18,19),(20,21))),((24,((25,26),((27,28),(29,30)))),31)),(22,23))))); -12719.2  0 231.132 113.434 29.3617 -12866.2 0.236942 0.229228 0.164776 0.369054   0.152503   0.224958   0.047404 0.00988276   0.562275  0.0029774
(1,2,((3,(((4,5),14),((6,7),((((8,9),11),(10,12)),13)))),(15,((((16,17),((18,19),(20,21))),((24,((25,26),((27,28),(29,30)))),31)),(22,23))))); -12724.6  0 222.161 113.829 31.3416 -12864.3 0.233584 0.228139 0.170895 0.367382   0.162463   0.209155  0.0546875  0.0109382   0.557706 0.00505053
(1,2,((3,(((4,5),14),((6,7),((((8,9),11),(10,12)),13)))),(15,((((16,17),((18,19),(20,21))),((24,((25,26),((27,28),(29,30)))),31)),(22,23))))); -12724.2  0 221.104 113.662 28.9283 -12860.5 0.231658  0.22812 0.187301 0.352921  0.149185  0.201448 0.0491259 0.0182984   0.57759  0.004353
(1,2,((3,(((4,5),14),((6,7),((((8,9),11),(10,12)),13)))),(15,((((16,17),((18,19),(20,21))),((24,((25,26),((27,28),(29,30)))),31)),(22,23))))); -12718.3  0 229.883 114.61 29.3267 -12862.9 0.224899 0.222423 0.189917 0.362761    0.15172   0.184233  0.0586952  0.0124389   0.588442 0.00447026
(1,2,((3,(((4,5),14),((6,7),((((8,9),11),(10,12)),13)))),(15,((((16,17),((18,19),(20,21))),((24,((25,26),((27,28),(29,30)))),31)),(22,23))))); -12724.2  0 225.052 113.867 28.4894 -12863.8  0.22799 0.214788 0.187969 0.369253   0.147068   0.191762  0.0425521  0.0143898    0.59823 0.00599862
(1,2,((3,(((4,5),14),((6,7),((((8,9),11),(10,12)),13)))),(15,((((16,17),((18,19),(20,21))),((24,((25,26),((27,28),(29,30)))),31)),(22,23))))); -12730.7  0 226.988 114.615 27.4484 -12870.5 0.244206 0.211114 0.173333 0.371346    0.13828   0.198474  0.0491423 0.00661008   0.598785  0.0087086
(1,2,((3,(((4,5),14),((6,7),((((8,9),11),(10,12)),13)))),(15,((((16,17),((18,19),(20,21))),((24,((25,26),((27,28),(29,30)))),31)),(22,23))))); -12738.3  0 225.915 114.361 26.0171 -12875.8 0.213039 0.233589 0.179302  0.37407     0.1449   0.230126  0.0565707  0.0159457   0.549952 0.00250558
(1,2,((3,(((4,5),14),((6,7),((((8,9),11),(10,12)),13)))),(15,((((16,17),((18,19),(20,21))),((24,((25,26),((27,28),(29,30)))),31)),(22,23))))); -12721.3  0 228.621 113.736 28.4935 -12864.7 0.222013 0.232758 0.171362 0.373867   0.166103   0.205514  0.0406715  0.0123834   0.569508 0.00581931
(1,2,((3,(((4,5),14),((6,7),((((8,9),11),(10,12)),13)))),(15,((((16,17),((18,19),(20,21))),((24,((25,26),((27,28),(29,30)))),31)),(22,23))))); -12721.3  0 234.545 114.489 24.4925 -12865.9 0.228609 0.210103 0.176015 0.385273   0.129224   0.216987   0.058367 0.00749524   0.575409  0.0125174
(1,2,((3,(((4,5),14),((6,7),((((8,9),11),(10,12)),13)))),(15,((((16,17),((18,19),(20,21))),((24,((25,26),((27,28),(29,30)))),31)),(22,23))))); -12740.9  0 218.23 114.541 23.8204 -12868.4 0.234368 0.207572  0.15614  0.40192   0.129541   0.213305   0.055907  0.0101267   0.581714 0.00940596
(1,2,((3,(((4,5),14),((6,7),((((8,9),11),(10,12)),13)))),(15,((((16,17),((18,19),(20,21))),((24,((25,26),((27,28),(29,30)))),31)),(22,23))))); -12734.6  0 220.007 114.369 24.9827 -12865.2 0.227624  0.21728  0.17332 0.381776   0.145086   0.223565  0.0739284  0.0130665   0.542502 0.00185173
(1,2,((3,(((4,5),14),((6,7),((((8,9),11),(10,12)),13)))),(15,((((16,17),((18,19),(20,21))),((24,((25,26),((27,28),(29,30)))),31)),(22,23))))); -12725.3  0 220.106 113.796 29.5539 -12861.1 0.236031 0.213091 0.175336 0.375541   0.158567   0.215132  0.0414871 0.00973661    0.56843 0.00664673
(1,2,((3,(((4,5),14),((6,7),((((8,9),11),(10,12)),13)))),(15,((((16,17),((18,19),(20,21))),((24,((25,26),((27,28),(29,30)))),31)),(22,23))))); -12721.7  0 226.017 114.58 30.6555 -12863.8 0.226808 0.222803 0.176296 0.374093  0.144381  0.206199 0.0565908 0.0139936  0.570842 0.0079939
(1,2,((3,(((4,5),14),((6,7),((((8,9),11),(10,12)),13)))),(15,((((16,17),((18,19),(20,21))),((24,((25,26),((27,28),(29,30)))),31)),(22,23))))); -12727.5  0 239.735 115.827 23.3213 -12874.8 0.230713 0.189863 0.178465 0.400959   0.154399   0.175277  0.0569207  0.0132582   0.594163 0.00598178
(1,2,((3,(((4,5),14),((6,7),((((8,9),11),(10,12)),13)))),(15,((((16,17),((18,19),(20,21))),((24,((25,26),((27,28),(29,30)))),31)),(22,23))))); -12722.9  0 228.042 115.036 27.6732 -12863.6 0.243165 0.216301 0.178406 0.362129  0.151713  0.214533 0.0604121 0.0211729   0.54855 0.0036186
(1,2,((3,(((4,5),14),((6,7),((((8,9),11),(10,12)),13)))),(15,((((16,17),((18,19),(20,21))),((24,((25,26),((27,28),(29,30)))),31)),(22,23))))); -12736  0 217.038 114.83 27.5562 -12865.7 0.246975 0.194271 0.170817 0.387936   0.162605   0.200805  0.0574309  0.0116898   0.563662 0.00380736
(1,2,((3,(((4,5),14),((6,7),((((8,9),11),(10,12)),13)))),(15,((((16,17),((18,19),(20,21))),((24,((25,26),((27,28),(29,30)))),31)),(22,23))))); -12719.7  0 229.558 113.661 27.925 -12863.5   0.2506 0.217312 0.167697 0.364391   0.145977   0.220681  0.0587534  0.0146634   0.557975 0.00195032
(1,2,((3,(((4,5),14),((6,7),((((8,9),11),(10,12)),13)))),(15,((((16,17),((18,19),(20,21))),((24,((25,26),((27,28),(29,30)))),31)),(22,23))))); -12727.5  0 229.362 114.222 24.3544 -12866.9 0.227114 0.219539 0.178806 0.374541   0.155469    0.18183  0.0715782 0.00626474    0.57442  0.0104388
(1,2,((3,(((4,5),14),((6,7),((((8,9),11),(10,12)),13)))),(15,((((16,17),((18,19),(20,21))),((24,((25,26),((27,28),(29,30)))),31)),(22,23))))); -12722  0 224.803 114.33 29.55 -12862 0.220344  0.21963 0.187462 0.372564   0.149049   0.200971  0.0486777  0.0151161   0.578826 0.00736004
(1,2,((3,(((4,5),14),((6,7),((((8,9),11),(10,12)),13)))),(15,((((16,17),((18,19),(20,21))),((24,((25,26),((27,28),(29,30)))),31)),(22,23))))); -12721.9  0 224.113 113.112 29.991 -12862.9 0.233194 0.238382 0.161985  0.36644   0.153055   0.197956  0.0545994  0.0127767   0.576752 0.00486174
(1,2,((3,(((4,5),14),((6,7),((((8,9),11),(10,12)),13)))),(15,((((16,17),((18,19),(20,21))),((24,((25,26),((27,28),(29,30)))),31)),(22,23))))); -12731.1  0 219.828 114.971 27.065 -12863 0.240157 0.203953 0.175151 0.380739  0.167829  0.208571 0.0532537 0.0103539  0.548698 0.0112946
(1,2,((3,(((4,5),14),((6,7),((((8,9),11),(10,12)),13)))),(15,((((16,17),((18,19),(20,21))),((24,((25,26),((27,28),(29,30)))),31)),(22,23))))); -12724.6  0 230.652 114.781 28.268 -12868.7 0.238516 0.196867 0.184752 0.379865   0.151829   0.190207  0.0532944  0.0130655   0.588425 0.00317918
(1,2,((3,(((4,5),14),((6,7),((((8,9),11),(10,12)),13)))),(15,((((16,17),((18,19),(20,21))),((24,((25,26),((27,28),(29,30)))),31)),(22,23))))); -12726.8  0 224.262 115.009 28.1592 -12864.3 0.245216 0.212693 0.180402 0.361689   0.178737   0.198784  0.0587919  0.0132227   0.546748 0.00371712
(1,2,((3,(((4,5),14),((6,7),((((8,9),11),(10,12)),13)))),(15,((((16,17),((18,19),(20,21))),((24,((25,26),((27,28),(29,30)))),31)),(22,23))))); -12714  0 232.427 113.947 30.6401 -12863.1  0.22933 0.229584 0.177957 0.363128   0.151273   0.209631  0.0534253  0.0161002    0.56338 0.00619082
(1,2,((3,(((4,5),14),((6,7),((((8,9),11),(10,12)),13)))),(15,((((16,17),((18,19),(20,21))),((24,((25,26),((27,28),(29,30)))),31)),(22,23))))); -12724.7  0 225.842 113.933 27.8214 -12864.4 0.237524 0.221568  0.17544 0.365468    0.17942   0.206385  0.0447181 0.00722184   0.558686 0.00356878
(1,2,((3,(((4,5),14),((6,7),((((8,9),11),(10,12)),13)))),(15,((((16,17),((18,19),(20,21))),((24,((25,26),((27,28),(29,30)))),31)),(22,23))))); -12737.4  0 219.683 114.701 25.1359 -12867.5 0.249453 0.199983 0.178208 0.372356  0.146949  0.213146 0.0415145 0.0148615  0.572427 0.0111014
(1,2,((3,(((4,5),14),((6,7),((((8,9),11),(10,12)),13)))),(15,((((16,17),((18,19),(20,21))),((24,((25,26),((27,28),(29,30)))),31)),(22,23))))); -12719.3  0 227.222 113.864 28.8239 -12861.5 0.225302 0.224757  0.18267 0.367272   0.153815   0.181556  0.0462114  0.0132305   0.601335 0.00385201
(1,2,((3,(((4,5),14),((6,7),((((8,9),11),(10,12)),13)))),(15,((((16,17),((18,19),(20,21))),((24,((25,26),((27,28),(29,30)))),31)),(22,23))))); -12716.3  0 233.079 114.382 30.6563 -12865.7 0.239444 0.211301 0.182725  0.36653   0.151234   0.193854  0.0481112  0.0123496   0.590567 0.00388401
(1,2,((3,(((4,5),14),((6,7),((((8,9),11),(10,12)),13)))),(15,((((16,17),((18,19),(20,21))),((24,((25,26),((27,28),(29,30)))),31)),(22,23))))); -12727.3  0 228.88 114.689 26.2935 -12867.8 0.235617 0.212782 0.161791 0.389809    0.16772   0.214487  0.0471347   0.014602   0.546244 0.00981309
(1,2,((3,(((4,5),14),((6,7),((((8,9),11),(10,12)),13)))),(15,((((16,17),((18,19),(20,21))),((24,((25,26),((27,28),(29,30)))),31)),(22,23))))); -12726.6  0 223.083 113.903 28.4485 -12864.3 0.233799 0.215391 0.167553 0.383257   0.139682   0.223787  0.0437356 0.00843764   0.580112 0.00424557
(1,2,((3,(((4,5),14),((6,7),((((8,9),11),(10,12)),13)))),(15,((((16,17),((18,19),(20,21))),((24,((25,26),((27,28),(29,30)))),31)),(22,23))))); -12733.5  0 214.536 112.657 29.3979 -12864.8 0.230193 0.231075 0.168399 0.370333   0.139122   0.208439   0.053331  0.0132202   0.576688 0.00919942
(1,2,((3,(((4,5),14),((6,7),((((8,9),11),(10,12)),13)))),(15,((((16,17),((18,19),(20,21))),((24,((25,26),((27,28),(29,30)))),31)),(22,23))))); -12725.8  0 222.323 114.2 29.8935 -12863.8 0.221294 0.221483 0.171097 0.386126   0.140192   0.213848  0.0520596  0.0124966   0.574791 0.00661261
(1,2,((3,(((4,5),14),((6,7),((((8,9),11),(10,12)),13)))),(15,((((16,17),((18,19),(20,21))),((24,((25,26),((27,28),(29,30)))),31)),(22,23))))); -12722.1  0 226.884 114.236 28.8992 -12863.7  0.24642 0.210754 0.180862 0.361964   0.173744   0.202939  0.0454254  0.0121228   0.560228 0.00554092
(1,2,((3,(((4,5),14),((6,7),((((8,9),11),(10,12)),13)))),(15,((((16,17),((18,19),(20,21))),((24,((25,26),((27,28),(29,30)))),31)),(22,23))))); -12740.6  0 213.419 113.447 25.5117 -12866.1 0.228411 0.221784 0.190173 0.359632  0.131756  0.206338 0.0551272  0.017086  0.578047 0.0116453
(1,2,((3,(((4,5),14),((6,7),((((8,9),11),(10,12)),13)))),(15,((((16,17),((18,19),(20,21))),((24,((25,26),((27,28),(29,30)))),31)),(22,23))))); -12724.4  0 223.897 114.286 27.8689 -12861.9 0.243137 0.211577 0.175647 0.369638   0.166343   0.213567  0.0623487 0.00914903   0.539849 0.00874212
(1,2,((3,(((4,5),14),((6,7),((((8,9),11),(10,12)),13)))),(15,((((16,17),((18,19),(20,21))),((24,((25,26),((27,28),(29,30)))),31)),(22,23))))); -12728.2  0 220.204 112.962 29.4099 -12864.9 0.228283 0.226907 0.173523 0.371288   0.150029   0.220367  0.0469934  0.0111518    0.56215 0.00930865
(1,2,((3,(((4,5),14),((6,7),((((8,9),11),(10,12)),13)))),(15,((((16,17),((18,19),(20,21))),((24,((25,26),((27,28),(29,30)))),31)),(22,23))))); -12732.2  0 215.441 113.835 29.4742 -12863.3 0.236917 0.220221 0.173572  0.36929    0.13961   0.219364  0.0605083 0.00799123   0.565376  0.0071513
(1,2,((3,(((4,5),14),((6,7),((((8,9),11),(10,12)),13)))),(15,((((16,17),((18,19),(20,21))),((24,((25,26),((27,28),(29,30)))),31)),(22,23))))); -12723.6  0 223.811 113.954 29.5811 -12863.1 0.237738 0.220326  0.17444 0.367496    0.16284    0.19182  0.0433833  0.0160154   0.581711 0.00422978
(1,2,((3,(((4,5),14),((6,7),((((8,9),11),(10,12)),13)))),(15,((((16,17),((18,19),(20,21))),((24,((25,26),((27,28),(29,30)))),31)),(22,23))))); -12722.3  0 230.496 114.911 27.1381 -12865 0.234491 0.205795 0.189008 0.370706   0.151477    0.19722    0.05059  0.0223916   0.573514 0.00480796
(1,2,((3,(((4,5),14),((6,7),((((8,9),11),(10,12)),13)))),(15,((((16,17),((18,19),(20,21))),((24,((25,26),((27,28),(29,30)))),31)),(22,23))))); -12721.8  0 223.913 113.801 31.0311 -12863 0.239161 0.220366 0.174679 0.365794    0.15336   0.197171   0.060559  0.0146082   0.568149 0.00615259
(1,2,((3,(((4,5),14),((6,7),((((8,9),11),(10,12)),13)))),(15,((((16,17),((18,19),(20,21))),((24,((25,26),((27,28),(29,30)))),31)),(22,23))))); -12736.2  0 220.574 114.358 26.5586 -12869 0.210732 0.230547 0.188482 0.370239   0.166454   0.194028   0.061498 0.00741044   0.566619 0.00399128
(1,2,((3,(((4,5),14),((6,7),((((8,9),11),(10,12)),13)))),(15,((((16,17),((18,19),(20,21))),((24,((25,26),((27,28),(29,30)))),31)),(22,23))))); -12724.8  0 229.264 114.726 26.9174 -12866.3 0.228955 0.203195 0.192497 0.375354   0.136118   0.198678  0.0536933  0.0170199   0.591384 0.00310582
(1,2,((3,(((4,5),14),((6,7),((((8,9),11),(10,12)),13)))),(15,((((16,17),((18,19),(20,21))),((24,((25,26),((27,28),(29,30)))),31)),(22,23))))); -12732.9  0 215.664 113.428 27.9223 -12863 0.238335  0.22054 0.157223 0.383901    0.16014   0.185041  0.0630751  0.0136804   0.572248 0.00581504
(1,2,((3,(((4,5),14),((6,7),((((8,9),11),(10,12)),13)))),(15,((((16,17),((18,19),(20,21))),((24,((25,26),((27,28),(29,30)))),31)),(22,23))))); -12723.5  0 223.213 114.51 27.5975 -12859.8 0.242175 0.207871 0.186166 0.363788  0.145156  0.230735 0.0551425 0.0127522  0.548177 0.0080367
(1,2,((3,(((4,5),14),((6,7),((((8,9),11),(10,12)),13)))),(15,((((16,17),((18,19),(20,21))),((24,((25,26),((27,28),(29,30)))),31)),(22,23))))); -12731.7  0 224.465 114.013 23.0897 -12865.2 0.266043 0.216679 0.155952 0.361326  0.168201  0.224249 0.0588269 0.0121609  0.533437 0.0031242
(1,2,((3,(((4,5),14),((6,7),((((8,9),11),(10,12)),13)))),(15,((((16,17),((18,19),(20,21))),((24,((25,26),((27,28),(29,30)))),31)),(22,23))))); -12733.6  0 223.177 114.231 26.6263 -12869.2 0.251898  0.21484 0.174798 0.358464   0.175676   0.199072  0.0671004  0.0101867    0.54228 0.00568431
(1,2,((3,(((4,5),14),((6,7),((((8,9),11),(10,12)),13)))),(15,((((16,17),((18,19),(20,21))),((24,((25,26),((27,28),(29,30)))),31)),(22,23))))); -12721.9  0 222.163 113.831 30.1709 -12860.4 0.242813 0.222497 0.180717 0.353972   0.151082   0.204865  0.0562747  0.0134251   0.566238 0.00811506
(1,2,((3,(((4,5),14),((6,7),((((8,9),11),(10,12)),13)))),(15,((((16,17),((18,19),(20,21))),((24,((25,26),((27,28),(29,30)))),31)),(22,23))))); -12731.3  0 225.524 113.284 22.2117 -12865.7 0.221192 0.234121 0.190454 0.354233  0.138825  0.197668 0.0601831  0.019141  0.570267 0.0139149
(1,2,((3,(((4,5),14),((6,7),((((8,9),11),(10,12)),13)))),(15,((((16,17),((18,19),(20,21))),((24,((25,26),((27,28),(29,30)))),31)),(22,23))))); -12726.2  0 220.899 114.282 30.9054 -12863.7  0.23555 0.229476  0.17231 0.362665  0.162093  0.208126 0.0552365 0.0139998  0.556495 0.0040489
(1,2,((3,(((4,5),14),((6,7),((((8,9),11),(10,12)),13)))),(15,((((16,17),((18,19),(20,21))),((24,((25,26),((27,28),(29,30)))),31)),(22,23))))); -12718.1  0 229.335 114.363 29.0175 -12862.1 0.230395 0.208656   0.1847 0.376249   0.139285    0.20555  0.0539165   0.017148   0.581119 0.00298153
(1,2,((3,(((4,5),14),((6,7),((((8,9),11),(10,12)),13)))),(15,((((16,17),((18,19),(20,21))),((24,((25,26),((27,28),(29,30)))),31)),(22,23))))); -12726  0 222.786 113.316 28.9278 -12864.4 0.236398 0.216379 0.185186 0.362036   0.146555   0.182382  0.0532309 0.00983084   0.600726 0.00727613
(1,2,((3,(((4,5),14),((6,7),((((8,9),11),(10,12)),13)))),(15,((((16,17),((18,19),(20,21))),((24,((25,26),((27,28),(29,30)))),31)),(22,23))))); -12722.1  0 224.497 113.934 30.4434 -12863.1 0.232293  0.23024 0.169141 0.368326   0.148993   0.210669  0.0469296  0.0080862   0.580556 0.00476575
(1,2,((3,(((4,5),14),((6,7),((((8,9),11),(10,12)),13)))),(15,((((16,17),((18,19),(20,21))),((24,((25,26),((27,28),(29,30)))),31)),(22,23))))); -12726  0 224.686 114.316 27.1388 -12863.5 0.239218 0.208968 0.177698 0.374116   0.144533   0.190776  0.0718207  0.0155274   0.574611 0.00273248
(1,2,((3,(((4,5),14),((6,7),((((8,9),11),(10,12)),13)))),(15,((((16,17),((18,19),(20,21))),((24,((25,26),((27,28),(29,30)))),31)),(22,23))))); -12717.1  0 231.281 114.795 29.8253 -12863.4 0.222265 0.216018  0.17546 0.386257   0.161908   0.189347  0.0528093  0.0149407   0.576625 0.00437115
(1,2,((3,(((4,5),14),((6,7),((((8,9),11),(10,12)),13)))),(15,((((16,17),((18,19),(20,21))),((24,((25,26),((27,28),(29,30)))),31)),(22,23))))); -12736  0 216.83 114.335 28.1136 -12866.6 0.237565 0.213632 0.182379 0.366424   0.142334   0.189761  0.0708741  0.0144963   0.576953 0.00558123
(1,2,((3,(((4,5),14),((6,7),((((8,9),11),(10,12)),13)))),(15,((((16,17),((18,19),(20,21))),((24,((25,26),((27,28),(29,30)))),31)),(22,23))))); -12721.7  0 226.812 114.847 29.2676 -12862.9 0.230108  0.21111 0.177814 0.380968   0.150655   0.223668  0.0565429 0.00817692   0.553844 0.00711303
(1,2,((3,(((4,5),14),((6,7),((((8,9),11),(10,12)),13)))),(15,((((16,17),((18,19),(20,21))),((24,((25,26),((27,28),(29,30)))),31)),(22,23))))); -12728.3  0 232.366 114.88 24.7158 -12870.5 0.255719 0.203471 0.175969 0.364841  0.158122  0.189384 0.0656688 0.0115925  0.563247 0.0119852
