tree logl logTop logProp logPrior logWt
(1,2,((3,(((4,5),14),(((6,7),((((8,9),11),10),13)),12))),(15,(((((16,17),((18,19),(20,21))),31),(24,((25,26),(27,(28,(29,30)))))),(22,23))))); -12815  -8.7363 236.983 114.498 -12928.7
(1,2,((3,(((4,5),14),((6,7),(((((8,9),11),13),10),12)))),(15,(((((16,17),((18,19),(20,21))),31),((24,(27,(28,(29,30)))),(25,26))),(22,23))))); -12825.9  -6.8793 inf 116.454 -inf
(1,2,((3,(((4,5),14),((6,7),((((8,9),11),(10,12)),13)))),(15,(((((16,17),((18,19),(20,21))),31),((24,((27,28),(29,30))),(25,26))),(22,23))))); -12817.3  -4.11431 241.099 115.313 -12939
(1,2,((3,(15,(((((16,17),((18,19),(20,21))),31),((24,((27,28),(29,30))),(25,26))),(22,23)))),(((4,5),14),((6,7),(((((8,9),11),10),13),12))))); -12882.7  -9.9655 244.985 115.923 -13001.8
(1,2,((3,((4,5),(((6,7),((((8,9),10),(11,13)),12)),14))),(15,((((16,17),((18,19),(20,21))),(((24,((27,28),(29,30))),(25,26)),31)),(22,23))))); -12877  -9.99551 254.456 116.326 -13005.1
(1,2,((3,(((4,5),14),((6,7),((((8,9),11),(10,12)),13)))),(15,(((16,17),((18,19),(20,21))),(22,(23,((24,((25,26),(27,(28,(29,30))))),31))))))); -12792.9  -11.5193 231.919 113.925 -12899.4
(1,2,((3,((4,5),(((6,7),((((8,9),10),(11,13)),12)),14))),(15,(((((16,17),((18,19),(20,21))),31),(24,((25,26),((27,28),(29,30))))),(22,23))))); -12808  -6.43216 255.383 114.416 -12942.5
(1,2,((3,(((4,5),14),(((6,7),(((8,9),10),(11,13))),12))),(15,(((((16,17),((18,19),(20,21))),31),((24,((27,28),(29,30))),(25,26))),(22,23))))); -12838  -8.16274 257.246 114.482 -12972.6
(1,2,((3,(((4,5),14),((6,7),(((((8,9),11),10),13),12)))),(15,(((((16,17),((18,19),(20,21))),31),(24,((25,26),((27,28),(29,30))))),(22,23))))); -12791.7  -4.90415 480.261 115.903 -13151.1
(1,2,((3,(((4,5),((6,7),((((8,9),10),12),(11,13)))),14)),(15,(((((16,17),((18,19),(20,21))),31),((24,(25,26)),((27,28),(29,30)))),(22,23))))); -12872.6  -10.4285 242.165 113.159 -12991.2
(1,2,((3,(((4,5),14),((6,7),((((8,9),11),(10,12)),13)))),(15,(((((16,17),((18,19),(20,21))),31),(24,((25,26),(27,(28,(29,30)))))),(22,23))))); -12775.4  -4.19089 261.383 115.576 -12917
(1,2,((3,(((4,5),14),((6,7),(((8,9),(10,(11,13))),12)))),(15,(((((16,17),((18,19),(20,21))),31),(24,((25,26),((27,28),(29,30))))),(22,23))))); -12815.6  -6.90041 235.937 114.863 -12929.8
(1,2,((3,(((4,5),14),((6,7),((((8,9),10),(11,13)),12)))),(15,(((((16,17),((18,19),(20,21))),31),(24,((25,26),(27,(28,(29,30)))))),(22,23))))); -12809.4  -5.06523 250.793 115.31 -12939.8
(1,2,((3,((4,5),(((6,7),(((((8,9),11),10),12),13)),14))),(15,((((16,17),((18,19),(20,21))),((((24,(27,28)),(25,26)),(29,30)),31)),(22,23))))); -12812.3  -11.4375 259.857 115.652 -12945
(1,2,((3,(((4,5),14),(((((6,7),12),((8,9),10)),11),13))),(15,(((((16,17),((18,19),(20,21))),31),(24,((25,26),(27,(28,(29,30)))))),(22,23))))); -12863.3  -10.7046 256.524 114.855 -12994.3
(1,2,((3,(((4,5),14),(((((6,7),10),13),((8,9),11)),12))),(15,(((((16,17),((18,19),(20,21))),31),(22,23)),(24,((25,26),((27,28),(29,30)))))))); -12867.1  -14.6928 727.42 114.734 -13465.1
(1,2,((3,(((4,5),14),((6,7),(((8,9),(10,(11,12))),13)))),(15,(((((16,17),((18,19),(20,21))),31),(((24,(27,28)),(29,30)),(25,26))),(22,23))))); -12900.5  -6.63399 252.791 116.013 -13030.7
(1,2,((3,(((4,5),14),((6,7),((((8,9),11),(10,12)),13)))),(15,(((((16,17),((18,19),(20,21))),31),(24,((25,26),((27,28),(29,30))))),(22,23))))); -12830.9  -3.53283 245.636 114.201 -12958.8
(1,2,((3,(((4,5),14),((6,7),(((((8,9),10),11),13),12)))),(15,(((((16,17),((18,19),(20,21))),31),(((24,27),(28,(29,30))),(25,26))),(22,23))))); -12802.7  -8.41728 246.829 115.865 -12925.2
(1,2,((3,(((4,5),14),((6,7),((((8,9),11),(10,12)),13)))),(15,(((((16,17),((18,19),(20,21))),31),(24,((25,26),((27,28),(29,30))))),(22,23))))); -13249.3  -3.53283 291.843 110.25 -13427.4
(1,2,((3,(((4,5),14),((6,7),(((((8,9),11),10),13),12)))),(15,(((((16,17),((18,19),(20,21))),31),((24,(27,(28,(29,30)))),(25,26))),(22,23))))); -12741.2  -6.14369 234.159 115.524 -12853.6
(1,2,((3,(((4,5),14),((6,7),(((8,9),((11,12),13)),10)))),(15,((((((16,17),((18,19),(20,21))),31),22),(24,((25,26),(27,(28,(29,30)))))),23)))); -12826.1  -11.5518 365.245 115.524 -13064.3
(1,2,((3,(((4,5),14),((6,7),((((8,9),(11,13)),10),12)))),(15,(((((16,17),((18,19),(20,21))),22),((24,((25,26),(27,(28,(29,30))))),31)),23)))); -12887.9  -11.4421 236.679 114.401 -12998.7
(1,2,((3,(((4,5),14),((6,7),((8,9),((10,(11,12)),13))))),(15,(((((16,17),((18,19),(20,21))),31),((24,((27,28),(29,30))),(25,26))),(22,23))))); -12892.3  -6.58585 372.251 115.766 -13142.2
(1,2,((3,(((4,5),14),((6,7),(((((8,9),11),10),12),13)))),(15,((((16,17),((18,19),(20,21))),((((24,27),28),(25,26)),((29,30),31))),(22,23))))); -12901.1  -14.8222 290.041 114.445 -13061.9
(1,2,((3,(((4,5),14),((6,7),((8,9),((10,(11,12)),13))))),(15,(((((16,17),((18,19),(20,21))),31),(((24,(27,28)),(25,26)),(29,30))),(22,23))))); -12768  -7.14956 256.151 115.688 -12901.4
(1,2,((3,(((4,5),14),((6,7),((((8,9),10),(11,13)),12)))),(15,(((((16,17),((18,19),(20,21))),31),(((24,(27,28)),(25,26)),(29,30))),(22,23))))); -12826  -5.55235 359.876 114.771 -13065.5
(1,2,((3,(((4,5),14),(((6,7),((((8,9),11),13),10)),12))),(15,((((16,17),((18,19),(20,21))),(((24,(27,28)),(25,26)),((29,30),31))),(22,23))))); -12909.9  -12.992 267.912 114.387 -13050.4
(1,2,((3,(((4,5),14),((6,7),((((8,9),11),12),(10,13))))),(15,(((((16,17),((18,19),(20,21))),31),(22,23)),(((24,(27,28)),(29,30)),(25,26)))))); -12865.5  -11.1987 1029.84 114.777 -13769.4
(1,2,((3,(((4,5),14),((6,7),((8,9),(10,((11,12),13)))))),(15,(((((16,17),((18,19),(20,21))),31),((24,((27,(29,30)),28)),(25,26))),(22,23))))); -12787.5  -9.09217 240.054 114.987 -12903.5
(1,2,((3,(((4,5),14),((6,7),((((8,9),11),13),(10,12))))),(15,((((16,17),((18,19),(20,21))),31),((22,23),(24,((25,26),(27,(28,(29,30)))))))))); -12829.9  -12.2168 261.565 114.538 -12964.7
(1,2,((3,(((4,5),14),((6,7),((((8,9),(11,12)),10),13)))),(15,(((((16,17),((18,19),(20,21))),31),(24,((25,26),((27,28),(29,30))))),(22,23))))); -13076.4  -4.6286 232.973 112.859 -13191.9
(1,2,((3,(((4,5),14),((6,7),(((8,9),10),((11,12),13))))),(15,(((((16,17),((18,19),(20,21))),31),((24,((27,28),(29,30))),(25,26))),(22,23))))); -12809.7  -5.20506 381.031 115.417 -13070.1
(1,2,((3,((4,5),(((6,7),((8,9),((10,12),(11,13)))),14))),(15,(((((16,17),((18,19),(20,21))),31),((24,((27,28),(29,30))),(25,26))),(22,23))))); -12808.5  -7.30338 227.923 115.142 -12914
(1,2,((3,(((4,5),14),((6,7),((((8,9),10),(11,12)),13)))),(15,(((((16,17),((18,19),(20,21))),31),(((24,(27,28)),(25,26)),(29,30))),(22,23))))); -12788.7  -5.30321 227.292 114.871 -12895.8
(1,2,((3,(((4,5),14),((6,7),(((((8,9),11),12),10),13)))),(15,((((16,17),((18,19),(20,21))),((((24,27),(28,(29,30))),(25,26)),31)),(22,23))))); -12790.2  -10.7075 inf 115.642 -inf
(1,2,((3,(((4,5),14),((6,7),((((8,9),11),(10,13)),12)))),(15,(((((16,17),((18,19),(20,21))),31),(((24,(27,28)),(29,30)),(25,26))),(22,23))))); -12779.2  -6.9354 297.903 115.234 -12955
(1,2,((3,(((4,5),14),((6,7),(((8,9),((10,12),11)),13)))),(15,(((((16,17),((18,19),(20,21))),31),(24,((25,26),((27,28),(29,30))))),(22,23))))); -12765.9  -5.55387 269.275 115.747 -12913.9
(1,2,((3,(((4,5),14),((6,7),((((8,9),11),(10,12)),13)))),(15,(((((16,17),((18,19),(20,21))),31),(((24,(27,28)),(29,30)),(25,26))),(22,23))))); -12811.3  -4.86091 430.446 116.091 -13120.8
(1,2,((3,(((4,5),14),((6,7),((((8,9),11),(10,12)),13)))),(15,(((((16,17),((18,19),(20,21))),31),(24,((25,26),(27,(28,(29,30)))))),(22,23))))); -12768.3  -4.19089 233.979 114.667 -12883.4
(1,2,((3,(((4,5),14),((6,7),(((8,9),11),((10,12),13))))),(15,(((((16,17),((18,19),(20,21))),31),((24,((27,28),(29,30))),(25,26))),(22,23))))); -12781.3  -5.61899 245.27 114.533 -12906.4
(1,2,((3,((4,5),(((6,7),((((8,9),10),(11,13)),12)),14))),(15,(((((16,17),((18,19),(20,21))),31),(24,((25,26),((27,28),(29,30))))),(22,23))))); -12984.8  -6.43216 256.201 115.957 -13118.6
(1,2,((3,(15,(((((16,17),((18,19),(20,21))),22),(((24,(27,28)),(25,26)),((29,30),31))),23))),(((4,5),14),((6,7),((8,9),((10,(11,12)),13)))))); -12793.8  -16.44 238.072 116.242 -12899.2
(1,2,((3,(((4,5),14),((6,7),(((((8,9),11),10),13),12)))),(15,(((((16,17),((18,19),(20,21))),31),((24,((27,28),(29,30))),(25,26))),(22,23))))); -12770.3  -5.48563 243.012 115.276 -12892.5
(1,2,((3,(((4,5),14),((6,7),((((8,9),11),(10,13)),12)))),(15,(((((16,17),((18,19),(20,21))),31),(24,((25,26),(27,(28,(29,30)))))),(22,23))))); -12837.2  -6.26538 251.34 115.5 -12966.8
(1,2,((3,(((4,5),14),((6,7),(((((8,9),11),10),13),12)))),(15,(((((16,17),((18,19),(20,21))),31),(24,((25,26),((27,28),(29,30))))),(22,23))))); -12864  -4.90415 417.314 115.352 -13161.1
(1,2,((3,(((4,5),14),((6,7),(((8,9),11),((10,13),12))))),(15,(((((16,17),((18,19),(20,21))),31),(24,((25,26),((27,28),(29,30))))),(22,23))))); -12900.9  -8.54583 240.179 113.662 -13018.9
(1,2,((3,(((4,5),14),((6,7),(((8,9),10),((11,12),13))))),(15,(((((16,17),((18,19),(20,21))),31),(24,((25,26),((27,28),(29,30))))),(22,23))))); -12779  -4.62358 267.005 116.106 -12925.2
(1,2,((3,(((4,5),14),((6,7),((8,9),(((10,12),11),13))))),(15,(((((16,17),((18,19),(20,21))),31),(24,((25,26),((27,28),(29,30))))),(22,23))))); -12872.3  -6.25233 inf 114.643 -inf
(1,2,((3,(((4,5),14),((6,7),(((8,9),10),((11,13),12))))),(15,(((((16,17),((18,19),(20,21))),31),((24,(27,(28,(29,30)))),(25,26))),(22,23))))); -12804.4  -6.60944 423.432 114.645 -13106.5
(1,2,((3,(((4,5),14),((6,7),((((8,9),(11,12)),10),13)))),(15,(((((16,17),((18,19),(20,21))),31),((24,((27,28),(29,30))),(25,26))),(22,23))))); -12833.9  -5.21008 237.666 114.589 -12951.8
(1,2,((3,(((4,5),14),((6,7),((((8,9),10),(11,12)),13)))),(15,(((((16,17),((18,19),(20,21))),31),(24,((25,26),((27,28),(29,30))))),(22,23))))); -12833.2  -4.15802 249.215 115.064 -12963.2
(1,2,((3,(((4,5),((6,7),((((8,9),11),12),(10,13)))),14)),(15,(((((16,17),((18,19),(20,21))),31),(24,((25,26),((27,28),(29,30))))),(22,23))))); -12965.7  -8.291 354.242 114.037 -13197.7
(1,2,((3,(((4,5),14),((6,7),(((8,9),((10,12),11)),13)))),(15,(((((16,17),((18,19),(20,21))),31),(24,((25,26),(27,(28,(29,30)))))),(22,23))))); -12787.8  -6.21193 256.392 114.926 -12923
(1,2,((3,(((4,5),14),((6,7),(((8,9),10),((11,13),12))))),(15,(((((16,17),((18,19),(20,21))),31),(24,((25,26),((27,28),(29,30))))),(22,23))))); -12803.1  -5.3699 326.647 115.044 -13009.3
(1,2,((3,(((4,5),14),((6,7),(((8,9),(11,13)),(10,12))))),(15,(((((16,17),((18,19),(20,21))),31),(24,((25,26),(27,(28,(29,30)))))),(22,23))))); -12856.8  -5.62111 268.526 115.406 -13004.3
(1,2,((3,(((4,5),14),((6,7),((((8,9),(11,12)),10),13)))),(15,(((((16,17),((18,19),(20,21))),31),(24,((25,26),(27,(28,(29,30)))))),(22,23))))); -12848.4  -5.28667 249.89 115.234 -12977.7
(1,2,((3,(((4,5),14),((6,7),((((8,9),11),(10,12)),13)))),(15,(((((16,17),((18,19),(20,21))),31),((24,((27,28),(29,30))),(25,26))),(22,23))))); -12819.8  -4.11431 255.848 115.944 -12955.6
(1,2,((3,(((4,5),14),((6,7),((((8,9),11),(10,12)),13)))),(15,(((((16,17),((18,19),(20,21))),31),(24,((25,26),(27,(28,(29,30)))))),(22,23))))); -12817  -4.19089 238.383 114.713 -12936.5
(1,2,((3,(((4,5),14),((6,7),(((8,9),11),((10,12),13))))),(15,((((((16,17),((18,19),(20,21))),31),(24,((25,26),((27,28),(29,30))))),22),23)))); -12800.9  -10.0621 534.631 115.213 -13210.3
(1,2,((3,(((4,5),14),((6,7),((((8,9),11),10),(12,13))))),(15,(((((16,17),((18,19),(20,21))),31),(24,((25,26),((27,28),(29,30))))),(22,23))))); -12778.7  -8.08879 250.092 114.653 -12906
(1,2,((3,((4,5),(((6,7),(((((8,9),11),10),13),12)),14))),(15,(((((16,17),((18,19),(20,21))),31),(24,((25,26),((27,28),(29,30))))),(22,23))))); -12869.9  -6.92914 254.574 114.32 -13003.2
