tree logl logTop logBL logPrior logQ logWt pi1 pi2 pi3 pi4 s1 s2 s3 s4 s5 s6
(1,2,(((3,4),6),(((((5,9),14),((((11,19),(18,20)),17),(15,16))),(7,8)),(10,(12,13))))); -2957.8  0 157.509 78.5603 23.8183 -3060.56 0.264842 0.165317 0.223709 0.346132 0.0472367  0.399343 0.0980496 0.0565378  0.307829 0.0910037
(1,2,(((3,4),6),(((((5,9),14),((((11,19),(18,20)),17),(15,16))),(7,8)),(10,(12,13))))); -2969.87  0 155.625 78.5573 17.7133 -3064.65 0.267906 0.159403 0.200422 0.372269 0.0631824  0.326938 0.0846315 0.0966397  0.289398  0.139211
(1,2,(((3,4),6),(((((5,9),14),((((11,19),(18,20)),17),(15,16))),(7,8)),(10,(12,13))))); -2962.27  0 151.463 78.6648 23.0792 -3058.15 0.248322 0.182282 0.226774 0.342622 0.0591414  0.381152  0.113755 0.0780604  0.275877 0.0920137
(1,2,(((3,4),6),(((((5,9),14),((((11,19),(18,20)),17),(15,16))),(7,8)),(10,(12,13))))); -2965.75  0 154.63 78.7477 22.639 -3064.28 0.284554 0.168176 0.212928 0.334341 0.0797449  0.346249 0.0837533 0.0523918  0.349682 0.0881788
(1,2,(((3,4),6),(((((5,9),14),((((11,19),(18,20)),17),(15,16))),(7,8)),(10,(12,13))))); -2969.26  0 152.054 79.2377 22.9762 -3065.05 0.258517 0.171658 0.225534 0.344292 0.0708802  0.332023 0.0779815 0.0759653  0.333076  0.110074
(1,2,(((3,4),6),(((((5,9),14),((((11,19),(18,20)),17),(15,16))),(7,8)),(10,(12,13))))); -2967.49  0 151.68 78.4383 24.6587 -3065.4 0.278414 0.180567 0.213963 0.327056 0.0741744  0.370134 0.0773298 0.0640358  0.327532 0.0867936
(1,2,(((3,4),6),(((((5,9),14),((((11,19),(18,20)),17),(15,16))),(7,8)),(10,(12,13))))); -2962.65  0 156.966 79.0548 20.3633 -3060.92 0.279949 0.157646 0.202643 0.359762  0.107479  0.355056 0.0908413 0.0581392  0.271829  0.116655
(1,2,(((3,4),6),(((((5,9),14),((((11,19),(18,20)),17),(15,16))),(7,8)),(10,(12,13))))); -2971.23  0 151.209 78.9047 22.4059 -3065.95 0.275906 0.169222 0.229749 0.325123  0.078028  0.350745 0.0983301 0.0947872  0.302888 0.0752215
(1,2,(((3,4),6),(((((5,9),14),((((11,19),(18,20)),17),(15,16))),(7,8)),(10,(12,13))))); -2971.23  0 148.02 78.8307 23.565 -3063.99 0.272895  0.17817 0.208105  0.34083 0.0942976  0.402268 0.0825236 0.0499061  0.270237  0.100767
(1,2,(((3,4),6),(((((5,9),14),((((11,19),(18,20)),17),(15,16))),(7,8)),(10,(12,13))))); -2966.62  0 148.709 78.7814 23.1543 -3059.7 0.300639  0.16472 0.213182 0.321459  0.064541  0.387716 0.0953358 0.0772727  0.267412  0.107722
(1,2,(((3,4),6),(((((5,9),14),((((11,19),(18,20)),17),(15,16))),(7,8)),(10,(12,13))))); -2968.43  0 146.198 78.3234 24.1985 -3060.5 0.278952 0.169135  0.22778 0.324134 0.0719833  0.367161  0.103423 0.0805858  0.272727   0.10412
(1,2,(((3,4),6),(((((5,9),14),((((11,19),(18,20)),17),(15,16))),(7,8)),(10,(12,13))))); -2966.02  0 155.947 79.1854 23.8138 -3066.6 0.283887 0.175042 0.220587 0.320484 0.0597918  0.392306 0.0863779  0.084859  0.266137  0.110528
(1,2,(((3,4),6),(((((5,9),14),((((11,19),(18,20)),17),(15,16))),(7,8)),(10,(12,13))))); -2965.1  0 152.818 78.8119 22.7656 -3061.87 0.262676 0.157326 0.213278  0.36672 0.0730366  0.349327 0.0845415 0.0769686  0.298947  0.117179
(1,2,(((3,4),6),(((((5,9),14),((((11,19),(18,20)),17),(15,16))),(7,8)),(10,(12,13))))); -2973.14  0 147.471 78.2156 20.3766 -3062.77 0.255332 0.194093 0.234822 0.315753 0.0635594  0.376608 0.0720009 0.0775545  0.274233  0.136045
(1,2,(((3,4),6),(((((5,9),14),((((11,19),(18,20)),17),(15,16))),(7,8)),(10,(12,13))))); -2969.74  0 151.349 78.5353 21.0149 -3063.57 0.263649 0.153868 0.244019 0.338464 0.0967817  0.366053 0.0813986 0.0461326  0.307321  0.102313
(1,2,(((3,4),6),(((((5,9),14),((((11,19),(18,20)),17),(15,16))),(7,8)),(10,(12,13))))); -2962.04  0 160.663 79.0036 21.3468 -3065.05 0.290943 0.184691 0.222645 0.301721 0.0814927  0.349156 0.0734859 0.0760593  0.311723  0.108083
(1,2,(((3,4),6),(((((5,9),14),((((11,19),(18,20)),17),(15,16))),(7,8)),(10,(12,13))))); -2961.06  0 152.709 78.4346 24.3545 -3059.69 0.271023 0.174276   0.2131 0.341601 0.0601349   0.35043 0.0955792 0.0717566  0.306186  0.115914
(1,2,(((3,4),6),(((((5,9),14),((((11,19),(18,20)),17),(15,16))),(7,8)),(10,(12,13))))); -2960.7  0 153.672 78.6094 23.0079 -3058.77 0.268384 0.169853 0.221449 0.340314 0.0570874  0.352929  0.109603 0.0723392  0.331046 0.0769954
(1,2,(((3,4),6),(((((5,9),14),((((11,19),(18,20)),17),(15,16))),(7,8)),(10,(12,13))))); -2969.26  0 148.54 78.9841 22.9173 -3061.74 0.285856 0.169907 0.200489 0.343749 0.0673376    0.4035 0.0664238 0.0819456   0.30452 0.0762733
(1,2,(((3,4),6),(((((5,9),14),((((11,19),(18,20)),17),(15,16))),(7,8)),(10,(12,13))))); -2967.14  0 148.335 79.2692 22.5408 -3058.75  0.27816 0.184827 0.204661 0.332352  0.068607  0.387518 0.0670769 0.0457771  0.327235  0.103786
(1,2,(((3,4),6),(((((5,9),14),((((11,19),(18,20)),17),(15,16))),(7,8)),(10,(12,13))))); -2971.14  0 147.528 78.2813 20.3441 -3060.73 0.285666 0.166841 0.217594 0.329899 0.0790446  0.311643 0.0791022 0.0953565  0.329388  0.105466
(1,2,(((3,4),6),(((((5,9),14),((((11,19),(18,20)),17),(15,16))),(7,8)),(10,(12,13))))); -2969.13  0 147.02 78.7535 22.4695 -3059.86 0.283781 0.161907 0.197901 0.356411   0.08025  0.375561  0.114903 0.0657122  0.276404 0.0871691
(1,2,(((3,4),6),(((((5,9),14),((((11,19),(18,20)),17),(15,16))),(7,8)),(10,(12,13))))); -2971.28  0 155.084 78.8116 15.9367 -3063.49 0.305088 0.177841 0.209532 0.307538 0.0946883  0.313506 0.0953959 0.0442348  0.335489  0.116687
(1,2,(((3,4),6),(((((5,9),14),((((11,19),(18,20)),17),(15,16))),(7,8)),(10,(12,13))))); -2964.91  0 151.62 78.6088 19.0564 -3056.98 0.229317  0.17549 0.231155 0.364038 0.0736705  0.347725 0.0929353 0.0934072  0.313472 0.0787902
(1,2,(((3,4),6),(((((5,9),14),((((11,19),(18,20)),17),(15,16))),(7,8)),(10,(12,13))))); -2961.89  0 152.836 78.723 23.7847 -3059.78 0.272021 0.171272 0.208222 0.348484 0.0666444  0.371067 0.0968094 0.0915423  0.267895  0.106042
(1,2,(((3,4),6),(((((5,9),14),((((11,19),(18,20)),17),(15,16))),(7,8)),(10,(12,13))))); -2966.56  0 149.101 78.1525 21.7098 -3059.22 0.246918  0.18452   0.2283 0.340262 0.0633514  0.450167 0.0692888  0.054426  0.262156  0.100611
(1,2,(((3,4),6),(((((5,9),14),((((11,19),(18,20)),17),(15,16))),(7,8)),(10,(12,13))))); -2963.91  0 148.982 78.7988 24.4731 -3058.57 0.258332 0.163953 0.228284 0.349431 0.0729313  0.381278 0.0690094 0.0689323  0.299455  0.108394
(1,2,(((3,4),6),(((((5,9),14),((((11,19),(18,20)),17),(15,16))),(7,8)),(10,(12,13))))); -2978.67  0 149.594 78.4577 12.9699 -3062.77 0.291174  0.14697 0.216821 0.345035 0.0601387  0.472312 0.0513701 0.0930108  0.266713 0.0564554
(1,2,(((3,4),6),(((((5,9),14),((((11,19),(18,20)),17),(15,16))),(7,8)),(10,(12,13))))); -2962.22  0 158.607 78.7601 21.0474 -3063.11 0.296686 0.173779 0.225128 0.304407 0.0745917  0.348661 0.0967682 0.0946907  0.292831 0.0924568
(1,2,(((3,4),6),(((((5,9),14),((((11,19),(18,20)),17),(15,16))),(7,8)),(10,(12,13))))); -2965.09  0 151.249 78.3698 21.7491 -3059.72 0.286841 0.179163 0.225903 0.308093  0.054703  0.438479 0.0853859 0.0663739  0.283011 0.0720472
(1,2,(((3,4),6),(((((5,9),14),((((11,19),(18,20)),17),(15,16))),(7,8)),(10,(12,13))))); -2964.26  0 158.408 78.391 23.1012 -3067.37 0.272383  0.17541 0.244638  0.30757 0.0726765  0.401671 0.0933035 0.0701384  0.270965 0.0912455
(1,2,(((3,4),6),(((((5,9),14),((((11,19),(18,20)),17),(15,16))),(7,8)),(10,(12,13))))); -2968.4  0 148.346 78.4503 22.95 -3061.25 0.269494  0.18799 0.213643 0.328873 0.0684041  0.386575 0.0599077 0.0568236  0.330317 0.0979721
(1,2,(((3,4),6),(((((5,9),14),((((11,19),(18,20)),17),(15,16))),(7,8)),(10,(12,13))))); -2976.88  0 142.011 78.4863 18.2149 -3058.62 0.276243 0.157511 0.207675 0.358571 0.0309011  0.382574 0.0936495 0.0812391  0.297156   0.11448
(1,2,(((3,4),6),(((((5,9),14),((((11,19),(18,20)),17),(15,16))),(7,8)),(10,(12,13))))); -2966.61  0 153.291 78.9973 24.0639 -3064.96 0.260981 0.189328 0.221721  0.32797 0.0695362  0.352872 0.0853114 0.0673446  0.314612  0.110324
(1,2,(((3,4),6),(((((5,9),14),((((11,19),(18,20)),17),(15,16))),(7,8)),(10,(12,13))))); -2973.63  0 146.55 78.7522 23.2257 -3064.65 0.272515 0.171076 0.223573 0.332837 0.0547301  0.423461  0.109752 0.0499597  0.273674 0.0884232
(1,2,(((3,4),6),(((((5,9),14),((((11,19),(18,20)),17),(15,16))),(7,8)),(10,(12,13))))); -2975.01  0 146.014 78.3329 18.4878 -3061.18 0.255462 0.176919 0.260155 0.307463 0.0972827  0.357954 0.0782854 0.0763703  0.312677  0.077431
(1,2,(((3,4),6),(((((5,9),14),((((11,19),(18,20)),17),(15,16))),(7,8)),(10,(12,13))))); -2961.08  0 151.437 78.9191 24.2247 -3057.82 0.281046 0.164491 0.205937 0.348526 0.0676149  0.404781  0.097919 0.0524855  0.274294  0.102905
(1,2,(((3,4),6),(((((5,9),14),((((11,19),(18,20)),17),(15,16))),(7,8)),(10,(12,13))))); -2969.39  0 149.666 78.8633 18.7488 -3058.94 0.244407 0.182181 0.230814 0.342598 0.0387639  0.361565  0.117597 0.0707399  0.328864 0.0824702
(1,2,(((3,4),6),(((((5,9),14),((((11,19),(18,20)),17),(15,16))),(7,8)),(10,(12,13))))); -2963.26  0 155.23 78.7704 23.146 -3062.87 0.265974 0.172309 0.214868 0.346849 0.0749942  0.385437 0.0760174 0.0995798  0.288136 0.0758354
(1,2,(((3,4),6),(((((5,9),14),((((11,19),(18,20)),17),(15,16))),(7,8)),(10,(12,13))))); -2960.15  0 153.224 78.0971 22.9589 -3058.24 0.298657  0.17219 0.201627 0.327527  0.072809  0.381087 0.0903498 0.0712597  0.311325 0.0731695
(1,2,(((3,4),6),(((((5,9),14),((((11,19),(18,20)),17),(15,16))),(7,8)),(10,(12,13))))); -2961.15  0 156.44 78.1143 22.1426 -3061.61  0.28526 0.184276 0.194764   0.3357 0.0818498  0.417076 0.0618196 0.0695541  0.280819  0.088881
(1,2,(((3,4),6),(((((5,9),14),((((11,19),(18,20)),17),(15,16))),(7,8)),(10,(12,13))))); -2964.77  0 150.14 78.4723 24.3994 -3060.84 0.290909 0.167834 0.226413 0.314845 0.0701089  0.384591 0.0920034 0.0653666  0.284265  0.103664
(1,2,(((3,4),6),(((((5,9),14),((((11,19),(18,20)),17),(15,16))),(7,8)),(10,(12,13))))); -2967.94  0 154.265 78.9017 19.6824 -3062.98 0.243652 0.168949 0.231081 0.356317 0.0705822  0.418063 0.0726792 0.0769676  0.233465  0.128244
(1,2,(((3,4),6),(((((5,9),14),((((11,19),(18,20)),17),(15,16))),(7,8)),(10,(12,13))))); -2959.11  0 152.609 78.2929 24.7212 -3058.14 0.259453 0.171636 0.216989 0.351922 0.0683224  0.392675 0.0689885 0.0740594  0.309862 0.0860925
(1,2,(((3,4),6),(((((5,9),14),((((11,19),(18,20)),17),(15,16))),(7,8)),(10,(12,13))))); -2963.45  0 156.594 78.554 23.2669 -3064.75 0.288312 0.162163 0.212678 0.336848 0.0797052  0.418675 0.0873836 0.0706588  0.274041 0.0695367
(1,2,(((3,4),6),(((((5,9),14),((((11,19),(18,20)),17),(15,16))),(7,8)),(10,(12,13))))); -2959.44  0 159.679 78.7223 23.126 -3063.53 0.245325 0.178942 0.211635 0.364098  0.079287  0.371823 0.0793545 0.0563886  0.311872  0.101276
(1,2,(((3,4),6),(((((5,9),14),((((11,19),(18,20)),17),(15,16))),(7,8)),(10,(12,13))))); -2968.81  0 156.114 78.7431 21.0499 -3067.23 0.289064 0.167796 0.242854 0.300286 0.0709792   0.37536 0.0930649 0.0873866  0.269813  0.103397
(1,2,(((3,4),6),(((((5,9),14),((((11,19),(18,20)),17),(15,16))),(7,8)),(10,(12,13))))); -2963.14  0 154.019 78.8853 24.1936 -3062.47 0.270337 0.183511 0.215772 0.330381  0.079202  0.352787 0.0991362 0.0696611  0.284958  0.114256
(1,2,(((3,4),6),(((((5,9),14),((((11,19),(18,20)),17),(15,16))),(7,8)),(10,(12,13))))); -2961.6  0 151.679 78.8245 23.2537 -3057.71 0.258325 0.170798 0.213503 0.357375 0.0850272  0.375273  0.114767 0.0676038  0.272862 0.0844674
(1,2,(((3,4),6),(((((5,9),14),((((11,19),(18,20)),17),(15,16))),(7,8)),(10,(12,13))))); -2969.71  0 142.664 78.1641 22.9207 -3057.13 0.284991 0.175539 0.202001 0.337469 0.0610717   0.35708 0.0772592 0.0857137  0.331805 0.0870706
(1,2,(((3,4),6),(((((5,9),14),((((11,19),(18,20)),17),(15,16))),(7,8)),(10,(12,13))))); -2972.22  0 149.378 79.0353 25.1777 -3067.74 0.258176 0.169489 0.222722 0.349612 0.0701263  0.390508   0.08562 0.0783045  0.274158  0.101283
(1,2,(((3,4),6),(((((5,9),14),((((11,19),(18,20)),17),(15,16))),(7,8)),(10,(12,13))))); -2970.99  0 152.535 78.7949 20.9052 -3065.64  0.26618 0.161466 0.218525  0.35383 0.0727248  0.349198  0.131188 0.0537386  0.315423 0.0777267
(1,2,(((3,4),6),(((((5,9),14),((((11,19),(18,20)),17),(15,16))),(7,8)),(10,(12,13))))); -2963.69  0 151.935 78.7734 22.1877 -3059.04 0.286958 0.171853 0.225803 0.315387 0.0627705  0.422454 0.0649856 0.0813304  0.294361 0.0740985
(1,2,(((3,4),6),(((((5,9),14),((((11,19),(18,20)),17),(15,16))),(7,8)),(10,(12,13))))); -2970.27  0 154.578 78.6926 19.7496 -3065.9 0.246493 0.158603  0.23451 0.360394 0.0583114  0.431083 0.0887972 0.0638952  0.298724 0.0591891
(1,2,(((3,4),6),(((((5,9),14),((((11,19),(18,20)),17),(15,16))),(7,8)),(10,(12,13))))); -2959.48  0 153.323 78.6681 24.4097 -3058.55 0.257965 0.169547 0.218308 0.354181 0.0558906  0.377128 0.0833488 0.0794133  0.314701 0.0895178
(1,2,(((3,4),6),(((((5,9),14),((((11,19),(18,20)),17),(15,16))),(7,8)),(10,(12,13))))); -2963.25  0 153.302 79.0433 23.5477 -3061.06 0.285623 0.150997 0.216309  0.34707 0.0826393  0.370271 0.0866508 0.0660135  0.310965 0.0834605
(1,2,(((3,4),6),(((((5,9),14),((((11,19),(18,20)),17),(15,16))),(7,8)),(10,(12,13))))); -2963.24  0 154.456 79.1365 24.7463 -3063.31 0.254717 0.190384 0.217755 0.337144 0.0735817  0.399128 0.0774483 0.0669824  0.290236 0.0926241
(1,2,(((3,4),6),(((((5,9),14),((((11,19),(18,20)),17),(15,16))),(7,8)),(10,(12,13))))); -2966.35  0 151.698 78.6581 17.2003 -3056.59 0.295821 0.161782 0.231391 0.311007 0.0489171  0.437323  0.118964 0.0799179  0.237085 0.0777929
(1,2,(((3,4),6),(((((5,9),14),((((11,19),(18,20)),17),(15,16))),(7,8)),(10,(12,13))))); -2966.59  0 150.026 78.4679 22.1122 -3060.26 0.264182 0.171695 0.215059 0.349063 0.0636112  0.343583  0.132291 0.0712602  0.292934   0.09632
(1,2,(((3,4),6),(((((5,9),14),((((11,19),(18,20)),17),(15,16))),(7,8)),(10,(12,13))))); -2960.94  0 153.719 78.5582 24.0911 -3060.19 0.270115 0.157885 0.224558 0.347441 0.0576951   0.37517 0.0842052 0.0784803  0.321033 0.0834166
(1,2,(((3,4),6),(((((5,9),14),((((11,19),(18,20)),17),(15,16))),(7,8)),(10,(12,13))))); -2970.47  0 153.177 78.0991 17.5657 -3063.11 0.300583 0.181428 0.211818 0.306171 0.0773718  0.370511  0.121038 0.0996929  0.242574 0.0888118
(1,2,(((3,4),6),(((((5,9),14),((((11,19),(18,20)),17),(15,16))),(7,8)),(10,(12,13))))); -2969.8  0 152.393 79.305 15.8798 -3058.77 0.262535 0.137517  0.23124 0.368708 0.0405751  0.427042 0.0950168 0.0538023  0.262734   0.12083
(1,2,(((3,4),6),(((((5,9),14),((((11,19),(18,20)),17),(15,16))),(7,8)),(10,(12,13))))); -2969.09  0 147.705 78.7101 21.6598 -3059.75 0.259307 0.173976 0.230649 0.336068 0.0575371   0.41784 0.0689481 0.0560482  0.333411 0.0662156
(1,2,(((3,4),6),(((((5,9),14),((((11,19),(18,20)),17),(15,16))),(7,8)),(10,(12,13))))); -2959.25  0 153.506 78.7133 24.5918 -3058.63 0.280858 0.186478 0.206267 0.326397 0.0794502  0.387403 0.0899352 0.0588161  0.285741 0.0986548
(1,2,(((3,4),6),(((((5,9),14),((((11,19),(18,20)),17),(15,16))),(7,8)),(10,(12,13))))); -2971.79  0 154.725 78.7842 16.0059 -3063.73 0.245379 0.193655 0.241199 0.319768 0.0447026  0.354893  0.104717  0.104596  0.318475 0.0726164
(1,2,(((3,4),6),(((((5,9),14),((((11,19),(18,20)),17),(15,16))),(7,8)),(10,(12,13))))); -2968.6  0 150.515 79.0187 22.2473 -3062.34 0.248327 0.169796 0.243044 0.338833 0.0621197  0.370067  0.106528 0.0560694   0.32344 0.0817754
(1,2,(((3,4),6),(((((5,9),14),((((11,19),(18,20)),17),(15,16))),(7,8)),(10,(12,13))))); -2979.33  0 139.999 79.1282 22.2068 -3062.41 0.260228 0.187078 0.236299 0.316395 0.0638367  0.371293  0.109821 0.0584596  0.318209 0.0783819
(1,2,(((3,4),6),(((((5,9),14),((((11,19),(18,20)),17),(15,16))),(7,8)),(10,(12,13))))); -2972.82  0 149.866 78.5425 23.804 -3067.95  0.27346 0.182475 0.219236  0.32483 0.0670474  0.419271 0.0602843 0.0673543  0.288032 0.0980112
(1,2,(((3,4),6),(((((5,9),14),((((11,19),(18,20)),17),(15,16))),(7,8)),(10,(12,13))))); -2975.88  0 143.777 78.8841 23.7916 -3064.56 0.272154 0.161514    0.217 0.349332 0.0689828  0.381178 0.0795124 0.0863342  0.310519 0.0734737
(1,2,(((3,4),6),(((((5,9),14),((((11,19),(18,20)),17),(15,16))),(7,8)),(10,(12,13))))); -2962.47  0 156.358 78.8665 22.1708 -3062.13  0.28213 0.151234 0.229444 0.337193 0.0617411  0.348676  0.107795 0.0660293  0.297075  0.118684
(1,2,(((3,4),6),(((((5,9),14),((((11,19),(18,20)),17),(15,16))),(7,8)),(10,(12,13))))); -2965.98  0 149.403 77.9051 23.7176 -3061.19 0.274522 0.183013 0.207903 0.334563 0.0632146  0.429302 0.0881802 0.0761148  0.266143 0.0770447
(1,2,(((3,4),6),(((((5,9),14),((((11,19),(18,20)),17),(15,16))),(7,8)),(10,(12,13))))); -2967.12  0 156.101 79.4535 18.6416 -3062.41 0.281492 0.181544 0.214681 0.322283 0.0551991  0.322079  0.109571 0.0688787  0.369526 0.0747461
(1,2,(((3,4),6),(((((5,9),14),((((11,19),(18,20)),17),(15,16))),(7,8)),(10,(12,13))))); -2960.4  0 156.51 78.7481 24.2039 -3062.36 0.264072 0.190418 0.206387 0.339123 0.0776061  0.389818 0.0739338 0.0657049   0.28299  0.109947
(1,2,(((3,4),6),(((((5,9),14),((((11,19),(18,20)),17),(15,16))),(7,8)),(10,(12,13))))); -2975.82  0 144.99 79.4811 21.177 -3062.51 0.263827 0.171453 0.223019 0.341702 0.0636496  0.367302  0.103081 0.0419626  0.286077  0.137928
(1,2,(((3,4),6),(((((5,9),14),((((11,19),(18,20)),17),(15,16))),(7,8)),(10,(12,13))))); -2958.53  0 156.927 78.7212 23.0123 -3059.75 0.270584 0.162002 0.205321 0.362093 0.0697295  0.420138 0.0946604 0.0633867  0.281866 0.0702188
(1,2,(((3,4),6),(((((5,9),14),((((11,19),(18,20)),17),(15,16))),(7,8)),(10,(12,13))))); -2971.14  0 149.288 78.8767 22.4232 -3063.97 0.260078 0.166368 0.240119 0.333435 0.0951227  0.348667  0.101824 0.0696133  0.277851  0.106923
(1,2,(((3,4),6),(((((5,9),14),((((11,19),(18,20)),17),(15,16))),(7,8)),(10,(12,13))))); -2968.64  0 150.989 78.8166 21.1198 -3061.93 0.277326 0.164965 0.241492 0.316217 0.0734611  0.369963 0.0617537 0.0970937  0.297621  0.100108
(1,2,(((3,4),6),(((((5,9),14),((((11,19),(18,20)),17),(15,16))),(7,8)),(10,(12,13))))); -2966.99  0 154.309 78.9452 21.5649 -3063.92 0.265869 0.169193 0.206368  0.35857 0.0436529   0.43412 0.0763503 0.0605787  0.308177 0.0771205
(1,2,(((3,4),6),(((((5,9),14),((((11,19),(18,20)),17),(15,16))),(7,8)),(10,(12,13))))); -2970.58  0 145.825 78.225 20.4174 -3058.6  0.23591 0.167971 0.249375 0.346744 0.0773605  0.372457  0.100439 0.0853479  0.284901 0.0794946
(1,2,(((3,4),6),(((((5,9),14),((((11,19),(18,20)),17),(15,16))),(7,8)),(10,(12,13))))); -2975.47  0 136.774 77.8629 21.3121 -3055.69 0.276244  0.18713 0.231157 0.305468 0.0560315  0.426668  0.102653 0.0717135  0.265775 0.0771593
(1,2,(((3,4),6),(((((5,9),14),((((11,19),(18,20)),17),(15,16))),(7,8)),(10,(12,13))))); -2963.96  0 157.621 79.0682 24.2811 -3066.79 0.264509  0.18657 0.225017 0.323903 0.0621016  0.360899 0.0824074 0.0746122  0.316533  0.103447
(1,2,(((3,4),6),(((((5,9),14),((((11,19),(18,20)),17),(15,16))),(7,8)),(10,(12,13))))); -2969.76  0 141.507 77.8612 22.7992 -3056.21 0.295013 0.165935 0.216758 0.322294 0.0693565  0.415342  0.101056 0.0755647  0.248148 0.0905337
(1,2,(((3,4),6),(((((5,9),14),((((11,19),(18,20)),17),(15,16))),(7,8)),(10,(12,13))))); -2968.29  0 145.69 78.7204 22.7908 -3058.05 0.290258 0.157639  0.20103 0.351073 0.0856635  0.403772 0.0837395 0.0512931  0.286061  0.089471
(1,2,(((3,4),6),(((((5,9),14),((((11,19),(18,20)),17),(15,16))),(7,8)),(10,(12,13))))); -2959.79  0 158.573 78.7581 24.4649 -3064.07 0.270941 0.179163 0.200514 0.349382 0.0702648  0.397077 0.0835118 0.0557919  0.310092  0.083263
(1,2,(((3,4),6),(((((5,9),14),((((11,19),(18,20)),17),(15,16))),(7,8)),(10,(12,13))))); -2966.21  0 155.974 78.3968 21.3241 -3065.11 0.285559 0.175924 0.200204 0.338313 0.0848632  0.322034 0.0789889 0.0740354  0.338616  0.101462
(1,2,(((3,4),6),(((((5,9),14),((((11,19),(18,20)),17),(15,16))),(7,8)),(10,(12,13))))); -2972.7  0 141.665 78.4897 22.9011 -3058.78 0.290775 0.159652 0.199603  0.34997 0.0569117  0.362133 0.0920791 0.0741119  0.306698  0.108066
(1,2,(((3,4),6),(((((5,9),14),((((11,19),(18,20)),17),(15,16))),(7,8)),(10,(12,13))))); -2961.11  0 155.833 78.6637 23.3451 -3061.62 0.280099 0.156298 0.231833  0.33177 0.0569668  0.363825  0.102655 0.0593971   0.32135 0.0958048
(1,2,(((3,4),6),(((((5,9),14),((((11,19),(18,20)),17),(15,16))),(7,8)),(10,(12,13))))); -2970.95  0 145.194 78.5267 20.7119 -3058.33 0.249492 0.197027 0.225845 0.327636 0.0601611  0.344655  0.100448 0.0703667  0.344002 0.0803679
(1,2,(((3,4),6),(((((5,9),14),((((11,19),(18,20)),17),(15,16))),(7,8)),(10,(12,13))))); -2976  0 161.386 79.2803 19.1911 -3077.3 0.289726 0.154909 0.237314 0.318051 0.0853517  0.361894 0.0739956  0.050194  0.354323 0.0742416
(1,2,(((3,4),6),(((((5,9),14),((((11,19),(18,20)),17),(15,16))),(7,8)),(10,(12,13))))); -2964.65  0 151.836 78.8152 25.3331 -3063.01 0.274373 0.179692  0.22238 0.323555 0.0735619  0.385568 0.0913243 0.0722357  0.275629  0.101682
(1,2,(((3,4),6),(((((5,9),14),((((11,19),(18,20)),17),(15,16))),(7,8)),(10,(12,13))))); -2962.46  0 154.753 78.9499 22.3792 -3060.65 0.251528 0.164857  0.25462 0.328994 0.0758021  0.379386 0.0996557 0.0585064  0.290146 0.0965041
(1,2,(((3,4),6),(((((5,9),14),((((11,19),(18,20)),17),(15,16))),(7,8)),(10,(12,13))))); -2962.89  0 163.893 79.0112 20.651 -3068.42 0.268612 0.173342 0.234523 0.323523 0.0452856  0.362989 0.0884855 0.0996634  0.323335 0.0802418
(1,2,(((3,4),6),(((((5,9),14),((((11,19),(18,20)),17),(15,16))),(7,8)),(10,(12,13))))); -2962.3  0 156.033 78.5383 22.6522 -3062.45 0.240694 0.179983 0.227204 0.352119 0.0921904  0.374183 0.0927229 0.0663216  0.293129 0.0814529
(1,2,(((3,4),6),(((((5,9),14),((((11,19),(18,20)),17),(15,16))),(7,8)),(10,(12,13))))); -2961.1  0 155.788 79.0015 22.236 -3060.12 0.302242 0.158815 0.195449 0.343495 0.0619207  0.378913  0.103834 0.0678173  0.291862 0.0956533
(1,2,(((3,4),6),(((((5,9),14),((((11,19),(18,20)),17),(15,16))),(7,8)),(10,(12,13))))); -2968.89  0 149.547 79.6606 22.1004 -3060.88 0.277369 0.158408 0.212136 0.352087 0.0540799  0.420046 0.0928417 0.0467069  0.269506  0.116819
(1,2,(((3,4),6),(((((5,9),14),((((11,19),(18,20)),17),(15,16))),(7,8)),(10,(12,13))))); -2961.77  0 159.875 78.8625 24.683 -3067.47 0.261866 0.171547 0.217205 0.349382 0.0757278  0.401866 0.0706398 0.0815627   0.27832 0.0918837
(1,2,(((3,4),6),(((((5,9),14),((((11,19),(18,20)),17),(15,16))),(7,8)),(10,(12,13))))); -2967.1  0 152.92 78.9463 21.2217 -3062.3 0.249415 0.172531 0.222035 0.356019 0.0882509  0.358001  0.106133 0.0728385  0.251933  0.122844
(1,2,(((3,4),6),(((((5,9),14),((((11,19),(18,20)),17),(15,16))),(7,8)),(10,(12,13))))); -2963.68  0 153.962 78.5035 23.3901 -3062.53 0.256306 0.172084 0.204346 0.367264 0.0607841  0.388995  0.092485 0.0842061  0.280925 0.0926052
(1,2,(((3,4),6),(((((5,9),14),((((11,19),(18,20)),17),(15,16))),(7,8)),(10,(12,13))))); -2968.65  0 140.262 77.6915 23.941 -3055.16 0.263348 0.170101 0.222962 0.343589 0.0452818  0.395089 0.0788228 0.0729791  0.304148  0.103679
(1,2,(((3,4),6),(((((5,9),14),((((11,19),(18,20)),17),(15,16))),(7,8)),(10,(12,13))))); -2961.69  0 152.342 78.3311 23.4572 -3059.16 0.263226 0.167696 0.232849 0.336229 0.0656678  0.384539 0.0841823 0.0955356  0.293507 0.0765681
(1,2,(((3,4),6),(((((5,9),14),((((11,19),(18,20)),17),(15,16))),(7,8)),(10,(12,13))))); -2963.43  0 155.915 78.7246 19.7775 -3060.4 0.255476 0.181797 0.214774 0.347953 0.0502074   0.39065 0.0485342  0.072742   0.32633  0.111537
(1,2,(((3,4),6),(((((5,9),14),((((11,19),(18,20)),17),(15,16))),(7,8)),(10,(12,13))))); -2966.02  0 157.14 78.5136 20.2961 -3064.94 0.266537 0.180461 0.216029 0.336973 0.0763492  0.329633 0.0843991 0.0667336  0.288635   0.15425
(1,2,(((3,4),6),(((((5,9),14),((((11,19),(18,20)),17),(15,16))),(7,8)),(10,(12,13))))); -2963.47  0 151.893 78.8095 23.5453 -3060.1 0.249591 0.176385 0.208838 0.365186 0.0665421  0.372663  0.103252  0.068012  0.301792  0.087739
(1,2,(((3,4),6),(((((5,9),14),((((11,19),(18,20)),17),(15,16))),(7,8)),(10,(12,13))))); -2968.6  0 147.682 78.5699 19.7202 -3057.43 0.256933 0.165457 0.247835 0.329775 0.0901347  0.359615  0.109149 0.0443016  0.277294  0.119506
(1,2,(((3,4),6),(((((5,9),14),((((11,19),(18,20)),17),(15,16))),(7,8)),(10,(12,13))))); -2968.52  0 140.225 78.022 24.778 -3055.5 0.269584  0.16831 0.212494 0.349612  0.079979  0.403571 0.0854568 0.0548502  0.296994  0.079149
(1,2,(((3,4),6),(((((5,9),14),((((11,19),(18,20)),17),(15,16))),(7,8)),(10,(12,13))))); -2964.89  0 154.208 78.6798 22.574 -3063 0.261325 0.180804 0.201325 0.356546 0.0568506  0.418064 0.0931965 0.0576374   0.30346 0.0707913
(1,2,(((3,4),6),(((((5,9),14),((((11,19),(18,20)),17),(15,16))),(7,8)),(10,(12,13))))); -2965.29  0 153.988 78.6471 21.6298 -3062.26 0.275215 0.183393 0.193547 0.347846 0.0646625  0.358338  0.095591 0.0655453  0.280878  0.134985
(1,2,(((3,4),6),(((((5,9),14),((((11,19),(18,20)),17),(15,16))),(7,8)),(10,(12,13))))); -2977.71  0 134.005 78.3121 24.374 -3057.78 0.263941 0.168656 0.226298 0.341105 0.0705069  0.358168 0.0866432 0.0887388  0.309282 0.0866603
(1,2,(((3,4),6),(((((5,9),14),((((11,19),(18,20)),17),(15,16))),(7,8)),(10,(12,13))))); -2977.99  0 145.455 78.4186 18.9 -3063.92 0.296237 0.168622 0.214485 0.320657  0.112224  0.363969  0.103307 0.0692713  0.288008  0.063221
(1,2,(((3,4),6),(((((5,9),14),((((11,19),(18,20)),17),(15,16))),(7,8)),(10,(12,13))))); -2964.83  0 156.534 79.1226 20.6911 -3062.93 0.247267 0.165723 0.224903 0.362107 0.0628431  0.350414 0.0962938 0.0912421  0.271957   0.12725
(1,2,(((3,4),6),(((((5,9),14),((((11,19),(18,20)),17),(15,16))),(7,8)),(10,(12,13))))); -2963.57  0 151.002 78.5916 24.4499 -3060.43 0.253072 0.177287 0.230477 0.339164 0.0715473  0.407286 0.0946139 0.0522414  0.285539 0.0887718
(1,2,(((3,4),6),(((((5,9),14),((((11,19),(18,20)),17),(15,16))),(7,8)),(10,(12,13))))); -2960.65  0 153.643 78.4674 23.242 -3059.07 0.296182 0.173439 0.204132 0.326247 0.0653186  0.396144 0.0648725 0.0634999  0.305188  0.104977
(1,2,(((3,4),6),(((((5,9),14),((((11,19),(18,20)),17),(15,16))),(7,8)),(10,(12,13))))); -2971  0 140.51 78.26 21.8742 -3055.12 0.254395 0.164015 0.232707 0.348883 0.0612057  0.453292   0.08524 0.0478334  0.263668 0.0887606
(1,2,(((3,4),6),(((((5,9),14),((((11,19),(18,20)),17),(15,16))),(7,8)),(10,(12,13))))); -2967.16  0 152.775 78.959 22.0454 -3063.02 0.268061  0.16382 0.225042 0.343077 0.0638442  0.443306 0.0651591 0.0475858  0.268196  0.111909
(1,2,(((3,4),6),(((((5,9),14),((((11,19),(18,20)),17),(15,16))),(7,8)),(10,(12,13))))); -2961.17  0 153.896 78.6934 21.1331 -3057.51 0.278837 0.198494 0.203995 0.318673 0.0821929    0.3675 0.0694978 0.0571857  0.337104 0.0865196
(1,2,(((3,4),6),(((((5,9),14),((((11,19),(18,20)),17),(15,16))),(7,8)),(10,(12,13))))); -2969.97  0 141.39 78.2023 22.5095 -3055.67 0.274156 0.172513 0.214958 0.338374 0.0582255  0.387787 0.0808759  0.106186  0.290255 0.0766712
(1,2,(((3,4),6),(((((5,9),14),((((11,19),(18,20)),17),(15,16))),(7,8)),(10,(12,13))))); -2962.29  0 156.358 78.6937 23.8124 -3063.76 0.290486 0.158971 0.217576 0.332967 0.0726791  0.379502 0.0857385 0.0894026  0.287182 0.0854959
(1,2,(((3,4),6),(((((5,9),14),((((11,19),(18,20)),17),(15,16))),(7,8)),(10,(12,13))))); -2969.8  0 144.713 78.5358 23.0462 -3059.02 0.273091 0.161996 0.209976 0.354936 0.0768661   0.40398 0.0915458 0.0471497  0.307153 0.0733053
(1,2,(((3,4),6),(((((5,9),14),((((11,19),(18,20)),17),(15,16))),(7,8)),(10,(12,13))))); -2963.89  0 150.25 78.724 24.2244 -3059.64 0.267809 0.187913 0.211217 0.333061 0.0572803  0.372647 0.0971874 0.0744961  0.313466 0.0849236
(1,2,(((3,4),6),(((((5,9),14),((((11,19),(18,20)),17),(15,16))),(7,8)),(10,(12,13))))); -2969.89  0 149.518 79.0854 23.9801 -3064.3 0.258631 0.175215 0.222739 0.343415 0.0485232  0.389666  0.105944 0.0619878  0.297062 0.0968163
(1,2,(((3,4),6),(((((5,9),14),((((11,19),(18,20)),17),(15,16))),(7,8)),(10,(12,13))))); -2963.84  0 151.982 78.8975 24.0199 -3060.95 0.274217 0.155641 0.227012 0.343129 0.0591986  0.374809 0.0899821 0.0586862  0.328918 0.0884061
(1,2,(((3,4),6),(((((5,9),14),((((11,19),(18,20)),17),(15,16))),(7,8)),(10,(12,13))))); -2969.8  0 149.477 78.7915 19.9463 -3060.43  0.27637 0.172134 0.208565 0.342932 0.0553394  0.418385 0.0531924 0.0621106  0.273674  0.137298
(1,2,(((3,4),6),(((((5,9),14),((((11,19),(18,20)),17),(15,16))),(7,8)),(10,(12,13))))); -2967.56  0 153.885 79.0077 20.6126 -3063.05 0.255485 0.206244 0.223977 0.314294 0.0514538  0.374585 0.0805444 0.0634905  0.320022  0.109904
(1,2,(((3,4),6),(((((5,9),14),((((11,19),(18,20)),17),(15,16))),(7,8)),(10,(12,13))))); -2963.82  0 153.94 78.5212 23.7392 -3062.98 0.280283 0.172455 0.197642 0.349621 0.0756951  0.390902 0.0711482 0.0556532  0.316524 0.0900781
(1,2,(((3,4),6),(((((5,9),14),((((11,19),(18,20)),17),(15,16))),(7,8)),(10,(12,13))))); -2966.3  0 153.665 78.6168 21.6129 -3062.96 0.281689 0.186512 0.202745 0.329054 0.0694449  0.416749 0.0571309 0.0871509  0.276089 0.0934357
