tree logl logTop logBL logPrior logQ logWt pi1 pi2 pi3 pi4 s1 s2 s3 s4 s5 s6
(1,2,(3,(4,(5,6)))); -6157.75  0 31.0669 13.2398 27.8869 -6203.46 0.273247 0.264284 0.144511 0.317959  0.115291 0.0878794  0.405005  0.086093  0.259267 0.0464649
(1,2,(3,(4,(5,6)))); -6160.82  0 29.7514 13.5783 26.5342 -6203.53 0.288208 0.258151 0.152697 0.300944 0.0948136 0.0900754  0.426876 0.0863964  0.269902 0.0319371
(1,2,(3,(4,(5,6)))); -6156.19  0 33.7302 13.5344 27.6067 -6203.99 0.288858  0.25656 0.135976 0.318607  0.112156 0.0868282   0.40019 0.0886423  0.264555 0.0476285
(1,2,(3,(4,(5,6)))); -6160.2  0 30.7809 13.5011 26.1111 -6203.59 0.300034 0.248071 0.143586 0.308309  0.104364 0.0969577  0.401737 0.0929155  0.258506 0.0455208
(1,2,(3,(4,(5,6)))); -6163.87  0 29.5454 13.6247 24.5651 -6204.36 0.258054 0.268072 0.150641 0.323233 0.0866504 0.0848062  0.434483  0.104819  0.252059 0.0371821
(1,2,(3,(4,(5,6)))); -6160.26  0 30.5669 13.2456 26.5778 -6204.16 0.280395 0.264429 0.134574 0.320602  0.107534 0.0773428  0.408546 0.0996723  0.249935 0.0569687
(1,2,(3,(4,(5,6)))); -6164.77  0 28.3642 13.0977 25.3013 -6205.33 0.290089 0.266102 0.142103 0.301706  0.118583 0.0626111  0.410515 0.0926456  0.279074 0.0365703
(1,2,(3,(4,(5,6)))); -6168.65  0 31.9148 13.7368 17.9706 -6204.8 0.315419 0.225866 0.135543 0.323172  0.104899 0.0843746  0.429624  0.093753  0.255562 0.0317867
(1,2,(3,(4,(5,6)))); -6160.74  0 33.1653 13.6369 24.0017 -6204.27 0.300821 0.255557 0.142627 0.300995  0.116079 0.0773285  0.410482  0.117457  0.237405 0.0412482
(1,2,(3,(4,(5,6)))); -6163.24  0 26.9497 13.4692 26.695 -6203.42 0.285898 0.271256 0.142588 0.300258  0.106064 0.0772182  0.417999  0.109771  0.254715  0.034234
(1,2,(3,(4,(5,6)))); -6170.55  0 27.0762 13.2929 21.8593 -6206.2 0.271746 0.260813 0.155948 0.311493 0.0752616 0.0629836  0.436805   0.10529  0.283702 0.0359578
(1,2,(3,(4,(5,6)))); -6160.69  0 34.0325 13.6679 24.1781 -6205.23 0.281356 0.279381 0.127692 0.311571 0.0890144 0.0968473  0.420008  0.104373  0.251218 0.0385389
(1,2,(3,(4,(5,6)))); -6159.63  0 32.2534 13.6939 25.9288 -6204.12 0.289752 0.264798 0.143876 0.301575 0.0938645 0.0956271   0.39244 0.0902923  0.275129  0.052648
(1,2,(3,(4,(5,6)))); -6164.38  0 29.2998 13.3078 24.5534 -6204.92 0.296288 0.253495 0.139843 0.310374  0.111885 0.0683287   0.40524 0.0975759   0.25571 0.0612608
(1,2,(3,(4,(5,6)))); -6158.14  0 31.0664 13.6566 28.2816 -6203.83 0.288063 0.262484 0.146705 0.302748 0.0991109 0.0850628  0.428007 0.0819678  0.260328 0.0455241
(1,2,(3,(4,(5,6)))); -6164.15  0 30.4257 13.5466 24.317 -6205.34 0.264619 0.268179 0.140043 0.327159 0.0916458 0.0933206  0.431198  0.111077  0.231336 0.0414235
(1,2,(3,(4,(5,6)))); -6163.99  0 30.9863 13.1838 22.9386 -6204.73  0.28313 0.260175 0.149095   0.3076  0.113228 0.0733294  0.458151 0.0909794  0.210164 0.0541478
(1,2,(3,(4,(5,6)))); -6158.73  0 34.0012 13.798 25.0454 -6203.98 0.298171  0.27117 0.135053 0.295606  0.105073 0.0770808  0.397859  0.101904  0.277771 0.0403117
(1,2,(3,(4,(5,6)))); -6157.29  0 33.3301 13.2046 26.7644 -6204.18 0.278585 0.263675 0.138464 0.319276  0.107543 0.0806126  0.446501  0.071234  0.256652 0.0374563
(1,2,(3,(4,(5,6)))); -6161.92  0 29.1887 13.5528 26.9267 -6204.48 0.287585  0.26483 0.138722 0.308862 0.0877321 0.0812722  0.408292  0.104575  0.281688 0.0364407
(1,2,(3,(4,(5,6)))); -6161.9  0 32.0745 13.5767 22.215 -6202.61 0.296231 0.253985 0.124538 0.325246  0.103054 0.0839864  0.451852 0.0914787  0.241877 0.0277525
(1,2,(3,(4,(5,6)))); -6160.26  0 28.2492 12.974 27.7792 -6203.31 0.268265 0.271372 0.143033  0.31733 0.0985496 0.0911217  0.412658 0.0893717  0.263551 0.0447476
(1,2,(3,(4,(5,6)))); -6159.66  0 31.7992 13.9108 26.1968 -6203.74 0.271158 0.258359 0.150412 0.320071 0.0983229 0.0881758   0.40552  0.113493  0.259791 0.0346965
(1,2,(3,(4,(5,6)))); -6157.82  0 31.4859 13.2403 26.855 -6202.92 0.275318 0.262079 0.146412 0.316191  0.108893 0.0866922  0.388626  0.111079  0.262568 0.0421423
(1,2,(3,(4,(5,6)))); -6164.47  0 30.5729 13.6292 23.5416 -6204.95 0.259726 0.272035 0.137831 0.330408 0.0920509 0.0967554  0.406049  0.109098  0.252934 0.0431126
(1,2,(3,(4,(5,6)))); -6156.68  0 32.4234 13.6451 27.2467 -6202.7 0.285266 0.269095 0.130766 0.314872  0.107932 0.0745736    0.4169 0.0956869  0.268664 0.0362438
(1,2,(3,(4,(5,6)))); -6156.62  0 33.2673 13.4515 27.6978 -6204.14 0.280995 0.262068 0.144647  0.31229 0.0916217  0.095032  0.442924 0.0902764  0.241032 0.0391146
(1,2,(3,(4,(5,6)))); -6158.87  0 31.6796 13.7542 27.7456 -6204.54 0.277166 0.254262 0.145932  0.32264  0.104072 0.0807157  0.448343 0.0829068  0.246763 0.0371994
(1,2,(3,(4,(5,6)))); -6152.94  0 34.8535 13.4602 29.096 -6203.43 0.287089 0.256828 0.139545 0.316538  0.101794 0.0857003  0.420593 0.0948785  0.257081 0.0399527
(1,2,(3,(4,(5,6)))); -6167.58  0 30.2048 12.9472 21.1365 -6205.98 0.284563 0.250097 0.137144 0.328196  0.137325 0.0694908  0.390637 0.0843826  0.286708 0.0314557
(1,2,(3,(4,(5,6)))); -6155.8  0 32.8848 13.4651 27.47 -6202.69 0.286145 0.256227 0.152168  0.30546   0.10259 0.0871263   0.43836 0.0910519  0.236886 0.0439856
(1,2,(3,(4,(5,6)))); -6158.78  0 30.9535 13.2737 26.5526 -6203.01 0.271028 0.273851 0.147688 0.307433  0.108928 0.0742498  0.403225 0.0857102  0.283483 0.0444033
(1,2,(3,(4,(5,6)))); -6158.7  0 32.9284 13.4722 24.5203 -6202.68 0.298072 0.255697 0.131479 0.314752  0.120138 0.0885609  0.431932 0.0740741  0.247666 0.0376297
(1,2,(3,(4,(5,6)))); -6156.93  0 34.2417 13.7681 27.1195 -6204.52 0.293087 0.248982 0.143196 0.314735  0.103008 0.0973565  0.401964 0.0931324  0.264528 0.0400105
(1,2,(3,(4,(5,6)))); -6163.49  0 32.0951 13.6856 24.0382 -6205.93 0.282517 0.254449 0.155237 0.307796 0.0768192 0.0746439  0.426231  0.091081  0.293969 0.0372559
(1,2,(3,(4,(5,6)))); -6161.46  0 31.009 13.3533 26.4178 -6205.53 0.276922 0.272437 0.144413 0.306228 0.0925503 0.0738514  0.460066 0.0790023  0.251145 0.0433852
(1,2,(3,(4,(5,6)))); -6164.88  0 28.3866 13.6544 24.0113 -6203.62 0.278022 0.275086 0.138464 0.308428  0.103221  0.105506  0.388586   0.10451  0.266604 0.0315726
(1,2,(3,(4,(5,6)))); -6165.86  0 29.1519 13.9549 24.5832 -6205.64 0.289847 0.249979 0.140619 0.319555 0.0975442 0.0986402  0.406459  0.112033  0.234495 0.0508288
(1,2,(3,(4,(5,6)))); -6163.18  0 28.0547 13.9849 27.5456 -6204.79 0.274953 0.268864 0.140958 0.315224 0.0975317 0.0773002  0.420958  0.111132  0.256269 0.0368086
(1,2,(3,(4,(5,6)))); -6157.63  0 32.864 13.4822 26.1366 -6203.15 0.268407 0.271609 0.137241 0.322744  0.112035 0.0703109  0.421834  0.079568  0.272874 0.0433785
(1,2,(3,(4,(5,6)))); -6162.97  0 29.9553 13.167 24.7074 -6204.47 0.280044 0.268493 0.136004 0.315459 0.0923536 0.0890169  0.399308  0.122013  0.263472 0.0338363
(1,2,(3,(4,(5,6)))); -6165.9  0 28.5538 13.4534 23.3509 -6204.35 0.304131 0.241552 0.147698 0.306619 0.0868024 0.0815095  0.444528  0.096781  0.259504  0.030875
(1,2,(3,(4,(5,6)))); -6159.01  0 31.7887 13.7949 27.2798 -6204.28 0.278619  0.25988 0.144782 0.316719   0.11596 0.0860109  0.424057  0.101779  0.230695 0.0414984
(1,2,(3,(4,(5,6)))); -6156.79  0 32.0642 13.5965 28.2684 -6203.53 0.282461  0.26362  0.13865 0.315269 0.0885834 0.0796346  0.427536 0.0863324  0.276676 0.0412375
(1,2,(3,(4,(5,6)))); -6160.28  0 33.2213 13.2205 23.0214 -6203.3 0.288964 0.252391 0.129606 0.329039  0.107034 0.0894205  0.459907 0.0860489  0.222952 0.0346374
(1,2,(3,(4,(5,6)))); -6167.78  0 30.2105 13.3914 19.9225 -6204.52 0.270022   0.2699 0.125662 0.334416  0.138453 0.0791812  0.388746 0.0939596  0.252394 0.0472655
(1,2,(3,(4,(5,6)))); -6169.66  0 27.4556 13.5267 21.8081 -6205.4 0.277143 0.260931 0.153151 0.308775  0.110897 0.0865289  0.399627  0.069301  0.265888 0.0677585
(1,2,(3,(4,(5,6)))); -6157.9  0 31.8287 13.5963 26.9567 -6203.09 0.279441  0.24907 0.155512 0.315977  0.100133  0.092345  0.412081 0.0999018  0.253925 0.0416149
(1,2,(3,(4,(5,6)))); -6167.19  0 28.777 13.0828 21.8874 -6204.77 0.277706 0.259554 0.162061 0.300678  0.106515  0.067571  0.417326 0.0821313  0.261825 0.0646315
(1,2,(3,(4,(5,6)))); -6162.33  0 28.3198 14.2162 28.0754 -6204.51  0.28569 0.265365 0.137617 0.311328   0.11235 0.0799318  0.404325 0.0886006  0.276272 0.0385198
(1,2,(3,(4,(5,6)))); -6169.41  0 29.1969 13.5719 18.4025 -6203.44 0.301322 0.266559 0.139213 0.292906  0.140902 0.0935429   0.38686 0.0690312  0.269764 0.0399003
(1,2,(3,(4,(5,6)))); -6163.11  0 30.6284 13.1045 23.3688 -6204 0.268432 0.255466 0.137138 0.338964  0.097169 0.0623348   0.44863 0.0846626  0.257729 0.0494741
(1,2,(3,(4,(5,6)))); -6158.55  0 32.9987 13.6419 26.1188 -6204.03 0.271793 0.266664 0.144495 0.317048 0.0837015 0.0986411   0.42351 0.0857926  0.272804 0.0355509
(1,2,(3,(4,(5,6)))); -6160.32  0 28.3882 12.8043 26.9791 -6202.88 0.277048 0.266511 0.133642 0.322799 0.0946859 0.0730988  0.420518  0.095174  0.280922 0.0356012
(1,2,(3,(4,(5,6)))); -6157.09  0 31.9624 13.7608 27.7577 -6203.05 0.270843 0.272418 0.143115 0.313624  0.111477  0.077849  0.412527 0.0986583  0.262478 0.0370116
(1,2,(3,(4,(5,6)))); -6162.78  0 31.0645 13.5931 23.8415 -6204.1 0.264399 0.271274 0.157976  0.30635  0.101762  0.101996  0.407828 0.0815188  0.269494 0.0374008
(1,2,(3,(4,(5,6)))); -6161.93  0 27.5882 13.0821 27.0446 -6203.48 0.280424 0.251127 0.154249   0.3142 0.0936794 0.0894427  0.411072  0.105033  0.258141 0.0426308
(1,2,(3,(4,(5,6)))); -6158.69  0 33.5577 13.6164 25.9758 -6204.61 0.282096 0.266948 0.138545 0.312411  0.103668  0.107987  0.411752 0.0868883  0.241351 0.0483538
(1,2,(3,(4,(5,6)))); -6166.78  0 23.4332 13.7082 26.1988 -6202.71 0.271635 0.262489 0.137044 0.328832  0.111731 0.0728366  0.437494 0.0974327   0.23473 0.0457763
(1,2,(3,(4,(5,6)))); -6162.02  0 30.4584 13.3013 24.9447 -6204.12 0.279018 0.254533 0.136996 0.329453  0.097525 0.0934913  0.420884  0.103622  0.257513 0.0269648
(1,2,(3,(4,(5,6)))); -6161.52  0 29.3731 13.2535 26.1944 -6203.83 0.292172 0.254238 0.135173 0.318417  0.123932 0.0715295  0.418362 0.0833223  0.263033 0.0398209
(1,2,(3,(4,(5,6)))); -6159.44  0 30.0756 13.9 27.7905 -6203.41 0.271735  0.26301 0.138159 0.327096 0.0997228 0.0842698  0.421932 0.0869351  0.257786 0.0493544
(1,2,(3,(4,(5,6)))); -6169.42  0 27.181 13.4047 22.0598 -6205.26 0.288211  0.23216 0.152496 0.327133  0.107407 0.0690544  0.448395  0.099353  0.235986 0.0398043
(1,2,(3,(4,(5,6)))); -6157.37  0 33.461 13.7016 26.9457 -6204.07  0.28383 0.259851 0.146475 0.309844  0.110095 0.0830399  0.391126  0.108311  0.271858 0.0355697
(1,2,(3,(4,(5,6)))); -6158.32  0 32.7819 13.5192 25.54 -6203.12 0.268048 0.269933   0.1506  0.31142 0.0878474 0.0790309  0.412056  0.111097  0.273994 0.0359752
(1,2,(3,(4,(5,6)))); -6162.68  0 29.8387 13.7481 25.637 -6204.4 0.284144 0.260163  0.15135 0.304342  0.092793 0.0933432  0.412543 0.0763469  0.270295 0.0546791
(1,2,(3,(4,(5,6)))); -6162.73  0 31.8283 13.5026 25.0287 -6206.08 0.266601 0.270531 0.151462 0.311406 0.0937695 0.0898951  0.458984 0.0854913    0.2309 0.0409607
(1,2,(3,(4,(5,6)))); -6161.61  0 30.7839 13.8951 24.2539 -6202.75 0.288015 0.256429  0.12694 0.328616  0.110501 0.0657373  0.434344 0.0806148  0.262338 0.0464654
(1,2,(3,(4,(5,6)))); -6159  0 31.8286 13.2273 26.2456 -6203.85 0.280033 0.275912  0.13561 0.308445  0.101006 0.0936178  0.441163 0.0924178  0.236959 0.0348366
(1,2,(3,(4,(5,6)))); -6161.96  0 29.621 13.758 26.8449 -6204.67 0.283697 0.252472 0.139967 0.323864   0.11296 0.0673153  0.426853  0.084751  0.271882 0.0362394
(1,2,(3,(4,(5,6)))); -6163.76  0 27.0593 13.9427 25.5253 -6202.4 0.276614 0.272354 0.152304 0.298728  0.100582  0.087635  0.390866  0.105237  0.267489 0.0481909
(1,2,(3,(4,(5,6)))); -6158.58  0 31.8295 13.6904 26.8635 -6203.58 0.266403 0.267994 0.140119 0.325484 0.0896909 0.0793323  0.429675   0.10211  0.260904  0.038288
(1,2,(3,(4,(5,6)))); -6158.95  0 31.3226 13.7117 26.219 -6202.78 0.292397 0.266635 0.137442 0.303526  0.120443 0.0930226  0.407703 0.0955104  0.241735 0.0415867
(1,2,(3,(4,(5,6)))); -6160.4  0 28.5401 13.2866 27.0859 -6202.74 0.292341 0.257611 0.135367 0.314681  0.101981 0.0863673  0.447466 0.0848922  0.245424 0.0338704
(1,2,(3,(4,(5,6)))); -6158.11  0 32.7115 13.3976 26.3836 -6203.81 0.266778  0.25792 0.145949 0.329353 0.0929625 0.0810324  0.419213  0.100323  0.272986 0.0334828
(1,2,(3,(4,(5,6)))); -6157.4  0 33.211 13.5039 26.4922 -6203.6 0.282608 0.267709 0.138315 0.311367  0.110681 0.0868636   0.42177 0.0767438  0.273471 0.0304695
(1,2,(3,(4,(5,6)))); -6167.45  0 29.2318 13.8774 22.7711 -6205.58 0.273129 0.248537 0.155042 0.323292   0.10693 0.0842781  0.376458 0.0955021  0.302127  0.034705
(1,2,(3,(4,(5,6)))); -6160.06  0 30.4612 13.5139 26.9864 -6204 0.295376  0.24761  0.14528 0.311734 0.0973618 0.0869381  0.431024 0.0804622  0.267717 0.0364969
(1,2,(3,(4,(5,6)))); -6162.26  0 28.9282 13.2807 26.6069 -6204.51 0.283746 0.257096 0.143769 0.315389 0.0956843  0.104499  0.417678 0.0777011  0.266218 0.0382198
(1,2,(3,(4,(5,6)))); -6163.21  0 32.8336 13.3909 23.7613 -6206.42 0.289698 0.258814 0.151803 0.299686 0.0839873 0.0707819  0.406175  0.095959   0.30424 0.0388571
(1,2,(3,(4,(5,6)))); -6159.09  0 29.8488 13.4888 27.2222 -6202.68 0.268767 0.265664 0.152112 0.313457  0.112767 0.0859464  0.402512 0.0880988  0.269723 0.0409527
(1,2,(3,(4,(5,6)))); -6161.76  0 29.9527 13.347 25.3994 -6203.77 0.266263 0.285491 0.134156  0.31409 0.0967181 0.0843541  0.423745 0.0965176  0.258818 0.0398473
(1,2,(3,(4,(5,6)))); -6160.81  0 32.0615 13.3415 25.7397 -6205.27 0.266896 0.269115 0.145039  0.31895  0.108568 0.0978033   0.43619 0.0872564  0.236088 0.0340937
(1,2,(3,(4,(5,6)))); -6162.25  0 27.8992 13.3706 26.8542 -6203.63 0.280123 0.277147 0.135558 0.307171 0.0982901 0.0919147  0.437977 0.0904218  0.242692 0.0387046
(1,2,(3,(4,(5,6)))); -6162.45  0 27.8398 13.0377 26.356 -6203.61  0.28818 0.258915 0.148264 0.304641  0.127094 0.0847277  0.415676 0.0835312  0.244308 0.0446624
(1,2,(3,(4,(5,6)))); -6160.25  0 31.6683 13.1391 25.2745 -6204.05 0.303893 0.247407 0.138353 0.310347  0.104003 0.0863486  0.427854 0.0741853  0.266227 0.0413826
(1,2,(3,(4,(5,6)))); -6163.46  0 31.557 13.1342 21.9727 -6203.86 0.285646 0.271293 0.145083 0.297978  0.103713 0.0860359  0.446238  0.114367  0.222546 0.0271001
(1,2,(3,(4,(5,6)))); -6161.89  0 33.8922 13.6145 23.0397 -6205.21 0.277932 0.252693 0.146119 0.323256 0.0772932  0.081019  0.428837  0.117346  0.241342 0.0541628
(1,2,(3,(4,(5,6)))); -6166.82  0 25.5292 12.8018 25.6413 -6205.18 0.285031 0.251941 0.140738 0.322291 0.0986097  0.104322  0.411929  0.090248  0.241647 0.0532432
(1,2,(3,(4,(5,6)))); -6163.81  0 28.3085 13.2391 24.8922 -6203.77 0.272992 0.254485 0.156385 0.316139 0.0931353 0.0985466  0.401038 0.0859083  0.267315 0.0540576
(1,2,(3,(4,(5,6)))); -6158.98  0 32.1665 13.476 25.735 -6203.41 0.292279 0.238947 0.153144 0.315631  0.101657 0.0869632  0.431141 0.0941948  0.246904 0.0391403
(1,2,(3,(4,(5,6)))); -6159.54  0 29.8698 13.7023 27.8546 -6203.56 0.288911 0.262617 0.135752 0.312719 0.0984713 0.0779396  0.434164 0.0872054  0.269284  0.032936
(1,2,(3,(4,(5,6)))); -6160.4  0 30.1776 13.2871 26.523 -6203.81 0.284394 0.251341 0.143808 0.320457 0.0963933 0.0833603  0.460792 0.0784235  0.245409  0.035622
(1,2,(3,(4,(5,6)))); -6163.06  0 33.2941 13.6511 19.9839 -6202.69 0.293867 0.262591  0.14833 0.295212   0.13803 0.0941492  0.378629  0.100027  0.235968  0.053196
(1,2,(3,(4,(5,6)))); -6167.11  0 28.0335 13.3661 23.9756 -6205.75 0.268835 0.261332 0.157844 0.311989  0.108255    0.0593  0.438371 0.0832737  0.263144 0.0476554
(1,2,(3,(4,(5,6)))); -6155.77  0 33.8162 13.4605 27.2955 -6203.42 0.279812 0.265166 0.142704 0.312317  0.111237 0.0824374  0.414965  0.102726  0.236741 0.0518936
(1,2,(3,(4,(5,6)))); -6165.35  0 32.5108 13.7714 21.8917 -6205.98 0.294696 0.254703 0.141249 0.309352  0.114343  0.111661   0.36883  0.082979  0.281749 0.0404377
(1,2,(3,(4,(5,6)))); -6160.74  0 31.4105 13.4698 25.7857 -6204.47 0.276981   0.2607 0.150506 0.311813  0.110202 0.0781256  0.453828 0.0951968  0.232198 0.0304505
(1,2,(3,(4,(5,6)))); -6158.82  0 32.6573 13.8261 26.748 -6204.4 0.273916 0.267834 0.150662 0.307587 0.0960299 0.0846292  0.423466 0.0789842  0.262879 0.0540118
(1,2,(3,(4,(5,6)))); -6162.53  0 30.7363 13.4408 25.082 -6204.91 0.266221 0.258695   0.1419 0.333185 0.0933515 0.0850864  0.431307 0.0985858  0.237469 0.0542004
(1,2,(3,(4,(5,6)))); -6163.4  0 32.1316 13.913 23.9177 -6205.54 0.303149  0.24929 0.134618 0.312944  0.123543 0.0852113  0.393633  0.101901  0.260159 0.0355527
(1,2,(3,(4,(5,6)))); -6162.87  0 29.458 13.5684 23.8837 -6202.65 0.292541 0.265844 0.150845  0.29077  0.109091  0.103705  0.419373 0.0866209  0.236355 0.0448553
(1,2,(3,(4,(5,6)))); -6162.68  0 30.9685 13.5456 24.9372 -6205.04  0.29704 0.239929 0.142862  0.32017   0.11233 0.0810548  0.416808  0.098077  0.260794 0.0309371
(1,2,(3,(4,(5,6)))); -6160.43  0 32.9272 13.6839 23.942 -6203.62 0.288971 0.255017 0.159222  0.29679 0.0966303 0.0832885   0.45694 0.0948429  0.228382 0.0399157
(1,2,(3,(4,(5,6)))); -6159.88  0 31.969 13.7394 26.2121 -6204.32 0.278657 0.255108 0.135317 0.330917  0.109457 0.0743004  0.398593 0.0918586  0.276085 0.0497072
(1,2,(3,(4,(5,6)))); -6160.1  0 31.8861 13.5024 25.0071 -6203.49   0.2697 0.258314 0.135938 0.336047  0.114175 0.0736153  0.407353  0.081562  0.276422 0.0468724
(1,2,(3,(4,(5,6)))); -6158.82  0 32.9987 13.733 26.5476 -6204.63  0.28555 0.262762 0.146461 0.305227  0.101562  0.085965  0.407201 0.0735195  0.286723 0.0450301
(1,2,(3,(4,(5,6)))); -6162.39  0 27.3153 13.505 27.1416 -6203.34 0.290331 0.258769 0.148305 0.302594  0.106852 0.0797016  0.448971 0.0866931  0.236072 0.0417101
(1,2,(3,(4,(5,6)))); -6162.52  0 28.6576 13.0752 26.1176 -6204.22 0.283049 0.273485 0.137036 0.306431  0.106615 0.0855198  0.428396 0.0851092  0.238053  0.056307
(1,2,(3,(4,(5,6)))); -6171.02  0 26.6923 13.6943 21.2535 -6205.28 0.306461  0.26325 0.136173 0.294116 0.0863749 0.0792551  0.444611  0.101922  0.230528 0.0573082
(1,2,(3,(4,(5,6)))); -6160.65  0 32.1541 13.5409 24.3656 -6203.62  0.27715 0.274909 0.145624 0.302317 0.0992956 0.0950099  0.430797 0.0820904  0.267046 0.0257616
(1,2,(3,(4,(5,6)))); -6159.75  0 30.4629 13.5627 26.3727 -6203.03 0.288995  0.24608 0.149527 0.315398  0.111524 0.0766759  0.435949  0.100387  0.234153 0.0413106
(1,2,(3,(4,(5,6)))); -6159.33  0 32.2858 13.3798 26.0178 -6204.25 0.277613 0.258821 0.137134 0.326432  0.112795 0.0953062  0.432555 0.0934216  0.230307 0.0356147
(1,2,(3,(4,(5,6)))); -6165.46  0 33.0638 13.8136 22.108 -6206.82 0.256683 0.261329 0.150731 0.331258  0.094096  0.078218  0.463515 0.0859364  0.228346 0.0498887
(1,2,(3,(4,(5,6)))); -6162.85  0 30.6886 13.0711 22.6707 -6203.14 0.306934 0.248664 0.132345 0.312056  0.128369 0.0748454  0.420292 0.0813181  0.248282 0.0468943
(1,2,(3,(4,(5,6)))); -6160.31  0 33.9937 13.6399 24.2927 -6204.96 0.277278  0.23613 0.155216 0.331376  0.100405 0.0878786   0.42004 0.0898623   0.26318 0.0386342
(1,2,(3,(4,(5,6)))); -6163.38  0 31.0155 13.5726 23.8106 -6204.63 0.270205 0.246566 0.153731 0.329497 0.0804949 0.0794503  0.421981 0.0998441  0.280947  0.037283
(1,2,(3,(4,(5,6)))); -6157.09  0 32.9022 13.5029 27.1348 -6203.63 0.294036 0.257491 0.137595 0.310878  0.112168 0.0734184  0.423196 0.0805583  0.273626 0.0370334
(1,2,(3,(4,(5,6)))); -6163.56  0 27.9341 13.1937 26.4573 -6204.76 0.275691 0.262681 0.152525 0.309102 0.0932612 0.0661631  0.446757  0.101757  0.252412 0.0396495
(1,2,(3,(4,(5,6)))); -6160.89  0 31.7197 13.4937 24.2078 -6203.32 0.273485 0.273442 0.140251 0.312822  0.108771 0.0647465  0.389219  0.112632  0.277166 0.0474657
(1,2,(3,(4,(5,6)))); -6157.78  0 31.8829 13.4666 26.9056 -6203.11 0.273541   0.2721 0.152388 0.301971  0.101474 0.0808917  0.422627 0.0977551  0.247797 0.0494552
(1,2,(3,(4,(5,6)))); -6164.28  0 28.9893 13.6458 23.2596 -6202.88 0.273324 0.271025 0.130226 0.325426  0.108004 0.0596283  0.415256 0.0893736  0.290313 0.0374245
(1,2,(3,(4,(5,6)))); -6162.96  0 30.0179 13.7392 25.5563 -6204.79 0.287527 0.257571 0.147035 0.307867 0.0994178 0.0982665  0.417989 0.0878642  0.269896 0.0265669
(1,2,(3,(4,(5,6)))); -6159.08  0 30.9855 13.6575 27.911 -6204.32  0.28584 0.266709  0.14559 0.301861 0.0957028 0.0783316  0.431499 0.0804472  0.270901 0.0431183
(1,2,(3,(4,(5,6)))); -6159.07  0 31.0835 13.6229 27.4167 -6203.94 0.283668 0.250691 0.141752  0.32389  0.100889 0.0807983  0.407947 0.0825445   0.28512 0.0427024
(1,2,(3,(4,(5,6)))); -6166.75  0 26.2824 12.6178 25.106 -6205.52 0.275241 0.255641 0.154515 0.314603 0.0917195 0.0596671  0.437948 0.0922777  0.274662 0.0437249
(1,2,(3,(4,(5,6)))); -6161.63  0 32.6875 13.4167 24.3087 -6205.2 0.283974 0.269895 0.137976 0.308156 0.0820804 0.0644463   0.43468  0.113127  0.268661 0.0370054
(1,2,(3,(4,(5,6)))); -6162.05  0 29.5637 13.4888 25.398 -6203.52 0.262667 0.285593 0.139146 0.312594 0.0954277 0.0818188  0.425903 0.0920661  0.260552 0.0442324
(1,2,(3,(4,(5,6)))); -6160.97  0 28.6599 13.2437 26.8023 -6203.18  0.27902 0.254806 0.141116 0.325058  0.102814 0.0761651  0.455023 0.0885495   0.23196 0.0454886
(1,2,(3,(4,(5,6)))); -6161.79  0 30.8825 13.2635 24.793 -6204.2 0.276542 0.256803 0.155031 0.311625  0.135378 0.0797183  0.407181 0.0846917  0.251226  0.041804
(1,2,(3,(4,(5,6)))); -6159.44  0 31.7856 13.6024 26.6439 -6204.27  0.26863   0.2555 0.150403 0.325467 0.0868719 0.0790048  0.429998 0.0948836  0.271848 0.0373939
(1,2,(3,(4,(5,6)))); -6161.91  0 32.4358 13.541 24.2344 -6205.04 0.269143 0.261979 0.144077 0.324801 0.0910183 0.0860134  0.422442  0.102823  0.235275 0.0624273
(1,2,(3,(4,(5,6)))); -6155.39  0 33.3845 13.2689 27.5157 -6203.02 0.293213 0.266112 0.137869 0.302807  0.106225  0.082189  0.428421  0.100977  0.243366 0.0388214
(1,2,(3,(4,(5,6)))); -6160.36  0 31.1273 13.8288 26.8431 -6204.5 0.275469 0.257376 0.139641 0.327514  0.113748 0.0889449  0.405211  0.103826  0.243953 0.0443166
(1,2,(3,(4,(5,6)))); -6166.12  0 28.7687 13.7019 23.7715 -6204.96  0.27982 0.262279 0.142778 0.315123  0.087583 0.0623745  0.419916 0.0948495  0.304019 0.0312579
(1,2,(3,(4,(5,6)))); -6158.11  0 33.2247 13.1779 26.2907 -6204.45 0.281567 0.266621 0.144069 0.307743 0.0960079  0.061515   0.43218  0.103001  0.257687  0.049609
(1,2,(3,(4,(5,6)))); -6159.15  0 32.2015 13.6347 24.7234 -6202.44 0.278769 0.274477 0.140044  0.30671   0.12498 0.0895539  0.396628 0.0931822  0.266164 0.0294917
(1,2,(3,(4,(5,6)))); -6161.21  0 33.0626 13.644 24.472 -6205.11 0.271769 0.269408 0.148748 0.310075 0.0992287 0.0594923   0.43438  0.101838  0.273729 0.0313324
(1,2,(3,(4,(5,6)))); -6165.29  0 25.3548 13.0427 27.0971 -6204.7 0.293437 0.255902  0.13146 0.319201  0.104459 0.0868203  0.407478  0.089988  0.263353 0.0479016
(1,2,(3,(4,(5,6)))); -6161.81  0 32.7109 13.5544 23.6222 -6204.59 0.270727 0.260257 0.136346  0.33267   0.11068 0.0777754  0.373926  0.103363  0.289386 0.0448686
(1,2,(3,(4,(5,6)))); -6158.81  0 32.0909 13.4232 26.0713 -6203.55  0.28162 0.261962 0.133337  0.32308  0.105434 0.0737389  0.417912  0.111274  0.259798 0.0318433
(1,2,(3,(4,(5,6)))); -6158.68  0 32.0511 13.721 27.1753 -6204.19 0.272661 0.273563 0.135303 0.318473  0.100467 0.0847829  0.417021 0.0821533  0.266589 0.0489862
(1,2,(3,(4,(5,6)))); -6167.99  0 33.4172 13.4764 19.874 -6207.8  0.27985 0.268669 0.131426 0.320056  0.100355 0.0803331  0.380183  0.140864  0.251602 0.0466627
(1,2,(3,(4,(5,6)))); -6159.98  0 28.8414 12.9432 28.0505 -6203.93 0.278619 0.258518 0.143582 0.319281  0.101958 0.0866043  0.408689 0.0804577  0.274011 0.0482802
(1,2,(3,(4,(5,6)))); -6162.53  0 30.0408 13.2744 25.5413 -6204.84 0.288915 0.247061 0.147489 0.316536  0.102343 0.0810964  0.419582 0.0858503  0.283399 0.0277307
(1,2,(3,(4,(5,6)))); -6161.24  0 32.0154 13.8208 23.8878 -6203.32 0.282978 0.243153 0.154814 0.319054  0.098658 0.0888313  0.456186 0.0961241  0.225128 0.0350717
(1,2,(3,(4,(5,6)))); -6159.93  0 32.3003 13.9341 25.7244 -6204.02 0.284969 0.268748 0.145667 0.300616 0.0847798 0.0836934  0.420373  0.108681  0.250058 0.0524151
(1,2,(3,(4,(5,6)))); -6171.45  0 28.8728 13.6843 20.259 -6206.9 0.305163 0.262688 0.131495 0.300654 0.0726877 0.0963454  0.401295 0.0976426  0.286622 0.0454075
(1,2,(3,(4,(5,6)))); -6167.27  0 27.8909 13.7683 20.9958 -6202.39 0.302719 0.248479 0.132966 0.315836  0.110086  0.101101  0.437033 0.0701721  0.230589 0.0510198
(1,2,(3,(4,(5,6)))); -6163.42  0 32.7721 13.363 22.7277 -6205.56 0.292622 0.261813 0.159691 0.285875  0.106014 0.0846398  0.427013 0.0772952  0.270489 0.0345494
(1,2,(3,(4,(5,6)))); -6162.34  0 30.4645 13.1517 24.1986 -6203.86 0.285045  0.26819 0.158034 0.288731  0.104425 0.0918438   0.42518 0.0838794  0.246447 0.0482253
(1,2,(3,(4,(5,6)))); -6157.19  0 33.0694 13.8982 27.8311 -6204.19 0.278335 0.254753 0.140264 0.326649  0.114084 0.0881014  0.407032 0.0889373  0.258824 0.0430206
(1,2,(3,(4,(5,6)))); -6163.22  0 28.9528 13.2297 25.7579 -6204.7 0.268152 0.256777 0.147052  0.32802 0.0904558 0.0731668  0.445221 0.0991266  0.260017 0.0320123
(1,2,(3,(4,(5,6)))); -6159.37  0 32.0332 13.6599 25.8979 -6203.64 0.287382 0.260005 0.142227 0.310386  0.127396 0.0720156  0.422844 0.0898869  0.257499 0.0303592
(1,2,(3,(4,(5,6)))); -6161.93  0 27.0097 12.971 27.4836 -6203.45 0.292287  0.25874  0.13731 0.311664  0.118019  0.074775  0.422122 0.0973643  0.245903 0.0418165
(1,2,(3,(4,(5,6)))); -6166.63  0 25.7605 12.8226 23.9829 -6203.56  0.29561  0.26941 0.127431 0.307549 0.0888864 0.0804157  0.405917  0.111371  0.275394 0.0380161
(1,2,(3,(4,(5,6)))); -6162.57  0 30.9324 13.645 25.2848 -6205.14 0.272738 0.252883  0.14795 0.326429  0.119657 0.0657483  0.421251  0.079258  0.268683  0.045403
(1,2,(3,(4,(5,6)))); -6161.17  0 32.6397 13.468 24.5048 -6204.84 0.283828  0.25819  0.15155 0.306433 0.0769596 0.0867524  0.417166 0.0853197  0.278502 0.0552994
(1,2,(3,(4,(5,6)))); -6159.38  0 32.4373 13.7801 26.6043 -6204.64 0.278347  0.25597 0.141388 0.324295  0.113263 0.0870618  0.397011 0.0961424  0.275039  0.031483
(1,2,(3,(4,(5,6)))); -6159.31  0 31.0683 13.1488 26.2566 -6203.49 0.293063 0.271508 0.145474 0.289956 0.0985245 0.0862843  0.424719 0.0906447   0.25478 0.0450474
(1,2,(3,(4,(5,6)))); -6162.25  0 31.8994 13.5875 24.3258 -6204.88 0.282618 0.258035  0.15466 0.304688 0.0976527  0.104781  0.441705 0.0742083  0.245556  0.036097
(1,2,(3,(4,(5,6)))); -6157.84  0 32.4527 13.251 26.9161 -6203.96 0.276863 0.271562 0.138111 0.313463 0.0953928   0.06542  0.442871 0.0875841  0.262065 0.0466669
(1,2,(3,(4,(5,6)))); -6159.99  0 34.0992 13.431 24.5846 -6205.24 0.266616 0.262187 0.149764 0.321433 0.0830851  0.086708  0.454796 0.0959608  0.231736  0.047714
(1,2,(3,(4,(5,6)))); -6162.77  0 28.4584 13.9583 27.5876 -6204.86 0.288398 0.254336 0.142322 0.314944   0.10422 0.0803209  0.416678  0.108619  0.242838 0.0473237
(1,2,(3,(4,(5,6)))); -6157.71  0 31.6521 13.6694 27.9646 -6203.66 0.284334 0.253546 0.146298 0.315823 0.0929424 0.0795971  0.445004 0.0809877  0.256009 0.0454601
(1,2,(3,(4,(5,6)))); -6157.1  0 32.9843 13.376 26.5084 -6203.22 0.290569 0.263398 0.140746 0.305288  0.101215 0.0911767  0.431913  0.104316  0.240015 0.0313646
(1,2,(3,(4,(5,6)))); -6162.96  0 28.0312 13.3955 26.6026 -6204.2 0.292154 0.250091  0.14454 0.313214 0.0959885 0.0753343  0.454747 0.0817636   0.24432  0.047846
(1,2,(3,(4,(5,6)))); -6159.42  0 31.7234 13.7547 25.8543 -6203.24  0.29245 0.247389 0.146055 0.314107   0.12308 0.0926342  0.404758 0.0847222  0.250386 0.0444189
(1,2,(3,(4,(5,6)))); -6161.6  0 30.5414 14.0712 25.0488 -6203.12 0.283252 0.271365 0.130853  0.31453  0.120628 0.0669014  0.416972  0.104104  0.255457 0.0359379
(1,2,(3,(4,(5,6)))); -6166.34  0 27.0787 13.5399 24.881 -6204.76  0.28716 0.247373 0.145434 0.320032 0.0854044 0.0941842  0.405433 0.0955964   0.26113 0.0582522
(1,2,(3,(4,(5,6)))); -6162.56  0 31.783 13.7134 24.112 -6204.74 0.268665 0.258347 0.147573 0.325414   0.12373 0.0854212  0.420902  0.105917  0.221791 0.0422379
(1,2,(3,(4,(5,6)))); -6158.01  0 31.78 13.0507 27.1341 -6203.88 0.280006 0.268275 0.140064 0.311655 0.0898859  0.072297  0.421746 0.0836683  0.287924 0.0444782
(1,2,(3,(4,(5,6)))); -6158.26  0 32.3453 13.763 27.5691 -6204.41  0.28319 0.251993 0.147998 0.316819 0.0923969 0.0776411  0.407124 0.0958374  0.278294 0.0487061
(1,2,(3,(4,(5,6)))); -6159.63  0 31.2635 13.8569 27.0416 -6204.07 0.286321 0.261131 0.140015 0.312532  0.114776  0.077863  0.392882 0.0862228  0.287629 0.0406273
(1,2,(3,(4,(5,6)))); -6165.13  0 29.9741 13.299 23.5529 -6205.36 0.291434 0.255897 0.140488 0.312181 0.0813057 0.0980498  0.401009 0.0865743  0.299875  0.033186
(1,2,(3,(4,(5,6)))); -6159.62  0 31.8442 13.607 26.4322 -6204.29 0.287019 0.273249 0.141985 0.297747  0.103465 0.0746223  0.407705  0.087666  0.287938 0.0386032
(1,2,(3,(4,(5,6)))); -6163.94  0 30.0011 13.6373 23.339 -6203.65 0.299235 0.260466 0.130207 0.310092  0.104502 0.0864846  0.441491 0.0645504  0.261998 0.0409743
(1,2,(3,(4,(5,6)))); -6173.3  0 25.1106 13.6317 20.9025 -6205.68 0.277356 0.257908 0.148464 0.316272  0.126079  0.101715  0.359547 0.0799623  0.281024  0.051674
(1,2,(3,(4,(5,6)))); -6160.24  0 33.0275 13.6072 23.6273 -6203.28 0.294466 0.273062 0.141397 0.291075  0.103094 0.0894837  0.450087 0.0897359  0.237966 0.0296343
(1,2,(3,(4,(5,6)))); -6159.93  0 31.5458 14.0735 27.4364 -6204.84 0.285316  0.25833 0.148703 0.307651  0.115218 0.0690001  0.416622 0.0963543  0.266364 0.0364412
(1,2,(3,(4,(5,6)))); -6161.66  0 31.025 13.3737 25.2425 -6204.55 0.303353 0.256743 0.136303 0.303601  0.100665 0.0824314  0.407696 0.0784258  0.285038 0.0457435
(1,2,(3,(4,(5,6)))); -6159.66  0 31.3377 13.6289 26.7455 -6204.11 0.274912 0.264857 0.136608 0.323622  0.111356  0.094757  0.428943 0.0923823  0.235355  0.037207
(1,2,(3,(4,(5,6)))); -6163.02  0 32.898 13.8032 22.5851 -6204.7 0.282879 0.255409 0.150347 0.311365 0.0936661 0.0892845  0.394467  0.132912  0.256223  0.033447
(1,2,(3,(4,(5,6)))); -6157.7  0 31.3581 13.2897 28.1478 -6203.91 0.273134 0.268017 0.145169  0.31368  0.101008 0.0703564  0.431182 0.0976945  0.254526 0.0452327
(1,2,(3,(4,(5,6)))); -6157.75  0 32.4308 13.3019 26.0406 -6202.92 0.282063 0.265746 0.150766 0.301425   0.12509 0.0736325  0.406572  0.101381  0.251447 0.0418779
(1,2,(3,(4,(5,6)))); -6156.67  0 32.7739 13.7612 27.4076 -6203.09 0.297469 0.255845 0.140983 0.305702  0.113844 0.0793292  0.428079 0.0899316  0.244866   0.04395
(1,2,(3,(4,(5,6)))); -6160.15  0 30.7857 13.1382 26.0375 -6203.84  0.27983 0.259048 0.142329 0.318793  0.115357 0.0918995  0.400054  0.102606  0.236741 0.0533426
(1,2,(3,(4,(5,6)))); -6166.05  0 33.943 13.6923 20.0052 -6206.31 0.298828 0.267678 0.143963 0.289531 0.0720878  0.094505  0.438839   0.10011  0.240031  0.054427
(1,2,(3,(4,(5,6)))); -6169.05  0 30.3287 13.7407 21.2804 -6206.92 0.297799  0.25491 0.130588 0.316703 0.0983139  0.116942  0.391797 0.0778162  0.267097 0.0480336
(1,2,(3,(4,(5,6)))); -6157.85  0 32.5601 13.6705 27.2327 -6203.97 0.286517  0.25893 0.148141 0.306412 0.0941009 0.0969808  0.429076  0.078469  0.257081 0.0442925
(1,2,(3,(4,(5,6)))); -6158.06  0 33.4956 13.3827 25.7087 -6203.88 0.283351 0.242758 0.148249 0.325641  0.105091 0.0841545   0.43814 0.0880701  0.254674 0.0298699
(1,2,(3,(4,(5,6)))); -6162.11  0 30.6932 13.1677 25.741 -6205.37 0.286019 0.253234 0.138937 0.321809  0.106669 0.0860397  0.377707  0.093548   0.28787 0.0481672
(1,2,(3,(4,(5,6)))); -6164.58  0 26.5432 13.4014 26.4209 -6204.14 0.287307 0.255897 0.139769 0.317027  0.100843 0.0891533  0.424133  0.103335  0.229543 0.0529927
(1,2,(3,(4,(5,6)))); -6167.44  0 32.5928 13.4588 18.3351 -6204.9 0.305422  0.25795 0.137108  0.29952 0.0961909 0.0592992  0.485286 0.0892274  0.219574 0.0504216
(1,2,(3,(4,(5,6)))); -6163.97  0 29.8702 13.5921 24.3544 -6204.6 0.289661 0.259172 0.131883 0.319284  0.101009 0.0691001  0.400301 0.0823025  0.305588 0.0416992
(1,2,(3,(4,(5,6)))); -6163.28  0 26.8187 13.0283 26.1088 -6203.18 0.274614 0.266306 0.157329 0.301751 0.0976371 0.0828269  0.414588 0.0947249  0.256413 0.0538094
(1,2,(3,(4,(5,6)))); -6159.51  0 33.5022 13.4311 25.816 -6205.4 0.280593 0.276537 0.134933 0.307937 0.0896247 0.0971879  0.434766 0.0797574  0.254185 0.0444787
(1,2,(3,(4,(5,6)))); -6165.91  0 26.8822 13.2768 24.2588 -6203.78 0.274415 0.260455 0.151924 0.313206  0.114516 0.0803913  0.383345 0.0804569  0.284439 0.0568512
(1,2,(3,(4,(5,6)))); -6158.56  0 31.1588 13.7456 26.8044 -6202.78 0.295357 0.251668 0.147875   0.3051  0.105186  0.092422  0.404832 0.0996324  0.251317 0.0466111
(1,2,(3,(4,(5,6)))); -6158.2  0 31.9353 13.5242 27.0746 -6203.68 0.285202 0.253381 0.136253 0.325164  0.108924 0.0934836  0.426828  0.086364  0.240084 0.0443164
(1,2,(3,(4,(5,6)))); -6158.91  0 32.1857 13.37 26.9119 -6204.64 0.273611 0.259771 0.151507 0.315111  0.112321   0.08003    0.4389 0.0866143  0.251226 0.0309092
(1,2,(3,(4,(5,6)))); -6159.78  0 30.1539 13.4962 26.3412 -6202.78 0.285054 0.256009 0.148752 0.310185   0.11352 0.0866094  0.409854  0.111272  0.234503  0.044241
(1,2,(3,(4,(5,6)))); -6160.29  0 30.3559 13.7312 26.8954 -6203.81 0.275532 0.277355 0.142726 0.304387 0.0981174 0.0871624  0.419955 0.0850684  0.275516 0.0341809
(1,2,(3,(4,(5,6)))); -6158.67  0 33.1974 13.6568 25.4313 -6203.64 0.278807 0.266267 0.136965 0.317961   0.10729 0.0636967  0.409414  0.100078  0.286939 0.0325818
(1,2,(3,(4,(5,6)))); -6163.71  0 28.8094 13.6139 24.5814 -6203.49 0.282784 0.274375 0.132319 0.310523  0.102774 0.0702699   0.40606  0.110822  0.278391 0.0316828
(1,2,(3,(4,(5,6)))); -6157.81  0 33.0289 13.4522 26.5144 -6203.91 0.290136  0.25192 0.145665 0.312279 0.0854497 0.0874262  0.445531 0.0890999   0.24261 0.0498838
(1,2,(3,(4,(5,6)))); -6157.44  0 33.6649 13.4043 25.2536 -6202.96 0.282244 0.268712 0.152264 0.296781     0.108 0.0901741  0.422831 0.0975388  0.253274 0.0281823
(1,2,(3,(4,(5,6)))); -6161.46  0 31.1443 13.4316 24.8549 -6204.03  0.29144 0.250079 0.146238 0.312243 0.0868545 0.0882163  0.466563 0.0885223  0.228115 0.0417294
(1,2,(3,(4,(5,6)))); -6163.87  0 32.0529 13.5729 23.4567 -6205.81 0.274308 0.260672 0.144105 0.320914  0.129459 0.0656548  0.453799 0.0801597  0.230529 0.0403994
(1,2,(3,(4,(5,6)))); -6158.25  0 32.6648 13.534 25.5807 -6202.96 0.301608 0.251858 0.133682 0.312852  0.100256 0.0908586  0.440484 0.0863822  0.248654 0.0333657
(1,2,(3,(4,(5,6)))); -6157.79  0 33.055 13.5825 26.6143 -6203.87 0.285036 0.246157 0.135392 0.333415  0.107808  0.080612  0.424538 0.0908072  0.255104 0.0411302
(1,2,(3,(4,(5,6)))); -6164.31  0 25.8516 13.6915 27.4349 -6203.91 0.283946 0.257212 0.149677 0.309165 0.0921809 0.0808371  0.425447  0.108858  0.257547 0.0351299
(1,2,(3,(4,(5,6)))); -6160.1  0 31.4806 13.7939 25.9385 -6203.73 0.274114 0.263226 0.152221 0.310439  0.124405 0.0730325  0.423255  0.100703  0.237677 0.0409264
(1,2,(3,(4,(5,6)))); -6163.4  0 28.4577 13.3324 24.4655 -6202.99 0.264258 0.264322 0.159571  0.31185  0.100781 0.0826591  0.392672 0.0900642  0.288877 0.0449461
(1,2,(3,(4,(5,6)))); -6158.33  0 33.0343 13.5287 26.4451 -6204.28 0.278999 0.256414 0.135346 0.329241 0.0926528 0.0668878  0.435518  0.101235  0.262233 0.0414731
(1,2,(3,(4,(5,6)))); -6161.88  0 31.0712 13.1865 25.3192 -6205.08 0.292429  0.25609 0.138427 0.313054 0.0860021 0.0709797  0.427709 0.0781071   0.29422 0.0429824
(1,2,(3,(4,(5,6)))); -6157.49  0 33.4827 13.4176 26.6494 -6204.2 0.278804 0.265035 0.144234 0.311927  0.123154 0.0803089  0.439762 0.0810043  0.235509  0.040262
(1,2,(3,(4,(5,6)))); -6165.17  0 29.8694 13.3924 20.3223 -6201.97 0.294707  0.28501 0.123837 0.296446  0.107045 0.0772374  0.441154 0.0916425  0.254404 0.0285167
(1,2,(3,(4,(5,6)))); -6155.75  0 33.1458 13.5714 27.6292 -6202.96 0.296094  0.26157 0.137698 0.304638  0.114026   0.08143  0.424803 0.0889605  0.249628 0.0411523
(1,2,(3,(4,(5,6)))); -6157.31  0 33.6546 13.741 26.756 -6203.98 0.293052  0.25341 0.136796 0.316742  0.115153 0.0840071  0.413546  0.098392  0.239762 0.0491395
(1,2,(3,(4,(5,6)))); -6167.73  0 28.4671 12.8986 19.542 -6202.84 0.290248 0.249246 0.138635  0.32187 0.0821997 0.0921981  0.474569 0.0899993  0.238935 0.0220986
(1,2,(3,(4,(5,6)))); -6158.79  0 32.0063 13.6894 26.7936 -6203.9 0.273295 0.259618 0.143384 0.323703 0.0957426 0.0780651   0.39623 0.0945939  0.284114 0.0512543
(1,2,(3,(4,(5,6)))); -6157.82  0 33.0018 13.4569 26.8596 -6204.22 0.282041 0.269667 0.140497 0.307795 0.0847107 0.0922072  0.435675 0.0805854  0.268142 0.0386801
(1,2,(3,(4,(5,6)))); -6161.62  0 29.8655 13.8555 25.4943 -6203.13 0.277095 0.271972 0.155085 0.295848  0.106841  0.087718  0.400368 0.0841183  0.278082 0.0428724
(1,2,(3,(4,(5,6)))); -6159.77  0 31.9107 13.5192 25.5577 -6203.72 0.277498  0.27971 0.132582 0.310211  0.110275 0.0912386  0.424449 0.0758752  0.255462 0.0427008
(1,2,(3,(4,(5,6)))); -6160.18  0 31.876 13.8039 26.2738 -6204.52 0.276374 0.254528 0.142498 0.326599   0.10563 0.0691859  0.431998 0.0803021  0.258339 0.0545443
(1,2,(3,(4,(5,6)))); -6156.78  0 32.0595 13.2537 27.9839 -6203.57  0.27804 0.260487 0.153892 0.307581 0.0914686 0.0818238  0.425795 0.0890295  0.268525 0.0433584
(1,2,(3,(4,(5,6)))); -6159.31  0 32.4345 13.7293 26.6289 -6204.64 0.290805 0.259685 0.137378 0.312132  0.102456  0.085812   0.41565 0.0959952  0.241804 0.0582828
(1,2,(3,(4,(5,6)))); -6158.74  0 31.3052 13.444 26.7707 -6203.37 0.297124 0.254254 0.137005 0.311617  0.108919 0.0976221  0.408298 0.0925645  0.254568 0.0380283
(1,2,(3,(4,(5,6)))); -6161.97  0 31.1393 13.5614 22.2907 -6201.84 0.279557 0.269523 0.152201 0.298718  0.131911 0.0924359  0.386676  0.104977  0.236548  0.047452
(1,2,(3,(4,(5,6)))); -6156.98  0 33.5838 13.7552 27.309 -6204.12 0.285997 0.256292 0.146705 0.311006  0.105812 0.0780983  0.434662  0.107847   0.23519 0.0383913
(1,2,(3,(4,(5,6)))); -6161.58  0 29.8144 13.1109 26.0441 -6204.33 0.271713 0.261235 0.161557 0.305495 0.0985746 0.0769378  0.428328  0.084725  0.267854 0.0435807
(1,2,(3,(4,(5,6)))); -6165.45  0 27.8664 13.089 23.8291 -6204.06 0.262495 0.250072  0.15835 0.329083  0.112312 0.0816143  0.416007 0.0910206  0.247721 0.0513263
(1,2,(3,(4,(5,6)))); -6159.98  0 30.018 13.5179 27.0365 -6203.52 0.273542 0.262625 0.146626 0.317207 0.0989981 0.0847713   0.41602 0.0737146  0.282375 0.0441209
(1,2,(3,(4,(5,6)))); -6161.18  0 30.5711 13.3858 25.1054 -6203.47 0.301369 0.253676 0.132258 0.312697  0.104237 0.0637157  0.442293 0.0924798  0.256917  0.040358
(1,2,(3,(4,(5,6)))); -6159.82  0 32.4114 13.6686 24.9389 -6203.5 0.270739 0.281148 0.143866 0.304246  0.102544 0.0745767  0.426388  0.110183  0.254344 0.0319635
(1,2,(3,(4,(5,6)))); -6170.58  0 25.167 13.9956 24.3546 -6206.11 0.287154 0.266889 0.145104 0.300853  0.098097 0.0577278  0.426054  0.099564  0.263508 0.0550492
(1,2,(3,(4,(5,6)))); -6158.45  0 31.0964 13.6259 27.8847 -6203.81 0.273781 0.259058 0.141262 0.325899 0.0977403 0.0816295  0.427697  0.101916  0.256425 0.0345921
(1,2,(3,(4,(5,6)))); -6157.9  0 32.3992 13.6963 27.9614 -6204.56 0.284008 0.257167 0.144293 0.314532  0.103238 0.0713165  0.417652  0.109232  0.257083 0.0414781
(1,2,(3,(4,(5,6)))); -6163.12  0 32.0819 13.5939 22.3337 -6203.94 0.285445 0.258087 0.139824 0.316644 0.123562 0.102537 0.380799 0.101436 0.265004 0.026662
(1,2,(3,(4,(5,6)))); -6159.47  0 30.6748 13.4523 27.7116 -6204.4 0.292782    0.254 0.142075 0.311143  0.103869 0.0727152  0.427261 0.0806267  0.274533 0.0409956
(1,2,(3,(4,(5,6)))); -6174.27  0 29.8925 13.4225 16.5436 -6207.28 0.266033 0.263664 0.129236 0.341068 0.0973596  0.110001  0.440878 0.0704914  0.256582 0.0246886
(1,2,(3,(4,(5,6)))); -6163.06  0 30.5702 13.1873 25.0962 -6205.53  0.26637 0.258972 0.148967 0.325691  0.115639 0.0671614  0.431907 0.0845925  0.268632 0.0320674
(1,2,(3,(4,(5,6)))); -6157.86  0 32.0875 13.8098 27.2375 -6203.37 0.272272 0.269077 0.142194 0.316457  0.109943 0.0775543  0.395721  0.100158  0.266749 0.0498756
(1,2,(3,(4,(5,6)))); -6157.31  0 33.1648 13.3871 26.6847 -6203.77  0.27806 0.254118 0.136826 0.330996 0.0969866 0.0720272  0.449989 0.0941397  0.245649 0.0412079
(1,2,(3,(4,(5,6)))); -6165.07  0 27.7068 13.4187 24.3161 -6203.67 0.294793 0.260406 0.123739 0.321062  0.105963 0.0953588  0.428065  0.090488  0.240782  0.039343
(1,2,(3,(4,(5,6)))); -6165.35  0 30.9377 13.3155 23.6143 -6206.59 0.270556 0.275228 0.139693 0.314522 0.0879702 0.0918302  0.469685 0.0777743   0.23058 0.0421606
(1,2,(3,(4,(5,6)))); -6162.16  0 33.7817 13.4958 20.544 -6202.99 0.275051 0.259172 0.161263 0.304513  0.101859 0.0923031  0.424282  0.107285  0.252928 0.0213441
(1,2,(3,(4,(5,6)))); -6158.95  0 33.1987 13.5505 25.8952 -6204.49  0.27296 0.275825 0.150952 0.300263  0.104587 0.0744718  0.432887 0.0842322  0.251729 0.0520935
(1,2,(3,(4,(5,6)))); -6164.32  0 32.6495 13.6579 17.8233 -6201.14 0.270276 0.277081 0.167553 0.285091  0.112406 0.0877785  0.403181  0.101342  0.239267 0.0560252
