tree logl logTop logBL logPrior logQ logWt pi1 pi2 pi3 pi4 s1 s2 s3 s4 s5 s6
(1,2,(3,(4,(5,6)))); -6157.13  0 32.4705 13.5037 27.8527 -6203.95 0.286916 0.266143 0.139849 0.307092  0.101691 0.0787207  0.440204  0.101578  0.237678  0.040129
(1,2,(3,(4,(5,6)))); -6169.55  0 32.385 13.7315 20.4804 -6208.68 0.273265 0.273003 0.151536 0.302196 0.0855274 0.0834206  0.444993 0.0586387  0.281797 0.0456233
(1,2,(3,(4,(5,6)))); -6164.01  0 30.8435 13.4423 22.5535 -6203.96 0.287476 0.266109 0.151716 0.294699 0.0879969 0.0977682  0.378158   0.10476  0.290179 0.0411383
(1,2,(3,(4,(5,6)))); -6166.25  0 26.0203 13.087 24.1323 -6203.31 0.272657 0.274095 0.150611 0.302637  0.126848   0.08985  0.408581 0.0791997  0.262846 0.0326751
(1,2,(3,(4,(5,6)))); -6162.6  0 33.1791 13.5232 22.7296 -6204.98 0.280431 0.244368 0.130085 0.345116 0.0945628 0.0842561  0.410684 0.0863765  0.281841 0.0422789
(1,2,(3,(4,(5,6)))); -6166.53  0 31.9296 13.5439 20.5245 -6205.44 0.284337 0.282496 0.125616 0.307551  0.105756  0.102271  0.450524 0.0778532  0.227918 0.0356768
(1,2,(3,(4,(5,6)))); -6158.37  0 31.9129 13.3767 26.6551 -6203.56 0.272168 0.272864 0.141098  0.31387  0.105359  0.079235  0.409434 0.0821291  0.268123 0.0557207
(1,2,(3,(4,(5,6)))); -6158.01  0 32.9828 13.3697 25.6519 -6203.28 0.276575 0.272098 0.148219 0.303108 0.0886085 0.0823214  0.410166    0.1161   0.26503 0.0377736
(1,2,(3,(4,(5,6)))); -6160.55  0 31.5952 13.7151 25.0206 -6203.45  0.27401 0.274298 0.136646 0.315046  0.122068 0.0803039  0.406568  0.076336   0.27993 0.0347948
(1,2,(3,(4,(5,6)))); -6164.94  0 27.8809 13.5925 25.6456 -6204.87 0.279165 0.255155  0.14944  0.31624   0.10735 0.0624951  0.415111  0.113729  0.259237 0.0420777
(1,2,(3,(4,(5,6)))); -6164.75  0 30.6043 13.9117 24.4414 -6205.89 0.286224 0.252893 0.149688 0.311195 0.0883712  0.059083  0.423385 0.0982541  0.279729 0.0511775
(1,2,(3,(4,(5,6)))); -6159.13  0 33.4367 13.4135 25.1264 -6204.28 0.261271 0.263783 0.136044 0.338902  0.102821 0.0792928   0.43147 0.0903965   0.25808 0.0379389
(1,2,(3,(4,(5,6)))); -6157.23  0 32.7563 13.4251 26.6867 -6203.25 0.296378 0.252505 0.136521 0.314596  0.098054 0.0939711  0.440309  0.085236  0.242152 0.0402772
(1,2,(3,(4,(5,6)))); -6161.23  0 33.3657 13.4427 24.1271 -6205.28 0.287198 0.237958 0.144885 0.329959 0.0965191 0.0716327  0.427629  0.112313  0.253767 0.0381391
(1,2,(3,(4,(5,6)))); -6157.93  0 32.8546 13.9492 27.2609 -6204.1 0.283886  0.26125  0.14918 0.305684  0.115517 0.0833972  0.430523 0.0754652  0.253183 0.0419143
(1,2,(3,(4,(5,6)))); -6165.14  0 32.0256 13.6113 20.3707 -6203.93 0.294524 0.256808 0.141692 0.306976  0.121736 0.0794999  0.423365  0.100795  0.255989  0.018615
(1,2,(3,(4,(5,6)))); -6174.04  0 33.4613 13.5668 15.4881 -6209.42 0.288867 0.247464 0.144041 0.319628 0.0870754 0.0551631   0.47891  0.063693  0.287269 0.0278896
(1,2,(3,(4,(5,6)))); -6160.57  0 30.9949 13.8018 26.7959 -6204.56 0.279242 0.251662 0.150728 0.318368 0.0934153 0.0924103  0.443356 0.0934981  0.243076  0.034244
(1,2,(3,(4,(5,6)))); -6161.34  0 30.126 13.714 26.8323 -6204.58 0.276344 0.261002 0.137582 0.325071  0.102454 0.0803584  0.417857 0.0997045  0.270497  0.029129
(1,2,(3,(4,(5,6)))); -6158.49  0 32.4702 13.4561 25.608 -6203.11 0.279109 0.268509 0.138536 0.313846  0.120636 0.0714876   0.38405 0.0995023   0.27727 0.0470543
(1,2,(3,(4,(5,6)))); -6160.8  0 30.768 13.8359 27.0541 -6204.78 0.274842 0.256009 0.140922 0.328227  0.088117 0.0816785  0.410266 0.0962987  0.275595  0.048045
(1,2,(3,(4,(5,6)))); -6165.07  0 27.9916 13.3924 24.9058 -6204.57 0.289287 0.276854 0.129669  0.30419 0.0919583 0.0855597  0.430953  0.103732  0.240313 0.0474836
(1,2,(3,(4,(5,6)))); -6162.04  0 31.8701 13.4014 23.6546 -6204.17  0.30201 0.253386 0.153354  0.29125   0.10246 0.0749524  0.406806  0.109354  0.261213 0.0452144
(1,2,(3,(4,(5,6)))); -6159.08  0 31.5235 13.8041 27.2721 -6204.07 0.283661 0.248283 0.147328 0.320728  0.111371 0.0883452  0.431274 0.0797873  0.248575 0.0406468
(1,2,(3,(4,(5,6)))); -6165.52  0 31.1645 13.6469 21.5414 -6204.58 0.289274 0.266446 0.128916 0.315364 0.0931231 0.0907734  0.383828  0.107176   0.29701  0.028089
(1,2,(3,(4,(5,6)))); -6167.19  0 23.9254 13.7864 27.0074 -6204.33 0.295338 0.258731 0.140352 0.305579 0.0909811  0.073687  0.427532 0.0837031  0.282179 0.0419174
(1,2,(3,(4,(5,6)))); -6165.22  0 29.6891 13.587 24.3133 -6205.64 0.275568 0.266821 0.140488 0.317123  0.103384 0.0793638    0.4438  0.116259  0.216314   0.04088
(1,2,(3,(4,(5,6)))); -6164.77  0 32.2216 13.8997 23.1108 -6206.21 0.271407 0.257859 0.128737 0.341997 0.0970976 0.0992255  0.428538 0.0923868   0.24045 0.0423025
(1,2,(3,(4,(5,6)))); -6163.64  0 27.7136 13.4063 26.2965 -6204.25 0.280765 0.271913 0.139884 0.307438 0.0936397 0.0886208  0.439025 0.0834371   0.24013 0.0551479
(1,2,(3,(4,(5,6)))); -6160.73  0 31.9947 13.3184 26.2668 -6205.68 0.270949 0.266124  0.14972 0.313207  0.101912  0.086206  0.457296 0.0784188   0.23883 0.0373375
(1,2,(3,(4,(5,6)))); -6159.26  0 33.5692 13.3648 24.894 -6204.36 0.268447 0.259341 0.140837 0.331375 0.0839992 0.0798079  0.404352  0.102361  0.289407 0.0400726
(1,2,(3,(4,(5,6)))); -6158.65  0 31.4321 13.7771 27.1746 -6203.48 0.287032 0.258307 0.151822 0.302839  0.100593 0.0918285  0.411323  0.089558  0.254985 0.0517118
(1,2,(3,(4,(5,6)))); -6165.35  0 30.635 13.6315 21.6756 -6204.03 0.285755 0.253433 0.156574 0.304239  0.117374 0.0676627  0.452907 0.0974931  0.214026 0.0505371
(1,2,(3,(4,(5,6)))); -6164.24  0 29.2587 13.4903 24.1134 -6204.12 0.288386 0.262784 0.135496 0.313335  0.096741 0.0970013   0.40974  0.109825  0.260999 0.0256939
(1,2,(3,(4,(5,6)))); -6162.66  0 30.8713 13.4826 24.1614 -6204.21 0.286318 0.245722 0.151614 0.316347 0.0995232 0.0946524  0.420248 0.0926853  0.267858 0.0250329
(1,2,(3,(4,(5,6)))); -6160.08  0 31.8508 13.3074 25.3682 -6203.99 0.288968 0.273808    0.141 0.296225 0.0989821 0.0960223  0.431292 0.0859549  0.237124 0.0506255
(1,2,(3,(4,(5,6)))); -6158.56  0 32.4761 13.6971 26.8448 -6204.19 0.264911  0.26681 0.149942 0.318337 0.0938864 0.0893238     0.428 0.0849485  0.268028 0.0358129
(1,2,(3,(4,(5,6)))); -6162.31  0 31.0923 13.4388 25.6077 -6205.58 0.287557 0.261058 0.133078 0.318307 0.0905212 0.0795362  0.392958  0.107537  0.279347 0.0501007
(1,2,(3,(4,(5,6)))); -6156.7  0 32.299 13.3656 27.6548 -6203.29 0.280415 0.261012 0.149723  0.30885  0.109505 0.0954305  0.420874 0.0927123  0.238961  0.042517
(1,2,(3,(4,(5,6)))); -6163.75  0 26.3109 13.3234 27.2267 -6203.97 0.285353 0.248798 0.137034 0.328815 0.0917148 0.0852844  0.435128 0.0894692  0.259004 0.0394003
(1,2,(3,(4,(5,6)))); -6158.43  0 32.3765 13.6202 27.3962 -6204.58 0.277721 0.261126 0.142146 0.319006  0.114762 0.0813223  0.426989 0.0786631  0.265629 0.0326352
(1,2,(3,(4,(5,6)))); -6160.57  0 33.4869 13.4538 23.6678 -6204.27 0.286679 0.244678 0.155057 0.313586  0.125423 0.0966522  0.396114 0.0872135  0.260532 0.0340653
(1,2,(3,(4,(5,6)))); -6157.19  0 31.948 13.4682 28.1531 -6203.82 0.289124 0.267096 0.137213 0.306568 0.0998387 0.0755429  0.420592  0.100446  0.257429 0.0461514
(1,2,(3,(4,(5,6)))); -6154.83  0 33.4168 13.4486 28.4746 -6203.27 0.287646 0.253142 0.146647 0.312565 0.0967996 0.0896167  0.420023 0.0984465   0.25241 0.0427035
(1,2,(3,(4,(5,6)))); -6157.07  0 32.5669 13.3966 27.8444 -6204.08 0.285269 0.270086 0.137796  0.30685 0.0893996 0.0815506  0.433432 0.0847509  0.270401 0.0404654
(1,2,(3,(4,(5,6)))); -6169.07  0 29.2874 13.5574 21.4306 -6206.23 0.298828 0.241294 0.141978 0.317901 0.0739001 0.0664511  0.440798  0.102474  0.266763 0.0496142
(1,2,(3,(4,(5,6)))); -6161.14  0 32.253 13.8688 25.3671 -6204.89 0.301899 0.261661 0.130486 0.305955 0.0892714 0.0890507  0.426434  0.102048  0.253263 0.0399321
(1,2,(3,(4,(5,6)))); -6167.21  0 32.0141 13.4408 19.3546 -6205.13 0.311146 0.254855  0.14628 0.287719   0.10019 0.0908753  0.418729 0.0731508  0.254877 0.0621775
(1,2,(3,(4,(5,6)))); -6163.02  0 30.5307 13.2906 24.772 -6205.03 0.300038  0.24539 0.146038 0.308534  0.110554 0.0897233  0.402645 0.0837417  0.280506 0.0328303
(1,2,(3,(4,(5,6)))); -6158.17  0 30.3539 13.4795 28.7219 -6203.76 0.284508 0.258054 0.141628 0.315809 0.0962904 0.0877013  0.431641 0.0817631  0.262991 0.0396129
(1,2,(3,(4,(5,6)))); -6162.44  0 31.5178 13.3263 24.0023 -6204.63 0.275304 0.244307 0.152236 0.328152 0.0881195 0.0685628  0.413238   0.10122  0.277491 0.0513681
(1,2,(3,(4,(5,6)))); -6159.55  0 32.7876 13.4291 26.0904 -6205 0.277211 0.270432 0.135892 0.316466 0.0845058 0.0952408  0.438377 0.0967325  0.240127 0.0450169
(1,2,(3,(4,(5,6)))); -6155.77  0 33.6818 13.7049 28.3065 -6204.06 0.285495 0.254395 0.139956 0.320154  0.113273 0.0844453  0.408914  0.093075  0.254393 0.0458999
(1,2,(3,(4,(5,6)))); -6160.48  0 27.8635 13.6819 27.9328 -6202.59 0.273068 0.270068  0.13665 0.320214  0.109918 0.0733165  0.421994 0.0934701  0.259685 0.0416159
(1,2,(3,(4,(5,6)))); -6164.14  0 33.268 13.3946 22.7171 -6206.73 0.275104 0.278013 0.129153  0.31773 0.0978947 0.0944491  0.412787 0.0933202  0.239067 0.0624817
(1,2,(3,(4,(5,6)))); -6164.99  0 29.1286 13.7338 25.0739 -6205.46 0.279359 0.261254 0.136353 0.323035  0.112102 0.0848847  0.410768  0.119682  0.233297 0.0392658
(1,2,(3,(4,(5,6)))); -6162.72  0 31.1926 13.4936 24.4288 -6204.84 0.278807 0.257101 0.143573 0.320519  0.101259  0.116179  0.414006 0.0829711  0.239015 0.0465698
(1,2,(3,(4,(5,6)))); -6162.01  0 31.9943 13.6058 24.3 -6204.69 0.267982  0.26115 0.141696 0.329172 0.0838389  0.066357  0.448388  0.107783  0.255841 0.0377914
(1,2,(3,(4,(5,6)))); -6163.85  0 31.9916 13.382 22.5159 -6204.98 0.279125 0.254428 0.137194 0.329253  0.122792 0.0591583  0.436777 0.0995116  0.231366 0.0503952
(1,2,(3,(4,(5,6)))); -6163.64  0 31.5206 13.6686 23.8547 -6205.35 0.303863 0.241053 0.146994  0.30809  0.119049 0.0808293  0.396479 0.0971629  0.269753 0.0367264
(1,2,(3,(4,(5,6)))); -6158.41  0 32.2804 13.7903 26.8175 -6203.72 0.266121 0.268649 0.147682 0.317549  0.102454 0.0855471  0.403932  0.108012  0.255321 0.0447344
(1,2,(3,(4,(5,6)))); -6159.7  0 30.8649 13.3754 26.1058 -6203.3 0.277384 0.263193 0.142841 0.316582  0.124084 0.0861939  0.380205 0.0968575  0.272357 0.0403025
(1,2,(3,(4,(5,6)))); -6160.31  0 30.1135 13.7695 27.2515 -6203.91  0.27546 0.258002 0.144494 0.322045  0.112988 0.0942582  0.399071 0.0996986  0.257128  0.036857
(1,2,(3,(4,(5,6)))); -6166.09  0 26.9761 13.3487 24.2761 -6203.99 0.264542 0.251155 0.148976 0.335327  0.101641 0.0806004  0.418305 0.0929722  0.248679 0.0578025
(1,2,(3,(4,(5,6)))); -6159.93  0 31.6873 13.5671 26.359 -6204.41 0.272897 0.251923 0.147415 0.327764 0.0910316 0.0768769  0.456818 0.0830104  0.252058 0.0402047
(1,2,(3,(4,(5,6)))); -6161.59  0 29.3923 14.1227 26.9942 -6203.85 0.292563  0.25598 0.145195 0.306262  0.086857 0.0892632  0.439495 0.0998929  0.244107 0.0403841
(1,2,(3,(4,(5,6)))); -6160.83  0 33.8032 13.5191 23.0427 -6204.16 0.276891 0.256802 0.151542 0.314765  0.067375 0.0919552  0.431774   0.10227  0.266065 0.0405602
(1,2,(3,(4,(5,6)))); -6159.88  0 29.0671 13.4796 27.8199 -6203.29 0.272703 0.265618 0.144922 0.316757 0.0950581  0.077687   0.42095  0.109623  0.256452 0.0402299
(1,2,(3,(4,(5,6)))); -6162.22  0 27.616 13.2993 26.727 -6203.26 0.279568 0.255008 0.153042 0.312382  0.109116 0.0813125  0.401763  0.111697  0.258224  0.037888
(1,2,(3,(4,(5,6)))); -6160.57  0 31.3316 13.3859 26.3391 -6204.85 0.295504  0.24967  0.14337 0.311456  0.100803 0.0716106  0.424884  0.112173  0.248607 0.0419219
(1,2,(3,(4,(5,6)))); -6163.86  0 28.7992 13.8143 25.3112 -6204.16 0.282264 0.247927 0.146718 0.323091 0.109639 0.071389 0.429363  0.10681 0.231829  0.05097
(1,2,(3,(4,(5,6)))); -6165.99  0 26.6014 13.5425 25.9295 -6204.98 0.289029 0.252968 0.146313 0.311689 0.0822447 0.0932894  0.404517 0.0973193   0.27176 0.0508696
(1,2,(3,(4,(5,6)))); -6169.65  0 29.8342 13.9327 17.5617 -6203.11  0.29946 0.280428 0.115777 0.304335  0.110902 0.0887101  0.442112 0.0726552  0.245596  0.040025
(1,2,(3,(4,(5,6)))); -6162.47  0 31.7282 13.1987 23.3194 -6204.32  0.30143  0.26605 0.140969 0.291551  0.112306 0.0879831  0.426763 0.0688977  0.258552 0.0454979
(1,2,(3,(4,(5,6)))); -6159.34  0 32.8699 13.4062 24.7341 -6203.54 0.292177 0.262656 0.141562 0.303605  0.121767 0.0831379  0.439013 0.0696729  0.240934 0.0454758
(1,2,(3,(4,(5,6)))); -6159.88  0 29.9436 12.9768 26.251 -6203.1 0.291754 0.265827  0.14126 0.301159  0.124814 0.0847955  0.405522 0.0811431  0.261114 0.0426114
(1,2,(3,(4,(5,6)))); -6158.9  0 31.372 13.7321 27.5061 -6204.04 0.284815  0.25527 0.143769 0.316147  0.106733 0.0821957  0.445165  0.075534  0.254496 0.0358762
(1,2,(3,(4,(5,6)))); -6159.26  0 31.4648 13.4214 26.392 -6203.69 0.288756 0.251906 0.137338    0.322  0.102132 0.0900944  0.415511 0.0977983  0.265647 0.0288173
(1,2,(3,(4,(5,6)))); -6158.5  0 32.0199 13.819 26.7935 -6203.49 0.278413 0.256845 0.132111 0.332631 0.0965898 0.0898923  0.423495 0.0866361  0.259499 0.0438876
(1,2,(3,(4,(5,6)))); -6160.43  0 30.1389 13.4469 26.6411 -6203.76 0.284657 0.250289 0.145511 0.319543   0.11461 0.0962475  0.414394 0.0879245  0.239165 0.0476602
(1,2,(3,(4,(5,6)))); -6159.78  0 31.2402 13.1779 25.6539 -6203.5 0.271722 0.265184 0.136719 0.326374 0.118362 0.066303 0.404492 0.101777 0.266959 0.042107
(1,2,(3,(4,(5,6)))); -6156.41  0 33.3745 13.2375 26.8069 -6203.35 0.273714 0.274468  0.14371 0.308108 0.0868362 0.0760004  0.426805  0.101422  0.272316 0.0366206
(1,2,(3,(4,(5,6)))); -6159.16  0 33.8023 13.817 25.3067 -6204.45 0.287037 0.269471 0.143644 0.299848  0.122466 0.0743112  0.442776 0.0762833   0.24805 0.0361136
(1,2,(3,(4,(5,6)))); -6165.85  0 28.388 13.3531 23.6525 -6204.54 0.298915 0.258543 0.129126 0.313416  0.109297 0.0895931  0.433712 0.0927475  0.222503 0.0521471
(1,2,(3,(4,(5,6)))); -6165.91  0 30.2649 13.0129 22.1144 -6205.27 0.260809 0.256163 0.150254 0.332774 0.0840075  0.080262  0.446621  0.107755   0.23144 0.0499143
(1,2,(3,(4,(5,6)))); -6160.39  0 30.9619 13.2837 25.7481 -6203.81 0.285693 0.249818 0.147927 0.316562  0.109257  0.071828  0.425943 0.0817714  0.251979 0.0592224
(1,2,(3,(4,(5,6)))); -6160.89  0 32.4599 13.7998 24.19 -6203.74 0.281096 0.271887 0.147128 0.299889 0.0854859 0.0933297  0.389085 0.0959393  0.282002 0.0541588
(1,2,(3,(4,(5,6)))); -6171.9  0 23.3643 13.0221 23.0102 -6205.26 0.276572 0.254605 0.146164 0.322658  0.103546  0.106901   0.41944  0.110871  0.216861 0.0423804
(1,2,(3,(4,(5,6)))); -6161.56  0 31.2108 13.6264 26.1188 -6205.27 0.269436 0.264016 0.145479 0.321069 0.0961952  0.102994  0.432115 0.0835424   0.24027 0.0448825
(1,2,(3,(4,(5,6)))); -6162.92  0 31.0349 13.6215 24.0614 -6204.39 0.298267 0.248036  0.15287 0.300827 0.0927629 0.0841347  0.433397 0.0723161  0.268435 0.0489544
(1,2,(3,(4,(5,6)))); -6163.77  0 31.0649 13.7694 24.0314 -6205.1 0.276181 0.243362 0.157042 0.323415 0.0936742   0.08392  0.454561 0.0768381   0.24501 0.0459967
(1,2,(3,(4,(5,6)))); -6159.83  0 31.027 13.4044 27.0868 -6204.54 0.274077  0.26726 0.137564 0.321098 0.0884436 0.0844266  0.443997 0.0892433  0.245017 0.0488721
(1,2,(3,(4,(5,6)))); -6163.61  0 28.417 13.9309 26.8029 -6204.9 0.278202 0.271586 0.134999 0.315212  0.101059 0.0986081   0.40268 0.0999829  0.252649 0.0450213
(1,2,(3,(4,(5,6)))); -6157.73  0 30.9948 13.3889 27.461 -6202.8 0.295171 0.264186 0.139158 0.301485  0.109157 0.0876251   0.41803 0.0935205   0.25642  0.035248
(1,2,(3,(4,(5,6)))); -6156.76  0 32.4098 13.405 27.019 -6202.79 0.290686 0.268633 0.143103 0.297578  0.114752 0.0863309  0.403697 0.0870297  0.264117 0.0440736
(1,2,(3,(4,(5,6)))); -6166.04  0 29.41 13.0008 22.4447 -6204.9 0.273925 0.271526 0.128589  0.32596 0.0967619 0.0922835  0.421836  0.110507   0.25248 0.0261312
(1,2,(3,(4,(5,6)))); -6155.94  0 33.6957 13.4098 27.1491 -6203.38 0.275416 0.265976 0.135236 0.323371 0.0979013 0.0742874   0.44797 0.0871443   0.25873 0.0339672
(1,2,(3,(4,(5,6)))); -6166.92  0 26.8409 13.5933 24.1591 -6204.32 0.277352 0.274055 0.143342 0.305251  0.101844  0.115995  0.415486 0.0859496  0.243073 0.0376525
(1,2,(3,(4,(5,6)))); -6155.82  0 33.5241 13.4547 27.8617 -6203.75 0.277307 0.266316 0.145751 0.310627 0.0987208 0.0749416  0.430973  0.103187  0.243488 0.0486892
(1,2,(3,(4,(5,6)))); -6162.36  0 30.1739 13.5379 26.187 -6205.18 0.278468 0.250454 0.148564 0.322514 0.0960112 0.0837507  0.427178 0.0713582   0.27899 0.0427116
(1,2,(3,(4,(5,6)))); -6162.87  0 34.9376 13.5862 20.9794 -6205.2 0.278575 0.252546 0.142298 0.326581  0.127422  0.108903  0.403525 0.0868358  0.247844 0.0254709
(1,2,(3,(4,(5,6)))); -6158.39  0 31.9837 13.9386 28.0375 -6204.47 0.283958 0.257196 0.145695 0.313151 0.0956981 0.0817437  0.427821 0.0824365  0.278111 0.0341901
(1,2,(3,(4,(5,6)))); -6170.66  0 23.9489 13.3496 22.365 -6203.62 0.280944 0.283471 0.132075 0.303509  0.113124 0.0698989  0.401373  0.115563  0.249042  0.050999
(1,2,(3,(4,(5,6)))); -6165.26  0 28.1612 13.5599 23.9345 -6203.8 0.293789 0.264204 0.128923 0.313084  0.105707 0.0753352  0.402654 0.0913784  0.295236 0.0296882
(1,2,(3,(4,(5,6)))); -6172.06  0 29.8016 13.2185 18.2417 -6206.89 0.291403 0.267389 0.140556 0.300651 0.0842594 0.0755846  0.412402 0.0756503   0.27125  0.080854
(1,2,(3,(4,(5,6)))); -6161.45  0 32.1048 13.3979 23.0909 -6203.24 0.279938 0.268855  0.14328 0.307927  0.135289 0.0926336  0.380737 0.0876756  0.249936 0.0537289
(1,2,(3,(4,(5,6)))); -6160.05  0 31.1414 13.5972 26.1222 -6203.72 0.293341 0.246774 0.152513 0.307372  0.116094 0.0828801  0.424525 0.0911057  0.251242 0.0341525
(1,2,(3,(4,(5,6)))); -6163.7  0 25.3679 12.5259 27.4242 -6203.97  0.29371 0.259405 0.137978 0.308907  0.103392 0.0874499   0.39335 0.0967436   0.27367 0.0453936
(1,2,(3,(4,(5,6)))); -6158.98  0 32.8383 13.6224 25.2887 -6203.49 0.287751 0.270254 0.140638 0.301357  0.120824  0.089288  0.433853 0.0741497  0.239393 0.0424927
(1,2,(3,(4,(5,6)))); -6157.52  0 32.0525 13.7425 27.835 -6203.67 0.282497 0.251611 0.147406 0.318485 0.0997093 0.0873819  0.444726 0.0824152  0.246345 0.0394223
(1,2,(3,(4,(5,6)))); -6165.92  0 29.6296 13.5121 23.2103 -6205.25 0.289303  0.24343 0.146204 0.321062 0.0973615  0.105105  0.393059 0.0760269  0.279503 0.0489454
(1,2,(3,(4,(5,6)))); -6161.23  0 31.5734 13.6032 24.7458 -6203.95 0.292412 0.240446 0.145305 0.321837 0.0911735 0.0907582  0.433964  0.102738  0.249572 0.0317943
(1,2,(3,(4,(5,6)))); -6170.74  0 24.5388 13.0472 22.7847 -6205.01 0.274751 0.249598 0.143407 0.332244  0.102615  0.114709   0.41454 0.0959011  0.239457 0.0327774
(1,2,(3,(4,(5,6)))); -6164.26  0 32.5847 13.7337 22.8853 -6206 0.275886 0.256679 0.140806 0.326629  0.110505 0.0726759  0.473162 0.0767919  0.239256 0.0276086
(1,2,(3,(4,(5,6)))); -6163.55  0 30.5264 13.0396 23.8317 -6204.87 0.282061 0.265776 0.138363   0.3138  0.112038  0.107777  0.381514 0.0946197  0.248536 0.0555158
(1,2,(3,(4,(5,6)))); -6161.65  0 30.0833 13.5552 26.1383 -6204.32 0.282932 0.256169 0.143278 0.317621  0.108925 0.0794283  0.399854 0.0968736  0.252945 0.0619745
(1,2,(3,(4,(5,6)))); -6164.96  0 30.4461 13.97 23.5543 -6204.99 0.259293 0.257844 0.142806 0.340057 0.0845871 0.0878221  0.440562 0.0934324  0.256073 0.0375238
(1,2,(3,(4,(5,6)))); -6156.95  0 32.6037 13.2295 27.0794 -6203.41 0.283111 0.247748 0.146676 0.322464 0.0943274 0.0894552  0.440943 0.0923154  0.238448 0.0445109
(1,2,(3,(4,(5,6)))); -6161.84  0 31.561 13.628 25.1623 -6204.94  0.27555 0.258458 0.132316 0.333676 0.0885999  0.094436  0.441113 0.0840458  0.246933 0.0448728
(1,2,(3,(4,(5,6)))); -6161.14  0 28.8256 12.966 27.4613 -6204.46 0.285941 0.259797 0.137597 0.316666 0.0897703 0.0786978  0.419159 0.0885255   0.26959 0.0542575
(1,2,(3,(4,(5,6)))); -6157.9  0 31.3689 13.1577 27.9022 -6204.01 0.275721 0.258664 0.143027 0.322588  0.118647 0.0747715  0.420544 0.0945447  0.252757 0.0387363
(1,2,(3,(4,(5,6)))); -6159.89  0 30.6574 13.9006 26.8807 -6203.53 0.285613 0.249624 0.152073 0.312691 0.0924072 0.0824553  0.438548  0.100146  0.239782 0.0466613
(1,2,(3,(4,(5,6)))); -6162.25  0 30.3209 13.7958 26.2836 -6205.06 0.282769  0.25049 0.149927 0.316814  0.103262 0.0809653  0.389035  0.111515   0.27136 0.0438629
(1,2,(3,(4,(5,6)))); -6159.57  0 31.5239 13.4978 26.1179 -6203.71 0.280792 0.256084 0.143621 0.319503  0.108979  0.106476   0.42073 0.0901287   0.23843  0.035256
(1,2,(3,(4,(5,6)))); -6161.06  0 30.364 13.4542 25.8047 -6203.78 0.277325 0.256185 0.137704 0.328786 0.0997955  0.105453  0.426727 0.0819368   0.24788 0.0382077
(1,2,(3,(4,(5,6)))); -6162.69  0 32.6599 13.5957 23.4714 -6205.23 0.285878 0.247237 0.152208 0.314676   0.11575 0.0793205  0.437979 0.0660308  0.249047 0.0518737
(1,2,(3,(4,(5,6)))); -6155.75  0 33.7349 13.4817 28.1546 -6204.15 0.279476 0.262354 0.139727 0.318443 0.0937127 0.0920624   0.42589  0.101759   0.24689 0.0396855
(1,2,(3,(4,(5,6)))); -6160.21  0 31.7684 13.3304 25.7107 -6204.36 0.276161 0.258767 0.144163 0.320909  0.110267 0.0934158  0.415123 0.0748866  0.276043 0.0302643
(1,2,(3,(4,(5,6)))); -6157.35  0 31.6804 13.2796 28.3097 -6204.06 0.282596 0.258106 0.150987 0.308311  0.108271 0.0730318  0.432491  0.089122  0.253757 0.0433269
(1,2,(3,(4,(5,6)))); -6162.78  0 30.1298 13.567 24.1907 -6203.54 0.266638 0.277776 0.146925 0.308661  0.125293 0.0723226  0.407917 0.0823699   0.26062 0.0514774
(1,2,(3,(4,(5,6)))); -6161.03  0 31.1652 13.7302 26.0412 -6204.51 0.290028 0.257927 0.135554 0.316492 0.0933179 0.0613456   0.43949 0.0918347  0.274539 0.0394722
(1,2,(3,(4,(5,6)))); -6165.49  0 29.534 13.105 24.1526 -6206.07 0.287308 0.267722 0.129113 0.315858 0.0781822 0.0847759  0.418398  0.109628  0.260563 0.0484519
(1,2,(3,(4,(5,6)))); -6162.89  0 29.9377 13.7215 24.9003 -6204.01 0.272289 0.262395 0.143391 0.321925  0.109641 0.0682152  0.422721  0.103263  0.236949 0.0592108
(1,2,(3,(4,(5,6)))); -6156.56  0 33.2425 13.5133 27.0877 -6203.38 0.295407 0.265572 0.142553 0.296467 0.0982583 0.0905963  0.409638 0.0922951  0.264241 0.0449715
(1,2,(3,(4,(5,6)))); -6170.55  0 30.6844 13.4991 18.7616 -6206.5  0.28707 0.258369 0.139653 0.314908  0.121536 0.0812529   0.41313  0.132111  0.204155 0.0478146
(1,2,(3,(4,(5,6)))); -6160.74  0 28.5633 13.4989 27.5288 -6203.34 0.278766 0.274592  0.13974 0.306902  0.109826 0.0855389  0.425776 0.0917056  0.254209  0.032945
(1,2,(3,(4,(5,6)))); -6159.19  0 32.5414 13.2017 25.5979 -6204.13 0.269096 0.259935 0.138111 0.332858 0.0813036 0.0832388  0.434189    0.1003  0.259328  0.041641
(1,2,(3,(4,(5,6)))); -6164.61  0 30.9105 13.7149 23.4235 -6205.23 0.287917 0.253722  0.14133  0.31703  0.118661 0.0938807  0.384064 0.0760044  0.294323  0.033067
(1,2,(3,(4,(5,6)))); -6160.99  0 32.7095 13.5012 24.7581 -6204.96 0.278342 0.255184 0.140635 0.325838  0.101184 0.0814188  0.407372 0.0739948  0.274963 0.0610664
(1,2,(3,(4,(5,6)))); -6159.22  0 34.1337 13.677 24.5883 -6204.26 0.282457 0.266561 0.130025 0.320957  0.127944  0.083731  0.401795  0.098655  0.239734 0.0481408
(1,2,(3,(4,(5,6)))); -6162.99  0 32.066 13.3611 23.261 -6204.96 0.259732 0.276079 0.141951 0.322238  0.095927 0.0720295   0.44423 0.0819239  0.247578 0.0583116
(1,2,(3,(4,(5,6)))); -6162.37  0 30.1721 13.585 25.8917 -6204.84 0.275192 0.269741 0.144369 0.310698 0.0960659  0.063829   0.42809 0.0814077  0.290315 0.0402918
(1,2,(3,(4,(5,6)))); -6162.02  0 32.4521 13.5132 21.4931 -6202.45 0.250486  0.27109 0.151329 0.327096 0.0923206 0.0787559  0.403784  0.107466  0.263708 0.0539647
(1,2,(3,(4,(5,6)))); -6159.65  0 33.8511 13.7256 25.6931 -6205.47 0.269572 0.263885 0.142383 0.324161  0.105716  0.105902  0.425378  0.087123  0.237375 0.0385055
(1,2,(3,(4,(5,6)))); -6164.38  0 28.8502 13.6318 24.8857 -6204.48  0.28811 0.267559 0.133964 0.310366  0.116298  0.105708  0.415697 0.0825229  0.237048 0.0427265
(1,2,(3,(4,(5,6)))); -6168.44  0 27.5685 14.0505 23.7051 -6205.66  0.29219 0.260166 0.153346 0.294298 0.0764886 0.0795828  0.455571 0.0914291  0.254962 0.0419666
(1,2,(3,(4,(5,6)))); -6156.33  0 31.2746 13.2355 28.8769 -6203.25 0.286956 0.259767 0.140206 0.313071  0.107715 0.0839909  0.425601 0.0926135  0.254415  0.035665
(1,2,(3,(4,(5,6)))); -6161.5  0 30.083 13.3921 25.6196 -6203.81 0.274575 0.263957 0.138309 0.323159 0.0894061 0.0777488  0.457904 0.0848479  0.261021 0.0290732
(1,2,(3,(4,(5,6)))); -6157.97  0 31.2951 13.7965 27.9923 -6203.46 0.284421 0.261535 0.134374  0.31967  0.101402 0.0885749  0.433223 0.0930351   0.24873 0.0350346
(1,2,(3,(4,(5,6)))); -6160.44  0 27.9248 13.7202 28.3992 -6203.04 0.286538 0.257844 0.138175 0.317443 0.0954824  0.083862    0.4118  0.103607  0.265443 0.0398053
(1,2,(3,(4,(5,6)))); -6159.87  0 32.5058 14.0737 25.9702 -6204.27 0.295985 0.256798 0.145543 0.301674   0.11288  0.087117  0.405068 0.0940681  0.270621 0.0302458
(1,2,(3,(4,(5,6)))); -6162.09  0 30.0109 13.463 24.9188 -6203.56 0.273856 0.261952 0.138611 0.325581  0.103834 0.0876254  0.372987 0.0979085  0.293305 0.0443396
(1,2,(3,(4,(5,6)))); -6165.73  0 26.7125 12.6689 25.4141 -6205.19 0.291444 0.253408 0.138995 0.316154 0.0908801 0.0688453  0.418327 0.0808405  0.298929 0.0421784
(1,2,(3,(4,(5,6)))); -6161.33  0 32.9495 13.8619 24.3174 -6204.74 0.269256 0.264368 0.132815 0.333562  0.112578 0.0823014  0.445484 0.0732372  0.248041  0.038359
(1,2,(3,(4,(5,6)))); -6156.88  0 33.3837 13.5761 27.4566 -6204.14 0.276939 0.254741 0.143589 0.324731 0.0966419 0.0694795   0.41352 0.0981588  0.278141 0.0440589
(1,2,(3,(4,(5,6)))); -6163.87  0 30.0154 13.7701 24.8886 -6205.01 0.281925 0.274107 0.142142 0.301826 0.0900229 0.0695176  0.420276  0.113819  0.272977  0.033388
(1,2,(3,(4,(5,6)))); -6166.6  0 28.6876 13.6831 24.266 -6205.87 0.284264 0.264585 0.131259 0.319892  0.111951 0.0912539  0.374639  0.108549  0.264413 0.0491944
(1,2,(3,(4,(5,6)))); -6158.46  0 32.6068 13.3541 26.6649 -6204.38 0.277942 0.257495 0.142875 0.321688 0.0984452 0.0912747  0.437649 0.0997069   0.22588 0.0470443
(1,2,(3,(4,(5,6)))); -6158.29  0 30.3259 13.803 27.8093 -6202.62 0.271802 0.265933 0.149633 0.312632 0.0988833  0.086843  0.403076  0.101111   0.27048 0.0396062
(1,2,(3,(4,(5,6)))); -6159.19  0 32.0223 13.5691 26.2148 -6203.86 0.285541 0.274785 0.139701 0.299972  0.110022 0.0745533  0.432949 0.0763663  0.269227 0.0368828
(1,2,(3,(4,(5,6)))); -6164.41  0 27.8235 13.7195 26.8499 -6205.37 0.274785 0.258479 0.150923 0.315813 0.0902395 0.0681431  0.435834   0.08894  0.279059 0.0377847
(1,2,(3,(4,(5,6)))); -6163.02  0 32.313 13.2854 22.9567 -6205.01  0.27938 0.255937 0.161941 0.302742  0.114919 0.0633869  0.396409  0.100925   0.27869 0.0456705
(1,2,(3,(4,(5,6)))); -6163.94  0 30.7299 13.6386 23.4024 -6204.43  0.29258 0.246878 0.146695 0.313846  0.128334  0.100015  0.386544 0.0807892  0.260959 0.0433577
(1,2,(3,(4,(5,6)))); -6168.16  0 33.2124 13.4544 20.417 -6208.34 0.275639 0.260039 0.163053 0.301269 0.0869804 0.0772346  0.485804 0.0744714  0.236256 0.0392541
(1,2,(3,(4,(5,6)))); -6164.46  0 26.0746 13.3527 25.6746 -6202.86 0.273752 0.263013 0.151309 0.311926  0.120575 0.0838975  0.389786  0.106447  0.250833 0.0484611
(1,2,(3,(4,(5,6)))); -6160.79  0 32.8978 13.3624 24.5202 -6204.85 0.260338 0.264767  0.13901 0.335884  0.105409 0.0947577  0.411749 0.0814583  0.260214 0.0464127
(1,2,(3,(4,(5,6)))); -6161.76  0 32.7159 13.2568 22.8333 -6204.05 0.275264 0.290332 0.129456 0.304948 0.0889654 0.0820515  0.441514 0.0818238  0.268405 0.0372405
(1,2,(3,(4,(5,6)))); -6155.85  0 33.7198 13.3071 27.5002 -6203.77 0.286936 0.264144 0.137449 0.311471 0.0985265 0.0729011  0.431501 0.0884316  0.253814 0.0548256
(1,2,(3,(4,(5,6)))); -6166.65  0 31.9655 13.8515 22.7484 -6207.51 0.301154 0.244388 0.149924 0.304534   0.11008 0.0777291  0.386177 0.0934192  0.297991 0.0346031
(1,2,(3,(4,(5,6)))); -6160.51  0 31.814 13.694 23.6659 -6202.3 0.265537 0.261387  0.16325 0.309825  0.112803 0.0824524  0.391622 0.0966986  0.265445 0.0509792
(1,2,(3,(4,(5,6)))); -6158.15  0 34.4895 13.5323 24.7103 -6203.82 0.288986 0.278025 0.143686 0.289302  0.105176 0.0719795  0.424658 0.0984424  0.266473 0.0332722
(1,2,(3,(4,(5,6)))); -6161.57  0 29.5412 13.7316 25.5744 -6202.95 0.291503 0.260609 0.153186 0.294702 0.0957922  0.097952  0.412083  0.101313  0.252626 0.0402339
(1,2,(3,(4,(5,6)))); -6159.94  0 31.252 13.3241 26.5756 -6204.45 0.281017 0.264484  0.14109  0.31341   0.10445 0.0779056  0.451632 0.0821993  0.231498 0.0523158
(1,2,(3,(4,(5,6)))); -6161.72  0 28.161 13.7499 28.0028 -6204.14 0.282424 0.252054 0.139493 0.326029  0.105177 0.0883174  0.403991 0.0934035  0.266899 0.0422128
(1,2,(3,(4,(5,6)))); -6162.92  0 25.0761 13.112 28.5407 -6203.43 0.272623 0.262267 0.144794 0.320315 0.0983405 0.0777768  0.416918 0.0954627  0.263412 0.0480899
(1,2,(3,(4,(5,6)))); -6159.96  0 32.3693 13.4969 25.5389 -6204.37 0.271307 0.261471 0.139914 0.327308  0.105362 0.0702872  0.413252 0.0761219  0.291551 0.0434253
(1,2,(3,(4,(5,6)))); -6158.7  0 31.3871 13.4911 27.0562 -6203.65  0.27173 0.259369 0.146839 0.322063  0.090487 0.0953506  0.406594 0.0901021  0.269667 0.0477997
(1,2,(3,(4,(5,6)))); -6157.81  0 32.1066 13.4828 27.4464 -6203.88 0.273215 0.258683 0.148205 0.319897 0.0908703 0.0853121  0.408355 0.0898003  0.285651 0.0400112
(1,2,(3,(4,(5,6)))); -6165.27  0 23.3185 13.5117 28.0512 -6203.12 0.279778 0.268799 0.149422 0.302001 0.0999219 0.0882762   0.42552 0.0960957  0.247829 0.0423575
(1,2,(3,(4,(5,6)))); -6163.39  0 28.0718 13.352 26.4135 -6204.52 0.272524 0.253228 0.150548   0.3237 0.0981038 0.0649271  0.429879  0.089242  0.277102 0.0407471
(1,2,(3,(4,(5,6)))); -6165.21  0 30.6201 13.7907 21.8741 -6203.91 0.283598  0.26351 0.144132 0.308759 0.0994671  0.104511  0.370833  0.121204  0.271307  0.032679
(1,2,(3,(4,(5,6)))); -6162.43  0 30.3151 14.1044 25.8228 -6204.47 0.272548 0.271755 0.139197 0.316499 0.0961093 0.0980507  0.438148 0.0867261  0.251222 0.0297443
(1,2,(3,(4,(5,6)))); -6159.52  0 30.7698 13.378 27.4899 -6204.4 0.288156 0.251409 0.146302 0.314133 0.0992611 0.0909004  0.400523 0.0859745   0.27644 0.0469013
(1,2,(3,(4,(5,6)))); -6159.75  0 33.4517 13.6289 25.5265 -6205.1 0.264476 0.261464 0.158368 0.315693   0.10966 0.0821516  0.431383 0.0770644  0.257623 0.0421174
(1,2,(3,(4,(5,6)))); -6167.92  0 29.7586 13.7782 22.3534 -6206.25 0.296349 0.255745 0.149999 0.297907  0.114224 0.0581481  0.411734  0.110783  0.254915 0.0501965
(1,2,(3,(4,(5,6)))); -6156.41  0 32.9635 13.672 27.9158 -6203.62 0.293975 0.254506 0.141408 0.310111  0.103443 0.0741043  0.429473 0.0816031  0.269929 0.0414476
(1,2,(3,(4,(5,6)))); -6161.76  0 32.7104 13.7014 23.5963 -6204.36 0.283438  0.25322 0.157794 0.305547  0.101861 0.0955022  0.439442  0.071041  0.240486 0.0516669
(1,2,(3,(4,(5,6)))); -6167.57  0 25.2132 13.6407 23.4407 -6202.59 0.273996 0.266393 0.148966 0.310645  0.107788  0.111449  0.433361 0.0899836  0.223904 0.0335148
(1,2,(3,(4,(5,6)))); -6159.18  0 31.6856 13.3264 27.2841 -6204.82 0.274249   0.2712 0.141249 0.313301 0.0934804  0.074689  0.448779 0.0954701  0.241163 0.0464187
(1,2,(3,(4,(5,6)))); -6165.27  0 30.4824 13.7366 22.966 -6204.98 0.275021 0.270726 0.132565 0.321689 0.0972296 0.0933935    0.4016  0.124528  0.250841 0.0324087
(1,2,(3,(4,(5,6)))); -6159.35  0 34.2647 13.5742 24.6703 -6204.71 0.290378 0.257712 0.145106 0.306804 0.0829991  0.082633  0.469676 0.0785527  0.253611 0.0325285
(1,2,(3,(4,(5,6)))); -6159.69  0 31.0343 13.9497 26.9224 -6203.7 0.279923 0.271821  0.13552 0.312736  0.100468 0.0826577  0.410147 0.0971375  0.253188 0.0564021
(1,2,(3,(4,(5,6)))); -6169.24  0 26.371 13.95 22.803 -6204.47    0.266 0.250226 0.150954  0.33282 0.0913569 0.0970128  0.431884 0.0823768  0.269256 0.0281143
(1,2,(3,(4,(5,6)))); -6159.78  0 31.3209 13.6211 25.6907 -6203.17 0.280728 0.263755 0.151248 0.304269  0.114096  0.084812  0.385608  0.111656  0.265196 0.0386328
(1,2,(3,(4,(5,6)))); -6156.24  0 33.5526 13.2966 27.7071 -6204.2 0.274174 0.258496 0.149626 0.317704 0.0957661 0.0770072  0.442287 0.0794456  0.259727  0.045767
(1,2,(3,(4,(5,6)))); -6162.08  0 28.8278 13.362 27.0363 -6204.59 0.293106 0.257835 0.137797 0.311262 0.0991337 0.0730539  0.408762 0.0997269  0.265535 0.0537885
(1,2,(3,(4,(5,6)))); -6158.85  0 31.522 13.2737 27.2206 -6204.32 0.286068 0.256481 0.146847 0.310604 0.0917013 0.0679445  0.441608 0.0914515  0.256714 0.0505806
(1,2,(3,(4,(5,6)))); -6158.71  0 32.1992 13.6211 26.7464 -6204.04 0.294797 0.256985 0.148975 0.299243 0.0925676 0.0874068  0.417163 0.0910868  0.276072 0.0357036
(1,2,(3,(4,(5,6)))); -6160.95  0 30.9124 13.7795 27.0987 -6205.18 0.291796 0.257649  0.13147 0.319085  0.103697 0.0894383  0.407763  0.102464  0.255784 0.0408542
(1,2,(3,(4,(5,6)))); -6162  0 30.828 13.453 26.2775 -6205.65 0.282217 0.265757   0.1501 0.301925 0.0828621 0.0818652  0.454075 0.0838978  0.253878 0.0434221
(1,2,(3,(4,(5,6)))); -6159.44  0 32.3602 13.3723 26.3505 -6204.78 0.264337 0.259469 0.144723 0.331471   0.10967   0.08179   0.43435 0.0835304  0.254927 0.0357325
(1,2,(3,(4,(5,6)))); -6156.61  0 32.7615 13.6499 28.0375 -6203.76 0.282379 0.266688 0.136023  0.31491   0.10974 0.0720688   0.42558 0.0943493  0.262897 0.0353644
(1,2,(3,(4,(5,6)))); -6164.75  0 30.5568 13.7611 23.7883 -6205.34 0.273189 0.253476 0.144751 0.328583  0.110094 0.0544835  0.444088 0.0883628  0.259472 0.0434997
(1,2,(3,(4,(5,6)))); -6157.45  0 31.6962 13.5243 28.0485 -6203.67 0.285134 0.251374 0.141397 0.322096 0.0942846 0.0902002  0.420436 0.0983037  0.259662 0.0371141
(1,2,(3,(4,(5,6)))); -6158.26  0 31.6013 13.947 27.7239 -6203.64 0.291265 0.258858 0.147576   0.3023  0.108733 0.0903182  0.410578 0.0839048    0.2631 0.0433662
(1,2,(3,(4,(5,6)))); -6159.88  0 33.1679 13.4232 24.793 -6204.42 0.297442  0.25205 0.136185 0.314323 0.0960107  0.100844  0.406562 0.0941833  0.272335 0.0300651
(1,2,(3,(4,(5,6)))); -6164.27  0 33.0714 13.4624 21.7836 -6205.66 0.274604 0.269617 0.122609  0.33317  0.084996 0.0886179  0.404531  0.108211  0.270699 0.0429447
(1,2,(3,(4,(5,6)))); -6161.9  0 31.27 13.5015 24.8498 -6204.52 0.290881 0.276732 0.141481 0.290906 0.0937471 0.0919462   0.42569 0.0794336  0.261485 0.0476986
(1,2,(3,(4,(5,6)))); -6159.44  0 31.4187 13.7547 26.6616 -6203.77 0.288587 0.246605 0.146303 0.318505  0.102066  0.092218  0.418146  0.075928  0.271517 0.0401247
(1,2,(3,(4,(5,6)))); -6159.73  0 34.3236 13.4862 23.4718 -6204.04 0.253489 0.278223 0.147133 0.321155 0.0979694 0.0671363  0.428123 0.0943517  0.272505 0.0399144
(1,2,(3,(4,(5,6)))); -6163.94  0 27.4633 13.3731 26.7428 -6204.77 0.293226 0.253046 0.142216 0.311512  0.104455 0.0823754  0.416825 0.0739237  0.282522 0.0398986
(1,2,(3,(4,(5,6)))); -6163.73  0 27.5112 13.0318 26.6841 -6204.89 0.292058  0.24811 0.149537 0.310295  0.109274 0.0870539  0.407854 0.0816923  0.276775 0.0373508
(1,2,(3,(4,(5,6)))); -6157.27  0 33.1406 13.5659 27.2967 -6204.14 0.268568 0.259421 0.144227 0.327784   0.10575 0.0893232  0.431884 0.0929854  0.240784 0.0392738
(1,2,(3,(4,(5,6)))); -6169.32  0 28.509 13.4298 20.273 -6204.67 0.290143 0.273319 0.131854 0.304684 0.0921426 0.0815039   0.41855 0.0667794  0.310515 0.0305091
(1,2,(3,(4,(5,6)))); -6158.78  0 30.0178 13.246 27.9795 -6203.53 0.276515 0.270398  0.14091 0.312177  0.102164 0.0863488  0.433725 0.0995492   0.24228 0.0359337
(1,2,(3,(4,(5,6)))); -6163.57  0 29.0352 13.7539 25.9798 -6204.83 0.282186 0.266425  0.13277 0.318619  0.103606 0.0783399  0.396821  0.116769  0.261932 0.0425314
(1,2,(3,(4,(5,6)))); -6160.86  0 30.9308 13.2099 25.8151 -6204.4 0.268865  0.26791 0.135518 0.327707  0.113116 0.0746564  0.444149 0.0900384  0.243872 0.0341675
(1,2,(3,(4,(5,6)))); -6159.95  0 31.9654 13.4672 24.4636 -6202.91 0.292469 0.263673 0.147735 0.296123    0.1099 0.0901342  0.402994  0.117349  0.239908 0.0397154
(1,2,(3,(4,(5,6)))); -6154.48  0 34.1088 13.4375 28.1926 -6203.34 0.287225 0.266807 0.135891 0.310076  0.103419 0.0789749  0.419375 0.0820535  0.271388 0.0447891
(1,2,(3,(4,(5,6)))); -6158.92  0 33.5466 13.5187 25.4398 -6204.39 0.270128 0.269298 0.135963 0.324611  0.106522   0.09471  0.403684 0.0760574  0.269993 0.0490346
(1,2,(3,(4,(5,6)))); -6160.18  0 27.9421 13.2178 27.638 -6202.54 0.293768 0.254568 0.144187 0.307477 0.0965939 0.0944114  0.431157 0.0878417  0.246693 0.0433025
(1,2,(3,(4,(5,6)))); -6164.92  0 31.0471 13.354 23.2818 -6205.89 0.290481 0.260278 0.145092 0.304149  0.083135 0.0604588  0.450471  0.112741  0.256808 0.0363868
(1,2,(3,(4,(5,6)))); -6155.24  0 33.4769 13.5492 28.7735 -6203.95 0.283479 0.267004 0.140228 0.309289 0.0970501 0.0756063  0.437723  0.088967    0.2618 0.0388533
(1,2,(3,(4,(5,6)))); -6160.5  0 28.8566 13.3909 27.7664 -6203.73 0.288629  0.26084 0.138361 0.312169  0.113682  0.068227  0.431014 0.0867974  0.260611 0.0396682
(1,2,(3,(4,(5,6)))); -6161.88  0 30.2333 13.7583 25.0446 -6203.4 0.291945 0.244632 0.154426 0.308997 0.0986825  0.088621  0.402657   0.11076  0.253084 0.0461964
(1,2,(3,(4,(5,6)))); -6161.49  0 32.5469 13.3785 23.7749 -6204.44  0.28143 0.254344 0.138259 0.325967 0.0772409 0.0724474  0.458622 0.0797955  0.259709 0.0521852
(1,2,(3,(4,(5,6)))); -6159.24  0 29.7976 13.8327 28.2704 -6203.47 0.279723 0.268927  0.14422 0.307131  0.112071 0.0825982    0.4225 0.0987821  0.244916 0.0391327
(1,2,(3,(4,(5,6)))); -6157.16  0 32.8252 13.8079 27.9993 -6204.17 0.282486 0.266996 0.144083 0.306435  0.111404 0.0745035  0.417688 0.0822399  0.274935 0.0392294
(1,2,(3,(4,(5,6)))); -6159.15  0 33.3394 13.7155 25.2625 -6204.04 0.292148  0.24649  0.13305 0.328312  0.105715 0.0740162   0.42679 0.0775769  0.275599 0.0403026
(1,2,(3,(4,(5,6)))); -6160.41  0 32.5056 13.4532 25.2669 -6204.73 0.290796 0.252207 0.158001 0.298997  0.100701 0.0703225  0.410249 0.0988218   0.27684 0.0430662
(1,2,(3,(4,(5,6)))); -6165.57  0 28.7422 13.5896 23.5509 -6204.27 0.276386 0.277277 0.128469 0.317868  0.117152 0.0781821  0.429351  0.083197  0.236537 0.0555809
(1,2,(3,(4,(5,6)))); -6159.04  0 32.8672 13.8519 27.122 -6205.17  0.29284  0.25757 0.144884 0.304706 0.0998618 0.0791574  0.413146 0.0799998  0.287685 0.0401505
(1,2,(3,(4,(5,6)))); -6165.86  0 28.6939 13.6942 23.1399 -6204 0.277947 0.258146 0.156524 0.307383   0.12692 0.0924141  0.430414 0.0757806  0.227748 0.0467231
(1,2,(3,(4,(5,6)))); -6164.42  0 30.8338 13.5425 23.2508 -6204.96 0.283362 0.263354 0.135743 0.317542  0.117457 0.0713001  0.369392  0.103595  0.284484 0.0537721
(1,2,(3,(4,(5,6)))); -6158.44  0 31.5195 13.6021 26.7856 -6203.14 0.272332 0.271869 0.139229  0.31657  0.115876 0.0906372  0.392142  0.091072    0.2654 0.0448725
(1,2,(3,(4,(5,6)))); -6164.13  0 27.9187 13.2096 25.385 -6204.23 0.277377 0.254537 0.138493 0.329593 0.0934268  0.101369  0.417046 0.0808818  0.273785  0.033491
(1,2,(3,(4,(5,6)))); -6158.27  0 31.4239 13.4586 27.6109 -6203.84 0.272818 0.254569 0.148712 0.323901 0.0906878 0.0809044  0.436188  0.089014  0.266517 0.0366891
(1,2,(3,(4,(5,6)))); -6162.79  0 31.6108 13.2323 23.5205 -6204.69  0.29438 0.253055 0.147899 0.304666 0.0946223 0.0761872  0.480954 0.0855079  0.229176 0.0335531
(1,2,(3,(4,(5,6)))); -6159.17  0 31.4653 13.4306 26.951 -6204.16 0.289577  0.25674 0.150439 0.303243    0.1063 0.0756727   0.40112 0.0914118   0.27445 0.0510447
(1,2,(3,(4,(5,6)))); -6159.12  0 31.2007 13.3473 26.4294 -6203.4 0.289205 0.254825 0.131079 0.324891  0.109482 0.0814427  0.406534 0.0877046  0.278705 0.0361314
(1,2,(3,(4,(5,6)))); -6164.98  0 28.4211 13.5474 25.0722 -6204.93  0.27234 0.255305 0.153531 0.318825  0.119657 0.0844181  0.382018  0.102612  0.273313 0.0379819
(1,2,(3,(4,(5,6)))); -6158.92  0 30.6406 13.6322 27.5975 -6203.52 0.283126  0.26503 0.138188 0.313655  0.105004 0.0727256  0.428552 0.0762565  0.276114 0.0413484
(1,2,(3,(4,(5,6)))); -6160.57  0 32.8635 13.3843 24.8983 -6204.95 0.279097 0.264192 0.141157 0.315553 0.0797182 0.0688443  0.430192 0.0816753   0.29646 0.0431105
(1,2,(3,(4,(5,6)))); -6167.26  0 30.5397 13.3057 21.751 -6206.24 0.260602 0.248003 0.156727 0.334668  0.112297 0.0640849  0.421818 0.0970886  0.269856 0.0348555
(1,2,(3,(4,(5,6)))); -6161.18  0 28.4529 13.8459 27.8851 -6203.67 0.274708 0.262844 0.149697  0.31275 0.0914671 0.0744036  0.418142 0.0924988  0.277946 0.0455424
(1,2,(3,(4,(5,6)))); -6160.69  0 30.9 13.119 25.5139 -6203.99  0.29254 0.262024 0.129989 0.315447   0.11182   0.10203   0.41181 0.0899483  0.243856 0.0405353
(1,2,(3,(4,(5,6)))); -6159.37  0 30.195 13.6279 27.6879 -6203.63 0.277625 0.271696 0.144699  0.30598 0.0985394 0.0805473  0.407167 0.0859429  0.280993 0.0468104
(1,2,(3,(4,(5,6)))); -6165.41  0 30.6941 13.419 22.6307 -6205.32 0.287304 0.271526 0.129336 0.311834 0.0839923 0.0688368  0.466738 0.0881584   0.23878  0.053494
(1,2,(3,(4,(5,6)))); -6162.73  0 26.5954 13.3901 27.8851 -6203.82 0.273498 0.270903 0.141064 0.314535  0.105162  0.082125  0.443566 0.0815618  0.247773  0.039813
(1,2,(3,(4,(5,6)))); -6161.3  0 32.3367 13.8094 24.0934 -6203.92 0.285631 0.278542 0.141945 0.293883  0.106158  0.102269  0.421823 0.0867033  0.235015 0.0480314
