tree logl logTop logBL logPrior logQ logWt pi1 pi2 pi3 pi4 s1 s2 s3 s4 s5 s6
(1,(((2,(3,4)),(((5,(6,7)),(8,(9,10))),((((11,12),(13,14)),(15,(16,17))),((18,19),(20,21))))),(22,23)),24); -124384  0 210.901 84.6003 34.0786 -124544 0.239119 0.263237   0.1868 0.310843  0.352748  0.159753  0.112444 0.0337408  0.316884 0.0244298
(1,(((2,(3,4)),(((5,(6,7)),(8,(9,10))),((((11,12),(13,14)),(15,(16,17))),((18,19),(20,21))))),(22,23)),24); -124385  0 209.92 85.168 32.7665 -124542 0.243263 0.250232 0.190915 0.315589  0.376368   0.15941  0.113262 0.0358622  0.291095 0.0240036
(1,(((2,(3,4)),(((5,(6,7)),(8,(9,10))),((((11,12),(13,14)),(15,(16,17))),((18,19),(20,21))))),(22,23)),24); -124376  0 208.304 84.9259 35.9749 -124535  0.24477 0.254377 0.185526 0.315327  0.371577   0.15546  0.107338 0.0376244   0.30448 0.0235205
(1,(((2,(3,4)),(((5,(6,7)),(8,(9,10))),((((11,12),(13,14)),(15,(16,17))),((18,19),(20,21))))),(22,23)),24); -124384  0 208.004 84.9593 35.6115 -124542 0.241736 0.259706 0.187882 0.310676  0.352639   0.15874   0.11581 0.0351023  0.313048 0.0246607
(1,(((2,(3,4)),(((5,(6,7)),(8,(9,10))),((((11,12),(13,14)),(15,(16,17))),((18,19),(20,21))))),(22,23)),24); -124365  0 224.127 84.7629 34.4732 -124539 0.245162 0.256747 0.189706 0.308386  0.365565  0.152543  0.111109 0.0383059  0.307043  0.025433
(1,(((2,(3,4)),(((5,(6,7)),(8,(9,10))),((((11,12),(13,14)),(15,(16,17))),((18,19),(20,21))))),(22,23)),24); -124375  0 217.593 85.0153 34.4053 -124542 0.236852 0.258652 0.186839 0.317657  0.352852   0.15648  0.111057 0.0438208  0.310912  0.024879
(1,(((2,(3,4)),(((5,(6,7)),(8,(9,10))),((((11,12),(13,14)),(15,(16,17))),((18,19),(20,21))))),(22,23)),24); -124391  0 222.395 84.7958 30.0565 -124558  0.24014 0.255922 0.183241 0.320697  0.347775  0.164403  0.101532 0.0448427  0.316841 0.0246061
(1,(((2,(3,4)),(((5,(6,7)),(8,(9,10))),((((11,12),(13,14)),(15,(16,17))),((18,19),(20,21))))),(22,23)),24); -124370  0 220.805 84.8231 31.9469 -124538 0.242203 0.255301 0.187756  0.31474  0.368684  0.166818 0.0996829 0.0350524   0.30456 0.0252026
(1,(((2,(3,4)),(((5,(6,7)),(8,(9,10))),((((11,12),(13,14)),(15,(16,17))),((18,19),(20,21))))),(22,23)),24); -124381  0 214.87 84.9492 33.4161 -124544 0.236872  0.26134 0.188542 0.313246  0.362244  0.161522  0.117278 0.0307388  0.305096 0.0231208
(1,(((2,(3,4)),(((5,(6,7)),(8,(9,10))),((((11,12),(13,14)),(15,(16,17))),((18,19),(20,21))))),(22,23)),24); -124369  0 220.079 85.1146 32.7461 -124537 0.241045 0.256268 0.196275 0.306412  0.364014  0.160638  0.109332 0.0405234  0.302107 0.0233854
(1,(((2,(3,4)),(((5,(6,7)),(8,(9,10))),((((11,12),(13,14)),(15,(16,17))),((18,19),(20,21))))),(22,23)),24); -124381  0 208.416 85.0324 35.2893 -124539 0.238783 0.258172 0.187142 0.315903  0.352524  0.160248  0.120003 0.0379771  0.304631 0.0246162
(1,(((2,(3,4)),(((5,(6,7)),(8,(9,10))),((((11,12),(13,14)),(15,(16,17))),((18,19),(20,21))))),(22,23)),24); -124376  0 221.889 84.9192 33.6397 -124546  0.24033 0.255547 0.192077 0.312046  0.358359  0.154329  0.111806  0.032693  0.318264 0.0245496
(1,(((2,(3,4)),(((5,(6,7)),(8,(9,10))),((((11,12),(13,14)),(15,(16,17))),((18,19),(20,21))))),(22,23)),24); -124369  0 215.453 84.9836 36.4397 -124535 0.240862 0.257951 0.188697 0.312489  0.362504  0.159818  0.112495 0.0384578   0.30084 0.0258854
(1,(((2,(3,4)),(((5,(6,7)),(8,(9,10))),((((11,12),(13,14)),(15,(16,17))),((18,19),(20,21))))),(22,23)),24); -124391  0 215.879 85.0334 29.8138 -124552 0.239512 0.261739 0.183871 0.314878  0.358847  0.152376  0.119361 0.0456355   0.29662 0.0271603
(1,(((2,(3,4)),(((5,(6,7)),(8,(9,10))),((((11,12),(13,14)),(15,(16,17))),((18,19),(20,21))))),(22,23)),24); -124386  0 219.251 85.1438 30.6369 -124550 0.239948 0.262458 0.177938 0.319656  0.374469  0.157056  0.107016 0.0428217  0.296598 0.0220388
(1,(((2,(3,4)),(((5,(6,7)),(8,(9,10))),((((11,12),(13,14)),(15,(16,17))),((18,19),(20,21))))),(22,23)),24); -124381  0 212.352 84.9432 32.064 -124541 0.238692 0.253276 0.195259 0.312773  0.357867  0.156971  0.119613 0.0364565  0.301883 0.0272094
(1,(((2,(3,4)),(((5,(6,7)),(8,(9,10))),((((11,12),(13,14)),(15,(16,17))),((18,19),(20,21))))),(22,23)),24); -124372  0 221.348 85.1034 32.9803 -124542 0.234683 0.261524 0.191604 0.312188  0.361653   0.16491  0.113676 0.0370041  0.298748 0.0240093
(1,(((2,(3,4)),(((5,(6,7)),(8,(9,10))),((((11,12),(13,14)),(15,(16,17))),((18,19),(20,21))))),(22,23)),24); -124391  0 208.079 85.0673 31.7763 -124546 0.245763 0.252938 0.191742 0.309557  0.363291  0.152984  0.106742 0.0435378  0.311191 0.0222543
(1,(((2,(3,4)),(((5,(6,7)),(8,(9,10))),((((11,12),(13,14)),(15,(16,17))),((18,19),(20,21))))),(22,23)),24); -124382  0 208.521 84.9736 32.7066 -124538 0.237225 0.260358 0.192263 0.310155  0.367577    0.1615  0.102233 0.0345096  0.311065 0.0231148
(1,(((2,(3,4)),(((5,(6,7)),(8,(9,10))),((((11,12),(13,14)),(15,(16,17))),((18,19),(20,21))))),(22,23)),24); -124369  0 221.614 84.9269 34.8222 -124541 0.242156 0.255537 0.188667  0.31364  0.356906  0.157329  0.106326 0.0419132  0.310702 0.0268239
(1,(((2,(3,4)),(((5,(6,7)),(8,(9,10))),((((11,12),(13,14)),(15,(16,17))),((18,19),(20,21))))),(22,23)),24); -124381  0 221.398 84.9638 32.4763 -124550 0.248441 0.250716 0.184568 0.316275  0.348919  0.165043  0.113114 0.0341201  0.313995 0.0248093
(1,(((2,(3,4)),(((5,(6,7)),(8,(9,10))),((((11,12),(13,14)),(15,(16,17))),((18,19),(20,21))))),(22,23)),24); -124381  0 220.678 84.9815 30.3299 -124547 0.240582 0.256164 0.178927 0.324326  0.347045  0.161151  0.114876 0.0372987   0.31726  0.022369
(1,(((2,(3,4)),(((5,(6,7)),(8,(9,10))),((((11,12),(13,14)),(15,(16,17))),((18,19),(20,21))))),(22,23)),24); -124381  0 209.538 84.8034 33.641 -124540 0.237718 0.260322 0.189397 0.312564  0.361327  0.152299   0.11032 0.0432321  0.309675 0.0231474
(1,(((2,(3,4)),(((5,(6,7)),(8,(9,10))),((((11,12),(13,14)),(15,(16,17))),((18,19),(20,21))))),(22,23)),24); -124384  0 213.726 84.7352 34.715 -124547 0.242088 0.257024 0.185557 0.315331  0.349535  0.163808  0.115687 0.0318128  0.314607 0.0245508
(1,(((2,(3,4)),(((5,(6,7)),(8,(9,10))),((((11,12),(13,14)),(15,(16,17))),((18,19),(20,21))))),(22,23)),24); -124372  0 212.93 84.9546 35.4748 -124536 0.244194 0.259296 0.185377 0.311132  0.375518  0.158785  0.110542  0.035675  0.296039 0.0234411
(1,(((2,(3,4)),(((5,(6,7)),(8,(9,10))),((((11,12),(13,14)),(15,(16,17))),((18,19),(20,21))))),(22,23)),24); -124416  0 215.858 84.7801 28.6869 -124576 0.242701  0.25611 0.188701 0.312488  0.342472  0.160283  0.111901 0.0315882   0.33246 0.0212963
(1,(((2,(3,4)),(((5,(6,7)),(8,(9,10))),((((11,12),(13,14)),(15,(16,17))),((18,19),(20,21))))),(22,23)),24); -124379  0 217.711 84.9126 32.0527 -124543 0.241474 0.262268 0.191596 0.304662  0.353394  0.157255  0.116954  0.039561  0.308022 0.0248132
(1,(((2,(3,4)),(((5,(6,7)),(8,(9,10))),((((11,12),(13,14)),(15,(16,17))),((18,19),(20,21))))),(22,23)),24); -124404  0 206.352 85.0073 27.1154 -124552 0.242617 0.257397 0.187353 0.312633  0.361249  0.163955  0.106787 0.0287095  0.307531 0.0317683
(1,(((2,(3,4)),(((5,(6,7)),(8,(9,10))),((((11,12),(13,14)),(15,(16,17))),((18,19),(20,21))))),(22,23)),24); -124367  0 220.607 84.8436 35.5932 -124538 0.242691  0.25516 0.187871 0.314277  0.373865  0.156719   0.11289 0.0323227  0.301136 0.0230667
(1,(((2,(3,4)),(((5,(6,7)),(8,(9,10))),((((11,12),(13,14)),(15,(16,17))),((18,19),(20,21))))),(22,23)),24); -124381  0 214.121 84.6771 33.8612 -124544 0.241374  0.25718  0.19234 0.309106   0.36019  0.156561  0.113371 0.0316228  0.312346 0.0259098
(1,(((2,(3,4)),(((5,(6,7)),(8,(9,10))),((((11,12),(13,14)),(15,(16,17))),((18,19),(20,21))))),(22,23)),24); -124394  0 212.283 85.1107 30.5389 -124552 0.248128 0.253174 0.181851 0.316847  0.376079  0.153237  0.113617 0.0428543  0.288788 0.0254251
(1,(((2,(3,4)),(((5,(6,7)),(8,(9,10))),((((11,12),(13,14)),(15,(16,17))),((18,19),(20,21))))),(22,23)),24); -124404  0 218.417 84.8637 28.445 -124566 0.243942 0.253451 0.196882 0.305725  0.341755  0.158707  0.116891 0.0351348  0.319961 0.0275518
(1,(((2,(3,4)),(((5,(6,7)),(8,(9,10))),((((11,12),(13,14)),(15,(16,17))),((18,19),(20,21))))),(22,23)),24); -124395  0 228.063 84.6597 29.1379 -124567 0.237359 0.260419 0.183913 0.318309  0.337877  0.160047  0.112912 0.0499508  0.311989 0.0272243
(1,(((2,(3,4)),(((5,(6,7)),(8,(9,10))),((((11,12),(13,14)),(15,(16,17))),((18,19),(20,21))))),(22,23)),24); -124364  0 223.648 85.3076 35.6549 -124538 0.239807 0.255402 0.189334 0.315458   0.36171  0.156299  0.108077 0.0352614   0.31277 0.0258825
(1,(((2,(3,4)),(((5,(6,7)),(8,(9,10))),((((11,12),(13,14)),(15,(16,17))),((18,19),(20,21))))),(22,23)),24); -124370  0 220.307 84.8296 34.4383 -124540 0.242193 0.259754 0.180918 0.317135  0.358996  0.164333   0.11437 0.0371229  0.300927 0.0242514
(1,(((2,(3,4)),(((5,(6,7)),(8,(9,10))),((((11,12),(13,14)),(15,(16,17))),((18,19),(20,21))))),(22,23)),24); -124382  0 217.11 84.8875 33.0357 -124547 0.246082 0.258216 0.181269 0.314433  0.371102  0.155598  0.108957 0.0451988  0.295814 0.0233308
(1,(((2,(3,4)),(((5,(6,7)),(8,(9,10))),((((11,12),(13,14)),(15,(16,17))),((18,19),(20,21))))),(22,23)),24); -124392  0 208.394 85.2836 33.0768 -124548 0.233548 0.258989 0.189791 0.317673 0.373146 0.156109 0.114747 0.031274 0.300677 0.024047
(1,(((2,(3,4)),(((5,(6,7)),(8,(9,10))),((((11,12),(13,14)),(15,(16,17))),((18,19),(20,21))))),(22,23)),24); -124379  0 216.525 85.0106 31.4735 -124542 0.237707 0.261276 0.179296 0.321721  0.370673  0.152646  0.115868 0.0369471  0.299199 0.0246666
(1,(((2,(3,4)),(((5,(6,7)),(8,(9,10))),((((11,12),(13,14)),(15,(16,17))),((18,19),(20,21))))),(22,23)),24); -124385  0 212.578 85.0681 32.0181 -124545 0.239494 0.258095 0.185496 0.316915  0.345457  0.153713  0.121914 0.0395411  0.313244 0.0261316
(1,(((2,(3,4)),(((5,(6,7)),(8,(9,10))),((((11,12),(13,14)),(15,(16,17))),((18,19),(20,21))))),(22,23)),24); -124389  0 215.088 84.8955 33.6625 -124553 0.246485 0.255793 0.182217 0.315505  0.344721  0.161387  0.114833 0.0390526  0.317202 0.0228043
(1,(((2,(3,4)),(((5,(6,7)),(8,(9,10))),((((11,12),(13,14)),(15,(16,17))),((18,19),(20,21))))),(22,23)),24); -124376  0 209.722 84.8403 35.6561 -124536 0.237241 0.255753 0.188851 0.318155  0.358795  0.161283  0.114374 0.0348722  0.306494 0.0241819
(1,(((2,(3,4)),(((5,(6,7)),(8,(9,10))),((((11,12),(13,14)),(15,(16,17))),((18,19),(20,21))))),(22,23)),24); -124373  0 215.517 84.9582 33.0934 -124537 0.243996 0.261634 0.189623 0.304748  0.366442  0.155353  0.108051  0.037683  0.307444 0.0250273
(1,(((2,(3,4)),(((5,(6,7)),(8,(9,10))),((((11,12),(13,14)),(15,(16,17))),((18,19),(20,21))))),(22,23)),24); -124370  0 218.536 84.8792 34.5875 -124538 0.241732 0.259218 0.186715 0.312335  0.372089  0.159606   0.10437 0.0311428   0.30874 0.0240523
(1,(((2,(3,4)),(((5,(6,7)),(8,(9,10))),((((11,12),(13,14)),(15,(16,17))),((18,19),(20,21))))),(22,23)),24); -124378  0 215.321 84.8658 33.8048 -124542 0.240645 0.254047 0.195231 0.310076  0.350048  0.160448  0.114619 0.0410602  0.308995 0.0248293
(1,(((2,(3,4)),(((5,(6,7)),(8,(9,10))),((((11,12),(13,14)),(15,(16,17))),((18,19),(20,21))))),(22,23)),24); -124376  0 210.01 84.8062 35.369 -124536 0.246572 0.253317 0.187469 0.312642  0.360627   0.16012  0.114739 0.0364104  0.305283 0.0228204
(1,(((2,(3,4)),(((5,(6,7)),(8,(9,10))),((((11,12),(13,14)),(15,(16,17))),((18,19),(20,21))))),(22,23)),24); -124372  0 216.843 85.0635 35.0125 -124539 0.238812 0.260491 0.191096 0.309601   0.37101  0.157383  0.111982 0.0339255  0.302254 0.0234448
(1,(((2,(3,4)),(((5,(6,7)),(8,(9,10))),((((11,12),(13,14)),(15,(16,17))),((18,19),(20,21))))),(22,23)),24); -124386  0 214.688 85.0399 27.8445 -124543 0.244833 0.261911 0.173186  0.32007    0.3743  0.154034  0.102458 0.0396062  0.306094 0.0235081
(1,(((2,(3,4)),(((5,(6,7)),(8,(9,10))),((((11,12),(13,14)),(15,(16,17))),((18,19),(20,21))))),(22,23)),24); -124366  0 222.287 84.7651 34.4337 -124538 0.240285 0.261724 0.188007 0.309985  0.361786  0.154536  0.117354 0.0358409  0.306959 0.0235233
(1,(((2,(3,4)),(((5,(6,7)),(8,(9,10))),((((11,12),(13,14)),(15,(16,17))),((18,19),(20,21))))),(22,23)),24); -124375  0 221.057 84.9097 31.9684 -124544 0.238124 0.255289 0.183388 0.323199    0.3762   0.15644  0.103569 0.0385747  0.298975 0.0262415
(1,(((2,(3,4)),(((5,(6,7)),(8,(9,10))),((((11,12),(13,14)),(15,(16,17))),((18,19),(20,21))))),(22,23)),24); -124370  0 217.107 84.8474 35.3922 -124538 0.240474 0.253083 0.192661 0.313782  0.367489  0.155316  0.109142 0.0363479  0.306949 0.0247566
(1,(((2,(3,4)),(((5,(6,7)),(8,(9,10))),((((11,12),(13,14)),(15,(16,17))),((18,19),(20,21))))),(22,23)),24); -124372  0 220.274 84.7378 33.8711 -124541 0.243881 0.257665 0.182455 0.315999  0.352435  0.159996   0.12132 0.0341895  0.308852 0.0232064
(1,(((2,(3,4)),(((5,(6,7)),(8,(9,10))),((((11,12),(13,14)),(15,(16,17))),((18,19),(20,21))))),(22,23)),24); -124391  0 212.422 84.8156 32.9314 -124552 0.244184 0.258187 0.184037 0.313592  0.351944  0.164551  0.102214 0.0368532  0.318672 0.0257658
(1,(((2,(3,4)),(((5,(6,7)),(8,(9,10))),((((11,12),(13,14)),(15,(16,17))),((18,19),(20,21))))),(22,23)),24); -124365  0 225.186 84.8707 33.3804 -124539 0.242379 0.262452 0.182326 0.312842   0.36949  0.162914   0.10917 0.0387142  0.297531 0.0221812
(1,(((2,(3,4)),(((5,(6,7)),(8,(9,10))),((((11,12),(13,14)),(15,(16,17))),((18,19),(20,21))))),(22,23)),24); -124379  0 209.664 84.7924 34.7901 -124539 0.240908 0.259251 0.182953 0.316887  0.361483  0.162471  0.104996 0.0350076  0.310138 0.0259044
(1,(((2,(3,4)),(((5,(6,7)),(8,(9,10))),((((11,12),(13,14)),(15,(16,17))),((18,19),(20,21))))),(22,23)),24); -124385  0 216.128 85.0348 31.6763 -124548 0.241926 0.257596  0.19215 0.308329  0.381349  0.153047  0.108311 0.0311216  0.304953 0.0212187
(1,(((2,(3,4)),(((5,(6,7)),(8,(9,10))),((((11,12),(13,14)),(15,(16,17))),((18,19),(20,21))))),(22,23)),24); -124372  0 215.721 84.7815 33.8671 -124537 0.239017 0.262852 0.182193 0.315939 0.369197 0.157017 0.107059 0.034343 0.305708 0.026676
(1,(((2,(3,4)),(((5,(6,7)),(8,(9,10))),((((11,12),(13,14)),(15,(16,17))),((18,19),(20,21))))),(22,23)),24); -124382  0 210.478 85.0082 32.745 -124540 0.245195 0.252641 0.181932 0.320231  0.362422  0.160718  0.103715 0.0365916   0.31272 0.0238324
(1,(((2,(3,4)),(((5,(6,7)),(8,(9,10))),((((11,12),(13,14)),(15,(16,17))),((18,19),(20,21))))),(22,23)),24); -124374  0 213.031 84.9617 33.8565 -124536 0.244056 0.258509 0.182881 0.314554  0.372241  0.163618  0.107603 0.0344578  0.300094 0.0219862
(1,(((2,(3,4)),(((5,(6,7)),(8,(9,10))),((((11,12),(13,14)),(15,(16,17))),((18,19),(20,21))))),(22,23)),24); -124369  0 219.834 85.1245 35.2948 -124539 0.241751 0.255677 0.188719 0.313854  0.374029  0.151193  0.109745 0.0367578   0.30513 0.0231459
(1,(((2,(3,4)),(((5,(6,7)),(8,(9,10))),((((11,12),(13,14)),(15,(16,17))),((18,19),(20,21))))),(22,23)),24); -124388  0 213.77 84.9111 29.3225 -124546 0.242537 0.256051 0.181487 0.319926   0.37057   0.16385  0.103463 0.0275099  0.311367 0.0232397
(1,(((2,(3,4)),(((5,(6,7)),(8,(9,10))),((((11,12),(13,14)),(15,(16,17))),((18,19),(20,21))))),(22,23)),24); -124395  0 220.139 84.8908 28.8094 -124559 0.249904  0.25314 0.183943 0.313013  0.347052   0.16328  0.118215 0.0305643  0.311619 0.0292693
(1,(((2,(3,4)),(((5,(6,7)),(8,(9,10))),((((11,12),(13,14)),(15,(16,17))),((18,19),(20,21))))),(22,23)),24); -124378  0 214.365 85.0595 33.8682 -124541 0.240896 0.255927 0.194076 0.309101  0.360707  0.153348  0.114297 0.0370628  0.309377 0.0252083
