tree logl logTop logBL logPrior logQ logWt pi1 pi2 pi3 pi4 s1 s2 s3 s4 s5 s6
(1,(((2,(3,4)),(((5,(6,7)),(8,(9,10))),((((11,12),(13,14)),(15,(16,17))),((18,19),(20,21))))),(22,23)),24); -124375  0 213.218 84.982 37.0752 -124540 0.244527 0.255101 0.188283  0.31209  0.359071  0.157596  0.107987 0.0377849  0.312672 0.0248891
(1,(((2,(3,4)),(((5,(6,7)),(8,(9,10))),((((11,12),(13,14)),(15,(16,17))),((18,19),(20,21))))),(22,23)),24); -124366  0 215.875 85.1218 40.0324 -124537 0.244337 0.256962 0.185202   0.3135  0.366343  0.158006  0.109368 0.0374903  0.305367 0.0234254
(1,(((2,(3,4)),(((5,(6,7)),(8,(9,10))),((((11,12),(13,14)),(15,(16,17))),((18,19),(20,21))))),(22,23)),24); -124366  0 218.52 84.9758 36.5333 -124537 0.245065 0.251907 0.189027    0.314  0.363166  0.162123  0.113585 0.0350727  0.302175 0.0238791
(1,(((2,(3,4)),(((5,(6,7)),(8,(9,10))),((((11,12),(13,14)),(15,(16,17))),((18,19),(20,21))))),(22,23)),24); -124378  0 208.28 84.9936 37.4887 -124538 0.246216 0.256894 0.181354 0.315536  0.361227  0.161098  0.112186 0.0364135  0.304622 0.0244524
(1,(((2,(3,4)),(((5,(6,7)),(8,(9,10))),((((11,12),(13,14)),(15,(16,17))),((18,19),(20,21))))),(22,23)),24); -124366  0 218.031 84.8959 38.7945 -124538 0.244649 0.256406 0.187604  0.31134  0.365517  0.161003  0.108844 0.0341175   0.30714 0.0233781
(1,(((2,(3,4)),(((5,(6,7)),(8,(9,10))),((((11,12),(13,14)),(15,(16,17))),((18,19),(20,21))))),(22,23)),24); -124371  0 212.58 85.0953 37.9884 -124537 0.244007  0.25648 0.187229 0.312283  0.363989  0.161722  0.112824 0.0385003  0.299801 0.0231635
(1,(((2,(3,4)),(((5,(6,7)),(8,(9,10))),((((11,12),(13,14)),(15,(16,17))),((18,19),(20,21))))),(22,23)),24); -124364  0 219.595 84.9649 38.3731 -124537 0.244577 0.259124 0.184197 0.312101    0.3719  0.159058  0.104736 0.0351888  0.304422  0.024695
(1,(((2,(3,4)),(((5,(6,7)),(8,(9,10))),((((11,12),(13,14)),(15,(16,17))),((18,19),(20,21))))),(22,23)),24); -124370  0 213.994 84.6743 37.9283 -124537 0.246325 0.259764 0.182059 0.311852  0.366393  0.159323  0.111013 0.0341899  0.304827 0.0242537
(1,(((2,(3,4)),(((5,(6,7)),(8,(9,10))),((((11,12),(13,14)),(15,(16,17))),((18,19),(20,21))))),(22,23)),24); -124369  0 215.495 84.7863 38.2633 -124538 0.243586 0.259441 0.187596 0.309377  0.368397  0.154816  0.109497 0.0359229  0.308186 0.0231811
(1,(((2,(3,4)),(((5,(6,7)),(8,(9,10))),((((11,12),(13,14)),(15,(16,17))),((18,19),(20,21))))),(22,23)),24); -124363  0 219.652 84.7408 39.832 -124538 0.245067 0.256839 0.185808 0.312285  0.367032  0.160146  0.107277 0.0368512  0.303657 0.0250369
(1,(((2,(3,4)),(((5,(6,7)),(8,(9,10))),((((11,12),(13,14)),(15,(16,17))),((18,19),(20,21))))),(22,23)),24); -124364  0 220.776 84.9106 38.574 -124538 0.247042 0.257037 0.183952 0.311969  0.366973  0.159312   0.10608 0.0369208  0.307138 0.0235762
(1,(((2,(3,4)),(((5,(6,7)),(8,(9,10))),((((11,12),(13,14)),(15,(16,17))),((18,19),(20,21))))),(22,23)),24); -124370  0 221.421 85.0425 32.1007 -124538 0.235322 0.253188 0.188598 0.322893  0.366032  0.159189  0.110886 0.0339015  0.306706 0.0232851
(1,(((2,(3,4)),(((5,(6,7)),(8,(9,10))),((((11,12),(13,14)),(15,(16,17))),((18,19),(20,21))))),(22,23)),24); -124371  0 214.496 85.0928 38.0054 -124538 0.245235 0.261241 0.184024 0.309499  0.364972  0.161069  0.112216 0.0363614  0.301626 0.0237562
(1,(((2,(3,4)),(((5,(6,7)),(8,(9,10))),((((11,12),(13,14)),(15,(16,17))),((18,19),(20,21))))),(22,23)),24); -124372  0 217.748 84.7053 35.1174 -124540 0.241855 0.262229 0.183432 0.312484  0.360501  0.163219  0.106894 0.0359465  0.306521 0.0269176
(1,(((2,(3,4)),(((5,(6,7)),(8,(9,10))),((((11,12),(13,14)),(15,(16,17))),((18,19),(20,21))))),(22,23)),24); -124372  0 215.567 84.909 35.4809 -124538 0.244856 0.263321 0.183223   0.3086  0.365227  0.155564  0.112888 0.0341906  0.307691 0.0244391
(1,(((2,(3,4)),(((5,(6,7)),(8,(9,10))),((((11,12),(13,14)),(15,(16,17))),((18,19),(20,21))))),(22,23)),24); -124380  0 211.506 84.9478 34.9383 -124541 0.239404 0.254992 0.186648 0.318956  0.377114  0.158487  0.109419 0.0354399  0.295924 0.0236155
(1,(((2,(3,4)),(((5,(6,7)),(8,(9,10))),((((11,12),(13,14)),(15,(16,17))),((18,19),(20,21))))),(22,23)),24); -124373  0 215.444 85.0474 36.2488 -124540 0.240782 0.259363  0.18525 0.314605  0.368703   0.16147  0.111427 0.0394969  0.295008 0.0238946
(1,(((2,(3,4)),(((5,(6,7)),(8,(9,10))),((((11,12),(13,14)),(15,(16,17))),((18,19),(20,21))))),(22,23)),24); -124370  0 212.425 84.8117 39.2493 -124537 0.243124 0.256466 0.185784 0.314626  0.368098  0.158107   0.10887 0.0377595  0.301298  0.025868
(1,(((2,(3,4)),(((5,(6,7)),(8,(9,10))),((((11,12),(13,14)),(15,(16,17))),((18,19),(20,21))))),(22,23)),24); -124365  0 220.611 84.8992 36.2831 -124537 0.244382 0.261133 0.182576 0.311909  0.369889  0.161562  0.109175 0.0325929  0.302323  0.024458
(1,(((2,(3,4)),(((5,(6,7)),(8,(9,10))),((((11,12),(13,14)),(15,(16,17))),((18,19),(20,21))))),(22,23)),24); -124368  0 220.849 85.0383 31.911 -124536 0.235637 0.254447 0.192283 0.317633  0.358579  0.163926  0.107862 0.0388271  0.305686 0.0251195
(1,(((2,(3,4)),(((5,(6,7)),(8,(9,10))),((((11,12),(13,14)),(15,(16,17))),((18,19),(20,21))))),(22,23)),24); -124364  0 221.279 84.8512 38.2786 -124539 0.244333 0.258368 0.187239  0.31006  0.358924  0.161923  0.111562 0.0372059  0.306199 0.0241872
