tree logl logTop logBL logPrior logQ logWt pi1 pi2 pi3 pi4 s1 s2 s3 s4 s5 s6
(1,(((2,(3,4)),(((5,(6,7)),(8,(9,10))),((((11,12),(13,14)),(15,(16,17))),((18,19),(20,21))))),(22,23)),24); -124374  0 214.754 85.01 36.196 -124540 0.245356 0.254026 0.187953 0.312665   0.36482  0.155963  0.111081 0.0346163  0.311268 0.0222511
(1,(((2,(3,4)),(((5,(6,7)),(8,(9,10))),((((11,12),(13,14)),(15,(16,17))),((18,19),(20,21))))),(22,23)),24); -124383  0 205.966 84.5862 35.5477 -124540 0.249356 0.254021 0.186418 0.310204  0.366089  0.158442   0.10532 0.0361456  0.307815  0.026188
(1,(((2,(3,4)),(((5,(6,7)),(8,(9,10))),((((11,12),(13,14)),(15,(16,17))),((18,19),(20,21))))),(22,23)),24); -124372  0 212.361 84.9827 38.497 -124538 0.246438 0.255475 0.184294 0.313793  0.367213  0.158337  0.107443 0.0387499  0.303193 0.0250642
(1,(((2,(3,4)),(((5,(6,7)),(8,(9,10))),((((11,12),(13,14)),(15,(16,17))),((18,19),(20,21))))),(22,23)),24); -124369  0 214.139 84.6824 37.4586 -124536 0.240104 0.256714 0.185451 0.317731  0.363628  0.155501   0.11413 0.0372319  0.304391 0.0251184
(1,(((2,(3,4)),(((5,(6,7)),(8,(9,10))),((((11,12),(13,14)),(15,(16,17))),((18,19),(20,21))))),(22,23)),24); -124362  0 223.338 84.7792 35.9293 -124537 0.243617 0.258232 0.183509 0.314642  0.366311  0.153069  0.109958 0.0404709  0.306934 0.0232574
(1,(((2,(3,4)),(((5,(6,7)),(8,(9,10))),((((11,12),(13,14)),(15,(16,17))),((18,19),(20,21))))),(22,23)),24); -124370  0 219.044 85.02 34.0352 -124538 0.238454 0.257298 0.191844 0.312403  0.366027  0.156949  0.110451 0.0359525  0.302557 0.0280633
(1,(((2,(3,4)),(((5,(6,7)),(8,(9,10))),((((11,12),(13,14)),(15,(16,17))),((18,19),(20,21))))),(22,23)),24); -124377  0 215.161 85.2732 33.6616 -124541  0.23614 0.257906 0.193014  0.31294  0.373794  0.153482  0.109305 0.0367065  0.301664 0.0250481
(1,(((2,(3,4)),(((5,(6,7)),(8,(9,10))),((((11,12),(13,14)),(15,(16,17))),((18,19),(20,21))))),(22,23)),24); -124358  0 225.548 84.8527 38.8467 -124538 0.240453 0.261202 0.184921 0.313423  0.364562  0.157855  0.109198 0.0382825  0.305115 0.0249883
(1,(((2,(3,4)),(((5,(6,7)),(8,(9,10))),((((11,12),(13,14)),(15,(16,17))),((18,19),(20,21))))),(22,23)),24); -124370  0 213.954 84.7577 38.8416 -124538 0.242912 0.257784 0.185286 0.314018  0.365562  0.157425  0.107019 0.0359229  0.310903 0.0231689
(1,(((2,(3,4)),(((5,(6,7)),(8,(9,10))),((((11,12),(13,14)),(15,(16,17))),((18,19),(20,21))))),(22,23)),24); -124364  0 220.541 84.8648 38.3734 -124538 0.241729 0.255036 0.189779 0.313456  0.366221  0.158651  0.105174 0.0360494  0.308913 0.0249919
(1,(((2,(3,4)),(((5,(6,7)),(8,(9,10))),((((11,12),(13,14)),(15,(16,17))),((18,19),(20,21))))),(22,23)),24); -124371  0 213.514 84.6018 37.5196 -124537 0.243856 0.259385 0.187237 0.309523  0.370252   0.15568   0.10441  0.036183  0.308397 0.0250782
(1,(((2,(3,4)),(((5,(6,7)),(8,(9,10))),((((11,12),(13,14)),(15,(16,17))),((18,19),(20,21))))),(22,23)),24); -124379  0 207.588 85.1457 34.8356 -124536 0.239281 0.251454 0.189302 0.319962  0.362673  0.156314  0.110787 0.0380012  0.306733 0.0254909
(1,(((2,(3,4)),(((5,(6,7)),(8,(9,10))),((((11,12),(13,14)),(15,(16,17))),((18,19),(20,21))))),(22,23)),24); -124365  0 221.501 85.0966 36.5094 -124538  0.24358 0.256622 0.186376 0.313422  0.368764  0.157446  0.108086 0.0414275  0.301483 0.0227932
(1,(((2,(3,4)),(((5,(6,7)),(8,(9,10))),((((11,12),(13,14)),(15,(16,17))),((18,19),(20,21))))),(22,23)),24); -124378  0 209.208 84.9472 36.6206 -124539 0.241442 0.258495 0.190278 0.309784  0.360208   0.15619  0.109734 0.0367906  0.313186 0.0238915
(1,(((2,(3,4)),(((5,(6,7)),(8,(9,10))),((((11,12),(13,14)),(15,(16,17))),((18,19),(20,21))))),(22,23)),24); -124380  0 211.377 84.8593 32.6446 -124539 0.241441 0.260087 0.186582  0.31189  0.360913  0.165818  0.117234 0.0348178  0.296783 0.0244353
(1,(((2,(3,4)),(((5,(6,7)),(8,(9,10))),((((11,12),(13,14)),(15,(16,17))),((18,19),(20,21))))),(22,23)),24); -124364  0 221.926 85.1108 37.9615 -124538  0.24541 0.255421 0.187287 0.311882  0.373445  0.154519  0.109283 0.0359736  0.303451 0.0233285
(1,(((2,(3,4)),(((5,(6,7)),(8,(9,10))),((((11,12),(13,14)),(15,(16,17))),((18,19),(20,21))))),(22,23)),24); -124373  0 218.405 84.9939 33.9136 -124540  0.24683 0.253802 0.185811 0.313557  0.358749  0.155142  0.114387 0.0343194  0.311947 0.0254551
(1,(((2,(3,4)),(((5,(6,7)),(8,(9,10))),((((11,12),(13,14)),(15,(16,17))),((18,19),(20,21))))),(22,23)),24); -124370  0 215.772 85.1145 38.0786 -124539 0.238673 0.260513 0.187758 0.313057   0.36977  0.159982   0.10929 0.0342149   0.30209 0.0246528
(1,(((2,(3,4)),(((5,(6,7)),(8,(9,10))),((((11,12),(13,14)),(15,(16,17))),((18,19),(20,21))))),(22,23)),24); -124368  0 216.645 85.092 38.0186 -124538 0.244034 0.256295 0.189759 0.309912   0.36773  0.157663  0.113514 0.0367842  0.299317 0.0249919
(1,(((2,(3,4)),(((5,(6,7)),(8,(9,10))),((((11,12),(13,14)),(15,(16,17))),((18,19),(20,21))))),(22,23)),24); -124374  0 211.226 84.9132 35.075 -124536  0.24099 0.260543 0.181398 0.317069  0.368936  0.156637  0.111763 0.0330026  0.306938 0.0227233
(1,(((2,(3,4)),(((5,(6,7)),(8,(9,10))),((((11,12),(13,14)),(15,(16,17))),((18,19),(20,21))))),(22,23)),24); -124364  0 221.057 85.1954 38.7009 -124538 0.242723 0.258382 0.187606 0.311289  0.366691  0.155535   0.10837 0.0352797  0.308513 0.0256113
