tree logl logTop logBL logPrior logQ logWt pi1 pi2 pi3 pi4 s1 s2 s3 s4 s5 s6
(1,(((2,(3,4)),(((5,(6,7)),(8,(9,10))),((((11,12),(13,14)),(15,(16,17))),((18,19),(20,21))))),(22,23)),24); -124369  0 217.09 84.9442 37.2679 -124538 0.243184 0.258234 0.185853  0.31273  0.360685  0.154903  0.111722 0.0360134   0.31109 0.0255871
(1,(((2,(3,4)),(((5,(6,7)),(8,(9,10))),((((11,12),(13,14)),(15,(16,17))),((18,19),(20,21))))),(22,23)),24); -124367  0 219.769 85.1241 36.9302 -124539 0.240591 0.257624 0.187284 0.314501  0.372099  0.163308  0.104439 0.0377123   0.29932 0.0231211
(1,(((2,(3,4)),(((5,(6,7)),(8,(9,10))),((((11,12),(13,14)),(15,(16,17))),((18,19),(20,21))))),(22,23)),24); -124371  0 214.647 84.9338 37.2346 -124538 0.246808 0.256482 0.184704 0.312007  0.365767  0.163177  0.107136 0.0345094  0.303825 0.0255861
(1,(((2,(3,4)),(((5,(6,7)),(8,(9,10))),((((11,12),(13,14)),(15,(16,17))),((18,19),(20,21))))),(22,23)),24); -124362  0 222.706 84.9737 37.7867 -124537 0.240195 0.254212 0.186817 0.318776  0.363341  0.160246  0.108921 0.0357214  0.306662 0.0251096
(1,(((2,(3,4)),(((5,(6,7)),(8,(9,10))),((((11,12),(13,14)),(15,(16,17))),((18,19),(20,21))))),(22,23)),24); -124374  0 217.019 84.5649 32.9126 -124540 0.248119 0.255603 0.189826 0.306452  0.360417  0.161626  0.112224 0.0361657  0.308012 0.0215554
(1,(((2,(3,4)),(((5,(6,7)),(8,(9,10))),((((11,12),(13,14)),(15,(16,17))),((18,19),(20,21))))),(22,23)),24); -124372  0 216.878 84.8648 35.2388 -124539 0.239788  0.25507 0.187705 0.317437  0.369212  0.156354  0.106453  0.032886  0.312517 0.0225789
(1,(((2,(3,4)),(((5,(6,7)),(8,(9,10))),((((11,12),(13,14)),(15,(16,17))),((18,19),(20,21))))),(22,23)),24); -124362  0 220.872 84.7901 39.4388 -124537 0.243303 0.257988 0.184998 0.313712  0.364799  0.156225  0.109995 0.0375642  0.306368  0.025048
(1,(((2,(3,4)),(((5,(6,7)),(8,(9,10))),((((11,12),(13,14)),(15,(16,17))),((18,19),(20,21))))),(22,23)),24); -124368  0 219.253 84.9807 36.9889 -124539 0.239838 0.259948  0.18307 0.317144  0.368927  0.161322  0.106643 0.0335336  0.306257 0.0233174
(1,(((2,(3,4)),(((5,(6,7)),(8,(9,10))),((((11,12),(13,14)),(15,(16,17))),((18,19),(20,21))))),(22,23)),24); -124370  0 217.996 84.8474 33.8687 -124537  0.24437 0.257492  0.18435 0.313788  0.371638  0.158182  0.116623 0.0333469  0.297382 0.0228291
(1,(((2,(3,4)),(((5,(6,7)),(8,(9,10))),((((11,12),(13,14)),(15,(16,17))),((18,19),(20,21))))),(22,23)),24); -124376  0 207.604 84.7978 38.359 -124537 0.241633  0.25898 0.187408 0.311979   0.36253  0.162181  0.113091 0.0359936  0.301805 0.0243992
(1,(((2,(3,4)),(((5,(6,7)),(8,(9,10))),((((11,12),(13,14)),(15,(16,17))),((18,19),(20,21))))),(22,23)),24); -124361  0 222.676 84.882 39.0134 -124538 0.239766 0.258437 0.188501 0.313296  0.367006  0.160626  0.105364 0.0379848  0.304564 0.0244543
(1,(((2,(3,4)),(((5,(6,7)),(8,(9,10))),((((11,12),(13,14)),(15,(16,17))),((18,19),(20,21))))),(22,23)),24); -124377  0 211.591 84.8168 35.8138 -124540 0.242758 0.262004 0.184816 0.310422  0.359928  0.163455  0.112602 0.0342331   0.30682 0.0229617
(1,(((2,(3,4)),(((5,(6,7)),(8,(9,10))),((((11,12),(13,14)),(15,(16,17))),((18,19),(20,21))))),(22,23)),24); -124373  0 216.076 84.8284 34.6753 -124539   0.2463 0.257685  0.18438 0.311635  0.367424  0.152151  0.108122 0.0364681  0.308573 0.0272616
(1,(((2,(3,4)),(((5,(6,7)),(8,(9,10))),((((11,12),(13,14)),(15,(16,17))),((18,19),(20,21))))),(22,23)),24); -124367  0 224.444 84.7748 33.0707 -124540 0.249426 0.255119 0.186101 0.309353  0.369103  0.153304  0.108402  0.035259  0.306933 0.0269989
(1,(((2,(3,4)),(((5,(6,7)),(8,(9,10))),((((11,12),(13,14)),(15,(16,17))),((18,19),(20,21))))),(22,23)),24); -124372  0 216.202 84.8629 36.8305 -124540 0.241369 0.260996 0.188541 0.309094  0.361055   0.16031  0.109762  0.033863  0.311037 0.0239729
(1,(((2,(3,4)),(((5,(6,7)),(8,(9,10))),((((11,12),(13,14)),(15,(16,17))),((18,19),(20,21))))),(22,23)),24); -124373  0 216.35 84.8846 34.1431 -124539 0.241194 0.256642  0.18407 0.318093  0.366816    0.1572  0.105666 0.0317929  0.314631 0.0238941
(1,(((2,(3,4)),(((5,(6,7)),(8,(9,10))),((((11,12),(13,14)),(15,(16,17))),((18,19),(20,21))))),(22,23)),24); -124383  0 204.526 84.8053 35.3626 -124538 0.248877 0.256109 0.187802 0.307211  0.366711  0.160662  0.106349 0.0360997  0.304217 0.0259615
(1,(((2,(3,4)),(((5,(6,7)),(8,(9,10))),((((11,12),(13,14)),(15,(16,17))),((18,19),(20,21))))),(22,23)),24); -124378  0 208.764 85.2238 36.9208 -124539 0.243294 0.256921 0.187868 0.311917  0.365305  0.152387  0.114353 0.0372284  0.306539 0.0241879
(1,(((2,(3,4)),(((5,(6,7)),(8,(9,10))),((((11,12),(13,14)),(15,(16,17))),((18,19),(20,21))))),(22,23)),24); -124374  0 212.611 85.0291 34.8633 -124536 0.241119 0.263607 0.183541 0.311733  0.373055  0.157513  0.106131 0.0326009  0.307516 0.0231836
(1,(((2,(3,4)),(((5,(6,7)),(8,(9,10))),((((11,12),(13,14)),(15,(16,17))),((18,19),(20,21))))),(22,23)),24); -124368  0 217.761 85.2256 36.3428 -124537 0.240686 0.258698  0.19107 0.309546  0.369961  0.162237  0.106786 0.0389377  0.298357 0.0237218
(1,(((2,(3,4)),(((5,(6,7)),(8,(9,10))),((((11,12),(13,14)),(15,(16,17))),((18,19),(20,21))))),(22,23)),24); -124367  0 219.518 85.0266 36.3129 -124537 0.243307 0.259454 0.183351 0.313888   0.36625  0.154891  0.113094 0.0404329   0.30185 0.0234822
(1,(((2,(3,4)),(((5,(6,7)),(8,(9,10))),((((11,12),(13,14)),(15,(16,17))),((18,19),(20,21))))),(22,23)),24); -124380  0 208.379 84.7778 36.5972 -124540 0.243014 0.255748 0.188436 0.312803  0.361139  0.158028  0.109478 0.0358867  0.313645 0.0218236
(1,(((2,(3,4)),(((5,(6,7)),(8,(9,10))),((((11,12),(13,14)),(15,(16,17))),((18,19),(20,21))))),(22,23)),24); -124373  0 214.407 84.949 34.7901 -124537 0.243128 0.261716 0.189358 0.305798  0.371893  0.158683  0.111348 0.0367375   0.29711 0.0242294
(1,(((2,(3,4)),(((5,(6,7)),(8,(9,10))),((((11,12),(13,14)),(15,(16,17))),((18,19),(20,21))))),(22,23)),24); -124363  0 224.409 84.8067 33.9057 -124536 0.236738 0.255867 0.190102 0.317293  0.361946  0.161312  0.108237 0.0389545  0.302583 0.0269672
(1,(((2,(3,4)),(((5,(6,7)),(8,(9,10))),((((11,12),(13,14)),(15,(16,17))),((18,19),(20,21))))),(22,23)),24); -124368  0 214.12 84.7807 37.8465 -124536 0.243514 0.254809 0.190109 0.311568 0.364636 0.162987 0.110144 0.037463 0.300351 0.024418
(1,(((2,(3,4)),(((5,(6,7)),(8,(9,10))),((((11,12),(13,14)),(15,(16,17))),((18,19),(20,21))))),(22,23)),24); -124375  0 212.647 84.9857 34.9976 -124537 0.237164 0.260902 0.188585 0.313349  0.364894    0.1597  0.103304 0.0404022  0.306882 0.0248172
(1,(((2,(3,4)),(((5,(6,7)),(8,(9,10))),((((11,12),(13,14)),(15,(16,17))),((18,19),(20,21))))),(22,23)),24); -124369  0 215.786 85.0649 37.6385 -124538 0.243892  0.25502 0.191138  0.30995  0.365486  0.157935   0.11222 0.0378182  0.303376 0.0231647
(1,(((2,(3,4)),(((5,(6,7)),(8,(9,10))),((((11,12),(13,14)),(15,(16,17))),((18,19),(20,21))))),(22,23)),24); -124369  0 216.068 84.9562 35.886 -124536 0.245855 0.254487 0.186955 0.312703  0.373453  0.162584  0.103373 0.0343486  0.301792 0.0244497
(1,(((2,(3,4)),(((5,(6,7)),(8,(9,10))),((((11,12),(13,14)),(15,(16,17))),((18,19),(20,21))))),(22,23)),24); -124374  0 212.867 84.867 37.4954 -124539 0.243947 0.260893 0.183799 0.311361   0.36321  0.161578   0.10804 0.0372105  0.303665 0.0262966
(1,(((2,(3,4)),(((5,(6,7)),(8,(9,10))),((((11,12),(13,14)),(15,(16,17))),((18,19),(20,21))))),(22,23)),24); -124369  0 216.703 84.9203 35.0871 -124536 0.242267 0.255323 0.185813 0.316597  0.358578  0.160662  0.115631 0.0396819  0.302003 0.0234441
(1,(((2,(3,4)),(((5,(6,7)),(8,(9,10))),((((11,12),(13,14)),(15,(16,17))),((18,19),(20,21))))),(22,23)),24); -124375  0 214.04 84.8977 33.3099 -124537 0.247295 0.254685 0.187961 0.310059  0.372798  0.155512   0.10955 0.0388367  0.296779 0.0265235
(1,(((2,(3,4)),(((5,(6,7)),(8,(9,10))),((((11,12),(13,14)),(15,(16,17))),((18,19),(20,21))))),(22,23)),24); -124370  0 218.067 84.7814 34.8664 -124538 0.242885 0.259513 0.181176 0.316426  0.362233  0.157175  0.109007  0.034562  0.309868 0.0271545
(1,(((2,(3,4)),(((5,(6,7)),(8,(9,10))),((((11,12),(13,14)),(15,(16,17))),((18,19),(20,21))))),(22,23)),24); -124375  0 208.848 84.8795 38.068 -124537  0.24474  0.26024 0.187467 0.307553  0.366863   0.16031  0.107732 0.0348215  0.305415 0.0248588
(1,(((2,(3,4)),(((5,(6,7)),(8,(9,10))),((((11,12),(13,14)),(15,(16,17))),((18,19),(20,21))))),(22,23)),24); -124376  0 207.24 85.1119 39.3107 -124537 0.241502 0.256246 0.188629 0.313623  0.363581   0.16263  0.107199 0.0371414  0.305111 0.0243378
(1,(((2,(3,4)),(((5,(6,7)),(8,(9,10))),((((11,12),(13,14)),(15,(16,17))),((18,19),(20,21))))),(22,23)),24); -124372  0 213.252 84.7346 36.6996 -124538 0.244012 0.258064 0.189507 0.308417  0.364383  0.161133  0.104304 0.0388463  0.305473 0.0258606
(1,(((2,(3,4)),(((5,(6,7)),(8,(9,10))),((((11,12),(13,14)),(15,(16,17))),((18,19),(20,21))))),(22,23)),24); -124369  0 217.827 84.6766 37.7061 -124540  0.24615 0.258727 0.183016 0.312108  0.362187  0.159403  0.107636  0.035942  0.311193 0.0236393
(1,(((2,(3,4)),(((5,(6,7)),(8,(9,10))),((((11,12),(13,14)),(15,(16,17))),((18,19),(20,21))))),(22,23)),24); -124360  0 223.15 85.02 39.113 -124538 0.241379 0.260432 0.188369  0.30982  0.367572  0.160038  0.109805   0.03556  0.303136 0.0238891
(1,(((2,(3,4)),(((5,(6,7)),(8,(9,10))),((((11,12),(13,14)),(15,(16,17))),((18,19),(20,21))))),(22,23)),24); -124371  0 217.591 84.8882 34.58 -124538 0.246061  0.25604 0.185198 0.312701   0.37333  0.155923  0.108255 0.0394833  0.302056 0.0209535
(1,(((2,(3,4)),(((5,(6,7)),(8,(9,10))),((((11,12),(13,14)),(15,(16,17))),((18,19),(20,21))))),(22,23)),24); -124363  0 221.09 85.0802 38.011 -124537 0.239023 0.255855 0.186715 0.318407  0.366241  0.156856  0.110323 0.0351941  0.307458 0.0239282
(1,(((2,(3,4)),(((5,(6,7)),(8,(9,10))),((((11,12),(13,14)),(15,(16,17))),((18,19),(20,21))))),(22,23)),24); -124361  0 222.4 84.8417 39.4647 -124538 0.242197 0.257725 0.184817 0.315261  0.364874  0.162046  0.107269 0.0368889  0.305685 0.0232371
(1,(((2,(3,4)),(((5,(6,7)),(8,(9,10))),((((11,12),(13,14)),(15,(16,17))),((18,19),(20,21))))),(22,23)),24); -124367  0 218.183 85.0411 36.4078 -124537 0.239927  0.26066  0.18394 0.315473  0.370768  0.156166  0.102937 0.0358028  0.309778 0.0245475
(1,(((2,(3,4)),(((5,(6,7)),(8,(9,10))),((((11,12),(13,14)),(15,(16,17))),((18,19),(20,21))))),(22,23)),24); -124377  0 209.593 84.9649 35.3246 -124537 0.244102 0.253951 0.185106 0.316841  0.358409   0.16056  0.111868 0.0339409  0.309361 0.0258621
(1,(((2,(3,4)),(((5,(6,7)),(8,(9,10))),((((11,12),(13,14)),(15,(16,17))),((18,19),(20,21))))),(22,23)),24); -124380  0 208.649 84.9525 36.2027 -124540 0.244586 0.257421 0.188259 0.309734  0.367573  0.156197  0.103818 0.0361286  0.313658 0.0226252
(1,(((2,(3,4)),(((5,(6,7)),(8,(9,10))),((((11,12),(13,14)),(15,(16,17))),((18,19),(20,21))))),(22,23)),24); -124367  0 221.321 84.7946 35.8695 -124539 0.244813 0.260117 0.185946 0.309124  0.361183   0.15458  0.110504 0.0385387  0.308985  0.026209
(1,(((2,(3,4)),(((5,(6,7)),(8,(9,10))),((((11,12),(13,14)),(15,(16,17))),((18,19),(20,21))))),(22,23)),24); -124372  0 211.313 84.7334 38.5314 -124537 0.243401 0.261014 0.186223 0.309363  0.368346   0.16151  0.108941 0.0352493  0.301927 0.0240263
(1,(((2,(3,4)),(((5,(6,7)),(8,(9,10))),((((11,12),(13,14)),(15,(16,17))),((18,19),(20,21))))),(22,23)),24); -124379  0 219.28 84.9699 29.1235 -124543 0.241209 0.260926 0.185897 0.311969  0.355444  0.168258  0.110566 0.0366764  0.300625 0.0284299
(1,(((2,(3,4)),(((5,(6,7)),(8,(9,10))),((((11,12),(13,14)),(15,(16,17))),((18,19),(20,21))))),(22,23)),24); -124374  0 211.356 85.1235 36.6506 -124537 0.241599 0.255371 0.188523 0.314507  0.367913  0.154803   0.11508 0.0363133  0.300742  0.025149
(1,(((2,(3,4)),(((5,(6,7)),(8,(9,10))),((((11,12),(13,14)),(15,(16,17))),((18,19),(20,21))))),(22,23)),24); -124383  0 205.758 84.7291 35.3787 -124539 0.244819 0.257494 0.184775 0.312912  0.358514  0.163139  0.109744 0.0380699  0.303282   0.02725
(1,(((2,(3,4)),(((5,(6,7)),(8,(9,10))),((((11,12),(13,14)),(15,(16,17))),((18,19),(20,21))))),(22,23)),24); -124371  0 212.56 84.9516 39.3645 -124538 0.242117 0.259075 0.183978  0.31483  0.363429  0.161741   0.10776 0.0369309   0.30602 0.0241183
(1,(((2,(3,4)),(((5,(6,7)),(8,(9,10))),((((11,12),(13,14)),(15,(16,17))),((18,19),(20,21))))),(22,23)),24); -124375  0 210.871 84.7461 36.4594 -124537 0.241879 0.257954 0.186592 0.313575  0.366826  0.157617  0.111903  0.041447  0.298428 0.0237794
(1,(((2,(3,4)),(((5,(6,7)),(8,(9,10))),((((11,12),(13,14)),(15,(16,17))),((18,19),(20,21))))),(22,23)),24); -124367  0 220.16 85.1242 36.0826 -124538 0.241087 0.259918  0.18615 0.312846  0.371635  0.155216  0.111044 0.0328955  0.303002 0.0262088
(1,(((2,(3,4)),(((5,(6,7)),(8,(9,10))),((((11,12),(13,14)),(15,(16,17))),((18,19),(20,21))))),(22,23)),24); -124363  0 222.63 85.1179 38.6556 -124539 0.243063 0.254633  0.18968 0.312623  0.367533   0.16001  0.105888 0.0358206  0.307874 0.0228744
(1,(((2,(3,4)),(((5,(6,7)),(8,(9,10))),((((11,12),(13,14)),(15,(16,17))),((18,19),(20,21))))),(22,23)),24); -124371  0 214.434 85.1395 37.8276 -124538 0.239087 0.259478 0.184207 0.317228  0.369235  0.159287  0.104661 0.0364423  0.306714 0.0236602
(1,(((2,(3,4)),(((5,(6,7)),(8,(9,10))),((((11,12),(13,14)),(15,(16,17))),((18,19),(20,21))))),(22,23)),24); -124362  0 224.366 84.9711 36.8616 -124539 0.239186 0.255236 0.187133 0.318444  0.370285  0.156589  0.108638   0.03485  0.307365 0.0222723
(1,(((2,(3,4)),(((5,(6,7)),(8,(9,10))),((((11,12),(13,14)),(15,(16,17))),((18,19),(20,21))))),(22,23)),24); -124372  0 215.016 84.8914 34.3441 -124537 0.241397 0.260346 0.182097 0.316161  0.369133  0.151062  0.110712 0.0359867  0.306739 0.0263679
(1,(((2,(3,4)),(((5,(6,7)),(8,(9,10))),((((11,12),(13,14)),(15,(16,17))),((18,19),(20,21))))),(22,23)),24); -124376  0 214.46 85.1202 32.8073 -124538 0.243216 0.264469 0.183896 0.308419  0.370109  0.159107  0.111055 0.0385291  0.300187 0.0210136
(1,(((2,(3,4)),(((5,(6,7)),(8,(9,10))),((((11,12),(13,14)),(15,(16,17))),((18,19),(20,21))))),(22,23)),24); -124379  0 213.198 85.1041 34.2736 -124542 0.248369 0.259448  0.18281 0.309373   0.36102   0.15868  0.107725 0.0358353  0.310012  0.026728
(1,(((2,(3,4)),(((5,(6,7)),(8,(9,10))),((((11,12),(13,14)),(15,(16,17))),((18,19),(20,21))))),(22,23)),24); -124375  0 210.496 84.7617 36.9649 -124538 0.246696 0.260911 0.183414 0.308979  0.364988  0.161719   0.10988 0.0373007  0.301813 0.0242991
(1,(((2,(3,4)),(((5,(6,7)),(8,(9,10))),((((11,12),(13,14)),(15,(16,17))),((18,19),(20,21))))),(22,23)),24); -124368  0 215.081 84.8226 38.7819 -124537 0.241744 0.260176 0.185285 0.312794  0.364686   0.15515  0.109972 0.0369372  0.309486 0.0237682
(1,(((2,(3,4)),(((5,(6,7)),(8,(9,10))),((((11,12),(13,14)),(15,(16,17))),((18,19),(20,21))))),(22,23)),24); -124376  0 212.27 84.9746 33.9823 -124538 0.244313 0.262244 0.183688 0.309754  0.368154  0.150779  0.111641 0.0356331  0.310709 0.0230831
(1,(((2,(3,4)),(((5,(6,7)),(8,(9,10))),((((11,12),(13,14)),(15,(16,17))),((18,19),(20,21))))),(22,23)),24); -124367  0 216.088 84.7772 38.9414 -124538 0.241123 0.260876 0.185503 0.312498  0.366114  0.160041  0.106538 0.0349589  0.307389 0.0249602
(1,(((2,(3,4)),(((5,(6,7)),(8,(9,10))),((((11,12),(13,14)),(15,(16,17))),((18,19),(20,21))))),(22,23)),24); -124367  0 215.456 84.7958 39.303 -124537 0.242592 0.257903 0.186385  0.31312  0.363071  0.156204   0.10906 0.0371819   0.30992 0.0245632
(1,(((2,(3,4)),(((5,(6,7)),(8,(9,10))),((((11,12),(13,14)),(15,(16,17))),((18,19),(20,21))))),(22,23)),24); -124366  0 220.038 84.9767 36.6682 -124538 0.239217 0.260234 0.187723 0.312826  0.370355  0.162403  0.104323 0.0358685  0.301178 0.0258729
(1,(((2,(3,4)),(((5,(6,7)),(8,(9,10))),((((11,12),(13,14)),(15,(16,17))),((18,19),(20,21))))),(22,23)),24); -124366  0 218.418 85.0386 38.9696 -124539 0.240806 0.256341  0.18792 0.314932  0.367364  0.155492  0.108632 0.0366313  0.308866 0.0230145
(1,(((2,(3,4)),(((5,(6,7)),(8,(9,10))),((((11,12),(13,14)),(15,(16,17))),((18,19),(20,21))))),(22,23)),24); -124370  0 218.856 85.1577 35.0577 -124539 0.237805 0.260021 0.192655 0.309519  0.366506  0.155071  0.108627   0.03574  0.308146 0.0259087
(1,(((2,(3,4)),(((5,(6,7)),(8,(9,10))),((((11,12),(13,14)),(15,(16,17))),((18,19),(20,21))))),(22,23)),24); -124379  0 213.325 84.8251 32.2424 -124539 0.249189 0.254376 0.189371 0.307063  0.358601  0.161541  0.108583 0.0393324  0.305732 0.0262091
(1,(((2,(3,4)),(((5,(6,7)),(8,(9,10))),((((11,12),(13,14)),(15,(16,17))),((18,19),(20,21))))),(22,23)),24); -124364  0 222.768 85.0272 36.0588 -124538  0.23994 0.259506 0.190387 0.310167  0.368686  0.156891  0.111143 0.0403099  0.298918 0.0240517
(1,(((2,(3,4)),(((5,(6,7)),(8,(9,10))),((((11,12),(13,14)),(15,(16,17))),((18,19),(20,21))))),(22,23)),24); -124361  0 225.535 84.9362 35.1557 -124537 0.245276 0.253218 0.188679 0.312827  0.368761  0.159352  0.109169 0.0400456  0.296976 0.0256964
(1,(((2,(3,4)),(((5,(6,7)),(8,(9,10))),((((11,12),(13,14)),(15,(16,17))),((18,19),(20,21))))),(22,23)),24); -124361  0 226.3 85.0855 35.3044 -124538 0.240928 0.253504 0.188988 0.316579  0.365123    0.1622  0.109241 0.0320895  0.305463 0.0258839
(1,(((2,(3,4)),(((5,(6,7)),(8,(9,10))),((((11,12),(13,14)),(15,(16,17))),((18,19),(20,21))))),(22,23)),24); -124370  0 213.362 84.7423 38.2207 -124537 0.242892 0.261016 0.185073  0.31102  0.366975  0.155793   0.10789 0.0369124  0.309685 0.0227437
(1,(((2,(3,4)),(((5,(6,7)),(8,(9,10))),((((11,12),(13,14)),(15,(16,17))),((18,19),(20,21))))),(22,23)),24); -124371  0 218.048 85.0653 34.4683 -124538 0.239027 0.256469 0.187044  0.31746  0.373046  0.158796 0.0998925 0.0361266  0.308784 0.0233539
(1,(((2,(3,4)),(((5,(6,7)),(8,(9,10))),((((11,12),(13,14)),(15,(16,17))),((18,19),(20,21))))),(22,23)),24); -124373  0 214.744 84.8351 36.5671 -124539 0.239702 0.260794 0.184554  0.31495   0.36812  0.163182  0.103217 0.0364829  0.303563 0.0254356
(1,(((2,(3,4)),(((5,(6,7)),(8,(9,10))),((((11,12),(13,14)),(15,(16,17))),((18,19),(20,21))))),(22,23)),24); -124367  0 220.596 84.882 37.2873 -124540 0.242895 0.257851 0.182817 0.316437  0.361458  0.164535  0.108491 0.0348505  0.306933 0.0237329
(1,(((2,(3,4)),(((5,(6,7)),(8,(9,10))),((((11,12),(13,14)),(15,(16,17))),((18,19),(20,21))))),(22,23)),24); -124367  0 219.443 85.0469 35.5604 -124537 0.246915 0.253876 0.189378 0.309831  0.370665  0.160555  0.105486 0.0390237  0.301572 0.0226976
(1,(((2,(3,4)),(((5,(6,7)),(8,(9,10))),((((11,12),(13,14)),(15,(16,17))),((18,19),(20,21))))),(22,23)),24); -124367  0 223.398 84.8474 33.8077 -124539 0.240221 0.263337 0.186369 0.310074  0.368545  0.161741  0.111372 0.0314651  0.301685 0.0251921
(1,(((2,(3,4)),(((5,(6,7)),(8,(9,10))),((((11,12),(13,14)),(15,(16,17))),((18,19),(20,21))))),(22,23)),24); -124367  0 219.389 84.9925 35.297 -124537 0.245444 0.258785 0.182717 0.313054  0.375048   0.15445  0.107086 0.0348028  0.302357 0.0262557
(1,(((2,(3,4)),(((5,(6,7)),(8,(9,10))),((((11,12),(13,14)),(15,(16,17))),((18,19),(20,21))))),(22,23)),24); -124369  0 218.679 85.1612 36.1859 -124538 0.244627 0.256485 0.191897  0.30699  0.370987  0.156965  0.105855 0.0384856  0.303712  0.023995
(1,(((2,(3,4)),(((5,(6,7)),(8,(9,10))),((((11,12),(13,14)),(15,(16,17))),((18,19),(20,21))))),(22,23)),24); -124372  0 219.385 84.7891 33.4931 -124540 0.239526 0.262062 0.184656 0.313756  0.367081  0.164051  0.100417 0.0351757  0.310432 0.0228428
(1,(((2,(3,4)),(((5,(6,7)),(8,(9,10))),((((11,12),(13,14)),(15,(16,17))),((18,19),(20,21))))),(22,23)),24); -124369  0 216.239 84.755 36.7118 -124538 0.245046 0.259424  0.18741 0.308119  0.371823   0.15495  0.105088 0.0350777  0.308264 0.0247972
(1,(((2,(3,4)),(((5,(6,7)),(8,(9,10))),((((11,12),(13,14)),(15,(16,17))),((18,19),(20,21))))),(22,23)),24); -124371  0 215.843 84.7046 35.932 -124538 0.240734  0.25982 0.190562 0.308884  0.361138  0.157946  0.114229  0.036266  0.307969 0.0224509
(1,(((2,(3,4)),(((5,(6,7)),(8,(9,10))),((((11,12),(13,14)),(15,(16,17))),((18,19),(20,21))))),(22,23)),24); -124367  0 220.33 84.9409 36.9324 -124539 0.247331 0.255638 0.186241  0.31079  0.365507  0.161748  0.105144 0.0371353  0.308041 0.0224256
(1,(((2,(3,4)),(((5,(6,7)),(8,(9,10))),((((11,12),(13,14)),(15,(16,17))),((18,19),(20,21))))),(22,23)),24); -124368  0 221.026 84.8484 34.3296 -124538 0.236151 0.262606 0.187393  0.31385  0.361646  0.160071  0.114435 0.0357008  0.305297 0.0228507
(1,(((2,(3,4)),(((5,(6,7)),(8,(9,10))),((((11,12),(13,14)),(15,(16,17))),((18,19),(20,21))))),(22,23)),24); -124374  0 211.724 85.0841 37.8896 -124538 0.240256 0.257977 0.187077 0.314691  0.370093  0.159074  0.106722 0.0386923  0.303586  0.021832
(1,(((2,(3,4)),(((5,(6,7)),(8,(9,10))),((((11,12),(13,14)),(15,(16,17))),((18,19),(20,21))))),(22,23)),24); -124368  0 222.542 84.7493 34.9456 -124541 0.243493 0.256365  0.18072 0.319422  0.362887  0.164453  0.106202 0.0387339  0.303806 0.0239183
(1,(((2,(3,4)),(((5,(6,7)),(8,(9,10))),((((11,12),(13,14)),(15,(16,17))),((18,19),(20,21))))),(22,23)),24); -124371  0 212.671 84.9648 39.1335 -124538 0.241107 0.258897 0.188192 0.311804  0.363299  0.162065  0.106517 0.0378883  0.306117 0.0241137
(1,(((2,(3,4)),(((5,(6,7)),(8,(9,10))),((((11,12),(13,14)),(15,(16,17))),((18,19),(20,21))))),(22,23)),24); -124371  0 218.05 84.9668 34.2223 -124538 0.240113 0.262504 0.188192  0.30919  0.359651  0.154484  0.110128 0.0383741  0.313856 0.0235068
(1,(((2,(3,4)),(((5,(6,7)),(8,(9,10))),((((11,12),(13,14)),(15,(16,17))),((18,19),(20,21))))),(22,23)),24); -124372  0 218.343 84.9513 35.3384 -124541 0.245812 0.252297 0.189827 0.312064  0.366291  0.155488   0.10805 0.0393759  0.308537 0.0222579
(1,(((2,(3,4)),(((5,(6,7)),(8,(9,10))),((((11,12),(13,14)),(15,(16,17))),((18,19),(20,21))))),(22,23)),24); -124373  0 212.333 85.0233 36.5766 -124537 0.242905  0.25501 0.188448 0.313637   0.36467  0.160988   0.11313 0.0373409  0.302593 0.0212779
(1,(((2,(3,4)),(((5,(6,7)),(8,(9,10))),((((11,12),(13,14)),(15,(16,17))),((18,19),(20,21))))),(22,23)),24); -124376  0 208.416 85.1287 37.8763 -124537  0.24528 0.254834 0.186289 0.313597  0.370903  0.160912  0.105194 0.0380698  0.301646  0.023276
(1,(((2,(3,4)),(((5,(6,7)),(8,(9,10))),((((11,12),(13,14)),(15,(16,17))),((18,19),(20,21))))),(22,23)),24); -124370  0 216.518 85.0068 37.0547 -124538 0.237671 0.257505 0.188814  0.31601  0.365346   0.15585  0.109049 0.0351011  0.311242 0.0234123
(1,(((2,(3,4)),(((5,(6,7)),(8,(9,10))),((((11,12),(13,14)),(15,(16,17))),((18,19),(20,21))))),(22,23)),24); -124368  0 219.154 84.966 37.1768 -124539 0.239981 0.259169 0.191598 0.309252  0.366614  0.156477  0.107328 0.0361869  0.310312 0.0230824
(1,(((2,(3,4)),(((5,(6,7)),(8,(9,10))),((((11,12),(13,14)),(15,(16,17))),((18,19),(20,21))))),(22,23)),24); -124368  0 214.124 84.7341 38.4582 -124536 0.243767 0.259131 0.183758 0.313345  0.370181  0.157866  0.111996 0.0357489  0.300466 0.0237426
(1,(((2,(3,4)),(((5,(6,7)),(8,(9,10))),((((11,12),(13,14)),(15,(16,17))),((18,19),(20,21))))),(22,23)),24); -124371  0 214.061 84.8954 36.4496 -124537 0.242851 0.256414 0.182126 0.318609  0.367465  0.156018  0.105433 0.0360004  0.309393 0.0256909
(1,(((2,(3,4)),(((5,(6,7)),(8,(9,10))),((((11,12),(13,14)),(15,(16,17))),((18,19),(20,21))))),(22,23)),24); -124384  0 202.485 85.1675 35.7603 -124537 0.237206 0.260389 0.184067 0.318339  0.365095  0.155342  0.108452 0.0388009  0.308061 0.0242496
(1,(((2,(3,4)),(((5,(6,7)),(8,(9,10))),((((11,12),(13,14)),(15,(16,17))),((18,19),(20,21))))),(22,23)),24); -124381  0 210.192 85.04 33.198 -124539 0.239879 0.256176 0.189709 0.314235  0.373152  0.160702  0.112375 0.0365439  0.291779 0.0254488
(1,(((2,(3,4)),(((5,(6,7)),(8,(9,10))),((((11,12),(13,14)),(15,(16,17))),((18,19),(20,21))))),(22,23)),24); -124371  0 213.66 84.9385 37.0748 -124537 0.243644 0.254574 0.185973 0.315808  0.363125  0.159667  0.109803 0.0399481  0.301612 0.0258445
(1,(((2,(3,4)),(((5,(6,7)),(8,(9,10))),((((11,12),(13,14)),(15,(16,17))),((18,19),(20,21))))),(22,23)),24); -124373  0 212.871 84.8664 38.0503 -124539 0.243737  0.25466 0.189441 0.312162  0.365179   0.15516  0.108521 0.0367371  0.308876 0.0255263
(1,(((2,(3,4)),(((5,(6,7)),(8,(9,10))),((((11,12),(13,14)),(15,(16,17))),((18,19),(20,21))))),(22,23)),24); -124374  0 211.585 84.9485 37.5637 -124539 0.244946 0.257832 0.187205 0.310017  0.367821   0.15686  0.108537 0.0329685   0.30858 0.0252322
(1,(((2,(3,4)),(((5,(6,7)),(8,(9,10))),((((11,12),(13,14)),(15,(16,17))),((18,19),(20,21))))),(22,23)),24); -124368  0 218.31 85.0172 35.8459 -124537 0.244416 0.260051  0.18563 0.309903   0.37232  0.159449  0.108076 0.0374871  0.296447 0.0262201
(1,(((2,(3,4)),(((5,(6,7)),(8,(9,10))),((((11,12),(13,14)),(15,(16,17))),((18,19),(20,21))))),(22,23)),24); -124367  0 217.976 84.901 38.4904 -124538 0.244413 0.256857 0.187753 0.310977  0.371091  0.155565  0.108915 0.0360693   0.30589 0.0224685
(1,(((2,(3,4)),(((5,(6,7)),(8,(9,10))),((((11,12),(13,14)),(15,(16,17))),((18,19),(20,21))))),(22,23)),24); -124366  0 217.368 85.0322 38.4772 -124537 0.242877  0.26176 0.184886 0.310477  0.370158  0.157597  0.108727 0.0375362  0.302453 0.0235281
(1,(((2,(3,4)),(((5,(6,7)),(8,(9,10))),((((11,12),(13,14)),(15,(16,17))),((18,19),(20,21))))),(22,23)),24); -124374  0 209.608 84.7307 37.6301 -124536 0.244596 0.260305 0.185287 0.309813  0.367984  0.160673  0.110414 0.0374773  0.301319 0.0221325
(1,(((2,(3,4)),(((5,(6,7)),(8,(9,10))),((((11,12),(13,14)),(15,(16,17))),((18,19),(20,21))))),(22,23)),24); -124367  0 218.341 84.9142 36.9456 -124537  0.24238 0.260573 0.185832 0.311216  0.369907    0.1519   0.10915  0.036133  0.309537 0.0233729
(1,(((2,(3,4)),(((5,(6,7)),(8,(9,10))),((((11,12),(13,14)),(15,(16,17))),((18,19),(20,21))))),(22,23)),24); -124367  0 218.111 85.1001 37.2952 -124538 0.238435 0.255958 0.188159 0.317449   0.36401  0.159735  0.106744 0.0346332  0.310728 0.0241496
(1,(((2,(3,4)),(((5,(6,7)),(8,(9,10))),((((11,12),(13,14)),(15,(16,17))),((18,19),(20,21))))),(22,23)),24); -124374  0 211.739 84.8226 36.1943 -124537 0.241448 0.254382 0.189605 0.314565  0.361877  0.157881  0.115034  0.033719  0.306763 0.0247262
(1,(((2,(3,4)),(((5,(6,7)),(8,(9,10))),((((11,12),(13,14)),(15,(16,17))),((18,19),(20,21))))),(22,23)),24); -124372  0 209.751 84.8673 39.2932 -124536 0.239073 0.258735 0.187646 0.314546  0.365891  0.158286  0.109765 0.0360934  0.304969 0.0249949
(1,(((2,(3,4)),(((5,(6,7)),(8,(9,10))),((((11,12),(13,14)),(15,(16,17))),((18,19),(20,21))))),(22,23)),24); -124373  0 213.93 84.8416 35.9923 -124538 0.241184 0.256909 0.188112 0.313794  0.378224  0.157581  0.107238 0.0342063  0.298317 0.0244343
(1,(((2,(3,4)),(((5,(6,7)),(8,(9,10))),((((11,12),(13,14)),(15,(16,17))),((18,19),(20,21))))),(22,23)),24); -124372  0 210.987 84.8727 39.4274 -124538 0.243872 0.258919 0.185268 0.311941  0.365795  0.156677  0.107301 0.0371824  0.309143 0.0239013
(1,(((2,(3,4)),(((5,(6,7)),(8,(9,10))),((((11,12),(13,14)),(15,(16,17))),((18,19),(20,21))))),(22,23)),24); -124360  0 224.035 84.8195 38.9633 -124538 0.243485 0.257578 0.187564 0.311373  0.366046   0.16069  0.104312 0.0359541  0.309176 0.0238208
(1,(((2,(3,4)),(((5,(6,7)),(8,(9,10))),((((11,12),(13,14)),(15,(16,17))),((18,19),(20,21))))),(22,23)),24); -124367  0 219.541 85.1058 36.9859 -124538 0.238563 0.254724 0.189661 0.317052  0.369642  0.159787  0.110533 0.0343794  0.301345 0.0243134
(1,(((2,(3,4)),(((5,(6,7)),(8,(9,10))),((((11,12),(13,14)),(15,(16,17))),((18,19),(20,21))))),(22,23)),24); -124371  0 213.974 84.8308 38.248 -124538  0.24479 0.257331 0.185942 0.311938  0.367296  0.160401  0.105786  0.033527  0.307817 0.0251736
(1,(((2,(3,4)),(((5,(6,7)),(8,(9,10))),((((11,12),(13,14)),(15,(16,17))),((18,19),(20,21))))),(22,23)),24); -124377  0 215.11 84.8388 34.1405 -124542 0.242661 0.261365 0.186617 0.309356  0.357938  0.163918  0.110106  0.032503  0.310632 0.0249034
(1,(((2,(3,4)),(((5,(6,7)),(8,(9,10))),((((11,12),(13,14)),(15,(16,17))),((18,19),(20,21))))),(22,23)),24); -124385  0 208.17 84.7805 32.1484 -124541 0.240946 0.261162  0.18859 0.309302  0.363317  0.166451  0.106821 0.0361372  0.307112 0.0201625
(1,(((2,(3,4)),(((5,(6,7)),(8,(9,10))),((((11,12),(13,14)),(15,(16,17))),((18,19),(20,21))))),(22,23)),24); -124367  0 219.62 85.1829 35.3882 -124537 0.236769 0.257857  0.19159 0.313784   0.36416   0.15596  0.108055 0.0380572  0.307446 0.0263219
(1,(((2,(3,4)),(((5,(6,7)),(8,(9,10))),((((11,12),(13,14)),(15,(16,17))),((18,19),(20,21))))),(22,23)),24); -124361  0 221.621 84.7441 39.2298 -124537 0.242621 0.258892 0.186459 0.312027  0.364174  0.161324  0.109244 0.0389057  0.302454 0.0238981
(1,(((2,(3,4)),(((5,(6,7)),(8,(9,10))),((((11,12),(13,14)),(15,(16,17))),((18,19),(20,21))))),(22,23)),24); -124367  0 218.877 84.943 36.3204 -124537 0.240295 0.264222 0.184895 0.310588  0.367754  0.158141  0.107321 0.0338879  0.308191 0.0247056
(1,(((2,(3,4)),(((5,(6,7)),(8,(9,10))),((((11,12),(13,14)),(15,(16,17))),((18,19),(20,21))))),(22,23)),24); -124374  0 211.715 84.7059 36.8646 -124537 0.239514 0.260458 0.187976 0.312052  0.373582  0.153775   0.10828 0.0343773  0.305499 0.0244868
(1,(((2,(3,4)),(((5,(6,7)),(8,(9,10))),((((11,12),(13,14)),(15,(16,17))),((18,19),(20,21))))),(22,23)),24); -124371  0 217.123 84.7194 35.9279 -124539 0.240962 0.258549  0.18336 0.317129  0.361473  0.163748  0.109265  0.035774   0.30299 0.0267493
(1,(((2,(3,4)),(((5,(6,7)),(8,(9,10))),((((11,12),(13,14)),(15,(16,17))),((18,19),(20,21))))),(22,23)),24); -124364  0 220.74 84.9885 38.7197 -124538 0.240362 0.256366 0.189767 0.313505  0.364147  0.160509  0.109421 0.0356173   0.30773 0.0225756
(1,(((2,(3,4)),(((5,(6,7)),(8,(9,10))),((((11,12),(13,14)),(15,(16,17))),((18,19),(20,21))))),(22,23)),24); -124378  0 213.051 84.9064 33.6392 -124540 0.240904 0.255449  0.19418 0.309467  0.372906  0.154373  0.102856 0.0379743  0.307586 0.0243042
(1,(((2,(3,4)),(((5,(6,7)),(8,(9,10))),((((11,12),(13,14)),(15,(16,17))),((18,19),(20,21))))),(22,23)),24); -124378  0 212.275 85.1803 33.776 -124539 0.245652 0.250666 0.185121 0.318561  0.371086  0.154114  0.106306 0.0362115   0.30662 0.0256632
(1,(((2,(3,4)),(((5,(6,7)),(8,(9,10))),((((11,12),(13,14)),(15,(16,17))),((18,19),(20,21))))),(22,23)),24); -124375  0 206.517 84.7343 39.1843 -124536 0.242339 0.258616 0.188367 0.310679   0.37119  0.159706  0.107777 0.0362065  0.300893 0.0242285
(1,(((2,(3,4)),(((5,(6,7)),(8,(9,10))),((((11,12),(13,14)),(15,(16,17))),((18,19),(20,21))))),(22,23)),24); -124374  0 215.651 84.9324 33.4752 -124538 0.237695 0.264925 0.184281 0.313099   0.37562   0.15749  0.105798 0.0344189  0.303227 0.0234474
(1,(((2,(3,4)),(((5,(6,7)),(8,(9,10))),((((11,12),(13,14)),(15,(16,17))),((18,19),(20,21))))),(22,23)),24); -124367  0 222.092 85.055 35.656 -124540 0.240204 0.257547 0.186707 0.315542  0.359947  0.166315  0.105189  0.039213   0.30596 0.0233766
(1,(((2,(3,4)),(((5,(6,7)),(8,(9,10))),((((11,12),(13,14)),(15,(16,17))),((18,19),(20,21))))),(22,23)),24); -124379  0 209.924 85.0495 33.7304 -124538 0.238887 0.263725 0.188472 0.308916  0.372858  0.156072  0.108611 0.0391671  0.298251 0.0250406
(1,(((2,(3,4)),(((5,(6,7)),(8,(9,10))),((((11,12),(13,14)),(15,(16,17))),((18,19),(20,21))))),(22,23)),24); -124380  0 210.168 85.1465 35.2211 -124540 0.239516 0.259445 0.189112 0.311927  0.371702  0.158414  0.107679 0.0310278  0.307875 0.0233024
(1,(((2,(3,4)),(((5,(6,7)),(8,(9,10))),((((11,12),(13,14)),(15,(16,17))),((18,19),(20,21))))),(22,23)),24); -124372  0 217.14 85.1719 35.8122 -124540 0.239254 0.255037 0.188419  0.31729  0.376095  0.156613  0.107683 0.0370788  0.298501 0.0240296
(1,(((2,(3,4)),(((5,(6,7)),(8,(9,10))),((((11,12),(13,14)),(15,(16,17))),((18,19),(20,21))))),(22,23)),24); -124370  0 217.282 84.9153 37.6048 -124540 0.242839 0.255598 0.191132 0.310432   0.36674  0.155309  0.107492 0.0361858  0.310931 0.0233409
(1,(((2,(3,4)),(((5,(6,7)),(8,(9,10))),((((11,12),(13,14)),(15,(16,17))),((18,19),(20,21))))),(22,23)),24); -124365  0 220.663 84.7508 36.9416 -124538 0.241648 0.258776 0.186999 0.312578  0.363659  0.162637  0.109339 0.0358195  0.301337 0.0272075
(1,(((2,(3,4)),(((5,(6,7)),(8,(9,10))),((((11,12),(13,14)),(15,(16,17))),((18,19),(20,21))))),(22,23)),24); -124376  0 210.197 84.7222 37.3418 -124539 0.245965 0.253954 0.184797 0.315284  0.367812  0.159777  0.104616 0.0349795  0.309146   0.02367
(1,(((2,(3,4)),(((5,(6,7)),(8,(9,10))),((((11,12),(13,14)),(15,(16,17))),((18,19),(20,21))))),(22,23)),24); -124367  0 218.969 84.8199 37.6948 -124539 0.241153 0.259814  0.18699 0.312043  0.362672  0.158109  0.110606 0.0347092  0.311471  0.022433
(1,(((2,(3,4)),(((5,(6,7)),(8,(9,10))),((((11,12),(13,14)),(15,(16,17))),((18,19),(20,21))))),(22,23)),24); -124374  0 213.348 84.9234 35.2536 -124538 0.242098 0.256821 0.189866 0.311215  0.369094  0.162941  0.112762 0.0331806  0.300167 0.0218545
(1,(((2,(3,4)),(((5,(6,7)),(8,(9,10))),((((11,12),(13,14)),(15,(16,17))),((18,19),(20,21))))),(22,23)),24); -124379  0 211.112 85.1794 34.4756 -124540 0.238986 0.255239 0.189349 0.316426  0.371493  0.159235  0.105961  0.041341  0.297859 0.0241117
(1,(((2,(3,4)),(((5,(6,7)),(8,(9,10))),((((11,12),(13,14)),(15,(16,17))),((18,19),(20,21))))),(22,23)),24); -124366  0 222.209 84.8277 35.368 -124539 0.247721 0.255714 0.189118 0.307447  0.361505  0.161657  0.112328 0.0349892  0.306365 0.0231556
(1,(((2,(3,4)),(((5,(6,7)),(8,(9,10))),((((11,12),(13,14)),(15,(16,17))),((18,19),(20,21))))),(22,23)),24); -124366  0 219.477 84.92 37.0016 -124538 0.243487 0.258727 0.187594 0.310193  0.372976  0.153382  0.108817 0.0387774   0.30312 0.0229275
(1,(((2,(3,4)),(((5,(6,7)),(8,(9,10))),((((11,12),(13,14)),(15,(16,17))),((18,19),(20,21))))),(22,23)),24); -124364  0 220.072 85.0553 39.2445 -124538 0.243979 0.260406 0.184536 0.311079   0.36652  0.160725  0.107884 0.0362027  0.303901 0.0247673
(1,(((2,(3,4)),(((5,(6,7)),(8,(9,10))),((((11,12),(13,14)),(15,(16,17))),((18,19),(20,21))))),(22,23)),24); -124367  0 222.48 84.9694 34.3572 -124539 0.244106 0.258811 0.178346 0.318737  0.369431  0.157972   0.10416 0.0380989  0.305661 0.0246776
(1,(((2,(3,4)),(((5,(6,7)),(8,(9,10))),((((11,12),(13,14)),(15,(16,17))),((18,19),(20,21))))),(22,23)),24); -124370  0 216.899 84.754 35.0266 -124538 0.238293 0.257665 0.189696 0.314346  0.357492  0.159819  0.106802  0.036335  0.313903 0.0256493
(1,(((2,(3,4)),(((5,(6,7)),(8,(9,10))),((((11,12),(13,14)),(15,(16,17))),((18,19),(20,21))))),(22,23)),24); -124363  0 223.775 84.7699 36.075 -124538 0.242888 0.262542 0.188058 0.306512  0.366393   0.15773  0.104811 0.0361417  0.310155 0.0247691
(1,(((2,(3,4)),(((5,(6,7)),(8,(9,10))),((((11,12),(13,14)),(15,(16,17))),((18,19),(20,21))))),(22,23)),24); -124363  0 219.277 85.0272 38.8456 -124537 0.245245  0.25784 0.185118 0.311797   0.37169  0.157886  0.107794 0.0371371  0.302426 0.0230679
(1,(((2,(3,4)),(((5,(6,7)),(8,(9,10))),((((11,12),(13,14)),(15,(16,17))),((18,19),(20,21))))),(22,23)),24); -124370  0 217.083 84.648 35.5711 -124538 0.247049 0.252729  0.19005 0.310172  0.372523  0.157135   0.10948 0.0346116  0.303174 0.0230756
(1,(((2,(3,4)),(((5,(6,7)),(8,(9,10))),((((11,12),(13,14)),(15,(16,17))),((18,19),(20,21))))),(22,23)),24); -124364  0 219.506 84.7265 37.7673 -124537 0.244614  0.25846 0.188463 0.308463  0.365995  0.160477  0.106869 0.0390765  0.302334 0.0252482
(1,(((2,(3,4)),(((5,(6,7)),(8,(9,10))),((((11,12),(13,14)),(15,(16,17))),((18,19),(20,21))))),(22,23)),24); -124372  0 216.003 84.806 32.5394 -124536 0.242263 0.255051 0.186598 0.316088  0.363975  0.154956  0.116788 0.0378288  0.299009 0.0274427
(1,(((2,(3,4)),(((5,(6,7)),(8,(9,10))),((((11,12),(13,14)),(15,(16,17))),((18,19),(20,21))))),(22,23)),24); -124363  0 222.598 84.8613 37.4097 -124538 0.241648   0.2577 0.187826 0.312825  0.360822  0.157329  0.113095 0.0341841  0.310997 0.0235732
(1,(((2,(3,4)),(((5,(6,7)),(8,(9,10))),((((11,12),(13,14)),(15,(16,17))),((18,19),(20,21))))),(22,23)),24); -124371  0 213.876 84.9743 37.6338 -124538 0.238182 0.256213 0.189108 0.316498  0.367209  0.159261  0.107884 0.0384742  0.304616 0.0225561
(1,(((2,(3,4)),(((5,(6,7)),(8,(9,10))),((((11,12),(13,14)),(15,(16,17))),((18,19),(20,21))))),(22,23)),24); -124367  0 219.764 85.0136 37.3497 -124539 0.240437   0.2578  0.18437 0.317393  0.364606  0.163851  0.106904  0.034567  0.304691 0.0253809
(1,(((2,(3,4)),(((5,(6,7)),(8,(9,10))),((((11,12),(13,14)),(15,(16,17))),((18,19),(20,21))))),(22,23)),24); -124366  0 217.431 85.0336 38.6686 -124537 0.242515 0.255337 0.185536 0.316612  0.367465  0.162026  0.108684 0.0344195  0.304157 0.0232491
(1,(((2,(3,4)),(((5,(6,7)),(8,(9,10))),((((11,12),(13,14)),(15,(16,17))),((18,19),(20,21))))),(22,23)),24); -124368  0 217.976 84.9613 36.2218 -124537 0.241756 0.260535   0.1841 0.313609  0.370474  0.157031  0.102516 0.0343804  0.310409 0.0251892
(1,(((2,(3,4)),(((5,(6,7)),(8,(9,10))),((((11,12),(13,14)),(15,(16,17))),((18,19),(20,21))))),(22,23)),24); -124371  0 215.008 84.9534 37.6565 -124539 0.244835 0.257884 0.188092 0.309189  0.366523   0.15859  0.104463 0.0370908  0.310539 0.0227948
(1,(((2,(3,4)),(((5,(6,7)),(8,(9,10))),((((11,12),(13,14)),(15,(16,17))),((18,19),(20,21))))),(22,23)),24); -124365  0 219.944 84.8597 36.7221 -124537 0.246119 0.255259 0.184695 0.313927  0.370887  0.158864  0.104831 0.0373405  0.301812 0.0262663
(1,(((2,(3,4)),(((5,(6,7)),(8,(9,10))),((((11,12),(13,14)),(15,(16,17))),((18,19),(20,21))))),(22,23)),24); -124367  0 220.092 84.8349 37.3804 -124539 0.245507 0.257085 0.187841 0.309567  0.368506  0.156493  0.105069 0.0346564  0.310276 0.0249997
(1,(((2,(3,4)),(((5,(6,7)),(8,(9,10))),((((11,12),(13,14)),(15,(16,17))),((18,19),(20,21))))),(22,23)),24); -124367  0 217.269 85.0169 36.7762 -124536 0.244202 0.253129 0.184458 0.318211  0.365181  0.156026  0.110998 0.0347898   0.30857 0.0244346
(1,(((2,(3,4)),(((5,(6,7)),(8,(9,10))),((((11,12),(13,14)),(15,(16,17))),((18,19),(20,21))))),(22,23)),24); -124374  0 217.935 85.1167 31.9833 -124539 0.237319  0.25279 0.191168 0.318723  0.371195  0.162736  0.106296 0.0382905  0.296345 0.0251369
(1,(((2,(3,4)),(((5,(6,7)),(8,(9,10))),((((11,12),(13,14)),(15,(16,17))),((18,19),(20,21))))),(22,23)),24); -124368  0 216.295 85.0058 37.9286 -124537 0.243923 0.252509 0.186771 0.316798  0.366194  0.160202  0.106839 0.0357575  0.305921 0.0250864
(1,(((2,(3,4)),(((5,(6,7)),(8,(9,10))),((((11,12),(13,14)),(15,(16,17))),((18,19),(20,21))))),(22,23)),24); -124379  0 215.502 84.9745 31.768 -124542 0.239019 0.258544  0.18561 0.316827  0.363393  0.168155  0.111404 0.0345085  0.301721  0.020819
(1,(((2,(3,4)),(((5,(6,7)),(8,(9,10))),((((11,12),(13,14)),(15,(16,17))),((18,19),(20,21))))),(22,23)),24); -124376  0 210.104 84.8916 37.8482 -124539 0.241433 0.255371 0.191299 0.311897   0.36927  0.157851  0.109639 0.0341222  0.306373 0.0227442
(1,(((2,(3,4)),(((5,(6,7)),(8,(9,10))),((((11,12),(13,14)),(15,(16,17))),((18,19),(20,21))))),(22,23)),24); -124377  0 216.561 84.9012 30.5895 -124539 0.249585 0.257374 0.177473 0.315568  0.360133   0.16014  0.114554 0.0378664  0.302704 0.0246024
(1,(((2,(3,4)),(((5,(6,7)),(8,(9,10))),((((11,12),(13,14)),(15,(16,17))),((18,19),(20,21))))),(22,23)),24); -124368  0 217.021 85.0418 37.7058 -124537 0.243352 0.255006 0.189428 0.312214   0.36045  0.158625  0.110424 0.0381091  0.306424 0.0259683
(1,(((2,(3,4)),(((5,(6,7)),(8,(9,10))),((((11,12),(13,14)),(15,(16,17))),((18,19),(20,21))))),(22,23)),24); -124374  0 210.532 85.1855 38.2895 -124538 0.240433 0.256914  0.18635 0.316303    0.3679  0.162227  0.106782 0.0336964  0.304685 0.0247099
(1,(((2,(3,4)),(((5,(6,7)),(8,(9,10))),((((11,12),(13,14)),(15,(16,17))),((18,19),(20,21))))),(22,23)),24); -124367  0 215.504 84.9898 39.7457 -124538 0.242708   0.2573 0.186645 0.313347  0.367133  0.160343  0.106376 0.0379531  0.305081  0.023114
(1,(((2,(3,4)),(((5,(6,7)),(8,(9,10))),((((11,12),(13,14)),(15,(16,17))),((18,19),(20,21))))),(22,23)),24); -124375  0 211.868 85.1027 36.3522 -124538 0.242655 0.256393 0.188279 0.312673  0.373297  0.163143  0.106161 0.0347592  0.300921 0.0217188
(1,(((2,(3,4)),(((5,(6,7)),(8,(9,10))),((((11,12),(13,14)),(15,(16,17))),((18,19),(20,21))))),(22,23)),24); -124373  0 213.268 84.8801 36.6103 -124538 0.238636 0.255967 0.188056 0.317341  0.367277  0.159471  0.103439  0.034976  0.310938 0.0238986
(1,(((2,(3,4)),(((5,(6,7)),(8,(9,10))),((((11,12),(13,14)),(15,(16,17))),((18,19),(20,21))))),(22,23)),24); -124364  0 221.961 84.8411 36.3454 -124537 0.248992 0.253719 0.187559 0.309729  0.367372  0.160861   0.10672 0.0367874  0.304104 0.0241559
(1,(((2,(3,4)),(((5,(6,7)),(8,(9,10))),((((11,12),(13,14)),(15,(16,17))),((18,19),(20,21))))),(22,23)),24); -124368  0 218.958 84.8436 36.5608 -124539 0.240458 0.257954 0.186029 0.315558   0.36109  0.160402  0.105636 0.0359149  0.314363 0.0225939
(1,(((2,(3,4)),(((5,(6,7)),(8,(9,10))),((((11,12),(13,14)),(15,(16,17))),((18,19),(20,21))))),(22,23)),24); -124365  0 218.928 84.9893 38.8375 -124537 0.241572 0.255982 0.186827  0.31562  0.363212  0.160399     0.109 0.0345683  0.307412 0.0254082
(1,(((2,(3,4)),(((5,(6,7)),(8,(9,10))),((((11,12),(13,14)),(15,(16,17))),((18,19),(20,21))))),(22,23)),24); -124369  0 217.918 85.1247 36.9412 -124538 0.237302 0.256062 0.189097 0.317539  0.371204   0.15808  0.106954 0.0346399  0.304917 0.0242054
(1,(((2,(3,4)),(((5,(6,7)),(8,(9,10))),((((11,12),(13,14)),(15,(16,17))),((18,19),(20,21))))),(22,23)),24); -124373  0 212.202 85.1152 36.7085 -124537 0.238209 0.257403 0.189034 0.315354  0.363589  0.162906  0.112938 0.0364766  0.301121 0.0229693
(1,(((2,(3,4)),(((5,(6,7)),(8,(9,10))),((((11,12),(13,14)),(15,(16,17))),((18,19),(20,21))))),(22,23)),24); -124378  0 206.845 85.0746 37.7082 -124538 0.238709  0.25953 0.186888 0.314873  0.363533  0.159942  0.110986 0.0393163  0.303251 0.0229711
(1,(((2,(3,4)),(((5,(6,7)),(8,(9,10))),((((11,12),(13,14)),(15,(16,17))),((18,19),(20,21))))),(22,23)),24); -124374  0 220.562 85.247 32.1041 -124541 0.236812 0.260696 0.190674 0.311817  0.378077  0.153572  0.109309 0.0350657  0.298709 0.0252674
(1,(((2,(3,4)),(((5,(6,7)),(8,(9,10))),((((11,12),(13,14)),(15,(16,17))),((18,19),(20,21))))),(22,23)),24); -124367  0 216.011 85.1141 39.7919 -124538 0.242264 0.257443 0.187652 0.312641  0.370056  0.159688  0.107454 0.0348548  0.304376 0.0235711
(1,(((2,(3,4)),(((5,(6,7)),(8,(9,10))),((((11,12),(13,14)),(15,(16,17))),((18,19),(20,21))))),(22,23)),24); -124369  0 218.826 84.912 35.2337 -124539 0.244217 0.255426 0.184337  0.31602  0.364169  0.160448  0.106507 0.0363456  0.304329 0.0282016
(1,(((2,(3,4)),(((5,(6,7)),(8,(9,10))),((((11,12),(13,14)),(15,(16,17))),((18,19),(20,21))))),(22,23)),24); -124378  0 207.596 84.9753 36.0194 -124537 0.246239 0.260579 0.188865 0.304317  0.366724  0.159615  0.108209  0.036768    0.3047 0.0239838
(1,(((2,(3,4)),(((5,(6,7)),(8,(9,10))),((((11,12),(13,14)),(15,(16,17))),((18,19),(20,21))))),(22,23)),24); -124366  0 221.157 84.6884 35.5634 -124538 0.243917 0.257917 0.189002 0.309165   0.37721  0.156152  0.109226 0.0334657  0.300238 0.0237084
(1,(((2,(3,4)),(((5,(6,7)),(8,(9,10))),((((11,12),(13,14)),(15,(16,17))),((18,19),(20,21))))),(22,23)),24); -124370  0 214.699 84.7526 37.7381 -124538 0.241138 0.259646  0.19119 0.308025  0.368054   0.15846  0.106355  0.036028  0.307699 0.0234029
(1,(((2,(3,4)),(((5,(6,7)),(8,(9,10))),((((11,12),(13,14)),(15,(16,17))),((18,19),(20,21))))),(22,23)),24); -124360  0 224.755 84.9121 36.781 -124536  0.23767 0.257996 0.187238 0.317096  0.361041  0.158931   0.11387  0.036183  0.305806 0.0241693
(1,(((2,(3,4)),(((5,(6,7)),(8,(9,10))),((((11,12),(13,14)),(15,(16,17))),((18,19),(20,21))))),(22,23)),24); -124372  0 213.221 84.8429 36.3834 -124537 0.239897 0.256907 0.189314 0.313882  0.357916  0.156243  0.112462 0.0383193  0.310261 0.0247986
(1,(((2,(3,4)),(((5,(6,7)),(8,(9,10))),((((11,12),(13,14)),(15,(16,17))),((18,19),(20,21))))),(22,23)),24); -124374  0 212.551 84.8269 36.426 -124538 0.242152  0.25822 0.181105 0.318523  0.366246  0.160815  0.110786 0.0334148  0.305331 0.0234081
(1,(((2,(3,4)),(((5,(6,7)),(8,(9,10))),((((11,12),(13,14)),(15,(16,17))),((18,19),(20,21))))),(22,23)),24); -124369  0 216.368 84.9664 36.9672 -124537 0.247212 0.255105 0.181808 0.315875   0.36756  0.156283  0.109823  0.037068  0.305584 0.0236828
(1,(((2,(3,4)),(((5,(6,7)),(8,(9,10))),((((11,12),(13,14)),(15,(16,17))),((18,19),(20,21))))),(22,23)),24); -124369  0 223.341 84.912 32.1372 -124540 0.240883 0.256866 0.193642 0.308609  0.357998   0.16832  0.106692 0.0352805  0.307773 0.0239365
(1,(((2,(3,4)),(((5,(6,7)),(8,(9,10))),((((11,12),(13,14)),(15,(16,17))),((18,19),(20,21))))),(22,23)),24); -124379  0 211.254 85.0351 32.1146 -124537 0.244523 0.261909 0.182681 0.310887  0.376893  0.153121  0.108736 0.0369541  0.303475 0.0208202
(1,(((2,(3,4)),(((5,(6,7)),(8,(9,10))),((((11,12),(13,14)),(15,(16,17))),((18,19),(20,21))))),(22,23)),24); -124366  0 220.799 84.9052 37.1762 -124539 0.243627 0.258412 0.182246 0.315715  0.365337  0.158918  0.103471 0.0379067  0.309329 0.0250378
(1,(((2,(3,4)),(((5,(6,7)),(8,(9,10))),((((11,12),(13,14)),(15,(16,17))),((18,19),(20,21))))),(22,23)),24); -124367  0 219.84 84.8048 35.8428 -124538 0.240885 0.264049 0.181643 0.313424  0.366526  0.158965  0.105797 0.0374611  0.308471 0.0227798
(1,(((2,(3,4)),(((5,(6,7)),(8,(9,10))),((((11,12),(13,14)),(15,(16,17))),((18,19),(20,21))))),(22,23)),24); -124374  0 211.367 84.9419 37.2184 -124537 0.241962 0.254813 0.183548 0.319677  0.366794  0.156319  0.108776 0.0386089  0.304966 0.0245355
(1,(((2,(3,4)),(((5,(6,7)),(8,(9,10))),((((11,12),(13,14)),(15,(16,17))),((18,19),(20,21))))),(22,23)),24); -124366  0 219.431 84.8961 36.8501 -124538 0.243919 0.256084 0.186919 0.313078  0.373088  0.156372  0.101682 0.0367063  0.308244 0.0239075
(1,(((2,(3,4)),(((5,(6,7)),(8,(9,10))),((((11,12),(13,14)),(15,(16,17))),((18,19),(20,21))))),(22,23)),24); -124370  0 215.255 84.7952 35.4607 -124536 0.240777  0.25671 0.181408 0.321105  0.365707  0.158463  0.109172 0.0338116  0.309131 0.0237153
(1,(((2,(3,4)),(((5,(6,7)),(8,(9,10))),((((11,12),(13,14)),(15,(16,17))),((18,19),(20,21))))),(22,23)),24); -124373  0 213.535 85.2075 36.3587 -124538 0.240853 0.260718 0.188334 0.310095  0.374075  0.156415  0.107525 0.0326269  0.305519 0.0238394
(1,(((2,(3,4)),(((5,(6,7)),(8,(9,10))),((((11,12),(13,14)),(15,(16,17))),((18,19),(20,21))))),(22,23)),24); -124368  0 215.972 84.8624 38.3767 -124537 0.240667 0.259266 0.183486 0.316581  0.366954  0.157165  0.107131 0.0352448  0.308518 0.0249863
(1,(((2,(3,4)),(((5,(6,7)),(8,(9,10))),((((11,12),(13,14)),(15,(16,17))),((18,19),(20,21))))),(22,23)),24); -124377  0 211.466 84.8361 34.7618 -124538 0.246858 0.258815 0.181273 0.313053  0.362252  0.162707  0.113203 0.0348993  0.301195 0.0257436
(1,(((2,(3,4)),(((5,(6,7)),(8,(9,10))),((((11,12),(13,14)),(15,(16,17))),((18,19),(20,21))))),(22,23)),24); -124363  0 220.536 84.8477 38.597 -124537 0.245224 0.256382 0.187385 0.311009  0.370239  0.160353  0.106786 0.0359532  0.304235 0.0224334
(1,(((2,(3,4)),(((5,(6,7)),(8,(9,10))),((((11,12),(13,14)),(15,(16,17))),((18,19),(20,21))))),(22,23)),24); -124369  0 217.832 84.9653 37.0218 -124538 0.247078 0.255717 0.182854 0.314351   0.36576  0.157051  0.109044 0.0397275  0.304883 0.0235336
(1,(((2,(3,4)),(((5,(6,7)),(8,(9,10))),((((11,12),(13,14)),(15,(16,17))),((18,19),(20,21))))),(22,23)),24); -124366  0 217.812 84.9009 38.9429 -124538 0.243512 0.261342 0.183885 0.311262  0.364091  0.159686  0.108609 0.0361949  0.307434 0.0239851
(1,(((2,(3,4)),(((5,(6,7)),(8,(9,10))),((((11,12),(13,14)),(15,(16,17))),((18,19),(20,21))))),(22,23)),24); -124369  0 219.19 84.8026 35.8555 -124539 0.245329 0.255407 0.191787 0.307477  0.365562  0.158555  0.105897 0.0393291   0.30755 0.0231061
(1,(((2,(3,4)),(((5,(6,7)),(8,(9,10))),((((11,12),(13,14)),(15,(16,17))),((18,19),(20,21))))),(22,23)),24); -124366  0 217.429 85.0915 39.7148 -124538 0.242889 0.256421 0.186086 0.314604   0.36312  0.161006  0.107951 0.0374892  0.305809 0.0246247
(1,(((2,(3,4)),(((5,(6,7)),(8,(9,10))),((((11,12),(13,14)),(15,(16,17))),((18,19),(20,21))))),(22,23)),24); -124382  0 211.33 85.0884 32.7374 -124541 0.238158 0.260392 0.184837 0.316612  0.372392  0.160754  0.107256 0.0382586  0.294548 0.0267912
(1,(((2,(3,4)),(((5,(6,7)),(8,(9,10))),((((11,12),(13,14)),(15,(16,17))),((18,19),(20,21))))),(22,23)),24); -124369  0 215.23 84.9508 38.0041 -124537 0.237984 0.258952 0.186179 0.316885  0.365228  0.157011  0.107635 0.0370528  0.308106 0.0249675
(1,(((2,(3,4)),(((5,(6,7)),(8,(9,10))),((((11,12),(13,14)),(15,(16,17))),((18,19),(20,21))))),(22,23)),24); -124370  0 215.076 85.0816 35.539 -124536 0.246214 0.253593 0.186014 0.314179  0.358873  0.163847  0.113509 0.0360847  0.303381 0.0243061
(1,(((2,(3,4)),(((5,(6,7)),(8,(9,10))),((((11,12),(13,14)),(15,(16,17))),((18,19),(20,21))))),(22,23)),24); -124368  0 218.244 85.0259 36.168 -124538 0.241405 0.256741 0.188087 0.313766  0.374468  0.157917  0.108766 0.0341505  0.298352 0.0263462
(1,(((2,(3,4)),(((5,(6,7)),(8,(9,10))),((((11,12),(13,14)),(15,(16,17))),((18,19),(20,21))))),(22,23)),24); -124364  0 219.051 84.8611 38.7767 -124537 0.244451 0.257544 0.186504 0.311501  0.372114  0.155666  0.106749 0.0351969  0.305757 0.0245163
(1,(((2,(3,4)),(((5,(6,7)),(8,(9,10))),((((11,12),(13,14)),(15,(16,17))),((18,19),(20,21))))),(22,23)),24); -124369  0 217.689 85.3907 36.4315 -124538 0.240539 0.256218 0.186363 0.316881  0.370153  0.154618  0.114167 0.0360412  0.300029 0.0249913
(1,(((2,(3,4)),(((5,(6,7)),(8,(9,10))),((((11,12),(13,14)),(15,(16,17))),((18,19),(20,21))))),(22,23)),24); -124364  0 220.201 84.8993 36.9458 -124537 0.244135 0.260213 0.185943 0.309709  0.371416  0.159036  0.105363 0.0375788  0.300479 0.0261277
(1,(((2,(3,4)),(((5,(6,7)),(8,(9,10))),((((11,12),(13,14)),(15,(16,17))),((18,19),(20,21))))),(22,23)),24); -124361  0 223.561 85.1798 37.4866 -124537 0.244772 0.255237 0.184488 0.315503  0.369918  0.160313  0.109927 0.0336322  0.301093  0.025116
(1,(((2,(3,4)),(((5,(6,7)),(8,(9,10))),((((11,12),(13,14)),(15,(16,17))),((18,19),(20,21))))),(22,23)),24); -124369  0 216.776 85.0064 37.7311 -124538  0.24542 0.254648 0.186259 0.313674  0.364036  0.155816  0.110045 0.0375644  0.306478 0.0260604
(1,(((2,(3,4)),(((5,(6,7)),(8,(9,10))),((((11,12),(13,14)),(15,(16,17))),((18,19),(20,21))))),(22,23)),24); -124379  0 211.931 84.9174 32.0726 -124539 0.241544 0.258054 0.183192  0.31721  0.369528  0.158972  0.117138 0.0370264  0.292576 0.0247597
(1,(((2,(3,4)),(((5,(6,7)),(8,(9,10))),((((11,12),(13,14)),(15,(16,17))),((18,19),(20,21))))),(22,23)),24); -124375  0 209.728 84.8028 38.5523 -124538 0.239007 0.260166 0.187281 0.313546  0.366958  0.162358  0.109038 0.0359445  0.301528 0.0241731
(1,(((2,(3,4)),(((5,(6,7)),(8,(9,10))),((((11,12),(13,14)),(15,(16,17))),((18,19),(20,21))))),(22,23)),24); -124366  0 221.875 84.9984 35.6345 -124538 0.241787 0.256879 0.190562 0.310773  0.364346   0.15607  0.107246 0.0424634  0.305722 0.0241523
(1,(((2,(3,4)),(((5,(6,7)),(8,(9,10))),((((11,12),(13,14)),(15,(16,17))),((18,19),(20,21))))),(22,23)),24); -124368  0 216.85 84.8327 37.2838 -124538 0.243765 0.256959 0.181468 0.317809  0.366635  0.160142  0.109848 0.0365784  0.304574 0.0222229
(1,(((2,(3,4)),(((5,(6,7)),(8,(9,10))),((((11,12),(13,14)),(15,(16,17))),((18,19),(20,21))))),(22,23)),24); -124365  0 217.894 84.9527 39.5386 -124537 0.241949 0.256144 0.184749 0.317158  0.366592  0.159451  0.107767 0.0364075  0.305482 0.0243012
(1,(((2,(3,4)),(((5,(6,7)),(8,(9,10))),((((11,12),(13,14)),(15,(16,17))),((18,19),(20,21))))),(22,23)),24); -124367  0 217.927 84.8564 37.5061 -124537 0.245347 0.258765  0.18578 0.310108  0.363644   0.16119  0.111226 0.0372427  0.300741 0.0259561
