tree logl logTop logBL logPrior logQ logWt pi1 pi2 pi3 pi4 s1 s2 s3 s4 s5 s6
(1,((2,(3,((4,(5,6)),7))),(((((((8,9),10),(11,12)),(13,(14,15))),(((16,17),(18,19)),(20,21))),((22,24),23)),(25,26))),27); -7633.69  0 235.997 112.048 26.0243 -7783.66 0.218834 0.259752 0.284813 0.236601  0.101521  0.147804 0.0610265  0.238941  0.357806 0.0929022
(1,((2,(3,((4,(5,6)),7))),(((((((8,9),10),(11,12)),(13,(14,15))),(((16,17),(18,19)),(20,21))),((22,24),23)),(25,26))),27); -7651.09  0 224.124 112.11 24.7051 -7787.81 0.195567 0.244856 0.300174 0.259403 0.0873728  0.146775 0.0573023  0.265631  0.334443  0.108476
(1,((2,(3,((4,(5,6)),7))),(((((((8,9),10),(11,12)),(13,(14,15))),(((16,17),(18,19)),(20,21))),((22,24),23)),(25,26))),27); -7641.35  0 232.723 112.282 27.3987 -7789.19 0.207303 0.245689 0.303631 0.243377 0.0771287  0.156048 0.0668436  0.272882  0.319162  0.107935
(1,((2,(3,((4,(5,6)),7))),(((((((8,9),10),(11,12)),(13,(14,15))),(((16,17),(18,19)),(20,21))),((22,24),23)),(25,26))),27); -7638.08  0 236.801 112.592 27.0632 -7789.35 0.222062 0.253318 0.293897 0.230723 0.0906764  0.156616  0.056623  0.262229  0.334756  0.099099
(1,((2,(3,((4,(5,6)),7))),(((((((8,9),10),(11,12)),(13,(14,15))),(((16,17),(18,19)),(20,21))),((22,24),23)),(25,26))),27); -7636.33  0 236.902 112.026 24.8306 -7786.03 0.225597 0.258707  0.29037 0.225327 0.0895206  0.145123 0.0661288  0.246443  0.364598 0.0881868
(1,((2,(3,((4,(5,6)),7))),(((((((8,9),10),(11,12)),(13,(14,15))),(((16,17),(18,19)),(20,21))),((22,24),23)),(25,26))),27); -7645.23  0 233.293 112.556 25.3781 -7791.35 0.211795 0.244973 0.310258 0.232973  0.068226  0.167394 0.0560328  0.243345  0.357134  0.107869
(1,((2,(3,((4,(5,6)),7))),(((((((8,9),10),(11,12)),(13,(14,15))),(((16,17),(18,19)),(20,21))),((22,24),23)),(25,26))),27); -7636.22  0 242.017 112.447 27.2807 -7793.07 0.209271 0.249976 0.305538 0.235215 0.0740425  0.147526 0.0576514  0.246128    0.3743  0.100352
(1,((2,(3,((4,(5,6)),7))),(((((((8,9),10),(11,12)),(13,(14,15))),(((16,17),(18,19)),(20,21))),((22,24),23)),(25,26))),27); -7637.18  0 243.236 112.713 24.6343 -7792.34 0.217627 0.245004 0.309168 0.228201  0.068398  0.164085 0.0622662  0.276482  0.324059  0.104709
(1,((2,(3,((4,(5,6)),7))),(((((((8,9),10),(11,12)),(13,(14,15))),(((16,17),(18,19)),(20,21))),((22,24),23)),(25,26))),27); -7637.72  0 236.867 112.168 26.0847 -7788.51 0.212377 0.246098 0.305738 0.235787 0.0719953  0.154865 0.0847257  0.249442  0.341544 0.0974287
(1,((2,(3,((4,(5,6)),7))),(((((((8,9),10),(11,12)),(13,(14,15))),(((16,17),(18,19)),(20,21))),((22,24),23)),(25,26))),27); -7627.91  0 243.182 112.328 28.5914 -7787.36 0.212418 0.254444 0.291075 0.242062 0.0865475  0.129767  0.064582  0.258175  0.349169   0.11176
(1,((2,(3,((4,(5,6)),7))),(((((((8,9),10),(11,12)),(13,(14,15))),(((16,17),(18,19)),(20,21))),((22,24),23)),(25,26))),27); -7650.75  0 227.252 112.445 25.0486 -7790.6 0.228026 0.245437 0.283852 0.242685 0.0937766  0.160891 0.0702512  0.238933  0.347539 0.0886086
(1,((2,(3,((4,(5,6)),7))),(((((((8,9),10),(11,12)),(13,(14,15))),(((16,17),(18,19)),(20,21))),((22,24),23)),(25,26))),27); -7637.5  0 241.948 112.626 23.8386 -7790.66 0.224711 0.240229  0.30115 0.233911  0.101131  0.167642 0.0750277   0.22784  0.322727  0.105632
(1,((2,(3,((4,(5,6)),7))),(((((((8,9),10),(11,12)),(13,(14,15))),(((16,17),(18,19)),(20,21))),((22,24),23)),(25,26))),27); -7640.5  0 231.817 112.453 27.7447 -7787.61 0.211422 0.247379 0.300908  0.24029 0.0934068  0.159039 0.0583515  0.236314  0.338733  0.114156
(1,((2,(3,((4,(5,6)),7))),(((((((8,9),10),(11,12)),(13,(14,15))),(((16,17),(18,19)),(20,21))),((22,24),23)),(25,26))),27); -7632.7  0 242.544 112.283 25.824 -7788.78 0.195342 0.260705 0.303306 0.240647 0.0900186  0.159576 0.0725843  0.245341  0.335738  0.096742
(1,((2,(3,((4,(5,6)),7))),(((((((8,9),10),(11,12)),(13,(14,15))),(((16,17),(18,19)),(20,21))),((22,24),23)),(25,26))),27); -7642.64  0 237.495 112.711 24.7367 -7792.16 0.203225 0.258948 0.297011 0.240816  0.100923  0.135634 0.0704838  0.250703  0.315891  0.126366
(1,((2,(3,((4,(5,6)),7))),(((((((8,9),10),(11,12)),(13,(14,15))),(((16,17),(18,19)),(20,21))),((22,24),23)),(25,26))),27); -7637.85  0 234.359 112.212 28.1391 -7788.13 0.214674 0.247033 0.292779 0.245514 0.0763948   0.14014 0.0618291  0.278226  0.341424  0.101987
(1,((2,(3,((4,(5,6)),7))),(((((((8,9),10),(11,12)),(13,(14,15))),(((16,17),(18,19)),(20,21))),((22,24),23)),(25,26))),27); -7639.18  0 239.512 112.81 25.9366 -7791.82 0.215637 0.244575 0.312008 0.227779 0.0849271  0.157431 0.0619296  0.266411  0.321071   0.10823
(1,((2,(3,((4,(5,6)),7))),(((((((8,9),10),(11,12)),(13,(14,15))),(((16,17),(18,19)),(20,21))),((22,24),23)),(25,26))),27); -7645.31  0 229.477 112.356 27.4364 -7789.87 0.223626  0.24319 0.299686 0.233498 0.0967011  0.142603 0.0666688  0.255272  0.331192  0.107563
(1,((2,(3,((4,(5,6)),7))),(((((((8,9),10),(11,12)),(13,(14,15))),(((16,17),(18,19)),(20,21))),((22,24),23)),(25,26))),27); -7647.5  0 229.978 112.249 21.9803 -7787.21 0.220665 0.265359 0.271221 0.242754 0.0802497  0.145754 0.0581225  0.285382  0.314141  0.116351
(1,((2,(3,((4,(5,6)),7))),(((((((8,9),10),(11,12)),(13,(14,15))),(((16,17),(18,19)),(20,21))),((22,24),23)),(25,26))),27); -7633.43  0 241.132 112.415 27.833 -7789.98 0.206419 0.246982 0.300637 0.245962 0.0931825  0.148003 0.0710736  0.229684  0.355452  0.102605
(1,((2,(3,((4,(5,6)),7))),(((((((8,9),10),(11,12)),(13,(14,15))),(((16,17),(18,19)),(20,21))),((22,24),23)),(25,26))),27); -7640.97  0 237.987 112.361 20.9207 -7787.52 0.233697 0.237066  0.28069 0.248547 0.0660493  0.153048 0.0792924  0.261714  0.351068 0.0888284
(1,((2,(3,((4,(5,6)),7))),(((((((8,9),10),(11,12)),(13,(14,15))),(((16,17),(18,19)),(20,21))),((22,24),23)),(25,26))),27); -7644.73  0 233.29 112.397 25.7549 -7791.38 0.206447  0.26119 0.297669 0.234694 0.0747666   0.13881 0.0787646  0.245043  0.337506  0.125109
(1,((2,(3,((4,(5,6)),7))),(((((((8,9),10),(11,12)),(13,(14,15))),(((16,17),(18,19)),(20,21))),((22,24),23)),(25,26))),27); -7640.54  0 237.5 112.205 23.6327 -7789.47 0.205356 0.266906 0.274175 0.253563 0.0875342  0.144005 0.0764492  0.238128  0.339571  0.114312
(1,((2,(3,((4,(5,6)),7))),(((((((8,9),10),(11,12)),(13,(14,15))),(((16,17),(18,19)),(20,21))),((22,24),23)),(25,26))),27); -7645.74  0 232.83 112.43 25.6779 -7791.82 0.215156 0.246771 0.296298 0.241775 0.0966845  0.158005 0.0745891  0.211772  0.355073  0.103877
(1,((2,(3,((4,(5,6)),7))),(((((((8,9),10),(11,12)),(13,(14,15))),(((16,17),(18,19)),(20,21))),((22,24),23)),(25,26))),27); -7640.03  0 238.225 112.322 24.779 -7790.71 0.199448 0.252936 0.307468 0.240149  0.104882  0.121756 0.0682907  0.257147  0.344783  0.103142
(1,((2,(3,((4,(5,6)),7))),(((((((8,9),10),(11,12)),(13,(14,15))),(((16,17),(18,19)),(20,21))),((22,24),23)),(25,26))),27); -7639.4  0 237.597 112.305 25.7782 -7790.47 0.200089 0.260009 0.300828 0.239074 0.0790951  0.166308 0.0725562   0.22351    0.3537   0.10483
(1,((2,(3,((4,(5,6)),7))),(((((((8,9),10),(11,12)),(13,(14,15))),(((16,17),(18,19)),(20,21))),((22,24),23)),(25,26))),27); -7649.04  0 227.536 112.245 24.6398 -7788.97 0.197498 0.249703 0.305591 0.247208 0.0913799  0.154947 0.0811711   0.24507  0.314674  0.112759
(1,((2,(3,((4,(5,6)),7))),(((((((8,9),10),(11,12)),(13,(14,15))),(((16,17),(18,19)),(20,21))),((22,24),23)),(25,26))),27); -7643.96  0 229.394 112.172 25.2074 -7786.39 0.196838 0.248036 0.300877 0.254249 0.0786623  0.156545 0.0641677  0.275214  0.331147 0.0942639
(1,((2,(3,((4,(5,6)),7))),(((((((8,9),10),(11,12)),(13,(14,15))),(((16,17),(18,19)),(20,21))),((22,24),23)),(25,26))),27); -7632.05  0 244.761 112.557 26.0862 -7790.34 0.211406 0.256122 0.283183  0.24929 0.0777596  0.145386 0.0830523  0.245064  0.353589 0.0951493
(1,((2,(3,((4,(5,6)),7))),(((((((8,9),10),(11,12)),(13,(14,15))),(((16,17),(18,19)),(20,21))),((22,24),23)),(25,26))),27); -7637.62  0 238.43 112.384 26.2734 -7789.94 0.216015 0.253198 0.289559 0.241228 0.0916286  0.141092 0.0783689  0.250856   0.35233 0.0857246
(1,((2,(3,((4,(5,6)),7))),(((((((8,9),10),(11,12)),(13,(14,15))),(((16,17),(18,19)),(20,21))),((22,24),23)),(25,26))),27); -7645.87  0 233.764 112.393 24.6619 -7791.9 0.213024  0.25799 0.284362 0.244623 0.101963 0.142951 0.050202 0.235951 0.351118 0.117814
(1,((2,(3,((4,(5,6)),7))),(((((((8,9),10),(11,12)),(13,(14,15))),(((16,17),(18,19)),(20,21))),((22,24),23)),(25,26))),27); -7641.41  0 233.131 112.054 25.6809 -7788.17 0.205475  0.26405 0.291037 0.239437 0.0628989  0.137857 0.0682737   0.26513  0.350753  0.115088
(1,((2,(3,((4,(5,6)),7))),(((((((8,9),10),(11,12)),(13,(14,15))),(((16,17),(18,19)),(20,21))),((22,24),23)),(25,26))),27); -7635.41  0 243.202 112.543 26.1616 -7792.23 0.212472 0.233323 0.302833 0.251372 0.0817036  0.155827 0.0685941  0.248974  0.349955 0.0949457
(1,((2,(3,((4,(5,6)),7))),(((((((8,9),10),(11,12)),(13,(14,15))),(((16,17),(18,19)),(20,21))),((22,24),23)),(25,26))),27); -7647.33  0 227.567 112.431 26.1798 -7788.64 0.221734 0.246573 0.288656 0.243037 0.0747533  0.167062 0.0587227  0.253385  0.355442 0.0906344
(1,((2,(3,((4,(5,6)),7))),(((((((8,9),10),(11,12)),(13,(14,15))),(((16,17),(18,19)),(20,21))),((22,24),23)),(25,26))),27); -7636.97  0 241.886 112.374 23.4398 -7789.92 0.200318 0.247678 0.313463  0.23854 0.0891249  0.113089 0.0733188   0.25443  0.358907   0.11113
(1,((2,(3,((4,(5,6)),7))),(((((((8,9),10),(11,12)),(13,(14,15))),(((16,17),(18,19)),(20,21))),((22,24),23)),(25,26))),27); -7640.01  0 235.087 112.471 28.1209 -7790.75 0.212057 0.253661 0.292815 0.241467 0.0704766   0.13636  0.073193  0.251451  0.355249  0.113271
(1,((2,(3,((4,(5,6)),7))),(((((((8,9),10),(11,12)),(13,(14,15))),(((16,17),(18,19)),(20,21))),((22,24),23)),(25,26))),27); -7639.1  0 236.02 112.47 27.1055 -7789.75 0.216799 0.244703 0.289511 0.248987 0.0665455  0.152108 0.0710211   0.24893  0.346515  0.114881
(1,((2,(3,((4,(5,6)),7))),(((((((8,9),10),(11,12)),(13,(14,15))),(((16,17),(18,19)),(20,21))),((22,24),23)),(25,26))),27); -7645.65  0 221.85 111.978 28.0525 -7783.58 0.217071 0.253891 0.286798  0.24224 0.0842507  0.142805 0.0555293  0.259134  0.358161  0.100121
(1,((2,(3,((4,(5,6)),7))),(((((((8,9),10),(11,12)),(13,(14,15))),(((16,17),(18,19)),(20,21))),((22,24),23)),(25,26))),27); -7636.91  0 239.485 112.271 25.8415 -7789.96 0.213876  0.25791 0.298657 0.229557   0.08074  0.138657 0.0836671  0.245836  0.357425  0.093675
(1,((2,(3,((4,(5,6)),7))),(((((((8,9),10),(11,12)),(13,(14,15))),(((16,17),(18,19)),(20,21))),((22,24),23)),(25,26))),27); -7641.7  0 232.171 112.316 24.3511 -7785.91 0.218044 0.239313 0.296298 0.246345 0.0734561  0.171862 0.0518279  0.243071   0.34029  0.119493
(1,((2,(3,((4,(5,6)),7))),(((((((8,9),10),(11,12)),(13,(14,15))),(((16,17),(18,19)),(20,21))),((22,24),23)),(25,26))),27); -7644.09  0 235.494 112.167 21.4094 -7788.83 0.195081  0.26297 0.310476 0.231473 0.0626662  0.147771  0.055488  0.283811  0.350804 0.0994595
(1,((2,(3,((4,(5,6)),7))),(((((((8,9),10),(11,12)),(13,(14,15))),(((16,17),(18,19)),(20,21))),((22,24),23)),(25,26))),27); -7645.23  0 231.957 112.431 26.188 -7790.95 0.210301 0.235525 0.308376 0.245798 0.0968809  0.135559 0.0601803  0.247946  0.351353  0.108081
