tree logl logTop logBL logPrior logQ logWt pi1 pi2 pi3 pi4 s1 s2 s3 s4 s5 s6
(1,(((2,3),(((4,5),6),((7,(8,9)),((10,11),(12,((13,(14,15)),(16,17))))))),(((((18,19),20),(21,(22,23))),(((24,(25,26)),27),(28,29))),((30,(31,32)),33))),((34,35),36)); -33923.6  0 258.489 116.168 32.5712 -34098.5 0.224202 0.227928 0.172923 0.374947  0.174146  0.164616 0.0986562   0.01696  0.531898 0.0137233
(1,(((2,3),(((4,5),6),((7,(8,9)),((10,11),(12,((13,(14,15)),(16,17))))))),(((((18,19),20),(21,(22,23))),(((24,(25,26)),27),(28,29))),((30,(31,32)),33))),((34,35),36)); -33930.5  0 252.99 116.771 32.8955 -34099.6 0.220333 0.222675 0.198253  0.35874  0.171134  0.172993 0.0971532 0.0190384  0.524738  0.014944
(1,(((2,3),(((4,5),6),((7,(8,9)),((10,11),(12,((13,(14,15)),(16,17))))))),(((((18,19),20),(21,(22,23))),(((24,(25,26)),27),(28,29))),((30,(31,32)),33))),((34,35),36)); -33942  0 248.65 117.554 29.9897 -34103.1 0.236413 0.211653 0.182367 0.369567  0.171867  0.178297 0.0828192 0.0196278  0.532524 0.0148648
(1,(((2,3),(((4,5),6),((7,(8,9)),((10,11),(12,((13,(14,15)),(16,17))))))),(((((18,19),20),(21,(22,23))),(((24,(25,26)),27),(28,29))),((30,(31,32)),33))),((34,35),36)); -33933.7  0 250.783 116.751 31.5305 -34099.3 0.224482 0.223236 0.184981 0.367301  0.169169  0.159805 0.0982351 0.0248832  0.535385 0.0125225
(1,(((2,3),(((4,5),6),((7,(8,9)),((10,11),(12,((13,(14,15)),(16,17))))))),(((((18,19),20),(21,(22,23))),(((24,(25,26)),27),(28,29))),((30,(31,32)),33))),((34,35),36)); -33929.8  0 259.315 117.772 27.8712 -34099.2 0.239741 0.201534 0.182758 0.375967  0.177181  0.182937 0.0970986 0.0179425  0.510826 0.0140149
(1,(((2,3),(((4,5),6),((7,(8,9)),((10,11),(12,((13,(14,15)),(16,17))))))),(((((18,19),20),(21,(22,23))),(((24,(25,26)),27),(28,29))),((30,(31,32)),33))),((34,35),36)); -33925.9  0 254.511 117.493 35.2165 -34098.1 0.226543 0.221346 0.186217 0.365894  0.172621  0.170666  0.100103 0.0197203  0.522163 0.0147264
(1,(((2,3),(((4,5),6),((7,(8,9)),((10,11),(12,((13,(14,15)),(16,17))))))),(((((18,19),20),(21,(22,23))),(((24,(25,26)),27),(28,29))),((30,(31,32)),33))),((34,35),36)); -33948.1  0 256.91 118.373 23.6597 -34110.3 0.234094 0.200671  0.19073 0.374505  0.187626   0.15602 0.0920321 0.0221515  0.526406 0.0157639
(1,(((2,3),(((4,5),6),((7,(8,9)),((10,11),(12,((13,(14,15)),(16,17))))))),(((((18,19),20),(21,(22,23))),(((24,(25,26)),27),(28,29))),((30,(31,32)),33))),((34,35),36)); -33944.7  0 247.479 117.3 29.0743 -34103.9 0.222035  0.21962 0.187609 0.370736  0.185406  0.170025  0.106121 0.0224473  0.503296 0.0127051
(1,(((2,3),(((4,5),6),((7,(8,9)),((10,11),(12,((13,(14,15)),(16,17))))))),(((((18,19),20),(21,(22,23))),(((24,(25,26)),27),(28,29))),((30,(31,32)),33))),((34,35),36)); -33940.4  0 250.967 117.54 29.0521 -34102.9 0.237184 0.201385 0.190037 0.371394  0.174782  0.171121 0.0940715  0.020213  0.521988 0.0178243
(1,(((2,3),(((4,5),6),((7,(8,9)),((10,11),(12,((13,(14,15)),(16,17))))))),(((((18,19),20),(21,(22,23))),(((24,(25,26)),27),(28,29))),((30,(31,32)),33))),((34,35),36)); -33933.5  0 252.658 116.84 31.414 -34100.8 0.220612  0.22111 0.178881 0.379397  0.173574  0.170947  0.092571 0.0260598  0.523702 0.0131459
(1,(((2,3),(((4,5),6),((7,(8,9)),((10,11),(12,((13,(14,15)),(16,17))))))),(((((18,19),20),(21,(22,23))),(((24,(25,26)),27),(28,29))),((30,(31,32)),33))),((34,35),36)); -33934.4  0 251.305 117.264 31.7342 -34100.2 0.224074 0.208824 0.187262 0.379841   0.18072  0.172237 0.0897599 0.0210892   0.52108 0.0151138
(1,(((2,3),(((4,5),6),((7,(8,9)),((10,11),(12,((13,(14,15)),(16,17))))))),(((((18,19),20),(21,(22,23))),(((24,(25,26)),27),(28,29))),((30,(31,32)),33))),((34,35),36)); -33931.3  0 252.419 116.031 32.5199 -34100.2 0.225784  0.23005 0.185565 0.358601  0.172948  0.165969  0.100109 0.0220765  0.522915 0.0159839
(1,(((2,3),(((4,5),6),((7,(8,9)),((10,11),(12,((13,(14,15)),(16,17))))))),(((((18,19),20),(21,(22,23))),(((24,(25,26)),27),(28,29))),((30,(31,32)),33))),((34,35),36)); -33931.9  0 255.807 117.272 31.6721 -34102.1 0.238504 0.214239 0.182508 0.364749  0.179099   0.16054  0.100228 0.0207578  0.526312 0.0130634
(1,(((2,3),(((4,5),6),((7,(8,9)),((10,11),(12,((13,(14,15)),(16,17))))))),(((((18,19),20),(21,(22,23))),(((24,(25,26)),27),(28,29))),((30,(31,32)),33))),((34,35),36)); -33938.9  0 239.738 115.905 35.0697 -34097.8 0.231487 0.217005 0.182491 0.369017  0.177015  0.173321 0.0966849 0.0197521  0.518648 0.0145788
(1,(((2,3),(((4,5),6),((7,(8,9)),((10,11),(12,((13,(14,15)),(16,17))))))),(((((18,19),20),(21,(22,23))),(((24,(25,26)),27),(28,29))),((30,(31,32)),33))),((34,35),36)); -33941.9  0 241.701 116.001 33.2956 -34100.9 0.235251 0.220335 0.175723 0.368691  0.172833  0.179342 0.0942947 0.0184433  0.520108 0.0149789
(1,(((2,3),(((4,5),6),((7,(8,9)),((10,11),(12,((13,(14,15)),(16,17))))))),(((((18,19),20),(21,(22,23))),(((24,(25,26)),27),(28,29))),((30,(31,32)),33))),((34,35),36)); -33932.9  0 251.392 116.498 33.4596 -34101.3 0.226763 0.226066 0.190536 0.356634  0.171497  0.162719  0.095273 0.0201511  0.536966 0.0133929
(1,(((2,3),(((4,5),6),((7,(8,9)),((10,11),(12,((13,(14,15)),(16,17))))))),(((((18,19),20),(21,(22,23))),(((24,(25,26)),27),(28,29))),((30,(31,32)),33))),((34,35),36)); -33926.9  0 256.118 117.148 33.0003 -34098.9 0.224392 0.218515 0.181509 0.375583  0.185035  0.168074 0.0944335 0.0194904   0.51983 0.0131366
(1,(((2,3),(((4,5),6),((7,(8,9)),((10,11),(12,((13,(14,15)),(16,17))))))),(((((18,19),20),(21,(22,23))),(((24,(25,26)),27),(28,29))),((30,(31,32)),33))),((34,35),36)); -33944.5  0 243.688 116.805 28.2295 -34099.6 0.230261 0.208937 0.176514 0.384288 0.164553 0.171026 0.104716 0.022909 0.521252 0.015545
(1,(((2,3),(((4,5),6),((7,(8,9)),((10,11),(12,((13,(14,15)),(16,17))))))),(((((18,19),20),(21,(22,23))),(((24,(25,26)),27),(28,29))),((30,(31,32)),33))),((34,35),36)); -33932.9  0 251.362 117.123 32.4271 -34099.5  0.22894 0.216532 0.181933 0.372596   0.17936  0.163527 0.0962901 0.0246946  0.523047 0.0130809
(1,(((2,3),(((4,5),6),((7,(8,9)),((10,11),(12,((13,(14,15)),(16,17))))))),(((((18,19),20),(21,(22,23))),(((24,(25,26)),27),(28,29))),((30,(31,32)),33))),((34,35),36)); -33935.1  0 246.338 116.662 34.7042 -34099.5 0.232911 0.220186   0.1857 0.361203  0.175668  0.169671 0.0943422 0.0173849  0.529628 0.0133055
