tree logl logTop logBL logPrior logQ logWt pi1 pi2 pi3 pi4 s1 s2 s3 s4 s5 s6
(1,(((2,3),(((4,5),6),((7,(8,9)),((10,11),(12,((13,(14,15)),(16,17))))))),(((((18,19),20),(21,(22,23))),(((24,(25,26)),27),(28,29))),((30,(31,32)),33))),((34,35),36)); -33928.3  0 255.82 116.373 33.7117 -34101.5 0.224114 0.223556 0.186407 0.365923  0.180396  0.177496  0.096234 0.0179815  0.513831  0.014062
(1,(((2,3),(((4,5),6),((7,(8,9)),((10,11),(12,((13,(14,15)),(16,17))))))),(((((18,19),20),(21,(22,23))),(((24,(25,26)),27),(28,29))),((30,(31,32)),33))),((34,35),36)); -33920.3  0 260.642 117.819 34.0287 -34097.2 0.228837 0.216774 0.185657 0.368733  0.177211  0.175424 0.0993746 0.0201956  0.516304 0.0114914
(1,(((2,3),(((4,5),6),((7,(8,9)),((10,11),(12,((13,(14,15)),(16,17))))))),(((((18,19),20),(21,(22,23))),(((24,(25,26)),27),(28,29))),((30,(31,32)),33))),((34,35),36)); -33929.8  0 252.133 116.289 34.5362 -34100.1 0.224827 0.222929 0.183073 0.369171  0.172036   0.17564 0.0972536 0.0167383  0.525544 0.0127877
(1,(((2,3),(((4,5),6),((7,(8,9)),((10,11),(12,((13,(14,15)),(16,17))))))),(((((18,19),20),(21,(22,23))),(((24,(25,26)),27),(28,29))),((30,(31,32)),33))),((34,35),36)); -33931.7  0 255.883 116.03 31.1646 -34102.7 0.227469 0.218704 0.194084 0.359743  0.177816  0.163057 0.0991926 0.0151706  0.532063 0.0127015
(1,(((2,3),(((4,5),6),((7,(8,9)),((10,11),(12,((13,(14,15)),(16,17))))))),(((((18,19),20),(21,(22,23))),(((24,(25,26)),27),(28,29))),((30,(31,32)),33))),((34,35),36)); -33938.5  0 253.064 116.469 32.0131 -34107.1 0.240417 0.212011 0.183924 0.363648  0.168059  0.167756 0.0943223 0.0190885  0.534828 0.0159465
(1,(((2,3),(((4,5),6),((7,(8,9)),((10,11),(12,((13,(14,15)),(16,17))))))),(((((18,19),20),(21,(22,23))),(((24,(25,26)),27),(28,29))),((30,(31,32)),33))),((34,35),36)); -33924.1  0 257.771 116.662 33.7299 -34099 0.219927 0.223507 0.189027 0.367539   0.17576  0.164666 0.0978965 0.0214537  0.528275 0.0119495
(1,(((2,3),(((4,5),6),((7,(8,9)),((10,11),(12,((13,(14,15)),(16,17))))))),(((((18,19),20),(21,(22,23))),(((24,(25,26)),27),(28,29))),((30,(31,32)),33))),((34,35),36)); -33938  0 246.497 116.964 31.6581 -34099.2 0.220657 0.212702 0.188561 0.378081  0.164401   0.17466 0.0958646 0.0227271  0.530059 0.0122879
(1,(((2,3),(((4,5),6),((7,(8,9)),((10,11),(12,((13,(14,15)),(16,17))))))),(((((18,19),20),(21,(22,23))),(((24,(25,26)),27),(28,29))),((30,(31,32)),33))),((34,35),36)); -33934.7  0 251.248 117.252 32.928 -34101.7 0.235649 0.215066 0.176612 0.372673  0.168318  0.178461 0.0935197 0.0187004  0.526278 0.0147225
(1,(((2,3),(((4,5),6),((7,(8,9)),((10,11),(12,((13,(14,15)),(16,17))))))),(((((18,19),20),(21,(22,23))),(((24,(25,26)),27),(28,29))),((30,(31,32)),33))),((34,35),36)); -33927  0 260.673 117.804 32.6081 -34102.4 0.229689 0.208957  0.17989 0.381465  0.172777  0.167694 0.0898264 0.0195451  0.535527 0.0146314
(1,(((2,3),(((4,5),6),((7,(8,9)),((10,11),(12,((13,(14,15)),(16,17))))))),(((((18,19),20),(21,(22,23))),(((24,(25,26)),27),(28,29))),((30,(31,32)),33))),((34,35),36)); -33937.2  0 247.085 115.159 30.9803 -34100.1  0.21901 0.233833 0.176813 0.370344  0.170047   0.16649 0.0957654 0.0211076  0.529437  0.017154
(1,(((2,3),(((4,5),6),((7,(8,9)),((10,11),(12,((13,(14,15)),(16,17))))))),(((((18,19),20),(21,(22,23))),(((24,(25,26)),27),(28,29))),((30,(31,32)),33))),((34,35),36)); -33943.2  0 244.408 115.645 31.1342 -34103.1 0.224726 0.229612  0.18699 0.358672  0.167915  0.166292 0.0885172 0.0168101  0.547748 0.0127175
(1,(((2,3),(((4,5),6),((7,(8,9)),((10,11),(12,((13,(14,15)),(16,17))))))),(((((18,19),20),(21,(22,23))),(((24,(25,26)),27),(28,29))),((30,(31,32)),33))),((34,35),36)); -33935.1  0 248.428 116.993 32.1724 -34098.7 0.222157 0.222763 0.192591  0.36249  0.181229  0.175545 0.0899484 0.0225411  0.517042 0.0136936
(1,(((2,3),(((4,5),6),((7,(8,9)),((10,11),(12,((13,(14,15)),(16,17))))))),(((((18,19),20),(21,(22,23))),(((24,(25,26)),27),(28,29))),((30,(31,32)),33))),((34,35),36)); -33934  0 253.256 116.752 32.3116 -34102.8 0.228212 0.230458 0.185628 0.355702  0.167212   0.17947 0.0964553 0.0188644  0.524421 0.0135772
(1,(((2,3),(((4,5),6),((7,(8,9)),((10,11),(12,((13,(14,15)),(16,17))))))),(((((18,19),20),(21,(22,23))),(((24,(25,26)),27),(28,29))),((30,(31,32)),33))),((34,35),36)); -33943  0 240.374 115.165 32.3182 -34100.5 0.236391 0.226912 0.181669 0.355028  0.173548  0.163163  0.098231 0.0214479   0.52955 0.0140596
(1,(((2,3),(((4,5),6),((7,(8,9)),((10,11),(12,((13,(14,15)),(16,17))))))),(((((18,19),20),(21,(22,23))),(((24,(25,26)),27),(28,29))),((30,(31,32)),33))),((34,35),36)); -33926.2  0 258.082 116.454 31.7684 -34099.6 0.231333 0.222835  0.19233 0.353502   0.17987  0.172696 0.0878106 0.0207644  0.524711 0.0141489
(1,(((2,3),(((4,5),6),((7,(8,9)),((10,11),(12,((13,(14,15)),(16,17))))))),(((((18,19),20),(21,(22,23))),(((24,(25,26)),27),(28,29))),((30,(31,32)),33))),((34,35),36)); -33929.4  0 254.787 116.944 33.0686 -34100.3 0.221328 0.222111 0.188147 0.368414  0.175945  0.174151 0.0939213  0.015389   0.52552 0.0150736
(1,(((2,3),(((4,5),6),((7,(8,9)),((10,11),(12,((13,(14,15)),(16,17))))))),(((((18,19),20),(21,(22,23))),(((24,(25,26)),27),(28,29))),((30,(31,32)),33))),((34,35),36)); -33929.7  0 253.546 117.025 33.1593 -34099.4   0.2263 0.212876 0.180404  0.38042  0.168906  0.174779  0.096287 0.0180241  0.530254 0.0117503
(1,(((2,3),(((4,5),6),((7,(8,9)),((10,11),(12,((13,(14,15)),(16,17))))))),(((((18,19),20),(21,(22,23))),(((24,(25,26)),27),(28,29))),((30,(31,32)),33))),((34,35),36)); -33936.3  0 247.806 116.94 31.7914 -34098.9 0.237327 0.208094 0.192092 0.362487  0.172279   0.17744 0.0960572 0.0202374  0.518809 0.0151772
(1,(((2,3),(((4,5),6),((7,(8,9)),((10,11),(12,((13,(14,15)),(16,17))))))),(((((18,19),20),(21,(22,23))),(((24,(25,26)),27),(28,29))),((30,(31,32)),33))),((34,35),36)); -33924.5  0 257.263 117.416 33.9701 -34098.3 0.230226 0.217535 0.181541 0.370699   0.18007  0.174857 0.0989243  0.020644  0.512492 0.0130131
(1,(((2,3),(((4,5),6),((7,(8,9)),((10,11),(12,((13,(14,15)),(16,17))))))),(((((18,19),20),(21,(22,23))),(((24,(25,26)),27),(28,29))),((30,(31,32)),33))),((34,35),36)); -33933.5  0 246.728 116.871 34.3375 -34097.7 0.217813 0.225675 0.188326 0.368186  0.174465  0.168191 0.0959067 0.0196449  0.529263 0.0125288
