tree logl logTop logBL logPrior logQ logWt pi1 pi2 pi3 pi4 s1 s2 s3 s4 s5 s6
(1,(((2,(4,(5,(6,7)))),3),((((((((((8,9),10),11),12),((13,14),15)),((16,17),(18,19))),((20,21),22)),24),23),(25,26))),27); -7610.46  -18.6576 243.527 112.52 26.3447 -7749.16 0.212142 0.258313 0.288228 0.241317 0.0830942  0.142556 0.0674049  0.249198  0.321996  0.135751
(1,((2,((3,4),(5,6))),(((((7,((8,9),10)),11),12),(13,(14,15))),((((16,17),(18,19)),(20,21)),(22,((23,24),(25,26)))))),27); -7668.9  -17.0116 213.371 111.974 26.9798 -7780.26 0.217596 0.253533 0.283863 0.245008 0.0808495  0.132358 0.0746391  0.246833  0.346002  0.119319
(1,(((2,(((4,6),5),7)),3),((((((((8,9),10),(11,12)),((13,(14,15)),16)),((17,18),(19,(20,21)))),((22,24),23)),25),26)),27); -7736.09  -17.3794 230.219 112.023 22.4124 -7859.32 0.205886 0.258928 0.276083 0.259103 0.0857775  0.169396 0.0520937  0.222534  0.367419   0.10278
(1,((2,(3,(4,(5,(6,7))))),(((((((((((8,9),10),11),12),13),14),15),((16,17),(18,19))),((20,21),22)),(23,24)),(25,26))),27); -7555.19  -13.2741 230.499 112.373 27.7758 -7687.82 0.211051 0.255393 0.301883 0.231673 0.0860854  0.147365 0.0638428  0.241756  0.358035  0.102916
(1,((2,(((3,(4,6)),5),7)),((((((((((((8,10),9),11),12),13),(14,15)),(16,17)),(18,(19,20))),21),((22,24),23)),25),26)),27); -7669.85  -17.1092 240.451 112.248 24.7161 -7805.66 0.207587 0.267913 0.293596 0.230904  0.105978  0.145732 0.0636874  0.263386  0.308361  0.112856
(1,(2,((3,(((4,6),7),5)),((((((((((8,9),10),11),12),(13,(14,15))),(16,17)),(18,(20,21))),19),(22,(23,24))),(25,26)))),27); -7672.95  -15.483 234.906 112.499 25.7308 -7805.6  0.20136 0.268917 0.297332 0.232391 0.0838463  0.147748 0.0744381  0.247918  0.328045  0.118005
(1,(2,((3,(((4,6),5),7)),(((8,9),10),((11,12),((((13,(14,15)),(16,17)),(((18,19),20),((21,23),(22,24)))),(25,26)))))),27); -7731.23  -17.9771 231.016 111.99 26.004 -7858.28 0.225067 0.247731 0.285594 0.241607  0.080273  0.134172 0.0718173  0.278072   0.34276 0.0929051
(1,(((2,3),((4,(5,6)),7)),((((((((8,(9,10)),11),12),13),(14,15)),((16,17),(18,(19,(20,21))))),((22,24),23)),(25,26))),27); -7659.73  -17.2614 235.434 112.439 18.9825 -7784.44 0.208871 0.268443 0.296168 0.226519  0.092196  0.177892 0.0940223  0.217508  0.317209  0.101174
(1,((2,(3,(((4,6),7),5))),(((((((((((8,10),9),11),12),13),(14,15)),((16,17),((18,19),(20,21)))),22),(23,24)),26),25)),27); -7636.19  -14.9905 227.342 111.971 23.6496 -7760.22 0.204748 0.252059 0.312438 0.230756 0.0893462  0.139973 0.0612095  0.249517  0.377776 0.0821787
(1,((2,(3,(4,((5,6),7)))),((((((((((8,9),10),(11,12)),((13,14),15)),(((16,17),18),19)),(20,21)),(22,24)),23),26),25)),27); -7658.84  -17.8144 242.508 112.438 26.3864 -7797.48 0.226012 0.252475 0.280414   0.2411 0.0821918  0.144479 0.0666755  0.265605  0.317739  0.123309
(1,(2,(((3,4),((5,((6,8),7)),(9,10))),(((((11,12),((13,14),15)),(((16,17),18),(19,(20,21)))),((22,24),(23,25))),26))),27); -7770.85  -21.4639 239.21 112.149 25.7342 -7902.18 0.212838 0.254399  0.30697 0.225793 0.0979691  0.161255 0.0599916  0.239601  0.337065  0.104119
(1,((2,(3,(((4,5),6),7))),(((((8,9),10),11),12),(((((13,(((14,15),16),17)),(18,19)),(((20,21),22),23)),(24,25)),26))),27); -7746.49  -21.6602 236.718 112.343 26.5997 -7875.8 0.220423 0.251584 0.283013 0.244981 0.0914512  0.166288 0.0701856  0.247904  0.316234  0.107938
(1,((2,(3,((4,(5,6)),7))),((((((((((8,10),9),11),12),13),(14,15)),((((16,17),19),18),20)),((21,(22,24)),23)),25),26)),27); -7629.62  -15.9747 241.122 112.119 27.6193 -7770.27 0.218277 0.256429 0.286057 0.239237 0.0881412  0.155863 0.0739604  0.246614  0.324834  0.110587
(1,((2,(3,((4,6),(5,7)))),((((((((((((8,9),10),11),12),13),(14,15)),(16,17)),((18,(19,20)),21)),22),(23,24)),25),26)),27); -7647.73  -15.8499 236.491 112.456 23.3254 -7779.24 0.208414 0.248017 0.316423 0.227146 0.0808769  0.146058 0.0545475  0.225362  0.378816   0.11434
(1,(2,(((3,5),((4,6),(7,((8,10),9)))),(((((11,12),13),14),15),((((((16,17),(18,19)),20),21),(22,(23,(24,25)))),26)))),27); -7725.22  -24.3571 233.904 112.306 26.2589 -7848.72 0.223109 0.256706 0.297365 0.222819 0.0730973  0.145449 0.0633608  0.266055  0.349747  0.102291
(1,(2,((3,(4,(5,(6,7)))),((((((((((8,10),9),11),12),(13,(14,15))),(16,(17,(18,19)))),(20,21)),(22,(23,24))),25),26))),27); -7608.98  -14.4455 220.654 112.233 25.9579 -7728.92 0.206708 0.245292 0.305492 0.242508 0.0950438  0.156371 0.0701607  0.232068  0.350214 0.0961427
(1,((2,(((((((8,9),10),(11,12)),(13,(14,15))),((16,17),((18,19),20))),(21,(22,(23,24)))),(25,26))),(3,((4,(5,6)),7))),27); -7630.53  -18.3041 239.619 112.195 25.5411 -7765.19 0.211467  0.27254 0.282987 0.233006 0.0897133  0.138363  0.054296  0.259652   0.35922 0.0987557
(1,((2,(3,((4,(5,6)),7))),(((((((8,9),10),(11,12)),(13,(14,15))),(((16,(17,(18,19))),20),21)),((22,(23,24)),25)),26)),27); -7691.96  -17.951 231.795 112.03 27.1218 -7820.9  0.21503 0.247496 0.287138 0.250335 0.0919436  0.149891 0.0603836  0.271048  0.323535  0.103199
(1,((2,(((((((((8,9),10),11),12),13),(14,15)),(((16,17),18),(19,20))),((21,(22,24)),23)),(25,26))),27),((3,((4,6),5)),7)); -7699.16  -19.9382 235.286 112.099 22.2997 -7824.71 0.209296 0.242887  0.30204 0.245777  0.104786  0.175616 0.0524657  0.242077  0.308361  0.116693
(1,((2,(((3,5),4),(6,7))),((((((((((8,9),10),11),12),13),(14,15)),(((16,17),18),(20,(21,22)))),19),23),(24,(25,26)))),27); -7670.3  -24.2376 238.13 112.247 25.813 -7797.76 0.208521 0.246408 0.291767 0.253304 0.0991848  0.154385 0.0654361  0.235708  0.324109  0.121178
(1,(2,((3,(4,6)),5)),((((7,8),(9,10)),((((11,12),((13,14),15)),(((16,17),((18,19),20)),(((21,22),25),(23,24)))),26)),27)); -7756.78  -23.1266 229.189 112.056 25.508 -7876.29 0.216058 0.243131 0.284627 0.256184 0.0726483  0.143419 0.0703665  0.244941  0.342228  0.126398
