tree logl logTop logBL logPrior logQ logWt pi1 pi2 pi3 pi4 s1 s2 s3 s4 s5 s6
(1,((2,(3,((4,(5,6)),7))),(((((((8,9),10),(11,12)),(13,(14,15))),(((16,17),(18,19)),(20,21))),((22,24),23)),(25,26))),27); -7650.33  0 227.214 112.362 24.8804 -7790.06 0.206882 0.254021 0.310933 0.228165 0.0806806  0.140587 0.0802024  0.263972  0.341582 0.0929758
(1,((2,(3,((4,(5,6)),7))),(((((((8,9),10),(11,12)),(13,(14,15))),(((16,17),(18,19)),(20,21))),((22,24),23)),(25,26))),27); -7639.85  0 229.425 112.004 28.0684 -7785.34 0.216299 0.257758 0.288718 0.237225 0.0943542  0.136293 0.0684419  0.260026  0.340995 0.0998901
(1,((2,(3,((4,(5,6)),7))),(((((((8,9),10),(11,12)),(13,(14,15))),(((16,17),(18,19)),(20,21))),((22,24),23)),(25,26))),27); -7646.4  0 232.354 112.287 24.844 -7791.31 0.200849 0.260841 0.293191 0.245119 0.0778967  0.124202 0.0676459  0.237668  0.386589  0.105999
(1,((2,(3,((4,(5,6)),7))),(((((((8,9),10),(11,12)),(13,(14,15))),(((16,17),(18,19)),(20,21))),((22,24),23)),(25,26))),27); -7644.04  0 237.393 112.208 21.5325 -7790.76 0.218023 0.261388 0.302421 0.218168  0.078655  0.112338 0.0748759  0.282331  0.333642  0.118158
(1,((2,(3,((4,(5,6)),7))),(((((((8,9),10),(11,12)),(13,(14,15))),(((16,17),(18,19)),(20,21))),((22,24),23)),(25,26))),27); -7639.8  0 239.796 112.623 24.1846 -7791.16 0.223752 0.250715 0.291642 0.233891 0.0868714  0.139712 0.0753793  0.256977  0.360374 0.0806861
(1,((2,(3,((4,(5,6)),7))),(((((((8,9),10),(11,12)),(13,(14,15))),(((16,17),(18,19)),(20,21))),((22,24),23)),(25,26))),27); -7639.7  0 233.239 111.851 24.1008 -7785.19 0.216631 0.263202 0.295992 0.224176 0.0714433  0.124794 0.0610699  0.270767   0.34259  0.129335
(1,((2,(3,((4,(5,6)),7))),(((((((8,9),10),(11,12)),(13,(14,15))),(((16,17),(18,19)),(20,21))),((22,24),23)),(25,26))),27); -7638.65  0 235.604 112.14 25.4282 -7787.54 0.202336 0.267836 0.286826 0.243002  0.073512  0.138985 0.0646827  0.231945  0.370426   0.12045
(1,((2,(3,((4,(5,6)),7))),(((((((8,9),10),(11,12)),(13,(14,15))),(((16,17),(18,19)),(20,21))),((22,24),23)),(25,26))),27); -7640.11  0 236.242 112.289 26.4048 -7790.47 0.208272 0.265228 0.283769  0.24273 0.0956941  0.160174 0.0579991  0.254493  0.325005  0.106635
(1,((2,(3,((4,(5,6)),7))),(((((((8,9),10),(11,12)),(13,(14,15))),(((16,17),(18,19)),(20,21))),((22,24),23)),(25,26))),27); -7643.05  0 233.566 112.414 25.1471 -7789.35 0.206381 0.253106 0.292932 0.247582 0.0950997  0.172514 0.0520524  0.235823  0.339778  0.104733
(1,((2,(3,((4,(5,6)),7))),(((((((8,9),10),(11,12)),(13,(14,15))),(((16,17),(18,19)),(20,21))),((22,24),23)),(25,26))),27); -7643.54  0 227.819 112.088 27.7765 -7787.05 0.218955 0.254434 0.292329 0.234282 0.0780824  0.147723 0.0652432  0.274554   0.33589 0.0985072
(1,((2,(3,((4,(5,6)),7))),(((((((8,9),10),(11,12)),(13,(14,15))),(((16,17),(18,19)),(20,21))),((22,24),23)),(25,26))),27); -7642.3  0 229.71 112.35 27.5609 -7787.22 0.223368 0.248291 0.291435 0.236907 0.0830769  0.137334 0.0643927  0.238912  0.371133   0.10515
(1,((2,(3,((4,(5,6)),7))),(((((((8,9),10),(11,12)),(13,(14,15))),(((16,17),(18,19)),(20,21))),((22,24),23)),(25,26))),27); -7641.87  0 232.037 112.382 25.4545 -7786.98 0.210904 0.241976 0.308484 0.238636  0.076218  0.153509 0.0756873  0.264535  0.336794 0.0932558
(1,((2,(3,((4,(5,6)),7))),(((((((8,9),10),(11,12)),(13,(14,15))),(((16,17),(18,19)),(20,21))),((22,24),23)),(25,26))),27); -7633.55  0 244.978 112.482 26.461 -7792.51 0.216783  0.26822 0.288992 0.226005 0.0865906  0.151739 0.0640305  0.249956  0.352772 0.0949124
(1,((2,(3,((4,(5,6)),7))),(((((((8,9),10),(11,12)),(13,(14,15))),(((16,17),(18,19)),(20,21))),((22,24),23)),(25,26))),27); -7641.41  0 233.432 112.156 27.4348 -7790.12 0.213327 0.259963 0.285319 0.241391 0.0866358  0.144196 0.0662913  0.225534  0.364442  0.112901
(1,((2,(3,((4,(5,6)),7))),(((((((8,9),10),(11,12)),(13,(14,15))),(((16,17),(18,19)),(20,21))),((22,24),23)),(25,26))),27); -7643.42  0 235.615 112.383 24.0499 -7790.71 0.223346 0.236488 0.302913 0.237253 0.0874236  0.113373 0.0682341  0.270522  0.348564  0.111883
(1,((2,(3,((4,(5,6)),7))),(((((((8,9),10),(11,12)),(13,(14,15))),(((16,17),(18,19)),(20,21))),((22,24),23)),(25,26))),27); -7658.29  0 223.47 112.378 23.1937 -7792.58 0.195356 0.253974  0.30413 0.246539  0.111412  0.130908 0.0645549  0.255314  0.333152  0.104658
(1,((2,(3,((4,(5,6)),7))),(((((((8,9),10),(11,12)),(13,(14,15))),(((16,17),(18,19)),(20,21))),((22,24),23)),(25,26))),27); -7644.2  0 225.636 112.114 26.7158 -7784.44 0.210409 0.244917 0.302737 0.241937 0.0779968  0.132063 0.0811478  0.254283  0.350494  0.104015
(1,((2,(3,((4,(5,6)),7))),(((((((8,9),10),(11,12)),(13,(14,15))),(((16,17),(18,19)),(20,21))),((22,24),23)),(25,26))),27); -7659.81  0 219.404 112.484 24.2072 -7790.94 0.213927 0.261805 0.290902 0.233366 0.0892175  0.149534 0.0464529  0.232635  0.378182  0.103978
(1,((2,(3,((4,(5,6)),7))),(((((((8,9),10),(11,12)),(13,(14,15))),(((16,17),(18,19)),(20,21))),((22,24),23)),(25,26))),27); -7642.66  0 234.705 112.352 22.5919 -7787.6 0.212034 0.247619 0.308423 0.231924 0.0833531  0.180055 0.0543755  0.215809  0.350251  0.116157
(1,((2,(3,((4,(5,6)),7))),(((((((8,9),10),(11,12)),(13,(14,15))),(((16,17),(18,19)),(20,21))),((22,24),23)),(25,26))),27); -7642.79  0 234.259 112.382 24.7729 -7789.44 0.206185 0.244905 0.288434 0.260476 0.0728291  0.146982 0.0547029  0.247479  0.368383  0.109624
(1,((2,(3,((4,(5,6)),7))),(((((((8,9),10),(11,12)),(13,(14,15))),(((16,17),(18,19)),(20,21))),((22,24),23)),(25,26))),27); -7643.53  0 236.983 112.631 24.8737 -7792.76 0.237443 0.253441 0.287645 0.221471 0.0778643  0.142897 0.0670945  0.249723   0.35749  0.104931
(1,((2,(3,((4,(5,6)),7))),(((((((8,9),10),(11,12)),(13,(14,15))),(((16,17),(18,19)),(20,21))),((22,24),23)),(25,26))),27); -7636.03  0 234.506 112.114 27.3893 -7785.82 0.212889 0.248506 0.295039 0.243567 0.0834978  0.144251 0.0550623  0.247198  0.369973  0.100018
(1,((2,(3,((4,(5,6)),7))),(((((((8,9),10),(11,12)),(13,(14,15))),(((16,17),(18,19)),(20,21))),((22,24),23)),(25,26))),27); -7638.92  0 237.515 112.424 22.6498 -7786.66 0.202086 0.254507 0.289397 0.254011 0.0895918  0.132538 0.0824535  0.269315  0.342772 0.0833297
(1,((2,(3,((4,(5,6)),7))),(((((((8,9),10),(11,12)),(13,(14,15))),(((16,17),(18,19)),(20,21))),((22,24),23)),(25,26))),27); -7654.71  0 222.119 112.377 25.4245 -7789.87 0.206561 0.247463 0.297565 0.248412 0.0688742  0.156105 0.0536338  0.271478  0.334622  0.115287
(1,((2,(3,((4,(5,6)),7))),(((((((8,9),10),(11,12)),(13,(14,15))),(((16,17),(18,19)),(20,21))),((22,24),23)),(25,26))),27); -7646.69  0 235.51 112.343 20.5857 -7790.45 0.194604 0.249011 0.306051 0.250334 0.0717993  0.148723 0.0542819  0.291154   0.34784 0.0862012
(1,((2,(3,((4,(5,6)),7))),(((((((8,9),10),(11,12)),(13,(14,15))),(((16,17),(18,19)),(20,21))),((22,24),23)),(25,26))),27); -7640.64  0 234.967 112.302 25.5823 -7788.88 0.211977 0.243288 0.292473 0.252262 0.0757151  0.172935 0.0575908  0.258946  0.331412    0.1034
(1,((2,(3,((4,(5,6)),7))),(((((((8,9),10),(11,12)),(13,(14,15))),(((16,17),(18,19)),(20,21))),((22,24),23)),(25,26))),27); -7640.04  0 233.755 112.232 25.5986 -7787.16 0.224625 0.235878 0.284354 0.255144 0.0904668  0.145549 0.0639517  0.241844  0.347763  0.110426
(1,((2,(3,((4,(5,6)),7))),(((((((8,9),10),(11,12)),(13,(14,15))),(((16,17),(18,19)),(20,21))),((22,24),23)),(25,26))),27); -7642.03  0 229.488 112.151 25.3802 -7784.75 0.217283 0.251183 0.296557 0.234978 0.0800971  0.158297 0.0847561   0.25196  0.334476 0.0904138
(1,((2,(3,((4,(5,6)),7))),(((((((8,9),10),(11,12)),(13,(14,15))),(((16,17),(18,19)),(20,21))),((22,24),23)),(25,26))),27); -7640.31  0 236.619 112.353 24.8986 -7789.48 0.217184 0.254058 0.277858 0.250901 0.0668064   0.14008 0.0725983  0.239564  0.356246  0.124705
(1,((2,(3,((4,(5,6)),7))),(((((((8,9),10),(11,12)),(13,(14,15))),(((16,17),(18,19)),(20,21))),((22,24),23)),(25,26))),27); -7643.72  0 240.751 112.644 24.7941 -7796.63 0.231592 0.253114  0.27513 0.240163 0.0811419  0.145333 0.0528404  0.276539  0.331224  0.112922
(1,((2,(3,((4,(5,6)),7))),(((((((8,9),10),(11,12)),(13,(14,15))),(((16,17),(18,19)),(20,21))),((22,24),23)),(25,26))),27); -7643.2  0 232.645 112.384 26.6211 -7790.08 0.218879 0.249262  0.29983 0.232029 0.0871147  0.129585 0.0652474  0.250348  0.371334 0.0963711
(1,((2,(3,((4,(5,6)),7))),(((((((8,9),10),(11,12)),(13,(14,15))),(((16,17),(18,19)),(20,21))),((22,24),23)),(25,26))),27); -7638.48  0 238.031 112.267 26.2389 -7790.48 0.218892 0.252771 0.295438 0.232899 0.0855681   0.13389 0.0843314  0.248368  0.327683   0.12016
(1,((2,(3,((4,(5,6)),7))),(((((((8,9),10),(11,12)),(13,(14,15))),(((16,17),(18,19)),(20,21))),((22,24),23)),(25,26))),27); -7646.45  0 229.9 112.258 23.9581 -7788.05 0.214306 0.257889 0.307478 0.220327 0.0759401  0.165011 0.0533718  0.243345  0.341426  0.120907
(1,((2,(3,((4,(5,6)),7))),(((((((8,9),10),(11,12)),(13,(14,15))),(((16,17),(18,19)),(20,21))),((22,24),23)),(25,26))),27); -7632.99  0 246.402 112.587 26.5347 -7793.34 0.226552 0.249419 0.288478 0.235552 0.0918286  0.122762 0.0680436  0.267649  0.337072  0.112644
(1,((2,(3,((4,(5,6)),7))),(((((((8,9),10),(11,12)),(13,(14,15))),(((16,17),(18,19)),(20,21))),((22,24),23)),(25,26))),27); -7640.61  0 239.683 112.355 23.146 -7791.08  0.20591 0.273645 0.267479 0.252967 0.0962983  0.146163 0.0675026  0.241331  0.346817  0.101888
(1,((2,(3,((4,(5,6)),7))),(((((((8,9),10),(11,12)),(13,(14,15))),(((16,17),(18,19)),(20,21))),((22,24),23)),(25,26))),27); -7639.08  0 238.273 112.466 25.8081 -7790.7 0.203916 0.256545 0.293381 0.246158  0.087852  0.142005 0.0686024  0.275052   0.30813  0.118359
(1,((2,(3,((4,(5,6)),7))),(((((((8,9),10),(11,12)),(13,(14,15))),(((16,17),(18,19)),(20,21))),((22,24),23)),(25,26))),27); -7644.81  0 233.208 112.557 27.3433 -7792.8 0.202599 0.256512 0.303514 0.237374 0.0748672  0.152824 0.0663454  0.264521  0.330445  0.110997
(1,((2,(3,((4,(5,6)),7))),(((((((8,9),10),(11,12)),(13,(14,15))),(((16,17),(18,19)),(20,21))),((22,24),23)),(25,26))),27); -7641.45  0 242.16 112.567 20.8554 -7791.9 0.207315 0.231737 0.303981 0.256967 0.0994541  0.139203 0.0456525  0.252938   0.35424  0.108513
(1,((2,(3,((4,(5,6)),7))),(((((((8,9),10),(11,12)),(13,(14,15))),(((16,17),(18,19)),(20,21))),((22,24),23)),(25,26))),27); -7636.95  0 244.305 112.585 24.109 -7792.77 0.207164 0.263707  0.30171  0.22742 0.0894821  0.149923 0.0642525  0.242735   0.36876 0.0848481
(1,((2,(3,((4,(5,6)),7))),(((((((8,9),10),(11,12)),(13,(14,15))),(((16,17),(18,19)),(20,21))),((22,24),23)),(25,26))),27); -7645.78  0 230.902 112.246 25.677 -7790.11 0.216941 0.257004 0.292087 0.233968 0.0984713  0.151549 0.0685105  0.270642  0.311312 0.0995148
(1,((2,(3,((4,(5,6)),7))),(((((((8,9),10),(11,12)),(13,(14,15))),(((16,17),(18,19)),(20,21))),((22,24),23)),(25,26))),27); -7644.75  0 239.756 112.71 24.54 -7796.34 0.213626 0.273928 0.274145 0.238301 0.0771882  0.163088 0.0604996  0.243062  0.333536  0.122626
(1,((2,(3,((4,(5,6)),7))),(((((((8,9),10),(11,12)),(13,(14,15))),(((16,17),(18,19)),(20,21))),((22,24),23)),(25,26))),27); -7638.04  0 239.138 112.382 26.6636 -7791.46 0.223791 0.259546 0.286021 0.230642 0.0777167  0.155287  0.056978  0.267928   0.34371 0.0983803
(1,((2,(3,((4,(5,6)),7))),(((((((8,9),10),(11,12)),(13,(14,15))),(((16,17),(18,19)),(20,21))),((22,24),23)),(25,26))),27); -7646.07  0 224.384 111.899 27.8881 -7786.45 0.212603 0.258658 0.301115 0.227624 0.0873936   0.14482 0.0607649  0.250386  0.340355  0.116281
(1,((2,(3,((4,(5,6)),7))),(((((((8,9),10),(11,12)),(13,(14,15))),(((16,17),(18,19)),(20,21))),((22,24),23)),(25,26))),27); -7638.08  0 238.178 112.46 25.5234 -7789.32 0.198906 0.261059  0.29509 0.244946 0.0737455  0.132448 0.0544987   0.27643  0.347498  0.115379
(1,((2,(3,((4,(5,6)),7))),(((((((8,9),10),(11,12)),(13,(14,15))),(((16,17),(18,19)),(20,21))),((22,24),23)),(25,26))),27); -7642.47  0 233.084 112.125 25.556 -7788.98 0.214271 0.270363 0.282691 0.232676 0.0863899  0.145757 0.0665584  0.279825  0.322653 0.0988164
(1,((2,(3,((4,(5,6)),7))),(((((((8,9),10),(11,12)),(13,(14,15))),(((16,17),(18,19)),(20,21))),((22,24),23)),(25,26))),27); -7638.17  0 234.237 111.932 26.2923 -7786.77 0.194807 0.261216 0.290074 0.253902 0.0827948  0.144229 0.0635241  0.241971  0.353341   0.11414
(1,((2,(3,((4,(5,6)),7))),(((((((8,9),10),(11,12)),(13,(14,15))),(((16,17),(18,19)),(20,21))),((22,24),23)),(25,26))),27); -7637.06  0 235.859 112.531 26.8529 -7787.24 0.221251 0.255443 0.294136 0.229169 0.0930702  0.158482 0.0694233  0.240984  0.341635 0.0964057
(1,((2,(3,((4,(5,6)),7))),(((((((8,9),10),(11,12)),(13,(14,15))),(((16,17),(18,19)),(20,21))),((22,24),23)),(25,26))),27); -7638.14  0 239.618 112.475 25.738 -7791.02 0.213233 0.241419 0.304901 0.240448 0.0727965  0.131813 0.0599035  0.278629  0.340182  0.116677
(1,((2,(3,((4,(5,6)),7))),(((((((8,9),10),(11,12)),(13,(14,15))),(((16,17),(18,19)),(20,21))),((22,24),23)),(25,26))),27); -7645.81  0 236.397 112.729 21.8047 -7791.28 0.204708 0.263375 0.288251 0.243666 0.0911521  0.136797 0.0943019  0.258077  0.334599 0.0850725
(1,((2,(3,((4,(5,6)),7))),(((((((8,9),10),(11,12)),(13,(14,15))),(((16,17),(18,19)),(20,21))),((22,24),23)),(25,26))),27); -7650.59  0 236.486 112.343 17.2687 -7792 0.221927 0.243003 0.293156 0.241914 0.0614929  0.128973 0.0440739   0.28892  0.338734  0.137806
(1,((2,(3,((4,(5,6)),7))),(((((((8,9),10),(11,12)),(13,(14,15))),(((16,17),(18,19)),(20,21))),((22,24),23)),(25,26))),27); -7643.88  0 235.906 112.237 21.5825 -7789.13 0.196771 0.262075 0.285806 0.255349 0.0832507   0.10979 0.0618879  0.282539   0.36219  0.100342
(1,((2,(3,((4,(5,6)),7))),(((((((8,9),10),(11,12)),(13,(14,15))),(((16,17),(18,19)),(20,21))),((22,24),23)),(25,26))),27); -7636.06  0 235.432 112.235 27.5064 -7786.76  0.20254 0.258705 0.290568 0.248187 0.0907975  0.137861 0.0659365   0.24251  0.360293  0.102602
(1,((2,(3,((4,(5,6)),7))),(((((((8,9),10),(11,12)),(13,(14,15))),(((16,17),(18,19)),(20,21))),((22,24),23)),(25,26))),27); -7632.02  0 241.604 112.489 27.1586 -7788.29 0.216568  0.26783 0.285346 0.230255 0.0881731   0.14136 0.0686687  0.238226  0.358754  0.104818
(1,((2,(3,((4,(5,6)),7))),(((((((8,9),10),(11,12)),(13,(14,15))),(((16,17),(18,19)),(20,21))),((22,24),23)),(25,26))),27); -7644.46  0 229.527 112.302 26.8611 -7788.55 0.221368 0.261233  0.28528 0.232119 0.0766127  0.151282  0.060265  0.237021  0.369383  0.105436
(1,((2,(3,((4,(5,6)),7))),(((((((8,9),10),(11,12)),(13,(14,15))),(((16,17),(18,19)),(20,21))),((22,24),23)),(25,26))),27); -7638.26  0 237.764 112.52 26.4706 -7789.98 0.205879 0.269841 0.286603 0.237677 0.0836357   0.15552 0.0671868  0.262846  0.337325  0.093487
(1,((2,(3,((4,(5,6)),7))),(((((((8,9),10),(11,12)),(13,(14,15))),(((16,17),(18,19)),(20,21))),((22,24),23)),(25,26))),27); -7639.29  0 234.425 112.194 24.8996 -7786.43 0.213061 0.258652 0.297606 0.230681 0.0896701  0.143053 0.0461876   0.24563  0.372281  0.103178
(1,((2,(3,((4,(5,6)),7))),(((((((8,9),10),(11,12)),(13,(14,15))),(((16,17),(18,19)),(20,21))),((22,24),23)),(25,26))),27); -7642.34  0 235.034 112.349 26.6547 -7791.68 0.212022 0.260718 0.284079 0.243181 0.0727076  0.154405 0.0811385  0.239762  0.340749  0.111237
(1,((2,(3,((4,(5,6)),7))),(((((((8,9),10),(11,12)),(13,(14,15))),(((16,17),(18,19)),(20,21))),((22,24),23)),(25,26))),27); -7644.98  0 232.163 112.223 24.1308 -7789.05 0.226939 0.246831 0.290816 0.235414 0.0863564   0.14049 0.0763309  0.211647  0.365924  0.119251
(1,((2,(3,((4,(5,6)),7))),(((((((8,9),10),(11,12)),(13,(14,15))),(((16,17),(18,19)),(20,21))),((22,24),23)),(25,26))),27); -7648.36  0 231.544 112.71 26.2397 -7793.43 0.199367 0.257028 0.294602 0.249004 0.0843286  0.139194  0.067938  0.233332  0.347236  0.127971
(1,((2,(3,((4,(5,6)),7))),(((((((8,9),10),(11,12)),(13,(14,15))),(((16,17),(18,19)),(20,21))),((22,24),23)),(25,26))),27); -7635.09  0 240.959 112.2 26.2513 -7790.1 0.216673 0.258155 0.296611 0.228561 0.0700378  0.142633  0.072374  0.265553  0.328211  0.121191
(1,((2,(3,((4,(5,6)),7))),(((((((8,9),10),(11,12)),(13,(14,15))),(((16,17),(18,19)),(20,21))),((22,24),23)),(25,26))),27); -7648.87  0 221.35 111.796 24.8618 -7783.29 0.210316 0.252424 0.294582 0.242678 0.0852142  0.135977 0.0762278   0.29067  0.313453 0.0984588
(1,((2,(3,((4,(5,6)),7))),(((((((8,9),10),(11,12)),(13,(14,15))),(((16,17),(18,19)),(20,21))),((22,24),23)),(25,26))),27); -7635.43  0 237.121 112.152 25.8937 -7786.29 0.211168 0.245865 0.300256  0.24271 0.0740557  0.144298 0.0612546   0.27155  0.359084 0.0897572
(1,((2,(3,((4,(5,6)),7))),(((((((8,9),10),(11,12)),(13,(14,15))),(((16,17),(18,19)),(20,21))),((22,24),23)),(25,26))),27); -7645.58  0 231.302 112.525 28.4793 -7792.84 0.216408 0.258084 0.289987 0.235521 0.0879829  0.147096 0.0659521   0.23652  0.344682  0.117767
(1,((2,(3,((4,(5,6)),7))),(((((((8,9),10),(11,12)),(13,(14,15))),(((16,17),(18,19)),(20,21))),((22,24),23)),(25,26))),27); -7644.64  0 233.739 112.156 23.3806 -7789.6 0.235421 0.241219 0.282823 0.240537 0.0708075  0.141869 0.0651187  0.230388  0.369198  0.122618
(1,((2,(3,((4,(5,6)),7))),(((((((8,9),10),(11,12)),(13,(14,15))),(((16,17),(18,19)),(20,21))),((22,24),23)),(25,26))),27); -7639.56  0 242.61 112.448 23.7626 -7793.48 0.221529 0.260787 0.273825 0.243858 0.096733 0.135617 0.054877 0.253771 0.327066 0.131936
(1,((2,(3,((4,(5,6)),7))),(((((((8,9),10),(11,12)),(13,(14,15))),(((16,17),(18,19)),(20,21))),((22,24),23)),(25,26))),27); -7634.91  0 239.664 112.248 26.0355 -7788.36 0.207613 0.266477 0.286191 0.239719 0.0943781  0.169669 0.0619203  0.237077  0.332051  0.104905
(1,((2,(3,((4,(5,6)),7))),(((((((8,9),10),(11,12)),(13,(14,15))),(((16,17),(18,19)),(20,21))),((22,24),23)),(25,26))),27); -7638.99  0 239.434 112.412 24.7626 -7790.77 0.216834  0.24442 0.304337 0.234409 0.0745676  0.152197 0.0569229  0.283958  0.339969 0.0923852
(1,((2,(3,((4,(5,6)),7))),(((((((8,9),10),(11,12)),(13,(14,15))),(((16,17),(18,19)),(20,21))),((22,24),23)),(25,26))),27); -7642.05  0 242.866 112.528 20.3581 -7792.75 0.208421 0.262472 0.316082 0.213025 0.0806877  0.117557 0.0606041  0.271743   0.36344  0.105968
(1,((2,(3,((4,(5,6)),7))),(((((((8,9),10),(11,12)),(13,(14,15))),(((16,17),(18,19)),(20,21))),((22,24),23)),(25,26))),27); -7635.74  0 243.632 112.275 24.383 -7791.48  0.22163  0.24358 0.283221 0.251569 0.0798953  0.125792 0.0623765  0.263299  0.334158   0.13448
(1,((2,(3,((4,(5,6)),7))),(((((((8,9),10),(11,12)),(13,(14,15))),(((16,17),(18,19)),(20,21))),((22,24),23)),(25,26))),27); -7663.64  0 214.845 112.357 24.6694 -7790.8 0.216251 0.253215 0.282485 0.248049 0.0709321  0.145292  0.047518  0.264318  0.367945  0.103994
(1,((2,(3,((4,(5,6)),7))),(((((((8,9),10),(11,12)),(13,(14,15))),(((16,17),(18,19)),(20,21))),((22,24),23)),(25,26))),27); -7640.99  0 234.194 112.295 25.5017 -7788.39 0.216365 0.266693 0.294873 0.222069 0.0885984  0.130946 0.0743628  0.254107  0.331946  0.120041
(1,((2,(3,((4,(5,6)),7))),(((((((8,9),10),(11,12)),(13,(14,15))),(((16,17),(18,19)),(20,21))),((22,24),23)),(25,26))),27); -7642.41  0 235.787 112.114 23.9305 -7790.02 0.212548 0.254534  0.29728 0.235639  0.110205  0.117994 0.0625398  0.259258  0.332017  0.117985
(1,((2,(3,((4,(5,6)),7))),(((((((8,9),10),(11,12)),(13,(14,15))),(((16,17),(18,19)),(20,21))),((22,24),23)),(25,26))),27); -7646.51  0 232.942 112.418 24.2417 -7791.27 0.212079 0.255136 0.312886 0.219899 0.0757671  0.155554 0.0588012  0.236776  0.353721  0.119381
(1,((2,(3,((4,(5,6)),7))),(((((((8,9),10),(11,12)),(13,(14,15))),(((16,17),(18,19)),(20,21))),((22,24),23)),(25,26))),27); -7644.18  0 233.065 112.413 25.6088 -7790.44 0.208704 0.274389 0.283791 0.233115 0.0931245  0.129092 0.0584942  0.262173  0.349032  0.108085
(1,((2,(3,((4,(5,6)),7))),(((((((8,9),10),(11,12)),(13,(14,15))),(((16,17),(18,19)),(20,21))),((22,24),23)),(25,26))),27); -7638.82  0 230.837 111.979 27.7988 -7785.48 0.208536 0.246894 0.302698 0.241872 0.0872398  0.141203 0.0570373   0.26353  0.337516  0.113474
(1,((2,(3,((4,(5,6)),7))),(((((((8,9),10),(11,12)),(13,(14,15))),(((16,17),(18,19)),(20,21))),((22,24),23)),(25,26))),27); -7637.43  0 237.277 112.365 26.1593 -7788.5 0.208971 0.247851 0.296395 0.246783 0.0942002   0.13261 0.0555211  0.240575  0.372945  0.104149
(1,((2,(3,((4,(5,6)),7))),(((((((8,9),10),(11,12)),(13,(14,15))),(((16,17),(18,19)),(20,21))),((22,24),23)),(25,26))),27); -7649.39  0 226.896 112.199 24.2962 -7788.38 0.201158 0.261584 0.309986 0.227272 0.0849171  0.160609 0.0715033  0.246367  0.346416 0.0901878
(1,((2,(3,((4,(5,6)),7))),(((((((8,9),10),(11,12)),(13,(14,15))),(((16,17),(18,19)),(20,21))),((22,24),23)),(25,26))),27); -7642.54  0 238.802 112.419 24.1651 -7793.09  0.21922 0.251313 0.294607  0.23486  0.070649  0.155825 0.0594341  0.220476  0.362116    0.1315
(1,((2,(3,((4,(5,6)),7))),(((((((8,9),10),(11,12)),(13,(14,15))),(((16,17),(18,19)),(20,21))),((22,24),23)),(25,26))),27); -7643.51  0 237.401 112.333 22.3663 -7790.94 0.228485 0.264617 0.269318  0.23758 0.0905782  0.162955 0.0730045  0.265564  0.311031 0.0968666
(1,((2,(3,((4,(5,6)),7))),(((((((8,9),10),(11,12)),(13,(14,15))),(((16,17),(18,19)),(20,21))),((22,24),23)),(25,26))),27); -7648.95  0 229.544 112.463 25.2575 -7791.29 0.217715 0.268258 0.283518 0.230509 0.0806407  0.141479 0.0649414  0.260962  0.320827  0.131149
(1,((2,(3,((4,(5,6)),7))),(((((((8,9),10),(11,12)),(13,(14,15))),(((16,17),(18,19)),(20,21))),((22,24),23)),(25,26))),27); -7635.11  0 239.792 112.254 25.5548 -7788.21 0.216393 0.259427 0.292252 0.231927  0.107842  0.146203 0.0701278  0.232685   0.33313  0.110011
(1,((2,(3,((4,(5,6)),7))),(((((((8,9),10),(11,12)),(13,(14,15))),(((16,17),(18,19)),(20,21))),((22,24),23)),(25,26))),27); -7641.79  0 236.282 112.502 26.3452 -7791.91 0.214273 0.265354 0.293204 0.227169 0.0891385  0.125248 0.0743745  0.262198  0.346221   0.10282
(1,((2,(3,((4,(5,6)),7))),(((((((8,9),10),(11,12)),(13,(14,15))),(((16,17),(18,19)),(20,21))),((22,24),23)),(25,26))),27); -7640.72  0 240.277 112.411 21.9903 -7790.57 0.200795 0.255073 0.289559 0.254573 0.0974886  0.141461 0.0737384  0.271557  0.295153  0.120602
(1,((2,(3,((4,(5,6)),7))),(((((((8,9),10),(11,12)),(13,(14,15))),(((16,17),(18,19)),(20,21))),((22,24),23)),(25,26))),27); -7636.26  0 241.035 112.501 26.1972 -7790.99 0.211308  0.23953 0.292306 0.256856 0.0862361   0.13047 0.0683084  0.257981  0.354953  0.102051
(1,((2,(3,((4,(5,6)),7))),(((((((8,9),10),(11,12)),(13,(14,15))),(((16,17),(18,19)),(20,21))),((22,24),23)),(25,26))),27); -7632.52  0 241.73 112.394 28.2808 -7790.13   0.2157 0.254271 0.285413 0.244616 0.0879696  0.140269  0.056713  0.264356  0.344591  0.106102
(1,((2,(3,((4,(5,6)),7))),(((((((8,9),10),(11,12)),(13,(14,15))),(((16,17),(18,19)),(20,21))),((22,24),23)),(25,26))),27); -7640.32  0 237.148 112.439 26.4139 -7791.44 0.230673 0.247715 0.292004 0.229609 0.0944125   0.14078 0.0652492  0.237333  0.355755   0.10647
(1,((2,(3,((4,(5,6)),7))),(((((((8,9),10),(11,12)),(13,(14,15))),(((16,17),(18,19)),(20,21))),((22,24),23)),(25,26))),27); -7638.45  0 238.101 112.516 26.1781 -7790.22  0.21956 0.244382 0.299622 0.236436 0.0809739  0.124941 0.0674451  0.252524  0.374877 0.0992393
(1,((2,(3,((4,(5,6)),7))),(((((((8,9),10),(11,12)),(13,(14,15))),(((16,17),(18,19)),(20,21))),((22,24),23)),(25,26))),27); -7638.7  0 240.647 112.487 25.2927 -7792.15 0.197624 0.256391 0.299434 0.246551 0.0823983  0.157961 0.0658417  0.265209  0.309928  0.118663
(1,((2,(3,((4,(5,6)),7))),(((((((8,9),10),(11,12)),(13,(14,15))),(((16,17),(18,19)),(20,21))),((22,24),23)),(25,26))),27); -7643.05  0 234.5 112.217 24.7301 -7790.07   0.2306 0.256233 0.284317 0.228849 0.0746956  0.149581 0.0493743  0.269421  0.345671  0.111256
(1,((2,(3,((4,(5,6)),7))),(((((((8,9),10),(11,12)),(13,(14,15))),(((16,17),(18,19)),(20,21))),((22,24),23)),(25,26))),27); -7647.06  0 223.72 112.218 26.9489 -7785.51 0.210992 0.244895 0.293092 0.251022 0.0908347  0.129735 0.0653892  0.249241   0.34138  0.123421
(1,((2,(3,((4,(5,6)),7))),(((((((8,9),10),(11,12)),(13,(14,15))),(((16,17),(18,19)),(20,21))),((22,24),23)),(25,26))),27); -7642.15  0 234.688 112.46 24.0966 -7788.47 0.194673 0.254606 0.307587 0.243135 0.0790176  0.144809 0.0769085  0.278304  0.321518 0.0994436
(1,((2,(3,((4,(5,6)),7))),(((((((8,9),10),(11,12)),(13,(14,15))),(((16,17),(18,19)),(20,21))),((22,24),23)),(25,26))),27); -7639.56  0 241.922 112.395 24.2416 -7793.33 0.213295 0.266779 0.276256  0.24367 0.0852882  0.132376 0.0788002  0.242789  0.328551  0.132196
(1,((2,(3,((4,(5,6)),7))),(((((((8,9),10),(11,12)),(13,(14,15))),(((16,17),(18,19)),(20,21))),((22,24),23)),(25,26))),27); -7640.97  0 232.212 112.231 27.2916 -7788.24  0.21725 0.243592 0.302291 0.236867 0.0806743  0.142785 0.0567641  0.266763  0.352198  0.100816
(1,((2,(3,((4,(5,6)),7))),(((((((8,9),10),(11,12)),(13,(14,15))),(((16,17),(18,19)),(20,21))),((22,24),23)),(25,26))),27); -7642.91  0 231.367 112.291 25.5048 -7787.49 0.194405 0.260765 0.295803 0.249028 0.0951766  0.154944 0.0600296  0.257362  0.325574  0.106914
(1,((2,(3,((4,(5,6)),7))),(((((((8,9),10),(11,12)),(13,(14,15))),(((16,17),(18,19)),(20,21))),((22,24),23)),(25,26))),27); -7638.52  0 231.02 112.098 27.1695 -7784.61 0.203867 0.262462  0.29083 0.242842   0.08856  0.136953 0.0719489  0.232741  0.363269  0.106528
(1,((2,(3,((4,(5,6)),7))),(((((((8,9),10),(11,12)),(13,(14,15))),(((16,17),(18,19)),(20,21))),((22,24),23)),(25,26))),27); -7637.28  0 238.465 112.294 26.2035 -7789.65 0.221581 0.265855 0.282314 0.230251  0.095143  0.148538 0.0610313  0.264171  0.330202  0.100915
(1,((2,(3,((4,(5,6)),7))),(((((((8,9),10),(11,12)),(13,(14,15))),(((16,17),(18,19)),(20,21))),((22,24),23)),(25,26))),27); -7659.33  0 212.584 112.162 27.029 -7786.78 0.219623 0.255926 0.292623 0.231828  0.100459  0.144393 0.0656544  0.232073  0.347909  0.109512
(1,((2,(3,((4,(5,6)),7))),(((((((8,9),10),(11,12)),(13,(14,15))),(((16,17),(18,19)),(20,21))),((22,24),23)),(25,26))),27); -7629.13  0 249.678 112.623 26.05 -7792.24 0.217444 0.263862 0.292166 0.226528 0.0990585  0.155428 0.0672904  0.232648  0.340623  0.104952
(1,((2,(3,((4,(5,6)),7))),(((((((8,9),10),(11,12)),(13,(14,15))),(((16,17),(18,19)),(20,21))),((22,24),23)),(25,26))),27); -7658.8  0 222.281 112.262 21.9434 -7790.76 0.194812 0.250859 0.325897 0.228432 0.0758477  0.151414 0.0773032  0.245755  0.341867  0.107814
(1,((2,(3,((4,(5,6)),7))),(((((((8,9),10),(11,12)),(13,(14,15))),(((16,17),(18,19)),(20,21))),((22,24),23)),(25,26))),27); -7646.03  0 228.622 111.878 22.8629 -7785.64  0.21033 0.270188 0.290085 0.229397  0.101915  0.175764 0.0658978  0.237352  0.320675 0.0983961
(1,((2,(3,((4,(5,6)),7))),(((((((8,9),10),(11,12)),(13,(14,15))),(((16,17),(18,19)),(20,21))),((22,24),23)),(25,26))),27); -7636.56  0 236.386 112.273 26.2231 -7786.9 0.220788  0.23944 0.291743 0.248028 0.0808288   0.14216  0.076036  0.266747  0.338279 0.0959496
(1,((2,(3,((4,(5,6)),7))),(((((((8,9),10),(11,12)),(13,(14,15))),(((16,17),(18,19)),(20,21))),((22,24),23)),(25,26))),27); -7644.88  0 231.978 112.194 25.06 -7789.72   0.2252 0.246903 0.291473 0.236425 0.0655818  0.146366 0.0561873  0.256465  0.372388  0.103012
(1,((2,(3,((4,(5,6)),7))),(((((((8,9),10),(11,12)),(13,(14,15))),(((16,17),(18,19)),(20,21))),((22,24),23)),(25,26))),27); -7638.65  0 233.722 112.278 27.6869 -7787.79 0.205216 0.263204  0.28246  0.24912 0.0850324  0.147417 0.0654376  0.260059  0.332347  0.109707
(1,((2,(3,((4,(5,6)),7))),(((((((8,9),10),(11,12)),(13,(14,15))),(((16,17),(18,19)),(20,21))),((22,24),23)),(25,26))),27); -7628.84  0 246.841 112.365 25.1606 -7788.48  0.20495 0.242658 0.310153 0.242239 0.0835073  0.151727 0.0817594  0.246377  0.323058  0.113571
(1,((2,(3,((4,(5,6)),7))),(((((((8,9),10),(11,12)),(13,(14,15))),(((16,17),(18,19)),(20,21))),((22,24),23)),(25,26))),27); -7645.27  0 232.399 112.497 27.0468 -7792.22  0.20436 0.254007 0.292239 0.249395 0.0844787  0.154258 0.0602157   0.27222  0.329801 0.0990265
(1,((2,(3,((4,(5,6)),7))),(((((((8,9),10),(11,12)),(13,(14,15))),(((16,17),(18,19)),(20,21))),((22,24),23)),(25,26))),27); -7641.58  0 228.913 112.005 27.3797 -7785.87  0.20561 0.258795  0.29553 0.240064 0.0988405  0.130665 0.0639145  0.247491  0.345462  0.113627
(1,((2,(3,((4,(5,6)),7))),(((((((8,9),10),(11,12)),(13,(14,15))),(((16,17),(18,19)),(20,21))),((22,24),23)),(25,26))),27); -7634.28  0 243.483 112.572 24.9509 -7790.14 0.218365 0.245397 0.299641 0.236597 0.0886242  0.145082 0.0602346   0.23401  0.381338 0.0907113
(1,((2,(3,((4,(5,6)),7))),(((((((8,9),10),(11,12)),(13,(14,15))),(((16,17),(18,19)),(20,21))),((22,24),23)),(25,26))),27); -7648.7  0 231.412 112.316 23.2379 -7791.04 0.220655 0.254225 0.295274 0.229846 0.0980536   0.11227 0.0763595  0.275789  0.339516 0.0980127
(1,((2,(3,((4,(5,6)),7))),(((((((8,9),10),(11,12)),(13,(14,15))),(((16,17),(18,19)),(20,21))),((22,24),23)),(25,26))),27); -7641.77  0 231.713 112.292 27.0973 -7788.29 0.223961  0.26233  0.27828 0.235428 0.0773133  0.144294 0.0655904  0.269753  0.338082  0.104968
(1,((2,(3,((4,(5,6)),7))),(((((((8,9),10),(11,12)),(13,(14,15))),(((16,17),(18,19)),(20,21))),((22,24),23)),(25,26))),27); -7640.1  0 235.634 112.28 26.1359 -7789.59 0.208887 0.269435 0.286966 0.234712 0.0923691  0.158573 0.0710707  0.239308  0.323075  0.115605
(1,((2,(3,((4,(5,6)),7))),(((((((8,9),10),(11,12)),(13,(14,15))),(((16,17),(18,19)),(20,21))),((22,24),23)),(25,26))),27); -7645.28  0 232.552 112.426 24.5277 -7789.94 0.204569  0.25897 0.296941 0.239519 0.0825637  0.156501  0.065428  0.209717  0.360941  0.124849
(1,((2,(3,((4,(5,6)),7))),(((((((8,9),10),(11,12)),(13,(14,15))),(((16,17),(18,19)),(20,21))),((22,24),23)),(25,26))),27); -7645.88  0 239.399 112.692 20.5088 -7793.09 0.225131 0.244565 0.272095 0.258209 0.103296 0.118648 0.066775 0.246466 0.335612 0.129203
(1,((2,(3,((4,(5,6)),7))),(((((((8,9),10),(11,12)),(13,(14,15))),(((16,17),(18,19)),(20,21))),((22,24),23)),(25,26))),27); -7640.49  0 236.221 112.503 26.5353 -7790.75 0.218095 0.270287 0.284864 0.226755 0.0929358  0.143351 0.0613905  0.253914  0.343924  0.104485
(1,((2,(3,((4,(5,6)),7))),(((((((8,9),10),(11,12)),(13,(14,15))),(((16,17),(18,19)),(20,21))),((22,24),23)),(25,26))),27); -7647.2  0 231.037 112.116 24.7985 -7790.92 0.212438 0.273585 0.287367  0.22661 0.0831377  0.128859 0.0815378  0.249007  0.341134  0.116324
(1,((2,(3,((4,(5,6)),7))),(((((((8,9),10),(11,12)),(13,(14,15))),(((16,17),(18,19)),(20,21))),((22,24),23)),(25,26))),27); -7648.78  0 228.572 112.309 23.6315 -7788.67 0.210324 0.257378 0.285613 0.246685 0.0740572  0.156022 0.0489534  0.235318  0.349796  0.135853
(1,((2,(3,((4,(5,6)),7))),(((((((8,9),10),(11,12)),(13,(14,15))),(((16,17),(18,19)),(20,21))),((22,24),23)),(25,26))),27); -7644.81  0 230.828 112.131 26.1864 -7789.69 0.228643 0.250209 0.287744 0.233404 0.0961229  0.127935 0.0687541  0.261347  0.330673  0.115168
(1,((2,(3,((4,(5,6)),7))),(((((((8,9),10),(11,12)),(13,(14,15))),(((16,17),(18,19)),(20,21))),((22,24),23)),(25,26))),27); -7633.2  0 241.544 112.38 26.7254 -7789.09 0.203775 0.255535 0.292761 0.247929  0.100651  0.137591 0.0702702   0.25119  0.328031  0.112268
(1,((2,(3,((4,(5,6)),7))),(((((((8,9),10),(11,12)),(13,(14,15))),(((16,17),(18,19)),(20,21))),((22,24),23)),(25,26))),27); -7650.73  0 230.003 112.432 24.7472 -7793.05 0.207947 0.253558 0.288343 0.250152 0.0692099  0.145825 0.0636219  0.236952  0.347271   0.13712
(1,((2,(3,((4,(5,6)),7))),(((((((8,9),10),(11,12)),(13,(14,15))),(((16,17),(18,19)),(20,21))),((22,24),23)),(25,26))),27); -7639.71  0 235.984 112.284 27.0739 -7790.48 0.206083 0.268883  0.29293 0.232104 0.0762035  0.145036 0.0633494  0.270559   0.33987  0.104982
(1,((2,(3,((4,(5,6)),7))),(((((((8,9),10),(11,12)),(13,(14,15))),(((16,17),(18,19)),(20,21))),((22,24),23)),(25,26))),27); -7644.67  0 230.672 112.406 26.3417 -7789.28 0.216593  0.25556 0.276191 0.251656 0.0877939  0.129594 0.0620247  0.244482  0.368341  0.107765
(1,((2,(3,((4,(5,6)),7))),(((((((8,9),10),(11,12)),(13,(14,15))),(((16,17),(18,19)),(20,21))),((22,24),23)),(25,26))),27); -7631.94  0 242.557 112.504 26.5607 -7788.55 0.220568 0.258563 0.298511 0.222358 0.086603 0.155065 0.056524 0.249685 0.338488 0.113635
(1,((2,(3,((4,(5,6)),7))),(((((((8,9),10),(11,12)),(13,(14,15))),(((16,17),(18,19)),(20,21))),((22,24),23)),(25,26))),27); -7642.72  0 234.676 112.845 25.568 -7790.12 0.232031 0.249447 0.288446 0.230075 0.0915317  0.151475 0.0633708  0.257843  0.344646 0.0911331
(1,((2,(3,((4,(5,6)),7))),(((((((8,9),10),(11,12)),(13,(14,15))),(((16,17),(18,19)),(20,21))),((22,24),23)),(25,26))),27); -7652.47  0 224.687 112.156 22.8694 -7787.87 0.212638 0.259863 0.297215 0.230284 0.0779522  0.182953 0.0702341   0.22259  0.321012  0.125259
(1,((2,(3,((4,(5,6)),7))),(((((((8,9),10),(11,12)),(13,(14,15))),(((16,17),(18,19)),(20,21))),((22,24),23)),(25,26))),27); -7637.07  0 238.837 112.084 25.9376 -7789.76 0.210208 0.251084 0.291843 0.246865 0.0873422  0.154456  0.072471  0.216252  0.347107  0.122372
(1,((2,(3,((4,(5,6)),7))),(((((((8,9),10),(11,12)),(13,(14,15))),(((16,17),(18,19)),(20,21))),((22,24),23)),(25,26))),27); -7641.14  0 234.138 112.149 24.327 -7787.46 0.221772 0.250997 0.296371  0.23086 0.0863341  0.134868 0.0857685  0.241314  0.362072  0.089643
(1,((2,(3,((4,(5,6)),7))),(((((((8,9),10),(11,12)),(13,(14,15))),(((16,17),(18,19)),(20,21))),((22,24),23)),(25,26))),27); -7635.65  0 239.182 112.357 28.898 -7791.37 0.217477 0.254888 0.294752 0.232883 0.0875427  0.150216  0.066229  0.249047  0.339735   0.10723
(1,((2,(3,((4,(5,6)),7))),(((((((8,9),10),(11,12)),(13,(14,15))),(((16,17),(18,19)),(20,21))),((22,24),23)),(25,26))),27); -7637.6  0 236.166 112.224 25.5938 -7787.14 0.218174 0.240353  0.29853 0.242943 0.0933656  0.139594 0.0555188  0.235268  0.349273  0.126982
(1,((2,(3,((4,(5,6)),7))),(((((((8,9),10),(11,12)),(13,(14,15))),(((16,17),(18,19)),(20,21))),((22,24),23)),(25,26))),27); -7645.59  0 232.911 112.381 23.8344 -7789.96 0.204506 0.254007 0.306439 0.235048 0.0625092  0.141381 0.0665123  0.236858  0.373402  0.119338
(1,((2,(3,((4,(5,6)),7))),(((((((8,9),10),(11,12)),(13,(14,15))),(((16,17),(18,19)),(20,21))),((22,24),23)),(25,26))),27); -7634.16  0 238.424 112.416 25.7724 -7785.94 0.225877 0.245329 0.296472 0.232322 0.0848446  0.163025 0.0523469  0.248981  0.352221 0.0985805
(1,((2,(3,((4,(5,6)),7))),(((((((8,9),10),(11,12)),(13,(14,15))),(((16,17),(18,19)),(20,21))),((22,24),23)),(25,26))),27); -7640.85  0 234.446 112.368 27.2303 -7790.16 0.221277   0.2538 0.294091 0.230832  0.099078   0.14645 0.0616367  0.237266  0.345007  0.110562
(1,((2,(3,((4,(5,6)),7))),(((((((8,9),10),(11,12)),(13,(14,15))),(((16,17),(18,19)),(20,21))),((22,24),23)),(25,26))),27); -7643.45  0 230.13 112.117 26.2932 -7787.75 0.209223 0.254969 0.306132 0.229676 0.0826249  0.146005 0.0593181   0.24733  0.334684  0.130038
(1,((2,(3,((4,(5,6)),7))),(((((((8,9),10),(11,12)),(13,(14,15))),(((16,17),(18,19)),(20,21))),((22,24),23)),(25,26))),27); -7640.28  0 233.431 112.395 26.369 -7787.68 0.205658 0.251572   0.3022  0.24057  0.076931  0.145038 0.0575146  0.247078  0.341338  0.132101
(1,((2,(3,((4,(5,6)),7))),(((((((8,9),10),(11,12)),(13,(14,15))),(((16,17),(18,19)),(20,21))),((22,24),23)),(25,26))),27); -7653.35  0 223.382 112.524 27.5601 -7791.76 0.211534 0.259406 0.288981 0.240079 0.0759575  0.128925   0.06897  0.274633  0.347089  0.104426
(1,((2,(3,((4,(5,6)),7))),(((((((8,9),10),(11,12)),(13,(14,15))),(((16,17),(18,19)),(20,21))),((22,24),23)),(25,26))),27); -7642.85  0 231.227 112.252 25.7613 -7787.59  0.20894 0.245377 0.290646 0.255036 0.0970375  0.142542 0.0614616  0.237068  0.363488  0.098403
(1,((2,(3,((4,(5,6)),7))),(((((((8,9),10),(11,12)),(13,(14,15))),(((16,17),(18,19)),(20,21))),((22,24),23)),(25,26))),27); -7638.45  0 232.396 112.205 27.8566 -7786.5 0.220845 0.248036 0.290946 0.240174 0.0732791  0.153887 0.0736585  0.250896  0.344171  0.104108
(1,((2,(3,((4,(5,6)),7))),(((((((8,9),10),(11,12)),(13,(14,15))),(((16,17),(18,19)),(20,21))),((22,24),23)),(25,26))),27); -7636.11  0 238.888 112.45 26.9053 -7789.46 0.201428 0.253759 0.297322 0.247491 0.0978938  0.137054 0.0593235  0.243321  0.350779  0.111628
(1,((2,(3,((4,(5,6)),7))),(((((((8,9),10),(11,12)),(13,(14,15))),(((16,17),(18,19)),(20,21))),((22,24),23)),(25,26))),27); -7637.6  0 243.649 112.419 25.2639 -7794.09 0.215675 0.265264 0.284541 0.234519 0.0948788   0.13219 0.0606806  0.233062  0.347937  0.131252
(1,((2,(3,((4,(5,6)),7))),(((((((8,9),10),(11,12)),(13,(14,15))),(((16,17),(18,19)),(20,21))),((22,24),23)),(25,26))),27); -7638.8  0 231.233 112.264 28.4443 -7786.21  0.21582 0.253303 0.296327  0.23455 0.0762998  0.143898 0.0613946  0.268603  0.343463  0.106342
(1,((2,(3,((4,(5,6)),7))),(((((((8,9),10),(11,12)),(13,(14,15))),(((16,17),(18,19)),(20,21))),((22,24),23)),(25,26))),27); -7642.33  0 230.298 112.074 24.9844 -7785.53 0.192922  0.25304 0.303004 0.251035 0.0961655   0.14538 0.0700028  0.233305  0.343355  0.111792
(1,((2,(3,((4,(5,6)),7))),(((((((8,9),10),(11,12)),(13,(14,15))),(((16,17),(18,19)),(20,21))),((22,24),23)),(25,26))),27); -7638.18  0 238.737 112.336 26.0009 -7790.58 0.236599 0.247862 0.286737 0.228802 0.0870374  0.142945 0.0648404  0.253719  0.335391  0.116067
(1,((2,(3,((4,(5,6)),7))),(((((((8,9),10),(11,12)),(13,(14,15))),(((16,17),(18,19)),(20,21))),((22,24),23)),(25,26))),27); -7641.92  0 236.367 112.327 24.068 -7790.02 0.217237 0.252055  0.29176 0.238948 0.0701059  0.134614 0.0543886  0.251486  0.392832  0.096573
(1,((2,(3,((4,(5,6)),7))),(((((((8,9),10),(11,12)),(13,(14,15))),(((16,17),(18,19)),(20,21))),((22,24),23)),(25,26))),27); -7639.44  0 236.737 112.507 26.9713 -7790.64 0.208374 0.255758 0.292293 0.243575 0.0836981  0.139995 0.0487492  0.256793  0.359484  0.111281
(1,((2,(3,((4,(5,6)),7))),(((((((8,9),10),(11,12)),(13,(14,15))),(((16,17),(18,19)),(20,21))),((22,24),23)),(25,26))),27); -7639.67  0 238.471 112.563 26.8497 -7792.42 0.209111 0.255872 0.306746 0.228271 0.0885899  0.130845 0.0694974   0.24849   0.35936  0.103218
(1,((2,(3,((4,(5,6)),7))),(((((((8,9),10),(11,12)),(13,(14,15))),(((16,17),(18,19)),(20,21))),((22,24),23)),(25,26))),27); -7644.94  0 231.715 112.273 23.3481 -7787.73 0.210335 0.249552 0.290825 0.249289 0.0982318  0.107875 0.0705975  0.243339  0.371883  0.108073
(1,((2,(3,((4,(5,6)),7))),(((((((8,9),10),(11,12)),(13,(14,15))),(((16,17),(18,19)),(20,21))),((22,24),23)),(25,26))),27); -7655.22  0 226.407 112.69 22.4331 -7791.37 0.229505 0.243563 0.277644 0.249288 0.0685011  0.150642  0.082483  0.230825  0.365886  0.101663
(1,((2,(3,((4,(5,6)),7))),(((((((8,9),10),(11,12)),(13,(14,15))),(((16,17),(18,19)),(20,21))),((22,24),23)),(25,26))),27); -7639.95  0 235.6 112.58 26.1079 -7789.08 0.209705 0.244619 0.294756 0.250921  0.088209  0.162051 0.0708019  0.222836  0.349741  0.106361
(1,((2,(3,((4,(5,6)),7))),(((((((8,9),10),(11,12)),(13,(14,15))),(((16,17),(18,19)),(20,21))),((22,24),23)),(25,26))),27); -7637.56  0 239.866 112.537 23.7144 -7788.6 0.220671 0.243313 0.294224 0.241791 0.0975564  0.143934 0.0850162  0.225241  0.325769  0.122484
(1,((2,(3,((4,(5,6)),7))),(((((((8,9),10),(11,12)),(13,(14,15))),(((16,17),(18,19)),(20,21))),((22,24),23)),(25,26))),27); -7634.83  0 242.298 112.423 26.6539 -7791.36 0.213137  0.26867 0.280853  0.23734 0.0790409  0.134724  0.060639  0.277096  0.339129  0.109371
(1,((2,(3,((4,(5,6)),7))),(((((((8,9),10),(11,12)),(13,(14,15))),(((16,17),(18,19)),(20,21))),((22,24),23)),(25,26))),27); -7642.64  0 232.566 112.242 27.1821 -7790.15 0.215803 0.249161 0.302819 0.232217 0.0756665  0.136118  0.059273  0.248123  0.367722  0.113098
(1,((2,(3,((4,(5,6)),7))),(((((((8,9),10),(11,12)),(13,(14,15))),(((16,17),(18,19)),(20,21))),((22,24),23)),(25,26))),27); -7643.12  0 231.762 112.16 23.4379 -7786.16 0.221583 0.256946 0.295434 0.226037 0.0875811  0.135618 0.0541499  0.294636  0.335876 0.0921394
(1,((2,(3,((4,(5,6)),7))),(((((((8,9),10),(11,12)),(13,(14,15))),(((16,17),(18,19)),(20,21))),((22,24),23)),(25,26))),27); -7645.12  0 227.928 112.397 26.1984 -7786.85 0.219925 0.238455 0.291152 0.250468 0.0774335  0.157832 0.0635921  0.236125  0.344667   0.12035
(1,((2,(3,((4,(5,6)),7))),(((((((8,9),10),(11,12)),(13,(14,15))),(((16,17),(18,19)),(20,21))),((22,24),23)),(25,26))),27); -7644.16  0 232.467 112.243 25.9466 -7790.33 0.201788  0.24576 0.306245 0.246208 0.0931142  0.134498   0.06525  0.272723  0.330123  0.104292
(1,((2,(3,((4,(5,6)),7))),(((((((8,9),10),(11,12)),(13,(14,15))),(((16,17),(18,19)),(20,21))),((22,24),23)),(25,26))),27); -7639.54  0 235.827 112.331 26.6158 -7789.65 0.206675 0.250633 0.301009 0.241683 0.0891763  0.135083 0.0836941  0.237965  0.345378  0.108704
(1,((2,(3,((4,(5,6)),7))),(((((((8,9),10),(11,12)),(13,(14,15))),(((16,17),(18,19)),(20,21))),((22,24),23)),(25,26))),27); -7634.98  0 240.833 112.47 26.6144 -7789.95 0.207961 0.259768 0.298332 0.233939  0.078556  0.163285 0.0522128  0.247381  0.341322  0.117243
(1,((2,(3,((4,(5,6)),7))),(((((((8,9),10),(11,12)),(13,(14,15))),(((16,17),(18,19)),(20,21))),((22,24),23)),(25,26))),27); -7639.19  0 237.032 112.351 26.2858 -7790.16 0.225268  0.25183 0.283268 0.239634 0.0886055  0.138105 0.0555423  0.276388  0.344556 0.0968033
(1,((2,(3,((4,(5,6)),7))),(((((((8,9),10),(11,12)),(13,(14,15))),(((16,17),(18,19)),(20,21))),((22,24),23)),(25,26))),27); -7643.85  0 233.947 112.58 27.2835 -7792.5  0.21488 0.244933 0.299941 0.240246  0.069886  0.154205 0.0684068  0.244399   0.34708  0.116023
(1,((2,(3,((4,(5,6)),7))),(((((((8,9),10),(11,12)),(13,(14,15))),(((16,17),(18,19)),(20,21))),((22,24),23)),(25,26))),27); -7640.95  0 238.019 112.589 26.8742 -7793.25  0.21037 0.247717 0.285041 0.256873 0.0836384  0.155637 0.0726138  0.247339  0.339797  0.100975
(1,((2,(3,((4,(5,6)),7))),(((((((8,9),10),(11,12)),(13,(14,15))),(((16,17),(18,19)),(20,21))),((22,24),23)),(25,26))),27); -7640.63  0 234.17 112.387 26.0226 -7788.43 0.206653 0.242586   0.3072 0.243561 0.0819823  0.161601 0.0529594  0.252116  0.338532  0.112809
(1,((2,(3,((4,(5,6)),7))),(((((((8,9),10),(11,12)),(13,(14,15))),(((16,17),(18,19)),(20,21))),((22,24),23)),(25,26))),27); -7636.01  0 238.918 112.334 26.8609 -7789.46 0.224634 0.263139 0.278678 0.233549 0.0765111  0.142488 0.0731838  0.244468  0.348377  0.114971
(1,((2,(3,((4,(5,6)),7))),(((((((8,9),10),(11,12)),(13,(14,15))),(((16,17),(18,19)),(20,21))),((22,24),23)),(25,26))),27); -7641.27  0 231.231 112.107 28.5713 -7788.97 0.210211 0.253798 0.297563 0.238428 0.0758634  0.145607 0.0680393  0.257967  0.335763   0.11676
(1,((2,(3,((4,(5,6)),7))),(((((((8,9),10),(11,12)),(13,(14,15))),(((16,17),(18,19)),(20,21))),((22,24),23)),(25,26))),27); -7642.59  0 236.6 112.459 25.704 -7792.44 0.197874 0.259738 0.298429 0.243959  0.101113  0.154188 0.0613919  0.247767  0.336899 0.0986405
(1,((2,(3,((4,(5,6)),7))),(((((((8,9),10),(11,12)),(13,(14,15))),(((16,17),(18,19)),(20,21))),((22,24),23)),(25,26))),27); -7653.6  0 221.989 112.113 23.5444 -7787.02 0.189163 0.259564 0.298423 0.252851 0.0911235  0.167063 0.0566264  0.242235  0.335954  0.106997
(1,((2,(3,((4,(5,6)),7))),(((((((8,9),10),(11,12)),(13,(14,15))),(((16,17),(18,19)),(20,21))),((22,24),23)),(25,26))),27); -7632.79  0 241.889 112.385 25.441 -7787.74 0.200556 0.255805 0.297074 0.246565 0.0807322  0.177117 0.0636121  0.237465  0.344226 0.0968467
(1,((2,(3,((4,(5,6)),7))),(((((((8,9),10),(11,12)),(13,(14,15))),(((16,17),(18,19)),(20,21))),((22,24),23)),(25,26))),27); -7643.6  0 228.229 112.008 26.1999 -7786.02 0.198669 0.264224 0.306276 0.230831 0.0732762  0.145251 0.0679951  0.254165  0.348981  0.110331
(1,((2,(3,((4,(5,6)),7))),(((((((8,9),10),(11,12)),(13,(14,15))),(((16,17),(18,19)),(20,21))),((22,24),23)),(25,26))),27); -7637.8  0 239.333 112.396 24.1737 -7788.91 0.205657 0.252139 0.308302 0.233902 0.0701135  0.151047  0.078068  0.272568  0.337043 0.0911607
(1,((2,(3,((4,(5,6)),7))),(((((((8,9),10),(11,12)),(13,(14,15))),(((16,17),(18,19)),(20,21))),((22,24),23)),(25,26))),27); -7647.58  0 228.22 112.454 26.0663 -7789.42 0.202262 0.260242 0.295931 0.241565 0.0915688  0.118523 0.0720397  0.265756  0.338656  0.113457
(1,((2,(3,((4,(5,6)),7))),(((((((8,9),10),(11,12)),(13,(14,15))),(((16,17),(18,19)),(20,21))),((22,24),23)),(25,26))),27); -7637.71  0 237.209 112.381 22.8265 -7785.36 0.230107 0.238641 0.280213 0.251039  0.094943  0.155013  0.066777  0.266362   0.32792 0.0889847
(1,((2,(3,((4,(5,6)),7))),(((((((8,9),10),(11,12)),(13,(14,15))),(((16,17),(18,19)),(20,21))),((22,24),23)),(25,26))),27); -7644.85  0 234.496 112.591 25.5293 -7792.28 0.221337 0.244669 0.278252 0.255742 0.0776406  0.128664  0.069339  0.250174  0.354454  0.119728
(1,((2,(3,((4,(5,6)),7))),(((((((8,9),10),(11,12)),(13,(14,15))),(((16,17),(18,19)),(20,21))),((22,24),23)),(25,26))),27); -7645.58  0 230.647 112.547 26.4623 -7790.14 0.202066 0.257026 0.295064 0.245844 0.0751677  0.147406 0.0738655  0.272059  0.319679  0.111823
(1,((2,(3,((4,(5,6)),7))),(((((((8,9),10),(11,12)),(13,(14,15))),(((16,17),(18,19)),(20,21))),((22,24),23)),(25,26))),27); -7636.62  0 236.803 112.454 27.3438 -7788.31 0.209759 0.253001 0.302108 0.235131 0.0950151  0.154784 0.0639878  0.255026  0.321802  0.109386
(1,((2,(3,((4,(5,6)),7))),(((((((8,9),10),(11,12)),(13,(14,15))),(((16,17),(18,19)),(20,21))),((22,24),23)),(25,26))),27); -7635.54  0 243.622 112.356 25.335 -7792.14 0.220512 0.255707 0.289422  0.23436 0.0808672  0.167231 0.0779782  0.226472  0.352641 0.0948103
(1,((2,(3,((4,(5,6)),7))),(((((((8,9),10),(11,12)),(13,(14,15))),(((16,17),(18,19)),(20,21))),((22,24),23)),(25,26))),27); -7642.99  0 233.77 112.379 26.4058 -7790.79 0.207422 0.255387 0.280978 0.256214 0.0836641  0.132779 0.0705526  0.267725  0.330445  0.114835
(1,((2,(3,((4,(5,6)),7))),(((((((8,9),10),(11,12)),(13,(14,15))),(((16,17),(18,19)),(20,21))),((22,24),23)),(25,26))),27); -7637.88  0 237.891 112.366 23.2895 -7786.7  0.21794 0.237311 0.280475 0.264274 0.0902795  0.134845 0.0792526  0.247285  0.336067  0.112271
(1,((2,(3,((4,(5,6)),7))),(((((((8,9),10),(11,12)),(13,(14,15))),(((16,17),(18,19)),(20,21))),((22,24),23)),(25,26))),27); -7642.35  0 229.758 112.013 24.388 -7784.48 0.228125 0.250995 0.275599 0.245281 0.0874056  0.135897 0.0827279   0.26532  0.333883 0.0947658
(1,((2,(3,((4,(5,6)),7))),(((((((8,9),10),(11,12)),(13,(14,15))),(((16,17),(18,19)),(20,21))),((22,24),23)),(25,26))),27); -7636.15  0 238.899 112.351 27.2158 -7789.91 0.206621 0.252954   0.3016 0.238825  0.072197  0.134482 0.0605857  0.269067  0.347021  0.116647
(1,((2,(3,((4,(5,6)),7))),(((((((8,9),10),(11,12)),(13,(14,15))),(((16,17),(18,19)),(20,21))),((22,24),23)),(25,26))),27); -7641.06  0 233.272 112.308 25.1696 -7787.2 0.224793 0.244247 0.281528 0.249432 0.0914021  0.126343 0.0768208  0.254571  0.353863 0.0970004
(1,((2,(3,((4,(5,6)),7))),(((((((8,9),10),(11,12)),(13,(14,15))),(((16,17),(18,19)),(20,21))),((22,24),23)),(25,26))),27); -7638.23  0 234.134 111.912 26.0485 -7786.5 0.211381 0.265235  0.29359 0.229794  0.070672  0.133618 0.0627908  0.272605  0.359432  0.100883
(1,((2,(3,((4,(5,6)),7))),(((((((8,9),10),(11,12)),(13,(14,15))),(((16,17),(18,19)),(20,21))),((22,24),23)),(25,26))),27); -7653.32  0 229.291 112.525 26.0817 -7796.17 0.217305 0.272407 0.274585 0.235703 0.0910738  0.144359 0.0704046  0.247756   0.34244  0.103966
(1,((2,(3,((4,(5,6)),7))),(((((((8,9),10),(11,12)),(13,(14,15))),(((16,17),(18,19)),(20,21))),((22,24),23)),(25,26))),27); -7642.54  0 232.141 112.267 23.8719 -7786.29 0.198414 0.245898 0.307211 0.248476  0.102154  0.151745 0.0547628  0.249082  0.326303  0.115953
(1,((2,(3,((4,(5,6)),7))),(((((((8,9),10),(11,12)),(13,(14,15))),(((16,17),(18,19)),(20,21))),((22,24),23)),(25,26))),27); -7633.04  0 240.437 112.411 27.7583 -7788.82 0.211563 0.249824 0.287594 0.251019 0.0735222  0.141668 0.0623959  0.253218  0.360914  0.108282
(1,((2,(3,((4,(5,6)),7))),(((((((8,9),10),(11,12)),(13,(14,15))),(((16,17),(18,19)),(20,21))),((22,24),23)),(25,26))),27); -7643.86  0 229.915 112.158 25.6699 -7787.29 0.203838 0.250067 0.287566 0.258529 0.0728359  0.145759  0.059073  0.275106  0.340324  0.106903
(1,((2,(3,((4,(5,6)),7))),(((((((8,9),10),(11,12)),(13,(14,15))),(((16,17),(18,19)),(20,21))),((22,24),23)),(25,26))),27); -7639.34  0 239.026 112.508 22.1339 -7787.99  0.21574 0.243291 0.289168   0.2518 0.0882947  0.143475 0.0573155  0.235747  0.390775 0.0843924
(1,((2,(3,((4,(5,6)),7))),(((((((8,9),10),(11,12)),(13,(14,15))),(((16,17),(18,19)),(20,21))),((22,24),23)),(25,26))),27); -7640.96  0 230.558 111.862 26.21 -7785.86 0.214516 0.251794  0.29084  0.24285 0.0706066  0.159061 0.0571322  0.279194  0.332947  0.101058
(1,((2,(3,((4,(5,6)),7))),(((((((8,9),10),(11,12)),(13,(14,15))),(((16,17),(18,19)),(20,21))),((22,24),23)),(25,26))),27); -7646.45  0 227.982 112.232 26.3272 -7788.53 0.202502 0.264537 0.288395 0.244566 0.0685685  0.143536 0.0700104  0.258499  0.358374  0.101012
(1,((2,(3,((4,(5,6)),7))),(((((((8,9),10),(11,12)),(13,(14,15))),(((16,17),(18,19)),(20,21))),((22,24),23)),(25,26))),27); -7651.47  0 228.645 112.561 21.7392 -7789.3 0.230773 0.238181 0.297046    0.234  0.104497  0.154981 0.0764428  0.219064  0.347134 0.0978818
(1,((2,(3,((4,(5,6)),7))),(((((((8,9),10),(11,12)),(13,(14,15))),(((16,17),(18,19)),(20,21))),((22,24),23)),(25,26))),27); -7649.67  0 230.705 112.539 21.2149 -7789.05 0.216746 0.231771 0.318707 0.232776 0.0867035  0.167378 0.0780219  0.236801  0.319758  0.111337
(1,((2,(3,((4,(5,6)),7))),(((((((8,9),10),(11,12)),(13,(14,15))),(((16,17),(18,19)),(20,21))),((22,24),23)),(25,26))),27); -7631  0 244.303 112.439 25.6206 -7788.49 0.201564 0.264865 0.300735 0.232836  0.076484  0.154204 0.0544463  0.257617  0.360206 0.0970429
(1,((2,(3,((4,(5,6)),7))),(((((((8,9),10),(11,12)),(13,(14,15))),(((16,17),(18,19)),(20,21))),((22,24),23)),(25,26))),27); -7646.04  0 229.568 112.311 26.7932 -7790.09 0.203225 0.252236 0.298702 0.245838 0.0901211  0.135815 0.0671157  0.228783  0.359333  0.118833
(1,((2,(3,((4,(5,6)),7))),(((((((8,9),10),(11,12)),(13,(14,15))),(((16,17),(18,19)),(20,21))),((22,24),23)),(25,26))),27); -7644.51  0 227.009 112.139 27.1382 -7786.51 0.205544 0.253625 0.287697 0.253135 0.0805483   0.15182 0.0590208  0.256166  0.331492  0.120953
(1,((2,(3,((4,(5,6)),7))),(((((((8,9),10),(11,12)),(13,(14,15))),(((16,17),(18,19)),(20,21))),((22,24),23)),(25,26))),27); -7653.48  0 235.405 112.456 17.0567 -7793.48 0.203944  0.24699 0.322205  0.22686 0.0899933   0.13015 0.0969103  0.212433  0.358201  0.112312
(1,((2,(3,((4,(5,6)),7))),(((((((8,9),10),(11,12)),(13,(14,15))),(((16,17),(18,19)),(20,21))),((22,24),23)),(25,26))),27); -7648.52  0 229.596 112.411 22.8994 -7788.61 0.211771  0.24729 0.307082 0.233856 0.0979083  0.126851 0.0447778  0.252115  0.365507  0.112841
(1,((2,(3,((4,(5,6)),7))),(((((((8,9),10),(11,12)),(13,(14,15))),(((16,17),(18,19)),(20,21))),((22,24),23)),(25,26))),27); -7645.48  0 233.013 112.383 21.4321 -7787.55 0.195478 0.251343  0.30651 0.246669 0.0633857  0.144305 0.0800816  0.248825    0.3311  0.132303
(1,((2,(3,((4,(5,6)),7))),(((((((8,9),10),(11,12)),(13,(14,15))),(((16,17),(18,19)),(20,21))),((22,24),23)),(25,26))),27); -7643.83  0 230.006 111.959 26.4853 -7788.37 0.222685 0.246152 0.277735 0.253428 0.0787764  0.136148 0.0681056  0.251743  0.346093  0.119134
(1,((2,(3,((4,(5,6)),7))),(((((((8,9),10),(11,12)),(13,(14,15))),(((16,17),(18,19)),(20,21))),((22,24),23)),(25,26))),27); -7649.32  0 223.878 111.957 27.5632 -7788.81 0.203943 0.255214 0.294342 0.246502 0.0859898  0.161796 0.0660557  0.252551  0.323081  0.110526
(1,((2,(3,((4,(5,6)),7))),(((((((8,9),10),(11,12)),(13,(14,15))),(((16,17),(18,19)),(20,21))),((22,24),23)),(25,26))),27); -7640.48  0 236.078 112.388 24.7758 -7788.95 0.222329 0.249488 0.297986 0.230197 0.0845765  0.164891  0.073617  0.236906  0.314275  0.125734
(1,((2,(3,((4,(5,6)),7))),(((((((8,9),10),(11,12)),(13,(14,15))),(((16,17),(18,19)),(20,21))),((22,24),23)),(25,26))),27); -7640.41  0 237.849 112.464 26.061 -7791.86 0.222055 0.257951 0.283912 0.236083 0.0697254  0.157396 0.0681846  0.249036  0.329726  0.125933
(1,((2,(3,((4,(5,6)),7))),(((((((8,9),10),(11,12)),(13,(14,15))),(((16,17),(18,19)),(20,21))),((22,24),23)),(25,26))),27); -7651.53  0 222.559 112.125 26.7594 -7788.73 0.209691 0.264273 0.295714 0.230323 0.0869191  0.134956 0.0542747  0.267004  0.339306  0.117541
(1,((2,(3,((4,(5,6)),7))),(((((((8,9),10),(11,12)),(13,(14,15))),(((16,17),(18,19)),(20,21))),((22,24),23)),(25,26))),27); -7644.35  0 234.028 112.422 26.0783 -7792.03  0.20316 0.254157 0.314421 0.228262 0.0823622  0.138186 0.0703622  0.254618  0.338772    0.1157
(1,((2,(3,((4,(5,6)),7))),(((((((8,9),10),(11,12)),(13,(14,15))),(((16,17),(18,19)),(20,21))),((22,24),23)),(25,26))),27); -7644.98  0 227.542 112.348 24.4024 -7784.58 0.195235   0.2664 0.290888 0.247477 0.0666955  0.143684 0.0567178  0.261685  0.356203  0.115015
(1,((2,(3,((4,(5,6)),7))),(((((((8,9),10),(11,12)),(13,(14,15))),(((16,17),(18,19)),(20,21))),((22,24),23)),(25,26))),27); -7653.85  0 226.63 112.379 24.6074 -7792.71 0.223381 0.255061 0.286308  0.23525 0.0882879   0.13034 0.0818038  0.237672  0.329843  0.132053
(1,((2,(3,((4,(5,6)),7))),(((((((8,9),10),(11,12)),(13,(14,15))),(((16,17),(18,19)),(20,21))),((22,24),23)),(25,26))),27); -7638.89  0 237.614 112.277 26.313 -7790.54 0.219779 0.257136 0.294281 0.228804 0.0945546  0.149386 0.0754083  0.227136  0.337951  0.115565
(1,((2,(3,((4,(5,6)),7))),(((((((8,9),10),(11,12)),(13,(14,15))),(((16,17),(18,19)),(20,21))),((22,24),23)),(25,26))),27); -7644.19  0 230.174 112.21 25.0188 -7787.17 0.202053 0.249302  0.30305 0.245596 0.0893526  0.152774 0.0635082  0.215231  0.360429  0.118705
(1,((2,(3,((4,(5,6)),7))),(((((((8,9),10),(11,12)),(13,(14,15))),(((16,17),(18,19)),(20,21))),((22,24),23)),(25,26))),27); -7636.59  0 237.215 112.228 23.3424 -7784.92 0.199199 0.252884 0.304153 0.243764 0.0835484  0.135479 0.0511773   0.24301  0.389556 0.0972306
(1,((2,(3,((4,(5,6)),7))),(((((((8,9),10),(11,12)),(13,(14,15))),(((16,17),(18,19)),(20,21))),((22,24),23)),(25,26))),27); -7642.46  0 233.821 112.61 25.3568 -7789.03 0.198679 0.266382 0.302177 0.232762 0.0787892  0.130339 0.0759539  0.265055  0.350461 0.0994012
(1,((2,(3,((4,(5,6)),7))),(((((((8,9),10),(11,12)),(13,(14,15))),(((16,17),(18,19)),(20,21))),((22,24),23)),(25,26))),27); -7643.16  0 230.233 112.194 25.9864 -7787.19 0.214359 0.260912 0.289527 0.235203 0.0851104  0.163462 0.0767473  0.242996  0.342305 0.0893786
(1,((2,(3,((4,(5,6)),7))),(((((((8,9),10),(11,12)),(13,(14,15))),(((16,17),(18,19)),(20,21))),((22,24),23)),(25,26))),27); -7640.84  0 231.172 112.42 27.7487 -7787.34 0.218768 0.244643 0.297756 0.238833 0.0791298  0.158853 0.0721484  0.238281  0.344648   0.10694
(1,((2,(3,((4,(5,6)),7))),(((((((8,9),10),(11,12)),(13,(14,15))),(((16,17),(18,19)),(20,21))),((22,24),23)),(25,26))),27); -7642.3  0 231.492 112.455 26.0927 -7787.43 0.210186 0.241267 0.294936 0.253611 0.0963877  0.138546 0.0554291  0.255238  0.349975  0.104425
(1,((2,(3,((4,(5,6)),7))),(((((((8,9),10),(11,12)),(13,(14,15))),(((16,17),(18,19)),(20,21))),((22,24),23)),(25,26))),27); -7641.8  0 234.125 112.383 27.3544 -7790.89 0.219185  0.25695 0.285992 0.237872 0.0752608  0.152166 0.0606085  0.264378  0.326456   0.12113
