tree logl logTop logBL logPrior logQ logWt pi1 pi2 pi3 pi4 s1 s2 s3 s4 s5 s6
(1,(((2,(3,4)),(((5,(6,7)),(8,(9,10))),((((11,12),(13,14)),(15,(16,17))),((18,19),(20,21))))),(22,23)),24); -124366  0 217.283 84.7733 39.1389 -124538 0.240574 0.258891 0.185323 0.315213  0.363009  0.160572  0.109799 0.0348882  0.307142 0.0245902
(1,(((2,(3,4)),(((5,(6,7)),(8,(9,10))),((((11,12),(13,14)),(15,(16,17))),((18,19),(20,21))))),(22,23)),24); -124377  0 209.649 85.1161 37.2269 -124539 0.246884 0.257346 0.181393 0.314377  0.367785  0.162648  0.107193 0.0352397  0.302413 0.0247212
(1,(((2,(3,4)),(((5,(6,7)),(8,(9,10))),((((11,12),(13,14)),(15,(16,17))),((18,19),(20,21))))),(22,23)),24); -124361  0 224.705 84.8122 36.0848 -124537 0.242918 0.254712 0.191963 0.310408  0.372787  0.162005  0.107362 0.0355527  0.297568 0.0247255
(1,(((2,(3,4)),(((5,(6,7)),(8,(9,10))),((((11,12),(13,14)),(15,(16,17))),((18,19),(20,21))))),(22,23)),24); -124371  0 211.686 84.856 39.274 -124537 0.240228 0.260055 0.186251 0.313465   0.36949  0.155637  0.109212 0.0365168  0.304887 0.0242573
(1,(((2,(3,4)),(((5,(6,7)),(8,(9,10))),((((11,12),(13,14)),(15,(16,17))),((18,19),(20,21))))),(22,23)),24); -124369  0 222.552 85.1383 32.9995 -124540 0.240311 0.258523 0.188128 0.313039  0.370641  0.162656  0.109941 0.0405068  0.291356 0.0248986
(1,(((2,(3,4)),(((5,(6,7)),(8,(9,10))),((((11,12),(13,14)),(15,(16,17))),((18,19),(20,21))))),(22,23)),24); -124369  0 214.566 84.9013 39.7369 -124538 0.243104 0.257234 0.186948 0.312714  0.363788  0.158567  0.109361 0.0351775  0.309089 0.0240168
(1,(((2,(3,4)),(((5,(6,7)),(8,(9,10))),((((11,12),(13,14)),(15,(16,17))),((18,19),(20,21))))),(22,23)),24); -124366  0 223.661 84.786 34.6713 -124540 0.242122 0.259717 0.184065 0.314095  0.364882  0.166585  0.112786 0.0356961  0.296881 0.0231706
(1,(((2,(3,4)),(((5,(6,7)),(8,(9,10))),((((11,12),(13,14)),(15,(16,17))),((18,19),(20,21))))),(22,23)),24); -124358  0 225.148 85.0693 39.4193 -124538  0.24389 0.255721 0.184387 0.316002  0.365025  0.160247  0.108726 0.0370337  0.305713 0.0232559
(1,(((2,(3,4)),(((5,(6,7)),(8,(9,10))),((((11,12),(13,14)),(15,(16,17))),((18,19),(20,21))))),(22,23)),24); -124368  0 218.409 84.8984 36.9379 -124538 0.243385 0.254003 0.187873 0.314739  0.374691   0.15833  0.106967 0.0378763  0.297149 0.0249864
(1,(((2,(3,4)),(((5,(6,7)),(8,(9,10))),((((11,12),(13,14)),(15,(16,17))),((18,19),(20,21))))),(22,23)),24); -124373  0 212.219 84.9251 37.0408 -124538 0.242511 0.257768 0.184612  0.31511  0.371611  0.161229  0.102786 0.0382983  0.301657  0.024418
(1,(((2,(3,4)),(((5,(6,7)),(8,(9,10))),((((11,12),(13,14)),(15,(16,17))),((18,19),(20,21))))),(22,23)),24); -124376  0 214.762 84.9642 33.3242 -124539 0.244602 0.255285 0.189919 0.310193  0.362948  0.155636  0.118488 0.0330837  0.305247 0.0245977
(1,(((2,(3,4)),(((5,(6,7)),(8,(9,10))),((((11,12),(13,14)),(15,(16,17))),((18,19),(20,21))))),(22,23)),24); -124365  0 220.217 84.9693 36.9092 -124537 0.242142   0.2615 0.186184 0.310175  0.365826  0.159749  0.108038 0.0399166  0.304013 0.0224573
(1,(((2,(3,4)),(((5,(6,7)),(8,(9,10))),((((11,12),(13,14)),(15,(16,17))),((18,19),(20,21))))),(22,23)),24); -124367  0 221.422 84.9437 34.5267 -124538 0.238174 0.260833  0.19321 0.307783  0.364077  0.156093  0.111099 0.0383793  0.306838 0.0235137
(1,(((2,(3,4)),(((5,(6,7)),(8,(9,10))),((((11,12),(13,14)),(15,(16,17))),((18,19),(20,21))))),(22,23)),24); -124370  0 218.945 85.0901 32.5663 -124536 0.238775 0.259796 0.184672 0.316757  0.375307  0.153286  0.101601 0.0366775  0.309472 0.0236571
(1,(((2,(3,4)),(((5,(6,7)),(8,(9,10))),((((11,12),(13,14)),(15,(16,17))),((18,19),(20,21))))),(22,23)),24); -124370  0 221.441 84.7663 30.1888 -124537 0.248659  0.25371 0.179433 0.318198  0.361028  0.159839  0.113564 0.0320275  0.309531 0.0240102
(1,(((2,(3,4)),(((5,(6,7)),(8,(9,10))),((((11,12),(13,14)),(15,(16,17))),((18,19),(20,21))))),(22,23)),24); -124362  0 223.472 85.0702 37.2194 -124537 0.244653 0.254196 0.189061 0.312089  0.360196  0.158268  0.111932 0.0395189   0.30645 0.0236361
(1,(((2,(3,4)),(((5,(6,7)),(8,(9,10))),((((11,12),(13,14)),(15,(16,17))),((18,19),(20,21))))),(22,23)),24); -124368  0 217.366 84.8109 37.0808 -124538 0.243985 0.258017 0.184838  0.31316  0.368968  0.156697  0.114669 0.0385522   0.29704 0.0240741
(1,(((2,(3,4)),(((5,(6,7)),(8,(9,10))),((((11,12),(13,14)),(15,(16,17))),((18,19),(20,21))))),(22,23)),24); -124377  0 210.18 84.8572 35.868 -124538 0.246131 0.255879 0.186478 0.311511  0.371219  0.159152   0.10346 0.0331703  0.307779 0.0252195
(1,(((2,(3,4)),(((5,(6,7)),(8,(9,10))),((((11,12),(13,14)),(15,(16,17))),((18,19),(20,21))))),(22,23)),24); -124378  0 214.143 84.844 32.0367 -124539 0.245316 0.263455 0.189054 0.302175  0.363047  0.162564  0.111117 0.0369818  0.303885 0.0224055
(1,(((2,(3,4)),(((5,(6,7)),(8,(9,10))),((((11,12),(13,14)),(15,(16,17))),((18,19),(20,21))))),(22,23)),24); -124377  0 206.992 84.9576 37.6722 -124537 0.244387  0.25924 0.184615 0.311758  0.367105  0.155747  0.112188 0.0354911  0.302969 0.0265006
(1,(((2,(3,4)),(((5,(6,7)),(8,(9,10))),((((11,12),(13,14)),(15,(16,17))),((18,19),(20,21))))),(22,23)),24); -124374  0 210.663 84.7957 38.0171 -124538 0.244895  0.25648  0.18883 0.309795  0.370051  0.156129  0.109265 0.0342885  0.304732 0.0255331
