tree logl logTop logBL logPrior logQ logWt pi1 pi2 pi3 pi4 s1 s2 s3 s4 s5 s6
(1,((2,((((((((((7,8),9),10),11),12),13),(14,(15,16))),((17,(18,19)),(20,21))),(22,(23,24))),(25,26))),(3,(4,(5,6)))),27); -7615.26  -21.6102 232.716 112.523 28.049 -7741.89 0.211053  0.26121 0.293229 0.234507 0.0846731   0.13862 0.0667296   0.24971  0.341049  0.119218
(1,2,(((3,((4,5),(6,7))),((((((((((8,9),10),11),12),(13,14)),(15,(16,(17,(18,19))))),(20,21)),((22,23),24)),25),26)),27)); -7679.42  -22.5397 229.875 112.224 28.6218 -7803.16 0.208979 0.254119 0.293074 0.243828 0.0793461  0.158211 0.0665352  0.239627  0.351109  0.105171
(1,(2,(3,((4,(5,6)),7))),((((((((((((8,9),10),11),12),(13,14)),15),(((16,17),18),(19,(20,21)))),23),(22,24)),25),26),27)); -7703.49  -16.8444 225.85 112.395 27.5334 -7827.63 0.218438 0.252547 0.289212 0.239803 0.0794801  0.151587  0.067609  0.238235  0.371287 0.0918017
(1,(2,27),((3,(((4,6),7),5)),(((((((8,9),10),(11,12)),13),(14,15)),(((16,17),(18,19)),(20,21))),((((22,24),23),26),25)))); -7694.84  -19.5579 233.176 112.031 24.3464 -7820.77 0.215212  0.24926 0.275133 0.260395 0.0795288  0.159617 0.0659428  0.241212  0.365811 0.0878882
(1,((2,27),(3,((4,5),(6,7)))),(((((((((((8,9),10),11),12),13),(14,15)),(((16,17),18),19)),(20,21)),(22,(23,24))),25),26)); -7658.42  -15.7744 231.041 112.233 26.1681 -7787.62 0.212635 0.262156 0.274381 0.250828 0.0771592  0.163924 0.0618068  0.251672  0.344381  0.101057
(1,(2,(((3,4),(5,6)),(((((((7,((8,9),10)),(11,12)),13),(14,15)),((16,17),(18,(19,(20,21))))),(((22,24),23),26)),25))),27); -7711.23  -20.8977 229.002 112.277 26.7707 -7833.83 0.214162 0.240728 0.307179 0.237931 0.0917482  0.142608 0.0625318  0.263797   0.33681  0.102505
(1,((2,((3,4),(5,(6,7)))),(((((((8,10),9),(11,12)),((13,14),15)),((((16,17),(18,19)),20),21)),((22,24),23)),(25,26))),27); -7645.98  -15.854 226.825 112.173 24.9778 -7769.75 0.206456 0.255082 0.283058 0.255405 0.0896236  0.149189 0.0545968  0.220339   0.37257  0.113682
(1,((((2,4),3),(5,(6,7))),((((((((((8,9),10),11),12),13),(14,15)),((((16,17),18),19),(20,21))),((22,23),24)),25),26)),27); -7647.01  -15.6895 234.701 112.42 25.1778 -7778.78 0.208502 0.263082 0.276051 0.252366 0.0715437  0.131903 0.0688298  0.262034  0.364211  0.101479
(1,((2,(3,(4,(5,(6,7))))),(((((((((8,9),10),11),12),((13,14),15)),(((16,17),(18,(19,20))),21)),(22,(23,24))),25),26)),27); -7615.77  -14.9521 233.15 112.485 26.5889 -7748.08 0.203113 0.244384 0.307822 0.244682 0.0815653  0.152207 0.0593756  0.266764  0.340626 0.0994622
(1,((2,(3,((4,((5,6),7)),((8,9),10)))),((11,12),(((((13,14),15),(((16,17),18),19)),(((20,21),22),23)),(24,(25,26))))),27); -7752.34  -18.916 229.229 112.096 24.3872 -7874.94 0.220037 0.267353 0.276606 0.236004 0.0825832  0.129164 0.0612396  0.236823  0.361965  0.128225
(1,((2,(3,(4,(5,6)))),((((((((((((7,8),(9,10)),11),12),13),(14,15)),(((16,17),(18,19)),(20,21))),23),22),24),25),26)),27); -7644.4  -16.0168 234.384 112.476 22.4126 -7772.7 0.214209  0.26423 0.284067 0.237495 0.0813341  0.138405 0.0447053  0.246977  0.345931  0.142648
(1,(2,((3,((4,(5,(6,7))),8)),(((((((9,10),11),12),((13,15),14)),((16,17),((18,19),20))),((21,(22,24)),23)),(25,26)))),27); -7651.2  -22.4713 236.704 112.433 27.2347 -7780.24 0.206814 0.254168 0.304445 0.234573 0.0901461  0.159007 0.0695417  0.246558  0.326726  0.108022
(1,(2,((3,((4,(5,6)),7)),(((((((((8,10),9),(11,12)),(13,(14,15))),((16,17),(18,19))),(23,25)),(20,21)),(22,24)),26))),27); -7707.53  -14.7571 242.278 112.086 26.6815 -7849.65 0.212807 0.250463 0.298747 0.237983 0.0912195  0.168194 0.0649999  0.230521  0.351843 0.0932224
(1,((2,((3,(4,6)),(5,7))),((((((8,9),10),11),12),13),(((14,(15,16)),(17,(18,19))),((((20,21),(22,(23,24))),25),26)))),27); -7699.94  -22.9788 236.624 112.276 26.2251 -7827.53 0.213941 0.239192 0.298171 0.248696 0.0734326  0.160732 0.0696999  0.251534   0.33132  0.113281
(1,((2,(3,((4,(5,6)),7))),((((((((8,9),10),11),12),((((13,14),(15,16)),(17,18)),(19,(20,21)))),((22,24),23)),25),26)),27); -7710.6  -15.885 232.88 112.366 25.6627 -7840.89 0.228326 0.252089 0.278436 0.241149 0.0946563  0.132046 0.0757449  0.237693  0.354647  0.105213
(1,((2,(3,(((4,6),7),5))),(((((((((8,9),10),(11,12)),(13,(14,15))),((((16,17),18),19),20)),(21,22)),(23,24)),26),25)),27); -7659.88  -18.8377 226.734 112.425 25.5948 -7780.94 0.224804  0.25422 0.291054 0.229922 0.0829644  0.153086 0.0523569  0.229833   0.36045  0.121309
(1,(2,(4,((5,6),7))),(3,(((((((((((8,10),9),11),12),(13,(14,15))),((16,17),(18,19))),(20,21)),(22,24)),23),(25,26)),27))); -7673.5  -17.3274 230.296 112.45 24.4588 -7798.48 0.218756 0.249693 0.295288 0.236262 0.0909385  0.151037 0.0411141  0.248642  0.345609   0.12266
(1,((2,(3,((4,(5,6)),7))),((((((((8,9),10),(11,12)),13),(14,15)),((16,17),((18,19),20))),((21,(23,24)),22)),(25,26))),27); -7619.56  -16.3218 236.061 112.392 28.0022 -7754.91 0.214077 0.247661  0.29976 0.238502 0.0860335  0.144572 0.0801896  0.246323  0.340688  0.102194
(1,((2,(((3,4),5),6)),(((((7,((8,9),10)),(11,12)),13),(((14,15),16),17)),(18,((19,(20,21)),(((22,23),24),(25,26)))))),27); -7787.18  -25.6448 230.425 112.394 27.4899 -7907.06 0.217151 0.252507 0.282701 0.247641 0.0917598   0.13231 0.0640639  0.267067  0.346111 0.0986882
(1,((2,((3,((4,6),5)),7)),(((((((((8,10),9),11),12),13),(14,15)),(((16,17),19),18)),(20,((21,23),(22,24)))),(25,26))),27); -7676.84  -20.3537 238.491 112.182 25.4375 -7808.24 0.217396  0.24843 0.283026 0.251148 0.0956305  0.144515  0.047841  0.241025   0.35352  0.117468
(1,(2,(3,((4,(5,(6,7))),(((((((((8,(9,10)),11),12),((13,14),(15,16))),(17,((18,19),(20,21)))),23),(22,24)),25),26)))),27); -7683.03  -23.7095 237.568 112.062 28.3258 -7813.15 0.213401 0.254553 0.294947 0.237099 0.0829723    0.1348  0.069694  0.242041  0.350895  0.119598
