tree logl logTop logBL logPrior logQ logWt pi1 pi2 pi3 pi4 s1 s2 s3 s4 s5 s6
(1,(((2,3),(((4,5),6),((7,(8,9)),((10,11),(12,((13,(14,15)),(16,17))))))),(((((18,19),20),(21,(22,23))),(((24,(25,26)),27),(28,29))),((30,(31,32)),33))),((34,35),36)); -33943  0 245.589 115.736 27.9348 -34100.8 0.239871  0.22203  0.17539 0.362709  0.176058   0.17762 0.0971811     0.027  0.510099 0.0120419
(1,(((2,3),(((4,5),6),((7,(8,9)),((10,11),(12,((13,(14,15)),(16,17))))))),(((((18,19),20),(21,(22,23))),(((24,(25,26)),27),(28,29))),((30,(31,32)),33))),((34,35),36)); -33923.2  0 258.442 115.248 33.4244 -34099.9 0.226641  0.21924 0.179927 0.374191  0.164679   0.16909 0.0950884 0.0188485  0.536476 0.0158175
(1,(((2,3),(((4,5),6),((7,(8,9)),((10,11),(12,((13,(14,15)),(16,17))))))),(((((18,19),20),(21,(22,23))),(((24,(25,26)),27),(28,29))),((30,(31,32)),33))),((34,35),36)); -33926.5  0 256.95 116.416 32.5611 -34099.6 0.219052  0.22181 0.187038 0.372101   0.16692  0.172993 0.0902825 0.0172415  0.537017 0.0155459
(1,(((2,3),(((4,5),6),((7,(8,9)),((10,11),(12,((13,(14,15)),(16,17))))))),(((((18,19),20),(21,(22,23))),(((24,(25,26)),27),(28,29))),((30,(31,32)),33))),((34,35),36)); -33931.6  0 254.586 116.542 31.2983 -34101 0.222581 0.209006 0.187705 0.380708  0.173128   0.16243 0.0978847 0.0194883  0.536089 0.0109792
(1,(((2,3),(((4,5),6),((7,(8,9)),((10,11),(12,((13,(14,15)),(16,17))))))),(((((18,19),20),(21,(22,23))),(((24,(25,26)),27),(28,29))),((30,(31,32)),33))),((34,35),36)); -33938.2  0 254.443 117.085 30.3856 -34106  0.23584  0.21145 0.188602 0.364109  0.166149  0.177014 0.0885644 0.0162502  0.537147 0.0148754
(1,(((2,3),(((4,5),6),((7,(8,9)),((10,11),(12,((13,(14,15)),(16,17))))))),(((((18,19),20),(21,(22,23))),(((24,(25,26)),27),(28,29))),((30,(31,32)),33))),((34,35),36)); -33939.1  0 246.647 117.482 30.9749 -34099.2 0.215785   0.2111 0.196498 0.376618  0.169963  0.165739 0.0926338 0.0221047  0.536302 0.0132574
(1,(((2,3),(((4,5),6),((7,(8,9)),((10,11),(12,((13,(14,15)),(16,17))))))),(((((18,19),20),(21,(22,23))),(((24,(25,26)),27),(28,29))),((30,(31,32)),33))),((34,35),36)); -33932.4  0 251.138 116.443 33.1845 -34100.3 0.226982 0.225388 0.191697 0.355934  0.171576  0.170069 0.0914316 0.0204118  0.534978 0.0115333
(1,(((2,3),(((4,5),6),((7,(8,9)),((10,11),(12,((13,(14,15)),(16,17))))))),(((((18,19),20),(21,(22,23))),(((24,(25,26)),27),(28,29))),((30,(31,32)),33))),((34,35),36)); -33938.6  0 247.165 116.298 32.2639 -34101.7 0.223586 0.229944  0.18394  0.36253  0.183323  0.170689 0.0920387 0.0206177   0.51791 0.0154215
(1,(((2,3),(((4,5),6),((7,(8,9)),((10,11),(12,((13,(14,15)),(16,17))))))),(((((18,19),20),(21,(22,23))),(((24,(25,26)),27),(28,29))),((30,(31,32)),33))),((34,35),36)); -33939.7  0 244.281 116.968 34.2482 -34101.3 0.223604 0.214341 0.188023 0.374032   0.16738  0.167881 0.0935014 0.0199612  0.538058 0.0132184
(1,(((2,3),(((4,5),6),((7,(8,9)),((10,11),(12,((13,(14,15)),(16,17))))))),(((((18,19),20),(21,(22,23))),(((24,(25,26)),27),(28,29))),((30,(31,32)),33))),((34,35),36)); -33928.2  0 255.732 115.937 32.1229 -34100.1 0.221301  0.22142 0.186119 0.371159  0.166103  0.177478 0.0927149 0.0163136  0.531581 0.0158097
(1,(((2,3),(((4,5),6),((7,(8,9)),((10,11),(12,((13,(14,15)),(16,17))))))),(((((18,19),20),(21,(22,23))),(((24,(25,26)),27),(28,29))),((30,(31,32)),33))),((34,35),36)); -33938.7  0 246.282 117.658 31.5833 -34098.9 0.224815 0.211664 0.191455 0.372067  0.179506   0.17446 0.0920774 0.0247146  0.516432   0.01281
(1,(((2,3),(((4,5),6),((7,(8,9)),((10,11),(12,((13,(14,15)),(16,17))))))),(((((18,19),20),(21,(22,23))),(((24,(25,26)),27),(28,29))),((30,(31,32)),33))),((34,35),36)); -33937  0 253.478 117.273 29.5162 -34102.7 0.224185 0.229678 0.171024 0.375113  0.176339  0.165002  0.100944 0.0219879  0.518084 0.0176431
(1,(((2,3),(((4,5),6),((7,(8,9)),((10,11),(12,((13,(14,15)),(16,17))))))),(((((18,19),20),(21,(22,23))),(((24,(25,26)),27),(28,29))),((30,(31,32)),33))),((34,35),36)); -33942.7  0 239.324 116.523 33.7766 -34099.3 0.231535 0.212522 0.177227 0.378716   0.17202  0.168347 0.0950528 0.0179017  0.533521 0.0131571
(1,(((2,3),(((4,5),6),((7,(8,9)),((10,11),(12,((13,(14,15)),(16,17))))))),(((((18,19),20),(21,(22,23))),(((24,(25,26)),27),(28,29))),((30,(31,32)),33))),((34,35),36)); -33947.1  0 244.367 114.898 29.761 -34106.3 0.240114 0.224976 0.178637 0.356273  0.165557  0.163218 0.0954982 0.0168681  0.544512 0.0143471
(1,(((2,3),(((4,5),6),((7,(8,9)),((10,11),(12,((13,(14,15)),(16,17))))))),(((((18,19),20),(21,(22,23))),(((24,(25,26)),27),(28,29))),((30,(31,32)),33))),((34,35),36)); -33927  0 256.174 116.233 33.4312 -34100.4 0.231212 0.214773 0.186896 0.367119  0.170442  0.176599 0.0889756 0.0222734  0.529037 0.0126727
(1,(((2,3),(((4,5),6),((7,(8,9)),((10,11),(12,((13,(14,15)),(16,17))))))),(((((18,19),20),(21,(22,23))),(((24,(25,26)),27),(28,29))),((30,(31,32)),33))),((34,35),36)); -33920.3  0 260.712 116.382 34.2503 -34098.9 0.222108 0.227928 0.179439 0.370525  0.171105    0.1653 0.0970611 0.0202453  0.531764 0.0145246
(1,(((2,3),(((4,5),6),((7,(8,9)),((10,11),(12,((13,(14,15)),(16,17))))))),(((((18,19),20),(21,(22,23))),(((24,(25,26)),27),(28,29))),((30,(31,32)),33))),((34,35),36)); -33936.2  0 247.592 115.884 32.8994 -34100.8 0.230382 0.224539 0.191031 0.354048  0.167863  0.170968  0.100535 0.0193272  0.528576 0.0127303
(1,(((2,3),(((4,5),6),((7,(8,9)),((10,11),(12,((13,(14,15)),(16,17))))))),(((((18,19),20),(21,(22,23))),(((24,(25,26)),27),(28,29))),((30,(31,32)),33))),((34,35),36)); -33942  0 240.641 116.014 34.329 -34101 0.230446 0.223075 0.179409  0.36707  0.167963  0.171747 0.0988207  0.021292  0.527949 0.0122279
(1,(((2,3),(((4,5),6),((7,(8,9)),((10,11),(12,((13,(14,15)),(16,17))))))),(((((18,19),20),(21,(22,23))),(((24,(25,26)),27),(28,29))),((30,(31,32)),33))),((34,35),36)); -33930  0 256.685 116.615 29.9586 -34100 0.218676 0.222994 0.178452 0.379879  0.160171  0.172075 0.0965108 0.0178905  0.541029 0.0123237
(1,(((2,3),(((4,5),6),((7,(8,9)),((10,11),(12,((13,(14,15)),(16,17))))))),(((((18,19),20),(21,(22,23))),(((24,(25,26)),27),(28,29))),((30,(31,32)),33))),((34,35),36)); -33934.3  0 249.92 117.583 29.8305 -34096.5 0.222686 0.207034 0.193031 0.377249   0.17297  0.178748  0.101676 0.0168891  0.513973 0.0157441
(1,(((2,3),(((4,5),6),((7,(8,9)),((10,11),(12,((13,(14,15)),(16,17))))))),(((((18,19),20),(21,(22,23))),(((24,(25,26)),27),(28,29))),((30,(31,32)),33))),((34,35),36)); -33930.3  0 254.548 116.464 32.2493 -34100.6 0.213932 0.224057 0.193181 0.368829  0.172022  0.169334   0.10074 0.0196039  0.526313 0.0119883
