tree logl logTop logBL logPrior logQ logWt pi1 pi2 pi3 pi4 s1 s2 s3 s4 s5 s6
(1,(((((((2,3),4),(5,6)),((7,8),(9,10))),(((11,12),(13,14)),((15,16),17))),((18,19),(20,21))),(22,23)),24); -124243  -4.13938 213.903 85.1241 36.6519 -124404 0.241001 0.261691 0.188716 0.308592  0.363312   0.16247  0.109794 0.0373846  0.301791  0.025249
(1,(((2,(3,4)),(((5,(6,7)),(((8,9),10),(11,12))),((((13,14),15),(16,17)),((18,19),(20,21))))),(22,23)),24); -124505  -11.6963 216.957 84.8524 35.9946 -124661 0.245961 0.257794 0.184948 0.311297   0.35568  0.159594  0.114428 0.0392482  0.307005 0.0240449
(1,(((((((2,3),4),(5,6)),((7,8),(9,10))),(((11,12),(13,14)),(15,(16,17)))),((18,19),(20,21))),(22,23)),24); -124172  -1.0781 219.908 85.0411 29.9069 -124336 0.243008 0.259477 0.181575  0.31594  0.370343  0.155145  0.106098 0.0371526  0.310883 0.0203783
(1,((((2,3),4),(((5,(6,7)),(8,(9,10))),(((11,12),((13,14),(15,16))),((17,18),(19,(20,21)))))),(22,23)),24); -124411  -9.51016 213.916 85.0634 38.9243 -124569 0.242249 0.258473 0.183288  0.31599  0.367947  0.157333  0.108823  0.034771  0.305844 0.0252823
(1,((((2,3),4),(((5,6),(7,8)),(((9,10),(11,12)),((((13,14),15),(16,17)),(18,(19,20)))))),((21,22),23)),24); -124363  -9.74765 225.672 85.1407 33.3228 -124527 0.240697 0.257289 0.186285 0.315728  0.373591  0.164793  0.101817 0.0379034  0.298059 0.0238361
(1,(((((((2,3),4),(5,6)),((7,8),(9,10))),(((11,12),(13,14)),(15,(16,17)))),((18,19),(20,21))),(22,23)),24); -124170  -1.0781 217.907 85.1582 37.8167 -124340 0.241475 0.257178  0.18483 0.316517   0.36669  0.156125  0.116171 0.0340801  0.301778 0.0251559
(1,(((2,3),4),(((5,(6,7)),(8,(9,10))),(((11,12),((13,14),15)),((((16,17),18),(19,20)),((21,22),23))))),24); -124823  -10.8858 221.461 84.6551 38.1927 -124987 0.241276 0.259579 0.186203 0.312941  0.365236  0.164426  0.108812 0.0341479  0.302104 0.0252739
(1,((((2,3),(4,5)),(((((6,7),8),((9,10),(11,12))),(((13,14),15),(16,17))),((18,19),(20,21)))),(22,23)),24); -124276  -7.04445 212.07 84.9229 38.423 -124435 0.243494 0.257607 0.186856 0.312044  0.369238  0.161202  0.111979 0.0362738  0.297391 0.0239174
(1,(((((((2,3),4),(5,6)),((7,8),(9,10))),(((11,12),(13,14)),(15,(16,17)))),((18,19),(20,21))),(22,23)),24); -124172  -1.0781 219.51 85.0586 34.449 -124340 0.243078 0.257839 0.184841 0.314242  0.366194  0.157097  0.114398 0.0297859  0.308075 0.0244496
(1,2,((((3,4),5),((((6,7),(8,(9,10))),(11,12)),((((13,14),(15,(16,17))),(18,19)),((20,21),(22,23))))),24)); -124913  -12.1932 215.017 84.6777 35.9212 -125067 0.243187 0.255947 0.180884 0.319983  0.365526  0.160869  0.106706 0.0334017  0.307831 0.0256661
(1,(((((((2,3),4),(5,6)),((7,8),(9,10))),(((11,12),(13,14)),(15,(16,17)))),((18,19),(20,21))),(22,23)),24); -124171  -1.0781 215.151 85.12 36.1343 -124337 0.245996  0.25469 0.182747 0.316567  0.364822  0.162545   0.10689 0.0390495  0.301501 0.0251914
(1,(((((2,3),4),(((((5,6),(7,8)),(9,10)),((11,12),((13,14),15))),((16,17),(18,19)))),(20,21)),(22,23)),24); -124498  -10.8144 218.33 84.9142 38.8157 -124660 0.245089 0.255049 0.188385 0.311477  0.365474  0.158941   0.11058 0.0364644  0.305589 0.0229512
(1,(((2,3),((((4,5),(6,7)),(8,(9,10))),(((11,12),((13,14),15)),((16,17),((18,19),(20,21)))))),(22,23)),24); -124311  -7.12693 219.173 84.9668 39.3071 -124478 0.244862 0.255385 0.184218 0.315536  0.362265  0.161567  0.110962 0.0346969  0.306583  0.023926
(1,(((((((2,3),4),(5,6)),((7,8),(9,10))),(((11,12),(13,14)),(15,(16,17)))),((18,19),(20,21))),(22,23)),24); -124161  -1.0781 222.281 84.92 38.9625 -124337 0.244602 0.255298 0.185477 0.314624  0.362708  0.162152  0.106684 0.0368215  0.306737 0.0248975
(1,2,((3,4),(((((5,6),(7,8)),((9,10),(11,12))),((((13,14),15),(16,17)),((18,19),(20,21)))),((22,23),24)))); -124312  -7.38659 221.432 84.9617 38.4202 -124479 0.244832 0.259113 0.185129 0.310926  0.367536  0.156005  0.108121 0.0360032  0.307546   0.02479
(1,(((((((2,3),4),(5,6)),((7,8),(9,10))),(((11,12),(13,14)),(15,(16,17)))),((18,19),(20,21))),(22,23)),24); -124169  -1.0781 217.706 84.8683 36.6906 -124338 0.244929  0.25411 0.188867 0.312094  0.372792  0.160282  0.108234 0.0322947  0.302587   0.02381
(1,(((((2,3),(4,5)),(((6,7),(8,(9,10))),(((11,12),(13,14)),(15,(16,17))))),((18,19),(20,21))),(22,23)),24); -124226  -6.11549 218.737 85.1341 38.068 -124391 0.242958 0.254564 0.190771 0.311707  0.367963  0.157863  0.110948 0.0357705  0.301655 0.0258002
(1,(((((2,3),4),(5,6)),(((7,8),(9,10)),((((11,12),(13,14)),(15,(16,17))),((18,19),(20,21))))),(22,23)),24); -124243  -6.95841 216.859 85.248 36.2712 -124404 0.239576 0.252142 0.187842  0.32044  0.366459  0.163376  0.109534 0.0350827  0.301163 0.0243852
(1,((2,3),((((4,5),(6,7)),((8,(9,10)),(11,12))),((((13,14),15),(((16,17),18),(19,20))),(21,(22,23))))),24); -124777  -12.4085 212.991 84.547 36.8416 -124930 0.242613 0.256236 0.186281 0.314869  0.366407  0.161404   0.10764 0.0324861  0.309669 0.0223946
(1,(((((2,3),(4,5)),((((6,(7,8)),(9,10)),(11,12)),(((13,(14,15)),(16,17)),(18,(19,20))))),(21,22)),23),24); -124675  -13.1926 217.392 84.9095 38.0783 -124832 0.239142 0.255873 0.189295 0.315689  0.367663  0.160526   0.11117 0.0344079   0.30341 0.0228231
(1,(((((((2,3),4),(5,6)),((7,8),(9,10))),(((11,12),(13,14)),(15,(16,17)))),((18,19),(20,21))),(22,23)),24); -124175  -1.0781 213.124 85.2206 37.0833 -124339 0.244458 0.254768 0.188973 0.311801  0.364458  0.153684  0.114138 0.0365808  0.305848  0.025291
