tree logl logTop logBL logPrior logQ logWt pi1 pi2 pi3 pi4 s1 s2 s3 s4 s5 s6
(1,(((2,3),(((4,5),6),((7,(8,9)),((10,11),(12,((13,(14,15)),(16,17))))))),(((((18,19),20),(21,(22,23))),(((24,(25,26)),27),(28,29))),((30,(31,32)),33))),((34,35),36)); -33936.7  0 245.4 116.369 32.7742 -34098.5  0.23053 0.228278 0.175393   0.3658  0.172122  0.163446  0.100696  0.018462  0.532332 0.0129427
(1,(((2,3),(((4,5),6),((7,(8,9)),((10,11),(12,((13,(14,15)),(16,17))))))),(((((18,19),20),(21,(22,23))),(((24,(25,26)),27),(28,29))),((30,(31,32)),33))),((34,35),36)); -33924.4  0 257.18 116.976 34.3465 -34099  0.22343 0.215483 0.188794 0.372293   0.17319  0.176413 0.0909284 0.0177878  0.529326 0.0123556
(1,(((2,3),(((4,5),6),((7,(8,9)),((10,11),(12,((13,(14,15)),(16,17))))))),(((((18,19),20),(21,(22,23))),(((24,(25,26)),27),(28,29))),((30,(31,32)),33))),((34,35),36)); -33934.7  0 249.107 116.016 31.4426 -34099.3 0.223409 0.223094  0.19806 0.355437  0.174325  0.178323  0.098934 0.0203259  0.516897 0.0111946
(1,(((2,3),(((4,5),6),((7,(8,9)),((10,11),(12,((13,(14,15)),(16,17))))))),(((((18,19),20),(21,(22,23))),(((24,(25,26)),27),(28,29))),((30,(31,32)),33))),((34,35),36)); -33952.4  0 242.344 117.163 28.8396 -34106.4 0.203994 0.220469 0.184398 0.391139  0.176829  0.171881 0.0948184 0.0191478  0.524422 0.0129018
(1,(((2,3),(((4,5),6),((7,(8,9)),((10,11),(12,((13,(14,15)),(16,17))))))),(((((18,19),20),(21,(22,23))),(((24,(25,26)),27),(28,29))),((30,(31,32)),33))),((34,35),36)); -33941.2  0 251.318 116.936 30.9797 -34106.6  0.23746 0.213659    0.185  0.36388  0.166423   0.16319 0.0992808 0.0192975    0.5386  0.013209
(1,(((2,3),(((4,5),6),((7,(8,9)),((10,11),(12,((13,(14,15)),(16,17))))))),(((((18,19),20),(21,(22,23))),(((24,(25,26)),27),(28,29))),((30,(31,32)),33))),((34,35),36)); -33925.6  0 256.297 117.274 35.8217 -34100.5 0.22425 0.22093 0.17703 0.37779  0.176954  0.169423 0.0968959 0.0191385  0.525386  0.012203
(1,(((2,3),(((4,5),6),((7,(8,9)),((10,11),(12,((13,(14,15)),(16,17))))))),(((((18,19),20),(21,(22,23))),(((24,(25,26)),27),(28,29))),((30,(31,32)),33))),((34,35),36)); -33938.1  0 243.902 115.774 33.1533 -34099.4 0.223654 0.228477 0.182463 0.365406  0.177022  0.165293 0.0936712 0.0247675   0.52693 0.0123168
(1,(((2,3),(((4,5),6),((7,(8,9)),((10,11),(12,((13,(14,15)),(16,17))))))),(((((18,19),20),(21,(22,23))),(((24,(25,26)),27),(28,29))),((30,(31,32)),33))),((34,35),36)); -33944.4  0 253.524 116.759 27.8615 -34109 0.212424 0.225278 0.184253 0.378045  0.169906  0.186534 0.0891611 0.0214747  0.517986 0.0149376
(1,(((2,3),(((4,5),6),((7,(8,9)),((10,11),(12,((13,(14,15)),(16,17))))))),(((((18,19),20),(21,(22,23))),(((24,(25,26)),27),(28,29))),((30,(31,32)),33))),((34,35),36)); -33920.5  0 262.02 117.057 35.2751 -34100.7 0.220088 0.223756 0.186556   0.3696  0.174927  0.164543 0.0952848 0.0203895  0.529546 0.0153099
(1,(((2,3),(((4,5),6),((7,(8,9)),((10,11),(12,((13,(14,15)),(16,17))))))),(((((18,19),20),(21,(22,23))),(((24,(25,26)),27),(28,29))),((30,(31,32)),33))),((34,35),36)); -33938.4  0 242.804 116.63 34.564 -34099.1  0.23056 0.218807 0.186068 0.364565  0.179469  0.168438  0.089259 0.0199804  0.530701 0.0121526
(1,(((2,3),(((4,5),6),((7,(8,9)),((10,11),(12,((13,(14,15)),(16,17))))))),(((((18,19),20),(21,(22,23))),(((24,(25,26)),27),(28,29))),((30,(31,32)),33))),((34,35),36)); -33931.2  0 252.345 116.134 33.3261 -34100.8  0.23283 0.217826 0.187445 0.361899  0.173334  0.166063 0.0946693 0.0248433  0.527303 0.0137871
(1,(((2,3),(((4,5),6),((7,(8,9)),((10,11),(12,((13,(14,15)),(16,17))))))),(((((18,19),20),(21,(22,23))),(((24,(25,26)),27),(28,29))),((30,(31,32)),33))),((34,35),36)); -33922.7  0 260.664 117.218 34.3792 -34100.5 0.227551 0.213371 0.189347 0.369732  0.170319  0.172555 0.0974299 0.0226317  0.525525 0.0115396
(1,(((2,3),(((4,5),6),((7,(8,9)),((10,11),(12,((13,(14,15)),(16,17))))))),(((((18,19),20),(21,(22,23))),(((24,(25,26)),27),(28,29))),((30,(31,32)),33))),((34,35),36)); -33932.7  0 253.148 116.659 31.0034 -34100.2 0.232911 0.219866 0.182825 0.364398  0.171243  0.163545   0.10476 0.0173935  0.531046 0.0120123
(1,(((2,3),(((4,5),6),((7,(8,9)),((10,11),(12,((13,(14,15)),(16,17))))))),(((((18,19),20),(21,(22,23))),(((24,(25,26)),27),(28,29))),((30,(31,32)),33))),((34,35),36)); -33932  0 248.561 117.039 36.4349 -34100 0.228259 0.218906 0.189375  0.36346  0.176942  0.171409 0.0940089  0.019936  0.525164 0.0125402
(1,(((2,3),(((4,5),6),((7,(8,9)),((10,11),(12,((13,(14,15)),(16,17))))))),(((((18,19),20),(21,(22,23))),(((24,(25,26)),27),(28,29))),((30,(31,32)),33))),((34,35),36)); -33933.3  0 251.46 117.262 32.7718 -34100.3 0.222236 0.224071 0.185869 0.367824  0.174301  0.161127  0.104065 0.0210103  0.527361 0.0121355
(1,(((2,3),(((4,5),6),((7,(8,9)),((10,11),(12,((13,(14,15)),(16,17))))))),(((((18,19),20),(21,(22,23))),(((24,(25,26)),27),(28,29))),((30,(31,32)),33))),((34,35),36)); -33932.8  0 251.829 117.463 33.589 -34100.8 0.222923 0.213002 0.191223 0.372852  0.174006  0.175912 0.0887422 0.0193516  0.528962 0.0130266
(1,(((2,3),(((4,5),6),((7,(8,9)),((10,11),(12,((13,(14,15)),(16,17))))))),(((((18,19),20),(21,(22,23))),(((24,(25,26)),27),(28,29))),((30,(31,32)),33))),((34,35),36)); -33938.8  0 243.413 116.606 34.1597 -34099.8 0.232461 0.219198 0.177873 0.370467  0.168825  0.174881 0.0960097 0.0177131  0.530231 0.0123399
(1,(((2,3),(((4,5),6),((7,(8,9)),((10,11),(12,((13,(14,15)),(16,17))))))),(((((18,19),20),(21,(22,23))),(((24,(25,26)),27),(28,29))),((30,(31,32)),33))),((34,35),36)); -33929.2  0 255.828 116.886 32.3969 -34100.6 0.229764 0.227053 0.181718 0.361465  0.175257  0.158552 0.0990869 0.0188994  0.536415 0.0117899
(1,(((2,3),(((4,5),6),((7,(8,9)),((10,11),(12,((13,(14,15)),(16,17))))))),(((((18,19),20),(21,(22,23))),(((24,(25,26)),27),(28,29))),((30,(31,32)),33))),((34,35),36)); -33920.9  0 261.718 117.018 32.7708 -34098.4 0.231111 0.212041 0.194669 0.362179  0.172684  0.174975 0.0966722 0.0225549  0.521489 0.0116247
(1,(((2,3),(((4,5),6),((7,(8,9)),((10,11),(12,((13,(14,15)),(16,17))))))),(((((18,19),20),(21,(22,23))),(((24,(25,26)),27),(28,29))),((30,(31,32)),33))),((34,35),36)); -33922.3  0 260.515 117.589 33.8132 -34099 0.221219 0.211806 0.192682 0.374293  0.175137  0.175569 0.0941856 0.0212489  0.519272 0.0145879
(1,(((2,3),(((4,5),6),((7,(8,9)),((10,11),(12,((13,(14,15)),(16,17))))))),(((((18,19),20),(21,(22,23))),(((24,(25,26)),27),(28,29))),((30,(31,32)),33))),((34,35),36)); -33934.3  0 248.075 116.352 33.1391 -34099.2 0.232034 0.223714 0.187178 0.357075  0.172379   0.17393 0.0930032  0.019507  0.524635 0.0165467
