tree logl logTop logBL logPrior logQ logWt pi1 pi2 pi3 pi4 s1 s2 s3 s4 s5 s6
(1,(((2,(3,4)),(((5,(6,7)),(8,(9,10))),((((11,12),(13,14)),(15,(16,17))),((18,19),(20,21))))),(22,23)),24); -124378  0 215.559 85.1089 31.8205 -124540  0.23956 0.256899 0.197182 0.306359   0.36889  0.155548  0.107851 0.0374443  0.304381 0.0258852
(1,(((2,(3,4)),(((5,(6,7)),(8,(9,10))),((((11,12),(13,14)),(15,(16,17))),((18,19),(20,21))))),(22,23)),24); -124370  0 215.683 84.8434 37.3754 -124538 0.245581 0.257966  0.18851 0.307943  0.363775  0.162639   0.10903  0.036837  0.305294 0.0224245
(1,(((2,(3,4)),(((5,(6,7)),(8,(9,10))),((((11,12),(13,14)),(15,(16,17))),((18,19),(20,21))))),(22,23)),24); -124372  0 212.718 84.7644 36.2158 -124537 0.246452 0.258418 0.187573 0.307558  0.364804  0.156707  0.114855 0.0370532  0.302577 0.0240034
(1,(((2,(3,4)),(((5,(6,7)),(8,(9,10))),((((11,12),(13,14)),(15,(16,17))),((18,19),(20,21))))),(22,23)),24); -124374  0 211.116 84.8342 36.4091 -124536  0.23627 0.256496 0.189775 0.317458  0.363179  0.158874   0.11016 0.0382853  0.305556 0.0239459
(1,(((2,(3,4)),(((5,(6,7)),(8,(9,10))),((((11,12),(13,14)),(15,(16,17))),((18,19),(20,21))))),(22,23)),24); -124368  0 218.376 84.9437 37.442 -124539 0.241703 0.254721 0.187188 0.316388  0.363716   0.16389  0.104634 0.0354535  0.308554 0.0237535
(1,(((2,(3,4)),(((5,(6,7)),(8,(9,10))),((((11,12),(13,14)),(15,(16,17))),((18,19),(20,21))))),(22,23)),24); -124363  0 220.173 84.9052 39.0362 -124537 0.244515 0.258259 0.186406  0.31082  0.367112  0.162445  0.106377 0.0352039  0.304242  0.024619
(1,(((2,(3,4)),(((5,(6,7)),(8,(9,10))),((((11,12),(13,14)),(15,(16,17))),((18,19),(20,21))))),(22,23)),24); -124370  0 214.91 84.782 36.5749 -124537  0.24278 0.256947 0.189381 0.310892   0.36406  0.164418  0.110712 0.0348691   0.29994 0.0260005
(1,(((2,(3,4)),(((5,(6,7)),(8,(9,10))),((((11,12),(13,14)),(15,(16,17))),((18,19),(20,21))))),(22,23)),24); -124376  0 212.421 84.8823 35.8069 -124539 0.240186 0.257468 0.185822 0.316523  0.364647  0.161255  0.104078 0.0416997   0.30496 0.0233606
(1,(((2,(3,4)),(((5,(6,7)),(8,(9,10))),((((11,12),(13,14)),(15,(16,17))),((18,19),(20,21))))),(22,23)),24); -124367  0 221.457 84.9281 36.4559 -124540 0.242252 0.256188 0.183303 0.318257  0.365421  0.165916  0.107152 0.0354796  0.302689 0.0233416
(1,(((2,(3,4)),(((5,(6,7)),(8,(9,10))),((((11,12),(13,14)),(15,(16,17))),((18,19),(20,21))))),(22,23)),24); -124372  0 211.997 84.9663 37.5216 -124537 0.241715 0.257507 0.185597 0.315181  0.365494  0.153942  0.113703 0.0355375  0.308202 0.0231216
(1,(((2,(3,4)),(((5,(6,7)),(8,(9,10))),((((11,12),(13,14)),(15,(16,17))),((18,19),(20,21))))),(22,23)),24); -124376  0 212.764 85.1595 35.5337 -124539 0.239679 0.262797 0.189443 0.308081  0.362216  0.162701   0.10802  0.036495   0.30467 0.0258984
(1,(((2,(3,4)),(((5,(6,7)),(8,(9,10))),((((11,12),(13,14)),(15,(16,17))),((18,19),(20,21))))),(22,23)),24); -124373  0 217.911 85.0617 33.1733 -124539 0.247592 0.257637 0.188386 0.306385  0.368439  0.155671   0.11538 0.0330778  0.302968 0.0244647
(1,(((2,(3,4)),(((5,(6,7)),(8,(9,10))),((((11,12),(13,14)),(15,(16,17))),((18,19),(20,21))))),(22,23)),24); -124370  0 215.366 84.7446 38.2497 -124538 0.244954 0.259945 0.186366 0.308735  0.364523  0.162545  0.107675 0.0352672  0.305358 0.0246316
(1,(((2,(3,4)),(((5,(6,7)),(8,(9,10))),((((11,12),(13,14)),(15,(16,17))),((18,19),(20,21))))),(22,23)),24); -124366  0 220.15 84.9173 36.5449 -124538 0.241217 0.256217  0.18317 0.319397  0.365813  0.158207  0.107856 0.0358856  0.310233  0.022005
(1,(((2,(3,4)),(((5,(6,7)),(8,(9,10))),((((11,12),(13,14)),(15,(16,17))),((18,19),(20,21))))),(22,23)),24); -124380  0 205.074 84.828 37.7414 -124538 0.243823 0.255627 0.188276 0.312275   0.35997  0.165032  0.108338 0.0367714  0.305965 0.0239242
(1,(((2,(3,4)),(((5,(6,7)),(8,(9,10))),((((11,12),(13,14)),(15,(16,17))),((18,19),(20,21))))),(22,23)),24); -124369  0 215.481 85.1391 38.3954 -124538 0.239597 0.255349 0.189367 0.315687  0.369157  0.160152  0.110005 0.0349798  0.302095 0.0236103
(1,(((2,(3,4)),(((5,(6,7)),(8,(9,10))),((((11,12),(13,14)),(15,(16,17))),((18,19),(20,21))))),(22,23)),24); -124369  0 212.952 84.6867 39.4934 -124537 0.242884 0.259666 0.183861 0.313589  0.367667  0.159484  0.109278 0.0373036  0.302031 0.0242358
(1,(((2,(3,4)),(((5,(6,7)),(8,(9,10))),((((11,12),(13,14)),(15,(16,17))),((18,19),(20,21))))),(22,23)),24); -124374  0 217.069 85.1063 33.117 -124539 0.246993 0.257555 0.180813 0.314639  0.369447  0.160886  0.102632 0.0347137   0.30513 0.0271921
(1,(((2,(3,4)),(((5,(6,7)),(8,(9,10))),((((11,12),(13,14)),(15,(16,17))),((18,19),(20,21))))),(22,23)),24); -124365  0 222.819 85.2758 37.0401 -124539  0.23821 0.256393 0.187521 0.317876  0.371832  0.161023  0.105046 0.0362246  0.302141 0.0237333
(1,(((2,(3,4)),(((5,(6,7)),(8,(9,10))),((((11,12),(13,14)),(15,(16,17))),((18,19),(20,21))))),(22,23)),24); -124372  0 212.078 84.9656 37.851 -124537  0.24024 0.257877 0.183577 0.318306  0.370767  0.158994  0.106394 0.0347947  0.305622  0.023428
(1,(((2,(3,4)),(((5,(6,7)),(8,(9,10))),((((11,12),(13,14)),(15,(16,17))),((18,19),(20,21))))),(22,23)),24); -124369  0 217.951 84.9329 34.9208 -124537 0.247672 0.253598 0.184502 0.314227   0.36908  0.161174  0.109236 0.0319072   0.30521 0.0233923
(1,(((2,(3,4)),(((5,(6,7)),(8,(9,10))),((((11,12),(13,14)),(15,(16,17))),((18,19),(20,21))))),(22,23)),24); -124369  0 216.094 85.1925 38.2067 -124538 0.240942 0.258943 0.190182 0.309933  0.364647  0.156147   0.11222 0.0369249  0.306577 0.0234839
(1,(((2,(3,4)),(((5,(6,7)),(8,(9,10))),((((11,12),(13,14)),(15,(16,17))),((18,19),(20,21))))),(22,23)),24); -124363  0 222.026 84.9289 38.0362 -124539 0.242756 0.257017 0.188724 0.311503  0.363736  0.159375  0.105443 0.0388918  0.309877 0.0226772
(1,(((2,(3,4)),(((5,(6,7)),(8,(9,10))),((((11,12),(13,14)),(15,(16,17))),((18,19),(20,21))))),(22,23)),24); -124374  0 216.328 84.9935 33.1235 -124538 0.239991 0.258589  0.19149 0.309931  0.354729  0.165483  0.113116 0.0365691  0.307187 0.0229161
(1,(((2,(3,4)),(((5,(6,7)),(8,(9,10))),((((11,12),(13,14)),(15,(16,17))),((18,19),(20,21))))),(22,23)),24); -124366  0 218.415 84.8227 38.2518 -124538  0.24203 0.257835 0.186016 0.314119  0.374095  0.160508  0.106235 0.0354761  0.300561  0.023124
(1,(((2,(3,4)),(((5,(6,7)),(8,(9,10))),((((11,12),(13,14)),(15,(16,17))),((18,19),(20,21))))),(22,23)),24); -124367  0 216.263 85.1171 39.7484 -124538 0.243416  0.25675 0.187751 0.312082  0.369206  0.156876  0.106935 0.0357726  0.307104 0.0241064
(1,(((2,(3,4)),(((5,(6,7)),(8,(9,10))),((((11,12),(13,14)),(15,(16,17))),((18,19),(20,21))))),(22,23)),24); -124365  0 221.779 84.9251 35.6164 -124537 0.244603 0.258883 0.184225 0.312289  0.367883  0.161002  0.114809 0.0373041  0.296127 0.0228756
(1,(((2,(3,4)),(((5,(6,7)),(8,(9,10))),((((11,12),(13,14)),(15,(16,17))),((18,19),(20,21))))),(22,23)),24); -124373  0 210.328 84.8698 38.0138 -124537 0.243778  0.25509 0.187418 0.313714  0.366079  0.158817  0.109514 0.0379793  0.301176 0.0264339
(1,(((2,(3,4)),(((5,(6,7)),(8,(9,10))),((((11,12),(13,14)),(15,(16,17))),((18,19),(20,21))))),(22,23)),24); -124369  0 215.3 85.2624 37.7539 -124537  0.24211  0.25677 0.190317 0.310803  0.366485  0.159366    0.1129 0.0357533  0.300142 0.0253535
(1,(((2,(3,4)),(((5,(6,7)),(8,(9,10))),((((11,12),(13,14)),(15,(16,17))),((18,19),(20,21))))),(22,23)),24); -124375  0 209.748 85.0414 37.4772 -124538  0.24461 0.258412  0.18581 0.311168  0.369524  0.159727  0.105095 0.0385675  0.305331 0.0217561
(1,(((2,(3,4)),(((5,(6,7)),(8,(9,10))),((((11,12),(13,14)),(15,(16,17))),((18,19),(20,21))))),(22,23)),24); -124374  0 210.18 84.9309 37.5831 -124537 0.238371  0.25666 0.189895 0.315075  0.365334  0.158349  0.105788 0.0356296  0.309572 0.0253269
(1,(((2,(3,4)),(((5,(6,7)),(8,(9,10))),((((11,12),(13,14)),(15,(16,17))),((18,19),(20,21))))),(22,23)),24); -124368  0 220.937 85.0717 35.0213 -124539  0.23957 0.256267  0.18262 0.321544  0.368942  0.159251  0.109866 0.0375411  0.299129 0.0252713
(1,(((2,(3,4)),(((5,(6,7)),(8,(9,10))),((((11,12),(13,14)),(15,(16,17))),((18,19),(20,21))))),(22,23)),24); -124368  0 217.428 84.8055 37.373 -124538 0.245131 0.259438 0.182814 0.312616  0.368159  0.159375  0.105319 0.0387927  0.306009 0.0223453
(1,(((2,(3,4)),(((5,(6,7)),(8,(9,10))),((((11,12),(13,14)),(15,(16,17))),((18,19),(20,21))))),(22,23)),24); -124372  0 214.078 84.7717 36.8212 -124538 0.243874 0.258191 0.183519 0.314416  0.365475  0.156374  0.108104  0.032928  0.312527 0.0245917
(1,(((2,(3,4)),(((5,(6,7)),(8,(9,10))),((((11,12),(13,14)),(15,(16,17))),((18,19),(20,21))))),(22,23)),24); -124369  0 216.128 84.7668 36.5142 -124537 0.243751 0.259654 0.183783 0.312812  0.370008  0.154292  0.113893 0.0340956  0.302872 0.0248393
(1,(((2,(3,4)),(((5,(6,7)),(8,(9,10))),((((11,12),(13,14)),(15,(16,17))),((18,19),(20,21))))),(22,23)),24); -124383  0 202.738 84.9591 36.2146 -124537 0.244344 0.254132 0.188457 0.313066  0.358234  0.159663  0.110904 0.0386932  0.306143 0.0263638
(1,(((2,(3,4)),(((5,(6,7)),(8,(9,10))),((((11,12),(13,14)),(15,(16,17))),((18,19),(20,21))))),(22,23)),24); -124368  0 217.867 85.0433 37.6149 -124539 0.243073 0.255416 0.188599 0.312912  0.368929   0.16048  0.108664 0.0328704  0.306701 0.0223557
(1,(((2,(3,4)),(((5,(6,7)),(8,(9,10))),((((11,12),(13,14)),(15,(16,17))),((18,19),(20,21))))),(22,23)),24); -124379  0 205.414 85.057 38.4066 -124538 0.242489 0.254933 0.186521 0.316057  0.368761  0.155662  0.106939 0.0372434   0.30861 0.0227853
(1,(((2,(3,4)),(((5,(6,7)),(8,(9,10))),((((11,12),(13,14)),(15,(16,17))),((18,19),(20,21))))),(22,23)),24); -124376  0 210.034 84.9337 35.9676 -124537 0.239354 0.259713 0.189268 0.311665   0.36855  0.152847  0.105617 0.0386325  0.308887 0.0254657
(1,(((2,(3,4)),(((5,(6,7)),(8,(9,10))),((((11,12),(13,14)),(15,(16,17))),((18,19),(20,21))))),(22,23)),24); -124373  0 213.204 85.2919 36.9075 -124537   0.2368 0.260351 0.189928 0.312922  0.367383  0.156904   0.10822 0.0370535  0.307658 0.0227821
(1,(((2,(3,4)),(((5,(6,7)),(8,(9,10))),((((11,12),(13,14)),(15,(16,17))),((18,19),(20,21))))),(22,23)),24); -124370  0 214.775 84.8378 36.6211 -124536 0.243173 0.261682 0.181795 0.313349  0.368292  0.156299  0.109762 0.0335393  0.308861 0.0232474
(1,(((2,(3,4)),(((5,(6,7)),(8,(9,10))),((((11,12),(13,14)),(15,(16,17))),((18,19),(20,21))))),(22,23)),24); -124367  0 219.182 84.6725 35.8571 -124537 0.245916 0.256942 0.184303 0.312839  0.369623   0.16407  0.110431 0.0356422   0.29815 0.0220842
(1,(((2,(3,4)),(((5,(6,7)),(8,(9,10))),((((11,12),(13,14)),(15,(16,17))),((18,19),(20,21))))),(22,23)),24); -124372  0 214.678 84.6583 36.4082 -124539  0.24536 0.260609 0.182368 0.311664  0.363496  0.161674  0.110286 0.0338772  0.304758 0.0259098
(1,(((2,(3,4)),(((5,(6,7)),(8,(9,10))),((((11,12),(13,14)),(15,(16,17))),((18,19),(20,21))))),(22,23)),24); -124366  0 218.07 84.9994 38.0779 -124537 0.242195 0.258562 0.187422 0.311821  0.373478  0.154005  0.108181 0.0354161  0.303933 0.0249855
(1,(((2,(3,4)),(((5,(6,7)),(8,(9,10))),((((11,12),(13,14)),(15,(16,17))),((18,19),(20,21))))),(22,23)),24); -124380  0 206.761 85.0421 36.9809 -124538 0.243382 0.255574 0.185723 0.315321  0.375946  0.155115  0.107109 0.0376718  0.300959 0.0231985
(1,(((2,(3,4)),(((5,(6,7)),(8,(9,10))),((((11,12),(13,14)),(15,(16,17))),((18,19),(20,21))))),(22,23)),24); -124368  0 216.942 85.1322 37.3626 -124538 0.237722 0.258016 0.189894 0.314368  0.364954  0.155319  0.108546 0.0366218  0.310572 0.0239873
(1,(((2,(3,4)),(((5,(6,7)),(8,(9,10))),((((11,12),(13,14)),(15,(16,17))),((18,19),(20,21))))),(22,23)),24); -124371  0 215.536 84.7948 34.9594 -124537 0.240645  0.25898 0.180625  0.31975  0.359194  0.158371  0.110592 0.0370536  0.310694 0.0240951
(1,(((2,(3,4)),(((5,(6,7)),(8,(9,10))),((((11,12),(13,14)),(15,(16,17))),((18,19),(20,21))))),(22,23)),24); -124372  0 212.632 84.9277 37.1825 -124537 0.244599 0.258837  0.18965 0.306914  0.365897  0.162606  0.107234 0.0380743  0.302673 0.0235164
(1,(((2,(3,4)),(((5,(6,7)),(8,(9,10))),((((11,12),(13,14)),(15,(16,17))),((18,19),(20,21))))),(22,23)),24); -124366  0 217.733 84.8805 37.8388 -124537 0.238815 0.258982 0.186082 0.316121  0.368223   0.15562  0.111991 0.0351716  0.304122 0.0248721
(1,(((2,(3,4)),(((5,(6,7)),(8,(9,10))),((((11,12),(13,14)),(15,(16,17))),((18,19),(20,21))))),(22,23)),24); -124366  0 218.148 84.9437 38.2523 -124538 0.245826 0.256875 0.185921 0.311378  0.368896  0.156551  0.109212 0.0350613  0.307853 0.0224263
(1,(((2,(3,4)),(((5,(6,7)),(8,(9,10))),((((11,12),(13,14)),(15,(16,17))),((18,19),(20,21))))),(22,23)),24); -124370  0 219.072 85.077 35.8126 -124540 0.237592 0.257502  0.18771 0.317196  0.365716  0.163197  0.107666 0.0376074  0.304308 0.0215049
(1,(((2,(3,4)),(((5,(6,7)),(8,(9,10))),((((11,12),(13,14)),(15,(16,17))),((18,19),(20,21))))),(22,23)),24); -124374  0 212.156 85.1224 37.0184 -124538 0.239651  0.25555  0.18742 0.317378  0.371427  0.156742  0.111943 0.0338495  0.302361 0.0236782
(1,(((2,(3,4)),(((5,(6,7)),(8,(9,10))),((((11,12),(13,14)),(15,(16,17))),((18,19),(20,21))))),(22,23)),24); -124375  0 213.844 84.9251 34.9946 -124539 0.237671 0.259442 0.186001 0.316886  0.364289  0.160643  0.112493 0.0330535  0.307529 0.0219929
(1,(((2,(3,4)),(((5,(6,7)),(8,(9,10))),((((11,12),(13,14)),(15,(16,17))),((18,19),(20,21))))),(22,23)),24); -124369  0 219.204 84.9692 35.527 -124538 0.243796 0.251566 0.188912 0.315727  0.361725  0.157011  0.107139 0.0392712   0.30928 0.0255743
(1,(((2,(3,4)),(((5,(6,7)),(8,(9,10))),((((11,12),(13,14)),(15,(16,17))),((18,19),(20,21))))),(22,23)),24); -124372  0 212.772 84.8146 37.9649 -124538 0.247111 0.255223 0.184442 0.313224  0.366495  0.157819  0.108771 0.0361957   0.30803 0.0226894
(1,(((2,(3,4)),(((5,(6,7)),(8,(9,10))),((((11,12),(13,14)),(15,(16,17))),((18,19),(20,21))))),(22,23)),24); -124372  0 218.11 85.2346 35.3096 -124540 0.245125 0.258008 0.188063 0.308804  0.364048  0.152652  0.111767 0.0397549  0.308912 0.0228647
(1,(((2,(3,4)),(((5,(6,7)),(8,(9,10))),((((11,12),(13,14)),(15,(16,17))),((18,19),(20,21))))),(22,23)),24); -124370  0 215.591 84.9819 35.8618 -124536 0.243463 0.262776 0.187486 0.306275  0.372403  0.157935  0.105279 0.0374036  0.302789 0.0241907
(1,(((2,(3,4)),(((5,(6,7)),(8,(9,10))),((((11,12),(13,14)),(15,(16,17))),((18,19),(20,21))))),(22,23)),24); -124371  0 213.803 85.0852 38.5414 -124538 0.239185 0.257128 0.188957  0.31473  0.370348  0.158589  0.110672 0.0355714  0.300966 0.0238529
(1,(((2,(3,4)),(((5,(6,7)),(8,(9,10))),((((11,12),(13,14)),(15,(16,17))),((18,19),(20,21))))),(22,23)),24); -124369  0 214.711 84.9158 38.6771 -124538  0.24322 0.256478 0.184475 0.315827  0.366742   0.15636   0.10782 0.0347282  0.310251  0.024099
(1,(((2,(3,4)),(((5,(6,7)),(8,(9,10))),((((11,12),(13,14)),(15,(16,17))),((18,19),(20,21))))),(22,23)),24); -124370  0 212.993 84.9747 37.1496 -124535 0.245275 0.257424 0.183925 0.313376  0.373916  0.157724  0.108448 0.0332221  0.302074 0.0246155
(1,(((2,(3,4)),(((5,(6,7)),(8,(9,10))),((((11,12),(13,14)),(15,(16,17))),((18,19),(20,21))))),(22,23)),24); -124370  0 215.105 84.8875 36.3761 -124537 0.242078  0.25779 0.190823 0.309309  0.367621  0.161823  0.112668 0.0346349  0.298324 0.0249287
(1,(((2,(3,4)),(((5,(6,7)),(8,(9,10))),((((11,12),(13,14)),(15,(16,17))),((18,19),(20,21))))),(22,23)),24); -124365  0 218.324 84.9629 38.4927 -124537 0.244143 0.256075 0.187072  0.31271  0.368365  0.161931  0.104817 0.0360879  0.303254 0.0255446
(1,(((2,(3,4)),(((5,(6,7)),(8,(9,10))),((((11,12),(13,14)),(15,(16,17))),((18,19),(20,21))))),(22,23)),24); -124379  0 215.12 84.9073 34.6763 -124543 0.242823 0.260053 0.181622 0.315502  0.361961   0.16617  0.105739 0.0397298  0.302286 0.0241143
(1,(((2,(3,4)),(((5,(6,7)),(8,(9,10))),((((11,12),(13,14)),(15,(16,17))),((18,19),(20,21))))),(22,23)),24); -124360  0 223.729 84.9801 38.8189 -124537  0.24237 0.259228 0.188948 0.309454  0.368628  0.157055  0.106615 0.0382784  0.304907 0.0245162
(1,(((2,(3,4)),(((5,(6,7)),(8,(9,10))),((((11,12),(13,14)),(15,(16,17))),((18,19),(20,21))))),(22,23)),24); -124372  0 218.267 84.9554 34.9771 -124540 0.237422 0.258008  0.18717 0.317399  0.367845  0.163682   0.10709 0.0391417  0.297444 0.0247974
(1,(((2,(3,4)),(((5,(6,7)),(8,(9,10))),((((11,12),(13,14)),(15,(16,17))),((18,19),(20,21))))),(22,23)),24); -124369  0 216.414 85.039 37.7941 -124539 0.242233 0.255127 0.190639 0.312001  0.368692  0.156483  0.110597 0.0345089  0.304054 0.0256649
(1,(((2,(3,4)),(((5,(6,7)),(8,(9,10))),((((11,12),(13,14)),(15,(16,17))),((18,19),(20,21))))),(22,23)),24); -124373  0 216.074 84.5749 35.9313 -124540 0.241849 0.263473 0.183015 0.311663  0.359661  0.160919  0.107705 0.0391409  0.308461 0.0241134
(1,(((2,(3,4)),(((5,(6,7)),(8,(9,10))),((((11,12),(13,14)),(15,(16,17))),((18,19),(20,21))))),(22,23)),24); -124366  0 218.895 84.813 36.6575 -124537 0.244981 0.255031 0.187897 0.312091  0.361904  0.165471   0.10959 0.0383408  0.301479 0.0232149
(1,(((2,(3,4)),(((5,(6,7)),(8,(9,10))),((((11,12),(13,14)),(15,(16,17))),((18,19),(20,21))))),(22,23)),24); -124369  0 218.126 84.7606 34.5682 -124537 0.242555 0.258735 0.179486 0.319224  0.373579  0.156285  0.104797 0.0350862  0.306401 0.0238522
(1,(((2,(3,4)),(((5,(6,7)),(8,(9,10))),((((11,12),(13,14)),(15,(16,17))),((18,19),(20,21))))),(22,23)),24); -124369  0 216.982 85.1446 35.9533 -124537 0.245888 0.253073 0.185823 0.315216  0.360964  0.160304  0.114375 0.0367527    0.3049 0.0227028
(1,(((2,(3,4)),(((5,(6,7)),(8,(9,10))),((((11,12),(13,14)),(15,(16,17))),((18,19),(20,21))))),(22,23)),24); -124369  0 217.983 85.2218 35.3907 -124537 0.238188 0.255435 0.190877   0.3155  0.366258  0.154751  0.110124  0.039309  0.303379 0.0261787
(1,(((2,(3,4)),(((5,(6,7)),(8,(9,10))),((((11,12),(13,14)),(15,(16,17))),((18,19),(20,21))))),(22,23)),24); -124369  0 218.948 84.8145 35.7528 -124538  0.24248 0.263258 0.185603 0.308659  0.362474  0.155406  0.108501 0.0391463  0.309294 0.0251785
(1,(((2,(3,4)),(((5,(6,7)),(8,(9,10))),((((11,12),(13,14)),(15,(16,17))),((18,19),(20,21))))),(22,23)),24); -124377  0 207.055 84.928 38.1197 -124538 0.241219 0.253782 0.187774 0.317226  0.368031  0.160056  0.106222 0.0369332  0.306083 0.0226757
(1,(((2,(3,4)),(((5,(6,7)),(8,(9,10))),((((11,12),(13,14)),(15,(16,17))),((18,19),(20,21))))),(22,23)),24); -124371  0 213.431 84.9656 38.3746 -124537  0.24412 0.257392 0.184326 0.314163  0.369039  0.158733  0.106433 0.0334359  0.307351 0.0250077
(1,(((2,(3,4)),(((5,(6,7)),(8,(9,10))),((((11,12),(13,14)),(15,(16,17))),((18,19),(20,21))))),(22,23)),24); -124370  0 213.57 84.7912 37.3682 -124536 0.240055 0.258394 0.183488 0.318063  0.365037  0.156942  0.108708 0.0363142  0.306791 0.0262075
(1,(((2,(3,4)),(((5,(6,7)),(8,(9,10))),((((11,12),(13,14)),(15,(16,17))),((18,19),(20,21))))),(22,23)),24); -124374  0 212.196 84.9351 36.8706 -124538 0.243821  0.25923 0.189256 0.307694  0.362387  0.158448  0.105915 0.0389157  0.309008 0.0253266
(1,(((2,(3,4)),(((5,(6,7)),(8,(9,10))),((((11,12),(13,14)),(15,(16,17))),((18,19),(20,21))))),(22,23)),24); -124372  0 213.735 85.0751 37.4625 -124538  0.24321 0.256229 0.187655 0.312906  0.368055  0.152498    0.1116 0.0386469  0.304381  0.024819
(1,(((2,(3,4)),(((5,(6,7)),(8,(9,10))),((((11,12),(13,14)),(15,(16,17))),((18,19),(20,21))))),(22,23)),24); -124370  0 215.187 85.4075 38.0272 -124538 0.242875 0.255247 0.190397 0.311481  0.362263  0.159024   0.10834 0.0394677  0.307462 0.0234427
(1,(((2,(3,4)),(((5,(6,7)),(8,(9,10))),((((11,12),(13,14)),(15,(16,17))),((18,19),(20,21))))),(22,23)),24); -124368  0 214.606 84.8243 38.3582 -124536 0.244732 0.259077  0.18581  0.31038  0.370332   0.15647   0.11192 0.0363315  0.301306 0.0236402
(1,(((2,(3,4)),(((5,(6,7)),(8,(9,10))),((((11,12),(13,14)),(15,(16,17))),((18,19),(20,21))))),(22,23)),24); -124378  0 212.617 84.8283 34.9205 -124540 0.242257 0.261127  0.18797 0.308646  0.358942  0.159344  0.108825 0.0362046  0.314612 0.0220723
(1,(((2,(3,4)),(((5,(6,7)),(8,(9,10))),((((11,12),(13,14)),(15,(16,17))),((18,19),(20,21))))),(22,23)),24); -124369  0 213.917 85.1189 39.2354 -124537 0.241096 0.254554 0.189722 0.314628  0.367458  0.158288  0.109144 0.0362242  0.304282 0.0246034
(1,(((2,(3,4)),(((5,(6,7)),(8,(9,10))),((((11,12),(13,14)),(15,(16,17))),((18,19),(20,21))))),(22,23)),24); -124360  0 223.956 84.8176 38.2505 -124537 0.241247 0.258643 0.185463 0.314647  0.363289  0.155328  0.112263  0.035292   0.30921 0.0246178
(1,(((2,(3,4)),(((5,(6,7)),(8,(9,10))),((((11,12),(13,14)),(15,(16,17))),((18,19),(20,21))))),(22,23)),24); -124374  0 212.682 84.8886 36.0124 -124538 0.242368 0.258306 0.186538 0.312788  0.363691  0.157135  0.106435 0.0427452  0.304923 0.0250695
(1,(((2,(3,4)),(((5,(6,7)),(8,(9,10))),((((11,12),(13,14)),(15,(16,17))),((18,19),(20,21))))),(22,23)),24); -124378  0 210.122 85.0351 36.2888 -124539 0.239168 0.255589 0.189233 0.316011  0.370262  0.158453  0.107324 0.0387188  0.303869 0.0213733
(1,(((2,(3,4)),(((5,(6,7)),(8,(9,10))),((((11,12),(13,14)),(15,(16,17))),((18,19),(20,21))))),(22,23)),24); -124372  0 215.196 84.9293 37.6366 -124540 0.244048 0.260846 0.184859 0.310247  0.362514  0.164274  0.107432 0.0352624  0.306093 0.0244234
(1,(((2,(3,4)),(((5,(6,7)),(8,(9,10))),((((11,12),(13,14)),(15,(16,17))),((18,19),(20,21))))),(22,23)),24); -124366  0 218.903 84.9371 37.9184 -124538 0.238699   0.2575  0.18911  0.31469  0.362754  0.161561  0.105343 0.0376231  0.308188 0.0245309
(1,(((2,(3,4)),(((5,(6,7)),(8,(9,10))),((((11,12),(13,14)),(15,(16,17))),((18,19),(20,21))))),(22,23)),24); -124360  0 223.457 84.9082 38.4896 -124537 0.240832 0.258365 0.185574 0.315229   0.36217  0.156518  0.111761 0.0384499  0.306278  0.024823
(1,(((2,(3,4)),(((5,(6,7)),(8,(9,10))),((((11,12),(13,14)),(15,(16,17))),((18,19),(20,21))))),(22,23)),24); -124367  0 216.924 85.031 38.0926 -124537 0.241371 0.255898  0.18555  0.31718  0.368096  0.156794  0.112509 0.0372714  0.300727 0.0246023
(1,(((2,(3,4)),(((5,(6,7)),(8,(9,10))),((((11,12),(13,14)),(15,(16,17))),((18,19),(20,21))))),(22,23)),24); -124377  0 217.14 84.9897 30.8847 -124540 0.244061 0.253115 0.191341 0.311483  0.368375  0.152139  0.107488 0.0392438  0.304258 0.0284955
(1,(((2,(3,4)),(((5,(6,7)),(8,(9,10))),((((11,12),(13,14)),(15,(16,17))),((18,19),(20,21))))),(22,23)),24); -124372  0 212.966 84.9674 38.1924 -124538   0.2411 0.258837 0.186315 0.313748  0.368816  0.157632  0.103532 0.0391606  0.306708 0.0241506
(1,(((2,(3,4)),(((5,(6,7)),(8,(9,10))),((((11,12),(13,14)),(15,(16,17))),((18,19),(20,21))))),(22,23)),24); -124367  0 221.55 85.0648 34.5687 -124538 0.243865 0.251733 0.185315 0.319086  0.364393  0.153045  0.110033 0.0373074   0.31025 0.0249709
(1,(((2,(3,4)),(((5,(6,7)),(8,(9,10))),((((11,12),(13,14)),(15,(16,17))),((18,19),(20,21))))),(22,23)),24); -124367  0 217.475 84.9646 36.7266 -124537 0.242978 0.257186 0.185234 0.314602   0.35811  0.156457  0.113533 0.0387473  0.308031 0.0251226
(1,(((2,(3,4)),(((5,(6,7)),(8,(9,10))),((((11,12),(13,14)),(15,(16,17))),((18,19),(20,21))))),(22,23)),24); -124366  0 217.737 84.8711 38.2326 -124537 0.245007 0.255669 0.185642 0.313683  0.371578  0.161915  0.106336 0.0353339  0.300892 0.0239446
(1,(((2,(3,4)),(((5,(6,7)),(8,(9,10))),((((11,12),(13,14)),(15,(16,17))),((18,19),(20,21))))),(22,23)),24); -124367  0 217.328 84.9512 37.8022 -124537 0.240671 0.254929 0.186385 0.318015  0.367079  0.158361  0.104668 0.0365438  0.308052 0.0252962
(1,(((2,(3,4)),(((5,(6,7)),(8,(9,10))),((((11,12),(13,14)),(15,(16,17))),((18,19),(20,21))))),(22,23)),24); -124376  0 211.658 84.8058 34.8607 -124538 0.240015 0.258342 0.186722 0.314921   0.35589  0.164875  0.110755 0.0393429  0.303518 0.0256185
(1,(((2,(3,4)),(((5,(6,7)),(8,(9,10))),((((11,12),(13,14)),(15,(16,17))),((18,19),(20,21))))),(22,23)),24); -124367  0 217.338 84.8868 37.9915 -124537 0.241917 0.254814 0.188496 0.314773   0.36784  0.156109   0.11315 0.0362462  0.301613 0.0250407
(1,(((2,(3,4)),(((5,(6,7)),(8,(9,10))),((((11,12),(13,14)),(15,(16,17))),((18,19),(20,21))))),(22,23)),24); -124381  0 213.398 84.9256 32.4616 -124542 0.247528  0.26066 0.182116 0.309697  0.359233   0.16192  0.108186 0.0423989  0.304129 0.0241325
(1,(((2,(3,4)),(((5,(6,7)),(8,(9,10))),((((11,12),(13,14)),(15,(16,17))),((18,19),(20,21))))),(22,23)),24); -124369  0 216.417 85.0402 36.4353 -124537 0.245074 0.262617 0.185263 0.307046  0.369281  0.160582  0.106425 0.0378032  0.302094 0.0238152
(1,(((2,(3,4)),(((5,(6,7)),(8,(9,10))),((((11,12),(13,14)),(15,(16,17))),((18,19),(20,21))))),(22,23)),24); -124365  0 219.735 85.0585 37.5657 -124537 0.239991 0.257573 0.185636   0.3168  0.363034  0.155375  0.108233 0.0378981  0.309919 0.0255405
(1,(((2,(3,4)),(((5,(6,7)),(8,(9,10))),((((11,12),(13,14)),(15,(16,17))),((18,19),(20,21))))),(22,23)),24); -124373  0 212.443 85.1353 36.8989 -124537 0.245167 0.255621 0.184706 0.314506  0.363475  0.157522  0.113953  0.033615  0.308037 0.0233992
(1,(((2,(3,4)),(((5,(6,7)),(8,(9,10))),((((11,12),(13,14)),(15,(16,17))),((18,19),(20,21))))),(22,23)),24); -124365  0 218.894 84.9682 38.687 -124537 0.244121 0.260737 0.185441   0.3097  0.369635   0.15831  0.107536  0.037951  0.302869 0.0236986
(1,(((2,(3,4)),(((5,(6,7)),(8,(9,10))),((((11,12),(13,14)),(15,(16,17))),((18,19),(20,21))))),(22,23)),24); -124366  0 222.884 85.0457 35.5739 -124539 0.239724 0.259174 0.186626 0.314475  0.372662  0.158147  0.107285 0.0405052  0.299445 0.0219559
(1,(((2,(3,4)),(((5,(6,7)),(8,(9,10))),((((11,12),(13,14)),(15,(16,17))),((18,19),(20,21))))),(22,23)),24); -124371  0 213.987 85.1757 38.3924 -124538 0.241241  0.25764 0.187248 0.313872  0.360416  0.162918  0.109439 0.0347891  0.307456  0.024983
(1,(((2,(3,4)),(((5,(6,7)),(8,(9,10))),((((11,12),(13,14)),(15,(16,17))),((18,19),(20,21))))),(22,23)),24); -124375  0 210.084 84.9549 37.9744 -124538 0.243453 0.257941 0.187329 0.311278  0.364924  0.162372  0.109815 0.0392364  0.301089  0.022563
(1,(((2,(3,4)),(((5,(6,7)),(8,(9,10))),((((11,12),(13,14)),(15,(16,17))),((18,19),(20,21))))),(22,23)),24); -124389  0 198.147 84.9347 35.1729 -124538 0.243649  0.25922 0.186083 0.311048  0.365713  0.162313  0.104467 0.0397565  0.306799 0.0209522
(1,(((2,(3,4)),(((5,(6,7)),(8,(9,10))),((((11,12),(13,14)),(15,(16,17))),((18,19),(20,21))))),(22,23)),24); -124361  0 224.093 85.085 37.8026 -124538 0.239314 0.260042 0.188029 0.312615  0.367207  0.153746  0.109058 0.0375134  0.308965 0.0235118
(1,(((2,(3,4)),(((5,(6,7)),(8,(9,10))),((((11,12),(13,14)),(15,(16,17))),((18,19),(20,21))))),(22,23)),24); -124371  0 215.336 84.9291 36.7197 -124538 0.240972 0.258291 0.187853 0.312885  0.375216  0.153568   0.10751 0.0380652  0.303117 0.0225232
(1,(((2,(3,4)),(((5,(6,7)),(8,(9,10))),((((11,12),(13,14)),(15,(16,17))),((18,19),(20,21))))),(22,23)),24); -124371  0 218.835 84.8526 36.0546 -124541 0.242446 0.261525 0.182801 0.313229  0.361797  0.163192  0.104493 0.0354771  0.309507 0.0255338
(1,(((2,(3,4)),(((5,(6,7)),(8,(9,10))),((((11,12),(13,14)),(15,(16,17))),((18,19),(20,21))))),(22,23)),24); -124365  0 221.667 85.1183 34.4215 -124536 0.241046 0.255584 0.186025 0.317346  0.360168  0.162567  0.117231 0.0364884  0.299773 0.0237722
(1,(((2,(3,4)),(((5,(6,7)),(8,(9,10))),((((11,12),(13,14)),(15,(16,17))),((18,19),(20,21))))),(22,23)),24); -124362  0 222.482 84.8528 38.6012 -124538 0.241848  0.25737  0.18817 0.312612   0.36947  0.155506  0.110666 0.0345845  0.307046 0.0227268
(1,(((2,(3,4)),(((5,(6,7)),(8,(9,10))),((((11,12),(13,14)),(15,(16,17))),((18,19),(20,21))))),(22,23)),24); -124378  0 207.614 85.1291 36.6903 -124537 0.241194 0.257508 0.188211 0.313087  0.365069  0.155306  0.112065 0.0402119   0.30146 0.0258869
(1,(((2,(3,4)),(((5,(6,7)),(8,(9,10))),((((11,12),(13,14)),(15,(16,17))),((18,19),(20,21))))),(22,23)),24); -124369  0 218.412 84.9671 34.063 -124536 0.238115 0.256531 0.186043 0.319312  0.359983   0.15745  0.112679 0.0373432  0.310851  0.021694
(1,(((2,(3,4)),(((5,(6,7)),(8,(9,10))),((((11,12),(13,14)),(15,(16,17))),((18,19),(20,21))))),(22,23)),24); -124362  0 220.96 84.7815 39.2951 -124537 0.242863 0.256014 0.185522 0.315602  0.362622  0.160177   0.11133 0.0357422  0.305725 0.0244038
(1,(((2,(3,4)),(((5,(6,7)),(8,(9,10))),((((11,12),(13,14)),(15,(16,17))),((18,19),(20,21))))),(22,23)),24); -124371  0 216.544 84.9415 36.0288 -124539 0.239527 0.261294 0.186717 0.312462  0.367409   0.15473  0.111201 0.0407725  0.301507   0.02438
(1,(((2,(3,4)),(((5,(6,7)),(8,(9,10))),((((11,12),(13,14)),(15,(16,17))),((18,19),(20,21))))),(22,23)),24); -124372  0 215.599 84.7495 35.6038 -124539 0.246256 0.256338 0.186105   0.3113  0.361566  0.161181  0.106567 0.0416534  0.306241  0.022792
(1,(((2,(3,4)),(((5,(6,7)),(8,(9,10))),((((11,12),(13,14)),(15,(16,17))),((18,19),(20,21))))),(22,23)),24); -124376  0 216.043 85.0702 30.6442 -124538 0.243778 0.262907 0.188902 0.304414  0.369148  0.164349  0.113213 0.0335583  0.296729 0.0230031
(1,(((2,(3,4)),(((5,(6,7)),(8,(9,10))),((((11,12),(13,14)),(15,(16,17))),((18,19),(20,21))))),(22,23)),24); -124371  0 216.721 84.5987 35.5769 -124539 0.243717  0.26124 0.186202 0.308842  0.366073   0.15842  0.103259 0.0346895  0.314044 0.0235148
(1,(((2,(3,4)),(((5,(6,7)),(8,(9,10))),((((11,12),(13,14)),(15,(16,17))),((18,19),(20,21))))),(22,23)),24); -124363  0 223.399 84.8827 36.5739 -124538 0.245532 0.254975  0.18665 0.312843  0.370141  0.161398  0.109045 0.0335903   0.30421  0.021616
(1,(((2,(3,4)),(((5,(6,7)),(8,(9,10))),((((11,12),(13,14)),(15,(16,17))),((18,19),(20,21))))),(22,23)),24); -124369  0 215.944 85.1876 36.3345 -124537 0.240401 0.258176 0.183334 0.318089  0.367416  0.152371  0.108735 0.0372782  0.309589 0.0246116
(1,(((2,(3,4)),(((5,(6,7)),(8,(9,10))),((((11,12),(13,14)),(15,(16,17))),((18,19),(20,21))))),(22,23)),24); -124367  0 217.315 84.9582 38.1645 -124537 0.241254 0.256488 0.188507  0.31375  0.364285  0.157364  0.105524 0.0389288  0.308301 0.0255983
(1,(((2,(3,4)),(((5,(6,7)),(8,(9,10))),((((11,12),(13,14)),(15,(16,17))),((18,19),(20,21))))),(22,23)),24); -124362  0 221.584 85.0591 39.0629 -124538 0.241952 0.254981 0.190542 0.312525   0.36813  0.157035  0.109994   0.03641  0.304032 0.0243982
(1,(((2,(3,4)),(((5,(6,7)),(8,(9,10))),((((11,12),(13,14)),(15,(16,17))),((18,19),(20,21))))),(22,23)),24); -124381  0 207.114 85.1178 36.3123 -124539 0.241828 0.256355 0.189404 0.312413  0.370548   0.16129  0.102762 0.0356908   0.30804 0.0216683
(1,(((2,(3,4)),(((5,(6,7)),(8,(9,10))),((((11,12),(13,14)),(15,(16,17))),((18,19),(20,21))))),(22,23)),24); -124361  0 224.665 84.9827 38.2951 -124539 0.242747 0.255875 0.184748  0.31663  0.361667  0.160746   0.10681 0.0388419  0.307657 0.0242783
(1,(((2,(3,4)),(((5,(6,7)),(8,(9,10))),((((11,12),(13,14)),(15,(16,17))),((18,19),(20,21))))),(22,23)),24); -124366  0 220.948 85.0412 36.3224 -124539 0.244577 0.263179 0.185676 0.306568  0.364381  0.159561  0.109385 0.0357874  0.305494 0.0253921
(1,(((2,(3,4)),(((5,(6,7)),(8,(9,10))),((((11,12),(13,14)),(15,(16,17))),((18,19),(20,21))))),(22,23)),24); -124375  0 210.955 84.8669 36.5263 -124537 0.241198  0.26016 0.185068 0.313575  0.371138  0.157702  0.102297 0.0362758  0.310127 0.0224598
(1,(((2,(3,4)),(((5,(6,7)),(8,(9,10))),((((11,12),(13,14)),(15,(16,17))),((18,19),(20,21))))),(22,23)),24); -124373  0 208.72 84.904 39.38 -124536 0.241258  0.26021 0.186105 0.312427  0.364708  0.157055   0.11065 0.0378896   0.30539 0.0243076
(1,(((2,(3,4)),(((5,(6,7)),(8,(9,10))),((((11,12),(13,14)),(15,(16,17))),((18,19),(20,21))))),(22,23)),24); -124369  0 219.426 84.9149 35.5273 -124539 0.244163 0.254571 0.187355 0.313911  0.375111   0.15277  0.104611 0.0368792  0.304979 0.0256498
(1,(((2,(3,4)),(((5,(6,7)),(8,(9,10))),((((11,12),(13,14)),(15,(16,17))),((18,19),(20,21))))),(22,23)),24); -124366  0 221.398 85.0616 36.5981 -124539 0.240082 0.257408 0.190167 0.312343   0.36317  0.158332  0.103566 0.0368805  0.313591 0.0244602
(1,(((2,(3,4)),(((5,(6,7)),(8,(9,10))),((((11,12),(13,14)),(15,(16,17))),((18,19),(20,21))))),(22,23)),24); -124381  0 208.657 84.8839 34.3165 -124539 0.239392 0.258839  0.19536 0.306409  0.366706  0.157963  0.109067 0.0351425  0.306184 0.0249373
(1,(((2,(3,4)),(((5,(6,7)),(8,(9,10))),((((11,12),(13,14)),(15,(16,17))),((18,19),(20,21))))),(22,23)),24); -124376  0 216.422 84.6258 33.4461 -124541 0.247032 0.259489  0.18752 0.305959  0.368561  0.152757   0.11186 0.0337387  0.309884 0.0231991
(1,(((2,(3,4)),(((5,(6,7)),(8,(9,10))),((((11,12),(13,14)),(15,(16,17))),((18,19),(20,21))))),(22,23)),24); -124378  0 208.954 85.0498 36.4663 -124538 0.236691  0.26104 0.186819  0.31545  0.369058   0.15492  0.111225 0.0361807  0.305074 0.0235424
(1,(((2,(3,4)),(((5,(6,7)),(8,(9,10))),((((11,12),(13,14)),(15,(16,17))),((18,19),(20,21))))),(22,23)),24); -124369  0 215.087 85.0036 38.3092 -124537 0.241218 0.260795 0.186513 0.311474  0.372986  0.155253  0.108383 0.0364753  0.303177 0.0237267
(1,(((2,(3,4)),(((5,(6,7)),(8,(9,10))),((((11,12),(13,14)),(15,(16,17))),((18,19),(20,21))))),(22,23)),24); -124371  0 212.324 84.7648 37.6273 -124537 0.241353 0.259644 0.186425 0.312579  0.363362  0.154215   0.11375 0.0366242  0.307129 0.0249206
(1,(((2,(3,4)),(((5,(6,7)),(8,(9,10))),((((11,12),(13,14)),(15,(16,17))),((18,19),(20,21))))),(22,23)),24); -124369  0 213.291 84.8995 39.2111 -124537  0.24053 0.258384 0.187226 0.313861  0.364963  0.156396  0.110468 0.0351176  0.308868 0.0241879
(1,(((2,(3,4)),(((5,(6,7)),(8,(9,10))),((((11,12),(13,14)),(15,(16,17))),((18,19),(20,21))))),(22,23)),24); -124370  0 222.488 84.9193 31.1264 -124539  0.24422 0.260676 0.185588 0.309516    0.3533  0.159732  0.119238 0.0358827  0.308183 0.0236639
(1,(((2,(3,4)),(((5,(6,7)),(8,(9,10))),((((11,12),(13,14)),(15,(16,17))),((18,19),(20,21))))),(22,23)),24); -124368  0 215.117 84.7996 37.7268 -124536 0.241328 0.256308 0.184798 0.317566  0.364515  0.157152  0.110132 0.0344327  0.307922 0.0258465
(1,(((2,(3,4)),(((5,(6,7)),(8,(9,10))),((((11,12),(13,14)),(15,(16,17))),((18,19),(20,21))))),(22,23)),24); -124372  0 218.048 85.0982 31.8108 -124536 0.236521  0.26056   0.1888 0.314119  0.366693  0.151079  0.104936 0.0377778  0.313644 0.0258706
(1,(((2,(3,4)),(((5,(6,7)),(8,(9,10))),((((11,12),(13,14)),(15,(16,17))),((18,19),(20,21))))),(22,23)),24); -124384  0 211.721 84.968 31.7903 -124542 0.239476  0.26024 0.180675 0.319609  0.367662  0.166352  0.107498 0.0322037  0.302242 0.0240416
(1,(((2,(3,4)),(((5,(6,7)),(8,(9,10))),((((11,12),(13,14)),(15,(16,17))),((18,19),(20,21))))),(22,23)),24); -124374  0 212.402 84.9807 36.0793 -124537 0.244924  0.25492 0.187964 0.312192  0.369838  0.163318  0.108167 0.0362714   0.30123 0.0211766
(1,(((2,(3,4)),(((5,(6,7)),(8,(9,10))),((((11,12),(13,14)),(15,(16,17))),((18,19),(20,21))))),(22,23)),24); -124372  0 213.711 84.8449 37.0042 -124538 0.239988 0.260538 0.188317 0.311157  0.372623  0.155261  0.106161 0.0355409  0.307964 0.0224497
(1,(((2,(3,4)),(((5,(6,7)),(8,(9,10))),((((11,12),(13,14)),(15,(16,17))),((18,19),(20,21))))),(22,23)),24); -124381  0 208.28 84.9763 35.4514 -124540 0.241278 0.256977 0.182579 0.319166  0.366835  0.163505  0.103629 0.0369774   0.30679 0.0222638
(1,(((2,(3,4)),(((5,(6,7)),(8,(9,10))),((((11,12),(13,14)),(15,(16,17))),((18,19),(20,21))))),(22,23)),24); -124376  0 212.702 84.6086 34.4527 -124538 0.249592 0.254428 0.186865 0.309115  0.369134  0.154768  0.111863 0.0370042   0.30203 0.0252005
(1,(((2,(3,4)),(((5,(6,7)),(8,(9,10))),((((11,12),(13,14)),(15,(16,17))),((18,19),(20,21))))),(22,23)),24); -124370  0 214.198 84.9805 38.2482 -124538 0.242911 0.257909 0.186312 0.312867   0.36564  0.155917  0.111645 0.0335878  0.309561 0.0236492
(1,(((2,(3,4)),(((5,(6,7)),(8,(9,10))),((((11,12),(13,14)),(15,(16,17))),((18,19),(20,21))))),(22,23)),24); -124374  0 210.091 85.0162 38.2571 -124537  0.24082 0.260802 0.186225 0.312153  0.368979  0.156645  0.110855 0.0338416  0.304888 0.0247917
(1,(((2,(3,4)),(((5,(6,7)),(8,(9,10))),((((11,12),(13,14)),(15,(16,17))),((18,19),(20,21))))),(22,23)),24); -124365  0 219.193 85.0631 39.0435 -124538 0.241418 0.257894 0.188712 0.311976  0.372098  0.156072   0.10777 0.0355985  0.305173 0.0232886
(1,(((2,(3,4)),(((5,(6,7)),(8,(9,10))),((((11,12),(13,14)),(15,(16,17))),((18,19),(20,21))))),(22,23)),24); -124380  0 210.688 84.907 34.9246 -124541 0.243166 0.263861  0.18276 0.310213  0.362546  0.165366  0.109513 0.0347315  0.303366  0.024477
(1,(((2,(3,4)),(((5,(6,7)),(8,(9,10))),((((11,12),(13,14)),(15,(16,17))),((18,19),(20,21))))),(22,23)),24); -124382  0 208.81 84.7867 34.9327 -124541 0.241029 0.262323 0.181958  0.31469  0.365767  0.163307  0.109649 0.0384391   0.29744 0.0253973
(1,(((2,(3,4)),(((5,(6,7)),(8,(9,10))),((((11,12),(13,14)),(15,(16,17))),((18,19),(20,21))))),(22,23)),24); -124366  0 221.896 84.9955 34.5346 -124537 0.242739 0.253196 0.190192 0.313873   0.36173  0.156527  0.111502 0.0418064  0.302959 0.0254753
(1,(((2,(3,4)),(((5,(6,7)),(8,(9,10))),((((11,12),(13,14)),(15,(16,17))),((18,19),(20,21))))),(22,23)),24); -124372  0 218.587 85.0957 35.5811 -124541 0.239803 0.253718 0.192861 0.313618  0.365249  0.156587  0.108841 0.0356382  0.311372 0.0223131
(1,(((2,(3,4)),(((5,(6,7)),(8,(9,10))),((((11,12),(13,14)),(15,(16,17))),((18,19),(20,21))))),(22,23)),24); -124377  0 206.965 84.9316 37.7918 -124537 0.240705 0.260375  0.18542 0.313499  0.366196  0.156279  0.104834 0.0385432  0.308918 0.0252293
(1,(((2,(3,4)),(((5,(6,7)),(8,(9,10))),((((11,12),(13,14)),(15,(16,17))),((18,19),(20,21))))),(22,23)),24); -124363  0 223.565 85.0011 34.8772 -124537 0.247965 0.254036 0.189417 0.308581 0.370476 0.161046  0.10569 0.035326 0.301638 0.025824
(1,(((2,(3,4)),(((5,(6,7)),(8,(9,10))),((((11,12),(13,14)),(15,(16,17))),((18,19),(20,21))))),(22,23)),24); -124379  0 209.182 85.0356 35.7351 -124539 0.241083 0.263373 0.188541 0.307002  0.365118  0.159145  0.107749 0.0342095  0.308373 0.0254053
(1,(((2,(3,4)),(((5,(6,7)),(8,(9,10))),((((11,12),(13,14)),(15,(16,17))),((18,19),(20,21))))),(22,23)),24); -124386  0 206.668 85.081 32.721 -124540  0.24609 0.253413 0.182286 0.318211  0.365209  0.164662  0.107547 0.0393715  0.301665 0.0215464
(1,(((2,(3,4)),(((5,(6,7)),(8,(9,10))),((((11,12),(13,14)),(15,(16,17))),((18,19),(20,21))))),(22,23)),24); -124367  0 219.126 84.7317 36.8267 -124538 0.244512 0.258138 0.183227 0.314122  0.362072  0.155328  0.109233 0.0395954  0.307968 0.0258032
(1,(((2,(3,4)),(((5,(6,7)),(8,(9,10))),((((11,12),(13,14)),(15,(16,17))),((18,19),(20,21))))),(22,23)),24); -124377  0 211.573 85.0432 35.1454 -124539 0.245227 0.259426 0.186699 0.308648  0.365257  0.151843  0.113484 0.0390716  0.305674 0.0246711
(1,(((2,(3,4)),(((5,(6,7)),(8,(9,10))),((((11,12),(13,14)),(15,(16,17))),((18,19),(20,21))))),(22,23)),24); -124363  0 226.216 84.8087 34.3999 -124539 0.244367   0.2579 0.188272  0.30946  0.368439  0.154972  0.101529 0.0392363  0.309681 0.0261421
(1,(((2,(3,4)),(((5,(6,7)),(8,(9,10))),((((11,12),(13,14)),(15,(16,17))),((18,19),(20,21))))),(22,23)),24); -124369  0 223.44 84.9489 34.6182 -124542 0.243809 0.255733 0.192762 0.307696  0.358989  0.158148  0.110172 0.0351695  0.312989  0.024532
(1,(((2,(3,4)),(((5,(6,7)),(8,(9,10))),((((11,12),(13,14)),(15,(16,17))),((18,19),(20,21))))),(22,23)),24); -124373  0 216.949 84.9576 33.4955 -124539 0.236679  0.26154 0.191986 0.309794  0.365708  0.156924  0.106065 0.0358161  0.312963 0.0225249
(1,(((2,(3,4)),(((5,(6,7)),(8,(9,10))),((((11,12),(13,14)),(15,(16,17))),((18,19),(20,21))))),(22,23)),24); -124372  0 210.994 84.9523 39.4488 -124537 0.242669 0.257709 0.188599 0.311024  0.363861  0.160742  0.106665 0.0379677  0.306374 0.0243904
(1,(((2,(3,4)),(((5,(6,7)),(8,(9,10))),((((11,12),(13,14)),(15,(16,17))),((18,19),(20,21))))),(22,23)),24); -124371  0 218.279 85.0365 33.7872 -124538 0.238286 0.260153 0.183362   0.3182  0.371995   0.15547  0.102448 0.0395685  0.307048 0.0234714
(1,(((2,(3,4)),(((5,(6,7)),(8,(9,10))),((((11,12),(13,14)),(15,(16,17))),((18,19),(20,21))))),(22,23)),24); -124363  0 224.384 84.9159 35.7538 -124539 0.242981 0.261908 0.184381  0.31073  0.367913   0.16147  0.102383  0.037878  0.304222 0.0261349
(1,(((2,(3,4)),(((5,(6,7)),(8,(9,10))),((((11,12),(13,14)),(15,(16,17))),((18,19),(20,21))))),(22,23)),24); -124366  0 219.848 84.9857 37.5719 -124538 0.242189 0.258149 0.184515 0.315146  0.370213  0.164365  0.105629 0.0349999  0.300659 0.0241341
(1,(((2,(3,4)),(((5,(6,7)),(8,(9,10))),((((11,12),(13,14)),(15,(16,17))),((18,19),(20,21))))),(22,23)),24); -124373  0 212.032 85.2167 38.0191 -124538 0.240234 0.256437 0.188365 0.314963  0.367092  0.154951  0.106454 0.0378813   0.30799 0.0256314
(1,(((2,(3,4)),(((5,(6,7)),(8,(9,10))),((((11,12),(13,14)),(15,(16,17))),((18,19),(20,21))))),(22,23)),24); -124378  0 218.6 84.9246 31.5687 -124543 0.244162 0.254027 0.189372  0.31244  0.358298  0.160085  0.102198 0.0385026  0.318137 0.0227798
(1,(((2,(3,4)),(((5,(6,7)),(8,(9,10))),((((11,12),(13,14)),(15,(16,17))),((18,19),(20,21))))),(22,23)),24); -124372  0 211.881 85.0964 38.0592 -124537 0.237597  0.25913 0.186489 0.316784  0.363927  0.158296  0.109692 0.0360532  0.307462 0.0245701
(1,(((2,(3,4)),(((5,(6,7)),(8,(9,10))),((((11,12),(13,14)),(15,(16,17))),((18,19),(20,21))))),(22,23)),24); -124372  0 215.445 85.0213 37.1648 -124540 0.240203 0.254898 0.190358 0.314541  0.368598  0.154176  0.110298 0.0343988  0.308796 0.0237334
(1,(((2,(3,4)),(((5,(6,7)),(8,(9,10))),((((11,12),(13,14)),(15,(16,17))),((18,19),(20,21))))),(22,23)),24); -124364  0 221.293 84.8251 36.3184 -124536 0.242147  0.25457 0.187077 0.316207  0.361264  0.157815  0.110845 0.0379989  0.304852 0.0272251
(1,(((2,(3,4)),(((5,(6,7)),(8,(9,10))),((((11,12),(13,14)),(15,(16,17))),((18,19),(20,21))))),(22,23)),24); -124368  0 216.513 84.8991 38.9078 -124539 0.243874 0.254563 0.189202 0.312361  0.368835    0.1569  0.106786 0.0358392  0.307948 0.0236912
(1,(((2,(3,4)),(((5,(6,7)),(8,(9,10))),((((11,12),(13,14)),(15,(16,17))),((18,19),(20,21))))),(22,23)),24); -124374  0 212.458 84.9282 37.2085 -124539 0.243507 0.258728 0.181689 0.316076  0.366887  0.161046  0.103431 0.0367096  0.308414 0.0235126
(1,(((2,(3,4)),(((5,(6,7)),(8,(9,10))),((((11,12),(13,14)),(15,(16,17))),((18,19),(20,21))))),(22,23)),24); -124374  0 211.498 84.6429 37.6253 -124538  0.24443 0.259949 0.186041  0.30958  0.367163  0.160024  0.104934 0.0370423  0.308684 0.0221528
(1,(((2,(3,4)),(((5,(6,7)),(8,(9,10))),((((11,12),(13,14)),(15,(16,17))),((18,19),(20,21))))),(22,23)),24); -124369  0 216.99 84.9733 37.251 -124538 0.238623 0.256116 0.188574 0.316687  0.366998  0.160917  0.112221 0.0369905  0.299538 0.0233359
(1,(((2,(3,4)),(((5,(6,7)),(8,(9,10))),((((11,12),(13,14)),(15,(16,17))),((18,19),(20,21))))),(22,23)),24); -124363  0 224.323 84.8558 36.5265 -124539 0.246193 0.256302 0.186436  0.31107  0.364202  0.153048  0.110548 0.0370327  0.309421  0.025749
(1,(((2,(3,4)),(((5,(6,7)),(8,(9,10))),((((11,12),(13,14)),(15,(16,17))),((18,19),(20,21))))),(22,23)),24); -124369  0 221.518 85.0004 34.0445 -124540 0.242419 0.255183 0.188393 0.314004  0.372567  0.153181  0.110473 0.0413137  0.297611 0.0248544
(1,(((2,(3,4)),(((5,(6,7)),(8,(9,10))),((((11,12),(13,14)),(15,(16,17))),((18,19),(20,21))))),(22,23)),24); -124372  0 212.063 84.9685 38.347 -124537 0.244304 0.256161 0.186503 0.313032  0.361716  0.156257  0.112817  0.037166  0.307088 0.0249559
(1,(((2,(3,4)),(((5,(6,7)),(8,(9,10))),((((11,12),(13,14)),(15,(16,17))),((18,19),(20,21))))),(22,23)),24); -124368  0 219.778 84.7464 35.0854 -124538 0.250404 0.256149 0.186062 0.307385  0.365762  0.160473  0.106932 0.0367877  0.305183 0.0248629
(1,(((2,(3,4)),(((5,(6,7)),(8,(9,10))),((((11,12),(13,14)),(15,(16,17))),((18,19),(20,21))))),(22,23)),24); -124369  0 218.198 85.1275 37.4943 -124539 0.244353 0.257894 0.183281 0.314472  0.358855  0.158792  0.108669 0.0376327   0.31138 0.0246709
(1,(((2,(3,4)),(((5,(6,7)),(8,(9,10))),((((11,12),(13,14)),(15,(16,17))),((18,19),(20,21))))),(22,23)),24); -124373  0 214.362 85.1345 35.6721 -124537 0.241443 0.255174 0.184776 0.318607  0.370292  0.158116  0.102874 0.0341901  0.308903 0.0256259
(1,(((2,(3,4)),(((5,(6,7)),(8,(9,10))),((((11,12),(13,14)),(15,(16,17))),((18,19),(20,21))))),(22,23)),24); -124377  0 207.325 84.734 37.7701 -124537 0.247243 0.258496  0.18459 0.309672  0.364504  0.157252  0.111298 0.0375408  0.304807 0.0245984
(1,(((2,(3,4)),(((5,(6,7)),(8,(9,10))),((((11,12),(13,14)),(15,(16,17))),((18,19),(20,21))))),(22,23)),24); -124370  0 214.328 84.7032 37.2903 -124536 0.243721 0.259109  0.19043  0.30674  0.368615  0.158807  0.109991 0.0366198  0.300984 0.0249825
(1,(((2,(3,4)),(((5,(6,7)),(8,(9,10))),((((11,12),(13,14)),(15,(16,17))),((18,19),(20,21))))),(22,23)),24); -124368  0 222.797 84.8674 34.1558 -124540 0.246001 0.262174 0.182064  0.30976  0.360362  0.155027  0.112425 0.0368707  0.309595 0.0257203
(1,(((2,(3,4)),(((5,(6,7)),(8,(9,10))),((((11,12),(13,14)),(15,(16,17))),((18,19),(20,21))))),(22,23)),24); -124363  0 221.571 84.939 38.1552 -124538  0.24165 0.253677 0.186591 0.318082  0.370421    0.1586  0.106965 0.0351272  0.304801 0.0240846
(1,(((2,(3,4)),(((5,(6,7)),(8,(9,10))),((((11,12),(13,14)),(15,(16,17))),((18,19),(20,21))))),(22,23)),24); -124380  0 205.512 85.0289 35.8293 -124536 0.239396  0.25371 0.190031 0.316863  0.362125  0.160268  0.109482 0.0350888  0.306355 0.0266813
(1,(((2,(3,4)),(((5,(6,7)),(8,(9,10))),((((11,12),(13,14)),(15,(16,17))),((18,19),(20,21))))),(22,23)),24); -124365  0 218.856 84.9811 37.8504 -124537 0.241257 0.257792 0.182405 0.318546  0.368221  0.157958  0.109566 0.0368736  0.304679 0.0227016
(1,(((2,(3,4)),(((5,(6,7)),(8,(9,10))),((((11,12),(13,14)),(15,(16,17))),((18,19),(20,21))))),(22,23)),24); -124365  0 221.544 84.96 38.1043 -124539  0.24054 0.257193 0.190955 0.311312  0.367389  0.156798   0.10759 0.0344963  0.309998 0.0237286
(1,(((2,(3,4)),(((5,(6,7)),(8,(9,10))),((((11,12),(13,14)),(15,(16,17))),((18,19),(20,21))))),(22,23)),24); -124377  0 210.5 84.8479 36.875 -124540 0.242419 0.256901 0.188227 0.312452  0.361525  0.157529  0.108594 0.0335001  0.313618  0.025234
(1,(((2,(3,4)),(((5,(6,7)),(8,(9,10))),((((11,12),(13,14)),(15,(16,17))),((18,19),(20,21))))),(22,23)),24); -124369  0 215.525 84.668 38.312 -124538 0.241437  0.25765 0.190024  0.31089  0.364459  0.162139    0.1052 0.0352431  0.308534  0.024425
(1,(((2,(3,4)),(((5,(6,7)),(8,(9,10))),((((11,12),(13,14)),(15,(16,17))),((18,19),(20,21))))),(22,23)),24); -124367  0 215.604 84.832 38.9393 -124537 0.243792 0.257632  0.18574 0.312836  0.371057  0.161762  0.105765 0.0361488  0.301307 0.0239605
(1,(((2,(3,4)),(((5,(6,7)),(8,(9,10))),((((11,12),(13,14)),(15,(16,17))),((18,19),(20,21))))),(22,23)),24); -124369  0 222.034 84.8195 32.8953 -124540 0.244507 0.263704  0.18805 0.303739   0.36493   0.15914     0.112 0.0329909   0.30687 0.0240699
(1,(((2,(3,4)),(((5,(6,7)),(8,(9,10))),((((11,12),(13,14)),(15,(16,17))),((18,19),(20,21))))),(22,23)),24); -124377  0 216.371 84.7781 32.062 -124541 0.239119 0.258528 0.187479 0.314874  0.370507  0.164722  0.100965 0.0396941  0.302916 0.0211962
(1,(((2,(3,4)),(((5,(6,7)),(8,(9,10))),((((11,12),(13,14)),(15,(16,17))),((18,19),(20,21))))),(22,23)),24); -124375  0 209.764 84.8135 38.8171 -124539 0.241874 0.256754  0.18963 0.311742  0.366456  0.158797  0.108612 0.0345911  0.308855 0.0226887
(1,(((2,(3,4)),(((5,(6,7)),(8,(9,10))),((((11,12),(13,14)),(15,(16,17))),((18,19),(20,21))))),(22,23)),24); -124366  0 221.512 84.8544 35.0297 -124538 0.243402  0.25927 0.187581 0.309748  0.367714  0.155212  0.115831 0.0389171  0.297704 0.0246224
(1,(((2,(3,4)),(((5,(6,7)),(8,(9,10))),((((11,12),(13,14)),(15,(16,17))),((18,19),(20,21))))),(22,23)),24); -124368  0 222.851 84.8086 34.8909 -124541   0.2428 0.260188  0.18923 0.307782  0.362864  0.160373  0.109591 0.0318533  0.311806 0.0235116
(1,(((2,(3,4)),(((5,(6,7)),(8,(9,10))),((((11,12),(13,14)),(15,(16,17))),((18,19),(20,21))))),(22,23)),24); -124367  0 218.082 84.9791 37.2698 -124537 0.243854 0.255099 0.188316 0.312731  0.360275  0.155964  0.113939 0.0376796  0.308071 0.0240702
(1,(((2,(3,4)),(((5,(6,7)),(8,(9,10))),((((11,12),(13,14)),(15,(16,17))),((18,19),(20,21))))),(22,23)),24); -124368  0 220.33 84.9976 36.2141 -124539 0.241775 0.253993 0.191146 0.313086  0.365818  0.163665  0.103956 0.0343393  0.308686 0.0235357
(1,(((2,(3,4)),(((5,(6,7)),(8,(9,10))),((((11,12),(13,14)),(15,(16,17))),((18,19),(20,21))))),(22,23)),24); -124371  0 216.17 84.7996 36.8338 -124539 0.246858 0.256906 0.183713 0.312523  0.363658  0.154718  0.108154 0.0373374  0.310915 0.0252183
(1,(((2,(3,4)),(((5,(6,7)),(8,(9,10))),((((11,12),(13,14)),(15,(16,17))),((18,19),(20,21))))),(22,23)),24); -124385  0 205.92 84.6839 32.4875 -124538 0.237941 0.257218 0.191876 0.312965  0.360004   0.16814  0.104037 0.0365824  0.305679 0.0255574
(1,(((2,(3,4)),(((5,(6,7)),(8,(9,10))),((((11,12),(13,14)),(15,(16,17))),((18,19),(20,21))))),(22,23)),24); -124378  0 212.96 84.5914 33.4908 -124540 0.243541 0.254754 0.184241 0.317463  0.368787  0.159808  0.101593 0.0403321  0.307871 0.0216088
(1,(((2,(3,4)),(((5,(6,7)),(8,(9,10))),((((11,12),(13,14)),(15,(16,17))),((18,19),(20,21))))),(22,23)),24); -124362  0 222.57 84.7277 36.61 -124536 0.245545 0.256534 0.190858 0.307063  0.370112  0.159318  0.107592 0.0381902  0.301655 0.0231327
(1,(((2,(3,4)),(((5,(6,7)),(8,(9,10))),((((11,12),(13,14)),(15,(16,17))),((18,19),(20,21))))),(22,23)),24); -124373  0 214.538 85.1052 35.1438 -124538 0.240171 0.257752 0.186122 0.315956  0.378687  0.157838  0.103928 0.0338337  0.301291 0.0244225
(1,(((2,(3,4)),(((5,(6,7)),(8,(9,10))),((((11,12),(13,14)),(15,(16,17))),((18,19),(20,21))))),(22,23)),24); -124362  0 226.496 84.9786 35.1323 -124539 0.239253 0.258138 0.185248 0.317361  0.368679  0.155766  0.105068 0.0395715  0.309322 0.0215935
(1,(((2,(3,4)),(((5,(6,7)),(8,(9,10))),((((11,12),(13,14)),(15,(16,17))),((18,19),(20,21))))),(22,23)),24); -124379  0 213.441 85.1135 31.354 -124539 0.237717 0.260856 0.179522 0.321904  0.371653  0.153901  0.107827 0.0382596  0.303952 0.0244072
(1,(((2,(3,4)),(((5,(6,7)),(8,(9,10))),((((11,12),(13,14)),(15,(16,17))),((18,19),(20,21))))),(22,23)),24); -124378  0 206.73 84.7711 35.2665 -124535 0.244868  0.26215 0.185878 0.307104  0.372192  0.162343  0.107314 0.0361821  0.299288 0.0226808
(1,(((2,(3,4)),(((5,(6,7)),(8,(9,10))),((((11,12),(13,14)),(15,(16,17))),((18,19),(20,21))))),(22,23)),24); -124367  0 216.47 84.9738 38.0384 -124537 0.243346 0.259456 0.183196 0.314002   0.37153  0.158478  0.110352 0.0343523  0.302431 0.0228559
(1,(((2,(3,4)),(((5,(6,7)),(8,(9,10))),((((11,12),(13,14)),(15,(16,17))),((18,19),(20,21))))),(22,23)),24); -124367  0 217.44 84.926 37.7181 -124537  0.23915 0.256985 0.187274  0.31659  0.365628   0.15836  0.104359 0.0364578  0.309983 0.0252129
(1,(((2,(3,4)),(((5,(6,7)),(8,(9,10))),((((11,12),(13,14)),(15,(16,17))),((18,19),(20,21))))),(22,23)),24); -124373  0 210.628 84.8174 38.3701 -124538 0.241139 0.260786 0.186009 0.312066  0.367004  0.156027   0.10892 0.0349221  0.307422 0.0257047
(1,(((2,(3,4)),(((5,(6,7)),(8,(9,10))),((((11,12),(13,14)),(15,(16,17))),((18,19),(20,21))))),(22,23)),24); -124367  0 219.727 84.8233 36.2139 -124538 0.237554 0.255983 0.192197 0.314266  0.365618  0.160191    0.1127 0.0354535   0.30306 0.0229772
(1,(((2,(3,4)),(((5,(6,7)),(8,(9,10))),((((11,12),(13,14)),(15,(16,17))),((18,19),(20,21))))),(22,23)),24); -124373  0 211.496 84.763 38.731 -124539 0.244366  0.25543 0.189947 0.310258  0.365296  0.158713  0.109398  0.034828   0.30741 0.0243553
(1,(((2,(3,4)),(((5,(6,7)),(8,(9,10))),((((11,12),(13,14)),(15,(16,17))),((18,19),(20,21))))),(22,23)),24); -124368  0 216.322 84.7555 36.7794 -124537 0.242057 0.254865 0.186624 0.316454  0.361134  0.164994  0.111657 0.0373211  0.300973 0.0239211
