tree logl logTop logBL logPrior logQ logWt pi1 pi2 pi3 pi4 s1 s2 s3 s4 s5 s6
(1,((((2,3),(((4,5),(6,7)),(8,(9,10)))),(((11,12),(13,14)),(((15,16),17),((18,19),(20,21))))),(22,23)),24); -124280  -8.84811 208.425 85.3286 37.3552 -124432 0.240357   0.2574 0.188718 0.313525  0.365629    0.1574  0.108369 0.0340271  0.311854  0.022722
(1,2,((3,4),(((((5,6),(7,8)),((9,10),(11,12))),((13,(14,15)),(((16,17),18),(19,20)))),((21,22),(23,24))))); -124418  -9.05997 217.992 84.8472 36.0218 -124578 0.238904 0.261554 0.185698 0.313843  0.361386  0.161471   0.11345 0.0343405  0.302826 0.0265267
(1,((((2,(3,4)),((((5,(6,7)),(8,(9,10))),((11,12),((13,14),15))),((16,17),(18,(19,20))))),(21,22)),23),24); -124700  -9.75719 223.758 84.9779 37.2784 -124866  0.24104 0.255829 0.183516 0.319615  0.369962   0.15455  0.109629 0.0376452  0.304121 0.0240923
(1,((((((2,3),(4,5)),(((6,7),8),(9,10))),((11,12),((13,14),(15,16)))),((17,18),(19,(20,21)))),(22,23)),24); -124260  -10.5828 216.278 85.0413 31.6601 -124413 0.235489 0.257965 0.186597  0.31995  0.356509  0.155556   0.11965 0.0378048   0.30673 0.0237502
(1,((((((2,3),(4,5)),((6,7),8)),((9,10),((11,(12,13)),((14,15),(16,17))))),((18,19),(20,21))),(22,23)),24); -124354  -12.0545 210.95 85.1155 37.2621 -124505 0.238195 0.258246 0.183504 0.320055  0.364322  0.159655  0.111572 0.0375794  0.303663 0.0232096
(1,2,((3,4),((((5,(6,7)),(8,(9,10))),(((11,12),((13,14),15)),((16,17),(18,19)))),(((20,21),22),(23,24))))); -124594  -7.47791 221.106 84.9141 38.3013 -124761 0.240631 0.255369 0.185671  0.31833  0.362226  0.155379  0.111927 0.0362028  0.308926 0.0253395
(1,2,((3,4),((((5,(6,7)),(8,(9,10))),(((11,12),(13,14)),(((15,16),(17,18)),(19,20)))),((21,22),(23,24))))); -124391  -7.00588 219.419 84.9822 34.8322 -124553 0.240363 0.258084 0.183287 0.318266  0.368899  0.154466  0.118591 0.0356303  0.299624 0.0227892
(1,(((2,(3,4)),((((5,6),7),(8,(9,10))),(((11,12),(13,14)),((15,(16,17)),((18,19),(20,21)))))),(22,23)),24); -124289  -7.87399 213.557 84.8295 35.7583 -124446 0.245421 0.256371 0.190269  0.30794   0.35821  0.159483  0.110016 0.0353101   0.31135 0.0256303
(1,2,((((((3,4),(5,(6,7))),(8,(9,10))),((11,(12,13)),((14,15),(16,17)))),((18,19),(20,21))),((22,23),24))); -124559  -9.80793 212.476 84.8325 37.8765 -124715 0.240518 0.253174 0.185542 0.320767  0.366559  0.157399  0.109842 0.0349669   0.30783 0.0234033
(1,2,((((((3,4),(5,(6,7))),(((8,9),10),(11,12))),(((13,14),15),(((16,17),18),(19,20)))),((21,22),23)),24)); -124699  -15.336 215.017 84.7614 35.5353 -124849 0.241874 0.253874  0.19063 0.313622  0.367399  0.161447  0.108461 0.0335463  0.302177 0.0269698
(1,((((2,3),(4,5)),(((((6,7),(8,(9,10))),((11,12),(13,14))),(15,(16,17))),((18,19),(20,21)))),(22,23)),24); -124268  -7.75287 216.506 84.855 38.0571 -124429 0.246257 0.256802 0.183503 0.313437  0.363151  0.159196  0.116719 0.0351303  0.302053 0.0237497
(1,(((2,3),(4,5)),((((6,7),(8,(9,10))),((11,(12,13)),(((14,15),(16,17)),(18,(19,20))))),((21,22),23))),24); -124499  -12.2289 209.31 84.971 37.5134 -124648 0.240527 0.257462 0.185616 0.316395  0.362838  0.158842  0.117607 0.0337003  0.301736 0.0252765
(1,2,((3,4),((((5,6),(7,8)),(9,10)),((((11,12),(13,14)),(((15,16),17),(18,19))),(((20,21),22),(23,24)))))); -124389  -9.97417 212.356 84.6729 37.0818 -124544 0.240413 0.262121 0.182267   0.3152  0.362887  0.158386  0.111521 0.0375142  0.306686 0.0230059
(1,((2,3),((((4,5),(6,7)),(8,(9,10))),((((11,12),(13,(14,15))),((16,17),(18,19))),((20,21),(22,23))))),24); -124323  -7.93914 216.477 85.0322 37.6827 -124484 0.243669 0.257227 0.182923  0.31618  0.360827  0.160679  0.115049 0.0350959  0.306048 0.0223008
(1,(((2,(3,4)),(((((5,(6,7)),(8,(9,10))),((11,12),(13,14))),((15,16),(17,18))),((19,20),(21,22)))),23),24); -124453  -8.50896 223.757 84.8201 32.8657 -124616 0.245367 0.259651 0.179552 0.315431  0.374072  0.163098  0.104944 0.0347778  0.299687 0.0234214
(1,(((2,(3,4)),(((5,(6,7)),(8,(9,10))),(((11,12),((13,14),(15,16))),(((17,18),19),(20,21))))),(22,23)),24); -124495  -10.0677 216.328 84.8794 35.7574 -124652 0.237618 0.260737 0.184272 0.317373   0.36184  0.162884  0.113012 0.0372703  0.302137 0.0228574
(1,2,((3,4),((((5,(6,7)),(8,(9,10))),(((11,12),(13,14)),((15,(16,17)),((18,19),(20,21))))),((22,23),24)))); -124471  -8.69523 209.009 84.9106 36.5818 -124623  0.24001 0.253842 0.188091 0.318057   0.36673  0.153962  0.109774 0.0339878  0.311036 0.0245109
(1,((((2,3),(((((4,5),(6,7)),(8,(9,10))),(11,(12,13))),((14,15),(16,17)))),((18,19),20)),((21,22),23)),24); -124707  -13.5436 211.69 84.9053 37.4969 -124858 0.246227 0.255022 0.185235 0.313517  0.364347   0.15573  0.114196 0.0368566  0.306473 0.0223968
(1,((2,(3,4)),((((((5,6),(7,8)),(9,10)),(11,12)),((((13,14),15),(16,17)),((18,19),(20,21)))),(22,23))),24); -124345  -7.96519 212.913 85.1605 38.2065 -124503 0.240222 0.256539 0.186988 0.316251  0.359642  0.161292  0.111964 0.0372681  0.303923   0.02591
(1,(((((2,3),(4,5)),(((6,7),8),(9,10))),(((11,(12,13)),((14,15),(16,17))),((18,19),(20,21)))),(22,23)),24); -124280  -7.22173 219.694 84.8251 37.0535 -124444 0.243121 0.261629 0.185096 0.310154  0.371378  0.155064  0.111293 0.0353492  0.303614 0.0233012
(1,((2,(3,4)),(((((5,6),(7,8)),(9,10)),(((11,12),(13,14)),((15,(16,17)),(18,19)))),((20,21),(22,23)))),24); -124349  -6.98374 220.628 84.927 38.5771 -124516 0.241998 0.256541  0.18606 0.315401  0.363743  0.159331  0.107947 0.0363792  0.310064 0.0225359
