tree logl logTop logBL logPrior logQ logWt pi1 pi2 pi3 pi4 s1 s2 s3 s4 s5 s6
(1,((2,(3,((4,(5,6)),7))),(((((((8,9),10),(11,12)),(13,(14,15))),(((16,17),(18,19)),(20,21))),((22,24),23)),(25,26))),27); -7633.97  0 240.6 112.347 27.3944 -7789.61 0.217954 0.248253 0.298706 0.235086 0.0839237  0.134424 0.0611982  0.242004  0.352249  0.126201
(1,((2,(3,((4,(5,6)),7))),(((((((8,9),10),(11,12)),(13,(14,15))),(((16,17),(18,19)),(20,21))),((22,24),23)),(25,26))),27); -7635.36  0 241.239 112.502 26.2313 -7790.33 0.220222 0.242225 0.297211 0.240343  0.101163  0.134548 0.0572377  0.258023  0.346275  0.102752
(1,((2,(3,((4,(5,6)),7))),(((((((8,9),10),(11,12)),(13,(14,15))),(((16,17),(18,19)),(20,21))),((22,24),23)),(25,26))),27); -7645.78  0 234.814 112.344 22.078 -7790.33  0.20056 0.282526 0.282773 0.234141 0.0674496   0.15753  0.057637  0.266302  0.348809  0.102272
(1,((2,(3,((4,(5,6)),7))),(((((((8,9),10),(11,12)),(13,(14,15))),(((16,17),(18,19)),(20,21))),((22,24),23)),(25,26))),27); -7651.42  0 224.331 112.515 25.7309 -7788.96 0.217827 0.256597 0.278065 0.247512 0.0849231  0.154055 0.0593968  0.279022  0.314898  0.107704
(1,((2,(3,((4,(5,6)),7))),(((((((8,9),10),(11,12)),(13,(14,15))),(((16,17),(18,19)),(20,21))),((22,24),23)),(25,26))),27); -7638.07  0 235.557 112.274 26.6386 -7787.99 0.208143 0.254045 0.289024 0.248788 0.0883304  0.139075 0.0661811  0.250884  0.365624 0.0899053
(1,((2,(3,((4,(5,6)),7))),(((((((8,9),10),(11,12)),(13,(14,15))),(((16,17),(18,19)),(20,21))),((22,24),23)),(25,26))),27); -7640.73  0 232.158 112.247 27.1766 -7787.82 0.223159 0.260444 0.276313 0.240084 0.0816921   0.13715 0.0689422  0.256113  0.356169 0.0999333
(1,((2,(3,((4,(5,6)),7))),(((((((8,9),10),(11,12)),(13,(14,15))),(((16,17),(18,19)),(20,21))),((22,24),23)),(25,26))),27); -7646.18  0 227.92 112.268 27.017 -7788.84 0.214985 0.249493 0.289419 0.246103  0.101228  0.139218 0.0591853  0.250296  0.350369 0.0997033
(1,((2,(3,((4,(5,6)),7))),(((((((8,9),10),(11,12)),(13,(14,15))),(((16,17),(18,19)),(20,21))),((22,24),23)),(25,26))),27); -7641.84  0 237.004 112.391 22.9231 -7789.37 0.189462 0.267867 0.308481  0.23419 0.0776022  0.130697  0.077722  0.246901  0.361303  0.105775
(1,((2,(3,((4,(5,6)),7))),(((((((8,9),10),(11,12)),(13,(14,15))),(((16,17),(18,19)),(20,21))),((22,24),23)),(25,26))),27); -7640.03  0 237.188 112.706 28.0089 -7792.52 0.209181 0.249027 0.298686 0.243106 0.0757019  0.144884 0.0593531  0.245939  0.362945  0.111176
(1,((2,(3,((4,(5,6)),7))),(((((((8,9),10),(11,12)),(13,(14,15))),(((16,17),(18,19)),(20,21))),((22,24),23)),(25,26))),27); -7638.09  0 236.05 112.415 26.1923 -7787.92  0.20412 0.239989 0.304043 0.251848 0.0911755  0.137613 0.0666842   0.24281  0.355744  0.105973
(1,((2,(3,((4,(5,6)),7))),(((((((8,9),10),(11,12)),(13,(14,15))),(((16,17),(18,19)),(20,21))),((22,24),23)),(25,26))),27); -7647.99  0 229.728 112.417 26.5613 -7791.86 0.202116 0.245075 0.298424 0.254385 0.0895114  0.141178 0.0612056  0.253278  0.335547  0.119281
(1,((2,(3,((4,(5,6)),7))),(((((((8,9),10),(11,12)),(13,(14,15))),(((16,17),(18,19)),(20,21))),((22,24),23)),(25,26))),27); -7641.97  0 235.465 112.37 27.7503 -7792.81 0.206005 0.254647 0.300813 0.238535 0.0833502  0.148098 0.0735382  0.258657  0.322599  0.113757
(1,((2,(3,((4,(5,6)),7))),(((((((8,9),10),(11,12)),(13,(14,15))),(((16,17),(18,19)),(20,21))),((22,24),23)),(25,26))),27); -7636.5  0 237.793 112.413 26.5967 -7788.47 0.204939 0.262309 0.287431 0.245321 0.0791588  0.138695 0.0508726  0.259113  0.360612  0.111548
(1,((2,(3,((4,(5,6)),7))),(((((((8,9),10),(11,12)),(13,(14,15))),(((16,17),(18,19)),(20,21))),((22,24),23)),(25,26))),27); -7648.62  0 232.697 112.826 24.0101 -7792.5 0.201788 0.243059 0.313506 0.241647  0.073814   0.15933 0.0644586  0.249766  0.361173 0.0914587
(1,((2,(3,((4,(5,6)),7))),(((((((8,9),10),(11,12)),(13,(14,15))),(((16,17),(18,19)),(20,21))),((22,24),23)),(25,26))),27); -7635.11  0 237.232 112.288 27.3287 -7787.38 0.213318 0.263392 0.293188 0.230102 0.0884737  0.142833 0.0564404  0.267601  0.331495  0.113157
(1,((2,(3,((4,(5,6)),7))),(((((((8,9),10),(11,12)),(13,(14,15))),(((16,17),(18,19)),(20,21))),((22,24),23)),(25,26))),27); -7650.23  0 227.512 112.363 23.3494 -7788.72 0.207079 0.249528 0.288121 0.255272  0.100793  0.114061 0.0573276  0.273427  0.345919  0.108472
(1,((2,(3,((4,(5,6)),7))),(((((((8,9),10),(11,12)),(13,(14,15))),(((16,17),(18,19)),(20,21))),((22,24),23)),(25,26))),27); -7644.29  0 233.237 112.547 26.6078 -7791.59 0.212344 0.262817 0.288494 0.236346 0.103848 0.138546 0.063841  0.23598  0.35102 0.106765
(1,((2,(3,((4,(5,6)),7))),(((((((8,9),10),(11,12)),(13,(14,15))),(((16,17),(18,19)),(20,21))),((22,24),23)),(25,26))),27); -7640.87  0 228.96 112.177 26.5221 -7784.18 0.227401 0.245252 0.290741 0.236607 0.0811178  0.147641 0.0766971   0.26369  0.334866 0.0959875
(1,((2,(3,((4,(5,6)),7))),(((((((8,9),10),(11,12)),(13,(14,15))),(((16,17),(18,19)),(20,21))),((22,24),23)),(25,26))),27); -7652.71  0 222.13 112.199 26.9488 -7789.59 0.207226  0.25399 0.293876 0.244908 0.0993597  0.138147 0.0597579  0.246355  0.334504  0.121876
(1,((2,(3,((4,(5,6)),7))),(((((((8,9),10),(11,12)),(13,(14,15))),(((16,17),(18,19)),(20,21))),((22,24),23)),(25,26))),27); -7645.44  0 229.822 112.33 26.2375 -7789.17 0.204971  0.25419 0.289124 0.251715  0.084642  0.125563 0.0579467  0.273655  0.356363  0.101831
(1,((2,(3,((4,(5,6)),7))),(((((((8,9),10),(11,12)),(13,(14,15))),(((16,17),(18,19)),(20,21))),((22,24),23)),(25,26))),27); -7649.92  0 236.864 112.785 23.3948 -7797.4 0.192383 0.266493 0.302171 0.238952 0.0833867  0.174423 0.0608917  0.249771  0.317173  0.114355
(1,((2,(3,((4,(5,6)),7))),(((((((8,9),10),(11,12)),(13,(14,15))),(((16,17),(18,19)),(20,21))),((22,24),23)),(25,26))),27); -7637.7  0 235.531 112.473 27.764 -7788.52 0.214614 0.250209 0.297967  0.23721 0.0881973  0.162876 0.0710492  0.238428  0.331245  0.108205
(1,((2,(3,((4,(5,6)),7))),(((((((8,9),10),(11,12)),(13,(14,15))),(((16,17),(18,19)),(20,21))),((22,24),23)),(25,26))),27); -7646  0 235.501 112.255 22.0239 -7791.27 0.209285 0.257591 0.294969 0.238155 0.0902286  0.142389  0.098357  0.239459  0.342785 0.0867816
(1,((2,(3,((4,(5,6)),7))),(((((((8,9),10),(11,12)),(13,(14,15))),(((16,17),(18,19)),(20,21))),((22,24),23)),(25,26))),27); -7644.53  0 237.096 112.618 24.1065 -7793.11 0.231451 0.250493 0.270555 0.247501  0.098921  0.138051 0.0641289  0.239816  0.339593   0.11949
(1,((2,(3,((4,(5,6)),7))),(((((((8,9),10),(11,12)),(13,(14,15))),(((16,17),(18,19)),(20,21))),((22,24),23)),(25,26))),27); -7640.4  0 237.478 112.668 25.4194 -7790.63 0.202991 0.248897 0.309543  0.23857  0.088539  0.166125 0.0641681  0.224662  0.350651  0.105855
(1,((2,(3,((4,(5,6)),7))),(((((((8,9),10),(11,12)),(13,(14,15))),(((16,17),(18,19)),(20,21))),((22,24),23)),(25,26))),27); -7648.42  0 226.676 112.019 23.8416 -7786.92 0.196344 0.267293 0.304396 0.231966 0.0865435  0.139525 0.0661213   0.22205  0.374849  0.110912
(1,((2,(3,((4,(5,6)),7))),(((((((8,9),10),(11,12)),(13,(14,15))),(((16,17),(18,19)),(20,21))),((22,24),23)),(25,26))),27); -7647.38  0 228.124 112.166 25.4088 -7788.75 0.203746  0.24738 0.298711 0.250163 0.0753218  0.135405 0.0551103  0.274357  0.361813 0.0979935
(1,((2,(3,((4,(5,6)),7))),(((((((8,9),10),(11,12)),(13,(14,15))),(((16,17),(18,19)),(20,21))),((22,24),23)),(25,26))),27); -7647.16  0 233.912 112.748 25.5092 -7793.83 0.221475 0.261933 0.295756 0.220836 0.0744187  0.158996 0.0651162  0.267194  0.331675  0.102601
(1,((2,(3,((4,(5,6)),7))),(((((((8,9),10),(11,12)),(13,(14,15))),(((16,17),(18,19)),(20,21))),((22,24),23)),(25,26))),27); -7638.16  0 233.23 112.22 27.5633 -7786.73 0.210584 0.243806 0.301387 0.244223 0.0878471  0.152256 0.0726823  0.249561  0.326718  0.110935
(1,((2,(3,((4,(5,6)),7))),(((((((8,9),10),(11,12)),(13,(14,15))),(((16,17),(18,19)),(20,21))),((22,24),23)),(25,26))),27); -7635.31  0 239.663 112.387 26.2231 -7788.81 0.211563 0.257044 0.281917 0.249476 0.0934155  0.121825 0.0697835  0.251302  0.342103  0.121571
(1,((2,(3,((4,(5,6)),7))),(((((((8,9),10),(11,12)),(13,(14,15))),(((16,17),(18,19)),(20,21))),((22,24),23)),(25,26))),27); -7636.77  0 234.534 112.181 28.6397 -7787.77  0.20998 0.260835 0.290733 0.238451 0.0858575   0.13783 0.0670769  0.263546  0.343683  0.102007
(1,((2,(3,((4,(5,6)),7))),(((((((8,9),10),(11,12)),(13,(14,15))),(((16,17),(18,19)),(20,21))),((22,24),23)),(25,26))),27); -7645.82  0 232.694 112.564 26.9537 -7792.9 0.207619 0.266451 0.300212 0.225718 0.0793796  0.141667 0.0680978   0.24334  0.354453  0.113063
(1,((2,(3,((4,(5,6)),7))),(((((((8,9),10),(11,12)),(13,(14,15))),(((16,17),(18,19)),(20,21))),((22,24),23)),(25,26))),27); -7639.12  0 237.427 112.402 26.337 -7790.48  0.21495 0.272531  0.28488 0.227639 0.0825014  0.137557 0.0717158  0.258344  0.334084  0.115797
(1,((2,(3,((4,(5,6)),7))),(((((((8,9),10),(11,12)),(13,(14,15))),(((16,17),(18,19)),(20,21))),((22,24),23)),(25,26))),27); -7648.36  0 236.145 112.387 21.2966 -7793.42 0.201961  0.25027 0.327603 0.220167 0.0847451  0.130014 0.0721927  0.248261  0.360577  0.104209
(1,((2,(3,((4,(5,6)),7))),(((((((8,9),10),(11,12)),(13,(14,15))),(((16,17),(18,19)),(20,21))),((22,24),23)),(25,26))),27); -7642.96  0 231.754 112.206 25.6799 -7788.18 0.213591 0.251107 0.301764 0.233538 0.0725479  0.128503 0.0760458  0.282011  0.337272   0.10362
(1,((2,(3,((4,(5,6)),7))),(((((((8,9),10),(11,12)),(13,(14,15))),(((16,17),(18,19)),(20,21))),((22,24),23)),(25,26))),27); -7636.68  0 234.686 112.1 26.3977 -7785.67 0.216853 0.238608 0.297587 0.246952 0.0917058  0.129166 0.0680397  0.241162  0.350198  0.119729
(1,((2,(3,((4,(5,6)),7))),(((((((8,9),10),(11,12)),(13,(14,15))),(((16,17),(18,19)),(20,21))),((22,24),23)),(25,26))),27); -7641.19  0 230.702 112.127 26.3759 -7786.14 0.211057 0.256921 0.286195 0.245827 0.0927169  0.151383 0.0738607  0.266927  0.318419  0.096694
(1,((2,(3,((4,(5,6)),7))),(((((((8,9),10),(11,12)),(13,(14,15))),(((16,17),(18,19)),(20,21))),((22,24),23)),(25,26))),27); -7636.36  0 237.48 112.33 25.9854 -7787.49 0.213307 0.234167 0.306257 0.246269 0.0826366  0.155694 0.0658275  0.240088  0.351596  0.104158
(1,((2,(3,((4,(5,6)),7))),(((((((8,9),10),(11,12)),(13,(14,15))),(((16,17),(18,19)),(20,21))),((22,24),23)),(25,26))),27); -7650.92  0 229.985 112.533 24.3726 -7792.74 0.230018 0.250416 0.281273 0.238292 0.0811903  0.127584 0.0864973  0.262534  0.327545  0.114649
(1,((2,(3,((4,(5,6)),7))),(((((((8,9),10),(11,12)),(13,(14,15))),(((16,17),(18,19)),(20,21))),((22,24),23)),(25,26))),27); -7643.75  0 231.016 112.405 26.4509 -7788.82 0.200575 0.260436 0.297647 0.241342 0.0801341  0.164064 0.0579575  0.243315  0.356542 0.0979871
(1,((2,(3,((4,(5,6)),7))),(((((((8,9),10),(11,12)),(13,(14,15))),(((16,17),(18,19)),(20,21))),((22,24),23)),(25,26))),27); -7636.19  0 236.588 112.252 27.453 -7787.98 0.216716 0.261961 0.279309 0.242014 0.0843108  0.131575 0.0683736  0.243675  0.364533  0.107533
(1,((2,(3,((4,(5,6)),7))),(((((((8,9),10),(11,12)),(13,(14,15))),(((16,17),(18,19)),(20,21))),((22,24),23)),(25,26))),27); -7646.4  0 234.068 112.423 24.1951 -7792.24 0.237768 0.256854 0.287487 0.217891 0.0816527  0.150402 0.0625459  0.243957  0.350797  0.110645
(1,((2,(3,((4,(5,6)),7))),(((((((8,9),10),(11,12)),(13,(14,15))),(((16,17),(18,19)),(20,21))),((22,24),23)),(25,26))),27); -7651.01  0 230.81 112.616 23.872 -7793.08 0.213156 0.263235 0.291318 0.232292 0.0811961  0.115297 0.0867527  0.258716  0.358808 0.0992296
(1,((2,(3,((4,(5,6)),7))),(((((((8,9),10),(11,12)),(13,(14,15))),(((16,17),(18,19)),(20,21))),((22,24),23)),(25,26))),27); -7637.88  0 236.565 112.207 26.5875 -7788.82 0.224373 0.251514  0.28249 0.241622  0.100841  0.135683 0.0690361  0.257906  0.330493  0.106041
(1,((2,(3,((4,(5,6)),7))),(((((((8,9),10),(11,12)),(13,(14,15))),(((16,17),(18,19)),(20,21))),((22,24),23)),(25,26))),27); -7648.14  0 228.416 112.286 25.0652 -7789.33 0.213699 0.265367 0.281886 0.239048 0.0721039  0.170205 0.0626342  0.242057   0.32757  0.125429
(1,((2,(3,((4,(5,6)),7))),(((((((8,9),10),(11,12)),(13,(14,15))),(((16,17),(18,19)),(20,21))),((22,24),23)),(25,26))),27); -7644.21  0 237.877 112.506 23.027 -7792.61 0.205626 0.251356 0.311193 0.231825 0.0952636  0.148569 0.0480993  0.226727   0.36811  0.113231
(1,((2,(3,((4,(5,6)),7))),(((((((8,9),10),(11,12)),(13,(14,15))),(((16,17),(18,19)),(20,21))),((22,24),23)),(25,26))),27); -7645.41  0 235.492 112.666 24.7313 -7792.97  0.20288 0.254922 0.292481 0.249717 0.0997683  0.165324 0.0719367  0.224956  0.337213  0.100802
(1,((2,(3,((4,(5,6)),7))),(((((((8,9),10),(11,12)),(13,(14,15))),(((16,17),(18,19)),(20,21))),((22,24),23)),(25,26))),27); -7637.47  0 237.481 112.543 26.0288 -7788.43 0.211093 0.244728  0.30621  0.23797 0.0878228  0.167482 0.0715548  0.230491  0.340986  0.101664
(1,((2,(3,((4,(5,6)),7))),(((((((8,9),10),(11,12)),(13,(14,15))),(((16,17),(18,19)),(20,21))),((22,24),23)),(25,26))),27); -7640.77  0 237.124 112.436 26.2809 -7791.74 0.216928 0.252256 0.289942 0.240873 0.0750393  0.155272 0.0860244  0.252293  0.329261  0.102111
(1,((2,(3,((4,(5,6)),7))),(((((((8,9),10),(11,12)),(13,(14,15))),(((16,17),(18,19)),(20,21))),((22,24),23)),(25,26))),27); -7645.27  0 240.333 112.56 24.2774 -7797.32 0.227525 0.253789 0.291895 0.226791 0.0838304  0.133338  0.051948  0.237436  0.382872  0.110575
(1,((2,(3,((4,(5,6)),7))),(((((((8,9),10),(11,12)),(13,(14,15))),(((16,17),(18,19)),(20,21))),((22,24),23)),(25,26))),27); -7647.1  0 230.436 112.344 24.1759 -7789.37 0.197105  0.25267 0.297165 0.253059 0.0862913  0.141369 0.0869983  0.257912  0.319696  0.107733
(1,((2,(3,((4,(5,6)),7))),(((((((8,9),10),(11,12)),(13,(14,15))),(((16,17),(18,19)),(20,21))),((22,24),23)),(25,26))),27); -7641.72  0 236.571 112.846 27.6695 -7793.12 0.206691 0.252216 0.300119 0.240974  0.071268  0.141719 0.0728942  0.257477  0.341761  0.114881
(1,((2,(3,((4,(5,6)),7))),(((((((8,9),10),(11,12)),(13,(14,15))),(((16,17),(18,19)),(20,21))),((22,24),23)),(25,26))),27); -7628.38  0 243.611 112.413 27.1985 -7786.78 0.211255 0.260829 0.284884 0.243033 0.0774145  0.154482 0.0659081   0.25076  0.358912 0.0925238
(1,((2,(3,((4,(5,6)),7))),(((((((8,9),10),(11,12)),(13,(14,15))),(((16,17),(18,19)),(20,21))),((22,24),23)),(25,26))),27); -7646.06  0 226.233 112.074 25.9918 -7786.21 0.201845 0.252932 0.295797 0.249426 0.0879301  0.148884 0.0549138  0.237732  0.371008 0.0995323
(1,((2,(3,((4,(5,6)),7))),(((((((8,9),10),(11,12)),(13,(14,15))),(((16,17),(18,19)),(20,21))),((22,24),23)),(25,26))),27); -7646.66  0 231.594 112.301 23.5214 -7789.48 0.234198 0.261761 0.270645 0.233395 0.0789433  0.129325 0.0576207  0.262914   0.36706  0.104137
(1,((2,(3,((4,(5,6)),7))),(((((((8,9),10),(11,12)),(13,(14,15))),(((16,17),(18,19)),(20,21))),((22,24),23)),(25,26))),27); -7632.81  0 240.974 112.332 27.1017 -7788.56 0.216815 0.240527 0.291172 0.251485 0.0767153  0.153328 0.0666506  0.263328  0.331461  0.108517
(1,((2,(3,((4,(5,6)),7))),(((((((8,9),10),(11,12)),(13,(14,15))),(((16,17),(18,19)),(20,21))),((22,24),23)),(25,26))),27); -7641.61  0 238.407 112.643 25.2596 -7792.63 0.226394 0.250491 0.293065  0.23005 0.0815349  0.121793 0.0624629  0.244908  0.381587  0.107714
(1,((2,(3,((4,(5,6)),7))),(((((((8,9),10),(11,12)),(13,(14,15))),(((16,17),(18,19)),(20,21))),((22,24),23)),(25,26))),27); -7646.88  0 239.076 112.45 18.579 -7792.09 0.236991 0.244838 0.297266 0.220905  0.096428  0.140271 0.0915284  0.215908  0.354618  0.101246
(1,((2,(3,((4,(5,6)),7))),(((((((8,9),10),(11,12)),(13,(14,15))),(((16,17),(18,19)),(20,21))),((22,24),23)),(25,26))),27); -7644.6  0 236.678 112.643 24.7994 -7793.43 0.229608 0.253284 0.286965 0.230143 0.0685869  0.160029 0.0607263  0.268789  0.324537  0.117332
(1,((2,(3,((4,(5,6)),7))),(((((((8,9),10),(11,12)),(13,(14,15))),(((16,17),(18,19)),(20,21))),((22,24),23)),(25,26))),27); -7638.36  0 236.517 112.527 25.5667 -7787.92 0.213412 0.258193 0.292229 0.236166 0.0955107   0.13661 0.0662727  0.234236  0.375876 0.0914944
(1,((2,(3,((4,(5,6)),7))),(((((((8,9),10),(11,12)),(13,(14,15))),(((16,17),(18,19)),(20,21))),((22,24),23)),(25,26))),27); -7649.18  0 227.16 112.205 25.1082 -7789.24 0.216426 0.258612 0.287765 0.237196 0.0753999  0.175854 0.0500654  0.256823  0.329355  0.112502
(1,((2,(3,((4,(5,6)),7))),(((((((8,9),10),(11,12)),(13,(14,15))),(((16,17),(18,19)),(20,21))),((22,24),23)),(25,26))),27); -7661.29  0 216.388 112.075 23.3718 -7788.98 0.218193 0.262508 0.293312 0.225987 0.0802674  0.121246 0.0590851  0.253783  0.344833  0.140785
(1,((2,(3,((4,(5,6)),7))),(((((((8,9),10),(11,12)),(13,(14,15))),(((16,17),(18,19)),(20,21))),((22,24),23)),(25,26))),27); -7648.26  0 230.353 112.141 24.7933 -7791.27 0.224823 0.240673 0.287334 0.247171 0.0694761  0.170774 0.0687046  0.245129  0.346931 0.0989851
(1,((2,(3,((4,(5,6)),7))),(((((((8,9),10),(11,12)),(13,(14,15))),(((16,17),(18,19)),(20,21))),((22,24),23)),(25,26))),27); -7640.41  0 240.433 112.429 22.4182 -7790.83 0.193466 0.261578 0.304332 0.240625 0.0935414  0.144859 0.0596106  0.239021  0.323985  0.138983
(1,((2,(3,((4,(5,6)),7))),(((((((8,9),10),(11,12)),(13,(14,15))),(((16,17),(18,19)),(20,21))),((22,24),23)),(25,26))),27); -7651.73  0 223.419 111.827 21.7767 -7785.09  0.21674 0.257741 0.285757 0.239762 0.0972597  0.138927 0.0879443  0.210389  0.368867 0.0966139
(1,((2,(3,((4,(5,6)),7))),(((((((8,9),10),(11,12)),(13,(14,15))),(((16,17),(18,19)),(20,21))),((22,24),23)),(25,26))),27); -7633.99  0 236.217 112.069 27.2684 -7785.4 0.217096 0.257192 0.278755 0.246958 0.0883122  0.131192  0.058996  0.259389  0.357887  0.104224
(1,((2,(3,((4,(5,6)),7))),(((((((8,9),10),(11,12)),(13,(14,15))),(((16,17),(18,19)),(20,21))),((22,24),23)),(25,26))),27); -7652.83  0 222.796 112.177 27.4441 -7790.89 0.221755 0.246997  0.28641 0.244838 0.0904462  0.141803 0.0535045  0.253588  0.350958  0.109701
(1,((2,(3,((4,(5,6)),7))),(((((((8,9),10),(11,12)),(13,(14,15))),(((16,17),(18,19)),(20,21))),((22,24),23)),(25,26))),27); -7646.26  0 233.514 112.559 21.8713 -7789.09 0.224285 0.240945 0.296784 0.237986  0.105694   0.12917 0.0801583  0.268975  0.306317  0.109686
(1,((2,(3,((4,(5,6)),7))),(((((((8,9),10),(11,12)),(13,(14,15))),(((16,17),(18,19)),(20,21))),((22,24),23)),(25,26))),27); -7640.02  0 235.247 112.528 26.2848 -7789.02 0.214471 0.248347 0.301803  0.23538 0.0785315  0.168875 0.0578583  0.229881  0.348387  0.116467
(1,((2,(3,((4,(5,6)),7))),(((((((8,9),10),(11,12)),(13,(14,15))),(((16,17),(18,19)),(20,21))),((22,24),23)),(25,26))),27); -7640.28  0 237.302 112.294 24.3099 -7789.6 0.201147 0.255304 0.297218  0.24633 0.0925859  0.128845 0.0531862  0.287735  0.339567 0.0980812
(1,((2,(3,((4,(5,6)),7))),(((((((8,9),10),(11,12)),(13,(14,15))),(((16,17),(18,19)),(20,21))),((22,24),23)),(25,26))),27); -7649.96  0 226.447 112.189 22.7941 -7787.02 0.205298 0.246229 0.308451 0.240021 0.0586124  0.142947 0.0705504  0.277167  0.348505  0.102218
(1,((2,(3,((4,(5,6)),7))),(((((((8,9),10),(11,12)),(13,(14,15))),(((16,17),(18,19)),(20,21))),((22,24),23)),(25,26))),27); -7638  0 238.145 112.231 21.0999 -7785.02 0.207319 0.254934 0.299399 0.238347 0.0630428  0.136189 0.0691074  0.303282   0.31003  0.118349
(1,((2,(3,((4,(5,6)),7))),(((((((8,9),10),(11,12)),(13,(14,15))),(((16,17),(18,19)),(20,21))),((22,24),23)),(25,26))),27); -7642.12  0 237.28 112.395 22.6472 -7789.65 0.209974 0.234395 0.289467 0.266164   0.07738  0.154404 0.0789802  0.250746  0.326112  0.112378
(1,((2,(3,((4,(5,6)),7))),(((((((8,9),10),(11,12)),(13,(14,15))),(((16,17),(18,19)),(20,21))),((22,24),23)),(25,26))),27); -7638.22  0 241.287 112.158 24.625 -7791.97 0.226223 0.269634 0.270711 0.233432 0.0834903  0.161545 0.0645276  0.240622  0.334043  0.115773
(1,((2,(3,((4,(5,6)),7))),(((((((8,9),10),(11,12)),(13,(14,15))),(((16,17),(18,19)),(20,21))),((22,24),23)),(25,26))),27); -7650.12  0 227.032 112.368 25.0595 -7789.85 0.215658 0.249126 0.286853 0.248363 0.0823415  0.127631  0.051681  0.249076  0.357358  0.131912
(1,((2,(3,((4,(5,6)),7))),(((((((8,9),10),(11,12)),(13,(14,15))),(((16,17),(18,19)),(20,21))),((22,24),23)),(25,26))),27); -7644.11  0 231.489 112.554 27.84 -7790.88 0.207906 0.263466 0.287671 0.240957 0.0783913   0.13339 0.0675344  0.246503  0.354434  0.119748
(1,((2,(3,((4,(5,6)),7))),(((((((8,9),10),(11,12)),(13,(14,15))),(((16,17),(18,19)),(20,21))),((22,24),23)),(25,26))),27); -7650.02  0 228.826 112.197 22.2468 -7788.89 0.223609 0.257284 0.280859 0.238248 0.0818937  0.134815 0.0843911  0.210142  0.379978   0.10878
(1,((2,(3,((4,(5,6)),7))),(((((((8,9),10),(11,12)),(13,(14,15))),(((16,17),(18,19)),(20,21))),((22,24),23)),(25,26))),27); -7631.01  0 237.771 112.101 28.4698 -7785.15 0.217147  0.24699 0.287548 0.248316 0.0849054  0.143812 0.0647369  0.260375  0.343393  0.102778
(1,((2,(3,((4,(5,6)),7))),(((((((8,9),10),(11,12)),(13,(14,15))),(((16,17),(18,19)),(20,21))),((22,24),23)),(25,26))),27); -7640.91  0 233.902 112.258 27.6878 -7790.24  0.22276 0.252699 0.291559 0.232982 0.0716239  0.145733 0.0621732   0.24908  0.359752  0.111638
(1,((2,(3,((4,(5,6)),7))),(((((((8,9),10),(11,12)),(13,(14,15))),(((16,17),(18,19)),(20,21))),((22,24),23)),(25,26))),27); -7641.11  0 239.821 112.424 24.0585 -7792.57 0.234788 0.257064 0.280939 0.227209 0.0679882  0.153543  0.062798  0.247242   0.36475  0.103679
(1,((2,(3,((4,(5,6)),7))),(((((((8,9),10),(11,12)),(13,(14,15))),(((16,17),(18,19)),(20,21))),((22,24),23)),(25,26))),27); -7653.28  0 226.034 112.31 21.0307 -7788.04 0.223024 0.233979 0.290328 0.252669  0.100083  0.121515 0.0726152  0.281946  0.313277  0.110563
(1,((2,(3,((4,(5,6)),7))),(((((((8,9),10),(11,12)),(13,(14,15))),(((16,17),(18,19)),(20,21))),((22,24),23)),(25,26))),27); -7642.37  0 232.016 112.184 27.8668 -7790.07 0.207467 0.262824 0.291327 0.238381 0.0764304  0.155876 0.0734214  0.241717  0.340489  0.112067
(1,((2,(3,((4,(5,6)),7))),(((((((8,9),10),(11,12)),(13,(14,15))),(((16,17),(18,19)),(20,21))),((22,24),23)),(25,26))),27); -7643.44  0 232.48 112.272 27.0231 -7790.67 0.201918 0.256092 0.305412 0.236578 0.0949602  0.153066 0.0627427  0.250108  0.336964  0.102159
(1,((2,(3,((4,(5,6)),7))),(((((((8,9),10),(11,12)),(13,(14,15))),(((16,17),(18,19)),(20,21))),((22,24),23)),(25,26))),27); -7632.27  0 244.215 112.357 26.8782 -7791 0.221707 0.251298 0.282301 0.244694 0.0846092  0.150986 0.0790242  0.257761  0.328022 0.0995978
(1,((2,(3,((4,(5,6)),7))),(((((((8,9),10),(11,12)),(13,(14,15))),(((16,17),(18,19)),(20,21))),((22,24),23)),(25,26))),27); -7650.75  0 224.658 112.442 25.541 -7788.5 0.208182 0.242514  0.30224 0.247064 0.0715596  0.142315 0.0581216  0.240078  0.375912  0.112014
(1,((2,(3,((4,(5,6)),7))),(((((((8,9),10),(11,12)),(13,(14,15))),(((16,17),(18,19)),(20,21))),((22,24),23)),(25,26))),27); -7653.12  0 227.083 112.467 23.1983 -7790.94 0.203911 0.263992 0.287641 0.244457  0.085541  0.136235 0.0525676  0.222942  0.369164  0.133551
(1,((2,(3,((4,(5,6)),7))),(((((((8,9),10),(11,12)),(13,(14,15))),(((16,17),(18,19)),(20,21))),((22,24),23)),(25,26))),27); -7647.83  0 229.231 112.224 22.5677 -7787.4 0.207343 0.264252 0.278906 0.249499   0.10436  0.161882 0.0621992  0.247793  0.338641 0.0851241
(1,((2,(3,((4,(5,6)),7))),(((((((8,9),10),(11,12)),(13,(14,15))),(((16,17),(18,19)),(20,21))),((22,24),23)),(25,26))),27); -7650.61  0 228.097 112.363 25.1823 -7791.53  0.22103 0.254943 0.291589 0.232438 0.0998695  0.145074 0.0820482   0.22583  0.335636  0.111543
(1,((2,(3,((4,(5,6)),7))),(((((((8,9),10),(11,12)),(13,(14,15))),(((16,17),(18,19)),(20,21))),((22,24),23)),(25,26))),27); -7646.67  0 226.392 112.124 27.5472 -7788.48 0.215002 0.242664 0.296062 0.246273 0.0856069  0.127446 0.0615453  0.258832   0.35217  0.114399
(1,((2,(3,((4,(5,6)),7))),(((((((8,9),10),(11,12)),(13,(14,15))),(((16,17),(18,19)),(20,21))),((22,24),23)),(25,26))),27); -7635.31  0 245.614 112.406 23.2967 -7791.81 0.220614 0.269778 0.281531 0.228077 0.0918577  0.161784 0.0774823  0.224461  0.324775   0.11964
(1,((2,(3,((4,(5,6)),7))),(((((((8,9),10),(11,12)),(13,(14,15))),(((16,17),(18,19)),(20,21))),((22,24),23)),(25,26))),27); -7644.72  0 231.349 112.284 26.0862 -7789.87 0.201471 0.267463 0.292605 0.238461 0.0797003  0.159435  0.059025  0.244032  0.361713 0.0960952
(1,((2,(3,((4,(5,6)),7))),(((((((8,9),10),(11,12)),(13,(14,15))),(((16,17),(18,19)),(20,21))),((22,24),23)),(25,26))),27); -7635.4  0 240.181 112.387 26.7887 -7789.98 0.213669 0.260509 0.293861 0.231961 0.0891265  0.148956  0.057871  0.244943  0.330496  0.128607
(1,((2,(3,((4,(5,6)),7))),(((((((8,9),10),(11,12)),(13,(14,15))),(((16,17),(18,19)),(20,21))),((22,24),23)),(25,26))),27); -7633.48  0 237.048 112.178 28.1135 -7786.47 0.215503 0.244699  0.29018 0.249618 0.0864264  0.147358 0.0707785  0.246231  0.346793  0.102413
(1,((2,(3,((4,(5,6)),7))),(((((((8,9),10),(11,12)),(13,(14,15))),(((16,17),(18,19)),(20,21))),((22,24),23)),(25,26))),27); -7649.5  0 227.541 112.596 25.4063 -7789.85 0.207668 0.250023 0.298488 0.243821 0.0863868  0.173929  0.060078   0.26473  0.318732 0.0961442
(1,((2,(3,((4,(5,6)),7))),(((((((8,9),10),(11,12)),(13,(14,15))),(((16,17),(18,19)),(20,21))),((22,24),23)),(25,26))),27); -7639.4  0 236.299 112.421 28.1378 -7791.41 0.209749 0.253695 0.291317 0.245239 0.0743498  0.147656 0.0624979  0.271141  0.336213  0.108143
(1,((2,(3,((4,(5,6)),7))),(((((((8,9),10),(11,12)),(13,(14,15))),(((16,17),(18,19)),(20,21))),((22,24),23)),(25,26))),27); -7650.13  0 229.055 112.445 25.0793 -7791.82 0.216746 0.244274 0.279269 0.259711 0.0786503  0.134528 0.0727681  0.274039  0.334634  0.105381
(1,((2,(3,((4,(5,6)),7))),(((((((8,9),10),(11,12)),(13,(14,15))),(((16,17),(18,19)),(20,21))),((22,24),23)),(25,26))),27); -7635.07  0 237.177 112.315 27.3392 -7787.27 0.213697 0.248151 0.304681 0.233471  0.087058  0.148229 0.0734573  0.260019  0.333117 0.0981194
(1,((2,(3,((4,(5,6)),7))),(((((((8,9),10),(11,12)),(13,(14,15))),(((16,17),(18,19)),(20,21))),((22,24),23)),(25,26))),27); -7634.14  0 239.826 112.351 28.0749 -7789.69 0.203865 0.260945  0.29207  0.24312 0.0746876  0.151347 0.0631884  0.253717  0.341864  0.115195
(1,((2,(3,((4,(5,6)),7))),(((((((8,9),10),(11,12)),(13,(14,15))),(((16,17),(18,19)),(20,21))),((22,24),23)),(25,26))),27); -7653.14  0 223.206 112.3 23.7504 -7787.8 0.228665 0.229763 0.294212  0.24736 0.0806902  0.138702 0.0664607   0.27221  0.323584  0.118353
(1,((2,(3,((4,(5,6)),7))),(((((((8,9),10),(11,12)),(13,(14,15))),(((16,17),(18,19)),(20,21))),((22,24),23)),(25,26))),27); -7648.31  0 227.871 112.058 24.3201 -7788.44 0.217227 0.269616 0.298979 0.214177 0.0879022  0.147397 0.0684449  0.239962  0.342675  0.113618
(1,((2,(3,((4,(5,6)),7))),(((((((8,9),10),(11,12)),(13,(14,15))),(((16,17),(18,19)),(20,21))),((22,24),23)),(25,26))),27); -7638.28  0 236.573 112.355 26.4262 -7788.93 0.206778  0.25785 0.288575 0.246797 0.0817353  0.139946 0.0603592  0.283307  0.340797 0.0938554
(1,((2,(3,((4,(5,6)),7))),(((((((8,9),10),(11,12)),(13,(14,15))),(((16,17),(18,19)),(20,21))),((22,24),23)),(25,26))),27); -7642.55  0 240.033 112.512 23.1181 -7793.19  0.23693 0.256185 0.283438 0.223448 0.0784477  0.146352 0.0716957  0.223952  0.371491  0.108062
(1,((2,(3,((4,(5,6)),7))),(((((((8,9),10),(11,12)),(13,(14,15))),(((16,17),(18,19)),(20,21))),((22,24),23)),(25,26))),27); -7648.23  0 224.07 112.049 24.8161 -7785.07 0.229414 0.238585 0.295148 0.236853 0.0967924  0.145582 0.0619519  0.265183  0.338067  0.092424
(1,((2,(3,((4,(5,6)),7))),(((((((8,9),10),(11,12)),(13,(14,15))),(((16,17),(18,19)),(20,21))),((22,24),23)),(25,26))),27); -7647.19  0 231.666 112.492 25.3652 -7791.72 0.216217 0.275123  0.27503  0.23363 0.0798268  0.161561 0.0608556  0.251305   0.33945  0.107001
(1,((2,(3,((4,(5,6)),7))),(((((((8,9),10),(11,12)),(13,(14,15))),(((16,17),(18,19)),(20,21))),((22,24),23)),(25,26))),27); -7638.99  0 242.35 112.5 23.4464 -7792.28 0.231282 0.259286 0.276979 0.232453 0.0880368  0.159223 0.0631332  0.215156  0.352162  0.122289
(1,((2,(3,((4,(5,6)),7))),(((((((8,9),10),(11,12)),(13,(14,15))),(((16,17),(18,19)),(20,21))),((22,24),23)),(25,26))),27); -7642.92  0 233.709 112.627 27.6535 -7791.65 0.212979 0.262674 0.285711 0.238635 0.0956038   0.15073 0.0710493  0.244808  0.335234  0.102575
(1,((2,(3,((4,(5,6)),7))),(((((((8,9),10),(11,12)),(13,(14,15))),(((16,17),(18,19)),(20,21))),((22,24),23)),(25,26))),27); -7642.04  0 236.885 112.515 27.1833 -7793.59  0.21405 0.265133 0.285536 0.235281 0.0888611  0.137154 0.0700821  0.238265  0.365096  0.100542
(1,((2,(3,((4,(5,6)),7))),(((((((8,9),10),(11,12)),(13,(14,15))),(((16,17),(18,19)),(20,21))),((22,24),23)),(25,26))),27); -7635.76  0 235.884 112.133 27.1919 -7786.7  0.19743 0.254066 0.300368 0.248136  0.086515   0.14952 0.0605049  0.245902  0.353051  0.104506
(1,((2,(3,((4,(5,6)),7))),(((((((8,9),10),(11,12)),(13,(14,15))),(((16,17),(18,19)),(20,21))),((22,24),23)),(25,26))),27); -7641.36  0 231.651 112.35 27.1179 -7787.78 0.202518 0.265108 0.288656 0.243718 0.0921065   0.13908 0.0564572  0.261194  0.346081  0.105082
(1,((2,(3,((4,(5,6)),7))),(((((((8,9),10),(11,12)),(13,(14,15))),(((16,17),(18,19)),(20,21))),((22,24),23)),(25,26))),27); -7639.77  0 235.267 112.574 28.006 -7790.46 0.204565 0.249686 0.293529  0.25222 0.0884812   0.15026 0.0655604  0.248177  0.338284  0.109237
(1,((2,(3,((4,(5,6)),7))),(((((((8,9),10),(11,12)),(13,(14,15))),(((16,17),(18,19)),(20,21))),((22,24),23)),(25,26))),27); -7641.74  0 237.596 112.415 24.4744 -7791.4 0.206033  0.26351 0.295529 0.234928 0.0693502  0.124896 0.0793315  0.259095  0.340217   0.12711
(1,((2,(3,((4,(5,6)),7))),(((((((8,9),10),(11,12)),(13,(14,15))),(((16,17),(18,19)),(20,21))),((22,24),23)),(25,26))),27); -7654.74  0 224.14 112.468 24.6155 -7791.03 0.215877 0.259557 0.291663 0.232902 0.097698 0.146803 0.060728 0.271315 0.302907 0.120549
(1,((2,(3,((4,(5,6)),7))),(((((((8,9),10),(11,12)),(13,(14,15))),(((16,17),(18,19)),(20,21))),((22,24),23)),(25,26))),27); -7630.45  0 243.638 112.335 25.1469 -7786.9 0.213726 0.250473 0.309393 0.226408 0.0843631  0.162437 0.0512511   0.24127  0.345626  0.115052
(1,((2,(3,((4,(5,6)),7))),(((((((8,9),10),(11,12)),(13,(14,15))),(((16,17),(18,19)),(20,21))),((22,24),23)),(25,26))),27); -7642.41  0 236.698 112.251 25.5585 -7792.41 0.214003 0.264919 0.296682 0.224396 0.0764107  0.131254 0.0715013  0.238387  0.373352  0.109095
(1,((2,(3,((4,(5,6)),7))),(((((((8,9),10),(11,12)),(13,(14,15))),(((16,17),(18,19)),(20,21))),((22,24),23)),(25,26))),27); -7638.09  0 233.375 112.154 27.1659 -7786.48 0.207418 0.253372 0.290669 0.248541 0.0890341   0.14874  0.073019  0.262372  0.315972  0.110863
(1,((2,(3,((4,(5,6)),7))),(((((((8,9),10),(11,12)),(13,(14,15))),(((16,17),(18,19)),(20,21))),((22,24),23)),(25,26))),27); -7637.56  0 232.783 112.233 27.8241 -7785.93 0.203316 0.258998  0.29939 0.238296 0.0746154  0.138145  0.064401   0.25485  0.360185  0.107803
(1,((2,(3,((4,(5,6)),7))),(((((((8,9),10),(11,12)),(13,(14,15))),(((16,17),(18,19)),(20,21))),((22,24),23)),(25,26))),27); -7646.1  0 234.812 112.189 23.821 -7792.55 0.200263 0.279588 0.295419  0.22473 0.0825903   0.13423 0.0733438  0.257416  0.336675  0.115744
(1,((2,(3,((4,(5,6)),7))),(((((((8,9),10),(11,12)),(13,(14,15))),(((16,17),(18,19)),(20,21))),((22,24),23)),(25,26))),27); -7637.91  0 239.924 112.294 23.9842 -7789.52  0.21025 0.258266 0.291201 0.240284 0.0683128  0.151105 0.0635738  0.235443  0.389363 0.0922031
(1,((2,(3,((4,(5,6)),7))),(((((((8,9),10),(11,12)),(13,(14,15))),(((16,17),(18,19)),(20,21))),((22,24),23)),(25,26))),27); -7640.49  0 228.986 112.176 28.4052 -7785.7 0.211382 0.252361 0.299025 0.237232 0.0903142  0.149393 0.0673241   0.25929   0.33198  0.101699
(1,((2,(3,((4,(5,6)),7))),(((((((8,9),10),(11,12)),(13,(14,15))),(((16,17),(18,19)),(20,21))),((22,24),23)),(25,26))),27); -7644.6  0 228.648 112.331 27.8879 -7788.8 0.207953 0.262434 0.293686 0.235927 0.0779691  0.150042 0.0568959  0.244535   0.35606  0.114497
(1,((2,(3,((4,(5,6)),7))),(((((((8,9),10),(11,12)),(13,(14,15))),(((16,17),(18,19)),(20,21))),((22,24),23)),(25,26))),27); -7652.79  0 226.578 112.452 22.8174 -7789.73 0.229869 0.246749 0.294263 0.229119 0.0822367  0.161069 0.0760336  0.256645  0.343008 0.0810081
(1,((2,(3,((4,(5,6)),7))),(((((((8,9),10),(11,12)),(13,(14,15))),(((16,17),(18,19)),(20,21))),((22,24),23)),(25,26))),27); -7638.03  0 238.856 112.338 25.2571 -7789.81 0.232831 0.258138 0.276031 0.232999 0.0806513  0.138062  0.062143  0.278319  0.337953  0.102872
(1,((2,(3,((4,(5,6)),7))),(((((((8,9),10),(11,12)),(13,(14,15))),(((16,17),(18,19)),(20,21))),((22,24),23)),(25,26))),27); -7640.33  0 234.489 112.236 26.4646 -7789.05 0.220686 0.255793  0.28802 0.235501 0.0741242  0.161925 0.0664439  0.246674  0.359017 0.0918151
(1,((2,(3,((4,(5,6)),7))),(((((((8,9),10),(11,12)),(13,(14,15))),(((16,17),(18,19)),(20,21))),((22,24),23)),(25,26))),27); -7640.08  0 233.793 112.126 25.9385 -7787.69 0.212454 0.251286 0.286456 0.249804 0.0756302   0.14011 0.0801208  0.227873  0.366244  0.110023
(1,((2,(3,((4,(5,6)),7))),(((((((8,9),10),(11,12)),(13,(14,15))),(((16,17),(18,19)),(20,21))),((22,24),23)),(25,26))),27); -7638.54  0 239.616 112.366 21.7214 -7787.51 0.212874 0.252717 0.277559 0.256851 0.0786474  0.124089 0.0957214  0.246068  0.355326  0.100148
(1,((2,(3,((4,(5,6)),7))),(((((((8,9),10),(11,12)),(13,(14,15))),(((16,17),(18,19)),(20,21))),((22,24),23)),(25,26))),27); -7644.44  0 232.772 112.279 24.8188 -7789.76 0.220985 0.261016 0.278093 0.239906 0.0781805  0.127555 0.0500997  0.258513   0.37205  0.113601
(1,((2,(3,((4,(5,6)),7))),(((((((8,9),10),(11,12)),(13,(14,15))),(((16,17),(18,19)),(20,21))),((22,24),23)),(25,26))),27); -7641.3  0 231.203 112.211 27.8544 -7788.15 0.214738 0.260717 0.281501 0.243044 0.0856396  0.154243 0.0688177  0.250262  0.325542  0.115496
(1,((2,(3,((4,(5,6)),7))),(((((((8,9),10),(11,12)),(13,(14,15))),(((16,17),(18,19)),(20,21))),((22,24),23)),(25,26))),27); -7650.37  0 228.212 112.344 21.3903 -7787.63 0.200905 0.245016 0.297841 0.256238  0.107349  0.151017 0.0801984  0.221008    0.3421 0.0983271
(1,((2,(3,((4,(5,6)),7))),(((((((8,9),10),(11,12)),(13,(14,15))),(((16,17),(18,19)),(20,21))),((22,24),23)),(25,26))),27); -7643.71  0 231.183 112.158 25.09 -7787.82 0.224266 0.241732 0.281573  0.25243 0.0899938  0.146006  0.078878  0.255399  0.319317  0.110406
(1,((2,(3,((4,(5,6)),7))),(((((((8,9),10),(11,12)),(13,(14,15))),(((16,17),(18,19)),(20,21))),((22,24),23)),(25,26))),27); -7640.85  0 229.81 111.722 25.6002 -7784.54 0.201347 0.263199 0.280352 0.255102  0.079946  0.128657 0.0746166  0.259871   0.34972   0.10719
(1,((2,(3,((4,(5,6)),7))),(((((((8,9),10),(11,12)),(13,(14,15))),(((16,17),(18,19)),(20,21))),((22,24),23)),(25,26))),27); -7645.02  0 229.488 112.016 24.1506 -7786.64 0.216491 0.260811 0.285698    0.237  0.076601   0.13565 0.0751599  0.286002  0.306299  0.120288
(1,((2,(3,((4,(5,6)),7))),(((((((8,9),10),(11,12)),(13,(14,15))),(((16,17),(18,19)),(20,21))),((22,24),23)),(25,26))),27); -7640.45  0 240.771 112.657 24.6262 -7793.19  0.22297 0.248212 0.283873 0.244945  0.105511   0.13797 0.0629262  0.263326  0.313893  0.116373
(1,((2,(3,((4,(5,6)),7))),(((((((8,9),10),(11,12)),(13,(14,15))),(((16,17),(18,19)),(20,21))),((22,24),23)),(25,26))),27); -7642.89  0 232.251 112.511 27.6618 -7790.29 0.216247 0.249987 0.293532 0.240233 0.0840198  0.152225 0.0732591  0.260243  0.337239 0.0930137
(1,((2,(3,((4,(5,6)),7))),(((((((8,9),10),(11,12)),(13,(14,15))),(((16,17),(18,19)),(20,21))),((22,24),23)),(25,26))),27); -7649.86  0 226.818 112.229 23.5473 -7787.99 0.224511 0.260468 0.290536 0.224485 0.0856815  0.117571 0.0537394  0.255297    0.3611  0.126611
(1,((2,(3,((4,(5,6)),7))),(((((((8,9),10),(11,12)),(13,(14,15))),(((16,17),(18,19)),(20,21))),((22,24),23)),(25,26))),27); -7642.97  0 230.655 112.138 24.977 -7786.46 0.204985 0.261129 0.297613 0.236273  0.088187  0.125518 0.0656449  0.292426  0.327819  0.100405
(1,((2,(3,((4,(5,6)),7))),(((((((8,9),10),(11,12)),(13,(14,15))),(((16,17),(18,19)),(20,21))),((22,24),23)),(25,26))),27); -7643.55  0 234.242 112.288 23.639 -7789.14 0.199139 0.250037 0.310279 0.240546 0.0705379  0.137333 0.0599103  0.239677  0.386925  0.105616
(1,((2,(3,((4,(5,6)),7))),(((((((8,9),10),(11,12)),(13,(14,15))),(((16,17),(18,19)),(20,21))),((22,24),23)),(25,26))),27); -7636.01  0 238.739 112.288 27.4071 -7789.87 0.222675 0.244394 0.298709 0.234223 0.0899763  0.142557 0.0557897  0.248075  0.351095  0.112507
(1,((2,(3,((4,(5,6)),7))),(((((((8,9),10),(11,12)),(13,(14,15))),(((16,17),(18,19)),(20,21))),((22,24),23)),(25,26))),27); -7644.17  0 230.997 112.362 26.1083 -7788.91 0.202061 0.254591 0.285856 0.257491 0.0847038  0.165258 0.0636053  0.239361  0.336771  0.110302
(1,((2,(3,((4,(5,6)),7))),(((((((8,9),10),(11,12)),(13,(14,15))),(((16,17),(18,19)),(20,21))),((22,24),23)),(25,26))),27); -7641.06  0 233.438 112.358 25.2455 -7787.39 0.195227 0.259288 0.312157 0.233328 0.0776525  0.134917 0.0637896  0.263706  0.342282  0.117653
(1,((2,(3,((4,(5,6)),7))),(((((((8,9),10),(11,12)),(13,(14,15))),(((16,17),(18,19)),(20,21))),((22,24),23)),(25,26))),27); -7645.3  0 232.601 112.304 23.0796 -7788.68 0.215943 0.264933 0.269615 0.249509 0.0804741  0.135243 0.0682309  0.220749  0.371743  0.123559
(1,((2,(3,((4,(5,6)),7))),(((((((8,9),10),(11,12)),(13,(14,15))),(((16,17),(18,19)),(20,21))),((22,24),23)),(25,26))),27); -7640.36  0 235.014 112.217 25.9006 -7789.06 0.214377  0.26102 0.288231 0.236372 0.0766691  0.148157 0.0699681  0.235428  0.377372 0.0924057
(1,((2,(3,((4,(5,6)),7))),(((((((8,9),10),(11,12)),(13,(14,15))),(((16,17),(18,19)),(20,21))),((22,24),23)),(25,26))),27); -7636.01  0 239.061 112.63 26.9922 -7789.43 0.228313 0.250337 0.282222 0.239128 0.0795136  0.160338 0.0722845  0.243517  0.341684  0.102663
(1,((2,(3,((4,(5,6)),7))),(((((((8,9),10),(11,12)),(13,(14,15))),(((16,17),(18,19)),(20,21))),((22,24),23)),(25,26))),27); -7636.03  0 246.14 112.405 22.4992 -7792.27 0.229978 0.256505 0.288385 0.225132 0.0662038  0.159735 0.0552445  0.257005  0.368883 0.0929286
(1,((2,(3,((4,(5,6)),7))),(((((((8,9),10),(11,12)),(13,(14,15))),(((16,17),(18,19)),(20,21))),((22,24),23)),(25,26))),27); -7641.5  0 233.638 112.457 25.9841 -7788.67 0.218886 0.257713 0.276924 0.246477 0.0885234  0.135891 0.0534633  0.242136  0.370788  0.109198
(1,((2,(3,((4,(5,6)),7))),(((((((8,9),10),(11,12)),(13,(14,15))),(((16,17),(18,19)),(20,21))),((22,24),23)),(25,26))),27); -7626.26  0 248.651 112.524 28.3556 -7790.74 0.213737  0.26045 0.285743  0.24007  0.079705  0.141707 0.0728192  0.262577  0.341489  0.101704
(1,((2,(3,((4,(5,6)),7))),(((((((8,9),10),(11,12)),(13,(14,15))),(((16,17),(18,19)),(20,21))),((22,24),23)),(25,26))),27); -7640.94  0 232.776 112.135 27.4235 -7789 0.211677 0.261421 0.297463 0.229439  0.087907  0.160615 0.0688454  0.243869  0.328176  0.110587
(1,((2,(3,((4,(5,6)),7))),(((((((8,9),10),(11,12)),(13,(14,15))),(((16,17),(18,19)),(20,21))),((22,24),23)),(25,26))),27); -7639.54  0 235.285 112.36 25.2883 -7787.75 0.221968  0.23835 0.294516 0.245166 0.0850359  0.141418 0.0578983  0.243932  0.376774 0.0949412
(1,((2,(3,((4,(5,6)),7))),(((((((8,9),10),(11,12)),(13,(14,15))),(((16,17),(18,19)),(20,21))),((22,24),23)),(25,26))),27); -7633.19  0 244.118 112.694 25.6512 -7790.26 0.223361 0.245104 0.288456 0.243078  0.103644  0.136179 0.0646782  0.230094  0.348918  0.116486
(1,((2,(3,((4,(5,6)),7))),(((((((8,9),10),(11,12)),(13,(14,15))),(((16,17),(18,19)),(20,21))),((22,24),23)),(25,26))),27); -7637.85  0 241.954 112.464 25.9821 -7793.32 0.219169 0.249964 0.298198 0.232669 0.0897967  0.119383 0.0565191  0.258161  0.367191  0.108949
(1,((2,(3,((4,(5,6)),7))),(((((((8,9),10),(11,12)),(13,(14,15))),(((16,17),(18,19)),(20,21))),((22,24),23)),(25,26))),27); -7635.71  0 234.526 112.309 28.4821 -7786.41 0.209906 0.254991  0.28803 0.247073 0.0916835  0.137812 0.0619721   0.25016  0.344393  0.113979
(1,((2,(3,((4,(5,6)),7))),(((((((8,9),10),(11,12)),(13,(14,15))),(((16,17),(18,19)),(20,21))),((22,24),23)),(25,26))),27); -7645.36  0 225.522 112.1 24.0155 -7782.8  0.21915 0.266271 0.277444 0.237135 0.0992901  0.128363 0.0832963  0.254039  0.335815 0.0991973
(1,((2,(3,((4,(5,6)),7))),(((((((8,9),10),(11,12)),(13,(14,15))),(((16,17),(18,19)),(20,21))),((22,24),23)),(25,26))),27); -7639.99  0 236.702 112.429 22.9227 -7787.19 0.213317 0.244141 0.303234 0.239307 0.0890611  0.171375 0.0841794  0.215408   0.33883  0.101147
(1,((2,(3,((4,(5,6)),7))),(((((((8,9),10),(11,12)),(13,(14,15))),(((16,17),(18,19)),(20,21))),((22,24),23)),(25,26))),27); -7637.23  0 237.695 112.266 24.4509 -7787.11 0.221814 0.240356 0.301128 0.236702 0.0693429  0.164678 0.0818001  0.243044  0.335306  0.105829
(1,((2,(3,((4,(5,6)),7))),(((((((8,9),10),(11,12)),(13,(14,15))),(((16,17),(18,19)),(20,21))),((22,24),23)),(25,26))),27); -7645.86  0 234.197 112.665 24.686 -7792.07 0.207621 0.268381 0.297835 0.226164 0.0791271  0.148818 0.0702085  0.229806  0.374828 0.0972122
(1,((2,(3,((4,(5,6)),7))),(((((((8,9),10),(11,12)),(13,(14,15))),(((16,17),(18,19)),(20,21))),((22,24),23)),(25,26))),27); -7646.17  0 229.08 112.231 25.2121 -7788.23 0.194315 0.248463 0.308387 0.248835 0.0903297  0.144386 0.0685873  0.237611  0.357361  0.101725
(1,((2,(3,((4,(5,6)),7))),(((((((8,9),10),(11,12)),(13,(14,15))),(((16,17),(18,19)),(20,21))),((22,24),23)),(25,26))),27); -7645.07  0 234.27 112.419 23.782 -7790.7 0.219497 0.228141 0.310465 0.241897 0.0892216  0.135725 0.0605533  0.255436  0.338927  0.120136
(1,((2,(3,((4,(5,6)),7))),(((((((8,9),10),(11,12)),(13,(14,15))),(((16,17),(18,19)),(20,21))),((22,24),23)),(25,26))),27); -7640.57  0 230.517 112.187 25.8311 -7784.73 0.205361 0.255444  0.29435 0.244846 0.0795247  0.150528 0.0551694  0.270802  0.318192  0.125784
(1,((2,(3,((4,(5,6)),7))),(((((((8,9),10),(11,12)),(13,(14,15))),(((16,17),(18,19)),(20,21))),((22,24),23)),(25,26))),27); -7642.7  0 231.995 112.352 26.3394 -7788.69 0.200867 0.266275 0.291173 0.241685  0.087365  0.128301 0.0636165  0.262464  0.360654 0.0975994
(1,((2,(3,((4,(5,6)),7))),(((((((8,9),10),(11,12)),(13,(14,15))),(((16,17),(18,19)),(20,21))),((22,24),23)),(25,26))),27); -7643.1  0 230.983 112.388 27.4346 -7789.13 0.213199 0.253086 0.289246 0.244469 0.0849536  0.135226 0.0827018  0.256965  0.336436  0.103717
(1,((2,(3,((4,(5,6)),7))),(((((((8,9),10),(11,12)),(13,(14,15))),(((16,17),(18,19)),(20,21))),((22,24),23)),(25,26))),27); -7642  0 232.496 112.376 25.075 -7787.2 0.210408 0.242433 0.302918  0.24424  0.100764  0.146895  0.069128  0.261416   0.33071 0.0910866
(1,((2,(3,((4,(5,6)),7))),(((((((8,9),10),(11,12)),(13,(14,15))),(((16,17),(18,19)),(20,21))),((22,24),23)),(25,26))),27); -7639.98  0 229.404 112.043 28.2689 -7785.61 0.205992 0.257799 0.293345 0.242864 0.0759348  0.158684 0.0679324  0.249496  0.343206  0.104747
(1,((2,(3,((4,(5,6)),7))),(((((((8,9),10),(11,12)),(13,(14,15))),(((16,17),(18,19)),(20,21))),((22,24),23)),(25,26))),27); -7639.61  0 237.595 112.342 25.8895 -7790.75 0.214007 0.251862 0.295854 0.238276 0.0810367  0.146235 0.0514426  0.231657  0.362093  0.127537
(1,((2,(3,((4,(5,6)),7))),(((((((8,9),10),(11,12)),(13,(14,15))),(((16,17),(18,19)),(20,21))),((22,24),23)),(25,26))),27); -7647.9  0 225.31 112.124 27.197 -7788.28 0.228646 0.245228 0.281776 0.244349 0.0846485   0.15401  0.068028  0.242942  0.338947  0.111424
(1,((2,(3,((4,(5,6)),7))),(((((((8,9),10),(11,12)),(13,(14,15))),(((16,17),(18,19)),(20,21))),((22,24),23)),(25,26))),27); -7639.8  0 238.305 112.701 25.8029 -7791.2 0.225833  0.23785 0.283156  0.25316 0.0860052  0.156917 0.0638662   0.24575  0.345657  0.101805
(1,((2,(3,((4,(5,6)),7))),(((((((8,9),10),(11,12)),(13,(14,15))),(((16,17),(18,19)),(20,21))),((22,24),23)),(25,26))),27); -7633.09  0 240.923 112.424 27.3708 -7788.96 0.211271 0.259406 0.281462 0.247861 0.0756339   0.14481 0.0621527  0.262711  0.356508 0.0981842
(1,((2,(3,((4,(5,6)),7))),(((((((8,9),10),(11,12)),(13,(14,15))),(((16,17),(18,19)),(20,21))),((22,24),23)),(25,26))),27); -7648.95  0 225.199 112.244 25.6483 -7787.56 0.214845  0.25885 0.284506 0.241799  0.103116  0.132206 0.0552227  0.260787  0.329815  0.118852
(1,((2,(3,((4,(5,6)),7))),(((((((8,9),10),(11,12)),(13,(14,15))),(((16,17),(18,19)),(20,21))),((22,24),23)),(25,26))),27); -7643.32  0 231.598 112.105 24.7414 -7787.56 0.204382 0.253823 0.290874  0.25092  0.107235  0.137805 0.0607568  0.228391  0.348955  0.116858
(1,((2,(3,((4,(5,6)),7))),(((((((8,9),10),(11,12)),(13,(14,15))),(((16,17),(18,19)),(20,21))),((22,24),23)),(25,26))),27); -7637.26  0 243.701 112.506 23.0215 -7791.47 0.199787 0.266274 0.303196 0.230743 0.0736298  0.165631 0.0580549  0.280045  0.313324  0.109315
(1,((2,(3,((4,(5,6)),7))),(((((((8,9),10),(11,12)),(13,(14,15))),(((16,17),(18,19)),(20,21))),((22,24),23)),(25,26))),27); -7645.74  0 227.187 112.07 26.5313 -7787.39 0.220661 0.247919 0.298734 0.232686 0.0790946  0.132544 0.0619446  0.271034   0.36049 0.0948929
(1,((2,(3,((4,(5,6)),7))),(((((((8,9),10),(11,12)),(13,(14,15))),(((16,17),(18,19)),(20,21))),((22,24),23)),(25,26))),27); -7648.92  0 227.767 112.083 24.3876 -7788.99 0.212033 0.248939 0.299566 0.239462 0.0876011  0.115385 0.0868363   0.26367  0.345096  0.101412
(1,((2,(3,((4,(5,6)),7))),(((((((8,9),10),(11,12)),(13,(14,15))),(((16,17),(18,19)),(20,21))),((22,24),23)),(25,26))),27); -7639.43  0 235.944 112.48 26.5798 -7789.47 0.226332  0.24884 0.283592 0.241235 0.0757153   0.13407 0.0689802  0.275912  0.345754 0.0995676
(1,((2,(3,((4,(5,6)),7))),(((((((8,9),10),(11,12)),(13,(14,15))),(((16,17),(18,19)),(20,21))),((22,24),23)),(25,26))),27); -7635.87  0 241.961 112.484 25.0206 -7790.37 0.206296 0.257746 0.296009  0.23995 0.0831587  0.149819 0.0899171  0.245426  0.339584 0.0920944
(1,((2,(3,((4,(5,6)),7))),(((((((8,9),10),(11,12)),(13,(14,15))),(((16,17),(18,19)),(20,21))),((22,24),23)),(25,26))),27); -7641.73  0 234.551 112.294 24.6361 -7788.62 0.209567  0.25803 0.287112 0.245291 0.0997865  0.129769 0.0670608  0.251967  0.365012 0.0864042
(1,((2,(3,((4,(5,6)),7))),(((((((8,9),10),(11,12)),(13,(14,15))),(((16,17),(18,19)),(20,21))),((22,24),23)),(25,26))),27); -7646.07  0 233.088 112.392 22.5776 -7789.34 0.210252 0.240055 0.295523  0.25417  0.104618  0.155344 0.0562146  0.270283  0.318709 0.0948316
(1,((2,(3,((4,(5,6)),7))),(((((((8,9),10),(11,12)),(13,(14,15))),(((16,17),(18,19)),(20,21))),((22,24),23)),(25,26))),27); -7642.65  0 239.419 112.427 20.6082 -7790.25 0.216722 0.267631 0.299345 0.216302 0.0797218  0.188484 0.0522799  0.241544  0.333013  0.104957
(1,((2,(3,((4,(5,6)),7))),(((((((8,9),10),(11,12)),(13,(14,15))),(((16,17),(18,19)),(20,21))),((22,24),23)),(25,26))),27); -7639.82  0 235.087 112.209 26.2202 -7788.92 0.226303  0.25306  0.28943 0.231207 0.0923714   0.15607 0.0709334  0.224565  0.340846  0.115214
(1,((2,(3,((4,(5,6)),7))),(((((((8,9),10),(11,12)),(13,(14,15))),(((16,17),(18,19)),(20,21))),((22,24),23)),(25,26))),27); -7641.5  0 230.317 112.006 25.9754 -7785.79 0.211736 0.253296 0.290178  0.24479 0.0665766  0.160604 0.0710554  0.235596  0.363497  0.102672
(1,((2,(3,((4,(5,6)),7))),(((((((8,9),10),(11,12)),(13,(14,15))),(((16,17),(18,19)),(20,21))),((22,24),23)),(25,26))),27); -7643.71  0 236.641 112.418 25.2256 -7793.16 0.199779 0.261453 0.290727 0.248041 0.0961619   0.13375 0.0810421  0.249696  0.325455  0.113896
(1,((2,(3,((4,(5,6)),7))),(((((((8,9),10),(11,12)),(13,(14,15))),(((16,17),(18,19)),(20,21))),((22,24),23)),(25,26))),27); -7642.94  0 236.173 112.663 25.9557 -7792.41 0.217525 0.266716 0.288111 0.227648 0.0855454   0.15753 0.0504983  0.250432  0.349636  0.106359
(1,((2,(3,((4,(5,6)),7))),(((((((8,9),10),(11,12)),(13,(14,15))),(((16,17),(18,19)),(20,21))),((22,24),23)),(25,26))),27); -7641.13  0 234.466 112.332 24.9988 -7788.26 0.215416 0.252765 0.292106 0.239713 0.0756469  0.148782 0.0463041  0.257119  0.373549 0.0985985
(1,((2,(3,((4,(5,6)),7))),(((((((8,9),10),(11,12)),(13,(14,15))),(((16,17),(18,19)),(20,21))),((22,24),23)),(25,26))),27); -7646.73  0 230.564 112.472 26.5005 -7791.32 0.230136 0.248828 0.283487  0.23755  0.083953  0.149045 0.0525232  0.263749  0.340838  0.109892
(1,((2,(3,((4,(5,6)),7))),(((((((8,9),10),(11,12)),(13,(14,15))),(((16,17),(18,19)),(20,21))),((22,24),23)),(25,26))),27); -7637.83  0 237.589 112.05 25.7124 -7789.08 0.212647 0.268667 0.269919 0.248767 0.0816763  0.147618 0.0711393   0.25987  0.334234  0.105463
(1,((2,(3,((4,(5,6)),7))),(((((((8,9),10),(11,12)),(13,(14,15))),(((16,17),(18,19)),(20,21))),((22,24),23)),(25,26))),27); -7638.46  0 235.257 112.461 28.128 -7789.38 0.208631 0.254263  0.29144 0.245667 0.0744849  0.155314 0.0659825  0.240554  0.356499  0.107166
(1,((2,(3,((4,(5,6)),7))),(((((((8,9),10),(11,12)),(13,(14,15))),(((16,17),(18,19)),(20,21))),((22,24),23)),(25,26))),27); -7631.58  0 245.405 112.413 24.9429 -7789.51 0.220445 0.255421 0.295114 0.229021 0.0714541  0.175748 0.0659462  0.239615  0.326663  0.120574
(1,((2,(3,((4,(5,6)),7))),(((((((8,9),10),(11,12)),(13,(14,15))),(((16,17),(18,19)),(20,21))),((22,24),23)),(25,26))),27); -7639.95  0 236.986 112.308 23.6379 -7788.27 0.196231 0.250266 0.303657 0.249846 0.0734718   0.17377  0.055526  0.264037  0.325975  0.107221
(1,((2,(3,((4,(5,6)),7))),(((((((8,9),10),(11,12)),(13,(14,15))),(((16,17),(18,19)),(20,21))),((22,24),23)),(25,26))),27); -7639.79  0 236.06 112.134 24.2815 -7788 0.211967 0.270627 0.291611 0.225795 0.0947788  0.153439 0.0767151  0.243793  0.314221  0.117053
(1,((2,(3,((4,(5,6)),7))),(((((((8,9),10),(11,12)),(13,(14,15))),(((16,17),(18,19)),(20,21))),((22,24),23)),(25,26))),27); -7648.2  0 225.864 112.424 26.7436 -7788.38 0.204528 0.265274 0.282254 0.247943 0.0905977  0.157867 0.0649298  0.252913  0.334077 0.0996162
(1,((2,(3,((4,(5,6)),7))),(((((((8,9),10),(11,12)),(13,(14,15))),(((16,17),(18,19)),(20,21))),((22,24),23)),(25,26))),27); -7639.29  0 233.3 112.258 26.9594 -7787.29 0.210413 0.255265 0.293502  0.24082 0.0933213  0.150108 0.0649711  0.250006  0.353065 0.0885284
(1,((2,(3,((4,(5,6)),7))),(((((((8,9),10),(11,12)),(13,(14,15))),(((16,17),(18,19)),(20,21))),((22,24),23)),(25,26))),27); -7650.65  0 230.333 112.429 24.0158 -7792.57 0.200048 0.274252 0.287236 0.238463 0.0742247  0.127964 0.0770999  0.252869   0.34204  0.125803
(1,((2,(3,((4,(5,6)),7))),(((((((8,9),10),(11,12)),(13,(14,15))),(((16,17),(18,19)),(20,21))),((22,24),23)),(25,26))),27); -7640.48  0 231.508 112.035 23.5875 -7783.54 0.225758  0.24061 0.296779 0.236852  0.100704  0.167673 0.0689878  0.219356  0.338672  0.104607
(1,((2,(3,((4,(5,6)),7))),(((((((8,9),10),(11,12)),(13,(14,15))),(((16,17),(18,19)),(20,21))),((22,24),23)),(25,26))),27); -7634.03  0 243.281 112.522 27.3163 -7792.11 0.212862 0.255176 0.298559 0.233404 0.0889439  0.148122 0.0808477  0.241452  0.330616  0.110018
(1,((2,(3,((4,(5,6)),7))),(((((((8,9),10),(11,12)),(13,(14,15))),(((16,17),(18,19)),(20,21))),((22,24),23)),(25,26))),27); -7643.47  0 238.197 112.504 22.0412 -7791.2 0.227053 0.246176  0.26659 0.260181 0.0825072  0.129989 0.0718831  0.233977   0.36571  0.115934
(1,((2,(3,((4,(5,6)),7))),(((((((8,9),10),(11,12)),(13,(14,15))),(((16,17),(18,19)),(20,21))),((22,24),23)),(25,26))),27); -7640.17  0 235.404 112.385 27.147 -7790.33 0.222195  0.24505 0.301191 0.231564  0.076689  0.138949 0.0616676  0.247269   0.35595  0.119475
(1,((2,(3,((4,(5,6)),7))),(((((((8,9),10),(11,12)),(13,(14,15))),(((16,17),(18,19)),(20,21))),((22,24),23)),(25,26))),27); -7656.06  0 219.958 112.264 23.3319 -7787.08 0.216421  0.26358 0.286714 0.233285 0.0876949   0.16523 0.0444145  0.258765  0.351218 0.0926776
(1,((2,(3,((4,(5,6)),7))),(((((((8,9),10),(11,12)),(13,(14,15))),(((16,17),(18,19)),(20,21))),((22,24),23)),(25,26))),27); -7646.37  0 229.061 111.939 26.2917 -7789.79 0.201159 0.264649 0.291056 0.243136 0.0911357  0.156912  0.071038  0.228804  0.351102  0.101008
(1,((2,(3,((4,(5,6)),7))),(((((((8,9),10),(11,12)),(13,(14,15))),(((16,17),(18,19)),(20,21))),((22,24),23)),(25,26))),27); -7638.78  0 239.222 112.186 26.4043 -7792.22 0.230669  0.25275 0.276863 0.239718 0.0828572  0.130194 0.0672076  0.252332  0.347584  0.119825
(1,((2,(3,((4,(5,6)),7))),(((((((8,9),10),(11,12)),(13,(14,15))),(((16,17),(18,19)),(20,21))),((22,24),23)),(25,26))),27); -7634.36  0 240.867 112.332 25.8573 -7788.75 0.203424 0.260943 0.299599 0.236034 0.0696869  0.124928 0.0655265  0.268006  0.356025  0.115827
(1,((2,(3,((4,(5,6)),7))),(((((((8,9),10),(11,12)),(13,(14,15))),(((16,17),(18,19)),(20,21))),((22,24),23)),(25,26))),27); -7643.04  0 232.853 112.524 27.2299 -7790.6 0.214679 0.256313 0.287717 0.241291 0.0852783  0.168179 0.0715416  0.230487  0.335005   0.10951
(1,((2,(3,((4,(5,6)),7))),(((((((8,9),10),(11,12)),(13,(14,15))),(((16,17),(18,19)),(20,21))),((22,24),23)),(25,26))),27); -7638.99  0 233.623 112.041 26.4166 -7786.98 0.224396 0.255727  0.29713 0.222747  0.079479  0.155095 0.0653796  0.264025  0.325771  0.110251
(1,((2,(3,((4,(5,6)),7))),(((((((8,9),10),(11,12)),(13,(14,15))),(((16,17),(18,19)),(20,21))),((22,24),23)),(25,26))),27); -7644.58  0 231.255 112.469 27.7406 -7791.11 0.205922 0.254022 0.295389 0.244667 0.0807607  0.128723 0.0723924  0.246489  0.353396   0.11824
(1,((2,(3,((4,(5,6)),7))),(((((((8,9),10),(11,12)),(13,(14,15))),(((16,17),(18,19)),(20,21))),((22,24),23)),(25,26))),27); -7641.12  0 234.552 112.373 25.5156 -7788.81 0.192792 0.263103 0.295969 0.248136 0.0906766  0.141897 0.0636605  0.265214  0.341817 0.0967344
(1,((2,(3,((4,(5,6)),7))),(((((((8,9),10),(11,12)),(13,(14,15))),(((16,17),(18,19)),(20,21))),((22,24),23)),(25,26))),27); -7636.16  0 234.699 112.113 27.4728 -7786.22  0.21833  0.24246 0.295216 0.243993 0.0889998  0.153149 0.0549289   0.24701  0.349853   0.10606
(1,((2,(3,((4,(5,6)),7))),(((((((8,9),10),(11,12)),(13,(14,15))),(((16,17),(18,19)),(20,21))),((22,24),23)),(25,26))),27); -7644.05  0 231.852 112.172 22.3127 -7786.04 0.220639 0.249636 0.301518 0.228206 0.0741058  0.145158 0.0714741  0.278548  0.351842 0.0788718
(1,((2,(3,((4,(5,6)),7))),(((((((8,9),10),(11,12)),(13,(14,15))),(((16,17),(18,19)),(20,21))),((22,24),23)),(25,26))),27); -7643.61  0 227.562 111.991 24.4311 -7783.61 0.200975 0.257888  0.29756 0.243577 0.0915217  0.155012 0.0639275  0.280807  0.303145  0.105587
(1,((2,(3,((4,(5,6)),7))),(((((((8,9),10),(11,12)),(13,(14,15))),(((16,17),(18,19)),(20,21))),((22,24),23)),(25,26))),27); -7643.35  0 235.524 112.259 22.7847 -7789.4  0.20052 0.251588 0.299429 0.248463 0.0941541  0.116909 0.0589094  0.230099  0.383785  0.116143
(1,((2,(3,((4,(5,6)),7))),(((((((8,9),10),(11,12)),(13,(14,15))),(((16,17),(18,19)),(20,21))),((22,24),23)),(25,26))),27); -7649.22  0 232.327 112.461 24.5054 -7793.6  0.22047 0.257028 0.282666 0.239835 0.0956911  0.128131 0.0627065  0.258145   0.32037  0.134957
(1,((2,(3,((4,(5,6)),7))),(((((((8,9),10),(11,12)),(13,(14,15))),(((16,17),(18,19)),(20,21))),((22,24),23)),(25,26))),27); -7649.79  0 228.826 112.419 24.9162 -7791.11 0.217233 0.256733 0.290664  0.23537 0.0848657  0.132702 0.0713655  0.222366  0.352226  0.136475
(1,((2,(3,((4,(5,6)),7))),(((((((8,9),10),(11,12)),(13,(14,15))),(((16,17),(18,19)),(20,21))),((22,24),23)),(25,26))),27); -7657.57  0 218.626 112.094 23.4779 -7787.58 0.233874 0.250485 0.287051  0.22859 0.0684171  0.149156 0.0557049  0.275117  0.329896  0.121709
