tree logl logTop logBL logPrior logQ logWt pi1 pi2 pi3 pi4 s1 s2 s3 s4 s5 s6
(1,((2,(3,((4,(5,6)),7))),(((((((8,9),10),(11,12)),(13,(14,15))),(((16,17),(18,19)),(20,21))),((22,24),23)),(25,26))),27); -7645.35  0 229.956 112.202 23.5762 -7786.68 0.207743 0.266526 0.284117 0.241615 0.0754826  0.139036 0.0649776  0.220988  0.376273  0.123243
(1,((2,(3,((4,(5,6)),7))),(((((((8,9),10),(11,12)),(13,(14,15))),(((16,17),(18,19)),(20,21))),((22,24),23)),(25,26))),27); -7637.52  0 238.436 112.753 27.6458 -7790.85 0.224285 0.248459 0.295056 0.232199 0.0736646  0.154082 0.0697433  0.252009  0.344022   0.10648
(1,((2,(3,((4,(5,6)),7))),(((((((8,9),10),(11,12)),(13,(14,15))),(((16,17),(18,19)),(20,21))),((22,24),23)),(25,26))),27); -7645.31  0 229.989 112.21 26.1431 -7789.23 0.219112 0.258085 0.292846 0.229958 0.0733723  0.121601 0.0645831  0.270739  0.366484  0.103221
(1,((2,(3,((4,(5,6)),7))),(((((((8,9),10),(11,12)),(13,(14,15))),(((16,17),(18,19)),(20,21))),((22,24),23)),(25,26))),27); -7643.22  0 233.21 112.628 26.4693 -7790.27 0.217149 0.253109 0.281652  0.24809 0.0884246  0.128003 0.0791278  0.258508  0.343026   0.10291
(1,((2,(3,((4,(5,6)),7))),(((((((8,9),10),(11,12)),(13,(14,15))),(((16,17),(18,19)),(20,21))),((22,24),23)),(25,26))),27); -7646.98  0 225.251 112.155 28.3256 -7788.4 0.214094 0.251101  0.29553 0.239275 0.0846947  0.137176 0.0533343  0.262738  0.348803  0.113254
(1,((2,(3,((4,(5,6)),7))),(((((((8,9),10),(11,12)),(13,(14,15))),(((16,17),(18,19)),(20,21))),((22,24),23)),(25,26))),27); -7648.07  0 227.62 112.506 25.1994 -7788.38 0.207896 0.245751 0.316109 0.230245 0.0787734   0.16446 0.0548414  0.249216  0.352078  0.100632
(1,((2,(3,((4,(5,6)),7))),(((((((8,9),10),(11,12)),(13,(14,15))),(((16,17),(18,19)),(20,21))),((22,24),23)),(25,26))),27); -7639.72  0 239.71 112.457 24.077 -7791.05 0.205106 0.243894 0.299356 0.251645 0.0962864  0.155226 0.0795021   0.23397  0.340915 0.0941001
(1,((2,(3,((4,(5,6)),7))),(((((((8,9),10),(11,12)),(13,(14,15))),(((16,17),(18,19)),(20,21))),((22,24),23)),(25,26))),27); -7643.52  0 234.217 112.385 23.4998 -7788.85  0.22498 0.245793 0.290357 0.238869 0.0655262  0.143316 0.0519542  0.280536  0.335061  0.123606
(1,((2,(3,((4,(5,6)),7))),(((((((8,9),10),(11,12)),(13,(14,15))),(((16,17),(18,19)),(20,21))),((22,24),23)),(25,26))),27); -7639.63  0 229.518 112.048 27.7204 -7784.82 0.208272 0.254424  0.29078 0.246523 0.0774847  0.136324 0.0737801  0.257918  0.358761 0.0957322
(1,((2,(3,((4,(5,6)),7))),(((((((8,9),10),(11,12)),(13,(14,15))),(((16,17),(18,19)),(20,21))),((22,24),23)),(25,26))),27); -7644.01  0 233.456 112.274 26.3169 -7791.51 0.229989 0.253468 0.286936 0.229608 0.0759745  0.132993 0.0688867  0.253715  0.362992  0.105439
(1,((2,(3,((4,(5,6)),7))),(((((((8,9),10),(11,12)),(13,(14,15))),(((16,17),(18,19)),(20,21))),((22,24),23)),(25,26))),27); -7648.73  0 227.957 112.07 23.7069 -7788.33 0.223045 0.263618 0.298116 0.215221 0.0924878  0.150527 0.0569944  0.238008  0.360807  0.101177
(1,((2,(3,((4,(5,6)),7))),(((((((8,9),10),(11,12)),(13,(14,15))),(((16,17),(18,19)),(20,21))),((22,24),23)),(25,26))),27); -7650.95  0 227.318 112.409 24.6148 -7790.48 0.196276 0.271057 0.284954 0.247712 0.0706712   0.15945 0.0618256  0.245815  0.357151  0.105087
(1,((2,(3,((4,(5,6)),7))),(((((((8,9),10),(11,12)),(13,(14,15))),(((16,17),(18,19)),(20,21))),((22,24),23)),(25,26))),27); -7641.37  0 228.872 112.231 27.9274 -7785.94 0.216502 0.246838 0.296509 0.240151 0.0711825  0.154253 0.0675042  0.258037  0.350236 0.0987868
(1,((2,(3,((4,(5,6)),7))),(((((((8,9),10),(11,12)),(13,(14,15))),(((16,17),(18,19)),(20,21))),((22,24),23)),(25,26))),27); -7638.94  0 238.924 112.274 25.6905 -7791.28 0.225187 0.232224  0.29878 0.243809 0.0895901  0.134875 0.0641567  0.268163  0.340413  0.102802
(1,((2,(3,((4,(5,6)),7))),(((((((8,9),10),(11,12)),(13,(14,15))),(((16,17),(18,19)),(20,21))),((22,24),23)),(25,26))),27); -7633.81  0 247.371 112.531 23.9063 -7792.55  0.22046 0.248512 0.299837 0.231191 0.0963278  0.115799 0.0664255  0.236765  0.371737  0.112946
(1,((2,(3,((4,(5,6)),7))),(((((((8,9),10),(11,12)),(13,(14,15))),(((16,17),(18,19)),(20,21))),((22,24),23)),(25,26))),27); -7638.6  0 235.115 112.418 27.2554 -7788.56 0.214594 0.248396 0.295921 0.241088 0.0931186   0.14741 0.0745645  0.233895   0.33962  0.111393
(1,((2,(3,((4,(5,6)),7))),(((((((8,9),10),(11,12)),(13,(14,15))),(((16,17),(18,19)),(20,21))),((22,24),23)),(25,26))),27); -7641.73  0 234.979 112.461 28.1553 -7792.4 0.215328 0.262735 0.285816 0.236121 0.0791445  0.136903 0.0650305  0.263948  0.338881  0.116093
(1,((2,(3,((4,(5,6)),7))),(((((((8,9),10),(11,12)),(13,(14,15))),(((16,17),(18,19)),(20,21))),((22,24),23)),(25,26))),27); -7640.75  0 231.948 112.195 27.4048 -7787.91 0.211979 0.259377 0.293823 0.234821 0.0902417  0.139264 0.0593713   0.26031  0.327427  0.123387
(1,((2,(3,((4,(5,6)),7))),(((((((8,9),10),(11,12)),(13,(14,15))),(((16,17),(18,19)),(20,21))),((22,24),23)),(25,26))),27); -7638.37  0 236.403 112.504 27.9527 -7790.22 0.204429 0.257226 0.286536 0.251809 0.0772247  0.141601 0.0687162  0.251703  0.348737  0.112017
(1,((2,(3,((4,(5,6)),7))),(((((((8,9),10),(11,12)),(13,(14,15))),(((16,17),(18,19)),(20,21))),((22,24),23)),(25,26))),27); -7650.05  0 230.624 112.627 24.9754 -7793.02 0.209474 0.252665 0.299114 0.238747   0.06974  0.124205 0.0858707  0.247461  0.359761  0.112962
(1,((2,(3,((4,(5,6)),7))),(((((((8,9),10),(11,12)),(13,(14,15))),(((16,17),(18,19)),(20,21))),((22,24),23)),(25,26))),27); -7649.52  0 227.527 112.346 27.393 -7792.1 0.218318 0.247912 0.286123 0.247647 0.0768532  0.141378 0.0754081  0.265555  0.326979  0.113828
