tree logl logTop logBL logPrior logQ logWt pi1 pi2 pi3 pi4 s1 s2 s3 s4 s5 s6
(1,(((2,3),(((4,5),6),((7,(8,9)),((10,11),(12,((13,(14,15)),(16,17))))))),(((((18,19),20),(21,(22,23))),(((24,(25,26)),27),(28,29))),((30,(31,32)),33))),((34,35),36)); -33925.1  0 258.273 116.384 34.0038 -34101  0.22621 0.216026 0.193071 0.364692  0.169721   0.17026 0.0992144 0.0171363   0.53053 0.0131377
(1,(((2,3),(((4,5),6),((7,(8,9)),((10,11),(12,((13,(14,15)),(16,17))))))),(((((18,19),20),(21,(22,23))),(((24,(25,26)),27),(28,29))),((30,(31,32)),33))),((34,35),36)); -33934.3  0 249.562 115.46 33.3183 -34101.7 0.231175 0.219957 0.181919  0.36695  0.163684  0.177534 0.0953153 0.0204027  0.528542 0.0145213
(1,(((2,3),(((4,5),6),((7,(8,9)),((10,11),(12,((13,(14,15)),(16,17))))))),(((((18,19),20),(21,(22,23))),(((24,(25,26)),27),(28,29))),((30,(31,32)),33))),((34,35),36)); -33942.4  0 245.278 117.217 28.2509 -34098.8  0.22791 0.211024 0.186571 0.374495  0.179361  0.183519 0.0879938    0.0221  0.509444 0.0175824
(1,(((2,3),(((4,5),6),((7,(8,9)),((10,11),(12,((13,(14,15)),(16,17))))))),(((((18,19),20),(21,(22,23))),(((24,(25,26)),27),(28,29))),((30,(31,32)),33))),((34,35),36)); -33925.2  0 260.681 117.856 29.2293 -34097.3 0.229575 0.211656 0.204062 0.354707  0.178412  0.172856 0.0991671 0.0198776  0.513541 0.0161459
(1,(((2,3),(((4,5),6),((7,(8,9)),((10,11),(12,((13,(14,15)),(16,17))))))),(((((18,19),20),(21,(22,23))),(((24,(25,26)),27),(28,29))),((30,(31,32)),33))),((34,35),36)); -33937.6  0 248.259 117.02 32.2837 -34101.1 0.223883 0.214758  0.19828 0.363079  0.167955  0.165574 0.0989341 0.0188989  0.533101  0.015537
(1,(((2,3),(((4,5),6),((7,(8,9)),((10,11),(12,((13,(14,15)),(16,17))))))),(((((18,19),20),(21,(22,23))),(((24,(25,26)),27),(28,29))),((30,(31,32)),33))),((34,35),36)); -33931.6  0 249.013 117.119 35.1142 -34098.6 0.231832 0.218482 0.184084 0.365601   0.17228  0.173081 0.0963863  0.021746  0.522226 0.0142803
(1,(((2,3),(((4,5),6),((7,(8,9)),((10,11),(12,((13,(14,15)),(16,17))))))),(((((18,19),20),(21,(22,23))),(((24,(25,26)),27),(28,29))),((30,(31,32)),33))),((34,35),36)); -33933.5  0 252.402 116.688 33.2641 -34102.5 0.231909  0.21251 0.179487 0.376094  0.165502  0.171616 0.0943563 0.0211067  0.532927 0.0144917
(1,(((2,3),(((4,5),6),((7,(8,9)),((10,11),(12,((13,(14,15)),(16,17))))))),(((((18,19),20),(21,(22,23))),(((24,(25,26)),27),(28,29))),((30,(31,32)),33))),((34,35),36)); -33934  0 246.653 116.469 33.545 -34097.8 0.222894 0.213407 0.187383 0.376317  0.174526  0.172613   0.10173 0.0208409  0.517834  0.012456
(1,(((2,3),(((4,5),6),((7,(8,9)),((10,11),(12,((13,(14,15)),(16,17))))))),(((((18,19),20),(21,(22,23))),(((24,(25,26)),27),(28,29))),((30,(31,32)),33))),((34,35),36)); -33929.4  0 253.306 116.802 32.3752 -34098.3 0.235826 0.212312 0.184894 0.366967  0.179309   0.17664 0.0916254 0.0165624  0.522923   0.01294
(1,(((2,3),(((4,5),6),((7,(8,9)),((10,11),(12,((13,(14,15)),(16,17))))))),(((((18,19),20),(21,(22,23))),(((24,(25,26)),27),(28,29))),((30,(31,32)),33))),((34,35),36)); -33943.5  0 243.841 116.347 29.5212 -34100.6 0.231882 0.222557 0.164922 0.380639  0.183563  0.170111 0.0968999 0.0204128  0.515418 0.0135961
(1,(((2,3),(((4,5),6),((7,(8,9)),((10,11),(12,((13,(14,15)),(16,17))))))),(((((18,19),20),(21,(22,23))),(((24,(25,26)),27),(28,29))),((30,(31,32)),33))),((34,35),36)); -33934.2  0 248.657 115.893 32.9665 -34099.9 0.227096 0.222979 0.183004 0.366921  0.171712  0.161076 0.0892492 0.0190819  0.546347 0.0125346
(1,(((2,3),(((4,5),6),((7,(8,9)),((10,11),(12,((13,(14,15)),(16,17))))))),(((((18,19),20),(21,(22,23))),(((24,(25,26)),27),(28,29))),((30,(31,32)),33))),((34,35),36)); -33928.7  0 252.279 116.341 34.1101 -34098.8 0.226384 0.226748 0.175966 0.370902  0.176162  0.172579 0.0914716 0.0179899  0.527116 0.0146815
(1,(((2,3),(((4,5),6),((7,(8,9)),((10,11),(12,((13,(14,15)),(16,17))))))),(((((18,19),20),(21,(22,23))),(((24,(25,26)),27),(28,29))),((30,(31,32)),33))),((34,35),36)); -33922.1  0 261.75 116.901 32.801 -34099.8 0.228216 0.224246 0.190019 0.357519  0.178484   0.17724 0.0926576 0.0214615  0.514846 0.0153105
(1,(((2,3),(((4,5),6),((7,(8,9)),((10,11),(12,((13,(14,15)),(16,17))))))),(((((18,19),20),(21,(22,23))),(((24,(25,26)),27),(28,29))),((30,(31,32)),33))),((34,35),36)); -33929.6  0 250.627 115.981 33.8445 -34098.1 0.226329 0.220859 0.178681 0.374131   0.17146  0.162801 0.0914745 0.0189415   0.54081 0.0145136
(1,(((2,3),(((4,5),6),((7,(8,9)),((10,11),(12,((13,(14,15)),(16,17))))))),(((((18,19),20),(21,(22,23))),(((24,(25,26)),27),(28,29))),((30,(31,32)),33))),((34,35),36)); -33930.4  0 252.846 116.781 33.4659 -34099.9 0.229962 0.221114  0.17752 0.371404  0.168724  0.163809 0.0951918 0.0189845  0.537157 0.0161332
(1,(((2,3),(((4,5),6),((7,(8,9)),((10,11),(12,((13,(14,15)),(16,17))))))),(((((18,19),20),(21,(22,23))),(((24,(25,26)),27),(28,29))),((30,(31,32)),33))),((34,35),36)); -33935.5  0 250.237 116.646 31.909 -34101 0.232741 0.221603  0.19204 0.353617  0.173907  0.167124  0.103357 0.0199936  0.520348 0.0152705
(1,(((2,3),(((4,5),6),((7,(8,9)),((10,11),(12,((13,(14,15)),(16,17))))))),(((((18,19),20),(21,(22,23))),(((24,(25,26)),27),(28,29))),((30,(31,32)),33))),((34,35),36)); -33938.8  0 250.495 116.137 26.3691 -34099.6 0.230006 0.229501 0.161127 0.379366  0.177408  0.164202 0.0856163 0.0188196  0.539407 0.0145468
(1,(((2,3),(((4,5),6),((7,(8,9)),((10,11),(12,((13,(14,15)),(16,17))))))),(((((18,19),20),(21,(22,23))),(((24,(25,26)),27),(28,29))),((30,(31,32)),33))),((34,35),36)); -33931.3  0 255.567 116.282 31.5108 -34102.1 0.239109 0.219408 0.178722 0.362762  0.168675  0.177628 0.0901728 0.0222579  0.525735 0.0155319
(1,(((2,3),(((4,5),6),((7,(8,9)),((10,11),(12,((13,(14,15)),(16,17))))))),(((((18,19),20),(21,(22,23))),(((24,(25,26)),27),(28,29))),((30,(31,32)),33))),((34,35),36)); -33943.6  0 251.58 117.488 29.4169 -34107.1 0.225495 0.211706  0.19995  0.36285  0.166204   0.16861  0.086534 0.0207423  0.546203 0.0117073
(1,(((2,3),(((4,5),6),((7,(8,9)),((10,11),(12,((13,(14,15)),(16,17))))))),(((((18,19),20),(21,(22,23))),(((24,(25,26)),27),(28,29))),((30,(31,32)),33))),((34,35),36)); -33931.3  0 252.281 116.98 33.9565 -34100.5 0.232592  0.21512 0.184084 0.368204  0.172046  0.172387 0.0943504 0.0221782  0.527836 0.0112025
(1,(((2,3),(((4,5),6),((7,(8,9)),((10,11),(12,((13,(14,15)),(16,17))))))),(((((18,19),20),(21,(22,23))),(((24,(25,26)),27),(28,29))),((30,(31,32)),33))),((34,35),36)); -33935  0 251.559 116.932 32.6926 -34102.3 0.222138 0.226325 0.191946 0.359591  0.173471  0.180365 0.0968241 0.0210518  0.514065 0.0142223
