tree logl logTop logBL logPrior logQ logWt pi1 pi2 pi3 pi4 s1 s2 s3 s4 s5 s6
(1,(((2,(3,4)),(((5,(6,7)),(8,(9,10))),((((11,12),(13,14)),(15,(16,17))),((18,19),(20,21))))),(22,23)),24); -124381  0 209.858 84.965 33.0797 -124539 0.234909 0.261289 0.187795 0.316008  0.368417  0.159675  0.103298 0.0347004  0.311172 0.0227373
(1,(((2,(3,4)),(((5,(6,7)),(8,(9,10))),((((11,12),(13,14)),(15,(16,17))),((18,19),(20,21))))),(22,23)),24); -124371  0 220.243 84.9748 32.2646 -124539 0.244108 0.258161  0.19295 0.304781  0.375932   0.15768  0.106781 0.0324746  0.303288 0.0238434
(1,(((2,(3,4)),(((5,(6,7)),(8,(9,10))),((((11,12),(13,14)),(15,(16,17))),((18,19),(20,21))))),(22,23)),24); -124363  0 222.203 85.0225 36.8323 -124537 0.244717 0.255065 0.189691 0.310526  0.366986  0.158665  0.114601 0.0365054  0.299964 0.0232788
(1,(((2,(3,4)),(((5,(6,7)),(8,(9,10))),((((11,12),(13,14)),(15,(16,17))),((18,19),(20,21))))),(22,23)),24); -124364  0 219.715 84.9074 38.0459 -124537  0.24374 0.256759 0.189696 0.309805  0.372165  0.160863  0.106991 0.0352565   0.30061 0.0241149
(1,(((2,(3,4)),(((5,(6,7)),(8,(9,10))),((((11,12),(13,14)),(15,(16,17))),((18,19),(20,21))))),(22,23)),24); -124377  0 209.515 85.1665 36.2975 -124537 0.238123 0.260416 0.187505 0.313956  0.364548  0.157502  0.112841 0.0339063  0.305209 0.0259931
(1,(((2,(3,4)),(((5,(6,7)),(8,(9,10))),((((11,12),(13,14)),(15,(16,17))),((18,19),(20,21))))),(22,23)),24); -124366  0 218.412 84.9311 38.0249 -124538 0.245422 0.255929 0.183005 0.315645  0.363318  0.157838  0.109624  0.038176  0.305817 0.0252275
(1,(((2,(3,4)),(((5,(6,7)),(8,(9,10))),((((11,12),(13,14)),(15,(16,17))),((18,19),(20,21))))),(22,23)),24); -124372  0 212.745 84.7771 37.1601 -124538 0.238931 0.263097 0.184841 0.313131   0.36276  0.159001  0.110348 0.0371697  0.307616 0.0231064
(1,(((2,(3,4)),(((5,(6,7)),(8,(9,10))),((((11,12),(13,14)),(15,(16,17))),((18,19),(20,21))))),(22,23)),24); -124377  0 209.914 84.78 36.0389 -124538 0.243057 0.259064 0.182632 0.315246  0.374856  0.161308  0.105394 0.0344424  0.301683 0.0223171
(1,(((2,(3,4)),(((5,(6,7)),(8,(9,10))),((((11,12),(13,14)),(15,(16,17))),((18,19),(20,21))))),(22,23)),24); -124370  0 218.236 84.8412 36.8757 -124541 0.243776 0.261296 0.183721 0.311207  0.360015  0.164149  0.109123 0.0354569  0.306195 0.0250602
(1,(((2,(3,4)),(((5,(6,7)),(8,(9,10))),((((11,12),(13,14)),(15,(16,17))),((18,19),(20,21))))),(22,23)),24); -124371  0 214.864 84.9526 37.6036 -124538 0.240485 0.254539 0.188777 0.316199  0.364715  0.162216  0.107121 0.0342813  0.308656 0.0230106
(1,(((2,(3,4)),(((5,(6,7)),(8,(9,10))),((((11,12),(13,14)),(15,(16,17))),((18,19),(20,21))))),(22,23)),24); -124363  0 221 84.9384 38.7578 -124538 0.244198 0.256302 0.186889 0.312611  0.364257  0.158217    0.1075 0.0400692  0.305833 0.0241237
(1,(((2,(3,4)),(((5,(6,7)),(8,(9,10))),((((11,12),(13,14)),(15,(16,17))),((18,19),(20,21))))),(22,23)),24); -124373  0 211.85 84.8457 37.4395 -124537 0.239687 0.260683  0.18626  0.31337  0.367173  0.156039   0.10659 0.0341782  0.311571 0.0244491
(1,(((2,(3,4)),(((5,(6,7)),(8,(9,10))),((((11,12),(13,14)),(15,(16,17))),((18,19),(20,21))))),(22,23)),24); -124367  0 217.262 84.9381 38.8222 -124538 0.240171 0.258288 0.188909 0.312632  0.365192   0.16275  0.108095 0.0344699  0.305056 0.0244377
(1,(((2,(3,4)),(((5,(6,7)),(8,(9,10))),((((11,12),(13,14)),(15,(16,17))),((18,19),(20,21))))),(22,23)),24); -124373  0 216.548 85.0229 34.6307 -124539 0.239896 0.257167 0.193067  0.30987  0.368699  0.159261  0.114861 0.0342133  0.299881 0.0230848
(1,(((2,(3,4)),(((5,(6,7)),(8,(9,10))),((((11,12),(13,14)),(15,(16,17))),((18,19),(20,21))))),(22,23)),24); -124372  0 214.83 85.0138 36.0446 -124538 0.243174   0.2586  0.18864 0.309586  0.367183   0.16036  0.100821 0.0370555   0.30904 0.0255411
(1,(((2,(3,4)),(((5,(6,7)),(8,(9,10))),((((11,12),(13,14)),(15,(16,17))),((18,19),(20,21))))),(22,23)),24); -124375  0 213.261 84.956 36.3643 -124539 0.238028  0.25993 0.185582 0.316459  0.368034  0.161711  0.104701 0.0366829  0.306904  0.021967
(1,(((2,(3,4)),(((5,(6,7)),(8,(9,10))),((((11,12),(13,14)),(15,(16,17))),((18,19),(20,21))))),(22,23)),24); -124364  0 221.389 84.9484 38.0773 -124539 0.244948 0.260751  0.18352  0.31078  0.366153  0.160418  0.105297 0.0357411  0.308537 0.0238539
(1,(((2,(3,4)),(((5,(6,7)),(8,(9,10))),((((11,12),(13,14)),(15,(16,17))),((18,19),(20,21))))),(22,23)),24); -124367  0 217.175 84.9794 38.1281 -124537 0.241284 0.258879 0.185868  0.31397  0.360681  0.160242  0.114232 0.0371681  0.303876 0.0238009
(1,(((2,(3,4)),(((5,(6,7)),(8,(9,10))),((((11,12),(13,14)),(15,(16,17))),((18,19),(20,21))))),(22,23)),24); -124366  0 220.131 84.9556 35.0104 -124536 0.239686 0.253213 0.188308 0.318794  0.362752  0.157038  0.110392 0.0404978  0.303747 0.0255735
(1,(((2,(3,4)),(((5,(6,7)),(8,(9,10))),((((11,12),(13,14)),(15,(16,17))),((18,19),(20,21))))),(22,23)),24); -124361  0 224.792 85.0555 37.7936 -124538 0.242079 0.255697 0.185608 0.316616  0.368602  0.162909  0.108543 0.0374525  0.298207 0.0242867
(1,(((2,(3,4)),(((5,(6,7)),(8,(9,10))),((((11,12),(13,14)),(15,(16,17))),((18,19),(20,21))))),(22,23)),24); -124365  0 220.59 84.8541 35.983 -124537 0.245278 0.256587 0.185279 0.312856  0.364927  0.157035   0.11611 0.0379097  0.301786 0.0222313
(1,(((2,(3,4)),(((5,(6,7)),(8,(9,10))),((((11,12),(13,14)),(15,(16,17))),((18,19),(20,21))))),(22,23)),24); -124367  0 221.429 84.9247 34.7205 -124538 0.242554 0.262001  0.18464 0.310806  0.367645  0.150064   0.11074 0.0375608  0.310186 0.0238039
(1,(((2,(3,4)),(((5,(6,7)),(8,(9,10))),((((11,12),(13,14)),(15,(16,17))),((18,19),(20,21))))),(22,23)),24); -124367  0 220.489 84.8927 36.7807 -124540 0.244155 0.260425  0.18521  0.31021  0.358077  0.159392  0.108923 0.0389557   0.31095 0.0237023
(1,(((2,(3,4)),(((5,(6,7)),(8,(9,10))),((((11,12),(13,14)),(15,(16,17))),((18,19),(20,21))))),(22,23)),24); -124380  0 208.094 85.0101 33.7591 -124537  0.24298 0.263077 0.187715 0.306229  0.369925  0.151993  0.106042 0.0375754  0.310361 0.0241027
(1,(((2,(3,4)),(((5,(6,7)),(8,(9,10))),((((11,12),(13,14)),(15,(16,17))),((18,19),(20,21))))),(22,23)),24); -124366  0 219.173 84.7543 36.4656 -124537 0.245357 0.259593 0.183315 0.311735  0.373423  0.157162  0.103752 0.0387437  0.303643 0.0232768
(1,(((2,(3,4)),(((5,(6,7)),(8,(9,10))),((((11,12),(13,14)),(15,(16,17))),((18,19),(20,21))))),(22,23)),24); -124371  0 213.724 84.9376 37.591 -124538  0.24182 0.254094 0.188876  0.31521  0.368623  0.158431  0.112481 0.0371308  0.300824 0.0225098
(1,(((2,(3,4)),(((5,(6,7)),(8,(9,10))),((((11,12),(13,14)),(15,(16,17))),((18,19),(20,21))))),(22,23)),24); -124374  0 212.065 84.8906 36.3313 -124538 0.244804 0.254007 0.182047 0.319142  0.367469   0.15906  0.106163 0.0359982  0.308332 0.0229776
(1,(((2,(3,4)),(((5,(6,7)),(8,(9,10))),((((11,12),(13,14)),(15,(16,17))),((18,19),(20,21))))),(22,23)),24); -124369  0 218.088 85.1883 35.3797 -124538   0.2459 0.252641 0.187816 0.313643  0.373772  0.155757  0.109459 0.0339864  0.301438  0.025588
(1,(((2,(3,4)),(((5,(6,7)),(8,(9,10))),((((11,12),(13,14)),(15,(16,17))),((18,19),(20,21))))),(22,23)),24); -124373  0 210.031 84.9053 39.1608 -124538 0.242872 0.258852  0.18613 0.312146  0.370331  0.155649  0.108373 0.0382176  0.304112 0.0233171
(1,(((2,(3,4)),(((5,(6,7)),(8,(9,10))),((((11,12),(13,14)),(15,(16,17))),((18,19),(20,21))))),(22,23)),24); -124366  0 222.726 85.1297 36.1414 -124540 0.241846  0.25854 0.182371 0.317244 0.360344 0.164079 0.109975 0.035893  0.30743 0.022279
(1,(((2,(3,4)),(((5,(6,7)),(8,(9,10))),((((11,12),(13,14)),(15,(16,17))),((18,19),(20,21))))),(22,23)),24); -124364  0 221.612 84.8318 36.5946 -124537 0.243019  0.25391 0.187057 0.316014  0.36759 0.156148  0.11197 0.040162 0.299912 0.024218
(1,(((2,(3,4)),(((5,(6,7)),(8,(9,10))),((((11,12),(13,14)),(15,(16,17))),((18,19),(20,21))))),(22,23)),24); -124364  0 221.971 84.9611 37.2847 -124538 0.243091 0.258863 0.182635 0.315411  0.367592  0.158525  0.110084 0.0363299  0.300844 0.0266254
(1,(((2,(3,4)),(((5,(6,7)),(8,(9,10))),((((11,12),(13,14)),(15,(16,17))),((18,19),(20,21))))),(22,23)),24); -124361  0 225.806 84.8563 36.326 -124538 0.241906 0.260253  0.18105 0.316791  0.366518   0.15927  0.113527 0.0365913  0.301227 0.0228662
(1,(((2,(3,4)),(((5,(6,7)),(8,(9,10))),((((11,12),(13,14)),(15,(16,17))),((18,19),(20,21))))),(22,23)),24); -124360  0 223.381 85.0773 39.1243 -124538 0.239411 0.259396  0.18788 0.313313  0.366942  0.159148  0.109772 0.0380748  0.302006 0.0240564
(1,(((2,(3,4)),(((5,(6,7)),(8,(9,10))),((((11,12),(13,14)),(15,(16,17))),((18,19),(20,21))))),(22,23)),24); -124369  0 216.483 84.8447 36.4661 -124538 0.245303  0.26086 0.182337 0.311499  0.369241  0.160923   0.10622 0.0341665  0.303517 0.0259331
(1,(((2,(3,4)),(((5,(6,7)),(8,(9,10))),((((11,12),(13,14)),(15,(16,17))),((18,19),(20,21))))),(22,23)),24); -124376  0 215.909 84.9021 33.5417 -124540 0.245812 0.254071 0.187068 0.313049  0.365514  0.151967  0.111151 0.0415676  0.307313 0.0224873
(1,(((2,(3,4)),(((5,(6,7)),(8,(9,10))),((((11,12),(13,14)),(15,(16,17))),((18,19),(20,21))))),(22,23)),24); -124361  0 221.086 84.8926 39.6207 -124537 0.242219 0.257274 0.187539 0.312968  0.368649  0.157182  0.110485 0.0376501  0.301693 0.0243413
(1,(((2,(3,4)),(((5,(6,7)),(8,(9,10))),((((11,12),(13,14)),(15,(16,17))),((18,19),(20,21))))),(22,23)),24); -124372  0 215.273 84.7767 33.068 -124535 0.239655 0.258541 0.182337 0.319467  0.357099   0.15578  0.112038 0.0398831  0.309965 0.0252347
(1,(((2,(3,4)),(((5,(6,7)),(8,(9,10))),((((11,12),(13,14)),(15,(16,17))),((18,19),(20,21))))),(22,23)),24); -124378  0 206.109 84.964 38.9466 -124538 0.239878 0.259679  0.18792 0.312523  0.363336  0.160322  0.106599  0.038007  0.307151 0.0245845
(1,(((2,(3,4)),(((5,(6,7)),(8,(9,10))),((((11,12),(13,14)),(15,(16,17))),((18,19),(20,21))))),(22,23)),24); -124372  0 210.066 84.8833 39.3368 -124537 0.244193  0.25938 0.186289 0.310138  0.367744  0.156871  0.108114 0.0368813  0.305366 0.0250238
(1,(((2,(3,4)),(((5,(6,7)),(8,(9,10))),((((11,12),(13,14)),(15,(16,17))),((18,19),(20,21))))),(22,23)),24); -124365  0 222.919 85.1618 36.2386 -124539  0.24648 0.253307 0.185189 0.315024  0.365139  0.154628  0.108986 0.0395035   0.30669 0.0250523
(1,(((2,(3,4)),(((5,(6,7)),(8,(9,10))),((((11,12),(13,14)),(15,(16,17))),((18,19),(20,21))))),(22,23)),24); -124358  0 224.29 84.8333 40.1035 -124538 0.242566 0.256378 0.187805 0.313252  0.365581   0.15934  0.108006 0.0354978  0.307264 0.0243114
(1,(((2,(3,4)),(((5,(6,7)),(8,(9,10))),((((11,12),(13,14)),(15,(16,17))),((18,19),(20,21))))),(22,23)),24); -124374  0 215.838 84.9136 35.0123 -124540  0.24195 0.255956 0.189376 0.312718  0.359358  0.164036  0.104062 0.0349791  0.311447 0.0261168
(1,(((2,(3,4)),(((5,(6,7)),(8,(9,10))),((((11,12),(13,14)),(15,(16,17))),((18,19),(20,21))))),(22,23)),24); -124361  0 222.487 84.9345 37.4818 -124536 0.244326 0.260059 0.183307 0.312307  0.374191   0.15707  0.107733 0.0372202  0.300479 0.0233058
(1,(((2,(3,4)),(((5,(6,7)),(8,(9,10))),((((11,12),(13,14)),(15,(16,17))),((18,19),(20,21))))),(22,23)),24); -124363  0 221.069 84.9003 38.2672 -124537  0.23974 0.256979 0.186786 0.316495  0.360484  0.159597  0.109321 0.0386645  0.307986 0.0239469
(1,(((2,(3,4)),(((5,(6,7)),(8,(9,10))),((((11,12),(13,14)),(15,(16,17))),((18,19),(20,21))))),(22,23)),24); -124369  0 214.748 84.9704 38.1297 -124537 0.242692  0.26087 0.184515 0.311922  0.363299  0.158175  0.113037 0.0377252  0.302881 0.0248835
(1,(((2,(3,4)),(((5,(6,7)),(8,(9,10))),((((11,12),(13,14)),(15,(16,17))),((18,19),(20,21))))),(22,23)),24); -124372  0 217.273 84.7238 33.4259 -124538  0.24698 0.258184 0.179844 0.314992  0.372575  0.157084  0.109057 0.0380388    0.2972 0.0260449
(1,(((2,(3,4)),(((5,(6,7)),(8,(9,10))),((((11,12),(13,14)),(15,(16,17))),((18,19),(20,21))))),(22,23)),24); -124364  0 220.555 84.8287 38.2372 -124538 0.245197 0.255178 0.186212 0.313413  0.365884  0.154715  0.109163 0.0389116  0.307176 0.0241505
(1,(((2,(3,4)),(((5,(6,7)),(8,(9,10))),((((11,12),(13,14)),(15,(16,17))),((18,19),(20,21))))),(22,23)),24); -124375  0 216.312 84.9913 33.637 -124540 0.236606 0.255805 0.192737 0.314852  0.363939  0.163446   0.10881 0.0330764  0.308107 0.0226215
(1,(((2,(3,4)),(((5,(6,7)),(8,(9,10))),((((11,12),(13,14)),(15,(16,17))),((18,19),(20,21))))),(22,23)),24); -124367  0 219.117 84.8362 36.5219 -124538 0.244966 0.258513 0.187256 0.309265  0.364741  0.156845  0.111476 0.0367356  0.303016 0.0271859
(1,(((2,(3,4)),(((5,(6,7)),(8,(9,10))),((((11,12),(13,14)),(15,(16,17))),((18,19),(20,21))))),(22,23)),24); -124373  0 218.113 85.1244 35.4124 -124542 0.244379     0.26 0.186501  0.30912  0.357926     0.161  0.106459 0.0362612  0.312054 0.0262995
(1,(((2,(3,4)),(((5,(6,7)),(8,(9,10))),((((11,12),(13,14)),(15,(16,17))),((18,19),(20,21))))),(22,23)),24); -124372  0 214.541 84.7908 36.6762 -124538 0.243128 0.253907 0.189745  0.31322   0.36657  0.160019  0.107902 0.0397811  0.304026 0.0217017
(1,(((2,(3,4)),(((5,(6,7)),(8,(9,10))),((((11,12),(13,14)),(15,(16,17))),((18,19),(20,21))))),(22,23)),24); -124376  0 216.518 84.8763 32.8338 -124541 0.247207 0.256566 0.188007 0.308219  0.372253  0.151794  0.113743 0.0330438  0.305588 0.0235791
(1,(((2,(3,4)),(((5,(6,7)),(8,(9,10))),((((11,12),(13,14)),(15,(16,17))),((18,19),(20,21))))),(22,23)),24); -124371  0 213.511 84.8149 37.4185 -124537  0.24085 0.259892 0.189623 0.309635  0.367786  0.157193  0.110319  0.039113  0.300484 0.0251053
(1,(((2,(3,4)),(((5,(6,7)),(8,(9,10))),((((11,12),(13,14)),(15,(16,17))),((18,19),(20,21))))),(22,23)),24); -124375  0 211.811 84.9978 36.2809 -124538 0.241349 0.256791 0.187527 0.314333   0.36899  0.162426  0.104139 0.0404526  0.301574 0.0224183
(1,(((2,(3,4)),(((5,(6,7)),(8,(9,10))),((((11,12),(13,14)),(15,(16,17))),((18,19),(20,21))))),(22,23)),24); -124368  0 222.02 84.9199 33.5103 -124539 0.244078 0.261119 0.184246 0.310557  0.357577  0.163917  0.116891 0.0354784  0.302641 0.0234948
(1,(((2,(3,4)),(((5,(6,7)),(8,(9,10))),((((11,12),(13,14)),(15,(16,17))),((18,19),(20,21))))),(22,23)),24); -124366  0 220.671 84.9455 35.9119 -124538  0.24301 0.262368 0.184582 0.310039  0.363909  0.154472  0.110228 0.0367119  0.308094 0.0265847
(1,(((2,(3,4)),(((5,(6,7)),(8,(9,10))),((((11,12),(13,14)),(15,(16,17))),((18,19),(20,21))))),(22,23)),24); -124367  0 216.662 85.0238 38.6399 -124537 0.240222 0.255477 0.187983 0.316318  0.367041  0.157007  0.111014 0.0382482  0.302783 0.0239064
(1,(((2,(3,4)),(((5,(6,7)),(8,(9,10))),((((11,12),(13,14)),(15,(16,17))),((18,19),(20,21))))),(22,23)),24); -124361  0 221.782 84.8155 39.2055 -124537 0.241435 0.259192 0.187528 0.311845  0.369244  0.160346  0.107595  0.037969  0.300618 0.0242284
(1,(((2,(3,4)),(((5,(6,7)),(8,(9,10))),((((11,12),(13,14)),(15,(16,17))),((18,19),(20,21))))),(22,23)),24); -124368  0 220.334 84.8318 35.0397 -124539  0.24293  0.25883 0.183718 0.314522  0.358619  0.158277  0.111297 0.0378601  0.312611 0.0213362
(1,(((2,(3,4)),(((5,(6,7)),(8,(9,10))),((((11,12),(13,14)),(15,(16,17))),((18,19),(20,21))))),(22,23)),24); -124372  0 216.891 84.9203 33.7996 -124538 0.240837 0.260796 0.188372 0.309995  0.358011  0.155331  0.112117 0.0409794  0.307427 0.0261337
(1,(((2,(3,4)),(((5,(6,7)),(8,(9,10))),((((11,12),(13,14)),(15,(16,17))),((18,19),(20,21))))),(22,23)),24); -124363  0 219.596 84.9952 39.3685 -124537 0.244561 0.257573 0.184906  0.31296  0.366444  0.156847  0.109751 0.0384982    0.3041 0.0243586
(1,(((2,(3,4)),(((5,(6,7)),(8,(9,10))),((((11,12),(13,14)),(15,(16,17))),((18,19),(20,21))))),(22,23)),24); -124360  0 225.323 84.9073 37.102 -124537 0.242335 0.258705 0.184212 0.314748  0.364121  0.154752  0.112404 0.0390408  0.303835  0.025848
(1,(((2,(3,4)),(((5,(6,7)),(8,(9,10))),((((11,12),(13,14)),(15,(16,17))),((18,19),(20,21))))),(22,23)),24); -124373  0 215.851 85.08 36.2637 -124540  0.24055 0.256839 0.192786 0.309825  0.372271  0.154728   0.10857 0.0377792  0.303771 0.0228804
(1,(((2,(3,4)),(((5,(6,7)),(8,(9,10))),((((11,12),(13,14)),(15,(16,17))),((18,19),(20,21))))),(22,23)),24); -124368  0 216.592 85.0902 38.2972 -124538 0.240891 0.258206 0.183152 0.317751  0.366701  0.158484  0.105585 0.0374371  0.307859 0.0239341
(1,(((2,(3,4)),(((5,(6,7)),(8,(9,10))),((((11,12),(13,14)),(15,(16,17))),((18,19),(20,21))))),(22,23)),24); -124371  0 215.889 84.9368 36.4023 -124538 0.239187 0.259903 0.187407 0.313502  0.373615  0.156582   0.10816 0.0326716   0.30614 0.0228309
(1,(((2,(3,4)),(((5,(6,7)),(8,(9,10))),((((11,12),(13,14)),(15,(16,17))),((18,19),(20,21))))),(22,23)),24); -124372  0 211.657 84.8056 38.0758 -124537  0.24263 0.256302 0.186069 0.314999  0.366671  0.155261  0.109076  0.040499  0.304469 0.0240243
(1,(((2,(3,4)),(((5,(6,7)),(8,(9,10))),((((11,12),(13,14)),(15,(16,17))),((18,19),(20,21))))),(22,23)),24); -124373  0 213.529 85.0454 37.7457 -124539 0.242177 0.258715 0.183248 0.315859  0.365616  0.164056  0.107931 0.0352828  0.301882 0.0252324
(1,(((2,(3,4)),(((5,(6,7)),(8,(9,10))),((((11,12),(13,14)),(15,(16,17))),((18,19),(20,21))))),(22,23)),24); -124368  0 219.087 84.8797 36.2999 -124539 0.242517 0.258694 0.181892 0.316897  0.364084  0.160041   0.10786 0.0361798  0.304601 0.0272346
(1,(((2,(3,4)),(((5,(6,7)),(8,(9,10))),((((11,12),(13,14)),(15,(16,17))),((18,19),(20,21))))),(22,23)),24); -124369  0 219.054 85.1249 36.5946 -124539 0.242184 0.252425 0.189137 0.316254  0.369123  0.154081  0.109425 0.0389182  0.304886 0.0235671
(1,(((2,(3,4)),(((5,(6,7)),(8,(9,10))),((((11,12),(13,14)),(15,(16,17))),((18,19),(20,21))))),(22,23)),24); -124373  0 210.784 84.6857 36.2839 -124536 0.245411 0.259897  0.18438 0.310312  0.374487  0.156757  0.108702 0.0346955  0.299823 0.0255359
(1,(((2,(3,4)),(((5,(6,7)),(8,(9,10))),((((11,12),(13,14)),(15,(16,17))),((18,19),(20,21))))),(22,23)),24); -124363  0 223.091 84.9071 36.2594 -124537 0.244845  0.25562 0.185037 0.314497  0.356707  0.159459  0.114527 0.0368177  0.308127 0.0243619
(1,(((2,(3,4)),(((5,(6,7)),(8,(9,10))),((((11,12),(13,14)),(15,(16,17))),((18,19),(20,21))))),(22,23)),24); -124373  0 213.022 84.895 36.5372 -124538 0.243906 0.262945 0.183294 0.309855  0.365805   0.15818  0.106791 0.0354887  0.310925 0.0228099
(1,(((2,(3,4)),(((5,(6,7)),(8,(9,10))),((((11,12),(13,14)),(15,(16,17))),((18,19),(20,21))))),(22,23)),24); -124373  0 213.24 84.7282 37.7573 -124539 0.243774 0.258916 0.185113 0.312197  0.364473  0.164591   0.10422  0.037686  0.305437 0.0235928
(1,(((2,(3,4)),(((5,(6,7)),(8,(9,10))),((((11,12),(13,14)),(15,(16,17))),((18,19),(20,21))))),(22,23)),24); -124379  0 214.985 84.9793 34.2067 -124543 0.244029  0.25807 0.190952 0.306949  0.360968  0.157322  0.110873 0.0332221  0.313958 0.0236556
(1,(((2,(3,4)),(((5,(6,7)),(8,(9,10))),((((11,12),(13,14)),(15,(16,17))),((18,19),(20,21))))),(22,23)),24); -124362  0 223.822 84.7887 37.5165 -124539 0.241317 0.260708 0.185916 0.312059  0.360693   0.15886  0.107788  0.036495  0.313109 0.0230554
(1,(((2,(3,4)),(((5,(6,7)),(8,(9,10))),((((11,12),(13,14)),(15,(16,17))),((18,19),(20,21))))),(22,23)),24); -124364  0 221.334 84.978 37.8638 -124538 0.239331 0.258985 0.184607 0.317078  0.363441  0.160936  0.112447 0.0363043  0.302551 0.0243202
(1,(((2,(3,4)),(((5,(6,7)),(8,(9,10))),((((11,12),(13,14)),(15,(16,17))),((18,19),(20,21))))),(22,23)),24); -124370  0 215.417 84.9812 36.6417 -124537 0.242527   0.2531 0.191783  0.31259  0.366966  0.158963  0.108181 0.0361938  0.303162 0.0265341
(1,(((2,(3,4)),(((5,(6,7)),(8,(9,10))),((((11,12),(13,14)),(15,(16,17))),((18,19),(20,21))))),(22,23)),24); -124372  0 213.648 84.6274 36.4608 -124538 0.243542 0.259196 0.184118 0.313143  0.360357  0.159809    0.1139 0.0349735  0.308912  0.022049
(1,(((2,(3,4)),(((5,(6,7)),(8,(9,10))),((((11,12),(13,14)),(15,(16,17))),((18,19),(20,21))))),(22,23)),24); -124366  0 219.3 84.5196 37.0719 -124538 0.240005 0.260594 0.186712 0.312689  0.368128  0.160239  0.103427 0.0338977  0.310265 0.0240436
(1,(((2,(3,4)),(((5,(6,7)),(8,(9,10))),((((11,12),(13,14)),(15,(16,17))),((18,19),(20,21))))),(22,23)),24); -124367  0 219.196 85.2316 36.3515 -124537  0.24431 0.254072 0.186322 0.315296  0.365616  0.154509  0.113233 0.0373995  0.303029 0.0262137
(1,(((2,(3,4)),(((5,(6,7)),(8,(9,10))),((((11,12),(13,14)),(15,(16,17))),((18,19),(20,21))))),(22,23)),24); -124366  0 217.547 85.0838 38.5343 -124537 0.240981 0.257435 0.184475  0.31711  0.368654  0.156687  0.108219 0.0354626  0.308203 0.0227742
(1,(((2,(3,4)),(((5,(6,7)),(8,(9,10))),((((11,12),(13,14)),(15,(16,17))),((18,19),(20,21))))),(22,23)),24); -124369  0 217.546 84.7857 35.5387 -124537 0.244042 0.255975 0.185552 0.314431   0.35738  0.164744   0.11455  0.035952  0.303976 0.0233986
(1,(((2,(3,4)),(((5,(6,7)),(8,(9,10))),((((11,12),(13,14)),(15,(16,17))),((18,19),(20,21))))),(22,23)),24); -124372  0 217.368 85.0112 34.8287 -124539 0.245835 0.256287 0.183954 0.313924  0.362693  0.161226  0.106627  0.038089  0.303344 0.0280201
(1,(((2,(3,4)),(((5,(6,7)),(8,(9,10))),((((11,12),(13,14)),(15,(16,17))),((18,19),(20,21))))),(22,23)),24); -124377  0 206.764 85.0662 37.896 -124537  0.24117 0.254389 0.187967 0.316474   0.36408  0.157475  0.108057 0.0386213  0.305908 0.0258585
(1,(((2,(3,4)),(((5,(6,7)),(8,(9,10))),((((11,12),(13,14)),(15,(16,17))),((18,19),(20,21))))),(22,23)),24); -124371  0 217.897 84.914 33.5837 -124538  0.24084 0.256204  0.18047 0.322486   0.36517  0.159893   0.10923 0.0356127   0.30359 0.0265043
(1,(((2,(3,4)),(((5,(6,7)),(8,(9,10))),((((11,12),(13,14)),(15,(16,17))),((18,19),(20,21))))),(22,23)),24); -124377  0 216.006 84.8983 32.4942 -124540   0.2487 0.255468 0.184288 0.311543  0.355637  0.162207  0.112778 0.0378089  0.309633 0.0219362
(1,(((2,(3,4)),(((5,(6,7)),(8,(9,10))),((((11,12),(13,14)),(15,(16,17))),((18,19),(20,21))))),(22,23)),24); -124374  0 217.559 84.9564 34.1244 -124541 0.239423 0.252592 0.192618 0.315367  0.371929  0.159837   0.10531 0.0343078  0.306709 0.0219082
(1,(((2,(3,4)),(((5,(6,7)),(8,(9,10))),((((11,12),(13,14)),(15,(16,17))),((18,19),(20,21))))),(22,23)),24); -124376  0 210.127 85.2842 36.3646 -124538 0.238299 0.258469 0.189647 0.313586  0.363767  0.157714  0.108403 0.0408719  0.306639 0.0226051
(1,(((2,(3,4)),(((5,(6,7)),(8,(9,10))),((((11,12),(13,14)),(15,(16,17))),((18,19),(20,21))))),(22,23)),24); -124370  0 214.861 84.8672 37.9994 -124538 0.239098 0.256735 0.186577  0.31759   0.37058  0.160623  0.106184 0.0348058  0.303365 0.0244416
(1,(((2,(3,4)),(((5,(6,7)),(8,(9,10))),((((11,12),(13,14)),(15,(16,17))),((18,19),(20,21))))),(22,23)),24); -124374  0 212.381 84.9144 36.7849 -124538 0.240942 0.255109 0.186726 0.317223  0.364503  0.160547  0.107769  0.040242  0.304892 0.0220462
(1,(((2,(3,4)),(((5,(6,7)),(8,(9,10))),((((11,12),(13,14)),(15,(16,17))),((18,19),(20,21))))),(22,23)),24); -124373  0 214.166 84.8463 35.4127 -124537 0.238662 0.261859 0.183961 0.315518  0.370531   0.15323  0.111631 0.0378094  0.301942 0.0248564
(1,(((2,(3,4)),(((5,(6,7)),(8,(9,10))),((((11,12),(13,14)),(15,(16,17))),((18,19),(20,21))))),(22,23)),24); -124376  0 215.648 84.6573 33.3427 -124540 0.244571 0.255089 0.187616 0.312724  0.374302  0.149565  0.113863 0.0349986  0.304037 0.0232347
(1,(((2,(3,4)),(((5,(6,7)),(8,(9,10))),((((11,12),(13,14)),(15,(16,17))),((18,19),(20,21))))),(22,23)),24); -124374  0 210.045 84.8986 37.5622 -124537  0.24356 0.259676 0.183191 0.313573  0.366303  0.155415  0.110828  0.039564  0.305042 0.0228487
(1,(((2,(3,4)),(((5,(6,7)),(8,(9,10))),((((11,12),(13,14)),(15,(16,17))),((18,19),(20,21))))),(22,23)),24); -124369  0 220.25 85.0078 34.983 -124539 0.237662 0.263926 0.183844 0.314568  0.370764  0.160396  0.106699 0.0340905  0.305188 0.0228633
(1,(((2,(3,4)),(((5,(6,7)),(8,(9,10))),((((11,12),(13,14)),(15,(16,17))),((18,19),(20,21))))),(22,23)),24); -124371  0 212.94 84.8506 36.6276 -124536 0.238519 0.260047  0.18549 0.315943   0.36594  0.153246  0.108562 0.0382299  0.310041 0.0239813
(1,(((2,(3,4)),(((5,(6,7)),(8,(9,10))),((((11,12),(13,14)),(15,(16,17))),((18,19),(20,21))))),(22,23)),24); -124369  0 215.944 85.1248 38.133 -124538 0.242749 0.259123 0.183705 0.314423  0.365662  0.157658  0.107348 0.0349467   0.31163 0.0227546
(1,(((2,(3,4)),(((5,(6,7)),(8,(9,10))),((((11,12),(13,14)),(15,(16,17))),((18,19),(20,21))))),(22,23)),24); -124364  0 222.403 85.096 36.7965 -124538 0.239123 0.258086 0.186873 0.315917  0.362789  0.161024  0.112052  0.033499  0.304766 0.0258703
(1,(((2,(3,4)),(((5,(6,7)),(8,(9,10))),((((11,12),(13,14)),(15,(16,17))),((18,19),(20,21))))),(22,23)),24); -124365  0 218.535 85.0012 38.0391 -124537 0.241512 0.259607 0.184042 0.314839  0.373927  0.158385  0.104898 0.0354924   0.30343  0.023867
(1,(((2,(3,4)),(((5,(6,7)),(8,(9,10))),((((11,12),(13,14)),(15,(16,17))),((18,19),(20,21))))),(22,23)),24); -124373  0 213.592 84.8295 35.8964 -124538 0.242853 0.261696 0.182851   0.3126  0.370352   0.15902  0.111976 0.0358611  0.297121 0.0256692
(1,(((2,(3,4)),(((5,(6,7)),(8,(9,10))),((((11,12),(13,14)),(15,(16,17))),((18,19),(20,21))))),(22,23)),24); -124375  0 215.418 85.0122 35.168 -124541 0.244934 0.249951 0.189641 0.315473     0.367  0.157241  0.106947 0.0359598   0.30998 0.0228717
(1,(((2,(3,4)),(((5,(6,7)),(8,(9,10))),((((11,12),(13,14)),(15,(16,17))),((18,19),(20,21))))),(22,23)),24); -124366  0 218.49 85.0522 36.9038 -124536 0.245949  0.25518 0.182897 0.315974  0.365174  0.160362  0.113355 0.0360658  0.300807 0.0242363
(1,(((2,(3,4)),(((5,(6,7)),(8,(9,10))),((((11,12),(13,14)),(15,(16,17))),((18,19),(20,21))))),(22,23)),24); -124370  0 223.194 84.9527 33.3335 -124541 0.243451 0.256071 0.189918  0.31056  0.369857  0.155894  0.104022 0.0369452  0.312778 0.0205036
(1,(((2,(3,4)),(((5,(6,7)),(8,(9,10))),((((11,12),(13,14)),(15,(16,17))),((18,19),(20,21))))),(22,23)),24); -124373  0 213.915 84.8986 35.3908 -124537 0.243977 0.263315  0.18299 0.309717  0.370187  0.158899  0.112555 0.0355738  0.300262 0.0225224
(1,(((2,(3,4)),(((5,(6,7)),(8,(9,10))),((((11,12),(13,14)),(15,(16,17))),((18,19),(20,21))))),(22,23)),24); -124366  0 219.551 84.8948 37.6496 -124538 0.246477 0.258216 0.186445 0.308861  0.363061  0.158793  0.109847 0.0388511  0.304234 0.0252136
(1,(((2,(3,4)),(((5,(6,7)),(8,(9,10))),((((11,12),(13,14)),(15,(16,17))),((18,19),(20,21))))),(22,23)),24); -124377  0 206.595 84.7313 38.4397 -124538 0.243124 0.256492 0.189419 0.310966  0.370287  0.156933   0.11133 0.0359159  0.302934 0.0226003
(1,(((2,(3,4)),(((5,(6,7)),(8,(9,10))),((((11,12),(13,14)),(15,(16,17))),((18,19),(20,21))))),(22,23)),24); -124373  0 219.265 85.1088 29.5001 -124537 0.237962 0.258064 0.192179 0.311794  0.356858   0.15712  0.119148 0.0354527   0.30457 0.0268516
(1,(((2,(3,4)),(((5,(6,7)),(8,(9,10))),((((11,12),(13,14)),(15,(16,17))),((18,19),(20,21))))),(22,23)),24); -124380  0 204.018 84.8412 36.7968 -124536  0.24115 0.257179 0.186225 0.315446  0.360128  0.156131  0.114157 0.0361878  0.307447 0.0259498
(1,(((2,(3,4)),(((5,(6,7)),(8,(9,10))),((((11,12),(13,14)),(15,(16,17))),((18,19),(20,21))))),(22,23)),24); -124363  0 223.384 84.6795 35.6572 -124537 0.241434 0.260991 0.192204  0.30537  0.369777  0.157497   0.10818 0.0375162  0.303173  0.023856
(1,(((2,(3,4)),(((5,(6,7)),(8,(9,10))),((((11,12),(13,14)),(15,(16,17))),((18,19),(20,21))))),(22,23)),24); -124379  0 203.625 84.5325 38.3744 -124537 0.241732 0.260864 0.185918 0.311486  0.371925  0.155361  0.106356  0.035675  0.306712 0.0239713
(1,(((2,(3,4)),(((5,(6,7)),(8,(9,10))),((((11,12),(13,14)),(15,(16,17))),((18,19),(20,21))))),(22,23)),24); -124368  0 218.381 84.936 35.6657 -124537 0.242988 0.257864 0.185504 0.313643  0.366727  0.159559  0.116665 0.0343027  0.300621 0.0221253
(1,(((2,(3,4)),(((5,(6,7)),(8,(9,10))),((((11,12),(13,14)),(15,(16,17))),((18,19),(20,21))))),(22,23)),24); -124364  0 223.466 84.9429 35.7973 -124538 0.241191 0.262441 0.183149 0.313218  0.359161   0.15924  0.114599 0.0379635  0.304673 0.0243634
(1,(((2,(3,4)),(((5,(6,7)),(8,(9,10))),((((11,12),(13,14)),(15,(16,17))),((18,19),(20,21))))),(22,23)),24); -124374  0 213.382 85.0189 35.6648 -124538 0.243099 0.255484 0.182015 0.319402  0.366738  0.159007  0.111262 0.0385473  0.299032 0.0254135
(1,(((2,(3,4)),(((5,(6,7)),(8,(9,10))),((((11,12),(13,14)),(15,(16,17))),((18,19),(20,21))))),(22,23)),24); -124376  0 214.726 84.6318 34.2877 -124541 0.242512 0.257568  0.19066 0.309259  0.358421  0.157937  0.105026 0.0372225  0.316019 0.0253741
(1,(((2,(3,4)),(((5,(6,7)),(8,(9,10))),((((11,12),(13,14)),(15,(16,17))),((18,19),(20,21))))),(22,23)),24); -124371  0 212.139 84.8946 39.0755 -124538 0.242994 0.260296 0.185236 0.311474  0.363808  0.161654  0.110705 0.0370378  0.303261 0.0235349
(1,(((2,(3,4)),(((5,(6,7)),(8,(9,10))),((((11,12),(13,14)),(15,(16,17))),((18,19),(20,21))))),(22,23)),24); -124367  0 216.363 84.8856 39.1807 -124538 0.243946 0.256219 0.184471 0.315364  0.363109   0.15786  0.110488 0.0378709  0.306548 0.0241236
(1,(((2,(3,4)),(((5,(6,7)),(8,(9,10))),((((11,12),(13,14)),(15,(16,17))),((18,19),(20,21))))),(22,23)),24); -124374  0 213.602 84.9988 36.3402 -124539 0.245369 0.256526 0.189419 0.308686  0.360442   0.15695  0.111921 0.0392527  0.306077 0.0253563
(1,(((2,(3,4)),(((5,(6,7)),(8,(9,10))),((((11,12),(13,14)),(15,(16,17))),((18,19),(20,21))))),(22,23)),24); -124364  0 220.211 84.7595 38.6771 -124538 0.243247 0.260269 0.183529 0.312955  0.363793  0.161186  0.108083  0.035561  0.305908 0.0254686
(1,(((2,(3,4)),(((5,(6,7)),(8,(9,10))),((((11,12),(13,14)),(15,(16,17))),((18,19),(20,21))))),(22,23)),24); -124374  0 213.624 84.8781 36.0064 -124539 0.242829 0.254132 0.188586 0.314453  0.368518  0.157277  0.102087 0.0399186  0.308637 0.0235635
(1,(((2,(3,4)),(((5,(6,7)),(8,(9,10))),((((11,12),(13,14)),(15,(16,17))),((18,19),(20,21))))),(22,23)),24); -124375  0 213.099 84.8831 33.4964 -124536 0.246054 0.262781 0.183446 0.307718  0.372207  0.162368  0.104302 0.0385447  0.298875 0.0237042
(1,(((2,(3,4)),(((5,(6,7)),(8,(9,10))),((((11,12),(13,14)),(15,(16,17))),((18,19),(20,21))))),(22,23)),24); -124374  0 214.449 84.986 36.6166 -124540 0.240615 0.259441 0.186227 0.313717  0.368467  0.164513    0.1072 0.0379943  0.299891 0.0219347
(1,(((2,(3,4)),(((5,(6,7)),(8,(9,10))),((((11,12),(13,14)),(15,(16,17))),((18,19),(20,21))))),(22,23)),24); -124374  0 210.989 84.9331 36.7427 -124537 0.246008 0.259036 0.185069 0.309887  0.369237  0.162721  0.108445 0.0379586  0.297393 0.0242444
(1,(((2,(3,4)),(((5,(6,7)),(8,(9,10))),((((11,12),(13,14)),(15,(16,17))),((18,19),(20,21))))),(22,23)),24); -124361  0 221.847 84.919 39.7611 -124538 0.244332 0.255973 0.186228 0.313467  0.363801  0.159995  0.108617 0.0374661  0.306511 0.0236093
(1,(((2,(3,4)),(((5,(6,7)),(8,(9,10))),((((11,12),(13,14)),(15,(16,17))),((18,19),(20,21))))),(22,23)),24); -124371  0 218.017 84.8836 36.0932 -124540 0.248125 0.254926 0.187676 0.309273   0.36981  0.156882  0.107099 0.0342451  0.308872 0.0230916
(1,(((2,(3,4)),(((5,(6,7)),(8,(9,10))),((((11,12),(13,14)),(15,(16,17))),((18,19),(20,21))))),(22,23)),24); -124384  0 205.48 84.8962 34.59 -124539 0.244925 0.255209 0.180933 0.318932  0.370831  0.162675   0.10382 0.0366749  0.301185 0.0248146
(1,(((2,(3,4)),(((5,(6,7)),(8,(9,10))),((((11,12),(13,14)),(15,(16,17))),((18,19),(20,21))))),(22,23)),24); -124369  0 217.842 84.9017 36.828 -124539 0.242065 0.260914 0.180637 0.316384  0.364569  0.160855  0.110009  0.037193  0.304839 0.0225352
(1,(((2,(3,4)),(((5,(6,7)),(8,(9,10))),((((11,12),(13,14)),(15,(16,17))),((18,19),(20,21))))),(22,23)),24); -124380  0 205.571 85.1565 37.2259 -124537 0.244337 0.254422 0.185531  0.31571  0.367932  0.153708  0.113349 0.0363598  0.304827 0.0238245
(1,(((2,(3,4)),(((5,(6,7)),(8,(9,10))),((((11,12),(13,14)),(15,(16,17))),((18,19),(20,21))))),(22,23)),24); -124365  0 218.183 85.0566 38.9976 -124537 0.241894 0.259873 0.186354 0.311879  0.369442   0.15534  0.109393 0.0347394  0.306862 0.0242242
(1,(((2,(3,4)),(((5,(6,7)),(8,(9,10))),((((11,12),(13,14)),(15,(16,17))),((18,19),(20,21))))),(22,23)),24); -124364  0 218.337 84.879 39.4438 -124537 0.244317 0.258115 0.186163 0.311405  0.367246  0.159017  0.111017 0.0367142  0.303101 0.0229047
(1,(((2,(3,4)),(((5,(6,7)),(8,(9,10))),((((11,12),(13,14)),(15,(16,17))),((18,19),(20,21))))),(22,23)),24); -124365  0 220.606 84.9035 38.2035 -124539 0.240734 0.257813  0.19155 0.309903  0.364645  0.159626  0.106181 0.0364533  0.308949 0.0241457
(1,(((2,(3,4)),(((5,(6,7)),(8,(9,10))),((((11,12),(13,14)),(15,(16,17))),((18,19),(20,21))))),(22,23)),24); -124364  0 219.959 85.0459 37.7012 -124537 0.240958 0.258083 0.188051 0.312908  0.364204  0.158974  0.115531 0.0359835  0.301109 0.0241983
(1,(((2,(3,4)),(((5,(6,7)),(8,(9,10))),((((11,12),(13,14)),(15,(16,17))),((18,19),(20,21))))),(22,23)),24); -124365  0 220.03 84.8894 36.21 -124536 0.244913 0.258287 0.189816 0.306984  0.369764  0.162603  0.105446 0.0367756  0.300277 0.0251344
(1,(((2,(3,4)),(((5,(6,7)),(8,(9,10))),((((11,12),(13,14)),(15,(16,17))),((18,19),(20,21))))),(22,23)),24); -124373  0 213.098 84.9245 35.8256 -124537   0.2431  0.26284 0.182743 0.311317  0.373669   0.16006  0.106575 0.0334091  0.302454 0.0238326
(1,(((2,(3,4)),(((5,(6,7)),(8,(9,10))),((((11,12),(13,14)),(15,(16,17))),((18,19),(20,21))))),(22,23)),24); -124373  0 221.321 84.737 29.6171 -124539 0.249728 0.264352 0.178365 0.307556   0.36485  0.156828  0.109164 0.0369376   0.30944 0.0227815
(1,(((2,(3,4)),(((5,(6,7)),(8,(9,10))),((((11,12),(13,14)),(15,(16,17))),((18,19),(20,21))))),(22,23)),24); -124383  0 206.537 85.1341 34.4686 -124539 0.246965 0.253612 0.188408 0.311014  0.364019  0.155594  0.114827 0.0387315  0.304654 0.0221737
(1,(((2,(3,4)),(((5,(6,7)),(8,(9,10))),((((11,12),(13,14)),(15,(16,17))),((18,19),(20,21))))),(22,23)),24); -124378  0 212.559 84.8756 35.8218 -124541 0.246771 0.256065 0.185447 0.311717  0.362792   0.15896   0.10308 0.0376132   0.31353 0.0240257
(1,(((2,(3,4)),(((5,(6,7)),(8,(9,10))),((((11,12),(13,14)),(15,(16,17))),((18,19),(20,21))))),(22,23)),24); -124367  0 218.967 85.0026 38.1984 -124539 0.238969 0.260176 0.187278 0.313577  0.364666  0.162108  0.111191 0.0368921  0.301117 0.0240249
(1,(((2,(3,4)),(((5,(6,7)),(8,(9,10))),((((11,12),(13,14)),(15,(16,17))),((18,19),(20,21))))),(22,23)),24); -124378  0 208.902 85.031 33.8213 -124535 0.241025 0.255207  0.18269 0.321079  0.360258  0.155335  0.110951 0.0366992  0.310652 0.0261052
(1,(((2,(3,4)),(((5,(6,7)),(8,(9,10))),((((11,12),(13,14)),(15,(16,17))),((18,19),(20,21))))),(22,23)),24); -124377  0 208.502 84.9812 36.5516 -124538 0.239304 0.262311 0.183518 0.314867  0.362321  0.159466  0.113107 0.0352551  0.306575 0.0232765
(1,(((2,(3,4)),(((5,(6,7)),(8,(9,10))),((((11,12),(13,14)),(15,(16,17))),((18,19),(20,21))))),(22,23)),24); -124375  0 209.685 84.9533 36.2018 -124536 0.241174 0.260985  0.18335 0.314492  0.368431  0.154143  0.113018 0.0350233  0.307077 0.0223089
(1,(((2,(3,4)),(((5,(6,7)),(8,(9,10))),((((11,12),(13,14)),(15,(16,17))),((18,19),(20,21))))),(22,23)),24); -124367  0 218.508 84.8108 36.4208 -124537 0.241831 0.260651 0.188739 0.308779   0.37465  0.158496  0.106957 0.0378516  0.298246    0.0238
(1,(((2,(3,4)),(((5,(6,7)),(8,(9,10))),((((11,12),(13,14)),(15,(16,17))),((18,19),(20,21))))),(22,23)),24); -124368  0 217.951 85.0689 36.5233 -124538 0.237294 0.254905 0.190432 0.317369  0.364816  0.162551  0.109082 0.0354111  0.304337  0.023803
(1,(((2,(3,4)),(((5,(6,7)),(8,(9,10))),((((11,12),(13,14)),(15,(16,17))),((18,19),(20,21))))),(22,23)),24); -124380  0 205.535 84.9569 36.9694 -124538 0.241751 0.255656 0.183594 0.318999  0.360222  0.160219  0.107481 0.0380914  0.309282 0.0247032
(1,(((2,(3,4)),(((5,(6,7)),(8,(9,10))),((((11,12),(13,14)),(15,(16,17))),((18,19),(20,21))))),(22,23)),24); -124367  0 220.14 84.9521 36.1165 -124538  0.24558  0.25727 0.182895 0.314256   0.36375  0.161019  0.112573 0.0398816  0.299746 0.0230296
(1,(((2,(3,4)),(((5,(6,7)),(8,(9,10))),((((11,12),(13,14)),(15,(16,17))),((18,19),(20,21))))),(22,23)),24); -124378  0 205.944 84.7791 38.7231 -124537 0.245321 0.257338 0.187709 0.309633  0.366566  0.157006   0.10956 0.0357594  0.305602 0.0255061
(1,(((2,(3,4)),(((5,(6,7)),(8,(9,10))),((((11,12),(13,14)),(15,(16,17))),((18,19),(20,21))))),(22,23)),24); -124365  0 219.791 85.0168 36.6452 -124537 0.241452 0.258655 0.186213 0.313679  0.357233  0.158919   0.11522 0.0359921   0.30853 0.0241051
(1,(((2,(3,4)),(((5,(6,7)),(8,(9,10))),((((11,12),(13,14)),(15,(16,17))),((18,19),(20,21))))),(22,23)),24); -124369  0 216.596 84.79 35.077 -124536 0.245429 0.251892  0.19131 0.311369  0.367235  0.160983  0.106614 0.0372117  0.301567 0.0263889
(1,(((2,(3,4)),(((5,(6,7)),(8,(9,10))),((((11,12),(13,14)),(15,(16,17))),((18,19),(20,21))))),(22,23)),24); -124364  0 221.634 84.9776 37.3868 -124538 0.245056 0.257809 0.185699 0.311435  0.371642  0.156597  0.107129 0.0327309  0.307144 0.0247575
(1,(((2,(3,4)),(((5,(6,7)),(8,(9,10))),((((11,12),(13,14)),(15,(16,17))),((18,19),(20,21))))),(22,23)),24); -124366  0 220.171 84.8498 36.9443 -124538 0.241658  0.26378 0.184762 0.309799  0.367207  0.160292  0.106736 0.0370769  0.303164 0.0255242
(1,(((2,(3,4)),(((5,(6,7)),(8,(9,10))),((((11,12),(13,14)),(15,(16,17))),((18,19),(20,21))))),(22,23)),24); -124372  0 214.076 84.9887 35.8109 -124537  0.24025 0.259042 0.193288  0.30742  0.362755  0.159643   0.10973 0.0389523  0.305619 0.0233004
(1,(((2,(3,4)),(((5,(6,7)),(8,(9,10))),((((11,12),(13,14)),(15,(16,17))),((18,19),(20,21))))),(22,23)),24); -124373  0 214.538 84.9443 34.3832 -124537 0.238023 0.258001 0.185223 0.318753  0.360494  0.162816  0.114198  0.036835  0.300197 0.0254602
(1,(((2,(3,4)),(((5,(6,7)),(8,(9,10))),((((11,12),(13,14)),(15,(16,17))),((18,19),(20,21))))),(22,23)),24); -124361  0 221.803 85.1787 39.6357 -124537 0.241972  0.25695 0.186588  0.31449  0.367412   0.16105  0.110155 0.0366523  0.301164 0.0235672
(1,(((2,(3,4)),(((5,(6,7)),(8,(9,10))),((((11,12),(13,14)),(15,(16,17))),((18,19),(20,21))))),(22,23)),24); -124378  0 212.876 84.9586 33.9749 -124540 0.246952 0.254276 0.186784 0.311988  0.362549  0.162423  0.106014 0.0393948  0.308621 0.0209982
(1,(((2,(3,4)),(((5,(6,7)),(8,(9,10))),((((11,12),(13,14)),(15,(16,17))),((18,19),(20,21))))),(22,23)),24); -124371  0 212.986 84.8787 38.5779 -124538 0.244103 0.256469 0.185076 0.314351  0.361699  0.161715  0.111318 0.0363041  0.306216 0.0227471
(1,(((2,(3,4)),(((5,(6,7)),(8,(9,10))),((((11,12),(13,14)),(15,(16,17))),((18,19),(20,21))))),(22,23)),24); -124369  0 216.352 84.8324 37.6401 -124538 0.241466 0.256802 0.186485 0.315247  0.364213  0.160604  0.106321  0.041128  0.303549 0.0241857
(1,(((2,(3,4)),(((5,(6,7)),(8,(9,10))),((((11,12),(13,14)),(15,(16,17))),((18,19),(20,21))))),(22,23)),24); -124365  0 218.095 84.9327 39.2708 -124538 0.242956 0.259476 0.185771 0.311797  0.367786   0.16181  0.108071 0.0343133  0.303997 0.0240228
(1,(((2,(3,4)),(((5,(6,7)),(8,(9,10))),((((11,12),(13,14)),(15,(16,17))),((18,19),(20,21))))),(22,23)),24); -124379  0 210.736 85.0105 34.1363 -124539 0.239893 0.262729  0.18762 0.309758  0.368504  0.162441  0.108186 0.0403902  0.296092  0.024386
(1,(((2,(3,4)),(((5,(6,7)),(8,(9,10))),((((11,12),(13,14)),(15,(16,17))),((18,19),(20,21))))),(22,23)),24); -124359  0 227.177 85.1369 37.5709 -124538 0.240773 0.256772 0.188925  0.31353  0.370802   0.15829   0.10281 0.0347163  0.308957 0.0244244
(1,(((2,(3,4)),(((5,(6,7)),(8,(9,10))),((((11,12),(13,14)),(15,(16,17))),((18,19),(20,21))))),(22,23)),24); -124369  0 214.49 84.803 38.3079 -124537 0.242118 0.258041 0.183029 0.316812  0.369838  0.156875  0.108585 0.0344555  0.305257 0.0249904
(1,(((2,(3,4)),(((5,(6,7)),(8,(9,10))),((((11,12),(13,14)),(15,(16,17))),((18,19),(20,21))))),(22,23)),24); -124369  0 216.463 85.0246 37.5883 -124538 0.241551 0.259385  0.18699 0.312074  0.368793  0.159291   0.10275 0.0345517  0.309678 0.0249368
(1,(((2,(3,4)),(((5,(6,7)),(8,(9,10))),((((11,12),(13,14)),(15,(16,17))),((18,19),(20,21))))),(22,23)),24); -124379  0 207.75 84.6262 34.4354 -124537 0.248695 0.257667 0.182535 0.311103  0.370902    0.1615  0.105562 0.0331848  0.306409 0.0224434
(1,(((2,(3,4)),(((5,(6,7)),(8,(9,10))),((((11,12),(13,14)),(15,(16,17))),((18,19),(20,21))))),(22,23)),24); -124358  0 224.958 84.8945 38.787 -124537 0.242763 0.254729 0.188121 0.314387  0.369324  0.158978  0.107653 0.0353824  0.302938 0.0257253
(1,(((2,(3,4)),(((5,(6,7)),(8,(9,10))),((((11,12),(13,14)),(15,(16,17))),((18,19),(20,21))))),(22,23)),24); -124373  0 216.857 85.0047 33.8129 -124539 0.241593 0.253379 0.184728   0.3203  0.375018  0.152618  0.109532 0.0358912  0.304384 0.0225571
(1,(((2,(3,4)),(((5,(6,7)),(8,(9,10))),((((11,12),(13,14)),(15,(16,17))),((18,19),(20,21))))),(22,23)),24); -124378  0 208.08 85.0165 36.0929 -124537 0.241464 0.260524 0.181941 0.316071  0.365239  0.154477  0.106091 0.0383107  0.310724 0.0251591
(1,(((2,(3,4)),(((5,(6,7)),(8,(9,10))),((((11,12),(13,14)),(15,(16,17))),((18,19),(20,21))))),(22,23)),24); -124371  0 217.844 84.9693 34.0025 -124538 0.240144 0.253797 0.189068  0.31699  0.359553  0.157267  0.105177  0.040485  0.313352 0.0241655
(1,(((2,(3,4)),(((5,(6,7)),(8,(9,10))),((((11,12),(13,14)),(15,(16,17))),((18,19),(20,21))))),(22,23)),24); -124370  0 217.769 85.1758 36.796 -124540 0.238665  0.25909 0.187034 0.315211  0.368735  0.163498  0.107106 0.0366828  0.298544  0.025435
(1,(((2,(3,4)),(((5,(6,7)),(8,(9,10))),((((11,12),(13,14)),(15,(16,17))),((18,19),(20,21))))),(22,23)),24); -124369  0 217.549 84.7767 37.1153 -124539 0.239675 0.261649 0.187493 0.311183  0.361222  0.162156  0.107344 0.0388335  0.307311 0.0231337
(1,(((2,(3,4)),(((5,(6,7)),(8,(9,10))),((((11,12),(13,14)),(15,(16,17))),((18,19),(20,21))))),(22,23)),24); -124361  0 225.241 84.996 35.0801 -124536 0.241128 0.254527 0.188737 0.315608  0.365582  0.160205  0.115346 0.0344588  0.298472 0.0259373
(1,(((2,(3,4)),(((5,(6,7)),(8,(9,10))),((((11,12),(13,14)),(15,(16,17))),((18,19),(20,21))))),(22,23)),24); -124365  0 222.907 85.0578 35.9782 -124539 0.241439 0.257476  0.18308 0.318004  0.362459  0.163161  0.111777  0.038822  0.299114 0.0246669
(1,(((2,(3,4)),(((5,(6,7)),(8,(9,10))),((((11,12),(13,14)),(15,(16,17))),((18,19),(20,21))))),(22,23)),24); -124365  0 218.674 84.8875 38.4254 -124537 0.243139 0.261971  0.18472  0.31017  0.367363  0.157078  0.108197 0.0356245  0.306734 0.0250032
(1,(((2,(3,4)),(((5,(6,7)),(8,(9,10))),((((11,12),(13,14)),(15,(16,17))),((18,19),(20,21))))),(22,23)),24); -124368  0 215.954 85.0713 38.1832 -124537 0.241917 0.261836   0.1845 0.311746  0.369472  0.157238  0.110589 0.0357815  0.301849 0.0250707
(1,(((2,(3,4)),(((5,(6,7)),(8,(9,10))),((((11,12),(13,14)),(15,(16,17))),((18,19),(20,21))))),(22,23)),24); -124368  0 221.456 84.8582 34.1948 -124539 0.240809 0.257562 0.190066 0.311563  0.354068   0.15983  0.113768 0.0351555  0.312217 0.0249622
(1,(((2,(3,4)),(((5,(6,7)),(8,(9,10))),((((11,12),(13,14)),(15,(16,17))),((18,19),(20,21))))),(22,23)),24); -124381  0 208.407 84.8405 35.6172 -124540 0.237476 0.258133  0.18964 0.314752  0.367648  0.163162  0.107751 0.0367405  0.303427 0.0212721
(1,(((2,(3,4)),(((5,(6,7)),(8,(9,10))),((((11,12),(13,14)),(15,(16,17))),((18,19),(20,21))))),(22,23)),24); -124375  0 215.557 84.8403 35.0846 -124541 0.241784 0.261967 0.184891 0.311358  0.356241  0.160587  0.107881 0.0364912    0.3147 0.0240998
(1,(((2,(3,4)),(((5,(6,7)),(8,(9,10))),((((11,12),(13,14)),(15,(16,17))),((18,19),(20,21))))),(22,23)),24); -124359  0 224.529 84.8664 37.9422 -124537 0.244589 0.256476 0.183581 0.315355  0.367427  0.160696  0.110905 0.0346014  0.301043 0.0253272
(1,(((2,(3,4)),(((5,(6,7)),(8,(9,10))),((((11,12),(13,14)),(15,(16,17))),((18,19),(20,21))))),(22,23)),24); -124372  0 212.096 85.1304 38.3051 -124538  0.24113 0.259634 0.189955 0.309281  0.364233  0.156778  0.110172 0.0378553  0.306021 0.0249411
(1,(((2,(3,4)),(((5,(6,7)),(8,(9,10))),((((11,12),(13,14)),(15,(16,17))),((18,19),(20,21))))),(22,23)),24); -124365  0 217.066 84.8566 39.2766 -124537 0.243009 0.257211 0.185268 0.314512  0.363664    0.1562  0.110374 0.0378472  0.308163 0.0237531
(1,(((2,(3,4)),(((5,(6,7)),(8,(9,10))),((((11,12),(13,14)),(15,(16,17))),((18,19),(20,21))))),(22,23)),24); -124369  0 217 85.025 37.6228 -124538 0.241714 0.255947  0.18762 0.314719  0.362989  0.162251  0.106512 0.0392039  0.306869 0.0221752
(1,(((2,(3,4)),(((5,(6,7)),(8,(9,10))),((((11,12),(13,14)),(15,(16,17))),((18,19),(20,21))))),(22,23)),24); -124365  0 221.768 85.0831 37.1878 -124539 0.239728 0.258806 0.189699 0.311767  0.361977  0.158772  0.112782 0.0336471  0.308513 0.0243079
(1,(((2,(3,4)),(((5,(6,7)),(8,(9,10))),((((11,12),(13,14)),(15,(16,17))),((18,19),(20,21))))),(22,23)),24); -124371  0 217.748 84.9219 35.5885 -124540 0.241836 0.253185 0.190335 0.314645  0.369312  0.158862  0.109269 0.0365705  0.305261 0.0207254
(1,(((2,(3,4)),(((5,(6,7)),(8,(9,10))),((((11,12),(13,14)),(15,(16,17))),((18,19),(20,21))))),(22,23)),24); -124365  0 221.806 85.0256 36.7633 -124539 0.239089 0.257111 0.189164 0.314636  0.368715  0.160972  0.110946 0.0322365  0.303676 0.0234541
(1,(((2,(3,4)),(((5,(6,7)),(8,(9,10))),((((11,12),(13,14)),(15,(16,17))),((18,19),(20,21))))),(22,23)),24); -124367  0 216.266 84.9643 38.079 -124537 0.241887 0.257475 0.182675 0.317964  0.368842  0.157055  0.107958 0.0349541  0.307836 0.0233546
(1,(((2,(3,4)),(((5,(6,7)),(8,(9,10))),((((11,12),(13,14)),(15,(16,17))),((18,19),(20,21))))),(22,23)),24); -124373  0 210.893 84.9105 38.5793 -124537 0.241462 0.259098 0.187201 0.312239  0.365151  0.159567  0.113979 0.0352926  0.302018 0.0239929
(1,(((2,(3,4)),(((5,(6,7)),(8,(9,10))),((((11,12),(13,14)),(15,(16,17))),((18,19),(20,21))))),(22,23)),24); -124361  0 225.837 85.0821 36.0268 -124537 0.238205 0.252905 0.192603 0.316286   0.36524  0.158669  0.109599 0.0375063    0.3043 0.0246861
(1,(((2,(3,4)),(((5,(6,7)),(8,(9,10))),((((11,12),(13,14)),(15,(16,17))),((18,19),(20,21))))),(22,23)),24); -124368  0 215.459 85.1921 37.8733 -124536 0.243088 0.253683 0.189172 0.314058  0.363407  0.159963  0.110135 0.0394585   0.30246 0.0245764
(1,(((2,(3,4)),(((5,(6,7)),(8,(9,10))),((((11,12),(13,14)),(15,(16,17))),((18,19),(20,21))))),(22,23)),24); -124363  0 222.032 84.8979 36.3254 -124536 0.238982 0.258181 0.185161 0.317677  0.364083  0.155557  0.107822 0.0356673  0.310538 0.0263329
(1,(((2,(3,4)),(((5,(6,7)),(8,(9,10))),((((11,12),(13,14)),(15,(16,17))),((18,19),(20,21))))),(22,23)),24); -124366  0 217.581 85.1472 39.0697 -124538 0.243241  0.25852 0.184144 0.314094  0.363498  0.159467  0.111373 0.0366457   0.30364 0.0253759
(1,(((2,(3,4)),(((5,(6,7)),(8,(9,10))),((((11,12),(13,14)),(15,(16,17))),((18,19),(20,21))))),(22,23)),24); -124365  0 221.338 84.8456 37.2466 -124539 0.239957 0.259861 0.189335 0.310847  0.370565  0.155572  0.111057 0.0364183  0.304324 0.0220636
(1,(((2,(3,4)),(((5,(6,7)),(8,(9,10))),((((11,12),(13,14)),(15,(16,17))),((18,19),(20,21))))),(22,23)),24); -124366  0 220.363 85.1286 36.7779 -124538 0.241021  0.25665 0.186252 0.316077  0.369201  0.162869  0.107109 0.0328254  0.302263  0.025733
(1,(((2,(3,4)),(((5,(6,7)),(8,(9,10))),((((11,12),(13,14)),(15,(16,17))),((18,19),(20,21))))),(22,23)),24); -124369  0 220.097 84.9229 35.6806 -124539 0.244934 0.259066 0.182438 0.313562  0.363875  0.161026  0.109123 0.0388037  0.306241 0.0209316
(1,(((2,(3,4)),(((5,(6,7)),(8,(9,10))),((((11,12),(13,14)),(15,(16,17))),((18,19),(20,21))))),(22,23)),24); -124371  0 211.92 84.8083 39.8422 -124537 0.244308 0.257492 0.186356 0.311844  0.364575  0.161489  0.108392 0.0369772  0.304373  0.024193
(1,(((2,(3,4)),(((5,(6,7)),(8,(9,10))),((((11,12),(13,14)),(15,(16,17))),((18,19),(20,21))))),(22,23)),24); -124376  0 210.248 84.85 37.7704 -124539  0.24289 0.259036 0.188457 0.309618  0.366748  0.155246  0.109686 0.0341401  0.308741 0.0254393
(1,(((2,(3,4)),(((5,(6,7)),(8,(9,10))),((((11,12),(13,14)),(15,(16,17))),((18,19),(20,21))))),(22,23)),24); -124369  0 219.805 84.8708 32.8892 -124537  0.23966 0.260035 0.187558 0.312747  0.373785  0.154057 0.0998779 0.0398527   0.30832 0.0241066
(1,(((2,(3,4)),(((5,(6,7)),(8,(9,10))),((((11,12),(13,14)),(15,(16,17))),((18,19),(20,21))))),(22,23)),24); -124375  0 210.894 84.7801 35.7524 -124536 0.242579 0.256737 0.185971 0.314713  0.360599   0.15893  0.115557 0.0327115  0.307309 0.0248942
(1,(((2,(3,4)),(((5,(6,7)),(8,(9,10))),((((11,12),(13,14)),(15,(16,17))),((18,19),(20,21))))),(22,23)),24); -124369  0 220.208 85.0764 35.1726 -124540 0.240297 0.258122  0.18926 0.312321  0.364442  0.153367  0.112783  0.035086  0.312371 0.0219515
(1,(((2,(3,4)),(((5,(6,7)),(8,(9,10))),((((11,12),(13,14)),(15,(16,17))),((18,19),(20,21))))),(22,23)),24); -124365  0 221.239 84.9435 33.6583 -124535   0.2416 0.258717 0.181595 0.318088  0.362383  0.153777  0.116553 0.0360401   0.30581 0.0254365
(1,(((2,(3,4)),(((5,(6,7)),(8,(9,10))),((((11,12),(13,14)),(15,(16,17))),((18,19),(20,21))))),(22,23)),24); -124362  0 222.396 85.0918 38.0991 -124537 0.239235 0.256228 0.191747  0.31279  0.366845  0.161028  0.106387 0.0375023  0.304073 0.0241639
(1,(((2,(3,4)),(((5,(6,7)),(8,(9,10))),((((11,12),(13,14)),(15,(16,17))),((18,19),(20,21))))),(22,23)),24); -124364  0 220.392 84.9621 38.4137 -124538 0.241614 0.258295 0.183091    0.317  0.362751  0.160287  0.109712 0.0350731   0.30842 0.0237565
(1,(((2,(3,4)),(((5,(6,7)),(8,(9,10))),((((11,12),(13,14)),(15,(16,17))),((18,19),(20,21))))),(22,23)),24); -124377  0 208.236 85.0026 38.6619 -124539 0.239989 0.258111 0.185772 0.316127  0.363434  0.162421  0.107666 0.0373307  0.306193 0.0229552
(1,(((2,(3,4)),(((5,(6,7)),(8,(9,10))),((((11,12),(13,14)),(15,(16,17))),((18,19),(20,21))))),(22,23)),24); -124378  0 208.901 85.1158 35.7931 -124538 0.244998 0.255295 0.189806 0.309902  0.368927  0.164716  0.106647 0.0353387  0.302547 0.0218244
(1,(((2,(3,4)),(((5,(6,7)),(8,(9,10))),((((11,12),(13,14)),(15,(16,17))),((18,19),(20,21))))),(22,23)),24); -124364  0 219.475 84.888 38.7923 -124537 0.242202 0.258997 0.186338 0.312463  0.368875  0.161132  0.109536 0.0349471  0.300214 0.0252959
(1,(((2,(3,4)),(((5,(6,7)),(8,(9,10))),((((11,12),(13,14)),(15,(16,17))),((18,19),(20,21))))),(22,23)),24); -124377  0 206.161 84.7122 38.5613 -124537 0.244602 0.259502 0.183925 0.311971  0.366256  0.160638  0.111572 0.0344672   0.30344 0.0236275
(1,(((2,(3,4)),(((5,(6,7)),(8,(9,10))),((((11,12),(13,14)),(15,(16,17))),((18,19),(20,21))))),(22,23)),24); -124377  0 209.066 84.9291 36.963 -124538 0.238972 0.258412 0.192412 0.310204  0.366026   0.15564  0.111459 0.0371818  0.305051 0.0246424
(1,(((2,(3,4)),(((5,(6,7)),(8,(9,10))),((((11,12),(13,14)),(15,(16,17))),((18,19),(20,21))))),(22,23)),24); -124365  0 219.91 84.8149 38.5148 -124538 0.243872 0.257712 0.184166  0.31425  0.364313  0.157542  0.105978  0.035935   0.31176 0.0244721
(1,(((2,(3,4)),(((5,(6,7)),(8,(9,10))),((((11,12),(13,14)),(15,(16,17))),((18,19),(20,21))))),(22,23)),24); -124362  0 223.952 84.9893 36.5805 -124538 0.243204 0.258711 0.189183 0.308901  0.368047  0.158808  0.103268 0.0391493  0.308246 0.0224816
(1,(((2,(3,4)),(((5,(6,7)),(8,(9,10))),((((11,12),(13,14)),(15,(16,17))),((18,19),(20,21))))),(22,23)),24); -124383  0 211.174 84.9505 32.1398 -124541 0.241436 0.256689 0.187367 0.314508  0.362902  0.162754 0.0992426 0.0391471  0.313814 0.0221404
(1,(((2,(3,4)),(((5,(6,7)),(8,(9,10))),((((11,12),(13,14)),(15,(16,17))),((18,19),(20,21))))),(22,23)),24); -124373  0 213.998 85.0233 35.792 -124538 0.238206 0.262156   0.1852 0.314438  0.368467  0.153544  0.111292 0.0359623  0.305035 0.0256997
(1,(((2,(3,4)),(((5,(6,7)),(8,(9,10))),((((11,12),(13,14)),(15,(16,17))),((18,19),(20,21))))),(22,23)),24); -124367  0 219.623 84.8883 35.9589 -124537 0.242338 0.259145 0.184842 0.313675  0.366967   0.15698   0.11431 0.0331672  0.302253  0.026323
