tree logl logTop logBL logPrior logQ logWt pi1 pi2 pi3 pi4 s1 s2 s3 s4 s5 s6
(1,(((2,3),(((4,5),6),((7,(8,9)),((10,11),(12,((13,(14,15)),(16,17))))))),(((((18,19),20),(21,(22,23))),(((24,(25,26)),27),(28,29))),((30,(31,32)),33))),((34,35),36)); -33924.8  0 260.357 116.718 31.512 -34099.9 0.224864  0.22817 0.187761 0.359205   0.18195  0.163836 0.0909781 0.0231518  0.526933  0.013151
(1,(((2,3),(((4,5),6),((7,(8,9)),((10,11),(12,((13,(14,15)),(16,17))))))),(((((18,19),20),(21,(22,23))),(((24,(25,26)),27),(28,29))),((30,(31,32)),33))),((34,35),36)); -33936.1  0 249.821 114.298 30.298 -34102 0.231649 0.235092 0.177961 0.355298  0.177111  0.176521   0.10039 0.0175052  0.513578 0.0148936
(1,(((2,3),(((4,5),6),((7,(8,9)),((10,11),(12,((13,(14,15)),(16,17))))))),(((((18,19),20),(21,(22,23))),(((24,(25,26)),27),(28,29))),((30,(31,32)),33))),((34,35),36)); -33923.7  0 259.096 116.62 34.303 -34100.4 0.229061 0.225396 0.174295 0.371248  0.175272  0.171023 0.0989743 0.0184006  0.522349 0.0139811
(1,(((2,3),(((4,5),6),((7,(8,9)),((10,11),(12,((13,(14,15)),(16,17))))))),(((((18,19),20),(21,(22,23))),(((24,(25,26)),27),(28,29))),((30,(31,32)),33))),((34,35),36)); -33931.2  0 249.893 116.053 33.2865 -34098.3 0.226633 0.229053 0.187476 0.356838  0.175982  0.166022 0.0920666 0.0220898  0.529939 0.0139012
(1,(((2,3),(((4,5),6),((7,(8,9)),((10,11),(12,((13,(14,15)),(16,17))))))),(((((18,19),20),(21,(22,23))),(((24,(25,26)),27),(28,29))),((30,(31,32)),33))),((34,35),36)); -33934.6  0 251.88 116.551 29.4786 -34099.4 0.242432 0.211553 0.180183 0.365832  0.183501  0.170094 0.0898749 0.0222056  0.519149 0.0151761
(1,(((2,3),(((4,5),6),((7,(8,9)),((10,11),(12,((13,(14,15)),(16,17))))))),(((((18,19),20),(21,(22,23))),(((24,(25,26)),27),(28,29))),((30,(31,32)),33))),((34,35),36)); -33934.3  0 250.842 116.292 33.293 -34102.2 0.231466 0.221025 0.179319  0.36819  0.166163  0.180255 0.0941267 0.0181102  0.527932 0.0134125
(1,(((2,3),(((4,5),6),((7,(8,9)),((10,11),(12,((13,(14,15)),(16,17))))))),(((((18,19),20),(21,(22,23))),(((24,(25,26)),27),(28,29))),((30,(31,32)),33))),((34,35),36)); -33938.2  0 250.863 116.264 29.495 -34102.3 0.234749 0.221828 0.182884 0.360539  0.176686  0.164953 0.0871276 0.0266449  0.530813  0.013775
(1,(((2,3),(((4,5),6),((7,(8,9)),((10,11),(12,((13,(14,15)),(16,17))))))),(((((18,19),20),(21,(22,23))),(((24,(25,26)),27),(28,29))),((30,(31,32)),33))),((34,35),36)); -33924.8  0 256.514 117.056 35.4252 -34099.6  0.22322 0.220695  0.18537 0.370714  0.172691  0.170426 0.0974754 0.0211783  0.524133 0.0140965
(1,(((2,3),(((4,5),6),((7,(8,9)),((10,11),(12,((13,(14,15)),(16,17))))))),(((((18,19),20),(21,(22,23))),(((24,(25,26)),27),(28,29))),((30,(31,32)),33))),((34,35),36)); -33936.1  0 255.207 116.47 30.4884 -34105.3  0.23708 0.216648 0.176788 0.369485  0.167238   0.16087 0.0928376 0.0218019   0.54051 0.0167427
(1,(((2,3),(((4,5),6),((7,(8,9)),((10,11),(12,((13,(14,15)),(16,17))))))),(((((18,19),20),(21,(22,23))),(((24,(25,26)),27),(28,29))),((30,(31,32)),33))),((34,35),36)); -33936.6  0 255.547 116.712 29.2206 -34104.6 0.211383 0.223417 0.187001 0.378199  0.168159  0.181913 0.0930895 0.0229998  0.520988 0.0128503
(1,(((2,3),(((4,5),6),((7,(8,9)),((10,11),(12,((13,(14,15)),(16,17))))))),(((((18,19),20),(21,(22,23))),(((24,(25,26)),27),(28,29))),((30,(31,32)),33))),((34,35),36)); -33927.5  0 255.762 116.799 33.6568 -34100.1 0.218437 0.222402 0.181722 0.377439  0.171912  0.174494 0.0983028 0.0174218  0.524303 0.0135663
(1,(((2,3),(((4,5),6),((7,(8,9)),((10,11),(12,((13,(14,15)),(16,17))))))),(((((18,19),20),(21,(22,23))),(((24,(25,26)),27),(28,29))),((30,(31,32)),33))),((34,35),36)); -33931.1  0 252.711 116.926 32.0008 -34098.9 0.230032 0.219164 0.189838 0.360966  0.176937  0.178967  0.101112 0.0163291  0.514328  0.012328
(1,(((2,3),(((4,5),6),((7,(8,9)),((10,11),(12,((13,(14,15)),(16,17))))))),(((((18,19),20),(21,(22,23))),(((24,(25,26)),27),(28,29))),((30,(31,32)),33))),((34,35),36)); -33945.6  0 240.788 116.341 30.4161 -34100.5 0.219508 0.225776 0.198384 0.356332  0.167725  0.173141  0.100475 0.0230246  0.523174 0.0124595
(1,(((2,3),(((4,5),6),((7,(8,9)),((10,11),(12,((13,(14,15)),(16,17))))))),(((((18,19),20),(21,(22,23))),(((24,(25,26)),27),(28,29))),((30,(31,32)),33))),((34,35),36)); -33925.8  0 258.343 116.029 30.9779 -34099.1 0.241166 0.216806 0.185931 0.356097  0.178458  0.170563 0.0969854   0.02298  0.515898 0.0151148
(1,(((2,3),(((4,5),6),((7,(8,9)),((10,11),(12,((13,(14,15)),(16,17))))))),(((((18,19),20),(21,(22,23))),(((24,(25,26)),27),(28,29))),((30,(31,32)),33))),((34,35),36)); -33932.1  0 251.062 115.95 32.6394 -34099.8 0.235014 0.227445 0.180105 0.357435  0.172354  0.171649  0.097401 0.0231518  0.520653 0.0147909
(1,(((2,3),(((4,5),6),((7,(8,9)),((10,11),(12,((13,(14,15)),(16,17))))))),(((((18,19),20),(21,(22,23))),(((24,(25,26)),27),(28,29))),((30,(31,32)),33))),((34,35),36)); -33935.2  0 253.082 117.761 33.1147 -34103.7 0.233463 0.206753 0.188989 0.370795  0.171124  0.167512 0.0943334 0.0215924   0.53244 0.0129978
(1,(((2,3),(((4,5),6),((7,(8,9)),((10,11),(12,((13,(14,15)),(16,17))))))),(((((18,19),20),(21,(22,23))),(((24,(25,26)),27),(28,29))),((30,(31,32)),33))),((34,35),36)); -33926.1  0 257.402 117.41 32.7444 -34098.9 0.226273 0.216149 0.195529  0.36205  0.171021   0.17772 0.0999511 0.0181758  0.521306 0.0118263
(1,(((2,3),(((4,5),6),((7,(8,9)),((10,11),(12,((13,(14,15)),(16,17))))))),(((((18,19),20),(21,(22,23))),(((24,(25,26)),27),(28,29))),((30,(31,32)),33))),((34,35),36)); -33921.5  0 260.249 116.315 34.0715 -34099.5 0.222958 0.227382 0.178564 0.371095  0.170956  0.169111 0.0967071 0.0199217  0.527273 0.0160311
(1,(((2,3),(((4,5),6),((7,(8,9)),((10,11),(12,((13,(14,15)),(16,17))))))),(((((18,19),20),(21,(22,23))),(((24,(25,26)),27),(28,29))),((30,(31,32)),33))),((34,35),36)); -33933.5  0 248.076 116.097 33.056 -34098.5 0.218229  0.22518 0.182913 0.373678  0.171877  0.160697 0.0963372  0.020222  0.537646 0.0132213
(1,(((2,3),(((4,5),6),((7,(8,9)),((10,11),(12,((13,(14,15)),(16,17))))))),(((((18,19),20),(21,(22,23))),(((24,(25,26)),27),(28,29))),((30,(31,32)),33))),((34,35),36)); -33934.7  0 249.82 117.201 33.9911 -34101.3 0.231168 0.217152 0.179215 0.372466  0.167818  0.168858 0.0930695  0.022726  0.533852 0.0136768
(1,(((2,3),(((4,5),6),((7,(8,9)),((10,11),(12,((13,(14,15)),(16,17))))))),(((((18,19),20),(21,(22,23))),(((24,(25,26)),27),(28,29))),((30,(31,32)),33))),((34,35),36)); -33931.3  0 249.587 115.965 35.1984 -34100.1 0.231121  0.21745 0.187151 0.364279  0.169675   0.16934 0.0939551 0.0198433  0.532862 0.0143243
