tree logl logTop logBL logPrior logQ logWt pi1 pi2 pi3 pi4 s1 s2 s3 s4 s5 s6
(1,(((2,3),(((4,5),6),((7,(8,9)),((10,11),(12,((13,(14,15)),(16,17))))))),(((((18,19),20),(21,(22,23))),(((24,(25,26)),27),(28,29))),((30,(31,32)),33))),((34,35),36)); -33934.4  0 247.829 115.618 33.6235 -34100.2 0.221994 0.230257 0.186209  0.36154  0.175653  0.165824 0.0964571 0.0219336  0.527034  0.013099
(1,(((2,3),(((4,5),6),((7,(8,9)),((10,11),(12,((13,(14,15)),(16,17))))))),(((((18,19),20),(21,(22,23))),(((24,(25,26)),27),(28,29))),((30,(31,32)),33))),((34,35),36)); -33941.5  0 246.459 116.017 29.6554 -34101.6  0.21752 0.232361  0.18759 0.362529  0.173096  0.173884 0.0892966 0.0203985  0.524848 0.0184774
(1,(((2,3),(((4,5),6),((7,(8,9)),((10,11),(12,((13,(14,15)),(16,17))))))),(((((18,19),20),(21,(22,23))),(((24,(25,26)),27),(28,29))),((30,(31,32)),33))),((34,35),36)); -33945.1  0 240.979 115.893 30.4966 -34100.6 0.229444 0.229466 0.176322 0.364768  0.173065  0.171062  0.107003 0.0169755  0.520442 0.0114533
(1,(((2,3),(((4,5),6),((7,(8,9)),((10,11),(12,((13,(14,15)),(16,17))))))),(((((18,19),20),(21,(22,23))),(((24,(25,26)),27),(28,29))),((30,(31,32)),33))),((34,35),36)); -33932.4  0 251.738 116.747 32.9033 -34100.3  0.23005  0.22404 0.183338 0.362572  0.175612  0.173399  0.105434 0.0198443  0.511754 0.0139572
(1,(((2,3),(((4,5),6),((7,(8,9)),((10,11),(12,((13,(14,15)),(16,17))))))),(((((18,19),20),(21,(22,23))),(((24,(25,26)),27),(28,29))),((30,(31,32)),33))),((34,35),36)); -33935.6  0 250.83 116.754 30.6714 -34100.3 0.237834 0.221208 0.179268 0.361691  0.175522  0.166029  0.105935 0.0209689  0.515622 0.0159234
(1,(((2,3),(((4,5),6),((7,(8,9)),((10,11),(12,((13,(14,15)),(16,17))))))),(((((18,19),20),(21,(22,23))),(((24,(25,26)),27),(28,29))),((30,(31,32)),33))),((34,35),36)); -33936.4  0 248.125 115.764 32.9177 -34101.7 0.234094 0.218124 0.187194 0.360587  0.172948  0.168612 0.0876219 0.0206309  0.534406 0.0157808
(1,(((2,3),(((4,5),6),((7,(8,9)),((10,11),(12,((13,(14,15)),(16,17))))))),(((((18,19),20),(21,(22,23))),(((24,(25,26)),27),(28,29))),((30,(31,32)),33))),((34,35),36)); -33936.1  0 249.176 117.588 31.0845 -34098.8 0.212155 0.218766 0.189487 0.379592  0.167212  0.175887 0.0990232 0.0190321  0.525255  0.013592
(1,(((2,3),(((4,5),6),((7,(8,9)),((10,11),(12,((13,(14,15)),(16,17))))))),(((((18,19),20),(21,(22,23))),(((24,(25,26)),27),(28,29))),((30,(31,32)),33))),((34,35),36)); -33939.4  0 242.216 116.605 34.2206 -34099.2 0.221937 0.222833  0.18155  0.37368  0.180109  0.171443 0.0942892  0.018846    0.5204 0.0149132
(1,(((2,3),(((4,5),6),((7,(8,9)),((10,11),(12,((13,(14,15)),(16,17))))))),(((((18,19),20),(21,(22,23))),(((24,(25,26)),27),(28,29))),((30,(31,32)),33))),((34,35),36)); -33933.1  0 250.176 116.345 32.263 -34099.2 0.231643 0.217771 0.175607 0.374979   0.17394  0.170613 0.0910193 0.0168127   0.53061 0.0170047
(1,(((2,3),(((4,5),6),((7,(8,9)),((10,11),(12,((13,(14,15)),(16,17))))))),(((((18,19),20),(21,(22,23))),(((24,(25,26)),27),(28,29))),((30,(31,32)),33))),((34,35),36)); -33920.4  0 263.532 117.368 33.2343 -34099.8 0.229006  0.21745 0.194546 0.358998  0.174301  0.167525 0.0933102 0.0215246  0.531934 0.0114048
(1,(((2,3),(((4,5),6),((7,(8,9)),((10,11),(12,((13,(14,15)),(16,17))))))),(((((18,19),20),(21,(22,23))),(((24,(25,26)),27),(28,29))),((30,(31,32)),33))),((34,35),36)); -33935.4  0 247.113 115.852 32.4814 -34099.2 0.232282  0.22423   0.1727 0.370787  0.168322   0.16383 0.0953297 0.0224219   0.53748 0.0126162
(1,(((2,3),(((4,5),6),((7,(8,9)),((10,11),(12,((13,(14,15)),(16,17))))))),(((((18,19),20),(21,(22,23))),(((24,(25,26)),27),(28,29))),((30,(31,32)),33))),((34,35),36)); -33939.5  0 249.378 117.792 29.6712 -34100.7 0.220538 0.220304 0.202754 0.356404  0.181323  0.167771 0.0974138 0.0217894   0.51603 0.0156726
(1,(((2,3),(((4,5),6),((7,(8,9)),((10,11),(12,((13,(14,15)),(16,17))))))),(((((18,19),20),(21,(22,23))),(((24,(25,26)),27),(28,29))),((30,(31,32)),33))),((34,35),36)); -33931.3  0 252.237 116.864 32.4656 -34099.1 0.225107 0.216375 0.185109 0.373409  0.184204  0.167186 0.0945442 0.0230091  0.517488 0.0135679
(1,(((2,3),(((4,5),6),((7,(8,9)),((10,11),(12,((13,(14,15)),(16,17))))))),(((((18,19),20),(21,(22,23))),(((24,(25,26)),27),(28,29))),((30,(31,32)),33))),((34,35),36)); -33929.9  0 252.319 117.227 34.6147 -34099.6 0.230183 0.215101  0.18626 0.368457  0.169803   0.17466 0.0953368 0.0215492  0.526514  0.012137
(1,(((2,3),(((4,5),6),((7,(8,9)),((10,11),(12,((13,(14,15)),(16,17))))))),(((((18,19),20),(21,(22,23))),(((24,(25,26)),27),(28,29))),((30,(31,32)),33))),((34,35),36)); -33951.9  0 244.62 116.964 27.764 -34107.3 0.213546 0.229562 0.193161 0.363731  0.174431  0.173873 0.0979837 0.0271663  0.512652 0.0138937
(1,(((2,3),(((4,5),6),((7,(8,9)),((10,11),(12,((13,(14,15)),(16,17))))))),(((((18,19),20),(21,(22,23))),(((24,(25,26)),27),(28,29))),((30,(31,32)),33))),((34,35),36)); -33926.6  0 260.841 116.925 29.608 -34100.1 0.224958 0.216262  0.17737  0.38141   0.17474  0.153562 0.0958164 0.0188081  0.544227 0.0128458
(1,(((2,3),(((4,5),6),((7,(8,9)),((10,11),(12,((13,(14,15)),(16,17))))))),(((((18,19),20),(21,(22,23))),(((24,(25,26)),27),(28,29))),((30,(31,32)),33))),((34,35),36)); -33934.1  0 257.029 117.466 30.1797 -34103.8 0.230258 0.208002 0.185009 0.376731  0.168876  0.161484  0.105929 0.0215289   0.52932 0.0128622
(1,(((2,3),(((4,5),6),((7,(8,9)),((10,11),(12,((13,(14,15)),(16,17))))))),(((((18,19),20),(21,(22,23))),(((24,(25,26)),27),(28,29))),((30,(31,32)),33))),((34,35),36)); -33935.5  0 245.412 116.272 33.8669 -34098.5 0.222297 0.214267 0.186346 0.377091   0.17145  0.175077 0.0929157 0.0223503   0.52403 0.0141775
(1,(((2,3),(((4,5),6),((7,(8,9)),((10,11),(12,((13,(14,15)),(16,17))))))),(((((18,19),20),(21,(22,23))),(((24,(25,26)),27),(28,29))),((30,(31,32)),33))),((34,35),36)); -33937.2  0 246.657 116.728 32.3226 -34099.4 0.226005  0.22353 0.173848 0.376617  0.174787  0.170905 0.0914474 0.0161076  0.530923   0.01583
(1,(((2,3),(((4,5),6),((7,(8,9)),((10,11),(12,((13,(14,15)),(16,17))))))),(((((18,19),20),(21,(22,23))),(((24,(25,26)),27),(28,29))),((30,(31,32)),33))),((34,35),36)); -33930.5  0 254.778 116.422 32.136 -34101 0.231062 0.207648 0.196558 0.364732   0.16973  0.175008 0.0992659 0.0183082  0.524879 0.0128081
(1,(((2,3),(((4,5),6),((7,(8,9)),((10,11),(12,((13,(14,15)),(16,17))))))),(((((18,19),20),(21,(22,23))),(((24,(25,26)),27),(28,29))),((30,(31,32)),33))),((34,35),36)); -33935.9  0 252 117.479 32.8551 -34103.3 0.231862 0.213699  0.18077 0.373669  0.166903  0.177914 0.0890097 0.0201248  0.532695 0.0133533
