tree logl logTop logBL logPrior logQ logWt pi1 pi2 pi3 pi4 s1 s2 s3 s4 s5 s6
(1,((((2,3),(4,5)),((((6,7),8),(9,10)),(((11,(12,(13,14))),((15,16),17)),((18,19),(20,21))))),(22,23)),24); -124440  -10.4128 214.461 84.7255 33.2825 -124592 0.241647 0.253864 0.188639  0.31585  0.357813  0.154707  0.113828 0.0367671  0.314742 0.0221425
(1,(((2,3),(((4,5),(6,7)),((8,(9,10)),(((11,12),(13,14)),(((15,16),17),((18,19),(20,21))))))),(22,23)),24); -124174  -8.37985 221.671 84.9729 37.6546 -124340 0.241724 0.258741 0.183468 0.316068   0.36235  0.157772  0.107936 0.0343859    0.3121 0.0254567
(1,((((2,3),(4,5)),(((6,7),(8,(9,10))),(((11,12),(13,14)),(((15,(16,17)),(18,19)),(20,21))))),(22,23)),24); -124328  -8.2328 210.934 85.1167 36.7037 -124483 0.244966 0.254896 0.189001 0.311137  0.371956   0.16011  0.111183 0.0328028  0.300129 0.0238193
(1,(((((2,3),(4,5)),((((6,7),(8,(9,10))),(11,12)),(((13,(14,15)),(16,17)),(18,(19,20))))),(21,22)),23),24); -124581  -9.4242 215.643 84.8908 37.3791 -124740 0.244864   0.2592 0.185735 0.310201   0.37161  0.158373  0.107263 0.0333903  0.304025 0.0253385
(1,((2,(3,4)),((((5,6),((7,8),(9,10))),(((11,12),(13,14)),((15,16),(17,18)))),((19,(20,21)),(22,23)))),24); -124386  -10.6689 212.379 85.0103 37.3059 -124540 0.243085 0.259401 0.188689 0.308825  0.368465  0.159382  0.108118 0.0354488   0.30225 0.0263367
(1,2,((3,(4,5)),(((((6,7),((8,9),10)),(11,12)),(((13,14),(15,(16,17))),(18,(19,20)))),((21,22),(23,24))))); -124732  -15.6298 216.662 84.8344 37.363 -124886 0.241029 0.252579 0.185909 0.320483  0.365008  0.157095  0.110475  0.034251  0.308676 0.0244949
(1,(((2,(3,4)),((((5,(6,7)),(8,(9,10))),(11,12)),((((13,14),15),(16,17)),((18,19),(20,21))))),(22,23)),24); -124525  -7.59422 218.736 85.0061 34.8055 -124686 0.245451 0.253834 0.187805  0.31291  0.366804  0.157876  0.103899  0.038706  0.305885 0.0268291
(1,2,((3,4),((((5,6),((7,8),(9,10))),(((11,12),(((13,14),15),(16,17))),((18,19),(20,21)))),(22,(23,24))))); -124563  -10.6624 216.021 84.7696 35.61 -124719 0.239948 0.255642 0.187628 0.316782  0.354291  0.162642  0.114709 0.0348424  0.307229 0.0262864
(1,2,(3,((4,5),((((6,7),(8,(9,10))),(((11,12),(13,(14,15))),((16,17),(18,19)))),((20,21),(22,(23,24))))))); -124559  -14.0171 216.504 85.0975 38.4447 -124715 0.242268 0.254046 0.190303 0.313382  0.366682  0.156435   0.10789 0.0369966  0.306993 0.0250043
(1,(((2,3),((((4,5),(6,7)),(8,(9,10))),(((11,12),((13,14),15)),((16,17),(18,(19,20)))))),(21,(22,23))),24); -124634  -12.351 212.078 84.7203 37.7247 -124786 0.243225 0.258954 0.185731 0.312089  0.366393  0.160896  0.112242 0.0362652  0.302291  0.021913
(1,((2,3),((4,5),((((((6,7),8),(9,10)),(11,12)),((13,14),15)),(((16,17),(18,19)),((20,21),(22,23)))))),24); -124475  -10.8556 215.846 85.409 39.5804 -124635 0.242545 0.255098 0.189007 0.313349  0.369547  0.156789  0.110219 0.0357605  0.303138 0.0245465
(1,(((2,3),4),(((((5,6),(7,8)),((9,10),(11,12))),(((13,14),15),((16,17),(18,19)))),((20,21),(22,23)))),24); -124435  -9.20157 219.897 84.7501 34.6351 -124595 0.242561 0.257428 0.187117 0.312894  0.364325  0.161923  0.113775 0.0357435  0.303692  0.020542
(1,((((2,3),(4,5)),((((6,7),8),((9,10),(11,12))),(((13,14),(15,(16,17))),((18,19),(20,21))))),(22,23)),24); -124248  -6.34889 209.894 85.2574 35.8545 -124403 0.244005 0.253075 0.189259  0.31366  0.374265  0.153734  0.109312 0.0375513  0.301244 0.0238951
(1,((((2,3),(4,5)),(((((6,7),8),(9,10)),((11,12),(13,14))),(((15,16),(17,18)),(19,(20,21))))),(22,23)),24); -124105  -5.6661 219.512 85.1742 36.3866 -124270 0.244959 0.252656 0.183114 0.319271  0.369619  0.158888  0.112582 0.0331732  0.301641  0.024096
(1,((2,3),(((((4,5),(6,7)),(8,(9,10))),(((11,12),((13,14),15)),((16,17),(18,19)))),((20,21),(22,23)))),24); -124409  -5.14692 223.078 85.0196 38.5 -124580 0.242911  0.25782 0.185558 0.313711  0.366707  0.161612  0.110213 0.0323715  0.305368 0.0237287
(1,((((((2,3),4),(5,6)),(((7,8),(9,10)),(((11,12),(13,14)),(15,(16,17))))),((18,19),(20,21))),(22,23)),24); -124243  -8.29054 215.728 84.9083 37.7354 -124403 0.243703 0.257441 0.184726 0.314129  0.371927  0.156301  0.108605 0.0359816   0.30081 0.0263756
(1,((2,(3,4)),((5,(6,7)),((((8,9),(10,11)),(((12,13),(14,15)),((16,17),(18,19)))),((20,21),(22,23))))),24); -124494  -8.78898 215.859 85.087 36.8273 -124653 0.239473  0.25402 0.189529 0.316978   0.36545  0.157609  0.113889 0.0337467  0.306668 0.0226375
(1,(((2,(3,4)),((((5,6),(7,8)),((9,10),(11,(12,13)))),(((14,15),(16,17)),((18,19),(20,21))))),(22,23)),24); -124231  -6.06336 222.674 84.9986 35.2197 -124398 0.248091  0.25751 0.185985 0.308414  0.361207   0.15885  0.107393 0.0347393    0.3128 0.0250104
(1,((2,(3,4)),(((((5,6),(7,8)),((9,10),(11,12))),((((13,14),15),(16,17)),((18,19),(20,21)))),(22,23))),24); -124280  -6.73007 216.86 85.0055 37.9155 -124443 0.243212 0.257842 0.182974 0.315972  0.361339  0.160394  0.115506 0.0334029   0.30415 0.0252084
(1,((((2,3),(4,5)),(((((6,7),8),(9,10)),((11,12),(13,(14,15)))),(((16,17),18),(19,(20,21))))),(22,23)),24); -124178  -9.06411 221.436 85.2647 38.0914 -124344 0.242561 0.252479 0.187247 0.317713  0.368561  0.160552  0.111512 0.0339169  0.301261 0.0241967
(1,((2,3),(((((4,5),(6,7)),(8,(9,10))),((((11,12),(13,14)),(15,(16,17))),((18,19),(20,21)))),(22,23))),24); -124260  -6.67952 218.092 85.0866 35.4162 -124422 0.245786 0.260807 0.186537  0.30687  0.367249  0.157034  0.107387 0.0380481  0.304577 0.0257051
