tree logl logTop logBL logPrior logQ logWt pi1 pi2 pi3 pi4 s1 s2 s3 s4 s5 s6
(1,((2,(3,((4,(5,6)),7))),(((((((8,9),10),(11,12)),(13,(14,15))),(((16,17),(18,19)),(20,21))),((22,24),23)),(25,26))),27); -7642.79  0 227.629 112.152 27.2161 -7785.49 0.221082 0.248337 0.301853 0.228728 0.0916949  0.149917 0.0571133  0.246426  0.346567  0.108281
(1,((2,(3,((4,(5,6)),7))),(((((((8,9),10),(11,12)),(13,(14,15))),(((16,17),(18,19)),(20,21))),((22,24),23)),(25,26))),27); -7642.9  0 233.063 112.388 25.7144 -7789.29 0.219739 0.265762 0.280969 0.233529 0.0874211  0.132522 0.0765713  0.229326  0.355331   0.11883
(1,((2,(3,((4,(5,6)),7))),(((((((8,9),10),(11,12)),(13,(14,15))),(((16,17),(18,19)),(20,21))),((22,24),23)),(25,26))),27); -7645.76  0 237.08 112.285 19.1395 -7789.69 0.219641 0.257037 0.296311 0.227012 0.0951864  0.158899 0.0969592  0.209283  0.345643  0.094029
(1,((2,(3,((4,(5,6)),7))),(((((((8,9),10),(11,12)),(13,(14,15))),(((16,17),(18,19)),(20,21))),((22,24),23)),(25,26))),27); -7638.97  0 236.206 112.294 26.3008 -7789.18 0.205419 0.254805 0.306504 0.233272 0.0716572  0.138467 0.0696321  0.269227  0.352622 0.0983947
(1,((2,(3,((4,(5,6)),7))),(((((((8,9),10),(11,12)),(13,(14,15))),(((16,17),(18,19)),(20,21))),((22,24),23)),(25,26))),27); -7639.98  0 232.242 111.989 27.6598 -7787.89  0.22313 0.248885 0.286973 0.241013 0.0759119  0.162273 0.0594371  0.252933  0.343145  0.106299
(1,((2,(3,((4,(5,6)),7))),(((((((8,9),10),(11,12)),(13,(14,15))),(((16,17),(18,19)),(20,21))),((22,24),23)),(25,26))),27); -7639.83  0 235.883 112.227 26.5217 -7790.01 0.223526 0.262699 0.281178 0.232598 0.0726696  0.151216  0.063534  0.257461  0.333836  0.121284
(1,((2,(3,((4,(5,6)),7))),(((((((8,9),10),(11,12)),(13,(14,15))),(((16,17),(18,19)),(20,21))),((22,24),23)),(25,26))),27); -7662.17  0 217.957 112.25 22.6432 -7790.52 0.222599  0.25632 0.284511  0.23657 0.0773719  0.157731 0.0876091  0.270498  0.298771   0.10802
(1,((2,(3,((4,(5,6)),7))),(((((((8,9),10),(11,12)),(13,(14,15))),(((16,17),(18,19)),(20,21))),((22,24),23)),(25,26))),27); -7646.11  0 226.94 112.334 27.7039 -7788.42  0.20608 0.263153 0.291725 0.239042 0.0780477  0.139394 0.0755132  0.239808  0.354384  0.112853
(1,((2,(3,((4,(5,6)),7))),(((((((8,9),10),(11,12)),(13,(14,15))),(((16,17),(18,19)),(20,21))),((22,24),23)),(25,26))),27); -7651.31  0 227.052 112.033 21.9093 -7788.24 0.219071 0.252481 0.268622 0.259827 0.0814732  0.136638  0.070725  0.239766  0.333009  0.138389
(1,((2,(3,((4,(5,6)),7))),(((((((8,9),10),(11,12)),(13,(14,15))),(((16,17),(18,19)),(20,21))),((22,24),23)),(25,26))),27); -7647.62  0 232.775 111.998 22.0257 -7790.42 0.200615 0.270549  0.30061 0.228226 0.0720838  0.118685 0.0779882  0.242892  0.378031   0.11032
(1,((2,(3,((4,(5,6)),7))),(((((((8,9),10),(11,12)),(13,(14,15))),(((16,17),(18,19)),(20,21))),((22,24),23)),(25,26))),27); -7644.88  0 228.382 111.956 23.9253 -7785.23 0.194584 0.259865 0.301649 0.243902 0.0797455  0.163792 0.0478738  0.243727  0.347826  0.117037
(1,((2,(3,((4,(5,6)),7))),(((((((8,9),10),(11,12)),(13,(14,15))),(((16,17),(18,19)),(20,21))),((22,24),23)),(25,26))),27); -7634.59  0 243.49 112.411 25.3267 -7791 0.223579 0.259239 0.299072 0.218111 0.0873473    0.1362 0.0600726  0.246417  0.348394  0.121569
(1,((2,(3,((4,(5,6)),7))),(((((((8,9),10),(11,12)),(13,(14,15))),(((16,17),(18,19)),(20,21))),((22,24),23)),(25,26))),27); -7651.1  0 222.919 112.25 26.799 -7788.57 0.220991 0.242337 0.287058 0.249615 0.0807475  0.145926 0.0605911  0.246461  0.340269  0.126006
(1,((2,(3,((4,(5,6)),7))),(((((((8,9),10),(11,12)),(13,(14,15))),(((16,17),(18,19)),(20,21))),((22,24),23)),(25,26))),27); -7632.29  0 238.729 112.211 26.0748 -7784.89 0.222146 0.246513 0.282504 0.248837 0.0739123  0.142398 0.0746283  0.236194  0.368225  0.104642
(1,((2,(3,((4,(5,6)),7))),(((((((8,9),10),(11,12)),(13,(14,15))),(((16,17),(18,19)),(20,21))),((22,24),23)),(25,26))),27); -7642.61  0 234.64 112.321 25.1615 -7790.09 0.209964 0.259478 0.277758   0.2528 0.0844833  0.137248 0.0690226  0.229326  0.349259  0.130661
(1,((2,(3,((4,(5,6)),7))),(((((((8,9),10),(11,12)),(13,(14,15))),(((16,17),(18,19)),(20,21))),((22,24),23)),(25,26))),27); -7631.92  0 238.837 112.209 27.2341 -7785.79  0.20537  0.25658 0.290879  0.24717 0.0927109  0.144958  0.063345  0.255445  0.350915 0.0926269
(1,((2,(3,((4,(5,6)),7))),(((((((8,9),10),(11,12)),(13,(14,15))),(((16,17),(18,19)),(20,21))),((22,24),23)),(25,26))),27); -7644.03  0 234.078 112.413 25.3198 -7791.01 0.216703 0.264959 0.289115 0.229223 0.0747188  0.160249 0.0721315  0.242954  0.322743  0.127203
(1,((2,(3,((4,(5,6)),7))),(((((((8,9),10),(11,12)),(13,(14,15))),(((16,17),(18,19)),(20,21))),((22,24),23)),(25,26))),27); -7645.84  0 226.781 111.858 24.0892 -7784.85 0.231758 0.237121 0.279892 0.251228 0.0846311  0.141945 0.0692221  0.228659  0.357589  0.117954
(1,((2,(3,((4,(5,6)),7))),(((((((8,9),10),(11,12)),(13,(14,15))),(((16,17),(18,19)),(20,21))),((22,24),23)),(25,26))),27); -7646.41  0 230.189 112.392 26.7801 -7790.99 0.217164 0.249638 0.296496 0.236702 0.0729551  0.154701 0.0676989  0.240078  0.368379 0.0961881
(1,((2,(3,((4,(5,6)),7))),(((((((8,9),10),(11,12)),(13,(14,15))),(((16,17),(18,19)),(20,21))),((22,24),23)),(25,26))),27); -7633.71  0 239.372 112.359 27.2093 -7787.93 0.213987 0.253819 0.289693 0.242501  0.101277  0.129389 0.0646734  0.249959  0.338631  0.116072
(1,((2,(3,((4,(5,6)),7))),(((((((8,9),10),(11,12)),(13,(14,15))),(((16,17),(18,19)),(20,21))),((22,24),23)),(25,26))),27); -7654.03  0 229.026 112.584 24.327 -7794.8 0.220255 0.257501 0.294679 0.227565 0.0795642  0.115063  0.073838  0.271768  0.334634  0.125133
(1,((2,(3,((4,(5,6)),7))),(((((((8,9),10),(11,12)),(13,(14,15))),(((16,17),(18,19)),(20,21))),((22,24),23)),(25,26))),27); -7633.95  0 238.115 112.2 26.533 -7786.4 0.200464 0.256003 0.295347 0.248186 0.0830639   0.12055 0.0708991  0.259185  0.353294  0.113009
(1,((2,(3,((4,(5,6)),7))),(((((((8,9),10),(11,12)),(13,(14,15))),(((16,17),(18,19)),(20,21))),((22,24),23)),(25,26))),27); -7648.91  0 230.088 112.752 26.8214 -7793.06 0.197909 0.258157 0.306084 0.237851 0.0827489  0.140285 0.0659612  0.239708   0.35241  0.118887
(1,((2,(3,((4,(5,6)),7))),(((((((8,9),10),(11,12)),(13,(14,15))),(((16,17),(18,19)),(20,21))),((22,24),23)),(25,26))),27); -7641.59  0 234.631 112.5 27.6973 -7791.42 0.217568 0.253778 0.291181 0.237473 0.0741114  0.142193 0.0540914  0.258391  0.357556  0.113656
(1,((2,(3,((4,(5,6)),7))),(((((((8,9),10),(11,12)),(13,(14,15))),(((16,17),(18,19)),(20,21))),((22,24),23)),(25,26))),27); -7633.44  0 236.477 112.237 28.1728 -7785.86 0.206954 0.260346 0.300135 0.232565 0.0886075  0.150624 0.0682814  0.250905  0.336571  0.105011
(1,((2,(3,((4,(5,6)),7))),(((((((8,9),10),(11,12)),(13,(14,15))),(((16,17),(18,19)),(20,21))),((22,24),23)),(25,26))),27); -7639.07  0 235.482 112.267 27.5071 -7789.79 0.220111 0.254322  0.29131 0.234257 0.079825 0.165068 0.070311 0.237145 0.346717 0.100935
(1,((2,(3,((4,(5,6)),7))),(((((((8,9),10),(11,12)),(13,(14,15))),(((16,17),(18,19)),(20,21))),((22,24),23)),(25,26))),27); -7634.33  0 238.381 112.299 28.0669 -7788.48 0.215817 0.254527 0.289035 0.240621   0.07632  0.131133 0.0723762   0.26471  0.351634  0.103826
(1,((2,(3,((4,(5,6)),7))),(((((((8,9),10),(11,12)),(13,(14,15))),(((16,17),(18,19)),(20,21))),((22,24),23)),(25,26))),27); -7642.87  0 228.191 112.526 28.2086 -7786.74 0.212687  0.24749 0.302708 0.237116 0.0770511  0.144492 0.0606556  0.249367  0.353492  0.114942
(1,((2,(3,((4,(5,6)),7))),(((((((8,9),10),(11,12)),(13,(14,15))),(((16,17),(18,19)),(20,21))),((22,24),23)),(25,26))),27); -7643.83  0 224.555 112 26.53 -7782.92 0.207832 0.257706 0.289952  0.24451 0.0775517  0.159437 0.0711588  0.267284  0.333371 0.0911987
(1,((2,(3,((4,(5,6)),7))),(((((((8,9),10),(11,12)),(13,(14,15))),(((16,17),(18,19)),(20,21))),((22,24),23)),(25,26))),27); -7638.46  0 236.107 112.462 27.2867 -7789.39 0.218521 0.250284 0.287751 0.243444 0.0820204  0.128695 0.0736069  0.269575   0.34804 0.0980637
(1,((2,(3,((4,(5,6)),7))),(((((((8,9),10),(11,12)),(13,(14,15))),(((16,17),(18,19)),(20,21))),((22,24),23)),(25,26))),27); -7648.29  0 223.002 112.341 27.2757 -7786.23  0.21321 0.261313  0.28664 0.238837 0.0874381  0.154634 0.0720292  0.228274  0.356617  0.101007
(1,((2,(3,((4,(5,6)),7))),(((((((8,9),10),(11,12)),(13,(14,15))),(((16,17),(18,19)),(20,21))),((22,24),23)),(25,26))),27); -7640.13  0 234.195 112.19 25.5254 -7787.66 0.218343 0.269086 0.289991  0.22258 0.0838328  0.132604  0.072194  0.262157  0.330176  0.119037
(1,((2,(3,((4,(5,6)),7))),(((((((8,9),10),(11,12)),(13,(14,15))),(((16,17),(18,19)),(20,21))),((22,24),23)),(25,26))),27); -7648.09  0 229.684 112.288 23.2342 -7788.72 0.197464 0.270838 0.286977 0.244721 0.0892003  0.120686 0.0816429  0.267054  0.343094 0.0983226
(1,((2,(3,((4,(5,6)),7))),(((((((8,9),10),(11,12)),(13,(14,15))),(((16,17),(18,19)),(20,21))),((22,24),23)),(25,26))),27); -7641.29  0 232.432 112.435 27.35 -7788.63 0.210279  0.26036 0.300076 0.229285  0.075844  0.154687 0.0694722  0.239883  0.342362  0.117751
(1,((2,(3,((4,(5,6)),7))),(((((((8,9),10),(11,12)),(13,(14,15))),(((16,17),(18,19)),(20,21))),((22,24),23)),(25,26))),27); -7637.02  0 238.758 112.476 24.0879 -7787.39 0.212459 0.252797 0.300942 0.233802 0.0741552  0.174379 0.0522702  0.233828  0.338317  0.127051
(1,((2,(3,((4,(5,6)),7))),(((((((8,9),10),(11,12)),(13,(14,15))),(((16,17),(18,19)),(20,21))),((22,24),23)),(25,26))),27); -7647.77  0 232.266 112.609 24.6115 -7792.04 0.204403 0.258154 0.301138 0.236304 0.0776983  0.133569 0.0649217  0.286297  0.313654  0.123859
(1,((2,(3,((4,(5,6)),7))),(((((((8,9),10),(11,12)),(13,(14,15))),(((16,17),(18,19)),(20,21))),((22,24),23)),(25,26))),27); -7643.34  0 234.625 112.632 26.6806 -7792.01 0.203515 0.274617 0.288543 0.233324 0.0779297  0.145923 0.0676503  0.255556  0.342245  0.110695
(1,((2,(3,((4,(5,6)),7))),(((((((8,9),10),(11,12)),(13,(14,15))),(((16,17),(18,19)),(20,21))),((22,24),23)),(25,26))),27); -7637.85  0 236.535 112.355 28.0006 -7790.03 0.218997 0.248754 0.288198 0.244052 0.0813919  0.130967 0.0608247  0.270073  0.349056  0.107688
(1,((2,(3,((4,(5,6)),7))),(((((((8,9),10),(11,12)),(13,(14,15))),(((16,17),(18,19)),(20,21))),((22,24),23)),(25,26))),27); -7642.02  0 238.622 112.757 25.3578 -7793.25 0.203948 0.249412 0.315317 0.231324   0.07745   0.13801 0.0675113  0.258344  0.334325   0.12436
(1,((2,(3,((4,(5,6)),7))),(((((((8,9),10),(11,12)),(13,(14,15))),(((16,17),(18,19)),(20,21))),((22,24),23)),(25,26))),27); -7641.73  0 237.405 112.342 24.5015 -7791.29 0.230147 0.238346 0.283212 0.248295 0.0791931  0.126839 0.0632381  0.267615   0.36359  0.099525
(1,((2,(3,((4,(5,6)),7))),(((((((8,9),10),(11,12)),(13,(14,15))),(((16,17),(18,19)),(20,21))),((22,24),23)),(25,26))),27); -7639.8  0 234.561 112.295 27.7717 -7789.84 0.207976 0.254574 0.295095 0.242355  0.090437  0.159678 0.0668096  0.252912  0.333364 0.0967993
(1,((2,(3,((4,(5,6)),7))),(((((((8,9),10),(11,12)),(13,(14,15))),(((16,17),(18,19)),(20,21))),((22,24),23)),(25,26))),27); -7636.86  0 232.374 112.1 27.3769 -7784.51 0.221056 0.253392 0.293663 0.231888 0.0826991  0.139965 0.0765001  0.252624  0.327657  0.120556
(1,((2,(3,((4,(5,6)),7))),(((((((8,9),10),(11,12)),(13,(14,15))),(((16,17),(18,19)),(20,21))),((22,24),23)),(25,26))),27); -7633.45  0 241.03 112.193 26.0606 -7788.35 0.220986 0.247813 0.278383 0.252817 0.0888263  0.131369 0.0762066  0.261606  0.339586  0.102406
(1,((2,(3,((4,(5,6)),7))),(((((((8,9),10),(11,12)),(13,(14,15))),(((16,17),(18,19)),(20,21))),((22,24),23)),(25,26))),27); -7641.48  0 231.138 112.131 28.0484 -7788.53 0.224776 0.254883 0.288503 0.231837 0.0866336  0.138815 0.0702955  0.243588  0.345442  0.115227
(1,((2,(3,((4,(5,6)),7))),(((((((8,9),10),(11,12)),(13,(14,15))),(((16,17),(18,19)),(20,21))),((22,24),23)),(25,26))),27); -7642.43  0 230.282 112.221 25.6247 -7786.12 0.215003 0.252312 0.307581 0.225105 0.0800944  0.153005 0.0592048  0.264104  0.321965  0.121627
(1,((2,(3,((4,(5,6)),7))),(((((((8,9),10),(11,12)),(13,(14,15))),(((16,17),(18,19)),(20,21))),((22,24),23)),(25,26))),27); -7647.26  0 229.101 112.341 25.3502 -7789.37 0.219883 0.251958 0.285877 0.242282 0.0769552  0.126597  0.076979  0.234421  0.354517   0.13053
(1,((2,(3,((4,(5,6)),7))),(((((((8,9),10),(11,12)),(13,(14,15))),(((16,17),(18,19)),(20,21))),((22,24),23)),(25,26))),27); -7636.1  0 245.18 112.647 23.3486 -7791.99 0.209439 0.269697 0.295244  0.22562 0.0894118  0.164118 0.0507546  0.269125  0.333052 0.0935391
(1,((2,(3,((4,(5,6)),7))),(((((((8,9),10),(11,12)),(13,(14,15))),(((16,17),(18,19)),(20,21))),((22,24),23)),(25,26))),27); -7645.48  0 230.973 112.341 22.7987 -7786.91 0.198158 0.255654 0.286788   0.2594  0.102029  0.141862 0.0670975  0.218115  0.353801  0.117096
(1,((2,(3,((4,(5,6)),7))),(((((((8,9),10),(11,12)),(13,(14,15))),(((16,17),(18,19)),(20,21))),((22,24),23)),(25,26))),27); -7641.25  0 241.992 112.676 22.8384 -7793.41 0.199548  0.26719 0.287064 0.246198 0.0635581  0.122123 0.0748483  0.268721  0.357768  0.112982
(1,((2,(3,((4,(5,6)),7))),(((((((8,9),10),(11,12)),(13,(14,15))),(((16,17),(18,19)),(20,21))),((22,24),23)),(25,26))),27); -7657.09  0 223.909 112.408 23.0082 -7791.6 0.214838 0.257718 0.284635 0.242809  0.104162  0.156456 0.0517146  0.248902   0.31105  0.127715
(1,((2,(3,((4,(5,6)),7))),(((((((8,9),10),(11,12)),(13,(14,15))),(((16,17),(18,19)),(20,21))),((22,24),23)),(25,26))),27); -7634.27  0 240.042 112.514 28.4288 -7790.22 0.210155  0.25361 0.286182 0.250052 0.0821899  0.154313 0.0653535  0.255115   0.33427  0.108759
(1,((2,(3,((4,(5,6)),7))),(((((((8,9),10),(11,12)),(13,(14,15))),(((16,17),(18,19)),(20,21))),((22,24),23)),(25,26))),27); -7631.64  0 242.394 112.293 26.5793 -7788.32 0.210439 0.255724 0.291339 0.242499 0.0730015   0.14558 0.0571987  0.235786  0.378589  0.109845
(1,((2,(3,((4,(5,6)),7))),(((((((8,9),10),(11,12)),(13,(14,15))),(((16,17),(18,19)),(20,21))),((22,24),23)),(25,26))),27); -7634.33  0 238.408 112.277 27.1196 -7787.58 0.215209 0.249195 0.303635 0.231961 0.0750479  0.151412 0.0786896  0.248535  0.339666  0.106649
(1,((2,(3,((4,(5,6)),7))),(((((((8,9),10),(11,12)),(13,(14,15))),(((16,17),(18,19)),(20,21))),((22,24),23)),(25,26))),27); -7643.54  0 230.109 112.154 26.4082 -7787.9 0.210715 0.263337 0.282174 0.243774 0.0818224  0.144156 0.0597668  0.265674   0.35826 0.0903206
(1,((2,(3,((4,(5,6)),7))),(((((((8,9),10),(11,12)),(13,(14,15))),(((16,17),(18,19)),(20,21))),((22,24),23)),(25,26))),27); -7641.37  0 234.05 112.219 25.3554 -7788.56 0.220702 0.244475 0.291371 0.243451 0.0933701  0.146653 0.0667463  0.219038   0.34643  0.127763
(1,((2,(3,((4,(5,6)),7))),(((((((8,9),10),(11,12)),(13,(14,15))),(((16,17),(18,19)),(20,21))),((22,24),23)),(25,26))),27); -7636.14  0 237.74 112.382 28.2997 -7789.8  0.22287 0.254407 0.286689 0.236034 0.0892233  0.138113  0.066431  0.257941  0.333566  0.114725
(1,((2,(3,((4,(5,6)),7))),(((((((8,9),10),(11,12)),(13,(14,15))),(((16,17),(18,19)),(20,21))),((22,24),23)),(25,26))),27); -7642.32  0 232.476 112.326 27.0189 -7789.49 0.220035 0.266857 0.281399 0.231709  0.089242  0.143625 0.0613363  0.251768  0.354565 0.0994639
(1,((2,(3,((4,(5,6)),7))),(((((((8,9),10),(11,12)),(13,(14,15))),(((16,17),(18,19)),(20,21))),((22,24),23)),(25,26))),27); -7644.55  0 227.263 112.252 27.8053 -7787.37 0.214511 0.249861 0.297934 0.237695 0.0842476  0.146377 0.0606902  0.259233  0.325841  0.123611
(1,((2,(3,((4,(5,6)),7))),(((((((8,9),10),(11,12)),(13,(14,15))),(((16,17),(18,19)),(20,21))),((22,24),23)),(25,26))),27); -7637.56  0 237.209 112.254 24.4012 -7786.92 0.215974 0.268983 0.290229 0.224815  0.072856  0.155515 0.0743093  0.273768  0.317129  0.106423
(1,((2,(3,((4,(5,6)),7))),(((((((8,9),10),(11,12)),(13,(14,15))),(((16,17),(18,19)),(20,21))),((22,24),23)),(25,26))),27); -7653.46  0 226.697 112.123 24.3252 -7792.36 0.236292 0.238765 0.288675 0.236267 0.0759449  0.140779  0.054308  0.253231  0.354382  0.121355
(1,((2,(3,((4,(5,6)),7))),(((((((8,9),10),(11,12)),(13,(14,15))),(((16,17),(18,19)),(20,21))),((22,24),23)),(25,26))),27); -7640.71  0 234.16 112.293 27.9133 -7790.49 0.205957 0.264629 0.286259 0.243156 0.0795524  0.147497 0.0582523  0.248596  0.351606  0.114496
(1,((2,(3,((4,(5,6)),7))),(((((((8,9),10),(11,12)),(13,(14,15))),(((16,17),(18,19)),(20,21))),((22,24),23)),(25,26))),27); -7642.08  0 235.8 112.693 25.2219 -7790.41 0.222272  0.25342 0.305905 0.218403 0.0778167  0.145847 0.0726467  0.264978  0.333591  0.105121
(1,((2,(3,((4,(5,6)),7))),(((((((8,9),10),(11,12)),(13,(14,15))),(((16,17),(18,19)),(20,21))),((22,24),23)),(25,26))),27); -7632.26  0 242.352 112.278 24.6861 -7787.02 0.219881 0.236161 0.287915 0.256043 0.0763504  0.142265 0.0543766  0.248997  0.368989  0.109021
(1,((2,(3,((4,(5,6)),7))),(((((((8,9),10),(11,12)),(13,(14,15))),(((16,17),(18,19)),(20,21))),((22,24),23)),(25,26))),27); -7644.31  0 234.38 112.646 27.2971 -7793.34 0.205316 0.260105 0.301762 0.232816  0.078537  0.144224 0.0750245  0.239414  0.357571  0.105229
(1,((2,(3,((4,(5,6)),7))),(((((((8,9),10),(11,12)),(13,(14,15))),(((16,17),(18,19)),(20,21))),((22,24),23)),(25,26))),27); -7643.4  0 233.14 112.171 25.7122 -7790.08 0.233113 0.254392 0.279924 0.232571 0.0924097  0.151519 0.0568394  0.244867  0.352521  0.101843
(1,((2,(3,((4,(5,6)),7))),(((((((8,9),10),(11,12)),(13,(14,15))),(((16,17),(18,19)),(20,21))),((22,24),23)),(25,26))),27); -7650.6  0 224.629 112.386 27.1908 -7790.03 0.214372  0.26381 0.285797 0.236021 0.0831243  0.138279 0.0648062  0.233436  0.355333  0.125021
(1,((2,(3,((4,(5,6)),7))),(((((((8,9),10),(11,12)),(13,(14,15))),(((16,17),(18,19)),(20,21))),((22,24),23)),(25,26))),27); -7646.44  0 228.066 112.305 26.3345 -7788.53 0.221607 0.258649 0.283798 0.235945 0.0914784  0.137216 0.0566714  0.277397  0.340348 0.0968895
(1,((2,(3,((4,(5,6)),7))),(((((((8,9),10),(11,12)),(13,(14,15))),(((16,17),(18,19)),(20,21))),((22,24),23)),(25,26))),27); -7643.33  0 232.154 112.646 26.931 -7789.77 0.218965  0.25234 0.303889 0.224806 0.0785606  0.145978 0.0581616  0.261422  0.352011  0.103867
(1,((2,(3,((4,(5,6)),7))),(((((((8,9),10),(11,12)),(13,(14,15))),(((16,17),(18,19)),(20,21))),((22,24),23)),(25,26))),27); -7642.51  0 233.832 112.33 26.3895 -7790.4 0.218462 0.255936 0.289928 0.235674 0.0741685   0.16392 0.0500798   0.25826  0.343617  0.109955
(1,((2,(3,((4,(5,6)),7))),(((((((8,9),10),(11,12)),(13,(14,15))),(((16,17),(18,19)),(20,21))),((22,24),23)),(25,26))),27); -7646.79  0 236.417 112.539 23.3593 -7794.03 0.219585  0.25763 0.269026 0.253758 0.0919901  0.157361 0.0822247   0.23697  0.329666  0.101789
(1,((2,(3,((4,(5,6)),7))),(((((((8,9),10),(11,12)),(13,(14,15))),(((16,17),(18,19)),(20,21))),((22,24),23)),(25,26))),27); -7645.12  0 235.473 112.372 23.2803 -7791.5  0.20106 0.262579  0.30673 0.229632 0.0889665  0.124056 0.0894274  0.247678  0.339055  0.110818
(1,((2,(3,((4,(5,6)),7))),(((((((8,9),10),(11,12)),(13,(14,15))),(((16,17),(18,19)),(20,21))),((22,24),23)),(25,26))),27); -7640.06  0 237.791 112.451 23.8214 -7789.22 0.231266  0.25891 0.279466 0.230358 0.0916371   0.17552 0.0630638  0.234141  0.337426 0.0982121
(1,((2,(3,((4,(5,6)),7))),(((((((8,9),10),(11,12)),(13,(14,15))),(((16,17),(18,19)),(20,21))),((22,24),23)),(25,26))),27); -7643.81  0 231.035 112.061 23.9869 -7786.77 0.206361 0.245161 0.297784 0.250694 0.0756085   0.18364 0.0574907  0.231024  0.347323  0.104913
(1,((2,(3,((4,(5,6)),7))),(((((((8,9),10),(11,12)),(13,(14,15))),(((16,17),(18,19)),(20,21))),((22,24),23)),(25,26))),27); -7643.57  0 229.597 111.875 22.8779 -7784.17 0.223635 0.253155 0.283863 0.239347 0.0885206  0.152822 0.0544068  0.253012  0.310087  0.141152
(1,((2,(3,((4,(5,6)),7))),(((((((8,9),10),(11,12)),(13,(14,15))),(((16,17),(18,19)),(20,21))),((22,24),23)),(25,26))),27); -7644.29  0 232.683 112.172 23.9436 -7788.74 0.232122 0.239384 0.282829 0.245665 0.0728014  0.139324 0.0750857  0.230961   0.36627  0.115558
(1,((2,(3,((4,(5,6)),7))),(((((((8,9),10),(11,12)),(13,(14,15))),(((16,17),(18,19)),(20,21))),((22,24),23)),(25,26))),27); -7640.8  0 243.906 112.519 17.9565 -7790.14 0.203773 0.225957 0.301767 0.268503 0.0862257  0.134722 0.0650509  0.221276   0.37898  0.113746
(1,((2,(3,((4,(5,6)),7))),(((((((8,9),10),(11,12)),(13,(14,15))),(((16,17),(18,19)),(20,21))),((22,24),23)),(25,26))),27); -7639.25  0 234.131 112.145 26.7664 -7788 0.197937 0.251285  0.30963 0.241147 0.0796129  0.139729 0.0689578   0.25511  0.352705  0.103885
(1,((2,(3,((4,(5,6)),7))),(((((((8,9),10),(11,12)),(13,(14,15))),(((16,17),(18,19)),(20,21))),((22,24),23)),(25,26))),27); -7645.24  0 230.466 112.148 23.7966 -7787.35 0.204058 0.259842 0.295146 0.240954 0.0690383  0.123135 0.0649995   0.23628  0.382042  0.124506
(1,((2,(3,((4,(5,6)),7))),(((((((8,9),10),(11,12)),(13,(14,15))),(((16,17),(18,19)),(20,21))),((22,24),23)),(25,26))),27); -7645.38  0 229 112.113 24.8146 -7787.08 0.212101 0.263963 0.291399 0.232537  0.103807  0.138098 0.0541887  0.243769  0.363829 0.0963074
(1,((2,(3,((4,(5,6)),7))),(((((((8,9),10),(11,12)),(13,(14,15))),(((16,17),(18,19)),(20,21))),((22,24),23)),(25,26))),27); -7645.1  0 233.709 112.32 24.2849 -7790.78 0.219645  0.25609 0.298263 0.226001 0.0888141  0.148047 0.0872111  0.221438  0.348642  0.105848
(1,((2,(3,((4,(5,6)),7))),(((((((8,9),10),(11,12)),(13,(14,15))),(((16,17),(18,19)),(20,21))),((22,24),23)),(25,26))),27); -7637.9  0 242.657 112.542 23.1261 -7791.14  0.20804 0.239619 0.304655 0.247686  0.080744  0.139991 0.0848295    0.2578  0.350927 0.0857084
(1,((2,(3,((4,(5,6)),7))),(((((((8,9),10),(11,12)),(13,(14,15))),(((16,17),(18,19)),(20,21))),((22,24),23)),(25,26))),27); -7637.88  0 238.665 112.54 26.016 -7790.02 0.213267  0.24729 0.282485 0.256958 0.0928584  0.142178 0.0535947  0.260652  0.346192  0.104525
(1,((2,(3,((4,(5,6)),7))),(((((((8,9),10),(11,12)),(13,(14,15))),(((16,17),(18,19)),(20,21))),((22,24),23)),(25,26))),27); -7634.32  0 238.239 112.185 27.5337 -7787.91 0.212171 0.251691 0.285174 0.250965   0.08465  0.129371 0.0655825  0.243684  0.359778  0.116935
(1,((2,(3,((4,(5,6)),7))),(((((((8,9),10),(11,12)),(13,(14,15))),(((16,17),(18,19)),(20,21))),((22,24),23)),(25,26))),27); -7637.38  0 242.099 112.443 24.0989 -7791.13 0.229197 0.253077 0.283535 0.234192 0.0844863  0.179739 0.0567303  0.228038  0.335365  0.115641
(1,((2,(3,((4,(5,6)),7))),(((((((8,9),10),(11,12)),(13,(14,15))),(((16,17),(18,19)),(20,21))),((22,24),23)),(25,26))),27); -7641.81  0 241.426 112.447 21.0246 -7791.82 0.223416 0.271857 0.284804 0.219924 0.0902223  0.184501 0.0591262  0.237753  0.319717  0.108681
(1,((2,(3,((4,(5,6)),7))),(((((((8,9),10),(11,12)),(13,(14,15))),(((16,17),(18,19)),(20,21))),((22,24),23)),(25,26))),27); -7638.65  0 240.832 112.642 25.3817 -7792.22 0.220133 0.273977  0.28171 0.224181 0.0875992  0.145962 0.0625221  0.262852  0.331813  0.109252
(1,((2,(3,((4,(5,6)),7))),(((((((8,9),10),(11,12)),(13,(14,15))),(((16,17),(18,19)),(20,21))),((22,24),23)),(25,26))),27); -7636.31  0 242.131 112.439 25.9758 -7791.97 0.199452 0.263975      0.3 0.236573 0.0703235  0.150088 0.0769308  0.243893  0.350364  0.108401
(1,((2,(3,((4,(5,6)),7))),(((((((8,9),10),(11,12)),(13,(14,15))),(((16,17),(18,19)),(20,21))),((22,24),23)),(25,26))),27); -7642.05  0 235.121 112.35 25.9405 -7790.76 0.228388 0.251247 0.273534 0.246831  0.089672  0.150756 0.0555144   0.25463  0.338915  0.110512
(1,((2,(3,((4,(5,6)),7))),(((((((8,9),10),(11,12)),(13,(14,15))),(((16,17),(18,19)),(20,21))),((22,24),23)),(25,26))),27); -7631.88  0 241.928 112.296 24.238 -7785.75 0.206466 0.249307 0.292666 0.251562 0.0867491  0.168545 0.0690114  0.228884  0.359067  0.087744
(1,((2,(3,((4,(5,6)),7))),(((((((8,9),10),(11,12)),(13,(14,15))),(((16,17),(18,19)),(20,21))),((22,24),23)),(25,26))),27); -7644.03  0 234.535 112.316 24.6139 -7790.86 0.210485 0.266324 0.289981  0.23321 0.0953196  0.162953 0.0492595  0.263657  0.325591   0.10322
(1,((2,(3,((4,(5,6)),7))),(((((((8,9),10),(11,12)),(13,(14,15))),(((16,17),(18,19)),(20,21))),((22,24),23)),(25,26))),27); -7644.34  0 231.359 112.577 27.1469 -7790.27 0.204488 0.256322 0.291898 0.247291 0.0917394  0.129811 0.0693098  0.238415  0.350615   0.12011
(1,((2,(3,((4,(5,6)),7))),(((((((8,9),10),(11,12)),(13,(14,15))),(((16,17),(18,19)),(20,21))),((22,24),23)),(25,26))),27); -7647.04  0 233.688 112.262 21.9835 -7790.45  0.20598 0.251775 0.310879 0.231366  0.111482  0.147721 0.0781758  0.239553  0.328553 0.0945152
(1,((2,(3,((4,(5,6)),7))),(((((((8,9),10),(11,12)),(13,(14,15))),(((16,17),(18,19)),(20,21))),((22,24),23)),(25,26))),27); -7645.5  0 227.16 112.112 27.762 -7788.31 0.215782 0.254682 0.291154 0.238382 0.0806517  0.163909  0.072951  0.242009  0.341849   0.09863
(1,((2,(3,((4,(5,6)),7))),(((((((8,9),10),(11,12)),(13,(14,15))),(((16,17),(18,19)),(20,21))),((22,24),23)),(25,26))),27); -7639.2  0 233.705 112.307 26.1846 -7786.79 0.219093   0.2429 0.284151 0.253856 0.0873857  0.145686 0.0543232  0.263474  0.349025  0.100106
(1,((2,(3,((4,(5,6)),7))),(((((((8,9),10),(11,12)),(13,(14,15))),(((16,17),(18,19)),(20,21))),((22,24),23)),(25,26))),27); -7640.07  0 233.262 112.399 27.881 -7788.81 0.211698 0.251387 0.296441 0.240473 0.0902597  0.149913 0.0628067  0.238744  0.360734 0.0975426
(1,((2,(3,((4,(5,6)),7))),(((((((8,9),10),(11,12)),(13,(14,15))),(((16,17),(18,19)),(20,21))),((22,24),23)),(25,26))),27); -7651.81  0 223.472 112.494 26.5469 -7789.33  0.21101 0.267442 0.294765 0.226783 0.0960003  0.133093 0.0662337  0.256309  0.335658  0.112707
(1,((2,(3,((4,(5,6)),7))),(((((((8,9),10),(11,12)),(13,(14,15))),(((16,17),(18,19)),(20,21))),((22,24),23)),(25,26))),27); -7656.28  0 221.926 112.585 27.4891 -7793.11 0.215075 0.259743  0.29263 0.232552 0.0715952  0.158479 0.0705535  0.246641  0.350195  0.102535
(1,((2,(3,((4,(5,6)),7))),(((((((8,9),10),(11,12)),(13,(14,15))),(((16,17),(18,19)),(20,21))),((22,24),23)),(25,26))),27); -7638.67  0 238.176 112.415 25.0474 -7789.48 0.204842 0.278251 0.287208 0.229699 0.0888902  0.143649 0.0611218  0.236533   0.36102  0.108785
(1,((2,(3,((4,(5,6)),7))),(((((((8,9),10),(11,12)),(13,(14,15))),(((16,17),(18,19)),(20,21))),((22,24),23)),(25,26))),27); -7640.88  0 237.409 112.31 25.0443 -7791.02 0.230275 0.256456 0.290182 0.223087  0.082729  0.130501 0.0753025  0.249457  0.363203 0.0988081
(1,((2,(3,((4,(5,6)),7))),(((((((8,9),10),(11,12)),(13,(14,15))),(((16,17),(18,19)),(20,21))),((22,24),23)),(25,26))),27); -7646.51  0 228.061 112.176 27.1444 -7789.54 0.212802   0.2507 0.287022 0.249475 0.0726778  0.145878 0.0674101  0.276521  0.333709  0.103804
(1,((2,(3,((4,(5,6)),7))),(((((((8,9),10),(11,12)),(13,(14,15))),(((16,17),(18,19)),(20,21))),((22,24),23)),(25,26))),27); -7643.36  0 232.069 112.58 27.0454 -7789.89 0.223455 0.249196 0.282812 0.244538 0.0842076  0.155553 0.0595668  0.240062  0.337293  0.123317
(1,((2,(3,((4,(5,6)),7))),(((((((8,9),10),(11,12)),(13,(14,15))),(((16,17),(18,19)),(20,21))),((22,24),23)),(25,26))),27); -7643.49  0 232.087 112.344 26.6674 -7789.9 0.199128  0.25362 0.304272  0.24298 0.0825297  0.149479 0.0793126  0.244531  0.340477  0.103671
(1,((2,(3,((4,(5,6)),7))),(((((((8,9),10),(11,12)),(13,(14,15))),(((16,17),(18,19)),(20,21))),((22,24),23)),(25,26))),27); -7644.55  0 226.54 112.229 27.2482 -7786.11 0.211386 0.252352 0.305455 0.230807 0.0751238  0.132973 0.0691719  0.249572  0.361272  0.111886
(1,((2,(3,((4,(5,6)),7))),(((((((8,9),10),(11,12)),(13,(14,15))),(((16,17),(18,19)),(20,21))),((22,24),23)),(25,26))),27); -7628.15  0 244.454 112.25 27.6797 -7788.04 0.209828  0.25093 0.301963 0.237279 0.0808998  0.153766 0.0668284  0.229943  0.350942  0.117621
(1,((2,(3,((4,(5,6)),7))),(((((((8,9),10),(11,12)),(13,(14,15))),(((16,17),(18,19)),(20,21))),((22,24),23)),(25,26))),27); -7645.17  0 231.669 112.447 25.6691 -7790.06 0.208728 0.256898 0.299186 0.235188 0.0796728  0.135775 0.0559251  0.276097   0.32436   0.12817
(1,((2,(3,((4,(5,6)),7))),(((((((8,9),10),(11,12)),(13,(14,15))),(((16,17),(18,19)),(20,21))),((22,24),23)),(25,26))),27); -7646.68  0 233.075 112.312 24.815 -7792.26 0.216555 0.253101 0.303874 0.226471  0.092104  0.146142 0.0606477  0.221277  0.375542  0.104287
(1,((2,(3,((4,(5,6)),7))),(((((((8,9),10),(11,12)),(13,(14,15))),(((16,17),(18,19)),(20,21))),((22,24),23)),(25,26))),27); -7646.43  0 228.861 112.002 26.7543 -7790.05 0.224688 0.255227  0.29499 0.225095 0.0815887  0.135063  0.059535  0.248221  0.354774  0.120818
(1,((2,(3,((4,(5,6)),7))),(((((((8,9),10),(11,12)),(13,(14,15))),(((16,17),(18,19)),(20,21))),((22,24),23)),(25,26))),27); -7639.57  0 238.353 112.752 27.5023 -7792.67 0.224666 0.248181 0.283698 0.243456 0.0802107  0.154119 0.0726754  0.250772  0.328602   0.11362
(1,((2,(3,((4,(5,6)),7))),(((((((8,9),10),(11,12)),(13,(14,15))),(((16,17),(18,19)),(20,21))),((22,24),23)),(25,26))),27); -7644.28  0 230.408 112.456 26.137 -7788.37 0.198803 0.255986 0.299544 0.245667 0.0882056  0.155887 0.0552372  0.242258  0.335664  0.122748
(1,((2,(3,((4,(5,6)),7))),(((((((8,9),10),(11,12)),(13,(14,15))),(((16,17),(18,19)),(20,21))),((22,24),23)),(25,26))),27); -7648.76  0 228.55 111.954 25.4658 -7790.83 0.216564 0.263013 0.274709 0.245715 0.0995736  0.131221 0.0684213  0.253071  0.329379  0.118334
(1,((2,(3,((4,(5,6)),7))),(((((((8,9),10),(11,12)),(13,(14,15))),(((16,17),(18,19)),(20,21))),((22,24),23)),(25,26))),27); -7636.29  0 234.5 111.913 26.932 -7785.81 0.198757  0.25795 0.294637 0.248656 0.0766179   0.13723 0.0751444  0.247461  0.356134  0.107412
(1,((2,(3,((4,(5,6)),7))),(((((((8,9),10),(11,12)),(13,(14,15))),(((16,17),(18,19)),(20,21))),((22,24),23)),(25,26))),27); -7649.09  0 224.421 112.529 24.9252 -7785.91 0.221058 0.255024 0.292874 0.231044 0.0983755  0.162453 0.0561789  0.231719  0.356961 0.0943128
(1,((2,(3,((4,(5,6)),7))),(((((((8,9),10),(11,12)),(13,(14,15))),(((16,17),(18,19)),(20,21))),((22,24),23)),(25,26))),27); -7654.07  0 228.386 112.195 23.6632 -7793.92  0.20091 0.265285 0.292295  0.24151 0.107488 0.141143 0.070658   0.2226 0.338056 0.120056
(1,((2,(3,((4,(5,6)),7))),(((((((8,9),10),(11,12)),(13,(14,15))),(((16,17),(18,19)),(20,21))),((22,24),23)),(25,26))),27); -7646.12  0 236.238 112.267 20.7251 -7790.81 0.197384 0.262809 0.285204 0.254603  0.064178  0.157283 0.0452736   0.26039  0.353982  0.118894
(1,((2,(3,((4,(5,6)),7))),(((((((8,9),10),(11,12)),(13,(14,15))),(((16,17),(18,19)),(20,21))),((22,24),23)),(25,26))),27); -7638.55  0 236.525 112.256 28.0448 -7790.86 0.214918 0.251157 0.295098 0.238827 0.0832369  0.123528 0.0695438  0.259165    0.3512  0.113326
(1,((2,(3,((4,(5,6)),7))),(((((((8,9),10),(11,12)),(13,(14,15))),(((16,17),(18,19)),(20,21))),((22,24),23)),(25,26))),27); -7643.93  0 230.773 112.171 27.2088 -7789.74 0.221649 0.252987 0.285329 0.240034 0.0900461   0.14486 0.0684653  0.233011  0.365172 0.0984456
(1,((2,(3,((4,(5,6)),7))),(((((((8,9),10),(11,12)),(13,(14,15))),(((16,17),(18,19)),(20,21))),((22,24),23)),(25,26))),27); -7635.09  0 240.713 112.465 26.2167 -7789.55 0.206358 0.243077  0.29574 0.254825 0.0812968  0.151718 0.0602678  0.231625  0.362271  0.112822
(1,((2,(3,((4,(5,6)),7))),(((((((8,9),10),(11,12)),(13,(14,15))),(((16,17),(18,19)),(20,21))),((22,24),23)),(25,26))),27); -7637.74  0 243.155 112.671 24.9194 -7793.14 0.216629 0.258326  0.28351 0.241536 0.0881159  0.141249 0.0685257  0.217448  0.350758  0.133902
(1,((2,(3,((4,(5,6)),7))),(((((((8,9),10),(11,12)),(13,(14,15))),(((16,17),(18,19)),(20,21))),((22,24),23)),(25,26))),27); -7631.41  0 244.039 112.673 26.4059 -7789.18 0.207564 0.245356 0.300391 0.246688 0.0826635  0.137529 0.0520033  0.265521   0.34141  0.120874
(1,((2,(3,((4,(5,6)),7))),(((((((8,9),10),(11,12)),(13,(14,15))),(((16,17),(18,19)),(20,21))),((22,24),23)),(25,26))),27); -7639.02  0 236.909 112.372 25.0122 -7788.57 0.209236 0.240969 0.300039 0.249756 0.0992565  0.156661 0.0604437   0.24206  0.348777  0.092801
(1,((2,(3,((4,(5,6)),7))),(((((((8,9),10),(11,12)),(13,(14,15))),(((16,17),(18,19)),(20,21))),((22,24),23)),(25,26))),27); -7643.71  0 230.168 112.059 25.0037 -7786.82 0.199718 0.259373 0.306936 0.233973 0.0826938   0.13945 0.0681675  0.244877  0.373432 0.0913794
(1,((2,(3,((4,(5,6)),7))),(((((((8,9),10),(11,12)),(13,(14,15))),(((16,17),(18,19)),(20,21))),((22,24),23)),(25,26))),27); -7636.23  0 241.47 112.395 23.6603 -7788.97 0.204628 0.238683 0.309923 0.246766  0.079101   0.16197 0.0509985  0.234886  0.362454  0.110591
(1,((2,(3,((4,(5,6)),7))),(((((((8,9),10),(11,12)),(13,(14,15))),(((16,17),(18,19)),(20,21))),((22,24),23)),(25,26))),27); -7644.1  0 229.697 112.198 25.0816 -7786.68 0.210486 0.250457 0.300204 0.238853 0.0898418  0.139322 0.0728876  0.218509  0.347651  0.131788
(1,((2,(3,((4,(5,6)),7))),(((((((8,9),10),(11,12)),(13,(14,15))),(((16,17),(18,19)),(20,21))),((22,24),23)),(25,26))),27); -7649.74  0 227.483 112.337 23.8811 -7788.77 0.224314 0.253929 0.267733 0.254024 0.0788272  0.134966 0.0783252  0.262827  0.346961 0.0980935
(1,((2,(3,((4,(5,6)),7))),(((((((8,9),10),(11,12)),(13,(14,15))),(((16,17),(18,19)),(20,21))),((22,24),23)),(25,26))),27); -7641.71  0 236.187 112.6 25.6877 -7790.98 0.214554 0.246463  0.29117 0.247812 0.0802428  0.174153 0.0589828   0.22746  0.356351   0.10281
(1,((2,(3,((4,(5,6)),7))),(((((((8,9),10),(11,12)),(13,(14,15))),(((16,17),(18,19)),(20,21))),((22,24),23)),(25,26))),27); -7641.19  0 233.643 112.467 25.2628 -7787.63 0.220404 0.262404 0.295984 0.221208 0.0785892  0.142371 0.0633378  0.271554  0.322423  0.121726
(1,((2,(3,((4,(5,6)),7))),(((((((8,9),10),(11,12)),(13,(14,15))),(((16,17),(18,19)),(20,21))),((22,24),23)),(25,26))),27); -7645.02  0 228.486 112.018 26.2533 -7787.75 0.212875 0.247121 0.293911 0.246093 0.0878044  0.149044 0.0634263  0.282684   0.31493  0.102111
(1,((2,(3,((4,(5,6)),7))),(((((((8,9),10),(11,12)),(13,(14,15))),(((16,17),(18,19)),(20,21))),((22,24),23)),(25,26))),27); -7650.1  0 226.732 112.463 26.125 -7790.49 0.225476 0.258062 0.287872  0.22859 0.0959065  0.154114 0.0714195  0.232086  0.333024   0.11345
(1,((2,(3,((4,(5,6)),7))),(((((((8,9),10),(11,12)),(13,(14,15))),(((16,17),(18,19)),(20,21))),((22,24),23)),(25,26))),27); -7641.21  0 229.457 112.269 28.6134 -7787.01 0.218415 0.253957 0.295676 0.231953 0.0786163  0.147408 0.0653688  0.263214  0.339212  0.106181
(1,((2,(3,((4,(5,6)),7))),(((((((8,9),10),(11,12)),(13,(14,15))),(((16,17),(18,19)),(20,21))),((22,24),23)),(25,26))),27); -7649.1  0 231.115 112.529 24.0466 -7791.73 0.209892 0.251357 0.298555 0.240196 0.0796298  0.107072 0.0710253  0.250833  0.368637  0.122803
(1,((2,(3,((4,(5,6)),7))),(((((((8,9),10),(11,12)),(13,(14,15))),(((16,17),(18,19)),(20,21))),((22,24),23)),(25,26))),27); -7634.36  0 240.669 112.512 27.4439 -7789.96 0.212497 0.259763  0.28751  0.24023 0.0745109  0.159988 0.0666636  0.231079  0.356811  0.110948
(1,((2,(3,((4,(5,6)),7))),(((((((8,9),10),(11,12)),(13,(14,15))),(((16,17),(18,19)),(20,21))),((22,24),23)),(25,26))),27); -7643.5  0 240.267 112.641 24.0794 -7795.21 0.225425 0.246454 0.303362 0.224759 0.0829613  0.149298 0.0747631  0.218997  0.367975  0.106005
(1,((2,(3,((4,(5,6)),7))),(((((((8,9),10),(11,12)),(13,(14,15))),(((16,17),(18,19)),(20,21))),((22,24),23)),(25,26))),27); -7632.33  0 240.235 112.179 27.8578 -7788.25 0.209378 0.249068 0.298084  0.24347 0.0746505  0.159526 0.0631896  0.257031  0.331933  0.113669
(1,((2,(3,((4,(5,6)),7))),(((((((8,9),10),(11,12)),(13,(14,15))),(((16,17),(18,19)),(20,21))),((22,24),23)),(25,26))),27); -7644.1  0 234.507 112.621 25.1104 -7791.1  0.22416 0.262355 0.279082 0.234402 0.0733985  0.148764 0.0835668   0.26069  0.333902 0.0996784
(1,((2,(3,((4,(5,6)),7))),(((((((8,9),10),(11,12)),(13,(14,15))),(((16,17),(18,19)),(20,21))),((22,24),23)),(25,26))),27); -7636.96  0 240.587 112.319 24.752 -7789.98 0.220997 0.260173 0.288911 0.229919 0.0682667   0.15886 0.0634339  0.247993  0.329478  0.131969
(1,((2,(3,((4,(5,6)),7))),(((((((8,9),10),(11,12)),(13,(14,15))),(((16,17),(18,19)),(20,21))),((22,24),23)),(25,26))),27); -7636.37  0 235.591 112.309 27.9931 -7787.64 0.206409 0.261006 0.287806 0.244779 0.0837079  0.142753 0.0749089  0.241482  0.353133  0.104016
(1,((2,(3,((4,(5,6)),7))),(((((((8,9),10),(11,12)),(13,(14,15))),(((16,17),(18,19)),(20,21))),((22,24),23)),(25,26))),27); -7647.54  0 228.183 112.319 25.3889 -7788.79 0.223721 0.250539 0.277111 0.248628 0.0904076  0.134136 0.0665983  0.238844  0.373265 0.0967496
(1,((2,(3,((4,(5,6)),7))),(((((((8,9),10),(11,12)),(13,(14,15))),(((16,17),(18,19)),(20,21))),((22,24),23)),(25,26))),27); -7643.68  0 231.464 112.095 23.3913 -7786.44 0.196581 0.261317 0.293319 0.248782  0.105397  0.158224 0.0546267  0.234528  0.331084   0.11614
(1,((2,(3,((4,(5,6)),7))),(((((((8,9),10),(11,12)),(13,(14,15))),(((16,17),(18,19)),(20,21))),((22,24),23)),(25,26))),27); -7652.8  0 227.446 112.313 25.1302 -7793.07 0.217559 0.272715 0.276291 0.233435  0.075047  0.158934 0.0646609  0.262225   0.32455  0.114583
(1,((2,(3,((4,(5,6)),7))),(((((((8,9),10),(11,12)),(13,(14,15))),(((16,17),(18,19)),(20,21))),((22,24),23)),(25,26))),27); -7650.75  0 224.013 112.593 28.8299 -7791 0.216098 0.257382 0.285561 0.240959 0.0796068  0.147097 0.0705519  0.253705  0.345852  0.103187
(1,((2,(3,((4,(5,6)),7))),(((((((8,9),10),(11,12)),(13,(14,15))),(((16,17),(18,19)),(20,21))),((22,24),23)),(25,26))),27); -7650.01  0 224.028 112.269 27.3956 -7789.17 0.214971 0.256078  0.28112 0.247831 0.0847186   0.15638 0.0540096  0.245853  0.351723  0.107315
(1,((2,(3,((4,(5,6)),7))),(((((((8,9),10),(11,12)),(13,(14,15))),(((16,17),(18,19)),(20,21))),((22,24),23)),(25,26))),27); -7645.31  0 234.829 112.529 25.7984 -7793.41 0.215954  0.26263 0.273825 0.247591 0.0811903  0.139916 0.0809874  0.239227  0.342044  0.116636
(1,((2,(3,((4,(5,6)),7))),(((((((8,9),10),(11,12)),(13,(14,15))),(((16,17),(18,19)),(20,21))),((22,24),23)),(25,26))),27); -7640.75  0 233.717 112.307 27.0504 -7789.21 0.225758 0.250887 0.279016 0.244339 0.0742441  0.157205 0.0618788  0.245908  0.348976  0.111788
(1,((2,(3,((4,(5,6)),7))),(((((((8,9),10),(11,12)),(13,(14,15))),(((16,17),(18,19)),(20,21))),((22,24),23)),(25,26))),27); -7653.71  0 228.277 112.614 25.9826 -7795.36 0.201002 0.248234 0.297255  0.25351 0.0801583  0.158059 0.0777906   0.23571   0.33869  0.109592
(1,((2,(3,((4,(5,6)),7))),(((((((8,9),10),(11,12)),(13,(14,15))),(((16,17),(18,19)),(20,21))),((22,24),23)),(25,26))),27); -7655.44  0 229.249 112.579 22.2293 -7794.33 0.220771 0.255195 0.289458 0.234577 0.0650242  0.157412 0.0842216  0.251884  0.311854  0.129604
(1,((2,(3,((4,(5,6)),7))),(((((((8,9),10),(11,12)),(13,(14,15))),(((16,17),(18,19)),(20,21))),((22,24),23)),(25,26))),27); -7639.86  0 240.831 112.44 22.6406 -7790.89 0.194684 0.278289 0.299581 0.227445 0.0894279  0.131467 0.0663848  0.238999  0.369598  0.104123
(1,((2,(3,((4,(5,6)),7))),(((((((8,9),10),(11,12)),(13,(14,15))),(((16,17),(18,19)),(20,21))),((22,24),23)),(25,26))),27); -7638.02  0 230.685 111.93 26.5854 -7783.36 0.212046 0.250495 0.285286 0.252173 0.069903 0.158299 0.062323 0.248633 0.358807 0.102035
(1,((2,(3,((4,(5,6)),7))),(((((((8,9),10),(11,12)),(13,(14,15))),(((16,17),(18,19)),(20,21))),((22,24),23)),(25,26))),27); -7640.16  0 234.014 112.28 27.0161 -7788.91 0.221625 0.241122 0.294949 0.242303 0.0772991  0.141226 0.0627958  0.277313  0.337667  0.103699
(1,((2,(3,((4,(5,6)),7))),(((((((8,9),10),(11,12)),(13,(14,15))),(((16,17),(18,19)),(20,21))),((22,24),23)),(25,26))),27); -7630.27  0 243.397 112.211 24.618 -7786.07 0.209746 0.259711 0.279196 0.251347 0.0894919   0.15941 0.0634356  0.214818   0.35251  0.120334
(1,((2,(3,((4,(5,6)),7))),(((((((8,9),10),(11,12)),(13,(14,15))),(((16,17),(18,19)),(20,21))),((22,24),23)),(25,26))),27); -7648.56  0 233.723 112.537 24.2629 -7794.01 0.216188 0.277283 0.279737 0.226792 0.0846324  0.153059  0.074758   0.25695  0.320581   0.11002
(1,((2,(3,((4,(5,6)),7))),(((((((8,9),10),(11,12)),(13,(14,15))),(((16,17),(18,19)),(20,21))),((22,24),23)),(25,26))),27); -7650.66  0 222.153 112.046 27.0421 -7787.81 0.210007 0.252133 0.293768 0.244092 0.0969827  0.123708 0.0691471  0.243629  0.357502   0.10903
(1,((2,(3,((4,(5,6)),7))),(((((((8,9),10),(11,12)),(13,(14,15))),(((16,17),(18,19)),(20,21))),((22,24),23)),(25,26))),27); -7642.49  0 232.113 112.364 27.2568 -7789.5  0.21211 0.253326  0.28823 0.246333 0.0771765  0.140607 0.0588291  0.279535  0.329357  0.114495
(1,((2,(3,((4,(5,6)),7))),(((((((8,9),10),(11,12)),(13,(14,15))),(((16,17),(18,19)),(20,21))),((22,24),23)),(25,26))),27); -7644.62  0 224.554 112.106 27.9808 -7785.05 0.219022 0.256269 0.286185 0.238525 0.0814274   0.13777  0.060457   0.23975  0.362122  0.118473
(1,((2,(3,((4,(5,6)),7))),(((((((8,9),10),(11,12)),(13,(14,15))),(((16,17),(18,19)),(20,21))),((22,24),23)),(25,26))),27); -7639.23  0 235.072 112.056 24.571 -7786.82 0.211351 0.258288 0.310865 0.219496 0.0742349   0.14337 0.0719522  0.271318  0.331134  0.107991
(1,((2,(3,((4,(5,6)),7))),(((((((8,9),10),(11,12)),(13,(14,15))),(((16,17),(18,19)),(20,21))),((22,24),23)),(25,26))),27); -7648.77  0 227.777 112.197 24.823 -7789.17 0.207706 0.268494 0.273821 0.249979 0.0910326  0.149477 0.0519318  0.247062  0.355383  0.105114
(1,((2,(3,((4,(5,6)),7))),(((((((8,9),10),(11,12)),(13,(14,15))),(((16,17),(18,19)),(20,21))),((22,24),23)),(25,26))),27); -7647.31  0 233.321 112.677 22.8401 -7790.79 0.200656 0.247991 0.313215 0.238137 0.0991131  0.162917 0.0695668  0.259946  0.308049  0.100408
(1,((2,(3,((4,(5,6)),7))),(((((((8,9),10),(11,12)),(13,(14,15))),(((16,17),(18,19)),(20,21))),((22,24),23)),(25,26))),27); -7639.25  0 235.096 112.419 26.4639 -7788.4 0.218398 0.240104 0.296458 0.245039 0.0793985  0.168402 0.0715585  0.245899  0.330162   0.10458
(1,((2,(3,((4,(5,6)),7))),(((((((8,9),10),(11,12)),(13,(14,15))),(((16,17),(18,19)),(20,21))),((22,24),23)),(25,26))),27); -7640.24  0 237.389 112.139 21.3951 -7786.89 0.215425 0.272319 0.271776  0.24048 0.0821881  0.163757 0.0657631  0.264323  0.344657 0.0793119
(1,((2,(3,((4,(5,6)),7))),(((((((8,9),10),(11,12)),(13,(14,15))),(((16,17),(18,19)),(20,21))),((22,24),23)),(25,26))),27); -7638.43  0 234.744 112.215 25.9498 -7786.9 0.211704 0.246353 0.282135 0.259808 0.0754426  0.143779 0.0727221  0.265826  0.338185  0.104045
(1,((2,(3,((4,(5,6)),7))),(((((((8,9),10),(11,12)),(13,(14,15))),(((16,17),(18,19)),(20,21))),((22,24),23)),(25,26))),27); -7643.16  0 226.333 111.959 27.8627 -7785.4 0.204226 0.253559 0.304804 0.237411 0.0900921   0.14704 0.0694887  0.246934  0.344644  0.101802
(1,((2,(3,((4,(5,6)),7))),(((((((8,9),10),(11,12)),(13,(14,15))),(((16,17),(18,19)),(20,21))),((22,24),23)),(25,26))),27); -7635.3  0 238.674 112.268 25.6904 -7787.4 0.216804 0.239575 0.310173 0.233448 0.0897424  0.140677  0.068212  0.263204  0.343809 0.0943559
(1,((2,(3,((4,(5,6)),7))),(((((((8,9),10),(11,12)),(13,(14,15))),(((16,17),(18,19)),(20,21))),((22,24),23)),(25,26))),27); -7637.39  0 233.66 112.014 27.278 -7786.31 0.207209 0.261975 0.293148 0.237668 0.0795803  0.128166 0.0688737   0.27632  0.335517  0.111542
(1,((2,(3,((4,(5,6)),7))),(((((((8,9),10),(11,12)),(13,(14,15))),(((16,17),(18,19)),(20,21))),((22,24),23)),(25,26))),27); -7637.82  0 239.86 112.188 25.3888 -7790.88 0.208368  0.26105 0.286329 0.244253 0.0829308  0.121372 0.0717382  0.284603  0.342588  0.096769
(1,((2,(3,((4,(5,6)),7))),(((((((8,9),10),(11,12)),(13,(14,15))),(((16,17),(18,19)),(20,21))),((22,24),23)),(25,26))),27); -7645.75  0 233.846 112.447 23.9833 -7791.13  0.20355 0.247951 0.300442 0.248058 0.0777068  0.149189 0.0771689  0.246063  0.365838 0.0840342
(1,((2,(3,((4,(5,6)),7))),(((((((8,9),10),(11,12)),(13,(14,15))),(((16,17),(18,19)),(20,21))),((22,24),23)),(25,26))),27); -7642.91  0 236.276 112.523 23.1161 -7789.78 0.212476 0.262255 0.293164 0.232105 0.0838978  0.158891 0.0519092  0.214642  0.384451  0.106208
(1,((2,(3,((4,(5,6)),7))),(((((((8,9),10),(11,12)),(13,(14,15))),(((16,17),(18,19)),(20,21))),((22,24),23)),(25,26))),27); -7646.71  0 231.983 112.269 21.6594 -7788.09 0.230439 0.243228 0.280865 0.245468  0.094706  0.155449 0.0495626  0.273007  0.340951 0.0863255
(1,((2,(3,((4,(5,6)),7))),(((((((8,9),10),(11,12)),(13,(14,15))),(((16,17),(18,19)),(20,21))),((22,24),23)),(25,26))),27); -7647.61  0 239.106 111.873 16.827 -7791.67 0.231613 0.267177 0.264166 0.237044 0.0628594  0.122109   0.06442  0.236501  0.394424  0.119687
(1,((2,(3,((4,(5,6)),7))),(((((((8,9),10),(11,12)),(13,(14,15))),(((16,17),(18,19)),(20,21))),((22,24),23)),(25,26))),27); -7640.25  0 237.615 112.408 24.1223 -7789.58 0.219528 0.245754 0.287644 0.247074 0.0821449  0.157579 0.0637728  0.287593  0.301825  0.107085
(1,((2,(3,((4,(5,6)),7))),(((((((8,9),10),(11,12)),(13,(14,15))),(((16,17),(18,19)),(20,21))),((22,24),23)),(25,26))),27); -7644.69  0 226.639 112.088 25.8327 -7785.07 0.215227 0.258897 0.294361 0.231515 0.0936705  0.140638 0.0503454  0.271913   0.34591 0.0975233
(1,((2,(3,((4,(5,6)),7))),(((((((8,9),10),(11,12)),(13,(14,15))),(((16,17),(18,19)),(20,21))),((22,24),23)),(25,26))),27); -7642.4  0 230.908 112.038 25.0603 -7786.33 0.213903 0.248643 0.294739 0.242715 0.0885948  0.130099  0.056058  0.252772  0.381782 0.0906937
(1,((2,(3,((4,(5,6)),7))),(((((((8,9),10),(11,12)),(13,(14,15))),(((16,17),(18,19)),(20,21))),((22,24),23)),(25,26))),27); -7649.73  0 222.39 112.109 24.5154 -7784.52 0.214917 0.239071 0.304476 0.241536 0.0975299  0.157521 0.0673539  0.223321  0.332768  0.121505
(1,((2,(3,((4,(5,6)),7))),(((((((8,9),10),(11,12)),(13,(14,15))),(((16,17),(18,19)),(20,21))),((22,24),23)),(25,26))),27); -7638.36  0 236.623 112.534 26.2052 -7788.66 0.226133 0.243916 0.287144 0.242807 0.0821145   0.16108  0.057455  0.257795  0.347721 0.0938344
(1,((2,(3,((4,(5,6)),7))),(((((((8,9),10),(11,12)),(13,(14,15))),(((16,17),(18,19)),(20,21))),((22,24),23)),(25,26))),27); -7647.16  0 230.83 112.139 23.4281 -7789.28 0.199117 0.270011  0.28334 0.247533 0.0856038  0.127453 0.0744358  0.285369  0.320552  0.106587
(1,((2,(3,((4,(5,6)),7))),(((((((8,9),10),(11,12)),(13,(14,15))),(((16,17),(18,19)),(20,21))),((22,24),23)),(25,26))),27); -7639.95  0 238.157 112.612 26.4793 -7791.98 0.218391 0.254198 0.290459 0.236952 0.0812474  0.153595 0.0741213  0.266824  0.308379  0.115834
(1,((2,(3,((4,(5,6)),7))),(((((((8,9),10),(11,12)),(13,(14,15))),(((16,17),(18,19)),(20,21))),((22,24),23)),(25,26))),27); -7645.45  0 234.852 112.243 22.1569 -7790.22 0.228373 0.250214  0.28265 0.238763   0.10516  0.157846 0.0572626   0.25811  0.301112   0.12051
(1,((2,(3,((4,(5,6)),7))),(((((((8,9),10),(11,12)),(13,(14,15))),(((16,17),(18,19)),(20,21))),((22,24),23)),(25,26))),27); -7638.05  0 237.991 112.32 23.234 -7786.95 0.206457 0.265004 0.305809  0.22273  0.071381  0.138998 0.0625249   0.27765  0.323706   0.12574
(1,((2,(3,((4,(5,6)),7))),(((((((8,9),10),(11,12)),(13,(14,15))),(((16,17),(18,19)),(20,21))),((22,24),23)),(25,26))),27); -7637.65  0 239.936 112.23 23.7839 -7789.14 0.231909 0.248596 0.278712 0.240784 0.0647226  0.131671 0.0612219  0.269078  0.354312  0.118995
(1,((2,(3,((4,(5,6)),7))),(((((((8,9),10),(11,12)),(13,(14,15))),(((16,17),(18,19)),(20,21))),((22,24),23)),(25,26))),27); -7637.72  0 235.234 112.102 26.2126 -7787.06 0.197322 0.265486 0.297971  0.23922 0.0813219  0.125247 0.0719919  0.262922    0.3481  0.110417
(1,((2,(3,((4,(5,6)),7))),(((((((8,9),10),(11,12)),(13,(14,15))),(((16,17),(18,19)),(20,21))),((22,24),23)),(25,26))),27); -7640.97  0 236.822 112.544 25.8092 -7791.06 0.208979 0.240582 0.293159 0.257279 0.0789846    0.1438 0.0635661  0.275542  0.326848  0.111259
(1,((2,(3,((4,(5,6)),7))),(((((((8,9),10),(11,12)),(13,(14,15))),(((16,17),(18,19)),(20,21))),((22,24),23)),(25,26))),27); -7636.05  0 240.015 112.564 28.4829 -7791.98  0.20568 0.258282 0.295619 0.240419 0.0838427   0.14117  0.065746  0.250948  0.337694    0.1206
(1,((2,(3,((4,(5,6)),7))),(((((((8,9),10),(11,12)),(13,(14,15))),(((16,17),(18,19)),(20,21))),((22,24),23)),(25,26))),27); -7643.21  0 232.088 112.568 25.2675 -7788  0.20762 0.257613 0.294995 0.239772 0.0938212   0.12731 0.0693859  0.285888  0.315556  0.108039
(1,((2,(3,((4,(5,6)),7))),(((((((8,9),10),(11,12)),(13,(14,15))),(((16,17),(18,19)),(20,21))),((22,24),23)),(25,26))),27); -7640.22  0 238.083 112.635 24.1985 -7789.86  0.21156 0.251099 0.299219 0.238122 0.0848989   0.10825 0.0726195  0.246072   0.37819   0.10997
(1,((2,(3,((4,(5,6)),7))),(((((((8,9),10),(11,12)),(13,(14,15))),(((16,17),(18,19)),(20,21))),((22,24),23)),(25,26))),27); -7635.57  0 234.419 112.042 28.1776 -7786.12 0.207145  0.25643 0.291944  0.24448 0.0807063  0.140495  0.067025  0.261899  0.329574  0.120301
(1,((2,(3,((4,(5,6)),7))),(((((((8,9),10),(11,12)),(13,(14,15))),(((16,17),(18,19)),(20,21))),((22,24),23)),(25,26))),27); -7646.23  0 229.927 111.885 24.1068 -7788.38 0.220095 0.271155 0.284431 0.224319  0.102107  0.131214  0.069357  0.257183  0.340596 0.0995421
(1,((2,(3,((4,(5,6)),7))),(((((((8,9),10),(11,12)),(13,(14,15))),(((16,17),(18,19)),(20,21))),((22,24),23)),(25,26))),27); -7644.47  0 235.433 112.46 24.3169 -7791.76 0.212609 0.264623 0.281358  0.24141 0.0899128  0.152823 0.0538448  0.253596   0.31651  0.133313
(1,((2,(3,((4,(5,6)),7))),(((((((8,9),10),(11,12)),(13,(14,15))),(((16,17),(18,19)),(20,21))),((22,24),23)),(25,26))),27); -7633.49  0 242.02 112.472 26.0317 -7789.07 0.210143 0.250438 0.289503 0.249916 0.0691214  0.139898 0.0763608  0.235771  0.361041  0.117808
(1,((2,(3,((4,(5,6)),7))),(((((((8,9),10),(11,12)),(13,(14,15))),(((16,17),(18,19)),(20,21))),((22,24),23)),(25,26))),27); -7645.35  0 235.122 112.161 19.4039 -7787.72 0.213016 0.274503 0.275767 0.236714  0.100091  0.128862 0.0948645  0.241997   0.34333 0.0908565
(1,((2,(3,((4,(5,6)),7))),(((((((8,9),10),(11,12)),(13,(14,15))),(((16,17),(18,19)),(20,21))),((22,24),23)),(25,26))),27); -7643.9  0 231.194 112.235 26.0277 -7788.88 0.195507 0.263929 0.288424  0.25214 0.0805773  0.150712 0.0579841  0.264042  0.337789  0.108896
(1,((2,(3,((4,(5,6)),7))),(((((((8,9),10),(11,12)),(13,(14,15))),(((16,17),(18,19)),(20,21))),((22,24),23)),(25,26))),27); -7639.21  0 236.398 112.342 27.0052 -7790.28   0.2088 0.259289 0.291283 0.240628 0.0856721  0.144261 0.0604563  0.236009  0.375758 0.0978439
(1,((2,(3,((4,(5,6)),7))),(((((((8,9),10),(11,12)),(13,(14,15))),(((16,17),(18,19)),(20,21))),((22,24),23)),(25,26))),27); -7636.78  0 236.033 112.381 27.2152 -7787.64 0.207407 0.261325 0.297999 0.233269 0.0880225  0.133827 0.0768141  0.248991  0.333952  0.118393
(1,((2,(3,((4,(5,6)),7))),(((((((8,9),10),(11,12)),(13,(14,15))),(((16,17),(18,19)),(20,21))),((22,24),23)),(25,26))),27); -7659.03  0 216.929 112.303 26.6652 -7790.32 0.219304 0.253639 0.278509 0.248548 0.0871954  0.152034 0.0724924  0.234902  0.332478  0.120898
(1,((2,(3,((4,(5,6)),7))),(((((((8,9),10),(11,12)),(13,(14,15))),(((16,17),(18,19)),(20,21))),((22,24),23)),(25,26))),27); -7643.67  0 232.453 112.531 25.1124 -7788.71 0.209222 0.258274 0.295349 0.237155 0.0743191  0.139778 0.0495065   0.25692  0.346601  0.132876
(1,((2,(3,((4,(5,6)),7))),(((((((8,9),10),(11,12)),(13,(14,15))),(((16,17),(18,19)),(20,21))),((22,24),23)),(25,26))),27); -7642.31  0 233.825 112.252 24.4496 -7788.34 0.214336  0.26414 0.286369 0.235155  0.109044   0.14939 0.0567893  0.243641  0.323048  0.118088
(1,((2,(3,((4,(5,6)),7))),(((((((8,9),10),(11,12)),(13,(14,15))),(((16,17),(18,19)),(20,21))),((22,24),23)),(25,26))),27); -7644.68  0 237.883 112.561 22.3335 -7792.33 0.206395 0.271424 0.298542 0.223639 0.0846792  0.146031 0.0455069  0.280029  0.341705  0.102049
(1,((2,(3,((4,(5,6)),7))),(((((((8,9),10),(11,12)),(13,(14,15))),(((16,17),(18,19)),(20,21))),((22,24),23)),(25,26))),27); -7641.16  0 237.459 112.508 25.1866 -7791.29 0.206971 0.261986 0.292239 0.238804 0.0946007  0.172412 0.0601645  0.235284  0.319258   0.11828
(1,((2,(3,((4,(5,6)),7))),(((((((8,9),10),(11,12)),(13,(14,15))),(((16,17),(18,19)),(20,21))),((22,24),23)),(25,26))),27); -7642.83  0 234.36 112.296 24.6492 -7789.55  0.20527 0.241197 0.303918 0.249616 0.0897284  0.132476 0.0760873  0.228807  0.348396  0.124505
(1,((2,(3,((4,(5,6)),7))),(((((((8,9),10),(11,12)),(13,(14,15))),(((16,17),(18,19)),(20,21))),((22,24),23)),(25,26))),27); -7645.75  0 236.316 112.222 22.32 -7792.17 0.208546 0.268896 0.272367 0.250191 0.0814723  0.167752  0.047917  0.242207  0.337772   0.12288
(1,((2,(3,((4,(5,6)),7))),(((((((8,9),10),(11,12)),(13,(14,15))),(((16,17),(18,19)),(20,21))),((22,24),23)),(25,26))),27); -7646.29  0 235.72 112.507 19.4527 -7788.96 0.198344 0.248455 0.302811  0.25039 0.0603544  0.160835 0.0636181  0.293204  0.332728 0.0892601
(1,((2,(3,((4,(5,6)),7))),(((((((8,9),10),(11,12)),(13,(14,15))),(((16,17),(18,19)),(20,21))),((22,24),23)),(25,26))),27); -7636.61  0 237.127 112.363 27.7541 -7789.13 0.209078 0.253611  0.29247 0.244841 0.0895939  0.155446 0.0567078  0.234228  0.352422  0.111603
(1,((2,(3,((4,(5,6)),7))),(((((((8,9),10),(11,12)),(13,(14,15))),(((16,17),(18,19)),(20,21))),((22,24),23)),(25,26))),27); -7635.24  0 241.5 112.262 23.0554 -7787.54 0.207283 0.247232 0.294062 0.251424  0.072626  0.122091 0.0495047  0.258587  0.381933  0.115259
(1,((2,(3,((4,(5,6)),7))),(((((((8,9),10),(11,12)),(13,(14,15))),(((16,17),(18,19)),(20,21))),((22,24),23)),(25,26))),27); -7634.4  0 236.08 112.228 28.1048 -7786.35 0.213174 0.241877 0.295949 0.249001 0.0858611  0.149758 0.0641137  0.248971  0.339066   0.11223
(1,((2,(3,((4,(5,6)),7))),(((((((8,9),10),(11,12)),(13,(14,15))),(((16,17),(18,19)),(20,21))),((22,24),23)),(25,26))),27); -7645.01  0 227.843 112.169 24.439 -7785.12 0.222963 0.251497 0.285946 0.239594 0.0865001  0.135387 0.0845254  0.225767  0.370967 0.0968532
(1,((2,(3,((4,(5,6)),7))),(((((((8,9),10),(11,12)),(13,(14,15))),(((16,17),(18,19)),(20,21))),((22,24),23)),(25,26))),27); -7651.22  0 232.518 112.03 19.1311 -7790.84 0.217903 0.265517 0.286522 0.230058 0.0727819  0.128719 0.0923055  0.211412  0.386245  0.108537
(1,((2,(3,((4,(5,6)),7))),(((((((8,9),10),(11,12)),(13,(14,15))),(((16,17),(18,19)),(20,21))),((22,24),23)),(25,26))),27); -7634.7  0 241.577 112.598 27.3133 -7790.99 0.223543 0.253614 0.290994 0.231848 0.0961925  0.136001 0.0621969  0.257339  0.348557 0.0997134
(1,((2,(3,((4,(5,6)),7))),(((((((8,9),10),(11,12)),(13,(14,15))),(((16,17),(18,19)),(20,21))),((22,24),23)),(25,26))),27); -7637.74  0 241.941 112.545 25.7941 -7792.93 0.224379 0.261238 0.291962 0.222421 0.0863223    0.1546 0.0562436  0.237764   0.34648   0.11859
(1,((2,(3,((4,(5,6)),7))),(((((((8,9),10),(11,12)),(13,(14,15))),(((16,17),(18,19)),(20,21))),((22,24),23)),(25,26))),27); -7640.03  0 235.679 112.531 25.6829 -7788.86 0.214499 0.259211 0.307051 0.219239 0.0865276  0.153529 0.0660648  0.247329   0.33035    0.1162
(1,((2,(3,((4,(5,6)),7))),(((((((8,9),10),(11,12)),(13,(14,15))),(((16,17),(18,19)),(20,21))),((22,24),23)),(25,26))),27); -7640.35  0 236.218 112.484 25.0317 -7789.11 0.219267 0.244184 0.289686 0.246863 0.0624914  0.141487 0.0684134  0.269745  0.356466  0.101397
(1,((2,(3,((4,(5,6)),7))),(((((((8,9),10),(11,12)),(13,(14,15))),(((16,17),(18,19)),(20,21))),((22,24),23)),(25,26))),27); -7645.44  0 236.028 112.561 26.1759 -7795.08 0.205662 0.269698 0.287757 0.236883 0.0795896  0.144301 0.0677074  0.226729  0.363834   0.11784
