tree logl logTop logBL logPrior logQ logWt pi1 pi2 pi3 pi4 s1 s2 s3 s4 s5 s6
(1,(2,((3,((4,6),5)),((((((((7,8),(9,10)),11),12),((13,14),15)),(((16,17),(18,19)),(20,21))),((22,24),23)),(25,26)))),27); -7655.89  -15.1792 239.847 112.272 26.8226 -7795.11  0.22824 0.244532 0.296083 0.231145 0.0939787   0.14848 0.0709319  0.249445  0.339214 0.0979503
(1,((2,(3,(4,(5,6)))),((((((((7,((8,9),10)),(11,12)),(13,(14,15))),(16,17)),(((18,19),20),21)),((22,24),23)),25),26)),27); -7679.72  -15.4165 235.503 112.332 25.5311 -7813.01 0.205331 0.251954 0.306773 0.235942 0.0677882    0.1583 0.0673175  0.241906  0.353805  0.110883
(1,((2,(3,(((4,6),5),7))),(((((((((8,10),9),12),11),(13,(14,15))),(((16,17),18),19)),(((20,21),23),(22,24))),25),26)),27); -7667.51  -14.1857 234.211 112.36 27.6808 -7802.86 0.215002 0.252835  0.29782 0.234343 0.0870755  0.161692 0.0678065  0.253237  0.322115  0.108074
(1,((2,(4,(5,6))),27),(3,((((((((7,8),10),9),(11,12)),13),(((((14,15),16),17),(18,19)),((20,21),((22,24),23)))),25),26))); -7722.44  -26.215 234.908 112.363 26.0882 -7844.86 0.206413 0.259885 0.304157 0.229545 0.0821116  0.153194  0.066817  0.275687  0.319346  0.102843
(1,((2,(3,((4,6),5))),(((((((((7,8),9),10),(11,12)),(13,(14,15))),((16,17),((18,19),20))),21),((22,23),(24,25))),26)),27); -7694.91  -19.029 237.507 112.364 25.6929 -7826.72  0.20915 0.240345 0.297493 0.253013 0.0942133  0.150706 0.0743426  0.233189  0.351325 0.0962245
(1,(((2,4),((5,6),7)),(3,((((((((((8,9),10),(11,12)),13),(14,15)),(16,17)),(18,19)),(20,21)),((22,24),23)),(25,26)))),27); -7704.47  -20.1217 231.158 112.044 26.5079 -7829.97 0.203904 0.266309 0.291335 0.238451 0.0866969  0.130454 0.0632319  0.245669   0.36363  0.110318
(1,(2,27),((3,((4,6),5)),(((((((7,((8,10),9)),(11,12)),13),(14,15)),(((16,17),(18,19)),(20,21))),((22,24),23)),(25,26)))); -7699.26  -14.5116 232.609 112.197 23.48 -7828.64 0.208389 0.272323  0.28306 0.236228  0.103843   0.13507 0.0785423  0.230801  0.329832  0.121911
(1,(2,27),((((3,4),(5,6)),7),((((((((((8,9),10),11),12),13),(14,15)),((16,17),(18,19))),(((20,21),22),(23,24))),25),26))); -7639.15  -16.4425 228.138 111.997 26.465 -7765.31 0.216769 0.256348 0.285508 0.241375 0.0893958  0.156129 0.0559491  0.276944  0.323027 0.0985548
(1,(2,((3,(4,(5,(6,7)))),((((((((((8,9),10),11),12),13),((14,15),16)),19),(17,18)),((((20,21),23),(22,24)),25)),26))),27); -7675.46  -18.8085 218.044 111.862 23.0997 -7785.93 0.231804 0.237189 0.290053 0.240954 0.0831925  0.158241  0.046813  0.237353  0.371023  0.103378
(1,(2,(((((3,4),5),(6,7)),((((8,10),9),11),12)),((((13,(14,15)),(16,17)),((18,19),(20,21))),(((22,24),23),(25,26))))),27); -7697.7  -19.776 241.383 112.23 24.9956 -7832.07 0.210158 0.236068 0.300667 0.253106 0.0838124  0.141679 0.0720105  0.231086  0.371725 0.0996865
(1,(2,((3,((4,(5,6)),7)),(((((((((8,10),9),11),12),13),14),15),((((16,(17,18)),((19,20),21)),25),(22,(23,24)))),26))),27); -7685.21  -21.5104 243.209 112.246 24.0432 -7818.7    0.213 0.258479 0.300181 0.228341  0.086507  0.162019 0.0816214  0.216979   0.33695  0.115923
(1,((2,(3,(((4,6),7),5))),(((((((((8,10),9),(11,12)),(13,(14,15))),(16,17)),((18,19),(20,21))),(22,(23,24))),25),26)),27); -7653.18  -14.3131 243.138 112.384 26.84 -7796.46 0.208224 0.260062 0.287043 0.244672 0.0875831   0.16572 0.0632041  0.248838  0.341671 0.0929833
(1,((2,((3,4),(5,(6,7)))),(((((((((((8,9),10),12),11),(13,14)),(15,16)),(17,18)),19),20),21),((22,24),(23,(25,26))))),27); -7686.86  -23.4666 224.199 111.937 22.5916 -7798.25 0.191085 0.257392 0.291972  0.25955 0.0717654  0.132798 0.0695351  0.259493  0.367089 0.0993182
(1,(2,((3,((4,(5,6)),7)),((((((((8,10),9),11),12),(13,(14,15))),(((16,17),18),(19,(20,21)))),((22,(23,24)),25)),26))),27); -7658.12  -15.2473 239.487 112.457 23.26 -7793.16 0.217949 0.255959 0.291861 0.234231 0.0937567  0.145879 0.0964907  0.222675   0.33848  0.102718
(1,((2,(3,((4,6),(5,7)))),((((((((((8,10),9),11),12),13),(14,15)),(((((16,17),18),19),20),21)),((22,24),23)),25),26)),27); -7665.88  -14.072 219.592 112.512 26.0976 -7784.99 0.217961 0.254872  0.29493 0.232237  0.103956  0.148808 0.0655951  0.226282  0.345972  0.109386
(1,((2,(3,((4,5),(6,7)))),((((((((((8,10),9),12),11),13),14),(15,16)),((17,(18,19)),(20,21))),((22,24),23)),(25,26))),27); -7608.73  -15.6419 227.495 112.427 26.215 -7734.37 0.210086 0.262615 0.291619  0.23568  0.105563  0.138314 0.0700926  0.239287  0.334049  0.112694
(1,((2,(3,((4,6),(5,7)))),((((((((8,9),10),(11,12)),(13,(14,15))),(((16,17),18),((19,21),20))),(22,(23,24))),25),26)),27); -7693.05  -17.9387 225.16 112.208 24.3355 -7812.4 0.227496 0.241124 0.299944 0.231436 0.0882743  0.129815 0.0617638  0.271243   0.32154  0.127364
(1,((2,(3,(((4,6),5),7))),(((((((((8,9),10),11),12),13),(((14,15),(16,17)),((18,(20,21)),19))),(23,25)),(22,24)),26)),27); -7726.07  -18.5641 239.538 112.107 23.2341 -7858.17 0.226174 0.252199 0.294174 0.227452  0.109841  0.155704 0.0620144  0.217157  0.344738  0.110546
(1,((2,(((((((7,8),9),10),12),11),(13,(14,15))),(((16,17),(18,19)),(((20,21),22),((23,(25,26)),24))))),(3,((4,6),5))),27); -7643.92  -22.6415 244.818 112.415 23.0586 -7776.74 0.229791  0.24457 0.295483 0.230157 0.0811495  0.163232 0.0841072  0.241673  0.306198  0.123641
(1,((2,(3,(((4,5),6),7))),((((((((((8,9),10),11),12),(13,14)),(15,16)),((17,18),19)),(20,21)),(22,(23,24))),(25,26))),27); -7662.09  -18.1858 230.318 112.063 20.7079 -7782.86 0.208357 0.274276 0.285682 0.231685 0.0794429  0.115042 0.0484909  0.272248  0.366862  0.117915
(1,(2,((3,(((4,5),6),7)),((((((((((8,9),10),11),12),13),(14,15)),(((16,17),18),19)),(20,21)),(22,23)),(24,(25,26))))),27); -7667.02  -19.4122 235.137 112.335 26.2389 -7796.65 0.215889 0.264886 0.272542 0.246682 0.0940401  0.158064 0.0659089  0.250733  0.322662  0.108591
