tree logl logTop logBL logPrior logQ logWt pi1 pi2 pi3 pi4 s1 s2 s3 s4 s5 s6
(1,(2,((3,4),(((((5,6),7),((8,9),(10,11))),(((12,13),(14,15)),((16,17),(18,19)))),((20,21),(22,23))))),24); -124411  -10.8355 216.786 84.973 37.8356 -124569 0.244815 0.253697  0.18825 0.313238  0.368755  0.154049   0.10954  0.036576  0.306922 0.0241571
(1,(((2,(3,4)),((((5,(6,7)),(8,(9,10))),(((11,12),(13,14)),((15,16),(17,18)))),((19,20),(21,22)))),23),24); -124455  -7.8472 220.818 84.8905 37.6746 -124621 0.245544 0.257487  0.18722  0.30975  0.361915  0.163495  0.112842 0.0338891  0.303887 0.0239727
(1,(2,((((((3,4),5),(6,7)),((8,(9,10)),(11,12))),((((13,14),15),(16,17)),((18,19),(20,21)))),(22,23))),24); -124653  -8.47191 216.813 84.8179 35.8704 -124812  0.23945  0.26116 0.187661 0.311729  0.367088  0.163595  0.104608 0.0360802  0.303933 0.0246959
(1,(((2,(3,4)),(((((5,6),(7,8)),(((9,10),11),(12,13))),((14,15),(16,17))),((18,19),(20,21)))),(22,23)),24); -124268  -9.1926 215.735 84.9142 38.0929 -124428 0.245078 0.256171 0.188135 0.310616  0.366708  0.163354  0.109489 0.0343274    0.3022 0.0239223
(1,2,(((((((3,4),5),(6,7)),((8,(9,10)),(11,12))),((((13,14),15),(16,17)),((18,19),(20,21)))),(22,23)),24)); -124534  -8.01919 212.759 84.9263 37.5471 -124691  0.24368 0.255801 0.187041 0.313479  0.365574  0.163039  0.107491 0.0328735  0.305507 0.0255159
(1,2,((((((3,4),(5,6)),((7,8),(9,10))),((((11,12),(13,14)),(15,(16,17))),((18,19),(20,21)))),(22,23)),24)); -124243  -7.38031 215.835 85.22 37.0876 -124404 0.242835 0.257196 0.184209 0.315759   0.36342  0.155923  0.108511 0.0399196  0.308127 0.0241001
(1,((((2,3),4),(((5,6),((7,8),(9,10))),((11,(12,13)),(((14,15),(16,17)),((18,19),(20,21)))))),(22,23)),24); -124322  -10.3871 217.051 84.9989 37.5999 -124481 0.243831 0.257374 0.185999 0.312796  0.359774  0.158113  0.115745 0.0384025  0.305159 0.0228073
(1,((((2,3),(4,5)),(((((6,7),8),(9,10)),((11,12),((13,14),15))),(((16,17),18),(19,(20,21))))),(22,23)),24); -124328  -9.74511 217.149 84.8846 38.0592 -124489 0.238691 0.260579 0.183555 0.317175   0.36741  0.158227  0.112482 0.0348372  0.302869 0.0241747
(1,((2,(3,4)),(((((5,(6,7)),(8,(9,10))),(11,(12,13))),(((14,15),(16,17)),(18,19))),((20,21),(22,23)))),24); -124589  -7.86412 212.219 84.7985 36.1043 -124745 0.246606 0.260276  0.18187 0.311249  0.363775  0.160081  0.114178 0.0337335  0.305702 0.0225307
(1,(((2,3),4),((((5,(6,7)),(8,(9,10))),((11,(12,13)),(((14,15),(16,17)),((18,19),(20,21))))),(22,23))),24); -124630  -9.87055 212.769 84.7285 37.9453 -124786 0.242446 0.255007 0.189288 0.313259  0.361128  0.160919  0.115226 0.0356512  0.301366 0.0257096
(1,((((2,(3,4)),(((((5,6),(7,8)),((9,10),(11,12))),((13,14),15)),((16,17),(18,19)))),(20,21)),(22,23)),24); -124491  -11.2619 220.803 84.9049 37.1449 -124653 0.241224 0.259257 0.189117 0.310402  0.362462  0.157635  0.107361 0.0381458  0.309409 0.0249865
(1,(2,((((((3,4),5),(6,7)),(8,(9,10))),(((11,12),(13,14)),((15,16),(17,18)))),((19,20),((21,22),23)))),24); -124578  -11.5351 212.498 84.8278 35.0758 -124729 0.240074 0.262822 0.184433 0.312671  0.360367  0.161696  0.105571 0.0358522  0.312272 0.0242413
(1,2,((3,4),(((5,(6,7)),(8,(9,10))),((((11,12),(13,14)),(((15,16),(17,18)),((19,20),21))),((22,23),24))))); -124639  -11.6337 214.545 84.8886 32.7432 -124790 0.247556 0.258034 0.182113 0.312296  0.357032   0.15526   0.12007 0.0382413  0.305832 0.0235635
(1,2,(((3,4),5),((((6,7),(8,(9,10))),(((11,12),(13,(14,15))),((16,17),(18,19)))),(((20,21),22),(23,24))))); -124605  -11.1512 214.079 84.9727 37.222 -124760 0.243731 0.253606 0.182208 0.320455  0.369632  0.158054  0.107678  0.035871  0.303967 0.0247983
(1,2,(((((((3,4),5),(6,7)),(8,(9,10))),((((11,12),(13,14)),(15,(16,17))),((18,19),(20,21)))),(22,23)),24)); -124384  -8.77865 213.507 84.8568 36.9899 -124541 0.244426 0.257213 0.185423 0.312938  0.365455  0.153681  0.111424 0.0369598  0.305841 0.0266388
(1,2,(((3,4),((((5,6),(7,8)),((9,10),(11,(12,13)))),((((14,15),(16,17)),(18,19)),((20,21),(22,23))))),24)); -124469  -9.45607 215.866 84.8572 37.0036 -124627 0.243374  0.26032 0.179963 0.316343  0.367334  0.158689  0.110622  0.033425  0.304965 0.0249646
(1,2,((3,4),(((((5,(6,7)),(8,(9,10))),(((11,12),(13,14)),((15,16),17))),((18,19),(20,21))),((22,23),24)))); -124563  -9.4181 226.189 84.9499 39.1286 -124734 0.244287 0.255346 0.183773 0.316594   0.36604  0.158721  0.111587 0.0339958  0.304269 0.0253879
(1,2,((3,4),((((5,(6,7)),(8,(9,10))),((11,12),((13,14),15))),((((16,17),18),(19,20)),((21,22),(23,24)))))); -124605  -8.68839 218.808 84.5232 36.9683 -124768 0.240766 0.261153 0.185393 0.312688  0.359289  0.161643  0.107549 0.0355851  0.311634 0.0242995
(1,2,((((3,4),5),((((((6,7),8),(9,10)),(11,(12,13))),((14,15),(16,17))),((18,19),(20,21)))),(22,(23,24)))); -124680  -13.1027 220.104 84.7626 39.0808 -124841 0.242637 0.258155 0.188612 0.310596  0.365641  0.156596  0.112369 0.0353745  0.306786 0.0232328
(1,2,((3,4),((((5,6),7),(8,(9,10))),((((11,12),(13,14)),(15,(16,17))),((18,(19,20)),((21,22),(23,24))))))); -124444  -11.6495 210.277 84.9128 39.0694 -124597 0.241566 0.257161 0.184693  0.31658  0.363776  0.158749  0.114198 0.0334932  0.306309 0.0234742
(1,2,(((3,4),((((5,6),7),((8,(9,10)),(11,12))),((((13,14),15),((16,17),18)),((19,20),(21,22))))),(23,24))); -124660  -12.9393 214.282 84.7305 33.2679 -124809 0.243359 0.259599 0.184479 0.312563  0.367119  0.157443  0.103679 0.0321308  0.313829 0.0257995
