tree logl logTop logBL logPrior logQ logWt pi1 pi2 pi3 pi4 s1 s2 s3 s4 s5 s6
(1,(((2,(3,4)),(((5,(6,7)),(8,(9,10))),((((11,12),(13,14)),(15,(16,17))),((18,19),(20,21))))),(22,23)),24); -124371  0 217.862 85.1274 35.8576 -124539 0.241849 0.257759 0.188479 0.311913    0.3725  0.153625  0.109128 0.0409127  0.300597 0.0232365
(1,(((2,(3,4)),(((5,(6,7)),(8,(9,10))),((((11,12),(13,14)),(15,(16,17))),((18,19),(20,21))))),(22,23)),24); -124375  0 213.796 84.7694 35.7408 -124539  0.24497 0.256315 0.183498 0.315216  0.357035  0.164982  0.111025 0.0364716  0.305326 0.0251607
(1,(((2,(3,4)),(((5,(6,7)),(8,(9,10))),((((11,12),(13,14)),(15,(16,17))),((18,19),(20,21))))),(22,23)),24); -124367  0 218.49 84.6871 37.1216 -124538 0.243586 0.257947 0.185177  0.31329  0.365978  0.155438  0.108833 0.0334629   0.31008 0.0262075
(1,(((2,(3,4)),(((5,(6,7)),(8,(9,10))),((((11,12),(13,14)),(15,(16,17))),((18,19),(20,21))))),(22,23)),24); -124373  0 211.539 84.7297 36.785 -124537 0.247448 0.257397 0.186566 0.308588  0.364749  0.163057   0.11127 0.0356848  0.301788 0.0234506
(1,(((2,(3,4)),(((5,(6,7)),(8,(9,10))),((((11,12),(13,14)),(15,(16,17))),((18,19),(20,21))))),(22,23)),24); -124359  0 226.32 84.8113 36.997 -124537 0.246623 0.260524 0.184587 0.308266  0.370401  0.158114  0.107527 0.0345615   0.30628 0.0231162
(1,(((2,(3,4)),(((5,(6,7)),(8,(9,10))),((((11,12),(13,14)),(15,(16,17))),((18,19),(20,21))))),(22,23)),24); -124366  0 217.449 84.8939 38.8024 -124537 0.242788 0.254854 0.185168  0.31719     0.363  0.160676   0.11012 0.0356744  0.306187 0.0243427
(1,(((2,(3,4)),(((5,(6,7)),(8,(9,10))),((((11,12),(13,14)),(15,(16,17))),((18,19),(20,21))))),(22,23)),24); -124365  0 220.08 84.9813 37.7068 -124538 0.240752 0.255864 0.188609 0.314775  0.366455  0.159157  0.113814 0.0346435  0.303381   0.02255
(1,(((2,(3,4)),(((5,(6,7)),(8,(9,10))),((((11,12),(13,14)),(15,(16,17))),((18,19),(20,21))))),(22,23)),24); -124371  0 219.148 84.7432 34.2015 -124540 0.247028 0.258057 0.186193 0.308721  0.369984  0.152208  0.107038 0.0348634  0.309417 0.0264899
(1,(((2,(3,4)),(((5,(6,7)),(8,(9,10))),((((11,12),(13,14)),(15,(16,17))),((18,19),(20,21))))),(22,23)),24); -124370  0 222.581 85.2133 33.0228 -124541  0.23509 0.258004 0.192627 0.314279   0.36372  0.163036  0.108333 0.0336356  0.308768 0.0225074
(1,(((2,(3,4)),(((5,(6,7)),(8,(9,10))),((((11,12),(13,14)),(15,(16,17))),((18,19),(20,21))))),(22,23)),24); -124366  0 220.546 84.6695 34.1587 -124536 0.244715 0.261518 0.179897  0.31387  0.371841  0.159212  0.104019 0.0328874  0.308211 0.0238296
(1,(((2,(3,4)),(((5,(6,7)),(8,(9,10))),((((11,12),(13,14)),(15,(16,17))),((18,19),(20,21))))),(22,23)),24); -124370  0 213.15 84.7071 39.1206 -124538 0.243124 0.258041 0.188162 0.310674  0.364882  0.160989   0.10783 0.0341797  0.307514 0.0246056
(1,(((2,(3,4)),(((5,(6,7)),(8,(9,10))),((((11,12),(13,14)),(15,(16,17))),((18,19),(20,21))))),(22,23)),24); -124374  0 210.812 84.7096 37.2722 -124537  0.24323 0.258485 0.182694 0.315591  0.373954  0.159028  0.103618  0.036359  0.303008 0.0240326
(1,(((2,(3,4)),(((5,(6,7)),(8,(9,10))),((((11,12),(13,14)),(15,(16,17))),((18,19),(20,21))))),(22,23)),24); -124373  0 211.321 84.9222 38.8074 -124538 0.240154 0.255846 0.188167 0.315832  0.370112  0.158519  0.107911 0.0348865  0.305668 0.0229026
(1,(((2,(3,4)),(((5,(6,7)),(8,(9,10))),((((11,12),(13,14)),(15,(16,17))),((18,19),(20,21))))),(22,23)),24); -124370  0 217.402 85.1846 36.8088 -124539 0.240618 0.252885 0.190591 0.315906  0.367394  0.160191  0.104089 0.0355912  0.308806 0.0239281
(1,(((2,(3,4)),(((5,(6,7)),(8,(9,10))),((((11,12),(13,14)),(15,(16,17))),((18,19),(20,21))))),(22,23)),24); -124375  0 207.475 84.9011 39.1323 -124537 0.244408 0.256193 0.183572 0.315827  0.367176  0.158427  0.106729 0.0374237  0.306418 0.0238267
(1,(((2,(3,4)),(((5,(6,7)),(8,(9,10))),((((11,12),(13,14)),(15,(16,17))),((18,19),(20,21))))),(22,23)),24); -124367  0 218.255 85.0396 37.5876 -124538 0.243531 0.258898 0.188628 0.308943  0.365866  0.158162  0.105119 0.0359507  0.308747 0.0261546
(1,(((2,(3,4)),(((5,(6,7)),(8,(9,10))),((((11,12),(13,14)),(15,(16,17))),((18,19),(20,21))))),(22,23)),24); -124370  0 218.842 84.903 35.2575 -124539 0.241064 0.263401 0.187836 0.307699  0.359932   0.15849  0.107524 0.0387378  0.310457 0.0248595
(1,(((2,(3,4)),(((5,(6,7)),(8,(9,10))),((((11,12),(13,14)),(15,(16,17))),((18,19),(20,21))))),(22,23)),24); -124367  0 217.403 84.9878 38.0466 -124537 0.244813 0.255637 0.184236 0.315313  0.370322  0.154327  0.109765 0.0362985  0.306139 0.0231478
(1,(((2,(3,4)),(((5,(6,7)),(8,(9,10))),((((11,12),(13,14)),(15,(16,17))),((18,19),(20,21))))),(22,23)),24); -124370  0 217.955 84.9751 35.6095 -124538  0.24494 0.251815 0.189635  0.31361   0.37464  0.159076  0.106986 0.0350425  0.301582 0.0226727
(1,(((2,(3,4)),(((5,(6,7)),(8,(9,10))),((((11,12),(13,14)),(15,(16,17))),((18,19),(20,21))))),(22,23)),24); -124371  0 215.313 84.811 37.2745 -124538 0.244258 0.257819 0.186132 0.311791  0.357895  0.163161  0.112484 0.0356252  0.307254  0.023581
(1,(((2,(3,4)),(((5,(6,7)),(8,(9,10))),((((11,12),(13,14)),(15,(16,17))),((18,19),(20,21))))),(22,23)),24); -124364  0 219.185 84.7903 38.0721 -124537 0.243518 0.260427 0.184647 0.311408  0.370321  0.154709  0.107517  0.037377  0.307264 0.0228122
(1,(((2,(3,4)),(((5,(6,7)),(8,(9,10))),((((11,12),(13,14)),(15,(16,17))),((18,19),(20,21))))),(22,23)),24); -124373  0 212.617 85.0241 38.015 -124539 0.241584 0.256121 0.186779 0.315516  0.362444  0.160998  0.104307 0.0366971  0.311156  0.024398
(1,(((2,(3,4)),(((5,(6,7)),(8,(9,10))),((((11,12),(13,14)),(15,(16,17))),((18,19),(20,21))))),(22,23)),24); -124370  0 218.754 84.7529 34.9861 -124539 0.242826 0.259599 0.186023 0.311552  0.363127  0.160091  0.106886 0.0380834  0.303288 0.0285232
(1,(((2,(3,4)),(((5,(6,7)),(8,(9,10))),((((11,12),(13,14)),(15,(16,17))),((18,19),(20,21))))),(22,23)),24); -124373  0 214.28 84.6516 35.3236 -124538 0.237835 0.259623 0.191193 0.311348  0.359254  0.164294  0.110101 0.0354441  0.305748 0.0251589
(1,(((2,(3,4)),(((5,(6,7)),(8,(9,10))),((((11,12),(13,14)),(15,(16,17))),((18,19),(20,21))))),(22,23)),24); -124370  0 218.837 85.2912 34.008 -124537 0.236724 0.260045 0.191457 0.311774  0.360002  0.155786  0.114478 0.0382853  0.307295 0.0241529
(1,(((2,(3,4)),(((5,(6,7)),(8,(9,10))),((((11,12),(13,14)),(15,(16,17))),((18,19),(20,21))))),(22,23)),24); -124369  0 216.648 84.9457 36.4655 -124537  0.24459 0.259435 0.183258 0.312717  0.369975  0.155417  0.107858 0.0335172  0.306886 0.0263464
(1,(((2,(3,4)),(((5,(6,7)),(8,(9,10))),((((11,12),(13,14)),(15,(16,17))),((18,19),(20,21))))),(22,23)),24); -124363  0 221.269 84.8255 37.7693 -124537  0.24312 0.253911 0.187536 0.315432  0.363701  0.164264    0.1073 0.0360823  0.303509 0.0251443
(1,(((2,(3,4)),(((5,(6,7)),(8,(9,10))),((((11,12),(13,14)),(15,(16,17))),((18,19),(20,21))))),(22,23)),24); -124361  0 223.667 84.9705 37.6115 -124537 0.243776 0.259055 0.187292 0.309877  0.369203  0.162339  0.109966 0.0373188  0.297296 0.0238764
(1,(((2,(3,4)),(((5,(6,7)),(8,(9,10))),((((11,12),(13,14)),(15,(16,17))),((18,19),(20,21))))),(22,23)),24); -124368  0 218.382 84.759 37.0406 -124538 0.242802   0.2593 0.185975 0.311923  0.361486  0.155517  0.108127 0.0404376  0.309203 0.0252288
(1,(((2,(3,4)),(((5,(6,7)),(8,(9,10))),((((11,12),(13,14)),(15,(16,17))),((18,19),(20,21))))),(22,23)),24); -124377  0 210.689 84.7373 36.4224 -124539 0.239738 0.258955 0.189547  0.31176  0.359196  0.164349  0.106928 0.0349528  0.310104 0.0244706
(1,(((2,(3,4)),(((5,(6,7)),(8,(9,10))),((((11,12),(13,14)),(15,(16,17))),((18,19),(20,21))))),(22,23)),24); -124366  0 217.501 84.7957 38.9763 -124537  0.24178 0.260471 0.185912 0.311837  0.364078  0.156976  0.110407 0.0373956   0.30575 0.0253927
(1,(((2,(3,4)),(((5,(6,7)),(8,(9,10))),((((11,12),(13,14)),(15,(16,17))),((18,19),(20,21))))),(22,23)),24); -124370  0 213.401 84.9177 38.3815 -124537 0.246374 0.256411 0.187649 0.309566  0.368976  0.159707   0.10714 0.0373574  0.303817 0.0230028
(1,(((2,(3,4)),(((5,(6,7)),(8,(9,10))),((((11,12),(13,14)),(15,(16,17))),((18,19),(20,21))))),(22,23)),24); -124364  0 221.046 85.1287 38.148 -124538 0.241956 0.255697 0.188854 0.313493  0.363325   0.16479  0.108335 0.0349951  0.305238 0.0233169
(1,(((2,(3,4)),(((5,(6,7)),(8,(9,10))),((((11,12),(13,14)),(15,(16,17))),((18,19),(20,21))))),(22,23)),24); -124378  0 208.6 84.8665 35.5672 -124537 0.239608  0.25931 0.188953  0.31213  0.358261  0.163048  0.111039 0.0397636  0.302285 0.0256044
(1,(((2,(3,4)),(((5,(6,7)),(8,(9,10))),((((11,12),(13,14)),(15,(16,17))),((18,19),(20,21))))),(22,23)),24); -124384  0 210.91 84.9465 32.0312 -124542 0.241167 0.254979 0.191146 0.312709   0.35863  0.162272  0.104896 0.0367977   0.31622 0.0211845
(1,(((2,(3,4)),(((5,(6,7)),(8,(9,10))),((((11,12),(13,14)),(15,(16,17))),((18,19),(20,21))))),(22,23)),24); -124378  0 207.285 84.9352 36.953 -124537 0.242443 0.256281 0.188527 0.312748  0.366401  0.153742  0.111468  0.039499  0.303049 0.0258412
(1,(((2,(3,4)),(((5,(6,7)),(8,(9,10))),((((11,12),(13,14)),(15,(16,17))),((18,19),(20,21))))),(22,23)),24); -124370  0 220.032 84.8979 34.8121 -124540 0.247623 0.258169 0.189451 0.304757  0.360711  0.159322  0.110933 0.0373312  0.306934 0.0247686
(1,(((2,(3,4)),(((5,(6,7)),(8,(9,10))),((((11,12),(13,14)),(15,(16,17))),((18,19),(20,21))))),(22,23)),24); -124368  0 218.522 84.9662 36.867 -124538 0.243501 0.261504 0.181747 0.313248  0.361752   0.15845  0.113467 0.0376236  0.304347 0.0243609
(1,(((2,(3,4)),(((5,(6,7)),(8,(9,10))),((((11,12),(13,14)),(15,(16,17))),((18,19),(20,21))))),(22,23)),24); -124373  0 212.077 85.0423 38.0973 -124538 0.245207 0.258083 0.182475 0.314235  0.362149  0.159059  0.108331 0.0383089  0.308726 0.0234262
(1,(((2,(3,4)),(((5,(6,7)),(8,(9,10))),((((11,12),(13,14)),(15,(16,17))),((18,19),(20,21))))),(22,23)),24); -124364  0 218.839 85.073 38.9453 -124537 0.240699 0.257803 0.185401 0.316098  0.367602  0.155801  0.107351 0.0363575  0.307712 0.0251769
(1,(((2,(3,4)),(((5,(6,7)),(8,(9,10))),((((11,12),(13,14)),(15,(16,17))),((18,19),(20,21))))),(22,23)),24); -124371  0 214.225 84.8822 36.597 -124537 0.246722 0.257299 0.184095 0.311884  0.367407  0.155609  0.111737 0.0366991  0.302132 0.0264171
(1,(((2,(3,4)),(((5,(6,7)),(8,(9,10))),((((11,12),(13,14)),(15,(16,17))),((18,19),(20,21))))),(22,23)),24); -124369  0 216.594 84.9649 38.045 -124539 0.243054 0.256331 0.186542 0.314073  0.362948  0.158212  0.111716 0.0339625  0.310273 0.0228895
(1,(((2,(3,4)),(((5,(6,7)),(8,(9,10))),((((11,12),(13,14)),(15,(16,17))),((18,19),(20,21))))),(22,23)),24); -124366  0 219.14 85.0324 37.225 -124537 0.242152 0.262097 0.185531  0.31022  0.363635  0.156171  0.110346 0.0399093  0.305533 0.0244059
(1,(((2,(3,4)),(((5,(6,7)),(8,(9,10))),((((11,12),(13,14)),(15,(16,17))),((18,19),(20,21))))),(22,23)),24); -124371  0 217.769 85.0964 36.5593 -124540 0.243568 0.252319  0.18886 0.315253  0.369922  0.153608  0.108367 0.0371883  0.307972 0.0229422
(1,(((2,(3,4)),(((5,(6,7)),(8,(9,10))),((((11,12),(13,14)),(15,(16,17))),((18,19),(20,21))))),(22,23)),24); -124376  0 211.945 85.0975 37.001 -124540  0.24276 0.254627 0.190509 0.312103  0.363879  0.155163  0.106894 0.0377217  0.312624 0.0237174
(1,(((2,(3,4)),(((5,(6,7)),(8,(9,10))),((((11,12),(13,14)),(15,(16,17))),((18,19),(20,21))))),(22,23)),24); -124379  0 206.839 84.7685 36.856 -124538 0.241374 0.260647 0.191383 0.306596  0.363502  0.158038  0.109708 0.0370716  0.307797  0.023884
(1,(((2,(3,4)),(((5,(6,7)),(8,(9,10))),((((11,12),(13,14)),(15,(16,17))),((18,19),(20,21))))),(22,23)),24); -124376  0 216.241 84.8566 33.9852 -124541 0.243495 0.258078 0.189521 0.308907  0.357187  0.166318  0.104834 0.0380578  0.310386 0.0232176
(1,(((2,(3,4)),(((5,(6,7)),(8,(9,10))),((((11,12),(13,14)),(15,(16,17))),((18,19),(20,21))))),(22,23)),24); -124368  0 220.982 84.9602 35.9531 -124540 0.242554 0.259185 0.189494 0.308767  0.360611  0.156403  0.112076 0.0353972  0.308986 0.0265267
(1,(((2,(3,4)),(((5,(6,7)),(8,(9,10))),((((11,12),(13,14)),(15,(16,17))),((18,19),(20,21))))),(22,23)),24); -124368  0 219.584 85.0141 35.5685 -124539 0.243556 0.256285 0.184306 0.315854   0.37604  0.156658  0.109389 0.0382931  0.296066 0.0235539
(1,(((2,(3,4)),(((5,(6,7)),(8,(9,10))),((((11,12),(13,14)),(15,(16,17))),((18,19),(20,21))))),(22,23)),24); -124376  0 210.834 85.0789 36.1142 -124538 0.240312  0.25322 0.188374 0.318094  0.368632  0.158265  0.103227 0.0366269  0.307686 0.0255623
(1,(((2,(3,4)),(((5,(6,7)),(8,(9,10))),((((11,12),(13,14)),(15,(16,17))),((18,19),(20,21))))),(22,23)),24); -124369  0 219.694 84.918 34.3949 -124538 0.240155 0.253028  0.18463 0.322187  0.364766  0.160949  0.104675 0.0354758  0.310014 0.0241209
(1,(((2,(3,4)),(((5,(6,7)),(8,(9,10))),((((11,12),(13,14)),(15,(16,17))),((18,19),(20,21))))),(22,23)),24); -124377  0 210.194 84.8337 33.1463 -124536 0.238791 0.256074 0.184497 0.320637  0.359898  0.154756   0.10864 0.0396298  0.313506 0.0235703
(1,(((2,(3,4)),(((5,(6,7)),(8,(9,10))),((((11,12),(13,14)),(15,(16,17))),((18,19),(20,21))))),(22,23)),24); -124369  0 217.701 84.7779 36.8621 -124538 0.244479 0.255579 0.192045 0.307897  0.370504  0.156966  0.109994 0.0363058  0.303033 0.0231974
(1,(((2,(3,4)),(((5,(6,7)),(8,(9,10))),((((11,12),(13,14)),(15,(16,17))),((18,19),(20,21))))),(22,23)),24); -124372  0 214.571 84.7587 36.6908 -124538 0.244464 0.258964 0.181473 0.315099  0.362687  0.158943  0.110123 0.0337258  0.311019 0.0235019
(1,(((2,(3,4)),(((5,(6,7)),(8,(9,10))),((((11,12),(13,14)),(15,(16,17))),((18,19),(20,21))))),(22,23)),24); -124376  0 215.771 84.9907 33.5163 -124540 0.241824 0.259498 0.180636 0.318043  0.357063   0.16063  0.107401 0.0353428  0.314778 0.0247844
(1,(((2,(3,4)),(((5,(6,7)),(8,(9,10))),((((11,12),(13,14)),(15,(16,17))),((18,19),(20,21))))),(22,23)),24); -124371  0 217.224 84.9713 37.007 -124540 0.244478 0.258555 0.184403 0.312565  0.361726  0.166141  0.105865  0.035691  0.306877 0.0236999
(1,(((2,(3,4)),(((5,(6,7)),(8,(9,10))),((((11,12),(13,14)),(15,(16,17))),((18,19),(20,21))))),(22,23)),24); -124366  0 216.323 84.9205 39.4236 -124537 0.244338 0.259178 0.185683 0.310801  0.368839  0.159674  0.107458 0.0369538  0.304049 0.0230255
(1,(((2,(3,4)),(((5,(6,7)),(8,(9,10))),((((11,12),(13,14)),(15,(16,17))),((18,19),(20,21))))),(22,23)),24); -124370  0 214.817 85.1101 38.2767 -124538 0.241025 0.260128 0.187031 0.311816  0.363467  0.156038  0.107401 0.0372671  0.311882 0.0239462
(1,(((2,(3,4)),(((5,(6,7)),(8,(9,10))),((((11,12),(13,14)),(15,(16,17))),((18,19),(20,21))))),(22,23)),24); -124375  0 215.03 84.9268 32.1622 -124537 0.246437 0.250326 0.189169 0.314068  0.371566  0.160101  0.112489 0.0364593  0.297881 0.0215037
(1,(((2,(3,4)),(((5,(6,7)),(8,(9,10))),((((11,12),(13,14)),(15,(16,17))),((18,19),(20,21))))),(22,23)),24); -124373  0 214.366 84.891 34.0375 -124536 0.242696 0.260171 0.189796 0.307338  0.375974  0.158962  0.108998 0.0377754  0.294895 0.0233956
(1,(((2,(3,4)),(((5,(6,7)),(8,(9,10))),((((11,12),(13,14)),(15,(16,17))),((18,19),(20,21))))),(22,23)),24); -124371  0 218.923 84.8211 33.4081 -124539 0.242517 0.255929 0.183445 0.318109   0.36955  0.159911 0.0993026 0.0372399  0.307699  0.026298
(1,(((2,(3,4)),(((5,(6,7)),(8,(9,10))),((((11,12),(13,14)),(15,(16,17))),((18,19),(20,21))))),(22,23)),24); -124381  0 207.616 85.0254 33.1384 -124537 0.241173 0.256142  0.19164 0.311045  0.352607  0.161916  0.113156 0.0390375  0.309527  0.023756
(1,(((2,(3,4)),(((5,(6,7)),(8,(9,10))),((((11,12),(13,14)),(15,(16,17))),((18,19),(20,21))))),(22,23)),24); -124368  0 215.97 84.9224 37.7189 -124537 0.243774 0.258199 0.181433 0.316594  0.368128  0.160089  0.110415 0.0353894  0.303257 0.0227219
(1,(((2,(3,4)),(((5,(6,7)),(8,(9,10))),((((11,12),(13,14)),(15,(16,17))),((18,19),(20,21))))),(22,23)),24); -124372  0 214.101 85.1945 36.1983 -124537 0.243924 0.257024 0.184615 0.314437  0.374096  0.158023  0.103197 0.0334609  0.305631 0.0255919
(1,(((2,(3,4)),(((5,(6,7)),(8,(9,10))),((((11,12),(13,14)),(15,(16,17))),((18,19),(20,21))))),(22,23)),24); -124377  0 209.469 85.0644 36.5737 -124538 0.240483  0.26022 0.190207  0.30909  0.369926  0.160106  0.107928 0.0340561  0.301927 0.0260567
(1,(((2,(3,4)),(((5,(6,7)),(8,(9,10))),((((11,12),(13,14)),(15,(16,17))),((18,19),(20,21))))),(22,23)),24); -124368  0 218.319 85.035 36.1396 -124537 0.245126  0.25625 0.182387 0.316237  0.373945   0.15779  0.102754 0.0365431   0.30443 0.0245388
(1,(((2,(3,4)),(((5,(6,7)),(8,(9,10))),((((11,12),(13,14)),(15,(16,17))),((18,19),(20,21))))),(22,23)),24); -124366  0 222.69 84.9551 36.4953 -124540 0.244828 0.258882   0.1878  0.30849  0.365566  0.159195  0.107355 0.0350401  0.311261 0.0215832
(1,(((2,(3,4)),(((5,(6,7)),(8,(9,10))),((((11,12),(13,14)),(15,(16,17))),((18,19),(20,21))))),(22,23)),24); -124366  0 217.433 85.066 39.1736 -124537  0.24082 0.259005 0.187377 0.312799  0.369676  0.158563  0.110578 0.0371781  0.300154 0.0238507
(1,(((2,(3,4)),(((5,(6,7)),(8,(9,10))),((((11,12),(13,14)),(15,(16,17))),((18,19),(20,21))))),(22,23)),24); -124363  0 223.275 85.0332 36.4916 -124538 0.243496 0.256192 0.186802  0.31351  0.372171  0.152261  0.109356 0.0369566  0.302972 0.0262835
(1,(((2,(3,4)),(((5,(6,7)),(8,(9,10))),((((11,12),(13,14)),(15,(16,17))),((18,19),(20,21))))),(22,23)),24); -124363  0 220.861 84.9463 38.8282 -124538 0.244731 0.257345 0.185584 0.312341  0.365624  0.163682  0.107345 0.0350262  0.303925 0.0243972
(1,(((2,(3,4)),(((5,(6,7)),(8,(9,10))),((((11,12),(13,14)),(15,(16,17))),((18,19),(20,21))))),(22,23)),24); -124371  0 218.798 84.9814 34.6621 -124539 0.239337 0.258824 0.185591 0.316248  0.371819  0.159367  0.114736 0.0335921  0.297549 0.0229367
(1,(((2,(3,4)),(((5,(6,7)),(8,(9,10))),((((11,12),(13,14)),(15,(16,17))),((18,19),(20,21))))),(22,23)),24); -124367  0 216.25 84.8519 39.0191 -124537 0.243359 0.256363 0.183612 0.316666  0.364844  0.161595  0.108595 0.0355796  0.305614  0.023772
(1,(((2,(3,4)),(((5,(6,7)),(8,(9,10))),((((11,12),(13,14)),(15,(16,17))),((18,19),(20,21))))),(22,23)),24); -124371  0 212.001 84.9513 38.4742 -124537 0.239994 0.256453 0.186712  0.31684  0.364015  0.158951  0.111222 0.0349378  0.307846 0.0230287
(1,(((2,(3,4)),(((5,(6,7)),(8,(9,10))),((((11,12),(13,14)),(15,(16,17))),((18,19),(20,21))))),(22,23)),24); -124373  0 214.373 84.8482 37.1512 -124539 0.243066  0.25561 0.186623 0.314701  0.357578  0.163327   0.10802 0.0366255  0.310866 0.0235832
(1,(((2,(3,4)),(((5,(6,7)),(8,(9,10))),((((11,12),(13,14)),(15,(16,17))),((18,19),(20,21))))),(22,23)),24); -124389  0 196.481 85.2663 37.9588 -124538 0.244727 0.254561 0.184288 0.316423  0.368177  0.161316  0.106496 0.0341398  0.305821 0.0240503
(1,(((2,(3,4)),(((5,(6,7)),(8,(9,10))),((((11,12),(13,14)),(15,(16,17))),((18,19),(20,21))))),(22,23)),24); -124365  0 220.522 84.9823 36.2961 -124536 0.242727 0.255925 0.186207 0.315141  0.358695  0.159253   0.11486 0.0339324  0.308498 0.0247608
(1,(((2,(3,4)),(((5,(6,7)),(8,(9,10))),((((11,12),(13,14)),(15,(16,17))),((18,19),(20,21))))),(22,23)),24); -124369  0 214.134 84.9997 38.5712 -124537 0.240959  0.25804 0.186312 0.314689  0.364679    0.1582  0.110908 0.0340128  0.306514 0.0256875
(1,(((2,(3,4)),(((5,(6,7)),(8,(9,10))),((((11,12),(13,14)),(15,(16,17))),((18,19),(20,21))))),(22,23)),24); -124370  0 213.714 85.0064 38.3315 -124537 0.242067 0.256013  0.18989  0.31203  0.366967  0.161694  0.106836 0.0351058   0.30352 0.0258756
(1,(((2,(3,4)),(((5,(6,7)),(8,(9,10))),((((11,12),(13,14)),(15,(16,17))),((18,19),(20,21))))),(22,23)),24); -124371  0 215.869 84.6802 35.0447 -124537 0.243596 0.259186  0.17928 0.317938  0.368045   0.16134   0.10814 0.0332937  0.306333 0.0228479
(1,(((2,(3,4)),(((5,(6,7)),(8,(9,10))),((((11,12),(13,14)),(15,(16,17))),((18,19),(20,21))))),(22,23)),24); -124368  0 217.554 85.0596 37.3952 -124538 0.241219 0.255111 0.187181  0.31649  0.364961  0.161642  0.108674 0.0326302  0.308408 0.0236846
(1,(((2,(3,4)),(((5,(6,7)),(8,(9,10))),((((11,12),(13,14)),(15,(16,17))),((18,19),(20,21))))),(22,23)),24); -124372  0 216.069 85.0257 36.9361 -124540 0.242778 0.255252 0.191375 0.310595  0.360292  0.157465  0.110899 0.0356037  0.310912 0.0248276
(1,(((2,(3,4)),(((5,(6,7)),(8,(9,10))),((((11,12),(13,14)),(15,(16,17))),((18,19),(20,21))))),(22,23)),24); -124370  0 213.32 85.0874 39.2284 -124538 0.239815 0.256433 0.188163 0.315588  0.368098  0.157254  0.107914 0.0380006  0.305124 0.0236093
(1,(((2,(3,4)),(((5,(6,7)),(8,(9,10))),((((11,12),(13,14)),(15,(16,17))),((18,19),(20,21))))),(22,23)),24); -124384  0 205.781 84.8524 33.8199 -124538 0.243168 0.265139 0.185258 0.306435  0.367585  0.162203  0.110197 0.0336877  0.301556 0.0247708
(1,(((2,(3,4)),(((5,(6,7)),(8,(9,10))),((((11,12),(13,14)),(15,(16,17))),((18,19),(20,21))))),(22,23)),24); -124384  0 204.689 84.9487 37.076 -124540 0.245439 0.257505 0.183988 0.313068  0.359493  0.160521  0.106668 0.0363521  0.313072  0.023893
(1,(((2,(3,4)),(((5,(6,7)),(8,(9,10))),((((11,12),(13,14)),(15,(16,17))),((18,19),(20,21))))),(22,23)),24); -124371  0 213.047 84.8036 38.5882 -124538 0.242942 0.256401 0.189806 0.310851   0.36299  0.160646  0.110669 0.0345461  0.307711 0.0234381
(1,(((2,(3,4)),(((5,(6,7)),(8,(9,10))),((((11,12),(13,14)),(15,(16,17))),((18,19),(20,21))))),(22,23)),24); -124367  0 219.049 84.8802 36.5945 -124538 0.239853 0.259315 0.186367 0.314464  0.365462  0.157344  0.106517 0.0393705   0.30975 0.0215566
(1,(((2,(3,4)),(((5,(6,7)),(8,(9,10))),((((11,12),(13,14)),(15,(16,17))),((18,19),(20,21))))),(22,23)),24); -124363  0 222.338 84.9543 38.0956 -124538 0.243208 0.257117  0.18961 0.310066  0.370781  0.159991  0.108614 0.0333262  0.303888 0.0233995
(1,(((2,(3,4)),(((5,(6,7)),(8,(9,10))),((((11,12),(13,14)),(15,(16,17))),((18,19),(20,21))))),(22,23)),24); -124368  0 214.707 84.8711 39.4599 -124537 0.242621 0.257454 0.187867 0.312057  0.363415  0.159948  0.112063 0.0356938  0.304233 0.0246475
(1,(((2,(3,4)),(((5,(6,7)),(8,(9,10))),((((11,12),(13,14)),(15,(16,17))),((18,19),(20,21))))),(22,23)),24); -124370  0 218.93 85.1044 34.3146 -124538 0.242185 0.259565 0.186248 0.312003  0.372291  0.161383  0.113542 0.0330712  0.298046 0.0216656
(1,(((2,(3,4)),(((5,(6,7)),(8,(9,10))),((((11,12),(13,14)),(15,(16,17))),((18,19),(20,21))))),(22,23)),24); -124372  0 213.328 84.9698 36.3698 -124536 0.242996 0.261715 0.181402 0.313888  0.365495  0.155349  0.110469 0.0351551  0.310569 0.0229628
(1,(((2,(3,4)),(((5,(6,7)),(8,(9,10))),((((11,12),(13,14)),(15,(16,17))),((18,19),(20,21))))),(22,23)),24); -124374  0 211.02 84.7989 37.1458 -124538 0.247392 0.257289 0.184454 0.310865  0.364451  0.161989  0.109856 0.0344282  0.303826 0.0254489
(1,(((2,(3,4)),(((5,(6,7)),(8,(9,10))),((((11,12),(13,14)),(15,(16,17))),((18,19),(20,21))))),(22,23)),24); -124363  0 219.938 84.8863 38.2707 -124537 0.241271 0.257341 0.188395 0.312993  0.365857  0.156732  0.113045 0.0366035  0.302016 0.0257469
(1,(((2,(3,4)),(((5,(6,7)),(8,(9,10))),((((11,12),(13,14)),(15,(16,17))),((18,19),(20,21))))),(22,23)),24); -124367  0 218.893 84.9534 36.2827 -124537 0.239774 0.260016 0.186454 0.313755  0.361607  0.156661  0.108733 0.0400755  0.306355 0.0265698
(1,(((2,(3,4)),(((5,(6,7)),(8,(9,10))),((((11,12),(13,14)),(15,(16,17))),((18,19),(20,21))))),(22,23)),24); -124370  0 214.788 84.9176 38.1294 -124538 0.241494 0.255631 0.189393 0.313481 0.364102 0.156669 0.106367 0.039338  0.30884 0.024684
(1,(((2,(3,4)),(((5,(6,7)),(8,(9,10))),((((11,12),(13,14)),(15,(16,17))),((18,19),(20,21))))),(22,23)),24); -124371  0 215.872 84.892 35.8697 -124538 0.240882 0.255923 0.190509 0.312685  0.362132  0.164703  0.109637 0.0385839  0.303204 0.0217395
(1,(((2,(3,4)),(((5,(6,7)),(8,(9,10))),((((11,12),(13,14)),(15,(16,17))),((18,19),(20,21))))),(22,23)),24); -124357  0 227.579 85.0191 38.0919 -124538 0.243658 0.257141 0.188054 0.311147  0.372654  0.156647  0.103861 0.0372646  0.306217 0.0233568
(1,(((2,(3,4)),(((5,(6,7)),(8,(9,10))),((((11,12),(13,14)),(15,(16,17))),((18,19),(20,21))))),(22,23)),24); -124372  0 215.859 84.838 35.5204 -124538 0.236481 0.260384 0.192137 0.310998  0.366773  0.161986  0.106329  0.036141  0.305794 0.0229773
(1,(((2,(3,4)),(((5,(6,7)),(8,(9,10))),((((11,12),(13,14)),(15,(16,17))),((18,19),(20,21))))),(22,23)),24); -124375  0 214.617 85.0526 35.8388 -124540 0.241216 0.258337 0.184772 0.315675  0.365434  0.167786  0.108319 0.0350659  0.299558 0.0238374
(1,(((2,(3,4)),(((5,(6,7)),(8,(9,10))),((((11,12),(13,14)),(15,(16,17))),((18,19),(20,21))))),(22,23)),24); -124375  0 214.294 85.0107 35.5311 -124540 0.239838 0.254677 0.192536 0.312949  0.366733  0.161736  0.104322 0.0346363  0.310049 0.0225236
(1,(((2,(3,4)),(((5,(6,7)),(8,(9,10))),((((11,12),(13,14)),(15,(16,17))),((18,19),(20,21))))),(22,23)),24); -124362  0 223.34 84.9197 38.5931 -124539 0.244295 0.256271 0.189472 0.309962  0.368092   0.15644   0.11072 0.0355567  0.306138  0.023054
(1,(((2,(3,4)),(((5,(6,7)),(8,(9,10))),((((11,12),(13,14)),(15,(16,17))),((18,19),(20,21))))),(22,23)),24); -124367  0 219.176 84.8699 37.2106 -124539 0.242241 0.256493 0.189037 0.312229   0.36935    0.1611    0.1037 0.0336283  0.309298 0.0229232
(1,(((2,(3,4)),(((5,(6,7)),(8,(9,10))),((((11,12),(13,14)),(15,(16,17))),((18,19),(20,21))))),(22,23)),24); -124369  0 218.551 84.9971 36.3072 -124538 0.240511 0.258542 0.189309 0.311638  0.360825  0.158389  0.113695 0.0361869  0.309187 0.0217168
(1,(((2,(3,4)),(((5,(6,7)),(8,(9,10))),((((11,12),(13,14)),(15,(16,17))),((18,19),(20,21))))),(22,23)),24); -124371  0 216.131 84.9082 35.1021 -124537 0.245023 0.259041   0.1879 0.308036  0.373733  0.158429   0.10707 0.0336858  0.300536  0.026546
(1,(((2,(3,4)),(((5,(6,7)),(8,(9,10))),((((11,12),(13,14)),(15,(16,17))),((18,19),(20,21))))),(22,23)),24); -124367  0 217.517 84.9555 35.7221 -124536 0.245703 0.258447 0.184856 0.310994  0.377465  0.155675  0.103858 0.0368128  0.301945 0.0242444
(1,(((2,(3,4)),(((5,(6,7)),(8,(9,10))),((((11,12),(13,14)),(15,(16,17))),((18,19),(20,21))))),(22,23)),24); -124373  0 214.134 84.9023 36.3553 -124538 0.241497 0.257868 0.189542 0.311093  0.363204   0.16063  0.107167 0.0398194  0.307804 0.0213759
(1,(((2,(3,4)),(((5,(6,7)),(8,(9,10))),((((11,12),(13,14)),(15,(16,17))),((18,19),(20,21))))),(22,23)),24); -124367  0 220.384 85.1349 36.3476 -124538 0.242694  0.25333 0.188817 0.315159  0.366749  0.153178  0.113684 0.0375056  0.304103 0.0247805
(1,(((2,(3,4)),(((5,(6,7)),(8,(9,10))),((((11,12),(13,14)),(15,(16,17))),((18,19),(20,21))))),(22,23)),24); -124377  0 207.185 85.1206 37.6802 -124537 0.244184  0.25773 0.187418 0.310668  0.370381  0.156825  0.111083 0.0391313  0.299213 0.0233664
(1,(((2,(3,4)),(((5,(6,7)),(8,(9,10))),((((11,12),(13,14)),(15,(16,17))),((18,19),(20,21))))),(22,23)),24); -124374  0 223.666 84.9908 31.1362 -124544 0.243499 0.258419 0.181624 0.316457  0.357822  0.169631  0.110903  0.038925  0.299483 0.0232364
(1,(((2,(3,4)),(((5,(6,7)),(8,(9,10))),((((11,12),(13,14)),(15,(16,17))),((18,19),(20,21))))),(22,23)),24); -124364  0 220.247 84.8571 38.1092 -124537  0.24193 0.259025 0.185799 0.313246  0.370447  0.157834  0.102474 0.0366795  0.308247 0.0243183
(1,(((2,(3,4)),(((5,(6,7)),(8,(9,10))),((((11,12),(13,14)),(15,(16,17))),((18,19),(20,21))))),(22,23)),24); -124374  0 211.584 85.0279 37.0058 -124538 0.239142 0.255678  0.19182 0.313361  0.367478  0.156904  0.113357 0.0351754  0.303115 0.0239712
(1,(((2,(3,4)),(((5,(6,7)),(8,(9,10))),((((11,12),(13,14)),(15,(16,17))),((18,19),(20,21))))),(22,23)),24); -124374  0 213.546 84.7128 35.509 -124538 0.240285 0.263932 0.185528 0.310255  0.366158  0.155388  0.109546  0.039986  0.303689 0.0252329
(1,(((2,(3,4)),(((5,(6,7)),(8,(9,10))),((((11,12),(13,14)),(15,(16,17))),((18,19),(20,21))))),(22,23)),24); -124364  0 219.463 85.007 38.8937 -124538 0.242083 0.257369 0.186509 0.314039  0.366828  0.160813  0.111007 0.0333265  0.303915 0.0241109
(1,(((2,(3,4)),(((5,(6,7)),(8,(9,10))),((((11,12),(13,14)),(15,(16,17))),((18,19),(20,21))))),(22,23)),24); -124370  0 215.557 84.7988 36.7285 -124538 0.240839 0.260394 0.185199 0.313567   0.36204  0.155752  0.107397 0.0372176  0.311146  0.026448
(1,(((2,(3,4)),(((5,(6,7)),(8,(9,10))),((((11,12),(13,14)),(15,(16,17))),((18,19),(20,21))))),(22,23)),24); -124372  0 212.776 85.0487 37.9256 -124537 0.242969   0.2585 0.183099 0.315431  0.366572  0.155636  0.106504 0.0364905  0.311528 0.0232698
(1,(((2,(3,4)),(((5,(6,7)),(8,(9,10))),((((11,12),(13,14)),(15,(16,17))),((18,19),(20,21))))),(22,23)),24); -124367  0 218.759 84.7908 37.4816 -124538 0.244488 0.261594 0.181933 0.311984  0.366206  0.158811   0.10927 0.0389346  0.302459 0.0243187
(1,(((2,(3,4)),(((5,(6,7)),(8,(9,10))),((((11,12),(13,14)),(15,(16,17))),((18,19),(20,21))))),(22,23)),24); -124369  0 218.847 84.7664 36.2234 -124539  0.24874 0.257874 0.186304 0.307082  0.363553  0.160409  0.107063 0.0363345  0.307954 0.0246868
(1,(((2,(3,4)),(((5,(6,7)),(8,(9,10))),((((11,12),(13,14)),(15,(16,17))),((18,19),(20,21))))),(22,23)),24); -124372  0 215.187 84.9147 36.7678 -124539 0.247764 0.252441 0.186434 0.313361  0.363641  0.158068  0.108794 0.0371668  0.308785 0.0235456
(1,(((2,(3,4)),(((5,(6,7)),(8,(9,10))),((((11,12),(13,14)),(15,(16,17))),((18,19),(20,21))))),(22,23)),24); -124371  0 212.101 84.6528 39.2208 -124538 0.239911 0.258489 0.186823 0.314777  0.366752  0.162565  0.107323 0.0363849  0.302797 0.0241787
(1,(((2,(3,4)),(((5,(6,7)),(8,(9,10))),((((11,12),(13,14)),(15,(16,17))),((18,19),(20,21))))),(22,23)),24); -124375  0 210.54 84.8848 37.98 -124538 0.242069 0.257464 0.190564 0.309902  0.367537  0.158378  0.107505 0.0371313  0.307532 0.0219161
(1,(((2,(3,4)),(((5,(6,7)),(8,(9,10))),((((11,12),(13,14)),(15,(16,17))),((18,19),(20,21))))),(22,23)),24); -124378  0 213.21 84.6833 35 -124541  0.23868 0.259718 0.184454 0.317149  0.363554  0.166659  0.104026 0.0354827  0.306342  0.023936
(1,(((2,(3,4)),(((5,(6,7)),(8,(9,10))),((((11,12),(13,14)),(15,(16,17))),((18,19),(20,21))))),(22,23)),24); -124386  0 213.628 84.7765 30.8713 -124545 0.248824 0.251876 0.189918 0.309382  0.362891  0.154955  0.104464 0.0387662  0.315066 0.0238568
(1,(((2,(3,4)),(((5,(6,7)),(8,(9,10))),((((11,12),(13,14)),(15,(16,17))),((18,19),(20,21))))),(22,23)),24); -124376  0 213.274 84.6017 35.3378 -124540 0.242287 0.258479 0.181033 0.318201  0.359457  0.160765  0.106084 0.0366965  0.311665 0.0253322
(1,(((2,(3,4)),(((5,(6,7)),(8,(9,10))),((((11,12),(13,14)),(15,(16,17))),((18,19),(20,21))))),(22,23)),24); -124378  0 207.129 84.9443 37.0127 -124537 0.245284 0.254609 0.186641 0.313466   0.36729  0.153852  0.113916  0.036985  0.303352 0.0246045
(1,(((2,(3,4)),(((5,(6,7)),(8,(9,10))),((((11,12),(13,14)),(15,(16,17))),((18,19),(20,21))))),(22,23)),24); -124362  0 223.233 85.0396 38.1902 -124539 0.240966 0.254695 0.191676 0.312663  0.366354  0.156753  0.110719  0.036798  0.306122 0.0232537
(1,(((2,(3,4)),(((5,(6,7)),(8,(9,10))),((((11,12),(13,14)),(15,(16,17))),((18,19),(20,21))))),(22,23)),24); -124368  0 216.37 84.8629 37.0617 -124537 0.245094 0.260556 0.182305 0.312045  0.371894  0.159671  0.103697 0.0357545  0.304895 0.0240893
(1,(((2,(3,4)),(((5,(6,7)),(8,(9,10))),((((11,12),(13,14)),(15,(16,17))),((18,19),(20,21))))),(22,23)),24); -124373  0 214.395 84.9996 36.3498 -124538 0.245525  0.25524 0.190489 0.308746   0.36712  0.155577  0.109487 0.0392861  0.303071 0.0254588
(1,(((2,(3,4)),(((5,(6,7)),(8,(9,10))),((((11,12),(13,14)),(15,(16,17))),((18,19),(20,21))))),(22,23)),24); -124373  0 215.909 84.9086 34.5 -124539 0.242982  0.25699  0.18744 0.312589  0.366191  0.159954  0.103336 0.0429866  0.305075 0.0224573
(1,(((2,(3,4)),(((5,(6,7)),(8,(9,10))),((((11,12),(13,14)),(15,(16,17))),((18,19),(20,21))))),(22,23)),24); -124371  0 214.426 84.8999 37.2249 -124538 0.245037 0.257212 0.184873 0.312878  0.365837  0.160341  0.109382 0.0398712  0.299003 0.0255651
(1,(((2,(3,4)),(((5,(6,7)),(8,(9,10))),((((11,12),(13,14)),(15,(16,17))),((18,19),(20,21))))),(22,23)),24); -124376  0 211.114 84.9661 36.4822 -124539 0.238656 0.256326 0.187053 0.317965   0.36309  0.163418  0.109291 0.0346545  0.307198 0.0223484
(1,(((2,(3,4)),(((5,(6,7)),(8,(9,10))),((((11,12),(13,14)),(15,(16,17))),((18,19),(20,21))))),(22,23)),24); -124371  0 216.907 84.8821 36.3139 -124539 0.244329 0.255249 0.187805 0.312618  0.361501  0.165233  0.105339 0.0343189   0.30827 0.0253369
(1,(((2,(3,4)),(((5,(6,7)),(8,(9,10))),((((11,12),(13,14)),(15,(16,17))),((18,19),(20,21))))),(22,23)),24); -124370  0 215.616 84.8708 37.1089 -124538 0.240666  0.26122 0.184589 0.313526  0.370135  0.158085  0.107133 0.0361193  0.301832 0.0266957
(1,(((2,(3,4)),(((5,(6,7)),(8,(9,10))),((((11,12),(13,14)),(15,(16,17))),((18,19),(20,21))))),(22,23)),24); -124378  0 206.166 84.5433 38.6655 -124538 0.243791 0.258105 0.183753  0.31435  0.364759  0.162292  0.106644 0.0344834  0.307892   0.02393
(1,(((2,(3,4)),(((5,(6,7)),(8,(9,10))),((((11,12),(13,14)),(15,(16,17))),((18,19),(20,21))))),(22,23)),24); -124370  0 214.859 85.024 37.59 -124538 0.243593 0.256523 0.184052 0.315832  0.370062  0.160471    0.1085 0.0372466  0.298111  0.025609
(1,(((2,(3,4)),(((5,(6,7)),(8,(9,10))),((((11,12),(13,14)),(15,(16,17))),((18,19),(20,21))))),(22,23)),24); -124370  0 214.122 84.6752 38.6557 -124538  0.24101 0.256989 0.190972 0.311029  0.364468  0.157342  0.110288 0.0354097  0.308542 0.0239502
(1,(((2,(3,4)),(((5,(6,7)),(8,(9,10))),((((11,12),(13,14)),(15,(16,17))),((18,19),(20,21))))),(22,23)),24); -124363  0 221.492 84.8805 38.2601 -124538 0.244209 0.256382 0.184515 0.314893   0.36766  0.160244  0.107054 0.0331713   0.30823 0.0236408
(1,(((2,(3,4)),(((5,(6,7)),(8,(9,10))),((((11,12),(13,14)),(15,(16,17))),((18,19),(20,21))))),(22,23)),24); -124375  0 214.383 84.7564 33.9811 -124538 0.245122 0.257473 0.184976 0.312429  0.374465  0.156227  0.106539  0.041309   0.29641 0.0250504
(1,(((2,(3,4)),(((5,(6,7)),(8,(9,10))),((((11,12),(13,14)),(15,(16,17))),((18,19),(20,21))))),(22,23)),24); -124367  0 218.813 84.9968 37.6509 -124539 0.239826 0.261013  0.18627 0.312891  0.362897  0.160393  0.109495 0.0346954  0.306366 0.0261539
(1,(((2,(3,4)),(((5,(6,7)),(8,(9,10))),((((11,12),(13,14)),(15,(16,17))),((18,19),(20,21))))),(22,23)),24); -124367  0 215.81 84.8266 38.5873 -124537 0.244515 0.255796 0.184944 0.314745  0.369328  0.154618  0.109678 0.0354772  0.307272 0.0236269
(1,(((2,(3,4)),(((5,(6,7)),(8,(9,10))),((((11,12),(13,14)),(15,(16,17))),((18,19),(20,21))))),(22,23)),24); -124364  0 219.896 84.9434 37.1633 -124537 0.246087 0.255676 0.186872 0.311365  0.362427  0.159751  0.113316  0.038982  0.302178 0.0233452
(1,(((2,(3,4)),(((5,(6,7)),(8,(9,10))),((((11,12),(13,14)),(15,(16,17))),((18,19),(20,21))))),(22,23)),24); -124366  0 219.206 84.8792 38.0067 -124538 0.243684 0.262249  0.18474 0.309327  0.364479  0.158891  0.106793 0.0367514  0.308465 0.0246203
(1,(((2,(3,4)),(((5,(6,7)),(8,(9,10))),((((11,12),(13,14)),(15,(16,17))),((18,19),(20,21))))),(22,23)),24); -124375  0 211.375 84.8362 34.6623 -124536 0.245765 0.257991 0.189109 0.307136  0.359929  0.163658    0.1146 0.0361921  0.301405 0.0242165
(1,(((2,(3,4)),(((5,(6,7)),(8,(9,10))),((((11,12),(13,14)),(15,(16,17))),((18,19),(20,21))))),(22,23)),24); -124374  0 219.606 85.007 33.3395 -124542 0.245555 0.257894 0.182889 0.313662  0.363253  0.161083  0.100156  0.036988  0.312265 0.0262536
(1,(((2,(3,4)),(((5,(6,7)),(8,(9,10))),((((11,12),(13,14)),(15,(16,17))),((18,19),(20,21))))),(22,23)),24); -124365  0 220.476 84.9553 37.4227 -124537 0.242831 0.255119 0.188729 0.313321   0.35751  0.161143  0.112087 0.0368937  0.308726 0.0236403
(1,(((2,(3,4)),(((5,(6,7)),(8,(9,10))),((((11,12),(13,14)),(15,(16,17))),((18,19),(20,21))))),(22,23)),24); -124365  0 219.273 84.8852 38.5852 -124538 0.238929 0.260496  0.18754 0.313035   0.36918  0.161092  0.108217 0.0353626  0.302182 0.0239659
(1,(((2,(3,4)),(((5,(6,7)),(8,(9,10))),((((11,12),(13,14)),(15,(16,17))),((18,19),(20,21))))),(22,23)),24); -124377  0 215.639 84.9626 32.6881 -124540 0.243021 0.262676 0.187005 0.307299  0.362198  0.167177  0.112159 0.0333103  0.301008 0.0241475
(1,(((2,(3,4)),(((5,(6,7)),(8,(9,10))),((((11,12),(13,14)),(15,(16,17))),((18,19),(20,21))))),(22,23)),24); -124371  0 213.933 84.6973 37.1364 -124538 0.243581 0.262712 0.184448 0.309259  0.366898  0.158668  0.109491 0.0356184  0.307153 0.0221709
(1,(((2,(3,4)),(((5,(6,7)),(8,(9,10))),((((11,12),(13,14)),(15,(16,17))),((18,19),(20,21))))),(22,23)),24); -124374  0 216.441 85.1782 33.3007 -124539 0.240233 0.256402  0.18764 0.315726  0.367829  0.160466  0.113167 0.0390331  0.293056 0.0264491
(1,(((2,(3,4)),(((5,(6,7)),(8,(9,10))),((((11,12),(13,14)),(15,(16,17))),((18,19),(20,21))))),(22,23)),24); -124362  0 223.402 85.0454 38.0643 -124538 0.240913 0.255494 0.189382 0.314211   0.36667  0.154767  0.108112 0.0391952   0.30641 0.0248458
(1,(((2,(3,4)),(((5,(6,7)),(8,(9,10))),((((11,12),(13,14)),(15,(16,17))),((18,19),(20,21))))),(22,23)),24); -124379  0 207.85 84.8535 37.4824 -124539 0.246414 0.254486  0.18703  0.31207  0.362176  0.160751  0.107072 0.0374402  0.309734 0.0228271
(1,(((2,(3,4)),(((5,(6,7)),(8,(9,10))),((((11,12),(13,14)),(15,(16,17))),((18,19),(20,21))))),(22,23)),24); -124369  0 217.585 84.9674 36.7284 -124538  0.24459 0.254108 0.190693 0.310608  0.364486  0.162271  0.110944 0.0336041  0.305476 0.0232192
(1,(((2,(3,4)),(((5,(6,7)),(8,(9,10))),((((11,12),(13,14)),(15,(16,17))),((18,19),(20,21))))),(22,23)),24); -124367  0 218.746 85.0279 37.5081 -124538 0.242655 0.256691  0.18729 0.313364  0.375795  0.155994  0.106261 0.0337737  0.304164 0.0240116
(1,(((2,(3,4)),(((5,(6,7)),(8,(9,10))),((((11,12),(13,14)),(15,(16,17))),((18,19),(20,21))))),(22,23)),24); -124367  0 222.833 84.7971 34.382 -124539 0.245339 0.257817  0.18633 0.310514  0.364479  0.163885  0.107201 0.0404207  0.303073 0.0209415
(1,(((2,(3,4)),(((5,(6,7)),(8,(9,10))),((((11,12),(13,14)),(15,(16,17))),((18,19),(20,21))))),(22,23)),24); -124371  0 212.345 84.8304 38.2393 -124537 0.244814 0.257736 0.184766 0.312684  0.366895  0.161267  0.110381 0.0382349  0.298682 0.0245397
(1,(((2,(3,4)),(((5,(6,7)),(8,(9,10))),((((11,12),(13,14)),(15,(16,17))),((18,19),(20,21))))),(22,23)),24); -124380  0 207.649 84.9005 35.1833 -124538 0.241945 0.256838 0.186378 0.314838  0.363687  0.157608  0.107518 0.0331227  0.310356 0.0277085
(1,(((2,(3,4)),(((5,(6,7)),(8,(9,10))),((((11,12),(13,14)),(15,(16,17))),((18,19),(20,21))))),(22,23)),24); -124377  0 208.982 85.0373 36.4454 -124537 0.240874  0.26272  0.18255 0.313856  0.369906   0.15562   0.11059 0.0355473  0.302743  0.025594
(1,(((2,(3,4)),(((5,(6,7)),(8,(9,10))),((((11,12),(13,14)),(15,(16,17))),((18,19),(20,21))))),(22,23)),24); -124374  0 210.977 84.7919 36.8768 -124537 0.242531 0.260121 0.182518 0.314831  0.366247  0.154719  0.108428 0.0354882  0.308829 0.0262889
(1,(((2,(3,4)),(((5,(6,7)),(8,(9,10))),((((11,12),(13,14)),(15,(16,17))),((18,19),(20,21))))),(22,23)),24); -124378  0 206.94 84.9949 37.5654 -124538 0.241764 0.257145  0.18665 0.314441  0.370273  0.153484  0.105931 0.0365963  0.310762 0.0229525
(1,(((2,(3,4)),(((5,(6,7)),(8,(9,10))),((((11,12),(13,14)),(15,(16,17))),((18,19),(20,21))))),(22,23)),24); -124360  0 222.618 84.9157 39.0092 -124537 0.243712 0.255479 0.188003 0.312805  0.363648  0.160354  0.107786 0.0386979   0.30438 0.0251343
(1,(((2,(3,4)),(((5,(6,7)),(8,(9,10))),((((11,12),(13,14)),(15,(16,17))),((18,19),(20,21))))),(22,23)),24); -124385  0 210.072 85.2113 30.1392 -124540 0.237649 0.254061 0.194732 0.313559  0.363532  0.156243  0.115976 0.0372194  0.306101 0.0209295
(1,(((2,(3,4)),(((5,(6,7)),(8,(9,10))),((((11,12),(13,14)),(15,(16,17))),((18,19),(20,21))))),(22,23)),24); -124370  0 218.72 85.1856 34.9379 -124538 0.239725 0.258759 0.186588 0.314928  0.378798  0.155035   0.10301  0.037083  0.302558 0.0235158
(1,(((2,(3,4)),(((5,(6,7)),(8,(9,10))),((((11,12),(13,14)),(15,(16,17))),((18,19),(20,21))))),(22,23)),24); -124368  0 218.163 84.9382 37.8118 -124539 0.242501 0.257685 0.188797 0.311016  0.359555  0.161878  0.108484 0.0354734  0.308887 0.0257222
(1,(((2,(3,4)),(((5,(6,7)),(8,(9,10))),((((11,12),(13,14)),(15,(16,17))),((18,19),(20,21))))),(22,23)),24); -124361  0 224.672 84.7993 37.5535 -124538 0.243184 0.256842 0.184605 0.315369  0.369853  0.162879  0.104777 0.0333866  0.305045 0.0240599
(1,(((2,(3,4)),(((5,(6,7)),(8,(9,10))),((((11,12),(13,14)),(15,(16,17))),((18,19),(20,21))))),(22,23)),24); -124369  0 216.239 85.0252 37.4235 -124538 0.240696 0.256276 0.186201 0.316827  0.360508  0.161202  0.108837 0.0400328  0.306186 0.0232343
(1,(((2,(3,4)),(((5,(6,7)),(8,(9,10))),((((11,12),(13,14)),(15,(16,17))),((18,19),(20,21))))),(22,23)),24); -124375  0 210.351 84.8517 36.9044 -124537 0.242513 0.260781 0.183504 0.313202  0.372146  0.158549   0.10523 0.0366585  0.301184 0.0262322
(1,(((2,(3,4)),(((5,(6,7)),(8,(9,10))),((((11,12),(13,14)),(15,(16,17))),((18,19),(20,21))))),(22,23)),24); -124372  0 213.444 84.7263 35.368 -124536 0.242529 0.254801 0.188667 0.314003  0.357181  0.161431  0.114713 0.0395039  0.303933 0.0232385
(1,(((2,(3,4)),(((5,(6,7)),(8,(9,10))),((((11,12),(13,14)),(15,(16,17))),((18,19),(20,21))))),(22,23)),24); -124367  0 219.554 84.9731 37.1171 -124538  0.24245  0.26008 0.187746 0.309724  0.363493  0.162195  0.105246 0.0389105  0.304212 0.0259435
(1,(((2,(3,4)),(((5,(6,7)),(8,(9,10))),((((11,12),(13,14)),(15,(16,17))),((18,19),(20,21))))),(22,23)),24); -124364  0 222.889 84.975 37.0971 -124539 0.242015  0.26156 0.183921 0.312504  0.364463  0.160304  0.103222 0.0371408   0.30995 0.0249198
(1,(((2,(3,4)),(((5,(6,7)),(8,(9,10))),((((11,12),(13,14)),(15,(16,17))),((18,19),(20,21))))),(22,23)),24); -124365  0 220.434 84.9245 37.4763 -124538 0.238639 0.260829 0.186824 0.313707  0.369604  0.156776  0.107091 0.0344103  0.309155 0.0229638
(1,(((2,(3,4)),(((5,(6,7)),(8,(9,10))),((((11,12),(13,14)),(15,(16,17))),((18,19),(20,21))))),(22,23)),24); -124362  0 222.309 84.8537 38.2927 -124538 0.241982 0.259759 0.183642 0.314617  0.362023  0.158473  0.108836 0.0387707  0.306446 0.0254503
(1,(((2,(3,4)),(((5,(6,7)),(8,(9,10))),((((11,12),(13,14)),(15,(16,17))),((18,19),(20,21))))),(22,23)),24); -124364  0 222.593 84.8665 35.2303 -124537  0.23984 0.261443 0.184941 0.313776  0.375519  0.152459  0.107499 0.0343402  0.305389 0.0247943
(1,(((2,(3,4)),(((5,(6,7)),(8,(9,10))),((((11,12),(13,14)),(15,(16,17))),((18,19),(20,21))))),(22,23)),24); -124364  0 220.632 84.66 36.5835 -124537 0.244949 0.260554 0.186372 0.308126  0.370306  0.154713   0.11229 0.0369548  0.302954 0.0227815
(1,(((2,(3,4)),(((5,(6,7)),(8,(9,10))),((((11,12),(13,14)),(15,(16,17))),((18,19),(20,21))))),(22,23)),24); -124367  0 217.626 84.8911 37.3684 -124537 0.239575 0.256991 0.191504  0.31193  0.364507   0.16104  0.105571 0.0394164  0.305326 0.0241396
(1,(((2,(3,4)),(((5,(6,7)),(8,(9,10))),((((11,12),(13,14)),(15,(16,17))),((18,19),(20,21))))),(22,23)),24); -124369  0 218.735 84.9544 34.184 -124537 0.241353 0.263852 0.183909 0.310886  0.372327  0.151851  0.112632 0.0358756  0.303118 0.0241965
(1,(((2,(3,4)),(((5,(6,7)),(8,(9,10))),((((11,12),(13,14)),(15,(16,17))),((18,19),(20,21))))),(22,23)),24); -124368  0 217.712 84.7751 37.0056 -124537 0.246267 0.256666 0.185494 0.311574  0.360732    0.1587  0.112227  0.039624  0.303685 0.0250317
(1,(((2,(3,4)),(((5,(6,7)),(8,(9,10))),((((11,12),(13,14)),(15,(16,17))),((18,19),(20,21))))),(22,23)),24); -124372  0 214.816 85.0997 36.5629 -124538 0.240028 0.253737 0.189721 0.316514  0.364035  0.164228  0.105257 0.0362965  0.306996 0.0231869
(1,(((2,(3,4)),(((5,(6,7)),(8,(9,10))),((((11,12),(13,14)),(15,(16,17))),((18,19),(20,21))))),(22,23)),24); -124366  0 220.518 85.0932 36.2602 -124538 0.241078 0.261733 0.185281 0.311908  0.366569  0.154963  0.113147 0.0353516  0.308032  0.021938
(1,(((2,(3,4)),(((5,(6,7)),(8,(9,10))),((((11,12),(13,14)),(15,(16,17))),((18,19),(20,21))))),(22,23)),24); -124374  0 211.472 84.8039 37.3648 -124538 0.241538 0.253415 0.192171 0.312875  0.369033  0.158888  0.106157  0.035471  0.305279 0.0251726
(1,(((2,(3,4)),(((5,(6,7)),(8,(9,10))),((((11,12),(13,14)),(15,(16,17))),((18,19),(20,21))))),(22,23)),24); -124367  0 218.521 84.9125 36.7727 -124538 0.240049 0.262493 0.187783 0.309675  0.367627  0.159501  0.107328 0.0395296  0.303328 0.0226864
(1,(((2,(3,4)),(((5,(6,7)),(8,(9,10))),((((11,12),(13,14)),(15,(16,17))),((18,19),(20,21))))),(22,23)),24); -124363  0 220.993 84.8887 37.4381 -124537 0.238978 0.258228  0.18801 0.314784  0.359437  0.161503  0.113092 0.0367945  0.305706  0.023467
(1,(((2,(3,4)),(((5,(6,7)),(8,(9,10))),((((11,12),(13,14)),(15,(16,17))),((18,19),(20,21))))),(22,23)),24); -124363  0 220.141 84.8811 38.9716 -124538 0.243744  0.25895 0.186535 0.310772  0.365912  0.156979  0.106481 0.0382169  0.309036 0.0233763
(1,(((2,(3,4)),(((5,(6,7)),(8,(9,10))),((((11,12),(13,14)),(15,(16,17))),((18,19),(20,21))))),(22,23)),24); -124357  0 227.21 85.0318 38.2811 -124537 0.241075 0.257559 0.187151 0.314214   0.36515  0.155906  0.114111 0.0349943  0.305258 0.0245807
(1,(((2,(3,4)),(((5,(6,7)),(8,(9,10))),((((11,12),(13,14)),(15,(16,17))),((18,19),(20,21))))),(22,23)),24); -124381  0 212.078 84.9765 34.4478 -124542 0.244026 0.257685 0.185434 0.312855  0.360918   0.16345  0.103182  0.033266  0.314426 0.0247585
(1,(((2,(3,4)),(((5,(6,7)),(8,(9,10))),((((11,12),(13,14)),(15,(16,17))),((18,19),(20,21))))),(22,23)),24); -124369  0 216.61 85.0056 37.0254 -124538 0.243602 0.251981 0.191693 0.312724  0.363782  0.161479  0.109701 0.0363653  0.305148  0.023524
(1,(((2,(3,4)),(((5,(6,7)),(8,(9,10))),((((11,12),(13,14)),(15,(16,17))),((18,19),(20,21))))),(22,23)),24); -124371  0 215.848 84.9131 36.4701 -124539 0.242557 0.260709 0.183131 0.313602  0.362205   0.16292  0.113324 0.0368359  0.302405 0.0223101
(1,(((2,(3,4)),(((5,(6,7)),(8,(9,10))),((((11,12),(13,14)),(15,(16,17))),((18,19),(20,21))))),(22,23)),24); -124371  0 214.358 85.0407 35.8484 -124536 0.240284 0.259621 0.181119 0.318976  0.367126  0.156228  0.106266 0.0353639  0.310927 0.0240886
(1,(((2,(3,4)),(((5,(6,7)),(8,(9,10))),((((11,12),(13,14)),(15,(16,17))),((18,19),(20,21))))),(22,23)),24); -124362  0 222.08 84.7718 38.3499 -124537 0.243074 0.261692 0.184161 0.311074  0.367212  0.158143  0.111006 0.0362361  0.302299 0.0251034
(1,(((2,(3,4)),(((5,(6,7)),(8,(9,10))),((((11,12),(13,14)),(15,(16,17))),((18,19),(20,21))))),(22,23)),24); -124367  0 218.185 84.9677 37.9338 -124538 0.243636 0.256845 0.183916 0.315603    0.3692  0.158246   0.10592 0.0395776  0.304306   0.02275
(1,(((2,(3,4)),(((5,(6,7)),(8,(9,10))),((((11,12),(13,14)),(15,(16,17))),((18,19),(20,21))))),(22,23)),24); -124380  0 202.302 84.9076 39.2338 -124536 0.243825 0.255511  0.18669 0.313974  0.367565  0.161349  0.107456 0.0368562  0.301692 0.0250817
(1,(((2,(3,4)),(((5,(6,7)),(8,(9,10))),((((11,12),(13,14)),(15,(16,17))),((18,19),(20,21))))),(22,23)),24); -124376  0 216.321 84.9256 31.8786 -124539 0.242699 0.257341 0.185339 0.314622  0.363771   0.15429  0.109671 0.0311103  0.314002 0.0271548
(1,(((2,(3,4)),(((5,(6,7)),(8,(9,10))),((((11,12),(13,14)),(15,(16,17))),((18,19),(20,21))))),(22,23)),24); -124370  0 215.582 84.9227 37.9575 -124539 0.242328  0.25922 0.187353 0.311099   0.36311  0.158106  0.107819 0.0351687     0.313 0.0227963
(1,(((2,(3,4)),(((5,(6,7)),(8,(9,10))),((((11,12),(13,14)),(15,(16,17))),((18,19),(20,21))))),(22,23)),24); -124378  0 211.377 84.7374 35.7668 -124541 0.245702 0.253648 0.185282 0.315367  0.360985  0.161728  0.105266 0.0358123  0.313048 0.0231612
(1,(((2,(3,4)),(((5,(6,7)),(8,(9,10))),((((11,12),(13,14)),(15,(16,17))),((18,19),(20,21))))),(22,23)),24); -124373  0 214.613 85.1562 35.109 -124538 0.243473  0.25205 0.187148 0.317329  0.358471  0.160947  0.107629 0.0401565  0.308688 0.0241087
(1,(((2,(3,4)),(((5,(6,7)),(8,(9,10))),((((11,12),(13,14)),(15,(16,17))),((18,19),(20,21))))),(22,23)),24); -124386  0 205.999 85.0166 30.5991 -124537 0.241882 0.260689 0.182264 0.315165  0.368404  0.148917  0.104638 0.0406697  0.312167 0.0252052
(1,(((2,(3,4)),(((5,(6,7)),(8,(9,10))),((((11,12),(13,14)),(15,(16,17))),((18,19),(20,21))))),(22,23)),24); -124365  0 222.308 84.8476 36.5661 -124539 0.241274 0.261757 0.183852 0.313117  0.359949  0.160387  0.110806 0.0368881   0.30984 0.0221312
(1,(((2,(3,4)),(((5,(6,7)),(8,(9,10))),((((11,12),(13,14)),(15,(16,17))),((18,19),(20,21))))),(22,23)),24); -124367  0 219.27 84.679 35.219 -124536 0.243598 0.257114 0.184123 0.315165  0.365963  0.151101  0.114413 0.0360527  0.309335 0.0231352
(1,(((2,(3,4)),(((5,(6,7)),(8,(9,10))),((((11,12),(13,14)),(15,(16,17))),((18,19),(20,21))))),(22,23)),24); -124377  0 215.535 85.1301 32.2476 -124540 0.245902 0.254122 0.182716  0.31726  0.370381  0.152547  0.107788  0.040458  0.307393 0.0214321
(1,(((2,(3,4)),(((5,(6,7)),(8,(9,10))),((((11,12),(13,14)),(15,(16,17))),((18,19),(20,21))))),(22,23)),24); -124373  0 211.315 84.8774 37.8053 -124537 0.244039 0.257716 0.184749 0.313496  0.367082  0.152379  0.110318 0.0369404  0.308796 0.0244858
(1,(((2,(3,4)),(((5,(6,7)),(8,(9,10))),((((11,12),(13,14)),(15,(16,17))),((18,19),(20,21))))),(22,23)),24); -124369  0 218.418 84.9719 37.4349 -124539 0.240983 0.256574 0.189811 0.312633  0.367822  0.161513  0.107822 0.0334188  0.307329 0.0220962
(1,(((2,(3,4)),(((5,(6,7)),(8,(9,10))),((((11,12),(13,14)),(15,(16,17))),((18,19),(20,21))))),(22,23)),24); -124373  0 215.103 85.0699 35.9829 -124539 0.239504 0.260989 0.188237  0.31127  0.371264  0.158447  0.112424 0.0347597  0.297745 0.0253605
(1,(((2,(3,4)),(((5,(6,7)),(8,(9,10))),((((11,12),(13,14)),(15,(16,17))),((18,19),(20,21))))),(22,23)),24); -124385  0 202.356 85.0416 35.2549 -124538 0.241247 0.260548 0.184009 0.314196   0.36902   0.16092  0.105147 0.0314633   0.30799 0.0254598
(1,(((2,(3,4)),(((5,(6,7)),(8,(9,10))),((((11,12),(13,14)),(15,(16,17))),((18,19),(20,21))))),(22,23)),24); -124383  0 205.534 85.057 35.3609 -124539 0.241876 0.259945 0.187524 0.310654  0.362477  0.163373  0.106192 0.0371974  0.303039  0.027722
(1,(((2,(3,4)),(((5,(6,7)),(8,(9,10))),((((11,12),(13,14)),(15,(16,17))),((18,19),(20,21))))),(22,23)),24); -124378  0 214.197 84.9558 33.5405 -124541 0.241311 0.260895 0.185889 0.311905  0.363067  0.161691  0.100962 0.0346468  0.316104 0.0235297
(1,(((2,(3,4)),(((5,(6,7)),(8,(9,10))),((((11,12),(13,14)),(15,(16,17))),((18,19),(20,21))))),(22,23)),24); -124360  0 227.445 84.9596 35.345 -124538 0.237315 0.258087 0.189919 0.314679  0.363584  0.157193  0.115102 0.0337015   0.30657 0.0238494
(1,(((2,(3,4)),(((5,(6,7)),(8,(9,10))),((((11,12),(13,14)),(15,(16,17))),((18,19),(20,21))))),(22,23)),24); -124369  0 214.453 84.7074 38.995 -124537 0.245697 0.258348 0.185797 0.310158  0.367442  0.160271  0.108007 0.0376937  0.303346 0.0232408
(1,(((2,(3,4)),(((5,(6,7)),(8,(9,10))),((((11,12),(13,14)),(15,(16,17))),((18,19),(20,21))))),(22,23)),24); -124366  0 218.543 84.6498 37.1528 -124537 0.239102 0.260185 0.186414 0.314299  0.359893   0.15887  0.109025 0.0355164   0.31286 0.0238347
(1,(((2,(3,4)),(((5,(6,7)),(8,(9,10))),((((11,12),(13,14)),(15,(16,17))),((18,19),(20,21))))),(22,23)),24); -124372  0 218.048 84.8688 34.6625 -124540 0.242406 0.260133  0.18837 0.309091  0.358055  0.160841  0.104472 0.0399532  0.311114 0.0255648
(1,(((2,(3,4)),(((5,(6,7)),(8,(9,10))),((((11,12),(13,14)),(15,(16,17))),((18,19),(20,21))))),(22,23)),24); -124371  0 215.291 84.9215 36.3813 -124538 0.238867 0.258602 0.189501  0.31303  0.372682  0.160767  0.105533 0.0344528  0.300693  0.025873
(1,(((2,(3,4)),(((5,(6,7)),(8,(9,10))),((((11,12),(13,14)),(15,(16,17))),((18,19),(20,21))))),(22,23)),24); -124370  0 218.747 84.8659 35.5972 -124539 0.244207 0.258011  0.18692 0.310862  0.372727   0.15144  0.108831 0.0337655  0.309869 0.0233669
(1,(((2,(3,4)),(((5,(6,7)),(8,(9,10))),((((11,12),(13,14)),(15,(16,17))),((18,19),(20,21))))),(22,23)),24); -124367  0 219.452 85.0475 35.4156 -124537 0.243379 0.255893 0.189353 0.311375  0.363178  0.168146   0.10711 0.0357527  0.300768 0.0250446
