tree logl logTop logBL logPrior logQ logWt pi1 pi2 pi3 pi4 s1 s2 s3 s4 s5 s6
(1,(((2,3),4),((((5,(6,7)),(8,(9,10))),(((11,12),(13,(14,15))),(((16,17),(18,19)),(20,21)))),(22,23))),24); -124601  -12.1147 212.964 84.8087 38.2828 -124755  0.24538 0.259152 0.184951 0.310517  0.369675  0.159583  0.106651 0.0341656  0.305748 0.0241775
(1,(((((((2,(3,4)),(5,6)),((7,8),(9,10))),((11,12),((13,14),(15,16)))),((17,18),(19,20))),(21,22)),23),24); -124363  -11.9158 213.715 84.7662 36.0069 -124516 0.245152 0.257615 0.181039 0.316194  0.360224  0.158129  0.112201 0.0351925  0.311472  0.022782
(1,((((((2,3),(4,5)),((6,7),((8,9),10))),((11,12),(((13,14),15),(16,17)))),((18,19),(20,21))),(22,23)),24); -124487  -10.5722 222.636 85.018 36.4045 -124651 0.241983 0.257583  0.18556 0.314874   0.35438  0.159518  0.114257 0.0389534  0.307621 0.0252703
(1,((((((2,3),(4,5)),((6,7),(8,(9,10)))),(((11,12),(13,14)),(15,(16,17)))),((18,19),(20,21))),(22,23)),24); -124194  -4.19022 211.774 85.1429 34.1786 -124351 0.238348 0.260489 0.187702 0.313461  0.358307  0.163459  0.114549 0.0343385  0.302075 0.0272703
(1,(((2,3),((((4,5),(6,7)),(8,(9,10))),(((11,12),(13,14)),((15,(16,17)),(18,(19,20)))))),((21,22),23)),24); -124303  -8.49979 217.686 85.0789 37.0732 -124465 0.241704 0.256562 0.187999 0.313735  0.36643  0.16571  0.10761 0.036536   0.3008 0.022915
(1,(((2,3),((((4,5),(6,7)),((8,(9,10)),(11,12))),((((13,14),15),(16,17)),((18,19),(20,21))))),(22,23)),24); -124381  -5.99433 217.523 85.1126 37.8043 -124546 0.241734 0.255848 0.187182 0.315236  0.359345  0.159861  0.109007   0.03894   0.30903 0.0238164
(1,2,((3,4),(((5,6),((((7,8),(9,10)),(11,(12,13))),(((14,15),(16,17)),((18,19),(20,(21,22)))))),(23,24)))); -124447  -14.4273 212.8 84.9379 37.7692 -124598 0.244413 0.256716 0.183592 0.315279  0.359587  0.160156  0.114599 0.0385811  0.302586 0.0244891
(1,(((2,3),4),(((((5,6),(7,8)),((9,10),11)),((12,13),((14,15),(16,17)))),(((18,19),(20,21)),(22,23)))),24); -124416  -12.2869 217.369 85.03 31.1131 -124567  0.25221 0.256743 0.184227 0.306821  0.363056  0.166173  0.109365 0.0344422  0.303977 0.0229878
(1,((((2,3),(4,5)),(((6,7),(8,(9,10))),(((11,12),((13,14),15)),((16,(17,18)),(19,20))))),((21,22),23)),24); -124525  -9.2976 210.536 84.9184 35.7111 -124677 0.247271 0.257762 0.187275 0.307693  0.365375  0.154837  0.110114 0.0385311  0.306753 0.0243901
(1,((((2,3),(4,5)),(((6,(7,8)),((9,10),11)),(((12,(13,14)),(15,(16,17))),((18,19),(20,21))))),(22,23)),24); -124582  -10.5851 218.407 84.7048 34.7948 -124740 0.244299 0.253321 0.188232 0.314147   0.35542  0.167522  0.108347 0.0365333  0.306971 0.0252067
(1,(((((((2,3),4),(5,6)),((7,8),(9,10))),(((11,12),(13,14)),(15,(16,17)))),((18,19),(20,21))),(22,23)),24); -124193  -1.0781 196.937 84.429 33.9994 -124338 0.248016 0.258697 0.183074 0.310213  0.361771  0.158629  0.106239    0.0335   0.31435 0.0255107
(1,(((((((2,3),4),(5,6)),((7,8),(9,10))),(((11,12),(13,14)),(15,(16,17)))),((18,19),(20,21))),(22,23)),24); -124175  -1.0781 213.888 85.4005 35.1893 -124337 0.240147 0.252659 0.187238 0.319956  0.365401   0.15737  0.104392 0.0364587  0.311297 0.0250813
(1,((((((2,3),(4,5)),((6,7),(8,(9,10)))),(((11,12),(13,14)),(15,(16,17)))),((18,19),(20,21))),(22,23)),24); -124181  -4.19022 214.048 85.0236 39.6809 -124346 0.241625 0.257418 0.186386 0.314571  0.365972  0.158757  0.108986 0.0358338  0.307193 0.0232576
(1,(2,((((3,4),(5,(6,7))),(((8,(9,10)),(11,12)),((((13,14),15),(16,17)),((18,19),(20,21))))),(22,23))),24); -124591  -7.98454 222.889 84.9393 36.7782 -124758 0.241834 0.252276 0.189538 0.316352  0.361757  0.157878  0.116211 0.0352096  0.303155 0.0257894
(1,(2,((3,4),((((5,6),(7,8)),(((9,10),11),(((12,(13,14)),((15,16),17)),((18,19),20)))),((21,22),23)))),24); -124891  -18.9733 223.027 84.7956 38.8353 -125049 0.242984 0.255266 0.183866 0.317883  0.367002  0.158467  0.109562 0.0366987  0.304958 0.0233116
(1,(((((((2,3),4),(5,6)),((7,8),(9,10))),(((11,12),(13,14)),(15,(16,17)))),((18,19),(20,21))),(22,23)),24); -124169  -1.0781 217.093 84.8844 38.5431 -124338   0.2438 0.258557 0.184203 0.313439   0.36194  0.162657  0.106394 0.0361855  0.308641  0.024183
(1,((((((2,3),(4,5)),(((6,7),8),(9,10))),(((11,12),(13,14)),(15,(16,17)))),((18,19),(20,21))),(22,23)),24); -124179  -4.30388 217.835 85.0774 36.7326 -124345 0.246372  0.25331 0.184251 0.316066  0.365689  0.156709  0.108004 0.0345354  0.311364 0.0236994
(1,(((((((2,3),4),(5,6)),((7,8),(9,10))),(((11,12),(13,14)),(15,(16,17)))),((18,19),(20,21))),(22,23)),24); -124170  -1.0781 219.787 85.1147 36.6044 -124340 0.239351 0.257541 0.184829 0.318279  0.368439  0.154421  0.114083 0.0341506  0.305483 0.0234245
(1,((((2,3),4),((((5,6),(7,8)),((9,10),(11,12))),((((13,14),15),(16,17)),((18,19),(20,21))))),(22,23)),24); -124267  -5.57104 212.405 85.0187 36.297 -124425 0.242077 0.258198 0.188229 0.311495  0.371618  0.162147  0.102479 0.0370094  0.303245 0.0235011
(1,(((((((2,3),4),(5,6)),((7,8),(9,10))),(((11,12),(13,14)),(15,(16,17)))),((18,19),(20,21))),(22,23)),24); -124162  -1.0781 221.873 84.9592 37.4813 -124336 0.247248 0.257575 0.183165 0.312013  0.371532  0.159369  0.106307 0.0348256  0.303453 0.0245137
(1,((((((2,(3,4)),(5,(6,7))),(8,(9,10))),(((11,12),(13,14)),(15,(16,17)))),((18,19),(20,21))),(22,23)),24); -124451  -10.1517 213.346 84.7555 38.5165 -124608 0.244289 0.256682 0.186997 0.312033  0.363882  0.160942  0.108822 0.0350785  0.304524 0.0267523
