tree logl logTop logBL logPrior logQ logWt pi1 pi2 pi3 pi4 s1 s2 s3 s4 s5 s6
(1,((2,3),4),((((((5,6),8),9),10),7),(((((((11,(16,18)),((12,(13,14)),(17,26))),((15,(19,24)),(22,23))),21),20),25),27))); -6902.46  -0.836962 256.994 113.303 26.8387 -7072.15 0.234281    0.221 0.307053 0.237666  0.078874  0.133397 0.0693104  0.238104  0.372714  0.107601
(1,((2,3),4),((((((5,6),8),9),10),7),(((((((11,(16,18)),((12,(13,14)),(17,26))),((15,(19,24)),(22,23))),21),20),25),27))); -6914.87  -0.836962 250.269 113.185 25.3947 -7076.52 0.231383 0.228201 0.299775 0.240642 0.0955122  0.130926 0.0851953  0.222654  0.354371  0.111341
(1,((2,3),4),((((((5,6),8),9),10),7),(((((((11,(16,18)),((12,(13,14)),(17,26))),((15,(19,24)),(22,23))),21),20),25),27))); -6897.06  -0.836962 262.858 113.314 29.0957 -7074.87 0.234871 0.243323 0.297625 0.224181 0.0735354  0.136509 0.0715928  0.240538  0.367896  0.109929
(1,((2,3),4),((((((5,6),8),9),10),7),(((((((11,(16,18)),((12,(13,14)),(17,26))),((15,(19,24)),(22,23))),21),20),25),27))); -7097.15  -0.836962 256.621 113.866 28.2163 -7267.29 0.217401 0.249998 0.306203 0.226399 0.0709997  0.146555 0.0769792  0.241911   0.35217  0.111385
(1,((2,3),4),((((((5,6),8),9),10),7),(((((((11,(16,18)),((12,(13,14)),(17,26))),((15,(19,24)),(22,23))),21),20),25),27))); -6913.28  -0.836962 245.947 113.568 23.5747 -7068.39 0.231457  0.22678 0.292134 0.249629 0.0875613   0.13237  0.065579  0.249238  0.366805 0.0984472
(1,(2,(3,4)),((((((5,6),8),9),10),7),((((((11,(16,18)),((((12,(13,14)),(17,26)),23),((15,(19,22)),24))),21),20),25),27))); -6928.74  -6.0882 231.684 112.958 30.5686 -7071.94 0.235213 0.238044 0.298145 0.228598 0.0784696   0.14049 0.0885746  0.238075  0.346717  0.107674
(1,((2,3),4),((((((5,6),8),9),10),7),(((((((11,(16,18)),((12,(13,14)),(17,26))),((15,(19,24)),(22,23))),21),20),25),27))); -6893.89  -0.836962 255.221 113.802 28.1378 -7062.61  0.24014 0.237261 0.285507 0.237092 0.0849226  0.132281 0.0787664  0.229016  0.369995  0.105019
(1,((2,3),4),((((((5,6),8),9),10),7),(((((((11,(16,18)),((12,(13,14)),(17,26))),((15,(19,24)),(22,23))),21),20),25),27))); -6890.41  -0.836962 261.455 113.34 30.468 -7068.16 0.229328 0.250872 0.296989 0.222811 0.0810783  0.139503  0.080374  0.238261  0.350569  0.110215
(1,(2,(3,4)),((((((5,6),8),9),10),7),(((((((11,(16,18)),((12,(13,14)),(17,26))),((15,(19,24)),(22,23))),21),20),25),27))); -6888.75  -2.51039 258.149 113.512 23.7022 -7054.57 0.245023 0.244995 0.292259 0.217722 0.0654886  0.137297 0.0728121  0.259621  0.344908  0.119873
(1,((2,3),4),((((((5,6),8),9),10),7),((((((11,(16,18)),21),((((12,(13,14)),(17,26)),23),((15,(19,22)),24))),20),25),27))); -6926.98  -3.36618 250.87 113.67 27.2728 -7088.08 0.217731 0.247505 0.315613 0.219152 0.0815869  0.126034 0.0819838  0.251672  0.344454  0.114268
(1,(2,(3,4)),((((((5,6),8),9),10),7),(((((((11,(16,18)),((12,(13,14)),(17,26))),((15,(19,24)),(22,23))),21),20),25),27))); -6897.9  -2.51039 246.818 113.321 28.7287 -7057.62 0.226834   0.2569 0.298903 0.217363 0.0753736  0.140026 0.0760003  0.243562  0.361144  0.103895
(1,((2,3),4),((((((5,6),8),9),10),7),((((((11,(16,18)),21),((((12,(13,14)),(17,26)),23),((15,(19,22)),24))),20),25),27))); -6930.08  -3.36618 260.739 113.297 27.1566 -7101.31 0.247822 0.224457 0.303274 0.224447 0.0841739  0.132193 0.0840114  0.230353  0.350641  0.118627
(1,((2,3),4),((((((5,6),8),9),10),7),(((((((11,(16,18)),((12,(13,14)),(17,26))),((15,(19,24)),(22,23))),21),20),25),27))); -6926.06  -0.836962 250.371 112.814 26.9333 -7089.72 0.226613 0.258812 0.285812 0.228763 0.0794171  0.132004 0.0917703  0.239548  0.358683 0.0985783
(1,((2,3),4),((((((5,6),8),9),10),7),(((((((11,(16,18)),((12,(13,14)),(17,26))),((15,(19,24)),(22,23))),21),20),25),27))); -6946.93  -0.836962 252.057 113.594 28.8015 -7113.35 0.238064 0.229927 0.297926 0.234084 0.0811955  0.136741 0.0753002  0.238101  0.347901  0.120761
(1,((2,3),4),((((((5,6),8),9),10),7),(((((((11,(16,18)),((12,(13,14)),(17,26))),((15,(19,24)),(22,23))),21),20),25),27))); -6922.16  -0.836962 247.21 113.846 26.3733 -7081.06 0.221556 0.220221 0.319934 0.238289  0.070936  0.129541 0.0800423  0.253788  0.358464  0.107229
(1,((2,3),4),((((((5,6),8),9),10),7),((((((((11,16),18),((12,(13,14)),(17,26))),((15,(19,24)),(22,23))),21),20),25),27))); -6987.63  -7.00667 264.548 113.782 28.9327 -7160.32 0.244792 0.238572  0.28302 0.233616 0.0798913  0.139261 0.0857551  0.239431  0.343423  0.112238
(1,((2,3),4),((5,6),((((7,(((((((11,(16,18)),((12,(13,14)),(17,26))),((15,(19,24)),(22,23))),21),20),25),27)),10),9),8))); -6920.08  -3.83696 250.43 112.995 29.612 -7083.29 0.227777 0.249033  0.28525 0.237941 0.0773178  0.131711 0.0803726  0.249598  0.354876  0.106124
(1,((2,3),4),((((((5,6),8),9),10),7),((((((11,(16,18)),21),((((12,(13,14)),(17,26)),23),((15,(19,22)),24))),20),25),27))); -6926.04  -3.36618 255.541 113.477 28.3726 -7093.11 0.234984 0.252166  0.27741  0.23544 0.0804898   0.13178 0.0825558  0.237528  0.357029  0.110617
(1,((2,3),4),((((((5,6),8),9),10),7),(((((((11,(16,18)),((12,(13,14)),(17,26))),((15,(19,24)),(22,23))),21),20),25),27))); -6915.55  -0.836962 256.775 113.436 28.7775 -7086.83 0.213217 0.239796 0.305398 0.241589 0.0799461  0.135482 0.0826232  0.240255  0.347066  0.114628
(1,((2,3),4),((((((5,6),8),9),10),7),((((((11,(16,18)),(((12,(13,14)),(17,26)),((15,(19,24)),(22,23)))),21),20),25),27))); -6967.9  -5.15009 261.443 113.27 28.4879 -7139.41 0.235393 0.235081 0.290658 0.238868 0.0797506  0.124694 0.0905622    0.2395  0.359555  0.105939
