tree logl logTop logBL logPrior logQ logWt pi1 pi2 pi3 pi4 s1 s2 s3 s4 s5 s6
(1,2,(3,4)); -3729.78  0 21.776 8.28885 22.0452 -3765.32  0.26893 0.216976 0.180394   0.3337  0.110141  0.240436  0.149254 0.0329411  0.436778 0.0304495
(1,2,(3,4)); -3728.77  0 18.6986 8.72793 25.1433 -3763.89  0.26197 0.226064 0.186316  0.32565   0.09767  0.215367  0.121451 0.0246404   0.51858 0.0222918
(1,2,(3,4)); -3727.51  0 20.6654 8.27033 25.1133 -3765.01 0.265004 0.244072  0.16982 0.321104 0.0858074  0.226461  0.144188 0.0419381  0.474479 0.0271264
(1,2,(3,4)); -3729.5  0 20.7926 8.28073 22.0569 -3764.07 0.268092 0.232317 0.201876 0.297715 0.0989028  0.257176  0.138513 0.0373259  0.450641 0.0174417
(1,2,(3,4)); -3726.53  0 20.2529 8.30734 25.755 -3764.23 0.260911 0.238029 0.178565 0.322496 0.0761413  0.272299   0.11425 0.0395464  0.486167 0.0115959
(1,2,(3,4)); -3728.14  0 19.7463 8.26974 24.0169 -3763.64 0.258863 0.231276 0.188071 0.321791 0.0512876  0.214488   0.12279 0.0293702  0.570319 0.0117447
(1,2,(3,4)); -3728.74  0 20.6212 8.41735 21.9554 -3762.9 0.254432 0.226476 0.167677 0.351415  0.0729564   0.213606   0.143847   0.048594   0.512841 0.00815575
(1,2,(3,4)); -3734.8  0 19.8002 8.24759 19.3628 -3765.71 0.234533 0.231286 0.203814 0.330367 0.0967694  0.237513  0.133654 0.0451067  0.471454 0.0155027
(1,2,(3,4)); -3729.77  0 21.324 8.50347 24.296 -3766.89 0.268017 0.240902 0.170913 0.320167 0.0810071   0.25874  0.111973 0.0524405  0.478366 0.0174738
(1,2,(3,4)); -3730.35  0 20.5172 8.44356 21.9883 -3764.41 0.267485 0.217785 0.189965 0.324765 0.0709422  0.251629  0.157333 0.0654348  0.437118 0.0175428
(1,2,(3,4)); -3725.92  0 20.7481 8.55985 24.6013 -3762.71 0.278834 0.219879 0.180261 0.321026  0.0612527   0.248177   0.178793  0.0342983   0.468797 0.00868181
(1,2,(3,4)); -3728.48  0 22.3654 8.40007 22.5225 -3764.97 0.275391 0.220103 0.174899 0.329607  0.104106  0.178728  0.140733 0.0357241  0.529008 0.0117019
(1,2,(3,4)); -3726.75  0 20.8663 8.6594 24.244 -3763.2  0.26452 0.229902 0.170674 0.334905 0.0906576  0.225574  0.120509 0.0253589  0.506953 0.0309478
(1,2,(3,4)); -3730.26  0 17.6718 8.0011 25.0328 -3764.96 0.26863   0.234 0.18133 0.31604 0.0923438  0.212849  0.160899 0.0351612  0.468582 0.0301652
(1,2,(3,4)); -3725.35  0 21.6655 8.41143 25.2753 -3763.88 0.274181 0.219317 0.189582  0.31692 0.0840881  0.219868  0.169792 0.0235673  0.490277 0.0124065
(1,2,(3,4)); -3726.76  0 18.5741 8.07703 26.1362 -3763.39 0.262965 0.230537 0.182737 0.323761 0.0684789  0.216453  0.120991 0.0351884  0.548574 0.0103153
(1,2,(3,4)); -3726.95  0 21.5516 8.19209 23.1105 -3763.42 0.267731 0.230773 0.171141 0.330355 0.0569876   0.25886  0.119578 0.0150303  0.525427 0.0241168
(1,2,(3,4)); -3732.38  0 20.5468 8.21985 21.8722 -3766.58 0.271639 0.244601 0.164733 0.319026 0.0704112  0.260864  0.130479 0.0417518  0.457375 0.0391197
(1,2,(3,4)); -3728.06  0 20.39 8.55998 25.0051 -3764.9 0.266255 0.233234 0.165493 0.335019  0.066603   0.23307  0.177019 0.0336831  0.475609 0.0140169
(1,2,(3,4)); -3728.13  0 21.332 8.40501 22.6122 -3763.67 0.269045 0.225483 0.174637 0.330835 0.0845412  0.181597  0.119591 0.0444792  0.559112 0.0106795
(1,2,(3,4)); -3726.77  0 21.6531 8.49823 24.0406 -3763.97  0.27787 0.233938 0.163931 0.324262 0.0570905  0.268725  0.148861 0.0424183  0.472714 0.0101915
(1,2,(3,4)); -3731  0 19.9351 8.42559 21.1756 -3763.68 0.268858 0.244534 0.194334 0.292274 0.0656385  0.231122  0.125223 0.0252765  0.518364 0.0343761
(1,2,(3,4)); -3728.49  0 20.7466 8.29935 22.8741 -3763.81 0.260592 0.237127  0.16851  0.33377 0.0633537  0.249429  0.147373  0.020223  0.482006 0.0376149
(1,2,(3,4)); -3732.04  0 17.3276 8.45492 21.8048 -3762.72 0.256007 0.231327 0.204223 0.308443   0.05125  0.265641  0.140474 0.0200618  0.510149  0.012424
(1,2,(3,4)); -3730.41  0 20.161 8.62308 23.0195 -3764.97  0.27733  0.21042 0.189753 0.322498 0.0746344  0.258973  0.130507 0.0439303  0.464406  0.027549
(1,2,(3,4)); -3725.45  0 21.1556 8.6126 26.0782 -3764.07 0.274036 0.232294 0.173869 0.319801 0.0835572  0.244828  0.151151 0.0285908   0.46438 0.0274927
(1,2,(3,4)); -3729  0 16.9487 8.25805 26.281 -3763.97 0.258653   0.2239 0.195757  0.32169 0.0712688  0.239404  0.133821 0.0342514  0.504421 0.0168334
(1,2,(3,4)); -3726.04  0 19.7431 8.15397 26.0791 -3763.7 0.258108 0.230527 0.178982 0.332382 0.0857819  0.204981  0.138575 0.0408923  0.514478 0.0152922
(1,2,(3,4)); -3724.93  0 22.0605 8.39134 24.9728 -3763.58 0.260562 0.223953 0.185382 0.330103  0.0687668    0.27848   0.124622  0.0224882   0.496865 0.00877737
(1,2,(3,4)); -3729.95  0 19.8014 8.29058 22.9869 -3764.45 0.276961 0.225681  0.17276 0.324598 0.0495763  0.275233  0.144628 0.0501928  0.458391 0.0219789
(1,2,(3,4)); -3728.09  0 19.5355 8.42002 24.9523 -3764.15 0.248506 0.246528 0.174201 0.330766 0.0839892  0.220046  0.143123 0.0343792  0.498161 0.0203017
(1,2,(3,4)); -3729.42  0 18.7551 8.28112 23.9599 -3763.86  0.28942 0.215742 0.168622 0.326216 0.0768576  0.242665  0.154792 0.0383761  0.475345 0.0119637
(1,2,(3,4)); -3727.71  0 17.4078 8.62922 25.8613 -3762.35 0.263361 0.229884 0.171821 0.334934 0.0645318  0.209356  0.158702 0.0274852   0.52631 0.0136152
(1,2,(3,4)); -3725.49  0 20.158 8.42073 26.7415 -3763.97 0.272792 0.233548 0.176802 0.316858 0.0705819  0.228564  0.157426  0.044976  0.479575 0.0188767
(1,2,(3,4)); -3726.5  0 20.6852 8.51613 25.902 -3764.57  0.25887 0.240733 0.170647  0.32975 0.0890139   0.22657  0.151956 0.0300811  0.481031 0.0213478
(1,2,(3,4)); -3728.43  0 19.0607 8.69785 24.3267 -3763.12 0.281662 0.234974 0.159462 0.323902 0.0903566  0.226546  0.149446 0.0311858  0.488209 0.0142563
(1,2,(3,4)); -3725.04  0 21.8687 8.54654 25.825 -3764.19 0.282049  0.23258 0.180386 0.304986 0.0760883  0.221158  0.136926 0.0400647  0.515134 0.0106299
(1,2,(3,4)); -3729.47  0 21.7827 8.53431 20.649 -3763.37 0.250315 0.243626 0.187862 0.318197 0.0481249  0.198738  0.135936 0.0362666  0.545891 0.0350434
(1,2,(3,4)); -3731.6  0 20.4221 8.249 20.948 -3764.72 0.281725 0.241227 0.176889 0.300159 0.0936108  0.197168  0.105607 0.0271616  0.563821 0.0126319
(1,2,(3,4)); -3727.69  0 20.788 8.25036 23.3204 -3763.55 0.266897 0.235774 0.190471 0.306858  0.0763817   0.231539   0.171355  0.0146902    0.49786 0.00817455
(1,2,(3,4)); -3733.88  0 20.5511 8.3168 18.0572 -3764.17 0.265524 0.225084  0.20307 0.306322 0.0434004  0.202653  0.141421 0.0175699  0.569814 0.0251414
(1,2,(3,4)); -3731.14  0 17.3049 8.39165 25.2984 -3765.35 0.280877 0.236073  0.18154 0.301509 0.0760633   0.20802  0.153486 0.0384919  0.505834 0.0181041
(1,2,(3,4)); -3725.67  0 21.6413 8.56506 24.8828 -3763.63 0.247595 0.233865 0.180902 0.337638 0.0907247  0.212753  0.146609 0.0272978  0.505507 0.0171085
(1,2,(3,4)); -3726.61  0 21.5733 8.38672 23.8832 -3763.68 0.261427 0.247946 0.192303 0.298325 0.0749223  0.215166   0.13882 0.0359045  0.524772 0.0104163
(1,2,(3,4)); -3723.35  0 23.0785 8.46364 26.2763 -3764.24 0.270883 0.222844 0.188543  0.31773 0.0619389  0.241086  0.152735 0.0307952  0.488728 0.0247164
(1,2,(3,4)); -3728.91  0 22.6856 8.33124 21.3258 -3764.59 0.269748 0.257647 0.170281 0.302325 0.0481673  0.233982  0.132929 0.0361219   0.52378 0.0250197
(1,2,(3,4)); -3728.65  0 20.2198 8.2772 24.3616 -3764.95 0.260133 0.226921 0.183704 0.329242 0.0810981  0.264468  0.100904 0.0239748   0.51733 0.0122253
(1,2,(3,4)); -3725.66  0 21.205 8.2439 25.405 -3764.02 0.259979 0.245296 0.182305  0.31242 0.0768201  0.236535  0.114998 0.0404035  0.508865 0.0223791
(1,2,(3,4)); -3734.3  0 22.5538 8.48003 18.4251 -3766.8 0.246099 0.229447 0.199164 0.325289   0.102652   0.195826   0.162289  0.0584924   0.473659 0.00708228
(1,2,(3,4)); -3725.76  0 20.5387 8.41587 25.9122 -3763.8 0.257922 0.227485 0.188423  0.32617 0.0801714  0.236591  0.123647 0.0435057  0.493363 0.0227223
(1,2,(3,4)); -3726.1  0 22.4178 8.32544 23.9592 -3764.15 0.258531 0.223048 0.185324 0.333098 0.0605921  0.254435  0.109543 0.0209183  0.540047 0.0144641
(1,2,(3,4)); -3727.37  0 22.1009 8.45564 22.373 -3763.38 0.265179 0.231449  0.18287 0.320502  0.108614  0.198439  0.104953 0.0243298  0.543102 0.0205618
(1,2,(3,4)); -3726.25  0 20.4426 8.32001 24.8517 -3763.23 0.264134 0.218007 0.194424 0.323434   0.068244   0.268717   0.144166  0.0385674   0.470573 0.00973183
(1,2,(3,4)); -3725.85  0 21.212 8.42155 25.8236 -3764.47 0.274556 0.230583 0.171343 0.323518 0.0861154  0.255539  0.138359 0.0448053  0.457887 0.0172945
(1,2,(3,4)); -3727.14  0 19.4924 8.30853 24.7597 -3763.08  0.26527 0.236908 0.177053 0.320769 0.0648066  0.192053  0.140652 0.0503062  0.537602 0.0145797
(1,2,(3,4)); -3726.05  0 22.3647 8.36493 23.7778 -3763.83  0.28247 0.226016 0.175901 0.315612 0.0845015  0.286915  0.110286  0.026195  0.481197 0.0109055
(1,2,(3,4)); -3727.88  0 18.6408 8.50198 25.7882 -3763.8 0.266115 0.229986 0.177399   0.3265 0.0588565  0.251091  0.152438 0.0187017  0.496572 0.0223408
(1,2,(3,4)); -3731.37  0 17.0467 8.65536 23.4276 -3763.19 0.252099 0.231673 0.196241 0.319987 0.0546634  0.252902  0.127373 0.0294454  0.505623 0.0299923
(1,2,(3,4)); -3732.8  0 18.0494 8.1837 19.4382 -3762.11 0.263545 0.244723 0.188232   0.3035  0.0775207   0.284754  0.0953161  0.0251501    0.51282 0.00443918
(1,2,(3,4)); -3726.98  0 21.4545 8.36618 24.821 -3764.89 0.266406 0.229149 0.175772 0.328673 0.0805883  0.249152  0.102915 0.0413191  0.502486 0.0235404
(1,2,(3,4)); -3727.36  0 21.595 8.36304 23.9955 -3764.59 0.259115 0.215301  0.19912 0.326464  0.0889446   0.227102   0.146647  0.0267614   0.500556 0.00998916
(1,2,(3,4)); -3735.03  0 14.1946 8.66305 23.9088 -3764.47 0.253621 0.227327 0.195145 0.323906 0.0647043  0.250942  0.155071 0.0488814   0.45813 0.0222715
(1,2,(3,4)); -3731.75  0 16.9647 8.04495 25.0211 -3765.69 0.258343 0.252402 0.176814 0.312441 0.0882751  0.229506  0.130201 0.0259294  0.505683 0.0204062
(1,2,(3,4)); -3729.02  0 19.437 8.21214 24.8133 -3765.06 0.272088  0.22694 0.185121 0.315851 0.0865687  0.217564  0.138216 0.0436579  0.481224   0.03277
(1,2,(3,4)); -3727.69  0 20.7385 8.19339 23.6546 -3763.89 0.269469 0.247743 0.182802 0.299985 0.0855596  0.212623  0.141265  0.020983  0.514048 0.0255213
(1,2,(3,4)); -3735.95  0 19.971 8.58771 20.054 -3767.39 0.282897 0.209863 0.190448 0.316792 0.0927496  0.189309  0.133741  0.050918  0.505453 0.0278296
(1,2,(3,4)); -3729  0 21.8778 8.37906 22.8996 -3765.4 0.250078 0.237711  0.18987 0.322342 0.0738182  0.235319  0.136044 0.0641112  0.469405 0.0213026
(1,2,(3,4)); -3724.42  0 18.9549 8.27146 26.6581 -3761.77  0.25696 0.234639  0.19346 0.314941 0.0711743  0.234795  0.137138 0.0342958  0.506087 0.0165093
(1,2,(3,4)); -3730.94  0 15.5637 7.90663 25.2361 -3763.84 0.277702 0.221025 0.172054  0.32922  0.066066  0.266843   0.15694 0.0355051  0.463743 0.0109024
(1,2,(3,4)); -3725.26  0 22.5673 8.34689 23.7481 -3763.23 0.277321 0.221918  0.18628 0.314482  0.041552  0.251496   0.14412 0.0340731  0.516819 0.0119398
(1,2,(3,4)); -3729.14  0 22.0106 8.25285 21.2918 -3764.19 0.259313 0.244666 0.199278 0.296743 0.0584972  0.222657  0.129239 0.0266761  0.534438 0.0284929
(1,2,(3,4)); -3725.42  0 20.8935 8.47778 25.754 -3763.59 0.261595 0.234798 0.170722 0.332885 0.0878022  0.233859  0.123624 0.0325597  0.497693  0.024462
(1,2,(3,4)); -3728.4  0 19.4976 8.74813 25.5024 -3764.65 0.273425 0.228654 0.181322 0.316599 0.0698685  0.223108  0.187517 0.0294347  0.469871 0.0202008
(1,2,(3,4)); -3731.56  0 17.3552 8.5685 23.2811 -3763.62 0.259896 0.251568 0.169336   0.3192 0.0692317  0.225792  0.138245 0.0574509  0.487416 0.0218653
(1,2,(3,4)); -3725.26  0 19.2409 8.18815 25.9704 -3762.29 0.260208 0.238796 0.184773 0.316223  0.0877291   0.241292   0.139603  0.0303242   0.494677 0.00637511
(1,2,(3,4)); -3734.95  0 19.3297 8.24256 18.3359 -3764.37   0.2398 0.244313 0.180071 0.335816 0.0840508  0.211052  0.169458 0.0231604  0.468153 0.0441259
(1,2,(3,4)); -3725.06  0 20.5879 8.70087 27.128 -3764.08 0.276389 0.228485 0.179249 0.315877 0.0761487  0.218623  0.153532 0.0315948  0.499546 0.0205555
(1,2,(3,4)); -3725.88  0 21.1998 8.47079 24.5252 -3763.14 0.271508 0.243438 0.186452 0.298602  0.0672211   0.241434   0.142406  0.0310778   0.511257 0.00660445
(1,2,(3,4)); -3728.97  0 19.7013 8.31473 24.6872 -3765.04 0.255163 0.249629  0.18221 0.312998 0.0802689  0.198679  0.153959 0.0388237  0.514093 0.0141756
(1,2,(3,4)); -3725.16  0 20.9744 8.41149 26.2536 -3763.98 0.266399 0.218257 0.178248 0.337096 0.0657584  0.234653  0.144767 0.0265329  0.511258 0.0170313
(1,2,(3,4)); -3724.57  0 21.0931 8.12092 27.195 -3764.74 0.270018 0.228343 0.186716 0.314923 0.0675363  0.221947    0.1554 0.0277567  0.513203 0.0141565
(1,2,(3,4)); -3726.98  0 21.3918 8.16272 23.9579 -3764.17 0.256451 0.250708 0.186562 0.306279  0.052941  0.231772  0.159127 0.0287502    0.5153 0.0121102
(1,2,(3,4)); -3727.12  0 20.7993 8.39417 24.4011 -3763.93 0.281951 0.215447 0.191758 0.310843 0.0651426  0.248987  0.140385 0.0404949  0.483799 0.0211915
(1,2,(3,4)); -3725.82  0 21.7775 8.39348 24.5256 -3763.73 0.267911 0.237984 0.173803 0.320303    0.10375   0.243484   0.147209   0.018009   0.478097 0.00945129
(1,2,(3,4)); -3727.1  0 19.7179 8.08628 24.9315 -3763.66 0.261672 0.249115 0.179044 0.310169 0.0634293  0.204387  0.145692 0.0333516    0.5315 0.0216412
(1,2,(3,4)); -3727.61  0 18.8364 8.52274 25.363 -3763.28 0.277842 0.228225 0.172582  0.32135  0.085359  0.239415  0.173618 0.0357485  0.455051 0.0108079
(1,2,(3,4)); -3726.72  0 22.2127 8.52168 24.8879 -3765.3 0.278304 0.241295 0.173223 0.307177 0.0746581  0.207571   0.12455 0.0389517  0.535128 0.0191414
(1,2,(3,4)); -3733.46  0 17.5679 8.68484 22.2981 -3764.64 0.270277 0.241748 0.186051 0.301925 0.0565541  0.235129  0.190583 0.0462391  0.461209 0.0102859
(1,2,(3,4)); -3730.23  0 17.156 8.42971 25.172 -3764.13 0.273621 0.227128 0.175354 0.323897 0.0914372  0.197424  0.146967 0.0270303  0.511331 0.0258108
(1,2,(3,4)); -3728.3  0 20.107 8.31494 23.7547 -3763.85 0.270019  0.22227 0.185666 0.322045  0.105336  0.258476   0.12184 0.0467542  0.451413 0.0161812
(1,2,(3,4)); -3727.11  0 19.7379 8.27996 24.8965 -3763.46 0.272169 0.222785 0.189626 0.315419 0.0627438  0.207247  0.149202 0.0250345   0.52916 0.0266127
(1,2,(3,4)); -3727.96  0 22.4109 8.43455 22.1934 -3764.13 0.256791 0.237066 0.199296 0.306848 0.0828142  0.222945  0.109647 0.0211763  0.541295 0.0221225
(1,2,(3,4)); -3729.88  0 21.9769 8.54485 21.6607 -3764.97 0.242097 0.222455 0.192547 0.342901  0.077449  0.226325   0.17925 0.0339337  0.471338 0.0117052
(1,2,(3,4)); -3724.88  0 21.9959 8.49664 25.2543 -3763.64 0.270836 0.242804 0.170805 0.315555 0.0808925   0.19387    0.1485 0.0362707  0.527314 0.0131526
(1,2,(3,4)); -3732.4  0 18.9603 8.55741 22.9429 -3765.75 0.283019 0.220771 0.164433 0.331777 0.0811791  0.229707  0.144365  0.042734  0.472029 0.0299855
(1,2,(3,4)); -3730.25  0 19.08 8.33289 22.6729 -3763.67 0.277508 0.212777 0.172832 0.336884  0.0938417   0.238639   0.124591  0.0426856    0.49332 0.00692195
(1,2,(3,4)); -3728.94  0 19.9456 8.13613 23.79 -3764.54 0.259312 0.257735  0.16469 0.318263 0.0774123  0.245508  0.147085 0.0287752  0.489663 0.0115561
(1,2,(3,4)); -3729.81  0 19.2417 8.3516 23.9172 -3764.62 0.258038 0.242529 0.163408 0.336026 0.0768028  0.241067  0.158531 0.0252312  0.473926 0.0244429
(1,2,(3,4)); -3733.79  0 15.3474 8.93947 23.3824 -3763.58 0.275832 0.214407  0.18203 0.327731 0.0993924  0.269827  0.150032  0.029997  0.439792 0.0109604
(1,2,(3,4)); -3728.3  0 19.9156 8.13121 23.8163 -3763.9  0.27106 0.236754 0.174163 0.318023 0.0897999  0.187643  0.119041 0.0391151  0.552399 0.0120015
(1,2,(3,4)); -3729.24  0 20.9258 8.44714 23.2976 -3765.02 0.257119 0.249437 0.188041 0.305403  0.085922  0.253728   0.16524  0.032004  0.441638 0.0214691
(1,2,(3,4)); -3726.89  0 21.7909 8.57837 23.8694 -3763.97 0.263456 0.227568 0.196753 0.312223 0.0453252  0.238629  0.141059 0.0295321  0.525823 0.0196316
(1,2,(3,4)); -3725.48  0 21.666 8.41536 25.8941 -3764.63 0.268111 0.232445 0.170289 0.329155 0.0767342  0.219224  0.157079 0.0459601  0.480308 0.0206953
(1,2,(3,4)); -3729.12  0 19.7551 8.20427 24.6156 -3765.28  0.27621 0.227768 0.174489 0.321533 0.0781935  0.224579  0.145481  0.050609   0.47062 0.0305177
(1,2,(3,4)); -3726.14  0 17.9003 8.06514 27.0619 -3763.04 0.264844 0.228907 0.185049 0.321201 0.0868007  0.227613  0.151252 0.0227212  0.496234   0.01538
(1,2,(3,4)); -3727.96  0 19.2576 8.54033 24.4807 -3763.16 0.258234 0.232787 0.188243 0.320737 0.0720612  0.213984  0.138382 0.0260315  0.512567 0.0369738
(1,2,(3,4)); -3723.66  0 22.0497 8.28407 26.576 -3764 0.272391 0.223137 0.178996 0.325476  0.077486  0.209418  0.144662 0.0254984  0.523293 0.0196421
(1,2,(3,4)); -3730.8  0 17.5359 8.17137 24.2774 -3764.44 0.267307 0.228807 0.181771 0.322115 0.0971869  0.236158  0.166951 0.0284242  0.441851 0.0294287
(1,2,(3,4)); -3724.69  0 21.4675 8.55024 26.5459 -3764.15  0.27525 0.228339 0.179156 0.317255  0.0762443   0.212779   0.135753  0.0392527   0.526271 0.00969879
(1,2,(3,4)); -3726.6  0 21.9801 8.53142 23.4519 -3763.5 0.271937 0.210288 0.191108 0.326667 0.0707353  0.241259  0.151742 0.0250031  0.480285 0.0309748
(1,2,(3,4)); -3726.52  0 20.5448 8.55189 25.9814 -3764.49 0.270294 0.239985  0.17026 0.319461 0.0675668  0.259521  0.149715 0.0274175  0.471517 0.0242627
(1,2,(3,4)); -3730.72  0 22.1697 8.49154 20.1975 -3764.59 0.283585 0.232368 0.167663 0.316384  0.0856368   0.210828   0.128589  0.0729818   0.494331 0.00763291
(1,2,(3,4)); -3728.69  0 19.8409 8.18703 24.7903 -3765.14 0.262109 0.222609 0.187601  0.32768 0.0900761  0.236613  0.177503  0.031849   0.44629 0.0176685
(1,2,(3,4)); -3725.46  0 22.4217 8.3398 24.4572 -3764 0.264101 0.215964  0.18593 0.334006 0.0662833   0.24405  0.141843 0.0283461  0.487052 0.0324248
(1,2,(3,4)); -3725.44  0 21.7837 8.36487 25.0026 -3763.86 0.268223 0.219945 0.185145 0.326686  0.0695137   0.225828   0.170871  0.0478001   0.476385 0.00960172
(1,2,(3,4)); -3724.15  0 21.8438 8.35467 26.6193 -3764.26 0.279116 0.235166 0.170915 0.314803 0.0689992  0.238122  0.128088 0.0295082  0.520507 0.0147754
(1,2,(3,4)); -3728.34  0 20.8853 8.47092 22.4945 -3763.25 0.269181 0.214653 0.199981 0.316185  0.0704257    0.23597   0.164878  0.0202447   0.501754 0.00672743
(1,2,(3,4)); -3730.56  0 19.6094 8.24807 23.897 -3765.82 0.260796 0.227901 0.191063  0.32024 0.0514336  0.263512  0.110398 0.0409037  0.514137 0.0196158
(1,2,(3,4)); -3729.86  0 20.5439 8.28202 22.2511 -3764.38 0.300756  0.22428 0.178601 0.296363 0.0697054  0.229912  0.151072 0.0342494  0.500125 0.0149362
(1,2,(3,4)); -3731.94  0 20.6694 8.44702 19.7676 -3763.93 0.266989  0.22305 0.178549 0.331412 0.0987073  0.305655 0.0972057 0.0201325  0.457565 0.0207354
(1,2,(3,4)); -3726.3  0 17.441 8.50995 26.8165 -3762.04  0.27384 0.227492 0.184026 0.314641 0.0820377  0.227983  0.141257 0.0367593  0.487831 0.0241315
(1,2,(3,4)); -3728.89  0 19.5183 8.31108 24.3101 -3764.41 0.274849 0.222122  0.18978 0.313249  0.056275  0.198814  0.150746 0.0356409  0.546325 0.0121991
(1,2,(3,4)); -3727.56  0 22.073 8.55751 21.8439 -3762.92 0.250247 0.237127 0.184749 0.327877 0.0910491  0.201714  0.147781 0.0143996  0.516272 0.0287839
(1,2,(3,4)); -3729.18  0 19.1485 8.62598 23.0496 -3762.75  0.25974 0.225732 0.175612 0.338916 0.0545948  0.221731  0.147589 0.0598709  0.505897 0.0103172
(1,2,(3,4)); -3726.73  0 20.7399 8.29156 24.7113 -3763.89 0.270572  0.21543 0.175354 0.338644  0.0773193   0.245067   0.144788  0.0440913    0.47973 0.00900456
(1,2,(3,4)); -3730.62  0 19.6778 7.99129 22.1472 -3764.45  0.26729 0.225662 0.161927  0.34512  0.0654981   0.277391   0.127493   0.031152   0.491606 0.00686072
(1,2,(3,4)); -3728.96  0 20.9261 8.2063 22.9338 -3764.61 0.250124 0.246389 0.187356 0.316131 0.0688421  0.212789  0.138789 0.0583459  0.498728 0.0225062
(1,2,(3,4)); -3730.94  0 20.3828 8.46848 20.1595 -3763.01 0.277693 0.240335 0.183252  0.29872  0.0763476   0.269304   0.197824  0.0297613    0.41732 0.00944262
(1,2,(3,4)); -3727.46  0 22.0369 8.4698 23.2579 -3764.28 0.272369 0.226386 0.181155  0.32009  0.054995  0.188196  0.175137 0.0274058  0.528359 0.0259074
(1,2,(3,4)); -3731.71  0 16.7666 8.37089 22.5662 -3762.67 0.279483 0.219084 0.185775 0.315658 0.0981438  0.230436  0.126339 0.0197623  0.491276 0.0340418
(1,2,(3,4)); -3726.81  0 20.4718 8.53351 25.6495 -3764.4 0.273325 0.229716 0.183289 0.313669 0.0784382  0.197018  0.136982 0.0432649  0.523399 0.0208973
(1,2,(3,4)); -3724.99  0 20.5794 8.34513 26.5623 -3763.79  0.26812 0.233671 0.186343 0.311865 0.0771204   0.23466  0.160332 0.0341957  0.470162 0.0235304
(1,2,(3,4)); -3734.13  0 20.1682 8.49926 19.8765 -3765.68 0.270052 0.244659 0.162491 0.322798 0.0536553  0.235766  0.136434 0.0751473  0.482225 0.0167712
(1,2,(3,4)); -3724.76  0 22.2651 8.36588 25.1936 -3763.85 0.259053 0.239163 0.174832 0.326952  0.0639572   0.264887   0.138024  0.0457568   0.479449 0.00792571
(1,2,(3,4)); -3727.17  0 22.3086 8.40836 23.8265 -3764.9 0.273453 0.238759 0.167637 0.320151 0.0905343  0.233416  0.154617  0.054434  0.456694 0.0103048
(1,2,(3,4)); -3725.92  0 19.5533 8.55142 27.1798 -3764.1 0.273148 0.225031 0.175823 0.325998 0.0809602  0.229173  0.133644 0.0357147  0.500635 0.0198729
(1,2,(3,4)); -3722.8  0 22.5364 8.29661 26.7913 -3763.83 0.259737  0.22915 0.185913 0.325199 0.0645134  0.248132  0.134598  0.041123  0.500942 0.0106919
(1,2,(3,4)); -3729.66  0 20.2098 8.54688 22.9573 -3764.28 0.256861 0.248735 0.179402 0.315001 0.0635161   0.20139  0.166171   0.02611  0.509919 0.0328939
(1,2,(3,4)); -3725.34  0 22.7999 8.48865 25.2272 -3764.88 0.252795  0.23889 0.182847 0.325469 0.0618156  0.242519  0.133935 0.0321097   0.49867 0.0309508
(1,2,(3,4)); -3729.04  0 20.2304 8.60781 23.0873 -3763.75 0.275786 0.237128 0.178147 0.308939 0.0703053  0.235109  0.170005  0.019421  0.469107 0.0360534
(1,2,(3,4)); -3733.69  0 19.2365 8.40213 21.9793 -3766.5 0.257854 0.240086  0.16497 0.337089 0.0828441   0.21456  0.163571 0.0536718  0.460446 0.0249076
(1,2,(3,4)); -3725.61  0 20.2502 8.47048 26.3903 -3763.78 0.269414 0.236713 0.175007 0.318866 0.0669932  0.274766  0.122825 0.0260753  0.494678 0.0146624
(1,2,(3,4)); -3728.27  0 21.5163 8.29925 23.0869 -3764.57 0.261411 0.233673 0.163935 0.340981 0.0957354  0.236579  0.114325 0.0381892   0.49231 0.0228617
(1,2,(3,4)); -3733.06  0 20.7785 8.54799 18.7752 -3764.06 0.266836  0.20501 0.175912 0.352242 0.0632621  0.225085  0.114536 0.0272199  0.537378 0.0325198
(1,2,(3,4)); -3724.6  0 22.2976 8.46897 25.8104 -3764.24 0.272867 0.245951 0.168818 0.312364 0.0710765  0.232654  0.159666 0.0261037  0.492943 0.0175568
(1,2,(3,4)); -3728.52  0 20.7507 8.38828 23.0097 -3763.89  0.25502 0.243728 0.174992  0.32626 0.0482999  0.256537  0.177206 0.0402879  0.466927 0.0107412
(1,2,(3,4)); -3724.44  0 21.4231 8.24131 26.2626 -3763.88 0.268106 0.234145  0.18777 0.309979 0.0664143  0.254219  0.123728 0.0325239  0.499352 0.0237629
(1,2,(3,4)); -3724.76  0 22.1018 8.28307 25.8259 -3764.41 0.262057 0.228289 0.188296 0.321358 0.0688104  0.213555  0.129159 0.0486015  0.526349  0.013525
(1,2,(3,4)); -3724.26  0 21.1813 8.2793 26.7389 -3763.9 0.260913 0.226576 0.189094 0.323416 0.0797571  0.235608  0.128459 0.0423923  0.499958 0.0138256
(1,2,(3,4)); -3731.2  0 21.6105 8.297 18.9162 -3763.43  0.28684 0.230793 0.165943 0.316424  0.0655477   0.243341    0.11534 0.00993712   0.556588 0.00924657
(1,2,(3,4)); -3729.96  0 15.8618 8.18411 26.9312 -3764.57 0.271183  0.23687 0.175553 0.316394 0.0610009  0.240878  0.135863 0.0394875  0.502474 0.0202968
(1,2,(3,4)); -3728.03  0 22.0715 8.40411 23.4689 -3765.17 0.254882 0.243654 0.179389 0.322075 0.0708698  0.253367  0.189576 0.0361544  0.439953 0.0100801
(1,2,(3,4)); -3733.86  0 21.0595 8.39355 19.4246 -3765.95 0.264759 0.225651 0.207732 0.301858 0.0661881  0.183664  0.145265 0.0280725  0.550121 0.0266898
(1,2,(3,4)); -3727.83  0 22.5885 8.63845 24.8348 -3766.62 0.263338 0.243437  0.17874 0.314485 0.0647848  0.217624  0.171876 0.0382253  0.479213 0.0282779
(1,2,(3,4)); -3730.31  0 22.2179 8.3177 21.0894 -3765.3 0.269159 0.234624 0.165502 0.330715 0.0449805  0.281175  0.152372 0.0524016  0.451938  0.017133
(1,2,(3,4)); -3726.48  0 22.6573 8.46817 23.6907 -3764.36 0.263788 0.238588 0.197394  0.30023 0.0863986  0.230513  0.157246 0.0225931  0.480819 0.0224302
(1,2,(3,4)); -3724.69  0 21.9931 8.35715 26.5206 -3764.85  0.27196 0.233527 0.172466 0.322047 0.0770116  0.239681  0.133101 0.0469794  0.483253 0.0199737
(1,2,(3,4)); -3727.77  0 20.8734 8.4489 26.6179 -3766.81 0.263752 0.239714 0.178209 0.318325 0.0868025  0.208331  0.148821 0.0271952  0.509349 0.0195015
(1,2,(3,4)); -3731.12  0 14.8331 8.46224 25.9952 -3763.49 0.260705 0.224582 0.181442 0.333272 0.0900408  0.241849  0.128699 0.0229864  0.495844 0.0205809
(1,2,(3,4)); -3727.8  0 18.9035 8.34614 25.6771 -3764.03 0.268311 0.236846 0.177505 0.317338 0.0866564  0.215764  0.126913 0.0494197  0.499351 0.0218968
(1,2,(3,4)); -3732.1  0 21.0236 8.51477 21.8203 -3766.43  0.26654 0.231577 0.168268 0.333615 0.0881771  0.301046  0.127527 0.0352351  0.424648 0.0233664
(1,2,(3,4)); -3732.04  0 20.3442 8.35485 21.8097 -3765.84 0.251966 0.251753 0.174642 0.321639 0.0635104  0.231241   0.16193 0.0486554  0.461643 0.0330197
(1,2,(3,4)); -3730.4  0 22.0019 8.35904 21.9387 -3765.98 0.270095 0.227856 0.200184 0.301866 0.0609692  0.246192  0.125443 0.0597565  0.492735 0.0149041
(1,2,(3,4)); -3728.85  0 19.3128 8.56071 24.9406 -3764.54 0.259622 0.241608  0.17632  0.32245    0.058 0.268954  0.16587 0.028642 0.457284  0.02125
(1,2,(3,4)); -3724.67  0 22.4797 8.42557 24.5694 -3763.3 0.262006 0.223487 0.189676 0.324831  0.0712686   0.213785     0.1616  0.0234062   0.523908 0.00603295
(1,2,(3,4)); -3723.81  0 22.31 8.36339 26.3651 -3764.13 0.251476 0.240593 0.179028 0.328903 0.0679041   0.24149   0.13972 0.0385227  0.493636 0.0187278
(1,2,(3,4)); -3726.77  0 18.6514 8.42537 25.4677 -3762.46 0.264691 0.221159 0.181385 0.332765  0.094219  0.217873  0.120443 0.0294238  0.518819 0.0192227
(1,2,(3,4)); -3732.53  0 21.4926 8.60894 19.4402 -3764.85 0.276853 0.214058 0.183707 0.325382 0.0630422  0.199623  0.138685 0.0394022    0.5069 0.0523473
(1,2,(3,4)); -3729.44  0 17.4342 8.0614 25.1409 -3763.96 0.266954 0.235101 0.184126  0.31382  0.057123  0.203816  0.153436 0.0484908  0.518494 0.0186408
(1,2,(3,4)); -3728.58  0 18.9796 8.55188 24.4965 -3763.5 0.269945 0.244629  0.17468 0.310746  0.0644632   0.262516   0.172017  0.0228626   0.468809 0.00933193
(1,2,(3,4)); -3724.59  0 20.9757 8.54502 26.4013 -3763.42  0.25983 0.241605 0.180822 0.317742  0.0632846   0.254132   0.145371  0.0377177   0.490747 0.00874833
(1,2,(3,4)); -3730.39  0 19.7968 8.14038 23.5107 -3765.55 0.275853  0.24248 0.164497 0.317169 0.0645411  0.283212  0.147151 0.0336523  0.449196 0.0222474
(1,2,(3,4)); -3727.44  0 20.3354 8.43047 26.3448 -3765.69 0.273008  0.22829 0.176471 0.322231 0.0789249  0.211822  0.141595 0.0442443  0.500128 0.0232858
(1,2,(3,4)); -3723.77  0 21.9201 8.35536 26.0878 -3763.42  0.26089 0.247653 0.175175 0.316282 0.0606236  0.239647  0.141215 0.0395266  0.506908 0.0120791
(1,2,(3,4)); -3732.83  0 19.1394 8.31458 21.6622 -3765.32 0.269546 0.238315 0.169788 0.322351 0.0660867  0.290532   0.15635 0.0227487  0.430619 0.0336628
(1,2,(3,4)); -3724.34  0 21.7333 8.52801 26.0433 -3763.59 0.264799 0.220696 0.195704 0.318801 0.0742014  0.248349  0.136869 0.0275346  0.493336 0.0197101
(1,2,(3,4)); -3730.65  0 16.8959 8.33338 24.8101 -3764.02  0.27621  0.22612 0.181095 0.316575 0.0748376  0.238105  0.169126 0.0523012  0.449207  0.016423
(1,2,(3,4)); -3731.87  0 20.8245 8.21805 19.4635 -3763.94 0.257269 0.244535 0.185575 0.312621 0.0370868  0.284035  0.126178  0.031793  0.488332 0.0325749
(1,2,(3,4)); -3725.76  0 22.1093 8.46804 24.508 -3763.91 0.271625 0.222738 0.167303 0.338335 0.0568792  0.242122  0.128847 0.0339596   0.52818 0.0100117
(1,2,(3,4)); -3728.6  0 21.0164 8.52353 23.5149 -3764.61 0.246646  0.25243   0.1755 0.325424 0.0964195  0.219906  0.141582 0.0323054  0.489215 0.0205721
(1,2,(3,4)); -3725.6  0 22.2164 8.3842 24.6314 -3764.07 0.283938 0.220554 0.177965 0.317543 0.0849711   0.24815  0.117114 0.0334029  0.489489 0.0268734
(1,2,(3,4)); -3729.55  0 16.7192 8.76034 26.1738 -3763.68 0.252651 0.238424 0.174476 0.334449 0.0744105  0.221926  0.146217 0.0297078  0.508515  0.019224
(1,2,(3,4)); -3726.48  0 20.9749 8.55764 25.5481 -3764.44 0.255728 0.231944 0.174085 0.338243 0.0818633  0.264393  0.131576 0.0343109  0.477257 0.0105991
(1,2,(3,4)); -3729.14  0 18.9373 8.51431 23.4618 -3763.03 0.280912 0.222245 0.193598 0.303245 0.0604089  0.235955  0.142507 0.0281281  0.502753 0.0302478
(1,2,(3,4)); -3725.24  0 22.6069 8.40023 24.9141 -3764.36 0.259804 0.238262 0.191186 0.310749 0.0694317  0.221256  0.160252 0.0188951  0.507864 0.0223004
(1,2,(3,4)); -3728.34  0 22.2736 8.54322 23.6047 -3765.68 0.257777 0.221817 0.203793 0.316613 0.0739226  0.214707  0.152117  0.045283  0.499308 0.0146626
(1,2,(3,4)); -3729.11  0 21.0659 8.34307 23.1993 -3765.04   0.2468  0.23171 0.181435 0.340055 0.0928038  0.266559  0.154957 0.0305731  0.443639 0.0114683
(1,2,(3,4)); -3727.53  0 19.5301 8.45246 24.6502 -3763.26  0.26828 0.231497 0.197787 0.302436 0.0747002  0.244187  0.116458 0.0315448  0.519428 0.0136816
(1,2,(3,4)); -3726.42  0 19.9327 8.72471 26.7236 -3764.35 0.258794 0.234493 0.184562 0.322151 0.0692387  0.263913  0.122271 0.0280639  0.498621 0.0178913
(1,2,(3,4)); -3728.73  0 17.6218 8.05859 26.138 -3764.43 0.264092 0.224883 0.184694  0.32633  0.071464  0.212567  0.128319 0.0449038    0.5235 0.0192461
(1,2,(3,4)); -3727.37  0 18.9781 8.48433 25.3206 -3763.18 0.286627 0.223824 0.179461 0.310087 0.0828287  0.246877  0.124014 0.0278471  0.497204 0.0212294
(1,2,(3,4)); -3724.86  0 20.8465 8.27593 26.03 -3763.46 0.275119 0.229164 0.185277  0.31044 0.0735672  0.256802  0.115954 0.0412441  0.498319 0.0141137
(1,2,(3,4)); -3727.41  0 21.6162 8.54335 24.4179 -3764.9 0.262618 0.246887 0.179022 0.311473  0.101584  0.242163  0.133914 0.0368717  0.460887 0.0245802
(1,2,(3,4)); -3725.75  0 19.9939 8.32318 26.386 -3763.8 0.260661 0.241847 0.171883 0.325609 0.0689442  0.234638  0.161727 0.0395329  0.482062 0.0130954
(1,2,(3,4)); -3724.61  0 21.175 8.52304 26.6057 -3763.87  0.27342 0.237142 0.180089 0.309348  0.078368  0.232052    0.1661  0.036275  0.473262 0.0139433
(1,2,(3,4)); -3726.18  0 22.2764 8.49214 24.3349 -3764.3 0.282438 0.232422  0.16121  0.32393 0.0548788  0.237526  0.142134 0.0355758  0.514986 0.0148994
(1,2,(3,4)); -3725.98  0 22.2189 8.46906 25.0793 -3764.81 0.248271 0.234065 0.189161 0.328503 0.0663904  0.214895  0.145124 0.0309127  0.518174 0.0245036
(1,2,(3,4)); -3725.46  0 21.6204 8.52314 24.6331 -3763.19 0.258304 0.231766  0.18467  0.32526 0.0604432   0.19965   0.15793 0.0202006  0.543149 0.0186279
(1,2,(3,4)); -3733.77  0 20.9099 8.4145 19.4224 -3765.69 0.294671 0.224178 0.170824 0.310328 0.0820707  0.187633  0.121486  0.041847  0.531965 0.0349978
(1,2,(3,4)); -3728.24  0 18.9225 8.65861 25.821 -3764.32 0.258205 0.238772 0.189569 0.313454 0.0721309  0.254155  0.140303  0.044442  0.469016 0.0199536
(1,2,(3,4)); -3728.31  0 20.5313 8.40583 24.0944 -3764.53 0.253694 0.226921 0.199556  0.31983  0.07213 0.249599 0.173669 0.028038 0.461543 0.015021
(1,2,(3,4)); -3725.32  0 21.5216 8.29313 25.775 -3764.33 0.274147 0.228757  0.18047 0.316626 0.0552034  0.208377  0.146903 0.0399117  0.530254 0.0193515
(1,2,(3,4)); -3731.71  0 19.6384 8.52848 22.594 -3765.41 0.270551 0.248083 0.175571 0.305796 0.0681973  0.252946  0.107666 0.0261921  0.511854 0.0331453
(1,2,(3,4)); -3728.45  0 20.5117 8.54802 23.6546 -3764.07 0.275905 0.233232 0.174708 0.316155 0.0741598  0.173157  0.152012 0.0332778  0.551975 0.0154178
(1,2,(3,4)); -3728.06  0 21.9286 8.37014 21.5072 -3763.12 0.253078 0.235052 0.201427 0.310443  0.0830816   0.268056   0.124793  0.0167166   0.499628 0.00772473
(1,2,(3,4)); -3729.25  0 19.0849 8.44979 24.0641 -3763.95 0.283525 0.236236 0.182084 0.298154 0.0997453  0.228497  0.128018 0.0370249  0.490913 0.0158022
(1,2,(3,4)); -3724.88  0 21.1207 8.34212 26.3016 -3763.96 0.271824 0.225239 0.173618 0.329319 0.0740754  0.249515  0.129635 0.0274824  0.493266 0.0260262
(1,2,(3,4)); -3733.27  0 17.5335 8.2546 21.7661 -3764.31 0.279242 0.253597 0.156119 0.311042 0.0810763  0.238737  0.156701 0.0293204  0.476643 0.0175231
(1,2,(3,4)); -3730.9  0 17.8065 8.51098 21.2205 -3761.42 0.260198 0.230147 0.172112 0.337543  0.116343  0.206453  0.126059 0.0220317  0.497887 0.0312259
(1,2,(3,4)); -3723.08  0 22.0058 8.5168 27.2516 -3763.82 0.271593 0.229568 0.186096 0.312744 0.0711886  0.229689   0.12936 0.0339691  0.517941 0.0178524
(1,2,(3,4)); -3727.94  0 21.1868 8.57464 23.9858 -3764.54 0.274233 0.220294  0.19138 0.314093  0.0956056   0.223323   0.155323   0.019308   0.497963 0.00847703
(1,2,(3,4)); -3733.15  0 20.4333 8.30123 18.5693 -3763.85 0.258318 0.254931 0.197203 0.289547  0.0980955   0.232863   0.154532  0.0180704   0.487156 0.00928398
(1,2,(3,4)); -3725.27  0 20.4786 8.11271 26.5061 -3764.14 0.274883 0.225899 0.178308  0.32091 0.0707892  0.211754  0.133214 0.0435238  0.524017 0.0167022
(1,2,(3,4)); -3730.85  0 19.5619 8.30747 21.512 -3763.62 0.273808 0.246705  0.18141 0.298078 0.0746705  0.202879  0.106446  0.042945  0.560995 0.0120643
(1,2,(3,4)); -3727.75  0 21.7091 8.3298 23.419 -3764.55 0.278182 0.246576 0.175085 0.300157 0.0931986  0.252178  0.129571  0.036939  0.463839 0.0242744
(1,2,(3,4)); -3727.74  0 21.0375 8.45906 24.6974 -3765.02 0.285128 0.232104 0.179621 0.303148 0.0871092  0.241443  0.159949 0.0367864   0.45609 0.0186228
(1,2,(3,4)); -3727.87  0 17.1866 8.6022 27.3577 -3763.81 0.268907 0.231769  0.17893 0.320395 0.0593701  0.251222  0.131942  0.030372  0.511442 0.0156526
(1,2,(3,4)); -3726.29  0 17.7227 8.02388 27.2237 -3763.21 0.266825 0.241999 0.177357 0.313819 0.0745456  0.253855  0.140701 0.0275487  0.486532 0.0168171
(1,2,(3,4)); -3727.38  0 17.8763 8.08268 25.5215 -3762.69  0.26585 0.237209 0.180335 0.316607 0.0995905  0.227396  0.112364 0.0346373  0.514175 0.0118371
(1,2,(3,4)); -3732.26  0 20.1404 8.22903 21.5583 -3765.73 0.261739 0.246348  0.18338 0.308533 0.0597323  0.276349  0.136362  0.060309   0.44425 0.0229977
(1,2,(3,4)); -3727.43  0 19.9948 8.1407 23.5223 -3762.81 0.265557 0.233081  0.19037 0.310992 0.0697938  0.242682  0.129366 0.0119745   0.53185 0.0143346
(1,2,(3,4)); -3732.26  0 20.0126 8.49335 20.1665 -3763.94 0.256873 0.217315 0.210449 0.315363 0.0532631  0.207174   0.15165 0.0278766  0.543589 0.0164471
(1,2,(3,4)); -3723.51  0 21.0776 8.3121 27.1211 -3763.39 0.267745 0.232519 0.184905 0.314831 0.0598627  0.245939  0.158435 0.0331251  0.486968 0.0156703
(1,2,(3,4)); -3727.96  0 22.5445 8.4748 23.5033 -3765.54 0.261053 0.242532  0.16503 0.331385 0.0696055  0.239889   0.13124 0.0331425  0.490045 0.0360784
(1,2,(3,4)); -3727.83  0 17.1221 8.448 26.8406 -3763.34 0.274255 0.237479 0.181479 0.306787 0.0751591  0.225175   0.14594 0.0400891  0.497844 0.0157935
(1,2,(3,4)); -3730.12  0 18.7828 8.43224 23.8639 -3764.33 0.272097  0.23926 0.183309 0.305334 0.0536768  0.258691  0.131477 0.0435554  0.483367  0.029233
(1,2,(3,4)); -3730.76  0 18.8827 8.24753 23.3913 -3764.79 0.253643 0.240588 0.182539  0.32323 0.0757198   0.26932  0.160399 0.0262673  0.437306 0.0309874
(1,2,(3,4)); -3724.99  0 22.1903 8.34446 25.7298 -3764.57 0.270731 0.216144  0.18406 0.329065 0.0650283  0.226247  0.130878 0.0337937  0.533963 0.0100897
(1,2,(3,4)); -3728.17  0 18.6733 8.04261 25.064 -3763.86 0.283187 0.215662 0.170845 0.330305 0.0864931  0.230801  0.148679 0.0301668  0.489229 0.0146314
(1,2,(3,4)); -3726.21  0 20.9182 8.26885 25.4862 -3764.34 0.285487 0.223117 0.175085  0.31631 0.0852009  0.226093  0.154371 0.0408978  0.481839  0.011598
(1,2,(3,4)); -3725.67  0 22.3444 8.25755 25.0781 -3764.83 0.277291 0.218476  0.17956 0.324673 0.0869112  0.245616  0.112773 0.0432399  0.494801 0.0166589
(1,2,(3,4)); -3723.46  0 20.7891 8.2017 26.9875 -3763.03 0.275557 0.231281 0.173315 0.319848  0.064693  0.225838  0.141997 0.0412089  0.510654 0.0156094
(1,2,(3,4)); -3731.83  0 20.3071 8.39477 21.9867 -3765.73 0.291732 0.225069 0.188262 0.294937 0.0755216  0.204893  0.129612 0.0413609   0.53158 0.0170325
(1,2,(3,4)); -3730.27  0 21.4889 8.50721 20.6577 -3763.91 0.282565 0.214975 0.180088 0.322371 0.0875592  0.243897  0.115282 0.0324721  0.475046 0.0457436
(1,2,(3,4)); -3727.11  0 19.7478 8.22362 24.4176 -3763.05 0.276355 0.232499  0.16223 0.328916  0.0656041   0.219647   0.160106   0.040525    0.50512 0.00899716
(1,2,(3,4)); -3728.8  0 22.2253 8.50904 22.175 -3764.69 0.276175 0.234709 0.177027  0.31209 0.0569063  0.303649  0.124048 0.0507646  0.453057 0.0115746
(1,2,(3,4)); -3724.9  0 20.3492 8.39512 25.7024 -3762.55 0.278216 0.232295 0.184232 0.305257  0.0878412   0.241894   0.131975   0.039148   0.489999 0.00914246
(1,2,(3,4)); -3724.58  0 22.1163 8.431 26.8638 -3765.13 0.272684 0.236123 0.182518 0.308676 0.0761924   0.22398  0.149629 0.0380317   0.49126 0.0209061
(1,2,(3,4)); -3730.58  0 19.8238 8.4993 24.6702 -3766.57 0.260738 0.238219 0.173957 0.327086    0.0938  0.209952  0.136952 0.0339202  0.493477 0.0318995
(1,2,(3,4)); -3732.2  0 20.5298 8.32903 18.6376 -3763.04 0.280287 0.233832 0.169857 0.316024  0.0534539     0.1743   0.151795  0.0194182   0.593585 0.00744751
(1,2,(3,4)); -3733.75  0 17.396 8.23637 21.1008 -3764.02 0.243075 0.244695 0.183176 0.329054   0.108168   0.259467   0.109938  0.0330466   0.480577 0.00880402
(1,2,(3,4)); -3725.81  0 21.1701 8.50631 24.3214 -3762.8 0.247687 0.239734 0.194808  0.31777  0.0627985   0.220859   0.146076  0.0359427   0.524731 0.00959226
(1,2,(3,4)); -3728.06  0 19.001 8.5516 24.5361 -3763.04 0.265875 0.239767 0.172668 0.321689 0.0777819  0.216657  0.142383  0.015074  0.524294 0.0238103
(1,2,(3,4)); -3728.04  0 21.0392 8.40604 23.8833 -3764.56 0.277769 0.231276 0.172722 0.318233 0.0902581  0.248764  0.164327 0.0273893  0.439326 0.0299352
(1,2,(3,4)); -3727.22  0 20.5742 8.72426 24.7131 -3763.78 0.273441 0.241426 0.163983 0.321149  0.0801681   0.210646   0.163593  0.0362018   0.500002 0.00938859
(1,2,(3,4)); -3734.21  0 20.7792 8.3031 18.4958 -3765.18  0.26347 0.214016 0.195029 0.327485 0.0528805  0.265594 0.0880103 0.0234001  0.548347  0.021769
(1,2,(3,4)); -3729.53  0 22.0859 8.44738 21.4913 -3764.66 0.247136 0.256437 0.169605 0.326822  0.106938  0.240399  0.124766 0.0322794  0.478225 0.0173921
(1,2,(3,4)); -3725.19  0 21.5736 8.43522 25.8882 -3764.22  0.26968 0.223489 0.179971 0.326859 0.0783124  0.274523  0.130232 0.0223732  0.474659 0.0199003
(1,2,(3,4)); -3725.02  0 21.7288 8.34775 25.6884 -3764.09 0.259874 0.227779 0.193518 0.318829  0.061561  0.257683  0.135048 0.0444335  0.484853 0.0164221
(1,2,(3,4)); -3725.09  0 21.8294 8.5786 26.8497 -3765.19 0.268043 0.224544 0.182083  0.32533 0.0716688  0.258317  0.140941 0.0285043  0.476863 0.0237059
