tree logl logTop logBL logPrior logQ logWt pi1 pi2 pi3 pi4 s1 s2 s3 s4 s5 s6
(1,2,(3,4)); -3726.7  0 18.7003 7.91013 27.4271 -3764.92 0.268336 0.230337 0.182016 0.319311 0.0604592   0.25986  0.134608 0.0363373  0.494289 0.0144468
(1,2,(3,4)); -3727.95  0 20.3092 8.2317 24.3846 -3764.42 0.280102  0.22503 0.190037  0.30483 0.0949302  0.206711  0.150988 0.0249392  0.509466 0.0129654
(1,2,(3,4)); -3724.74  0 21.5365 8.32941 25.8802 -3763.82 0.268474 0.240764 0.176977 0.313785  0.092624  0.201323   0.13735 0.0309513  0.523658 0.0140942
(1,2,(3,4)); -3728.93  0 20.3296 8.58372 22.4593 -3763.13  0.26109   0.2082 0.192879 0.337831   0.079669   0.245223   0.166915  0.0323415   0.468105 0.00774614
(1,2,(3,4)); -3726.39  0 20.859 8.40261 25.2711 -3764.12  0.27159 0.239778 0.173908 0.314723 0.0824607   0.20678  0.165549 0.0282353   0.49749 0.0194842
(1,2,(3,4)); -3730.66  0 20.452 8.49142 22.048 -3764.67 0.284579 0.238016 0.179362 0.298042  0.0812258   0.195167   0.145501  0.0286253   0.544054 0.00542648
(1,2,(3,4)); -3734.21  0 20.4222 8.50813 19.1146 -3765.24 0.245398 0.242637 0.185701 0.326264 0.0843849  0.215201  0.155761 0.0347343  0.462357 0.0475618
(1,2,(3,4)); -3730.3  0 21.3399 8.65852 19.5382 -3762.52 0.267875 0.249936  0.15069   0.3315 0.0711733     0.212  0.159326  0.037189  0.503577 0.0167347
(1,2,(3,4)); -3726.45  0 19.4842 8.71641 27.0623 -3764.28 0.275055 0.219537 0.184335 0.321073 0.0765985  0.251875  0.128076 0.0400463  0.491015 0.0123884
(1,2,(3,4)); -3725.05  0 21.2163 8.2015 25.5001 -3763.57 0.251257 0.235958 0.181849 0.330935  0.080363  0.208577  0.156301 0.0281155  0.512039 0.0146043
(1,2,(3,4)); -3727.18  0 22.4689 8.57491 23.4091 -3764.49 0.278355 0.216821 0.190948 0.313876 0.0845343  0.250864  0.155153 0.0535776  0.442768 0.0131028
(1,2,(3,4)); -3725.47  0 20.2239 8.29415 25.6955 -3763.09 0.269922 0.233753 0.181704 0.314621 0.0981616  0.243163  0.124345 0.0209288  0.492623 0.0207775
(1,2,(3,4)); -3728.97  0 19.9223 8.57993 23.6513 -3763.97 0.269017 0.255844 0.164967 0.310172 0.0828846  0.226519  0.137329 0.0402803  0.498074 0.0149136
(1,2,(3,4)); -3724.94  0 21.7313 8.57436 25.2628 -3763.35 0.276971 0.235036 0.174659 0.313333 0.0623872  0.220139  0.168395 0.0441657  0.493948  0.010965
(1,2,(3,4)); -3731.48  0 21.5716 8.28909 21.2128 -3765.98 0.269511  0.22276 0.185074 0.322655 0.0846697  0.274672  0.116125 0.0581671  0.434528 0.0318387
(1,2,(3,4)); -3738.15  0 20.4867 8.43607 17.1811 -3767.38 0.288124 0.216925 0.156711 0.338241 0.0794629  0.268945 0.0934005 0.0526194  0.491841 0.0137314
(1,2,(3,4)); -3725.97  0 20.3681 8.41268 26.5212 -3764.45 0.281197 0.221816 0.180496 0.316491 0.0848242  0.236965  0.148824 0.0271676   0.49134 0.0108799
(1,2,(3,4)); -3731.4  0 19.0398 8.28229 23.1679 -3765.32 0.266706 0.249823 0.166413 0.317058  0.0542448   0.281733   0.140927  0.0285266    0.48466 0.00990925
(1,2,(3,4)); -3728.03  0 20.9827 8.34997 22.6996 -3763.36 0.258362 0.233472  0.19414 0.314025 0.0781633  0.214582  0.138681 0.0233881  0.506799 0.0383865
(1,2,(3,4)); -3729.02  0 18.4038 8.16012 24.4535 -3763.72 0.267041 0.225868 0.193008 0.314083 0.0779045  0.262441  0.116413 0.0201609  0.497352 0.0257289
(1,2,(3,4)); -3733.12  0 19.6489 8.56563 21.0506 -3765.25 0.278808 0.250418 0.163958 0.306816 0.0693851  0.300098  0.127953  0.022744  0.468449 0.0113716
(1,2,(3,4)); -3727.93  0 21.3864 8.27675 24.881 -3765.92 0.263679 0.232621 0.184379 0.319321 0.0464803  0.277827  0.126475 0.0340416  0.498692 0.0164844
(1,2,(3,4)); -3731.87  0 20.1623 8.66434 22.1821 -3765.55 0.259726 0.241887 0.190763 0.307623 0.0940383  0.253892   0.11508  0.058728  0.455043 0.0232189
(1,2,(3,4)); -3728.5  0 18.7386 8.1062 24.9598 -3764.09 0.278647 0.242085 0.182372 0.296896 0.0680777  0.267008  0.128458 0.0361219  0.485228 0.0151065
(1,2,(3,4)); -3727.1  0 20.2526 8.21183 25.3871 -3764.52  0.27854 0.232442 0.178118 0.310901 0.0877845  0.271722  0.105896 0.0371965  0.485587 0.0118128
(1,2,(3,4)); -3727.34  0 20.9715 8.56975 24.8755 -3764.62 0.251546 0.236274 0.190045 0.322135 0.0634902  0.259863  0.117792 0.0478336  0.491676 0.0193453
(1,2,(3,4)); -3725.23  0 22.2404 8.31642 25.5253 -3764.68 0.273503 0.221915 0.194847 0.309734  0.0911467   0.228229   0.135488  0.0411415   0.495162 0.00883262
(1,2,(3,4)); -3728.35  0 20.3881 8.37565 25.318 -3765.68 0.265705 0.225827  0.17568 0.332788 0.0857177  0.238378  0.158029 0.0489667  0.457293 0.0116154
(1,2,(3,4)); -3732.81  0 19.3626 8.7432 21.5005 -3764.93 0.241886 0.239482 0.171698 0.346934   0.084609   0.243215   0.141914  0.0464479   0.476257 0.00755775
(1,2,(3,4)); -3728.05  0 20.0284 8.19069 24.3174 -3764.21 0.268312 0.252479 0.174977 0.304232 0.0719733  0.206319  0.145347 0.0357055  0.524991 0.0156643
(1,2,(3,4)); -3726.78  0 21.2413 8.39609 24.8872 -3764.51 0.258463 0.223296 0.188963 0.329279 0.0769808  0.243329  0.129135 0.0429686  0.477783 0.0298031
(1,2,(3,4)); -3725.96  0 19.9216 8.2543 26.4472 -3764.07 0.258569 0.225461 0.184503 0.331467 0.0811805  0.259766  0.149348   0.03458  0.464606   0.01052
(1,2,(3,4)); -3723.07  0 21.7779 8.40653 27.4291 -3763.87 0.268617 0.233308 0.187389 0.310686  0.0710359   0.246422   0.141779  0.0372342   0.493986 0.00954216
(1,2,(3,4)); -3724.12  0 21.9419 8.55889 26.792 -3764.29 0.281488 0.224823 0.180179  0.31351   0.08351  0.241793  0.125163 0.0287304  0.509983 0.0108201
(1,2,(3,4)); -3725.46  0 22.7441 8.33295 23.9736 -3763.85 0.261823 0.243064  0.19384 0.301273 0.0681341  0.273312  0.128298 0.0325006  0.491847  0.005908
(1,2,(3,4)); -3728.59  0 19.6586 8.07312 22.8597 -3763.03 0.263696 0.244798 0.171101 0.320404 0.0873113  0.266482  0.149503 0.0139478  0.470049 0.0127074
(1,2,(3,4)); -3725.58  0 20.7615 8.17205 26.1741 -3764.34 0.276117 0.226278 0.174995  0.32261 0.0899434  0.210587   0.15074 0.0407084  0.493858 0.0141642
(1,2,(3,4)); -3729.23  0 19.5106 8.4983 23.9123 -3764.15 0.269417 0.246468  0.17627 0.307844 0.0920684  0.204266   0.12413 0.0526485  0.514747 0.0121407
(1,2,(3,4)); -3725.89  0 21.005 8.4878 23.7271 -3762.13 0.261549 0.233852 0.170266 0.334333 0.0532103  0.238861  0.164908 0.0207267  0.508658 0.0136351
(1,2,(3,4)); -3726.75  0 20.8292 8.39731 23.9334 -3763.12 0.284229 0.245579 0.167592   0.3026 0.0703022  0.232598  0.153292 0.0302984  0.498138  0.015371
(1,2,(3,4)); -3725.96  0 19.0819 8.59985 27.1373 -3763.58  0.26927 0.229698 0.184773  0.31626 0.0916434  0.240902  0.134871 0.0298997  0.482624 0.0200591
(1,2,(3,4)); -3733.23  0 18.1254 8.70192 22.9819 -3765.64 0.277793 0.228314 0.178708 0.315185  0.123438  0.251296  0.129563  0.041546  0.440557 0.0136006
(1,2,(3,4)); -3734.42  0 17.4946 8.25932 20.6908 -3764.34 0.270957 0.234618 0.185746 0.308679 0.0863048  0.200209   0.21306 0.0257111  0.461215 0.0134995
(1,2,(3,4)); -3729.15  0 22.4412 8.40444 21.9657 -3765.15 0.258833 0.238407 0.192985 0.309776 0.0653465   0.20758  0.142544  0.068389   0.49484 0.0212998
(1,2,(3,4)); -3725.09  0 20.7919 8.36637 26.653 -3764.17 0.269591 0.236154 0.178483 0.315771  0.0786151   0.229487   0.155709  0.0460029   0.480562 0.00962455
(1,2,(3,4)); -3725.18  0 20.5844 8.55067 26.2418 -3763.46 0.270829 0.233088  0.17365 0.322433 0.0724056  0.244163  0.170723 0.0286026  0.470614 0.0134919
(1,2,(3,4)); -3726.76  0 18.8489 8.07529 26.5889 -3764.12 0.260634 0.233808 0.190818 0.314739 0.0669535  0.266419  0.117532 0.0360865  0.500416 0.0125932
(1,2,(3,4)); -3725.88  0 19.7717 8.30458 26.5262 -3763.87 0.260477 0.230187 0.185281 0.324056 0.0744151  0.264137  0.120171 0.0258133  0.494287 0.0211764
(1,2,(3,4)); -3726.25  0 20.8307 8.32201 25.5044 -3764.26 0.273823 0.234112 0.183324  0.30874 0.0805397   0.24433  0.157223 0.0474841   0.45239  0.018033
(1,2,(3,4)); -3723.44  0 21.9176 8.31378 26.9808 -3764.03 0.271973  0.22393 0.186802 0.317295 0.0782845  0.243835  0.158408 0.0288311  0.477238 0.0134039
(1,2,(3,4)); -3729.57  0 22.7834 8.4107 21.4702 -3765.41  0.26831  0.24746 0.186625 0.297606 0.0963251  0.184333  0.122363  0.043184  0.540269 0.0135266
(1,2,(3,4)); -3728.13  0 19.6899 8.14486 23.2994 -3762.98  0.26278 0.233323 0.184854 0.319043 0.0819689  0.199975  0.123431 0.0158637  0.566403 0.0123588
(1,2,(3,4)); -3726  0 20.5134 8.44788 26.0951 -3764.16 0.269263 0.222051 0.184671 0.324015 0.0770755  0.210004  0.147583 0.0492549  0.501051 0.0150315
(1,2,(3,4)); -3726.75  0 19.3864 8.41275 25.5861 -3763.31 0.261737 0.232147 0.180944 0.325172 0.0946635  0.207779  0.126468 0.0377697  0.508881 0.0244384
(1,2,(3,4)); -3725.56  0 21.145 8.50202 26.1835 -3764.39 0.261653 0.238436 0.182015 0.317896  0.0952401   0.240431   0.148135  0.0424697   0.464346 0.00937727
(1,2,(3,4)); -3727.64  0 20.5127 8.26218 24.7031 -3764.6 0.287027 0.222415 0.166448  0.32411 0.0697232  0.255118  0.120625 0.0374789  0.502017 0.0150379
(1,2,(3,4)); -3730.84  0 17.5467 7.94459 24.7709 -3765.22 0.264438 0.223882 0.183912 0.327768 0.0511677  0.265757   0.12451 0.0260643  0.509976 0.0225244
(1,2,(3,4)); -3728.28  0 19.4751 8.37857 24.1513 -3763.52 0.275246 0.214746 0.178296 0.331712  0.0722191   0.200721   0.158719  0.0382112   0.521698 0.00843119
(1,2,(3,4)); -3730.33  0 18.9305 8.58926 23.8768 -3764.55 0.254904 0.240383 0.195147 0.309566  0.0741769   0.231812   0.165251  0.0474149   0.473442 0.00790333
(1,2,(3,4)); -3729.39  0 19.2768 8.29176 25.0341 -3765.41  0.26762 0.219087 0.191549 0.321745 0.0906916  0.215524  0.115446 0.0322762  0.537775  0.008287
(1,2,(3,4)); -3731.65  0 14.6028 8.18842 25.3184 -3763.38 0.259723  0.24328 0.174486 0.322511 0.0777219  0.249913  0.165231 0.0346092  0.453876 0.0186493
(1,2,(3,4)); -3725.42  0 20.6615 8.37075 25.6726 -3763.38 0.269745 0.232348 0.174954 0.322953  0.0871902   0.231668   0.148426  0.0364379   0.491966 0.00431184
(1,2,(3,4)); -3729.34  0 22.5162 8.34494 22.7351 -3766.25 0.255238 0.239465 0.171261 0.334036  0.0718886   0.290202   0.101738  0.0395439   0.488989 0.00763802
(1,2,(3,4)); -3729.89  0 20.6975 8.3611 21.9086 -3764.14  0.28835 0.212937 0.167653 0.331059  0.0835767   0.264564   0.121029  0.0238328   0.500346 0.00665167
(1,2,(3,4)); -3727.89  0 19.7236 8.60503 25.1612 -3764.17 0.281717 0.225459 0.186118 0.306706 0.0741398  0.230461  0.165408 0.0435693  0.471769  0.014653
(1,2,(3,4)); -3727.64  0 20.4074 8.41777 26.5353 -3766.17 0.264302 0.236165 0.172188 0.327344 0.0747641  0.245465  0.110642 0.0334059   0.52292 0.0128024
(1,2,(3,4)); -3723.35  0 21.7014 8.25171 26.575 -3763.37 0.260409 0.240173 0.180543 0.318875  0.064943  0.216717  0.152702 0.0407248  0.510956 0.0139562
(1,2,(3,4)); -3726.51  0 21.1081 8.1774 23.1681 -3762.6 0.258619 0.255636 0.161911 0.323835 0.0707922  0.224999  0.138572 0.0351788  0.517233 0.0132256
(1,2,(3,4)); -3730.82  0 19.2708 8.19329 21.0794 -3762.98 0.252553 0.234058 0.180481 0.332908 0.0623182   0.27669  0.154981 0.0155987  0.461522 0.0288906
(1,2,(3,4)); -3731.36  0 17.436 8.42052 19.7047 -3760.08  0.25968 0.247212 0.161149 0.331959  0.098043  0.234757  0.108159 0.0152896  0.532862 0.0108897
(1,2,(3,4)); -3726.17  0 21.0095 8.49796 24.8915 -3763.58 0.276481 0.216425 0.168681 0.338412 0.0774239  0.254401  0.138853 0.0322489  0.483144  0.013929
(1,2,(3,4)); -3727.92  0 18.8833 8.47951 26.0116 -3764.34 0.271021  0.22984 0.181369  0.31777  0.0838565   0.281171   0.136713  0.0383803   0.450711 0.00916887
(1,2,(3,4)); -3725.9  0 20.8671 8.18176 24.1987 -3762.79 0.252481 0.225996 0.192022 0.329501   0.056044   0.230094   0.131909  0.0298226    0.54529 0.00683991
(1,2,(3,4)); -3728.2  0 21.4964 8.33475 22.8291 -3764.19 0.255189 0.244298 0.188155 0.312358   0.110002   0.212642   0.142838  0.0214941   0.505828 0.00719572
(1,2,(3,4)); -3731.06  0 19.9619 8.57657 23.1575 -3765.6 0.251642  0.23361 0.188837 0.325912  0.100424  0.250548  0.150333 0.0366582  0.436072  0.025966
(1,2,(3,4)); -3730.49  0 21.9445 8.56687 23.1176 -3766.99 0.279782  0.23284 0.172228  0.31515 0.0738021  0.227603  0.128491 0.0713777  0.484367 0.0143593
(1,2,(3,4)); -3725.22  0 20.8364 8.63527 26.3893 -3763.81 0.255896 0.233155 0.181666 0.329283 0.0609112  0.233221  0.129284 0.0445543  0.518467 0.0135626
(1,2,(3,4)); -3725.11  0 20.6965 8.58831 26.717 -3763.93 0.274508 0.233805 0.171586 0.320101 0.0856573  0.231416  0.152189 0.0385455  0.478606 0.0135862
(1,2,(3,4)); -3728.36  0 19.3041 8.66388 25.0813 -3764.08  0.25841 0.233691 0.182936 0.324963 0.0936887  0.193149  0.151597 0.0268918  0.521241 0.0134333
(1,2,(3,4)); -3728.98  0 19.5242 8.24786 24.4137 -3764.67 0.268364 0.236847 0.183718 0.311071 0.0987156  0.260322  0.142899 0.0165897  0.468149 0.0133253
(1,2,(3,4)); -3728.92  0 19.9081 8.24347 22.5534 -3763.14 0.249367 0.231281 0.185455 0.333897 0.0823394  0.195638  0.153102 0.0305793  0.507032 0.0313098
(1,2,(3,4)); -3725.55  0 20.7697 8.34411 25.7716 -3763.75 0.252187 0.233915 0.177934 0.335965 0.0808882  0.220792  0.132056 0.0413832  0.506556 0.0183244
(1,2,(3,4)); -3735.56  0 19.5419 8.39564 19.6202 -3766.32 0.268106 0.205731 0.181143 0.345021  0.113144  0.195983  0.143076 0.0289773  0.499636 0.0191839
(1,2,(3,4)); -3728  0 21.1805 8.46473 23.6885 -3764.41 0.261826 0.223636 0.197838   0.3167 0.0981153  0.235063  0.164074  0.034948  0.448037 0.0197622
(1,2,(3,4)); -3726.93  0 21.097 8.35786 23.8289 -3763.5 0.268186 0.226361 0.190823 0.314629  0.111466  0.234879  0.121934 0.0273514  0.477455 0.0269145
(1,2,(3,4)); -3725.41  0 20.3876 8.63735 26.6717 -3763.83 0.257178 0.229952 0.179901 0.332969 0.0766027  0.229266  0.131086 0.0412261  0.502138 0.0196814
(1,2,(3,4)); -3725.4  0 21.8081 8.53668 27.0292 -3765.7 0.265284 0.227809 0.187984 0.318922  0.072621  0.258059  0.152404 0.0378972  0.465539 0.0134795
(1,2,(3,4)); -3725.37  0 21.9122 8.46219 23.9515 -3762.77 0.266192 0.229694 0.172268 0.331846 0.0579434  0.196686  0.158402 0.0437758  0.525402 0.0177907
(1,2,(3,4)); -3728.72  0 20.6429 8.18046 24.0435 -3765.22 0.280512 0.222784 0.180277 0.316427  0.102899  0.241575 0.0979344 0.0391851  0.505192 0.0132148
(1,2,(3,4)); -3728.48  0 19.9285 8.37687 24.9922 -3765.03 0.254316 0.246388 0.168172 0.331123 0.0741105     0.252  0.143388 0.0372609   0.47805 0.0151908
(1,2,(3,4)); -3728.54  0 20.8647 8.12489 21.3156 -3762.6 0.258666 0.230587 0.186471 0.324276  0.0634029   0.290793   0.147112  0.0517047   0.443681 0.00330607
(1,2,(3,4)); -3726.52  0 21.0375 8.38567 26.871 -3766.04 0.258563 0.236684 0.179347 0.325406 0.0668086  0.257586  0.129537  0.044494  0.488125 0.0134489
(1,2,(3,4)); -3725.53  0 20.9732 8.14329 24.3083 -3762.67 0.257926 0.239396 0.170283 0.332396  0.0614824   0.230807   0.158714  0.0437511   0.498666 0.00657831
(1,2,(3,4)); -3725.92  0 20.2083 8.46927 27.1846 -3764.84 0.272319 0.227905 0.179627 0.320149 0.0736888  0.235136  0.156513 0.0340535  0.481301 0.0193076
(1,2,(3,4)); -3734.65  0 19.2889 8.07988 18.3703 -3764.23 0.267064 0.225288 0.163451 0.344197 0.0601003  0.198714 0.0986743 0.0485427  0.581851 0.0121174
(1,2,(3,4)); -3728.38  0 21.6554 8.40194 20.2671 -3761.9 0.264967 0.223428 0.180427 0.331177 0.0529395  0.202929  0.181561  0.014585  0.529399 0.0185866
(1,2,(3,4)); -3728.63  0 18.6645 8.40736 26.4238 -3765.31 0.277541 0.219492 0.182368 0.320599 0.0762663  0.222385  0.146499 0.0435811  0.501202 0.0100665
(1,2,(3,4)); -3729.66  0 18.9734 8.70818 24.1493 -3764.08  0.25932 0.232478 0.201206 0.306996   0.08023  0.267011  0.116915 0.0418804  0.476248 0.0177166
(1,2,(3,4)); -3729.72  0 17.8572 8.56469 23.5906 -3762.6 0.254461 0.225982 0.181871 0.337686  0.0886229    0.21898   0.172642  0.0254346   0.487751 0.00656965
(1,2,(3,4)); -3727.03  0 20.5514 8.26791 24.3193 -3763.63 0.279052 0.225671 0.184005 0.311272 0.0797769  0.249812  0.111413 0.0164465  0.527846 0.0147052
(1,2,(3,4)); -3724.45  0 20.395 8.34009 26.6194 -3763.13 0.257285 0.228274 0.192713 0.321728 0.0756074  0.241799  0.143565 0.0236963  0.500779 0.0145537
(1,2,(3,4)); -3732.08  0 19.8918 8.17686 22.3131 -3766.11 0.269533 0.226593 0.191343 0.312531 0.0642343    0.2316  0.121684  0.047948  0.493339 0.0411948
(1,2,(3,4)); -3725.89  0 21.2802 8.26665 25.4365 -3764.34 0.272126 0.243532 0.181216 0.303127 0.0781304   0.23947  0.151389 0.0366798  0.471661   0.02267
(1,2,(3,4)); -3727.8  0 20.1783 8.65971 24.819 -3764.14 0.256957 0.236536 0.175355 0.331151 0.0839812  0.245561 0.0991963 0.0332586  0.518446 0.0195568
(1,2,(3,4)); -3724.7  0 21.6282 8.41711 25.8195 -3763.73 0.266326 0.234446  0.18931 0.309918 0.0646985  0.245342  0.166051 0.0368959  0.468557 0.0184556
(1,2,(3,4)); -3727.07  0 18.9245 8.02259 26.3713 -3764.34 0.265756 0.239847 0.178012 0.316385   0.081081   0.262945   0.148702  0.0383928   0.460423 0.00845668
(1,2,(3,4)); -3724.28  0 21.4476 8.44866 26.4837 -3763.77 0.272626  0.23123 0.184617 0.311527  0.100083  0.224443  0.137828  0.031626  0.488215 0.0178042
(1,2,(3,4)); -3725.29  0 21.8203 8.32067 25.3548 -3764.14 0.278483  0.22926 0.169831 0.322426 0.0782615  0.257969  0.119301 0.0323281  0.486524 0.0256164
(1,2,(3,4)); -3725.68  0 21.753 8.24421 25.0144 -3764.2 0.278649 0.215745 0.176406   0.3292 0.0975918  0.227373  0.149354 0.0308335  0.478829 0.0160192
(1,2,(3,4)); -3722.9  0 22.3941 8.3856 27.0033 -3763.91 0.265355 0.228491 0.182442 0.323713 0.0884664  0.252696  0.126188 0.0262018  0.486848 0.0196003
(1,2,(3,4)); -3726.79  0 20.7628 8.63943 25.3547 -3764.27 0.260138 0.240068 0.173139 0.326655 0.0997622  0.246765  0.146543 0.0277491  0.461821 0.0173589
(1,2,(3,4)); -3725.64  0 21.9105 8.50014 25.1993 -3764.25 0.285901 0.221699 0.186033 0.306366 0.0804581   0.26668  0.131905 0.0380258  0.470631 0.0122997
(1,2,(3,4)); -3723.95  0 21.5966 8.2888 26.934 -3764.19 0.263518   0.2263 0.183908 0.326275 0.0714732  0.248067   0.12233 0.0325072  0.502575 0.0230474
(1,2,(3,4)); -3724.77  0 22.7183 8.47398 25.5381 -3764.55 0.259515 0.244006 0.188165 0.308315   0.090276   0.251054      0.149  0.0292943   0.471423 0.00895269
(1,2,(3,4)); -3728.99  0 17.3828 8.20981 25.3 -3763.47 0.272503 0.232361 0.180058 0.315078  0.0613908   0.242676   0.147931   0.055023   0.485757 0.00722192
(1,2,(3,4)); -3726.25  0 21.0328 8.50024 24.28 -3763.07 0.255837 0.240607 0.176543 0.327012 0.0921967  0.259466  0.141602 0.0194075  0.465925 0.0214026
(1,2,(3,4)); -3724.56  0 20.5963 8.2793 26.2665 -3763.14 0.269393 0.224649 0.183486 0.322472  0.0761329   0.220374   0.153517  0.0477065   0.494258 0.00801186
(1,2,(3,4)); -3727.83  0 20.0662 8.22708 24.5813 -3764.26 0.258151 0.247563 0.181099 0.313188 0.0700202  0.234593  0.161459 0.0291477  0.478357 0.0264228
(1,2,(3,4)); -3724.85  0 21.1625 8.36823 25.7971 -3763.44 0.274374 0.230522 0.185938 0.309167 0.0748686  0.257814  0.149219 0.0301877  0.463149 0.0247617
(1,2,(3,4)); -3731.16  0 21.484 8.36487 18.8655 -3763.15 0.256895 0.256586 0.180024 0.306494   0.105491   0.188246    0.10668  0.0308085      0.561 0.00777412
(1,2,(3,4)); -3727.54  0 21.8006 8.54462 24.2008 -3764.99 0.269736 0.222912 0.194378 0.312974 0.0670242  0.214756   0.14944 0.0589927   0.49693 0.0128571
(1,2,(3,4)); -3732.57  0 19.9287 8.45303 21.2026 -3765.25  0.27176 0.231675 0.180699 0.315866 0.0601111  0.243823   0.11514 0.0721367  0.478565 0.0302243
(1,2,(3,4)); -3726.28  0 20.7191 8.39222 26.1719 -3764.78 0.262709 0.236441 0.189946 0.310904 0.0937918  0.215651    0.1509 0.0367666  0.490327 0.0125639
(1,2,(3,4)); -3729.7  0 18.2589 8.5424 24.6249 -3764.04 0.268863 0.217187 0.179272 0.334677 0.0720639  0.281978  0.149376 0.0279009  0.452782 0.0158985
(1,2,(3,4)); -3726.26  0 20.9791 8.40663 25.2807 -3764.11  0.27175  0.22621 0.174092 0.327948 0.0574838  0.260422  0.143952 0.0503743  0.473281 0.0144868
(1,2,(3,4)); -3730.04  0 21.9911 8.35772 21.2575 -3764.93 0.272158 0.232019 0.182482 0.313341   0.10561    0.2513  0.144471 0.0370957  0.423706 0.0378174
(1,2,(3,4)); -3733.41  0 17.7311 8.56486 24.2818 -3766.85 0.265944 0.233294 0.182221 0.318542 0.0495715  0.270204  0.103777 0.0359685  0.522976 0.0175038
(1,2,(3,4)); -3729.16  0 18.0693 8.03455 25.1105 -3764.3 0.277648 0.225789  0.18375 0.312814 0.0776481  0.194873  0.124877 0.0373832  0.548788 0.0164303
(1,2,(3,4)); -3727.94  0 18.7602 8.57031 25.0032 -3763.14  0.25303  0.22749 0.182232 0.337247  0.0991956    0.24395   0.134687  0.0247197    0.48824 0.00920727
(1,2,(3,4)); -3727.09  0 18.1914 8.18972 25.7737 -3762.87 0.273418 0.230846 0.176459 0.319277 0.0591252  0.222666  0.168196  0.040652   0.49279 0.0165706
(1,2,(3,4)); -3743.25  0 18.2726 8.2075 14.6607 -3767.98 0.273683 0.250292 0.174094 0.301932 0.0894798  0.323966  0.157561  0.042029  0.371108 0.0158567
(1,2,(3,4)); -3728.03  0 20.9614 8.45472 23.7902 -3764.32 0.259855  0.23865 0.189555  0.31194 0.0721276  0.211072  0.119955 0.0617822  0.517091  0.017972
(1,2,(3,4)); -3725.43  0 20.9251 8.31925 25.7595 -3763.79 0.281792 0.221922 0.179993 0.316293 0.0737558  0.243095  0.143568 0.0506216  0.478789 0.0101708
(1,2,(3,4)); -3727.91  0 20.5315 8.37538 23.1404 -3763.2 0.245932 0.238893 0.182281 0.332893 0.0680892  0.242044   0.17469  0.020906  0.484254 0.0100172
(1,2,(3,4)); -3727.6  0 21.4142 8.53698 23.4283 -3763.91 0.277282  0.20973  0.17995 0.333037   0.088872    0.21216   0.155341  0.0378943   0.498563 0.00716912
(1,2,(3,4)); -3727.4  0 21.4103 8.24993 24.2389 -3764.8  0.24893 0.228497 0.191733  0.33084 0.0601416  0.272797  0.112524 0.0328394  0.505621 0.0160772
(1,2,(3,4)); -3724.69  0 22.5281 8.44226 25.844 -3764.62 0.272963  0.24207 0.180718 0.304249 0.0757328  0.232074  0.141996 0.0498988  0.487141 0.0131581
(1,2,(3,4)); -3735.22  0 14.439 8.23839 24.474 -3765.9 0.267323 0.234642 0.189011 0.309023 0.0764365  0.221713  0.105255 0.0308004  0.539465 0.0263295
(1,2,(3,4)); -3731.12  0 16.2578 8.22073 24.5053 -3763.66 0.274111 0.233616 0.178843 0.313429  0.109683  0.246168  0.153482 0.0293903  0.443876 0.0174009
(1,2,(3,4)); -3726.36  0 21.6147 8.31257 24.772 -3764.44 0.260111 0.246534 0.188037 0.305318 0.0601672   0.21681  0.138276 0.0300068  0.537905 0.0168348
(1,2,(3,4)); -3733.13  0 18.7855 8.13049 20.8952 -3764.69 0.262597 0.237943 0.187655 0.311805  0.075369  0.224762  0.168713 0.0430942  0.445349 0.0427125
(1,2,(3,4)); -3727.88  0 19.4887 8.35079 24.2755 -3763.29 0.277849 0.237534 0.177997  0.30662 0.0958928  0.265628  0.115704 0.0287304  0.469889 0.0241559
(1,2,(3,4)); -3735.56  0 19.5069 8.59937 17.5138 -3763.99 0.235298 0.227042 0.197587 0.340074  0.107045  0.222093  0.141076 0.0247314  0.474058 0.0309964
(1,2,(3,4)); -3726.05  0 20.1569 8.69384 26.2188 -3763.73 0.271377 0.229624 0.186666 0.312332  0.0754693   0.229043   0.166979   0.037814   0.482815 0.00787988
(1,2,(3,4)); -3723.24  0 21.8069 8.40801 27.3288 -3763.97 0.261553 0.227808 0.192216 0.318423  0.0726934   0.243745   0.139117  0.0332241   0.501339 0.00988213
(1,2,(3,4)); -3727.53  0 20.7394 8.50502 26.0024 -3765.77 0.256061 0.242617  0.18435 0.316972 0.0777109  0.221351  0.127919 0.0294144  0.520876 0.0227284
(1,2,(3,4)); -3731.18  0 16.5431 8.84693 24.032 -3762.91 0.269808 0.226082 0.193338 0.310771 0.0735529  0.226739  0.126124 0.0380879   0.53221 0.0032861
(1,2,(3,4)); -3725.73  0 20.5223 8.45059 25.885 -3763.68 0.266254 0.235379 0.169373 0.328995  0.0645319   0.262141   0.149505  0.0344561   0.481095 0.00827152
(1,2,(3,4)); -3732.63  0 16.0355 7.94125 22.7813 -3763.51 0.259022 0.221075 0.200583 0.319321 0.0934769  0.242817  0.110384 0.0329464  0.490988 0.0293885
(1,2,(3,4)); -3730  0 20.3021 8.51662 23.4407 -3765.22  0.27922 0.211712 0.180859 0.328209 0.0739013  0.229312  0.115881 0.0436442  0.531906 0.0053543
(1,2,(3,4)); -3724.57  0 21.8617 8.32175 25.8323 -3763.94 0.252859 0.242527 0.185304 0.319311 0.0748788  0.239635  0.122316 0.0286615  0.511516 0.0229933
(1,2,(3,4)); -3727  0 18.1806 8.09015 26.2216 -3763.31 0.267665 0.227156 0.192367 0.312813 0.0779769  0.256805  0.121278 0.0220983  0.510515 0.0113272
(1,2,(3,4)); -3726.14  0 20.5843 8.31176 24.657 -3763.07 0.272775 0.238146 0.169008 0.320071 0.0811881  0.213724  0.165612 0.0340233  0.481256  0.024197
(1,2,(3,4)); -3730.1  0 18.7776 8.0093 24.9948 -3765.86 0.266449 0.229665 0.179524 0.324362 0.0707083  0.267061  0.100412 0.0511554  0.496873 0.0137896
(1,2,(3,4)); -3727.57  0 19.8815 8.18207 25.4936 -3764.76 0.272827 0.232192 0.188655 0.306326 0.0820859  0.283144  0.115469 0.0339205   0.47387 0.0115098
(1,2,(3,4)); -3725.88  0 21.9987 8.46403 25.2825 -3764.7 0.266096 0.235351 0.166872  0.33168  0.0678431   0.259795   0.126216   0.044915   0.492837 0.00839432
(1,2,(3,4)); -3729.6  0 19.2449 8.53974 23.2963 -3763.6 0.253946 0.229149  0.17949 0.337416 0.0748795  0.193121  0.140399 0.0549034  0.526206 0.0104899
(1,2,(3,4)); -3729.46  0 18.5199 8.67249 25.5107 -3764.82 0.282861 0.234926 0.177299 0.304915 0.0813906  0.253223  0.116812 0.0424871  0.489264 0.0168234
(1,2,(3,4)); -3726.23  0 19.1113 8.25958 26.8924 -3763.98 0.260265 0.228903 0.190112 0.320719  0.084096  0.249757  0.119271 0.0260843  0.507891 0.0129016
(1,2,(3,4)); -3727.86  0 20.2768 8.07257 24.8629 -3764.93 0.266222 0.229929 0.189038 0.314812 0.0883207  0.190348  0.132335 0.0432649  0.535977 0.0097544
(1,2,(3,4)); -3729.78  0 19.0449 8.51112 25.6865 -3766 0.271422 0.220524 0.177303 0.330751  0.0855781   0.212913   0.135899  0.0473084   0.508685 0.00961608
(1,2,(3,4)); -3729.62  0 20.9296 8.61499 24.132 -3766.07 0.259865 0.232023 0.173322 0.334789 0.0935883  0.255289  0.151516 0.0474113  0.437708 0.0144876
(1,2,(3,4)); -3728.26  0 22.5346 8.34337 24.4402 -3766.89 0.272554 0.235079 0.172519 0.319848 0.0629682  0.292587  0.105905  0.030532  0.490513 0.0174938
(1,2,(3,4)); -3736.2  0 17.258 8.05125 19.3431 -3764.75 0.292492 0.218264 0.162473 0.326771 0.0672231  0.197052  0.130896 0.0558139  0.527475  0.021539
(1,2,(3,4)); -3730.14  0 19.2192 8.06713 23.2292 -3764.52 0.275126 0.228321  0.17806 0.318494 0.0476161  0.250359   0.11018 0.0414006  0.523209 0.0272349
(1,2,(3,4)); -3727.68  0 18.9893 8.29929 25.8217 -3764.19 0.274259 0.230924 0.185891 0.308927  0.057314  0.222237  0.131064 0.0285598  0.547734 0.0130916
(1,2,(3,4)); -3725.08  0 20.8332 8.62154 26.1399 -3763.43 0.276683 0.234771 0.175122 0.313423 0.0798136  0.252724  0.162049 0.0303974  0.460074 0.0149413
(1,2,(3,4)); -3728.99  0 19.2874 8.39559 24.317 -3764.2  0.26616 0.244346 0.188357 0.301137 0.0643612  0.245031  0.107914 0.0275071  0.539852 0.0153354
(1,2,(3,4)); -3726.92  0 21.3108 8.22746 23.9832 -3763.99 0.271901 0.243076 0.172969 0.312054 0.0470822  0.276797  0.138944 0.0336555  0.487874 0.0156467
(1,2,(3,4)); -3730.5  0 19.3575 8.5175 21.3924 -3762.73 0.249876 0.247447 0.179376 0.323301 0.0910885  0.230365 0.0907922 0.0234296   0.54704 0.0172848
(1,2,(3,4)); -3728.78  0 21.4692 8.44618 24.307 -3766.11 0.273508  0.22922 0.181987 0.315286  0.089096   0.24531  0.129587 0.0562696  0.454395 0.0253422
(1,2,(3,4)); -3726.16  0 19.2209 8.38556 25.866 -3762.86 0.271921 0.228144  0.18113 0.318805 0.0514913  0.244482  0.142521 0.0246235  0.519092  0.017791
(1,2,(3,4)); -3724.64  0 19.7817 8.58262 27.2389 -3763.08 0.267913 0.229735 0.181814 0.320537 0.0727447  0.223213  0.162221 0.0312262  0.499593  0.011002
(1,2,(3,4)); -3733.56  0 18.8602 8.41054 23.7595 -3767.77 0.280087 0.226991 0.175502  0.31742 0.0978786  0.248153  0.148221 0.0468793   0.43664 0.0222287
(1,2,(3,4)); -3731.69  0 16.8737 8.52451 24.1934 -3764.24 0.279591 0.224556  0.17894 0.316914 0.0854773  0.257427  0.106175  0.025472  0.497276  0.028173
(1,2,(3,4)); -3722.57  0 22.2935 8.35736 26.868 -3763.38 0.276078 0.229576 0.185633 0.308713 0.0758595  0.246361  0.147764 0.0251403  0.494073 0.0108031
(1,2,(3,4)); -3729.09  0 22.2518 8.53524 21.6229 -3764.42 0.281564 0.233053 0.175046 0.310336    0.12414   0.191664   0.140702  0.0324367   0.502616 0.00844145
(1,2,(3,4)); -3730.85  0 20.5933 8.43833 22.0216 -3765.03  0.25786  0.24579 0.193116 0.303234  0.115186  0.250567  0.132587 0.0283315   0.45352 0.0198075
(1,2,(3,4)); -3731.96  0 18.1852 8.28673 21.454 -3763.31 0.276187 0.244698 0.185638 0.293477 0.0997816  0.233408  0.152644 0.0181504  0.474846   0.02117
(1,2,(3,4)); -3740.67  0 9.94852 8.49217 25.1901 -3767.32 0.274711 0.233816 0.181601 0.309872 0.0920857  0.223959  0.155461 0.0512095  0.463541 0.0137433
(1,2,(3,4)); -3726.42  0 21.2366 8.32469 26.1972 -3765.52 0.262357 0.241348  0.18041 0.315884 0.0620451  0.256524  0.152708 0.0361687  0.472753  0.019801
(1,2,(3,4)); -3722.94  0 21.9941 8.39293 27.8754 -3764.42 0.272742 0.230947 0.184044 0.312267 0.0753528  0.238264  0.133075  0.035163  0.506283  0.011862
(1,2,(3,4)); -3726.11  0 21.217 8.17744 23.6384 -3762.79 0.268132 0.232622 0.180456  0.31879 0.0648605  0.199454  0.177361 0.0217405  0.514057 0.0225266
(1,2,(3,4)); -3728.13  0 19.3468 8.76279 26.5382 -3765.26 0.264587 0.226948 0.179759 0.328706 0.0855785  0.235195  0.119155 0.0478637   0.50199 0.0102172
(1,2,(3,4)); -3731.02  0 20.8441 8.54856 24.1322 -3767.45 0.255492 0.232924 0.174036 0.337548 0.0770982  0.274117  0.158694  0.024908  0.449946 0.0152374
(1,2,(3,4)); -3731.03  0 19.9859 8.38783 19.7785 -3762.41 0.266183 0.208029 0.187893 0.337895  0.0896109   0.228803   0.126789  0.0485189   0.504002 0.00227523
(1,2,(3,4)); -3732.47  0 20.7284 8.43196 21.5656 -3766.33 0.255625  0.24941 0.172376 0.322589  0.0825805   0.245169   0.106212  0.0645576   0.493761 0.00771933
(1,2,(3,4)); -3726.17  0 19.9085 8.25784 24.8331 -3762.66 0.268101 0.222165 0.179339 0.330395 0.0518675  0.253884  0.153197  0.032121  0.485439 0.0234915
(1,2,(3,4)); -3732.22  0 16.8907 8.41711 24.2855 -3764.98 0.277641 0.242827 0.180111 0.299421 0.0789669   0.21423  0.156076 0.0413334  0.488003 0.0213902
(1,2,(3,4)); -3727.06  0 22.4462 8.38733 22.6821 -3763.8 0.259287 0.231321 0.178157 0.331235  0.0509076    0.28248   0.160033  0.0454311   0.453835 0.00731346
(1,2,(3,4)); -3726.71  0 22.4235 8.40188 24.0161 -3764.75 0.287012 0.225527 0.171596 0.315866 0.0756755  0.200997  0.138972 0.0497875   0.52232 0.0122476
(1,2,(3,4)); -3732.63  0 21.4068 8.37758 20.1304 -3765.79 0.273075  0.21816 0.172276 0.336489 0.0881016  0.246379  0.123574  0.051708  0.450165 0.0400726
(1,2,(3,4)); -3728.02  0 21.2967 8.49771 24.0377 -3764.86  0.24915 0.243679 0.185473 0.321698 0.0674438  0.264877  0.105946 0.0242055  0.526056 0.0114709
(1,2,(3,4)); -3727.68  0 19.4195 8.38533 25.6695 -3764.38 0.281561 0.215127 0.182301 0.321011 0.0768054  0.256893  0.115405 0.0347355  0.505457 0.0107043
(1,2,(3,4)); -3727.63  0 22.0497 8.53483 23.9383 -3765.09 0.279638 0.223828 0.164014  0.33252  0.069048  0.238543   0.11527 0.0474314  0.516126 0.0135815
(1,2,(3,4)); -3724.78  0 21.3626 8.59483 26.2784 -3763.83 0.263573  0.22959 0.189022 0.317816 0.0557143  0.255518  0.138677 0.0449652  0.491053 0.0140731
(1,2,(3,4)); -3726.71  0 18.613 8.53767 25.8191 -3762.61 0.270974 0.230419 0.176837 0.321769 0.0533102  0.232994  0.160176 0.0423672  0.500188 0.0109642
(1,2,(3,4)); -3724.93  0 21.3586 8.25829 24.6464 -3762.68 0.266879 0.242084 0.171367  0.31967  0.0814409   0.247353   0.162424  0.0222386   0.480439 0.00610438
(1,2,(3,4)); -3730.01  0 21.9787 8.21751 21.7529 -3765.53 0.242685 0.249933 0.181473 0.325909 0.0701351  0.292658  0.118098 0.0228438  0.479664 0.0166019
(1,2,(3,4)); -3722.92  0 22.399 8.42635 26.7484 -3763.64 0.272652  0.22939 0.186825 0.311133  0.0773778   0.249186   0.150497   0.023785   0.489523 0.00963032
(1,2,(3,4)); -3728.97  0 19.1621 8.20244 25.9549 -3765.88 0.266624 0.222183 0.181084 0.330109  0.072036  0.281896  0.139184 0.0328951  0.457824 0.0161652
(1,2,(3,4)); -3726.11  0 20.594 8.59462 26.2674 -3764.38 0.278319  0.22023 0.183215 0.318236 0.0778757  0.267685   0.11776 0.0386857  0.483782 0.0142118
(1,2,(3,4)); -3729.88  0 21.2456 8.63376 23.2135 -3765.71 0.281417 0.221564 0.175252 0.321767  0.102456  0.221742  0.144156 0.0513499  0.458176 0.0221199
(1,2,(3,4)); -3727.2  0 21.2507 8.3404 24.1943 -3764.3 0.269895 0.238448 0.170936 0.320721 0.0647272  0.229409  0.109878 0.0407614  0.526189 0.0290354
(1,2,(3,4)); -3726.25  0 22.1296 8.30633 24.7892 -3764.86  0.26332 0.228982 0.195316 0.312383  0.071214  0.211047   0.17779 0.0323639  0.494283  0.013302
(1,2,(3,4)); -3723.79  0 22.1559 8.25138 24.594 -3762.29 0.273898 0.232584 0.163696 0.329821 0.0676245  0.212089  0.149098  0.026418  0.531518 0.0132524
(1,2,(3,4)); -3730.57  0 17.4534 8.29983 23.6758 -3763.4 0.280378 0.235885 0.165904 0.317833 0.0910231  0.197165  0.135019 0.0473839  0.515641 0.0137671
(1,2,(3,4)); -3725.01  0 22.6231 8.32993 24.0063 -3763.31 0.266801 0.234907 0.192908 0.305384 0.0701965   0.27596  0.149023 0.0173888  0.473778 0.0136535
(1,2,(3,4)); -3724.93  0 21.1191 8.25603 25.4852 -3763.27   0.2608 0.232913 0.184206 0.322081  0.0948683    0.25566   0.150989  0.0204467   0.468739 0.00929682
(1,2,(3,4)); -3727.17  0 19.742 8.28069 24.8251 -3763.46 0.277506 0.216337 0.182253 0.323905  0.073568  0.247272  0.153417 0.0524108  0.462336 0.0109957
(1,2,(3,4)); -3725.21  0 21.3182 8.23677 25.7752 -3764.07 0.263694 0.242942 0.186252 0.307112 0.0947277  0.232703  0.151995 0.0268181  0.481813 0.0119419
(1,2,(3,4)); -3730.04  0 20.4357 8.43296 21.1912 -3763.23 0.268303 0.227686 0.174572 0.329438 0.0528771  0.298785  0.153311 0.0237789  0.443107 0.0281415
(1,2,(3,4)); -3732.9  0 19.9185 8.58266 21.6193 -3765.85 0.267488 0.234575 0.168266 0.329672 0.0568002  0.262063  0.103479  0.049143  0.497113 0.0314009
(1,2,(3,4)); -3726.03  0 22.2994 8.49809 24.2669 -3764.1 0.263065 0.224736 0.179164 0.333035  0.0782631   0.240651   0.179645  0.0429262   0.449639 0.00887632
(1,2,(3,4)); -3726.71  0 21.2719 8.48918 24.2715 -3763.76 0.267886  0.22031 0.184637 0.327167  0.081908  0.294111    0.1212 0.0238794  0.459121 0.0197798
(1,2,(3,4)); -3726.88  0 20.631 8.58485 24.1398 -3763.07 0.250179 0.238612 0.184551 0.326658  0.058391  0.217262  0.115379 0.0411307   0.55063 0.0172081
(1,2,(3,4)); -3727.4  0 20.3333 8.64304 25.2009 -3764.29 0.282998 0.225909 0.175696 0.315397 0.0790447  0.237183    0.1405 0.0521031  0.471441 0.0197282
(1,2,(3,4)); -3729.95  0 18.3517 8.15759 23.8767 -3764.02 0.278266  0.24039 0.166111 0.315233 0.0530603  0.253378  0.123574 0.0371043  0.511046 0.0218375
(1,2,(3,4)); -3727.76  0 19.4169 8.44426 24.5744 -3763.31 0.256258 0.239077 0.183083 0.321582  0.0959782   0.209619    0.14625  0.0393604   0.503757 0.00503589
(1,2,(3,4)); -3728.64  0 17.8715 8.2381 26.2282 -3764.5 0.267212 0.216466 0.189548 0.326774  0.076699  0.240341  0.133666 0.0449556  0.487973 0.0163655
(1,2,(3,4)); -3726.54  0 20.6648 8.46958 25.8889 -3764.62 0.259178 0.240752 0.174087 0.325983  0.094442  0.239473  0.139696  0.043536   0.46791 0.0149433
(1,2,(3,4)); -3729.7  0 21.5999 8.57896 23.0677 -3765.78 0.269183 0.250917 0.162772 0.317129 0.0933503  0.255613  0.123916 0.0452863  0.468365   0.01347
(1,2,(3,4)); -3728.05  0 19.8961 8.03795 24.11 -3764.01 0.249178 0.230635 0.180865 0.339323  0.0688298   0.235313   0.108534   0.035795   0.542757 0.00877135
(1,2,(3,4)); -3726.55  0 21.7027 8.42891 24.4997 -3764.33 0.281255 0.232243 0.167822 0.318681 0.0883222   0.22739  0.158239 0.0467973  0.463784 0.0154671
(1,2,(3,4)); -3729.36  0 17.2257 8.24704 22.7563 -3761.1  0.25583 0.227131 0.184003 0.333036 0.0484922  0.255355   0.14823 0.0206535  0.500872 0.0263974
(1,2,(3,4)); -3727.65  0 18.6865 8.16558 24.8355 -3763.01 0.284806 0.232035   0.1638 0.319359 0.0733183  0.236565   0.14502 0.0270924  0.499384 0.0186198
(1,2,(3,4)); -3726.38  0 19.1773 8.34633 27.2143 -3764.43 0.279505 0.228744 0.177515 0.314236 0.0783432  0.239033   0.14296 0.0300899  0.492344 0.0172298
(1,2,(3,4)); -3724.51  0 21.6794 8.29983 25.4607 -3763.35 0.272736 0.221709  0.18588 0.319674 0.0735351    0.2874  0.140714 0.0270256  0.454901 0.0164243
(1,2,(3,4)); -3725.8  0 20.1446 8.36141 24.1316 -3761.71 0.256617 0.232379 0.171889 0.339115   0.06285  0.221844  0.132679  0.027436  0.529396 0.0257954
(1,2,(3,4)); -3727.26  0 20.9507 8.31119 24.3339 -3764.24 0.254891 0.223951 0.190533 0.330624 0.0611818  0.228134  0.132659 0.0577995  0.506953 0.0132723
(1,2,(3,4)); -3727.96  0 22.0573 8.4744 22.9441 -3764.49 0.286216  0.22135 0.180616 0.311818  0.0952779   0.206897    0.14848  0.0519823   0.490521 0.00684174
(1,2,(3,4)); -3727.6  0 21.6975 8.54186 23.8297 -3764.58 0.254314 0.218168 0.198416 0.329102 0.0961883  0.210789  0.129978 0.0357638  0.511633  0.015648
(1,2,(3,4)); -3726.59  0 22.193 8.4066 24.9078 -3765.28 0.259143  0.22364 0.179665 0.337552 0.0891965  0.217978  0.124225 0.0476258  0.500483 0.0204917
(1,2,(3,4)); -3725.37  0 20.385 8.52803 25.9887 -3763.22 0.280803 0.225358 0.171963 0.321877  0.0695526   0.228738   0.145364  0.0409828   0.507514 0.00784872
(1,2,(3,4)); -3728.41  0 21.0965 8.38373 23.3525 -3764.48 0.260433 0.245493 0.179857 0.314216 0.0585333  0.205355  0.160309 0.0477742  0.503428 0.0246007
(1,2,(3,4)); -3724.96  0 20.5611 8.57425 27.1572 -3764.11 0.264775 0.227367 0.179266 0.328591 0.0680662  0.243156  0.119537 0.0320882  0.519035 0.0181171
(1,2,(3,4)); -3730.01  0 16.5161 8.27039 26.5263 -3764.79  0.25843 0.226028 0.194626 0.320916 0.0793076  0.220327  0.131576 0.0319494  0.524123 0.0127167
(1,2,(3,4)); -3727.12  0 19.6502 8.54914 25.5676 -3763.79 0.259512 0.238803 0.188216 0.313469  0.0933211   0.215586     0.1455  0.0460871   0.490319 0.00918662
(1,2,(3,4)); -3727.2  0 22.301 8.4527 23.4561 -3764.51  0.26743 0.250073 0.188507  0.29399  0.0724864   0.234794   0.145033  0.0273332   0.513519 0.00683429
(1,2,(3,4)); -3727.08  0 21.1037 8.30317 23.7155 -3763.6 0.279514  0.21977 0.182309 0.318406 0.0512584  0.251094  0.123911 0.0320706  0.536547 0.0051189
(1,2,(3,4)); -3726.6  0 20.5795 8.56375 25.4004 -3764.01 0.268143 0.234315 0.184316 0.313226  0.103435  0.232552  0.143067 0.0212585  0.480601 0.0190858
(1,2,(3,4)); -3728.66  0 19.2647 8.21377 24.9422 -3764.65 0.253806 0.226913 0.193366 0.325915 0.0880515  0.229618  0.109615 0.0359583  0.515863 0.0208942
(1,2,(3,4)); -3727.4  0 20.2239 8.22813 25.1022 -3764.5 0.264562 0.232718 0.172427 0.330293 0.0609247  0.241285  0.154411 0.0451526  0.474808 0.0234188
(1,2,(3,4)); -3727.59  0 20.4324 8.53596 24.242 -3763.72 0.260939  0.22153 0.176371 0.341161 0.0580688  0.246169  0.131617 0.0204362  0.529379 0.0143302
(1,2,(3,4)); -3728.96  0 19.4177 8.12484 24.511 -3764.76 0.274809 0.226251 0.191164 0.307776  0.107384  0.223772  0.154542 0.0330259  0.465954 0.0153217
(1,2,(3,4)); -3735.25  0 15.1351 8.33008 24.762 -3766.82 0.273231 0.224321 0.189972 0.312476 0.0810376  0.216032  0.110881 0.0508384  0.522635 0.0185758
(1,2,(3,4)); -3726.83  0 20.7849 8.63013 23.6457 -3762.63 0.253639 0.238852 0.169192 0.338317  0.0736934   0.241743   0.126588  0.0206284   0.529936 0.00741032
(1,2,(3,4)); -3729.85  0 20.1003 8.27894 23.2437 -3764.92  0.26838  0.21288 0.186828 0.331912 0.0860105  0.281987  0.133617 0.0466656  0.439168 0.0125518
(1,2,(3,4)); -3727.62  0 22.3389 8.34777 22.2381 -3763.85  0.25001 0.220411 0.182899  0.34668 0.0814065  0.251198  0.120748 0.0168217  0.518446 0.0113802
(1,2,(3,4)); -3732.27  0 20.1794 8.28476 21.5719 -3765.74 0.254345 0.232354 0.204284 0.309017 0.0625915  0.233332  0.157708   0.05996  0.472482 0.0139264
