tree logl logTop logBL logPrior logQ logWt pi1 pi2 pi3 pi4 s1 s2 s3 s4 s5 s6
(1,2,(3,4)); -3730.95  0 18.8549 8.13336 23.4823 -3765.16 0.238312 0.240836 0.182567 0.338285 0.0627753  0.220996  0.163798 0.0322539  0.500844 0.0193328
(1,2,(3,4)); -3727.98  0 21.1856 8.31442 23.8457 -3764.7 0.286524  0.23739 0.177621 0.298465  0.100311  0.219378  0.140538 0.0347636  0.488647 0.0163619
(1,2,(3,4)); -3724.24  0 21.59 8.4008 27.0205 -3764.45 0.258836 0.233105 0.183766 0.324293 0.0931111  0.233291  0.126164 0.0391871  0.490259 0.0179881
(1,2,(3,4)); -3728.93  0 19.9721 8.51772 24.6811 -3765.06 0.261424 0.241687 0.176697 0.320192 0.0782717  0.228774  0.105976 0.0500702  0.516288 0.0206201
(1,2,(3,4)); -3727.67  0 21.521 8.61196 22.7327 -3763.32 0.273148 0.216338 0.179219 0.331295 0.0933361  0.256997  0.101933 0.0212128  0.510819 0.0157012
(1,2,(3,4)); -3730.22  0 18.2292 8.84219 25.349 -3764.96   0.2791 0.207273 0.181092 0.332536  0.076177  0.233758  0.143401 0.0278101  0.503803 0.0150509
(1,2,(3,4)); -3726.12  0 19.8485 8.66251 26.89 -3764.2 0.268138 0.222617  0.18158 0.327665 0.0799456  0.213334  0.144398 0.0401463   0.50425 0.0179261
(1,2,(3,4)); -3726.26  0 20.7877 8.25888 25.1544 -3763.94 0.277109 0.228352  0.18689  0.30765 0.0957081  0.234599  0.144208 0.0440726  0.465637 0.0157757
(1,2,(3,4)); -3725.39  0 20.7958 8.44108 25.4653 -3763.21   0.2715 0.227694 0.178071 0.322735  0.102272  0.242855  0.147563 0.0224033  0.464911 0.0199958
(1,2,(3,4)); -3725.62  0 19.9094 8.53296 27.6277 -3764.62  0.26546 0.238971 0.180596 0.314972  0.081609  0.255486  0.136726 0.0250273  0.484745 0.0164061
(1,2,(3,4)); -3726.79  0 20.0065 8.37006 24.3206 -3762.74 0.269038 0.227004 0.197949 0.306008 0.0639138  0.274329  0.132105 0.0286101   0.49034  0.010702
(1,2,(3,4)); -3724.97  0 22.4721 8.41477 24.9918 -3764.02 0.258575 0.244352 0.177345 0.319727 0.0696589  0.199353  0.126362 0.0341629  0.545945 0.0245183
(1,2,(3,4)); -3728.4  0 18.0666 8.06722 26.3669 -3764.76 0.262805 0.230023 0.184435 0.322737 0.0736651  0.239889  0.137015  0.047434  0.477816 0.0241811
(1,2,(3,4)); -3727.89  0 21.5131 8.30678 23.56 -3764.66  0.25975 0.229403 0.188683 0.322164 0.0902494  0.275485  0.131416 0.0505859  0.439792 0.0124722
(1,2,(3,4)); -3728.56  0 20.9696 8.55323 22.9116 -3763.89 0.257886 0.231401 0.170401 0.340312  0.0752983   0.210657   0.175781  0.0509164   0.477864 0.00948428
(1,2,(3,4)); -3730.35  0 19.3974 8.33263 22.2141 -3763.63 0.248395 0.241801 0.170564  0.33924 0.0532739   0.23119  0.117837 0.0397755  0.531829 0.0260951
(1,2,(3,4)); -3726.98  0 22.1548 8.44894 23.8913 -3764.58  0.24112 0.234846 0.181467 0.342568 0.0695693  0.216569   0.13485 0.0408636  0.516776 0.0213716
(1,2,(3,4)); -3729.37  0 17.6463 8.29757 25.2514 -3763.97 0.261348 0.219683 0.194487 0.324482 0.0920918  0.219958  0.124494 0.0307463  0.515271 0.0174384
(1,2,(3,4)); -3726.26  0 19.736 8.35359 25.6644 -3763.31 0.261229 0.233496  0.17867 0.326604 0.0616538  0.255829  0.174305 0.0238951  0.471901  0.012416
(1,2,(3,4)); -3733.16  0 15.4323 8.70265 25.8407 -3765.73 0.261607 0.231978 0.173366 0.333049 0.0870592  0.224312  0.159788 0.0458782  0.469146 0.0138161
(1,2,(3,4)); -3727.52  0 20.124 8.57776 26.1579 -3765.22 0.271731 0.225643  0.18164 0.320986 0.0950354  0.238454  0.161817  0.026754  0.463978 0.0139611
(1,2,(3,4)); -3724.55  0 21.9643 8.51376 26.0987 -3764.1 0.280866 0.225987 0.184741 0.308406 0.0883457  0.227336  0.146885 0.0372247  0.484629 0.0155804
(1,2,(3,4)); -3725.97  0 21.41 8.37714 25.2531 -3764.25 0.261549 0.223244 0.172609 0.342598 0.0826888  0.231954   0.11884 0.0411878   0.51237 0.0129598
(1,2,(3,4)); -3729.99  0 16.9628 8.6274 27.0766 -3765.4 0.261784 0.249027  0.17409 0.315099 0.0751411   0.23167  0.145858 0.0357163  0.492409 0.0192057
(1,2,(3,4)); -3732.81  0 18.8823 8.34228 21.6389 -3764.99 0.254673 0.219167 0.185392 0.340768 0.0761752  0.191729  0.173687  0.048565  0.489959 0.0198842
(1,2,(3,4)); -3726.81  0 22.047 8.37243 25.333 -3765.82 0.259595 0.238399 0.172017 0.329988 0.0738021  0.266637  0.145329 0.0442997  0.450012 0.0199201
(1,2,(3,4)); -3727.93  0 20.341 8.45564 24.0228 -3763.84 0.266286 0.235315 0.177111 0.321288 0.0663991  0.255208  0.115945 0.0332881   0.49145  0.037709
(1,2,(3,4)); -3729.06  0 19.2612 8.38355 24.8553 -3764.79 0.261635 0.225969 0.190523 0.321873 0.0742658  0.239978  0.109448 0.0482336  0.507916 0.0201587
(1,2,(3,4)); -3728.32  0 21.6855 8.42777 21.2903 -3762.86 0.247728 0.229922 0.199322 0.323029 0.0760028  0.261671   0.12465 0.0222022  0.479752 0.0357223
(1,2,(3,4)); -3729.02  0 22.6783 8.40372 23.4373 -3766.73 0.250632 0.244469 0.170574 0.334325  0.106902  0.241193  0.143637 0.0212492  0.468771  0.018248
(1,2,(3,4)); -3728.06  0 18.3831 8.28145 26.8235 -3764.99 0.265546 0.237149 0.179539 0.317766 0.0735729  0.248708  0.137332 0.0380387  0.475529 0.0268197
(1,2,(3,4)); -3726.55  0 21.0749 8.362 23.51 -3762.77 0.276185  0.22789 0.169281 0.326644  0.0777078   0.189762   0.141417  0.0485837   0.532657 0.00987251
(1,2,(3,4)); -3722.7  0 21.4883 8.28457 28.1044 -3764.01  0.27092 0.230039 0.179782 0.319259 0.0706965  0.237638  0.141607 0.0317869  0.499075 0.0191958
(1,2,(3,4)); -3735.23  0 18.178 8.52358 18.8714 -3763.76 0.256096 0.243211 0.191274 0.309419 0.0500439   0.20345  0.187531 0.0416601  0.484898 0.0324166
(1,2,(3,4)); -3728.36  0 22.5663 8.55275 22.8543 -3765.23  0.28563 0.217203 0.169756 0.327411 0.0765946  0.238963  0.165492 0.0452213  0.455017 0.0187123
(1,2,(3,4)); -3727.12  0 21.5238 8.64434 24.0241 -3764.02 0.272712 0.240123 0.173493 0.313672  0.0927192   0.265797   0.162404  0.0253918   0.445442 0.00824531
(1,2,(3,4)); -3725.21  0 19.9894 8.28285 27.5018 -3764.42 0.274426 0.225279 0.179064 0.321231 0.0776623  0.245706  0.151823 0.0279024  0.482481 0.0144257
(1,2,(3,4)); -3726.9  0 16.7145 8.37342 27.0211 -3762.26 0.267366 0.227733  0.18614 0.318761 0.0880588  0.254205  0.143132 0.0247834  0.473762 0.0160589
(1,2,(3,4)); -3722.59  0 21.8873 8.42497 27.8985 -3763.95 0.257523 0.241568 0.181563 0.319346 0.0706974  0.227234   0.14127 0.0292395   0.51654 0.0150201
(1,2,(3,4)); -3729.63  0 21.3948 8.2916 22.0532 -3764.79 0.257165 0.256385  0.18942 0.297031 0.0638739  0.275543  0.117171 0.0353423  0.490655 0.0174149
(1,2,(3,4)); -3732.26  0 20.4238 8.38382 19.6577 -3763.96    0.287 0.223348 0.159272 0.330381  0.100426  0.203394  0.174167 0.0389638  0.464256 0.0187936
(1,2,(3,4)); -3731.93  0 15.1482 8.62488 25.6299 -3764.09 0.258284 0.235541 0.178806 0.327369 0.0851471  0.191821  0.157198 0.0317136  0.523425 0.0106959
(1,2,(3,4)); -3725.79  0 21.8612 8.42897 25.4687 -3764.69  0.28071 0.226252  0.16779 0.325248 0.0651131  0.233266  0.163682 0.0255415   0.49953 0.0128675
(1,2,(3,4)); -3728.28  0 19.2463 8.4447 25.1323 -3764.21 0.252812 0.221913 0.192642 0.332633 0.0914675  0.237082  0.135279 0.0233061  0.495206   0.01766
(1,2,(3,4)); -3727.17  0 18.6898 8.55016 26.1808 -3763.49 0.265488 0.239931 0.181514 0.313067  0.0916991    0.24238    0.11613  0.0350857   0.506059 0.00864621
(1,2,(3,4)); -3725.85  0 19.4117 8.60531 27.2494 -3763.91 0.261932 0.236013 0.173568 0.328487 0.0930358  0.220597    0.1474 0.0306284   0.49231 0.0160283
(1,2,(3,4)); -3728.5  0 18.8467 8.29021 26.427 -3765.49 0.259373 0.243631 0.169173 0.327824 0.0648744  0.253692  0.125224 0.0371619  0.502046 0.0170013
(1,2,(3,4)); -3725.66  0 20.3844 8.33671 26.5327 -3764.24 0.254918 0.243293 0.169342 0.332448  0.0752015   0.243342   0.141621  0.0308851    0.49939 0.00956034
(1,2,(3,4)); -3725.87  0 20.4179 8.59397 24.866 -3762.56 0.284555 0.221023 0.179566 0.314857  0.091892  0.252305  0.151668 0.0264942  0.462233 0.0154082
(1,2,(3,4)); -3726.25  0 20.813 8.58356 25.0553 -3763.54 0.269757 0.216919 0.179322 0.334003 0.0764986  0.199399  0.156312 0.0291531  0.521224 0.0174124
(1,2,(3,4)); -3728.58  0 21.5479 8.40772 22.1095 -3763.83 0.270414 0.253477 0.176124 0.299985  0.0804572   0.197041   0.123596  0.0305941    0.55981 0.00850159
(1,2,(3,4)); -3725.04  0 20.7113 8.16046 26.8619 -3764.45 0.271219 0.229245 0.181575  0.31796 0.0888118  0.223803  0.127256 0.0342038  0.502408 0.0235176
(1,2,(3,4)); -3726.41  0 19.9095 8.16434 26.4048 -3764.56 0.258898 0.247622 0.182056 0.311424 0.0735985  0.216777  0.130889 0.0325577   0.53526 0.0109175
(1,2,(3,4)); -3729.85  0 22.284 8.49867 21.0775 -3764.71 0.262504 0.255936 0.187196 0.294364 0.0848372  0.226596  0.111726 0.0353505    0.5113 0.0301901
(1,2,(3,4)); -3726.39  0 19.5197 8.11011 26.2549 -3764.06 0.262472 0.237812 0.179595 0.320122 0.0753995  0.220473  0.151617 0.0240123  0.499539 0.0289595
(1,2,(3,4)); -3725.4  0 20.7676 8.55417 26.4642 -3764.08 0.254936 0.224385 0.183375 0.337305 0.0768099  0.247492  0.127297 0.0272032  0.502544 0.0186538
(1,2,(3,4)); -3730.85  0 18.137 8.64161 25.5596 -3765.91 0.268518 0.241292 0.160527 0.329663 0.0781368  0.258542  0.139847 0.0292431  0.478981 0.0152498
(1,2,(3,4)); -3730.18  0 20.1519 8.55521 23.1576 -3764.93 0.269493 0.240225 0.189308 0.300973 0.0884933  0.249714  0.169675 0.0422162  0.437754 0.0121476
(1,2,(3,4)); -3728.03  0 17.5533 8.59442 26.8774 -3763.87 0.258595 0.240292 0.181949 0.319164 0.0717827  0.204728  0.142957 0.0300594  0.537239 0.0132331
(1,2,(3,4)); -3724.85  0 21.7629 8.48432 25.9028 -3764.04   0.2677 0.238377 0.175749 0.318175 0.0697297  0.254151  0.158654 0.0233505  0.468541  0.025574
(1,2,(3,4)); -3723.91  0 22.4645 8.52683 26.3766 -3764.23 0.253124 0.226411 0.191974 0.328491  0.067595  0.234021  0.132441 0.0268294  0.523732 0.0153823
(1,2,(3,4)); -3728.8  0 18.9424 8.08513 23.6154 -3763.27 0.251881 0.218807 0.184872 0.344441  0.0653613   0.237965   0.148935  0.0448504   0.494347 0.00854167
(1,2,(3,4)); -3733.25  0 15.9072 8.41446 23.527 -3764.27 0.283628 0.240216  0.17251 0.303646  0.107965  0.230241   0.14859 0.0302368  0.465918 0.0170498
(1,2,(3,4)); -3724.49  0 21.2539 8.36311 26.7909 -3764.17 0.262914 0.240756 0.176731 0.319598 0.0635314  0.247926  0.123761 0.0423911  0.511161 0.0112302
(1,2,(3,4)); -3726.45  0 18.4191 8.28454 27.417 -3764 0.265675 0.232483 0.174812 0.327031 0.0667178  0.241861  0.150396  0.038503  0.492504 0.0100184
(1,2,(3,4)); -3732.31  0 19.32 8.5544 19.2287 -3762.3 0.281306 0.222782 0.169786 0.326126 0.0786809  0.198741  0.197003 0.0205024  0.474876  0.030197
(1,2,(3,4)); -3728.24  0 21.0639 8.62205 23.7517 -3764.44 0.253853 0.225754 0.180227 0.340166 0.0643165  0.249439  0.143694 0.0306665  0.477675 0.0342091
(1,2,(3,4)); -3731.99  0 14.6547 8.23551 25.7112 -3764.12 0.261407 0.235198 0.170409 0.332986 0.0701473  0.225616  0.159796 0.0300347  0.486705 0.0277005
(1,2,(3,4)); -3727.69  0 20.8998 8.50787 24.8682 -3764.95 0.266229 0.237283 0.182203 0.314285 0.0938143  0.229028  0.180465  0.023942   0.46055 0.0122003
(1,2,(3,4)); -3728.37  0 18.266 8.38757 25.3871 -3763.64 0.279161 0.242449 0.168696 0.309695  0.082643  0.237055  0.127131 0.0256325  0.504347 0.0231917
(1,2,(3,4)); -3731.74  0 22.652 8.38584 19.5918 -3765.6 0.282772 0.216374 0.189127 0.311726   0.07547  0.186693  0.114866 0.0409611  0.553149 0.0288614
(1,2,(3,4)); -3727.76  0 17.7523 8.37353 26.5247 -3763.67 0.280611 0.226257 0.172064 0.321068 0.0757451  0.245735  0.126555 0.0265242   0.51365 0.0117911
(1,2,(3,4)); -3724.99  0 20.9629 8.20494 26.8654 -3764.62 0.258715 0.233497 0.180129 0.327659   0.05586  0.231996  0.143973 0.0377135  0.512543 0.0179148
(1,2,(3,4)); -3726.43  0 19.5572 8.18204 25.0426 -3762.84 0.271132 0.235037  0.18818 0.305651 0.0550007   0.23717  0.146177 0.0447576   0.50673 0.0101637
(1,2,(3,4)); -3733.95  0 15.5328 7.91451 21.8206 -3763.39 0.282767 0.245307  0.18012 0.291805 0.0719453  0.282165  0.131744  0.020352  0.479265 0.0145294
(1,2,(3,4)); -3725.45  0 20.9317 8.45154 25.0897 -3763.02 0.276674 0.229953  0.17291 0.320463 0.0860065  0.227968  0.116275 0.0211436  0.538459 0.0101477
(1,2,(3,4)); -3728.95  0 20.0372 8.70328 23.6322 -3763.92 0.249672 0.236488 0.180175 0.333664 0.0999152  0.239384  0.116379 0.0239745  0.492493 0.0278548
(1,2,(3,4)); -3724.39  0 21.1857 8.54127 27.6694 -3764.7 0.270098  0.23735 0.181106 0.311446 0.0708294  0.228114  0.145661 0.0324873  0.502316 0.0205922
(1,2,(3,4)); -3723.56  0 22.1554 8.33561 26.8831 -3764.26  0.25938 0.241251 0.176698 0.322672 0.0687021  0.224486  0.126917 0.0413863  0.527497 0.0110121
(1,2,(3,4)); -3724.1  0 21.6038 8.45124 26.425 -3763.67  0.26354 0.236071 0.173643 0.326746  0.061509  0.252594  0.134182 0.0265186  0.499617  0.025579
(1,2,(3,4)); -3729.74  0 19.2997 8.59407 23.0435 -3763.49 0.273602 0.237462 0.168647  0.32029 0.0536431    0.2612  0.151986 0.0529962  0.471275 0.0088993
(1,2,(3,4)); -3728.18  0 17.6599 8.16581 25.9804 -3763.66 0.258307 0.225569 0.190043  0.32608 0.0563424  0.248191  0.139526 0.0370811   0.49873 0.0201289
(1,2,(3,4)); -3727.43  0 20.2232 8.50948 25.7668 -3764.92 0.260561 0.237167 0.174424 0.327849  0.0893589   0.265233   0.134775  0.0349411    0.46844 0.00725177
(1,2,(3,4)); -3727.92  0 20.8504 8.51879 23.9522 -3764.2 0.268685  0.22249  0.18134 0.327484 0.0578834  0.226468   0.12353 0.0514853  0.515082 0.0255515
(1,2,(3,4)); -3735.1  0 18.3326 8.50766 20.049 -3764.98 0.252917  0.21218 0.198237 0.336667  0.0874824    0.24421   0.181031  0.0261667   0.451968 0.00914235
(1,2,(3,4)); -3728.57  0 20.6623 8.08844 23.7737 -3764.92 0.269947 0.252061   0.1751 0.302892 0.0761478  0.239607  0.104214  0.037756  0.525254 0.0170211
(1,2,(3,4)); -3725.35  0 20.0886 8.34538 25.7334 -3762.83 0.274232 0.223766 0.185311 0.316691 0.0919903  0.259981  0.132849 0.0367066  0.459884 0.0185896
(1,2,(3,4)); -3725.4  0 21.5856 8.41555 26.0004 -3764.57 0.268945 0.240525 0.171711 0.318819 0.0633528  0.255439  0.153804 0.0310901  0.471371 0.0249427
(1,2,(3,4)); -3724.83  0 22.2885 8.35351 25.8645 -3764.63 0.267558 0.240683  0.17862 0.313138 0.0975117  0.254266  0.114585 0.0366949  0.483014 0.0139278
(1,2,(3,4)); -3730.22  0 21.4584 8.39468 19.2431 -3762.53 0.282797 0.207563 0.184796 0.324844  0.0882613   0.281994   0.113998   0.037007   0.473488 0.00525147
(1,2,(3,4)); -3726.96  0 19.341 8.01235 25.3485 -3763.63 0.258936 0.248853 0.175659 0.316552 0.0526059  0.222294  0.142878 0.0355039  0.529009 0.0177095
(1,2,(3,4)); -3730.37  0 19.1342 8.36166 22.8942 -3764.04 0.255075 0.220502 0.179862 0.344562 0.0633414   0.24442  0.103307 0.0362064  0.535223 0.0175019
(1,2,(3,4)); -3725.67  0 20.2521 8.35647 24.1497 -3761.72 0.256164 0.243766 0.175916 0.324154  0.0727117   0.213596   0.131501  0.0429453   0.534323 0.00492299
(1,2,(3,4)); -3727.65  0 20.9365 8.20705 25.1585 -3765.54 0.253281 0.252511 0.182068 0.312141 0.0621867  0.263802  0.151094 0.0270896  0.479356 0.0164711
(1,2,(3,4)); -3725.48  0 21.0034 8.4837 24.8329 -3762.84 0.266141 0.231785 0.186096 0.315978 0.0485517  0.250143  0.145159 0.0469733  0.492706 0.0164663
(1,2,(3,4)); -3728.99  0 18.4721 8.66875 26.3307 -3765.13 0.262365 0.248699 0.169229 0.319707 0.0799327  0.226477  0.142759 0.0388947  0.490447 0.0214887
(1,2,(3,4)); -3726.01  0 20.3795 8.25608 25.7804 -3763.92 0.253669 0.233902 0.186195 0.326235 0.0757436  0.256318   0.15316 0.0187143  0.477794 0.0182694
(1,2,(3,4)); -3729.04  0 20.1558 8.22949 22.9605 -3763.93 0.265688 0.244052 0.178809 0.311452 0.0781968  0.185563  0.145034 0.0293115  0.528394 0.0335015
(1,2,(3,4)); -3730.62  0 19.7395 8.49663 22.1661 -3764.03  0.27604  0.21279 0.178203 0.332967 0.0658693  0.240085  0.155632 0.0582874  0.463008 0.0171184
(1,2,(3,4)); -3729.69  0 20.4995 8.3162 20.6815 -3762.56 0.240774 0.241613 0.191009 0.326604  0.0684147   0.194959   0.128563  0.0467325   0.554378 0.00695296
(1,2,(3,4)); -3725.57  0 21.52 8.43077 24.9371 -3763.59  0.27151 0.223413 0.170862 0.334216 0.0964056  0.232549  0.113228 0.0275632  0.516659 0.0135947
(1,2,(3,4)); -3724.34  0 22.4586 8.35526 24.5644 -3763.01 0.247452 0.233309 0.187219  0.33202 0.0532362  0.222049  0.150518 0.0375988  0.525437  0.011161
(1,2,(3,4)); -3728.7  0 19.9041 8.30328 21.3843 -3761.69 0.268898 0.214161 0.195793 0.321148 0.0878141  0.252693  0.119202 0.0283145  0.476101 0.0358758
(1,2,(3,4)); -3727.82  0 20.6829 8.23968 23.6263 -3763.89 0.263628 0.218798 0.201311 0.316263 0.0781047  0.209177  0.156936 0.0262151   0.50733 0.0222372
(1,2,(3,4)); -3734.13  0 16.1627 8.40069 23.9318 -3765.82 0.267251  0.24611  0.16463 0.322008 0.0607177  0.232883  0.127998 0.0500737   0.50461  0.023718
(1,2,(3,4)); -3723.26  0 20.3137 8.2566 28.2205 -3763.54 0.266699 0.234271 0.179061 0.319968 0.0773824  0.238642   0.13048  0.030006   0.50453 0.0189596
(1,2,(3,4)); -3729.46  0 18.5019 8.24563 23.7903 -3763.51 0.278263 0.247255 0.170405 0.304077 0.0875994  0.253611  0.116234 0.0273598  0.507089 0.0081072
(1,2,(3,4)); -3725.57  0 21.9941 8.44466 22.0096 -3761.13 0.263473 0.228196 0.170503 0.337828  0.0469706   0.237161   0.171117  0.0408238   0.497134 0.00679294
(1,2,(3,4)); -3727.61  0 21.1015 8.38801 24.5678 -3764.89  0.26308 0.244251 0.166121 0.326548 0.0590534  0.251547  0.130921 0.0463608  0.489262 0.0228566
(1,2,(3,4)); -3725.83  0 21.7101 8.39976 26.7352 -3765.87 0.279847 0.221224 0.173276 0.325654 0.0732244  0.240086  0.138009 0.0334341  0.502754  0.012493
(1,2,(3,4)); -3731.58  0 18.2231 8.50622 21.9795 -3763.28 0.246223 0.235965 0.177995 0.339816 0.0748192  0.196472  0.141624 0.0285893  0.522877 0.0356184
(1,2,(3,4)); -3735  0 20.5565 8.42055 20.7361 -3767.87 0.249039 0.251932 0.179042 0.319987 0.0674033  0.222018  0.167947 0.0561878  0.456657 0.0297868
(1,2,(3,4)); -3732.21  0 20.1594 8.5137 19.0905 -3762.94 0.302186 0.220362 0.176222 0.301231 0.0842303   0.21895  0.172085 0.0228557  0.477803 0.0240754
(1,2,(3,4)); -3729.56  0 17.2391 8.27954 25.7734 -3764.29 0.254766 0.233634 0.180797 0.330803  0.092227  0.241239  0.161737 0.0376215  0.455772 0.0114033
(1,2,(3,4)); -3724.33  0 21.023 8.07388 26.7251 -3764 0.269005 0.233912  0.18059 0.316493 0.0660209   0.22482  0.124747 0.0270837  0.546571 0.0107575
(1,2,(3,4)); -3725.83  0 21.6562 8.363 25.3879 -3764.52 0.274656 0.220039 0.189355 0.315949  0.087722  0.236235  0.150253 0.0409921  0.465583  0.019215
(1,2,(3,4)); -3733.38  0 14.9559 8.43681 22.5601 -3762.46 0.266982 0.253234 0.162705  0.31708 0.0510671  0.215222  0.141156 0.0412046  0.534043 0.0173071
(1,2,(3,4)); -3726.76  0 21.8664 8.57499 24.4488 -3764.5 0.281992 0.222718 0.175642 0.319649 0.0680967  0.208463  0.156453 0.0431048  0.499211 0.0246711
(1,2,(3,4)); -3724.37  0 22.1704 8.37932 24.7067 -3762.87 0.280113 0.214061 0.188294 0.317532 0.0836724  0.256437  0.132979 0.0292853  0.477596 0.0200307
(1,2,(3,4)); -3724.93  0 20.7404 8.48099 26.5777 -3763.77 0.267401 0.232771 0.188276 0.311552 0.0705084  0.246054   0.16483 0.0251345   0.47669  0.016783
(1,2,(3,4)); -3732.72  0 13.833 8.42434 26.3407 -3764.47 0.269229 0.234016 0.180176 0.316578 0.0805892  0.232012  0.163123 0.0409165  0.461391  0.021968
(1,2,(3,4)); -3728.07  0 16.7925 8.20938 24.4247 -3761.07 0.263349 0.229281 0.183502 0.323868  0.0719822   0.233152   0.171345  0.0456452   0.472161 0.00571388
(1,2,(3,4)); -3727.98  0 19.2526 8.44954 24.3634 -3763.15 0.265411 0.218553 0.189524 0.326511 0.0782946  0.266211  0.111759 0.0404343  0.482085 0.0212167
(1,2,(3,4)); -3724.12  0 21.8191 8.39334 26.2421 -3763.79 0.280376  0.23062 0.177334  0.31167 0.0719483  0.258188  0.129125 0.0221855  0.501938 0.0166143
(1,2,(3,4)); -3726.07  0 21.001 8.49868 24.1071 -3762.68 0.249913  0.23897 0.184011 0.327105  0.0643578   0.260474   0.122146  0.0425713     0.5047 0.00575107
