tree logl logTop logBL logPrior logQ logWt pi1 pi2 pi3 pi4 s1 s2 s3 s4 s5 s6
(1,2,(3,4)); -3729.18  0 22.4005 8.47213 22.6316 -3765.74 0.262307 0.222238 0.175314  0.34014 0.0533576  0.241376  0.113902 0.0124042  0.550294  0.028666
(1,2,(3,4)); -3737.18  0 20.3927 8.33633 20.5893 -3769.82 0.260288 0.256259 0.172117 0.311336 0.0731802  0.234179  0.109435 0.0469614  0.484481 0.0517645
(1,2,(3,4)); -3730.83  0 20.4665 8.36176 23.2646 -3766.2 0.271485 0.234506 0.181392 0.312618 0.0769054   0.21468  0.106406 0.0110668  0.553366 0.0375752
(1,2,(3,4)); -3730.83  0 21.9351 8.45241 21.0219 -3765.33 0.255078  0.22172 0.195416 0.327786  0.107732  0.182657  0.126442 0.0242394  0.539501 0.0194294
(1,2,(3,4)); -3750.74  0 19.8382 8.39276 16.7274 -3778.91 0.264638 0.245929 0.162073 0.327359 0.0432279  0.306011  0.117843  0.038575  0.420844 0.0734988
(1,2,(3,4)); -3728.62  0 21.5562 8.32258 24.1073 -3765.96 0.259291 0.243854 0.172886 0.323968 0.0437773  0.281635  0.130785 0.0214667  0.507448 0.0148885
(1,2,(3,4)); -3750.56  0 21.661 8.43002 16.0718 -3779.86 0.264683   0.2507  0.16689 0.317727   0.11594  0.292634 0.0756449 0.0612459  0.405682  0.048853
(1,2,(3,4)); -3730.64  0 16.6808 7.92198 22.9207 -3762.32 0.253634 0.228936  0.18009  0.33734 0.0651939  0.233242  0.131701 0.0459808  0.494949 0.0289326
(1,2,(3,4)); -3741.21  0 20.551 8.23972 20.2022 -3773.73 0.278108 0.242277 0.182415   0.2972  0.0376639   0.342415   0.102978  0.0190003   0.491357 0.00658567
(1,2,(3,4)); -3726.62  0 20.889 8.33989 24.4286 -3763.6 0.267253 0.237746  0.17864 0.316361 0.0517927  0.281825  0.131901 0.0414923  0.479665 0.0133243
(1,2,(3,4)); -3730.82  0 21.6153 8.30252 22.0049 -3766.14 0.266326 0.236421 0.182103  0.31515 0.0487247  0.184804  0.187562 0.0194859  0.528185 0.0312374
(1,2,(3,4)); -3728.48  0 21.9455 8.26443 23.5933 -3765.76  0.25597 0.240275 0.191319 0.312436 0.0746807  0.241143 0.0890825 0.0334509  0.534507 0.0271358
(1,2,(3,4)); -3733.53  0 18.0096 8.1254 18.7189 -3762.14 0.273527  0.25725 0.182355 0.286868 0.0982365  0.228016  0.140084 0.0358421  0.480966 0.0168556
(1,2,(3,4)); -3735.37  0 16.1532 8.69349 21.7532 -3764.59 0.277738 0.244411 0.180973 0.296878  0.103507  0.229372 0.0981751 0.0442781  0.514559  0.010109
(1,2,(3,4)); -3738.65  0 18.5744 8.14919 21.3807 -3770.45 0.284062 0.228856 0.175064 0.312018 0.0509764  0.292454 0.0895156 0.0443895  0.483645 0.0390186
(1,2,(3,4)); -3728.09  0 19.832 8.38257 22.2308 -3761.77 0.264686  0.22286 0.179674 0.332781 0.0842262  0.226403  0.165313 0.0102533  0.503632 0.0101718
(1,2,(3,4)); -3734.67  0 19.4274 8.62779 20.605 -3766.07 0.280486 0.211554 0.180843 0.327117 0.0605966  0.171672  0.137578 0.0406413  0.572916 0.0165963
(1,2,(3,4)); -3750.47  0 17.4459 8.3708 20.2064 -3779.75 0.273563 0.248468 0.162983 0.314986 0.0423528  0.253758 0.0651699 0.0589732  0.558637 0.0211092
(1,2,(3,4)); -3726.65  0 19.7822 8.3604 23.8039 -3761.88 0.266553 0.249177 0.175014 0.309256 0.0791984  0.210865  0.140616 0.0333862  0.519291 0.0166443
(1,2,(3,4)); -3724.66  0 21.9406 8.33796 22.6934 -3760.96 0.275084 0.240996 0.169466 0.314453  0.0569756   0.221537   0.166312  0.0406732   0.509949 0.00455395
(1,2,(3,4)); -3748.74  0 13.0046 8.377 23.1768 -3776.55 0.260003 0.240483 0.178421 0.321093 0.0455755  0.241627 0.0647922 0.0297982  0.591742 0.0264655
(1,2,(3,4)); -3726.33  0 21.2518 8.27886 24.3164 -3763.62 0.269397 0.226258 0.177497 0.326848 0.0576063  0.283299  0.126913 0.0197942  0.492065 0.0203229
(1,2,(3,4)); -3728.41  0 21.031 8.39039 22.5488 -3763.6 0.269652 0.227025 0.175715 0.327608  0.105631  0.277057  0.113133 0.0216148  0.453564 0.0289997
(1,2,(3,4)); -3732.27  0 20.5827 8.33454 20.3189 -3764.84 0.248534  0.24442 0.163364 0.343682 0.0633225  0.274174  0.138087 0.0282696  0.471952 0.0241945
(1,2,(3,4)); -3725.21  0 21.0506 8.48533 24.5832 -3762.36 0.261828 0.242859 0.184178 0.311135 0.0883005  0.230353  0.112796 0.0271532  0.521219 0.0201783
(1,2,(3,4)); -3731.78  0 22.4511 8.40752 20.5443 -3766.37 0.292247 0.226327 0.160308 0.321118  0.071852  0.245192   0.09532 0.0209787  0.540093 0.0265636
(1,2,(3,4)); -3738.15  0 21.0405 8.28554 22.3642 -3773.27 0.259475 0.242038 0.184323 0.314163  0.089677   0.23371 0.0607863 0.0499469  0.551847 0.0140328
(1,2,(3,4)); -3727.21  0 21.388 8.44305 22.6933 -3762.85 0.248227 0.251103 0.177373 0.323297  0.0760954   0.212206   0.116389  0.0309132   0.560406 0.00399123
(1,2,(3,4)); -3740.65  0 19.0527 8.35975 20.7634 -3772.11 0.264949  0.23793  0.18357 0.313551 0.0522823  0.286659 0.0988945 0.0601836  0.450386 0.0515953
(1,2,(3,4)); -3729.13  0 20.8822 8.35328 23.697 -3765.35 0.259935 0.229405 0.175736 0.334924 0.0862373   0.20818 0.0986924 0.0472665   0.54664 0.0129847
(1,2,(3,4)); -3726.19  0 20.613 8.20434 23.6052 -3762.2 0.258474 0.227618 0.185752 0.328156 0.0712441  0.228895   0.13194 0.0248597   0.50628  0.036781
(1,2,(3,4)); -3733.56  0 22.0238 8.21637 19.1674 -3766.54 0.237577 0.245042 0.182623 0.334758 0.0639074  0.157684  0.139923 0.0214547  0.596886 0.0201447
(1,2,(3,4)); -3742.03  0 21.9893 8.31675 13.1299 -3768.83 0.232891 0.227105 0.189392 0.350612 0.0496373  0.148815  0.180584 0.0128119  0.582263 0.0258893
(1,2,(3,4)); -3726.83  0 22.5364 8.29017 23.3783 -3764.46 0.257361 0.245071 0.181493 0.316075 0.0452972  0.201816  0.141138 0.0496873   0.54334 0.0187213
(1,2,(3,4)); -3739.58  0 21.2554 8.63272 18.2998 -3770.5 0.287359 0.228859 0.180104 0.303677 0.0751604  0.147479  0.182613 0.0489986  0.529507 0.0162423
(1,2,(3,4)); -3748.46  0 19.669 8.17407 20.7327 -3780.69 0.268196 0.241308 0.177699 0.312797 0.0283186  0.189201 0.0880033 0.0669078  0.607604 0.0199651
(1,2,(3,4)); -3731.66  0 21.5638 8.50074 20.6706 -3765.4 0.262691 0.227939  0.18215  0.32722 0.0905145  0.193491  0.208369 0.0142381  0.478001 0.0153859
(1,2,(3,4)); -3730.51  0 20.3149 8.50242 22.2572 -3764.58 0.255603  0.23792 0.190261 0.316216   0.10895  0.192842  0.138894 0.0147775  0.526956 0.0175812
(1,2,(3,4)); -3727.19  0 20.1036 8.61644 23.7607 -3762.44 0.267429 0.243074 0.164486 0.325011  0.0751068   0.233299   0.121257  0.0428947   0.517449 0.00999366
(1,2,(3,4)); -3733.37  0 20.599 8.15576 22.432 -3768.24 0.270236 0.247654 0.173828 0.308281 0.0280591  0.221233  0.134611 0.0255223   0.58033 0.0102444
(1,2,(3,4)); -3724.9  0 22.5466 8.26349 25.1634 -3764.35 0.260416 0.240243 0.179328 0.320014 0.0731266  0.211514  0.105707 0.0287222  0.560246 0.0206839
(1,2,(3,4)); -3734.1  0 19.8936 8.58664 21.521 -3766.93 0.272445  0.23417 0.175136 0.318249 0.0455696  0.247363  0.156796 0.0737968  0.456037 0.0204374
(1,2,(3,4)); -3744.16  0 19.204 8.4105 20.1332 -3775.09 0.264691 0.232024 0.197266 0.306019 0.0658627  0.195475 0.0682925 0.0647494  0.588003 0.0176177
(1,2,(3,4)); -3743.82  0 17.9745 8.68908 21.733 -3774.84 0.268093 0.244956 0.181315 0.305635  0.0710952    0.24158  0.0613809  0.0575358   0.560911 0.00749754
(1,2,(3,4)); -3736.01  0 20.7061 8.17131 22.3515 -3770.9 0.264489 0.235993  0.18322 0.316298  0.042522  0.257707  0.099372 0.0654692  0.498105  0.036825
(1,2,(3,4)); -3733.57  0 20.8386 8.46494 21.6032 -3767.54 0.274216 0.236097 0.187807  0.30188  0.125377  0.212219 0.0855032 0.0315891  0.530943  0.014368
(1,2,(3,4)); -3730.71  0 20.2733 8.22736 23.2034 -3765.96 0.274474 0.219703 0.177466 0.328356  0.0408431   0.271023   0.127744  0.0219416   0.531442 0.00700639
(1,2,(3,4)); -3742.84  0 20.2686 8.60555 21.4479 -3775.96 0.259204   0.2305 0.171167  0.33913 0.0544259  0.321027  0.074279 0.0412489  0.487948 0.0210717
(1,2,(3,4)); -3737.31  0 20.1322 8.3563 20.6813 -3769.77 0.283211 0.245834 0.176314  0.29464 0.0350337  0.241911  0.121728 0.0191273  0.554151 0.0280489
(1,2,(3,4)); -3728.25  0 19.227 8.11136 22.9368 -3762.3 0.278335 0.214411 0.180797 0.326456 0.0670359  0.244542  0.121533  0.020625    0.5241 0.0221646
(1,2,(3,4)); -3738.8  0 22.1112 8.28676 21.659 -3774.28   0.2583 0.255614 0.179271 0.306814 0.0392123   0.31006 0.0898054 0.0329048   0.51686 0.0111579
(1,2,(3,4)); -3733.53  0 21.1773 8.03689 23.3684 -3770.04 0.274615 0.246354 0.172911  0.30612 0.0579802  0.235871 0.0876333 0.0176983  0.577924 0.0228925
(1,2,(3,4)); -3731.03  0 20.134 8.57476 23.2655 -3765.86 0.262081 0.245758 0.171991  0.32017 0.0781836  0.169567  0.113722 0.0331237  0.587151 0.0182528
(1,2,(3,4)); -3730.29  0 19.0429 8.56449 22.6672 -3763.44 0.272552 0.236818 0.168996 0.321634 0.0560507  0.206659  0.166459 0.0262746   0.50877  0.035787
(1,2,(3,4)); -3738.72  0 22.1127 8.535 16.0252 -3768.33 0.279704 0.204635 0.197749 0.317912 0.0730867  0.225067  0.109306   0.08751  0.494482 0.0105476
(1,2,(3,4)); -3730.1  0 19.157 8.49119 22.9548 -3763.72 0.277253 0.236355 0.176849 0.309543  0.0901408   0.239464   0.110635  0.0596822   0.492171 0.00790775
(1,2,(3,4)); -3739.59  0 18.9719 8.77745 19.5892 -3769.38 0.264744 0.255096 0.186846 0.293314 0.0891895  0.243836 0.0871328 0.0523706  0.498497  0.028974
(1,2,(3,4)); -3735.41  0 18.0423 8.03881 22.6561 -3768.07 0.275542 0.219385 0.171374   0.3337 0.0711207  0.267231 0.0909106 0.0434193  0.509225 0.0180933
(1,2,(3,4)); -3747.14  0 22.4298 8.42825 12.5399 -3773.68 0.288386 0.241918 0.157275  0.31242 0.0468931   0.32423  0.222448 0.0146893  0.380091 0.0116494
(1,2,(3,4)); -3727.04  0 21.7956 8.27515 22.0008 -3762.56 0.269423 0.230711 0.189156  0.31071 0.0984521  0.238526  0.155725   0.01289  0.469954 0.0244529
(1,2,(3,4)); -3741.62  0 18.1396 7.99335 21.2504 -3773.02  0.26774 0.244513 0.173514 0.314234 0.0377699  0.244985 0.0994218 0.0804712  0.508469 0.0288828
(1,2,(3,4)); -3725.11  0 22.1667 8.28079 25.0094 -3764.01 0.276333 0.235326 0.177813 0.310528 0.0561766   0.22912  0.118636 0.0305149  0.550281 0.0152709
(1,2,(3,4)); -3733.55  0 21.3173 8.27365 21.6644 -3768.25  0.27156 0.237747 0.179957 0.310736 0.0321142  0.179173  0.162751 0.0293864  0.567984 0.0285925
(1,2,(3,4)); -3743.13  0 20.4933 8.29595 21.1006 -3776.43 0.264282 0.237353 0.186942 0.311423 0.0245773  0.335156 0.0947135 0.0265675  0.500307 0.0186792
(1,2,(3,4)); -3727.85  0 20.5526 8.04214 24.4521 -3764.81 0.259831  0.24703 0.184525 0.308614   0.05789  0.242642  0.121857 0.0258997  0.543154 0.0085568
(1,2,(3,4)); -3731.41  0 21.0237 8.30069 22.1124 -3766.24 0.268029 0.225937 0.189289 0.316745 0.0766815  0.182089  0.125905 0.0374359  0.534137 0.0437516
(1,2,(3,4)); -3735.99  0 18.3641 8.46101 20.4164 -3766.31 0.235917 0.245747 0.185383 0.332954 0.0643191  0.282659  0.107604  0.043059  0.485877 0.0164827
(1,2,(3,4)); -3742.08  0 19.3721 8.11076 20.6079 -3773.95 0.251533 0.256062 0.174399 0.318006 0.0727981  0.303848 0.0692604 0.0255933  0.497592 0.0309081
(1,2,(3,4)); -3729.29  0 18.3096 8.6711 22.7328 -3761.66 0.279614 0.232268 0.165786 0.322333 0.0630296  0.269242  0.155315 0.0222423  0.473509 0.0166629
(1,2,(3,4)); -3737.2  0 19.7741 8.4495 21.0121 -3769.53 0.257344 0.250119 0.179433 0.313104 0.0901658  0.205525 0.0821851 0.0277452  0.539441 0.0549376
(1,2,(3,4)); -3733.37  0 20.3153 8.27508 22.9344 -3768.35 0.253777 0.239468 0.181264 0.325491  0.061954  0.244987 0.0885686 0.0127446  0.550975  0.040771
(1,2,(3,4)); -3730.56  0 19.0975 8.52981 24.0843 -3765.21 0.265521 0.243707  0.17493 0.315842    0.0985   0.25202 0.0936651 0.0259386  0.506489 0.0233873
(1,2,(3,4)); -3731.38  0 21.0313 8.62987 22.2634 -3766.05 0.283007 0.231668 0.173491 0.311834 0.0516649  0.178913  0.154327 0.0250798  0.566564 0.0234511
(1,2,(3,4)); -3729.19  0 22.229 8.45936 21.4965 -3764.46 0.250343 0.242707 0.180687 0.326263 0.0604264   0.17602  0.173552 0.0511489  0.523421 0.0154318
(1,2,(3,4)); -3730.89  0 17.7586 8.3238 23.5503 -3763.87 0.258933 0.232618 0.185801 0.322649 0.0487258   0.23781  0.144046 0.0313009  0.501194 0.0369227
(1,2,(3,4)); -3733.3  0 17.6162 8.69374 24.35 -3766.58 0.266233 0.233207 0.176132 0.324428 0.0703397  0.297096  0.110631 0.0140689  0.493245 0.0146191
(1,2,(3,4)); -3745.31  0 18.6031 8.37738 22.8758 -3778.41 0.270779 0.237416 0.183535  0.30827 0.0352541  0.283064  0.073822 0.0226667  0.568847 0.0163464
(1,2,(3,4)); -3744.55  0 18.2838 8.50145 18.3648 -3772.69 0.256354 0.243018 0.197335 0.303292  0.0710615   0.160617  0.0953471  0.0715815   0.595259 0.00613435
(1,2,(3,4)); -3725.12  0 21.7807 8.23984 23.7936 -3762.45 0.261255 0.239882 0.176501 0.322361   0.100342   0.249817   0.139288  0.0175747   0.485032 0.00794632
(1,2,(3,4)); -3742.25  0 21.0328 8.1117 20.6734 -3775.85   0.2668 0.242199 0.184832 0.306169  0.102279  0.176721 0.0654029 0.0481837  0.590744 0.0166695
(1,2,(3,4)); -3749  0 21.2656 8.51792 14.6675 -3776.42 0.273572  0.25134  0.17729 0.297797  0.110907  0.361921  0.102975 0.0436652  0.358695 0.0218375
(1,2,(3,4)); -3733.39  0 21.5049 8.37406 23.0052 -3769.53 0.267014 0.239308 0.171472 0.322207 0.0847644  0.297189  0.089421 0.0470742   0.46303 0.0185215
(1,2,(3,4)); -3729.8  0 22.2135 8.31054 23.1623 -3766.87 0.276998 0.229104 0.170772 0.323126  0.0845368   0.261881  0.0958063  0.0214683   0.533514 0.00279335
(1,2,(3,4)); -3729.63  0 19.7919 8.64633 23.1152 -3763.89 0.262258  0.23462  0.18628 0.316842  0.0862522   0.257229   0.126399 0.00704979   0.505465  0.0176043
(1,2,(3,4)); -3727.51  0 19.6402 8.62481 23.5599 -3762.08 0.279889 0.237367 0.176909 0.305835 0.0566368  0.230155   0.15802 0.0250061  0.518984 0.0111983
(1,2,(3,4)); -3737.83  0 20.6026 8.57389 16.7145 -3766.57 0.296324 0.203888 0.174658  0.32513  0.076185  0.245203 0.0971398 0.0604386  0.503933 0.0171005
(1,2,(3,4)); -3732.42  0 20.6386 8.22228 22.4271 -3767.27 0.275434 0.219053 0.178105 0.327408 0.0712164  0.297672 0.0911098 0.0310239  0.480372 0.0286058
(1,2,(3,4)); -3738.12  0 20.3735 8.4515 22.7881 -3772.83 0.261752 0.224561 0.175225 0.338462 0.0351454  0.280623 0.0907477 0.0294831  0.551033 0.0129675
(1,2,(3,4)); -3724.87  0 21.8993 8.4739 24.2319 -3762.52 0.273026 0.235915 0.184443 0.306616 0.0519187  0.242446  0.139242  0.024774  0.519191 0.0224286
(1,2,(3,4)); -3744.97  0 20.1079 7.87841 18.5372 -3775.73 0.240304  0.24098 0.180328 0.338387  0.0752033   0.218305  0.0588455  0.0256478   0.619447 0.00255095
(1,2,(3,4)); -3730.84  0 19.7641 8.5783 22.0268 -3764.05 0.257957 0.249787 0.173944 0.318312 0.0706372  0.244784  0.163661 0.0457996  0.450739 0.0243787
(1,2,(3,4)); -3733.69  0 20.5618 8.51425 22.2179 -3767.96 0.260327 0.234339 0.177324  0.32801 0.0452966  0.316052  0.140779 0.0261258  0.442479 0.0292677
(1,2,(3,4)); -3734.45  0 19.6528 8.27192 19.5613 -3765.39 0.259224  0.22095 0.188651 0.331174 0.0398838  0.200958  0.210041  0.022493  0.500372  0.026252
(1,2,(3,4)); -3730.98  0 21.0206 8.43794 24.1946 -3767.76  0.27005 0.234205  0.18333 0.312416 0.0484791  0.266582 0.0993758 0.0256328  0.526286 0.0336438
(1,2,(3,4)); -3729.8  0 22.1857 8.24647 22.4944 -3766.23 0.271745 0.211682 0.184152 0.332421 0.0610209  0.250889 0.0956427 0.0362956  0.542647 0.0135047
(1,2,(3,4)); -3734.79  0 21.7049 8.34943 22.5149 -3770.66 0.273467 0.238315 0.169476 0.318742 0.0624386  0.239134 0.0995149 0.0565175  0.501097 0.0412984
(1,2,(3,4)); -3734.24  0 16.9517 8.04088 22.6545 -3765.81 0.260648 0.236154 0.177268 0.325929 0.0253424  0.231098  0.160763 0.0286808  0.540971 0.0131443
(1,2,(3,4)); -3733.77  0 21.8271 8.50606 21.3447 -3768.44 0.278297 0.240053 0.168313 0.313336  0.107743  0.228666  0.086696 0.0611925  0.495636 0.0200662
(1,2,(3,4)); -3736.94  0 20.5314 8.339 19.6544 -3768.78 0.276056  0.20767 0.184171 0.332103 0.0878809  0.214903 0.0808538  0.021362  0.561641 0.0333591
(1,2,(3,4)); -3735.02  0 17.5342 7.77165 23.6095 -3768.39 0.270272 0.218364 0.181494  0.32987  0.0602684   0.261171   0.089886  0.0286722   0.553466 0.00653655
(1,2,(3,4)); -3735.62  0 17.7811 8.48628 19.4277 -3764.34 0.282948 0.206211 0.192103 0.318739 0.0988889  0.220551  0.102872 0.0233116  0.540511 0.0138664
(1,2,(3,4)); -3725.93  0 21.6195 8.3933 23.5912 -3762.74 0.263875 0.237771 0.178269 0.320086 0.0589488  0.269969  0.169743 0.0287036  0.455511 0.0171252
(1,2,(3,4)); -3732.09  0 21.1993 8.18812 23.0436 -3768.14 0.272341 0.242935 0.172134  0.31259 0.0500562  0.317379  0.125846 0.0197006  0.478782 0.0082363
(1,2,(3,4)); -3729.61  0 22.0078 8.39857 21.3713 -3764.59  0.25674 0.238509  0.17152  0.33323  0.052827  0.243176   0.20293 0.0180867  0.470261 0.0127199
(1,2,(3,4)); -3729.64  0 20.9929 8.41547 23.5194 -3765.74 0.257574 0.243211 0.176907 0.322308 0.0824335  0.219623 0.0956363 0.0500745  0.521866 0.0303672
(1,2,(3,4)); -3731.01  0 20.932 8.329 21.2975 -3764.91 0.265355 0.238545 0.165901 0.330199 0.0940421  0.186362  0.148621 0.0275768  0.502859 0.0405385
(1,2,(3,4)); -3729.38  0 20.3813 8.30757 21.4442 -3762.9 0.272508 0.233377 0.187983 0.306132 0.0918592  0.267777  0.130797 0.0187458  0.449697 0.0411236
(1,2,(3,4)); -3738.75  0 20.5821 8.19448 19.9284 -3771.06 0.272161 0.225372 0.195912 0.306555 0.0663216  0.253318 0.0766707 0.0245186  0.521361 0.0578098
(1,2,(3,4)); -3729.57  0 22.6442 8.37393 23.2035 -3767.04 0.267497 0.225692  0.18565 0.321161 0.0577841  0.239088  0.105597 0.0559725  0.507049 0.0345096
(1,2,(3,4)); -3746.85  0 17.4635 8.20782 16.3202 -3772.42 0.270578 0.244547  0.18859 0.296285 0.0797901  0.178318  0.166725 0.0130633  0.489758 0.0723451
(1,2,(3,4)); -3726.86  0 22.412 8.21278 22.1927 -3763.25 0.254117 0.250879 0.165764  0.32924 0.0616029  0.199663  0.133485 0.0176492  0.565343 0.0222567
(1,2,(3,4)); -3730.88  0 19.8845 8.36102 22.575 -3764.98 0.284906 0.222845 0.181629  0.31062  0.0450873   0.245377   0.119989  0.0327295   0.552459 0.00435871
(1,2,(3,4)); -3736.25  0 21.2997 8.39778 19.7596 -3768.92 0.266288 0.253974 0.173904 0.305834 0.0776904  0.210058  0.123396 0.0515191  0.480723 0.0566141
(1,2,(3,4)); -3728.91  0 20.3396 8.24326 22.4235 -3763.43 0.261677 0.238533 0.172935 0.326856    0.08582   0.211397   0.136037  0.0654431   0.496334 0.00496854
(1,2,(3,4)); -3729.31  0 21.4281 8.06019 23.9455 -3766.63 0.270887 0.231698 0.183025  0.31439  0.0696572   0.278361   0.112508  0.0112133   0.522482 0.00577841
(1,2,(3,4)); -3736.02  0 20.3987 8.44556 21.1156 -3769.08 0.252283 0.238918 0.162714 0.346085 0.0641484  0.262297 0.0837921 0.0220218  0.546805 0.0209361
(1,2,(3,4)); -3726.42  0 19.7418 8.38794 23.2339 -3761.01 0.271901 0.219362 0.186162 0.322575  0.0824447   0.260573   0.129164  0.0321463   0.489747 0.00592533
(1,2,(3,4)); -3730.21  0 22.2307 8.33275 21.2378 -3765.35  0.27257 0.229587 0.159617 0.338227  0.0487395   0.218658   0.135318  0.0142847   0.575461 0.00753883
(1,2,(3,4)); -3745.87  0 19.5905 8.52626 19.2736 -3776.2 0.275331 0.246897  0.17328 0.304492  0.0765892   0.304997  0.0691266  0.0743704    0.46548 0.00943688
(1,2,(3,4)); -3729  0 19.6776 8.47207 23.7036 -3763.91 0.264354 0.231634 0.188776 0.315235 0.0570958   0.25813  0.148682 0.0241479  0.483185 0.0287604
(1,2,(3,4)); -3729.37  0 18.219 8.22824 22.6407 -3762 0.287539 0.232511 0.176437 0.303512 0.0788162  0.262477  0.119959  0.017413  0.504902 0.0164333
(1,2,(3,4)); -3731.69  0 18.6594 8.13406 23.4637 -3765.68 0.270798 0.224768 0.187947 0.316487   0.103375   0.221918   0.101759   0.017722   0.546205 0.00902025
(1,2,(3,4)); -3734.11  0 19.574 8.21688 22 -3767.47 0.259832  0.23999 0.166361 0.333816 0.0410981  0.286383  0.139417 0.0415118  0.470365 0.0212255
(1,2,(3,4)); -3742.95  0 14.6304 8.24106 20.384 -3769.72 0.267135 0.222094 0.198341  0.31243  0.082275  0.235058 0.0770066  0.046359  0.519436 0.0398653
(1,2,(3,4)); -3730.03  0 20.6892 8.29364 23.219 -3765.64 0.270507 0.232588 0.181652 0.315253 0.0471244   0.20045  0.157303 0.0113228  0.564245 0.0195539
(1,2,(3,4)); -3736.41  0 21.9508 8.31875 22.28 -3772.32  0.27358 0.248065 0.177409 0.300945 0.0631849  0.285932  0.074422 0.0215363  0.531425 0.0234996
(1,2,(3,4)); -3727.48  0 20.3889 8.57448 23.3326 -3762.63  0.27442  0.24377 0.165915 0.315896  0.0800983    0.23013   0.134998  0.0154494     0.5314 0.00792481
(1,2,(3,4)); -3728.6  0 21.1029 8.33031 21.7863 -3763.16 0.247823 0.244508 0.174768 0.332901 0.0841028  0.182128   0.12792 0.0219489  0.552357 0.0315427
(1,2,(3,4)); -3743.02  0 15.079 8.50952 19.4242 -3769.02 0.274604 0.243968 0.158192 0.323237   0.106551   0.229194  0.0957265  0.0702127   0.488927 0.00938969
(1,2,(3,4)); -3736.74  0 21.6252 8.40662 19.8755 -3769.83 0.264607 0.238685 0.154071 0.342637  0.055018   0.26925 0.0916784  0.044943  0.520738 0.0183728
(1,2,(3,4)); -3741.85  0 21.1057 8.35566 22.7672 -3777.36 0.269324 0.244682 0.172643 0.313351  0.0597168   0.281506  0.0717501  0.0116503   0.567521 0.00785651
(1,2,(3,4)); -3739.35  0 21.2488 8.24907 22.1952 -3774.55 0.263286 0.221905  0.18461 0.330198 0.0712983  0.224278 0.0693928  0.011652  0.605388  0.017991
(1,2,(3,4)); -3728.12  0 21.0883 8.4927 23.4562 -3764.17 0.255273 0.238526 0.183334 0.322867 0.0940218   0.27801  0.123923  0.024659  0.458262 0.0211246
(1,2,(3,4)); -3727.46  0 19.4875 8.66181 24.0365 -3762.33 0.263886 0.234059 0.168666 0.333388 0.0635462  0.252615   0.12921 0.0409795  0.495686 0.0179632
(1,2,(3,4)); -3726.67  0 22.4802 8.40128 24.472 -3765.22 0.264323 0.235857 0.178998 0.320822 0.0953124  0.212229 0.0957465  0.028281  0.542341 0.0260897
(1,2,(3,4)); -3731.43  0 21.4676 8.23245 23.7857 -3768.45 0.260264 0.233647 0.172287 0.333802 0.0471501  0.215148 0.0945754 0.0420529   0.58049 0.0205837
(1,2,(3,4)); -3732.51  0 18.1192 8.07667 24.2107 -3766.77  0.26106 0.229016 0.173902 0.336022 0.0611057  0.219125 0.0967871 0.0363536  0.566512 0.0201169
(1,2,(3,4)); -3732.66  0 21.1065 8.49708 19.6847 -3764.96  0.27139 0.228401 0.155514 0.344694 0.0797175  0.193274  0.100623 0.0372344  0.573359 0.0157908
(1,2,(3,4)); -3738.98  0 15.6485 8.16621 22.056 -3768.52  0.28592 0.224898 0.170291 0.318891  0.0488248   0.218708   0.137759  0.0433651   0.546811 0.00453183
(1,2,(3,4)); -3733.85  0 21.9526 8.32874 20.9287 -3768.4 0.268186 0.253876  0.17243 0.305508 0.0886214  0.245834  0.094133  0.065049  0.482292 0.0240707
(1,2,(3,4)); -3747.44  0 19.0072 8.04636 17.9577 -3776.36 0.284544 0.243809 0.165123 0.306524  0.105953  0.225573 0.0478127 0.0419547  0.558577  0.020129
(1,2,(3,4)); -3730.31  0 21.1042 8.18682 23.8502 -3767.07 0.274735 0.234522  0.17627 0.314473  0.0782234   0.215744  0.0896041  0.0515145   0.557746 0.00716772
(1,2,(3,4)); -3748.7  0 21.1538 8.31938 17.1863 -3778.72 0.269885 0.237825 0.193998 0.298292  0.053308  0.322334  0.071474 0.0513809  0.450043 0.0514605
(1,2,(3,4)); -3750.3  0 20.9408 8.32891 20.3846 -3783.29  0.27157 0.230352 0.175227 0.322852 0.0344988  0.332209 0.0647197 0.0565501  0.497688 0.0143337
(1,2,(3,4)); -3726.26  0 21.6873 8.48837 21.6917 -3761.15 0.278955 0.230455 0.185911 0.304678 0.0769107  0.251028  0.169758 0.0202571  0.457801  0.024245
(1,2,(3,4)); -3733.7  0 19.2248 8.72242 22.4082 -3766.61 0.260981 0.221767 0.188636 0.328616 0.0543204  0.179212  0.122945 0.0506431  0.577946 0.0149333
(1,2,(3,4)); -3734.17  0 22.1045 8.34684 23.7126 -3771.64 0.267314 0.235776 0.174123 0.322787 0.0436038  0.204141 0.0923639 0.0429625  0.589482 0.0274473
(1,2,(3,4)); -3728.65  0 21.3583 8.62689 22.9586 -3764.34 0.256963 0.239264 0.169579 0.334194 0.0417628  0.238588  0.145547 0.0417082  0.510813 0.0215814
(1,2,(3,4)); -3734.04  0 21.3085 8.40799 23.6977 -3770.63 0.264783 0.249575 0.179016 0.306626 0.0475667  0.268913 0.0938155 0.0189494  0.560587  0.010168
(1,2,(3,4)); -3730.74  0 19.5631 8.52136 22.4831 -3764.27  0.27081 0.233538 0.191197 0.304456  0.0338909   0.268996   0.141419  0.0305916   0.516364 0.00873811
(1,2,(3,4)); -3728.97  0 22.5004 8.40031 22.1127 -3765.18 0.257895 0.232102 0.188566 0.321438   0.123246   0.188362   0.138313    0.02959   0.511532 0.00895776
(1,2,(3,4)); -3742.14  0 19.1419 8.43724 17.778 -3770.62 0.277764 0.254801 0.161331 0.306105 0.0820489  0.162396  0.113837 0.0527528  0.551282 0.0376838
(1,2,(3,4)); -3729.7  0 17.9713 7.96617 24.9817 -3764.69 0.268311 0.242046 0.169647 0.319996 0.0632027  0.245633   0.10027 0.0265741  0.545062  0.019258
(1,2,(3,4)); -3738.03  0 19.5141 8.32092 20.1365 -3769.36 0.240791 0.239463 0.179917 0.339829 0.0436454  0.192945  0.101082 0.0383979  0.589656 0.0342744
(1,2,(3,4)); -3727.92  0 22.6809 8.3511 22.704 -3764.96 0.273924 0.236389 0.176022 0.313665 0.0552563  0.185557  0.177233 0.0182868  0.540731  0.022936
(1,2,(3,4)); -3727.11  0 21.4728 8.24952 23.4164 -3763.75 0.268051 0.227129 0.188971 0.315848  0.0533543   0.210267   0.147116  0.0225502   0.562678 0.00403543
(1,2,(3,4)); -3752.61  0 17.0505 8.2557 21.7276 -3783.13 0.268151 0.243644 0.175248 0.312957  0.0485539   0.297532  0.0543704   0.039079   0.551832 0.00863225
(1,2,(3,4)); -3733.49  0 20.3252 8.18661 21.2189 -3766.85 0.255253    0.262 0.171509 0.311237  0.045063   0.25893  0.117773 0.0186374  0.531305 0.0282916
(1,2,(3,4)); -3741.7  0 20.175 8.23172 22.4714 -3776.12  0.26841 0.241762 0.176619 0.313209 0.0593222  0.269057 0.0606416 0.0536889  0.536133 0.0211578
(1,2,(3,4)); -3730.7  0 20.4774 8.33052 22.2411 -3765.09 0.266986 0.232333 0.172762 0.327919  0.119736  0.266776  0.122558  0.015059  0.455777 0.0200939
(1,2,(3,4)); -3738.56  0 18.6723 8.66792 22.3648 -3770.93 0.269533 0.237273 0.183867 0.309326  0.100537  0.166366 0.0900845 0.0272937  0.598701 0.0170172
(1,2,(3,4)); -3733.99  0 21.9135 8.35233 21.7298 -3769.28 0.257621 0.227154 0.183227 0.331998 0.0471789  0.320118  0.122176 0.0513202   0.44825 0.0109571
(1,2,(3,4)); -3736.9  0 20.9487 7.99054 18.5401 -3768.4 0.293698  0.24575 0.158193  0.30236 0.0475173  0.208601   0.12216  0.018655  0.590885 0.0121824
(1,2,(3,4)); -3728.9  0 21.0862 8.15994 23.7633 -3765.59 0.257211 0.234591  0.19172 0.316478 0.0472233   0.26512  0.105211 0.0437445  0.518397 0.0203042
(1,2,(3,4)); -3728.48  0 17.9382 8.05718 24.7111 -3763.07 0.275817   0.2343 0.179702 0.310181 0.0531928  0.252279  0.130008  0.018384  0.533357 0.0127797
(1,2,(3,4)); -3730.78  0 20.1334 8.2554 22.1112 -3764.77 0.265308 0.251701 0.175323 0.307669 0.0627228  0.260642  0.125867 0.0619844  0.468325 0.0204591
(1,2,(3,4)); -3733.64  0 20.5709 8.57915 22.7664 -3768.4 0.246754 0.242425 0.177431  0.33339 0.0647568  0.271525 0.0904694 0.0192054  0.526154 0.0278894
(1,2,(3,4)); -3727.09  0 21.4093 8.29865 21.8175 -3762.02 0.282212  0.22776 0.179115 0.310914 0.0640274  0.253585  0.162295 0.0141484  0.474329 0.0316163
(1,2,(3,4)); -3733.88  0 19.4877 8.05993 22.2589 -3767.56 0.272601 0.237202 0.181201 0.308996  0.0955248   0.190747   0.138131  0.0143411    0.55815 0.00310647
(1,2,(3,4)); -3746.11  0 17.4137 8.32199 17.0732 -3772.28 0.281387 0.235854 0.195476 0.287282 0.0814796  0.211802 0.0813127 0.0290708  0.542274 0.0540604
(1,2,(3,4)); -3744.99  0 19.3101 8.53961 19.6866 -3775.44 0.275661 0.246037 0.162145 0.316157  0.052992  0.229306 0.0808005  0.073638  0.526666 0.0365967
(1,2,(3,4)); -3727.15  0 20.5339 8.12896 25.1354 -3764.69 0.268383 0.233985 0.182466 0.315167 0.0791264  0.212205  0.105721 0.0354867  0.552221 0.0152406
(1,2,(3,4)); -3725.71  0 22.6109 8.35735 24.0296 -3763.99 0.271795 0.222724 0.176532  0.32895 0.0781181  0.205371  0.112948 0.0415843   0.54986 0.0121193
(1,2,(3,4)); -3739.49  0 19.2864 8.28401 18.8429 -3769.34 0.245128  0.23294 0.205892 0.316039 0.0384189  0.223657  0.131323 0.0199227  0.550899 0.0357792
(1,2,(3,4)); -3736.09  0 18.7677 8.04188 22.6627 -3769.48 0.281771 0.218602 0.179987 0.319641  0.069064  0.255441 0.0748042 0.0272517  0.551141 0.0222981
(1,2,(3,4)); -3732.37  0 17.5365 8.07582 22.6874 -3764.52  0.25362 0.243668 0.173637 0.329076 0.0642834  0.233947  0.113491 0.0141895  0.530423 0.0436664
(1,2,(3,4)); -3733.58  0 20.3005 8.22386 23.4287 -3769.09 0.250412  0.24227 0.187929 0.319389  0.0702978   0.278433  0.0844795  0.0212603   0.537892 0.00763768
(1,2,(3,4)); -3739.95  0 18.1698 8.20621 21.6967 -3771.61 0.268182 0.232261 0.191065 0.308493 0.0777553  0.219253 0.0737484 0.0699388  0.547712 0.0115929
(1,2,(3,4)); -3745.75  0 21.5088 8.37383 19.3766 -3778.26 0.276376 0.217761 0.177874 0.327989  0.100817  0.222547 0.0485879 0.0451683  0.572396 0.0104834
(1,2,(3,4)); -3736.89  0 18.1845 8.61603 18.3365 -3764.8 0.263842 0.212394 0.183327 0.340437 0.0979241   0.31854   0.13783 0.0193601  0.415485 0.0108607
(1,2,(3,4)); -3734.99  0 20.2652 8.03576 19.5304 -3766.75 0.247772 0.235039 0.168395 0.348793 0.0552201  0.210889  0.114766 0.0740369  0.531895 0.0131924
(1,2,(3,4)); -3726.13  0 19.9897 8.16347 24.4565 -3762.41  0.27371 0.226809 0.181327 0.318155 0.0609963   0.25939  0.123294 0.0255832  0.502294 0.0284431
(1,2,(3,4)); -3728.54  0 19.0598 7.97877 24.0952 -3763.72 0.259398 0.236113 0.170151 0.334339 0.0632973  0.220708  0.111405 0.0169693  0.565184 0.0224361
(1,2,(3,4)); -3732.26  0 20.4017 8.37531 21.4151 -3765.7 0.261402 0.235715 0.167855 0.335028  0.134727  0.196998 0.0953462 0.0281856  0.530087 0.0146565
(1,2,(3,4)); -3727.55  0 20.5656 8.39188 24.3213 -3764.05 0.263824 0.238977 0.180967 0.316232  0.0937009   0.202921   0.104282  0.0416826   0.548846 0.00856646
(1,2,(3,4)); -3732.65  0 19.0652 8.12292 21.8053 -3765.4 0.248044 0.241706 0.186121  0.32413 0.0968073  0.277267  0.119255 0.0335075  0.446229 0.0269342
(1,2,(3,4)); -3737.28  0 21.3666 8.16655 19.1737 -3769.66 0.274071 0.224237 0.186067 0.315624  0.118845  0.189439  0.152998 0.0487358  0.450775 0.0392082
(1,2,(3,4)); -3735.54  0 20.8185 8.18567 20.5258 -3768.7 0.277698 0.236506 0.184779 0.301017  0.135412  0.183908 0.0945656 0.0312683  0.538695 0.0161509
(1,2,(3,4)); -3736.68  0 19.4934 8.67067 20.7257 -3768.23 0.253701  0.23735 0.187967 0.320982 0.0858241  0.244858  0.122565 0.0348462  0.451169 0.0607381
(1,2,(3,4)); -3731.62  0 22.3573 8.44719 20.7193 -3766.25 0.247239 0.234396 0.186128 0.332237  0.121373  0.182608  0.128488 0.0204178  0.521546 0.0255672
(1,2,(3,4)); -3731.29  0 22.6891 8.41863 22.611 -3768.17 0.265619 0.234033   0.1771 0.323248  0.0833985   0.259502   0.100683  0.0752444    0.47258 0.00859222
(1,2,(3,4)); -3730.79  0 19.5726 8.17101 22.3086 -3764.5 0.273043 0.228034 0.195075 0.303848 0.0479027  0.276706  0.111564 0.0356378  0.503884 0.0243049
(1,2,(3,4)); -3741.62  0 22.2 8.17268 21.9644 -3777.61 0.265669 0.227742 0.175747 0.330843    0.0319  0.209507 0.0821163  0.025943  0.617981 0.0325532
(1,2,(3,4)); -3725.7  0 20.725 8.17881 23.3489 -3761.6 0.277032 0.235737 0.167353 0.319878  0.105246   0.22876  0.126331 0.0264527   0.50083  0.012381
(1,2,(3,4)); -3733.76  0 20.4448 8.24756 24.3307 -3770.29 0.255893 0.242481 0.171324 0.330301  0.055718  0.234863 0.0929553 0.0311004  0.573031 0.0123325
(1,2,(3,4)); -3725.48  0 20.907 8.3858 24.0088 -3762.01 0.272532   0.2273 0.186767 0.313402 0.0812819  0.234951  0.117312 0.0219091  0.514869 0.0296761
(1,2,(3,4)); -3724.67  0 22.6999 8.45956 23.2043 -3762.12 0.258101 0.227688 0.190347 0.323864 0.0554582   0.24845  0.145562 0.0508818  0.486982 0.0126659
(1,2,(3,4)); -3726.65  0 21.1619 8.47878 24.4178 -3763.75 0.257961 0.245381 0.172643 0.324015 0.0880905  0.230585  0.106972  0.034128  0.524076 0.0161492
(1,2,(3,4)); -3736.27  0 11.8833 8.06527 23.934 -3764.03 0.271748 0.219659 0.178978 0.329616 0.0550719  0.216572  0.125392 0.0349948  0.548185 0.0197839
(1,2,(3,4)); -3733.87  0 22.0675 8.27418 20.2173 -3767.88 0.259305 0.229584 0.168989 0.342122 0.0931535  0.161771   0.11355 0.0215661  0.606179 0.0037801
(1,2,(3,4)); -3727.52  0 20.8643 8.42779 22.9085 -3762.86 0.289617 0.225511 0.173334 0.311538 0.0777228  0.233258  0.113099 0.0291967  0.529144 0.0175792
(1,2,(3,4)); -3746.21  0 19.7615 8.44059 18.45 -3775.99 0.258489 0.256071 0.179579 0.305862   0.065256   0.181745  0.0833269  0.0915536   0.571507 0.00661084
(1,2,(3,4)); -3725.52  0 22.3189 8.49318 23.587 -3762.93  0.26926 0.236108 0.178541 0.316091 0.0648464  0.215803  0.174871 0.0374608  0.486176 0.0208433
(1,2,(3,4)); -3728.13  0 19.3138 8.26767 22.7188 -3761.89 0.283847 0.221289 0.170421 0.324442  0.0700418   0.211947   0.131483  0.0304504   0.549947 0.00613087
(1,2,(3,4)); -3734.58  0 21.4098 8.24957 22.8134 -3770.56 0.264571 0.249434 0.178176 0.307819 0.0535129   0.22307 0.0944455  0.011761  0.588303 0.0289076
(1,2,(3,4)); -3731.68  0 21.073 8.24219 22.078 -3766.59 0.263646 0.222081 0.194777 0.319496  0.071982  0.173493  0.125589 0.0306798   0.57281 0.0254471
(1,2,(3,4)); -3728.24  0 19.8257 8.56892 24.0468 -3763.55 0.261281 0.228866 0.175371 0.334482  0.072308  0.232739  0.121144  0.011703  0.544933 0.0171729
(1,2,(3,4)); -3730.37  0 21.2189 8.1024 23.1376 -3766.62 0.273658 0.224974 0.168763 0.332605 0.0401042  0.215825  0.117058 0.0352911  0.581067 0.0106547
(1,2,(3,4)); -3732.58  0 21.2691 8.47124 22.0468 -3767.43 0.249318 0.225681 0.184319 0.340682  0.0641151   0.248333   0.103085  0.0102473   0.564917 0.00930195
(1,2,(3,4)); -3736.64  0 20.1367 7.97077 20.3551 -3769.16 0.236718  0.24235 0.185853  0.33508 0.0618035   0.21735 0.0755528 0.0339079   0.59198 0.0194058
(1,2,(3,4)); -3725.96  0 20.0274 8.43001 24.5332 -3762.09 0.270468 0.242418 0.175935  0.31118 0.0773476  0.267115  0.120745 0.0350553  0.488566 0.0111706
(1,2,(3,4)); -3736.52  0 21.5778 8.28405 19.5555 -3769.37 0.264769 0.235097  0.18058 0.319554 0.0425342  0.207264  0.191404 0.0721771  0.454146 0.0324752
(1,2,(3,4)); -3735.7  0 19.9918 8.07636 21.9525 -3769.57 0.248092 0.237366 0.186533  0.32801 0.0696426  0.261029 0.0773947 0.0439422  0.511544 0.0364465
(1,2,(3,4)); -3732.27  0 17.0046 8.167 25.0411 -3766.15 0.273277 0.232338 0.181548 0.312837  0.0546239   0.237516   0.107601  0.0324281   0.560242 0.00758924
(1,2,(3,4)); -3726.95  0 19.5633 8.64115 23.6524 -3761.52 0.259878 0.235812 0.181618 0.322692 0.0802271  0.210009   0.17296 0.0322347  0.493905 0.0106643
(1,2,(3,4)); -3724.49  0 22.4867 8.27728 24.4654 -3763.16 0.261617 0.227707 0.178999 0.331677 0.0845268  0.228385   0.11754 0.0329917  0.514066 0.0224908
(1,2,(3,4)); -3738.35  0 15.4457 8.63874 20.0444 -3765.2 0.281718 0.220983 0.170028 0.327271  0.0570503   0.235725   0.129173  0.0757685   0.499209 0.00307467
(1,2,(3,4)); -3731.05  0 18.2413 8.67631 23.9243 -3764.54 0.269695 0.237175 0.188522 0.304608 0.0826528  0.209852  0.105837 0.0345913  0.549312 0.0177546
(1,2,(3,4)); -3732.38  0 17.186 8.8298 22.7556 -3763.49  0.25139 0.235748 0.190913 0.321949 0.0957168   0.21229  0.110535 0.0360306   0.51518 0.0302477
(1,2,(3,4)); -3729.96  0 21.8681 8.49017 20.396 -3763.73   0.2785 0.244123 0.165614 0.311763   0.124612   0.233405   0.117906  0.0360232   0.485044 0.00300834
(1,2,(3,4)); -3732.65  0 21.4604 8.50999 19.619 -3765.22 0.283278 0.233997 0.180366 0.302358  0.118204  0.180004  0.171202 0.0317097  0.482559  0.016321
(1,2,(3,4)); -3744.26  0 18.874 8.45874 18.8176 -3773.49 0.264359  0.23906 0.190193 0.306388   0.13905  0.256577 0.0566388  0.025871  0.491963    0.0299
(1,2,(3,4)); -3729.95  0 22.0421 8.53346 22.039 -3765.5  0.26262 0.247402   0.1774 0.312577 0.0294364   0.21617  0.164743 0.0402579  0.530351 0.0190425
(1,2,(3,4)); -3731.53  0 19.6097 8.65191 20.0299 -3762.52 0.279171 0.212388 0.180221  0.32822  0.0761001    0.30426   0.137481  0.0170586   0.461102 0.00399807
(1,2,(3,4)); -3730.09  0 20.934 8.42819 23.2958 -3765.89 0.260976  0.23029  0.18126 0.327475 0.0802324  0.221691 0.0957586 0.0100572  0.560178 0.0320829
(1,2,(3,4)); -3737.73  0 21.0429 8.49039 22.5541 -3772.84 0.274417 0.231703 0.182749 0.311131 0.0787935  0.285531 0.0690052  0.051947  0.502487  0.012236
(1,2,(3,4)); -3733.55  0 17.9932 8.19423 21.5822 -3764.93 0.255447 0.239493 0.192446 0.312615 0.0850921   0.21834  0.108493 0.0149471  0.524141 0.0489872
(1,2,(3,4)); -3727.88  0 19.149 8.02865 24.8294 -3763.83 0.267107 0.243892 0.172475 0.316525 0.0574827  0.246813  0.118758 0.0275323   0.52406 0.0253547
(1,2,(3,4)); -3733.72  0 21.7051 8.55925 22.6275 -3769.49 0.260659 0.220608 0.189875 0.328858 0.0426518  0.218051  0.107889 0.0413578  0.561532 0.0285183
(1,2,(3,4)); -3739.2  0 22.2614 8.37127 19.7438 -3772.83  0.26312 0.260762 0.177098  0.29902  0.0634625   0.323369  0.0920747  0.0204904   0.496198 0.00440584
(1,2,(3,4)); -3737.38  0 17.1996 8.63603 20.2299 -3766.17 0.255725 0.247553  0.17609 0.320631   0.139451   0.210321   0.157731    0.02646   0.458901 0.00713645
(1,2,(3,4)); -3735.93  0 19.2435 8.61191 19.8409 -3766.4 0.251613 0.258854  0.16902 0.320514 0.0884296  0.257749  0.107827 0.0195601  0.479644 0.0467906
(1,2,(3,4)); -3731.71  0 17.1118 7.97173 23.3978 -3764.25 0.283702 0.229194 0.181927 0.305177  0.045416   0.23442  0.125321 0.0316541  0.548379 0.0148091
(1,2,(3,4)); -3725.89  0 21.6157 8.3519 23.3998 -3762.55 0.268552 0.240929 0.180876 0.309642 0.0557182   0.26984  0.158218 0.0404791  0.465218 0.0105264
(1,2,(3,4)); -3726.63  0 21.398 8.32766 22.6234 -3762.32 0.269295 0.233882 0.169585 0.327238 0.0861235  0.261125  0.161716 0.0296113  0.441924 0.0195006
(1,2,(3,4)); -3729.07  0 22.4298 8.55676 21.6671 -3764.61 0.263097 0.238726 0.178753 0.319424  0.089225  0.231277  0.201713 0.0216476  0.441612 0.0145256
(1,2,(3,4)); -3725.6  0 21.2878 8.41981 23.4146 -3761.88 0.266642 0.244251 0.177669 0.311438  0.0895469   0.213455   0.158288  0.0275951   0.505008 0.00610613
(1,2,(3,4)); -3733.26  0 21.0853 8.41598 22.1954 -3768.13 0.263241 0.230255 0.182117 0.324387 0.0738566  0.275123 0.0968855 0.0533709  0.458362 0.0424026
(1,2,(3,4)); -3732.79  0 18.5524 7.9829 23.6343 -3766.99 0.261109 0.235934 0.182483 0.320475   0.104382   0.231835  0.0899363  0.0165202   0.552403 0.00492337
(1,2,(3,4)); -3735.98  0 19.3881 8.15417 21.9322 -3769.15 0.263503 0.234721 0.168881 0.332895 0.0564688  0.206107 0.0972393 0.0552979   0.54103 0.0438574
(1,2,(3,4)); -3733.2  0 16.9645 8.47743 21.9723 -3763.66 0.270919 0.244572 0.185342 0.299167 0.0512139  0.285959  0.124369 0.0511765  0.470376 0.0169062
(1,2,(3,4)); -3740.19  0 15.4511 8.61065 21.999 -3769.03 0.256168 0.237523 0.169692 0.336616  0.105596   0.29257 0.0921622 0.0231807  0.477422 0.0090687
(1,2,(3,4)); -3732.82  0 20.7801 8.56047 22.8075 -3767.85   0.2671 0.228844 0.177151 0.326905 0.0668463  0.182644  0.111111 0.0689943  0.560404 0.0100009
(1,2,(3,4)); -3733.98  0 22.2603 8.49073 19.6335 -3767.38 0.263596 0.243908 0.169122 0.323374 0.0597996  0.174112  0.211368 0.0542218  0.484775 0.0157229
(1,2,(3,4)); -3729.59  0 20.7351 8.48581 22.7541 -3764.59 0.269076 0.250268 0.160979 0.319677 0.0603424  0.221078   0.11171 0.0247708  0.558558 0.0235405
(1,2,(3,4)); -3726.9  0 19.7635 8.25601 24.0958 -3762.5 0.256401 0.233949 0.184116 0.325534 0.0635257  0.241677  0.130767 0.0316989  0.498386 0.0339446
(1,2,(3,4)); -3732  0 17.291 7.92473 23.1685 -3764.53 0.281761 0.216347  0.18209 0.319801  0.050241  0.258903  0.112237 0.0272093  0.537986  0.013423
(1,2,(3,4)); -3741.84  0 21.3781 8.35338 20.3184 -3775.18 0.277588 0.249139 0.169575 0.303698 0.0759426  0.201013  0.063907 0.0189191  0.614712 0.0255065
(1,2,(3,4)); -3730.52  0 19.5493 8.14283 23.3888 -3765.32 0.260172 0.235382 0.186602 0.317844 0.0650373  0.167253  0.142026 0.0338061  0.576477    0.0154
(1,2,(3,4)); -3736.44  0 21.0449 8.36353 19.7164 -3768.83 0.276985 0.238939 0.185348 0.298728 0.0320636  0.244448  0.130534 0.0774432  0.495325 0.0201865
