tree logl logTop logBL logPrior logQ logWt pi1 pi2 pi3 pi4 s1 s2 s3 s4 s5 s6
(1,2,(3,4)); -3723.64  0 22.0077 8.56041 26.5476 -3763.64 0.260591 0.232438 0.177176 0.329796 0.0844704  0.228905  0.146766 0.0194941  0.510047 0.0103172
(1,2,(3,4)); -3729.61  0 18.5888 8.1402 22.3284 -3762.39 0.255618 0.216383 0.186114 0.341885 0.0802865  0.271097  0.142331  0.030665  0.470482 0.0051387
(1,2,(3,4)); -3726.54  0 21.562 8.44526 24.8847 -3764.54 0.273459 0.228585 0.166654 0.331303 0.0630914  0.250864  0.115489 0.0400022  0.509763 0.0207905
(1,2,(3,4)); -3726.73  0 20.0288 8.16261 24.9279 -3763.53 0.267452 0.225806 0.178257 0.328486 0.0666048  0.280085  0.121275 0.0203176  0.501581 0.0101359
(1,2,(3,4)); -3724.24  0 20.2427 8.04295 27.7692 -3764.21  0.26859 0.232148 0.178421  0.32084 0.0711599  0.261529  0.139679 0.0263451  0.485561 0.0157253
(1,2,(3,4)); -3729.69  0 21.1599 8.32406 19.0513 -3761.58 0.281749 0.220489 0.193874 0.303888 0.0547677  0.313033  0.136019 0.0365904  0.438807 0.0207837
(1,2,(3,4)); -3727.47  0 20.9535 8.21929 25.3912 -3765.6 0.265643 0.238401 0.171781 0.324175 0.0603166  0.281281  0.144805 0.0381389  0.459787  0.015672
(1,2,(3,4)); -3729.85  0 18.7859 8.57554 24.4627 -3764.52 0.264419 0.218602 0.189438 0.327541 0.0663209  0.253455  0.149585 0.0448302  0.461948 0.0238621
(1,2,(3,4)); -3728.17  0 20.6024 8.37607 23.0137 -3763.41 0.270813 0.226082 0.171131 0.331975  0.0999598   0.231475    0.10128  0.0395607   0.518803 0.00892143
(1,2,(3,4)); -3724.62  0 22.5948 8.2961 23.2801 -3762.2 0.264541 0.226886 0.183149 0.325424 0.0422292  0.221887  0.167349 0.0334532  0.516278 0.0188038
(1,2,(3,4)); -3731.67  0 19.6397 8.47547 23.0984 -3765.93 0.251206 0.241007 0.162549 0.345239 0.0752354  0.251197  0.164001 0.0252458  0.468209 0.0161121
(1,2,(3,4)); -3725.37  0 19.5762 8.74204 27.9529 -3764.15 0.257375 0.240278  0.18384 0.318507 0.0736004  0.227027  0.142407 0.0305513  0.513085 0.0133285
(1,2,(3,4)); -3723.64  0 22.5511 8.36863 26.9658 -3764.79 0.267534 0.237226 0.170112 0.325128 0.0685969  0.242646  0.159294 0.0358766  0.475222 0.0183651
(1,2,(3,4)); -3726.14  0 20.8082 8.52612 25.8513 -3764.28 0.267882    0.222 0.190611 0.319507 0.0744287  0.235635  0.113873 0.0381102  0.519145 0.0188081
(1,2,(3,4)); -3727.36  0 18.5786 8.39833 26.2355 -3763.77 0.259992 0.239818 0.184065 0.316125 0.0758759  0.196705  0.138419 0.0312657  0.540175 0.0175591
(1,2,(3,4)); -3726.29  0 20.4879 8.41681 26.5821 -3764.95 0.261581 0.246952 0.182059 0.309409  0.086154  0.244008  0.125455  0.039202  0.492243 0.0129377
(1,2,(3,4)); -3724.47  0 22.6933 8.51339 26.4845 -3765.14 0.258954 0.248281 0.177568 0.315197 0.0722832  0.256852  0.154469 0.0242054  0.477527 0.0146631
(1,2,(3,4)); -3732.29  0 19.0952 8.51334 23.438 -3766.31  0.27957 0.206972 0.178979 0.334479  0.0731904   0.211932   0.136994  0.0383795   0.531671 0.00783258
(1,2,(3,4)); -3727.83  0 19.7861 8.27929 25.1377 -3764.47 0.250134  0.23924 0.177759 0.332867 0.0567082  0.252599  0.144621 0.0454057  0.488926 0.0117405
(1,2,(3,4)); -3726.75  0 20.3388 8.22924 23.6248 -3762.48 0.261894 0.240432 0.173705 0.323968  0.0803774   0.188465   0.123347  0.0317476   0.567607 0.00845553
(1,2,(3,4)); -3729.65  0 20.4601 8.61875 23.8216 -3765.31 0.241859 0.253763 0.184868  0.31951 0.0637522   0.24567  0.162167 0.0258774  0.489397 0.0131366
(1,2,(3,4)); -3728.6  0 20.5819 8.55316 22.5109 -3763.14 0.272855 0.231801 0.167734  0.32761 0.0948255  0.206429  0.172505 0.0166152  0.488502 0.0211224
(1,2,(3,4)); -3728.61  0 18.0861 8.12455 25.3069 -3763.88 0.267648 0.239827  0.17984 0.312684  0.093965  0.231227   0.16245 0.0225534  0.466429 0.0233763
(1,2,(3,4)); -3731.3  0 18.6736 8.41106 22.9391 -3764.51 0.280107 0.224331 0.184761 0.310801 0.0933959  0.233137  0.168474 0.0439766   0.43974 0.0212766
(1,2,(3,4)); -3725.02  0 20.3056 8.17518 26.6352 -3763.79 0.258128 0.228174 0.188688 0.325009 0.0829365  0.259613  0.145656 0.0319793   0.46979 0.0100241
(1,2,(3,4)); -3726.4  0 20.6769 8.59638 26.0936 -3764.58 0.266237 0.227624 0.191443 0.314695 0.0746013  0.228134  0.121458 0.0380369   0.51404 0.0237293
(1,2,(3,4)); -3725.55  0 19.0978 8.20587 27.2759 -3763.72 0.262565 0.239117 0.176834 0.321485 0.0830018  0.213091  0.128107 0.0368198  0.521129 0.0178512
(1,2,(3,4)); -3732.44  0 21.5627 8.56772 22.3162 -3767.75 0.245427 0.254752 0.171554 0.328267 0.0898949  0.263889  0.158764 0.0312229  0.438937 0.0172922
(1,2,(3,4)); -3726.87  0 17.5374 8.193 27.1465 -3763.36 0.269941 0.231019 0.180036 0.319004 0.0681432   0.24171  0.167077 0.0351591  0.473542 0.0143682
(1,2,(3,4)); -3729.89  0 20.3752 8.31985 23.8513 -3765.8 0.274068 0.223637  0.17647 0.325824  0.102356  0.237728  0.152926 0.0475875  0.443344 0.0160597
(1,2,(3,4)); -3726.78  0 22.4093 8.3475 21.6874 -3762.53 0.266006 0.232243 0.176393 0.325359  0.0819867   0.261699   0.125511  0.0117041   0.513633 0.00546648
(1,2,(3,4)); -3724.95  0 21.9878 8.41338 25.3815 -3763.91 0.277475 0.224301 0.178938 0.319287 0.0873589  0.234796  0.136597    0.0398  0.473397 0.0280521
(1,2,(3,4)); -3726.3  0 21.7877 8.50873 24.2947 -3763.87 0.273056 0.222883 0.170712 0.333348 0.0928803  0.255878  0.128353 0.0237442  0.473519 0.0256256
(1,2,(3,4)); -3728.29  0 18.3868 8.52512 25.6814 -3763.84 0.261207  0.25088  0.16833 0.319583 0.0647212  0.232114  0.136901 0.0246316  0.528539 0.0130942
(1,2,(3,4)); -3724.2  0 21.7397 8.24449 26.9342 -3764.63 0.270152 0.220433 0.190404 0.319011 0.0780525   0.23687   0.14215 0.0279322  0.502592 0.0124038
(1,2,(3,4)); -3725.56  0 22.2463 8.4384 25.1556 -3764.53 0.263411  0.21997 0.175699  0.34092 0.0711862  0.263209  0.127266 0.0405703  0.487172  0.010596
(1,2,(3,4)); -3728.61  0 21.9901 8.44307 20.0902 -3762.24 0.257729 0.233791 0.174194 0.334287  0.0613606   0.232682   0.206636  0.0394815   0.454314 0.00552596
(1,2,(3,4)); -3727.62  0 23.0346 8.48601 23.1704 -3765.34 0.276604 0.218633 0.183391 0.321372 0.0983006  0.193292  0.164667  0.039472  0.493779 0.0104892
(1,2,(3,4)); -3728.13  0 21.6012 8.46117 23.6477 -3764.92 0.250031 0.222289 0.191619 0.336061 0.0910812  0.235571  0.109263 0.0389324  0.507766 0.0173858
(1,2,(3,4)); -3730.36  0 21.0237 8.67915 22.7292 -3765.43 0.264397 0.225752 0.171113 0.338739 0.0968777  0.287307  0.114397 0.0315191  0.453725 0.0161747
(1,2,(3,4)); -3726.14  0 21.8545 8.52458 23.8888 -3763.36  0.28385 0.209372 0.174552 0.332227 0.0800087  0.250631  0.143065 0.0279859  0.483427 0.0148832
(1,2,(3,4)); -3727.29  0 17.5336 7.91936 27.5559 -3764.46 0.258044 0.235482 0.185028 0.321446 0.0784035  0.245722  0.152032 0.0241423  0.486337 0.0133634
(1,2,(3,4)); -3724.61  0 22.2495 8.51879 25.9629 -3764.31 0.275115 0.236971 0.175783 0.312131  0.079532  0.223575  0.172606  0.022941  0.487116 0.0142307
(1,2,(3,4)); -3725.15  0 21.7721 8.45853 24.0459 -3762.51  0.25534 0.235633 0.178514 0.330513  0.0645367   0.241244   0.115343  0.0331028   0.540843 0.00493101
(1,2,(3,4)); -3725.39  0 22.4248 8.49101 25.3869 -3764.71 0.256016 0.254736 0.175806 0.313443 0.0784267  0.243924  0.141767 0.0200266  0.499332 0.0165234
(1,2,(3,4)); -3727.3  0 19.6229 8.58187 25.5841 -3763.93 0.264005  0.23906 0.182416 0.314519 0.0669551  0.272046  0.160542 0.0373515    0.4523  0.010806
(1,2,(3,4)); -3726.11  0 20.4876 8.58698 26.2431 -3764.26 0.258496  0.23365 0.173243 0.334611  0.077362  0.231085  0.115459 0.0364894  0.518859 0.0207451
(1,2,(3,4)); -3725.05  0 22.1679 8.44701 25.5033 -3764.28 0.256837 0.242269 0.192401 0.308493 0.0679991  0.256257  0.138492 0.0257216  0.488127 0.0234031
(1,2,(3,4)); -3729.87  0 16.5125 8.82596 26.8151 -3764.38 0.255785  0.24145 0.179628 0.323136 0.0894281  0.216166  0.130617 0.0294719  0.523289 0.0110277
(1,2,(3,4)); -3724.68  0 21.3802 8.43167 26.3165 -3763.95 0.265189 0.219377 0.189864  0.32557 0.0617406  0.240496  0.144963 0.0366285  0.498052 0.0181197
(1,2,(3,4)); -3728.58  0 19.2457 8.30175 24.4485 -3763.98 0.247324 0.253883 0.181076 0.317717 0.0634774  0.234324  0.124271 0.0343766  0.520218 0.0233325
(1,2,(3,4)); -3726.02  0 19.9528 8.33202 26.3615 -3764 0.266368  0.22632 0.185303 0.322009 0.0758101  0.236412  0.122386 0.0199093  0.528095 0.0173872
(1,2,(3,4)); -3735.27  0 18.3359 8.54413 18.0395 -3763.1 0.275043 0.222416 0.162298 0.340243  0.136978  0.228652  0.121703 0.0246676   0.47639   0.01161
(1,2,(3,4)); -3728.89  0 17.9394 8.25558 25.0745 -3763.65 0.250665 0.224749 0.185916  0.33867 0.0690477  0.215778  0.133747 0.0268363  0.533694 0.0208971
(1,2,(3,4)); -3725.88  0 20.7676 8.52142 26.3464 -3764.47 0.270271 0.235067 0.185991 0.308671 0.0977742  0.227678  0.152854 0.0281529  0.479032 0.0145083
(1,2,(3,4)); -3726.47  0 20.9242 8.37312 26.282 -3765.3 0.259406 0.234354 0.190113 0.316127 0.0909666  0.247811  0.155097  0.028595  0.459966 0.0175645
(1,2,(3,4)); -3726.42  0 20.9269 8.50828 26.4023 -3765.24 0.264891 0.238997 0.179784 0.316327  0.0721222   0.243273   0.112136  0.0287815   0.534029 0.00965818
(1,2,(3,4)); -3730.22  0 19.0927 8.1273 23.9616 -3765.15 0.266165 0.241233 0.168116 0.324486 0.0612422  0.277261  0.119539 0.0467422  0.475149 0.0200662
(1,2,(3,4)); -3729.86  0 17.8131 8.43664 24.8243 -3764.06 0.269795 0.225802 0.170989 0.333414 0.0615835  0.243221  0.134133 0.0459671  0.488869  0.026226
(1,2,(3,4)); -3728.5  0 21.0232 8.4251 22.5781 -3763.67  0.25691 0.253814 0.179133 0.310142 0.0472256  0.243221  0.150804 0.0398811  0.493052 0.0258153
(1,2,(3,4)); -3733  0 16.4269 8.33408 24.017 -3765.11 0.250891 0.223458 0.187887 0.337764  0.105959  0.218306  0.131591 0.0315108  0.501832 0.0108019
(1,2,(3,4)); -3728.47  0 21.1589 8.37365 22.878 -3764.13 0.273343 0.232472  0.17992 0.314264 0.0820091  0.205519  0.156685  0.065392  0.478991 0.0114044
(1,2,(3,4)); -3723.71  0 21.0461 8.47889 27.5959 -3763.87 0.260475 0.236141  0.18194 0.321443 0.0750922  0.257717  0.143077 0.0359328  0.477831 0.0103504
(1,2,(3,4)); -3729.49  0 21.1979 8.35147 22.1737 -3764.51 0.261692 0.247963 0.199716 0.290629  0.067246  0.244792  0.131486 0.0424638  0.497829 0.0161831
(1,2,(3,4)); -3729.01  0 19.0827 8.24852 25.0804 -3764.92 0.258511 0.231816 0.193213  0.31646 0.0933278  0.219309  0.165735 0.0381995   0.47307 0.0103585
(1,2,(3,4)); -3729.36  0 19.3819 8.43146 22.4918 -3762.8 0.285678 0.218124 0.175966 0.320231 0.0926605  0.277794  0.125492 0.0287238   0.45088  0.024451
(1,2,(3,4)); -3723.87  0 21.6561 8.33579 27.1955 -3764.39 0.266123 0.223997 0.180616 0.329263 0.0758485  0.236205  0.120112   0.03568  0.515417 0.0167371
(1,2,(3,4)); -3732.14  0 18.6473 8.60111 22.3359 -3764.52 0.261169 0.245158 0.195728 0.297945  0.094966  0.221184  0.161712 0.0452166    0.4654  0.011522
(1,2,(3,4)); -3726.55  0 18.5307 8.42695 26.187 -3762.84  0.26732  0.23192 0.183096 0.317664  0.0665851   0.225365   0.150017  0.0470619   0.503108 0.00786325
(1,2,(3,4)); -3724.91  0 21.1582 8.4186 27.0959 -3764.74 0.265276 0.236141 0.183438 0.315145 0.0878996  0.247129  0.150494 0.0347787  0.461205 0.0184932
(1,2,(3,4)); -3725.32  0 21.1345 8.21728 25.6615 -3763.9 0.272066 0.231181 0.182706 0.314047 0.0930412  0.203006  0.127197  0.026113  0.531449  0.019193
(1,2,(3,4)); -3733.99  0 18.3307 8.64648 23.2257 -3766.9 0.257601 0.258585 0.164471 0.319344 0.0776209  0.275199  0.121281 0.0331229  0.476597 0.0161792
(1,2,(3,4)); -3731.53  0 18.2358 8.25622 21.8549 -3763.36 0.268786 0.243271  0.19375 0.294194 0.0486693  0.237863  0.140522 0.0253258  0.537035 0.0105858
(1,2,(3,4)); -3722.95  0 22.1367 8.32841 25.9379 -3762.7 0.262171 0.234792 0.183426 0.319611 0.0694818  0.213725  0.146499 0.0360728  0.528295 0.0059256
(1,2,(3,4)); -3725.06  0 21.0102 8.3917 26.9981 -3764.68  0.26963  0.23529 0.174421 0.320659 0.0865031  0.228025  0.146351 0.0414265  0.476916 0.0207778
(1,2,(3,4)); -3728.25  0 21.9544 8.32651 22.2275 -3764.1 0.255962 0.227045 0.183495 0.333499 0.0509557  0.287579  0.154929 0.0395139  0.446823 0.0201998
(1,2,(3,4)); -3726.83  0 19.237 8.65649 24.3274 -3761.74 0.279849  0.22502 0.187866 0.307265 0.0957505  0.251422  0.135291  0.019757  0.485911 0.0118689
(1,2,(3,4)); -3730.15  0 20.0437 8.27924 22.0513 -3763.97 0.255582 0.236545 0.162702 0.345172  0.074669  0.203134  0.139186 0.0403857  0.512456 0.0301695
(1,2,(3,4)); -3726.8  0 20.6657 8.61944 25.7729 -3764.62 0.271039 0.240049 0.179239 0.309674 0.0722691  0.265773  0.151573 0.0328421  0.454484 0.0230582
(1,2,(3,4)); -3731.17  0 16.8024 8.02083 25.2502 -3765.2 0.265267 0.230728 0.178176 0.325828  0.075462  0.195822   0.13967 0.0263556  0.535501 0.0271898
(1,2,(3,4)); -3727.87  0 21.9616 8.41325 20.8191 -3762.23 0.279071 0.211709 0.186606 0.322615 0.0421994  0.228904  0.150833 0.0250951  0.534883 0.0180845
(1,2,(3,4)); -3730.44  0 22.2514 8.45999 20.6661 -3764.9 0.276901 0.231676 0.184544 0.306879 0.0649014  0.190274  0.131698 0.0285737  0.544384  0.040169
(1,2,(3,4)); -3729.32  0 18.1648 8.08318 25.1691 -3764.57 0.245824 0.250327 0.182307 0.321542 0.0610228  0.255023  0.133323  0.029264  0.510105 0.0112624
(1,2,(3,4)); -3728.81  0 19.4256 8.34314 25.136 -3765.03 0.259271 0.251055 0.170505 0.319169 0.0983981  0.210473  0.144886 0.0359391  0.492602  0.017702
(1,2,(3,4)); -3733.25  0 19.1517 8.71969 19.2389 -3762.92  0.27405 0.210704 0.211016  0.30423 0.0555038  0.241513  0.135358 0.0313149  0.520754 0.0155566
(1,2,(3,4)); -3728.25  0 21.3785 8.60057 23.3317 -3764.36 0.274379 0.224633 0.188669 0.312319 0.0504371  0.240029  0.122591 0.0228038  0.541882 0.0222571
(1,2,(3,4)); -3726.43  0 20.465 8.20659 24.9068 -3763.6  0.26483 0.241766 0.168493  0.32491 0.0697089  0.237332   0.10799  0.028437  0.546669 0.0098635
(1,2,(3,4)); -3735.35  0 17.3634 8.72257 22.3365 -3766.33 0.248628 0.256067 0.193533 0.301772 0.0978273  0.242895  0.143286  0.034477  0.468515 0.0129995
(1,2,(3,4)); -3726.98  0 19.2823 8.45134 25.553 -3763.36 0.270383    0.234  0.16746 0.328157  0.081302  0.241878  0.110951 0.0266208  0.528423  0.010825
(1,2,(3,4)); -3728.57  0 18.6968 8.40612 25.7901 -3764.65 0.251213 0.236364 0.189536 0.322887 0.0755756  0.237157  0.135266 0.0510504  0.485225 0.0157257
(1,2,(3,4)); -3737.74  0 12.5565 8.6442 24.1572 -3765.81 0.254169 0.252332 0.174183 0.319316 0.0901892  0.251853  0.161102 0.0213795  0.465349 0.0101277
(1,2,(3,4)); -3725.97  0 20.7293 8.46346 25.7781 -3764.01 0.265736  0.23574 0.173466 0.325059  0.0752436   0.267479   0.129471  0.0287714    0.49326 0.00577521
(1,2,(3,4)); -3729.12  0 19.07 8.12645 23.6491 -3763.71 0.257742 0.239275 0.185701 0.317282 0.0739053  0.203497  0.118978 0.0575716  0.533688 0.0123605
(1,2,(3,4)); -3733.9  0 18.4588 8.80417 20.2641 -3763.82 0.257617 0.260032 0.183639 0.298712  0.0757782   0.248844   0.113166  0.0553255   0.499064 0.00782272
(1,2,(3,4)); -3725.39  0 20.2405 8.31318 26.1724 -3763.49 0.261687 0.245528 0.178784    0.314  0.082798  0.200835  0.136362 0.0325146  0.535518  0.011973
(1,2,(3,4)); -3727.62  0 21.2763 8.43019 23.6184 -3764.08 0.247438  0.25256 0.190242 0.309759  0.0621301   0.258792   0.136303  0.0361292   0.498496 0.00814901
(1,2,(3,4)); -3727.64  0 19.8734 8.06503 22.7678 -3762.22 0.268359 0.222739 0.174431 0.334471 0.0408486  0.259916  0.140493 0.0287372  0.514366 0.0156393
(1,2,(3,4)); -3727.69  0 20.5889 8.58548 23.6759 -3763.37 0.262479  0.23534 0.199399 0.302781 0.0976571  0.251462   0.13216 0.0392241  0.463122 0.0163742
(1,2,(3,4)); -3726.51  0 18.3752 8.22819 26.3597 -3763.02 0.264292 0.225583 0.175144 0.334982 0.0699531  0.206098  0.140862 0.0324105  0.533733 0.0169436
(1,2,(3,4)); -3727.83  0 19.8527 8.50379 26.3055 -3765.48 0.266641 0.239626  0.18283 0.310902 0.0866408  0.203407  0.132477 0.0390775  0.520127 0.0182709
(1,2,(3,4)); -3725.87  0 20.5804 8.43811 25.057 -3763.07 0.254298 0.243561 0.184718 0.317423 0.0654318  0.228233   0.14904 0.0162582  0.525348 0.0156888
(1,2,(3,4)); -3728.34  0 21.1711 8.32951 22.3766 -3763.56  0.26094 0.205602 0.199842 0.333615 0.0671388  0.237551  0.143608 0.0346797  0.501097 0.0159253
(1,2,(3,4)); -3729.96  0 21.3242 8.53976 22.0956 -3764.84 0.279184 0.220958 0.191111 0.308748 0.0969422  0.231069  0.165942 0.0454213  0.451909 0.0087174
(1,2,(3,4)); -3725.43  0 22.5069 8.19081 26.0927 -3765.84 0.262338 0.239401 0.180688 0.317574  0.0849668   0.229109   0.174832  0.0259453   0.475203 0.00994412
(1,2,(3,4)); -3731.59  0 18.3245 8.38096 23.9485 -3765.48 0.269922 0.246423 0.179034  0.30462  0.0588227   0.260282   0.173045  0.0267443     0.4714 0.00970655
(1,2,(3,4)); -3729.8  0 20.3726 8.59766 22.7905 -3764.37 0.258436 0.224583 0.169873 0.347108 0.0886425  0.218567  0.134721 0.0347938  0.490568 0.0327073
(1,2,(3,4)); -3727.34  0 21.0348 8.41398 25.2605 -3765.23 0.246005 0.236606 0.195599 0.321791 0.0864571  0.232726  0.140571 0.0410531  0.485817 0.0133765
(1,2,(3,4)); -3725.12  0 19.7722 8.71911 27.4336 -3763.61 0.267743 0.224244 0.184439 0.323573  0.069631  0.232509    0.1556 0.0346069  0.489646 0.0180067
(1,2,(3,4)); -3726.04  0 19.3109 8.17019 26.3637 -3763.54 0.265551 0.216457 0.184115 0.333876 0.0744199  0.227176  0.151494 0.0363464  0.495558 0.0150048
(1,2,(3,4)); -3730.89  0 19.3229 8.21692 23.2799 -3765.28 0.259836 0.227349  0.18028 0.332536  0.107493  0.237477  0.142326 0.0524029  0.446017 0.0142832
(1,2,(3,4)); -3727.66  0 22.2027 8.22998 22.0297 -3763.66  0.26403 0.256029 0.180205 0.299737  0.0648198   0.205472   0.154042  0.0327613   0.537001 0.00590374
(1,2,(3,4)); -3724.21  0 22.2474 8.38831 26.1085 -3764.17  0.26869 0.235509 0.193206 0.302595 0.0792435  0.230324  0.151306 0.0258564  0.500528 0.0127417
(1,2,(3,4)); -3724.61  0 20.3279 8.3938 27.0463 -3763.59 0.266483 0.232883 0.174204  0.32643 0.0757124  0.226071  0.118373 0.0282686  0.534226 0.0173492
(1,2,(3,4)); -3728.02  0 17.8782 8.28973 25.5755 -3763.19 0.269649 0.218256 0.186871 0.325224  0.0788968   0.237224   0.152892  0.0215241   0.500808 0.00865526
(1,2,(3,4)); -3730.27  0 17.5553 8.79177 23.4944 -3762.52 0.252572 0.241461 0.173199 0.332767 0.0865429  0.221387  0.133274 0.0225697   0.50101 0.0352167
(1,2,(3,4)); -3725.37  0 20.5473 8.21518 26.9702 -3764.67 0.274172 0.229897 0.180725 0.315205 0.0864839  0.211808  0.150285 0.0386295  0.498008  0.014786
(1,2,(3,4)); -3726.68  0 20.0484 8.17263 25.4561 -3764.01 0.278294 0.221285 0.166864 0.333556 0.0851226  0.245109  0.130754 0.0354651  0.487857 0.0156918
(1,2,(3,4)); -3730.78  0 20.892 8.36728 19.0288 -3762.33 0.295927 0.230004 0.185231 0.288838  0.083032  0.277994  0.130642 0.0367471  0.449438 0.0221465
(1,2,(3,4)); -3729.38  0 20.2145 8.63751 23.7353 -3764.69 0.280403 0.220391 0.168185 0.331021 0.0978968  0.217574  0.137142 0.0449184  0.484348 0.0181214
(1,2,(3,4)); -3726.12  0 21.8571 8.51444 25.134 -3764.6  0.25264 0.228489 0.190502 0.328369  0.0896488    0.21133   0.148483  0.0399488   0.502317 0.00827265
(1,2,(3,4)); -3724.33  0 22.0182 8.49562 27.1141 -3764.96 0.264977 0.245761 0.171854 0.317408  0.087911  0.237974  0.139205 0.0372505  0.483024 0.0146357
(1,2,(3,4)); -3727.12  0 21.4749 8.47213 23.9578 -3764.08 0.255923 0.234153 0.171163 0.338761 0.0816828  0.207554  0.121229 0.0420323  0.520289  0.027213
(1,2,(3,4)); -3725.85  0 20.489 8.35905 25.8986 -3763.88 0.264515 0.220179 0.185266  0.33004 0.0905383  0.227787   0.12051 0.0253336  0.518784 0.0170473
(1,2,(3,4)); -3729.46  0 18.4784 8.27168 25.0371 -3764.7 0.262824  0.23202  0.18963 0.315525 0.0897577  0.199473  0.140413  0.049804  0.506104 0.0144481
(1,2,(3,4)); -3728.85  0 17.0945 8.32749 25.9373 -3763.56 0.261506 0.239351 0.166948 0.332196 0.0600005  0.229438  0.140947 0.0409997  0.509901 0.0187142
