tree logl logTop logBL logPrior logQ logWt pi1 pi2 pi3 pi4 s1 s2 s3 s4 s5 s6
(1,2,(3,4)); -3728.15  0 16.1233 8.41258 20.2098 -3756.07 0.265966 0.228222 0.178581 0.327231 0.0798091  0.236621  0.153383 0.0368883  0.482077 0.0112215
(1,2,(3,4)); -3723.15  0 22.2798 8.36432 19.6164 -3756.68 0.264695 0.242216 0.183288 0.309801 0.0847246  0.218412  0.134521 0.0357557  0.510262  0.016325
(1,2,(3,4)); -3730.42  0 18.5249 8.55916 15.6768 -3756.07  0.26496 0.232891 0.158067 0.344081 0.0690281  0.249946  0.137296 0.0295589  0.499912 0.0142592
(1,2,(3,4)); -3725.21  0 22.2305 8.41819 19.4183 -3758.44 0.262988  0.21231 0.186184 0.338517 0.0812902  0.235002  0.154738 0.0343782  0.480169 0.0144229
(1,2,(3,4)); -3726.84  0 20.0587 8.47362 19.5895 -3758.02 0.278459 0.219624 0.185649 0.316268 0.0879073  0.217927  0.150267 0.0347479  0.491017 0.0181333
(1,2,(3,4)); -3725.38  0 21.6603 8.48415 18.5078 -3757.07 0.262242 0.234241 0.187358 0.316158  0.100475  0.232592  0.148831 0.0323041  0.473138 0.0126604
(1,2,(3,4)); -3729.2  0 17.6697 8.01735 17.4988 -3756.35 0.269499 0.228336 0.171407 0.330757 0.0988153  0.235162  0.131398 0.0385232  0.476939 0.0191624
(1,2,(3,4)); -3729.26  0 18.0138 8.50755 17.5046 -3756.27 0.273608 0.214966 0.171268 0.340159 0.0722917  0.227013  0.156633 0.0310172  0.498453 0.0145918
(1,2,(3,4)); -3723.32  0 21.8296 8.35643 21.2598 -3758.05 0.264502  0.22513 0.191808  0.31856  0.083909  0.232651  0.141224  0.031527  0.490329 0.0203607
(1,2,(3,4)); -3725.63  0 20.4372 8.57605 20.8489 -3758.34 0.267586 0.228101  0.19697 0.307343 0.0742611  0.240779  0.142259 0.0322448  0.494109 0.0163468
(1,2,(3,4)); -3724.17  0 22.0815 8.38139 19.6656 -3757.54 0.273852 0.222785 0.194231 0.309133 0.0803113  0.244599  0.155752 0.0348252   0.47083 0.0136835
(1,2,(3,4)); -3724.38  0 20.5263 8.58145 21.0861 -3757.41  0.26853 0.228845   0.1719 0.330725 0.0862139  0.248687  0.138838 0.0305195  0.481272 0.0144694
(1,2,(3,4)); -3729.17  0 19.8546 8.55259 16.5062 -3756.98 0.293828 0.213767 0.186735  0.30567 0.0688632   0.23714  0.138569 0.0312173  0.509334 0.0148765
(1,2,(3,4)); -3729.88  0 17.3704 8.53573 20.6514 -3759.37   0.2616 0.246706 0.184573 0.307121 0.0828042  0.234765  0.149397 0.0380144  0.479887 0.0151323
(1,2,(3,4)); -3727.19  0 19.422 8.73447 19.3565 -3757.24 0.275581 0.239369 0.175176 0.309874 0.0839154  0.240908  0.132203 0.0291775  0.491398 0.0223971
(1,2,(3,4)); -3725.77  0 18.426 8.09252 20.9255 -3757.03 0.272548 0.223321 0.181262 0.322868 0.0726358   0.23157  0.141214  0.033072  0.506553 0.0149558
(1,2,(3,4)); -3725.91  0 20.2039 8.41289 19.6032 -3757.3 0.277693 0.226319  0.17226 0.323728 0.0869674  0.238324  0.135187 0.0360637  0.481342 0.0221162
(1,2,(3,4)); -3724.02  0 21.8418 8.30822 17.2918 -3754.85 0.266114 0.230025 0.171836 0.332025 0.0729258  0.262414  0.124151 0.0329929  0.491891 0.0156243
(1,2,(3,4)); -3726.79  0 21.017 8.56772 17.199 -3756.44 0.252117 0.229339 0.191955 0.326589 0.0871617  0.216945  0.163603 0.0300204  0.484304 0.0179659
(1,2,(3,4)); -3727.39  0 18.7873 8.55185 19.6505 -3757.28 0.255963 0.251529 0.177704 0.314804 0.0717211  0.235121  0.143107 0.0354985  0.499206 0.0153468
(1,2,(3,4)); -3730.44  0 20.6652 8.67345 15.3636 -3757.79 0.249962 0.215707 0.180801 0.353529 0.0806416  0.242897  0.161103 0.0315702  0.465804 0.0179847
(1,2,(3,4)); -3728.41  0 20.8811 8.30238 17.8641 -3758.86 0.298851 0.230331 0.169666 0.301151 0.0883316   0.23772  0.136721 0.0356215  0.486498 0.0151081
(1,2,(3,4)); -3726.33  0 19.6477 8.26933 19.9203 -3757.63 0.249275 0.231562 0.193037 0.326125 0.0740054  0.229331  0.143433  0.034891  0.503182 0.0151578
(1,2,(3,4)); -3726.32  0 19.4991 8.26068 20.1431 -3757.7 0.260562 0.235596 0.183591 0.320251  0.091428  0.223605  0.155721 0.0310931  0.482484 0.0156692
(1,2,(3,4)); -3725.04  0 22.2722 8.40127 17.8981 -3756.81  0.25646 0.224738 0.190857 0.327945  0.079118  0.248943  0.143159 0.0428832  0.466058 0.0198388
(1,2,(3,4)); -3726.26  0 18.4206 8.57443 21.0715 -3757.18 0.283146 0.224989 0.176347 0.315517 0.0825936  0.244865  0.138987 0.0298966   0.49005 0.0136078
(1,2,(3,4)); -3725.1  0 21.5733 8.34434 18.7177 -3757.05 0.260458 0.221193 0.181327 0.337021 0.0887481   0.24655  0.137938 0.0323743  0.472065 0.0223241
(1,2,(3,4)); -3723.7  0 21.3018 8.19864 18.7669 -3755.57 0.259573 0.241513 0.187975 0.310939 0.0852187  0.238295  0.126302 0.0354689  0.503251 0.0114649
(1,2,(3,4)); -3726.55  0 17.7679 8.50601 19.5666 -3755.38 0.265369 0.233321 0.182938 0.318372 0.0918848  0.229329  0.153382  0.033865  0.480482 0.0110577
(1,2,(3,4)); -3723.39  0 20.5625 8.1517 20.5486 -3756.35 0.265276 0.239873 0.178364 0.316488 0.0707063  0.235784  0.139117 0.0348192   0.50515 0.0144232
(1,2,(3,4)); -3723.65  0 22.0223 8.40204 18.03 -3755.3 0.261192 0.232629 0.182166 0.324012   0.08571  0.268323  0.132345 0.0286324  0.470801 0.0141887
(1,2,(3,4)); -3734.19  0 15.184 8.71068 16.4852 -3757.15 0.266814 0.250933 0.168254 0.313998  0.070347  0.221377  0.143098 0.0409208   0.50662 0.0176367
(1,2,(3,4)); -3730.39  0 15.5177 8.68295 20.1207 -3757.35 0.274116 0.225665 0.173456 0.326763 0.0906555  0.244732  0.147316 0.0356568  0.467475 0.0141641
(1,2,(3,4)); -3729.57  0 19.4764 8.26466 16.0855 -3756.87 0.248384 0.259929 0.175905 0.315782  0.092872  0.224399  0.146723 0.0275297  0.495347 0.0131299
(1,2,(3,4)); -3730.67  0 17.1036 8.75182 20.3813 -3759.41 0.273168 0.232718 0.192343  0.30177 0.0748397  0.231481  0.150742 0.0336636  0.491701 0.0175725
(1,2,(3,4)); -3725.51  0 20.0695 8.14686 15.9715 -3753.4 0.278902 0.220599 0.189763 0.310736 0.0702794  0.265139  0.141254 0.0262769  0.484762 0.0122874
(1,2,(3,4)); -3725.92  0 19.4732 8.28104 19.9308 -3757.04 0.284086 0.223975 0.169993 0.321945 0.0883751  0.237488  0.137039 0.0342567  0.490373  0.012468
(1,2,(3,4)); -3727.72  0 21.9815 8.51102 15.6123 -3756.8 0.286012 0.249948 0.163446 0.300594 0.0800315  0.235969  0.153821 0.0245076  0.489968 0.0157029
(1,2,(3,4)); -3726.53  0 20.4999 8.61327 18.6623 -3757.07  0.27165 0.235194 0.194311 0.298845 0.0736491  0.232604  0.132919 0.0380621  0.507218 0.0155476
(1,2,(3,4)); -3724.01  0 21.9655 8.57524 21.031 -3758.43 0.257489 0.236647 0.191936 0.313928 0.0764039  0.228415  0.149881   0.03388  0.495234 0.0161866
(1,2,(3,4)); -3726.4  0 20.6466 8.29195 17.7169 -3756.47 0.272415 0.225299 0.168424 0.333862  0.081264  0.256065   0.14923 0.0295402  0.463257 0.0206431
(1,2,(3,4)); -3725.27  0 19.6997 8.33181 19.5351 -3756.18 0.274955 0.233723 0.174291 0.317031 0.0776256  0.225268  0.155017 0.0334689  0.486941 0.0216798
(1,2,(3,4)); -3724.65  0 20.3293 8.22008 20.0098 -3756.77 0.266615 0.238327 0.186489 0.308569 0.0758858  0.247424  0.136474 0.0358102  0.482953 0.0214531
(1,2,(3,4)); -3728.33  0 18.1033 8.36549 18.8167 -3756.88 0.251943 0.224806 0.182781  0.34047 0.0876674  0.227809  0.134705 0.0302587  0.499464 0.0200959
(1,2,(3,4)); -3725.18  0 20.598 8.28907 18.0949 -3755.58 0.260146 0.247017 0.166396 0.326441 0.0829294  0.217933  0.138984 0.0370421  0.509015 0.0140972
(1,2,(3,4)); -3724.23  0 21.5122 8.50639 19.4433 -3756.68 0.268474 0.227216 0.193634 0.310676 0.0881437  0.249933  0.135252 0.0398844   0.47161  0.015176
(1,2,(3,4)); -3725.07  0 21.8959 8.42015 17.8141 -3756.36 0.288149 0.235547 0.173968 0.302336 0.0678964   0.24843   0.13726  0.033166   0.49795  0.015298
(1,2,(3,4)); -3727.03  0 21.045 8.56315 19.8475 -3759.36 0.270285 0.230787 0.198984 0.299944 0.0899363  0.231785   0.14631 0.0311816  0.485328 0.0154593
(1,2,(3,4)); -3729.61  0 19.2272 8.79892 21.1866 -3761.22 0.278522 0.241387 0.173014 0.307078 0.0822705   0.23504   0.14403 0.0303125  0.493274 0.0150732
(1,2,(3,4)); -3725.37  0 19.6692 8.24768 21.8791 -3758.67 0.261657 0.234649 0.189862 0.313832 0.0798197  0.239386  0.135653 0.0313109  0.498215  0.015614
(1,2,(3,4)); -3726.96  0 18.888 8.55127 21.4921 -3758.79 0.282318 0.226899 0.174331 0.316452 0.0848084  0.232674   0.13946 0.0313333  0.495672 0.0160529
(1,2,(3,4)); -3724.61  0 21.4107 8.52129 20.3716 -3757.87 0.259526 0.248294 0.175597 0.316583 0.0755996  0.229201  0.147561 0.0371076  0.494395 0.0161363
(1,2,(3,4)); -3729.28  0 20.9021 8.55223 16.9086 -3758.54 0.272821 0.202427 0.194057 0.330695 0.0830991  0.229779  0.151969 0.0395556  0.479198 0.0163985
(1,2,(3,4)); -3724.59  0 20.5332 8.36162 21.3122 -3758.08 0.283039 0.224073 0.177909 0.314979 0.0795529  0.239399  0.144673 0.0293102  0.489765 0.0172994
(1,2,(3,4)); -3728.5  0 17.7533 8.62603 21.8838 -3759.51 0.271605 0.229131 0.173767 0.325496 0.0789334  0.245707  0.145058 0.0312578  0.484352  0.014691
(1,2,(3,4)); -3727.54  0 20.4095 8.40867 19.1323 -3758.67 0.291138 0.224876 0.166857 0.317129 0.0812514   0.24794  0.136092 0.0317992   0.48443 0.0184876
(1,2,(3,4)); -3727.49  0 18.9351 8.33441 19.5294 -3757.62 0.274412 0.241852 0.180439 0.303298 0.0874374  0.224257  0.138158 0.0403391  0.493038 0.0167698
(1,2,(3,4)); -3725.44  0 20.3381 8.29223 20.2249 -3757.71 0.276168 0.234844 0.184906 0.304083 0.0789766  0.236566  0.130867 0.0300686  0.508732 0.0147907
(1,2,(3,4)); -3726.37  0 20.3826 8.44575 19.3298 -3757.64  0.25713  0.23207 0.179036 0.331764 0.0812096  0.227477  0.161793 0.0367835  0.476514 0.0162221
(1,2,(3,4)); -3733.04  0 19.7294 8.68148 15.0222 -3759.11  0.23915 0.220403 0.196386 0.344061 0.0963531  0.233089  0.132666 0.0336824  0.486423 0.0177866
(1,2,(3,4)); -3724.29  0 20.4897 8.40874 20.0011 -3756.37 0.256383 0.231703 0.179036 0.332878 0.0779206  0.221433  0.151479  0.036368  0.498364 0.0144349
(1,2,(3,4)); -3724.1  0 20.6479 8.35801 21.3551 -3757.74 0.273286 0.221937 0.185287  0.31949 0.0792934   0.23636  0.146098 0.0319393  0.485947 0.0203624
(1,2,(3,4)); -3727  0 19.7915 8.12158 18.5791 -3757.25  0.28313 0.231976 0.173218 0.311676 0.0846674  0.236696  0.143031 0.0286538  0.482842   0.02411
(1,2,(3,4)); -3728.88  0 19.4231 8.81701 19.6498 -3759.13 0.276037 0.221238 0.196264 0.306462 0.0779758  0.227094  0.149723 0.0341641  0.491792 0.0192514
(1,2,(3,4)); -3730.1  0 20.1618 8.73633 17.9472 -3759.47 0.243519 0.246417  0.19375 0.316313 0.0824299  0.221775  0.152624 0.0358104   0.48904 0.0183203
(1,2,(3,4)); -3726.79  0 17.9563 8.38895 18.875 -3755.23   0.2694 0.229719 0.196178 0.304703 0.0814894  0.237347  0.132318 0.0327979  0.505215 0.0108329
(1,2,(3,4)); -3723.35  0 21.6966 8.52257 21.5143 -3758.04 0.280844 0.225269 0.179998  0.31389  0.076584  0.245343  0.138582 0.0340913  0.489403 0.0159964
(1,2,(3,4)); -3727.69  0 20.0055 8.30561 18.0793 -3757.47 0.287925  0.20853 0.178516 0.325028 0.0784348  0.250019  0.147571 0.0302105  0.475269 0.0184952
(1,2,(3,4)); -3724.46  0 19.8684 8.44599 20.4105 -3756.29 0.269263 0.233488 0.172642 0.324607 0.0804749  0.238164  0.129376 0.0297244  0.503654 0.0186064
(1,2,(3,4)); -3727.03  0 20.7401 8.58567 22.1963 -3761.38 0.271293 0.235163 0.176349 0.317195 0.0840918  0.231291  0.139479 0.0330202  0.497367 0.0147506
(1,2,(3,4)); -3728.27  0 20.1875 8.19785 18.4589 -3758.72 0.260078 0.238852  0.16326 0.337811 0.0902759  0.238609  0.148461 0.0331015  0.471151 0.0184009
(1,2,(3,4)); -3725.09  0 21.0162 8.43189 20.0106 -3757.68 0.270984 0.222754  0.17337 0.332891 0.0819099   0.24116  0.138645 0.0395225  0.479259 0.0195038
(1,2,(3,4)); -3727.82  0 18.4082 8.18341 19.5986 -3757.64 0.254511 0.249645 0.172755 0.323089  0.073512    0.2365  0.147403 0.0310422  0.492923 0.0186198
(1,2,(3,4)); -3724.25  0 20.7943 8.58769 19.7497 -3756.21 0.270451 0.235016  0.18247 0.312062 0.0793744  0.224706  0.136498 0.0422346  0.502332 0.0148551
(1,2,(3,4)); -3722.21  0 22.0301 8.44571 21.7706 -3757.56 0.260255 0.239019 0.180358 0.320367  0.082319  0.232104  0.147455 0.0292475   0.49445 0.0144248
(1,2,(3,4)); -3729.68  0 21.1599 8.42125 15.7665 -3758.18 0.245964 0.234241 0.204131 0.315664 0.0862344  0.237411  0.155597 0.0406343  0.467787 0.0123363
(1,2,(3,4)); -3723.58  0 21.087 8.47039 18.7493 -3754.95 0.268257 0.221256 0.191659 0.318828 0.0705425  0.242563  0.138968 0.0340254  0.502946 0.0109547
(1,2,(3,4)); -3727.5  0 21.2407 8.2494 17.9709 -3758.46 0.290118 0.227123 0.189522 0.293237 0.0855302  0.243128   0.14385 0.0389469  0.473537 0.0150076
(1,2,(3,4)); -3724.2  0 20.4512 8.23297 20.2001 -3756.62 0.259492 0.232903 0.188032 0.319574 0.0777724  0.229797  0.130042 0.0321097  0.512726 0.0175518
(1,2,(3,4)); -3728.03  0 19.9674 8.37424 16.3647 -3755.99  0.26331 0.253938 0.182816 0.299937  0.082989  0.243357  0.153812  0.022762  0.481426 0.0156539
(1,2,(3,4)); -3727.85  0 18.3534 8.5674 20.2559 -3757.89 0.271355 0.244744  0.17594  0.30796 0.0724683  0.235569  0.142223 0.0328176  0.497806 0.0191163
(1,2,(3,4)); -3725.16  0 21.7228 8.61743 20.4054 -3758.67 0.262701 0.240893 0.167125  0.32928 0.0900953   0.23817  0.136444 0.0317972    0.4881  0.015394
(1,2,(3,4)); -3727.31  0 21.3766 8.61079 19.3877 -3759.46 0.268264 0.209817 0.196291 0.325628 0.0802666   0.22667  0.146503   0.03341  0.495265 0.0178852
(1,2,(3,4)); -3728.26  0 18.6775 7.9379 19.5977 -3758.6 0.253844 0.242079 0.178068 0.326009 0.0749528  0.221277  0.146035 0.0362738  0.505565 0.0158975
(1,2,(3,4)); -3731.58  0 18.1396 8.66159 20.4753 -3761.54 0.271236 0.245321 0.177247 0.306196 0.0751195  0.247088  0.145773 0.0365085  0.479552 0.0159589
(1,2,(3,4)); -3730.51  0 21.9489 8.33866 13.9339 -3758.05 0.263486 0.201976  0.18419 0.350348 0.0817753  0.215467  0.155573 0.0356036  0.492076 0.0195047
(1,2,(3,4)); -3727.58  0 20.2474 8.47074 18.7473 -3758.1 0.276833  0.22645 0.183862 0.312854 0.0944174   0.24568  0.142297 0.0362455  0.461561 0.0198002
(1,2,(3,4)); -3728.02  0 19.2575 8.4789 19.7085 -3758.51  0.26917 0.237539 0.186007 0.307284 0.0875346  0.223707  0.144173 0.0392679  0.485137 0.0201812
(1,2,(3,4)); -3727.71  0 19.7555 8.37149 19.2189 -3758.31 0.289442 0.227386 0.184817 0.298355 0.0827205  0.248932  0.138082 0.0285833  0.484825 0.0168569
(1,2,(3,4)); -3735.99  0 16.4536 8.18374 15.8806 -3760.14 0.238975 0.247741 0.183876 0.329407 0.0785266  0.230617  0.161975 0.0352721  0.481781 0.0118283
(1,2,(3,4)); -3729.8  0 18.2349 8.59485 18.3919 -3757.83 0.250197 0.229435  0.17237 0.347997 0.0734549  0.233512  0.147046 0.0316898  0.496521  0.017776
(1,2,(3,4)); -3723.39  0 21.6051 8.51381 21.6788 -3758.16 0.258653  0.23151 0.180438 0.329399 0.0882129   0.23602  0.135227 0.0334014  0.491166 0.0159724
(1,2,(3,4)); -3724.18  0 21.105 8.3901 21.4096 -3758.3 0.281487 0.223352 0.173717 0.321444 0.0800543  0.234791  0.141561  0.035634  0.490956 0.0170035
(1,2,(3,4)); -3725.09  0 19.4706 8.03449 19.6722 -3756.2 0.273146 0.231961  0.17591 0.318982 0.0700956  0.246137  0.143829 0.0316038  0.487048 0.0212862
(1,2,(3,4)); -3731.51  0 17.7099 8.69703 16.6371 -3757.16 0.267815 0.247893 0.175516 0.308777 0.0804762  0.237373  0.169476 0.0312211  0.469052 0.0124015
(1,2,(3,4)); -3723.72  0 21.4193 8.5503 21.2638 -3757.86 0.263219 0.230259 0.175347 0.331174 0.0779617  0.249749  0.147576 0.0321837  0.477315 0.0152147
(1,2,(3,4)); -3729.17  0 18.5725 8.71911 18.6723 -3757.7 0.255291 0.231404 0.198979 0.314326 0.0691177  0.238174  0.154128 0.0349055  0.487932  0.015744
(1,2,(3,4)); -3726.15  0 20.6828 8.35921 17.9421 -3756.42 0.273175 0.237889 0.185131 0.303805 0.0949973  0.235856  0.126101 0.0328702  0.498131 0.0120439
(1,2,(3,4)); -3729.28  0 17.8844 8.50812 18.5556 -3757.22 0.286112 0.236192 0.175553 0.302143 0.0823698  0.229462   0.13738 0.0264903  0.509914 0.0143845
(1,2,(3,4)); -3727.68  0 16.3696 8.33048 19.8676 -3755.59 0.261272 0.228945 0.183822 0.325961 0.0827892  0.236072  0.149972 0.0299814     0.478 0.0231864
(1,2,(3,4)); -3725.94  0 22.0046 8.30883 20.0871 -3759.72  0.25758 0.244762 0.167503 0.330155  0.089127  0.236642  0.139887 0.0307089  0.488669 0.0149657
(1,2,(3,4)); -3725.33  0 19.7584 8.04319 19.3266 -3756.37 0.275179 0.238553 0.168989 0.317279   0.07459  0.222198  0.141806  0.036732  0.506552 0.0181222
(1,2,(3,4)); -3731.16  0 19.2697 8.75632 18.4151 -3760.09 0.275198 0.212701 0.179282 0.332819 0.0879427  0.242112  0.148573 0.0390366  0.464565   0.01777
(1,2,(3,4)); -3722.51  0 21.2234 8.37791 20.5756 -3755.93 0.269349 0.237415 0.179152 0.314084 0.0800869  0.237119   0.12704 0.0327977  0.508016 0.0149398
(1,2,(3,4)); -3727.31  0 19.1701 8.18067 20.822 -3759.13 0.261251 0.236157 0.188889 0.313702 0.0761333  0.238483  0.134447 0.0391199  0.495848 0.0159685
(1,2,(3,4)); -3731.54  0 17.6003 8.77824 19.4017 -3759.76 0.268652 0.247271 0.186099 0.297979 0.0790098  0.241563  0.140948 0.0399816  0.480631 0.0178673
(1,2,(3,4)); -3725.52  0 20.0567 8.21979 20.8708 -3758.23 0.276577 0.223496 0.179118 0.320808 0.0864043  0.224803  0.141096 0.0299563  0.499324  0.018416
(1,2,(3,4)); -3730.75  0 17.3851 8.45177 19.2844 -3758.97 0.275961  0.21847 0.191314 0.314255 0.0717002  0.235363  0.135835    0.0302  0.510959 0.0159431
(1,2,(3,4)); -3730.85  0 16.107 8.3278 18.5801 -3757.21 0.270435 0.246673 0.179903  0.30299 0.0835927  0.253826  0.152468 0.0290149  0.467991 0.0131082
(1,2,(3,4)); -3726.41  0 18.7575 8.15789 21.4025 -3758.41 0.269853 0.221867 0.182079 0.326201 0.0825389  0.226768    0.1446 0.0375251  0.491566 0.0170021
(1,2,(3,4)); -3734.92  0 19.5782 8.78605 16.3373 -3762.05 0.305079  0.21433  0.17662  0.30397 0.0835728  0.230522  0.145546 0.0322935  0.488362 0.0197037
(1,2,(3,4)); -3725.92  0 22.0901 8.47006 16.0186 -3755.56 0.260795 0.250808 0.167816 0.320581 0.0927261  0.220599  0.158786 0.0265136  0.483957 0.0174178
(1,2,(3,4)); -3722.87  0 21.2588 8.50106 19.891 -3755.52 0.273519 0.234633  0.17654 0.315308 0.0741023  0.237512  0.134471 0.0271044  0.509518 0.0172925
(1,2,(3,4)); -3726.87  0 20.1634 8.13828 19.3673 -3758.26 0.293615  0.22018 0.171405   0.3148 0.0771742  0.240903   0.14941 0.0333894  0.483559 0.0155647
(1,2,(3,4)); -3725.65  0 20.7105 8.36776 18.7702 -3756.76 0.256221 0.239629 0.196284 0.307865 0.0777947  0.242657   0.13913 0.0283661  0.500792 0.0112604
(1,2,(3,4)); -3724.73  0 20.7887 8.36462 15.8138 -3752.97 0.260611 0.237951 0.178353 0.323085 0.0674265  0.262615  0.142586 0.0427145  0.468653 0.0160049
(1,2,(3,4)); -3727.86  0 19.3066 8.65062 20.8607 -3759.37 0.261815 0.219968 0.186496 0.331721  0.079462   0.25218  0.138596 0.0316341  0.481348 0.0167799
(1,2,(3,4)); -3724.25  0 20.6179 8.49312 19.9449 -3756.32 0.262769 0.228864 0.184477  0.32389 0.0765171  0.233382  0.162993 0.0305488  0.482028   0.01453
(1,2,(3,4)); -3727.21  0 19.2689 8.53783 20.346 -3758.28 0.252483 0.244176 0.187251 0.316089 0.0866595   0.24137  0.149986 0.0307172  0.473518 0.0177496
(1,2,(3,4)); -3726.68  0 21.1249 8.39233 18.7572 -3758.17 0.248395 0.234053 0.188471 0.329081  0.084793  0.238522  0.159217 0.0351087  0.465292 0.0170679
(1,2,(3,4)); -3725.3  0 22.0012 8.41414 18.7002 -3757.59 0.288476 0.230816 0.171391 0.309317 0.0830591  0.225564  0.156278 0.0352146  0.480785 0.0190993
(1,2,(3,4)); -3728.22  0 19.4484 8.76111 20.1382 -3759.05 0.266026 0.227804 0.168084 0.338085 0.0778155  0.247911  0.146884 0.0346246  0.476373 0.0163921
(1,2,(3,4)); -3724.8  0 20.1306 8.17489 19.5085 -3756.26 0.263033 0.229271 0.175315 0.332381 0.0709634  0.225135  0.145613 0.0364824   0.50403 0.0177755
(1,2,(3,4)); -3725.48  0 20.4909 8.27107 18.2052 -3755.9 0.267515 0.248067 0.170334 0.314085 0.0886963  0.222705  0.130492   0.03883  0.503799 0.0154772
(1,2,(3,4)); -3730.66  0 16.9383 7.87472 19.1226 -3758.84  0.27033 0.253433 0.166535 0.309703 0.0852821  0.237622   0.14617 0.0282188  0.485238 0.0174687
(1,2,(3,4)); -3730.11  0 20.2352 8.54493 20.2618 -3762.06 0.277688 0.225306 0.192784 0.304222 0.0861053  0.230973   0.14521 0.0278705  0.493149 0.0166928
(1,2,(3,4)); -3723.73  0 21.1276 8.64196 21.3903 -3757.61 0.271386 0.225655 0.182651 0.320308 0.0788699  0.230228  0.134365 0.0325037  0.508501 0.0155315
(1,2,(3,4)); -3734.52  0 14.5797 8.74933 18.2245 -3758.58 0.271162 0.245685 0.160536 0.322616 0.0847628  0.239403   0.13737   0.03279  0.494698 0.0109756
(1,2,(3,4)); -3724.28  0 20.4729 8.50803 22.2677 -3758.52 0.269639 0.233404 0.175872 0.321085  0.081079  0.243632  0.142937 0.0322985  0.482159 0.0178955
(1,2,(3,4)); -3728.94  0 16.4877 8.53824 21.756 -3758.65 0.270891 0.230097 0.182204 0.316808 0.0792563  0.244418  0.143428 0.0319984  0.488757 0.0121427
(1,2,(3,4)); -3725.42  0 19.977 8.3881 20.9369 -3757.95 0.255774 0.226643 0.179655 0.337928 0.0828936  0.243432  0.148748 0.0325624  0.477249 0.0151153
(1,2,(3,4)); -3723.43  0 21.3718 8.30489 20.727 -3757.22 0.270499 0.217441 0.184416 0.327644 0.0730715  0.244753  0.140845 0.0331887  0.490158 0.0179833
(1,2,(3,4)); -3722.76  0 22.0993 8.3695 20.642 -3757.13 0.272586 0.228404 0.176843 0.322167 0.0763389  0.227108  0.152413 0.0349695   0.48937 0.0198005
(1,2,(3,4)); -3722.94  0 22.1691 8.42163 22.0524 -3758.74 0.277752 0.224712 0.177965 0.319571 0.0817506  0.238251  0.139893 0.0356608  0.489375 0.0150697
(1,2,(3,4)); -3729.21  0 21.3214 8.38898 15.8055 -3757.95 0.259996 0.204681 0.196571 0.338752 0.0845662  0.251968  0.140716 0.0286185  0.473621 0.0205097
(1,2,(3,4)); -3728.46  0 20.55 8.41641 20.2368 -3760.83 0.278684 0.242237 0.177467 0.301611 0.0792917  0.226387  0.150244 0.0356369  0.492174 0.0162669
(1,2,(3,4)); -3730.78  0 13.9768 8.07563 21.1029 -3757.78 0.270105 0.237287 0.185754 0.306854 0.0814413  0.236079  0.139182 0.0280146  0.496439 0.0188446
(1,2,(3,4)); -3729.17  0 18.8361 8.53412 20.6837 -3760.16 0.278345 0.229145 0.174587 0.317922 0.0846597  0.244799   0.14043 0.0378955  0.473363 0.0188535
(1,2,(3,4)); -3722.25  0 21.6172 8.31194 22.3778 -3757.94   0.2628  0.23382 0.181551 0.321829 0.0851528  0.232787  0.139529 0.0331616   0.49483 0.0145399
(1,2,(3,4)); -3728.75  0 18.3847 8.35246 19.1259 -3757.91 0.257092 0.238262 0.171046   0.3336 0.0874969  0.247259  0.144004 0.0309077  0.469649 0.0206826
(1,2,(3,4)); -3728.43  0 17.0379 8.30456 17.9585 -3755.12 0.270778 0.235597 0.169322 0.324303  0.087265  0.257526  0.124392 0.0283178  0.487704 0.0147948
(1,2,(3,4)); -3726.48  0 22.1295 8.51628 11.5937 -3751.69 0.263859 0.214684 0.201322 0.320136 0.0702781  0.271437  0.119076 0.0373269  0.487732 0.0141501
(1,2,(3,4)); -3726.81  0 19.9264 8.07436 18.7842 -3757.44 0.251724 0.230993  0.19822 0.319062  0.075699  0.251155  0.128972 0.0361515  0.491535 0.0164881
(1,2,(3,4)); -3732.28  0 14.8764 8.40466 17.9425 -3756.69  0.27404 0.220938  0.17432 0.330702 0.0880592  0.259266   0.14242 0.0279628  0.463566 0.0187266
(1,2,(3,4)); -3724.3  0 20.6633 8.14996 21.6555 -3758.47 0.275725 0.233773 0.183251 0.307251 0.0792534  0.228768  0.143634 0.0329673  0.497823  0.017554
(1,2,(3,4)); -3723.69  0 22.0399 8.33937 21.0692 -3758.46 0.257461 0.226672 0.184449 0.331418 0.0876142  0.240717  0.149009 0.0330561   0.47267 0.0169332
(1,2,(3,4)); -3732.46  0 18.4515 8.31278 16.7575 -3759.36  0.26243 0.207725  0.17749 0.352355 0.0901717  0.246736  0.138704 0.0303954  0.479244 0.0147485
(1,2,(3,4)); -3724.34  0 20.823 8.37944 20.9382 -3757.72 0.281508  0.23731 0.167358 0.313824 0.0830568  0.235161  0.138885 0.0325106  0.493649 0.0167371
(1,2,(3,4)); -3726.75  0 19.9879 8.69233 19.0589 -3757.1 0.270864 0.239327 0.176895 0.312914 0.0880607  0.235331  0.156866  0.038561  0.463163 0.0180192
(1,2,(3,4)); -3727.24  0 18.4719 8.42789 19.9779 -3757.26 0.257575 0.236546  0.17825 0.327629 0.0859438  0.256913  0.144323 0.0314832  0.467295 0.0140422
(1,2,(3,4)); -3724.28  0 20.1704 8.44528 20.1404 -3756.15 0.265132 0.228532 0.182704 0.323632 0.0860118  0.241521  0.145374 0.0240405  0.488559 0.0144941
(1,2,(3,4)); -3726.81  0 19.4907 8.56628 19.2641 -3757 0.273199 0.249921 0.172759 0.304121 0.0830393  0.231938  0.146691 0.0299389  0.496527 0.0118652
(1,2,(3,4)); -3729.05  0 17.7627 8.20947 20.1155 -3758.72 0.252293 0.239978 0.177819  0.32991 0.0925039    0.2419  0.139639 0.0298075  0.479776 0.0163736
(1,2,(3,4)); -3726.55  0 20.7948 8.51699 15.5851 -3754.41  0.27393 0.228384  0.17905 0.318636 0.0958401  0.235679  0.158135 0.0381149  0.450852 0.0213801
(1,2,(3,4)); -3725.02  0 20.0747 8.36332 19.2993 -3756.03 0.264019 0.236529 0.178372  0.32108 0.0894125  0.217314  0.137107 0.0317581  0.503927 0.0204815
(1,2,(3,4)); -3725.31  0 21.4094 8.5978 19.1869 -3757.3 0.257213 0.234183 0.188794  0.31981 0.0826394  0.227787  0.160593 0.0338072  0.474795 0.0203785
(1,2,(3,4)); -3733.75  0 16.3988 7.97294 15.1554 -3757.33 0.271649 0.211078 0.194105 0.323168 0.0890993  0.208676  0.156487 0.0371252  0.488898 0.0197135
(1,2,(3,4)); -3728.65  0 17.3752 7.97561 18.7398 -3756.79 0.262979 0.240746 0.191413 0.304863 0.0693777  0.252069  0.142792 0.0292716  0.492792 0.0136988
(1,2,(3,4)); -3726.09  0 20.4359 8.6684 19.6315 -3757.49 0.274661 0.227822  0.18853 0.308987 0.0750987  0.243267  0.146902 0.0404654  0.481835 0.0124318
(1,2,(3,4)); -3728.46  0 19.0465 8.74801 19.7334 -3758.5 0.266817 0.244226 0.184815 0.304142 0.0718502  0.243602  0.148968 0.0338114  0.482306 0.0194628
(1,2,(3,4)); -3726.28  0 20.8205 8.24435 17.1102 -3755.97 0.266878 0.232996 0.160093 0.340033 0.0849605  0.217122  0.142707 0.0301055  0.507372  0.017733
(1,2,(3,4)); -3726.75  0 21.7996 8.59951 18.2833 -3758.24 0.261116 0.253975 0.171717 0.313193 0.0947889  0.224584  0.140115 0.0346972  0.487763 0.0180528
(1,2,(3,4)); -3728.34  0 22.0859 8.53642 17.5104 -3759.4 0.254478 0.261113 0.179825 0.304584 0.0846946   0.24479  0.137718 0.0371009  0.476029  0.019668
(1,2,(3,4)); -3724.57  0 21.2479 8.43536 20.1341 -3757.51  0.26378 0.219792 0.175954 0.340474 0.0784145  0.240413  0.133562 0.0312215  0.498905 0.0174839
(1,2,(3,4)); -3726.38  0 20.5108 8.27793 17.4346 -3756.05 0.263021 0.237103 0.165912 0.333964  0.0789382   0.250797   0.144696  0.0348366   0.481229 0.00950274
(1,2,(3,4)); -3726.14  0 20.8505 8.6189 19.5622 -3757.93 0.253548 0.246727 0.175804  0.32392 0.0776748  0.255758  0.139158 0.0360626  0.476531 0.0148156
(1,2,(3,4)); -3728.35  0 18.3906 8.10722 17.153 -3755.79 0.283914 0.234793 0.184747 0.296547  0.0796002   0.233918    0.14902  0.0323844    0.49594 0.00913771
(1,2,(3,4)); -3723.87  0 21.2619 8.30141 19.3559 -3756.19 0.280691 0.229055  0.17603 0.314224 0.0876861  0.234357  0.131478 0.0374772  0.497487 0.0115152
(1,2,(3,4)); -3729.77  0 16.4411 8.42548 20.923 -3758.71 0.275943 0.223877 0.180959 0.319221 0.0851161  0.229335  0.138998 0.0328421  0.492709 0.0210004
(1,2,(3,4)); -3727.9  0 19.4717 8.15114 17.278 -3756.5 0.257293 0.226947 0.167479  0.34828 0.0875721  0.221079  0.135273 0.0365807  0.501723 0.0177721
(1,2,(3,4)); -3724.84  0 20.7409 8.13686 21.0519 -3758.5 0.257907 0.226082 0.189545 0.326467 0.0811298  0.227962  0.151156 0.0338171  0.492416 0.0135184
(1,2,(3,4)); -3727.5  0 18.0335 8.05551 21.3382 -3758.82 0.271196 0.227288 0.187616 0.313899  0.078076  0.246691  0.140878 0.0303413  0.491443 0.0125712
(1,2,(3,4)); -3725.11  0 20.7386 8.17653 19.8799 -3757.55 0.278245 0.213012 0.184022 0.324722 0.0756354  0.237745  0.151643 0.0287644  0.490612 0.0155997
(1,2,(3,4)); -3726.24  0 21.4147 8.29619 18.1552 -3757.52 0.274138 0.229123    0.198 0.298738 0.0827921  0.229635  0.135347 0.0285764   0.50251 0.0211393
(1,2,(3,4)); -3725.32  0 20.7457 8.60222 20.4968 -3757.96 0.277611 0.235736 0.178335 0.308317 0.0890243  0.233944  0.131521 0.0372575  0.492941 0.0153129
(1,2,(3,4)); -3723.95  0 20.3906 8.47569 19.0013 -3754.86 0.264552 0.228592 0.180417 0.326439 0.0869426  0.219707  0.156362 0.0292051  0.495835 0.0119477
(1,2,(3,4)); -3727.66  0 20.8265 8.44085 17.0735 -3757.12 0.281718  0.21349 0.194047 0.310745 0.0927997  0.237578  0.136052  0.041484  0.478674 0.0134122
(1,2,(3,4)); -3725.08  0 19.9862 8.0345 20.023 -3757.05 0.262167 0.239366 0.172392 0.326075  0.082204  0.245687  0.143654 0.0330001  0.484916 0.0105393
(1,2,(3,4)); -3726.14  0 19.4445 8.1589 20.8322 -3758.26 0.264709 0.243558 0.187146 0.304587 0.0753038  0.233217    0.1474 0.0355894  0.493744 0.0147451
(1,2,(3,4)); -3726.98  0 20.7786 8.23954 18.3061 -3757.82 0.258019 0.253584 0.186994 0.301403 0.0788232  0.230974  0.132699 0.0390205  0.501761 0.0167222
(1,2,(3,4)); -3726.44  0 21.3377 8.27371 15.5131 -3755.02 0.261645 0.237072 0.163114 0.338169 0.0918141  0.226417  0.156666 0.0246554  0.481938 0.0185094
(1,2,(3,4)); -3727.91  0 18.9005 8.74906 20.6694 -3758.73 0.273903 0.237042 0.171566 0.317488 0.0824881  0.242759  0.130923 0.0373172  0.492455 0.0140581
(1,2,(3,4)); -3723.54  0 21.1499 8.47397 21.2928 -3757.5 0.272757 0.222616 0.176009 0.328618 0.0799851  0.241928  0.152059 0.0310354   0.47892 0.0160725
(1,2,(3,4)); -3727.87  0 18.2296 8.4735 19.4771 -3757.11 0.251195 0.222609 0.189345 0.336851 0.0787186  0.229455  0.136009 0.0315222  0.506086 0.0182088
(1,2,(3,4)); -3724.05  0 22.3415 8.43709 17.6934 -3755.64 0.273607 0.240961 0.169414 0.316018 0.0784306  0.240795  0.122696 0.0396787  0.504435 0.0139647
(1,2,(3,4)); -3724.39  0 20.1779 8.32712 21.3973 -3757.63 0.267023 0.244285  0.17701 0.311682 0.0864968  0.231111  0.144883 0.0310921  0.488219 0.0181981
(1,2,(3,4)); -3727.11  0 18.5759 8.23198 17.9594 -3755.41 0.273558 0.238872 0.174853 0.312717 0.0960855  0.252311  0.126887 0.0291103  0.480071 0.0155347
(1,2,(3,4)); -3726.16  0 20.9898 8.45378 19.4466 -3758.14 0.259653 0.226417 0.199842 0.314088 0.0878302   0.22922  0.151935 0.0346769  0.483876 0.0124616
(1,2,(3,4)); -3726  0 20.291 8.35841 19.8894 -3757.83 0.264105 0.244357  0.16817 0.323367 0.0803671  0.228894  0.145293 0.0309005  0.493639 0.0209059
(1,2,(3,4)); -3724.14  0 21.0745 8.21398 20.9664 -3757.96 0.262754 0.225551 0.195229 0.316466 0.0770896  0.231843  0.144305 0.0296619  0.499497  0.017603
(1,2,(3,4)); -3727.64  0 19.4635 8.2313 17.5848 -3756.46  0.24964 0.248537 0.172507 0.329317 0.0794802  0.251074  0.137691 0.0264772  0.493222 0.0120558
(1,2,(3,4)); -3730.53  0 15.5523 8.55485 18.4587 -3755.98 0.281562 0.218219 0.175953 0.324266 0.0703683  0.242795  0.150892 0.0375282  0.479134  0.019282
(1,2,(3,4)); -3730.07  0 16.308 8.20348 19.0592 -3757.24 0.257983 0.242052 0.183207 0.316758 0.0759919  0.258622  0.147836 0.0366205  0.464153 0.0167772
(1,2,(3,4)); -3725.83  0 19.4474 8.4928 19.5004 -3756.28 0.273402  0.23569 0.176813 0.314095 0.0700988  0.253876  0.137258 0.0296709  0.495413 0.0136831
(1,2,(3,4)); -3723.55  0 21.5336 8.42331 20.1575 -3756.82 0.252367 0.236363 0.187472 0.323798 0.0755949  0.232337  0.132498 0.0347699  0.508784 0.0160158
(1,2,(3,4)); -3726.81  0 21.2643 8.52597 18.5245 -3758.07 0.261588 0.227156 0.164181 0.347075 0.0791465  0.225648  0.145895 0.0345053  0.499356  0.015449
(1,2,(3,4)); -3723.71  0 21.6815 8.36906 21.9046 -3758.92 0.275276 0.233509 0.174689 0.316525 0.0809409  0.236635  0.149788 0.0350218  0.481191  0.016423
(1,2,(3,4)); -3724.22  0 21.2047 8.62784 19.2597 -3756.06 0.272616 0.225748 0.185731 0.315905 0.0834508  0.235408  0.129178 0.0265808  0.505415 0.0199675
(1,2,(3,4)); -3729.24  0 17.4139 8.05403 19.7109 -3758.31 0.266411  0.22071 0.179899  0.33298 0.0844125  0.240585  0.155154 0.0378792  0.466894 0.0150741
(1,2,(3,4)); -3727.76  0 19.5805 8.65896 16.8088 -3755.5 0.286625 0.224855 0.176397 0.312122 0.0891601  0.215153  0.134152 0.0299867  0.518257 0.0132915
(1,2,(3,4)); -3725.46  0 20.7302 8.50971 20.3963 -3758.07 0.266764 0.225089 0.175686 0.332461 0.0844798  0.234477  0.147794  0.027157  0.486588  0.019505
(1,2,(3,4)); -3725.88  0 21.1761 8.2564 19.2696 -3758.07 0.273604 0.228374 0.194121 0.303901 0.0880387  0.226709  0.129962 0.0361483  0.503339 0.0158026
(1,2,(3,4)); -3727.47  0 18.96 8.82336 20.9563 -3758.56 0.262736 0.219689 0.180377 0.337198 0.0754109  0.242106  0.141166 0.0335901  0.492438 0.0152893
(1,2,(3,4)); -3724.6  0 20.2688 8.24495 17.5855 -3754.21 0.267569 0.224893 0.180249 0.327289 0.0676512  0.245188   0.12665 0.0377226  0.507813 0.0149755
(1,2,(3,4)); -3726.06  0 20.7458 8.44992 17.1368 -3755.49 0.278142 0.217351 0.178489 0.326019 0.0943358  0.248552  0.134448 0.0345383     0.466 0.0221261
(1,2,(3,4)); -3724  0 20.947 8.49396 17.9062 -3754.36 0.255877 0.226717 0.191289 0.326118 0.0656879  0.229653  0.148688 0.0369118  0.501997 0.0170621
(1,2,(3,4)); -3724.8  0 21.3723 8.43604 19.5806 -3757.31 0.257174 0.225259 0.200765 0.316803 0.0721194  0.240279  0.148678 0.0343276  0.490318 0.0142792
(1,2,(3,4)); -3726.09  0 20.6521 8.2862 20.465 -3758.92 0.261733 0.220742  0.19888 0.318645  0.080864  0.244185  0.140691 0.0303927  0.490684 0.0131831
(1,2,(3,4)); -3729.05  0 19.5314 8.13904 16.9975 -3757.44 0.278293 0.221881  0.19743 0.302397 0.0889638  0.248615  0.132818 0.0398798  0.470125 0.0195973
(1,2,(3,4)); -3733.23  0 18.0295 8.33786 16.8963 -3759.82 0.237717 0.248891 0.183857 0.329535 0.0839806  0.238992  0.130909 0.0374551  0.488719 0.0199444
(1,2,(3,4)); -3725.59  0 19.9923 8.45584 19.5867 -3756.71 0.257661 0.229528 0.187593 0.325218 0.0706126  0.251972   0.14819  0.034296  0.482073 0.0128562
(1,2,(3,4)); -3728.97  0 17.3984 8.28219 18.8012 -3756.89  0.26077 0.231228 0.176664 0.331338 0.0890632  0.224303   0.15172 0.0421856  0.477076 0.0156525
(1,2,(3,4)); -3728.7  0 17.6445 8.39893 20.152 -3758.09 0.280963 0.223766 0.188449 0.306822 0.0855494  0.237412  0.152307 0.0315172  0.474326  0.018888
(1,2,(3,4)); -3729.7  0 16.3905 8.20655 18.1105 -3755.99 0.279298 0.233291  0.17186  0.31555 0.0696608    0.2475  0.155803 0.0372581   0.47192 0.0178588
(1,2,(3,4)); -3731.79  0 20.2755 8.44819 15.426 -3759.05  0.29886 0.227754 0.187137  0.28625 0.0819799  0.235908  0.146507 0.0336738  0.479945 0.0219867
(1,2,(3,4)); -3723.83  0 21.5819 8.34974 18.3464 -3755.41 0.266123 0.243143 0.169241 0.321492  0.086982  0.242551  0.131608 0.0398707  0.487808 0.0111806
(1,2,(3,4)); -3723.95  0 20.7783 8.57524 20.0101 -3756.17 0.273382 0.230986 0.181396 0.314236 0.0755901  0.234927  0.143932 0.0378508  0.496906 0.0107934
(1,2,(3,4)); -3723.22  0 21.3322 8.25068 20.8795 -3757.18 0.264238 0.233772 0.186833 0.315157 0.0767285  0.245158  0.135753 0.0304336  0.499691 0.0122353
(1,2,(3,4)); -3728.75  0 20.2905 8.34811 16.4469 -3757.14 0.291042  0.23009 0.179973 0.298895 0.0964849  0.226607  0.139262 0.0364599  0.480082 0.0211045
(1,2,(3,4)); -3724.69  0 21.0552 8.39833 17.0084 -3754.36 0.275094 0.240856 0.173789 0.310261 0.0889086  0.235669  0.146742 0.0237352  0.482131 0.0228132
(1,2,(3,4)); -3728.99  0 19.3604 8.30065 20.083 -3760.13 0.256804 0.236876 0.172079  0.33424 0.0839484  0.252291    0.1337 0.0304228  0.483201 0.0164374
(1,2,(3,4)); -3725.36  0 21.2928 8.5593 17.4532 -3755.55 0.256148 0.250136 0.178148 0.315568 0.0809506  0.230078  0.122373 0.0349309  0.515757 0.0159106
(1,2,(3,4)); -3728.05  0 19.1556 8.62931 18.0613 -3756.64 0.270677 0.241103 0.188333 0.299887 0.0787907  0.253391  0.135117 0.0398339  0.472602 0.0202658
(1,2,(3,4)); -3728.37  0 19.3625 8.29924 20.2365 -3759.67 0.257658 0.235008 0.184644  0.32269 0.0880679   0.23767  0.150697 0.0393588   0.46822 0.0159861
(1,2,(3,4)); -3732.42  0 17.4854 8.32065 17.6126 -3759.2 0.260374 0.257454 0.183883 0.298289 0.0807915  0.222337  0.138129 0.0349116  0.504611 0.0192197
(1,2,(3,4)); -3725.21  0 20.8673 8.28688 16.9885 -3754.78 0.274786 0.217826 0.179091 0.328296 0.0692706   0.25149  0.130079 0.0414475   0.49334 0.0143728
(1,2,(3,4)); -3727.53  0 20.6501 8.31696 17.2015 -3757.07 0.265455 0.232589 0.196219 0.305737 0.0744517   0.26639  0.129522 0.0346442  0.477563 0.0174296
(1,2,(3,4)); -3725.45  0 21.8534 8.497 20.068 -3758.88 0.248086 0.227739 0.191444 0.332732 0.0813676  0.235533  0.150821 0.0362758  0.481239 0.0147635
(1,2,(3,4)); -3726.67  0 20.4696 8.48721 20.0582 -3758.71 0.290318 0.217623 0.178098 0.313962 0.0824416  0.230811  0.141529 0.0361279  0.492114  0.016977
(1,2,(3,4)); -3726.55  0 19.9405 8.39953 20.4633 -3758.55 0.263449 0.246524 0.180261 0.309766 0.0840375  0.235803  0.138907 0.0322839  0.497485 0.0114835
(1,2,(3,4)); -3727.34  0 20.7213 8.20738 16.5128 -3756.37 0.250225 0.233292 0.177319 0.339164  0.101528   0.24313  0.132916 0.0291411  0.476731 0.0165529
(1,2,(3,4)); -3727.13  0 18.3734 8.53186 19.722 -3756.69 0.268116 0.228263 0.185747 0.317874 0.0732868  0.243934  0.129207 0.0397601  0.497017 0.0167951
(1,2,(3,4)); -3731.45  0 20.4489 8.43352 18.0999 -3761.57 0.254987 0.228604 0.199679  0.31673 0.0792765  0.241136  0.137629 0.0379808  0.480608 0.0233697
(1,2,(3,4)); -3723.94  0 21.6055 8.38452 21.3262 -3758.49 0.271647 0.228806 0.185162 0.314385  0.078099  0.233503  0.149001 0.0328231  0.486009 0.0205656
(1,2,(3,4)); -3727.13  0 20.5312 8.51004 17.0924 -3756.25 0.254265 0.225525 0.202769 0.317441 0.0784722  0.231257   0.15228 0.0272639  0.488037 0.0226903
(1,2,(3,4)); -3724.35  0 20.0184 8.47468 20.5306 -3756.43 0.276175 0.219304 0.178718 0.325803 0.0712508  0.238517  0.141147 0.0338654   0.49939 0.0158296
(1,2,(3,4)); -3726.94  0 19.7459 8.06234 19.387 -3758.01 0.268738 0.221176 0.168271 0.341815 0.0827423  0.227166  0.152225 0.0331606  0.490388  0.014319
(1,2,(3,4)); -3725.66  0 19.4629 8.32584 19.3749 -3756.17  0.25874 0.225353 0.187123 0.328784 0.0712974  0.254623  0.134386 0.0368161  0.487864 0.0150129
(1,2,(3,4)); -3730.01  0 19.4679 8.70765 17.8586 -3758.63 0.279224 0.233535 0.185233 0.302008  0.087957  0.215347  0.147039 0.0393024  0.490248 0.0201059
(1,2,(3,4)); -3728.68  0 18.5056 8.48729 18.4965 -3757.2 0.281012 0.220218 0.169443 0.329327 0.0799239   0.24922  0.144348 0.0251745  0.483333 0.0180005
(1,2,(3,4)); -3724.71  0 20.5398 8.40685 20.8801 -3757.72 0.276174 0.232844 0.171035 0.319947 0.0753652  0.243402  0.140702 0.0378106  0.485277 0.0174427
(1,2,(3,4)); -3727.09  0 18.1375 8.32486 19.5001 -3756.4 0.252139 0.229613 0.183499 0.334749 0.0826985  0.250713  0.132671 0.0271303   0.49197 0.0148176
(1,2,(3,4)); -3726.55  0 19.8746 8.16357 18.3193 -3756.58 0.272344 0.230986 0.163791 0.332879 0.0748789  0.222225  0.154443 0.0336247   0.50079 0.0140392
(1,2,(3,4)); -3728.3  0 19.5768 8.47153 19.3016 -3758.71 0.275885 0.215145  0.19806 0.310911 0.0886077  0.241111  0.136158  0.034695  0.480911 0.0185166
(1,2,(3,4)); -3727.12  0 20.5222 8.43204 18.991 -3758.2 0.263626 0.220023 0.196535 0.319816 0.0689377    0.2367  0.140857 0.0312547  0.504104 0.0181467
(1,2,(3,4)); -3724.16  0 21.0387 8.39455 19.8505 -3756.65 0.272077  0.22526 0.182176 0.320488 0.0871094   0.22485  0.156772 0.0328896  0.486507 0.0118729
(1,2,(3,4)); -3729.95  0 19.0851 8.28173 17.416 -3758.17 0.292507 0.208654 0.188918 0.309922 0.0842839  0.252102  0.132884 0.0313319  0.483263 0.0161352
(1,2,(3,4)); -3725.19  0 18.9632 8.19131 20.7026 -3756.67 0.269788 0.227848 0.179635 0.322729 0.0796362  0.221427  0.142321 0.0309115  0.506569 0.0191354
(1,2,(3,4)); -3727.13  0 20.9003 8.52981 19.1069 -3758.6 0.252156 0.248182 0.184239 0.315424  0.089772  0.225418  0.147312 0.0393917  0.482595 0.0155111
(1,2,(3,4)); -3726.4  0 19.2725 8.25257 18.6139 -3756.03 0.275505 0.232086 0.166755 0.325654 0.0759829  0.238067  0.133574 0.0423285  0.496229  0.013819
