tree logl logTop logBL logPrior logQ logWt pi1 pi2 pi3 pi4 s1 s2 s3 s4 s5 s6
(1,2,(3,4)); -4309.92  0 17.3222 -0.350006 25.4183 -4353.01 0.252294 0.229245 0.198517 0.319944   0.063156   0.285712  0.0461667  0.0198542   0.580962 0.00414889
(1,2,(3,4)); -4305.27  0 16.5887 -2.45135 25.9537 -4350.26 0.257605 0.224862 0.206367 0.311166  0.0238127   0.299203  0.0520944 0.00736099   0.613815  0.0037147
(1,2,(3,4)); -4315.27  0 18.2476 1.31933 22.0586 -4354.26 0.222813  0.23114 0.212862 0.333185   0.063192   0.325437  0.0793432  0.0157104   0.509113 0.00720472
(1,2,(3,4)); -4315.83  0 17.9533 -0.447813 23.4798 -4357.71 0.244891 0.220865 0.203707 0.330536  0.0509979    0.28068   0.045119  0.0333012   0.580676 0.00922555
(1,2,(3,4)); -4316.29  0 16.7767 -3.8926 24.3263 -4361.28  0.24032 0.229697 0.209925 0.320058 0.0350835  0.263429  0.034092 0.0212809  0.630483 0.0156319
(1,2,(3,4)); -4302.98  0 16.755 -0.799344 27.0062 -4347.54 0.245473 0.237313  0.19378 0.323433  0.0368831   0.308196  0.0650758 0.00588222   0.580476 0.00348706
(1,2,(3,4)); -4306.93  0 14.9539 -2.62184 26.9595 -4351.46 0.246735 0.244174 0.199622 0.309469  0.0538412   0.318017  0.0410218 0.00987481   0.571217 0.00602829
(1,2,(3,4)); -4314.19  0 15.4312 0.537692 26.9806 -4356.06 0.253696 0.229102 0.208425 0.308777 0.0481481  0.299604 0.0764051 0.0123474  0.547151 0.0163451
(1,2,(3,4)); -4307  0 18.6161 -2.01489 23.6879 -4351.32 0.233024  0.25298 0.200216  0.31378  0.0453497   0.323865  0.0357201 0.00506775   0.568686  0.0213121
(1,2,(3,4)); -4311.03  0 18.4003 -0.349655 23.7904 -4353.57 0.248853 0.239452 0.189987 0.321708  0.0438293   0.237135  0.0861149 0.00805784   0.616627 0.00823535
(1,2,(3,4)); -4304.44  0 16.6535 -2.25815 27.4206 -4350.77 0.247463 0.225154  0.21372 0.313663  0.0384013   0.307743  0.0799468 0.00649605   0.559794 0.00761885
(1,2,(3,4)); -4314.19  0 12.362 -3.66938 26.4313 -4356.65 0.248881 0.233182 0.216573 0.301363  0.0409736   0.291605  0.0394824  0.0162079   0.602732 0.00899925
(1,2,(3,4)); -4304.87  0 18.6967 0.525085 27.1993 -4350.24 0.250364 0.232386 0.198328 0.318922  0.0450256     0.3029  0.0681808 0.00886417     0.5554   0.019629
(1,2,(3,4)); -4310.19  0 18.3359 -2.26741 25.0931 -4355.89 0.249501 0.232629 0.193836 0.324033  0.0336768   0.352905  0.0362198  0.0144101   0.553018 0.00977018
(1,2,(3,4)); -4310.57  0 16.3556 0.150832 26.0114 -4352.78 0.246539 0.221271 0.206071 0.326119  0.039107  0.299242  0.045929 0.0215549   0.58045 0.0137171
(1,2,(3,4)); -4311.5  0 19.4209 0.901288 25.8715 -4355.89 0.247989 0.227198 0.204962 0.319851 0.0518708  0.298624 0.0671228 0.0230504  0.540636 0.0186962
(1,2,(3,4)); -4307.39  0 16.8493 -0.850228 25.7086 -4350.8 0.251939 0.225929 0.216007 0.306124  0.0318222    0.31884  0.0743088  0.0204087   0.550856 0.00376419
(1,2,(3,4)); -4307.32  0 14.4848 0.438468 28.1996 -4349.56 0.246029 0.232096  0.20293 0.318945  0.0467197   0.315268  0.0563887 0.00652499   0.561105  0.0139931
(1,2,(3,4)); -4311.02  0 17.6696 -0.205436 24.7865 -4353.68 0.237592 0.245781  0.20672 0.309906  0.0554516   0.276686  0.0514742  0.0302053    0.58188 0.00430335
(1,2,(3,4)); -4312.65  0 17.3592 0.0837882 25.3118 -4355.24 0.248256 0.223464 0.210248 0.318032 0.0534064  0.301318  0.049544 0.0296775  0.554898 0.0111565
(1,2,(3,4)); -4305.19  0 17.5419 -0.917649 25.9329 -4349.58 0.232068 0.228275  0.21227 0.327387  0.0321003   0.310846  0.0715671  0.0207083      0.558 0.00677783
(1,2,(3,4)); -4305.1  0 17.7438 -0.0944843 27.5115 -4350.45 0.253642 0.235721 0.204631 0.306006   0.052684   0.326336  0.0631983 0.00860877   0.538425  0.0107486
(1,2,(3,4)); -4317.29  0 12.9891 0.189439 25.9708 -4356.06 0.236319 0.236097 0.223901 0.303682  0.0579657   0.309748  0.0618276 0.00755815   0.553194 0.00970609
(1,2,(3,4)); -4309.49  0 16.3982 -0.23653 25.8414 -4351.97 0.258252 0.225726 0.200726 0.315295  0.0401381   0.305377  0.0853886 0.00592539   0.547806  0.0153642
(1,2,(3,4)); -4305.25  0 15.9443 -4.23592 26.3327 -4351.76 0.245865 0.227045 0.197686 0.329404  0.0257897   0.303215  0.0603693 0.00616005    0.59951  0.0049557
(1,2,(3,4)); -4304.89  0 18.365 -0.0399079 27.3817 -4350.68  0.25559 0.229585 0.207868 0.306957 0.0481661  0.308993 0.0673303 0.0123385  0.548924  0.014248
(1,2,(3,4)); -4313.93  0 15.4846 1.14272 25.5217 -4353.79 0.239657 0.249591 0.204084 0.306668 0.0402414   0.28308 0.0903248 0.0102621  0.558519 0.0175728
(1,2,(3,4)); -4310.11  0 14.5092 0.994119 26.5589 -4350.19 0.243626 0.242633 0.196361  0.31738  0.0459644   0.313291  0.0742245  0.0195285   0.541806 0.00518608
(1,2,(3,4)); -4313.74  0 16.3608 0.0756523 25.2319 -4355.26 0.252379 0.225824   0.1968 0.324997 0.0496257  0.337409 0.0728481 0.0136311  0.522948 0.0035387
(1,2,(3,4)); -4302.68  0 18.1915 -1.09988 28.2745 -4350.24 0.250123 0.235763 0.201438 0.312676  0.0454749   0.322445  0.0607139  0.0130281   0.552178 0.00616067
(1,2,(3,4)); -4321.31  0 15.2925 -0.944427 24.834 -4362.38 0.258648 0.222868 0.208793 0.309691 0.0293634  0.329176 0.0838163 0.0149449   0.52816 0.0145394
(1,2,(3,4)); -4312.53  0 16.8691 0.29486 23.9528 -4353.06 0.229414 0.221101 0.221127 0.328358 0.0444906  0.330605 0.0641766 0.0168216  0.531613 0.0122923
(1,2,(3,4)); -4307.42  0 18.1269 -0.186171 25.3001 -4351.03 0.239268 0.228652  0.19647  0.33561 0.0425355  0.328076 0.0753126 0.0118207    0.5297 0.0125553
(1,2,(3,4)); -4311.48  0 16.3943 1.41146 25.7375 -4352.2 0.236683 0.225165 0.217293 0.320859 0.0515386  0.330205 0.0617194 0.0173286  0.526018 0.0131904
(1,2,(3,4)); -4314.44  0 16.485 -0.563263 23.0136 -4354.5 0.241852 0.242729 0.188864 0.326556   0.076642    0.27737  0.0527584  0.0183649   0.568762 0.00610241
(1,2,(3,4)); -4316.81  0 13.1783 -1.689 24.5858 -4356.26 0.235203 0.251979 0.209689 0.303129  0.0387608     0.3526   0.055277 0.00668006   0.544663 0.00201902
(1,2,(3,4)); -4323.52  0 14.367 -0.745568 23.0275 -4361.66 0.262462 0.231881 0.196433 0.309224 0.0320008  0.250801 0.0927562   0.01023  0.594045 0.0201665
(1,2,(3,4)); -4314.66  0 12.1916 -0.504149 24.0776 -4351.43 0.249297 0.235321 0.206328 0.309054  0.0369978   0.390764  0.0491509 0.00580302   0.499485  0.0177995
(1,2,(3,4)); -4312.78  0 17.6225 -1.30951 22.107 -4353.82 0.243503 0.252331 0.210006 0.294161 0.0237522  0.282058 0.0530323 0.0339243  0.595222 0.0120113
(1,2,(3,4)); -4317.26  0 17.0018 -0.860305 24.6368 -4359.76 0.241514 0.232754 0.223283 0.302449 0.0640386  0.259634 0.0726957 0.0114949  0.579966 0.0121707
(1,2,(3,4)); -4307.46  0 15.918 -2.06372 26.3574 -4351.8  0.23894 0.241581 0.207785 0.311694  0.0347131   0.246982  0.0719559 0.00929477   0.623969  0.0130845
(1,2,(3,4)); -4310.28  0 16.5104 -0.247602 24.2412 -4351.28 0.233998 0.224552 0.214006 0.327445  0.0757277   0.310305  0.0509996 0.00614686   0.547205 0.00961645
(1,2,(3,4)); -4307.63  0 18.1207 -0.0472259 25.7865 -4351.59 0.233037 0.228493 0.211879 0.326591  0.0600588   0.285199   0.059713 0.00679278   0.571023  0.0172132
(1,2,(3,4)); -4310.14  0 14.9771 -1.03916 27.8292 -4353.99  0.24819 0.229769  0.21649 0.305551  0.0492378    0.29894  0.0579625 0.00793687   0.575299  0.0106247
(1,2,(3,4)); -4310.54  0 15.9246 -0.186396 24.2993 -4350.95 0.250823 0.219484 0.213985 0.315708  0.0461329   0.278215  0.0929889 0.00293011   0.573892  0.0058417
(1,2,(3,4)); -4306.7  0 16.9829 -0.747938 26.3401 -4350.77  0.25544 0.242887 0.198218 0.303456   0.045995   0.278944  0.0720642   0.018261   0.577659 0.00707745
(1,2,(3,4)); -4303.25  0 19.1587 -0.310825 27.1086 -4349.83 0.235735  0.23556 0.203141 0.325563  0.0481183   0.332467  0.0680973 0.00759814   0.533438  0.0102817
(1,2,(3,4)); -4306.67  0 17.5254 -0.0964951 25.7807 -4350.07 0.229015 0.238021  0.20763 0.325334 0.0498426  0.314978  0.042627 0.0136922  0.562339 0.0165205
(1,2,(3,4)); -4312.18  0 15.8609 -1.41833 25.7551 -4355.22 0.236147 0.246382 0.214474 0.302997 0.0271003  0.292513 0.0727141 0.0163363  0.576201 0.0151351
(1,2,(3,4)); -4308.94  0 18.2073 0.593332 25.3834 -4351.94 0.242292 0.231709   0.2049 0.321098    0.03494   0.300437  0.0930408  0.0249823   0.538073 0.00852687
(1,2,(3,4)); -4317.8  0 17.0164 0.727466 26.823 -4360.92  0.25016 0.230213 0.207054 0.312573 0.0394934  0.275125 0.0755682 0.0122776  0.576248 0.0212877
(1,2,(3,4)); -4308.27  0 18.8431 -1.59722 24.9407 -4353.65 0.238637 0.235235 0.208323 0.317805  0.0574501   0.237198  0.0475753  0.0163475   0.633217 0.00821207
(1,2,(3,4)); -4327.73  0 17.693 0.833197 18.4511 -4363.04 0.221647 0.227917 0.230165 0.320271  0.0504624   0.247638  0.0886438 0.00692044   0.578978  0.0273573
(1,2,(3,4)); -4307.99  0 18.1155 -0.447752 26.3024 -4352.86 0.256866  0.22492 0.203725 0.314489 0.0335222  0.307015 0.0815698 0.0136088  0.549283 0.0150009
(1,2,(3,4)); -4304.57  0 17.5974 -1.72336 26.8185 -4350.71 0.249544 0.231658 0.200443 0.318355  0.0231837   0.318219  0.0548977 0.00414283   0.589315  0.0102418
(1,2,(3,4)); -4311.04  0 15.9368 -2.75872 26.3793 -4356.12 0.240863 0.245151 0.200716  0.31327 0.0359651  0.324607   0.03874 0.0150139  0.569497  0.016177
(1,2,(3,4)); -4304.37  0 18.2957 -0.649407 27.0934 -4350.41 0.245409 0.232848  0.19821 0.323533  0.0324899   0.286494  0.0836259 0.00919647   0.577192  0.0110019
(1,2,(3,4)); -4312.42  0 16.5607 0.112896 24.953 -4353.82 0.243523 0.235554 0.192749 0.328174   0.045775   0.307163  0.0491031   0.029061   0.561851 0.00704705
(1,2,(3,4)); -4314.92  0 17.4998 0.288271 23.6164 -4355.75 0.252305 0.223997 0.205594 0.318105  0.0547461   0.243181    0.08062 0.00300006   0.601747  0.0167055
(1,2,(3,4)); -4316.83  0 16.6425 0.436234 25.0265 -4358.06  0.25149 0.235717 0.196707 0.316086  0.0379627   0.303253   0.081093  0.0306142   0.539326 0.00775156
(1,2,(3,4)); -4310.2  0 18.3177 0.440053 24.713 -4352.79 0.257927 0.229467 0.202928 0.309678 0.0646939  0.339193  0.049679 0.0145309  0.516429 0.0154751
(1,2,(3,4)); -4312.96  0 13.1557 -2.31662 24.8984 -4353.33 0.237107 0.241662 0.216726 0.304504 0.0571674  0.263927 0.0478398 0.0198103  0.595389 0.0158669
(1,2,(3,4)); -4315.3  0 12.7094 1.34454 25.1775 -4351.85 0.243375 0.228543 0.198433  0.32965  0.0497247   0.328415  0.0881848 0.00697049   0.519508  0.0071968
(1,2,(3,4)); -4310.84  0 17.1665 0.674086 22.8508 -4350.19 0.227261 0.239436 0.196835 0.336469 0.0292213  0.289707  0.072171 0.0105007  0.572581 0.0258197
(1,2,(3,4)); -4306.3  0 17.7605 -0.949372 25.9744 -4350.98 0.256874 0.232093  0.20881 0.302223  0.0309836   0.328689   0.080534  0.0164724   0.535586 0.00773472
(1,2,(3,4)); -4305.56  0 18.4024 -0.0820627 25.6564 -4349.7 0.246981 0.232588 0.192046 0.328385  0.0394301   0.337663  0.0769518 0.00612009   0.531482  0.0083536
(1,2,(3,4)); -4308.54  0 18.195 -0.361556 26.1319 -4353.23 0.258793 0.236952 0.199853 0.304403   0.045994   0.279253  0.0871862  0.0108744   0.568554 0.00813828
(1,2,(3,4)); -4305.03  0 19.4009 -0.5249 26.3393 -4351.29 0.258749  0.23696 0.204588 0.299703  0.0365391   0.318321  0.0718983 0.00908064   0.547234  0.0169267
(1,2,(3,4)); -4303.9  0 17.4545 -2.09191 27.5468 -4351 0.236094 0.239573 0.207411 0.316922  0.0380774   0.299108  0.0403766 0.00769115   0.606995 0.00775131
(1,2,(3,4)); -4312.11  0 17.2013 -1.32048 24.0528 -4354.69 0.246406 0.251495 0.192991 0.309108 0.0322646  0.307425 0.0432462 0.0173643   0.57578   0.02392
(1,2,(3,4)); -4319.03  0 16.22 -0.525544 26.0493 -4361.83 0.256698 0.228513 0.209357 0.305432 0.0415484  0.325162 0.0513027 0.0120069  0.547073 0.0229068
(1,2,(3,4)); -4305.5  0 18.0775 0.0328828 25.4513 -4349 0.263266 0.235461 0.208022 0.293252  0.0517007   0.306959  0.0587396  0.0118442    0.56588 0.00487646
(1,2,(3,4)); -4311.8  0 17.5678 0.592675 22.8419 -4351.62 0.225874 0.259168 0.201836 0.313122  0.0508131   0.317634  0.0705063   0.020909   0.534979 0.00515806
(1,2,(3,4)); -4310.44  0 16.6856 -1.13957 25.8109 -4354.08 0.238757 0.234591 0.208114 0.318538  0.0381045   0.330244  0.0442984 0.00524243   0.555971    0.02614
(1,2,(3,4)); -4329.92  0 15.209 -2.28413 20.633 -4368.04 0.240616 0.215044 0.205877 0.338464 0.0330555  0.369515 0.0338148 0.0100799  0.535026  0.018508
(1,2,(3,4)); -4332.13  0 12.5194 -0.13936 20.4248 -4365.21 0.256191 0.216808  0.20955 0.317452  0.0599411   0.220406   0.057182 0.00605313   0.632703   0.023715
(1,2,(3,4)); -4316.12  0 17.8875 -0.327756 21.9979 -4356.33 0.251491 0.252686 0.188541 0.307282 0.0413319  0.299649 0.0367022 0.0277871  0.578803 0.0157267
(1,2,(3,4)); -4320.76  0 13.8319 -0.764067 20.5212 -4355.87 0.214711 0.241597 0.217493 0.326198  0.0695012   0.266138  0.0723094  0.0158528   0.566595 0.00960411
(1,2,(3,4)); -4322.32  0 18.8484 -0.838994 24.1707 -4366.18 0.250805 0.245708 0.195906  0.30758 0.0240474  0.272966 0.0656595  0.019808  0.595338 0.0221804
(1,2,(3,4)); -4320.35  0 13.7573 0.475052 25.6666 -4359.3 0.252178 0.223517 0.204239 0.320066  0.0420387   0.267076  0.0915732 0.00691167   0.579585  0.0128155
(1,2,(3,4)); -4324  0 16.9422 -1.98751 19.5107 -4362.44  0.25984 0.244809 0.205655 0.289696 0.0295509  0.233724  0.064059 0.0289652  0.622789  0.020912
(1,2,(3,4)); -4309.64  0 15.3202 -0.704293 27.6857 -4353.35 0.239713 0.227689 0.211256 0.321342  0.0391325   0.297372   0.078877  0.0111859   0.566694 0.00673912
(1,2,(3,4)); -4303.07  0 14.141 -4.31148 26.9644 -4348.48 0.241866 0.240471 0.210408 0.307255 0.0334202  0.325334 0.0523234  0.014429  0.572306 0.0021869
(1,2,(3,4)); -4306.46  0 17.4696 0.172404 27.7077 -4351.47 0.239698 0.239498 0.209565 0.311239 0.0446507  0.296875 0.0594996 0.0206338  0.566087  0.012253
(1,2,(3,4)); -4328.18  0 13.679 -0.324626 24.8127 -4366.99 0.251728 0.225598 0.216324  0.30635  0.0534828   0.256111  0.0917509  0.0104259   0.580945 0.00728451
(1,2,(3,4)); -4305.9  0 18.4837 -0.142875 25.4718 -4350 0.252053 0.231799 0.203558  0.31259 0.0434114   0.36717 0.0633144 0.0128152  0.497969 0.0153208
(1,2,(3,4)); -4304.12  0 20.1217 -1.05874 27.3032 -4352.6 0.253909 0.244854 0.199073 0.302164  0.0462906   0.294288  0.0594945  0.0073966   0.583659 0.00887214
(1,2,(3,4)); -4302.47  0 17.2119 -1.95297 27.1137 -4348.75  0.25021 0.234063 0.199107  0.31662  0.0438962   0.345538  0.0553052 0.00672429   0.544936 0.00360016
(1,2,(3,4)); -4303.42  0 18.8473 -1.64561 26.8446 -4350.76  0.24101 0.229216 0.222934  0.30684  0.0363532   0.294218  0.0570293  0.0168904   0.587256 0.00825229
(1,2,(3,4)); -4310.65  0 15.7044 -3.75604 22.8821 -4352.99  0.23777 0.212397 0.217248 0.332584   0.041453   0.274197  0.0601824 0.00290678   0.614447 0.00681394
(1,2,(3,4)); -4313.8  0 18.5704 -1.17646 23.5336 -4357.08 0.234978 0.251576 0.207476  0.30597 0.0515708  0.248781 0.0597532 0.0272015  0.599115 0.0135784
(1,2,(3,4)); -4306.28  0 17.1733 -0.908861 26.2497 -4350.61 0.252612 0.218335    0.215 0.314054  0.0394085   0.326463  0.0616233  0.0169777   0.545999 0.00952841
(1,2,(3,4)); -4311  0 16.1569 -1.24006 25.8574 -4354.26 0.246344  0.22529 0.213608 0.314757 0.0339155  0.290802 0.0661156 0.0270134  0.566103 0.0160505
(1,2,(3,4)); -4311.63  0 13.3807 0.888818 26.0413 -4350.16 0.242216 0.225725 0.218536 0.313523 0.0517438  0.312035 0.0659775 0.0086502  0.540481 0.0211124
(1,2,(3,4)); -4302.38  0 18.7428 -2.61185 27.8576 -4351.59 0.241138 0.239665 0.199009 0.320187  0.0409407   0.278627  0.0504872 0.00935643   0.611374 0.00921418
(1,2,(3,4)); -4307.65  0 17.5731 -2.81333 24.8373 -4352.88 0.254297 0.236206 0.189675 0.319822  0.030756    0.2642 0.0471122 0.0129611  0.631255 0.0137162
(1,2,(3,4)); -4313.6  0 17.1942 -2.84297 23.9037 -4357.54 0.248622 0.255625 0.192284 0.303469  0.0347305   0.313849  0.0395662 0.00554932    0.59056  0.0157447
(1,2,(3,4)); -4303.15  0 15.5943 -4.5075 26.0196 -4349.27 0.233867 0.234028 0.204604 0.327501  0.0274027    0.27366  0.0476654  0.0115469   0.633492 0.00623262
(1,2,(3,4)); -4312.64  0 18.1047 0.973286 24.3296 -4354.11  0.24128 0.238442 0.207121 0.313157 0.0575326  0.337162 0.0766593 0.0142958  0.492199 0.0221513
(1,2,(3,4)); -4307.76  0 17.8745 -1.6059 25.2712 -4352.51 0.255403  0.23791 0.208742 0.297946  0.0337776   0.263993  0.0639046 0.00427426   0.615985  0.0180663
(1,2,(3,4)); -4306.85  0 18.1109 -1.42854 25.0897 -4351.48 0.231151  0.24843 0.200231 0.320189  0.0498661   0.293764  0.0452659 0.00694767   0.582491  0.0216649
(1,2,(3,4)); -4311.1  0 15.5172 -2.46137 26.4744 -4355.56 0.255839 0.234545 0.207974 0.301642 0.0251552  0.303121  0.073719 0.0142917  0.578544 0.0051693
(1,2,(3,4)); -4310.69  0 16.7918 -0.147776 24.1533 -4351.78 0.252172 0.214822 0.222713 0.310293 0.0351269  0.265766 0.0727525 0.0110916  0.602009 0.0132537
(1,2,(3,4)); -4306.64  0 17.0571 0.00759316 25.5696 -4349.26 0.255135 0.239259 0.211772 0.293835 0.0423341  0.307048 0.0711304  0.015247  0.546784 0.0174564
(1,2,(3,4)); -4330.28  0 18.8679 1.55143 18.5562 -4366.16 0.232237  0.22208 0.204225 0.341459 0.0826682  0.280742  0.067819 0.0287114  0.524408  0.015651
(1,2,(3,4)); -4308.05  0 18.016 -0.0885124 26.5311 -4352.68 0.254345 0.228428 0.201652 0.315575 0.0512152  0.295722 0.0715443 0.0219229  0.549706 0.0098893
(1,2,(3,4)); -4307.06  0 17.4285 -0.365019 26.4915 -4351.35 0.243549 0.241896 0.209951 0.304604  0.0263779   0.298995  0.0892997 0.00788443   0.569088 0.00835454
(1,2,(3,4)); -4302.97  0 17.6151 -1.63772 27.8826 -4350.1 0.241586 0.237397 0.209801 0.311215  0.0531318   0.294639  0.0437659  0.0106013   0.588127 0.00973515
(1,2,(3,4)); -4304.48  0 18.3428 -2.40154 27.1678 -4352.39 0.245341  0.23191 0.213186 0.309563  0.0362294   0.259685  0.0627772 0.00818105    0.61845  0.0146768
(1,2,(3,4)); -4308.83  0 15.8185 -0.957762 27.2899 -4352.9 0.254242 0.236465 0.205815 0.303477  0.0357017   0.304898  0.0460301  0.0180384   0.585418 0.00991296
(1,2,(3,4)); -4310.52  0 18.4759 0.379635 24.1232 -4352.74 0.239811 0.239491 0.223632 0.297066  0.0516604   0.309934  0.0684407  0.0236858   0.541951 0.00432816
(1,2,(3,4)); -4315.37  0 17.0433 0.302686 24.5025 -4356.61 0.255843 0.222672 0.218731 0.302754 0.0443867  0.265341 0.0833239 0.0176095  0.578504 0.0108356
(1,2,(3,4)); -4339.92  0 12.1951 -0.515967 22.955 -4375.58 0.249587 0.229783 0.219267 0.301362  0.0810938   0.288917  0.0705744  0.0106196    0.54645 0.00234517
(1,2,(3,4)); -4307.74  0 17.2956 0.0675784 26.3062 -4351.27 0.237212 0.223111 0.215169 0.324508 0.0425836   0.29337 0.0577095 0.0146098  0.573273 0.0184542
(1,2,(3,4)); -4307.16  0 18.1056 -2.17211 26.6994 -4354.14 0.230831 0.239491   0.2188 0.310878 0.0442096  0.292366 0.0488776 0.0105198  0.590273 0.0137542
(1,2,(3,4)); -4316.39  0 16.5274 -0.589112 26.0347 -4359.54 0.243006 0.231847 0.204674 0.320472  0.0492911   0.280609  0.0402138  0.0240857   0.599961 0.00583891
(1,2,(3,4)); -4324.23  0 16.6329 -0.305678 22.6055 -4363.78 0.235197 0.243989 0.208332 0.312483 0.0532332  0.304861 0.0760953 0.0362738  0.511684 0.0178522
(1,2,(3,4)); -4315.23  0 18.6224 -0.46361 22.4186 -4356.73 0.258816  0.21911  0.22176 0.300314  0.0675873   0.281871  0.0666566  0.0195636   0.559028 0.00529315
(1,2,(3,4)); -4310.16  0 15.043 -1.19761 26.1211 -4352.52  0.25863 0.228984 0.202789 0.309597  0.0392648   0.302092  0.0885698 0.00695188   0.549142  0.0139792
(1,2,(3,4)); -4316.09  0 15.7938 0.791337 24.0522 -4355.14 0.264129 0.224983 0.197469 0.313419  0.0366043    0.28723  0.0619401 0.00728132   0.578093  0.0288521
(1,2,(3,4)); -4322.24  0 14.7672 -1.34412 23.5547 -4361.9 0.246216 0.232388 0.205775  0.31562  0.0934986   0.277937  0.0537515  0.0152606   0.554805 0.00474785
(1,2,(3,4)); -4314.9  0 14.7007 0.334311 24.3601 -4353.62 0.250455 0.230494  0.18773 0.331321  0.0412517   0.272908  0.0864045 0.00934873    0.58198 0.00810666
(1,2,(3,4)); -4314.49  0 17.3281 0.430535 24.7823 -4356.17 0.257952 0.239811 0.203125 0.299111 0.0653488  0.274751 0.0732418 0.0106397  0.559682 0.0163369
(1,2,(3,4)); -4307.91  0 17.2874 -0.68849 26.9273 -4352.81 0.235522 0.228953 0.211953 0.323571  0.053687  0.297794 0.0679655 0.0168026  0.556338 0.0074125
(1,2,(3,4)); -4313.38  0 15.8589 0.545864 24.1684 -4352.86 0.248519 0.231207 0.214168 0.306107  0.0585452   0.308072  0.0403304 0.00723938   0.555943    0.02987
(1,2,(3,4)); -4307.48  0 17.061 -0.436988 25.7628 -4350.74  0.25083 0.231666 0.222239 0.295265  0.0459032   0.310123   0.068658 0.00997774   0.551896  0.0134424
(1,2,(3,4)); -4318.36  0 17.4768 -0.923251 22.5701 -4359.33 0.246298  0.23246 0.215166 0.306076  0.042743  0.254963 0.0405095 0.0385733  0.609847 0.0133649
(1,2,(3,4)); -4314.14  0 16.6477 -2.28572 23.612 -4356.69 0.251721 0.220513 0.208132 0.319633  0.0303567   0.280821  0.0439371  0.0343657   0.604326 0.00619294
(1,2,(3,4)); -4304.54  0 15.2655 -2.24746 26.9902 -4349.04 0.242529 0.236943 0.195634 0.324894  0.0355967   0.326674  0.0657773  0.0162126   0.550583 0.00515681
(1,2,(3,4)); -4310.58  0 18.2523 0.235126 24.6059 -4353.21 0.257585 0.241452 0.191927 0.309037 0.0356385  0.308015 0.0626933 0.0140224  0.552876 0.0267542
(1,2,(3,4)); -4308.02  0 18.0237 -0.783211 25.9054 -4352.73 0.241988 0.235144 0.201966 0.320903 0.0324041   0.34851 0.0589648 0.0248032  0.524729 0.0105893
(1,2,(3,4)); -4310.77  0 16.7563 -0.288328 25.594 -4353.41 0.245529 0.244954 0.218149 0.291368 0.0444118  0.286915 0.0721426  0.010302  0.580402 0.0058264
(1,2,(3,4)); -4305.75  0 17.8357 -0.447617 26.9989 -4351.04 0.237906 0.231706 0.222709 0.307679  0.0469905   0.295298  0.0672084 0.00793484   0.571447  0.0111211
(1,2,(3,4)); -4304.69  0 16.1018 -1.01889 26.1617 -4347.97 0.245398 0.230259 0.214893 0.309449  0.0404834   0.362741  0.0583671 0.00823732   0.527119 0.00305198
(1,2,(3,4)); -4318.21  0 18.7829 -0.412617 23.1108 -4360.51 0.229127  0.25742 0.210624  0.30283 0.0453726   0.26129 0.0886429 0.0130283   0.58299 0.0086765
(1,2,(3,4)); -4310.06  0 17.1706 -1.42843 24.51 -4353.17 0.237213 0.240888  0.21873 0.303169  0.0343809   0.310681  0.0761375 0.00128904   0.569581 0.00793022
(1,2,(3,4)); -4308.89  0 16.9083 0.973833 24.9339 -4349.76 0.260345 0.245336 0.193974 0.300345 0.0561263  0.292664 0.0630441 0.0163335  0.561627 0.0102055
(1,2,(3,4)); -4301.01  0 18.3744 -2.522 28.2758 -4350.18 0.246122 0.238898 0.201495 0.313485 0.0322262  0.304652 0.0619029 0.0129776  0.583692 0.0045487
(1,2,(3,4)); -4317.84  0 18.8106 0.0738527 24.6728 -4361.25 0.243937 0.246261 0.212698 0.297103  0.0404225   0.304631  0.0817122  0.0246343    0.54408 0.00451961
(1,2,(3,4)); -4324.11  0 17.4028 0.18017 21.3679 -4362.71 0.241904  0.21118 0.213425 0.333491 0.0444997   0.32606 0.0530335 0.0207761   0.53044 0.0251907
(1,2,(3,4)); -4307.16  0 16.5909 -1.38988 27.3124 -4352.45 0.255254 0.233464 0.204027 0.307255   0.048131   0.263219  0.0653969 0.00986669    0.60567 0.00771635
(1,2,(3,4)); -4304.56  0 17.9159 -0.611343 28.1741 -4351.26 0.237461 0.234998 0.207178 0.320363 0.0427692  0.304696 0.0529323 0.0132173  0.572405 0.0139807
(1,2,(3,4)); -4326.4  0 17.4487 1.07982 22.432 -4365.2 0.241559 0.236417 0.199822 0.322202  0.057878  0.295912 0.0738726 0.0337635  0.515372  0.023201
(1,2,(3,4)); -4312.15  0 18.5513 -0.786467 23.0876 -4354.57 0.230077 0.223066 0.220188  0.32667  0.0430947   0.239658  0.0777797  0.0137286   0.616429 0.00931061
(1,2,(3,4)); -4303.27  0 17.9403 0.0183998 28.2513 -4349.44 0.242591 0.237856 0.206584 0.312969 0.0389259  0.299549 0.0547478  0.017706   0.57598 0.0130911
(1,2,(3,4)); -4326.36  0 16.3877 0.7731 20.0761 -4362.05 0.255774 0.223108 0.200404 0.320713  0.0814564   0.311776   0.102139 0.00835598    0.48526  0.0110118
(1,2,(3,4)); -4328.22  0 14.4654 0.0737751 22.469 -4365.08 0.245429  0.22255 0.206595 0.325427 0.0681606  0.347296 0.0767839 0.0184803  0.480615 0.0086642
(1,2,(3,4)); -4308.64  0 16.7817 0.889541 25.674 -4350.21 0.234452   0.2449 0.203103 0.317545  0.0305292   0.310752  0.0956695  0.0114402    0.54332 0.00828914
(1,2,(3,4)); -4314.18  0 13.6039 0.138436 25.208 -4352.85 0.258704 0.243306  0.19808  0.29991  0.0466472   0.300315  0.0507536   0.024783   0.569503 0.00799834
(1,2,(3,4)); -4308.1  0 18.5376 0.281018 25.2571 -4351.61 0.247411 0.215947 0.217898 0.318744  0.0530102   0.298178  0.0734733 0.00668809   0.554842  0.0138084
(1,2,(3,4)); -4305.2  0 18.9042 -0.0931473 27.3712 -4351.56 0.247842 0.233206  0.20699 0.311962 0.0308746  0.327632  0.072069 0.0144248  0.539938 0.0150623
(1,2,(3,4)); -4319.31  0 16.1039 -0.8317 22.3604 -4358.6 0.228226 0.242933 0.217239 0.311602 0.0748231  0.293394 0.0477499 0.0213065  0.543635 0.0190917
(1,2,(3,4)); -4315.07  0 18.9505 0.257202 21.8658 -4355.63 0.254176 0.226561 0.211769 0.307493  0.0625812   0.308634   0.110242  0.0061565   0.509266 0.00312007
(1,2,(3,4)); -4330.09  0 17.6748 0.996618 15.4984 -4362.27 0.251299 0.259736 0.196158 0.292807  0.0603814   0.330555  0.0526007 0.00436837   0.503836   0.048258
(1,2,(3,4)); -4319.02  0 15.5746 -1.73643 20.0071 -4356.34 0.247282 0.250319 0.207101 0.295298  0.0497679   0.272843  0.0487404   0.045523   0.580969 0.00215643
(1,2,(3,4)); -4310.96  0 15.372 -2.08494 23.8471 -4352.26 0.238174 0.237663 0.210747 0.313416 0.0210025  0.243459 0.0597588 0.0127276  0.643115 0.0199367
(1,2,(3,4)); -4306.97  0 17.6565 -0.26062 24.5113 -4349.4 0.227285 0.243175 0.203219  0.32632   0.032929    0.28585  0.0922092 0.00444563    0.57598 0.00858566
(1,2,(3,4)); -4303.08  0 18.6193 -0.294394 27.3022 -4349.3 0.239536 0.235405 0.210784 0.314274  0.0406858   0.311791  0.0816238 0.00446277   0.549712  0.0117241
(1,2,(3,4)); -4319.03  0 18.327 -0.325253 22.6095 -4360.29  0.24138 0.236786 0.228444  0.29339  0.0350295   0.263922   0.093214 0.00870841   0.593879 0.00524705
(1,2,(3,4)); -4307.62  0 16.9106 0.749195 26.438 -4350.22 0.252836 0.221967  0.21564 0.309557 0.0406303   0.31811 0.0747978 0.0100314   0.54221 0.0142212
(1,2,(3,4)); -4308.45  0 18.4674 0.174179 24.2926 -4351.03 0.248426 0.233223 0.211097 0.307254 0.0486117  0.373176 0.0493002 0.0220795  0.496337 0.0104956
(1,2,(3,4)); -4310.99  0 17.1568 0.324601 23.4639 -4351.29 0.232658  0.24576 0.216829 0.304754 0.0407745  0.369118 0.0491306 0.0181573  0.507323 0.0154963
(1,2,(3,4)); -4320.8  0 13.3174 -1.59791 25.92 -4361.64 0.240685 0.239886  0.21463 0.304799   0.039501   0.356881  0.0377337  0.0103637   0.549896 0.00562496
(1,2,(3,4)); -4306.52  0 16.6024 -3.15853 25.0441 -4351.32 0.246571 0.246315 0.190085 0.317029  0.0233952   0.329527  0.0471062 0.00559066   0.588149 0.00623171
(1,2,(3,4)); -4307.17  0 17.1126 -1.47483 27.6892 -4353.44 0.235823 0.232562 0.217686 0.313929  0.0474243   0.294419    0.06098  0.0141545   0.574092 0.00893062
(1,2,(3,4)); -4326.69  0 13.742 0.81208 20.3586 -4359.98 0.220521 0.248877 0.212056 0.318546 0.0519528  0.313966 0.0568153 0.0171207  0.524231 0.0359142
(1,2,(3,4)); -4340.73  0 14.71 -0.982639 25.5321 -4381.96 0.242167 0.232621 0.220921 0.304291 0.0639002  0.330711 0.0467598 0.0104109  0.538172 0.0100465
(1,2,(3,4)); -4310.41  0 16.4618 -0.448414 26.0124 -4353.33  0.23675 0.232621 0.211952 0.318677  0.036062  0.307636 0.0619011 0.0162328  0.551358 0.0268097
(1,2,(3,4)); -4307.08  0 18.2531 -1.40308 25.8391 -4352.58 0.253558  0.21501 0.207643 0.323789  0.0471229   0.291216  0.0571701  0.0148921   0.583959 0.00563927
(1,2,(3,4)); -4311.81  0 19.3461 0.323356 24.4134 -4355.24  0.24855  0.23049 0.200112 0.320847  0.050492  0.339557 0.0797417 0.0112739  0.496738 0.0221968
(1,2,(3,4)); -4306.53  0 18.5939 -1.47125 25.2178 -4351.81 0.258468 0.243707 0.206859 0.290966 0.0338523  0.324079 0.0463363 0.0117864  0.571265  0.012681
(1,2,(3,4)); -4313.47  0 18.5244 0.387633 23.9717 -4355.58 0.249978 0.229554 0.206232 0.314236 0.0372486  0.330927 0.0764251 0.0320819  0.506974 0.0163426
(1,2,(3,4)); -4314.74  0 14.8237 1.00168 25.1634 -4353.73 0.232973 0.240942 0.214939 0.311146  0.0679861   0.297254   0.045912  0.0195254   0.562274 0.00704859
(1,2,(3,4)); -4315.44  0 13.9663 -3.05234 27.2339 -4359.69 0.241027 0.239202 0.217679 0.302093 0.0524176  0.282965 0.0634821 0.0086203  0.584447 0.0080679
(1,2,(3,4)); -4305.87  0 17.0186 -1.75381 26.8869 -4351.53  0.23783 0.240647 0.206226 0.315297  0.0395064   0.327155  0.0463309  0.0231204   0.557365 0.00652239
(1,2,(3,4)); -4313.71  0 8.42895 -3.22088 27.3313 -4352.69 0.239293 0.231678 0.206216 0.322813  0.0331789   0.288234  0.0785731 0.00597347   0.580473  0.0135672
(1,2,(3,4)); -4313.41  0 19.4815 0.26945 25.011 -4357.64  0.23356 0.244404 0.207012 0.315024 0.0518206  0.335149 0.0582094 0.0102057  0.519395   0.02522
(1,2,(3,4)); -4314.87  0 10.3736 -3.72049 27.3991 -4356.36 0.243415 0.246722 0.209351 0.300512  0.0388244   0.299985  0.0492996 0.00993867   0.596448 0.00550455
(1,2,(3,4)); -4310.3  0 15.3979 -3.93104 24.6965 -4354.32 0.240253 0.241506 0.190819 0.327422  0.0258699   0.299209  0.0440765  0.0050109   0.620738 0.00509577
(1,2,(3,4)); -4308.77  0 18.774 -0.932052 24.9613 -4353.44 0.257641 0.222688 0.205865 0.313807  0.0311011   0.323428  0.0623951 0.00742726   0.548406  0.0272429
(1,2,(3,4)); -4315.49  0 15.7085 1.52454 22.7539 -4352.43 0.237986 0.216453 0.211219 0.334342 0.0349054  0.350771 0.0682562 0.0127262   0.51305 0.0202913
(1,2,(3,4)); -4304.81  0 18.0402 -2.23131 27.5169 -4352.6 0.252899 0.228708 0.205948 0.312444 0.0340728  0.305643 0.0414511 0.0081824  0.598962 0.0116886
(1,2,(3,4)); -4311.08  0 15.4074 -0.721643 25.6609 -4352.87 0.243343 0.225841 0.213135 0.317681  0.0291648   0.277269   0.075991  0.0262276   0.583548 0.00779952
(1,2,(3,4)); -4317.27  0 18.5577 0.780919 21.0998 -4356.15 0.255257 0.219766 0.201406 0.323571  0.0754032   0.310288  0.0643154  0.0287398   0.518461 0.00279274
(1,2,(3,4)); -4315.22  0 17.6716 -1.81277 21.5805 -4356.29 0.248791 0.249888 0.206532 0.294789  0.0518669   0.261362  0.0326475 0.00847854   0.620118   0.025527
(1,2,(3,4)); -4308.85  0 18.3998 0.544474 26.7881 -4353.5 0.248624 0.233449 0.209677 0.308249 0.0451225  0.284754 0.0763628 0.0188329  0.557727 0.0172002
(1,2,(3,4)); -4308.93  0 14.4795 -2.27372 26.8951 -4352.58 0.253958 0.231768  0.21032 0.303954  0.0234675   0.304293  0.0592086  0.0126426   0.595015 0.00537293
(1,2,(3,4)); -4307.7  0 17.1863 -1.58085 25.0958 -4351.57 0.243303 0.247936 0.206324 0.302437  0.0545596   0.334642  0.0378223  0.0133056   0.556323 0.00334693
(1,2,(3,4)); -4317.35  0 18.4161 -0.340482 25.2679 -4361.38 0.236476 0.239363 0.197309 0.326852 0.0558594  0.340228 0.0526845 0.0143913  0.521587 0.0152495
(1,2,(3,4)); -4309.65  0 17.6097 0.0702458 24.5473 -4351.74 0.232838  0.23475 0.200505 0.331907  0.0372114   0.313189  0.0581162 0.00480627      0.559  0.0276773
(1,2,(3,4)); -4309.81  0 13.9471 -2.24109 24.9479 -4350.95 0.246605 0.220839 0.217015 0.315541 0.0502454  0.357386 0.0566952 0.0047596  0.518181 0.0127334
(1,2,(3,4)); -4317.69  0 16.461 -1.56249 26.4522 -4362.17 0.241439 0.244088 0.197168 0.317305 0.0496868  0.318128 0.0449908 0.0181218  0.555168 0.0139044
(1,2,(3,4)); -4306.47  0 16.4074 -1.86917 26.0163 -4350.77 0.242855 0.245756 0.200208 0.311181  0.0283209   0.307704  0.0659697  0.0184008   0.577492 0.00211258
(1,2,(3,4)); -4309.87  0 16.2814 -0.903946 25.1206 -4352.18 0.261193 0.227574 0.202131 0.309101  0.0330453   0.263184  0.0748785 0.00759689   0.601415  0.0198805
(1,2,(3,4)); -4312.3  0 10.8439 -2.95946 26.7613 -4352.86  0.22888 0.233243 0.215672 0.322205  0.0295707   0.316218  0.0552181  0.0120059   0.579808 0.00717932
(1,2,(3,4)); -4318.15  0 19.1793 -1.00257 26.0375 -4364.37 0.251522 0.228778 0.206141 0.313559 0.0446524  0.309436 0.0381701 0.0189739  0.570143 0.0186246
(1,2,(3,4)); -4307.14  0 19.514 -0.386172 26.1808 -4353.23 0.249162   0.2466 0.209158 0.295079  0.0366484   0.282162  0.0789143 0.00822656   0.582846  0.0112033
(1,2,(3,4)); -4315.15  0 16.4102 0.463097 24.7006 -4355.8 0.247482 0.228288 0.196453 0.327777  0.042376  0.245887 0.0849952 0.0147484  0.600385 0.0116086
(1,2,(3,4)); -4312.3  0 15.3732 -0.416088 24.345 -4352.43 0.239789 0.249889 0.194418 0.315905  0.0533896   0.239724  0.0665065  0.0136583    0.61982 0.00690148
(1,2,(3,4)); -4307.6  0 14.1528 -0.567733 27.1926 -4349.52 0.243841 0.225467 0.215327 0.315366 0.0323045  0.308024  0.064529  0.013356  0.564479 0.0173069
(1,2,(3,4)); -4316.87  0 16.695 0.240378 25.3511 -4358.67 0.251451 0.222385 0.206478 0.319685   0.05213  0.281824 0.0613187 0.0245176  0.562708 0.0175015
(1,2,(3,4)); -4309.1  0 17.8664 -0.253246 23.6291 -4350.84 0.254847  0.24134 0.185806 0.318007  0.0343299   0.344672  0.0808605 0.00512173   0.524282  0.0107337
(1,2,(3,4)); -4313.2  0 16.4731 0.760319 23.2526 -4352.17 0.242687 0.264097  0.19891 0.294306  0.0499907   0.281164  0.0655338  0.0118905     0.5822 0.00922049
(1,2,(3,4)); -4304.51  0 16.5704 -1.80863 27.765 -4350.66  0.23584 0.234696 0.214595 0.314869 0.0325155  0.295564 0.0671289 0.0128012  0.578783 0.0132077
(1,2,(3,4)); -4308.06  0 18.3047 -0.362189 24.8625 -4351.59 0.250449  0.21283 0.207929 0.328792 0.0493697    0.3095 0.0607248 0.0086411  0.555435  0.016329
(1,2,(3,4)); -4302.14  0 17.0762 -2.60651 27.5338 -4349.36 0.236488 0.245077 0.200683 0.317753  0.0381716   0.274377  0.0600485  0.0108323   0.609194 0.00737609
(1,2,(3,4)); -4327.42  0 17.3268 0.893816 22.089 -4365.94 0.255188 0.226399 0.205975 0.312438 0.0543045  0.286692 0.0984091 0.0130684  0.517045 0.0304814
(1,2,(3,4)); -4306.58  0 17.8242 -1.32596 24.8235 -4350.56  0.25509 0.231334 0.212077 0.301498  0.0695259   0.328173  0.0441388 0.00888015   0.545141 0.00414126
(1,2,(3,4)); -4310.16  0 17.6272 -1.19777 21.5184 -4350.51 0.240124 0.226788 0.206947 0.326141  0.0209248   0.400555   0.074035 0.00570415   0.490205 0.00857608
(1,2,(3,4)); -4302.91  0 18.5305 -1.46784 26.8487 -4349.76 0.241376 0.235256 0.204326 0.319041  0.0583476   0.283581  0.0544316 0.00298983   0.593517   0.007133
(1,2,(3,4)); -4306.61  0 17.2701 -1.41897 26.6781 -4351.98 0.249024 0.228855 0.199806 0.322315  0.0307958   0.326349  0.0541951   0.021822   0.561149 0.00568884
(1,2,(3,4)); -4303.05  0 17.4913 -1.56754 24.9996 -4347.11 0.232781 0.241057 0.224577 0.301585  0.0271166   0.307334  0.0638032  0.0167167   0.579512 0.00551785
(1,2,(3,4)); -4316.04  0 19.1053 0.913928 22.3116 -4356.54 0.243549 0.225637 0.205175 0.325639 0.0703031   0.32851 0.0439955 0.0137046  0.514471 0.0290156
(1,2,(3,4)); -4310.41  0 14.6498 -0.57907 27.3773 -4353.01 0.253954 0.229876 0.208106 0.308064  0.0340112   0.326523  0.0436377  0.0146484   0.571727 0.00945234
(1,2,(3,4)); -4316.34  0 16.0732 -0.395021 24.6641 -4357.47  0.23137 0.234112 0.201137 0.333381  0.0572535   0.270266  0.0570259 0.00965732   0.585466  0.0203315
(1,2,(3,4)); -4316.92  0 16.7335 -5.07772 21.7197 -4360.46 0.242617 0.242669 0.215265 0.299449   0.023589   0.371166    0.02951 0.00974456   0.547968   0.018023
(1,2,(3,4)); -4305.33  0 18.8378 -0.686442 24.9976 -4349.85  0.24858 0.239789 0.219928 0.291703  0.0421752   0.346191  0.0642082  0.0114942   0.526196 0.00973602
(1,2,(3,4)); -4311.48  0 15.5783 1.09992 25.9403 -4351.9 0.232904 0.239807 0.218404 0.308885  0.0541566   0.306213    0.07144  0.0177709   0.544994 0.00542532
(1,2,(3,4)); -4320.2  0 16.6257 -0.37613 21.3433 -4358.55 0.233864 0.237157 0.213448  0.31553  0.0356049   0.382811  0.0815732   0.024849   0.467158 0.00800364
(1,2,(3,4)); -4309.89  0 19.2658 0.207986 24.5345 -4353.48 0.229339 0.237714 0.208632 0.324314 0.0449182  0.299087 0.0469327 0.0224931  0.562724 0.0238447
(1,2,(3,4)); -4317.67  0 17.6376 0.913741 23.0958 -4357.49 0.245178 0.230939 0.222039 0.301843  0.0406687   0.288123  0.0785403  0.0370882   0.546416 0.00916361
(1,2,(3,4)); -4311.43  0 18.0514 -2.9491 24.6697 -4357.1 0.249909 0.243303 0.197762 0.309026 0.0206054  0.347592 0.0401312 0.0132843  0.564841 0.0135458
(1,2,(3,4)); -4312.34  0 16.737 0.256305 24.1763 -4353 0.241128 0.227128 0.222508 0.309236   0.043712   0.309683  0.0686409   0.032042   0.541195 0.00472727
(1,2,(3,4)); -4311.58  0 15.7266 0.0133991 23.0077 -4350.3 0.265489 0.231651 0.215058 0.287802 0.0336063  0.263989 0.0570616 0.0126248  0.620105 0.0126132
(1,2,(3,4)); -4306.32  0 16.3496 -4.37106 24.9965 -4352.04 0.253834 0.215873 0.210097 0.320196  0.0445586   0.297043  0.0378138 0.00769437   0.608229 0.00466136
(1,2,(3,4)); -4306.3  0 16.9215 0.206828 27.8356 -4350.85 0.251406 0.231533 0.199711  0.31735 0.0501593  0.277411 0.0557772  0.011365  0.595297 0.0099899
(1,2,(3,4)); -4316.78  0 13.7317 -2.93747 25.7241 -4359.18 0.234133 0.239418 0.203343 0.323106  0.0294896   0.339989  0.0344999 0.00961995   0.577057 0.00934535
(1,2,(3,4)); -4308.25  0 15.184 -2.63067 25.3237 -4351.39 0.228329 0.249078 0.214305 0.308287  0.0255891   0.280554  0.0604783  0.0121117   0.611339 0.00992873
(1,2,(3,4)); -4303.3  0 17.5832 0.0776014 27.7829 -4348.59 0.243798 0.236455 0.208143 0.311604  0.0424683   0.331563  0.0706241  0.0137345   0.536833 0.00477727
(1,2,(3,4)); -4305.24  0 17.5989 0.374327 27.4462 -4349.91  0.24472 0.237195 0.198049 0.320036   0.052288   0.267939  0.0624995  0.0128395   0.596089 0.00834447
(1,2,(3,4)); -4306.27  0 14.8646 -2.11512 27.3561 -4350.61 0.244948 0.238325 0.216095 0.300632  0.0382653   0.332563  0.0658404 0.00807736   0.545825 0.00942898
(1,2,(3,4)); -4307.58  0 18.7037 -0.820064 25.8272 -4352.93 0.258518 0.236081 0.207737 0.297663 0.0500922  0.259324 0.0594924 0.0081312  0.610412 0.0125482
(1,2,(3,4)); -4312.77  0 12.4566 -1.83895 27.5346 -4354.6  0.25047 0.239459 0.207035 0.303036  0.0371854   0.292599  0.0684242 0.00443139   0.584743  0.0126164
(1,2,(3,4)); -4303.14  0 18.0894 -1.5893 24.8278 -4347.65 0.251663 0.233891 0.207575  0.30687   0.023923   0.290706  0.0816751  0.0150257   0.587224 0.00144675
(1,2,(3,4)); -4307.4  0 16.835 -1.07646 24.039 -4349.35 0.262475 0.237601 0.189364  0.31056  0.0498013   0.342361  0.0526061 0.00415089   0.547136  0.0039445
(1,2,(3,4)); -4321.17  0 18.4917 0.550886 23.9165 -4363.03 0.262103 0.234748 0.211117 0.292032 0.0624795  0.311483  0.071443 0.0140324  0.529902 0.0106602
(1,2,(3,4)); -4312.39  0 17.4765 -0.966754 26.5164 -4357.35 0.253503 0.237556 0.203684 0.305257  0.0313854   0.292401   0.065838   0.025768   0.575018 0.00958889
(1,2,(3,4)); -4303.26  0 17.7289 -1.74682 26.2469 -4348.99 0.239728 0.244146 0.215694 0.300432  0.0434668   0.309728  0.0699542 0.00649772   0.567755 0.00259865
(1,2,(3,4)); -4304.07  0 18.6059 -2.1918 23.0725 -4347.94 0.223414 0.238476 0.205214 0.332896  0.0477203    0.28423  0.0422486 0.00324348   0.618689 0.00386847
(1,2,(3,4)); -4310.1  0 16.2408 0.831725 25.0738 -4350.59 0.248806 0.225404 0.211862 0.313929  0.0463856   0.301388  0.0872582  0.0182881   0.544672 0.00200867
(1,2,(3,4)); -4307.46  0 18.5699 -2.1065 25.2172 -4353.36 0.249505 0.235345 0.203384 0.311765  0.039636   0.22935 0.0595016 0.0148615  0.645097  0.011554
(1,2,(3,4)); -4312.21  0 17.4147 -0.483649 25.882 -4355.99 0.242985  0.23751 0.208646 0.310858  0.0457614   0.249365  0.0851344 0.00812475   0.594341  0.0172741
(1,2,(3,4)); -4318.39  0 15.9281 0.651716 24.3865 -4358.05 0.237386 0.234888 0.216433 0.311292 0.0542252  0.334014 0.0828781 0.0184708  0.496718 0.0136938
(1,2,(3,4)); -4315.93  0 17.1923 0.305769 23.6803 -4356.5 0.252631 0.236671 0.198124 0.312575 0.0272105   0.29976 0.0483302 0.0300194  0.569388 0.0252919
(1,2,(3,4)); -4300.82  0 17.7214 -0.652232 28.2726 -4347.47 0.243897 0.235456 0.203349 0.317298  0.0381695   0.273279  0.0668859 0.00732134    0.60544 0.00890418
(1,2,(3,4)); -4309.11  0 17.7786 -1.25146 26.0261 -4354.17 0.260052 0.234916 0.197325 0.307708 0.0286786  0.305277 0.0528517 0.0173495   0.57989 0.0159532
(1,2,(3,4)); -4309.29  0 17.7671 -0.0142469 24.2714 -4351.34 0.249328 0.223859 0.216092 0.310721  0.0349424   0.285712   0.103426 0.00478829   0.567233 0.00389878
(1,2,(3,4)); -4318.53  0 15.1604 -0.927787 23.2017 -4357.82 0.249162  0.22687 0.214625 0.309343 0.0379643  0.313587 0.0378512 0.0198067  0.557348 0.0334429
(1,2,(3,4)); -4307.49  0 17.8434 -0.557787 25.0826 -4350.97  0.26228  0.22808 0.212752 0.296888 0.0390903  0.333936  0.056353 0.0175684  0.540812 0.0122406
(1,2,(3,4)); -4308.61  0 14.6486 -1.51727 27.4628 -4352.24 0.238003 0.239392 0.211706 0.310899  0.0388664   0.325567  0.0563599 0.00997692   0.550257  0.0189729
