tree logl logTop logBL logPrior logQ logWt pi1 pi2 pi3 pi4 s1 s2 s3 s4 s5 s6
(1,2,(3,4)); -4305.61  0 17.1331 -6.84338 26.3251 -4355.91 0.228604 0.231597 0.208003 0.331797  0.0176667   0.287067  0.0504555 0.00608747   0.635783 0.00294043
(1,2,(3,4)); -4313.32  0 15.1249 -1.4156 25.1854 -4355.05 0.233344 0.238664  0.19188 0.336112  0.0303505   0.318559  0.0877826 0.00566881   0.555619 0.00202046
(1,2,(3,4)); -4319.09  0 16.4963 -1.43558 21.3526 -4358.38 0.262676 0.227736 0.201934 0.307655  0.0449793   0.227212   0.094545  0.0115542    0.61258 0.00912998
(1,2,(3,4)); -4315.53  0 15.2928 -3.89858 25.1321 -4359.85 0.243534 0.243618  0.19551 0.317338  0.0127145   0.352083   0.071656 0.00366609   0.556708 0.00317216
(1,2,(3,4)); -4313.54  0 16.1643 0.0259827 23.2491 -4352.93 0.244212 0.244206 0.196785 0.314797 0.0333253  0.316824 0.0975147 0.0157338   0.52445 0.0121521
(1,2,(3,4)); -4303.89  0 18.3421 -1.4525 25.4575 -4349.15 0.233371 0.232632 0.216333 0.317663  0.0271519   0.353033  0.0673933 0.00789317    0.53491 0.00961944
(1,2,(3,4)); -4313.7  0 16.3741 -1.50462 23.1383 -4354.71 0.229738 0.226241 0.229534 0.314487  0.0551373   0.251312  0.0624709 0.00895454   0.620003 0.00212184
(1,2,(3,4)); -4307.02  0 16.7083 -1.47365 26.8746 -4352.08 0.245162 0.252238 0.195973 0.306626  0.0234985   0.301073  0.0481534  0.0138855   0.608957 0.00443313
(1,2,(3,4)); -4311.53  0 16.4933 -2.02651 23.329 -4353.38 0.243949 0.239449 0.208923  0.30768  0.0424473    0.24407  0.0355744  0.0209675   0.647119 0.00982238
(1,2,(3,4)); -4306.92  0 15.0711 -1.13777 27.8987 -4351.03 0.253654 0.241866 0.206957 0.297523   0.0316421    0.323971   0.0684226  0.00489308    0.570965 0.000105578
(1,2,(3,4)); -4320.73  0 17.3073 -3.59866 26.2317 -4367.87 0.260802 0.218957 0.205053 0.315187  0.0271419   0.276338  0.0586554  0.0150967    0.62076 0.00200817
(1,2,(3,4)); -4309.69  0 17.8354 -3.52759 23.3869 -4354.44 0.220048 0.234068 0.204647 0.341237  0.0323024   0.290456  0.0359125 0.00771073   0.631319 0.00229916
(1,2,(3,4)); -4308.15  0 17.3389 -3.03624 27.7146 -4356.24 0.245726 0.236527 0.199856  0.31789  0.0436916    0.29755   0.036478  0.0057571   0.610874 0.00564938
(1,2,(3,4)); -4319.33  0 16.3182 -1.01337 21.8742 -4358.54 0.244938 0.244056 0.224251 0.286755   0.0341688    0.278399   0.0852769    0.022898     0.57878 0.000477182
(1,2,(3,4)); -4317.43  0 13.4512 -0.97532 26.6695 -4358.53 0.241356 0.230638 0.211613 0.316393  0.0317477   0.300589  0.0876476 0.00378192   0.566735 0.00949874
(1,2,(3,4)); -4306.36  0 15.6421 -2.7374 26.7442 -4351.49 0.255266 0.237508  0.19408 0.313146  0.0436819   0.258065  0.0661725  0.0038682   0.623044 0.00516862
(1,2,(3,4)); -4319.75  0 16.0031 -0.264637 23.4819 -4359.5 0.243544 0.238459 0.205585 0.312412   0.0459395    0.298886    0.117584  0.00142293    0.535305 0.000862359
(1,2,(3,4)); -4305.07  0 18.2638 -1.23473 27.106 -4351.68 0.230704     0.24 0.214671 0.314624  0.0551185   0.293205  0.0658061 0.00781014   0.574797 0.00326378
(1,2,(3,4)); -4304.4  0 16.7175 -2.69374 27.1778 -4350.99 0.249622 0.233754 0.203574  0.31305  0.0257582   0.265788  0.0700319  0.0230392   0.613587 0.00179514
(1,2,(3,4)); -4302.64  0 18.1513 -3.22561 26.4177 -4350.43 0.238292 0.231845 0.218034 0.311829  0.0330235   0.272026  0.0404809  0.0141535   0.633937 0.00637918
(1,2,(3,4)); -4305.58  0 16.7331 -3.44704 27.555 -4353.32 0.238519 0.228471 0.213246 0.319764    0.050076    0.313746   0.0541006  0.00169152     0.57952 0.000866623
(1,2,(3,4)); -4306.19  0 16.996 -2.79513 28.2014 -4354.18 0.245622 0.229513 0.197152 0.327712  0.0244877   0.279242  0.0691408  0.0106483   0.615379 0.00110212
(1,2,(3,4)); -4303.92  0 18.6413 -1.79684 26.5045 -4350.86 0.235577 0.236708 0.208145  0.31957  0.0243695   0.264051  0.0597123  0.0162413   0.625931 0.00969479
(1,2,(3,4)); -4309.38  0 15.7617 -0.825486 25.7933 -4351.76 0.251281  0.22765 0.207028  0.31404  0.0608876   0.307428  0.0602305 0.00863676   0.553875 0.00894182
(1,2,(3,4)); -4310.5  0 17.8629 -4.56855 24.8389 -4357.77 0.258329 0.246866 0.198848 0.295957   0.0312079    0.357127   0.0465309   0.0145593    0.549605 0.000969666
(1,2,(3,4)); -4311.66  0 16.1818 -7.08095 28.256 -4363.17 0.247613 0.240167 0.201986 0.310234  0.0192607   0.294111  0.0455538 0.00278988   0.636759 0.00152601
(1,2,(3,4)); -4302.01  0 18.1598 -1.41722 28.0115 -4349.6 0.234234 0.231924 0.207158 0.326684  0.0364498   0.308777  0.0510719  0.0153807    0.58503 0.00329008
(1,2,(3,4)); -4305.56  0 16.8045 -4.15908 28.0087 -4354.53  0.24094 0.238766 0.206216 0.314077  0.0274507   0.302671  0.0455566 0.00448287   0.609285  0.0105536
(1,2,(3,4)); -4312.01  0 16.3434 -2.12082 25.2925 -4355.77 0.246433 0.235845 0.206182  0.31154  0.0263561   0.376574  0.0545046 0.00806917   0.524073   0.010423
(1,2,(3,4)); -4329.55  0 14.6938 -5.49062 26.427 -4376.16 0.234879 0.243746 0.208282 0.313093  0.0209103   0.332141  0.0391664  0.0194216   0.586311 0.00204907
(1,2,(3,4)); -4314.67  0 16.3424 -7.30815 20.0909 -4358.42 0.267424 0.221377 0.205275 0.305924 0.0143702  0.261299 0.0406533 0.0104049  0.660584  0.012689
(1,2,(3,4)); -4317.2  0 16.2587 0.166267 23.6033 -4356.9 0.243024 0.241898 0.200287 0.314791   0.063873     0.2458  0.0912236 0.00637419   0.585069 0.00766077
(1,2,(3,4)); -4302.97  0 16.854 -1.13126 27.4427 -4348.4 0.242098  0.22743 0.222259 0.308213  0.0234712   0.297861  0.0671737   0.012019   0.597853 0.00162148
(1,2,(3,4)); -4303.14  0 18.5336 -1.10907 27.1657 -4349.95 0.236963 0.250514 0.199002 0.313521  0.0438128   0.288352   0.066196  0.0154061   0.582304 0.00392898
(1,2,(3,4)); -4304.48  0 16.2249 -1.57364 28.144 -4350.43 0.242672  0.22692 0.209828 0.320581  0.0415773    0.30384  0.0492372  0.0146013   0.586992 0.00375183
(1,2,(3,4)); -4307.43  0 14.6588 -0.140307 27.1598 -4349.38 0.235729 0.236247 0.214705 0.313319   0.0508018    0.325081   0.0755117  0.00818951    0.539698 0.000717948
(1,2,(3,4)); -4305.73  0 15.8966 -1.09176 26.8652 -4349.59 0.231157 0.240512 0.205638 0.322693  0.0387139   0.289507  0.0818533 0.00817124   0.574143 0.00761146
(1,2,(3,4)); -4300.8  0 17.9191 -1.598 29.2466 -4349.57 0.244436  0.23551  0.21206 0.307994  0.0240169   0.301806  0.0647554  0.0106172   0.596346 0.00245821
(1,2,(3,4)); -4313.59  0 17.5948 -1.2144 24.768 -4357.17   0.2427 0.226274 0.202948 0.328078  0.0360191   0.247667  0.0996351 0.00388782   0.608466 0.00432487
(1,2,(3,4)); -4310.92  0 15.9925 -0.732425 22.685 -4350.33 0.235253 0.223369 0.223728 0.317649  0.0570388   0.350708  0.0360428 0.00629544   0.546055 0.00385984
(1,2,(3,4)); -4304.09  0 15.1328 -0.269577 28.5502 -4348.04  0.25428 0.230663 0.204967  0.31009   0.0423123    0.320049   0.0499042   0.0121111     0.57509 0.000533154
(1,2,(3,4)); -4303.35  0 16.0239 -3.54818 29.3446 -4352.27  0.24896 0.232994 0.203473 0.314573   0.0328586    0.338574   0.0514673  0.00717729    0.569662 0.000260439
(1,2,(3,4)); -4305.26  0 16.2557 0.329463 27.3258 -4348.51 0.241164 0.229387 0.205029  0.32442  0.0325719   0.291775  0.0657547 0.00775326   0.589519   0.012626
(1,2,(3,4)); -4301.89  0 19.3501 -1.23598 27.0992 -4349.57 0.240164 0.233152 0.212152 0.314531  0.0365925   0.259763   0.053106  0.0129216   0.628571 0.00904572
(1,2,(3,4)); -4324.59  0 17.615 -1.05993 21.2661 -4364.53 0.252663 0.230421 0.210245  0.30667  0.0644305    0.22579   0.089768 0.00137098   0.614386 0.00425446
(1,2,(3,4)); -4305.03  0 16.6993 -2.00675 26.8576 -4350.59 0.249379 0.227122 0.202503 0.320995 0.0392089  0.268244 0.0584686 0.0114742   0.61206 0.0105447
(1,2,(3,4)); -4320.32  0 11.2225 -3.34945 27.1086 -4362 0.235227 0.251556 0.191385 0.321832  0.0402282   0.277948  0.0620357 0.00622865   0.611914 0.00164605
(1,2,(3,4)); -4305.33  0 18.9178 -2.6269 25.1952 -4352.07 0.268368 0.230448  0.19776 0.303424  0.0292193   0.256666  0.0680971 0.00676681   0.636599 0.00265219
(1,2,(3,4)); -4313.45  0 17.0969 0.858208 22.7217 -4352.41 0.229677 0.247597 0.203839 0.318887 0.0528505   0.28197 0.0684741 0.0148721  0.563002  0.018832
(1,2,(3,4)); -4305.18  0 16.8677 -2.76615 26.4553 -4351.27 0.251652 0.249615 0.194389 0.304344  0.0416967   0.336924  0.0594698 0.00419665   0.553667  0.0040453
(1,2,(3,4)); -4307.9  0 18.1475 -3.19495 25.619 -4354.87 0.248827 0.241147 0.212713 0.297313  0.0196371   0.353611  0.0469345 0.00918852   0.564602 0.00602718
(1,2,(3,4)); -4307.22  0 15.9899 -4.79986 24.6367 -4352.64 0.226112 0.236003 0.226054 0.311831  0.0220077   0.272408  0.0671746 0.00414281    0.62869 0.00557738
(1,2,(3,4)); -4304.44  0 17.0313 -1.86421 27.4856 -4350.82 0.234021  0.24124 0.207674 0.317065   0.047266   0.322326   0.051235 0.00790521   0.563971 0.00729691
(1,2,(3,4)); -4319.03  0 13.9033 -4.11893 21.4062 -4358.46  0.24643 0.258197 0.194712 0.300661  0.0490499   0.255107  0.0410316 0.00195673   0.641682  0.0111727
(1,2,(3,4)); -4309.6  0 16.4155 -1.29732 24.256 -4351.57 0.228543 0.231624 0.209331 0.330502  0.0157184   0.329408  0.0611153  0.0138545   0.571123 0.00878085
(1,2,(3,4)); -4307.12  0 16.5584 -2.69087 27.3101 -4353.68 0.250377 0.242147 0.190931 0.316545 0.0300726  0.289601  0.043421  0.004716  0.626792 0.0053981
(1,2,(3,4)); -4309.91  0 15.6312 -3.90958 27.7841 -4357.24 0.256929 0.226176 0.199665 0.317229  0.0283351   0.303872  0.0401661  0.0100495   0.616571 0.00100568
(1,2,(3,4)); -4310.78  0 16.2528 -1.11256 23.5092 -4351.65 0.227501 0.247208 0.209991   0.3153  0.0460774   0.317991  0.0518669  0.0317342   0.549611 0.00271983
(1,2,(3,4)); -4305.83  0 17.9111 -1.09417 25.1657 -4350.01 0.228512 0.240268 0.217526 0.313695  0.0223419   0.354594  0.0782268  0.0090616   0.533342 0.00243304
(1,2,(3,4)); -4316.26  0 10.4792 -1.26194 26.2923 -4354.29 0.246515 0.229868 0.204507  0.31911 0.0405038  0.318034 0.0581954 0.0106034  0.557272 0.0153914
(1,2,(3,4)); -4300.56  0 18.4546 -2.88886 28.9964 -4350.9 0.244275 0.241356 0.207442 0.306927  0.0265224   0.324419  0.0687726 0.00471949   0.572279 0.00328732
(1,2,(3,4)); -4307.42  0 17.407 -1.92704 23.9528 -4350.7 0.264776 0.240137  0.19474 0.300346  0.0224361   0.295013  0.0730277  0.0199678   0.584289 0.00526672
(1,2,(3,4)); -4311.84  0 14.8586 -0.92714 28.3501 -4355.98 0.252238 0.235554 0.196177 0.316032  0.0431161   0.296406  0.0737337 0.00639414   0.577219  0.0031306
(1,2,(3,4)); -4303.42  0 18.1263 -0.3766 26.7439 -4348.67 0.254063 0.233563 0.201005 0.311369 0.0353841  0.284726 0.0726436 0.0128856  0.583157 0.0112041
(1,2,(3,4)); -4302.22  0 17.7173 -1.54673 27.6401 -4349.13 0.239734 0.223631 0.205776 0.330859  0.0355136    0.27831  0.0611196  0.0101939   0.611005 0.00385776
(1,2,(3,4)); -4308.18  0 16.2525 -2.75799 28.6058 -4355.8 0.251608 0.240088  0.20291 0.305394  0.0238278   0.304652  0.0757807 0.00410746   0.589525 0.00210682
(1,2,(3,4)); -4308.82  0 13.6441 -4.39958 29.2282 -4356.09 0.250686 0.235004 0.199319 0.314991   0.0338916    0.326448   0.0470793  0.00526728    0.587171 0.000143441
(1,2,(3,4)); -4310.35  0 15.1458 -3.57777 25.5169 -4354.59 0.228208   0.2522 0.206579 0.313013   0.0278126    0.244555   0.0502888  0.00837482    0.668643 0.000325614
(1,2,(3,4)); -4310.87  0 15.8409 -0.26452 24.2389 -4351.21 0.240694 0.228655 0.218338 0.312313  0.0566399   0.314596  0.0675632 0.00440836   0.543437  0.0133555
(1,2,(3,4)); -4308.05  0 17.9566 -2.56522 22.9758 -4351.54 0.251822 0.237399 0.187497 0.323282  0.0543816    0.31874  0.0363535 0.00176526   0.580253 0.00850692
(1,2,(3,4)); -4309.52  0 18.049 0.371361 21.1686 -4348.36 0.252135 0.246481  0.17731 0.324074  0.0343219   0.317382  0.0703366 0.00702744   0.557174  0.0137588
(1,2,(3,4)); -4301.53  0 17.1947 -1.52814 26.8234 -4347.08 0.252272 0.241817 0.208408 0.297503  0.0469135   0.342127  0.0605447 0.00464538   0.544534 0.00123524
(1,2,(3,4)); -4318.06  0 13.8533 -6.94806 24.2064 -4363.07 0.237423 0.223631 0.202392 0.336554  0.0187353   0.317185  0.0368297  0.0159637   0.607414 0.00387269
(1,2,(3,4)); -4306.67  0 16.7299 -4.49386 26.2998 -4354.19 0.236315 0.227039 0.203642 0.333003   0.018838   0.291027  0.0574843 0.00500738    0.62011 0.00753372
(1,2,(3,4)); -4309.52  0 14.1611 -4.3243 27.8938 -4355.9 0.240489 0.226964  0.20639 0.326157  0.0261761   0.260366  0.0534498 0.00822331   0.649633 0.00215213
(1,2,(3,4)); -4300.11  0 18.6547 -0.518473 28.3315 -4347.61 0.240234 0.232778 0.209678  0.31731   0.0394074    0.325902   0.0785352  0.00803921    0.547949 0.000166799
(1,2,(3,4)); -4305.07  0 16.2352 -4.00156 28.2374 -4353.55 0.240862 0.237254 0.196998 0.324886  0.0234548    0.29015  0.0634452 0.00575071   0.610972 0.00622724
(1,2,(3,4)); -4307.53  0 16.8818 -2.70696 26.3875 -4353.51 0.241982   0.2395 0.203211 0.315307  0.0169975   0.324401  0.0731499 0.00661907   0.567606  0.0112266
(1,2,(3,4)); -4302.97  0 17.0747 -2.64975 27.1351 -4349.83 0.252429 0.222263 0.201018  0.32429  0.0331609   0.326802  0.0764375 0.00472969   0.556496 0.00237311
(1,2,(3,4)); -4308.22  0 15.502 -0.783535 27.4294 -4351.94 0.240677 0.234903 0.197533 0.326888  0.0296177   0.287986  0.0846167 0.00822164   0.584108 0.00544997
(1,2,(3,4)); -4306.35  0 18.3191 -0.856332 25.1843 -4350.71 0.237434 0.243832  0.19942 0.319314   0.018825   0.277505  0.0917699  0.0185557    0.58914 0.00420437
(1,2,(3,4)); -4304.69  0 17.711 -1.11508 25.8055 -4349.32 0.250131 0.243948 0.214046 0.291874  0.0420124   0.286509  0.0530347 0.00411271   0.606671 0.00766019
(1,2,(3,4)); -4305.12  0 17.481 -3.49263 25.78 -4351.87 0.230234 0.227099 0.221292 0.321376   0.047708    0.27825   0.045862  0.0115938   0.614033 0.00255303
(1,2,(3,4)); -4313.35  0 14.0979 0.2774 24.2183 -4351.39 0.249338 0.245216 0.190012 0.315434  0.0220792   0.277633  0.0931649  0.0158121   0.584766 0.00654473
(1,2,(3,4)); -4301.51  0 18.3631 -1.0377 27.786 -4348.69 0.231751 0.242196 0.207713 0.318341  0.0412251   0.297676  0.0462186  0.0114091   0.597591 0.00588016
(1,2,(3,4)); -4309.1  0 16.2642 -1.03273 28.3511 -4354.75 0.245937 0.227407 0.207762 0.318894   0.025739   0.295675  0.0756117  0.0103584   0.587848 0.00476789
(1,2,(3,4)); -4310.7  0 17.2908 -3.02194 28.6306 -4359.64 0.244564 0.246423  0.19389 0.315123  0.0370205   0.276991  0.0597587 0.00741714   0.616633 0.00218012
(1,2,(3,4)); -4308.92  0 15.6243 -0.83424 25.5772 -4350.95 0.247656  0.25043 0.204312 0.297603  0.0326519   0.310128  0.0511148    0.01873   0.579109 0.00826645
(1,2,(3,4)); -4323.65  0 11.1474 -6.93249 24.3432 -4366.07 0.258649 0.231801 0.210349 0.299201  0.0152925   0.295758  0.0396402  0.0178022   0.628817 0.00268968
(1,2,(3,4)); -4302.56  0 17.545 -1.98954 28.5347 -4350.63  0.24465 0.230676 0.215494  0.30918  0.0372019   0.305158  0.0678503 0.00775982   0.577081 0.00494945
(1,2,(3,4)); -4311.42  0 16.2092 -1.99946 25.0988 -4354.73 0.227253 0.242274 0.213479 0.316994  0.0359724   0.371896  0.0460786 0.00816598   0.533836 0.00405103
(1,2,(3,4)); -4311.83  0 16.5252 -4.98685 28.3497 -4361.7 0.240157 0.235336 0.203005 0.321502  0.0263633   0.319115  0.0394135 0.00587362   0.604129 0.00510564
(1,2,(3,4)); -4309.43  0 15.5887 -1.48826 27.5295 -4354.04 0.250583 0.227888  0.21112  0.31041  0.0444993   0.265701  0.0775608 0.00492976   0.603882 0.00342636
(1,2,(3,4)); -4304.08  0 18.4205 -3.21407 26.6759 -4352.4  0.26507 0.236181 0.194611 0.304138  0.0301722   0.283862  0.0633599 0.00328311   0.617554 0.00176825
(1,2,(3,4)); -4307.62  0 16.026 -0.793803 27.6474 -4352.09 0.248574 0.243117 0.194002 0.314307 0.0312541  0.291676 0.0618655 0.0204449  0.592849  0.001911
(1,2,(3,4)); -4321.65  0 18.184 -6.30808 20.9104 -4367.05  0.26452 0.251747 0.191848 0.291884  0.0256662   0.288061  0.0350482 0.00319498    0.64041 0.00761991
(1,2,(3,4)); -4312.69  0 15.6714 0.389976 23.0225 -4351 0.241533 0.222222 0.209796 0.326449  0.0378921   0.280629  0.0518578 0.00982044   0.593968  0.0258328
(1,2,(3,4)); -4307.51  0 17.1113 -1.98466 26.6904 -4353.3 0.249913 0.238642 0.206876 0.304569  0.0532014   0.243713  0.0535871 0.00834226   0.639121 0.00203549
(1,2,(3,4)); -4315.53  0 14.2552 -2.89134 25.5709 -4358.25 0.247371 0.219619 0.211676 0.321334  0.0233029   0.267949   0.076449 0.00927835   0.614259  0.0087611
(1,2,(3,4)); -4304.01  0 16.6167 -0.945557 27.9336 -4349.5 0.246898 0.241766 0.204413 0.306924   0.0315074    0.251978   0.0747653   0.0122612     0.62863 0.000857589
(1,2,(3,4)); -4307.39  0 16.7004 -3.70224 25.6552 -4353.45 0.241127 0.239358 0.218534 0.300982  0.0156555   0.293829  0.0649254 0.00977459   0.607516 0.00830013
(1,2,(3,4)); -4311.78  0 15.6358 -0.824775 26.0003 -4354.24 0.238591  0.24848 0.202844 0.310085  0.0349701   0.352702   0.052392  0.0133915   0.538735 0.00780967
(1,2,(3,4)); -4302.27  0 17.5981 -3.15069 29.6077 -4352.62 0.239325 0.242206 0.207441 0.311028  0.0328535   0.316352  0.0535447 0.00720368   0.586737 0.00330889
(1,2,(3,4)); -4303.61  0 18.1289 -2.40628 27.6885 -4351.83 0.236513 0.233169 0.207355 0.322963   0.0448017    0.346623   0.0464183  0.00991347    0.551675 0.000568107
(1,2,(3,4)); -4304.85  0 17.7546 -3.37097 27.4255 -4353.4 0.238105 0.239765  0.19867  0.32346  0.0242323   0.292827  0.0471073 0.00660127   0.619484 0.00974855
(1,2,(3,4)); -4314.65  0 16.8573 -7.52349 24.2622 -4363.29 0.261817 0.222549 0.193529 0.322105  0.0141932   0.280406  0.0494823  0.0069519   0.647783 0.00118383
(1,2,(3,4)); -4301.12  0 17.4927 -1.41963 27.8593 -4347.89 0.238161 0.252442 0.208413 0.300985   0.0381232    0.288672   0.0581471   0.0115554     0.60277 0.000731918
(1,2,(3,4)); -4305.22  0 17.9923 -2.24744 25.7557 -4351.22 0.251235 0.223857 0.217859 0.307049    0.03091   0.353696  0.0483069 0.00467579   0.556037 0.00637465
(1,2,(3,4)); -4304.64  0 15.2465 -0.94508 26.5258 -4347.36 0.238952 0.240063 0.211534 0.309451  0.0491857   0.308469  0.0560344  0.0224983   0.560018 0.00379518
(1,2,(3,4)); -4308.48  0 19.5459 -0.410509 22.3408 -4350.77 0.249063 0.232019   0.2181 0.300818  0.0782572   0.308822  0.0551433 0.00491424   0.544196 0.00866769
(1,2,(3,4)); -4306  0 15.2009 -0.338402 24.9552 -4346.5 0.251294  0.23086 0.223391 0.294456  0.0230981   0.330551  0.0658261  0.0107921   0.565241 0.00449197
(1,2,(3,4)); -4319.43  0 16.3127 -10.6676 23.3229 -4369.74   0.2409  0.22773 0.206078 0.325292  0.0172955   0.336316  0.0230241  0.0112022   0.610245 0.00191664
(1,2,(3,4)); -4308.49  0 18.3558 -1.15965 26.5771 -4354.58 0.243156 0.252665 0.200376 0.303803  0.0463922   0.323896  0.0752515 0.00870047   0.544213 0.00154697
(1,2,(3,4)); -4311.98  0 16.8852 -0.140576 25.4392 -4354.44 0.231511 0.229347 0.220331 0.318812  0.0483363   0.284292  0.0898757 0.00928185   0.566866 0.00134807
(1,2,(3,4)); -4308.74  0 19.3471 -0.296774 23.6398 -4352.02 0.227326 0.234457 0.223183 0.315033  0.0305084    0.27458  0.0706516  0.0257481   0.592855 0.00565749
(1,2,(3,4)); -4303.73  0 17.907 -1.09077 27.0832 -4349.82 0.243601 0.249249 0.202401 0.304749  0.0407999   0.290122  0.0775571  0.0101564   0.574943 0.00642114
(1,2,(3,4)); -4301.82  0 17.5542 -3.452 27.2232 -4350.05 0.256399  0.23696 0.200766 0.305875  0.0317875   0.273632  0.0566184 0.00205612   0.629855 0.00605091
(1,2,(3,4)); -4305.94  0 16.8194 -2.23534 28.1239 -4353.12 0.247164 0.240381 0.207172 0.305283  0.0198893   0.297259  0.0807392 0.00340605   0.597466  0.0012404
(1,2,(3,4)); -4310.85  0 15.1343 -1.22476 26.347 -4353.55 0.249196  0.24632 0.196559 0.307925  0.0380522   0.300232  0.0605958  0.0196729   0.573751 0.00769615
(1,2,(3,4)); -4301.4  0 18.5812 -2.80116 28.3758 -4351.16 0.237182 0.226687 0.214663 0.321468  0.0331156   0.301031  0.0658207 0.00289057   0.594585 0.00255699
(1,2,(3,4)); -4307.22  0 17.6755 -1.47999 24.774 -4351.15 0.245817 0.238655 0.212854 0.302673 0.0185179  0.294705 0.0584767 0.0185976  0.595429 0.0142742
(1,2,(3,4)); -4307.35  0 18.495 -0.578847 24.5368 -4350.96 0.244418  0.23818 0.195164 0.322238  0.0349649   0.275327  0.0862918 0.00552371   0.580064  0.0178289
(1,2,(3,4)); -4313.51  0 13.7581 -3.42081 28.6665 -4359.36 0.250649 0.240508 0.203737 0.305107  0.0240171   0.294116  0.0596268  0.0148168   0.605454 0.00196951
(1,2,(3,4)); -4308.82  0 16.1243 -5.65789 23.765 -4354.37 0.245139 0.230869 0.209716 0.314277   0.0258822     0.20695   0.0625619    0.011369    0.692598 0.000638431
(1,2,(3,4)); -4312.8  0 14.7408 -2.14953 26.6233 -4356.31 0.230312 0.238894 0.222564 0.308229  0.0312117    0.34258  0.0536979 0.00736357   0.562242 0.00290481
(1,2,(3,4)); -4310.93  0 17.0168 -1.61172 24.2407 -4353.8 0.260367 0.231666 0.188841 0.319126  0.0544125   0.327549  0.0481055 0.00865288   0.555148 0.00613274
(1,2,(3,4)); -4307.39  0 17.9862 -0.375528 25.2672 -4351.02 0.247845 0.224332 0.208144 0.319679  0.0366046   0.309087  0.0584797  0.0322368   0.561004 0.00258807
(1,2,(3,4)); -4313.06  0 18.3275 -1.12042 20.9004 -4353.41 0.245908 0.240921  0.19928 0.313891 0.0367168   0.25279 0.0350439 0.0170595  0.631358 0.0270323
(1,2,(3,4)); -4305.92  0 17.4858 -1.74584 24.4539 -4349.6 0.227359 0.259742 0.203909  0.30899  0.0437781   0.286257  0.0707633  0.0156611   0.579851 0.00368968
(1,2,(3,4)); -4323.37  0 12.1007 -1.61235 22.5973 -4359.68 0.233277 0.235612 0.196933 0.334179 0.0225532  0.250353    0.0702 0.0161689  0.625908 0.0148173
(1,2,(3,4)); -4313  0 14.5472 -1.63234 25.4862 -4354.67  0.24644 0.234793 0.209215 0.309551  0.0426325    0.30164  0.0644065 0.00838374   0.562674  0.0202629
(1,2,(3,4)); -4308.86  0 16.9875 0.402819 22.5131 -4347.96 0.245578 0.224417 0.218149 0.311856 0.0418498  0.344372 0.0637959 0.0078615  0.522004 0.0201167
(1,2,(3,4)); -4303.77  0 18.449 -1.55693 27.2753 -4351.05  0.23761 0.237921 0.209699 0.314771  0.0253143   0.279907  0.0901012 0.00333452     0.5962 0.00514295
(1,2,(3,4)); -4306.47  0 18.167 -1.97961 27.8915 -4354.51 0.248014 0.222171 0.216042 0.313773  0.0402031   0.275735  0.0631185 0.00594373   0.612477 0.00252274
(1,2,(3,4)); -4312.42  0 18.0962 -3.15206 25.5805 -4359.25 0.267498 0.232995 0.200671 0.298836  0.0378238   0.260263  0.0661754 0.00692329   0.626972 0.00184278
(1,2,(3,4)); -4308.35  0 16.5735 -3.24138 23.7444 -4351.91 0.243349 0.237418 0.203942 0.315292  0.0186741   0.240026  0.0534069 0.00424828   0.667129   0.016515
(1,2,(3,4)); -4310.69  0 16.2955 -3.61143 23.6562 -4354.26 0.246303 0.231453 0.213958 0.308285 0.0643449  0.311438 0.0288534 0.0138149  0.577865 0.0036842
(1,2,(3,4)); -4314.73  0 18.2916 0.512066 21.2257 -4353.73 0.238324 0.226431 0.216608 0.318638  0.0393248   0.299571  0.0803666  0.0418011   0.534563 0.00437325
(1,2,(3,4)); -4308.3  0 17.5602 -1.5969 26.6974 -4354.15 0.239719 0.232605 0.198457 0.329219  0.0294561   0.333517  0.0547107   0.019663   0.559028 0.00362435
(1,2,(3,4)); -4309.93  0 17.7317 -2.96589 24.8678 -4355.49 0.244901 0.247552 0.207944 0.299603  0.0226216   0.323447   0.036212  0.0190684   0.592099 0.00655246
(1,2,(3,4)); -4302.54  0 17.2121 -1.77935 27.8506 -4349.38  0.23597 0.247223 0.197029 0.319779  0.0305789   0.302723  0.0659161 0.00918371   0.584992 0.00660646
(1,2,(3,4)); -4313.27  0 15.2869 0.374066 26.4536 -4354.64 0.231189 0.246912 0.205959 0.315941  0.0447096   0.272204  0.0890651 0.00718203   0.583444 0.00339453
(1,2,(3,4)); -4308.23  0 16.6736 -1.98299 22.7259 -4349.61 0.248956 0.221719 0.231418 0.297906 0.0278968  0.327085   0.06338 0.0080428  0.565505 0.0080906
(1,2,(3,4)); -4303.23  0 18.3142 -1.33292 26.1744 -4349.05 0.254263 0.236342 0.189841 0.319554  0.0298079   0.296382  0.0884985  0.0136514   0.570143 0.00151636
(1,2,(3,4)); -4303.3  0 17.8075 -3.54767 28.0279 -4352.68 0.243856  0.24494 0.205906 0.305298  0.0188789   0.298022   0.055216 0.00666604   0.615352 0.00586546
(1,2,(3,4)); -4305.24  0 16.674 -0.220673 27.3235 -4349.46  0.24279 0.231851 0.204992 0.320366  0.0409654   0.345731  0.0665587  0.0114334    0.53117 0.00414131
(1,2,(3,4)); -4309.1  0 13.3118 -1.13181 28.104 -4351.65 0.239305  0.25168 0.196857 0.312158   0.0372153    0.294526   0.0627998   0.0136148    0.590992 0.000851745
(1,2,(3,4)); -4305.96  0 16.6464 -1.49084 24.7805 -4348.87  0.24915 0.229024 0.204278 0.317548  0.0298919    0.24104  0.0680776 0.00330523   0.642915  0.0147706
(1,2,(3,4)); -4309.83  0 17.0807 -1.71235 23.6427 -4352.27 0.255516 0.223406 0.210807 0.310271 0.0335091   0.34414 0.0379424 0.0182995  0.555767 0.0103415
(1,2,(3,4)); -4302.81  0 18.4464 -2.10274 28.2562 -4351.61 0.243635 0.238231 0.199068 0.319066  0.0221436   0.285991   0.084997 0.00608664   0.598395 0.00238763
(1,2,(3,4)); -4302.67  0 16.9722 -2.04326 28.8596 -4350.55  0.24945 0.232875  0.19758 0.320094   0.030659   0.294683  0.0784232 0.00583073   0.588382 0.00202186
(1,2,(3,4)); -4317.74  0 13.3237 -1.03765 28.4854 -4360.59 0.246247 0.231246 0.201072 0.321434    0.039272    0.267148   0.0688203   0.0134447    0.610995 0.000319726
(1,2,(3,4)); -4307.89  0 13.939 -2.32338 28.94 -4353.09 0.251837 0.233141 0.202083  0.31294   0.0404671    0.294519   0.0699135  0.00255232    0.592083 0.000465565
(1,2,(3,4)); -4306.38  0 18.2543 -2.26046 23.9519 -4350.85 0.243894  0.23928 0.195095 0.321731 0.0210731  0.253241 0.0520114 0.0102511  0.645437 0.0179866
(1,2,(3,4)); -4315.39  0 17.3688 -6.40381 24.9378 -4364.1 0.246886 0.244732 0.201861 0.306521  0.0157779     0.3366  0.0341345  0.0149848   0.593718 0.00478538
(1,2,(3,4)); -4313.89  0 14.5221 -3.61577 24.0906 -4356.12 0.253362 0.221499 0.193494 0.331645   0.0287238    0.331547   0.0486755   0.0233098     0.56758 0.000163938
(1,2,(3,4)); -4316.15  0 13.502 -4.81643 27.3616 -4361.83 0.232054 0.245764 0.203574 0.318608 0.0284105  0.318269 0.0366225 0.0135134  0.601874 0.0013105
(1,2,(3,4)); -4315.34  0 11.8433 -1.12443 25.8913 -4354.2  0.24098 0.226314 0.221304 0.311402  0.0390667   0.311697  0.0905893 0.00683323   0.548875 0.00293836
(1,2,(3,4)); -4319.27  0 16.5244 -5.79801 25.2609 -4366.86 0.227858 0.233895 0.202307  0.33594  0.0343209   0.343903  0.0352219 0.00829818   0.577123 0.00113291
(1,2,(3,4)); -4303.21  0 16.4598 -2.53066 27.0359 -4349.24 0.242338 0.228823 0.200032 0.328807  0.0283764   0.262186  0.0692704 0.00585707   0.627027 0.00728315
(1,2,(3,4)); -4305.93  0 17.7006 -0.703706 25.102 -4349.44 0.237254 0.243808 0.193419 0.325519  0.0449291     0.3155  0.0501242  0.0197951   0.561941 0.00771074
(1,2,(3,4)); -4317.96  0 16.2374 -3.24016 27.3729 -4364.81 0.256238  0.22772 0.198591 0.317452 0.0304019  0.301463 0.0492756 0.0198448   0.59759  0.001424
(1,2,(3,4)); -4307.19  0 15.8702 -2.39904 29.1891 -4354.65 0.243649 0.247974 0.202906 0.305471  0.0337996   0.315848  0.0557701 0.00798192   0.584761 0.00183936
(1,2,(3,4)); -4308.15  0 16.7723 -0.603829 25.6192 -4351.15 0.263565 0.234382 0.189586 0.312467  0.0421249   0.292957  0.0628576  0.0169643   0.583408 0.00168824
(1,2,(3,4)); -4305.89  0 16.9889 -0.34449 25.6062 -4348.83 0.243874 0.253344 0.197356 0.305427  0.0382381   0.287477  0.0811783  0.0199799   0.570945 0.00218096
(1,2,(3,4)); -4313.52  0 16.1596 -2.3054 26.3227 -4358.31 0.242972 0.232183 0.205098 0.319747   0.026458   0.247576  0.0751409 0.00589689   0.634512  0.0104153
(1,2,(3,4)); -4302.01  0 16.9387 -2.06178 27.3627 -4348.37 0.250917 0.231733 0.209895 0.307455  0.0443446   0.342262  0.0615131  0.0116218    0.53768 0.00257838
(1,2,(3,4)); -4314.52  0 17.7012 -2.69768 20.7725 -4355.69 0.244818 0.240545 0.209251 0.305387  0.0201272   0.346623  0.0396115 0.00955387   0.553092  0.0309922
(1,2,(3,4)); -4313.61  0 14.7681 -1.35362 21.4958 -4351.23 0.238284 0.230515 0.193717 0.337484  0.0288966   0.379704  0.0811604  0.0116795   0.495235 0.00332446
(1,2,(3,4)); -4303.6  0 16.4212 -1.01299 27.5514 -4348.59 0.256008 0.240508 0.199434 0.304049   0.0389881    0.341564   0.0642033  0.00847403    0.545799 0.000971919
(1,2,(3,4)); -4305.19  0 17.8646 -4.97632 25.8598 -4353.89 0.244062 0.232251 0.201045 0.322641  0.0440592   0.254311  0.0374114 0.00219023   0.658614 0.00341378
(1,2,(3,4)); -4306.95  0 15.1342 -7.31196 26.5579 -4355.96 0.256355 0.223916 0.213255 0.306474  0.0228833   0.280305  0.0428719 0.00802551   0.642918 0.00299675
(1,2,(3,4)); -4310.82  0 15.3443 -1.87788 25.6877 -4353.73 0.228328 0.235175 0.223866 0.312631  0.0302821   0.350795  0.0460539 0.00372639   0.566829  0.0023134
(1,2,(3,4)); -4308.17  0 17.6108 -0.26731 26.6692 -4352.72 0.256559 0.236103 0.198514 0.308823  0.0377657   0.308228  0.0773113  0.0182771   0.555518 0.00289939
(1,2,(3,4)); -4317.36  0 12.7333 -0.325914 25.7685 -4356.18 0.250751 0.222655 0.207703 0.318891   0.035535   0.288621  0.0570605  0.0300021    0.58739 0.00139093
(1,2,(3,4)); -4301.28  0 17.8814 -1.77768 28.0489 -4348.99 0.244409 0.233169 0.209522   0.3129  0.0334269   0.312596  0.0502161  0.0173851   0.580134 0.00624164
(1,2,(3,4)); -4310.38  0 13.1519 -4.68656 25.384 -4353.61 0.252253 0.245648  0.19156 0.310539   0.0392098    0.256442   0.0372802   0.0122511      0.6544 0.000417545
(1,2,(3,4)); -4313.9  0 16.5575 -2.10056 21.8464 -4354.41 0.266283 0.223392 0.211553 0.298772  0.0538049   0.246966  0.0493133 0.00870504   0.632961 0.00824963
(1,2,(3,4)); -4307.89  0 18.097 -2.29616 24.04 -4352.32  0.22015 0.227076  0.22186 0.330914  0.0359397   0.277312  0.0523358  0.0114828   0.621789 0.00114045
(1,2,(3,4)); -4306.32  0 14.7034 -6.04518 28.2427 -4355.31 0.245707 0.231785 0.202801 0.319706   0.0170778    0.319175   0.0435889   0.0091429     0.61022 0.000795333
(1,2,(3,4)); -4310.41  0 16.3932 -3.32258 24.713 -4354.84 0.256167  0.22575 0.195551 0.322532  0.0300964   0.364353  0.0507223 0.00324864   0.543834 0.00774538
(1,2,(3,4)); -4304.05  0 18.1162 -1.14212 27.1096 -4350.42 0.251097 0.229231 0.212365 0.307308  0.0221376   0.280325  0.0885953 0.00853298   0.597647 0.00276211
(1,2,(3,4)); -4303.72  0 17.3287 -4.02266 28.5674 -4353.64 0.241722 0.239159 0.208926 0.310194   0.0371998    0.332282   0.0408896   0.0119219    0.577378 0.000328872
(1,2,(3,4)); -4313.12  0 16.4168 -2.0329 22.6649 -4354.23 0.256106 0.254466 0.188532 0.300896  0.0233342   0.363726  0.0678632 0.00919343   0.532655 0.00322839
(1,2,(3,4)); -4308.15  0 12.7256 -1.42195 24.8343 -4347.13 0.238278  0.23393 0.196765 0.331027  0.0337067   0.319775  0.0546493 0.00440409   0.568878  0.0185873
(1,2,(3,4)); -4310.27  0 16.9469 -3.09388 25.3461 -4355.66 0.250605 0.223031 0.197615 0.328749   0.0464118    0.324122    0.036086  0.00195392    0.590826 0.000600398
(1,2,(3,4)); -4327.21  0 14.2349 -4.13779 24.8905 -4370.48  0.23362  0.23822 0.203688 0.324472  0.0228491    0.36485  0.0503169   0.012917   0.539499 0.00956882
(1,2,(3,4)); -4316.11  0 14.2044 0.300394 19.4388 -4349.45  0.24554 0.221021 0.227995 0.305443  0.0177279   0.342257  0.0719302 0.00990438   0.538339  0.0198419
(1,2,(3,4)); -4305.28  0 14.5487 -2.09202 26.7233 -4348.64 0.249046 0.235426 0.199925 0.315603  0.0380617   0.296484  0.0420334 0.00928067    0.60033  0.0138106
(1,2,(3,4)); -4306.93  0 17.107 -1.77971 25.2245 -4351.04 0.251279 0.233804 0.203431 0.311486 0.0240959  0.294909  0.046007 0.0160996  0.601228 0.0176614
(1,2,(3,4)); -4311.98  0 15.5097 -1.39782 23.3689 -4352.25 0.260679 0.239429 0.201148 0.298744  0.0186588   0.311091  0.0769258  0.0204662    0.56436 0.00849903
(1,2,(3,4)); -4308.68  0 14.4434 -1.8094 27.7539 -4352.69 0.250525 0.218488 0.212631 0.318356   0.0342872    0.289582    0.057493  0.00454697    0.614001 8.92527e-05
(1,2,(3,4)); -4304.03  0 18.5695 -0.507213 27.1269 -4350.23 0.246357 0.239833 0.198463 0.315348 0.0615492  0.280329 0.0656541 0.0130065  0.578071 0.0013902
(1,2,(3,4)); -4318.99  0 13.0473 -2.96876 26.3849 -4361.39 0.263778 0.232213 0.193524 0.310485   0.0338407    0.272042   0.0764122  0.00408765    0.613439 0.000178472
(1,2,(3,4)); -4305.39  0 17.3838 0.021506 26.0743 -4348.83 0.254419 0.235248 0.198671 0.311662 0.0339973  0.282454 0.0712268 0.0176986   0.58365 0.0109737
(1,2,(3,4)); -4305.06  0 18.4174 -0.84657 27.0444 -4351.36 0.253156 0.244318 0.198837 0.303689 0.0394127  0.273244 0.0777081 0.0108097  0.594136 0.0046899
(1,2,(3,4)); -4303.41  0 17.0017 -3.74081 27.1543 -4351.31  0.24348  0.22813 0.206656 0.321735  0.0418483   0.314359  0.0459676 0.00192299   0.588128 0.00777506
(1,2,(3,4)); -4303.57  0 17.2728 0.411633 25.6917 -4346.12 0.249892 0.233599 0.204813 0.311696  0.0429415   0.331354  0.0778615 0.00182653   0.537037 0.00897889
(1,2,(3,4)); -4313.87  0 15.5162 -3.91284 25.6304 -4358.93 0.245319 0.229806 0.198849 0.326026  0.0153979    0.33193  0.0569104  0.0180283   0.572704 0.00502979
(1,2,(3,4)); -4309.44  0 17.4567 -0.041382 23.6794 -4350.62   0.2466 0.231337 0.197802 0.324262 0.0574156  0.267057 0.0459379 0.0212696  0.597612 0.0107083
(1,2,(3,4)); -4305.01  0 17.5384 -1.58892 27.4251 -4351.56 0.243582 0.234099 0.212755 0.309564   0.056098    0.28399  0.0541703  0.0140351   0.588236 0.00347041
(1,2,(3,4)); -4304.62  0 19.0054 -1.75735 23.0487 -4348.43 0.262694    0.211  0.22115 0.305156  0.0328956   0.324708  0.0661661   0.007111   0.567042 0.00207712
(1,2,(3,4)); -4312.19  0 15.3289 -1.59797 26.9893 -4356.1  0.22982 0.246203 0.209673 0.314304  0.0171804   0.321732   0.069243  0.0103781   0.579326 0.00214068
(1,2,(3,4)); -4310.93  0 17.9565 -2.99151 24.2884 -4356.17 0.246498 0.253308 0.200739 0.299455  0.0278452   0.324129  0.0477456  0.0238544   0.569335 0.00709006
(1,2,(3,4)); -4307.33  0 16.874 -1.00602 26.6437 -4351.86 0.248832 0.234016 0.204163 0.312989  0.0530686   0.262259  0.0636663  0.0135006   0.599773 0.00773257
(1,2,(3,4)); -4301.7  0 17.6045 -1.09229 27.3875 -4347.78 0.263436 0.230216 0.198044 0.308304   0.0301324    0.309743   0.0663258   0.0108595    0.582794 0.000144674
(1,2,(3,4)); -4312.82  0 15.6567 -0.675844 27.0517 -4356.2 0.235904 0.241865 0.215525 0.306706  0.0298378   0.340036  0.0754355 0.00740436   0.543446 0.00384095
(1,2,(3,4)); -4308.38  0 19.2745 -1.89114 25.0614 -4354.61 0.246355 0.230396 0.209402 0.313847   0.0188159    0.366113   0.0836933   0.0114832    0.519564 0.000330273
(1,2,(3,4)); -4309.71  0 15.3005 -0.850444 26.7079 -4352.57 0.253626 0.216424 0.212483 0.317467   0.0298341    0.301962   0.0796572  0.00677517    0.581096 0.000675846
(1,2,(3,4)); -4314.71  0 16.6526 -1.50051 26.574 -4359.43 0.241887 0.218847 0.218292 0.320974  0.0342256   0.288884  0.0690307  0.0110091   0.592033 0.00481786
(1,2,(3,4)); -4307.85  0 16.9419 -1.71476 25.0342 -4351.54 0.231758 0.227363 0.212895 0.327984  0.0451231   0.274567   0.064299  0.0182913   0.589807 0.00791257
(1,2,(3,4)); -4307.77  0 17.4895 -4.57528 25.7436 -4355.58 0.238741 0.223078 0.215777 0.322404  0.0356736   0.348797  0.0448492 0.00163058   0.565316 0.00373385
(1,2,(3,4)); -4312.34  0 12.8869 -0.524147 26.1149 -4351.87 0.250264 0.250191  0.20239 0.297154  0.0306237   0.287324  0.0587516  0.0210332    0.59887 0.00339837
(1,2,(3,4)); -4311.04  0 18.224 -1.88591 27.4158 -4358.57 0.249116 0.244377 0.211323 0.295184  0.0297137   0.310161  0.0532933  0.0124159    0.59044 0.00397669
(1,2,(3,4)); -4306.31  0 18.7276 -0.552887 24.7789 -4350.37 0.233952   0.2387 0.210823 0.316525 0.0452265  0.252191 0.0546392 0.0176109  0.617676 0.0126564
(1,2,(3,4)); -4305.01  0 19.2885 -1.14065 25.5408 -4350.98 0.231125 0.229369 0.217178 0.322328  0.0608514   0.296275  0.0511184 0.00706729   0.579232 0.00545604
(1,2,(3,4)); -4316.35  0 12.7936 -3.6566 27.87 -4360.67 0.241361 0.240547 0.213705 0.304387   0.0497475     0.29619   0.0454885   0.0122412     0.59606 0.000273306
(1,2,(3,4)); -4302.87  0 18.6592 -2.39313 26.4363 -4350.36  0.23873 0.255764 0.197754 0.307752  0.0299833   0.267469  0.0486914  0.0140284   0.637759 0.00206821
(1,2,(3,4)); -4311.83  0 14.4354 -1.2195 26.7277 -4354.21 0.249235 0.237492 0.217221 0.296052  0.0295152   0.287764  0.0655695   0.011035   0.599209 0.00690677
(1,2,(3,4)); -4310.3  0 16.4711 -4.05096 25.9562 -4356.78 0.253051 0.233718 0.192624 0.320607  0.0302724   0.347571  0.0484976 0.00118308   0.568542 0.00393395
(1,2,(3,4)); -4303.13  0 18.5078 -4.39737 28.413 -4354.45 0.239035 0.243321 0.197076 0.320569   0.034712    0.30687  0.0386051  0.0092968   0.609332 0.00118371
(1,2,(3,4)); -4310.9  0 13.4042 -1.47917 28.0809 -4353.87 0.233502 0.249414 0.199064 0.318019  0.0290448   0.302402  0.0555843 0.00950718   0.598587 0.00487472
(1,2,(3,4)); -4306.51  0 15.8522 -1.28916 28.0989 -4351.75  0.24673 0.242599 0.203001 0.307671  0.0430145   0.289978  0.0617543  0.0177901   0.584407 0.00305598
(1,2,(3,4)); -4308.64  0 13.8896 -0.24599 28.7463 -4351.52 0.243486 0.229213   0.2085 0.318801   0.044235   0.299284  0.0713406 0.00560152   0.575941 0.00359859
(1,2,(3,4)); -4316.9  0 17.5502 -2.67538 24.1144 -4361.24 0.262775 0.227616 0.209298 0.300311  0.0192701   0.318211  0.0598649 0.00799415   0.581295  0.0133646
(1,2,(3,4)); -4328.14  0 18.2399 0.173145 19.0271 -4365.23 0.242435 0.229089 0.217943 0.310533  0.0891169    0.26125  0.0906146  0.0124712   0.539432 0.00711608
(1,2,(3,4)); -4307.63  0 15.7927 -0.676772 26.2479 -4350.35 0.253473 0.247447 0.209299 0.289782   0.025774   0.315057  0.0619922  0.0100203   0.584252 0.00290477
(1,2,(3,4)); -4304.05  0 18.07 -2.50912 27.6049 -4352.24  0.25536 0.229987 0.202191 0.312463  0.0238477   0.307474  0.0565751 0.00545915   0.597155 0.00948852
(1,2,(3,4)); -4304.16  0 18.4729 -2.15162 26.8108 -4351.59 0.244292 0.241463 0.190209 0.324036  0.0197521   0.328407  0.0689796  0.0108614     0.5696 0.00240007
(1,2,(3,4)); -4312.4  0 14.7336 -3.72392 27.9853 -4358.85 0.248958 0.232982 0.207943 0.310116  0.0292453   0.359337  0.0504382  0.0036383    0.55474 0.00260076
(1,2,(3,4)); -4308.27  0 16.9925 -0.224906 27.0094 -4352.5 0.243105  0.23996 0.199957 0.316977    0.056823    0.258664   0.0806291  0.00755003    0.595581 0.000752879
(1,2,(3,4)); -4304.57  0 16.8086 -3.76185 27.9955 -4353.13 0.238819 0.227258 0.217039 0.316884  0.0212555   0.314413  0.0634799  0.0105405   0.587531 0.00278016
(1,2,(3,4)); -4307.48  0 17.165 -2.513 23.9373 -4351.09 0.235981 0.236504 0.196128 0.331386 0.0202762  0.256271 0.0472174 0.0092113  0.654312 0.0127124
(1,2,(3,4)); -4304.11  0 15.794 -2.11502 27.8303 -4349.85 0.249649 0.241703 0.195755 0.312893  0.0460193   0.295223  0.0697578  0.0141045   0.572612 0.00228361
(1,2,(3,4)); -4312.96  0 16.2317 -1.00911 28.8999 -4359.1 0.242616 0.245756  0.19556 0.316068  0.0385166   0.305035  0.0665586 0.00619672    0.58125 0.00244317
(1,2,(3,4)); -4303.39  0 17.2567 -0.504788 28.864 -4350.02 0.239195 0.243523 0.199767 0.317515  0.0336874   0.289537  0.0756274  0.0073212   0.590212 0.00361524
(1,2,(3,4)); -4330.3  0 14.5691 -2.97659 27.0911 -4374.93  0.23702 0.237137 0.204738 0.321105  0.0171957   0.338124  0.0453692  0.0122325   0.582739 0.00433949
(1,2,(3,4)); -4304.78  0 16.5762 -2.25799 26.9825 -4350.59 0.236899 0.233087 0.199651 0.330363  0.0308384   0.337952  0.0731708 0.00511823   0.548126  0.0047949
(1,2,(3,4)); -4303.98  0 18.3783 -0.953592 28.1691 -4351.48 0.241229 0.235296 0.212688 0.310787   0.052381   0.263808   0.064797 0.00775004   0.609806 0.00145751
(1,2,(3,4)); -4306.66  0 15.4656 -1.9148 27.1246 -4351.17  0.25185 0.243063 0.210208  0.29488  0.0244985   0.309016   0.056239  0.0124115   0.593497 0.00433866
(1,2,(3,4)); -4301.29  0 18.2662 -1.63113 28.1698 -4349.36 0.245212 0.239233 0.197752 0.317803  0.0536892   0.317351  0.0589485 0.00998142   0.558995 0.00103517
(1,2,(3,4)); -4303.8  0 18.1786 -1.90382 26.565 -4350.45 0.231774 0.241202 0.213465 0.313559   0.0316185    0.358119   0.0744885  0.00758955    0.527294 0.000891431
(1,2,(3,4)); -4312.92  0 15.1213 -1.57459 25.224 -4354.84 0.245318 0.227755 0.199697 0.327231  0.0215284   0.264959   0.070813  0.0259165   0.614116 0.00266708
(1,2,(3,4)); -4305.02  0 17.166 -1.49904 25.8784 -4349.57  0.23719 0.237787 0.212099 0.312924   0.0357819     0.25099   0.0452497   0.0240427    0.643691 0.000244283
(1,2,(3,4)); -4300.85  0 18.6152 -2.37909 29.1328 -4350.98 0.240507 0.241551 0.213817 0.304125   0.0373178    0.296076   0.0667466  0.00723613    0.592295 0.000328451
(1,2,(3,4)); -4313.48  0 10.106 -3.80347 26.0288 -4353.42  0.25036 0.218545 0.206144 0.324951  0.0340435   0.338383  0.0388211 0.00619162   0.577888 0.00467327
(1,2,(3,4)); -4303.17  0 19.0204 -2.30125 26.9119 -4351.4 0.235533 0.236866  0.20804  0.31956  0.043458  0.309023 0.0345191 0.0169539  0.593977 0.0020697
(1,2,(3,4)); -4307.42  0 17.3908 -2.05638 24.794 -4351.66 0.258799 0.222245 0.204118 0.314838  0.0536551   0.269576  0.0505578 0.00526939   0.610714  0.0102282
(1,2,(3,4)); -4324.24  0 15.196 -4.85366 27.1008 -4371.39 0.248362 0.244072 0.202531 0.305035  0.0483252   0.262034  0.0442506 0.00887509   0.632627  0.0038883
(1,2,(3,4)); -4302.17  0 14.9097 -3.71994 28.195 -4348.99 0.248745 0.239259 0.207551 0.304445  0.0331019   0.312106  0.0543915 0.00827344   0.583078 0.00904978
