tree logl logTop logBL logPrior logQ logWt pi1 pi2 pi3 pi4 s1 s2 s3 s4 s5 s6
(1,((((2,3),4),5),(6,(((7,(8,9)),10),11))),12); -9522.5  0 72.7485 33.5513 26.4024 -9588.1 0.262781 0.244141 0.203579 0.289499  0.0396742   0.287502  0.0716831 0.00760893   0.587356 0.00617508
(1,((((2,3),4),5),(6,(((7,(8,9)),10),11))),12); -9513.24  0 74.0526 34.0278 30.0147 -9583.28 0.240068 0.237104 0.192104 0.330724  0.0562998   0.282936  0.0726379  0.0128099   0.566782 0.00853444
(1,((((2,3),4),5),(6,(((7,(8,9)),10),11))),12); -9517.91  0 73.0174 33.9697 27.8278 -9584.79 0.240962 0.249294 0.207286 0.302459  0.0330635   0.301318  0.0717586  0.0109742   0.575295 0.00759086
(1,((((2,3),4),5),(6,(((7,(8,9)),10),11))),12); -9516.29  0 71.2384 33.3637 29.2064 -9583.37 0.252456 0.235634 0.186133 0.325777  0.0422008   0.285455  0.0818347  0.0101456   0.571025 0.00933885
(1,((((2,3),4),5),(6,(((7,(8,9)),10),11))),12); -9512.36  0 73.2495 32.7126 31.4198 -9584.32 0.246102 0.233092 0.198847 0.321959  0.0415597   0.281067  0.0661243 0.00917581   0.597651 0.00442159
(1,((((2,3),4),5),(6,(((7,(8,9)),10),11))),12); -9521.91  0 71.017 33.945 27.0238 -9586.01 0.245618 0.224719 0.205679 0.323984  0.0357613   0.304471  0.0765349 0.00504727   0.573923 0.00426295
(1,((((2,3),4),5),(6,(((7,(8,9)),10),11))),12); -9516.77  0 70.5435 33.786 30.8972 -9584.42 0.244254 0.248319 0.199267 0.308159  0.0371643   0.287333  0.0699516   0.010065   0.590533 0.00495219
(1,((((2,3),4),5),(6,(((7,(8,9)),10),11))),12); -9518.07  0 72.8213 33.1754 27.3887 -9585.11  0.25119 0.252288 0.182016 0.314506 0.0397722   0.29415 0.0678499  0.013471  0.574945 0.0098121
(1,((((2,3),4),5),(6,(((7,(8,9)),10),11))),12); -9515.96  0 72.1603 33.3502 29.0726 -9583.84 0.253911 0.241817 0.190161  0.31411  0.0491522   0.311334    0.07893  0.0143932   0.543069 0.00312191
(1,((((2,3),4),5),(6,(((7,(8,9)),10),11))),12); -9512.48  0 73.2231 32.9056 29.9472 -9582.75 0.240769 0.249553 0.193024 0.316655  0.0583454   0.273295  0.0761209  0.0103945   0.578449 0.00339598
(1,((((2,3),4),5),(6,(((7,(8,9)),10),11))),12); -9508.12  0 76.9368 33.193 31.4724 -9583.34 0.235026 0.246786  0.19716 0.321028  0.0453938   0.298806  0.0667545 0.00675475   0.576464 0.00582736
(1,((((2,3),4),5),(6,(((7,(8,9)),10),11))),12); -9514.16  0 71.1666 33.4403 31.021 -9582.91  0.24541  0.23272 0.207011 0.314859  0.0548351   0.291947  0.0612582 0.00994863   0.577491 0.00452005
(1,((((2,3),4),5),(6,(((7,(8,9)),10),11))),12); -9513.43  0 71.5845 33.3961 31.2669 -9582.89 0.246949 0.243049  0.19425 0.315752  0.051413   0.29367 0.0665373 0.0161635  0.566626 0.0055908
(1,((((2,3),4),5),(6,(((7,(8,9)),10),11))),12); -9513.5  0 72.8168 33.5511 30.3531 -9583.12  0.26117 0.232659 0.188876 0.317295 0.0505745  0.291544 0.0732523 0.0134621  0.565589 0.0055777
(1,((((2,3),4),5),(6,(((7,(8,9)),10),11))),12); -9518.51  0 70.9982 34.0857 27.7397 -9583.17 0.239695 0.235754 0.206901  0.31765  0.0451083   0.317613  0.0718242  0.0190707   0.540311 0.00607281
(1,((((2,3),4),5),(6,(((7,(8,9)),10),11))),12); -9524.58  0 72.3483 33.4906 23.4551 -9586.89 0.218032 0.255116 0.218696 0.308156  0.0422873    0.30008  0.0856034  0.0105734    0.55455 0.00690619
(1,((((2,3),4),5),(6,(((7,(8,9)),10),11))),12); -9509.23  0 76.2573 33.1615 31.5533 -9583.88 0.248282 0.241663 0.194039 0.316016  0.0494903   0.305419  0.0621179  0.0103664    0.56918 0.00342667
(1,((((2,3),4),5),(6,(((7,(8,9)),10),11))),12); -9514.2  0 71.0131 32.5864 31.0184 -9583.65 0.246479 0.246802 0.196006 0.310713  0.0477344   0.280133  0.0850617  0.0105634   0.569319 0.00718808
(1,((((2,3),4),5),(6,(((7,(8,9)),10),11))),12); -9522.09  0 73.8178 32.9495 25.1171 -9588.08 0.237107 0.234658 0.186966 0.341269  0.0433456   0.319313  0.0815523 0.00548162   0.544582 0.00572556
(1,((((2,3),4),5),(6,(((7,(8,9)),10),11))),12); -9512.76  0 73.0286 33.4718 30.3795 -9582.7 0.240558 0.229299 0.205467 0.324676  0.0412433    0.29422  0.0810673 0.00862126   0.566591 0.00825774
(1,((((2,3),4),5),(6,(((7,(8,9)),10),11))),12); -9512.64  0 72.2568 33.1716 30.1777 -9581.9 0.249525 0.235145 0.201978 0.313351  0.0496311   0.313462  0.0736392  0.0117346   0.542771 0.00876267
(1,((((2,3),4),5),(6,(((7,(8,9)),10),11))),12); -9514.32  0 73.1307 33.5507 29.2957 -9583.19 0.247942 0.242479 0.200524 0.309055 0.0514309  0.305947 0.0770794 0.0176393  0.543408 0.0044951
(1,((((2,3),4),5),(6,(((7,(8,9)),10),11))),12); -9523.67  0 70.7565 32.7674 25.3816 -9587.04 0.230784 0.259511 0.206359 0.303345  0.0350744   0.303687  0.0720283 0.00585557   0.577903 0.00545225
(1,((((2,3),4),5),(6,(((7,(8,9)),10),11))),12); -9509.91  0 73.8996 33.5745 31.4435 -9581.68 0.231768  0.24388 0.196394 0.327957  0.0450507   0.283434  0.0699531 0.00970843   0.584952 0.00690261
(1,((((2,3),4),5),(6,(((7,(8,9)),10),11))),12); -9524.89  0 68.3447 33.3079 27.221 -9587.15 0.250188 0.255034 0.199723 0.295056  0.0472042   0.286052  0.0868038 0.00683813   0.569158 0.00394411
(1,((((2,3),4),5),(6,(((7,(8,9)),10),11))),12); -9519.09  0 74.5942 34.2378 25.4041 -9584.85 0.255504 0.250703 0.190491 0.303303  0.0611629   0.296195  0.0772951  0.0158782   0.546883 0.00258576
(1,((((2,3),4),5),(6,(((7,(8,9)),10),11))),12); -9511.08  0 73.7053 33.7648 30.9206 -9581.95 0.245943 0.248311 0.190367 0.315379  0.0499071   0.283537  0.0688353  0.0113684   0.577239 0.00911345
(1,((((2,3),4),5),(6,(((7,(8,9)),10),11))),12); -9521.93  0 71.9686 33.813 23.286 -9583.37 0.241226 0.230432 0.218674 0.309668  0.0416442   0.291695  0.0940957  0.0145534   0.556204 0.00180823
(1,((((2,3),4),5),(6,(((7,(8,9)),10),11))),12); -9513.44  0 75.3177 33.2966 30.1966 -9585.66 0.253967 0.236624 0.197654 0.311755  0.0427313   0.268387  0.0706298  0.0118978   0.601788 0.00456679
(1,((((2,3),4),5),(6,(((7,(8,9)),10),11))),12); -9513.5  0 72.4023 33.5837 29.8563 -9582.17 0.247337 0.222204 0.211313 0.319146  0.0501082     0.2997  0.0782729  0.0117424   0.555936 0.00424098
(1,((((2,3),4),5),(6,(((7,(8,9)),10),11))),12); -9512.15  0 74.1086 33.706 31.0329 -9583.59 0.245491 0.235781 0.196418  0.32231  0.0481925   0.283181  0.0850857  0.0143552   0.564619 0.00456664
(1,((((2,3),4),5),(6,(((7,(8,9)),10),11))),12); -9511.86  0 72.9456 33.1189 31.359 -9583.04 0.249384 0.242139 0.192108  0.31637  0.0448834   0.289665   0.076696 0.00773481   0.572362 0.00865939
(1,((((2,3),4),5),(6,(((7,(8,9)),10),11))),12); -9523.63  0 67.3891 32.8648 27.7691 -9585.92 0.247967 0.237027 0.203512 0.311495  0.0304326   0.285313  0.0758905  0.0105325    0.59356 0.00427088
(1,((((2,3),4),5),(6,(((7,(8,9)),10),11))),12); -9508.68  0 76.2647 32.9326 30.57 -9582.59 0.238311 0.234949 0.204405 0.322335  0.0438701   0.281406   0.061127  0.0130113   0.595516 0.00506946
(1,((((2,3),4),5),(6,(((7,(8,9)),10),11))),12); -9515.52  0 72.8913 33.8826 30.6258 -9585.16 0.259165 0.236995 0.190766 0.313074  0.0441738   0.276616  0.0717448 0.00969555    0.59303 0.00474003
(1,((((2,3),4),5),(6,(((7,(8,9)),10),11))),12); -9512.45  0 71.8156 33.5119 31.6685 -9582.43  0.24082 0.243024 0.200536  0.31562  0.0463864   0.302547  0.0660624 0.00787274   0.568768 0.00836327
(1,((((2,3),4),5),(6,(((7,(8,9)),10),11))),12); -9512.03  0 71.3366 33.3403 32.7647 -9582.79 0.246299 0.239801 0.200499 0.313401 0.0459303  0.290835 0.0721547 0.0106482  0.572571 0.0078603
(1,((((2,3),4),5),(6,(((7,(8,9)),10),11))),12); -9517.65  0 67.1686 33.5578 31.6587 -9582.92 0.237271 0.238565 0.206896 0.317267  0.0458908   0.288331  0.0696425  0.0126337   0.575117 0.00838548
(1,((((2,3),4),5),(6,(((7,(8,9)),10),11))),12); -9520.17  0 69.1269 33.6902 28.8799 -9584.48 0.240558 0.241853 0.194357 0.323232  0.0405272   0.286649  0.0738037 0.00444597   0.588315 0.00625882
(1,((((2,3),4),5),(6,(((7,(8,9)),10),11))),12); -9514.47  0 74.4601 33.6934 28.9024 -9584.14 0.240067 0.238273 0.216187 0.305473  0.0554289   0.286586   0.079731  0.0140478   0.559306 0.00490034
(1,((((2,3),4),5),(6,(((7,(8,9)),10),11))),12); -9510.31  0 75.9295 33.2461 28.6242 -9581.62  0.23066 0.237384 0.196067  0.33589  0.0427697   0.273951    0.07617  0.0149219   0.588347 0.00384123
(1,((((2,3),4),5),(6,(((7,(8,9)),10),11))),12); -9505.22  0 78.5318 33.4398 32.3292 -9582.64 0.251449 0.230348 0.203698 0.314505  0.0451728   0.289596  0.0759242  0.0111336    0.57237 0.00580368
(1,((((2,3),4),5),(6,(((7,(8,9)),10),11))),12); -9513.43  0 73.091 33.5873 30.0162 -9582.95 0.246052 0.238785 0.199901 0.315262  0.0418341   0.278377  0.0754749  0.0165301   0.579346 0.00843775
(1,((((2,3),4),5),(6,(((7,(8,9)),10),11))),12); -9513.51  0 72.6109 33.2896 31.2619 -9584.09 0.238694 0.238703 0.196103   0.3265   0.042057   0.311258  0.0709612  0.0136501   0.557472 0.00460203
(1,((((2,3),4),5),(6,(((7,(8,9)),10),11))),12); -9515.63  0 69.3551 33.7364 31.3035 -9582.55 0.242705 0.245928 0.197213 0.314154  0.0408964   0.275489  0.0740707 0.00859065   0.595052 0.00590168
(1,((((2,3),4),5),(6,(((7,(8,9)),10),11))),12); -9523.67  0 62.8259 33.5082 30.3869 -9583.37 0.251079 0.229821 0.196851 0.322249  0.0572539   0.288079  0.0642358 0.00888457   0.574328 0.00721777
(1,((((2,3),4),5),(6,(((7,(8,9)),10),11))),12); -9518.42  0 72.0672 33.3159 26.1872 -9583.35 0.239795 0.241926 0.213023 0.305256  0.0531917   0.279136  0.0699145 0.00569379   0.580408  0.0116556
(1,((((2,3),4),5),(6,(((7,(8,9)),10),11))),12); -9510.95  0 76.574 33.7156 28.6448 -9582.46 0.247717 0.250361 0.180874 0.321048  0.0518089   0.273489  0.0748316  0.0138825   0.579898 0.00608954
(1,((((2,3),4),5),(6,(((7,(8,9)),10),11))),12); -9511.91  0 75.1993 34.2378 30.5559 -9583.43  0.25271 0.246862 0.190686 0.309743  0.0510563   0.300384    0.07319 0.00874631   0.558082 0.00854115
(1,((((2,3),4),5),(6,(((7,(8,9)),10),11))),12); -9511.94  0 74.0026 33.0932 30.5104 -9583.35 0.239664 0.240991 0.206252 0.313093 0.0503872  0.268129  0.067807 0.0101453  0.596554 0.0069776
(1,((((2,3),4),5),(6,(((7,(8,9)),10),11))),12); -9515.23  0 72.8862 33.9871 30.2199 -9584.35 0.246134 0.247663 0.195846 0.310357  0.0401227   0.314701  0.0684773 0.00803238    0.56104 0.00762664
(1,((((2,3),4),5),(6,(((7,(8,9)),10),11))),12); -9512.41  0 73.0519 32.8509 31.2734 -9583.89 0.241508 0.253986 0.195201 0.309305  0.0480502   0.285594  0.0806259   0.010948   0.570556 0.00422542
(1,((((2,3),4),5),(6,(((7,(8,9)),10),11))),12); -9510.32  0 77.0222 33.4778 29.6165 -9583.48 0.244509 0.243475  0.19468 0.317336  0.0638694   0.288671  0.0645206  0.0121521   0.564738 0.00604932
(1,((((2,3),4),5),(6,(((7,(8,9)),10),11))),12); -9517.82  0 73.0753 33.4866 29.085 -9586.49 0.248934 0.249435 0.180211  0.32142  0.0435968   0.310731  0.0692693   0.011516   0.561172 0.00371545
(1,((((2,3),4),5),(6,(((7,(8,9)),10),11))),12); -9514.19  0 73.2535 32.5965 28.5917 -9583.43 0.250491 0.251675 0.180307 0.317527  0.0443735   0.286922  0.0778161 0.00741974   0.575855 0.00761369
(1,((((2,3),4),5),(6,(((7,(8,9)),10),11))),12); -9522.67  0 67.238 33.3883 28.1592 -9584.67 0.253474 0.240379 0.187504 0.318643  0.0487162   0.302552  0.0640012  0.0191769   0.559453 0.00610095
(1,((((2,3),4),5),(6,(((7,(8,9)),10),11))),12); -9521.97  0 70.2742 33.5162 26.7571 -9585.49 0.260627 0.229666 0.190385 0.319322  0.0493556   0.263417  0.0864536   0.013855   0.580406 0.00651307
(1,((((2,3),4),5),(6,(((7,(8,9)),10),11))),12); -9517.66  0 70.7515 33.3209 28.3808 -9583.47 0.250954 0.244747 0.199454 0.304845  0.0489911   0.311573  0.0713658 0.00594875   0.552531 0.00958983
(1,((((2,3),4),5),(6,(((7,(8,9)),10),11))),12); -9513.09  0 72.9603 32.8595 29.1546 -9582.35 0.263314 0.227215  0.20327   0.3062  0.0460013   0.304385  0.0752529 0.00753517   0.561675  0.0051504
(1,((((2,3),4),5),(6,(((7,(8,9)),10),11))),12); -9513.68  0 71.185 33.4551 31.9208 -9583.33  0.24225 0.243912 0.196782 0.317057  0.0515854   0.302685  0.0708946 0.00679453   0.562078 0.00596258
(1,((((2,3),4),5),(6,(((7,(8,9)),10),11))),12); -9516.49  0 69.8094 33.8779 31.3234 -9583.75 0.252468 0.236507 0.191691 0.319335  0.0419333   0.308012  0.0757273  0.0124665   0.557451 0.00440942
(1,((((2,3),4),5),(6,(((7,(8,9)),10),11))),12); -9518.75  0 66.8819 33.635 30.7413 -9582.74 0.250243 0.233999 0.186362 0.329396   0.051714   0.286166  0.0692679   0.012431   0.576262 0.00415968
(1,((((2,3),4),5),(6,(((7,(8,9)),10),11))),12); -9517.77  0 70.6926 32.6039 27.2324 -9583.09 0.240486  0.25136 0.207723 0.300431  0.0394051   0.296166  0.0711175  0.0191767   0.569079 0.00505598
(1,((((2,3),4),5),(6,(((7,(8,9)),10),11))),12); -9526.24  0 65.8024 34.2028 27.2114 -9585.05 0.233874 0.243239 0.207291 0.315597 0.0493551  0.309214 0.0828502 0.0113926  0.536027 0.0111616
(1,((((2,3),4),5),(6,(((7,(8,9)),10),11))),12); -9515.97  0 71.737 33.4729 28.8554 -9583.09 0.234316 0.246856 0.189562 0.329267  0.0484594   0.294221  0.0569993  0.0116491   0.581432 0.00723919
(1,((((2,3),4),5),(6,(((7,(8,9)),10),11))),12); -9522.19  0 70.3975 33.858 27.0643 -9585.79 0.234093  0.23275 0.196026 0.337131  0.0404758   0.319647  0.0810521  0.0130943   0.542058 0.00367312
(1,((((2,3),4),5),(6,(((7,(8,9)),10),11))),12); -9516.03  0 71.1887 33.3897 29.9534 -9583.78  0.24428 0.249287 0.198077 0.308356  0.0429972   0.270312  0.0788081  0.0142567   0.587455 0.00617046
(1,((((2,3),4),5),(6,(((7,(8,9)),10),11))),12); -9512.64  0 73.7521 33.7831 29.7854 -9582.4 0.228379 0.247492 0.198953 0.325176  0.0538496   0.276693  0.0732795 0.00753821   0.582063  0.0065765
(1,((((2,3),4),5),(6,(((7,(8,9)),10),11))),12); -9515.54  0 73.7068 33.7674 28.2934 -9583.77 0.256424 0.232759 0.202376  0.30844  0.0551527   0.293949  0.0887797  0.0113312   0.544277 0.00651013
(1,((((2,3),4),5),(6,(((7,(8,9)),10),11))),12); -9514.66  0 74.0759 33.348 29.5741 -9584.96  0.24017 0.249726 0.183624  0.32648  0.0530227   0.298504  0.0764368  0.0131451   0.554694 0.00419747
(1,((((2,3),4),5),(6,(((7,(8,9)),10),11))),12); -9518.51  0 69.0012 32.8117 28.2413 -9582.94  0.25055 0.253683 0.192366   0.3034  0.0541696   0.278715  0.0635179  0.0127399    0.58781 0.00304804
(1,((((2,3),4),5),(6,(((7,(8,9)),10),11))),12); -9506.36  0 76.1978 33.0954 32.9713 -9582.43 0.237921 0.239891 0.203589 0.318598 0.0433416  0.292976 0.0703245 0.0100005  0.577752 0.0056051
(1,((((2,3),4),5),(6,(((7,(8,9)),10),11))),12); -9509.96  0 76.1348 33.3946 30.643 -9583.34 0.239546 0.244768 0.193389 0.322297  0.0471519   0.293015  0.0780225  0.0167398    0.55851 0.00656048
(1,((((2,3),4),5),(6,(((7,(8,9)),10),11))),12); -9510.04  0 77.3659 33.5211 29.7043 -9583.59 0.231392 0.244805 0.206476 0.317328  0.0493923   0.310816  0.0721547  0.0154608   0.547645 0.00453088
(1,((((2,3),4),5),(6,(((7,(8,9)),10),11))),12); -9512.67  0 75.7919 33.8008 29.343 -9584 0.254911 0.244541 0.190145 0.310404  0.0447579   0.268757  0.0732667  0.0125645    0.59273 0.00792458
(1,((((2,3),4),5),(6,(((7,(8,9)),10),11))),12); -9524.1  0 68.9709 33.34 26.4793 -9586.21 0.238445 0.241511 0.194438 0.325607  0.0642982   0.275382  0.0909503  0.0103211   0.554772 0.00427605
(1,((((2,3),4),5),(6,(((7,(8,9)),10),11))),12); -9509.28  0 76.5788 33.509 29.8052 -9582.15 0.228609 0.251357 0.203736 0.316298  0.0516185   0.279111  0.0712734  0.0119824   0.582968 0.00304698
(1,((((2,3),4),5),(6,(((7,(8,9)),10),11))),12); -9518.53  0 73.3141 33.4077 27.6753 -9586.12 0.245624 0.252984 0.183142 0.318251   0.053839   0.304678  0.0821012  0.0136027   0.540005 0.00577327
(1,((((2,3),4),5),(6,(((7,(8,9)),10),11))),12); -9521.93  0 71.4055 33.9831 26.0858 -9585.44 0.233314 0.244326 0.204399 0.317961  0.0616128   0.320895  0.0660498  0.0142751   0.531297 0.00587111
(1,((((2,3),4),5),(6,(((7,(8,9)),10),11))),12); -9512.55  0 72.2421 33.8713 31.7472 -9582.66 0.243828 0.230119 0.208916 0.317137  0.0522809    0.30103  0.0687954 0.00993099   0.562067 0.00589546
(1,((((2,3),4),5),(6,(((7,(8,9)),10),11))),12); -9515.53  0 70.3269 32.899 31.1216 -9584.08 0.243487 0.244455 0.196552 0.315506  0.0370915   0.290277  0.0711096 0.00949013   0.588667 0.00336435
(1,((((2,3),4),5),(6,(((7,(8,9)),10),11))),12); -9511.77  0 73.6305 33.7603 32.3025 -9583.94 0.255023   0.2382 0.196832 0.309945  0.0446362    0.28723  0.0709551 0.00952012   0.582885 0.00477405
(1,((((2,3),4),5),(6,(((7,(8,9)),10),11))),12); -9512.86  0 72.4762 33.1225 30.9036 -9583.12 0.228481 0.250522 0.200532 0.320465  0.0499466   0.284718  0.0778172  0.0117245   0.569766 0.00602757
(1,((((2,3),4),5),(6,(((7,(8,9)),10),11))),12); -9509.25  0 77.3588 33.851 31.4297 -9584.19 0.251979 0.240488 0.192014 0.315519  0.0509653   0.292943  0.0644804 0.00805368   0.580003 0.00355523
(1,((((2,3),4),5),(6,(((7,(8,9)),10),11))),12); -9512.58  0 73.3149 33.2119 30.6845 -9583.37 0.235558 0.230442 0.206915 0.327085  0.0409757   0.291592  0.0731737 0.00785396   0.582684 0.00372012
(1,((((2,3),4),5),(6,(((7,(8,9)),10),11))),12); -9516.29  0 72.524 32.937 28.7258 -9584.6 0.234841 0.248974 0.201402 0.314783  0.0526091   0.294191  0.0791878  0.0149732   0.549243 0.00979651
(1,((((2,3),4),5),(6,(((7,(8,9)),10),11))),12); -9513.03  0 73.2602 33.1494 30.4411 -9583.58 0.236927 0.235192 0.197732 0.330149  0.0578205   0.288923  0.0719431 0.00923797   0.569136 0.00293939
(1,((((2,3),4),5),(6,(((7,(8,9)),10),11))),12); -9514.38  0 73.1369 33.0769 28.5443 -9582.98 0.242347 0.241464 0.187969  0.32822  0.0604809    0.29721  0.0648039 0.00927947   0.559362 0.00886338
(1,((((2,3),4),5),(6,(((7,(8,9)),10),11))),12); -9509.12  0 76.7257 33.8397 31.8913 -9583.89 0.245247 0.229045 0.203977 0.321731  0.0455637   0.299465  0.0730399 0.00728183   0.570292 0.00435742
(1,((((2,3),4),5),(6,(((7,(8,9)),10),11))),12); -9511.11  0 73.4359 33.0617 30.134 -9581.62 0.250243 0.234281 0.204381 0.311095  0.0430262   0.312432  0.0773234  0.0139905   0.549699 0.00352908
(1,((((2,3),4),5),(6,(((7,(8,9)),10),11))),12); -9513.68  0 72.6448 33.8882 30.8685 -9583.31 0.257664 0.228386 0.190377 0.323573  0.0485929   0.291592  0.0717933  0.0101983   0.570803 0.00702045
(1,((((2,3),4),5),(6,(((7,(8,9)),10),11))),12); -9515.43  0 71.3614 33.8933 30.9074 -9583.8 0.245127 0.234911 0.198293 0.321669  0.0486371   0.288838  0.0823718 0.00582848   0.569037 0.00528716
(1,((((2,3),4),5),(6,(((7,(8,9)),10),11))),12); -9510.98  0 75.3567 33.6514 30.8202 -9583.5 0.241351 0.243339 0.201851 0.313458  0.0444419   0.292177  0.0767056 0.00715828   0.569772 0.00974547
(1,((((2,3),4),5),(6,(((7,(8,9)),10),11))),12); -9515.35  0 73.332 33.3636 30.0861 -9585.4 0.242593 0.247478 0.206402 0.303527  0.0449148   0.282871  0.0847207 0.00873877   0.575234 0.00352016
(1,((((2,3),4),5),(6,(((7,(8,9)),10),11))),12); -9522.55  0 70.6423 34.1378 26.0913 -9585.14 0.251012 0.241496 0.203371 0.304122   0.043626   0.280793  0.0664892  0.0229625   0.582228 0.00390174
(1,((((2,3),4),5),(6,(((7,(8,9)),10),11))),12); -9512.58  0 71.6106 32.6568 32.1046 -9583.64 0.245589 0.241876 0.202814 0.309721  0.0431533   0.283824  0.0722523 0.00787513   0.586906 0.00598921
(1,((((2,3),4),5),(6,(((7,(8,9)),10),11))),12); -9513.34  0 76.2263 33.3576 27.3399 -9583.55 0.218474 0.252675 0.201577 0.327274  0.0491088   0.278146  0.0798236  0.0127168   0.574975 0.00522954
(1,((((2,3),4),5),(6,(((7,(8,9)),10),11))),12); -9516.21  0 71.5799 33.548 29.127 -9583.37 0.247192 0.251765 0.205647 0.295396  0.0472966   0.307312  0.0712006  0.0121754   0.555066 0.00694928
(1,((((2,3),4),5),(6,(((7,(8,9)),10),11))),12); -9517.77  0 70.2556 33.2443 29.707 -9584.49 0.246227  0.22738 0.212707 0.313686  0.0472849   0.294992  0.0752673 0.00702915   0.572647 0.00277982
(1,((((2,3),4),5),(6,(((7,(8,9)),10),11))),12); -9511.28  0 75.151 33.8029 31.3948 -9584.02 0.243209 0.242576  0.20619 0.308025  0.0521424   0.279877  0.0748247 0.00880473   0.576748 0.00760335
(1,((((2,3),4),5),(6,(((7,(8,9)),10),11))),12); -9512.94  0 71.8505 34.184 31.6083 -9582.22 0.246649 0.235988 0.201996 0.315367  0.0538533   0.297872  0.0710446 0.00986009   0.558727 0.00864279
(1,((((2,3),4),5),(6,(((7,(8,9)),10),11))),12); -9516.15  0 77.3596 33.7692 28.3669 -9588.11 0.234156 0.246107 0.189948 0.329789 0.0484571  0.315287 0.0817654  0.010904  0.540396  0.003191
(1,((((2,3),4),5),(6,(((7,(8,9)),10),11))),12); -9516.94  0 72.699 33.3403 28.6824 -9584.98 0.243549 0.242031  0.20632 0.308099   0.054052   0.259392  0.0702712  0.0131643   0.597892 0.00522856
(1,((((2,3),4),5),(6,(((7,(8,9)),10),11))),12); -9510.06  0 76.1314 33.489 31.7451 -9584.45 0.235186 0.245394 0.204302 0.315118  0.0488959   0.291153  0.0817639  0.0113099   0.562805 0.00407192
(1,((((2,3),4),5),(6,(((7,(8,9)),10),11))),12); -9514.75  0 73.1996 33.037 27.9111 -9582.83 0.228924  0.24816 0.189552 0.333365 0.0493818   0.28663 0.0754014 0.0118414  0.566134 0.0106115
(1,((((2,3),4),5),(6,(((7,(8,9)),10),11))),12); -9509.36  0 76.1247 33.9934 31.9664 -9583.45 0.247518 0.228797 0.198807 0.324878  0.0447621   0.303556  0.0659403  0.0110492   0.569868 0.00482353
(1,((((2,3),4),5),(6,(((7,(8,9)),10),11))),12); -9517.57  0 69.407 33.0156 26.9734 -9580.93 0.220381 0.258492 0.194938 0.326188  0.0421415   0.282114  0.0672829 0.00970907   0.593599 0.00515326
(1,((((2,3),4),5),(6,(((7,(8,9)),10),11))),12); -9510.6  0 75.803 33.0295 28.6427 -9582.02 0.223526 0.237669 0.205729 0.333076   0.048992   0.287001  0.0652485  0.0111343   0.579516 0.00810796
(1,((((2,3),4),5),(6,(((7,(8,9)),10),11))),12); -9516.43  0 72.8527 33.2691 25.6634 -9581.68 0.228701 0.248057 0.202978 0.320264  0.0469266   0.290061  0.0619409 0.00621111    0.58166  0.0132011
(1,((((2,3),4),5),(6,(((7,(8,9)),10),11))),12); -9508.6  0 77.0777 33.257 30.682 -9583.1 0.246969 0.233752 0.190055 0.329224  0.0452486   0.288863  0.0676557  0.0157436   0.577255 0.00523392
(1,((((2,3),4),5),(6,(((7,(8,9)),10),11))),12); -9515.27  0 75.0504 33.1265 27.9203 -9585.11 0.250658 0.219878 0.198206 0.331258  0.0594192    0.29607  0.0650471  0.0123283   0.561534 0.00560097
(1,((((2,3),4),5),(6,(((7,(8,9)),10),11))),12); -9512.54  0 73.0146 33.2593 30.8828 -9583.18 0.238421 0.229105 0.206137 0.326337  0.0488408    0.29798  0.0738107 0.00954036   0.567244 0.00258329
(1,((((2,3),4),5),(6,(((7,(8,9)),10),11))),12); -9523.2  0 70.2612 33.757 25.8025 -9585.5 0.259386 0.243698 0.195151 0.301764  0.0341428   0.292033  0.0915288  0.0106899   0.567068 0.00453761
(1,((((2,3),4),5),(6,(((7,(8,9)),10),11))),12); -9514.32  0 70.8279 33.3268 31.5824 -9583.4 0.248122 0.234795 0.201946 0.315137  0.0426734   0.310783  0.0699459 0.00738756   0.563048 0.00616227
(1,((((2,3),4),5),(6,(((7,(8,9)),10),11))),12); -9519.08  0 66.9039 33.4239 30.4905 -9583.05 0.244922 0.224834 0.206048 0.324195  0.0524482    0.29569  0.0814083  0.0102573   0.555917 0.00427841
(1,((((2,3),4),5),(6,(((7,(8,9)),10),11))),12); -9515.88  0 69.5384 33.5237 31.439 -9583.34 0.239047 0.235348 0.202035  0.32357  0.0449858    0.29292   0.085048 0.00937086    0.56406  0.0036159
(1,((((2,3),4),5),(6,(((7,(8,9)),10),11))),12); -9520.63  0 69.2857 34.0706 29.0432 -9584.89 0.246761 0.242576 0.202001 0.308662  0.0559609   0.270863  0.0797322  0.0165286   0.571162 0.00575338
(1,((((2,3),4),5),(6,(((7,(8,9)),10),11))),12); -9513.16  0 73.0471 33.9112 31.7626 -9584.06 0.246396 0.243777 0.200362 0.309465  0.0492435    0.27595  0.0688297  0.0110269   0.591101 0.00384854
(1,((((2,3),4),5),(6,(((7,(8,9)),10),11))),12); -9515.6  0 70.6305 33.7852 30.0723 -9582.52 0.237067 0.240618 0.201437 0.320878  0.0383234   0.295407  0.0817746  0.0140726   0.567342 0.00308083
(1,((((2,3),4),5),(6,(((7,(8,9)),10),11))),12); -9519.77  0 75.8109 33.7095 26.5498 -9588.42    0.243  0.23769 0.208522 0.310787  0.0462877   0.256736  0.0829271 0.00603242   0.603547 0.00446987
(1,((((2,3),4),5),(6,(((7,(8,9)),10),11))),12); -9510.42  0 75.5376 33.0006 30.126 -9583.08 0.250556 0.233684 0.193517 0.322244  0.0432472   0.284524  0.0729827  0.0179893   0.576569 0.00468756
(1,((((2,3),4),5),(6,(((7,(8,9)),10),11))),12); -9514.76  0 72.6589 32.9262 29.9831 -9584.48 0.251445 0.234508 0.199925 0.314122  0.0415101   0.284846  0.0638515  0.0141035   0.592766 0.00292341
(1,((((2,3),4),5),(6,(((7,(8,9)),10),11))),12); -9511.47  0 73.0892 32.9654 29.5892 -9581.18 0.256248 0.223439 0.209272  0.31104  0.0501847   0.304979  0.0697867  0.0114285   0.557388 0.00623314
(1,((((2,3),4),5),(6,(((7,(8,9)),10),11))),12); -9513.67  0 77.276 32.8674 28.4759 -9586.55  0.24344 0.242205 0.188937 0.325418  0.0335892   0.305583  0.0633064 0.00916751   0.584019 0.00433536
(1,((((2,3),4),5),(6,(((7,(8,9)),10),11))),12); -9518.41  0 66.4405 34.1792 31.3976 -9582.07 0.233223 0.236686 0.197146 0.332946  0.0470656    0.28288  0.0704514 0.00981634   0.583248 0.00653778
(1,((((2,3),4),5),(6,(((7,(8,9)),10),11))),12); -9525.44  0 64.1356 33.0718 26.7516 -9583.25 0.249427 0.243289 0.190558 0.316726   0.051696   0.251388  0.0715088  0.0141967   0.604644 0.00656656
(1,((((2,3),4),5),(6,(((7,(8,9)),10),11))),12); -9514.08  0 78.6016 33.7459 26.1837 -9585.12 0.244718 0.239205 0.203046 0.313031  0.0513468    0.29668  0.0822192  0.0228735   0.541513 0.00536776
(1,((((2,3),4),5),(6,(((7,(8,9)),10),11))),12); -9512.06  0 71.1017 33.1151 31.842 -9581.89 0.239354 0.241367 0.198882 0.320396  0.0397194   0.282395  0.0703008  0.0115568   0.589696 0.00633142
(1,((((2,3),4),5),(6,(((7,(8,9)),10),11))),12); -9520.73  0 66.8184 33.4732 28.0696 -9582.15 0.252327 0.231335 0.206913 0.309425  0.0414416   0.298792  0.0748286  0.0176625   0.558316 0.00895917
(1,((((2,3),4),5),(6,(((7,(8,9)),10),11))),12); -9515.59  0 71.427 33.5149 30.0448 -9583.55 0.239989  0.24681 0.202065 0.311137 0.0452029   0.30895 0.0718746 0.0119422  0.551843 0.0101877
(1,((((2,3),4),5),(6,(((7,(8,9)),10),11))),12); -9520.74  0 70.0199 33.4216 28.2249 -9585.56 0.233339 0.244756 0.201682 0.320224  0.054018  0.327671 0.0650911 0.0106113  0.537185 0.0054229
(1,((((2,3),4),5),(6,(((7,(8,9)),10),11))),12); -9523.04  0 73.582 33.4704 25.8621 -9589.01  0.23861  0.24754 0.180456 0.333393  0.0569268   0.317855  0.0726583  0.0077587    0.54076 0.00404142
(1,((((2,3),4),5),(6,(((7,(8,9)),10),11))),12); -9517.92  0 71.9148 33.2525 27.7377 -9584.32 0.240438 0.229518 0.205877 0.324166  0.0411116    0.27364   0.067888 0.00809613   0.598274  0.0109906
(1,((((2,3),4),5),(6,(((7,(8,9)),10),11))),12); -9521.17  0 67.9309 33.0294 26.6308 -9582.71 0.221331 0.246221 0.217617 0.314831  0.0483783   0.307487  0.0615382  0.0112337   0.567434 0.00392869
(1,((((2,3),4),5),(6,(((7,(8,9)),10),11))),12); -9514.12  0 71.8555 33.6846 30.8646 -9583.16 0.241226 0.242749 0.196464 0.319562  0.0407217   0.272246   0.081402     0.0116   0.588007 0.00602386
(1,((((2,3),4),5),(6,(((7,(8,9)),10),11))),12); -9511.58  0 73.5115 33.4268 30.984 -9582.65 0.234703 0.248107 0.203074 0.314116  0.0479993   0.282035    0.07316 0.00894184     0.5852  0.0026638
(1,((((2,3),4),5),(6,(((7,(8,9)),10),11))),12); -9519.52  0 67.3182 33.4614 29.6426 -9583.02 0.235635 0.237122 0.202791 0.324452   0.043547   0.295895  0.0810474 0.00799125   0.561015  0.0105038
(1,((((2,3),4),5),(6,(((7,(8,9)),10),11))),12); -9518.63  0 67.5354 33.1332 29.1637 -9582.2 0.245451 0.241124 0.206093 0.307332  0.0578968   0.309433  0.0735622  0.0106366   0.540404 0.00806746
(1,((((2,3),4),5),(6,(((7,(8,9)),10),11))),12); -9512.87  0 73.2334 33.2419 30.2883 -9583.15 0.244906  0.23407 0.193346 0.327677  0.0530996   0.288445  0.0634523 0.00965438   0.582836 0.00251218
(1,((((2,3),4),5),(6,(((7,(8,9)),10),11))),12); -9510.47  0 75.881 33.4498 30.7943 -9583.69 0.249617 0.245343 0.193558 0.311481  0.0578473   0.295787  0.0764949  0.0123406    0.55226 0.00527006
(1,((((2,3),4),5),(6,(((7,(8,9)),10),11))),12); -9519.21  0 66.468 32.8258 29.4879 -9582.34 0.241525 0.251662 0.186352 0.320461  0.0549424   0.285437  0.0775874 0.00669314   0.568943 0.00639684
(1,((((2,3),4),5),(6,(((7,(8,9)),10),11))),12); -9512.12  0 73.0151 33.5474 29.8485 -9581.44 0.239365 0.240589 0.204188 0.315858  0.054364  0.283868 0.0642843 0.0116512  0.575358 0.0104749
(1,((((2,3),4),5),(6,(((7,(8,9)),10),11))),12); -9515.23  0 73.9447 33.1364 28.392 -9584.43 0.253346 0.242618 0.191836   0.3122  0.0515247   0.280649  0.0897645 0.00737439   0.567822 0.00286567
(1,((((2,3),4),5),(6,(((7,(8,9)),10),11))),12); -9521.6  0 68.2873 34.1408 28.6518 -9584.4 0.259206 0.235451 0.199094 0.306248  0.0449971   0.277653  0.0815195  0.0167998   0.572937 0.00609349
(1,((((2,3),4),5),(6,(((7,(8,9)),10),11))),12); -9506.92  0 78.1548 33.4266 31.0063 -9582.65 0.237504 0.231869 0.205662 0.324965  0.0408185   0.301245  0.0677846  0.0102849   0.571882 0.00798473
(1,((((2,3),4),5),(6,(((7,(8,9)),10),11))),12); -9510.54  0 73.6888 33.23 31.3657 -9582.37 0.240831 0.241294 0.187936 0.329939  0.0496053   0.288787  0.0662796 0.00947527   0.579254 0.00659856
(1,((((2,3),4),5),(6,(((7,(8,9)),10),11))),12); -9517.19  0 68.5493 32.9944 31.1335 -9583.88 0.246871 0.246531 0.191612 0.314985   0.053135   0.307801  0.0715385 0.00742966   0.554695 0.00540099
(1,((((2,3),4),5),(6,(((7,(8,9)),10),11))),12); -9510.9  0 75.7725 33.331 28.5456 -9581.88 0.243806 0.229915  0.20985 0.316428 0.0489082  0.293542  0.065167 0.0132585  0.567323 0.0118019
(1,((((2,3),4),5),(6,(((7,(8,9)),10),11))),12); -9521.28  0 65.944 33.8477 29.314 -9582.69 0.232222 0.228203 0.209219 0.330355  0.0489624   0.298666  0.0720838  0.0106933   0.560433 0.00916145
(1,((((2,3),4),5),(6,(((7,(8,9)),10),11))),12); -9508.51  0 77.1612 33.3472 31.5002 -9583.82 0.250955 0.244051 0.194597 0.310397  0.0454199   0.286444  0.0785013    0.01022   0.570956 0.00845911
(1,((((2,3),4),5),(6,(((7,(8,9)),10),11))),12); -9519.5  0 73.0138 33.6561 27.8127 -9586.67  0.25183 0.252212 0.182733 0.313225  0.0484385   0.319911  0.0690553   0.012762   0.545832 0.00400045
(1,((((2,3),4),5),(6,(((7,(8,9)),10),11))),12); -9513.21  0 71.7317 33.5008 31.9271 -9583.37 0.234214 0.236669 0.204536 0.324581  0.0462867   0.304781  0.0722744 0.00996663    0.56312 0.00357178
(1,((((2,3),4),5),(6,(((7,(8,9)),10),11))),12); -9513.08  0 75.6112 33.8772 29.7681 -9584.58 0.258483  0.24592 0.198372 0.297225  0.0505261   0.287187  0.0772884 0.00995348   0.568258  0.0067872
(1,((((2,3),4),5),(6,(((7,(8,9)),10),11))),12); -9512.85  0 76.8604 32.9753 26.5732 -9583.31 0.253027 0.236527 0.189613 0.320834   0.055934   0.315129  0.0711068 0.00855728   0.537809  0.0114634
(1,((((2,3),4),5),(6,(((7,(8,9)),10),11))),12); -9519.16  0 70.1893 33.313 27.9409 -9583.98 0.248208 0.257743 0.182442 0.311606  0.0518586   0.277085  0.0830787  0.0100179    0.57368 0.00427952
(1,((((2,3),4),5),(6,(((7,(8,9)),10),11))),12); -9511.73  0 74.5663 33.7982 31.0398 -9583.54 0.238295 0.243876 0.210826 0.307003  0.0412922   0.307322  0.0707082 0.00974463   0.565745 0.00518804
(1,((((2,3),4),5),(6,(((7,(8,9)),10),11))),12); -9517.96  0 71.0561 34.1412 28.7715 -9583.65   0.2478 0.238858 0.200147 0.313195  0.0520158   0.328612  0.0737831 0.00873939   0.532812 0.00403757
(1,((((2,3),4),5),(6,(((7,(8,9)),10),11))),12); -9513.08  0 75.1138 33.3291 29.5148 -9584.38 0.237687 0.238248 0.203925 0.320139 0.0459794  0.299445 0.0885257 0.0130169  0.545448 0.0075848
(1,((((2,3),4),5),(6,(((7,(8,9)),10),11))),12); -9522.6  0 69.5755 33.8793 27.9392 -9586.23 0.263454 0.224295 0.191823 0.320427  0.0483831   0.269699  0.0762272  0.0105422   0.591446 0.00370281
(1,((((2,3),4),5),(6,(((7,(8,9)),10),11))),12); -9517.37  0 72.964 32.9097 26.0055 -9583.43 0.236881 0.219132 0.220385 0.323602  0.0479542   0.300837   0.064221  0.0144074   0.565136 0.00744509
(1,((((2,3),4),5),(6,(((7,(8,9)),10),11))),12); -9518.3  0 66.3278 33.194 31.4592 -9582.89 0.245197 0.239056 0.200814 0.314933  0.0480774   0.275875  0.0636884  0.0122551    0.59406 0.00604412
(1,((((2,3),4),5),(6,(((7,(8,9)),10),11))),12); -9510.18  0 72.9969 32.9646 31.3536 -9581.57 0.235485 0.245875 0.194944 0.323696  0.0433166    0.28261   0.075601  0.0126989   0.582401 0.00337232
(1,((((2,3),4),5),(6,(((7,(8,9)),10),11))),12); -9512.48  0 75.6845 33.2604 29.6982 -9584.61 0.241652 0.241727 0.199181 0.317441  0.0470488   0.323573  0.0705512 0.00918398   0.547215 0.00242711
(1,((((2,3),4),5),(6,(((7,(8,9)),10),11))),12); -9515.11  0 74.0384 33.7428 27.4089 -9582.81 0.239334 0.255624 0.181947 0.323096  0.0561428   0.279838  0.0770035 0.00655697   0.574403 0.00605528
(1,((((2,3),4),5),(6,(((7,(8,9)),10),11))),12); -9512.8  0 75.1518 33.5184 29.0908 -9583.53 0.251049 0.243537 0.196973 0.308441  0.0523226    0.28754  0.0746277 0.00591141   0.569498  0.0101008
(1,((((2,3),4),5),(6,(((7,(8,9)),10),11))),12); -9521.07  0 64.9481 33.184 31.4513 -9584.29 0.237862 0.232358 0.198297 0.331483  0.0508292   0.302941  0.0706177  0.0114645   0.557579 0.00656907
(1,((((2,3),4),5),(6,(((7,(8,9)),10),11))),12); -9516.7  0 70.4733 33.871 29.9699 -9583.27 0.256032 0.237719 0.206316 0.299933 0.0502633  0.288942 0.0695421  0.012323  0.570917  0.008013
(1,((((2,3),4),5),(6,(((7,(8,9)),10),11))),12); -9516.73  0 70.1273 33.5377 30.3653 -9583.68 0.242829 0.230908 0.200577 0.325687  0.0559918   0.274326  0.0642735  0.0101574   0.589607 0.00564401
(1,((((2,3),4),5),(6,(((7,(8,9)),10),11))),12); -9517.23  0 75.096 33.3203 27.1419 -9586.15 0.237889 0.250884  0.20316 0.308067  0.0484635   0.318766  0.0818394  0.0145166    0.52948 0.00693419
(1,((((2,3),4),5),(6,(((7,(8,9)),10),11))),12); -9509.69  0 75.1197 33.4979 31.9781 -9583.29 0.242135 0.242264 0.196046 0.319556  0.0491733    0.30533  0.0647305   0.009923    0.56322 0.00762328
(1,((((2,3),4),5),(6,(((7,(8,9)),10),11))),12); -9511.96  0 72.2747 33.5382 32.3476 -9583.04 0.250118 0.238579 0.191665 0.319639  0.0461036   0.296521  0.0761082  0.0122954   0.562587 0.00638468
(1,((((2,3),4),5),(6,(((7,(8,9)),10),11))),12); -9519.81  0 66.3114 33.0858 30.2609 -9583.29 0.232234 0.242434 0.215363 0.309969  0.0475802   0.279385  0.0737935 0.00927687   0.584416 0.00554788
(1,((((2,3),4),5),(6,(((7,(8,9)),10),11))),12); -9512.9  0 72.2555 33.6528 32.304 -9583.81 0.244695 0.244348 0.198108 0.312849  0.0399703   0.296816  0.0704265  0.0119022   0.576702 0.00418256
(1,((((2,3),4),5),(6,(((7,(8,9)),10),11))),12); -9517.71  0 69.2248 33.7673 30.5819 -9583.75 0.243033  0.24598 0.208511 0.302476  0.0406349   0.296421   0.075127 0.00863805   0.571965 0.00721371
(1,((((2,3),4),5),(6,(((7,(8,9)),10),11))),12); -9510.04  0 75.9898 33.6652 31.2805 -9583.64  0.23866 0.242297 0.212091 0.306953  0.0452004   0.287722   0.068852  0.0098508   0.584483 0.00389147
(1,((((2,3),4),5),(6,(((7,(8,9)),10),11))),12); -9510.94  0 74.7164 33.558 30.3061 -9582.4 0.240509 0.240118 0.193131 0.326242  0.0554605   0.284422  0.0735724 0.00685156   0.571322 0.00837176
(1,((((2,3),4),5),(6,(((7,(8,9)),10),11))),12); -9513.93  0 70.6624 33.6783 32.1249 -9583.04 0.236066 0.239226 0.202913 0.321794  0.0466449   0.291236  0.0665437 0.00746517   0.582574 0.00553669
(1,((((2,3),4),5),(6,(((7,(8,9)),10),11))),12); -9512.29  0 71.6154 33.0102 31.6283 -9582.53 0.246187  0.24439 0.194123 0.315301  0.0410697   0.295261  0.0681929  0.0146537     0.5748 0.00602293
(1,((((2,3),4),5),(6,(((7,(8,9)),10),11))),12); -9514.89  0 73.5162 32.711 29.117 -9584.82 0.243686 0.244188 0.198019 0.314106  0.0431268   0.306894  0.0897409    0.01192   0.545164 0.00315445
(1,((((2,3),4),5),(6,(((7,(8,9)),10),11))),12); -9519.69  0 65.6748 32.3102 31.0383 -9584.09 0.245247 0.238604 0.206711 0.309438   0.041645    0.28265  0.0704875 0.00877068   0.593312  0.0031352
(1,((((2,3),4),5),(6,(((7,(8,9)),10),11))),12); -9515.51  0 71.2365 33.6915 29.9987 -9583.05 0.246028 0.239586 0.194431 0.319955  0.0472502   0.306114  0.0723555  0.0153177    0.55678 0.00218217
(1,((((2,3),4),5),(6,(((7,(8,9)),10),11))),12); -9509.88  0 74.7638 33.4741 31.4855 -9582.66 0.241574 0.233289 0.204473 0.320664 0.0558541   0.29903 0.0689592 0.0111666   0.55794 0.0070501
(1,((((2,3),4),5),(6,(((7,(8,9)),10),11))),12); -9517.78  0 72.7064 33.149 28.4593 -9585.8 0.233796 0.259025 0.205083 0.302096   0.049373   0.300264  0.0742789 0.00657583   0.563539 0.00596876
(1,((((2,3),4),5),(6,(((7,(8,9)),10),11))),12); -9512.93  0 71.0758 33.6747 31.9027 -9582.23 0.233603 0.245738 0.198571 0.322088  0.0536027   0.281075  0.0719868  0.0103429    0.57784 0.00515318
(1,((((2,3),4),5),(6,(((7,(8,9)),10),11))),12); -9511.97  0 74.4012 34.1386 30.6948 -9582.93 0.243442 0.231588 0.213844 0.311126   0.049225   0.285892  0.0722205    0.01372   0.572198 0.00674499
(1,((((2,3),4),5),(6,(((7,(8,9)),10),11))),12); -9519.07  0 69.6782 33.0288 28.0663 -9583.79 0.243582 0.234993 0.198892 0.322534  0.0549043   0.281084  0.0563979  0.0163756   0.584673 0.00656506
(1,((((2,3),4),5),(6,(((7,(8,9)),10),11))),12); -9517.18  0 72.8632 33.3441 28.0722 -9584.77 0.230387 0.240377 0.208161 0.321075  0.0489332   0.264946  0.0872742  0.0100426   0.585274 0.00352935
(1,((((2,3),4),5),(6,(((7,(8,9)),10),11))),12); -9513.93  0 70.9975 33.5406 30.6223 -9582.01 0.245265 0.241062 0.194013  0.31966  0.0524728   0.284443  0.0690069 0.00650284   0.578826 0.00874835
(1,((((2,3),4),5),(6,(((7,(8,9)),10),11))),12); -9518.27  0 70.1753 33.6294 27.9557 -9582.77 0.254587 0.246519 0.197729 0.301165  0.0478486   0.323452   0.063995  0.0114037    0.54589 0.00741126
(1,((((2,3),4),5),(6,(((7,(8,9)),10),11))),12); -9508.8  0 76.7457 33.2481 30.0365 -9582.33 0.244341 0.244832 0.210093 0.300734  0.0482748   0.305252  0.0753712  0.0116697   0.551979 0.00745393
(1,((((2,3),4),5),(6,(((7,(8,9)),10),11))),12); -9518.3  0 66.9328 33.1672 30.4645 -9582.53  0.25017 0.246825 0.181627 0.321378  0.0433708   0.286564  0.0701926  0.0102593    0.58468 0.00493295
(1,((((2,3),4),5),(6,(((7,(8,9)),10),11))),12); -9517.74  0 69.169 33.8077 29.1907 -9582.29  0.23669 0.233947 0.208638 0.320725  0.0452165   0.284337  0.0693036  0.0180328   0.579986 0.00312433
(1,((((2,3),4),5),(6,(((7,(8,9)),10),11))),12); -9517.88  0 71.6262 33.1624 27.7684 -9584.11 0.239231 0.239568 0.186786 0.334415  0.0465104   0.290459  0.0901768 0.00813205    0.55667  0.0080518
(1,((((2,3),4),5),(6,(((7,(8,9)),10),11))),12); -9512.71  0 74.6277 33.6995 30.1644 -9583.8 0.246856 0.246292 0.204686 0.302166  0.0398756   0.308823  0.0672121  0.0108054   0.565977 0.00730741
(1,((((2,3),4),5),(6,(((7,(8,9)),10),11))),12); -9513.4  0 70.4872 33.0501 32.0964 -9582.93 0.248988 0.236935  0.19726 0.316816  0.0503209   0.293009   0.067734  0.0148051   0.568462 0.00566962
(1,((((2,3),4),5),(6,(((7,(8,9)),10),11))),12); -9512.99  0 73.5723 34.1093 30.7581 -9583.21 0.245626 0.234451 0.197123   0.3228 0.0558212  0.307206 0.0682449 0.0138567  0.550295 0.0045759
(1,((((2,3),4),5),(6,(((7,(8,9)),10),11))),12); -9510.81  0 74.5341 33.2485 30.4511 -9582.55 0.238029 0.252074  0.20261 0.307287  0.0454901   0.293064  0.0619732  0.0133543       0.58 0.00611816
(1,((((2,3),4),5),(6,(((7,(8,9)),10),11))),12); -9518.14  0 74.8233 33.3201 27.6817 -9587.33 0.246786 0.235069 0.184655  0.33349  0.0444473   0.316255  0.0623261  0.0144485   0.558985 0.00353805
(1,((((2,3),4),5),(6,(((7,(8,9)),10),11))),12); -9509.54  0 78.0381 33.9311 31.1033 -9584.75 0.241794 0.237563 0.206322 0.314321  0.0544536   0.286512  0.0820679 0.00750425   0.564152 0.00531021
(1,((((2,3),4),5),(6,(((7,(8,9)),10),11))),12); -9513.36  0 69.877 33.299 32.563 -9582.5 0.251434 0.240571 0.196946 0.311048  0.0497086   0.289614  0.0761702  0.0122049   0.567695 0.00460663
(1,((((2,3),4),5),(6,(((7,(8,9)),10),11))),12); -9520.3  0 65.6211 33.1175 31.0227 -9583.82 0.243718 0.231527 0.205991 0.318764  0.0519885   0.280485   0.078206  0.0105639   0.576007 0.00274914
(1,((((2,3),4),5),(6,(((7,(8,9)),10),11))),12); -9512.95  0 73.8553 33.6501 29.9278 -9583.08 0.241846  0.24267 0.211441 0.304043  0.0465016   0.316071  0.0668341 0.00958823   0.557388 0.00361757
(1,((((2,3),4),5),(6,(((7,(8,9)),10),11))),12); -9513.16  0 73.5041 33.5332 30.6603 -9583.79 0.242046 0.244039   0.2006 0.313315  0.0382061   0.280007  0.0733446 0.00851637   0.592181  0.0077451
(1,((((2,3),4),5),(6,(((7,(8,9)),10),11))),12); -9521.44  0 68.4143 34.3299 28.1836 -9583.71 0.234579 0.245246 0.193682 0.326493  0.0453299   0.294652  0.0529157  0.0121142   0.589231 0.00575743
(1,((((2,3),4),5),(6,(((7,(8,9)),10),11))),12); -9511.17  0 74.5231 33.162 30.079 -9582.61 0.243751  0.23877  0.20287 0.314609  0.0452757   0.287798  0.0705787   0.018978   0.573862 0.00350823
(1,((((2,3),4),5),(6,(((7,(8,9)),10),11))),12); -9518.22  0 66.9021 33.7811 31.3439 -9582.68 0.236841 0.244256 0.200797 0.318106   0.053067    0.29156  0.0603684  0.0097569   0.579306 0.00594117
(1,((((2,3),4),5),(6,(((7,(8,9)),10),11))),12); -9512.07  0 75.2153 33.5747 29.4267 -9583.14 0.237703 0.233132 0.204583 0.324582  0.0447323   0.302256   0.067748  0.0188163   0.560807 0.00564023
(1,((((2,3),4),5),(6,(((7,(8,9)),10),11))),12); -9511.41  0 73.2068 33.3713 31.6542 -9582.9 0.245905 0.230925 0.206784 0.316387  0.0497074   0.291779  0.0793615    0.01248   0.562916 0.00375601
(1,((((2,3),4),5),(6,(((7,(8,9)),10),11))),12); -9508.07  0 76.6427 33.1513 32.1304 -9583.69 0.243218 0.245017 0.193068 0.318698  0.0468256   0.300487   0.066032 0.00835666   0.574762 0.00353686
(1,((((2,3),4),5),(6,(((7,(8,9)),10),11))),12); -9516.15  0 71.687 33.6043 29.8809 -9584.11 0.242964 0.228805 0.199244 0.328987  0.0417726   0.319657  0.0732082 0.00887167   0.550073 0.00641786
(1,((((2,3),4),5),(6,(((7,(8,9)),10),11))),12); -9522.88  0 70.1776 32.8566 26.7581 -9586.96 0.254014  0.22124 0.202138 0.322608  0.0485287   0.299564  0.0532481  0.0108397   0.584277 0.00354262
(1,((((2,3),4),5),(6,(((7,(8,9)),10),11))),12); -9510.82  0 73.7696 33.828 32.494 -9583.25 0.244823 0.236628 0.198917 0.319632  0.0452577   0.286211   0.066649 0.00843075   0.587046 0.00640587
(1,((((2,3),4),5),(6,(((7,(8,9)),10),11))),12); -9511.58  0 75.4281 33.6344 29.9017 -9583.27 0.229457 0.249318 0.202974 0.318251  0.0496257   0.296226  0.0679578  0.0151275   0.563401 0.00766133
(1,((((2,3),4),5),(6,(((7,(8,9)),10),11))),12); -9516.77  0 69.6084 33.8296 30.3896 -9582.94 0.241915 0.238005 0.193523 0.326557  0.0543303   0.287424  0.0624777   0.015208   0.574816 0.00574434
(1,((((2,3),4),5),(6,(((7,(8,9)),10),11))),12); -9517.83  0 73.4142 33.5746 28.9292 -9586.59 0.249664  0.22925 0.209994 0.311093  0.0493384   0.270161  0.0874027  0.0107095   0.577832 0.00455594
(1,((((2,3),4),5),(6,(((7,(8,9)),10),11))),12); -9515.8  0 72.6093 33.4358 28.3368 -9583.31 0.259097 0.226094 0.205717 0.309092  0.0440941   0.295716  0.0885849 0.00876849    0.55742 0.00541644
(1,((((2,3),4),5),(6,(((7,(8,9)),10),11))),12); -9509.05  0 77.1539 33.2189 31.202 -9584.18 0.239561 0.236996 0.204124 0.319318  0.0538423    0.28628  0.0817152 0.00865904   0.562043 0.00746053
(1,((((2,3),4),5),(6,(((7,(8,9)),10),11))),12); -9525.16  0 58.9604 33.2303 31.9203 -9582.81 0.248204 0.243964 0.196129 0.311703  0.0534035   0.287466  0.0721031 0.00917135   0.574747 0.00310937
(1,((((2,3),4),5),(6,(((7,(8,9)),10),11))),12); -9516.85  0 68.2912 33.8496 31.5868 -9582.88 0.256555 0.238676 0.198866 0.305904  0.0495446    0.30218  0.0752113 0.00921809   0.558886 0.00495988
(1,((((2,3),4),5),(6,(((7,(8,9)),10),11))),12); -9513.27  0 72.9706 33.492 31.155 -9583.9 0.243756 0.246231 0.204481 0.305533  0.0431563   0.285023  0.0830346  0.0110868   0.573517 0.00418229
(1,((((2,3),4),5),(6,(((7,(8,9)),10),11))),12); -9522.91  0 59.8219 33.0226 31.8995 -9581.61 0.243484 0.241262 0.204469 0.310785  0.0524268   0.302577   0.065355 0.00876272   0.564494 0.00638437
(1,((((2,3),4),5),(6,(((7,(8,9)),10),11))),12); -9515.87  0 70.1713 32.9789 30.5938 -9583.65 0.252806 0.238454 0.194744 0.313996   0.041246   0.312603  0.0695547  0.0146313   0.557189 0.00477563
(1,((((2,3),4),5),(6,(((7,(8,9)),10),11))),12); -9521.53  0 68.6604 33.0035 27.5644 -9584.76 0.246576 0.224109  0.20446 0.324856  0.0538424    0.31438  0.0579428 0.00813614   0.562439 0.00326003
(1,((((2,3),4),5),(6,(((7,(8,9)),10),11))),12); -9507.1  0 76.5637 33.2921 32.023 -9582.39 0.242795 0.235063  0.19499 0.327153  0.0432973   0.288401  0.0701002  0.0095675    0.58092 0.00771409
(1,((((2,3),4),5),(6,(((7,(8,9)),10),11))),12); -9517.15  0 65.3846 32.8201 32.2713 -9581.99 0.250925 0.235652 0.194092 0.319332   0.053901   0.296671  0.0744714  0.0104658   0.559341 0.00515007
(1,((((2,3),4),5),(6,(((7,(8,9)),10),11))),12); -9511.16  0 71.714 32.9749 32.8555 -9582.75  0.24579 0.238448 0.200054 0.315708  0.0489856   0.290523  0.0801352 0.00910909    0.56627 0.00497711
(1,((((2,3),4),5),(6,(((7,(8,9)),10),11))),12); -9514.8  0 73.0248 33.6322 29.3503 -9583.54 0.241643 0.241656 0.206096 0.310604  0.0420228   0.307224  0.0757189  0.0173203   0.550705 0.00700864
(1,((((2,3),4),5),(6,(((7,(8,9)),10),11))),12); -9515.5  0 69.1963 32.6486 30.6868 -9582.74 0.227286 0.244584 0.198814 0.329315  0.0477873   0.284762  0.0795535  0.0118175   0.570949 0.00513127
(1,((((2,3),4),5),(6,(((7,(8,9)),10),11))),12); -9512.01  0 70.4161 32.4319 32.2657 -9582.26 0.236995 0.239551 0.196138 0.327316  0.0462619   0.295013    0.07006 0.00986137   0.571138 0.00766654
(1,((((2,3),4),5),(6,(((7,(8,9)),10),11))),12); -9513.4  0 73.8148 33.0747 28.5391 -9582.68 0.249036 0.250886 0.182281 0.317798  0.0426097   0.283025   0.082361  0.0116423    0.57755 0.00281183
(1,((((2,3),4),5),(6,(((7,(8,9)),10),11))),12); -9516.4  0 74.825 33.3456 26.8862 -9584.76 0.247366  0.24154 0.202971 0.308124 0.0438289  0.281254 0.0548196 0.0124296  0.597384 0.0102847
(1,((((2,3),4),5),(6,(((7,(8,9)),10),11))),12); -9512.79  0 76.4131 33.8108 29.9821 -9585.37 0.238994 0.242745 0.199072 0.319189  0.0365657   0.309023  0.0650497 0.00704563   0.577857  0.0044591
(1,((((2,3),4),5),(6,(((7,(8,9)),10),11))),12); -9509.77  0 78.3433 33.4852 30.0152 -9584.65 0.253878 0.250595 0.187893 0.307634    0.04351   0.278894  0.0706575 0.00910645   0.592031 0.00580103
(1,((((2,3),4),5),(6,(((7,(8,9)),10),11))),12); -9519.51  0 70.9133 32.8281 28.5205 -9586.12  0.24892 0.228703 0.197604 0.324774  0.0483097   0.279344  0.0559755 0.00911303   0.602927 0.00433095
(1,((((2,3),4),5),(6,(((7,(8,9)),10),11))),12); -9515.13  0 74.3228 33.6513 30.2236 -9586.03  0.25309 0.223964 0.204574 0.318373 0.0427959  0.276464 0.0713424 0.0110573  0.592751 0.0055897
(1,((((2,3),4),5),(6,(((7,(8,9)),10),11))),12); -9510.52  0 76.0985 33.3974 30.4161 -9583.64 0.246703 0.228255 0.208667 0.316376  0.0470405   0.296372  0.0615484  0.0080999   0.579745 0.00719433
(1,((((2,3),4),5),(6,(((7,(8,9)),10),11))),12); -9511.92  0 74.2085 32.9944 29.6965 -9582.83 0.239292 0.248369 0.190532 0.321807 0.0553848  0.291732 0.0590037 0.0124338  0.575008 0.0064376
(1,((((2,3),4),5),(6,(((7,(8,9)),10),11))),12); -9517.3  0 71.0421 34.3202 30.2212 -9584.24 0.232425 0.251248 0.192304 0.324024  0.0559301   0.294853  0.0740212  0.0114222   0.560188 0.00358492
(1,((((2,3),4),5),(6,(((7,(8,9)),10),11))),12); -9515.45  0 71.4402 32.8213 29.6567 -9583.73  0.25118 0.243827 0.193915 0.311078  0.0431387   0.313531  0.0786311  0.0147533   0.543898 0.00604768
(1,((((2,3),4),5),(6,(((7,(8,9)),10),11))),12); -9522.64  0 64.5572 33.2821 29.0137 -9582.93 0.248632 0.232717 0.201939 0.316713  0.0618011   0.297044  0.0682038  0.0156868   0.551977 0.00528753
(1,((((2,3),4),5),(6,(((7,(8,9)),10),11))),12); -9524.57  0 70.4272 33.0943 27.0343 -9588.94 0.261186 0.243947 0.200277 0.294589  0.0402339    0.27429  0.0784962 0.00797254   0.594518 0.00448961
(1,((((2,3),4),5),(6,(((7,(8,9)),10),11))),12); -9518.72  0 68.1382 33.0842 29.7532 -9583.53 0.228225 0.233874 0.212901    0.325  0.0408468   0.304584  0.0723281 0.00923797   0.568243 0.00476096
(1,((((2,3),4),5),(6,(((7,(8,9)),10),11))),12); -9518.46  0 69.0192 34.0319 31.3417 -9584.79 0.246533  0.23017   0.2087 0.314596  0.0512274   0.280204  0.0728021 0.00790604   0.582113 0.00574778
(1,((((2,3),4),5),(6,(((7,(8,9)),10),11))),12); -9516.74  0 73.869 33.4464 27.3288 -9584.49 0.236685    0.237  0.19497 0.331345 0.0378503  0.298649 0.0926027 0.0121266  0.555354 0.0034178
(1,((((2,3),4),5),(6,(((7,(8,9)),10),11))),12); -9521.35  0 71.178 32.6415 24.0738 -9583.96 0.243223 0.260225 0.197137 0.299414  0.0408961     0.2955  0.0809961  0.0140699   0.567318 0.00121926
(1,((((2,3),4),5),(6,(((7,(8,9)),10),11))),12); -9519.87  0 66.2717 33.3165 30.7405 -9583.57 0.234335 0.232553 0.212041  0.32107  0.0445456   0.289035  0.0782834 0.00756139   0.576031 0.00454358
(1,((((2,3),4),5),(6,(((7,(8,9)),10),11))),12); -9515.48  0 72.0448 33.5744 30.706 -9584.65 0.248032 0.234093 0.202888 0.314987  0.0408435   0.273194  0.0685719  0.0124048   0.599651 0.00533444
(1,((((2,3),4),5),(6,(((7,(8,9)),10),11))),12); -9516.62  0 69.5072 33.4354 31.5354 -9584.22 0.232391 0.249068 0.193507 0.325034  0.0443132   0.302293  0.0680778  0.0100668   0.570539 0.00471094
(1,((((2,3),4),5),(6,(((7,(8,9)),10),11))),12); -9514.68  0 70.1854 33.618 31.1233 -9582.37 0.246576 0.239138  0.19928 0.315007  0.0411045   0.301917   0.072457  0.0124161   0.562668 0.00943756
(1,((((2,3),4),5),(6,(((7,(8,9)),10),11))),12); -9520.91  0 66.2647 32.9862 29.777 -9583.96 0.242323 0.251699  0.18748 0.318498  0.0558773   0.298448  0.0612309 0.00984935   0.568557 0.00603742
