tree logl logTop logBL logPrior logQ logWt pi1 pi2 pi3 pi4 s1 s2 s3 s4 s5 s6
(1,((((2,3),4),5),(6,(((7,(8,9)),10),11))),12); -9526.64  0 79.5665 33.6266 31.9773 -9604.55 0.248797   0.2324 0.203653  0.31515  0.0474261   0.290488  0.0723264  0.0124251   0.571512 0.00582278
(1,((((2,3),4),5),(6,(((7,(8,9)),10),11))),12); -9536.5  0 83.7757 33.1285 28.5943 -9615.75 0.251732 0.228887 0.205738 0.313643  0.0451454   0.268682  0.0619664 0.00937177   0.608026 0.00680814
(1,((((2,3),4),5),(6,(((7,(8,9)),10),11))),12); -9534.68  0 79.4863 32.6677 25.9438 -9607.44 0.231385 0.229987 0.218459 0.320169   0.059925   0.282856  0.0579206  0.0093672   0.580183 0.00974801
(1,((((2,3),4),5),(6,(((7,(8,9)),10),11))),12); -9514.57  0 78.383 34.0297 29.6783 -9588.6 0.244994 0.244132  0.20628 0.304593  0.0615964   0.292641  0.0625817 0.00766953   0.569029 0.00648244
(1,((((2,3),4),5),(6,(((7,(8,9)),10),11))),12); -9518.89  0 69.3824 33.2636 29.7877 -9584.8 0.239052 0.245597 0.208816 0.306535  0.0408878   0.293942  0.0820921  0.0131073   0.562499 0.00747166
(1,((((2,3),4),5),(6,(((7,(8,9)),10),11))),12); -9536.86  0 80.533 33.2993 25.5879 -9609.68 0.242815 0.233074 0.188657 0.335455  0.0651151   0.311261  0.0681391   0.011534   0.535852 0.00809915
(1,((((2,3),4),5),(6,(((7,(8,9)),10),11))),12); -9521.64  0 87.2181 33.4932 30.6964 -9606.06 0.256354 0.233314 0.204787 0.305545  0.0472075   0.293248  0.0795133 0.00857494    0.56611 0.00534591
(1,((((2,3),4),5),(6,(((7,(8,9)),10),11))),12); -9531.61  0 79.5837 33.2407 28.2922 -9606.25 0.238996 0.241883 0.199597 0.319524   0.049554   0.299792  0.0722317  0.0225933   0.552056 0.00377302
(1,((((2,3),4),5),(6,(((7,(8,9)),10),11))),12); -9517.19  0 77.9398 33.0775 31.5553 -9593.61 0.247261 0.240392 0.204871 0.307476  0.0438724   0.300402  0.0675793  0.0145753   0.569228 0.00434327
(1,((((2,3),4),5),(6,(((7,(8,9)),10),11))),12); -9519.7  0 87.4914 33.5315 27.56 -9601.22 0.243593 0.252982 0.204508 0.298918  0.0408948   0.319877  0.0737971  0.0131229   0.543245 0.00906358
(1,((((2,3),4),5),(6,(((7,(8,9)),10),11))),12); -9520.86  0 71.9708 33.1602 28.6556 -9588.33 0.253877 0.229688 0.207757 0.308678   0.040256    0.27222  0.0726018 0.00775013   0.601022 0.00614973
(1,((((2,3),4),5),(6,(((7,(8,9)),10),11))),12); -9515.62  0 83.6801 33.0696 30.9668 -9597.2 0.250591 0.242541 0.190043 0.316824 0.0502626  0.305658 0.0658938 0.0128422  0.560579 0.0047646
(1,((((2,3),4),5),(6,(((7,(8,9)),10),11))),12); -9543  0 79.4866 33.2488 29.5139 -9618.75 0.238597 0.256388 0.200255  0.30476   0.047569   0.322059  0.0666731  0.0102999   0.548248 0.00515082
(1,((((2,3),4),5),(6,(((7,(8,9)),10),11))),12); -9517.34  0 74.8277 33.5067 30.0768 -9588.74 0.255781 0.242736 0.198464 0.303018  0.0570437   0.298973  0.0749518  0.0121391   0.551349 0.00554335
(1,((((2,3),4),5),(6,(((7,(8,9)),10),11))),12); -9515.61  0 78.2823 33.4595 28.3685 -9588.81 0.248955 0.224928 0.207704 0.318413  0.0476012   0.292743  0.0570556  0.0131038   0.587415 0.00208142
(1,((((2,3),4),5),(6,(((7,(8,9)),10),11))),12); -9522.61  0 75.9352 33.7307 25.5998 -9590.42 0.233559 0.248731 0.182471 0.335238  0.0418959   0.320783  0.0626929  0.0116662   0.560397 0.00256453
(1,((((2,3),4),5),(6,(((7,(8,9)),10),11))),12); -9527.08  0 74.4914 33.3153 30.2852 -9598.54 0.253035 0.242481  0.20436 0.300124  0.0446501   0.305825  0.0624959  0.0132326   0.567436 0.00636061
(1,((((2,3),4),5),(6,(((7,(8,9)),10),11))),12); -9569.76  0 75.2845 33.9399 29.2568 -9640.36 0.237717 0.241893 0.205182 0.315207  0.0511708   0.276272  0.0687081 0.00562869    0.58981 0.00841096
(1,((((2,3),4),5),(6,(((7,(8,9)),10),11))),12); -9514.72  0 74.0428 33.3149 29.4602 -9584.91 0.242064 0.237019 0.212095 0.308822  0.0362472   0.310563  0.0741382  0.0102276   0.561098 0.00772557
(1,((((2,3),4),5),(6,(((7,(8,9)),10),11))),12); -9512.47  0 79.594 33.6172 28.719 -9587.16 0.248342 0.234041 0.201464 0.316153  0.038818  0.289647 0.0685196 0.0143827    0.5773 0.0113329
(1,((((2,3),4),5),(6,(((7,(8,9)),10),11))),12); -9512.52  0 77.4625 33.5881 31.5492 -9587.94  0.24421 0.241116 0.201737 0.312936  0.0429297   0.308426  0.0778414   0.012163    0.55426 0.00437953
(1,((((2,3),4),5),(6,(((7,(8,9)),10),11))),12); -9520.56  0 76.0125 33.6458 28.7753 -9591.7 0.253716 0.235654 0.207145 0.303485  0.0436831   0.314326  0.0589282  0.0130328   0.567799 0.00223064
(1,((((2,3),4),5),(6,(((7,(8,9)),10),11))),12); -9511.52  0 74.4687 33.151 30.4095 -9583.24 0.232847 0.241512  0.19584 0.329801  0.0505836   0.304791   0.063735 0.00805285   0.567638  0.0052003
(1,((((2,3),4),5),(6,(((7,(8,9)),10),11))),12); -9512.69  0 73.3208 33.5304 31.9998 -9584.48  0.24216 0.241146 0.206186 0.310508  0.0514767   0.295276  0.0723514  0.0119648    0.56235 0.00658126
(1,((((2,3),4),5),(6,(((7,(8,9)),10),11))),12); -9524.05  0 85.7888 33.5813 31.0046 -9607.27 0.242907 0.234953 0.195722 0.326418  0.0426197    0.29577  0.0720037  0.0139418   0.571947 0.00371791
(1,((((2,3),4),5),(6,(((7,(8,9)),10),11))),12); -9510.65  0 86.2365 33.3931 29.7437 -9593.23  0.24672 0.229504 0.194463 0.329312  0.0559425   0.287633  0.0614663 0.00919708    0.58118 0.00458126
(1,((((2,3),4),5),(6,(((7,(8,9)),10),11))),12); -9545.07  0 69.7559 33.0153 29.265 -9611.08 0.236904 0.244109 0.196682 0.322305   0.049094   0.302154  0.0764348 0.00850893   0.562446 0.00136309
(1,((((2,3),4),5),(6,(((7,(8,9)),10),11))),12); -9538.87  0 76.713 33.4031 30.4939 -9612.67 0.229665 0.244117 0.205243 0.320975  0.0414026   0.305102  0.0739279  0.0130481    0.56124 0.00527949
(1,((((2,3),4),5),(6,(((7,(8,9)),10),11))),12); -9511.53  0 78.791 33.5784 29.2855 -9586.03 0.255988 0.236361 0.192594 0.315058  0.0520331     0.2994  0.0723299  0.0154895     0.5585 0.00224754
(1,((((2,3),4),5),(6,(((7,(8,9)),10),11))),12); -9525.42  0 75.5373 33.3141 30.8924 -9598.53 0.246688 0.244894 0.198764 0.309654  0.0474114   0.286154  0.0698398  0.0167711   0.574524 0.00529926
(1,((((2,3),4),5),(6,(((7,(8,9)),10),11))),12); -9548.39  0 74.0052 33.6173 30.2118 -9618.99 0.247508 0.238742 0.202529 0.311221 0.0534162  0.279908 0.0749342 0.0125635  0.577259 0.0019191
(1,((((2,3),4),5),(6,(((7,(8,9)),10),11))),12); -9511.41  0 76.2883 33.4952 31.7908 -9585.99 0.244062 0.235602 0.202451 0.317885  0.0475658   0.297843   0.064195    0.01371   0.570426 0.00625988
(1,((((2,3),4),5),(6,(((7,(8,9)),10),11))),12); -9523.59  0 71.9845 33.4405 25.8248 -9587.96 0.214993 0.249306 0.214747 0.320954  0.0506291   0.314781  0.0612882 0.00947414   0.559189 0.00463867
(1,((((2,3),4),5),(6,(((7,(8,9)),10),11))),12); -9514.73  0 78.8291 33.0228 30.5379 -9591.07 0.241056 0.249629 0.197212 0.312103  0.0566145   0.285493  0.0772947 0.00964066   0.567943 0.00301422
(1,((((2,3),4),5),(6,(((7,(8,9)),10),11))),12); -9519.88  0 71.4465 34.1438 29.8309 -9587.01 0.238389 0.238333 0.199864 0.323415  0.0520233   0.268601  0.0777322  0.0127504   0.581743 0.00715043
(1,((((2,3),4),5),(6,(((7,(8,9)),10),11))),12); -9530.33  0 78.9367 33.7595 24.5144 -9600.02 0.266667 0.223169 0.200691 0.309473  0.0647899   0.302204  0.0613944  0.0117301   0.550628 0.00925352
(1,((((2,3),4),5),(6,(((7,(8,9)),10),11))),12); -9513.59  0 75.7394 33.4075 28.8507 -9584.77 0.262464 0.223582 0.194361 0.319593  0.0478215   0.307863  0.0661963  0.0118211   0.560788 0.00550968
(1,((((2,3),4),5),(6,(((7,(8,9)),10),11))),12); -9517.59  0 81.3978 33.1317 25.0306 -9590.89   0.2664 0.248619 0.203675 0.281307  0.0436495   0.302275  0.0711876  0.0109381   0.565472 0.00647788
(1,((((2,3),4),5),(6,(((7,(8,9)),10),11))),12); -9536.22  0 75.0892 33.9068 30.3887 -9607.79 0.253032 0.242483  0.19752 0.306964  0.0431606   0.318896  0.0751972 0.00997303   0.547495 0.00527737
(1,((((2,3),4),5),(6,(((7,(8,9)),10),11))),12); -9511.79  0 77.666 33.9565 29.6507 -9585.16  0.23348 0.244101 0.199575 0.322844  0.0458363    0.30813   0.060566  0.0120725   0.564098 0.00929738
(1,((((2,3),4),5),(6,(((7,(8,9)),10),11))),12); -9522.69  0 73.0642 33.3333 27.6491 -9590.07 0.245916 0.250963 0.203153 0.299968  0.0428061   0.296276  0.0942259  0.0108375   0.550634 0.00522014
(1,((((2,3),4),5),(6,(((7,(8,9)),10),11))),12); -9509.68  0 73.3515 33.6508 31.6953 -9581.08  0.24357 0.236244 0.202413 0.317773   0.049859   0.285706  0.0780908  0.0134114   0.568029 0.00490447
(1,((((2,3),4),5),(6,(((7,(8,9)),10),11))),12); -9538.93  0 71.996 33.6619 30.0494 -9607.31 0.231839 0.256024  0.20235 0.309788  0.0561274   0.293453  0.0678601 0.00928009   0.568886 0.00439297
(1,((((2,3),4),5),(6,(((7,(8,9)),10),11))),12); -9511.6  0 77.806 33.0564 30.2747 -9586.63 0.247136 0.229669  0.20694 0.316256  0.0414181   0.321794  0.0697431 0.00841966   0.553305 0.00532003
(1,((((2,3),4),5),(6,(((7,(8,9)),10),11))),12); -9522.22  0 69.2371 33.1904 26.9459 -9585.22 0.233371 0.233971 0.213773 0.318885   0.062699   0.271585  0.0578411  0.0119098    0.58987 0.00609484
(1,((((2,3),4),5),(6,(((7,(8,9)),10),11))),12); -9511.87  0 75.7504 33.2925 28.5686 -9582.89 0.238929 0.227492 0.209893 0.323685  0.0412437   0.295366  0.0627825  0.0144493   0.576749 0.00940884
(1,((((2,3),4),5),(6,(((7,(8,9)),10),11))),12); -9516.71  0 84.675 33.3367 30.7557 -9598.81 0.245648  0.24474 0.190668 0.318944  0.0541314   0.300942  0.0721385  0.0128427   0.553837 0.00610867
(1,((((2,3),4),5),(6,(((7,(8,9)),10),11))),12); -9533.2  0 82.0147 33.4634 28.2021 -9609.95 0.241725 0.242348 0.205649 0.310278  0.0595888   0.260038  0.0737257 0.00720238   0.594985 0.00446041
(1,((((2,3),4),5),(6,(((7,(8,9)),10),11))),12); -9515.94  0 77.6705 33.4872 26.7717 -9586.9 0.236329 0.230174 0.208514 0.324983 0.0508109  0.284078 0.0641666 0.0196428   0.57093 0.0103718
(1,((((2,3),4),5),(6,(((7,(8,9)),10),11))),12); -9515.26  0 71.3664 33.2864 29.0703 -9582.41 0.246188 0.233733 0.200254 0.319825   0.047024   0.289731  0.0865078  0.0149876   0.553374 0.00837539
(1,((((2,3),4),5),(6,(((7,(8,9)),10),11))),12); -9526.51  0 79.4218 33.8767 28.1954 -9600.25  0.23962 0.237416 0.203722 0.319242  0.0568579   0.305128  0.0861452 0.00840565   0.534745 0.00871754
(1,((((2,3),4),5),(6,(((7,(8,9)),10),11))),12); -9539.09  0 71.2416 32.841 26.7883 -9604.28 0.243716 0.224662 0.196807 0.334814  0.0400404   0.289002  0.0556099  0.0127172   0.596179 0.00645103
(1,((((2,3),4),5),(6,(((7,(8,9)),10),11))),12); -9511.15  0 77.4259 33.598 31.112 -9586.09  0.23932 0.247368  0.19901 0.314302   0.046913   0.283438  0.0636925 0.00885538   0.590501  0.0065999
(1,((((2,3),4),5),(6,(((7,(8,9)),10),11))),12); -9578.28  0 83.9474 33.4499 28.2285 -9657.01 0.245934 0.238439 0.193675 0.321952  0.0508492   0.277729  0.0867673  0.0156275   0.566586 0.00244175
(1,((((2,3),4),5),(6,(((7,(8,9)),10),11))),12); -9517.01  0 76.2269 33.4675 29.8863 -9589.66 0.238079 0.244532 0.202467 0.314923  0.0478418   0.322933   0.060065 0.00661071   0.558044 0.00450493
(1,((((2,3),4),5),(6,(((7,(8,9)),10),11))),12); -9539.28  0 73.5431 34.2252 28.434 -9607.03 0.235415 0.224198 0.217259 0.323129  0.0407148   0.308621  0.0655308  0.0132643   0.566518 0.00535178
(1,((((2,3),4),5),(6,(((7,(8,9)),10),11))),12); -9519.73  0 79.0482 33.5179 27.7458 -9593.01 0.237673 0.247106 0.195854 0.319367  0.0480027   0.297566  0.0776948 0.00547879   0.559585  0.0116732
(1,((((2,3),4),5),(6,(((7,(8,9)),10),11))),12); -9517.58  0 69.3497 33.1873 29.2288 -9582.97 0.238918 0.234443 0.202025 0.324615 0.0478663  0.289069 0.0631952 0.0117663  0.576327  0.011777
(1,((((2,3),4),5),(6,(((7,(8,9)),10),11))),12); -9528.92  0 80.1481 33.1677 24.8279 -9600.73 0.245969 0.232773 0.195336 0.325922 0.0299729  0.297918 0.0726705 0.0190613  0.577792 0.0025858
(1,((((2,3),4),5),(6,(((7,(8,9)),10),11))),12); -9513.35  0 75.8831 33.318 30.3662 -9586.28 0.237409  0.24037 0.206137 0.316084  0.0430163   0.310251   0.077606  0.0151216   0.548286 0.00571888
(1,((((2,3),4),5),(6,(((7,(8,9)),10),11))),12); -9526.5  0 66.4373 33.1588 27.0932 -9586.88 0.233937 0.245932 0.221484 0.298647  0.0472366   0.286166  0.0843537 0.00962136   0.570021 0.00260178
(1,((((2,3),4),5),(6,(((7,(8,9)),10),11))),12); -9512.19  0 79.4104 33.2002 29.5823 -9587.98 0.253553  0.22495 0.203429 0.318068   0.042878   0.317908  0.0669784 0.00802603   0.557857   0.006352
(1,((((2,3),4),5),(6,(((7,(8,9)),10),11))),12); -9510.8  0 83.9687 33.2136 30.5203 -9592.07 0.249987  0.23932 0.207005 0.303688  0.0483468    0.31539  0.0774256  0.0101179   0.544656 0.00406304
(1,((((2,3),4),5),(6,(((7,(8,9)),10),11))),12); -9522.48  0 72.1371 33.3649 28.0539 -9589.3 0.257202 0.235736  0.19977 0.307292  0.0374192   0.281907  0.0696944  0.0161265   0.586829 0.00802371
(1,((((2,3),4),5),(6,(((7,(8,9)),10),11))),12); -9518.2  0 73.9635 33.1363 30.0867 -9589.12 0.240979 0.225524 0.206391 0.327106  0.0418738   0.290472  0.0688698  0.0136939   0.579604 0.00548607
(1,((((2,3),4),5),(6,(((7,(8,9)),10),11))),12); -9513.63  0 75.0539 33.6161 29.7384 -9584.81 0.239387 0.229847 0.203662 0.327104 0.0474304  0.304102 0.0649414 0.0107949  0.562646 0.0100849
(1,((((2,3),4),5),(6,(((7,(8,9)),10),11))),12); -9519.09  0 70.9591 32.8516 31.9331 -9589.13 0.248495 0.235549 0.208204 0.307752  0.0449974   0.304092  0.0712013 0.00978622   0.564941 0.00498169
(1,((((2,3),4),5),(6,(((7,(8,9)),10),11))),12); -9568.38  0 75.5053 33.3203 28.8635 -9639.43 0.257736 0.228762 0.205166 0.308337  0.0418023   0.279518  0.0791387  0.0111255    0.58579 0.00262586
(1,((((2,3),4),5),(6,(((7,(8,9)),10),11))),12); -9516.47  0 75.0456 32.7974 28.8747 -9587.59 0.246738 0.239002   0.1972 0.317059  0.0463077   0.270038  0.0912528 0.00915528   0.578986 0.00426045
(1,((((2,3),4),5),(6,(((7,(8,9)),10),11))),12); -9581.14  0 67.6318 33.2557 26.1713 -9641.69 0.233063 0.233758  0.20705 0.326129  0.0657193   0.313459  0.0777302 0.00693258   0.530011   0.006148
(1,((((2,3),4),5),(6,(((7,(8,9)),10),11))),12); -9524.79  0 81.8667 33.4679 27.1466 -9600.34 0.242925 0.229005 0.198238 0.329832  0.0606109   0.262836  0.0762657 0.00979418   0.587722 0.00277131
(1,((((2,3),4),5),(6,(((7,(8,9)),10),11))),12); -9510.53  0 87.1937 33.6877 29.9826 -9594.02  0.23947 0.246711 0.187071 0.326747  0.0479608   0.295595  0.0691359  0.0117917   0.568184 0.00733299
(1,((((2,3),4),5),(6,(((7,(8,9)),10),11))),12); -9530.29  0 84.2963 33.5376 28.4176 -9609.47 0.249868 0.248407 0.191845 0.309879  0.0428849   0.325282  0.0794647 0.00766976   0.540695 0.00400325
(1,((((2,3),4),5),(6,(((7,(8,9)),10),11))),12); -9526  0 75.563 33.7143 23.3959 -9591.24 0.238779  0.23071 0.200079 0.330432  0.0508035   0.312277  0.0501531  0.0234697   0.559331 0.00396619
(1,((((2,3),4),5),(6,(((7,(8,9)),10),11))),12); -9533.25  0 70.3019 32.3724 25.7781 -9596.96 0.232617 0.256857 0.192978 0.317548  0.0534905   0.267102  0.0780174  0.0193802   0.578198 0.00381181
(1,((((2,3),4),5),(6,(((7,(8,9)),10),11))),12); -9522.21  0 73.1179 33.4478 29.8417 -9591.73 0.253828  0.23828 0.201389 0.306503  0.0448194   0.283006   0.073101 0.00565524   0.587314 0.00610472
(1,((((2,3),4),5),(6,(((7,(8,9)),10),11))),12); -9516.43  0 76.7226 33.4534 25.2703 -9584.97 0.244047 0.255404 0.180758 0.319792  0.0423805   0.269873  0.0792486   0.013509   0.592494 0.00249499
(1,((((2,3),4),5),(6,(((7,(8,9)),10),11))),12); -9514.72  0 75.8915 33.7091 30.7142 -9587.62 0.233284 0.244551 0.200652 0.321513  0.0448579   0.293696  0.0727921  0.0152706   0.566826 0.00655754
(1,((((2,3),4),5),(6,(((7,(8,9)),10),11))),12); -9529.91  0 77.7145 33.4908 29.4844 -9603.62 0.239951 0.251103  0.19798 0.310965  0.0420887    0.31396  0.0736131  0.0162992   0.548533 0.00550632
(1,((((2,3),4),5),(6,(((7,(8,9)),10),11))),12); -9511.54  0 87.5827 33.5025 28.6593 -9594.28 0.232323 0.238644 0.216996 0.312037  0.0422016   0.290995  0.0860858   0.012275   0.565123 0.00332013
(1,((((2,3),4),5),(6,(((7,(8,9)),10),11))),12); -9522.48  0 83.3211 33.0838 28.4955 -9601.22 0.235302 0.249476 0.196466 0.318756  0.0429716   0.281831  0.0610326   0.013219   0.598874 0.00207208
(1,((((2,3),4),5),(6,(((7,(8,9)),10),11))),12); -9521.39  0 83.0094 33.2725 27.3047 -9598.43 0.232783 0.250363 0.217275 0.299579   0.046456   0.267856  0.0760538 0.00900156   0.594764 0.00586872
(1,((((2,3),4),5),(6,(((7,(8,9)),10),11))),12); -9518.78  0 68.8673 32.9917 29.7425 -9584.4 0.235043 0.233457 0.208493 0.323007  0.0386375   0.282669  0.0789528 0.00926291   0.586485 0.00399247
(1,((((2,3),4),5),(6,(((7,(8,9)),10),11))),12); -9522.85  0 66.0893 32.3277 28.4916 -9585.1 0.244821 0.231534 0.190416 0.333229   0.049272   0.295844  0.0691023 0.00972932    0.57446 0.00159181
(1,((((2,3),4),5),(6,(((7,(8,9)),10),11))),12); -9524.34  0 72.7584 33.2268 24.9755 -9588.85 0.252601 0.217877 0.206977 0.322546  0.0496874   0.274061  0.0661894  0.0176131   0.590791 0.00165865
(1,((((2,3),4),5),(6,(((7,(8,9)),10),11))),12); -9517.13  0 76.6532 33.3446 29.276 -9589.72 0.248785 0.229425   0.1973 0.324489   0.060474   0.297477  0.0742307  0.0133202   0.547988 0.00650958
(1,((((2,3),4),5),(6,(((7,(8,9)),10),11))),12); -9526.02  0 75.3345 32.994 31.478 -9599.83 0.247019 0.240267 0.200234  0.31248  0.0441699   0.298726  0.0743476  0.0141599   0.561701 0.00689548
(1,((((2,3),4),5),(6,(((7,(8,9)),10),11))),12); -9512.8  0 85.0786 33.2456 28.7531 -9593.39 0.233459 0.243083 0.195924 0.327534   0.041513   0.280718  0.0752113 0.00926701    0.58334 0.00995073
(1,((((2,3),4),5),(6,(((7,(8,9)),10),11))),12); -9565.21  0 72.2746 33.8585 28.418 -9632.05 0.241889 0.255459 0.204189 0.298463    0.04384   0.289877  0.0821176 0.00649677   0.574249 0.00341884
(1,((((2,3),4),5),(6,(((7,(8,9)),10),11))),12); -9516.98  0 82.6141 32.8028 29.6855 -9596.48 0.240402 0.247896 0.195988 0.315714  0.0528596   0.319886  0.0649959  0.0102934   0.543835 0.00813022
(1,((((2,3),4),5),(6,(((7,(8,9)),10),11))),12); -9512.93  0 78.4376 33.4497 29.398 -9587.31 0.228385 0.237097 0.214966 0.319552  0.0394121   0.296543    0.07398  0.0131809   0.572312 0.00457224
(1,((((2,3),4),5),(6,(((7,(8,9)),10),11))),12); -9517.84  0 73.053 33.2899 27.8703 -9585.47 0.242049  0.23281 0.210622  0.31452  0.0349125   0.305688  0.0855098  0.0114802    0.55462 0.00778928
(1,((((2,3),4),5),(6,(((7,(8,9)),10),11))),12); -9539.58  0 67.8921 32.3987 28.0425 -9603.12 0.253236 0.228826  0.19348 0.324459 0.0510336  0.276327  0.063752 0.0120975  0.586697 0.0100922
(1,((((2,3),4),5),(6,(((7,(8,9)),10),11))),12); -9535.26  0 79.8106 33.4268 25.75 -9607.39 0.254499 0.244291 0.189481 0.311729  0.0305978   0.293716   0.084927  0.0118784   0.572073 0.00680701
(1,((((2,3),4),5),(6,(((7,(8,9)),10),11))),12); -9515.46  0 81.9563 33.27 28.9552 -9593.1 0.234754 0.235953 0.208342 0.320952  0.0604646   0.303664  0.0656883 0.00949525   0.558808 0.00187916
(1,((((2,3),4),5),(6,(((7,(8,9)),10),11))),12); -9525.5  0 75.7151 32.8626 26.6516 -9595 0.248452  0.22058 0.219411 0.311557  0.0495822   0.267237  0.0645252  0.0111346   0.602553 0.00496875
(1,((((2,3),4),5),(6,(((7,(8,9)),10),11))),12); -9519.06  0 72.8392 33.7139 29.3132 -9587.5 0.234366  0.23591 0.209161 0.320562  0.0494656   0.286095  0.0773885  0.0101203   0.575438 0.00149317
(1,((((2,3),4),5),(6,(((7,(8,9)),10),11))),12); -9517.18  0 68.5878 32.9752 30.1513 -9582.94 0.245621 0.236873  0.20107 0.316436  0.0411593   0.286755  0.0628294 0.00811885   0.592451 0.00868636
(1,((((2,3),4),5),(6,(((7,(8,9)),10),11))),12); -9548.98  0 78.236 33.4788 28.6752 -9622.41 0.234898 0.230533 0.201739  0.33283  0.0555339   0.269308  0.0739961 0.00907681   0.586256 0.00582915
(1,((((2,3),4),5),(6,(((7,(8,9)),10),11))),12); -9520.95  0 76.433 33.9601 23.1311 -9586.55  0.23061  0.22607 0.196141 0.347179 0.0465577  0.299371 0.0730771 0.0180407  0.552171 0.0107821
(1,((((2,3),4),5),(6,(((7,(8,9)),10),11))),12); -9523.26  0 75.9372 33.885 29.3508 -9594.66 0.239696 0.238818 0.215964 0.305522  0.0570369   0.287357  0.0794534  0.0133698   0.559166 0.00361615
(1,((((2,3),4),5),(6,(((7,(8,9)),10),11))),12); -9516.43  0 86.9375 33.3042 28.4396 -9598.5 0.241756 0.236896 0.201355 0.319993  0.0450709   0.321484  0.0570344 0.00906535   0.556887  0.0104583
(1,((((2,3),4),5),(6,(((7,(8,9)),10),11))),12); -9544.03  0 71.2299 34.2221 30.318 -9611.35 0.242291 0.237755 0.206715 0.313238  0.0368136   0.291514  0.0809376  0.0124781   0.573094 0.00516354
(1,((((2,3),4),5),(6,(((7,(8,9)),10),11))),12); -9512.66  0 77.7019 33.2332 30.82 -9587.95 0.239059 0.241477 0.205033 0.314431  0.0480988   0.311001   0.076741  0.0146926   0.544928 0.00453788
(1,((((2,3),4),5),(6,(((7,(8,9)),10),11))),12); -9521.11  0 78.3805 33.6951 23.5979 -9589.39  0.23491 0.267089 0.196409 0.301592   0.043408   0.314984    0.05774  0.0195819   0.557796 0.00648969
(1,((((2,3),4),5),(6,(((7,(8,9)),10),11))),12); -9519.35  0 81.2977 33.6638 30.209 -9597.19 0.235388 0.236969 0.218722 0.308922  0.0544148   0.301756  0.0704618 0.00980143   0.558633 0.00493209
(1,((((2,3),4),5),(6,(((7,(8,9)),10),11))),12); -9521.66  0 74.5072 32.8308 29.9712 -9593.31   0.2407 0.237634 0.198155 0.323511  0.0411762   0.304026  0.0711908  0.0177904    0.56183 0.00398595
(1,((((2,3),4),5),(6,(((7,(8,9)),10),11))),12); -9516.04  0 78.1037 33.4864 26.9935 -9587.66 0.236668  0.23915 0.208777 0.315405  0.0643391   0.262258  0.0679569 0.00920269   0.587444 0.00879918
(1,((((2,3),4),5),(6,(((7,(8,9)),10),11))),12); -9510.24  0 77.995 34.0745 30.5837 -9584.75 0.241065 0.235233 0.202276 0.321427  0.0539167   0.309602  0.0694276 0.00674756   0.557434 0.00287239
(1,((((2,3),4),5),(6,(((7,(8,9)),10),11))),12); -9529.16  0 82.441 33.5505 26.4215 -9604.47 0.238129 0.228192 0.209391 0.324289  0.0423459   0.279406  0.0615281  0.0213228   0.591638 0.00375951
(1,((((2,3),4),5),(6,(((7,(8,9)),10),11))),12); -9528.79  0 75.1354 33.6709 25.8277 -9596.08 0.249495 0.239154 0.193003 0.318348  0.0606488   0.323952   0.061486  0.0175769   0.529318 0.00701864
(1,((((2,3),4),5),(6,(((7,(8,9)),10),11))),12); -9523.62  0 85.635 33.1918 29.2237 -9605.29 0.254611 0.231932 0.186319 0.327139  0.0512291   0.298933  0.0660303  0.0123763    0.56515 0.00628161
(1,((((2,3),4),5),(6,(((7,(8,9)),10),11))),12); -9519.3  0 72.5797 33.2271 29.4561 -9588.11  0.23831 0.243452 0.201008 0.317231  0.0492415   0.312809  0.0633708 0.00712219   0.557138  0.0103178
(1,((((2,3),4),5),(6,(((7,(8,9)),10),11))),12); -9533.9  0 69.4395 33.8967 27.8227 -9597.27 0.238987   0.2342 0.201598 0.325214  0.0485748   0.265253  0.0609228  0.0166048   0.603045 0.00559989
(1,((((2,3),4),5),(6,(((7,(8,9)),10),11))),12); -9527.42  0 75.3686 33.7058 29.4583 -9598.54 0.247003 0.229395 0.208449 0.315153  0.0535923   0.323723  0.0604873  0.0109366   0.546266 0.00499516
(1,((((2,3),4),5),(6,(((7,(8,9)),10),11))),12); -9520.1  0 78.7276 32.8621 26.2354 -9592.2 0.247975 0.225989 0.201252 0.324784  0.0399315   0.307867  0.0861172 0.00451545   0.554949  0.0066202
(1,((((2,3),4),5),(6,(((7,(8,9)),10),11))),12); -9534.21  0 77.5592 33.5153 30.2815 -9608.54 0.240067 0.247794 0.198347 0.313792  0.0500325   0.305886  0.0751412 0.00539642   0.558334  0.0052094
(1,((((2,3),4),5),(6,(((7,(8,9)),10),11))),12); -9538.23  0 85.4089 33.3633 25.8979 -9616.17 0.244645 0.243483 0.216942  0.29493  0.0322805   0.307535  0.0720402 0.00785366   0.572485 0.00780618
(1,((((2,3),4),5),(6,(((7,(8,9)),10),11))),12); -9522.22  0 74.0635 33.3703 31.3801 -9594.29 0.242876 0.242543 0.207131  0.30745  0.0524958   0.282584  0.0656453  0.0119694   0.583528 0.00377825
(1,((((2,3),4),5),(6,(((7,(8,9)),10),11))),12); -9536.85  0 78.9141 33.3848 25.9967 -9608.38 0.247021 0.237192 0.191222 0.324566  0.0456733   0.304527  0.0840096 0.00342772   0.559247 0.00311514
(1,((((2,3),4),5),(6,(((7,(8,9)),10),11))),12); -9521.46  0 75.8743 33.805 29.5548 -9593.09  0.23733 0.237274 0.209824 0.315573  0.0453017   0.266445  0.0726785 0.00980011   0.602542  0.0032334
(1,((((2,3),4),5),(6,(((7,(8,9)),10),11))),12); -9520.49  0 87.6035 33.547 25.9362 -9600.48 0.246132 0.229289 0.201653 0.322926  0.0514798   0.308614   0.074632  0.0242632   0.536414 0.00459704
(1,((((2,3),4),5),(6,(((7,(8,9)),10),11))),12); -9513.28  0 73.9531 33.1866 29.728 -9583.78 0.237578 0.238405 0.200117   0.3239  0.0402455   0.299044  0.0831014  0.0138425   0.556821 0.00694564
(1,((((2,3),4),5),(6,(((7,(8,9)),10),11))),12); -9519.87  0 73.9832 33.1202 27.619 -9588.35  0.23545 0.255389 0.203605 0.305555  0.0498281   0.289187  0.0897463 0.00653522   0.561406 0.00329742
(1,((((2,3),4),5),(6,(((7,(8,9)),10),11))),12); -9513.02  0 75.4699 33.5301 30.1611 -9585.12 0.246216   0.2289 0.209598 0.315286  0.0473002   0.317712  0.0587533  0.0106618   0.560777 0.00479593
(1,((((2,3),4),5),(6,(((7,(8,9)),10),11))),12); -9547.52  0 72.0872 33.327 30.4264 -9616.71 0.246017 0.255104  0.19623 0.302649  0.0518143   0.303285  0.0661188  0.0110325   0.562399 0.00535044
(1,((((2,3),4),5),(6,(((7,(8,9)),10),11))),12); -9516.17  0 74.1831 33.0499 29.6653 -9586.97 0.237861 0.246698 0.216337 0.299104  0.0527476   0.291787  0.0647715  0.0111076   0.575934 0.00365268
(1,((((2,3),4),5),(6,(((7,(8,9)),10),11))),12); -9518.3  0 80.3155 33.8751 30.6444 -9595.38 0.246332 0.245785 0.209041 0.298843  0.0437922   0.284915  0.0706558  0.0119798   0.583472 0.00518562
(1,((((2,3),4),5),(6,(((7,(8,9)),10),11))),12); -9556.22  0 76.075 32.1468 29.6059 -9629.75 0.252145  0.23704 0.201775 0.309039  0.0351988   0.299098  0.0715397 0.00757342    0.57967 0.00692011
(1,((((2,3),4),5),(6,(((7,(8,9)),10),11))),12); -9512.56  0 80.7772 33.7633 27.7113 -9587.28 0.249851 0.226896 0.214124 0.309129  0.0542529   0.281033  0.0889356 0.00760654    0.56273 0.00544211
(1,((((2,3),4),5),(6,(((7,(8,9)),10),11))),12); -9523.28  0 78.1362 33.6602 28.2308 -9595.99 0.252896 0.243604 0.201151 0.302349  0.041792  0.282775 0.0883623 0.0147958  0.568999 0.0032766
(1,((((2,3),4),5),(6,(((7,(8,9)),10),11))),12); -9534.62  0 83.1811 33.4302 22.1261 -9606.5 0.227236 0.247567 0.208512 0.316684  0.0754842   0.259408  0.0752843  0.0082713   0.572858 0.00869428
(1,((((2,3),4),5),(6,(((7,(8,9)),10),11))),12); -9581.9  0 77.505 33.358 29.6954 -9655.74 0.255217 0.228322 0.204517 0.311943  0.0526466   0.308804  0.0596171 0.00737691   0.567468 0.00408798
(1,((((2,3),4),5),(6,(((7,(8,9)),10),11))),12); -9525.29  0 87.0577 33.735 31.121 -9609.73 0.230737 0.246146 0.201725 0.321392  0.0519635   0.285421  0.0718999  0.0116632   0.574107 0.00494544
(1,((((2,3),4),5),(6,(((7,(8,9)),10),11))),12); -9537.33  0 81.9318 33.5433 22.8172 -9608.54 0.248194  0.24182 0.200069 0.309917  0.0698343   0.333487  0.0575358 0.00534021   0.527852 0.00595032
(1,((((2,3),4),5),(6,(((7,(8,9)),10),11))),12); -9520.13  0 84.7852 33.61 28.3571 -9599.66 0.241725 0.243187 0.191218  0.32387  0.0464489   0.280116  0.0786844 0.00908652   0.573968   0.011696
(1,((((2,3),4),5),(6,(((7,(8,9)),10),11))),12); -9529.88  0 69.3213 33.2215 23.2804 -9589.26  0.22635 0.255664 0.217762 0.300223  0.0559037   0.258225  0.0615105  0.0116643   0.608316 0.00438038
(1,((((2,3),4),5),(6,(((7,(8,9)),10),11))),12); -9518.36  0 73.8375 33.3209 27.191 -9586.07  0.25349 0.224828 0.200372 0.321311  0.0500147   0.280707  0.0682038  0.0216795   0.574822 0.00457304
(1,((((2,3),4),5),(6,(((7,(8,9)),10),11))),12); -9540.86  0 72.2628 33.4017 28.5919 -9608.31 0.258172 0.240363 0.200199 0.301267  0.0488742   0.282479  0.0887404 0.00814119   0.567372  0.0043928
(1,((((2,3),4),5),(6,(((7,(8,9)),10),11))),12); -9511.08  0 73.9027 33.3015 31.4556 -9583.14  0.23848  0.24512 0.201759 0.314641 0.0526686  0.300421 0.0733865 0.0107919  0.555157 0.0075755
(1,((((2,3),4),5),(6,(((7,(8,9)),10),11))),12); -9531.27  0 78.1592 33.0557 29.3916 -9605.77 0.250594 0.242306  0.20741  0.29969  0.0629983   0.293941  0.0665374 0.00904259   0.563594 0.00388719
(1,((((2,3),4),5),(6,(((7,(8,9)),10),11))),12); -9511.37  0 76.6621 33.3575 32.0046 -9586.67 0.244814  0.23577 0.209027 0.310389   0.045668   0.298437  0.0760951  0.0107967   0.564203 0.00479967
(1,((((2,3),4),5),(6,(((7,(8,9)),10),11))),12); -9521.52  0 73.9169 33.9289 25.0364 -9586.54 0.249839  0.24097 0.199616 0.309575 0.0540626  0.293369 0.0916995 0.0135031  0.534266 0.0131001
(1,((((2,3),4),5),(6,(((7,(8,9)),10),11))),12); -9509.39  0 76.7676 33.6868 30.2607 -9582.74 0.240731 0.243509 0.208072 0.307688  0.0442623   0.300082   0.074462  0.0132171   0.558468 0.00950817
(1,((((2,3),4),5),(6,(((7,(8,9)),10),11))),12); -9514.63  0 70.9782 34.0399 32.0119 -9583.58  0.23842 0.241785 0.204542 0.315252  0.0412094   0.299781  0.0699803 0.00934471   0.574413 0.00527152
(1,((((2,3),4),5),(6,(((7,(8,9)),10),11))),12); -9537.51  0 75.1904 33.6836 28.1151 -9607.13 0.222883 0.247312 0.205724 0.324081 0.0536758   0.30025 0.0722889 0.0163413  0.552086 0.0053572
(1,((((2,3),4),5),(6,(((7,(8,9)),10),11))),12); -9522.15  0 83.1782 33.4762 30.5727 -9602.42 0.242709 0.241191 0.199744 0.316357  0.0398093   0.281663  0.0757007 0.00869463   0.586406 0.00772629
(1,((((2,3),4),5),(6,(((7,(8,9)),10),11))),12); -9516.57  0 79.3727 32.877 28.1273 -9591.2 0.254369 0.253361 0.191498 0.300772  0.0426728   0.280038  0.0747941  0.0106349    0.58352 0.00833994
(1,((((2,3),4),5),(6,(((7,(8,9)),10),11))),12); -9517  0 72.4951 33.4671 29.9582 -9585.98 0.236594 0.246791 0.216198 0.300416 0.0529584  0.293883 0.0678209 0.0100928  0.571624 0.0036202
(1,((((2,3),4),5),(6,(((7,(8,9)),10),11))),12); -9512.13  0 77.6294 33.3107 28.3622 -9584.81  0.23399 0.247706 0.197447 0.320856  0.0555642   0.288223  0.0579818  0.0144968   0.574711 0.00902323
(1,((((2,3),4),5),(6,(((7,(8,9)),10),11))),12); -9519.98  0 74.9123 33.2782 26.0825 -9587.7 0.248174 0.242277 0.192772 0.316778 0.0289249  0.294679 0.0710043  0.016525  0.584428  0.004439
(1,((((2,3),4),5),(6,(((7,(8,9)),10),11))),12); -9523.68  0 75.5451 33.305 26.7975 -9592.72 0.237639 0.253613 0.207263 0.301485  0.0393358   0.301556  0.0764992  0.0168333   0.555816 0.00996003
(1,((((2,3),4),5),(6,(((7,(8,9)),10),11))),12); -9520.6  0 72.0339 34.0893 28.4209 -9586.96 0.232628 0.254699 0.207972 0.304701  0.0515577   0.302708  0.0806621  0.0147499   0.544654 0.00566769
(1,((((2,3),4),5),(6,(((7,(8,9)),10),11))),12); -9515.57  0 80.4906 33.7591 25.6086 -9587.91 0.254115 0.231747  0.18919 0.324949   0.056283   0.317525  0.0749351  0.0176119   0.531105 0.00253936
(1,((((2,3),4),5),(6,(((7,(8,9)),10),11))),12); -9513.06  0 77.2909 33.0916 27.9581 -9585.21 0.241608 0.252538 0.201772 0.304082  0.0394501   0.286085  0.0654415  0.0194532   0.584534 0.00503558
(1,((((2,3),4),5),(6,(((7,(8,9)),10),11))),12); -9537.02  0 76.5597 33.2806 26.6641 -9606.97 0.222668 0.240677 0.202621 0.334034  0.0445294   0.275099  0.0607986  0.0126484   0.600487 0.00643687
(1,((((2,3),4),5),(6,(((7,(8,9)),10),11))),12); -9525.13  0 73.8194 33.2454 32.539 -9598.24 0.242461 0.241683 0.202201 0.313655  0.0480895   0.293663  0.0667821 0.00952064   0.576569 0.00537549
(1,((((2,3),4),5),(6,(((7,(8,9)),10),11))),12); -9518.08  0 78.8026 33.6224 24.1324 -9587.39 0.218579 0.232524 0.208719 0.340177  0.0361317   0.292499  0.0807987  0.0076319   0.577839 0.00510065
(1,((((2,3),4),5),(6,(((7,(8,9)),10),11))),12); -9514.74  0 73.6264 33.2625 28.1166 -9583.22 0.248202 0.231101 0.191179 0.329518  0.0498841   0.272065  0.0595552  0.0094077   0.603967 0.00512053
(1,((((2,3),4),5),(6,(((7,(8,9)),10),11))),12); -9523.97  0 79.844 33.0615 29.7197 -9600.47 0.241511 0.230018 0.206986 0.321484  0.0461736   0.315531  0.0746892  0.0119268   0.543206 0.00847412
(1,((((2,3),4),5),(6,(((7,(8,9)),10),11))),12); -9514.31  0 82.6539 33.1597 27.4211 -9591.22  0.25975  0.22665 0.189297 0.324304  0.0440705    0.31864   0.057988  0.0107497    0.56363 0.00492192
(1,((((2,3),4),5),(6,(((7,(8,9)),10),11))),12); -9512.78  0 79.3482 33.1552 28.8176 -9587.79 0.235546 0.252027 0.215121 0.297306  0.0562654    0.29565  0.0730192  0.0109214   0.558944 0.00520017
(1,((((2,3),4),5),(6,(((7,(8,9)),10),11))),12); -9512.48  0 77.9075 33.6025 27.7313 -9584.51 0.252291 0.231779 0.186583 0.329347  0.0559053   0.307017  0.0798761 0.00821122   0.543373 0.00561763
(1,((((2,3),4),5),(6,(((7,(8,9)),10),11))),12); -9530.43  0 77.7282 33.3478 21.9504 -9596.76 0.245168 0.218599 0.197966 0.338268  0.0365937   0.273929  0.0976034 0.00849635   0.576948 0.00642981
(1,((((2,3),4),5),(6,(((7,(8,9)),10),11))),12); -9521.5  0 70.6977 33.5902 26.7159 -9585.32 0.230408 0.259081 0.208588 0.301923  0.0517954   0.276547  0.0769748  0.0157686   0.576131 0.00278294
(1,((((2,3),4),5),(6,(((7,(8,9)),10),11))),12); -9517.11  0 73.1531 33.5329 31.5544 -9588.28 0.251799 0.237605 0.193835 0.316761  0.0437311   0.304363  0.0655374 0.00953837   0.571871 0.00495939
(1,((((2,3),4),5),(6,(((7,(8,9)),10),11))),12); -9515.78  0 77.2887 33.5441 31.4577 -9590.99 0.245099 0.236424 0.204545 0.313933  0.0522231   0.293279  0.0752206  0.0117293   0.559587 0.00796102
(1,((((2,3),4),5),(6,(((7,(8,9)),10),11))),12); -9513.36  0 73.041 34.0475 30.0709 -9582.42 0.245603 0.244273 0.194403 0.315721   0.038626   0.294048  0.0774993  0.0104063   0.570717 0.00870264
(1,((((2,3),4),5),(6,(((7,(8,9)),10),11))),12); -9520.02  0 84.5461 33.7395 31.3954 -9602.22 0.235244  0.24127 0.208385   0.3151  0.0505818   0.304671  0.0760348  0.0119471    0.55257 0.00419599
(1,((((2,3),4),5),(6,(((7,(8,9)),10),11))),12); -9510.53  0 85.8809 33.21 31.1346 -9594.34 0.246845 0.235065 0.203513 0.314577  0.0508872   0.304006  0.0600062  0.0129095   0.565475 0.00671599
(1,((((2,3),4),5),(6,(((7,(8,9)),10),11))),12); -9515  0 79.3769 32.9738 31.0004 -9592.4 0.234165  0.23875 0.204388 0.322697  0.0417449   0.296157  0.0632435 0.00929202   0.585832 0.00373113
(1,((((2,3),4),5),(6,(((7,(8,9)),10),11))),12); -9523.08  0 72.8931 33.312 25.7061 -9588.37 0.252106 0.215225 0.212612 0.320057  0.0632047   0.290397  0.0736369 0.00675452   0.562418 0.00358908
(1,((((2,3),4),5),(6,(((7,(8,9)),10),11))),12); -9524.56  0 78.1569 33.513 27.2887 -9596.49 0.226407 0.239516 0.202658 0.331418  0.0388162   0.323106  0.0734997  0.0136382   0.547538 0.00340193
(1,((((2,3),4),5),(6,(((7,(8,9)),10),11))),12); -9517.11  0 77.8445 33.3766 24.8441 -9586.42 0.225834 0.254989 0.201838 0.317339  0.0445267   0.256896  0.0633713  0.0086286   0.622578 0.00399928
(1,((((2,3),4),5),(6,(((7,(8,9)),10),11))),12); -9516.95  0 73.902 33.3555 27.7502 -9585.25 0.262764 0.244823 0.187252 0.305161 0.0502919  0.299006 0.0592671 0.0109075  0.572809 0.0077192
(1,((((2,3),4),5),(6,(((7,(8,9)),10),11))),12); -9550.71  0 78.5663 33.6303 27.6755 -9623.32  0.25276 0.232654 0.212587 0.301999  0.0385044   0.330184  0.0672589  0.0100983   0.550763 0.00319115
(1,((((2,3),4),5),(6,(((7,(8,9)),10),11))),12); -9521.7  0 83.0557 33.3435 30.1327 -9601.55  0.24933 0.229785 0.203056  0.31783  0.0406884   0.282424  0.0826242 0.00980803     0.5784 0.00605437
(1,((((2,3),4),5),(6,(((7,(8,9)),10),11))),12); -9523.45  0 73.9795 33.2192 26.4189 -9590.63 0.240946 0.242532 0.203827 0.312695  0.0532746   0.283892  0.0477937  0.0166618   0.593359 0.00501929
(1,((((2,3),4),5),(6,(((7,(8,9)),10),11))),12); -9514.07  0 79.4035 32.7605 28.2296 -9588.95 0.236073  0.23542 0.203455 0.325053  0.0391506   0.279323  0.0762448   0.016963   0.579928 0.00839061
(1,((((2,3),4),5),(6,(((7,(8,9)),10),11))),12); -9511.29  0 78.2252 33.5842 28.586 -9584.52 0.260563 0.231722 0.204587 0.303128  0.0442167   0.306007  0.0778289  0.0155785   0.550418 0.00595016
(1,((((2,3),4),5),(6,(((7,(8,9)),10),11))),12); -9516.42  0 77.6132 33.6675 27.3543 -9587.72 0.241831  0.24263 0.190092 0.325447  0.0477019   0.269269   0.057411  0.0146514   0.604738 0.00622883
(1,((((2,3),4),5),(6,(((7,(8,9)),10),11))),12); -9519.79  0 71.0232 33.2145 28.3437 -9585.94 0.249362 0.239076 0.205293 0.306269  0.0671333   0.306932   0.069935  0.0112209   0.538616 0.00616266
(1,((((2,3),4),5),(6,(((7,(8,9)),10),11))),12); -9515.49  0 76.5271 33.3449 31.5989 -9590.27 0.241914 0.236468  0.19683 0.324788  0.0448839    0.30048  0.0628124  0.0114511   0.575773 0.00459999
(1,((((2,3),4),5),(6,(((7,(8,9)),10),11))),12); -9511.48  0 76.1346 33.6454 29.1921 -9583.16 0.236797 0.247294 0.191491 0.324417  0.0478983   0.285844  0.0627391  0.0168229    0.58269 0.00400623
(1,((((2,3),4),5),(6,(((7,(8,9)),10),11))),12); -9520.9  0 67.8472 33.2738 30.8101 -9586.29 0.243011 0.232324 0.205727 0.318937  0.0465241   0.291528  0.0805915 0.00852325    0.56489  0.0079429
(1,((((2,3),4),5),(6,(((7,(8,9)),10),11))),12); -9517.43  0 73.898 33.3057 28.5031 -9586.53 0.248953 0.232069 0.188843 0.330136  0.0433601   0.296751  0.0783674  0.0100342   0.562069 0.00941841
(1,((((2,3),4),5),(6,(((7,(8,9)),10),11))),12); -9515.18  0 88.2582 33.6129 25.7913 -9595.61 0.251194 0.244054 0.191559 0.313193 0.0520483  0.279122 0.0882021 0.0120059  0.555372 0.0132499
(1,((((2,3),4),5),(6,(((7,(8,9)),10),11))),12); -9513.89  0 73.1175 33.5544 30.8575 -9584.31  0.24764 0.227167 0.204957 0.320236  0.0418802   0.303215  0.0670424  0.0134015   0.569311 0.00514979
(1,((((2,3),4),5),(6,(((7,(8,9)),10),11))),12); -9521.9  0 74.8017 34.3137 28.0619 -9590.45 0.232193 0.244189 0.213505 0.310113  0.0580483   0.279839  0.0822469 0.00641859   0.569837  0.0036103
(1,((((2,3),4),5),(6,(((7,(8,9)),10),11))),12); -9516.46  0 79.1464 33.3066 28.2542 -9590.55 0.224852 0.258649 0.204763 0.311735  0.0560017   0.288947  0.0663769 0.00881479   0.573734 0.00612614
(1,((((2,3),4),5),(6,(((7,(8,9)),10),11))),12); -9539.28  0 83.3472 33.5361 28.2736 -9617.36 0.246611 0.247469 0.199993 0.305927  0.0443501   0.280711  0.0730776   0.020723   0.574159 0.00697959
(1,((((2,3),4),5),(6,(((7,(8,9)),10),11))),12); -9574.77  0 72.0837 33.5231 27.7009 -9641.04 0.253575 0.236447 0.196966 0.313011  0.0445342   0.268869  0.0570541  0.0139252   0.611559 0.00405858
(1,((((2,3),4),5),(6,(((7,(8,9)),10),11))),12); -9516.52  0 76.6095 33.7419 26.533 -9585.92 0.252666  0.23258 0.210234  0.30452 0.0459368  0.279587 0.0784509 0.0114087  0.570263 0.0143537
(1,((((2,3),4),5),(6,(((7,(8,9)),10),11))),12); -9582.25  0 74.1547 32.162 29.5044 -9653.75  0.24394 0.232448 0.197956 0.325656  0.0494066    0.31783  0.0700986  0.0161904   0.541629 0.00484516
(1,((((2,3),4),5),(6,(((7,(8,9)),10),11))),12); -9513.52  0 74.5 32.9123 29.1444 -9584.25 0.236193 0.233524 0.198762 0.331521  0.0398601   0.281487   0.077606  0.0138177   0.580866 0.00636323
(1,((((2,3),4),5),(6,(((7,(8,9)),10),11))),12); -9524.27  0 71.8611 34.0242 26.1973 -9588.3 0.223131 0.251484 0.212732 0.312652  0.0515242   0.267619  0.0815033 0.00762925   0.588541 0.00318346
(1,((((2,3),4),5),(6,(((7,(8,9)),10),11))),12); -9563.15  0 75.16 33.4429 30.6981 -9635.57   0.2393 0.241874 0.198524 0.320302  0.0442235   0.295001  0.0850938  0.0125776   0.557701 0.00540279
(1,((((2,3),4),5),(6,(((7,(8,9)),10),11))),12); -9520.53  0 70.6351 33.6257 28.0759 -9585.62 0.244488 0.248085 0.199731 0.307697  0.0535302   0.262816  0.0630155  0.0106055   0.607385 0.00264781
(1,((((2,3),4),5),(6,(((7,(8,9)),10),11))),12); -9524.93  0 79.369 33.8493 27.6556 -9598.1  0.23528 0.227313  0.21277 0.324637  0.0548257   0.282141  0.0642796  0.0145023   0.574471 0.00978005
(1,((((2,3),4),5),(6,(((7,(8,9)),10),11))),12); -9531.9  0 75.8276 33.2668 26.3648 -9600.83 0.228845 0.253173  0.20935 0.308632  0.0408658   0.281505  0.0571715  0.0154549   0.597522 0.00748161
(1,((((2,3),4),5),(6,(((7,(8,9)),10),11))),12); -9539.03  0 77.4329 33.2365 26.2353 -9609.46 0.226608 0.242731 0.216182 0.314479  0.0545638   0.286834    0.08748 0.00524875   0.560736 0.00513771
(1,((((2,3),4),5),(6,(((7,(8,9)),10),11))),12); -9521.17  0 73.0633 33.8136 24.7202 -9585.14 0.261322 0.230741 0.184917  0.32302  0.0674613   0.288588  0.0644902 0.00619799   0.568743 0.00451983
(1,((((2,3),4),5),(6,(((7,(8,9)),10),11))),12); -9519.49  0 72.9832 33.6767 28.8595 -9587.66 0.261899 0.228619 0.190826 0.318656  0.0532748   0.285099  0.0759738 0.00812972   0.573177 0.00434566
(1,((((2,3),4),5),(6,(((7,(8,9)),10),11))),12); -9541.52  0 83.1767 33.9404 29.4343 -9620.19 0.238742  0.23825 0.203992 0.319017   0.042897   0.329137  0.0656717  0.0142148   0.542442 0.00563801
(1,((((2,3),4),5),(6,(((7,(8,9)),10),11))),12); -9522.37  0 65.9418 33.2212 28.9028 -9584 0.243998 0.254134 0.197821 0.304047  0.0503812   0.305979  0.0667007   0.017139   0.552746 0.00705399
(1,((((2,3),4),5),(6,(((7,(8,9)),10),11))),12); -9526.09  0 82.6386 32.9861 30.9681 -9606.71   0.2357 0.249372 0.203846 0.311082  0.0478963     0.3118  0.0650985 0.00859541   0.560087 0.00652286
(1,((((2,3),4),5),(6,(((7,(8,9)),10),11))),12); -9588  0 73.4058 33.5578 19.9677 -9647.82 0.221426 0.245904 0.202564 0.330106 0.0306332  0.305912 0.0644275 0.0166595  0.567831 0.0145365
(1,((((2,3),4),5),(6,(((7,(8,9)),10),11))),12); -9518.39  0 73.436 33.5796 28.9029 -9587.15 0.251476 0.236832  0.20269 0.309002  0.0408002   0.276124   0.059392    0.01282   0.604071 0.00679242
(1,((((2,3),4),5),(6,(((7,(8,9)),10),11))),12); -9532.28  0 78.6579 33.0851 29.1194 -9606.98 0.235894 0.246118 0.216814 0.301174  0.0558882   0.278831  0.0726038 0.00912295   0.577888 0.00566689
(1,((((2,3),4),5),(6,(((7,(8,9)),10),11))),12); -9523.1  0 85.2706 33.9396 27.9414 -9602.37 0.237484 0.252212 0.197087 0.313217  0.0542349   0.323039  0.0597162  0.0158076   0.542977 0.00422506
(1,((((2,3),4),5),(6,(((7,(8,9)),10),11))),12); -9520.64  0 72.8446 33.2079 26.6546 -9586.93 0.249162 0.235588 0.199451 0.315799  0.0337075   0.328382  0.0700914 0.00883499   0.548844  0.0101408
(1,((((2,3),4),5),(6,(((7,(8,9)),10),11))),12); -9512.4  0 74.895 33.5353 28.1185 -9581.88 0.234087 0.239005 0.192871 0.334037  0.0568595   0.278461  0.0713723  0.0122663   0.578805 0.00223601
(1,((((2,3),4),5),(6,(((7,(8,9)),10),11))),12); -9519.96  0 85.5232 33.3032 27.3221 -9599.5 0.237911 0.232545 0.189352 0.340192  0.0564279   0.311102  0.0680772  0.0114326   0.550042 0.00291894
(1,((((2,3),4),5),(6,(((7,(8,9)),10),11))),12); -9517.02  0 68.8587 33.2414 30.6255 -9583.26 0.236261 0.241824 0.196113 0.325802  0.0467156   0.299673  0.0741534  0.0144362   0.558068 0.00695322
(1,((((2,3),4),5),(6,(((7,(8,9)),10),11))),12); -9521.09  0 73.3976 33.9209 27.0658 -9587.63 0.249235 0.240908 0.188282 0.321575  0.0336618   0.289928  0.0669991 0.00605791   0.598977 0.00437625
(1,((((2,3),4),5),(6,(((7,(8,9)),10),11))),12); -9523.98  0 80.878 33.6165 30.0747 -9601.32 0.236614 0.234463  0.21309 0.315833  0.0564823   0.283855  0.0610756 0.00971981   0.583352 0.00551486
(1,((((2,3),4),5),(6,(((7,(8,9)),10),11))),12); -9522.8  0 67.7578 34.1665 30.0584 -9586.45 0.250953 0.238426 0.211635 0.298985  0.0443494   0.287406  0.0733969  0.0110161   0.576095 0.00773714
(1,((((2,3),4),5),(6,(((7,(8,9)),10),11))),12); -9525.27  0 74.3093 34.2872 29.8083 -9595.1 0.240832 0.235723 0.201864 0.321581  0.0521223   0.307846  0.0733475 0.00756596   0.549159 0.00995907
(1,((((2,3),4),5),(6,(((7,(8,9)),10),11))),12); -9558.48  0 78.5203 33.6358 29.6103 -9632.98 0.238774  0.23407  0.20791 0.319245  0.0375033   0.315398  0.0788492  0.0111937   0.550994 0.00606115
(1,((((2,3),4),5),(6,(((7,(8,9)),10),11))),12); -9580.58  0 74.4012 32.4005 31.3695 -9653.95 0.240563 0.246097  0.20473 0.308609  0.0507721   0.305847  0.0672223  0.0141903   0.557748 0.00422033
(1,((((2,3),4),5),(6,(((7,(8,9)),10),11))),12); -9525.54  0 70.8573 33.1511 25.0069 -9588.25  0.26278 0.218184 0.195148 0.323888  0.043911   0.28119 0.0641642  0.010202  0.589445 0.0110875
(1,((((2,3),4),5),(6,(((7,(8,9)),10),11))),12); -9511.35  0 77.4591 33.6818 28.9066 -9584.03 0.249502 0.235943 0.191148 0.323407  0.0424263   0.299119  0.0723534 0.00748487   0.567902  0.0107142
(1,((((2,3),4),5),(6,(((7,(8,9)),10),11))),12); -9521.36  0 78.8896 34.0164 23.3551 -9589.59 0.250421 0.260119 0.198112 0.291348  0.0562498   0.272266  0.0828545  0.0192128   0.566263 0.00315424
(1,((((2,3),4),5),(6,(((7,(8,9)),10),11))),12); -9545.63  0 76.7001 33.2006 23.3381 -9612.47 0.230968 0.263954 0.201465 0.303613  0.0327664   0.330401  0.0721376 0.00650178   0.554345 0.00384843
(1,((((2,3),4),5),(6,(((7,(8,9)),10),11))),12); -9517.82  0 78.0272 33.3522 25.1233 -9587.62 0.237629 0.244894 0.186645 0.330832   0.063316   0.259702  0.0796855 0.00857643   0.582837 0.00588331
(1,((((2,3),4),5),(6,(((7,(8,9)),10),11))),12); -9516.61  0 80.6961 33.1428 28.7925 -9592.95 0.240108 0.234765 0.216623 0.308504  0.0455811    0.27507  0.0604881   0.010706    0.60456 0.00359459
(1,((((2,3),4),5),(6,(((7,(8,9)),10),11))),12); -9511.27  0 82.625 33.0224 29.675 -9590.55 0.240311 0.252632 0.194341 0.312717  0.0464698   0.294973  0.0744275 0.00522914   0.573556 0.00534484
(1,((((2,3),4),5),(6,(((7,(8,9)),10),11))),12); -9518.66  0 72.4874 33.533 27.3838 -9584.99 0.244524   0.2443 0.197161 0.314015  0.0634596   0.304222  0.0656148 0.00517059    0.55262 0.00891241
(1,((((2,3),4),5),(6,(((7,(8,9)),10),11))),12); -9525.96  0 86.2109 33.404 26.1419 -9604.91 0.238086 0.248852 0.194095 0.318967  0.0480607   0.254034  0.0694526 0.00821621   0.617758 0.00247824
(1,((((2,3),4),5),(6,(((7,(8,9)),10),11))),12); -9527.62  0 67.8917 33.6583 26.2745 -9588.12 0.235965 0.251896 0.207349 0.304789  0.0556949   0.282153  0.0878657  0.0142738   0.550015 0.00999836
(1,((((2,3),4),5),(6,(((7,(8,9)),10),11))),12); -9514.21  0 74.6126 33.3063 29.8369 -9585.36 0.251293  0.24829 0.191516 0.308901  0.0538253    0.30183  0.0606865 0.00925025    0.57152 0.00288737
(1,((((2,3),4),5),(6,(((7,(8,9)),10),11))),12); -9516.02  0 76.8298 33.303 28.7385 -9588.29 0.246288 0.245451 0.204084 0.304177  0.0495195   0.287806  0.0745896 0.00413004   0.577609 0.00634615
(1,((((2,3),4),5),(6,(((7,(8,9)),10),11))),12); -9514.23  0 70.915 33.0365 30.9722 -9583.08 0.248471 0.238131 0.206731 0.306667  0.0386594   0.290784  0.0743579  0.0110498   0.579156 0.00599318
(1,((((2,3),4),5),(6,(((7,(8,9)),10),11))),12); -9544.27  0 71.297 33.6392 27.7391 -9609.67 0.229599 0.231628 0.209049 0.329723  0.0489591   0.269993  0.0644479 0.00851593   0.600786 0.00729717
(1,((((2,3),4),5),(6,(((7,(8,9)),10),11))),12); -9513.38  0 75.4445 33.3301 29.9209 -9585.42 0.246155 0.237178 0.195676 0.320991  0.0420276   0.306518  0.0814226 0.00916385    0.55865 0.00221831
(1,((((2,3),4),5),(6,(((7,(8,9)),10),11))),12); -9518.43  0 77.216 33.1899 30.4959 -9592.95 0.237471  0.23075 0.214287 0.317491  0.0488946   0.293407  0.0787843 0.00883261   0.566742 0.00333932
(1,((((2,3),4),5),(6,(((7,(8,9)),10),11))),12); -9518.3  0 74.9182 33.2082 27.506 -9587.52 0.253132 0.246243  0.20884 0.291785  0.0597201   0.290215   0.072465   0.014851   0.559468 0.00328141
(1,((((2,3),4),5),(6,(((7,(8,9)),10),11))),12); -9520.52  0 76.689 33.6075 27.4059 -9591 0.235462 0.239455 0.192071 0.333013  0.0366046        0.3  0.0756818  0.0175065   0.566087 0.00412027
(1,((((2,3),4),5),(6,(((7,(8,9)),10),11))),12); -9514.63  0 74.4613 33.018 29.3426 -9585.42  0.25389 0.226419  0.19783 0.321862  0.0505238   0.284824  0.0812749 0.00733732   0.572761 0.00327899
(1,((((2,3),4),5),(6,(((7,(8,9)),10),11))),12); -9525.82  0 80.5163 32.9424 31.0333 -9604.43 0.243282 0.248072 0.204293 0.304353  0.0546584    0.28625  0.0682097   0.010959   0.573017 0.00690612
(1,((((2,3),4),5),(6,(((7,(8,9)),10),11))),12); -9512.96  0 79.5478 33.5853 29.9283 -9588.85 0.235159 0.241222 0.200793 0.322825  0.0463294   0.278849   0.063219  0.0119253   0.590966 0.00871116
(1,((((2,3),4),5),(6,(((7,(8,9)),10),11))),12); -9512.35  0 78.2107 33.6095 28.6183 -9585.57 0.250574 0.242434 0.196923 0.310069 0.0509801    0.2835 0.0764334 0.0164085  0.562093 0.0105853
(1,((((2,3),4),5),(6,(((7,(8,9)),10),11))),12); -9517.48  0 67.4307 33.1284 30.5629 -9582.34 0.248669 0.233798 0.204402 0.313131  0.0537707   0.315677  0.0679543 0.00706297   0.549799 0.00573522
(1,((((2,3),4),5),(6,(((7,(8,9)),10),11))),12); -9514.03  0 75.9286 33.5114 26.0043 -9582.45 0.257998 0.236381 0.204339 0.301283  0.0597904   0.321075  0.0813356 0.00680178   0.526367 0.00462994
(1,((((2,3),4),5),(6,(((7,(8,9)),10),11))),12); -9514.7  0 71.7311 34.0093 30.1406 -9582.57  0.24837 0.222367 0.204336 0.324927  0.0492347    0.29659  0.0720395  0.0104527   0.564251 0.00743193
(1,((((2,3),4),5),(6,(((7,(8,9)),10),11))),12); -9518.84  0 81.4448 33.0452 28.7804 -9596.02 0.233851 0.238831 0.219828  0.30749  0.0520867    0.28368  0.0772806  0.0104939   0.574107 0.00235202
(1,((((2,3),4),5),(6,(((7,(8,9)),10),11))),12); -9513.08  0 77.7446 33.8445 28.8162 -9585.8 0.239116 0.235343 0.206283 0.319258  0.0529074   0.279602  0.0604443 0.00764463   0.589187  0.0102142
(1,((((2,3),4),5),(6,(((7,(8,9)),10),11))),12); -9525.98  0 64.6978 33.6277 28.5722 -9585.62  0.25852 0.248305 0.188233 0.304941  0.0437098   0.308384  0.0651601  0.0103061   0.564416 0.00802423
(1,((((2,3),4),5),(6,(((7,(8,9)),10),11))),12); -9528.57  0 70.8502 33.1626 29.996 -9596.25  0.24438 0.249248 0.206734 0.299639  0.045027  0.320671 0.0656809  0.010136   0.55313 0.0053553
(1,((((2,3),4),5),(6,(((7,(8,9)),10),11))),12); -9518.17  0 75.5285 33.7668 24.902 -9584.83 0.255758  0.24983 0.179106 0.315306  0.0430137   0.278296  0.0864992   0.014142   0.570261 0.00778844
