tree logl logTop logBL logPrior logQ logWt pi1 pi2 pi3 pi4 s1 s2 s3 s4 s5 s6
(1,((2,3),4),((((((5,6),8),9),10),7),(((((((11,(16,18)),((12,(13,14)),(17,26))),((15,(19,24)),(22,23))),21),20),25),27))); -6919.55  -0.836962 252.182 113.501 26.3635 -7083.76 0.215755 0.238881 0.293149 0.252216 0.0873017  0.137372 0.0734215  0.246153  0.344203  0.111549
(1,((2,3),4),((((((5,6),8),9),10),7),((((((11,(16,18)),21),((((12,(13,14)),(17,26)),23),(15,((19,24),22)))),20),25),27))); -6942.26  -4.36618 271.094 113.187 29.1629 -7124.97 0.227549 0.237825 0.299897  0.23473 0.0767091  0.125033 0.0754616  0.244667  0.369322  0.108808
(1,(2,(3,4)),((((((5,6),8),9),10),7),(((((((11,(16,18)),((12,(13,14)),(17,26))),((15,(19,24)),(22,23))),21),20),25),27))); -6888.63  -2.51039 253.429 113.319 28.3828 -7054.61 0.226484 0.249921  0.29639 0.227205 0.0751101  0.127073 0.0787381  0.249029   0.35039  0.119659
(1,((2,3),4),((((((5,6),8),9),10),7),(((((((11,(16,18)),((12,(13,14)),(17,26))),((15,(19,24)),(22,23))),21),20),25),27))); -6967.76  -0.836962 243.725 112.723 27.6971 -7125.63 0.238567 0.236896 0.296862 0.227675 0.0902436  0.124097 0.0751067  0.247125  0.349526  0.113903
(1,((2,3),4),((((((5,6),8),9),10),7),(((((((11,(16,18)),(((12,13),17),(14,26))),((15,(19,24)),(22,23))),21),20),25),27))); -6891.07  -3.83944 254.947 113.31 28.391 -7057.26 0.222959 0.230032 0.309881 0.237129  0.068478  0.136806 0.0780393  0.250778  0.354312  0.111586
(1,((2,3),4),((((((5,6),8),9),10),7),(((((((11,(16,18)),((12,(13,14)),(17,26))),(((15,(19,22)),24),23)),21),20),25),27))); -6948.6  -4.15022 258.541 112.723 25.4769 -7115.74 0.235623 0.233104 0.300238 0.231035 0.0790146  0.135098 0.0899742  0.253441  0.356183  0.086289
(1,((2,3),4),((((((5,6),8),9),10),7),(((((((11,(16,18)),((12,(13,14)),(17,26))),((15,(19,24)),(22,23))),21),20),25),27))); -6900.83  -0.836962 253.642 113.321 26.9263 -7067.24 0.227671 0.234505 0.301357 0.236467 0.0911226  0.141652  0.070379  0.244405  0.355945 0.0964967
(1,((2,3),4),((((((5,6),8),9),10),7),(((((((11,(16,18)),((12,(13,14)),(17,26))),((15,(19,24)),(22,23))),21),20),25),27))); -6926.17  -0.836962 260.351 113.602 29.5455 -7101.63 0.240381  0.23284 0.288859  0.23792 0.0812125  0.138352 0.0792296  0.232552  0.363829  0.104825
(1,((2,3),4),((((((5,6),8),9),10),7),(((((((11,(16,18)),((12,(13,14)),(17,26))),((15,(19,24)),(22,23))),21),20),25),27))); -6920.56  -0.836962 248.725 113.3 29.1194 -7084.26 0.233401 0.233524   0.2892 0.243875 0.0788269  0.133976  0.088099  0.235705  0.350862  0.112531
(1,((2,3),4),((((((5,6),8),9),10),7),((((((11,(16,18)),(((12,(13,14)),(17,26)),((15,(19,24)),(22,23)))),21),20),25),27))); -6915.77  -5.15009 250.875 113.471 28.0899 -7076.12 0.229098 0.242507 0.292633 0.235762 0.0701775  0.145897 0.0915685  0.238094  0.351012  0.103251
(1,(2,(3,4)),((((((5,6),8),9),10),7),(((((((11,(16,18)),((12,(13,14)),(17,26))),((15,(19,24)),(22,23))),21),20),25),27))); -6888.14  -2.51039 254.239 113.243 28.4683 -7055.09 0.245494  0.23654 0.293531 0.224435 0.0796618  0.149046 0.0751687  0.245157  0.351925 0.0990419
(1,(2,(3,4)),((((((5,6),8),9),10),7),(((((((11,(16,18)),((12,26),(13,(14,17)))),((15,(19,24)),(22,23))),21),20),25),27))); -6908.22  -4.51287 260.763 113.468 27.7188 -7078.72 0.235898 0.249577 0.304838 0.209687 0.0788827  0.131451 0.0884634  0.235431  0.352138  0.113634
(1,((2,3),4),((((((5,6),8),9),10),7),((((((11,(16,18)),21),((((12,(13,14)),(17,26)),23),((15,(19,22)),24))),20),25),27))); -6911.64  -3.36618 254.796 113.281 27.0367 -7076.82 0.234677 0.236171  0.28969 0.239462  0.084646  0.145504 0.0668534  0.240047  0.358391  0.104559
(1,(2,(3,4)),((((((5,6),8),9),10),7),(((((((11,(16,18)),(((12,13),17),(14,26))),(((15,(19,22)),24),23)),21),20),25),27))); -6871.67  -8.82613 266.798 113.478 26.6239 -7042.79 0.241484 0.237257 0.304843 0.216416 0.0920699  0.143077 0.0771446  0.246245  0.331945  0.109519
(1,((2,3),4),((5,6),((((7,(((((((11,(16,18)),((12,(13,14)),(17,26))),((15,(19,24)),(22,23))),21),20),25),27)),10),9),8))); -6907.7  -3.83696 243.547 113.425 29.9661 -7063.95 0.221262 0.243142 0.304856  0.23074  0.081938  0.130237 0.0827513  0.234409  0.358733  0.111931
(1,((2,3),4),((((((5,6),8),9),10),7),(((((((11,(16,18)),((12,(13,14)),(17,26))),(((15,(19,22)),24),23)),21),20),25),27))); -6900.79  -4.15022 260.217 113.193 28.6882 -7072.36 0.220512 0.237716 0.303446 0.238326  0.073498  0.132035 0.0851888  0.259089  0.346147  0.104042
(1,((2,3),4),((((((5,6),8),9),10),7),(((((((11,(16,18)),((12,26),(13,(14,17)))),((15,(19,24)),(22,23))),21),20),25),27))); -6931.8  -2.83944 258.517 113.116 24.3897 -7098.75 0.242262 0.231696 0.276359 0.249683 0.0805531  0.134966 0.0883764  0.226379  0.351074  0.118651
(1,((2,3),4),((((((5,6),8),9),10),7),(((((((11,(16,18)),((12,26),(13,(14,17)))),((15,(19,24)),(22,23))),21),20),25),27))); -6919.16  -2.83944 248.259 113.211 29.4286 -7080.8  0.23084 0.244401 0.287279  0.23748 0.0773804  0.135821 0.0816249   0.24153  0.365476 0.0981681
(1,(2,(3,4)),((((((5,6),8),9),10),7),(((((((11,(16,18)),((12,(13,14)),(17,26))),((15,(19,24)),(22,23))),21),20),25),27))); -6915.63  -2.51039 252.338 113.236 27.3262 -7079.54 0.216477 0.228554 0.302394 0.252575 0.0787881  0.136701 0.0833817  0.241326  0.345105  0.114698
(1,((2,3),4),((((((5,6),8),9),10),7),(((((((11,(16,18)),((12,(13,14)),(17,26))),((15,(19,24)),(22,23))),21),20),25),27))); -6897.28  -0.836962 251.963 113.297 30.587 -7065.7 0.227511 0.239758 0.308612 0.224119 0.0800507  0.130989 0.0830046  0.245819  0.357566  0.102571
