tree logl logTop logBL logPrior logQ logWt pi1 pi2 pi3 pi4 s1 s2 s3 s4 s5 s6
(1,(((2,3),5),4),((6,(((7,(8,9)),10),11)),12)); -9124.78  -1.68787 78.7165 29.1647 30.518 -9203.17 0.231669 0.248395 0.189864 0.330072  0.0410178   0.292809  0.0686227  0.0143714   0.575631 0.00754848
(1,(((2,3),5),4),((6,(((7,(8,9)),10),11)),12)); -9135.12  -1.68787 76.6496 30.2754 24.6026 -9204.41 0.229483  0.23666 0.208408 0.325449  0.0290988   0.275612   0.071937 0.00724957   0.597541  0.0185622
(1,((((2,3),4),5),(6,(((7,(8,9)),10),11))),12); -9336.95  -1.80064 73.6795 27.2292 29.8692 -9411.47 0.235469  0.23612 0.195143 0.333268  0.0266085   0.266315  0.0733555  0.0173654   0.608883 0.00747315
(1,(((2,3),4),5),((6,(((7,(8,9)),10),11)),12)); -9155.38  -1.66156 76.7023 29.0981 22.4961 -9223.82 0.231664 0.237054  0.17897 0.352311  0.0311148   0.275166  0.0983169  0.0204246   0.572661 0.00231633
(1,((((2,3),4),5),12),(6,(((7,(8,9)),10),11))); -9134.92  -2.31312 71.2189 29.1605 26.0462 -9200.71 0.229958 0.258798  0.18754 0.323704  0.035803  0.275833 0.0653388  0.013185  0.592322 0.0175183
(1,((((2,3),4),5),(6,(((7,(8,9)),10),11))),12); -9116.23  -1.80064 89.2478 30.1523 27.6878 -9201.21 0.243178 0.232441 0.197197 0.327184   0.036485   0.271328  0.0862483 0.00556045   0.590846 0.00953278
(1,((((2,3),4),5),12),(6,(((7,(8,9)),10),11))); -9121.98  -2.31312 76.8104 29.4139 28.5996 -9195.67 0.245629 0.247118 0.186524 0.320729  0.0475502   0.253163  0.0775555 0.00956209    0.60531 0.00685894
(1,(((2,3),5),4),((6,(((7,(8,9)),10),11)),12)); -9124.8  -1.68787 81.4304 29.4552 29.0279 -9204.11 0.244788 0.242573 0.203425 0.309213  0.0399975   0.264674  0.0690007  0.0137629    0.60476 0.00780438
(1,((((2,3),5),4),12),(6,(((7,(8,9)),10),11))); -9200.45  -2.33943 69.1652 28.2441 29.3856 -9268.42 0.247284 0.246409 0.184992 0.321314  0.0299272   0.285541  0.0651121  0.0135814   0.601766 0.00407211
(1,(((2,3),5),4),((6,(((7,(8,9)),10),11)),12)); -9135.16  -1.68787 81.6275 29.2225 27.1298 -9213.01 0.231202 0.241834 0.194037 0.332926 0.0477048  0.238697 0.0745306 0.0165543  0.611875 0.0106384
(1,((((2,3),5),4),12),(6,(((7,(8,9)),10),11))); -9131.41  -2.33943 82.1157 28.6538 30.74 -9213.27 0.225581 0.249815 0.193508 0.331097  0.0381175   0.286707   0.082558  0.0139026    0.57226 0.00645492
(1,(((2,3),5),4),((6,(((7,(8,9)),10),11)),12)); -9130.67  -1.68787 86.1402 28.9068 27.4256 -9213.64 0.228693 0.226785  0.20239 0.342132   0.032292    0.29509  0.0672516   0.006828   0.592715 0.00582377
(1,(((2,3),4),5),((6,(((7,(8,9)),10),11)),12)); -9146.7  -1.66156 71.6656 29.6522 26.8311 -9213.88 0.242651 0.244529 0.187384 0.325436  0.0553319   0.275793  0.0840769  0.0115806    0.56451 0.00870823
(1,(((2,3),5),4),((6,(((7,(8,9)),10),11)),12)); -9122.08  -1.68787 87.2407 28.6421 30.6699 -9209.66 0.233748 0.245478  0.19075 0.330023  0.0278463   0.282104  0.0724084 0.00854436   0.600913 0.00818389
(1,((((2,3),5),4),(6,(((7,10),(8,9)),11))),12); -9193.45  -5.29428 80.1629 27.2348 29.5896 -9270.68 0.231667 0.247586 0.179849 0.340898  0.0336529   0.263623   0.075889 0.00945022   0.611592 0.00579326
(1,((((2,3),5),4),(6,(((7,(8,9)),10),11))),12); -9129.98  -1.82695 87.0443 29.4858 30.5585 -9216.27 0.239039 0.251685 0.192421 0.316855  0.0381359   0.255718  0.0722076  0.0135517   0.613932 0.00645558
(1,(((2,3),(4,5)),(6,(((7,(8,9)),10),11))),12); -9376.96  -3.97362 86.2766 26.4401 30.4027 -9463.22 0.243427 0.240678 0.194663 0.321231  0.0275538   0.279466  0.0726601  0.0150025   0.597602 0.00771547
(1,((((2,3),5),4),(6,(((7,(8,9)),10),11))),12); -9118.65  -1.82695 87.3332 29.6319 29.4111 -9203.93 0.225868 0.245227  0.19964 0.329265   0.026969   0.254619  0.0726666  0.0161377    0.62224 0.00736761
(1,(((2,3),(4,5)),(6,(((7,(8,9)),10),11))),12); -9125.33  -3.97362 81.359 28.5349 29.9713 -9204.15 0.237011 0.233833  0.20021 0.328945  0.0382744   0.249154  0.0738571  0.0104736   0.623859 0.00438151
(1,((((2,3),4),5),(6,(((7,(8,9)),10),11))),12); -9117.66  -1.80064 84.7263 28.3092 28.4679 -9200.74  0.25381 0.240445 0.191442 0.314303  0.0397192   0.275568  0.0658489  0.0160505   0.596903 0.00590983
(1,((((2,3),5),4),(6,(((7,(8,9)),10),11))),12); -9182.62  -1.82695 94.6239 28.6992 27.9532 -9274.67 0.248801 0.229491 0.192359 0.329349  0.0415675   0.247438  0.0808501  0.0140782   0.608509 0.00755714
(1,((((2,3),4),5),(6,(((7,(8,9)),10),11))),12); -9129.06  -1.80064 78.3512 28.1974 28.7512 -9206.16  0.24226 0.252653 0.178466 0.326621  0.0408629   0.273737  0.0642046  0.0143564   0.601018 0.00582149
(1,((((2,3),5),4),(6,(((7,(8,9)),10),11))),12); -9140.14  -1.82695 86.955 29.1369 29.336 -9225.46 0.226817 0.243316 0.199782 0.330085  0.0294882    0.25634  0.0856973  0.0162055    0.60287 0.00939958
(1,((((2,3),5),4),(6,(((7,(8,9)),10),11))),12); -9142.54  -1.82695 79.0362 29.4942 29.11 -9219.37  0.23004 0.250365 0.204444 0.315152  0.0338476   0.264408  0.0763364  0.0200071   0.597761 0.00763959
(1,(((2,3),4),5),((6,(((7,(8,9)),10),11)),12)); -9120.89  -1.66156 82.4527 29.1485 30.0917 -9202.62 0.228736 0.258633 0.184718 0.327914  0.0394763   0.277156  0.0751692  0.0100721   0.590974 0.00715321
(1,((((2,3),5),4),12),(6,(((7,(8,9)),10),11))); -9127.52  -2.33943 75.2733 29.3654 30.2594 -9201.35 0.226453  0.23981 0.200494 0.333244 0.0402167  0.265699 0.0715777 0.0112688  0.600804 0.0104333
(1,((((2,3),5),4),(6,(((7,(8,9)),10),11))),12); -9116.48  -1.82695 81.6513 29.8984 30.9917 -9197.39  0.23483 0.244746 0.187786 0.332639  0.0423076   0.274503  0.0780314 0.00852366   0.591699 0.00493574
(1,(((2,3),4),5),((6,(((7,(8,9)),10),11)),12)); -9118.78  -1.66156 80.5323 29.9982 28.9472 -9196.6 0.238653 0.229937 0.190135 0.341275  0.0402949   0.266987  0.0889812 0.00986765   0.588605 0.00526434
(1,((((2,3),4),5),12),(6,(((7,(8,9)),10),11))); -9198.72  -2.31312 75.617 27.5827 25.826 -9270.27 0.232866 0.242456 0.184943 0.339735  0.0400156   0.322919  0.0663734 0.00763718   0.559098 0.00395691
(1,((((2,3),4),5),12),(6,(((7,(8,9)),10),11))); -9118.39  -2.31312 79.7417 30.2198 30.5026 -9196.1 0.223365 0.247758 0.192484 0.336393  0.0298545   0.279857  0.0834052  0.0118909     0.5878 0.00719237
(1,((2,3),(4,5)),((6,(((7,(8,9)),10),11)),12)); -9130.22  -3.83454 79.4171 28.9157 28.4447 -9205.33 0.239323 0.245111 0.189895  0.32567  0.0233855   0.261541  0.0893929  0.0132703   0.604388 0.00802222
(1,(((2,3),(4,5)),12),(6,(((7,(8,9)),10),11))); -9153  -4.4861 81.5252 30.4019 24.5773 -9224.22 0.222071 0.265105 0.199401 0.313424  0.0480524   0.291941   0.082322  0.0102869   0.557676 0.00972178
(1,(((2,3),4),5),((6,(((7,(8,9)),10),11)),12)); -9119.47  -1.66156 84.7148 28.924 29.9819 -9203.58 0.231594 0.239281 0.202824 0.326301  0.0242302   0.279115  0.0739338  0.0111261   0.604411 0.00718397
(1,((((2,3),4),5),12),(6,(((7,(8,9)),10),11))); -9147.5  -2.31312 76.7803 27.9506 28.7951 -9222.81 0.238096 0.234972 0.200292  0.32664  0.0230782   0.294171  0.0724279  0.0093583   0.594627 0.00633769
(1,((((2,3),4),5),(6,(((7,(8,9)),10),11))),12); -9116.14  -1.80064 88.9917 29.8298 29.1858 -9202.68 0.235036  0.25657 0.185507 0.322888  0.0409497   0.274526  0.0738779  0.0173996   0.590403 0.00284447
(1,((((2,3),4),5),12),(6,(((7,(8,9)),10),11))); -9177.05  -2.31312 78.7509 29.1489 28.2976 -9252.63 0.243303 0.228616 0.202828 0.325253  0.0462447   0.269134  0.0671262  0.0162024   0.594684 0.00660878
(1,(((2,3),5),4),((6,(((7,(8,9)),10),11)),12)); -9153.44  -1.68787 79.9343 28.2303 30.972 -9234.43 0.242184 0.241259 0.195091 0.321466  0.0352022   0.267706   0.082445  0.0165546   0.592624 0.00546837
(1,(((2,3),5),4),((6,(((7,(8,9)),10),11)),12)); -9130.89  -1.68787 87.9271 28.4689 28.9239 -9217.59 0.247312   0.2351 0.191614 0.325975  0.0431011    0.29251  0.0640072 0.00909596    0.58501 0.00627538
(1,(((2,3),5),4),((6,(((7,(8,9)),10),11)),12)); -9123.81  -1.68787 81.8586 28.1799 30.231 -9206.03 0.232216 0.236034 0.195473 0.336276 0.0295263  0.292069 0.0668759 0.0116856  0.596553 0.0032897
(1,(((2,3),5),4),((6,(((7,(8,9)),10),11)),12)); -9120.38  -1.68787 84.8237 28.8596 31.6264 -9206.28 0.237959 0.239545 0.196321 0.326175  0.0355424   0.287449  0.0756483  0.0146541    0.58074 0.00596592
(1,(((2,3),5),4),((6,(((7,(8,9)),10),11)),12)); -9125.85  -1.68787 86.6471 29.6103 29.8921 -9211.09 0.227434 0.247099 0.204868 0.320599  0.0387773   0.261364   0.086629 0.00858451   0.599196 0.00544943
(1,((((2,3),4),5),12),(6,(((7,10),(8,9)),11))); -9204.91  -5.78045 88.644 27.9219 25.6015 -9285.45 0.218725 0.233917 0.218943 0.328415  0.0349286   0.275916  0.0722457  0.0113545   0.603533 0.00202192
(1,((((2,3),5),4),(6,(((7,(8,9)),10),11))),12); -9168.5  -1.82695 79.1618 28.2279 29.314 -9246.92 0.235693 0.254218  0.19374 0.316349  0.0475752   0.281827   0.077983  0.0118382   0.577346 0.00343029
(1,(((2,3),5),4),((6,(((7,(8,9)),10),11)),12)); -9129.9  -1.68787 76.5337 29.358 29.8179 -9205.2 0.233684 0.232172 0.195156 0.338989   0.039945   0.257111  0.0726264  0.0119703   0.609281 0.00906627
(1,((((2,3),4),5),(6,(((7,(8,9)),10),11))),12); -9147.6  -1.80064 76.8626 27.8209 28.7386 -9223.58 0.233968 0.246423 0.198365 0.321245 0.0290855  0.293861 0.0657701 0.0163919  0.583483 0.0114088
(1,((((2,3),4),5),(6,(((7,(8,9)),10),11))),12); -9122.28  -1.80064 83.9839 27.8576 28.7011 -9205.31 0.220118 0.241787 0.200379 0.337716  0.0331363    0.27905  0.0577244  0.0118991   0.614062 0.00412842
(1,(((2,3),5),4),((6,(((7,(8,9)),10),11)),12)); -9138.54  -1.68787 78.4674 29.2864 24.0748 -9210.11 0.238993 0.250031 0.204054 0.306921  0.0493827   0.234183  0.0720221 0.00991539   0.624536 0.00996046
(1,(((2,3),4),5),((6,(((7,(8,9)),10),11)),12)); -9122.28  -1.66156 84.916 30.3466 29.8668 -9205.06 0.232558 0.257413 0.189522 0.320507  0.0388041   0.258089  0.0786832 0.00844247   0.611488 0.00449385
(1,(((2,3),5),4),((6,(((7,(8,9)),10),11)),12)); -9127.08  -1.68787 81.6247 29.4313 30.7375 -9208.32 0.228701 0.242136  0.20631 0.322852  0.0361121   0.283561  0.0827518  0.0103086   0.582178 0.00508806
(1,((((2,3),4),5),(6,(((7,(8,9)),10),11))),12); -9166.78  -1.80064 73.2278 28.6344 29.8534 -9239.43 0.246351 0.245228 0.184031 0.324389  0.0420647   0.279862  0.0763291  0.0135849   0.584385 0.00377417
(1,((((2,3),5),4),(6,(((7,(8,9)),10),11))),12); -9144.52  -1.82695 88.2523 30.2251 25.9108 -9226.63 0.220836  0.25043 0.207379 0.321354  0.0400744   0.308737  0.0797391 0.00853689   0.553428 0.00948532
(1,(((2,3),5),4),((6,(((7,10),(8,9)),11)),12)); -9149.62  -5.15521 83.3099 28.4703 28.8547 -9228.16 0.242762 0.240093 0.198376 0.318769  0.0351983    0.24948  0.0792918  0.0152278   0.618364 0.00243792
(1,(((2,3),4),5),((6,(((7,(8,9)),10),11)),12)); -9126.01  -1.66156 82.6893 29.5541 28.6314 -9206.12 0.230691 0.241526 0.193607 0.334175  0.0317599    0.31309   0.073096  0.0157058   0.562979 0.00336943
(1,(((2,3),4),5),((6,(((7,(8,9)),10),11)),12)); -9116.98  -1.66156 80.7139 29.4351 30.1158 -9196.71 0.238367 0.234204 0.192469  0.33496  0.0365998   0.288103  0.0806775  0.0160738   0.574822 0.00372373
(1,((2,3),(4,5)),((6,(((7,(8,9)),10),11)),12)); -9127.03  -3.83454 88.7433 29.3159 29.8561 -9212.48 0.241768  0.25153 0.192352  0.31435  0.0327807   0.267489  0.0739717  0.0185859   0.600886 0.00628708
(1,((((2,3),5),4),12),(6,(((7,(8,9)),10),11))); -9134.2  -2.33943 80.2777 29.9878 24.1244 -9206.28 0.219334 0.247101 0.184062 0.349502 0.0283883  0.281501 0.0983515 0.0137096  0.568049 0.0100008
(1,((((2,3),5),4),12),(6,(((7,(8,9)),10),11))); -9129.95  -2.33943 85.9782 29.1086 26.1559 -9210.64 0.229935 0.267732 0.177009 0.325324  0.0412702   0.262769  0.0822663 0.00863318   0.600108 0.00495418
(1,(((2,3),(4,5)),12),(6,(((7,(8,9)),10),11))); -9127.05  -4.4861 79.0928 28.7605 31.441 -9204.33 0.239638 0.243482 0.193537 0.323344   0.037545   0.273473   0.069769  0.0104331   0.600228 0.00855193
(1,((((2,3),5),4),12),(6,(((7,10),(8,9)),11))); -9172.6  -5.80676 72.3701 28.6177 26.7881 -9237.33 0.237104 0.233517  0.21163 0.317749  0.0417186   0.264806  0.0916337  0.0134103   0.578732 0.00969907
(1,((((2,3),5),4),12),(6,(((7,(8,9)),10),11))); -9171.01  -2.33943 71.6872 28.3317 21.5193 -9233.54 0.223442 0.228343 0.204169 0.344046  0.0205545     0.2796  0.0765543  0.0260941   0.588796 0.00840098
(1,((((2,3),5),4),(6,(((7,(8,9)),10),11))),12); -9133.72  -1.82695 86.1854 29.1826 27.6029 -9216.49  0.21329 0.258571 0.196167 0.331973   0.037413   0.256086  0.0847725 0.00930281   0.606923  0.0055031
(1,(((2,3),5),4),((6,(((7,(8,9)),10),11)),12)); -9173.5  -1.68787 73.4419 27.9819 29.9972 -9247.27 0.240642 0.236577 0.200272 0.322509   0.029913    0.27232  0.0890069  0.0151452   0.587961 0.00565383
(1,(((2,3),5),4),((6,(((7,(8,9)),10),11)),12)); -9130.17  -1.68787 80.5094 28.6815 27.9798 -9208.29 0.252932 0.227368 0.190018 0.329682  0.0392129   0.265726  0.0758869  0.0163963   0.598481 0.00429675
(1,(((2,3),5),4),((6,(((7,(8,9)),10),11)),12)); -9134.03  -1.68787 84.1133 27.9053 28.8306 -9217.38 0.232606 0.252255 0.195396 0.319743  0.0262215   0.284181  0.0601575 0.00925513    0.61589  0.0042943
(1,((2,3),(4,5)),((6,(((7,(8,9)),10),11)),12)); -9155.75  -3.83454 90.4401 27.861 30.443 -9244.94 0.236001  0.23883 0.183794 0.341375 0.0407785  0.275053 0.0752513 0.0116816  0.591867 0.0053684
(1,(((2,3),(4,5)),12),(6,(((7,(8,9)),10),11))); -9126.04  -4.4861 78.2999 28.7664 30.5043 -9201.59 0.240912 0.237807 0.204375 0.316907  0.0333954    0.27963  0.0815075  0.0110381   0.590046 0.00438362
(1,(((2,3),4),5),((6,(((7,(8,9)),10),11)),12)); -9122.37  -1.66156 75.2103 28.8189 30.7719 -9197.87 0.237872 0.247009 0.194771 0.320347  0.0378668   0.282915  0.0724655 0.00694836   0.593631 0.00617318
(1,(((2,3),5),4),((6,(((7,(8,9)),10),11)),12)); -9131.14  -1.68787 74.8601 28.6223 28.7428 -9204.43 0.228728 0.231087 0.209143 0.331043  0.0444181   0.280771  0.0822457  0.0116207   0.575714 0.00523123
(1,(((2,3),4),5),((6,(((7,(8,9)),10),11)),12)); -9118.88  -1.66156 79.0355 28.6665 28.7173 -9196.3 0.247398 0.240277 0.182187 0.330138  0.0428219   0.271114  0.0649293  0.0145385   0.598722 0.00787387
(1,(((2,3),5),4),((6,(((7,(8,9)),10),11)),12)); -9130.76  -1.68787 88.6103 28.8123 25.1117 -9213.99 0.224297 0.244134 0.201191 0.330378  0.0277515   0.267311  0.0892342 0.00359226   0.604639 0.00747162
(1,((((2,3),4),5),(6,(((7,(8,9)),10),11))),12); -9119.92  -1.80064 79.1088 30.2401 28.4437 -9195.43 0.230144 0.260212 0.186955 0.322689  0.0329367   0.282572  0.0837541  0.0181652   0.574482 0.00808951
(1,(((2,3),4),5),((6,(((7,(8,9)),10),11)),12)); -9117.18  -1.66156 79.6367 29.2132 31.4252 -9197.36 0.233189 0.237351 0.197292 0.332168   0.033078   0.278449  0.0748281  0.0122471   0.598358 0.00303972
(1,(((2,3),5),4),((6,(((7,(8,9)),10),11)),12)); -9128.57  -1.68787 84.331 28.6715 29.5475 -9212.09 0.229962 0.244857 0.207747 0.317433  0.0364787   0.279106  0.0598806  0.0127993   0.605775 0.00596025
(1,((((2,3),5),4),(6,(((7,(8,9)),10),11))),12); -9128.23  -1.82695 93.0165 29.4316 29.7776 -9219.77 0.232637 0.243624 0.196242 0.327498  0.0432676   0.297066  0.0613204 0.00923488   0.583944 0.00516713
(1,(((2,3),4),5),((6,(((7,(8,9)),10),11)),12)); -9126.23  -1.66156 81.162 28.2195 28.755 -9206.27 0.243937 0.241901 0.199718 0.314444  0.0307064   0.248926  0.0707732  0.0155445   0.627737 0.00631271
(1,(((2,3),5),4),((6,(((7,(8,9)),10),11)),12)); -9141.79  -1.68787 84.7254 29.3045 22.5014 -9218.03 0.236127  0.25521 0.191927 0.316736  0.0176017    0.29191    0.09648 0.00726296   0.581453 0.00529177
(1,((((2,3),4),5),12),(6,(((7,10),(8,9)),11))); -9172.49  -5.78045 81.4994 28.9828 29.1605 -9248.39 0.245878  0.23363  0.18264 0.337852  0.0364328   0.270526  0.0817664  0.0120931   0.595389 0.00379224
(1,(((2,3),5),4),((6,(((7,(8,9)),10),11)),12)); -9129.03  -1.68787 84.2242 28.6011 29.1748 -9212.14 0.234198 0.239778  0.19389 0.332134  0.0456004   0.260012   0.059611  0.0107423   0.616611 0.00742397
(1,(((2,3),4),5),((6,(((7,(8,9)),10),11)),12)); -9124.32  -1.66156 75.4493 28.3447 28.9829 -9198.74 0.231863 0.246126 0.191298 0.330713  0.0253699   0.253729  0.0713818  0.0169701   0.625353 0.00719559
(1,((((2,3),4),5),12),(6,(((7,(8,9)),10),11))); -9115.83  -2.31312 85.1433 27.9651 31.4439 -9202.14  0.23323 0.240293 0.189166 0.337311  0.0358243   0.268662  0.0700687  0.0128235   0.605591 0.00703049
(1,((((2,3),4),5),(6,(((7,(8,9)),10),11))),12); -9127.2  -1.80064 84.7633 30.2942 26.8334 -9206.7 0.230697 0.234921 0.212492  0.32189  0.0247008   0.257752   0.070934  0.0137921   0.623996 0.00882537
(1,((((2,3),5),4),(6,(((7,(8,9)),10),11))),12); -9169.06  -1.82695 87.825 28.7723 26.2553 -9252.54 0.247093 0.252691 0.200245 0.299971  0.0268467    0.27656  0.0766753  0.0115715   0.605285 0.00306205
(1,(((2,3),5),4),((6,(((7,(8,9)),10),11)),12)); -9130.66  -1.68787 76.6682 30.6222 30.2905 -9205.31 0.229954 0.246621 0.199982 0.323443  0.040859  0.298895 0.0730209  0.013118  0.567123 0.0069835
(1,(((2,3),4),5),((6,(((7,(8,9)),10),11)),12)); -9112.89  -1.66156 89.9979 28.5158 30.7707 -9203.49 0.233584 0.241131 0.191624 0.333662  0.0268937   0.273833  0.0797658 0.00998651   0.601924 0.00759705
(1,((((2,3),4),5),(6,(((7,(8,9)),10),11))),12); -9154.78  -1.80064 92.2027 28.3325 28.3341 -9245.18 0.248918 0.228067 0.186633 0.336382  0.0351331   0.293266  0.0707158  0.0137818   0.582288 0.00481512
(1,(((2,3),5),4),((6,(((7,(8,9)),10),11)),12)); -9135.75  -1.68787 78.9974 28.2294 27.8953 -9212.73 0.230097 0.258722 0.200823 0.310358 0.0341099  0.257043 0.0866183 0.0177323   0.59795 0.0065464
(1,(((2,3),5),4),((6,(((7,(8,9)),10),11)),12)); -9133.41  -1.68787 85.3591 30.0045 26.3845 -9213.46 0.213174 0.259025 0.201629 0.326173   0.044239   0.264068  0.0909597  0.0119948   0.584241 0.00449791
(1,((((2,3),4),5),12),(6,(((7,(8,9)),10),11))); -9123.98  -2.31312 80.9249 28.9551 29.9581 -9203.59 0.226688 0.237841 0.201845 0.333625 0.0356401  0.301103 0.0687152 0.0125151  0.574778 0.0072477
(1,((((2,3),5),4),12),(6,(((7,(8,9)),10),11))); -9129.29  -2.33943 81.285 28.8059 29.5644 -9208.99 0.234315 0.241708  0.18121 0.342766   0.032959   0.263531  0.0818132  0.0104298   0.604222 0.00704482
(1,((2,3),(4,5)),((6,(((7,(8,9)),10),11)),12)); -9135  -3.83454 71.412 28.9907 29.5483 -9203.14 0.221761 0.247199 0.206592 0.324448  0.0366697   0.278987   0.068664  0.0172199   0.590889 0.00756981
(1,((((2,3),4),5),(6,(((7,(8,9)),10),11))),12); -9128.67  -1.80064 78.4825 28.2422 25.4695 -9202.58 0.221545  0.23184  0.19327 0.353346  0.0425494    0.27354  0.0695649 0.00618625   0.605222 0.00293715
(1,((((2,3),5),4),(6,(((7,(8,9)),10),11))),12); -9117.58  -1.82695 89.5369 28.8371 29.1046 -9205.56 0.241472 0.244067 0.187194 0.327268  0.0372875   0.273072  0.0858331  0.0194243   0.581304 0.00307959
(1,(((2,3),5),4),((6,(((7,(8,9)),10),11)),12)); -9129.75  -1.68787 76.9764 28.2392 28.6832 -9205.48 0.245459 0.229087 0.206471 0.318983  0.0389868   0.287671  0.0684097  0.0101493   0.589394 0.00538947
(1,(((2,3),4),5),((6,(((7,(8,9)),10),11)),12)); -9116.69  -1.66156 89.6425 29.2827 27.2214 -9202.61 0.227852 0.241644 0.186447 0.344057 0.0421969  0.256466 0.0629667  0.012231  0.614233 0.0119055
(1,(((2,3),4),5),((6,(((7,(8,9)),10),11)),12)); -9126.99  -1.66156 82.3888 28.0299 26.732 -9206.42 0.233049 0.246192 0.183321 0.337437  0.034343  0.267051 0.0643211 0.0164502  0.602467 0.0153678
(1,((((2,3),4),5),(6,(((7,(8,9)),10),11))),12); -9115.18  -1.80064 83.5647 28.7201 29.8488 -9198.07 0.224545 0.245466 0.186898 0.343091   0.031956    0.28307  0.0682343  0.0112111   0.597378 0.00815017
(1,(((2,3),5),4),((6,(((7,(8,9)),10),11)),12)); -9128.1  -1.68787 78.381 29.3071 27.9276 -9203.41 0.221871 0.240214 0.205402 0.332513  0.0367341   0.300992  0.0798113  0.0120991   0.568161 0.00220214
(1,((((2,3),5),4),12),(6,(((7,(8,9)),10),11))); -9128.73  -2.33943 77.3926 28.266 29.6653 -9205.18 0.241528 0.241334 0.200351 0.316787  0.0275802   0.278917  0.0685349  0.0122488   0.603181 0.00953776
(1,(((2,3),5),4),((6,(((7,(8,9)),10),11)),12)); -9169.07  -1.68787 78.4276 28.1135 29.7515 -9247.45 0.230206 0.249023 0.193613 0.327158 0.0484291  0.277659 0.0655971 0.0140714  0.590811 0.0034329
(1,(((2,3),5),4),((6,(((7,(8,9)),10),11)),12)); -9124.45  -1.68787 80.8462 28.4559 28.9851 -9204.13 0.232092 0.231485 0.211719 0.324704   0.031153   0.269071  0.0795169   0.015334   0.600869 0.00405691
(1,((((2,3),4),5),(6,(((7,(8,9)),10),11))),12); -9372.34  -1.80064 87.6567 26.7339 29.2439 -9460.71 0.225759 0.239741 0.194038 0.340462 0.0293049  0.262808 0.0776165 0.0195712  0.603732 0.0069672
(1,((((2,3),4),5),(6,(((7,(8,9)),10),11))),12); -9140.41  -1.80064 80.8585 27.5913 30.4119 -9222.29 0.239956 0.234953 0.195037 0.330054  0.0364953   0.267457  0.0719355  0.0092311   0.612158 0.00272299
(1,(((2,3),4),5),((6,(((7,(8,9)),10),11)),12)); -9125.49  -1.66156 81.8968 29.1291 29.2206 -9205.82  0.24103 0.233425 0.203709 0.321836  0.0449677   0.264139  0.0807975  0.0161075   0.587798 0.00619032
(1,(((2,3),5),4),((6,(((7,(8,9)),10),11)),12)); -9135.37  -1.68787 84.3377 29.6493 25.6416 -9214.02 0.215073 0.241753 0.205113 0.338061 0.0359222  0.286749 0.0920906 0.0152167  0.559748 0.0102731
(1,(((2,3),5),4),((6,(((7,(8,9)),10),11)),12)); -9127.59  -1.68787 86.818 29.1502 29.0265 -9212.59 0.227308 0.253911 0.197595 0.321186  0.0294932   0.248165  0.0867149  0.0115864   0.617095 0.00694548
(1,((((2,3),4),5),12),(6,(((7,(8,9)),10),11))); -9132.59  -2.31312 73.0057 28.6268 29.7298 -9204.38 0.234293 0.250006 0.188869 0.326832  0.0393698   0.296238  0.0604364  0.0123478   0.584003 0.00760497
(1,(((2,3),5),4),((6,(((7,(8,9)),10),11)),12)); -9131.94  -1.68787 75.5056 27.7154 27.8499 -9205.9 0.231702 0.243142 0.203291 0.321866 0.0473807  0.255157 0.0762068 0.0124748  0.595705 0.0130755
(1,((((2,3),4),5),(6,(((7,(8,9)),10),11))),12); -9133.24  -1.80064 93.8746 29.103 26.6389 -9222.85 0.216908 0.252152 0.202664 0.328276  0.0293872   0.275151    0.09099 0.00580189    0.59288 0.00578917
(1,((((2,3),5),4),12),(6,(((7,(8,9)),10),11))); -9137.7  -2.33943 77.7047 29.5943 29.0875 -9212.56 0.225596 0.251294 0.203264 0.319847 0.0297123  0.266721  0.078832 0.0118904  0.601287 0.0115577
(1,((((2,3),5),4),12),(6,(((7,(8,9)),10),11))); -9161.17  -2.33943 73.5772 27.8505 29.3389 -9233.9 0.240516 0.247895 0.182145 0.329444   0.039611   0.269955  0.0671229  0.0109331   0.609887 0.00249118
(1,((((2,3),4),5),12),(6,(((7,(8,9)),10),11))); -9143.33  -2.31312 81.1451 29.5429 25.8835 -9218.5 0.234246 0.234804 0.202456 0.328493  0.0470403    0.31416  0.0808596   0.013743   0.539605 0.00459247
(1,((((2,3),5),4),12),(6,(((7,(8,9)),10),11))); -9122.21  -2.33943 84.8334 28.7401 29.6396 -9205.61 0.225769 0.252533 0.190587 0.331111  0.0317779   0.253682  0.0727461  0.0164355   0.617242 0.00811634
(1,(((2,3),4),5),((6,(((7,(8,9)),10),11)),12)); -9130.49  -1.66156 69.0873 30.0788 29.2207 -9197.06 0.224078 0.252093 0.203736 0.320094 0.0334083  0.266474 0.0816007  0.013626  0.594029 0.0108624
(1,((((2,3),4),5),12),(6,(((7,(8,9)),10),11))); -9128.08  -2.31312 79.7281 29.8643 29.848 -9205.48 0.223245 0.244445  0.20235  0.32996  0.0426142   0.292672  0.0672086  0.0100758    0.58335 0.00407882
(1,((2,3),(4,5)),((6,(((7,(8,9)),10),11)),12)); -9135.19  -3.83454 82.0377 28.8389 28.3419 -9212.89 0.216297 0.247303 0.193023 0.343378  0.0280026    0.28688  0.0716682   0.013344   0.596783 0.00332185
(1,(((2,3),5),4),((6,(((7,(8,9)),10),11)),12)); -9133.48  -1.68787 82.2406 27.7872 27.5823 -9213.83 0.219952  0.25611 0.190559 0.333378  0.0257946   0.271781  0.0603912  0.0125032   0.623622 0.00590826
(1,((((2,3),4),5),(6,(((7,(8,9)),10),11))),12); -9113.94  -1.80064 81.842 28.2657 29.3799 -9195.1 0.226509 0.248567 0.184683 0.340241  0.0433144   0.268034  0.0729932  0.0102772   0.602346 0.00303453
(1,((((2,3),4),5),(6,(((7,(8,9)),10),11))),12); -9126.03  -1.80064 77.1023 28.6355 29.5073 -9202.2  0.22819 0.252546 0.197576 0.321687  0.0376365   0.308351   0.068627  0.0110014   0.568763 0.00562078
(1,((((2,3),5),4),12),(6,(((7,(8,9)),10),11))); -9168.99  -2.33943 65.7257 26.8915 25.5486 -9231.03 0.220132 0.245039 0.189684 0.345146  0.0437216   0.290641  0.0518798 0.00961341   0.597832 0.00631228
(1,((((2,3),5),4),(6,(((7,(8,9)),10),11))),12); -9137.7  -1.82695 75.8571 27.2617 28.2888 -9212.75 0.226907 0.254913 0.208527 0.309653  0.0331777   0.278249  0.0677683 0.00893721   0.607716 0.00415216
(1,(((2,3),5),4),((6,(((7,(8,9)),10),11)),12)); -9135.86  -1.68787 85.3984 29.3958 23.4857 -9213.67 0.232897 0.266807   0.1955 0.304795 0.0473829  0.294183 0.0813605 0.0170392  0.557051 0.0029833
(1,((((2,3),4),5),12),(6,(((7,(8,9)),10),11))); -9118.99  -2.31312 85.6423 30.0573 30.848 -9203.11 0.235739 0.250645  0.18841 0.325205  0.0317997   0.277064  0.0788095  0.0174941   0.588591 0.00624086
(1,((((2,3),4),5),(6,(((7,(8,9)),10),11))),12); -9151.72  -1.80064 80.6403 28.1507 31.9745 -9234.38 0.237086 0.236817 0.196895 0.329202  0.0338695   0.274777  0.0765075  0.0107205   0.599125 0.00500108
(1,(((2,3),5),4),((6,(((7,(8,9)),10),11)),12)); -9163.16  -1.68787 77.475 28.768 28.7747 -9238.95 0.232488  0.26216 0.188657 0.316695  0.0274315   0.265644  0.0795004  0.0149805   0.607055 0.00538928
(1,((((2,3),5),4),(6,(((7,(8,9)),10),11))),12); -9125.43  -1.82695 87.6718 30.0366 28.0816 -9209.32 0.239031 0.252033 0.195138 0.313798  0.0354353   0.262388  0.0854589  0.0217922   0.591338 0.00358719
(1,((((2,3),4),5),(6,(((7,(8,9)),10),11))),12); -9123.2  -1.80064 80.1951 28.7716 29.6982 -9202.52 0.231225 0.242497 0.187962 0.338315  0.0404281   0.261105  0.0921956  0.0107472    0.58989 0.00563354
(1,((((2,3),4),5),(6,(((7,(8,9)),10),11))),12); -9135.26  -1.80064 89.6703 28.2582 27.811 -9222.68 0.233779 0.251177 0.194538 0.320505  0.0269087   0.252484  0.0674757  0.0201482   0.628877 0.00410563
(1,((((2,3),5),4),12),(6,(((7,(8,9)),10),11))); -9127.68  -2.33943 77.9821 29.2019 28.031 -9202.15 0.219592 0.252885 0.195115 0.332408  0.0287804   0.271312  0.0827686 0.00819682   0.597612  0.0113306
(1,((((2,3),4),5),(6,(((7,(8,9)),10),11))),12); -9113.49  -1.80064 81.7439 28.6366 30.1097 -9194.91 0.232452 0.230012 0.203628 0.333907  0.0328947   0.278353  0.0785725  0.0151161   0.587824 0.00723947
(1,((((2,3),5),4),(6,(((7,(8,9)),10),11))),12); -9159.87  -1.82695 73.9722 30.6984 30.2671 -9231.59 0.228169  0.23556 0.201393 0.334879  0.0426814   0.266042  0.0792195 0.00894705   0.598777 0.00433342
(1,((((2,3),5),4),12),(6,(((7,(8,9)),10),11))); -9121.96  -2.33943 79.8862 28.322 29.6977 -9200.88 0.241606 0.243359 0.199751 0.315283  0.0316968   0.276161  0.0891186  0.0147518   0.584477 0.00379556
(1,(((2,3),4),5),((6,(((7,(8,9)),10),11)),12)); -9128.04  -1.66156 77.8218 29.7599 27.9275 -9202.37 0.245978 0.239018  0.19283 0.322174  0.0479174   0.270897  0.0797931  0.0181476   0.574055 0.00919045
(1,(((2,3),4),5),((6,(((7,(8,9)),10),11)),12)); -9122.22  -1.66156 79.685 28.4783 27.894 -9199.66 0.224056 0.248205 0.204915 0.322824  0.0304081    0.25998  0.0587802  0.0149301   0.627971 0.00793108
(1,(((2,3),(4,5)),(6,(((7,(8,9)),10),11))),12); -9131.43  -3.97362 83.5561 28.7327 27.5561 -9209.84 0.220132 0.253566 0.198657 0.327645  0.0267861   0.280877  0.0946591 0.00843477   0.583548 0.00569581
(1,(((2,3),5),4),((6,(((7,(8,9)),10),11)),12)); -9131.76  -1.68787 85.9963 29.2905 27.9881 -9214.76 0.226241 0.239223 0.185414 0.349122  0.0396384   0.297158  0.0690058  0.0145142   0.572489 0.00719509
(1,((((2,3),4),5),12),(6,(((7,(8,9)),10),11))); -9119.22  -2.31312 84.2432 28.8632 30.9424 -9203.23 0.238562 0.251958   0.1838 0.325679  0.0323743    0.27422  0.0719462  0.0135639   0.602529 0.00536734
(1,((((2,3),5),4),(6,(((7,(8,9)),10),11))),12); -9142.33  -1.82695 71.4902 29.7966 29.4936 -9211.69 0.248566 0.230253 0.200184 0.320996  0.0331639   0.265932  0.0786672  0.0102316   0.605618 0.00638767
(1,(((2,3),4),5),((6,(((7,(8,9)),10),11)),12)); -9120.51  -1.66156 86.7677 29.2362 29.3045 -9205.68  0.23727 0.233938 0.206176 0.322616  0.0349156   0.263351  0.0863726  0.0167219   0.594828 0.00381113
(1,((((2,3),5),4),(6,(((7,(8,9)),10),11))),12); -9129.73  -1.82695 86.109 28.5995 29.0502 -9214.46 0.237117  0.24247 0.183444 0.336969 0.0354352  0.288367 0.0753873 0.0149753  0.574788 0.0110472
(1,((((2,3),4),5),12),(6,(((7,10),(8,9)),11))); -9141.89  -5.78045 84.5589 29.3949 30.7386 -9222.01 0.239924 0.234246 0.203898 0.321933  0.0344313   0.278216  0.0758305 0.00905305   0.596458 0.00601167
(1,(((2,3),5),4),((6,(((7,(8,9)),10),11)),12)); -9165.1  -1.68787 81.0125 28.4543 28.9572 -9244.92 0.238548 0.241488 0.196056 0.323908  0.0311394   0.263165  0.0681893  0.0216696   0.612647 0.00319034
(1,((((2,3),5),4),(6,(((7,(8,9)),10),11))),12); -9250.9  -1.82695 90.0071 28.7668 25.5342 -9335.85  0.22018 0.245991 0.203241 0.330589 0.0352002  0.303807 0.0656011 0.0183016  0.563881 0.0132092
(1,((((2,3),4),5),(6,(((7,(8,9)),10),11))),12); -9124.94  -1.80064 88.8959 29.4734 30.8179 -9213.38 0.234594 0.244632  0.19294 0.327835   0.031956   0.269477  0.0728925  0.0196824    0.59938 0.00661195
(1,((((2,3),4),5),(6,(((7,(8,9)),10),11))),12); -9133.51  -1.80064 80.4606 29.6454 28.5041 -9211.03 0.234068 0.261826 0.195785 0.308321  0.0354994   0.282406  0.0807245  0.0118041   0.581009 0.00855717
(1,(((2,3),4),5),((6,(((7,(8,9)),10),11)),12)); -9121.34  -1.66156 76.0316 29.5319 30.2771 -9196.46 0.227486 0.246501 0.205739 0.320274 0.0333171  0.280873 0.0798901 0.0169555  0.582953 0.0060111
(1,((((2,3),4),5),(6,(((7,(8,9)),10),11))),12); -9129.82  -1.80064 74.8903 29.5732 25.926 -9199.27 0.225545 0.239476 0.192527 0.342452  0.0326219   0.297742  0.0534964 0.00714495   0.600037 0.00895774
(1,((((2,3),4),5),(6,(((7,(8,9)),10),11))),12); -9150.09  -1.80064 85.8362 28.766 29.1506 -9234.51 0.232171 0.238098 0.201446 0.328285  0.0465265   0.292132  0.0717063  0.0171265   0.567806 0.00470268
(1,(((2,3),4),5),((6,(((7,(8,9)),10),11)),12)); -9115.91  -1.66156 79.9773 29.0582 30.3362 -9195.51 0.245594  0.24794   0.1894 0.317066  0.0386441    0.27547  0.0717516   0.011409   0.594115 0.00860995
(1,(((2,3),5),4),((6,(((7,(8,9)),10),11)),12)); -9137.18  -1.68787 84.7908 28.8944 24.4407 -9215.83 0.235247 0.255257 0.198283 0.311214   0.042544    0.27393  0.0524852  0.0225653   0.600682 0.00779358
(1,(((2,3),4),5),((6,(((7,(8,9)),10),11)),12)); -9121.45  -1.66156 81.4809 28.6623 27.66 -9200.26 0.223711 0.264504 0.185983 0.325802  0.0302587    0.29093  0.0799711  0.0133089   0.582625 0.00290561
(1,(((2,3),5),4),((6,(((7,10),(8,9)),11)),12)); -9177.41  -5.15521 88.2958 28.5703 29.5471 -9261.53  0.23218 0.242009 0.193133 0.332678  0.0285292   0.289763  0.0632437  0.0152472   0.593407 0.00980984
(1,((((2,3),5),4),(6,(((7,(8,9)),10),11))),12); -9163.36  -1.82695 82.1893 27.9326 30.4385 -9246.23 0.240851 0.233924 0.196392 0.328833  0.0269389   0.273175  0.0757748  0.0149242   0.603408 0.00577921
(1,((((2,3),4),5),(6,(((7,10),(8,9)),11))),12); -9142.18  -5.26797 86.2742 28.0841 27.0363 -9222.14 0.223257 0.246017 0.190175 0.340551  0.0428324   0.256944  0.0586016 0.00782086   0.626087 0.00771474
(1,(((2,3),4),5),((6,(((7,(8,9)),10),11)),12)); -9199.11  -1.66156 74.1147 29.2451 30.309 -9272.63 0.221643 0.248321 0.203383 0.326653  0.0362328   0.265303  0.0704656   0.016454   0.606026 0.00551935
(1,((((2,3),5),4),12),(6,(((7,(8,9)),10),11))); -9131.3  -2.33943 80.9741 28.598 29.6138 -9210.95 0.232186  0.24002 0.184323 0.343471   0.032557   0.275918  0.0712147 0.00786834   0.608285 0.00415697
(1,(((2,3),5),4),((6,(((7,(8,9)),10),11)),12)); -9130.49  -1.68787 82.2102 29.1291 27.9897 -9209.87 0.230279 0.247173 0.198724 0.323824 0.0362278  0.254997 0.0662981 0.0145916  0.613191 0.0146938
(1,((((2,3),4),5),(6,(((7,(8,9)),10),11))),12); -9199.11  -1.80064 78.7231 27.5957 30.5424 -9278.98 0.230427 0.237954 0.205269  0.32635  0.0290421   0.280993   0.070973  0.0155801   0.598601 0.00481082
(1,((((2,3),4),5),(6,(((7,(8,9)),10),11))),12); -9175.51  -1.80064 78.5009 28.258 29.969 -9253.92 0.235226 0.249543   0.1882 0.327031 0.0395347  0.261503 0.0654793 0.0108273  0.612631 0.0100254
(1,((((2,3),4),5),12),(6,(((7,(8,9)),10),11))); -9129.17  -2.31312 76.9809 29.5273 25.0488 -9199.36 0.222414 0.258533 0.177878 0.341175  0.044652   0.28039 0.0728563 0.0108049  0.578824 0.0124723
(1,((((2,3),4),5),(6,(((7,(8,9)),10),11))),12); -9120.21  -1.80064 89.034 29.2295 29.0685 -9207.28 0.230936 0.252898 0.183033 0.333133  0.0281766   0.285542  0.0707985 0.00892149   0.597317 0.00924409
(1,((((2,3),4),5),(6,(((7,(8,9)),10),11))),12); -9144.78  -1.80064 72.0338 29.4415 21.9399 -9207.51 0.240298 0.257795 0.177331 0.324575  0.0419553   0.255029  0.0968623  0.0241832   0.572368 0.00960174
(1,((((2,3),5),4),12),(6,(((7,(8,9)),10),11))); -9144.25  -2.33943 78.1856 29.8416 23.7744 -9214.03 0.226329 0.237115 0.196607 0.339949   0.03385  0.276399 0.0635085 0.0165745  0.588587 0.0210809
(1,((2,3),(4,5)),((6,(((7,(8,9)),10),11)),12)); -9127.62  -3.83454 80.0208 29.3377 28.7766 -9203.24 0.237224 0.247793 0.188178 0.326806  0.0451705   0.281518  0.0592558  0.0179604   0.590794 0.00530163
(1,(((2,3),4),5),((6,(((7,(8,9)),10),11)),12)); -9121.31  -1.66156 82.866 29.4427 29.284 -9202.36 0.235077 0.247741  0.20534 0.311841   0.044522   0.285159  0.0778505  0.0110141   0.577371 0.00408268
(1,((((2,3),5),4),(6,(((7,(8,9)),10),11))),12); -9119.85  -1.82695 79.5501 29.1818 30.2131 -9198.6 0.240621 0.251784 0.185419 0.322176  0.0321688   0.283829   0.069644  0.0134107   0.592168 0.00877923
(1,((((2,3),4),5),12),(6,(((7,(8,9)),10),11))); -9128.82  -2.31312 73.4176 29.6449 27.6306 -9197.91 0.227005 0.237371 0.207809 0.327815  0.0362704   0.299854  0.0606982  0.0164308   0.577732 0.00901436
(1,((((2,3),5),4),(6,(((7,(8,9)),10),11))),12); -9152.43  -1.82695 88.0482 27.9357 29.4432 -9240.15 0.241075 0.239834 0.200144 0.318946  0.0311985   0.294137  0.0710539   0.010354   0.591033 0.00222286
(1,(((2,3),4),5),((6,(((7,(8,9)),10),11)),12)); -9123.04  -1.66156 78.4024 28.9716 29.0311 -9199.84 0.237948 0.252133 0.188054 0.321865  0.0247443   0.260811  0.0819077    0.01008   0.615177 0.00728013
(1,((((2,3),4),5),(6,(((7,(8,9)),10),11))),12); -9119.81  -1.80064 89.3277 29.0407 28.3976 -9206.69 0.246811 0.241018 0.195117 0.317054  0.0247965   0.272924  0.0824358  0.0141094   0.596266 0.00946853
(1,((((2,3),4),5),12),(6,(((7,(8,9)),10),11))); -9138.73  -2.31312 70.2516 26.7214 29.0056 -9208.95 0.246934 0.239302 0.191614  0.32215  0.0352904   0.250731  0.0765827 0.00742435   0.624626 0.00534537
(1,((((2,3),4),5),(6,(((7,(8,9)),10),11))),12); -9147.46  -1.80064 88.7317 28.9611 26.3132 -9231.74    0.222 0.249521 0.189263 0.339217  0.0568013   0.261091   0.074512  0.0167348   0.585017 0.00584451
(1,(((2,3),5),4),((6,(((7,(8,9)),10),11)),12)); -9121.89  -1.68787 90.2271 28.9333 27.0275 -9208.53  0.23351 0.240006 0.181004  0.34548  0.0436271   0.245063  0.0744014  0.0102193   0.618015 0.00867379
(1,((((2,3),5),4),(6,(((7,(8,9)),10),11))),12); -9134.06  -1.82695 75.86 28.9666 26.7686 -9205.89 0.242709 0.234993 0.176128  0.34617  0.0402395   0.284201  0.0726709  0.0151089   0.579983 0.00779697
(1,((((2,3),5),4),(6,(((7,(8,9)),10),11))),12); -9121.81  -1.82695 76.9439 29.104 30.3623 -9198.18 0.231874 0.235659 0.204706 0.327762  0.0342016   0.283429  0.0661032  0.0147859   0.593365 0.00811569
(1,((((2,3),5),4),12),(6,(((7,(8,9)),10),11))); -9127.59  -2.33943 78.7946 27.8207 28.3641 -9204.59 0.234293 0.249037 0.195875 0.320796  0.0370171   0.249733  0.0625977 0.00912191   0.631432  0.0100987
(1,(((2,3),5),4),((6,((7,((8,9),10)),11)),12)); -9157.87  -7.19988 79.952 29.8944 25.7646 -9226.5 0.237457 0.251682  0.18725 0.323611  0.0475627   0.239847   0.090877  0.0201317    0.59532 0.00626169
(1,((((2,3),5),4),12),(6,(((7,(8,9)),10),11))); -9129.71  -2.33943 71.7917 28.5501 31.0598 -9201.67 0.232328 0.248053  0.18981 0.329809  0.0298683   0.270411  0.0859443  0.0135736   0.595642 0.00456133
(1,(((2,3),5),4),((6,(((7,(8,9)),10),11)),12)); -9128.65  -1.68787 78.7502 28.9103 27.6199 -9204.42 0.231231 0.230913 0.215821 0.322035  0.0293774   0.283094  0.0716692  0.0096983   0.598012 0.00814884
(1,((((2,5),3),4),(6,(((7,(8,9)),10),11))),12); -9173.08  -5.98083 86.4808 28.2756 30.1294 -9255.44 0.235021 0.239832 0.196715 0.328432   0.041554   0.245803  0.0728074  0.0143079   0.620805 0.00472292
(1,((((2,3),5),4),(6,(((7,(8,9)),10),11))),12); -9169.16  -1.82695 77.5266 30.1513 30.4825 -9245.19 0.232335 0.234769 0.206257  0.32664  0.0419504   0.268346  0.0749418 0.00961695   0.599074 0.00606996
(1,(((2,3),4),5),((6,(((7,(8,9)),10),11)),12)); -9124.29  -1.66156 79.5273 30.9425 27.4387 -9198.65 0.228261 0.251684  0.18129 0.338765 0.0359161  0.283137 0.0774743 0.0133548  0.576506 0.0136113
(1,((((2,3),4),5),12),(6,(((7,(8,9)),10),11))); -9134.43  -2.31312 78.0087 29.6396 23.333 -9203.82  0.23023 0.244742 0.183539  0.34149 0.0387957  0.256445 0.0866356   0.02593   0.57857 0.0136243
(1,((((2,3),5),4),(6,(((7,(8,9)),10),11))),12); -9146.74  -1.82695 75.4577 28.5346 24.8792 -9216.71  0.25303 0.254759  0.18535 0.306862  0.0515378   0.279891  0.0661854  0.0107473   0.585999 0.00564003
(1,(((2,3),4),5),((6,(((7,(8,9)),10),11)),12)); -9126.38  -1.66156 86.5504 30.3749 22.384 -9203.28 0.258644 0.247709 0.197274 0.296372  0.0336812   0.297397  0.0778467  0.0183858    0.56449 0.00819962
(1,((2,3),(4,5)),((6,(((7,(8,9)),10),11)),12)); -9135.54  -3.83454 71.7812 29.5187 29.5689 -9203.54 0.224757 0.261844 0.193785 0.319614  0.0333808   0.289032  0.0780254   0.013034   0.580128 0.00639983
(1,(((2,3),4),5),((6,(((7,(8,9)),10),11)),12)); -9137.91  -1.66156 71.1856 30.7468 24.6481 -9201.33 0.237025 0.251223 0.197677 0.314074 0.0259992  0.237139  0.088794 0.0169945  0.619406  0.011667
(1,(((2,3),5),4),((6,(((7,(8,9)),10),11)),12)); -9122.73  -1.68787 87.0993 28.7019 29.7854 -9209.23 0.219773 0.246762 0.192338 0.341127  0.0313999   0.272813  0.0768863 0.00815635   0.605041 0.00570362
(1,(((2,3),4),5),((6,(((7,(8,9)),10),11)),12)); -9124.18  -1.66156 76.8958 28.5386 30.6379 -9201.51 0.238568 0.247393 0.198825 0.315213  0.0315729   0.270131  0.0769064 0.00858199   0.605341 0.00746625
(1,((((2,3),5),4),(6,(((7,(8,9)),10),11))),12); -9148.59  -1.82695 76.9408 29.2228 24.3089 -9218.79 0.232254 0.251425 0.176183 0.340139  0.0327872   0.256012    0.10487 0.00968925   0.588556  0.0080854
(1,(((2,3),4),5),((6,(((7,(8,9)),10),11)),12)); -9143.32  -1.66156 70.6602 28.5683 30.9036 -9214.65 0.233072 0.239137 0.197604 0.330187  0.0259902   0.273143   0.074204  0.0125969   0.607054 0.00701209
(1,((((2,3),4),5),12),(6,(((7,(8,9)),10),11))); -9124.92  -2.31312 80.3588 28.6583 28.8457 -9203.15 0.222211 0.250422 0.187328 0.340039  0.0340164   0.291203  0.0662888  0.0173428   0.584073 0.00707532
(1,(((2,3),(4,5)),(6,(((7,(8,9)),10),11))),12); -9186.04  -3.97362 85.3206 28.8394 23.6894 -9262.24 0.215567  0.26085 0.209792 0.313791  0.0478101   0.253717  0.0643716 0.00864995   0.620474 0.00497787
(1,(((2,3),4),5),((6,(((7,(8,9)),10),11)),12)); -9120.41  -1.66156 88.552 28.9026 28.9488 -9207.34 0.222949 0.248761 0.202091 0.326198  0.0353884   0.309196  0.0682388  0.0093418   0.573351 0.00448309
(1,((((2,3),4),5),(6,(((7,(8,9)),10),11))),12); -9117.47  -1.80064 87.4849 29.0396 29.1783 -9203.3 0.241272 0.254665 0.184654  0.31941  0.0350495    0.28853  0.0788911  0.0151617   0.579352 0.00301609
(1,(((2,3),4),5),((6,(((7,(8,9)),10),11)),12)); -9123.53  -1.66156 84.6954 28.6744 28.1229 -9206.01 0.236366 0.233964 0.201679  0.32799  0.0459975   0.290805  0.0672599  0.0174003   0.569616 0.00892039
(1,((((2,3),4),5),(6,(((7,(8,9)),10),11))),12); -9211.16  -1.80064 87.9136 28.7882 29.4093 -9297.9 0.224264 0.244572 0.202164    0.329 0.0319341  0.264924 0.0890807 0.0112798  0.592615 0.0101665
(1,((((2,3),4),5),12),(6,(((7,(8,9)),10),11))); -9144.08  -2.31312 78.5928 28.5217 31.7174 -9223.55 0.230813 0.240607 0.191823 0.336757  0.0357799   0.271172  0.0787698  0.0108701   0.599113 0.00429523
(1,(((2,3),4),5),((6,(((7,(8,9)),10),11)),12)); -9137.15  -1.66156 71.6259 30.1431 24.6262 -9201.6 0.232334 0.257367 0.184516 0.325783  0.0537248   0.299975  0.0841869  0.0122875   0.546604 0.00322218
(1,(((2,3),4),5),((6,(((7,(8,9)),10),11)),12)); -9120.05  -1.66156 87.2492 29.8195 28.8145 -9204.64 0.218621 0.238638 0.201005 0.341736  0.0405626   0.273884   0.071405  0.0179715   0.591297 0.00487954
(1,((((2,3),4),5),12),(6,(((7,(8,9)),10),11))); -9135.99  -2.31312 78.4575 28.9451 25.8398 -9209.03 0.231786 0.249325 0.188231 0.330658 0.0425822  0.292316  0.056603 0.0088684   0.58515 0.0144805
(1,((((2,3),5),4),(6,(((7,(8,9)),10),11))),12); -9130.39  -1.82695 75.9046 29.9569 31.2225 -9205.74 0.234135 0.240452 0.193057 0.332356  0.0401196   0.288396  0.0771466  0.0099763   0.580532 0.00382989
(1,(((2,3),4),5),((6,(((7,(8,9)),10),11)),12)); -9120.5  -1.66156 75.3193 27.986 30.824 -9196.99 0.223685 0.251054 0.192216 0.333045  0.0382128   0.271851  0.0692014 0.00934406   0.607054  0.0043364
(1,(((2,3),5),4),((6,(((7,(8,9)),10),11)),12)); -9176.86  -1.68787 79.2402 29.3405 30.9727 -9256.05 0.230859 0.243334 0.197057  0.32875  0.0394851    0.26743  0.0651295  0.0166009   0.604831 0.00652374
(1,((((2,3),4),5),(6,(((7,(8,9)),10),11))),12); -9118.28  -1.80064 87.1082 28.894 28.27 -9202.96 0.226479 0.247734 0.197736 0.328051 0.0279429  0.289971 0.0658307 0.0135652  0.589355 0.0133359
(1,((((2,3),4),5),(6,(((7,(8,9)),10),11))),12); -9130.36  -1.80064 77.2182 27.8677 26.1844 -9204.09 0.220502 0.242316 0.207497 0.329686   0.024598   0.297878   0.068071 0.00787183   0.599185 0.00239619
(1,((((2,3),5),4),(6,(((7,(8,9)),10),11))),12); -9188.98  -1.82695 82.3737 27.7429 30.1653 -9271.95  0.23677 0.243652 0.184929 0.334649  0.0324279   0.280481  0.0718029  0.0068906   0.602096 0.00630162
(1,((2,3),(4,5)),((6,(((7,(8,9)),10),11)),12)); -9171.54  -3.83454 81.2038 28.2811 29.2137 -9249.84 0.228031 0.243102 0.201561 0.327306  0.0367618   0.271877  0.0608283  0.0201913   0.605927 0.00441441
(1,(((2,3),5),4),((6,(((7,(8,9)),10),11)),12)); -9129.01  -1.68787 84.8078 29.6853 27.709 -9210.16 0.226755 0.244737 0.196273 0.332234  0.0382406    0.29499  0.0871054 0.00600122   0.564579 0.00908442
(1,(((2,3),5),4),((6,(((7,(8,9)),10),11)),12)); -9129.71  -1.68787 85.1975 29.4309 29.7581 -9213.54 0.232632 0.259752 0.188765  0.31885  0.0393175   0.273059  0.0854636  0.0137089   0.583078 0.00537279
(1,(((2,3),5),4),((6,(((7,(8,9)),10),11)),12)); -9172  -1.68787 78.1008 29.451 26.9145 -9245.87 0.228587 0.260893 0.195067 0.315453  0.0405841   0.244435  0.0780253  0.0184209   0.609474 0.00906071
(1,(((2,3),4),5),((6,(((7,(8,9)),10),11)),12)); -9246.21  -1.66156 69.4431 27.762 27.7711 -9314 0.232008 0.262368 0.196506 0.309118 0.0289072  0.286268 0.0623734 0.0107849  0.606096  0.005571
(1,(((2,3),4),5),((6,(((7,(8,9)),10),11)),12)); -9132.63  -1.66156 79.3049 29.8489 27.4116 -9207.84 0.222041 0.243444  0.19237 0.342145 0.0448489  0.280852 0.0734019 0.0201264  0.571532 0.0092394
(1,((((2,3),4),5),12),(6,(((7,(8,9)),10),11))); -9128.84  -2.31312 74.415 28.2999 28.8191 -9201.46 0.228897 0.238735 0.203547 0.328822  0.0341813   0.250335  0.0878009  0.0145464    0.61051 0.00262645
(1,((((2,3),5),4),12),(6,(((7,(8,9)),10),11))); -9131.83  -2.33943 81.5837 28.9346 27.5107 -9209.65 0.220377 0.263511 0.192729 0.323383 0.0354195  0.256526 0.0846956 0.0138957  0.599428 0.0100351
(1,((((2,3),5),4),12),(6,(((7,10),(8,9)),11))); -9172.36  -5.80676 72.8907 29.3253 27.8962 -9238.02 0.252839 0.246222 0.181171 0.319768  0.0432724   0.279201  0.0799582  0.0108224   0.579697 0.00704958
(1,(((2,3),5),4),((6,(((7,(8,9)),10),11)),12)); -9142.48  -1.68787 83.862 28.5541 30.1866 -9226.28 0.233597 0.251917 0.197594 0.316892   0.029997   0.267494  0.0732058 0.00879177   0.611838 0.00867305
(1,((((2,3),5),4),12),(6,(((7,10),(8,9)),11))); -9151.8  -5.80676 75.3761 29.1519 29.4069 -9221.63 0.249184 0.238523 0.197567 0.314726  0.0327097   0.274433  0.0713543 0.00924121   0.603606 0.00865587
(1,((((2,3),4),5),(6,(((7,(8,9)),10),11))),12); -9273.15  -1.80064 79.4874 27.3692 28.164 -9351.63 0.220926 0.232816 0.204229 0.342029  0.0413089   0.279954  0.0617599  0.0107682   0.600317 0.00589227
(1,((((2,3),5),4),12),(6,(((7,(8,9)),10),11))); -9138.47  -2.33943 86.6961 30.2881 26.1392 -9218.68 0.234532  0.24535 0.189302 0.330815  0.0398288   0.313087  0.0878703 0.00768041   0.543032 0.00850149
(1,(((2,3),4),5),((6,(((7,10),(8,9)),11)),12)); -9142.63  -5.1289 90.0045 28.9641 31.3544 -9229.89 0.230822 0.241397 0.197902  0.32988  0.0354789   0.274232  0.0873726  0.0135441   0.584517 0.00485521
(1,((((2,3),5),4),12),(6,(((7,(8,9)),10),11))); -9130.35  -2.33943 76.6079 27.6596 29.733 -9206.69 0.239469 0.237662  0.19256  0.33031  0.0352291    0.26718  0.0695824  0.0123879    0.61383 0.00179036
(1,(((2,3),4),5),((6,(((7,(8,9)),10),11)),12)); -9126.15  -1.66156 85.7781 28.8966 26.2266 -9207.6 0.233957 0.241706 0.195925 0.328411  0.0275386   0.237767  0.0694155  0.0222531   0.636686 0.00633979
(1,((((2,3),5),4),(6,(((7,(8,9)),10),11))),12); -9136.42  -1.82695 87.7669 29.0645 30.0466 -9223.34 0.230153 0.250819 0.198747 0.320281  0.0367738   0.300901  0.0705589  0.0086651   0.576235 0.00686576
(1,((((2,3),5),4),12),(6,(((7,(8,9)),10),11))); -9125.87  -2.33943 88.1457 29.8057 28.0538 -9209.92 0.215039 0.250727 0.195199 0.339035 0.0472569  0.263765 0.0815677 0.0120237  0.589308  0.006078
(1,(((2,3),5),4),((6,(((7,(8,9)),10),11)),12)); -9125.44  -1.68787 87.926 29.4089 29.2077 -9211.48 0.232526   0.2313 0.193008 0.343166 0.0392805  0.278446 0.0699688 0.0177457  0.586778 0.0077815
(1,((((2,3),4),5),(6,(((7,(8,9)),10),11))),12); -9116.37  -1.80064 79.6233 29.0888 27.0864 -9192.19 0.218684 0.247407 0.186869 0.347039  0.0273697   0.279812  0.0750287  0.0197946   0.592092 0.00590388
(1,(((2,3),4),5),((6,(((7,(8,9)),10),11)),12)); -9129.19  -1.66156 70.1362 29.9204 30.086 -9197.83 0.232464    0.257 0.193292 0.317245  0.0364588   0.272793  0.0638356  0.0151257   0.605014 0.00677299
(1,(((2,3),4),5),((6,(((7,10),(8,9)),11)),12)); -9147.51  -5.1289 78.2676 29.1247 28.1059 -9219.63 0.238671  0.24165 0.185303 0.334375 0.0413012  0.275732 0.0813952 0.0182898  0.571819  0.011463
(1,(((2,3),5),4),((6,(((7,(8,9)),10),11)),12)); -9126.3  -1.68787 89.2545 29.2228 28.6506 -9213.3  0.22822 0.241489 0.203869 0.326422  0.0240681   0.282702  0.0687056  0.0116093   0.610371 0.00254403
(1,(((2,3),5),4),((6,(((7,(8,9)),10),11)),12)); -9142.11  -1.68787 75.5966 27.6093 28.7743 -9217.19  0.23358 0.255277 0.191462 0.319681  0.0334085   0.243626  0.0801898   0.008549   0.628793 0.00543362
(1,(((2,3),4),5),((6,(((7,(8,9)),10),11)),12)); -9118.57  -1.66156 78.9535 29.5706 28.7045 -9194.99 0.233193 0.238805 0.186627 0.341374 0.0373183  0.265891 0.0906874 0.0110937  0.584721 0.0102886
(1,((((2,3),4),5),(6,(((7,(8,9)),10),11))),12); -9297.5  -1.80064 77.8582 27.5108 29.9746 -9376.02 0.224025 0.247525 0.196614 0.331837  0.0318831    0.26624   0.071046   0.017684   0.610117 0.00303059
(1,(((2,3),5),4),((6,(((7,(8,9)),10),11)),12)); -9129.13  -1.68787 84.3222 28.657 30.2655 -9213.37 0.232574 0.241607 0.199936 0.325883  0.0472463   0.258312  0.0705705  0.0107566   0.608781 0.00433303
(1,((((2,3),5),4),12),(6,(((7,(8,9)),10),11))); -9127.71  -2.33943 82.6161 29.9518 29.1155 -9207.15   0.2332  0.26264 0.190848 0.313312  0.0403376   0.262903  0.0816445  0.0126981   0.596348 0.00606902
(1,(((2,3),5),4),((6,(((7,10),(8,9)),11)),12)); -9147.3  -5.15521 82.9407 28.2073 27.9413 -9224.82 0.242902 0.245537 0.182666 0.328895  0.0238243     0.2871  0.0703225  0.0167585     0.5984 0.00359436
(1,(((2,3),4),5),((6,(((7,(8,9)),10),11)),12)); -9128.71  -1.66156 89.2266 28.5531 24.2281 -9211.95 0.217988 0.254899 0.190559 0.336554   0.0403534    0.295998    0.078981  0.00757451    0.576123 0.000969578
(1,((((2,3),4),5),12),(6,(((7,(8,9)),10),11))); -9116.91  -2.31312 88.9706 28.3987 30.9769 -9206.14 0.237525 0.248393 0.187845 0.326237  0.0332257    0.28311  0.0678741 0.00900744   0.602912 0.00387088
(1,((((2,3),4),5),(6,(((7,(8,9)),10),11))),12); -9146.04  -1.80064 80.6235 29.5574 30.748 -9226.05 0.234899 0.253288 0.194126 0.317687  0.0336288   0.282344  0.0756628 0.00883204   0.591382 0.00815038
(1,((((2,3),4),5),12),(6,(((7,(8,9)),10),11))); -9146.07  -2.31312 72.6873 28.9692 28.288 -9215.76 0.245331 0.231547 0.198091  0.32503 0.0310947  0.265957 0.0744706 0.0173254  0.599615 0.0115373
(1,((((2,3),4),5),12),(6,(((7,(8,9)),10),11))); -9121.55  -2.31312 76.4735 28.411 29.6528 -9196.95 0.220098 0.249892 0.201826 0.328184  0.0300173   0.265852  0.0779014  0.0175318   0.602677 0.00602116
(1,((((2,3),5),4),(6,(((7,(8,9)),10),11))),12); -9170.99  -1.82695 83.3357 28.5222 28.6244 -9252.61 0.219342  0.25513 0.202193 0.323335 0.0337736   0.28757  0.076872 0.0137824  0.577625 0.0103771
(1,((((2,3),5),4),(6,(((7,(8,9)),10),11))),12); -9144.51  -1.82695 92.1689 28.9864 28.0869 -9233.95 0.228514 0.248535 0.196748 0.326203  0.0419958   0.297528  0.0556484  0.0136496   0.582366 0.00881216
(1,((((2,3),5),4),12),(6,(((7,(8,9)),10),11))); -9146.93  -2.33943 76.3023 29.3214 29.4053 -9220.97 0.224988 0.232794 0.204954 0.337263  0.0332295   0.287444  0.0705072 0.00802742   0.595124 0.00566834
(1,((((2,3),5),4),(6,(((7,(8,9)),10),11))),12); -9211.57  -1.82695 76.6379 30.0437 27.55 -9283.89 0.222082 0.246641 0.205475 0.325802  0.0301945   0.240583  0.0765626  0.0101759   0.634433 0.00805133
(1,((((2,3),4),5),12),(6,(((7,(8,9)),10),11))); -9130.39  -2.31312 77.719 29.0216 28.9428 -9205.72 0.229141 0.251907 0.205001 0.313951  0.0440665   0.278409  0.0700004  0.0175524   0.584274 0.00569833
(1,((((2,3),5),4),12),(6,(((7,(8,9)),10),11))); -9134.71  -2.33943 80.7164 28.938 30.3038 -9214.46 0.222844 0.253488 0.190051 0.333617  0.0344435   0.276222  0.0825337  0.0140956    0.58512 0.00758506
(1,(((2,3),4),5),((6,(((7,(8,9)),10),11)),12)); -9121.74  -1.66156 86.1789 28.8084 28.7055 -9206.15 0.235191 0.240029 0.189977 0.334803  0.0334299   0.248774  0.0696332  0.0209782   0.621583 0.00560172
(1,(((2,3),4),5),((6,(((7,(8,9)),10),11)),12)); -9118.82  -1.66156 87.0626 28.5767 28.0414 -9203.68 0.247805 0.234881 0.190328 0.326986  0.0349378   0.282414  0.0808374 0.00524648   0.589684 0.00688039
(1,(((2,3),4),5),((6,(((7,(8,9)),10),11)),12)); -9133.05  -1.66156 83.3805 29.8473 24.7001 -9209.62 0.245129 0.222811 0.200322 0.331738   0.033327   0.241002  0.0973376 0.00969322    0.61221 0.00642933
(1,(((2,3),(4,5)),12),(6,(((7,(8,9)),10),11))); -9134.8  -4.4861 83.6362 29.1216 28.6705 -9213.5 0.239503 0.250911 0.192069 0.317516  0.0508675   0.256701  0.0755351  0.0132975   0.595544 0.00805506
