tree logl logTop logBL logPrior logQ logWt pi1 pi2 pi3 pi4 s1 s2 s3 s4 s5 s6
(1,2,((3,(((4,5),14),((6,7),((((8,9),11),(10,12)),13)))),(15,((((16,17),((18,19),(20,21))),((24,((25,26),((27,28),(29,30)))),31)),(22,23))))); -14132  0 245.261 116.46 28.4712 -14289.3 0.229265 0.239893 0.164122  0.36672   0.172542   0.199193  0.0517763  0.0144514   0.557627 0.00441002
(1,2,((3,(((4,5),14),((6,7),((((8,9),11),(10,12)),13)))),(15,((((16,17),((18,19),(20,21))),((24,((25,26),((27,28),(29,30)))),31)),(22,23))))); -14132.3  0 249.265 117.068 29.6445 -14294.2 0.205791 0.236629 0.172915 0.384665   0.148283   0.204325  0.0585151 0.00855013   0.579317 0.00100937
(1,2,((3,(((4,5),14),((6,7),((((8,9),11),(10,12)),13)))),(15,((((16,17),((18,19),(20,21))),((24,((25,26),((27,28),(29,30)))),31)),(22,23))))); -14134.2  0 244.618 116.437 29.6821 -14292.1 0.221073 0.216743 0.158584   0.4036   0.160231   0.194313  0.0586212 0.00894662   0.575107 0.00278124
(1,2,((3,(((4,5),14),((6,7),((((8,9),11),(10,12)),13)))),(15,((((16,17),((18,19),(20,21))),((24,((25,26),((27,28),(29,30)))),31)),(22,23))))); -14142.6  0 240.359 116.514 29.8196 -14296.2 0.217115 0.248943 0.163856 0.370086   0.157882    0.20986  0.0500502  0.0138506   0.566435 0.00192191
(1,2,((3,(((4,5),14),((6,7),((((8,9),11),(10,12)),13)))),(15,((((16,17),((18,19),(20,21))),((24,((25,26),((27,28),(29,30)))),31)),(22,23))))); -14134.6  0 242.067 116.876 30.0143 -14289.8 0.234445 0.227059 0.172431 0.366064   0.163881   0.219911  0.0423071 0.00791364   0.564529 0.00145754
(1,2,((3,(((4,5),14),((6,7),((((8,9),11),(10,12)),13)))),(15,((((16,17),((18,19),(20,21))),((24,((25,26),((27,28),(29,30)))),31)),(22,23))))); -14132.6  0 243.53 117.237 31.3499 -14290.3 0.227202  0.21917 0.167214 0.386415   0.166566   0.220177  0.0443095 0.00997945   0.556403 0.00256439
(1,2,((3,(((4,5),14),((6,7),((((8,9),11),(10,12)),13)))),(15,((((16,17),((18,19),(20,21))),((24,((25,26),((27,28),(29,30)))),31)),(22,23))))); -14130.9  0 246.628 117.475 30.2018 -14290.3 0.221047 0.220826 0.182739 0.375389   0.162374   0.223635  0.0468042 0.00940858   0.555503 0.00227519
(1,2,((3,(((4,5),14),((6,7),((((8,9),11),(10,12)),13)))),(15,((((16,17),((18,19),(20,21))),((24,((25,26),((27,28),(29,30)))),31)),(22,23))))); -14133.4  0 241.159 116.779 32.1189 -14289.9 0.218252  0.22938 0.176734 0.375635   0.154161   0.216814  0.0515719  0.0109203   0.563233 0.00329966
(1,2,((3,(((4,5),14),((6,7),((((8,9),11),(10,12)),13)))),(15,((((16,17),((18,19),(20,21))),((24,((25,26),((27,28),(29,30)))),31)),(22,23))))); -14140  0 242.898 116.838 29.664 -14295.7 0.235216 0.224979 0.170656 0.369149   0.140482   0.192112  0.0513097 0.00875129   0.603826 0.00351864
(1,2,((3,(((4,5),14),((6,7),((((8,9),11),(10,12)),13)))),(15,((((16,17),((18,19),(20,21))),((24,((25,26),((27,28),(29,30)))),31)),(22,23))))); -14137.1  0 237.066 116.718 29.8463 -14287.3 0.207843 0.235488 0.161527 0.395142   0.145908   0.193991   0.052509 0.00802802   0.597109 0.00245523
(1,2,((3,(((4,5),14),((6,7),((((8,9),11),(10,12)),13)))),(15,((((16,17),((18,19),(20,21))),((24,((25,26),((27,28),(29,30)))),31)),(22,23))))); -14134.9  0 247.09 116.351 24.2005 -14289.8 0.226763  0.23219 0.155289 0.385758   0.155049   0.188028  0.0664673 0.00732609    0.58286 0.00026989
(1,2,((3,(((4,5),14),((6,7),((((8,9),11),(10,12)),13)))),(15,((((16,17),((18,19),(20,21))),((24,((25,26),((27,28),(29,30)))),31)),(22,23))))); -14146  0 242.671 117.163 24.3042 -14295.8 0.209499 0.213045 0.194651 0.382806   0.152115   0.195846  0.0466089  0.0132939   0.586914 0.00522134
(1,2,((3,(((4,5),14),((6,7),((((8,9),11),(10,12)),13)))),(15,((((16,17),((18,19),(20,21))),((24,((25,26),((27,28),(29,30)))),31)),(22,23))))); -14142.6  0 inf 117.022 28.6904 -inf 0.222917 0.216418 0.156411 0.404254   0.162392   0.216712  0.0527222 0.00673121   0.559143 0.00229946
(1,2,((3,(((4,5),14),((6,7),((((8,9),11),(10,12)),13)))),(15,((((16,17),((18,19),(20,21))),((24,((25,26),((27,28),(29,30)))),31)),(22,23))))); -14129.9  0 247.884 116.665 31.2242 -14292.3 0.235786 0.218107 0.159237 0.386869  0.151918  0.203605 0.0556039 0.0107461  0.576659 0.0014679
(1,2,((3,(((4,5),14),((6,7),((((8,9),11),(10,12)),13)))),(15,((((16,17),((18,19),(20,21))),((24,((25,26),((27,28),(29,30)))),31)),(22,23))))); -14146.3  0 231.596 116.077 30.0194 -14291.9 0.238841 0.223426 0.161076 0.376657   0.158351   0.206392  0.0417487  0.0124884   0.576806 0.00421464
(1,2,((3,(((4,5),14),((6,7),((((8,9),11),(10,12)),13)))),(15,((((16,17),((18,19),(20,21))),((24,((25,26),((27,28),(29,30)))),31)),(22,23))))); -14132.5  0 241.12 116.932 31.874 -14288.5 0.223004 0.226712 0.177197 0.373087   0.169145   0.206416  0.0542521 0.00885733   0.559717 0.00161324
(1,2,((3,(((4,5),14),((6,7),((((8,9),11),(10,12)),13)))),(15,((((16,17),((18,19),(20,21))),((24,((25,26),((27,28),(29,30)))),31)),(22,23))))); -14132.7  0 239.291 116.439 31.6243 -14287.2 0.221743 0.220859 0.168247 0.389152    0.15505   0.205428  0.0557668 0.00639395   0.573673 0.00368856
(1,2,((3,(((4,5),14),((6,7),((((8,9),11),(10,12)),13)))),(15,((((16,17),((18,19),(20,21))),((24,((25,26),((27,28),(29,30)))),31)),(22,23))))); -14134.3  0 242.215 116.418 31.1535 -14291.3 0.225775 0.230295 0.167156 0.376774   0.140436    0.21074  0.0577976 0.00731199   0.581593   0.002121
(1,2,((3,(((4,5),14),((6,7),((((8,9),11),(10,12)),13)))),(15,((((16,17),((18,19),(20,21))),((24,((25,26),((27,28),(29,30)))),31)),(22,23))))); -14129  0 249.033 116.373 30.153 -14291.8 0.217617 0.239175 0.152551 0.390657   0.154424   0.211707  0.0493473 0.00786228    0.57318 0.00348046
(1,2,((3,(((4,5),14),((6,7),((((8,9),11),(10,12)),13)))),(15,((((16,17),((18,19),(20,21))),((24,((25,26),((27,28),(29,30)))),31)),(22,23))))); -14132  0 248.826 116.828 29.5507 -14293.5 0.204949 0.229961 0.176618 0.388472   0.169996   0.191992  0.0560438 0.00821219   0.571247  0.0025076
(1,2,((3,(((4,5),14),((6,7),((((8,9),11),(10,12)),13)))),(15,((((16,17),((18,19),(20,21))),((24,((25,26),((27,28),(29,30)))),31)),(22,23))))); -14129.4  0 251.544 116.722 28.669 -14292.9 0.223684 0.217148 0.163642 0.395526   0.156545   0.226467  0.0419958  0.0139195    0.55815 0.00292263
(1,2,((3,(((4,5),14),((6,7),((((8,9),11),(10,12)),13)))),(15,((((16,17),((18,19),(20,21))),((24,((25,26),((27,28),(29,30)))),31)),(22,23))))); -14145  0 240.95 115.876 27.7749 -14297.8 0.217139 0.241936 0.151545  0.38938   0.146881   0.225164  0.0518481 0.00866315   0.566261 0.00118293
(1,2,((3,(((4,5),14),((6,7),((((8,9),11),(10,12)),13)))),(15,((((16,17),((18,19),(20,21))),((24,((25,26),((27,28),(29,30)))),31)),(22,23))))); -14137  0 244.679 116.877 29.7835 -14294.6 0.209286 0.227723 0.175973 0.387017   0.161408   0.206541  0.0616092 0.00723242   0.561059 0.00215046
(1,2,((3,(((4,5),14),((6,7),((((8,9),11),(10,12)),13)))),(15,((((16,17),((18,19),(20,21))),((24,((25,26),((27,28),(29,30)))),31)),(22,23))))); -14123.6  0 249.456 116.536 32.9871 -14289.5 0.233366 0.221579 0.164962 0.380093   0.156489   0.195842  0.0491084   0.010718   0.585589 0.00225268
(1,2,((3,(((4,5),14),((6,7),((((8,9),11),(10,12)),13)))),(15,((((16,17),((18,19),(20,21))),((24,((25,26),((27,28),(29,30)))),31)),(22,23))))); -14121.6  0 253.838 116.468 32.1705 -14291.2 0.213637 0.233378 0.169922 0.383063    0.16755    0.19046  0.0501283 0.00814384   0.581376 0.00234177
(1,2,((3,(((4,5),14),((6,7),((((8,9),11),(10,12)),13)))),(15,((((16,17),((18,19),(20,21))),((24,((25,26),((27,28),(29,30)))),31)),(22,23))))); -14157.8  0 223.337 115.663 25.5329 -14291 0.221156 0.255159 0.156795  0.36689   0.167279   0.187996  0.0524156  0.0131897   0.574877 0.00424275
(1,2,((3,(((4,5),14),((6,7),((((8,9),11),(10,12)),13)))),(15,((((16,17),((18,19),(20,21))),((24,((25,26),((27,28),(29,30)))),31)),(22,23))))); -14151.7  0 240.22 116.723 24.3212 -14299.5  0.20357 0.248244 0.168853 0.379333    0.14404   0.200867  0.0608437 0.00621963   0.582632  0.0053978
(1,2,((3,(((4,5),14),((6,7),((((8,9),11),(10,12)),13)))),(15,((((16,17),((18,19),(20,21))),((24,((25,26),((27,28),(29,30)))),31)),(22,23))))); -14133.7  0 247.99 116.298 26.6312 -14292.1 0.244822 0.235271 0.153309 0.366599   0.169312   0.196361   0.042951   0.013119   0.576539 0.00171801
(1,2,((3,(((4,5),14),((6,7),((((8,9),11),(10,12)),13)))),(15,((((16,17),((18,19),(20,21))),((24,((25,26),((27,28),(29,30)))),31)),(22,23))))); -14133.2  0 238.081 116.307 32.5748 -14287.5 0.217149 0.229039 0.173903  0.37991   0.168097   0.211608  0.0460015 0.00990495   0.562176 0.00221208
(1,2,((3,(((4,5),14),((6,7),((((8,9),11),(10,12)),13)))),(15,((((16,17),((18,19),(20,21))),((24,((25,26),((27,28),(29,30)))),31)),(22,23))))); -14125.7  0 253.817 117.338 29.2876 -14291.5 0.227343 0.227817 0.172799  0.37204   0.181595   0.190626  0.0502633  0.0109522   0.562259 0.00430402
(1,2,((3,(((4,5),14),((6,7),((((8,9),11),(10,12)),13)))),(15,((((16,17),((18,19),(20,21))),((24,((25,26),((27,28),(29,30)))),31)),(22,23))))); -14120.6  0 252.502 116.457 32.2253 -14288.9 0.220541 0.235457 0.165249 0.378753   0.161237   0.190569  0.0451346 0.00975444   0.591999 0.00130617
(1,2,((3,(((4,5),14),((6,7),((((8,9),11),(10,12)),13)))),(15,((((16,17),((18,19),(20,21))),((24,((25,26),((27,28),(29,30)))),31)),(22,23))))); -14128.9  0 250.673 116.641 30.2171 -14293.2 0.217023  0.24132  0.16282 0.378837   0.160678   0.206121  0.0544171 0.00538616   0.570616 0.00278135
(1,2,((3,(((4,5),14),((6,7),((((8,9),11),(10,12)),13)))),(15,((((16,17),((18,19),(20,21))),((24,((25,26),((27,28),(29,30)))),31)),(22,23))))); -14133.8  0 243.958 116.782 31.1438 -14292.1 0.220946 0.234486 0.173003 0.371565   0.154302   0.225962  0.0512816 0.00904963   0.556786 0.00261869
(1,2,((3,(((4,5),14),((6,7),((((8,9),11),(10,12)),13)))),(15,((((16,17),((18,19),(20,21))),((24,((25,26),((27,28),(29,30)))),31)),(22,23))))); -14127.4  0 249.719 116.909 31.4247 -14291.7 0.215792 0.237806 0.156692  0.38971   0.150604   0.204959  0.0532888  0.0111441   0.577036 0.00296841
(1,2,((3,(((4,5),14),((6,7),((((8,9),11),(10,12)),13)))),(15,((((16,17),((18,19),(20,21))),((24,((25,26),((27,28),(29,30)))),31)),(22,23))))); -14131.5  0 245.788 116.312 31.4109 -14292.3 0.206428 0.233907 0.173779 0.385886   0.162375   0.212567  0.0507431 0.00951718   0.562606 0.00219258
(1,2,((3,(((4,5),14),((6,7),((((8,9),11),(10,12)),13)))),(15,((((16,17),((18,19),(20,21))),((24,((25,26),((27,28),(29,30)))),31)),(22,23))))); -14142.3  0 228.728 116.449 32.794 -14287.3 0.219692 0.222576 0.163793 0.393938   0.150929   0.198238  0.0534334 0.00948486   0.585953  0.0019613
(1,2,((3,(((4,5),14),((6,7),((((8,9),11),(10,12)),13)))),(15,((((16,17),((18,19),(20,21))),((24,((25,26),((27,28),(29,30)))),31)),(22,23))))); -14137.6  0 241.117 116.763 29.9783 -14291.9  0.22644  0.23234 0.161494 0.379727    0.152345    0.197838   0.0599945    0.014309     0.57464 0.000873051
(1,2,((3,(((4,5),14),((6,7),((((8,9),11),(10,12)),13)))),(15,((((16,17),((18,19),(20,21))),((24,((25,26),((27,28),(29,30)))),31)),(22,23))))); -14135.8  0 239.035 116.803 32.3986 -14290.4 0.217805  0.22369 0.169653 0.388853   0.156488    0.20111  0.0588067 0.00904689   0.571527 0.00302198
(1,2,((3,(((4,5),14),((6,7),((((8,9),11),(10,12)),13)))),(15,((((16,17),((18,19),(20,21))),((24,((25,26),((27,28),(29,30)))),31)),(22,23))))); -14121.4  0 252.078 116.776 31.2926 -14288 0.229284 0.232658 0.156064 0.381994   0.164649   0.190725  0.0557926 0.00952628   0.576845 0.00246283
(1,2,((3,(((4,5),14),((6,7),((((8,9),11),(10,12)),13)))),(15,((((16,17),((18,19),(20,21))),((24,((25,26),((27,28),(29,30)))),31)),(22,23))))); -14140.1  0 236.635 117.218 31.7454 -14291.3 0.218708 0.215216 0.174765 0.391311   0.160805    0.20687  0.0528758 0.00895495    0.56696 0.00353405
(1,2,((3,(((4,5),14),((6,7),((((8,9),11),(10,12)),13)))),(15,((((16,17),((18,19),(20,21))),((24,((25,26),((27,28),(29,30)))),31)),(22,23))))); -14132.9  0 244.987 116.538 29.6695 -14291 0.212042 0.225552 0.167571 0.394835   0.150259   0.208183  0.0526283 0.00475057   0.582211  0.0019677
(1,2,((3,(((4,5),14),((6,7),((((8,9),11),(10,12)),13)))),(15,((((16,17),((18,19),(20,21))),((24,((25,26),((27,28),(29,30)))),31)),(22,23))))); -14127.9  0 247.361 116.747 31.0457 -14289.5 0.212489 0.240009 0.175548 0.371954   0.158984   0.207259  0.0466757 0.00990875   0.572997  0.0041751
(1,2,((3,(((4,5),14),((6,7),((((8,9),11),(10,12)),13)))),(15,((((16,17),((18,19),(20,21))),((24,((25,26),((27,28),(29,30)))),31)),(22,23))))); -14132.5  0 249.844 116.858 29.6323 -14295.1 0.225863  0.23041  0.15829 0.385437   0.141088   0.224408  0.0436357  0.0072295   0.581354 0.00228489
(1,2,((3,(((4,5),14),((6,7),((((8,9),11),(10,12)),13)))),(15,((((16,17),((18,19),(20,21))),((24,((25,26),((27,28),(29,30)))),31)),(22,23))))); -14132  0 248.589 116.868 29.0673 -14292.7 0.220569 0.221986 0.173893 0.383553   0.153006   0.209674  0.0389013 0.00519426   0.591779 0.00144477
(1,2,((3,(((4,5),14),((6,7),((((8,9),11),(10,12)),13)))),(15,((((16,17),((18,19),(20,21))),((24,((25,26),((27,28),(29,30)))),31)),(22,23))))); -14137.5  0 234.228 116.929 32.2886 -14287.1 0.223694 0.223374 0.170595 0.382337   0.163063   0.217988  0.0522189  0.0102288   0.553659 0.00284188
(1,2,((3,(((4,5),14),((6,7),((((8,9),11),(10,12)),13)))),(15,((((16,17),((18,19),(20,21))),((24,((25,26),((27,28),(29,30)))),31)),(22,23))))); -14130.2  0 251.686 116.929 28.9878 -14293.9  0.22035 0.214236  0.16775 0.397664    0.168395    0.186241   0.0458787  0.00731786    0.591197 0.000969974
(1,2,((3,(((4,5),14),((6,7),((((8,9),11),(10,12)),13)))),(15,((((16,17),((18,19),(20,21))),((24,((25,26),((27,28),(29,30)))),31)),(22,23))))); -14137.5  0 239.01 116.593 30.1337 -14290.1 0.223777 0.215323  0.17092  0.38998   0.144626   0.223899  0.0428064   0.011534   0.575086 0.00204942
(1,2,((3,(((4,5),14),((6,7),((((8,9),11),(10,12)),13)))),(15,((((16,17),((18,19),(20,21))),((24,((25,26),((27,28),(29,30)))),31)),(22,23))))); -14142.9  0 249.768 116.775 23.241 -14299.1 0.207703  0.24224  0.17107 0.378988   0.184473   0.201568  0.0459831  0.0188142   0.546123 0.00303865
(1,2,((3,(((4,5),14),((6,7),((((8,9),11),(10,12)),13)))),(15,((((16,17),((18,19),(20,21))),((24,((25,26),((27,28),(29,30)))),31)),(22,23))))); -14124.9  0 250.098 116.43 32.3468 -14291 0.224653  0.22333 0.178454 0.373562   0.157408   0.199927  0.0532301 0.00984472   0.578493 0.00109782
(1,2,((3,(((4,5),14),((6,7),((((8,9),11),(10,12)),13)))),(15,((((16,17),((18,19),(20,21))),((24,((25,26),((27,28),(29,30)))),31)),(22,23))))); -14143.9  0 234.416 116.863 31.0168 -14292.4 0.212931 0.229428 0.179383 0.378258   0.148444   0.215752   0.051525 0.00780934   0.572883 0.00358626
(1,2,((3,(((4,5),14),((6,7),((((8,9),11),(10,12)),13)))),(15,((((16,17),((18,19),(20,21))),((24,((25,26),((27,28),(29,30)))),31)),(22,23))))); -14125.9  0 250.743 116.973 30.009 -14289.7 0.224169 0.222409  0.17499 0.378432    0.15944   0.199426   0.044559  0.0143062   0.576491 0.00577837
(1,2,((3,(((4,5),14),((6,7),((((8,9),11),(10,12)),13)))),(15,((((16,17),((18,19),(20,21))),((24,((25,26),((27,28),(29,30)))),31)),(22,23))))); -14128.1  0 245.044 115.994 32.0143 -14289.1 0.213344 0.234479 0.163104 0.389073    0.16579   0.195785  0.0471054  0.0123135   0.576788 0.00221848
(1,2,((3,(((4,5),14),((6,7),((((8,9),11),(10,12)),13)))),(15,((((16,17),((18,19),(20,21))),((24,((25,26),((27,28),(29,30)))),31)),(22,23))))); -14124.9  0 247.779 116.22 32.8565 -14289.3 0.222349 0.228788 0.168652 0.380212   0.153784   0.209523  0.0461217  0.0111861   0.575122 0.00426333
(1,2,((3,(((4,5),14),((6,7),((((8,9),11),(10,12)),13)))),(15,((((16,17),((18,19),(20,21))),((24,((25,26),((27,28),(29,30)))),31)),(22,23))))); -14123.9  0 250.865 116.423 31.0654 -14289.4 0.220739 0.228571 0.158256 0.392434    0.14671   0.192542  0.0504841 0.00783354   0.599519   0.002911
(1,2,((3,(((4,5),14),((6,7),((((8,9),11),(10,12)),13)))),(15,((((16,17),((18,19),(20,21))),((24,((25,26),((27,28),(29,30)))),31)),(22,23))))); -14123.7  0 258.079 117.039 27.3326 -14292.1 0.228641 0.241132 0.145659 0.384568   0.149705   0.194304  0.0559833 0.00922009   0.589364 0.00142294
(1,2,((3,(((4,5),14),((6,7),((((8,9),11),(10,12)),13)))),(15,((((16,17),((18,19),(20,21))),((24,((25,26),((27,28),(29,30)))),31)),(22,23))))); -14128.2  0 246.747 117.058 32.549 -14290.4 0.218273 0.221307 0.169737 0.390683   0.149323   0.197768  0.0523261  0.0121696   0.586698 0.00171556
(1,2,((3,(((4,5),14),((6,7),((((8,9),11),(10,12)),13)))),(15,((((16,17),((18,19),(20,21))),((24,((25,26),((27,28),(29,30)))),31)),(22,23))))); -14132.4  0 243.906 116.447 31.6805 -14291.6 0.231023 0.223485 0.155726 0.389766   0.162036    0.21073  0.0453549 0.00972302   0.569608 0.00254802
(1,2,((3,(((4,5),14),((6,7),((((8,9),11),(10,12)),13)))),(15,((((16,17),((18,19),(20,21))),((24,((25,26),((27,28),(29,30)))),31)),(22,23))))); -14143.2  0 236.957 116.406 28.332 -14292.1 0.226427 0.240316 0.163605 0.369652    0.16255   0.184409  0.0555938  0.0165961   0.578593 0.00225714
(1,2,((3,(((4,5),14),((6,7),((((8,9),11),(10,12)),13)))),(15,((((16,17),((18,19),(20,21))),((24,((25,26),((27,28),(29,30)))),31)),(22,23))))); -14126.2  0 312.403 116.855 31.7337 -14353.4 0.212132 0.217215 0.176003  0.39465   0.153851   0.202876  0.0492861  0.0106917   0.581596 0.00170001
(1,2,((3,(((4,5),14),((6,7),((((8,9),11),(10,12)),13)))),(15,((((16,17),((18,19),(20,21))),((24,((25,26),((27,28),(29,30)))),31)),(22,23))))); -14130.3  0 251.645 116.462 25.4935 -14291 0.218663 0.255955 0.158233 0.367148   0.173569   0.195375  0.0401835 0.00851813   0.580789 0.00156522
(1,2,((3,(((4,5),14),((6,7),((((8,9),11),(10,12)),13)))),(15,((((16,17),((18,19),(20,21))),((24,((25,26),((27,28),(29,30)))),31)),(22,23))))); -14139.1  0 246.122 117.123 26.691 -14294.8 0.240132   0.2125 0.173563 0.373804    0.16605   0.186275  0.0636298  0.0115393   0.569802 0.00270444
(1,2,((3,(((4,5),14),((6,7),((((8,9),11),(10,12)),13)))),(15,((((16,17),((18,19),(20,21))),((24,((25,26),((27,28),(29,30)))),31)),(22,23))))); -14135  0 241.863 116.485 31.6239 -14292 0.217999 0.231959 0.169648 0.380394    0.15431   0.203853  0.0392482 0.00841597    0.59269 0.00148246
(1,2,((3,(((4,5),14),((6,7),((((8,9),11),(10,12)),13)))),(15,((((16,17),((18,19),(20,21))),((24,((25,26),((27,28),(29,30)))),31)),(22,23))))); -14129.5  0 245.232 116.689 31.2241 -14289.3 0.212176 0.230403 0.166827 0.390594   0.153683   0.190459  0.0440134   0.012305   0.597111 0.00242846
(1,2,((3,(((4,5),14),((6,7),((((8,9),11),(10,12)),13)))),(15,((((16,17),((18,19),(20,21))),((24,((25,26),((27,28),(29,30)))),31)),(22,23))))); -14121.8  0 258.013 116.763 29.8825 -14293 0.223691 0.219262 0.171507  0.38554   0.175385   0.212773  0.0542247  0.0117489   0.543171 0.00269689
(1,2,((3,(((4,5),14),((6,7),((((8,9),11),(10,12)),13)))),(15,((((16,17),((18,19),(20,21))),((24,((25,26),((27,28),(29,30)))),31)),(22,23))))); -14139.9  0 245.316 116.64 26.3239 -14294.9 0.229135 0.212502 0.177059 0.381304   0.147861   0.202777    0.04465  0.0206498   0.582136 0.00192574
(1,2,((3,(((4,5),14),((6,7),((((8,9),11),(10,12)),13)))),(15,((((16,17),((18,19),(20,21))),((24,((25,26),((27,28),(29,30)))),31)),(22,23))))); -14130  0 247.751 117.544 30.3373 -14290.6 0.221755 0.216514 0.175579 0.386152   0.148246   0.225042  0.0486678  0.0124373    0.56264 0.00296621
(1,2,((3,(((4,5),14),((6,7),((((8,9),11),(10,12)),13)))),(15,((((16,17),((18,19),(20,21))),((24,((25,26),((27,28),(29,30)))),31)),(22,23))))); -14129.7  0 245.614 117.376 30.1699 -14288.1 0.224839 0.216036 0.163141 0.395984   0.143816   0.213141   0.053246  0.0121276   0.573662 0.00400689
(1,2,((3,(((4,5),14),((6,7),((((8,9),11),(10,12)),13)))),(15,((((16,17),((18,19),(20,21))),((24,((25,26),((27,28),(29,30)))),31)),(22,23))))); -14130.3  0 243.42 116.06 31.2976 -14289 0.239676 0.230738 0.162507 0.367079   0.151547   0.202282  0.0469413  0.0108692   0.586411 0.00194972
(1,2,((3,(((4,5),14),((6,7),((((8,9),11),(10,12)),13)))),(15,((((16,17),((18,19),(20,21))),((24,((25,26),((27,28),(29,30)))),31)),(22,23))))); -14134.2  0 245.992 116.77 27.902 -14291.3 0.244691 0.220514 0.165996 0.368799   0.148414   0.205566  0.0550057    0.01082   0.574401 0.00579315
(1,2,((3,(((4,5),14),((6,7),((((8,9),11),(10,12)),13)))),(15,((((16,17),((18,19),(20,21))),((24,((25,26),((27,28),(29,30)))),31)),(22,23))))); -14144.6  0 237.929 116.715 26.2288 -14292 0.209485 0.235071  0.17954 0.375905   0.147243   0.210021  0.0433569   0.018909   0.576546 0.00392402
(1,2,((3,(((4,5),14),((6,7),((((8,9),11),(10,12)),13)))),(15,((((16,17),((18,19),(20,21))),((24,((25,26),((27,28),(29,30)))),31)),(22,23))))); -14138.9  0 240.868 117.005 28.6328 -14291.4 0.230921 0.227573 0.161088 0.380417  0.148027  0.210272   0.06129 0.0097375  0.564554 0.0061192
(1,2,((3,(((4,5),14),((6,7),((((8,9),11),(10,12)),13)))),(15,((((16,17),((18,19),(20,21))),((24,((25,26),((27,28),(29,30)))),31)),(22,23))))); -14144.7  0 236.147 116.806 25.4828 -14289.5 0.201704  0.22763 0.182695  0.38797    0.147837    0.204515   0.0569542   0.0126961    0.577618 0.000380116
(1,2,((3,(((4,5),14),((6,7),((((8,9),11),(10,12)),13)))),(15,((((16,17),((18,19),(20,21))),((24,((25,26),((27,28),(29,30)))),31)),(22,23))))); -14145.8  0 239.973 116.09 24.1312 -14293.8 0.232195 0.225221 0.182333  0.36025   0.129687   0.212522   0.056666  0.0127317    0.58351 0.00488271
(1,2,((3,(((4,5),14),((6,7),((((8,9),11),(10,12)),13)))),(15,((((16,17),((18,19),(20,21))),((24,((25,26),((27,28),(29,30)))),31)),(22,23))))); -14128.8  0 252.095 116.549 28.4284 -14292.7 0.215129 0.210064 0.179238 0.395568    0.158782    0.205196   0.0524796   0.0132241    0.569566 0.000752347
(1,2,((3,(((4,5),14),((6,7),((((8,9),11),(10,12)),13)))),(15,((((16,17),((18,19),(20,21))),((24,((25,26),((27,28),(29,30)))),31)),(22,23))))); -14130.7  0 259.044 116.924 29.8658 -14302.7 0.219114 0.238936 0.169881 0.372069   0.181061   0.189397   0.049935 0.00882772   0.568892 0.00188709
(1,2,((3,(((4,5),14),((6,7),((((8,9),11),(10,12)),13)))),(15,((((16,17),((18,19),(20,21))),((24,((25,26),((27,28),(29,30)))),31)),(22,23))))); -14136.4  0 237.487 116.058 32.2856 -14290.2 0.230314 0.221049 0.176254 0.372384   0.160923   0.195732  0.0534009  0.0106577   0.576524 0.00276229
(1,2,((3,(((4,5),14),((6,7),((((8,9),11),(10,12)),13)))),(15,((((16,17),((18,19),(20,21))),((24,((25,26),((27,28),(29,30)))),31)),(22,23))))); -14130.9  0 246.91 116.601 29.4797 -14290.7 0.222083 0.222348 0.183633 0.371936   0.166367   0.210624  0.0588816  0.0081702   0.553523 0.00243502
(1,2,((3,(((4,5),14),((6,7),((((8,9),11),(10,12)),13)))),(15,((((16,17),((18,19),(20,21))),((24,((25,26),((27,28),(29,30)))),31)),(22,23))))); -14130.6  0 245.741 116.787 30.3824 -14289.9 0.229853 0.221905 0.162641 0.385601   0.171147   0.197899  0.0576142  0.0134749   0.557854 0.00201093
(1,2,((3,(((4,5),14),((6,7),((((8,9),11),(10,12)),13)))),(15,((((16,17),((18,19),(20,21))),((24,((25,26),((27,28),(29,30)))),31)),(22,23))))); -14127.9  0 249.262 116.75 30.8596 -14291.3 0.228463 0.218196 0.174058 0.379282   0.158067   0.213309  0.0604243 0.00891575   0.557573 0.00171013
(1,2,((3,(((4,5),14),((6,7),((((8,9),11),(10,12)),13)))),(15,((((16,17),((18,19),(20,21))),((24,((25,26),((27,28),(29,30)))),31)),(22,23))))); -14122.3  0 254.171 116.988 32.4776 -14292 0.224084  0.22868 0.169694 0.377541   0.146497   0.218615  0.0468903  0.0105459   0.576099 0.00135223
(1,2,((3,(((4,5),14),((6,7),((((8,9),11),(10,12)),13)))),(15,((((16,17),((18,19),(20,21))),((24,((25,26),((27,28),(29,30)))),31)),(22,23))))); -14141.3  0 534.575 116.493 28.617 -14588 0.220446 0.214985 0.182088 0.382482   0.175123   0.212321  0.0472049  0.0119115   0.550041 0.00339957
(1,2,((3,(((4,5),14),((6,7),((((8,9),11),(10,12)),13)))),(15,((((16,17),((18,19),(20,21))),((24,((25,26),((27,28),(29,30)))),31)),(22,23))))); -14131.5  0 247.881 117.024 30.411 -14292.8  0.23317 0.228142 0.157059  0.38163   0.171718   0.195344  0.0531022  0.0119596   0.564389 0.00348758
(1,2,((3,(((4,5),14),((6,7),((((8,9),11),(10,12)),13)))),(15,((((16,17),((18,19),(20,21))),((24,((25,26),((27,28),(29,30)))),31)),(22,23))))); -14122.5  0 253.33 116.922 32.4384 -14291.3 0.209925 0.232182 0.171136 0.386758   0.157945   0.203183  0.0489644 0.00977349    0.57645 0.00368436
(1,2,((3,(((4,5),14),((6,7),((((8,9),11),(10,12)),13)))),(15,((((16,17),((18,19),(20,21))),((24,((25,26),((27,28),(29,30)))),31)),(22,23))))); -14136.4  0 239.914 116.324 32.1459 -14292.2 0.231334 0.221768 0.173152 0.373747  0.158794  0.189414 0.0494633  0.010268  0.589005 0.0030553
(1,2,((3,(((4,5),14),((6,7),((((8,9),11),(10,12)),13)))),(15,((((16,17),((18,19),(20,21))),((24,((25,26),((27,28),(29,30)))),31)),(22,23))))); -14134.2  0 244.163 116.618 31.1808 -14293 0.217298 0.228665 0.161526 0.392511   0.162983   0.211443  0.0548479 0.00639288   0.562499 0.00183458
(1,2,((3,(((4,5),14),((6,7),((((8,9),11),(10,12)),13)))),(15,((((16,17),((18,19),(20,21))),((24,((25,26),((27,28),(29,30)))),31)),(22,23))))); -14136.6  0 239.281 116.45 31.1138 -14290.6  0.21284 0.239421  0.16119 0.386549   0.147347   0.212246  0.0482493  0.0128691   0.577438 0.00185103
(1,2,((3,(((4,5),14),((6,7),((((8,9),11),(10,12)),13)))),(15,((((16,17),((18,19),(20,21))),((24,((25,26),((27,28),(29,30)))),31)),(22,23))))); -14129.1  0 245.556 116.038 31.9197 -14290.5 0.226435 0.225367 0.177456 0.370742   0.147177   0.204087  0.0519512  0.0072105   0.587372 0.00220222
(1,2,((3,(((4,5),14),((6,7),((((8,9),11),(10,12)),13)))),(15,((((16,17),((18,19),(20,21))),((24,((25,26),((27,28),(29,30)))),31)),(22,23))))); -14131.3  0 249.106 117.166 29.7772 -14293.1 0.223147 0.219052 0.162176 0.395625   0.152961   0.200344  0.0633931  0.0109381   0.571243 0.00112053
(1,2,((3,(((4,5),14),((6,7),((((8,9),11),(10,12)),13)))),(15,((((16,17),((18,19),(20,21))),((24,((25,26),((27,28),(29,30)))),31)),(22,23))))); -14137.3  0 243.145 117.008 28.5702 -14292 0.223858 0.217251 0.163761  0.39513  0.154821  0.210626 0.0491076 0.0175062  0.563537 0.0044022
(1,2,((3,(((4,5),14),((6,7),((((8,9),11),(10,12)),13)))),(15,((((16,17),((18,19),(20,21))),((24,((25,26),((27,28),(29,30)))),31)),(22,23))))); -14127.2  0 250.738 116.3 31.0464 -14292.6 0.224345 0.233236 0.159216 0.383203   0.162016   0.215855  0.0563197  0.0118836   0.551572 0.00235409
(1,2,((3,(((4,5),14),((6,7),((((8,9),11),(10,12)),13)))),(15,((((16,17),((18,19),(20,21))),((24,((25,26),((27,28),(29,30)))),31)),(22,23))))); -14138.1  0 241.282 116.626 29.7547 -14292.5  0.21586 0.234178 0.167152 0.382811   0.151281   0.227235  0.0530459  0.0070884   0.557367 0.00398297
(1,2,((3,(((4,5),14),((6,7),((((8,9),11),(10,12)),13)))),(15,((((16,17),((18,19),(20,21))),((24,((25,26),((27,28),(29,30)))),31)),(22,23))))); -14130.7  0 245.771 117.024 31.4254 -14290.9 0.232087 0.227371 0.166085 0.374458   0.144445   0.196076  0.0450525  0.0107357   0.600601 0.00308937
(1,2,((3,(((4,5),14),((6,7),((((8,9),11),(10,12)),13)))),(15,((((16,17),((18,19),(20,21))),((24,((25,26),((27,28),(29,30)))),31)),(22,23))))); -14127.6  0 250.4 117.371 31.4857 -14292.1 0.227269 0.227109 0.164904 0.380718  0.147328  0.206801 0.0621322 0.0107807  0.570761  0.002197
(1,2,((3,(((4,5),14),((6,7),((((8,9),11),(10,12)),13)))),(15,((((16,17),((18,19),(20,21))),((24,((25,26),((27,28),(29,30)))),31)),(22,23))))); -14135.6  0 241.443 116.647 32.1794 -14292.6 0.221217 0.222632 0.177663 0.378489   0.145937   0.205443  0.0537497 0.00852922   0.584893 0.00144773
(1,2,((3,(((4,5),14),((6,7),((((8,9),11),(10,12)),13)))),(15,((((16,17),((18,19),(20,21))),((24,((25,26),((27,28),(29,30)))),31)),(22,23))))); -14142.2  0 236.376 117.087 28.9754 -14290.5 0.231079  0.23452 0.168058 0.366344   0.183921   0.201387  0.0463294 0.00776323   0.558467 0.00213187
(1,2,((3,(((4,5),14),((6,7),((((8,9),11),(10,12)),13)))),(15,((((16,17),((18,19),(20,21))),((24,((25,26),((27,28),(29,30)))),31)),(22,23))))); -14125.5  0 251.434 116.579 30.6127 -14291  0.22304 0.226304 0.167854 0.382802   0.163473   0.222683  0.0530958  0.0133461   0.545397 0.00200488
(1,2,((3,(((4,5),14),((6,7),((((8,9),11),(10,12)),13)))),(15,((((16,17),((18,19),(20,21))),((24,((25,26),((27,28),(29,30)))),31)),(22,23))))); -14133.7  0 240.691 116.555 31.7135 -14289.5 0.220904 0.234008  0.16194 0.383147   0.156938   0.201074  0.0560615 0.00609096   0.577191 0.00264521
(1,2,((3,(((4,5),14),((6,7),((((8,9),11),(10,12)),13)))),(15,((((16,17),((18,19),(20,21))),((24,((25,26),((27,28),(29,30)))),31)),(22,23))))); -14131.5  0 249.586 116.468 28.2111 -14292.8 0.236579 0.237849 0.169194 0.356379    0.16289   0.189092  0.0591494  0.0107614     0.5754 0.00270726
(1,2,((3,(((4,5),14),((6,7),((((8,9),11),(10,12)),13)))),(15,((((16,17),((18,19),(20,21))),((24,((25,26),((27,28),(29,30)))),31)),(22,23))))); -14139.4  0 236.053 116.568 30.0912 -14289 0.229462 0.223146 0.170752  0.37664   0.144661   0.209422  0.0438074  0.0104422   0.585725 0.00594265
(1,2,((3,(((4,5),14),((6,7),((((8,9),11),(10,12)),13)))),(15,((((16,17),((18,19),(20,21))),((24,((25,26),((27,28),(29,30)))),31)),(22,23))))); -14130  0 247.478 116.222 28.7266 -14290 0.221305 0.220273 0.177545 0.380878    0.152359     0.20767   0.0440186   0.0140729    0.581519 0.000361279
(1,2,((3,(((4,5),14),((6,7),((((8,9),11),(10,12)),13)))),(15,((((16,17),((18,19),(20,21))),((24,((25,26),((27,28),(29,30)))),31)),(22,23))))); -14121.6  0 249.855 116.558 33.2896 -14288.2 0.217341 0.233336 0.166423   0.3829    0.15102   0.211668  0.0525807 0.00939369   0.573354 0.00198317
(1,2,((3,(((4,5),14),((6,7),((((8,9),11),(10,12)),13)))),(15,((((16,17),((18,19),(20,21))),((24,((25,26),((27,28),(29,30)))),31)),(22,23))))); -14122.8  0 253.28 116.757 32.1908 -14291.6 0.225403 0.224098 0.163716 0.386783   0.162927   0.195779  0.0479288 0.00719425   0.582207 0.00396407
(1,2,((3,(((4,5),14),((6,7),((((8,9),11),(10,12)),13)))),(15,((((16,17),((18,19),(20,21))),((24,((25,26),((27,28),(29,30)))),31)),(22,23))))); -14135.6  0 244.086 117.036 29.6526 -14292.3 0.223833 0.224951 0.183163 0.368053   0.154378   0.205645  0.0618436 0.00799593   0.568424 0.00171429
(1,2,((3,(((4,5),14),((6,7),((((8,9),11),(10,12)),13)))),(15,((((16,17),((18,19),(20,21))),((24,((25,26),((27,28),(29,30)))),31)),(22,23))))); -14134.9  0 244.743 116.842 28.5445 -14291.3 0.225395 0.228622 0.174785 0.371198   0.148427   0.210591  0.0635438 0.00992692   0.562083 0.00542903
(1,2,((3,(((4,5),14),((6,7),((((8,9),11),(10,12)),13)))),(15,((((16,17),((18,19),(20,21))),((24,((25,26),((27,28),(29,30)))),31)),(22,23))))); -14130  0 242.767 116.474 32.5765 -14288.8 0.221435 0.233038 0.166325 0.379203   0.160393   0.201205  0.0429714 0.00835423   0.585916 0.00116051
(1,2,((3,(((4,5),14),((6,7),((((8,9),11),(10,12)),13)))),(15,((((16,17),((18,19),(20,21))),((24,((25,26),((27,28),(29,30)))),31)),(22,23))))); -14126.7  0 298.284 116.965 31.4194 -14339.4  0.22671 0.220602 0.174855 0.377834    0.16518   0.208971  0.0523006 0.00886166   0.560057 0.00462969
(1,2,((3,(((4,5),14),((6,7),((((8,9),11),(10,12)),13)))),(15,((((16,17),((18,19),(20,21))),((24,((25,26),((27,28),(29,30)))),31)),(22,23))))); -14126.1  0 248.225 116.38 32.5096 -14290.5 0.217413 0.234991 0.160386  0.38721  0.161044  0.203139 0.0465678 0.0113061  0.574657 0.0032859
(1,2,((3,(((4,5),14),((6,7),((((8,9),11),(10,12)),13)))),(15,((((16,17),((18,19),(20,21))),((24,((25,26),((27,28),(29,30)))),31)),(22,23))))); -14141.8  0 237.712 116.479 30.1993 -14293.2 0.216234 0.234762 0.167123 0.381881   0.151186   0.228413  0.0408857 0.00938129   0.568473 0.00166132
(1,2,((3,(((4,5),14),((6,7),((((8,9),11),(10,12)),13)))),(15,((((16,17),((18,19),(20,21))),((24,((25,26),((27,28),(29,30)))),31)),(22,23))))); -14135.9  0 243.837 117.48 30.0233 -14292.3 0.230497 0.228736 0.157241 0.383526   0.169489   0.216022  0.0531249  0.0119262   0.547935 0.00150256
(1,2,((3,(((4,5),14),((6,7),((((8,9),11),(10,12)),13)))),(15,((((16,17),((18,19),(20,21))),((24,((25,26),((27,28),(29,30)))),31)),(22,23))))); -14132.9  0 252.998 116.868 28.059 -14297.1  0.22704 0.213664 0.177839 0.381457   0.153028   0.183279  0.0497311  0.0113369   0.596867 0.00575871
(1,2,((3,(((4,5),14),((6,7),((((8,9),11),(10,12)),13)))),(15,((((16,17),((18,19),(20,21))),((24,((25,26),((27,28),(29,30)))),31)),(22,23))))); -14127.1  0 247.659 117.054 33.2896 -14291 0.220097 0.223968 0.171493 0.384442   0.158915     0.2048  0.0529711  0.0116945   0.568614 0.00300562
(1,2,((3,(((4,5),14),((6,7),((((8,9),11),(10,12)),13)))),(15,((((16,17),((18,19),(20,21))),((24,((25,26),((27,28),(29,30)))),31)),(22,23))))); -14134.3  0 238.266 115.926 32.766 -14289.4 0.224809  0.23369 0.162472 0.379029   0.148874   0.207467  0.0518048 0.00831588   0.580126 0.00341231
(1,2,((3,(((4,5),14),((6,7),((((8,9),11),(10,12)),13)))),(15,((((16,17),((18,19),(20,21))),((24,((25,26),((27,28),(29,30)))),31)),(22,23))))); -14131  0 250.974 116.672 30.9986 -14296.3 0.222376 0.246008 0.157152 0.374464   0.153008   0.211716   0.049731 0.00952918   0.573602 0.00241384
(1,2,((3,(((4,5),14),((6,7),((((8,9),11),(10,12)),13)))),(15,((((16,17),((18,19),(20,21))),((24,((25,26),((27,28),(29,30)))),31)),(22,23))))); -14139.7  0 268.399 117.129 30.5501 -14321.6 0.217152 0.213281 0.175257  0.39431   0.169819   0.211657  0.0469469 0.00975815   0.559478 0.00234097
(1,2,((3,(((4,5),14),((6,7),((((8,9),11),(10,12)),13)))),(15,((((16,17),((18,19),(20,21))),((24,((25,26),((27,28),(29,30)))),31)),(22,23))))); -14125.9  0 255.367 117.061 29.7137 -14293.9  0.22768 0.209384 0.179249 0.383687   0.167665   0.193262  0.0448199  0.0116036   0.579744 0.00290655
(1,2,((3,(((4,5),14),((6,7),((((8,9),11),(10,12)),13)))),(15,((((16,17),((18,19),(20,21))),((24,((25,26),((27,28),(29,30)))),31)),(22,23))))); -14132.6  0 239.417 116.031 31.6224 -14287.7 0.217374 0.224889 0.159771 0.397966   0.159807   0.212026  0.0520472  0.0106543   0.564165 0.00130006
(1,2,((3,(((4,5),14),((6,7),((((8,9),11),(10,12)),13)))),(15,((((16,17),((18,19),(20,21))),((24,((25,26),((27,28),(29,30)))),31)),(22,23))))); -14135.3  0 239.194 116.22 31.0304 -14289.3 0.220489 0.241314 0.165463 0.372735    0.16544    0.19663  0.0484508 0.00673448   0.581608 0.00113614
(1,2,((3,(((4,5),14),((6,7),((((8,9),11),(10,12)),13)))),(15,((((16,17),((18,19),(20,21))),((24,((25,26),((27,28),(29,30)))),31)),(22,23))))); -14140  0 246.854 117.291 28.1643 -14297.8 0.211953 0.243915  0.17944 0.364693   0.152634   0.189306  0.0519455 0.00725364   0.595714 0.00314603
(1,2,((3,(((4,5),14),((6,7),((((8,9),11),(10,12)),13)))),(15,((((16,17),((18,19),(20,21))),((24,((25,26),((27,28),(29,30)))),31)),(22,23))))); -14130.4  0 251.664 116.626 28.586 -14294.1 0.212974  0.23985 0.179885 0.367291   0.168509    0.21766  0.0474787  0.0105904   0.554724 0.00103797
(1,2,((3,(((4,5),14),((6,7),((((8,9),11),(10,12)),13)))),(15,((((16,17),((18,19),(20,21))),((24,((25,26),((27,28),(29,30)))),31)),(22,23))))); -14135.5  0 252.948 117.462 29.3547 -14300.3 0.213434 0.228538 0.177919 0.380109   0.157026   0.187858  0.0592027 0.00767298    0.58362 0.00462048
(1,2,((3,(((4,5),14),((6,7),((((8,9),11),(10,12)),13)))),(15,((((16,17),((18,19),(20,21))),((24,((25,26),((27,28),(29,30)))),31)),(22,23))))); -14129.2  0 246.452 117.177 31.1891 -14289.6  0.23088 0.228835 0.166615 0.373669    0.15957   0.196274  0.0586278  0.0112342   0.569938 0.00435518
(1,2,((3,(((4,5),14),((6,7),((((8,9),11),(10,12)),13)))),(15,((((16,17),((18,19),(20,21))),((24,((25,26),((27,28),(29,30)))),31)),(22,23))))); -14135.8  0 250.325 115.596 29.7184 -14300.2 0.218459 0.229329 0.150191 0.402021   0.159371   0.199419  0.0543671 0.00980307   0.574994 0.00204561
(1,2,((3,(((4,5),14),((6,7),((((8,9),11),(10,12)),13)))),(15,((((16,17),((18,19),(20,21))),((24,((25,26),((27,28),(29,30)))),31)),(22,23))))); -14121  0 256.051 117.375 31.0843 -14290.7 0.223314 0.215495 0.167264 0.393928   0.156303   0.193823  0.0557263  0.0136076   0.577835 0.00270605
(1,2,((3,(((4,5),14),((6,7),((((8,9),11),(10,12)),13)))),(15,((((16,17),((18,19),(20,21))),((24,((25,26),((27,28),(29,30)))),31)),(22,23))))); -14138.7  0 242.522 115.741 28.5907 -14294.1 0.232228 0.230459 0.149147 0.388167   0.149614    0.22283  0.0446495  0.0102999   0.571104 0.00150224
(1,2,((3,(((4,5),14),((6,7),((((8,9),11),(10,12)),13)))),(15,((((16,17),((18,19),(20,21))),((24,((25,26),((27,28),(29,30)))),31)),(22,23))))); -14138.3  0 246.763 116.813 27.768 -14296.1 0.220502 0.238412 0.173803 0.367283     0.1819   0.188277  0.0564862 0.00703655   0.564236 0.00206487
(1,2,((3,(((4,5),14),((6,7),((((8,9),11),(10,12)),13)))),(15,((((16,17),((18,19),(20,21))),((24,((25,26),((27,28),(29,30)))),31)),(22,23))))); -14119.5  0 252.494 116.197 32.1816 -14288 0.219983 0.231788 0.172826 0.375403      0.1478    0.205784    0.049915   0.0110217    0.584656 0.000822837
(1,2,((3,(((4,5),14),((6,7),((((8,9),11),(10,12)),13)))),(15,((((16,17),((18,19),(20,21))),((24,((25,26),((27,28),(29,30)))),31)),(22,23))))); -14135.4  0 246.752 117.242 25.7827 -14290.7 0.236758  0.22583 0.149141 0.388271  0.166834  0.180289  0.052202 0.0148681   0.58254 0.0032672
(1,2,((3,(((4,5),14),((6,7),((((8,9),11),(10,12)),13)))),(15,((((16,17),((18,19),(20,21))),((24,((25,26),((27,28),(29,30)))),31)),(22,23))))); -14139.4  0 236.088 116.868 31.1188 -14289.8 0.233559  0.21905 0.158026 0.389365   0.154515   0.201115  0.0455637 0.00715874   0.589799 0.00184856
(1,2,((3,(((4,5),14),((6,7),((((8,9),11),(10,12)),13)))),(15,((((16,17),((18,19),(20,21))),((24,((25,26),((27,28),(29,30)))),31)),(22,23))))); -14121.8  0 252.234 116.237 32.0178 -14289.8  0.22442 0.225837 0.163644 0.386098   0.164994   0.193509   0.047784 0.00678179   0.585696 0.00123486
(1,2,((3,(((4,5),14),((6,7),((((8,9),11),(10,12)),13)))),(15,((((16,17),((18,19),(20,21))),((24,((25,26),((27,28),(29,30)))),31)),(22,23))))); -14139  0 243.657 116.56 26.9529 -14293 0.234457 0.226414 0.166037 0.373093    0.161236      0.1953   0.0650235  0.00520201    0.572319 0.000919431
(1,2,((3,(((4,5),14),((6,7),((((8,9),11),(10,12)),13)))),(15,((((16,17),((18,19),(20,21))),((24,((25,26),((27,28),(29,30)))),31)),(22,23))))); -14123.8  0 252.694 116.925 31.5085 -14291 0.224087 0.228829  0.15913 0.387955   0.166815   0.206919  0.0480435 0.00620066   0.569088 0.00293369
(1,2,((3,(((4,5),14),((6,7),((((8,9),11),(10,12)),13)))),(15,((((16,17),((18,19),(20,21))),((24,((25,26),((27,28),(29,30)))),31)),(22,23))))); -14134  0 242.9 116.915 30.9253 -14290.9 0.226509 0.222491 0.163877 0.387123   0.161858   0.201393  0.0524487  0.0149462   0.565003 0.00435144
(1,2,((3,(((4,5),14),((6,7),((((8,9),11),(10,12)),13)))),(15,((((16,17),((18,19),(20,21))),((24,((25,26),((27,28),(29,30)))),31)),(22,23))))); -14133.8  0 245.286 116.629 28.9812 -14291.4 0.219379 0.227767 0.164449 0.388405   0.168062   0.186622  0.0570257  0.0137786   0.569343 0.00516961
(1,2,((3,(((4,5),14),((6,7),((((8,9),11),(10,12)),13)))),(15,((((16,17),((18,19),(20,21))),((24,((25,26),((27,28),(29,30)))),31)),(22,23))))); -14128.9  0 247.318 116.469 30.198 -14289.9 0.236755 0.222537 0.159103 0.381605   0.167593   0.211895  0.0469021  0.0095387    0.55964 0.00443232
(1,2,((3,(((4,5),14),((6,7),((((8,9),11),(10,12)),13)))),(15,((((16,17),((18,19),(20,21))),((24,((25,26),((27,28),(29,30)))),31)),(22,23))))); -14132.4  0 243.789 116.533 30.7628 -14290.4 0.214065 0.223503 0.167581 0.394851   0.151642   0.208599  0.0488468 0.00580741   0.583979 0.00112528
(1,2,((3,(((4,5),14),((6,7),((((8,9),11),(10,12)),13)))),(15,((((16,17),((18,19),(20,21))),((24,((25,26),((27,28),(29,30)))),31)),(22,23))))); -14140.5  0 244.588 116.989 27.641 -14295.8 0.213109 0.239894  0.17394 0.373056   0.158744   0.233122  0.0506245 0.00920074   0.544524 0.00378404
(1,2,((3,(((4,5),14),((6,7),((((8,9),11),(10,12)),13)))),(15,((((16,17),((18,19),(20,21))),((24,((25,26),((27,28),(29,30)))),31)),(22,23))))); -14141.5  0 242.327 116.987 26.9006 -14293.8 0.221134 0.218045  0.17172 0.389101   0.168374   0.199306  0.0340817 0.00927063   0.583797 0.00517059
(1,2,((3,(((4,5),14),((6,7),((((8,9),11),(10,12)),13)))),(15,((((16,17),((18,19),(20,21))),((24,((25,26),((27,28),(29,30)))),31)),(22,23))))); -14141  0 241.921 116.415 25.7676 -14292.3 0.221435 0.226908 0.169383 0.382274   0.151111   0.181794  0.0377109  0.0161446   0.612232 0.00100651
(1,2,((3,(((4,5),14),((6,7),((((8,9),11),(10,12)),13)))),(15,((((16,17),((18,19),(20,21))),((24,((25,26),((27,28),(29,30)))),31)),(22,23))))); -14137.9  0 242.399 116.439 27.5266 -14291.4 0.222106 0.244618  0.17498 0.358296    0.16486   0.206877  0.0549463  0.0153011   0.556367 0.00164897
(1,2,((3,(((4,5),14),((6,7),((((8,9),11),(10,12)),13)))),(15,((((16,17),((18,19),(20,21))),((24,((25,26),((27,28),(29,30)))),31)),(22,23))))); -14129.6  0 251.651 117.752 30.6747 -14294.1 0.229544 0.224151 0.172738 0.373566  0.137519  0.201438 0.0522668 0.0078007  0.598228 0.0027474
(1,2,((3,(((4,5),14),((6,7),((((8,9),11),(10,12)),13)))),(15,((((16,17),((18,19),(20,21))),((24,((25,26),((27,28),(29,30)))),31)),(22,23))))); -14127.3  0 247.003 116.082 30.9629 -14289.2 0.227435 0.234452 0.164263  0.37385   0.150538   0.214376  0.0525356  0.0146404   0.566714 0.00119628
(1,2,((3,(((4,5),14),((6,7),((((8,9),11),(10,12)),13)))),(15,((((16,17),((18,19),(20,21))),((24,((25,26),((27,28),(29,30)))),31)),(22,23))))); -14138  0 247.519 117.711 27.5853 -14295.4 0.229898 0.216394 0.182548 0.371159   0.147199   0.202889  0.0586764 0.00587465   0.581207 0.00415444
(1,2,((3,(((4,5),14),((6,7),((((8,9),11),(10,12)),13)))),(15,((((16,17),((18,19),(20,21))),((24,((25,26),((27,28),(29,30)))),31)),(22,23))))); -14136.4  0 236.152 117.318 32.5993 -14287.8 0.222621 0.224845 0.169077 0.383457   0.170184   0.195777  0.0541268  0.0109665   0.566305 0.00264017
(1,2,((3,(((4,5),14),((6,7),((((8,9),11),(10,12)),13)))),(15,((((16,17),((18,19),(20,21))),((24,((25,26),((27,28),(29,30)))),31)),(22,23))))); -14127.9  0 248.469 116.63 30.5629 -14290.3 0.234758 0.226695 0.165795 0.372752   0.146125   0.213261  0.0521342  0.0145871   0.570609 0.00328344
(1,2,((3,(((4,5),14),((6,7),((((8,9),11),(10,12)),13)))),(15,((((16,17),((18,19),(20,21))),((24,((25,26),((27,28),(29,30)))),31)),(22,23))))); -14135.7  0 242.564 116.623 32.3532 -14294 0.221646 0.231119 0.175863 0.371372   0.159144   0.194819   0.046127  0.0125959   0.585323 0.00199138
(1,2,((3,(((4,5),14),((6,7),((((8,9),11),(10,12)),13)))),(15,((((16,17),((18,19),(20,21))),((24,((25,26),((27,28),(29,30)))),31)),(22,23))))); -14142  0 240.131 116.881 27.612 -14292.9 0.221539 0.211524 0.164117  0.40282   0.150261   0.188814  0.0561242  0.0157107   0.586811 0.00227987
(1,2,((3,(((4,5),14),((6,7),((((8,9),11),(10,12)),13)))),(15,((((16,17),((18,19),(20,21))),((24,((25,26),((27,28),(29,30)))),31)),(22,23))))); -14140.8  0 241.795 115.934 28.0211 -14294.7 0.223824 0.233326 0.181727 0.361122   0.159601   0.194407  0.0463171 0.00537266   0.590436 0.00386524
(1,2,((3,(((4,5),14),((6,7),((((8,9),11),(10,12)),13)))),(15,((((16,17),((18,19),(20,21))),((24,((25,26),((27,28),(29,30)))),31)),(22,23))))); -14147.5  0 237.49 116.467 28.5368 -14297 0.232827 0.222367 0.174527 0.370278   0.175202   0.180973  0.0482097  0.0120344   0.579695 0.00388661
(1,2,((3,(((4,5),14),((6,7),((((8,9),11),(10,12)),13)))),(15,((((16,17),((18,19),(20,21))),((24,((25,26),((27,28),(29,30)))),31)),(22,23))))); -14136.6  0 239.449 116.687 29.9894 -14289.3  0.21714 0.235977 0.182282 0.364601   0.165537   0.208611  0.0505372  0.0091395   0.565152 0.00102364
(1,2,((3,(((4,5),14),((6,7),((((8,9),11),(10,12)),13)))),(15,((((16,17),((18,19),(20,21))),((24,((25,26),((27,28),(29,30)))),31)),(22,23))))); -14139.6  0 249.801 116.679 26.8975 -14299.7  0.20812 0.234281  0.16305  0.39455   0.151966   0.230278  0.0549968 0.00988557   0.548205 0.00466947
(1,2,((3,(((4,5),14),((6,7),((((8,9),11),(10,12)),13)))),(15,((((16,17),((18,19),(20,21))),((24,((25,26),((27,28),(29,30)))),31)),(22,23))))); -14130.3  0 244.378 116.36 29.4031 -14287.7 0.218925 0.218779 0.176282 0.386014   0.170395   0.219431  0.0452702  0.0118364   0.549194 0.00387462
(1,2,((3,(((4,5),14),((6,7),((((8,9),11),(10,12)),13)))),(15,((((16,17),((18,19),(20,21))),((24,((25,26),((27,28),(29,30)))),31)),(22,23))))); -14125  0 248.461 116.294 33.1893 -14290.3 0.22141 0.23165 0.16911 0.37783   0.148723   0.202772  0.0548568  0.0101315   0.581965 0.00155105
(1,2,((3,(((4,5),14),((6,7),((((8,9),11),(10,12)),13)))),(15,((((16,17),((18,19),(20,21))),((24,((25,26),((27,28),(29,30)))),31)),(22,23))))); -14135.5  0 244.822 116.301 28.1617 -14292.2 0.217269 0.243996 0.172662 0.366073   0.162116   0.219904  0.0555918  0.0104883   0.547658 0.00424101
(1,2,((3,(((4,5),14),((6,7),((((8,9),11),(10,12)),13)))),(15,((((16,17),((18,19),(20,21))),((24,((25,26),((27,28),(29,30)))),31)),(22,23))))); -14135.6  0 240.863 115.845 30.2172 -14290.9 0.212156 0.227568  0.17185 0.388426     0.1698   0.203239  0.0496819 0.00550951   0.568258 0.00351108
(1,2,((3,(((4,5),14),((6,7),((((8,9),11),(10,12)),13)))),(15,((((16,17),((18,19),(20,21))),((24,((25,26),((27,28),(29,30)))),31)),(22,23))))); -14131.6  0 240.557 116.202 32.2086 -14288.1 0.220444 0.229296 0.159894 0.390365   0.164744   0.196863  0.0456136 0.00931691   0.582319 0.00114335
(1,2,((3,(((4,5),14),((6,7),((((8,9),11),(10,12)),13)))),(15,((((16,17),((18,19),(20,21))),((24,((25,26),((27,28),(29,30)))),31)),(22,23))))); -14129.2  0 251.257 117.351 30.2058 -14293.3 0.231945 0.216037 0.163127 0.388891   0.163864   0.220907  0.0417373 0.00975627   0.561841 0.00189504
(1,2,((3,(((4,5),14),((6,7),((((8,9),11),(10,12)),13)))),(15,((((16,17),((18,19),(20,21))),((24,((25,26),((27,28),(29,30)))),31)),(22,23))))); -14128.8  0 248.568 116.746 31.1106 -14291.7 0.229991 0.233579 0.168268 0.368162   0.158347   0.221797  0.0461059  0.0114565   0.559236 0.00305661
(1,2,((3,(((4,5),14),((6,7),((((8,9),11),(10,12)),13)))),(15,((((16,17),((18,19),(20,21))),((24,((25,26),((27,28),(29,30)))),31)),(22,23))))); -14129.1  0 245.951 116.819 28.6481 -14286.9 0.226151 0.216966 0.186153  0.37073   0.159885   0.213976  0.0443154  0.0133346   0.564828 0.00366071
(1,2,((3,(((4,5),14),((6,7),((((8,9),11),(10,12)),13)))),(15,((((16,17),((18,19),(20,21))),((24,((25,26),((27,28),(29,30)))),31)),(22,23))))); -14149.3  0 230.94 115.815 29.1084 -14293.6 0.225243 0.233592   0.1649 0.376265   0.139869    0.18259  0.0548416  0.0104755   0.610126 0.00209809
(1,2,((3,(((4,5),14),((6,7),((((8,9),11),(10,12)),13)))),(15,((((16,17),((18,19),(20,21))),((24,((25,26),((27,28),(29,30)))),31)),(22,23))))); -14137  0 245.47 116.122 27.9951 -14294.4 0.227182 0.218391  0.18002 0.374407   0.159121   0.190083  0.0408407 0.00900943   0.595032 0.00591325
(1,2,((3,(((4,5),14),((6,7),((((8,9),11),(10,12)),13)))),(15,((((16,17),((18,19),(20,21))),((24,((25,26),((27,28),(29,30)))),31)),(22,23))))); -14133.4  0 243.643 117.104 32.1385 -14292.1 0.225531 0.226934 0.168544 0.378992    0.17489   0.195161  0.0489948 0.00859736   0.569191 0.00316495
(1,2,((3,(((4,5),14),((6,7),((((8,9),11),(10,12)),13)))),(15,((((16,17),((18,19),(20,21))),((24,((25,26),((27,28),(29,30)))),31)),(22,23))))); -14135.6  0 241.842 116.952 31.0643 -14291.5  0.22055 0.224791 0.178942 0.375717   0.161887   0.216138  0.0400498 0.00901244   0.570647 0.00226532
(1,2,((3,(((4,5),14),((6,7),((((8,9),11),(10,12)),13)))),(15,((((16,17),((18,19),(20,21))),((24,((25,26),((27,28),(29,30)))),31)),(22,23))))); -14129.1  0 246.376 116.415 30.6317 -14289.7 0.233314 0.213095 0.169756 0.383834   0.160122   0.200904   0.048011  0.0100859   0.575618 0.00525915
(1,2,((3,(((4,5),14),((6,7),((((8,9),11),(10,12)),13)))),(15,((((16,17),((18,19),(20,21))),((24,((25,26),((27,28),(29,30)))),31)),(22,23))))); -14133.2  0 248.458 116.104 30.2975 -14295.9 0.208007 0.235076 0.172642 0.384276   0.168546   0.199742  0.0435806  0.0067956   0.578289 0.00304699
(1,2,((3,(((4,5),14),((6,7),((((8,9),11),(10,12)),13)))),(15,((((16,17),((18,19),(20,21))),((24,((25,26),((27,28),(29,30)))),31)),(22,23))))); -14125.1  0 251.325 117.001 32.1312 -14291.5 0.220074 0.227225 0.174494 0.378207    0.162207    0.195398   0.0445003  0.00841313    0.588489 0.000992958
(1,2,((3,(((4,5),14),((6,7),((((8,9),11),(10,12)),13)))),(15,((((16,17),((18,19),(20,21))),((24,((25,26),((27,28),(29,30)))),31)),(22,23))))); -14125.7  0 251.74 116.754 31.5047 -14292.2 0.225323  0.23569 0.163809 0.375178   0.159419   0.222659  0.0468744 0.00768174   0.560741 0.00262523
(1,2,((3,(((4,5),14),((6,7),((((8,9),11),(10,12)),13)))),(15,((((16,17),((18,19),(20,21))),((24,((25,26),((27,28),(29,30)))),31)),(22,23))))); -14129.3  0 248.734 116.923 30.9312 -14292 0.222587 0.221616  0.16838 0.387417   0.178556   0.204556  0.0487261  0.0106055   0.556379 0.00117671
(1,2,((3,(((4,5),14),((6,7),((((8,9),11),(10,12)),13)))),(15,((((16,17),((18,19),(20,21))),((24,((25,26),((27,28),(29,30)))),31)),(22,23))))); -14137.8  0 243.693 117.395 30.683 -14294.8 0.211962 0.222404 0.173505 0.392129   0.164656   0.210586  0.0538203 0.00628032   0.562814 0.00184216
(1,2,((3,(((4,5),14),((6,7),((((8,9),11),(10,12)),13)))),(15,((((16,17),((18,19),(20,21))),((24,((25,26),((27,28),(29,30)))),31)),(22,23))))); -14145.1  0 242.646 117.056 24.4307 -14295.1 0.241437  0.20182 0.174283  0.38246   0.153483    0.22785  0.0532453 0.00638374   0.557142 0.00189584
(1,2,((3,(((4,5),14),((6,7),((((8,9),11),(10,12)),13)))),(15,((((16,17),((18,19),(20,21))),((24,((25,26),((27,28),(29,30)))),31)),(22,23))))); -14126.5  0 250.923 116.552 30.1512 -14291 0.226305 0.213536 0.159795 0.400365   0.154446   0.206366  0.0443736  0.0123325   0.579136 0.00334581
(1,2,((3,(((4,5),14),((6,7),((((8,9),11),(10,12)),13)))),(15,((((16,17),((18,19),(20,21))),((24,((25,26),((27,28),(29,30)))),31)),(22,23))))); -14149.4  0 240.83 116.281 22.6165 -14296.6 0.199007 0.232068 0.184436 0.384489   0.151107   0.204988  0.0649248  0.0151467   0.563126 0.00070774
(1,2,((3,(((4,5),14),((6,7),((((8,9),11),(10,12)),13)))),(15,((((16,17),((18,19),(20,21))),((24,((25,26),((27,28),(29,30)))),31)),(22,23))))); -14134.4  0 237.885 117.313 34.062 -14289 0.223041 0.224392 0.169452 0.383115   0.159534     0.2023  0.0491231  0.0101679   0.576327 0.00254827
(1,2,((3,(((4,5),14),((6,7),((((8,9),11),(10,12)),13)))),(15,((((16,17),((18,19),(20,21))),((24,((25,26),((27,28),(29,30)))),31)),(22,23))))); -14122.6  0 254.634 116.77 30.6517 -14291.1 0.220658 0.232128 0.177136 0.370077   0.142213   0.205827  0.0491497  0.0141857   0.587098 0.00152702
(1,2,((3,(((4,5),14),((6,7),((((8,9),11),(10,12)),13)))),(15,((((16,17),((18,19),(20,21))),((24,((25,26),((27,28),(29,30)))),31)),(22,23))))); -14147.4  0 237.478 116.755 24.9639 -14293.1 0.228422 0.244111 0.154474 0.372992   0.142618   0.193336  0.0590922  0.0052153   0.595592 0.00414574
(1,2,((3,(((4,5),14),((6,7),((((8,9),11),(10,12)),13)))),(15,((((16,17),((18,19),(20,21))),((24,((25,26),((27,28),(29,30)))),31)),(22,23))))); -14128.5  0 250.683 117.019 29.871 -14292 0.219974 0.217379 0.167534 0.395114   0.157318   0.208702  0.0369711  0.0117634   0.582549 0.00269609
(1,2,((3,(((4,5),14),((6,7),((((8,9),11),(10,12)),13)))),(15,((((16,17),((18,19),(20,21))),((24,((25,26),((27,28),(29,30)))),31)),(22,23))))); -14120.4  0 251.538 116.761 32.5725 -14287.7   0.2214 0.225314 0.176581 0.376705   0.154085   0.204721  0.0561034  0.0120617   0.571158 0.00187158
(1,2,((3,(((4,5),14),((6,7),((((8,9),11),(10,12)),13)))),(15,((((16,17),((18,19),(20,21))),((24,((25,26),((27,28),(29,30)))),31)),(22,23))))); -14135.8  0 244.256 117.397 27.7662 -14290.4  0.20648 0.215217 0.180477 0.397827   0.139828   0.202856  0.0535041  0.0112576   0.589876 0.00267813
(1,2,((3,(((4,5),14),((6,7),((((8,9),11),(10,12)),13)))),(15,((((16,17),((18,19),(20,21))),((24,((25,26),((27,28),(29,30)))),31)),(22,23))))); -14123.4  0 252.723 117.068 29.3879 -14288.4 0.201002 0.232775 0.166455 0.399768   0.147849   0.200531   0.048435  0.0106219   0.590566 0.00199735
(1,2,((3,(((4,5),14),((6,7),((((8,9),11),(10,12)),13)))),(15,((((16,17),((18,19),(20,21))),((24,((25,26),((27,28),(29,30)))),31)),(22,23))))); -14134.8  0 248.994 117.09 29.0406 -14295.7 0.210674 0.216808 0.168089 0.404429   0.163899   0.204032  0.0544635 0.00604601     0.5692 0.00235948
(1,2,((3,(((4,5),14),((6,7),((((8,9),11),(10,12)),13)))),(15,((((16,17),((18,19),(20,21))),((24,((25,26),((27,28),(29,30)))),31)),(22,23))))); -14131.6  0 249.331 116.303 27.1753 -14291.8 0.220693 0.222595 0.147289 0.409423   0.163899   0.196261   0.049452  0.0114204    0.57575 0.00321752
(1,2,((3,(((4,5),14),((6,7),((((8,9),11),(10,12)),13)))),(15,((((16,17),((18,19),(20,21))),((24,((25,26),((27,28),(29,30)))),31)),(22,23))))); -14137.6  0 240.24 116.426 28.4905 -14289.9 0.227778 0.227881 0.154458 0.389883   0.160432    0.20407  0.0400178  0.0165843   0.577146 0.00174935
(1,2,((3,(((4,5),14),((6,7),((((8,9),11),(10,12)),13)))),(15,((((16,17),((18,19),(20,21))),((24,((25,26),((27,28),(29,30)))),31)),(22,23))))); -14124.6  0 251.906 116.594 30.5454 -14290.4 0.212668 0.222667 0.165084 0.399581    0.158264    0.188592   0.0506411  0.00985775    0.591659 0.000986166
(1,2,((3,(((4,5),14),((6,7),((((8,9),11),(10,12)),13)))),(15,((((16,17),((18,19),(20,21))),((24,((25,26),((27,28),(29,30)))),31)),(22,23))))); -14135.3  0 241.858 116.964 32.9859 -14293.2 0.218992 0.218806 0.170432 0.391769   0.161758   0.201264  0.0476794  0.0101632   0.576187 0.00294799
(1,2,((3,(((4,5),14),((6,7),((((8,9),11),(10,12)),13)))),(15,((((16,17),((18,19),(20,21))),((24,((25,26),((27,28),(29,30)))),31)),(22,23))))); -14131.6  0 243.876 117.116 31.6223 -14290 0.220313 0.238068 0.167296 0.374324   0.152713   0.192223  0.0572361  0.0123914   0.583339 0.00209849
(1,2,((3,(((4,5),14),((6,7),((((8,9),11),(10,12)),13)))),(15,((((16,17),((18,19),(20,21))),((24,((25,26),((27,28),(29,30)))),31)),(22,23))))); -14135.1  0 240.73 116.098 30.0603 -14289.8 0.214971 0.236518 0.162699 0.385812   0.155004   0.212704   0.053997  0.0136961   0.559867 0.00473204
(1,2,((3,(((4,5),14),((6,7),((((8,9),11),(10,12)),13)))),(15,((((16,17),((18,19),(20,21))),((24,((25,26),((27,28),(29,30)))),31)),(22,23))))); -14127.5  0 252.537 116.221 26.6019 -14290.4 0.233182 0.232308 0.152574 0.381937   0.172605   0.195656  0.0636113 0.00687901   0.558387 0.00286252
(1,2,((3,(((4,5),14),((6,7),((((8,9),11),(10,12)),13)))),(15,((((16,17),((18,19),(20,21))),((24,((25,26),((27,28),(29,30)))),31)),(22,23))))); -14132.6  0 237.859 116.316 33.2037 -14287.4 0.221436 0.238651 0.164689 0.375224   0.159889   0.201159  0.0504245 0.00931727   0.576636 0.00257407
(1,2,((3,(((4,5),14),((6,7),((((8,9),11),(10,12)),13)))),(15,((((16,17),((18,19),(20,21))),((24,((25,26),((27,28),(29,30)))),31)),(22,23))))); -14128.5  0 250.272 117.499 31.1364 -14292.4 0.219097 0.218257 0.173806  0.38884    0.146674    0.203387   0.0533536   0.0116956    0.584095 0.000793593
(1,2,((3,(((4,5),14),((6,7),((((8,9),11),(10,12)),13)))),(15,((((16,17),((18,19),(20,21))),((24,((25,26),((27,28),(29,30)))),31)),(22,23))))); -14130.1  0 240.303 116.335 33.553 -14287.7 0.228399 0.223407 0.166076 0.382118   0.161623   0.204252  0.0480902  0.0109855   0.573481 0.00156944
(1,2,((3,(((4,5),14),((6,7),((((8,9),11),(10,12)),13)))),(15,((((16,17),((18,19),(20,21))),((24,((25,26),((27,28),(29,30)))),31)),(22,23))))); -14127.4  0 252.071 117.09 31.2421 -14293.6 0.230325 0.218616 0.167319  0.38374   0.163299   0.188304   0.056907  0.0123238    0.57659 0.00257529
(1,2,((3,(((4,5),14),((6,7),((((8,9),11),(10,12)),13)))),(15,((((16,17),((18,19),(20,21))),((24,((25,26),((27,28),(29,30)))),31)),(22,23))))); -14126.4  0 246.951 116.928 32.3543 -14288.8 0.225898 0.223012 0.172996 0.378094    0.16122   0.207047  0.0444681 0.00918097   0.573706 0.00437851
(1,2,((3,(((4,5),14),((6,7),((((8,9),11),(10,12)),13)))),(15,((((16,17),((18,19),(20,21))),((24,((25,26),((27,28),(29,30)))),31)),(22,23))))); -14129.9  0 242.48 116.042 32.438 -14288.8 0.217823 0.237897 0.167797 0.376484   0.168047   0.198959  0.0508079 0.00782646   0.571946 0.00241439
(1,2,((3,(((4,5),14),((6,7),((((8,9),11),(10,12)),13)))),(15,((((16,17),((18,19),(20,21))),((24,((25,26),((27,28),(29,30)))),31)),(22,23))))); -14132.2  0 239.895 116.188 31.1327 -14287 0.226933 0.231881 0.163868 0.377317   0.156053   0.199842  0.0557872  0.0155343   0.571486 0.00129735
(1,2,((3,(((4,5),14),((6,7),((((8,9),11),(10,12)),13)))),(15,((((16,17),((18,19),(20,21))),((24,((25,26),((27,28),(29,30)))),31)),(22,23))))); -14131.1  0 250.668 117.209 31.1435 -14295.7 0.217042  0.22748 0.178257 0.377221   0.145228   0.204992  0.0599522 0.00971654   0.577459 0.00265212
(1,2,((3,(((4,5),14),((6,7),((((8,9),11),(10,12)),13)))),(15,((((16,17),((18,19),(20,21))),((24,((25,26),((27,28),(29,30)))),31)),(22,23))))); -14129.6  0 503.679 116.466 30.1199 -14546.9 0.235678 0.219654 0.172636 0.372032   0.161537   0.187787  0.0453433 0.00760253   0.594159 0.00357055
(1,2,((3,(((4,5),14),((6,7),((((8,9),11),(10,12)),13)))),(15,((((16,17),((18,19),(20,21))),((24,((25,26),((27,28),(29,30)))),31)),(22,23))))); -14131.7  0 245.507 116.686 30.3385 -14290.9 0.225265 0.219927 0.176524 0.378284   0.171761   0.197031  0.0459067  0.0113116   0.568933 0.00505614
(1,2,((3,(((4,5),14),((6,7),((((8,9),11),(10,12)),13)))),(15,((((16,17),((18,19),(20,21))),((24,((25,26),((27,28),(29,30)))),31)),(22,23))))); -14121.2  0 255.929 116.755 30.7754 -14291.2 0.224273 0.225467 0.171216 0.379044   0.175866   0.212985   0.043903  0.0108837   0.553161 0.00320188
(1,2,((3,(((4,5),14),((6,7),((((8,9),11),(10,12)),13)))),(15,((((16,17),((18,19),(20,21))),((24,((25,26),((27,28),(29,30)))),31)),(22,23))))); -14124.6  0 249.718 116.926 32.5898 -14290 0.219222 0.218836 0.175967 0.385976   0.14761  0.205734 0.0480107 0.0103268  0.585648 0.0026709
(1,2,((3,(((4,5),14),((6,7),((((8,9),11),(10,12)),13)))),(15,((((16,17),((18,19),(20,21))),((24,((25,26),((27,28),(29,30)))),31)),(22,23))))); -14139  0 234.475 116.204 32.0176 -14289.3 0.227334 0.222308 0.171925 0.378433   0.146081   0.191564  0.0528777 0.00970848   0.596911 0.00285726
(1,2,((3,(((4,5),14),((6,7),((((8,9),11),(10,12)),13)))),(15,((((16,17),((18,19),(20,21))),((24,((25,26),((27,28),(29,30)))),31)),(22,23))))); -14133.3  0 246.857 116.862 31.1939 -14294.5 0.213982  0.22141 0.178113 0.386495   0.167444   0.207754  0.0445339  0.0124323   0.566139 0.00169709
(1,2,((3,(((4,5),14),((6,7),((((8,9),11),(10,12)),13)))),(15,((((16,17),((18,19),(20,21))),((24,((25,26),((27,28),(29,30)))),31)),(22,23))))); -14129.4  0 244.585 116.827 32.6017 -14289.7 0.221718 0.234895 0.163917  0.37947   0.163455   0.211447  0.0504058 0.00953549   0.561575 0.00358077
(1,2,((3,(((4,5),14),((6,7),((((8,9),11),(10,12)),13)))),(15,((((16,17),((18,19),(20,21))),((24,((25,26),((27,28),(29,30)))),31)),(22,23))))); -14131.7  0 245.807 116.609 30.5715 -14291.4  0.20778 0.225373 0.176804 0.390044   0.150489   0.201171  0.0572141 0.00791735   0.581762 0.00144686
(1,2,((3,(((4,5),14),((6,7),((((8,9),11),(10,12)),13)))),(15,((((16,17),((18,19),(20,21))),((24,((25,26),((27,28),(29,30)))),31)),(22,23))))); -14148  0 231.077 116.396 29.1775 -14291.9 0.223428 0.228676 0.185251 0.362645   0.163794   0.203986  0.0400102 0.00934735   0.581269 0.00159347
(1,2,((3,(((4,5),14),((6,7),((((8,9),11),(10,12)),13)))),(15,((((16,17),((18,19),(20,21))),((24,((25,26),((27,28),(29,30)))),31)),(22,23))))); -14134.9  0 240.185 116.652 31.2301 -14289.6 0.221276 0.232107 0.163432 0.383185   0.152184   0.204941  0.0592536  0.0142584   0.566622 0.00274113
(1,2,((3,(((4,5),14),((6,7),((((8,9),11),(10,12)),13)))),(15,((((16,17),((18,19),(20,21))),((24,((25,26),((27,28),(29,30)))),31)),(22,23))))); -14145.4  0 233.868 116.149 28.5864 -14291.7 0.209696 0.231012 0.172804 0.386488   0.154496   0.206813  0.0605482  0.0164752   0.559957 0.00171149
(1,2,((3,(((4,5),14),((6,7),((((8,9),11),(10,12)),13)))),(15,((((16,17),((18,19),(20,21))),((24,((25,26),((27,28),(29,30)))),31)),(22,23))))); -14138.7  0 238.837 116.783 30.7241 -14291.5 0.213179 0.225462 0.174951 0.386407  0.158318  0.191096 0.0564507 0.0120324  0.577718 0.0043852
(1,2,((3,(((4,5),14),((6,7),((((8,9),11),(10,12)),13)))),(15,((((16,17),((18,19),(20,21))),((24,((25,26),((27,28),(29,30)))),31)),(22,23))))); -14121.8  0 253.285 116.516 30.5971 -14289.2 0.220325 0.218678 0.165922 0.395075    0.15075   0.202303  0.0450832  0.0139839   0.583476 0.00440357
(1,2,((3,(((4,5),14),((6,7),((((8,9),11),(10,12)),13)))),(15,((((16,17),((18,19),(20,21))),((24,((25,26),((27,28),(29,30)))),31)),(22,23))))); -14128.3  0 247.909 116.228 30.7859 -14290.8 0.225921 0.228012 0.166631 0.379436   0.173724   0.202667  0.0413355  0.0108903   0.567077 0.00430528
(1,2,((3,(((4,5),14),((6,7),((((8,9),11),(10,12)),13)))),(15,((((16,17),((18,19),(20,21))),((24,((25,26),((27,28),(29,30)))),31)),(22,23))))); -14137.6  0 248.263 117.676 27.9624 -14296.1 0.222642  0.20971 0.182378  0.38527    0.161618    0.205892   0.0388038  0.00911311    0.583669 0.000904575
(1,2,((3,(((4,5),14),((6,7),((((8,9),11),(10,12)),13)))),(15,((((16,17),((18,19),(20,21))),((24,((25,26),((27,28),(29,30)))),31)),(22,23))))); -14126.6  0 248.635 116.584 32.7128 -14291.4 0.218357  0.23055  0.16565 0.385442   0.149612   0.215919  0.0470145  0.0104521   0.573605 0.00339829
(1,2,((3,(((4,5),14),((6,7),((((8,9),11),(10,12)),13)))),(15,((((16,17),((18,19),(20,21))),((24,((25,26),((27,28),(29,30)))),31)),(22,23))))); -14126.8  0 248.13 116.428 30.4713 -14289 0.235019 0.235475 0.161809 0.367697   0.168816   0.197625  0.0503323 0.00791905   0.571461 0.00384703
(1,2,((3,(((4,5),14),((6,7),((((8,9),11),(10,12)),13)))),(15,((((16,17),((18,19),(20,21))),((24,((25,26),((27,28),(29,30)))),31)),(22,23))))); -14128.3  0 243.186 116.39 31.4247 -14286.6 0.208865 0.224589 0.170335 0.396211   0.159115   0.191375  0.0487261  0.0112594   0.587606 0.00191904
(1,2,((3,(((4,5),14),((6,7),((((8,9),11),(10,12)),13)))),(15,((((16,17),((18,19),(20,21))),((24,((25,26),((27,28),(29,30)))),31)),(22,23))))); -14129.3  0 250.937 117.521 30.134 -14292.8 0.216476 0.217875 0.172735 0.392915   0.155805   0.189243  0.0415654  0.0120649   0.598393 0.00292865
(1,2,((3,(((4,5),14),((6,7),((((8,9),11),(10,12)),13)))),(15,((((16,17),((18,19),(20,21))),((24,((25,26),((27,28),(29,30)))),31)),(22,23))))); -14132  0 256.395 116.235 24.7486 -14296.9 0.234025 0.245176  0.15664 0.364159  0.143331  0.236247 0.0437258 0.0107678  0.563176 0.0027528
(1,2,((3,(((4,5),14),((6,7),((((8,9),11),(10,12)),13)))),(15,((((16,17),((18,19),(20,21))),((24,((25,26),((27,28),(29,30)))),31)),(22,23))))); -14126.2  0 270.066 116.993 30.7461 -14310 0.231187 0.236325 0.164531 0.367957    0.16889   0.202339  0.0524812 0.00926666   0.562672 0.00435112
(1,2,((3,(((4,5),14),((6,7),((((8,9),11),(10,12)),13)))),(15,((((16,17),((18,19),(20,21))),((24,((25,26),((27,28),(29,30)))),31)),(22,23))))); -14128.3  0 248.243 116.83 28.2975 -14288 0.223062 0.221552  0.18527 0.370117   0.146303    0.22514   0.051092  0.0136336    0.56146 0.00237128
(1,2,((3,(((4,5),14),((6,7),((((8,9),11),(10,12)),13)))),(15,((((16,17),((18,19),(20,21))),((24,((25,26),((27,28),(29,30)))),31)),(22,23))))); -14131.8  0 240.575 116.803 32.9514 -14288.5 0.219431 0.229748 0.167888 0.382933  0.158021  0.207557  0.047666 0.0126818  0.570435 0.0036395
(1,2,((3,(((4,5),14),((6,7),((((8,9),11),(10,12)),13)))),(15,((((16,17),((18,19),(20,21))),((24,((25,26),((27,28),(29,30)))),31)),(22,23))))); -14119  0 256.611 116.084 31.1528 -14290.7 0.227796 0.231474 0.163118 0.377612   0.154939   0.205114  0.0386061 0.00895298    0.58885  0.0035371
(1,2,((3,(((4,5),14),((6,7),((((8,9),11),(10,12)),13)))),(15,((((16,17),((18,19),(20,21))),((24,((25,26),((27,28),(29,30)))),31)),(22,23))))); -14135  0 242.219 116.861 32.8116 -14293.2 0.223666 0.239207 0.166991 0.370136   0.157187   0.206926  0.0481708  0.0103182   0.575881 0.00151726
(1,2,((3,(((4,5),14),((6,7),((((8,9),11),(10,12)),13)))),(15,((((16,17),((18,19),(20,21))),((24,((25,26),((27,28),(29,30)))),31)),(22,23))))); -14133.8  0 244.29 117.114 29.6914 -14290.7 0.217571 0.229071 0.178788  0.37457   0.156607   0.231584   0.045065 0.00914251   0.555299 0.00230171
(1,2,((3,(((4,5),14),((6,7),((((8,9),11),(10,12)),13)))),(15,((((16,17),((18,19),(20,21))),((24,((25,26),((27,28),(29,30)))),31)),(22,23))))); -14131.9  0 239.768 116.398 31.3093 -14286.6 0.213802 0.231285 0.168901 0.386012   0.159116    0.18676  0.0495898 0.00947585   0.590612 0.00444601
(1,2,((3,(((4,5),14),((6,7),((((8,9),11),(10,12)),13)))),(15,((((16,17),((18,19),(20,21))),((24,((25,26),((27,28),(29,30)))),31)),(22,23))))); -14148.8  0 226.759 116.638 30.7642 -14289.7 0.219624 0.216625 0.169331  0.39442    0.163758    0.212573   0.0486415  0.00881947    0.565538 0.000669979
(1,2,((3,(((4,5),14),((6,7),((((8,9),11),(10,12)),13)))),(15,((((16,17),((18,19),(20,21))),((24,((25,26),((27,28),(29,30)))),31)),(22,23))))); -14153  0 233.818 117.768 27.5003 -14296.6 0.211988 0.228275 0.177508 0.382229   0.170251   0.207183  0.0629232  0.0133427   0.543293 0.00300711
(1,2,((3,(((4,5),14),((6,7),((((8,9),11),(10,12)),13)))),(15,((((16,17),((18,19),(20,21))),((24,((25,26),((27,28),(29,30)))),31)),(22,23))))); -14131.5  0 245.385 116.523 28.4017 -14288.8 0.229938 0.232154 0.170422 0.367486    0.178814     0.20138   0.0526204   0.0142089    0.551982 0.000994468
(1,2,((3,(((4,5),14),((6,7),((((8,9),11),(10,12)),13)))),(15,((((16,17),((18,19),(20,21))),((24,((25,26),((27,28),(29,30)))),31)),(22,23))))); -14122.2  0 251.938 116.839 33.8294 -14291.1 0.221433 0.230342 0.164784 0.383441   0.153205   0.205291  0.0483373 0.00848655   0.582397 0.00228273
(1,2,((3,(((4,5),14),((6,7),((((8,9),11),(10,12)),13)))),(15,((((16,17),((18,19),(20,21))),((24,((25,26),((27,28),(29,30)))),31)),(22,23))))); -14132.5  0 249.246 116.614 27.6637 -14292.8 0.246366 0.221257 0.151552 0.380825   0.147476   0.212675  0.0441696   0.010731   0.582963 0.00198616
(1,2,((3,(((4,5),14),((6,7),((((8,9),11),(10,12)),13)))),(15,((((16,17),((18,19),(20,21))),((24,((25,26),((27,28),(29,30)))),31)),(22,23))))); -14130.1  0 249.059 116.949 29.5527 -14291.7 0.233087 0.217967 0.164027 0.384919   0.170031   0.196158  0.0405835  0.0111035   0.577553 0.00457071
(1,2,((3,(((4,5),14),((6,7),((((8,9),11),(10,12)),13)))),(15,((((16,17),((18,19),(20,21))),((24,((25,26),((27,28),(29,30)))),31)),(22,23))))); -14128.9  0 247.05 116.657 32.1628 -14291.5 0.221528 0.228622 0.157849 0.392001   0.157431   0.208723  0.0487318  0.0115887   0.572394 0.00113227
(1,2,((3,(((4,5),14),((6,7),((((8,9),11),(10,12)),13)))),(15,((((16,17),((18,19),(20,21))),((24,((25,26),((27,28),(29,30)))),31)),(22,23))))); -14129  0 249.029 116.405 31.0136 -14292.6 0.225412 0.236786 0.161982  0.37582   0.161542   0.209646  0.0583905  0.0096427   0.559778 0.00100097
(1,2,((3,(((4,5),14),((6,7),((((8,9),11),(10,12)),13)))),(15,((((16,17),((18,19),(20,21))),((24,((25,26),((27,28),(29,30)))),31)),(22,23))))); -14131.1  0 247.937 116.42 29.6735 -14292.2 0.202723 0.232874 0.176002 0.388401   0.167183   0.192549   0.052643  0.0119036   0.573361 0.00236004
(1,2,((3,(((4,5),14),((6,7),((((8,9),11),(10,12)),13)))),(15,((((16,17),((18,19),(20,21))),((24,((25,26),((27,28),(29,30)))),31)),(22,23))))); -14134.5  0 237.724 116.702 32.1303 -14287.6  0.22737 0.231505 0.158982 0.382142   0.157552   0.189586  0.0494053  0.0121074   0.588875 0.00247402
(1,2,((3,(((4,5),14),((6,7),((((8,9),11),(10,12)),13)))),(15,((((16,17),((18,19),(20,21))),((24,((25,26),((27,28),(29,30)))),31)),(22,23))))); -14132.1  0 239.443 116.534 31.7133 -14286.8 0.232779 0.227555  0.16836 0.371306   0.164464   0.202202   0.056324  0.0101949   0.563162 0.00365432
(1,2,((3,(((4,5),14),((6,7),((((8,9),11),(10,12)),13)))),(15,((((16,17),((18,19),(20,21))),((24,((25,26),((27,28),(29,30)))),31)),(22,23))))); -14121.4  0 253.87 116.364 32.015 -14290.9 0.221836  0.23528 0.169236 0.373648   0.159334   0.204545  0.0428633  0.0138496   0.577517 0.00189042
(1,2,((3,(((4,5),14),((6,7),((((8,9),11),(10,12)),13)))),(15,((((16,17),((18,19),(20,21))),((24,((25,26),((27,28),(29,30)))),31)),(22,23))))); -14130.3  0 250.459 116.806 27.5292 -14291.5   0.2253 0.235593 0.159301 0.379806      0.1763    0.211202   0.0493803   0.0157652     0.54645 0.000902826
(1,2,((3,(((4,5),14),((6,7),((((8,9),11),(10,12)),13)))),(15,((((16,17),((18,19),(20,21))),((24,((25,26),((27,28),(29,30)))),31)),(22,23))))); -14137.5  0 267.393 115.985 29.6595 -14318.5 0.209441 0.232448 0.168426 0.389686   0.163224   0.220931  0.0503399  0.0112001   0.550017 0.00428883
(1,2,((3,(((4,5),14),((6,7),((((8,9),11),(10,12)),13)))),(15,((((16,17),((18,19),(20,21))),((24,((25,26),((27,28),(29,30)))),31)),(22,23))))); -14131.8  0 241.893 116.727 31.1572 -14288.2  0.23216  0.22313 0.181749 0.362961   0.158483   0.203324  0.0491593 0.00982767   0.576813 0.00239318
(1,2,((3,(((4,5),14),((6,7),((((8,9),11),(10,12)),13)))),(15,((((16,17),((18,19),(20,21))),((24,((25,26),((27,28),(29,30)))),31)),(22,23))))); -14136  0 246.545 116.827 28.6278 -14294.4 0.206063 0.228922 0.161615   0.4034     0.1637   0.209227  0.0476539  0.0129693    0.56233 0.00411863
(1,2,((3,(((4,5),14),((6,7),((((8,9),11),(10,12)),13)))),(15,((((16,17),((18,19),(20,21))),((24,((25,26),((27,28),(29,30)))),31)),(22,23))))); -14128.8  0 246.674 116.549 30.4946 -14289.5 0.233727 0.224122 0.180392 0.361759   0.165277   0.208541  0.0472839 0.00865557   0.568036 0.00220706
(1,2,((3,(((4,5),14),((6,7),((((8,9),11),(10,12)),13)))),(15,((((16,17),((18,19),(20,21))),((24,((25,26),((27,28),(29,30)))),31)),(22,23))))); -14131.9  0 242.317 116.097 29.8349 -14287.9 0.239556 0.220042 0.166649 0.373753   0.161773   0.222953  0.0492332  0.0105677   0.554183 0.00129011
(1,2,((3,(((4,5),14),((6,7),((((8,9),11),(10,12)),13)))),(15,((((16,17),((18,19),(20,21))),((24,((25,26),((27,28),(29,30)))),31)),(22,23))))); -14134.7  0 242.021 117.032 31.117 -14290.8 0.221267 0.225327 0.172241 0.381166    0.16914   0.213193  0.0548654  0.0117448   0.547862 0.00319422
(1,2,((3,(((4,5),14),((6,7),((((8,9),11),(10,12)),13)))),(15,((((16,17),((18,19),(20,21))),((24,((25,26),((27,28),(29,30)))),31)),(22,23))))); -14123  0 249.518 116.96 32.2054 -14287.8 0.227639 0.229249 0.171918 0.371195   0.166793   0.205235  0.0556531 0.00892593   0.560635 0.00275773
(1,2,((3,(((4,5),14),((6,7),((((8,9),11),(10,12)),13)))),(15,((((16,17),((18,19),(20,21))),((24,((25,26),((27,28),(29,30)))),31)),(22,23))))); -14141.3  0 241.795 117.854 28.2544 -14293.5 0.224742 0.205391 0.177811 0.392056   0.147407   0.218617  0.0542259  0.0118847   0.565182 0.00268366
(1,2,((3,(((4,5),14),((6,7),((((8,9),11),(10,12)),13)))),(15,((((16,17),((18,19),(20,21))),((24,((25,26),((27,28),(29,30)))),31)),(22,23))))); -14124  0 250.879 116.188 30.9651 -14289.6 0.213559 0.227749 0.172296 0.386395   0.162173   0.185471  0.0427108 0.00943428   0.598187 0.00202306
(1,2,((3,(((4,5),14),((6,7),((((8,9),11),(10,12)),13)))),(15,((((16,17),((18,19),(20,21))),((24,((25,26),((27,28),(29,30)))),31)),(22,23))))); -14143.6  0 244.204 117.361 26.4823 -14297 0.232006 0.197923 0.172907 0.397164   0.148754   0.194697  0.0508313  0.0111365   0.592282 0.00229893
(1,2,((3,(((4,5),14),((6,7),((((8,9),11),(10,12)),13)))),(15,((((16,17),((18,19),(20,21))),((24,((25,26),((27,28),(29,30)))),31)),(22,23))))); -14125.8  0 246.347 116.85 32.5635 -14287.8 0.230193 0.228071 0.168473 0.373264   0.148923   0.199208  0.0526552  0.0128886   0.584143 0.00218218
(1,2,((3,(((4,5),14),((6,7),((((8,9),11),(10,12)),13)))),(15,((((16,17),((18,19),(20,21))),((24,((25,26),((27,28),(29,30)))),31)),(22,23))))); -14148.6  0 248.717 117.166 24.5131 -14304.6 0.237806 0.205432 0.179429 0.377332   0.151011   0.180167  0.0444063  0.0135628   0.609074 0.00177824
(1,2,((3,(((4,5),14),((6,7),((((8,9),11),(10,12)),13)))),(15,((((16,17),((18,19),(20,21))),((24,((25,26),((27,28),(29,30)))),31)),(22,23))))); -14122.8  0 253.388 116.635 30.7208 -14290.3 0.225279 0.235888 0.162395 0.376438    0.16192   0.198065   0.039095  0.0128194   0.586496 0.00160396
(1,2,((3,(((4,5),14),((6,7),((((8,9),11),(10,12)),13)))),(15,((((16,17),((18,19),(20,21))),((24,((25,26),((27,28),(29,30)))),31)),(22,23))))); -14133.5  0 242.538 117.07 31.5519 -14290.5  0.22397 0.229954 0.167228 0.378848   0.170333   0.209919  0.0480753 0.00593468   0.563902 0.00183646
(1,2,((3,(((4,5),14),((6,7),((((8,9),11),(10,12)),13)))),(15,((((16,17),((18,19),(20,21))),((24,((25,26),((27,28),(29,30)))),31)),(22,23))))); -14138.7  0 245.514 116.348 28.9647 -14296.8 0.211529 0.233104 0.165256 0.390111   0.170087   0.208174  0.0625448 0.00933027   0.547529 0.00233473
(1,2,((3,(((4,5),14),((6,7),((((8,9),11),(10,12)),13)))),(15,((((16,17),((18,19),(20,21))),((24,((25,26),((27,28),(29,30)))),31)),(22,23))))); -14123.1  0 249.555 116.286 32.9785 -14289.3 0.229992 0.222867 0.165163 0.381978   0.155516    0.20013  0.0557353 0.00956168   0.576001 0.00305589
