tree logl logTop logBL logPrior logQ logWt pi1 pi2 pi3 pi4 s1 s2 s3 s4 s5 s6
(1,(((2,3),4),5),((6,(((7,(8,9)),10),11)),12)); -9119.97  -1.8349 78.4547 28.5227 29.5 -9197.57 0.240652   0.2343 0.198409 0.326639  0.0492263   0.271153  0.0653206  0.0118545   0.594541 0.00790501
(1,((((2,3),4),5),12),(6,(((7,(8,9)),10),11))); -9123.51  -2.31433 75.3496 29.4842 30.1304 -9197.19 0.228036 0.235643 0.203361 0.332961  0.0441958   0.270183  0.0797116 0.00907993   0.589567 0.00726263
(1,((((2,3),5),4),(6,(((7,(8,9)),10),11))),12); -9123.14  -1.69623 79.333 28.8901 28.3284 -9200.22 0.223486 0.260337 0.188282 0.327894  0.0469218   0.268523   0.067283  0.0156992   0.595859 0.00571378
(1,((((2,3),5),4),(6,(((7,(8,9)),10),11))),12); -9129.1  -1.69623 75.2025 29.0177 26.1268 -9199.72 0.230358 0.240927 0.219448 0.309267  0.0284873   0.272315  0.0728867  0.0126937   0.605891 0.00772626
(1,(((2,3),4),5),((6,(((7,(8,9)),10),11)),12)); -9126.09  -1.8349 77.5946 29.82 30.4492 -9202.48 0.241528 0.251096 0.193694 0.313682  0.0410337   0.269821  0.0822715 0.00937417   0.592847 0.00465318
(1,(((2,3),5),4),((6,(((7,(8,9)),10),11)),12)); -9125.97  -1.83193 78.8092 29.2003 30.8996 -9204.64 0.242059 0.230635 0.198029 0.329277  0.0416729   0.258258  0.0734946  0.0105325    0.60988 0.00616291
(1,((((2,3),5),4),12),(6,(((7,(8,9)),10),11))); -9123.01  -2.31135 79.1021 29.1656 30.2887 -9200.93 0.237127 0.239428  0.18883 0.334615  0.0288221   0.264699  0.0854026  0.0158435   0.600186 0.00504657
(1,((((2,3),4),5),(6,(((7,(8,9)),10),11))),12); -9119.18  -1.69921 73.0287 29.2384 29.5982 -9190.87 0.232652  0.24144  0.19495 0.330957  0.0341967   0.240848  0.0740752  0.0126507   0.628952 0.00927693
(1,(((2,3),(4,5)),12),(6,(((7,(8,9)),10),11))); -9124.89  -4.08193 79.9034 28.9428 30.2528 -9202.02 0.237296 0.235032 0.204076 0.323596  0.0409899   0.275379  0.0791372 0.00910434   0.592566 0.00282364
(1,((((2,3),5),4),(6,(((7,(8,9)),10),11))),12); -9122.9  -1.69623 76.2429 29.9007 30.9777 -9198.52 0.235536 0.247414 0.185795 0.331255  0.0448676   0.267844  0.0734782  0.0147099   0.594671 0.00442912
(1,(2,(3,(4,5))),((6,(((7,(8,9)),10),11)),12)); -9157.09  -6.24828 75.8729 27.2216 26.8416 -9226.34 0.237056 0.249401 0.193905 0.319639  0.0385134   0.239682  0.0622018 0.00749017   0.643172 0.00894059
(1,((((2,3),5),4),(6,(((7,(8,9)),10),11))),12); -9122.98  -1.69623 79.9007 28.6688 30.7305 -9203.25 0.243616 0.238628 0.195464 0.322292  0.0319835   0.278515  0.0725791  0.0163319   0.597291 0.00329891
(1,((((2,3),5),4),(6,(((7,(8,9)),10),11))),12); -9124.38  -1.69623 76.1787 28.0467 30.3015 -9201.12 0.240148 0.252344 0.186977 0.320532 0.0334975  0.282478  0.062528 0.0135255  0.604004 0.0039663
(1,((2,3),(4,5)),((6,(((7,(8,9)),10),11)),12)); -9131.23  -3.6025 78.9762 28.0874 30.6902 -9209.21 0.246391 0.241591 0.183614 0.328404  0.0375212   0.266509  0.0640803  0.0119165   0.614901 0.00507147
(1,((((2,3),4),5),(6,(((7,(8,9)),10),11))),12); -9122.26  -1.69921 73.5992 29.3098 28.5948 -9193.45 0.229284 0.246085 0.198296 0.326335   0.049807   0.268346  0.0571863  0.0101258   0.609034 0.00550116
(1,((((2,3),5),4),(6,(((7,(8,9)),10),11))),12); -9118.15  -1.69623 80.6867 29.6667 30.2711 -9197.74 0.235274 0.241166 0.195827 0.327734  0.0440669   0.250795  0.0739899  0.0105174   0.611089 0.00954203
(1,(((2,3),4),5),((6,(((7,(8,9)),10),11)),12)); -9126.59  -1.8349 76.4601 29.6624 28.1164 -9199.67  0.23375   0.2402 0.178869 0.347181  0.0333791   0.260767   0.080871  0.0172639   0.600208 0.00751108
(1,((((2,3),5),4),(6,(((7,10),(8,9)),11))),12); -9139.33  -5.35038 81.7966 28.7626 30.275 -9217.29 0.232768 0.240487 0.198371 0.328375  0.0482328   0.274001  0.0828135  0.0105901   0.579293 0.00506896
(1,(((2,3),5),4),((6,(((7,(8,9)),10),11)),12)); -9121.51  -1.83193 80.8739 28.313 31.3515 -9203.59 0.229666 0.242744 0.194992 0.332599  0.0286297   0.274299  0.0730197  0.0118656   0.604161 0.00802536
(1,((((2,3),4),5),(6,(((7,(8,9)),10),11))),12); -9116.82  -1.69921 75.361 29.0354 31.0602 -9192.51 0.226848 0.248943 0.202621 0.321588   0.031957   0.270548  0.0695191 0.00959958   0.612403 0.00597264
(1,(((2,3),5),4),((6,(((7,(8,9)),10),11)),12)); -9131  -1.83193 81.4604 29.6404 26.1503 -9207.14 0.239716  0.22517 0.197195 0.337919  0.0488381   0.250119   0.088328 0.00718916    0.59971 0.00581575
(1,(((2,3),4),5),((6,(((7,(8,9)),10),11)),12)); -9121.01  -1.8349 75.3428 29.4858 30.7887 -9195.82 0.233281 0.233838 0.198217 0.334664  0.0337588   0.290031  0.0685391  0.0141762   0.589759 0.00373531
(1,((((2,3),5),4),(6,(((7,(8,9)),10),11))),12); -9128.82  -1.69623 72.2688 29.7969 28.1929 -9197.79 0.235526 0.255258 0.191818 0.317398  0.0396648   0.285203   0.087249  0.0163054   0.564764 0.00681346
(1,((((2,3),4),5),(6,(((7,(8,9)),10),11))),12); -9116.2  -1.69921 73.7536 28.4323 30.9044 -9190.73 0.228909 0.248454 0.197694 0.324943  0.0377428   0.279189  0.0844018  0.0128098   0.582317 0.00353993
(1,(((2,3),4),5),((6,(((7,(8,9)),10),11)),12)); -9124.59  -1.8349 79.3972 29.4237 25.7162 -9198.44 0.250961 0.252314 0.186135  0.31059  0.0459526   0.280362  0.0696905 0.00521265   0.592689 0.00609324
(1,((((2,3),4),5),(6,(((7,(8,9)),10),11))),12); -9119.06  -1.69921 76.1189 28.9206 31.14 -9195.69 0.235188 0.235214 0.198766 0.330833  0.0306588    0.26643  0.0831026  0.0106909   0.601799 0.00731945
(1,(((2,3),4),5),((6,(((7,(8,9)),10),11)),12)); -9122.2  -1.8349 75.2383 29.9668 32.1716 -9197.81 0.233792 0.238885 0.193201 0.334122  0.0359563     0.2639  0.0699364    0.01091   0.612331 0.00696704
(1,((((2,3),4),5),(6,(((7,(8,9)),10),11))),12); -9114.82  -1.69921 77.6604 29.7952 30.9684 -9191.95 0.232669 0.243836 0.193242 0.330253  0.0429512   0.254989  0.0830186 0.00960574   0.602406 0.00702994
(1,(((2,3),4),5),((6,(((7,(8,9)),10),11)),12)); -9131.56  -1.8349 71.8561 29.1786 26.8061 -9199.21 0.240939 0.233296 0.193828 0.331937 0.0275942  0.268623  0.062805  0.022663  0.614933 0.0033819
(1,(((2,3),5),4),((6,(((7,(8,9)),10),11)),12)); -9134.59  -1.83193 71.1227 29.2426 28.8626 -9203.5 0.236794 0.250386  0.17943 0.333389 0.0436139  0.283748 0.0636798 0.0119034  0.588755 0.0082995
(1,((((2,3),4),5),(6,(((7,(8,9)),10),11))),12); -9122.94  -1.69921 72.1595 27.613 28.2829 -9194.07 0.234884 0.249209 0.194938 0.320968  0.0364646   0.282332  0.0537117  0.0153752   0.603838 0.00827841
(1,((((2,3),5),4),(6,(((7,(8,9)),10),11))),12); -9127.01  -1.69623 74.6038 30.3772 28.1827 -9197.73 0.230434 0.243655 0.196663 0.329248  0.0422012   0.278431  0.0850551  0.0191545   0.566421 0.00873693
(1,((((2,3),5),4),(6,(((7,(8,9)),10),11))),12); -9119.29  -1.69623 77.7062 28.3489 30.8893 -9197.84 0.233407 0.244085 0.189021 0.333487  0.0369953   0.251238  0.0853897   0.013844    0.60718 0.00535323
(1,(((2,3),5),4),((6,(((7,(8,9)),10),11)),12)); -9125.47  -1.83193 78.8934 29.478 30.0445 -9203.09 0.227287 0.244417 0.197804 0.330492   0.049736   0.263666  0.0676597  0.0122918   0.599927 0.00671891
(1,((((2,3),5),4),(6,(((7,(8,9)),10),11))),12); -9128.33  -1.69623 71.1403 29.5878 27.3102 -9195.5 0.249613 0.226794 0.203603  0.31999 0.0387651  0.277372 0.0857588  0.016468  0.576958 0.0046781
(1,((((2,3),4),5),12),(6,(((7,(8,9)),10),11))); -9127.21  -2.31433 75.788 29.7714 27.6867 -9198.6 0.245366  0.26057 0.184099 0.309965  0.0336998   0.265555  0.0861308  0.0129687   0.596876 0.00476988
(1,(((2,3),5),4),((6,(((7,(8,9)),10),11)),12)); -9131.42  -1.83193 79.8361 29.1373 26.9876 -9207.28 0.253148  0.22998 0.192512 0.324361  0.0482501   0.274375  0.0597155 0.00840404   0.604249 0.00500659
(1,((2,3),(4,5)),((6,(((7,(8,9)),10),11)),12)); -9133.96  -3.6025 77.1068 29.1907 25.2072 -9203.49  0.23299 0.252364 0.209364 0.305282   0.030304   0.251218  0.0761538  0.0204937   0.615259 0.00657147
(1,((((2,3),5),4),12),(6,(((7,(8,9)),10),11))); -9128.95  -2.31135 75.9491 28.7677 30.0941 -9203.91 0.233432 0.238066 0.185153 0.343349  0.0328876   0.264674  0.0693027  0.0145106   0.615539 0.00308625
(1,((2,3),(4,5)),((6,(((7,(8,9)),10),11)),12)); -9132.56  -3.6025 75.7025 28.5539 27.1255 -9203.23 0.225487 0.254987 0.178966  0.34056  0.0478337   0.261715  0.0831182  0.0132604   0.590167 0.00390633
(1,((((2,3),5),4),(6,(((7,(8,9)),10),11))),12); -9124.98  -1.69623 73.0174 28.9302 30.7277 -9198.1 0.231966 0.253264 0.184196 0.330574  0.0389271    0.28513  0.0769246  0.0113337   0.583847 0.00383749
(1,(((2,3),5),4),((6,(((7,(8,9)),10),11)),12)); -9125.06  -1.83193 80.1128 29.9927 30.1021 -9203.46 0.241077 0.233967 0.206034 0.318922  0.0407888   0.269086  0.0757791 0.00899554   0.601811 0.00353882
(1,(((2,3),4),5),((6,(((7,(8,9)),10),11)),12)); -9134.43  -1.8349 72.3184 30.0517 26.1226 -9200.98 0.235751 0.237771 0.187191 0.339288 0.0312352  0.295066 0.0645613 0.0205582  0.577632 0.0109472
(1,((((2,3),4),5),(6,(((7,(8,9)),10),11))),12); -9114.53  -1.69921 75.0922 29.5153 31.4893 -9189.9 0.232786 0.246157 0.193381 0.327676  0.0364371   0.266039  0.0799589  0.0171156   0.595375 0.00507478
(1,((((2,3),4),5),(6,(((7,(8,9)),10),11))),12); -9118.96  -1.69921 73.9992 28.6077 28.5936 -9191.25 0.251606 0.243476 0.186572 0.318346  0.0489193   0.272238  0.0747547  0.0132897    0.58436 0.00643778
(1,((((2,3),5),4),(6,(((7,(8,9)),10),11))),12); -9127  -1.69623 75.0421 28.4315 30.7341 -9202.65 0.231971 0.242169 0.199279 0.326581  0.0334541    0.27178  0.0775083  0.0191036   0.593523 0.00463176
(1,((((2,3),4),5),(6,(((7,(8,9)),10),11))),12); -9112.98  -1.69921 76.758 28.8775 29.0219 -9188.18 0.227156 0.249138 0.180051 0.343654  0.0367222   0.255746  0.0718289  0.0138797   0.613992 0.00783113
(1,((((2,3),5),4),12),(6,(((7,(8,9)),10),11))); -9129.26  -2.31135 81.3519 29.5462 27.2864 -9206.04 0.236085 0.238178 0.201598  0.32414 0.0357582  0.238828 0.0882052 0.0144537  0.611842 0.0109132
(1,((((2,3),5),4),(6,(((7,(8,9)),10),11))),12); -9119.28  -1.69623 81.101 28.9838 29.0156 -9198.72 0.241767  0.22734 0.203554 0.327339  0.0292653   0.287023  0.0682587  0.0151361   0.595925 0.00439192
(1,((((2,3),5),4),12),(6,(((7,10),(8,9)),11))); -9156.84  -5.9655 75.599 29.2791 27.8957 -9225.09 0.244713 0.244873 0.188922 0.321492  0.0289662   0.238842  0.0859356  0.0100574   0.630016 0.00618317
(1,((((2,3),4),5),(6,(((7,(8,9)),10),11))),12); -9114.43  -1.69921 77.7146 29.581 30.51 -9191.37 0.242883 0.239071 0.185607  0.33244  0.0326585   0.285627  0.0815864  0.0130001   0.580221 0.00690647
(1,(((2,3),(4,5)),12),(6,(((7,(8,9)),10),11))); -9128.56  -4.08193 79.1942 29.2234 28.3137 -9202.76 0.240557 0.239146 0.197831 0.322467  0.0396676   0.242783  0.0927294    0.01023   0.606422 0.00816769
(1,((((2,3),5),4),12),(6,(((7,(8,9)),10),11))); -9133.56  -2.31135 80.7917 29.0901 28.1144 -9211.07 0.234675 0.227825 0.205543 0.331957  0.0382403   0.240171  0.0754289 0.00927976   0.631867 0.00501363
(1,(((2,3),4),5),((6,(((7,(8,9)),10),11)),12)); -9120.45  -1.8349 79.8909 29.8288 28.6305 -9197.31 0.237238 0.242365 0.203441 0.316955  0.0324691   0.282317  0.0674076 0.00964795   0.595671  0.0124876
(1,(((2,3),4),5),((6,(((7,(8,9)),10),11)),12)); -9128.95  -1.8349 79.365 29.4575 24.0602 -9201.09 0.232778 0.246333 0.208131 0.312758  0.0269265   0.261387  0.0870542  0.0237175   0.592578 0.00833667
(1,(((2,3),5),4),((6,(((7,(8,9)),10),11)),12)); -9126.04  -1.83193 79.0573 29.3973 28.4037 -9202.27 0.220421 0.241209  0.19862 0.339751  0.0437532   0.278738  0.0806139  0.0146149   0.579706 0.00257367
(1,((((2,3),4),5),(6,(((7,(8,9)),10),11))),12); -9125.59  -1.69921 73.707 29.9089 27.0753 -9194.76 0.240576  0.25236 0.187111 0.319952  0.0498142   0.250728  0.0632362  0.0178455   0.613074 0.00530167
(1,(((2,3),4),5),((6,(((7,(8,9)),10),11)),12)); -9114.46  -1.8349 79.922 29.5675 30.6489 -9193.63  0.23684  0.24297 0.184755 0.335435  0.0377971   0.260339  0.0739176  0.0111612   0.606799 0.00998607
(1,(((2,3),(4,5)),(6,(((7,(8,9)),10),11))),12); -9120.8  -3.46681 81.8459 29.7562 27.4526 -9196.87 0.240348 0.245289 0.183545 0.330818  0.0405806   0.270302  0.0781045  0.0207074   0.588437 0.00186902
(1,((((2,3),4),5),12),(6,(((7,(8,9)),10),11))); -9122.39  -2.31433 77.2396 28.521 26.4514 -9195.24 0.223255 0.245665 0.196363 0.334717  0.0242631   0.282612  0.0818849  0.0175096   0.591679 0.00205235
(1,((((2,3),5),4),(6,(((7,(8,9)),10),11))),12); -9127.32  -1.69623 77.0892 29.2018 27.7666 -9201.28 0.232963 0.242822 0.185692 0.338524  0.0353888   0.292871   0.073459  0.0221782    0.57063 0.00547374
(1,((2,3),(4,5)),((6,(((7,(8,9)),10),11)),12)); -9133.9  -3.6025 75.4995 28.9213 29.2983 -9206.17 0.233866 0.252182 0.185799 0.328154  0.0475009   0.250163  0.0751101  0.0151989   0.605745 0.00628191
(1,((((2,3),4),5),(6,(((7,(8,9)),10),11))),12); -9126.4  -1.69921 73.5179 28.628 29.4861 -9199.08 0.238145 0.248721 0.179715 0.333418  0.0264955   0.269157  0.0691539   0.011049   0.618184 0.00596077
(1,((((2,3),5),4),(6,(((7,(8,9)),10),11))),12); -9128.8  -1.69623 64.9311 28.2331 31.0355 -9194.84 0.226089 0.246941 0.188798 0.338172  0.0381139   0.274752  0.0726544  0.0102206   0.595758 0.00850021
(1,(((2,3),4),5),((6,(((7,(8,9)),10),11)),12)); -9120.92  -1.8349 76.4288 28.4211 30.1056 -9197.2 0.239185 0.233907 0.185862 0.341046  0.0378061   0.279006  0.0735158  0.0129144   0.594234 0.00252352
(1,((((2,3),5),4),(6,(((7,(8,9)),10),11))),12); -9129.76  -1.69623 72.1181 28.842 30.6951 -9202.04 0.243622 0.242106 0.188986 0.325286  0.0361787   0.265659  0.0661776  0.0146818   0.608362 0.00894183
(1,(((2,3),(4,5)),(6,(((7,(8,9)),10),11))),12); -9120.39  -3.46681 82.7623 29.3008 28.8014 -9199.19  0.23228 0.244631 0.192985 0.330103  0.0536554   0.263019  0.0633793  0.0142813   0.600512 0.00515242
(1,((((2,3),4),5),12),(6,(((7,(8,9)),10),11))); -9121.61  -2.31433 76.9948 28.5024 29.981 -9197.77 0.230601 0.247739 0.200649  0.32101  0.0327666   0.254258  0.0690864  0.0175658   0.621324 0.00499984
(1,((((2,3),5),4),(6,(((7,(8,9)),10),11))),12); -9121.69  -1.69623 79.8581 28.8906 28.0481 -9199.01 0.227927 0.249242 0.190617 0.332214  0.0398597   0.242836  0.0703499 0.00602423   0.634298 0.00663216
(1,(((2,3),5),4),((6,(((7,(8,9)),10),11)),12)); -9128.24  -1.83193 75.529 28.4549 29.5593 -9203.04 0.236844 0.237327 0.195916 0.329913  0.0306014   0.305938  0.0740435  0.0130909   0.572332 0.00399452
(1,((((2,3),5),4),(6,(((7,(8,9)),10),11))),12); -9121.45  -1.69623 79.0039 29.436 29.8695 -9199.2 0.238685 0.250501 0.187547 0.323267  0.0356477   0.289082  0.0764388 0.00622491   0.588271 0.00433525
(1,((((2,3),5),4),(6,(((7,(8,9)),10),11))),12); -9124.28  -1.69623 77.5105 28.913 30.5221 -9201.71  0.23057 0.247519 0.196181  0.32573  0.0394394   0.270178  0.0618796 0.00857672   0.611656  0.0082701
(1,((((2,3),5),4),12),(6,(((7,(8,9)),10),11))); -9122.12  -2.31135 79.547 28.2443 31.5421 -9202.65 0.228927 0.249396 0.188656 0.333021  0.0340497   0.278012  0.0759718 0.00914294   0.595679 0.00714461
(1,(((2,3),5),4),((6,(((7,(8,9)),10),11)),12)); -9129.89  -1.83193 76.0441 28.7669 31.8249 -9207.16 0.233454 0.237474 0.191046 0.338025  0.0349619   0.265291  0.0740506 0.00875572    0.61197 0.00497115
(1,(((2,3),5),4),((6,(((7,(8,9)),10),11)),12)); -9126.75  -1.83193 78.7723 29.48 30.1451 -9204.36 0.227137 0.256503  0.19145 0.324911  0.0405068   0.286717  0.0768644  0.0133704   0.578586 0.00395584
(1,(((2,3),(4,5)),(6,(((7,(8,9)),10),11))),12); -9131.44  -3.46681 74.5523 29.529 27.5265 -9200.53 0.224871 0.240741 0.195196 0.339192  0.0426743   0.292985  0.0841142  0.0152798   0.562255 0.00269237
(1,(((2,3),4),5),((6,(((7,(8,9)),10),11)),12)); -9114.81  -1.8349 80.3774 29.1513 31.527 -9195.73 0.228248 0.250543  0.19693 0.324279  0.0376727   0.279068   0.068907  0.0145996    0.59495 0.00480284
(1,((((2,3),5),4),12),(6,(((7,(8,9)),10),11))); -9124.34  -2.31135 78.2879 28.5445 31.3268 -9203.1 0.226479   0.2445 0.187612 0.341409  0.0346875   0.276112  0.0718584  0.0093972   0.602427 0.00551794
(1,(((2,3),(4,5)),12),(6,(((7,(8,9)),10),11))); -9136.38  -4.08193 78.5833 28.4147 26.3743 -9208.84  0.24832 0.219274 0.203725 0.328681  0.0303275   0.259567  0.0736845  0.0155734   0.617725 0.00312212
(1,((((2,3),4),5),(6,(((7,(8,9)),10),11))),12); -9119.64  -1.69921 73.4496 28.5861 28.6293 -9191.44 0.236054 0.249845 0.201413 0.312688  0.0393286   0.286228  0.0861956 0.00778543   0.576574 0.00388861
(1,((((2,3),5),4),(6,(((7,(8,9)),10),11))),12); -9125.19  -1.69623 72.1229 29.5335 30.5132 -9196.6 0.231825 0.244878 0.193596   0.3297  0.0461049   0.282598  0.0654693  0.0122553   0.590323 0.00324981
(1,((((2,3),4),5),(6,(((7,(8,9)),10),11))),12); -9115.2  -1.69921 74.7078 28.186 29.7134 -9189.73 0.232141 0.256727 0.187642  0.32349  0.0391838   0.267868  0.0663802  0.0182142   0.602531 0.00582311
(1,((((2,3),4),5),12),(6,(((7,(8,9)),10),11))); -9121.52  -2.31433 81.9721 29.9317 29.8328 -9201.08 0.252445 0.236617 0.185615 0.325323  0.0399283   0.284768  0.0734962  0.0129796   0.583304 0.00552391
(1,((((2,3),5),4),(6,(((7,(8,9)),10),11))),12); -9117  -1.69623 78.5242 29.146 31.008 -9195.69 0.230135 0.255887 0.188223 0.325755  0.0346031   0.271039  0.0811101  0.0114224   0.594612 0.00721335
(1,(((2,3),5),4),((6,(((7,(8,9)),10),11)),12)); -9129.95  -1.83193 73.9275 29.6213 30.4216 -9202.84 0.233391 0.242435 0.192849 0.331324  0.0350019   0.281577  0.0676081  0.0181948   0.589294 0.00832441
(1,(((2,3),5),4),((6,(((7,(8,9)),10),11)),12)); -9123.27  -1.83193 80.7212 29.7949 30.5768 -9202.94 0.239067 0.226357 0.200179 0.334397  0.0391316   0.277995  0.0762963  0.0119285   0.589275 0.00537315
(1,((((2,3),5),4),(6,(((7,(8,9)),10),11))),12); -9128.89  -1.69623 80.1334 29.9977 25.4432 -9202.77  0.23197 0.230707 0.193672 0.343651  0.0458245   0.262866  0.0969686  0.0127081    0.57172 0.00991268
(1,((((2,3),4),5),(6,(((7,(8,9)),10),11))),12); -9123.04  -1.69921 76.0699 29.0321 28.6821 -9197.06 0.245634 0.236875 0.203952 0.313539  0.0366751   0.292797  0.0628194 0.00852653   0.594137 0.00504449
(1,((((2,3),5),4),(6,(((7,(8,9)),10),11))),12); -9126.41  -1.69623 74.0644 28.5019 29.7845 -9200.06  0.23849 0.238701 0.194555 0.328254  0.0310067   0.261916  0.0705735  0.0207708   0.611332 0.00440142
(1,((((2,3),4),5),(6,(((7,(8,9)),10),11))),12); -9116.13  -1.69921 72.723 28.8828 32.4595 -9190.73 0.235717 0.243208 0.195181 0.325894  0.0394391   0.270813  0.0689788  0.0102726   0.604736 0.00576057
(1,(((2,3),5),4),((6,(((7,(8,9)),10),11)),12)); -9129.73  -1.83193 74.5974 29.145 28.813 -9202.16 0.228949 0.237473 0.188953 0.344625 0.0358991  0.266697 0.0637769 0.0112488  0.610898 0.0114802
(1,((((2,3),4),5),(6,(((7,(8,9)),10),11))),12); -9120.38  -1.69921 78.6258 29.3383 26.087 -9194.06 0.218755  0.25169 0.177815  0.35174  0.0302922   0.288253  0.0770428  0.0109005   0.587007 0.00650501
(1,((((2,3),5),4),(6,(((7,(8,9)),10),11))),12); -9122.2  -1.69623 79.0811 29.9655 27.9857 -9197.6 0.225361 0.262375 0.199223  0.31304  0.0365632    0.28524  0.0710471  0.0085205   0.590307 0.00832303
(1,((((2,3),5),4),(6,(((7,(8,9)),10),11))),12); -9121.49  -1.69623 79.0028 28.9235 29.3368 -9199.21 0.230742 0.243352 0.190367  0.33554  0.0340815   0.293064  0.0748178  0.0178248   0.571985 0.00822602
(1,((((2,3),5),4),12),(6,(((7,(8,9)),10),11))); -9129.71  -2.31135 80.8904 28.1982 28.9455 -9209.04 0.247553  0.23744 0.197315 0.317691 0.0288018  0.267628 0.0610044 0.0139058  0.624013 0.0046467
(1,(((2,3),5),4),((6,(((7,(8,9)),10),11)),12)); -9141.23  -1.83193 65.9049 28.5791 28.1386 -9204.87 0.241954  0.24046 0.181801 0.335785 0.0365576  0.257998 0.0647583  0.012619  0.615771 0.0122953
(1,((((2,3),4),5),(6,(((7,(8,9)),10),11))),12); -9125.7  -1.69921 75.3306 28.4504 27.6881 -9198.57 0.240529 0.251542 0.177153 0.330776  0.0347149   0.275301  0.0574685  0.0165337   0.610947 0.00503488
(1,((((2,3),5),4),(6,(((7,(8,9)),10),11))),12); -9128.43  -1.69623 70.9199 27.7689 28.8564 -9198.75 0.230071 0.238511 0.181813 0.349604  0.0294779   0.261962  0.0698008  0.0112584   0.622948 0.00455214
(1,((((2,3),4),5),(6,(((7,(8,9)),10),11))),12); -9112.41  -1.69921 79.2556 28.6426 30.3095 -9191.63 0.225255 0.240547 0.186529 0.347668  0.0324841   0.271357  0.0780278  0.0117581   0.601746 0.00462753
(1,((((2,3),5),4),(6,(((7,(8,9)),10),11))),12); -9136.99  -1.69623 74.013 29.1011 23.2216 -9203.43 0.262287 0.219954 0.196605 0.321154 0.0383159  0.249783 0.0758122 0.0151903  0.610296 0.0106031
(1,((((2,3),4),5),12),(6,(((7,(8,9)),10),11))); -9132.04  -2.31433 70.6287 28.6402 28.9154 -9200.62 0.235835 0.246637 0.193299  0.32423  0.0445192   0.241038  0.0837524  0.0116843   0.610118 0.00888845
(1,(((2,3),4),5),((6,(((7,(8,9)),10),11)),12)); -9120.4  -1.8349 79.6897 29.8246 27.3734 -9195.8 0.236786 0.238696 0.179892 0.344626  0.0384884   0.246174  0.0862179  0.0164213   0.609059 0.00363907
(1,((((2,3),5),4),(6,(((7,(8,9)),10),11))),12); -9126.96  -1.69623 73.313 28.9767 31.0961 -9200.7 0.237507 0.244728 0.201885  0.31588  0.0330812   0.279373   0.080317 0.00953742    0.59243 0.00526204
(1,(((2,3),5),4),((6,(((7,(8,9)),10),11)),12)); -9131.97  -1.83193 73.1437 28.8818 28.2408 -9202.64 0.246737  0.25782 0.179642   0.3158  0.0427415   0.270558  0.0763445  0.0132127   0.590885 0.00625806
(1,((((2,3),5),4),(6,(((7,(8,9)),10),11))),12); -9128.18  -1.69623 78.0853 28.4464 25.5524 -9201.68 0.219783 0.227114 0.196294 0.356809  0.0399407   0.274294  0.0870827 0.00834535   0.585132  0.0052057
(1,(((2,3),5),4),((6,(((7,(8,9)),10),11)),12)); -9127.65  -1.83193 81.063 29.4556 27.1597 -9204.59 0.217056 0.241217 0.202523 0.339204  0.035117  0.297808 0.0821808 0.0124172  0.564608  0.007869
(1,(((2,3),4),5),((6,(((7,(8,9)),10),11)),12)); -9124.3  -1.8349 73.8514 28.6917 29.1189 -9196.74 0.227622 0.255615 0.188908 0.327855  0.0441036   0.268812  0.0602691  0.0139553   0.609259 0.00360069
(1,(((2,3),5),4),((6,(((7,(8,9)),10),11)),12)); -9128.66  -1.83193 77.6105 29.488 28.2983 -9203.25 0.236023 0.235171 0.215135  0.31367  0.0393679   0.279648  0.0655062  0.0109162   0.599116 0.00544521
(1,((((2,3),5),4),(6,(((7,(8,9)),10),11))),12); -9128.86  -1.69623 73.327 28.7168 31.35 -9203.12 0.236923 0.243794 0.199249 0.320034  0.0410824   0.262428  0.0834349  0.0121613   0.595629 0.00526471
(1,(((2,3),4),5),((6,(((7,(8,9)),10),11)),12)); -9127.89  -1.8349 77.4058 29.6482 28.7878 -9202.6 0.239228 0.234458 0.193167 0.333146 0.0472177  0.262437 0.0656586 0.0178671  0.598705 0.0081146
(1,((((2,3),4),5),(6,(((7,(8,9)),10),11))),12); -9129.89  -1.69921 67.9441 29.3153 27.2564 -9194.07 0.236508 0.250898 0.194332 0.318262 0.0432897  0.254009 0.0775872 0.0104775  0.599804  0.014833
(1,((((2,3),4),5),(6,(((7,(8,9)),10),11))),12); -9116.58  -1.69921 79.2069 29.1593 26.7904 -9191.72 0.222672 0.233282 0.216522 0.327525  0.0343243   0.266603  0.0818297  0.0136175   0.594066 0.00955933
(1,((((2,3),5),4),(6,(((7,(8,9)),10),11))),12); -9122.15  -1.69623 78.9828 30.1684 29.6591 -9198.93 0.224806 0.249476 0.205417   0.3203  0.0417951   0.255425   0.079406  0.0103024    0.60588 0.00719123
(1,((((2,3),4),5),(6,(((7,(8,9)),10),11))),12); -9133.73  -1.69921 70.4633 29.3416 23.9974 -9197.15 0.237674 0.262925 0.187917 0.311483  0.0429934   0.238152  0.0607762 0.00989253   0.645004 0.00318175
(1,(((2,3),5),4),((6,(((7,(8,9)),10),11)),12)); -9123.48  -1.83193 80.297 28.8126 29.8267 -9202.96 0.240695 0.253804 0.187529 0.317972  0.0366809   0.289393  0.0831258  0.0105714   0.575141 0.00508861
(1,((((2,3),4),5),(6,(((7,(8,9)),10),11))),12); -9123.5  -1.69921 71.0775 29.3072 27.7035 -9191.27 0.242499 0.242184  0.17409 0.341227  0.0360804   0.267419  0.0857993  0.0118533   0.590304 0.00854405
(1,(((2,3),4),5),((6,(((7,(8,9)),10),11)),12)); -9129.84  -1.8349 74.0264 29.5072 28.5652 -9201.09 0.228466 0.247847 0.191565 0.332122  0.0411258   0.286889  0.0535284 0.00992278   0.601846 0.00668855
(1,(((2,3),4),5),((6,(((7,(8,9)),10),11)),12)); -9130.39  -1.8349 73.0055 28.7801 27.6545 -9200.44 0.244262 0.245345 0.198682 0.311711  0.0300086   0.302831  0.0618915 0.00836123   0.592661 0.00424655
(1,(((2,3),5),4),((6,(((7,(8,9)),10),11)),12)); -9134.78  -1.83193 77.1674 29.8056 26.533 -9206.85 0.243708 0.249667 0.170258 0.336368  0.039632  0.251887 0.0843889 0.0132605  0.605121 0.0057099
(1,((((2,3),4),5),(6,(((7,(8,9)),10),11))),12); -9117.41  -1.69921 75.2376 28.0231 29.1766 -9192.1 0.234766 0.258506 0.183279 0.323449  0.0282808   0.271491  0.0821669 0.00859904   0.603869 0.00559306
(1,(((2,3),5),4),((6,(((7,(8,9)),10),11)),12)); -9125.18  -1.83193 76.93 27.9037 31.6267 -9204 0.228465 0.250225 0.195018 0.326291   0.037614   0.258987  0.0742002  0.0140614   0.608589 0.00654892
(1,((2,3),(4,5)),((6,(((7,(8,9)),10),11)),12)); -9129.55  -3.6025 75.283 29.1032 30.2624 -9202.39 0.241245 0.243279 0.188261 0.327214  0.0360558   0.244389  0.0697046  0.0134012   0.631756 0.00469342
(1,(((2,3),4),5),((6,(((7,(8,9)),10),11)),12)); -9128.1  -1.8349 77.4174 29.6894 24.6219 -9198.62 0.240037 0.256095 0.181151 0.322717  0.0566438    0.26544  0.0846608  0.0161178   0.570823 0.00631478
(1,(((2,3),(4,5)),(6,(((7,(8,9)),10),11))),12); -9119.78  -3.46681 80.2989 30.2874 30.2113 -9196.54 0.244344 0.243806 0.186697 0.325154 0.0348568  0.294017 0.0747784 0.0153319  0.576328 0.0046874
(1,((((2,3),4),5),(6,(((7,(8,9)),10),11))),12); -9119  -1.69921 79.9054 29.2139 27.7722 -9195.77 0.234704 0.231526 0.199077 0.334693  0.0384628   0.273476  0.0923374 0.00563693   0.585328 0.00475924
(1,((((2,3),5),4),(6,(((7,(8,9)),10),11))),12); -9122.9  -1.69623 77.2223 29.5881 30.1201 -9198.95 0.220907  0.24968 0.202397 0.327016  0.0394364   0.286371  0.0659198  0.0108431   0.592168 0.00526207
(1,(((2,3),4),5),((6,(((7,(8,9)),10),11)),12)); -9127.3  -1.8349 81.5224 28.5139 25.1617 -9203.63  0.24031 0.223379 0.203847 0.332464  0.0305925   0.268254  0.0651934  0.0246509   0.606417 0.00489213
(1,(((2,3),(4,5)),(6,(((7,(8,9)),10),11))),12); -9126.7  -3.46681 78.0774 29.8857 29.7777 -9201.2 0.232982 0.236201 0.201851 0.328965  0.0456445   0.259952  0.0751183  0.0139414   0.595915 0.00942849
(1,((((2,3),4),5),(6,(((7,(8,9)),10),11))),12); -9115.5  -1.69921 76.8461 28.0257 30.1302 -9192.75 0.239725 0.231502 0.197008 0.331765  0.0436454   0.274864  0.0669941  0.0149451   0.591721 0.00783017
(1,(((2,3),5),4),((6,(((7,(8,9)),10),11)),12)); -9130.34  -1.83193 72.2907 29.9133 30.0062 -9200.9 0.237387 0.234457 0.198417 0.329739  0.0422268   0.282677  0.0701439  0.0150819   0.580757 0.00911295
(1,((((2,3),4),5),12),(6,(((7,(8,9)),10),11))); -9119.54  -2.31433 76.7931 28.5758 30.6797 -9196.13  0.23664 0.237066 0.196022 0.330272 0.0432672  0.254903 0.0862575  0.011298  0.598407 0.0058673
(1,((((2,3),5),4),12),(6,(((7,(8,9)),10),11))); -9128.55  -2.31135 82.9346 29.0293 23.3766 -9203.52 0.236077 0.229976 0.217568  0.31638 0.0230128  0.290854 0.0713769 0.0110692  0.593477 0.0102103
(1,(((2,3),(4,5)),(6,(((7,(8,9)),10),11))),12); -9124.2  -3.46681 76.0083 28.3619 30.0632 -9198.45 0.254441 0.236365 0.192777 0.316417  0.0373914    0.26929  0.0706771  0.0112108     0.6059 0.00553057
(1,((((2,3),5),4),(6,(((7,(8,9)),10),11))),12); -9119.36  -1.69623 78.5966 29.2298 30.7681 -9197.8 0.235085 0.245682  0.19374 0.325492 0.0456343  0.264092 0.0638026 0.0142476  0.607499  0.004725
(1,(((2,3),4),5),((6,(((7,(8,9)),10),11)),12)); -9127.8  -1.8349 76.3634 28.7013 26.6779 -9200.3 0.231054 0.227554 0.213429 0.327964 0.0352184  0.255363 0.0798924 0.0172861  0.603103 0.0091373
(1,((((2,3),5),4),12),(6,(((7,(8,9)),10),11))); -9132.32  -2.31135 78.8432 28.0587 27.563 -9208.35 0.226559 0.246976 0.196429 0.330037  0.0217812   0.269067  0.0650257 0.00979657   0.626822 0.00750773
(1,((2,3),(4,5)),((6,(((7,(8,9)),10),11)),12)); -9125.66  -3.6025 76.5729 28.6653 30.6538 -9200.62 0.238729 0.249141 0.181386 0.330744  0.0403188   0.283973  0.0749904 0.00979383   0.584663 0.00626112
(1,((((2,3),5),4),(6,(((7,(8,9)),10),11))),12); -9120.42  -1.69623 80.507 30.0349 28.7913 -9197.99 0.228105 0.245472 0.204846 0.321577 0.0413762  0.275163 0.0795834 0.0149415  0.578315 0.0106204
(1,(((2,3),5),4),((6,(((7,(8,9)),10),11)),12)); -9123.14  -1.83193 81.7907 28.8914 30.6296 -9204.84 0.234333 0.234567 0.205607 0.325493  0.0411448   0.269062  0.0720348 0.00791885   0.605345  0.0044945
(1,(((2,3),5),4),((6,(((7,(8,9)),10),11)),12)); -9131.17  -1.83193 76.1846 28.7661 28.5575 -9205.31 0.237249 0.256913 0.177138 0.328701  0.0379067   0.261076  0.0831029  0.0111495   0.598174 0.00859111
(1,(((2,3),5),4),((6,(((7,(8,9)),10),11)),12)); -9133.04  -1.83193 76.8704 28.6956 25.1819 -9204.57 0.229383 0.250791 0.193914 0.325912  0.0241206    0.25154  0.0697016 0.00735386   0.634366  0.0129175
(1,(((2,3),5),4),((6,(((7,(8,9)),10),11)),12)); -9127.2  -1.83193 76.8822 29.2951 31.0377 -9204 0.236373  0.23784 0.195964 0.329824  0.0410503   0.248004  0.0775536  0.0137711   0.614153 0.00546716
(1,(((2,3),4),5),((6,(((7,(8,9)),10),11)),12)); -9118.21  -1.8349 76.2572 28.5709 29.6497 -9193.71 0.239759  0.23425  0.20659 0.319401  0.0335754   0.276784  0.0748432  0.0111455   0.593652 0.00999911
(1,(((2,3),5),4),((6,(((7,(8,9)),10),11)),12)); -9122.91  -1.83193 80.0831 28.0457 30.4003 -9203.52 0.222128  0.24469 0.201599 0.331583  0.0410976   0.267529  0.0634751  0.0106552   0.611299 0.00594383
(1,((((2,3),4),5),(6,(((7,(8,9)),10),11))),12); -9117.23  -1.69921 78.5035 29.3914 28.3872 -9193.03 0.255281 0.249282 0.186269 0.309168  0.0363093   0.273171  0.0753451 0.00969562   0.598533 0.00694514
(1,((((2,3),4),5),12),(6,(((7,(8,9)),10),11))); -9132.8  -2.31433 74.1298 30.0003 27.6751 -9202.29 0.233488 0.239532  0.19046  0.33652  0.0354294   0.262765   0.100826 0.00899714   0.583624  0.0083578
(1,((((2,3),5),4),12),(6,(((7,(8,9)),10),11))); -9124.07  -2.31135 77.0816 28.3818 31.5896 -9202.05 0.239833 0.246799 0.185698 0.327669  0.0407571   0.279085  0.0754367  0.0107509   0.587623 0.00634669
(1,((((2,3),5),4),(6,(((7,(8,9)),10),11))),12); -9121.52  -1.69623 78.07 28.3121 28.7673 -9198.35 0.246831 0.236354 0.203018 0.313796   0.026217   0.274416  0.0812706  0.0115895   0.601393 0.00511366
(1,((((2,3),5),4),12),(6,(((7,(8,9)),10),11))); -9130.53  -2.31135 81.0594 29.3349 25.5513 -9205.49 0.226656 0.255323 0.203391 0.314631  0.0451476   0.259621  0.0721233  0.0235201   0.595952 0.00363613
(1,((((2,3),5),4),(6,(((7,(8,9)),10),11))),12); -9121.62  -1.69623 80.5712 29.6943 28.1976 -9199  0.24103 0.233248 0.195717 0.330006  0.0440348   0.266281  0.0953688  0.0142822   0.575392 0.00464097
(1,(((2,3),4),5),((6,(((7,(8,9)),10),11)),12)); -9127.53  -1.8349 75.8657 28.3247 27.1445 -9200.38 0.238981 0.250875 0.171803 0.338341  0.0343054   0.275744  0.0699864  0.0064479   0.609005 0.00451114
(1,(((2,3),(4,5)),(6,(((7,(8,9)),10),11))),12); -9128.1  -3.46681 73.1589 28.5065 31.1578 -9200.44 0.231116 0.243591 0.196657 0.328636 0.0293908  0.284107 0.0730758 0.0125935  0.592476 0.0083563
(1,((((2,3),5),4),(6,(((7,10),(8,9)),11))),12); -9144.71  -5.35038 83.4725 29.3596 26.2425 -9219.71 0.219594 0.253691 0.187883 0.338831 0.0325823  0.299512 0.0729001  0.011506  0.571607 0.0118929
(1,(((2,3),4),5),((6,(((7,(8,9)),10),11)),12)); -9122.57  -1.8349 77.0228 28.8794 27.8839 -9196.76 0.225541 0.236695 0.208087 0.329677 0.0298688  0.254707  0.075603 0.0108323  0.617576 0.0114129
(1,((((2,3),5),4),(6,(((7,(8,9)),10),11))),12); -9132.35  -1.69623 73.8123 29.0354 27.0051 -9202.43 0.238682 0.247534 0.193403 0.320381  0.0527129     0.2577   0.062959  0.0147778   0.609618 0.00223253
(1,((((2,3),5),4),(6,(((7,(8,9)),10),11))),12); -9132.05  -1.69623 72.1314 29.5862 29.416 -9202.31 0.231896 0.242324 0.196404 0.329376 0.0333591  0.251212 0.0842837 0.0120355  0.607597 0.0115126
(1,(((2,3),5),4),((6,(((7,(8,9)),10),11)),12)); -9128.64  -1.83193 81.0052 28.96 30.3207 -9209.17 0.228836 0.258554 0.194658 0.317952  0.0391854   0.282394  0.0726529   0.008916   0.592094 0.00475717
(1,(((2,3),4),5),((6,(((7,(8,9)),10),11)),12)); -9135.59  -1.8349 70.2355 28.4141 26.9751 -9202.55 0.244728  0.23454 0.187846 0.332886  0.0297667   0.261704  0.0589784 0.00813312   0.630817   0.010601
(1,((((2,3),4),5),(6,(((7,(8,9)),10),11))),12); -9111.26  -1.69921 78.8155 29.1259 31.7291 -9190.98  0.22858 0.239827 0.197489 0.334104 0.0392082  0.264194 0.0747621  0.014135  0.600834 0.0068663
(1,((((2,3),5),4),(6,(((7,(8,9)),10),11))),12); -9130.19  -1.69623 72.9675 29.3297 30.3914 -9202.52 0.226714 0.245938 0.193742 0.333606  0.0313968   0.264996  0.0864594  0.0127231   0.601464 0.00296061
(1,((((2,3),4),5),12),(6,(((7,(8,9)),10),11))); -9115.28  -2.31433 77.0278 28.0903 32.249 -9194.15 0.240212 0.246296 0.190669 0.322822  0.0362708   0.277525  0.0699294  0.0108422   0.599352 0.00608038
(1,(((2,3),4),5),((6,(((7,(8,9)),10),11)),12)); -9123.32  -1.8349 79.2691 29.5228 28.1908 -9199.42 0.248941 0.244757 0.186844 0.319459  0.0292466    0.25143  0.0772767  0.0185311   0.617666 0.00584925
(1,((((2,3),5),4),(6,(((7,(8,9)),10),11))),12); -9118.22  -1.69623 79.6017 29.3161 30.7786 -9197.59 0.244009 0.237908 0.191449 0.326634  0.0399814   0.271094  0.0780058  0.0172178   0.587662 0.00603917
(1,(((2,3),5),4),((6,(((7,(8,9)),10),11)),12)); -9129.64  -1.83193 72.8406 28.3423 29.8763 -9202.18 0.240782 0.227699 0.194484 0.337036  0.0298617   0.284647  0.0741717  0.0130306   0.594902 0.00338705
(1,((((2,3),5),4),(6,(((7,(8,9)),10),11))),12); -9125.53  -1.69623 71.4648 28.0942 30.7827 -9197.99 0.236442 0.253167 0.183315 0.327076  0.0311661   0.270739  0.0750469  0.0147935   0.601948 0.00630636
(1,((((2,3),4),5),(6,(((7,(8,9)),10),11))),12); -9114.27  -1.69921 77.6697 28.8979 29.3001 -9190.65 0.234461  0.24853 0.199657 0.317352 0.0330245   0.25884  0.071297 0.0167986  0.609649 0.0103909
(1,((((2,3),5),4),(6,(((7,(8,9)),10),11))),12); -9125.96  -1.69623 76.9613 29.7585 27.8922 -9199.36  0.25518 0.229744 0.178933 0.336143  0.0357248   0.274217  0.0743433  0.0108029   0.597678 0.00723459
(1,((((2,3),4),5),(6,(((7,(8,9)),10),11))),12); -9123.94  -1.69921 73.8794 28.8887 28.0389 -9195.27 0.227751 0.262325 0.198398 0.311527  0.0349204   0.256542  0.0685506  0.0101888   0.626402 0.00339604
(1,(((2,3),4),5),((6,(((7,(8,9)),10),11)),12)); -9131.29  -1.8349 71.6089 27.9309 30.462 -9203.6 0.231515 0.248435 0.192178 0.327872  0.0323463   0.279302  0.0619279  0.0161154   0.606655 0.00365316
(1,(((2,3),4),5),((6,(((7,(8,9)),10),11)),12)); -9123.09  -1.8349 73.9283 28.7597 30.7114 -9197.14 0.237732 0.243979 0.185698 0.332592   0.030709   0.280034  0.0741733  0.0151709     0.5916 0.00831318
(1,(((2,3),4),5),((6,(((7,(8,9)),10),11)),12)); -9125.01  -1.8349 73.1679 29.6451 29.236 -9195.93 0.231359 0.245118 0.198257 0.325266  0.0430319   0.277312   0.068791  0.0210153   0.585584 0.00426599
(1,(((2,3),5),4),((6,(((7,(8,9)),10),11)),12)); -9126.04  -1.83193 73.935 28.3686 30.3187 -9200.09 0.234738 0.246427 0.187887 0.330947  0.0278412    0.26902  0.0836032  0.0115746     0.5993 0.00866049
(1,((((2,3),4),5),12),(6,(((7,(8,9)),10),11))); -9125.61  -2.31433 82.8807 30.189 24.6302 -9200.61 0.226005 0.248482 0.190793  0.33472  0.0479756   0.290566  0.0876964 0.00912384   0.552379  0.0122595
(1,(((2,3),5),4),((6,(((7,(8,9)),10),11)),12)); -9127.83  -1.83193 78.5551 29.3999 30.5845 -9205.74 0.231833   0.2437 0.199317 0.325149  0.0460357   0.272282  0.0701833  0.0149167   0.593232 0.00335001
(1,(((2,3),5),4),((6,(((7,(8,9)),10),11)),12)); -9123.56  -1.83193 78.3449 29.4846 29.718 -9200.3 0.244588 0.234842 0.194266 0.326305  0.0362327   0.287461  0.0871239 0.00842292   0.575879 0.00487974
(1,(((2,3),5),4),((6,(((7,(8,9)),10),11)),12)); -9122.17  -1.83193 79.4097 28.8054 31.9807 -9202.93 0.229367 0.250848 0.192331 0.327454  0.0356648   0.269636  0.0681756   0.012944   0.609012 0.00456744
(1,((((2,3),5),4),(6,(((7,(8,9)),10),11))),12); -9123.64  -1.69623 78.0539 29.7163 29.4219 -9199.71 0.239942  0.23553 0.204417  0.32011  0.0362152   0.261911  0.0809096 0.00670295   0.606511 0.00775026
(1,((((2,3),4),5),(6,(((7,(8,9)),10),11))),12); -9119.69  -1.69921 76.8225 29.6456 28.2156 -9193.38 0.234776 0.228309  0.20789 0.329025  0.0393708   0.271304  0.0598715  0.0167718    0.60771 0.00497189
(1,((((2,3),5),4),12),(6,(((7,(8,9)),10),11))); -9123.66  -2.31135 81.2918 29.2437 29.5964 -9202.99 0.227506  0.23606 0.197701 0.338733   0.044581   0.264182  0.0827632   0.013379   0.592214 0.00288088
(1,((((2,3),5),4),(6,(((7,(8,9)),10),11))),12); -9127.07  -1.69623 74.4381 28.1781 27.5465 -9199.18 0.229788 0.241926 0.194501 0.333785  0.0212094   0.269553  0.0716654  0.0130348   0.614861 0.00967649
(1,((((2,3),5),4),(6,(((7,(8,9)),10),11))),12); -9122.08  -1.69623 75.3398 29.1202 30.2674 -9196.87 0.238354  0.25048 0.187353 0.323813  0.0424517   0.249651  0.0779459  0.0130308   0.613322 0.00359861
(1,(((2,3),4),5),((6,(((7,(8,9)),10),11)),12)); -9121.81  -1.8349 74.3855 28.3068 30.0618 -9196.12  0.22109 0.245688 0.198251 0.334971  0.0328171   0.273339  0.0700641  0.0132203    0.60086 0.00969936
(1,(((2,3),4),5),((6,(((7,(8,9)),10),11)),12)); -9123.62  -1.8349 76.1714 29.2693 28.9118 -9197.6 0.251092 0.245882 0.186773 0.316253  0.0311595   0.263455  0.0741331  0.0133176   0.608194 0.00974068
(1,(((2,3),4),5),((6,(((7,(8,9)),10),11)),12)); -9120.95  -1.8349 79.638 30.0646 28.8 -9197.49 0.235756 0.253575 0.190168 0.320501  0.0293491    0.25159  0.0818191  0.0184202   0.613328 0.00549337
(1,(((2,3),(4,5)),(6,(((7,(8,9)),10),11))),12); -9116.65  -3.46681 81.4277 29.8271 31.0305 -9195.82 0.238552   0.2455 0.187856 0.328092   0.034057   0.274227  0.0748189  0.0173218   0.592088 0.00748722
(1,((((2,3),4),5),(6,(((7,(8,9)),10),11))),12); -9115.8  -1.69921 78.1259 29.3056 28.8209 -9191.74 0.222324 0.255171 0.196706 0.325799  0.0366946   0.265411  0.0738831  0.0193686    0.59646 0.00818267
(1,((((2,3),5),4),(6,(((7,10),(8,9)),11))),12); -9143.01  -5.35038 79.6792 28.1641 30.8139 -9219.99 0.240024 0.239461 0.191456 0.329059  0.0382328   0.254548  0.0819111  0.0088278   0.613271 0.00320946
(1,((((2,3),4),5),(6,(((7,(8,9)),10),11))),12); -9122.39  -1.69921 72.1933 28.9367 27.9143 -9191.86 0.241517 0.259475 0.189165 0.309843  0.0438218   0.277828  0.0675468  0.0147897   0.592783 0.00323019
(1,((((2,3),4),5),(6,(((7,(8,9)),10),11))),12); -9122.71  -1.69921 75.0944 29.3477 25.1611 -9191.92 0.246855 0.237763 0.189933 0.325449  0.045383  0.277792 0.0552276 0.0132916  0.594351 0.0139547
(1,((((2,3),4),5),12),(6,(((7,(8,9)),10),11))); -9127.02  -2.31433 72.8672 29.4687 27.9914 -9196.1 0.245245  0.23324 0.183365  0.33815  0.0401144   0.275531  0.0827154 0.00856567    0.58251  0.0105636
(1,(((2,3),4),5),((6,(((7,(8,9)),10),11)),12)); -9115.88  -1.8349 79.465 28.3294 30.3337 -9195.51 0.238271 0.241761  0.18461 0.335358  0.0440899   0.268656  0.0773811 0.00937592   0.591875 0.00862236
(1,((((2,3),4),5),12),(6,(((7,(8,9)),10),11))); -9120.87  -2.31433 79.3106 29.5163 29.8495 -9198.2 0.230477 0.245851 0.192151 0.331521  0.0357155   0.269501  0.0621827  0.0196098   0.606462 0.00652927
(1,(((2,3),4),5),((6,(((7,(8,9)),10),11)),12)); -9126.95  -1.8349 77.5126 28.6955 28.0632 -9202 0.227228 0.230742  0.20216  0.33987  0.0295651   0.265909  0.0742978  0.0129183   0.615523 0.00178718
(1,((2,3),(4,5)),((6,(((7,(8,9)),10),11)),12)); -9137.39  -3.6025 71.373 29.1996 27.0624 -9203.03 0.222641 0.240265 0.196187 0.340907  0.0489742   0.249275  0.0748441 0.00604777   0.615914 0.00494511
(1,(((2,3),(4,5)),(6,(((7,(8,9)),10),11))),12); -9118.56  -3.46681 79.6827 29.0572 31.2333 -9196.95 0.238236 0.238882 0.194866 0.328017  0.0311595   0.292924  0.0683155 0.00981351   0.593673 0.00411421
(1,((((2,3),4),5),(6,(((7,(8,9)),10),11))),12); -9110.41  -1.69921 81.6534 29.456 30.9024 -9191.81 0.234684 0.240562 0.191012 0.333742  0.0361063   0.256351  0.0893332  0.0101335   0.603145 0.00493041
(1,((((2,3),5),4),(6,(((7,(8,9)),10),11))),12); -9126.66  -1.69623 80.3906 29.8008 24.7735 -9200.33 0.233173 0.263199 0.176201 0.327427  0.0450645   0.267862  0.0780215  0.0217198   0.581701 0.00563084
(1,(((2,(3,5)),4),(6,(((7,(8,9)),10),11))),12); -9158.46  -6.30352 67.3203 29.5805 27.7077 -9217.6  0.23443 0.247524 0.173184 0.344861  0.0407405   0.259366   0.075055  0.0137698   0.603277 0.00779178
(1,((((2,3),4),5),(6,(((7,(8,9)),10),11))),12); -9123.12  -1.69921 79.2348 28.0068 27.6588 -9200.31 0.243269 0.240525 0.208241 0.307965   0.040659   0.254904  0.0658822  0.0113353   0.618882 0.00833776
(1,((((2,3),5),4),12),(6,(((7,(8,9)),10),11))); -9119.15  -2.31135 82.6702 28.7373 32.3546 -9203.13 0.238771 0.242173 0.189033 0.330023 0.0344086  0.266813 0.0714266 0.0131854  0.609241 0.0049256
(1,((((2,3),4),5),(6,(((7,(8,9)),10),11))),12); -9113.62  -1.69921 80.4086 27.8493 29.808 -9194.29 0.241166 0.245563 0.183833 0.329439  0.0286091   0.262164  0.0718199 0.00746922   0.625296 0.00464173
(1,(((2,3),(4,5)),(6,(((7,(8,9)),10),11))),12); -9139.05  -3.46681 75.4263 28.9343 24.1226 -9206.19 0.226037 0.245354 0.199353 0.329256  0.0504329   0.317827   0.068791  0.0135871   0.543907 0.00545508
(1,(((2,3),4),5),((6,(((7,(8,9)),10),11)),12)); -9126.53  -1.8349 71.7185 28.4354 29.1903 -9197.17 0.241251 0.238293 0.189777 0.330679  0.0470128   0.292819  0.0638433  0.0115796   0.581293 0.00345261
(1,((((2,3),4),5),(6,(((7,(8,9)),10),11))),12); -9115.06  -1.69921 75.1984 28.0238 29.7588 -9190.3 0.232175 0.235363 0.202621 0.329841  0.0294892   0.278506  0.0860788 0.00901532   0.589179 0.00773186
(1,(((2,3),4),5),((6,(((7,(8,9)),10),11)),12)); -9128.82  -1.8349 74.1819 28.0275 28.1897 -9201.33 0.233582 0.244819 0.193428 0.328171  0.0225336   0.265902  0.0874206  0.0119731   0.609032 0.00313859
(1,(((2,3),4),5),((6,(((7,(8,9)),10),11)),12)); -9132.43  -1.8349 78.8535 29.4268 27.314 -9207.34 0.242127 0.241664 0.184808   0.3314  0.0311296   0.261368  0.0535922  0.0155958   0.633537 0.00477726
(1,((((2,3),5),4),12),(6,(((7,(8,9)),10),11))); -9125.36  -2.31135 82.0595 29.5992 28.336 -9203.85 0.240012 0.221935 0.189951 0.348102   0.035107   0.274975  0.0780843  0.0106731   0.593724 0.00743692
(1,((((2,3),5),4),12),(6,(((7,(8,9)),10),11))); -9127.15  -2.31135 81.0111 29.0834 27.3449 -9204.12 0.237671 0.249294 0.182673 0.330362 0.0355171  0.288673 0.0766104 0.0160563  0.570391 0.0127522
(1,((((2,5),3),4),12),(6,(((7,(8,9)),10),11))); -9148.06  -7.6666 78.2184 27.4386 29.0206 -9220.2  0.24622 0.251242 0.191897 0.310641  0.0369018   0.294633  0.0686992  0.0140603   0.580501 0.00520481
(1,((((2,3),4),5),(6,(((7,(8,9)),10),11))),12); -9114.87  -1.69921 77.9161 28.9243 30.0337 -9192.19 0.239616 0.231564 0.192452 0.336368  0.0306853   0.249069  0.0782645  0.0128362   0.623542 0.00560279
(1,((((2,3),5),4),12),(6,(((7,(8,9)),10),11))); -9142.42  -2.31135 71.6526 28.8069 24.8799 -9207.84 0.231628 0.228658 0.193505 0.346209 0.0348009   0.26856  0.081028 0.0175959  0.582559 0.0154563
(1,((((2,3),5),4),(6,(((7,(8,9)),10),11))),12); -9131.38  -1.69623 75.13 28.9476 27.8062 -9203.67 0.219811 0.262082  0.19785 0.320257  0.0358225   0.264167  0.0879762  0.0133057     0.5917 0.00702937
(1,(((2,3),5),4),((6,(((7,(8,9)),10),11)),12)); -9134.33  -1.83193 75.3057 29.9962 26.2424 -9204.05 0.242029 0.241894 0.186297  0.32978  0.0425427   0.257041   0.100875  0.0122375   0.577563 0.00974046
(1,((((2,3),5),4),(6,(((7,(8,9)),10),11))),12); -9125.14  -1.69623 75.9431 29.2862 31.6673 -9201.77 0.233205 0.246458 0.185647  0.33469  0.0331267   0.261853  0.0705981  0.0114556   0.618049 0.00491762
(1,((((2,3),5),4),12),(6,(((7,(8,9)),10),11))); -9123.21  -2.31135 77.851 28.971 31.3124 -9201.09 0.229686 0.249571 0.188781 0.331963  0.0378724    0.27519  0.0759822  0.0158738   0.591032 0.00404875
(1,(((2,3),5),4),((6,(((7,(8,9)),10),11)),12)); -9123.7  -1.83193 76.4794 28.1249 32.2423 -9202.46  0.22869 0.247108 0.194102   0.3301  0.0384932   0.276382  0.0709244  0.0130084   0.596427 0.00476457
(1,((((2,3),4),5),(6,(((7,(8,9)),10),11))),12); -9127.62  -1.69921 76.7099 29.1685 22.9005 -9196.36 0.229292 0.269016 0.178879 0.322813  0.0343937   0.303198   0.070671  0.0121177   0.578271 0.00134806
(1,(((2,3),4),5),((6,(((7,(8,9)),10),11)),12)); -9123.02  -1.8349 80.6101 28.299 31.2261 -9204.72 0.233681 0.241862 0.191343 0.333114   0.031895   0.287692  0.0663194  0.0152163   0.594064 0.00481315
(1,((((2,3),4),5),(6,(((7,(8,9)),10),11))),12); -9121.31  -1.69921 77.2951 28.8733 25.523 -9193.56 0.220559 0.227765 0.190908 0.360768  0.0293702   0.284489  0.0759812 0.00885242   0.595807 0.00550044
(1,(((2,3),(4,5)),12),(6,(((7,(8,9)),10),11))); -9126.78  -4.08193 81.4407 29.1082 27.8465 -9202.87 0.225353 0.262078 0.198933 0.313636   0.031776   0.285011  0.0833591 0.00857754   0.587033 0.00424355
(1,(((2,3),5),4),((6,(((7,(8,9)),10),11)),12)); -9125.68  -1.83193 77.9544 29.1776 30.5806 -9203.2 0.230742 0.229053 0.201651 0.338555  0.0316606   0.277391  0.0770798  0.0115596    0.59753 0.00477981
(1,((((2,3),4),5),(6,(((7,(8,9)),10),11))),12); -9123.99  -1.69921 76.4446 29.8818 25.8634 -9194.72 0.213095 0.251216 0.210292 0.325398  0.0388225   0.281791  0.0784746  0.0159223   0.576187 0.00880176
(1,((((2,3),4),5),(6,(((7,(8,9)),10),11))),12); -9116.05  -1.69921 77.2117 29.4263 28.0037 -9190.14 0.238289 0.241721 0.173576 0.346415  0.0376054   0.253654  0.0737448  0.0125902   0.616825 0.00558015
(1,((((2,3),4),5),(6,(((7,(8,9)),10),11))),12); -9116.7  -1.69921 72.8094 29.6523 30.8492 -9189 0.235621 0.245059 0.198593 0.320728    0.03817   0.281526  0.0805101  0.0152858   0.577592 0.00691668
(1,(((2,3),4),5),((6,(((7,(8,9)),10),11)),12)); -9126.04  -1.8349 76.7261 28.2058 28.8215 -9201.55 0.247317 0.234207 0.194099 0.324377 0.0427147  0.269833 0.0771424  0.010344  0.588107 0.0118594
(1,(((2,3),5),4),((6,(((7,(8,9)),10),11)),12)); -9133.53  -1.83193 71.9682 28.6464 28.4756 -9203.5 0.248141 0.241829 0.188424 0.321606  0.0365534    0.28027  0.0665023   0.021459   0.590844 0.00437153
(1,((((2,3),5),4),12),(6,(((7,(8,9)),10),11))); -9124.88  -2.31135 76.3556 27.8313 31.8718 -9202.96 0.239134 0.244279 0.191321 0.325267    0.03578   0.266918  0.0685274 0.00961527   0.615642 0.00351751
(1,((((2,3),5),4),12),(6,(((7,(8,9)),10),11))); -9134.81  -2.31135 70.1138 28.8715 30.4135 -9204.16 0.239623 0.231205  0.18931 0.339861    0.04169   0.278728  0.0787661  0.0129111   0.581996 0.00590925
(1,((2,3),(4,5)),((6,(((7,(8,9)),10),11)),12)); -9127.19  -3.6025 81.9758 29.0451 31.2841 -9207.8 0.229687 0.236833 0.191532 0.341948   0.034503   0.273194  0.0752083  0.0140605   0.599291 0.00374339
(1,(((2,3),4),5),((6,(((7,(8,9)),10),11)),12)); -9123.22  -1.8349 75.8053 29.1563 30.9745 -9199.01 0.226388 0.251959 0.196721 0.324932  0.0301205   0.259965  0.0778635   0.012293   0.614075 0.00568297
(1,(((2,3),(4,5)),(6,(((7,(8,9)),10),11))),12); -9123.7  -3.46681 77.9936 29.5538 31.5896 -9200.26 0.226849 0.248718 0.199887 0.324545  0.0351859    0.26702  0.0752765  0.0114997   0.603356 0.00766239
(1,((((2,3),5),4),12),(6,(((7,(8,9)),10),11))); -9128.11  -2.31135 76.0223 29.0657 29.4172 -9202.18 0.235301 0.237495 0.200737 0.326467  0.0470178   0.279256  0.0767762 0.00641195   0.585377 0.00516164
(1,(((2,3),(4,5)),12),(6,(((7,(8,9)),10),11))); -9130.21  -4.08193 77.6848 29.4595 27.0219 -9201.37 0.222698 0.244229 0.184645 0.348428  0.0340418   0.275174  0.0879573  0.0166238   0.577841 0.00836179
(1,((((2,3),4),5),(6,(((7,(8,9)),10),11))),12); -9130.09  -1.69921 73.1318 28.9407 25.6892 -9198.27 0.234485  0.22717 0.203814 0.334531 0.0288934  0.264807 0.0544798 0.0177751   0.62864 0.0054039
(1,(((2,3),5),4),((6,(((7,(8,9)),10),11)),12)); -9126.64  -1.83193 77.1961 28.9856 29.7455 -9202.76 0.223171  0.25521 0.193811 0.327808   0.034263   0.286135  0.0721683 0.00726929   0.592915 0.00724997
(1,(((2,3),(4,5)),(6,(((7,(8,9)),10),11))),12); -9118.28  -3.46681 78.3001 27.873 30.9801 -9196.22 0.244045 0.239127 0.197491 0.319338  0.0365253   0.266074  0.0826212  0.0116138   0.599913 0.00325245
(1,((((2,3),4),5),(6,(((7,(8,9)),10),11))),12); -9126.83  -1.69921 74.6965 29.3431 22.1492 -9192.64 0.238263 0.237135 0.164874 0.359728  0.0380185   0.261166  0.0727453 0.00774367   0.614187 0.00613934
(1,(((2,3),4),5),((6,(((7,(8,9)),10),11)),12)); -9118.86  -1.8349 80.9813 29.1044 27.642 -9196.54 0.236268 0.241332 0.183358 0.339042  0.033609   0.25658 0.0949792 0.0171955  0.590549 0.0070866
(1,((((2,3),5),4),(6,(((7,(8,9)),10),11))),12); -9130.67  -1.69623 69.0993 30.5081 28.0183 -9195.58 0.213528 0.258154 0.200253 0.328064  0.0340725   0.264064  0.0776976  0.0122238   0.603645 0.00829679
(1,((((2,3),5),4),(6,(((7,(8,9)),10),11))),12); -9118.4  -1.69623 77.6647 28.5247 31.5989 -9197.45 0.233953 0.245924 0.191075 0.329047 0.0411969  0.263345 0.0660673 0.0095644  0.613204 0.0066217
(1,((((2,3),5),4),(6,(((7,(8,9)),10),11))),12); -9124.55  -1.69623 75.7383 27.7438 28.99 -9199.84 0.227751 0.250788 0.201377 0.320084   0.034639   0.241562  0.0771378  0.0108296   0.632238 0.00359364
(1,((((2,3),4),5),(6,(((7,(8,9)),10),11))),12); -9119.03  -1.69921 71.2088 28.7898 31.6982 -9191.45 0.231849 0.244412 0.196014 0.327725  0.0372468   0.257521  0.0811995 0.00918947   0.608225 0.00661886
(1,((2,3),(4,5)),((6,(((7,(8,9)),10),11)),12)); -9128.39  -3.6025 77.3676 28.9503 29.3676 -9202.57 0.227038 0.247809 0.199638 0.325515  0.0365124   0.244012  0.0677486 0.00983019   0.634163 0.00773407
(1,((((2,3),5),4),(6,(((7,(8,9)),10),11))),12); -9118.67  -1.69623 77.8917 28.6419 31.6013 -9197.83  0.23069  0.24066 0.191577 0.337073  0.0349903   0.273927  0.0712863  0.0148708   0.597309 0.00761698
(1,((((2,3),5),4),(6,(((7,(8,9)),10),11))),12); -9124.23  -1.69623 76.3603 29.6213 29.4532 -9198.73 0.226167 0.229061 0.194983 0.349789 0.0336818  0.269436 0.0756707 0.0102147   0.60695 0.0040467
(1,((((2,3),4),5),(6,(((7,(8,9)),10),11))),12); -9113.23  -1.69921 78.5987 29.8431 30.73 -9191.02 0.226534 0.251199  0.20051 0.321757  0.0389868   0.277668  0.0795999  0.0136321   0.583489 0.00662413
(1,(((2,3),4),5),((6,(((7,(8,9)),10),11)),12)); -9127.35  -1.8349 75.269 28.2311 30.9561 -9203.51 0.236125 0.234307 0.201653 0.327914  0.0428483   0.262607  0.0717234  0.0113188   0.608198 0.00330406
(1,(((2,3),5),4),((6,(((7,(8,9)),10),11)),12)); -9135.44  -1.83193 72.7274 27.9313 27.5798 -9205.99 0.225617 0.257991 0.189287 0.327105  0.0462199   0.285906  0.0586013 0.00882547     0.5934 0.00704802
(1,(((2,3),(4,5)),(6,(((7,(8,9)),10),11))),12); -9117.37  -3.46681 78.3201 29.5035 32.054 -9194.77 0.231211 0.242779 0.194924 0.331086  0.0316423   0.274034  0.0781461  0.0141642   0.596206 0.00580747
(1,(((2,3),4),5),((6,(((7,(8,9)),10),11)),12)); -9123.33  -1.8349 76.0813 29.2095 29.4728 -9197.84 0.244589 0.238133 0.195663 0.321615  0.0262723   0.273196   0.069911  0.0160708   0.606801 0.00774815
