tree logl logTop logBL logPrior logQ logWt pi1 pi2 pi3 pi4 s1 s2 s3 s4 s5 s6
(1,((((2,3),4),5),(6,(((7,(8,9)),10),11))),12); -9136.74  -0.00297277 92.4774 29.2043 0 -9200.01 0.248162 0.231815 0.203027 0.316997  0.0471655   0.317133  0.0752699  0.0134573   0.539155 0.00781911
(1,((((2,3),4),5),(6,(((7,(8,9)),10),11))),12); -9130.2  -0.00297277 76.7922 29.7396 0 -9177.25  0.24816  0.23182 0.203025 0.316994  0.0471605   0.317134  0.0752663  0.0134569   0.539163 0.00781928
(1,((((2,3),4),5),(6,(((7,(8,9)),10),11))),12); -9125.17  -0.00297277 79.7567 29.165 0 -9175.76  0.24816 0.231821 0.203021 0.316998  0.0471638   0.317134  0.0752649  0.0134587   0.539158 0.00782014
(1,((((2,3),4),5),(6,(((7,(8,9)),10),11))),12); -9128.87  -0.00297277 76.2551 28.5195 0 -9176.6 0.248165 0.231817 0.203022 0.316996  0.0471588   0.317145  0.0752684  0.0134561   0.539152 0.00781914
(1,((((2,3),4),5),(6,(((7,(8,9)),10),11))),12); -9142.39  -0.00297277 94.8873 29.3169 0 -9207.96 0.248161 0.231817 0.203024 0.316999  0.0471634   0.317135  0.0752684  0.0134568   0.539156 0.00781985
(1,((((2,3),4),5),(6,(((7,(8,9)),10),11))),12); -9126.76  -0.00297277 79.2518 30.0123 0 -9176 0.248162 0.231818 0.203022 0.316998  0.0471621    0.31713  0.0752707  0.0134574    0.53916 0.00782005
(1,((((2,3),4),5),(6,(((7,(8,9)),10),11))),12); -9130.51  -0.00297277 80.9539 29.0261 0 -9182.44 0.248166 0.231818 0.203022 0.316994  0.0471658   0.317128  0.0752724  0.0134583   0.539156 0.00781954
(1,((((2,3),4),5),(6,(((7,(8,9)),10),11))),12); -9141.55  -0.00297277 78.8176 29.1303 0 -9191.23 0.248167  0.23182  0.20302 0.316994  0.0471648   0.317134  0.0752735  0.0134572    0.53915 0.00782028
(1,((((2,3),4),5),(6,(((7,(8,9)),10),11))),12); -9141.03  -0.00297277 77.1371 28.7419 0 -9189.42 0.248161 0.231813 0.203023 0.317003   0.047163   0.317136  0.0752703  0.0134573   0.539154 0.00781912
(1,((((2,3),4),5),(6,(((7,(8,9)),10),11))),12); -9129.41  -0.00297277 83.793 29.7587 0 -9183.44 0.248166 0.231814 0.203028 0.316992  0.0471655   0.317124  0.0752668  0.0134572   0.539168 0.00781827
(1,((((2,3),4),5),(6,(((7,(8,9)),10),11))),12); -9131.24  -0.00297277 80.343 28.9153 0 -9182.66  0.24816 0.231814 0.203027 0.316998   0.047166   0.317136  0.0752665  0.0134561   0.539156 0.00781912
(1,((((2,3),4),5),(6,(((7,(8,9)),10),11))),12); -9126.53  -0.00297277 76.1542 28.8196 0 -9173.86 0.248162 0.231817  0.20302 0.317001 0.0471634  0.317128 0.0752702 0.0134583  0.539161 0.0078191
(1,((((2,3),4),5),(6,(((7,(8,9)),10),11))),12); -9158.84  -0.00297277 72.2413 29.6143 0 -9201.46 0.248162 0.231815 0.203029 0.316995  0.0471635   0.317127  0.0752676   0.013457   0.539164 0.00782045
(1,((((2,3),4),5),(6,(((7,(8,9)),10),11))),12); -9127.03  -0.00297277 76.1896 28.7125 0 -9174.51 0.248159 0.231823 0.203025 0.316993  0.0471618   0.317136  0.0752689  0.0134578   0.539157 0.00781927
(1,((((2,3),4),5),(6,(((7,(8,9)),10),11))),12); -9140.03  -0.00297277 77.8155 30.0112 0 -9187.84 0.248159 0.231824 0.203024 0.316993  0.0471641   0.317137  0.0752696  0.0134579   0.539152 0.00781869
(1,((((2,3),4),5),(6,(((7,(8,9)),10),11))),12); -9130.62  -0.00297277 71.8877 29.4692 0 -9173.04 0.248166 0.231825 0.203021 0.316989  0.0471638   0.317137  0.0752686  0.0134581   0.539153 0.00781954
(1,((((2,3),4),5),(6,(((7,(8,9)),10),11))),12); -9134.91  -0.00297277 93.3573 29.6117 0 -9198.65 0.248153  0.23182  0.20303 0.316997  0.0471657   0.317136  0.0752705   0.013458    0.53915 0.00781977
(1,((((2,3),4),5),(6,(((7,(8,9)),10),11))),12); -9161.48  -0.00297277 74.2738 30.2427 0 -9205.51 0.248164 0.231818 0.203021 0.316997  0.0471632   0.317141  0.0752681  0.0134571   0.539153 0.00781783
(1,((((2,3),4),5),(6,(((7,(8,9)),10),11))),12); -9145.08  -0.00297277 77.0405 29.0722 0 -9193.04 0.248165 0.231816  0.20303  0.31699  0.0471646   0.317137  0.0752704   0.013455   0.539153 0.00781965
(1,((((2,3),4),5),(6,(((7,(8,9)),10),11))),12); -9146.69  -0.00297277 77.2053 29.6306 0 -9194.26 0.248158 0.231823 0.203022 0.316996 0.0471634  0.317136 0.0752711 0.0134575  0.539151 0.0078207
(1,((((2,3),4),5),(6,(((7,(8,9)),10),11))),12); -9127.8  -0.00297277 80.1628 29.1112 0 -9178.85 0.248163 0.231816 0.203024 0.316997  0.0471663   0.317142  0.0752698  0.0134572   0.539145 0.00781985
(1,((((2,3),4),5),(6,(((7,(8,9)),10),11))),12); -9139.96  -0.00297277 87.633 29.2732 0 -9198.31 0.248164  0.23182 0.203023 0.316993  0.0471622   0.317136  0.0752688  0.0134577   0.539156 0.00781908
(1,((((2,3),4),5),(6,(((7,(8,9)),10),11))),12); -9134.65  -0.00297277 86.8394 29.212 0 -9192.28 0.248162 0.231819 0.203018 0.317001  0.0471646   0.317138  0.0752676  0.0134563   0.539154 0.00781929
(1,((((2,3),4),5),(6,(((7,(8,9)),10),11))),12); -9127.76  -0.00297277 90.1502 29.0248 0 -9188.88  0.24816 0.231819 0.203024 0.316996  0.0471674   0.317127  0.0752688  0.0134582   0.539159 0.00781974
(1,((((2,3),4),5),(6,(((7,(8,9)),10),11))),12); -9130.77  -0.00297277 80.2874 30.4293 0 -9180.63  0.24816 0.231821 0.203028 0.316991  0.0471622   0.317133  0.0752687  0.0134574   0.539159 0.00782004
(1,((((2,3),4),5),(6,(((7,(8,9)),10),11))),12); -9144.22  -0.00297277 85.5647 29.6146 0 -9200.17 0.248164 0.231812 0.203028 0.316995  0.0471626   0.317136  0.0752719  0.0134579   0.539152 0.00781907
(1,((((2,3),4),5),(6,(((7,(8,9)),10),11))),12); -9143.93  -0.00297277 92.9702 28.9341 0 -9207.96 0.248161  0.23182  0.20302 0.316999  0.0471645   0.317135  0.0752713  0.0134572   0.539153 0.00781928
(1,((((2,3),4),5),(6,(((7,(8,9)),10),11))),12); -9127.81  -0.00297277 82.5663 29.5333 0 -9180.84 0.248162 0.231812 0.203021 0.317004  0.0471635   0.317132  0.0752705  0.0134577   0.539157 0.00781905
(1,((((2,3),4),5),(6,(((7,(8,9)),10),11))),12); -9136.35  -0.00297277 81.2757 29.7475 0 -9187.87 0.248166 0.231819 0.203023 0.316992   0.047165   0.317136  0.0752701   0.013457   0.539152 0.00781967
(1,((((2,3),4),5),(6,(((7,(8,9)),10),11))),12); -9139.82  -0.00297277 74.5941 29.2672 0 -9185.14 0.248167 0.231817 0.203024 0.316991  0.0471641   0.317141  0.0752667  0.0134575   0.539151 0.00781942
(1,((((2,3),4),5),(6,(((7,(8,9)),10),11))),12); -9144.76  -0.00297277 87.2506 29.8028 0 -9202.2 0.248159 0.231824 0.203026 0.316991   0.047165   0.317137  0.0752691  0.0134578   0.539152 0.00781863
(1,((((2,3),4),5),(6,(((7,(8,9)),10),11))),12); -9146.72  -0.00297277 79.4966 29.1891 0 -9197.02  0.24816  0.23182 0.203021 0.316999  0.0471623   0.317136  0.0752675  0.0134574   0.539157 0.00781951
(1,((((2,3),4),5),(6,(((7,(8,9)),10),11))),12); -9130.71  -0.00297277 81.325 29.2488 0 -9182.78 0.248162 0.231821 0.203026 0.316991   0.047165   0.317133  0.0752685  0.0134577   0.539157 0.00781877
(1,((((2,3),4),5),(6,(((7,(8,9)),10),11))),12); -9131.28  -0.00297277 89.7303 29.3296 0 -9191.68 0.248156 0.231819 0.203028 0.316997  0.0471649   0.317138  0.0752651  0.0134574   0.539155 0.00781942
(1,((((2,3),4),5),(6,(((7,(8,9)),10),11))),12); -9123  -0.00297277 80.7 29.1228 0 -9174.58 0.248161  0.23182 0.203027 0.316992  0.0471643   0.317132  0.0752676  0.0134567   0.539161 0.00781858
(1,((((2,3),4),5),(6,(((7,(8,9)),10),11))),12); -9136.08  -0.00297277 89.0202 29.8192 0 -9195.28 0.248164 0.231811 0.203025 0.316999  0.0471619   0.317132  0.0752661  0.0134567   0.539165 0.00781817
(1,((((2,3),4),5),(6,(((7,(8,9)),10),11))),12); -9133.81  -0.00297277 76.3095 29.3661 0 -9180.75 0.248159  0.23182 0.203022 0.316999   0.047163   0.317137  0.0752698  0.0134577   0.539153 0.00781895
(1,((((2,3),4),5),(6,(((7,(8,9)),10),11))),12); -9138.26  -0.00297277 73.3336 27.9963 0 -9183.6 0.248166  0.23182 0.203023 0.316991  0.0471631   0.317139  0.0752672  0.0134577   0.539153 0.00781961
(1,((((2,3),4),5),(6,(((7,(8,9)),10),11))),12); -9130.71  -0.00297277 78.2978 28.6803 0 -9180.33 0.248157 0.231816 0.203024 0.317002  0.0471631   0.317145  0.0752657   0.013456   0.539151 0.00781893
(1,((((2,3),4),5),(6,(((7,(8,9)),10),11))),12); -9126.17  -0.00297277 83.8007 29.5692 0 -9180.4 0.248169 0.231819 0.203019 0.316993  0.0471665   0.317135  0.0752665   0.013457   0.539154 0.00782037
(1,((((2,3),4),5),(6,(((7,(8,9)),10),11))),12); -9127.63  -0.00297277 81.7785 29.3111 0 -9180.09 0.248163 0.231821 0.203021 0.316995  0.0471627   0.317136  0.0752674  0.0134567   0.539158 0.00781963
(1,((((2,3),4),5),(6,(((7,(8,9)),10),11))),12); -9155.23  -0.00297277 87.949 29.7557 0 -9213.42 0.248168 0.231817 0.203027 0.316988  0.0471628   0.317137  0.0752704  0.0134559   0.539155 0.00781938
(1,((((2,3),4),5),(6,(((7,(8,9)),10),11))),12); -9130.2  -0.00297277 72.3186 29.2297 0 -9173.29 0.248159 0.231824 0.203023 0.316994  0.0471623   0.317139  0.0752712  0.0134571   0.539152 0.00781905
(1,((((2,3),4),5),(6,(((7,(8,9)),10),11))),12); -9126.37  -0.00297277 82.2535 29.3923 0 -9179.22 0.248164 0.231821 0.203023 0.316991  0.0471604   0.317134  0.0752695   0.013457   0.539159 0.00782001
(1,((((2,3),4),5),(6,(((7,(8,9)),10),11))),12); -9125.7  -0.00297277 83.1435 29.128 0 -9179.71 0.248173 0.231812 0.203021 0.316995 0.0471658   0.31714 0.0752673 0.0134561  0.539151 0.0078193
(1,((((2,3),4),5),(6,(((7,(8,9)),10),11))),12); -9134.37  -0.00297277 78.773 28.956 0 -9184.18 0.248162 0.231812 0.203032 0.316995  0.0471628   0.317138  0.0752698  0.0134568   0.539152 0.00782021
(1,((((2,3),4),5),(6,(((7,(8,9)),10),11))),12); -9146.32  -0.00297277 84.085 29.2257 0 -9201.18 0.248164 0.231818 0.203022 0.316995  0.047164   0.31713 0.0752669 0.0134577  0.539163 0.0078192
(1,((((2,3),4),5),(6,(((7,(8,9)),10),11))),12); -9127.14  -0.00297277 77.3894 29.2187 0 -9175.31 0.248162 0.231815  0.20303 0.316993  0.0471661   0.317131  0.0752696  0.0134575   0.539157 0.00781878
(1,((((2,3),4),5),(6,(((7,(8,9)),10),11))),12); -9150.39  -0.00297277 77.2339 29.4939 0 -9198.13 0.248162 0.231813 0.203024    0.317  0.0471651    0.31714  0.0752666  0.0134589   0.539151 0.00781874
(1,((((2,3),4),5),(6,(((7,(8,9)),10),11))),12); -9143.01  -0.00297277 81.1661 30.7842 0 -9193.39 0.248164 0.231815 0.203027 0.316994  0.0471637   0.317139  0.0752721  0.0134567    0.53915 0.00781799
(1,((((2,3),4),5),(6,(((7,(8,9)),10),11))),12); -9124.4  -0.00297277 82.9553 28.6241 0 -9178.73 0.248165 0.231815 0.203025 0.316996  0.0471639   0.317136   0.075268  0.0134577   0.539155 0.00781847
(1,((((2,3),4),5),(6,(((7,(8,9)),10),11))),12); -9123.73  -0.00297277 82.2041 28.8303 0 -9177.1 0.248163 0.231821 0.203022 0.316994   0.047164   0.317134  0.0752675  0.0134562   0.539158 0.00781995
(1,((((2,3),4),5),(6,(((7,(8,9)),10),11))),12); -9132.26  -0.00297277 75.0338 30.6083 0 -9176.68 0.248163 0.231816 0.203032 0.316989  0.0471603   0.317135  0.0752682  0.0134571    0.53916 0.00781913
(1,((((2,3),4),5),(6,(((7,(8,9)),10),11))),12); -9136.04  -0.00297277 74.1343 29.57 0 -9180.6 0.248166  0.23181  0.20303 0.316994  0.0471651   0.317137  0.0752703  0.0134552   0.539153 0.00781951
(1,((((2,3),4),5),(6,(((7,(8,9)),10),11))),12); -9138.43  -0.00297277 92.5783 29.012 0 -9202 0.248167 0.231811  0.20302 0.317001  0.0471636   0.317134   0.075273  0.0134577   0.539152 0.00781944
(1,((((2,3),4),5),(6,(((7,(8,9)),10),11))),12); -9166.91  -0.00297277 73.952 27.9431 0 -9212.92 0.248163 0.231815 0.203024 0.316998  0.0471632   0.317135  0.0752674  0.0134564    0.53916 0.00781813
(1,((((2,3),4),5),(6,(((7,(8,9)),10),11))),12); -9147.13  -0.00297277 84.6504 29.3971 0 -9202.38 0.248166 0.231812 0.203026 0.316996 0.0471622  0.317133 0.0752725 0.0134568  0.539155 0.0078203
(1,((((2,3),4),5),(6,(((7,(8,9)),10),11))),12); -9124.07  -0.00297277 83.1912 29.2844 0 -9177.98 0.248162 0.231819 0.203026 0.316992   0.047163   0.317135  0.0752704  0.0134581   0.539155 0.00781813
(1,((((2,3),4),5),(6,(((7,(8,9)),10),11))),12); -9129.73  -0.00297277 90.5267 29.5553 0 -9190.7 0.248161 0.231821  0.20302 0.316998  0.0471632   0.317134  0.0752724  0.0134558   0.539156 0.00781776
(1,((((2,3),4),5),(6,(((7,(8,9)),10),11))),12); -9132  -0.00297277 75.2761 29.3012 0 -9177.98 0.248157 0.231815 0.203028    0.317  0.0471643   0.317141  0.0752677  0.0134565   0.539151 0.00781949
(1,((((2,3),4),5),(6,(((7,(8,9)),10),11))),12); -9139.37  -0.00297277 77.6144 30.295 0 -9186.69 0.248164 0.231821 0.203023 0.316993  0.0471623   0.317134  0.0752659  0.0134578   0.539161 0.00781909
(1,((((2,3),4),5),(6,(((7,(8,9)),10),11))),12); -9146.71  -0.00297277 79.4094 29.2659 0 -9196.85 0.248157 0.231821 0.203021 0.317001  0.0471606    0.31714  0.0752723  0.0134559   0.539151 0.00781989
(1,((((2,3),4),5),(6,(((7,(8,9)),10),11))),12); -9168.84  -0.00297277 77.1568 29.0655 0 -9216.92 0.248165  0.23182 0.203024 0.316992  0.0471651   0.317133  0.0752715  0.0134583   0.539152 0.00782023
(1,((((2,3),4),5),(6,(((7,(8,9)),10),11))),12); -9133.61  -0.00297277 79.1733 28.6525 0 -9184.13 0.248163  0.23182 0.203029 0.316988  0.0471644   0.317137  0.0752704  0.0134578   0.539151 0.00781929
(1,((((2,3),4),5),(6,(((7,(8,9)),10),11))),12); -9126.23  -0.00297277 82.3607 28.9746 0 -9179.61 0.248166 0.231816 0.203027 0.316992  0.0471649   0.317132  0.0752658  0.0134589    0.53916 0.00781838
(1,((((2,3),4),5),(6,(((7,(8,9)),10),11))),12); -9164.1  -0.00297277 74.0624 29.6957 0 -9208.46 0.248162 0.231811 0.203026    0.317  0.0471618   0.317137  0.0752705  0.0134561   0.539157 0.00781791
(1,((((2,3),4),5),(6,(((7,(8,9)),10),11))),12); -9139.49  -0.00297277 73.7212 28.7408 0 -9184.47 0.248159 0.231819 0.203025 0.316997  0.0471644   0.317143  0.0752687  0.0134585   0.539147 0.00781822
(1,((((2,3),4),5),(6,(((7,(8,9)),10),11))),12); -9126.47  -0.00297277 77.8952 29.5359 0 -9174.82 0.248159 0.231823 0.203024 0.316994  0.0471631   0.317132  0.0752698  0.0134574   0.539159 0.00781803
(1,((((2,3),4),5),(6,(((7,(8,9)),10),11))),12); -9127.74  -0.00297277 75.6308 29.1972 0 -9174.17 0.248166 0.231814 0.203019 0.317001  0.0471613   0.317137  0.0752661   0.013457   0.539159 0.00781977
(1,((((2,3),4),5),(6,(((7,(8,9)),10),11))),12); -9124.72  -0.00297277 90.8844 29.0064 0 -9186.59 0.248158 0.231819  0.20303 0.316993   0.047161   0.317135  0.0752717   0.013458   0.539155 0.00782001
(1,((((2,3),4),5),(6,(((7,(8,9)),10),11))),12); -9132.25  -0.00297277 81.2878 28.8493 0 -9184.69 0.248158 0.231822 0.203021    0.317  0.0471648   0.317143  0.0752685  0.0134568   0.539147 0.00782035
(1,((((2,3),4),5),(6,(((7,(8,9)),10),11))),12); -9128.54  -0.00297277 81.8303 29.2085 0 -9181.16 0.248162 0.231826 0.203028 0.316984  0.0471655   0.317142  0.0752639  0.0134563   0.539152 0.00782001
(1,((((2,3),4),5),(6,(((7,(8,9)),10),11))),12); -9137.69  -0.00297277 82.2442 29.3098 0 -9190.62  0.24816 0.231815  0.20303 0.316995  0.0471632   0.317135  0.0752666  0.0134566    0.53916 0.00781889
(1,((((2,3),4),5),(6,(((7,(8,9)),10),11))),12); -9184.18  -0.00297277 91.9829 29.3747 0 -9246.79 0.248162 0.231814 0.203022 0.317002  0.0471639   0.317134  0.0752668  0.0134569   0.539159 0.00781921
(1,((((2,3),4),5),(6,(((7,(8,9)),10),11))),12); -9130.09  -0.00297277 80.786 29.4762 0 -9181.4 0.248161 0.231819 0.203026 0.316994  0.0471665    0.31714   0.075264  0.0134555   0.539155 0.00781912
(1,((((2,3),4),5),(6,(((7,(8,9)),10),11))),12); -9129.88  -0.00297277 76.4328 28.9884 0 -9177.32 0.248164  0.23181  0.20303 0.316997 0.0471632  0.317134 0.0752707 0.0134574  0.539155  0.007819
(1,((((2,3),4),5),(6,(((7,(8,9)),10),11))),12); -9125.64  -0.00297277 80.0536 29.1164 0 -9176.58 0.248156 0.231821 0.203024 0.316999  0.0471624   0.317139  0.0752699  0.0134574   0.539152 0.00781951
(1,((((2,3),4),5),(6,(((7,(8,9)),10),11))),12); -9133.38  -0.00297277 71.9128 29.2741 0 -9176.01 0.248162 0.231814 0.203022 0.317002  0.0471665   0.317132  0.0752688  0.0134571   0.539156 0.00781992
(1,((((2,3),4),5),(6,(((7,(8,9)),10),11))),12); -9127.19  -0.00297277 74.7851 29.4556 0 -9172.52 0.248163 0.231821 0.203026  0.31699  0.0471636   0.317139  0.0752671  0.0134562   0.539155 0.00781869
(1,((((2,3),4),5),(6,(((7,(8,9)),10),11))),12); -9182.77  -0.00297277 84.2533 29.5636 0 -9237.46 0.248159 0.231817 0.203025    0.317  0.0471655   0.317138  0.0752683  0.0134575   0.539152 0.00781831
(1,((((2,3),4),5),(6,(((7,(8,9)),10),11))),12); -9127.41  -0.00297277 80.6114 28.7578 0 -9179.26 0.248161  0.23182  0.20303 0.316989  0.0471636   0.317141  0.0752704  0.0134578   0.539147 0.00781987
(1,((((2,3),4),5),(6,(((7,(8,9)),10),11))),12); -9154.6  -0.00297277 68.893 28.656 0 -9194.83  0.24816 0.231822 0.203024 0.316993 0.0471667  0.317138 0.0752643 0.0134559  0.539156 0.0078198
(1,((((2,3),4),5),(6,(((7,(8,9)),10),11))),12); -9141.1  -0.00297277 86.366 29.2903 0 -9198.17 0.248163 0.231814 0.203028 0.316996  0.0471626   0.317138  0.0752686  0.0134575   0.539156 0.00781758
(1,((((2,3),4),5),(6,(((7,(8,9)),10),11))),12); -9127.49  -0.00297277 76.1841 28.2723 0 -9175.4 0.248162 0.231816 0.203033  0.31699  0.0471654   0.317138  0.0752689  0.0134566   0.539151 0.00781991
(1,((((2,3),4),5),(6,(((7,(8,9)),10),11))),12); -9128.94  -0.00297277 91.9179 29.4687 0 -9191.39  0.24816 0.231816 0.203026 0.316998  0.047164  0.317141 0.0752683 0.0134596  0.539149 0.0078184
(1,((((2,3),4),5),(6,(((7,(8,9)),10),11))),12); -9127.97  -0.00297277 80.4609 28.7684 0 -9179.66 0.248163 0.231818 0.203029  0.31699 0.0471605   0.31714 0.0752645 0.0134572  0.539158 0.0078195
(1,((((2,3),4),5),(6,(((7,(8,9)),10),11))),12); -9209.94  -0.00297277 65.122 26.4897 0 -9248.57 0.248163 0.231817 0.203022 0.316998  0.0471669   0.317129   0.075266  0.0134558   0.539163 0.00781945
(1,((((2,3),4),5),(6,(((7,(8,9)),10),11))),12); -9137.65  -0.00297277 80.0391 29.1928 0 -9188.5 0.248166 0.231814 0.203022 0.316998  0.0471642   0.317134  0.0752732  0.0134588    0.53915 0.00781924
(1,((((2,3),4),5),(6,(((7,(8,9)),10),11))),12); -9131.66  -0.00297277 74.2832 28.6661 0 -9177.27 0.248164 0.231816 0.203024 0.316996  0.0471625   0.317133  0.0752674  0.0134581    0.53916 0.00781919
(1,((((2,3),4),5),(6,(((7,(8,9)),10),11))),12); -9131.1  -0.00297277 75.0832 30.1295 0 -9176.05 0.248162 0.231817 0.203023 0.316997  0.0471641   0.317132  0.0752671  0.0134577    0.53916 0.00781875
(1,((((2,3),4),5),(6,(((7,(8,9)),10),11))),12); -9144.6  -0.00297277 80.0627 29.6264 0 -9195.03 0.248164 0.231817 0.203021 0.316998 0.0471633  0.317136 0.0752684 0.0134564  0.539156 0.0078198
(1,((((2,3),4),5),(6,(((7,(8,9)),10),11))),12); -9137.78  -0.00297277 83.6853 29.3492 0 -9192.11 0.248165 0.231822 0.203021 0.316992  0.0471657    0.31714  0.0752731  0.0134563   0.539146 0.00781884
(1,((((2,3),4),5),(6,(((7,(8,9)),10),11))),12); -9156.5  -0.00297277 77.4543 29.9933 0 -9203.96 0.248163 0.231818 0.203024 0.316995  0.0471632   0.317136  0.0752666   0.013458   0.539157 0.00781902
(1,((((2,3),4),5),(6,(((7,(8,9)),10),11))),12); -9123.48  -0.00297277 82.9084 29.5534 0 -9176.83  0.24817 0.231818  0.20302 0.316993 0.0471644  0.317128 0.0752707 0.0134554  0.539163 0.0078187
(1,((((2,3),4),5),(6,(((7,(8,9)),10),11))),12); -9130.94  -0.00297277 91.4485 29.5279 0 -9192.86 0.248168 0.231817 0.203018 0.316997  0.0471614   0.317146  0.0752713  0.0134574   0.539144 0.00782011
(1,((((2,3),4),5),(6,(((7,(8,9)),10),11))),12); -9133.12  -0.00297277 80.7776 29.2745 0 -9184.62 0.248166 0.231818 0.203028 0.316989  0.0471624   0.317136  0.0752663  0.0134571    0.53916 0.00781799
(1,((((2,3),4),5),(6,(((7,(8,9)),10),11))),12); -9133.46  -0.00297277 80.2206 28.8953 0 -9184.79 0.248168  0.23181 0.203024 0.316998  0.0471647   0.317134  0.0752661  0.0134582   0.539157 0.00782018
(1,((((2,3),4),5),(6,(((7,(8,9)),10),11))),12); -9125.2  -0.00297277 79.0721 29.3903 0 -9174.88  0.24816 0.231816 0.203027 0.316997  0.0471614   0.317135  0.0752726  0.0134574   0.539156 0.00781741
(1,((((2,3),4),5),(6,(((7,(8,9)),10),11))),12); -9126.59  -0.00297277 83.3533 29.4138 0 -9180.53 0.248166 0.231821 0.203019 0.316994 0.0471656  0.317137 0.0752648 0.0134561  0.539157 0.0078194
(1,((((2,3),4),5),(6,(((7,(8,9)),10),11))),12); -9144.41  -0.00297277 74.2681 29.0782 0 -9189.6 0.248165 0.231819 0.203024 0.316992  0.0471628   0.317134  0.0752681  0.0134578   0.539158 0.00781858
(1,((((2,3),4),5),(6,(((7,(8,9)),10),11))),12); -9128.56  -0.00297277 93.4467 29.4581 0 -9192.55 0.248158 0.231817 0.203025    0.317  0.0471608   0.317136  0.0752714  0.0134567   0.539156 0.00781905
(1,((((2,3),4),5),(6,(((7,(8,9)),10),11))),12); -9127.49  -0.00297277 81.7493 29.1737 0 -9180.06 0.248164  0.23181 0.203025 0.317001  0.0471642   0.317136  0.0752665  0.0134589   0.539155 0.00781935
(1,((((2,3),4),5),(6,(((7,(8,9)),10),11))),12); -9122.41  -0.00297277 86.1759 29.7776 0 -9178.8  0.24816 0.231819 0.203024 0.316997  0.0471636   0.317137  0.0752712  0.0134555   0.539152 0.00781993
(1,((((2,3),4),5),(6,(((7,(8,9)),10),11))),12); -9131.88  -0.00297277 76.0595 29.4046 0 -9178.53  0.24816 0.231813 0.203028 0.316999  0.0471625    0.31713  0.0752708   0.013458    0.53916 0.00781869
(1,((((2,3),4),5),(6,(((7,(8,9)),10),11))),12); -9141.06  -0.00297277 78.4806 29.9082 0 -9189.62 0.248166 0.231821 0.203022  0.31699  0.0471609   0.317131    0.07527  0.0134574   0.539161 0.00781931
(1,((((2,3),4),5),(6,(((7,(8,9)),10),11))),12); -9127.92  -0.00297277 79.0752 28.6068 0 -9178.39 0.248167  0.23181 0.203024 0.316999  0.0471628   0.317136  0.0752668   0.013457   0.539157 0.00781991
(1,((((2,3),4),5),(6,(((7,(8,9)),10),11))),12); -9162.62  -0.00297277 89.9587 29.5099 0 -9223.07 0.248165 0.231815 0.203025 0.316995 0.0471645  0.317136 0.0752696 0.0134579  0.539153 0.0078191
(1,((((2,3),4),5),(6,(((7,(8,9)),10),11))),12); -9127.52  -0.00297277 79.5591 29.162 0 -9177.92 0.248165 0.231808  0.20303 0.316997  0.0471649   0.317128  0.0752746  0.0134585   0.539154 0.00781965
(1,((((2,3),4),5),(6,(((7,(8,9)),10),11))),12); -9160.35  -0.00297277 77.3559 29.2543 0 -9208.44 0.248171 0.231819 0.203021 0.316988  0.0471663   0.317129  0.0752693  0.0134582   0.539158 0.00781993
(1,((((2,3),4),5),(6,(((7,(8,9)),10),11))),12); -9152.56  -0.00297277 88.0282 29.6413 0 -9210.95 0.248162 0.231821 0.203026 0.316991  0.0471663   0.317133  0.0752652  0.0134585   0.539157 0.00781934
(1,((((2,3),4),5),(6,(((7,(8,9)),10),11))),12); -9126.15  -0.00297277 83.6657 29.7959 0 -9180.02 0.248169 0.231811 0.203025 0.316995  0.0471591   0.317141  0.0752657   0.013457   0.539159 0.00781897
(1,((((2,3),4),5),(6,(((7,(8,9)),10),11))),12); -9139.73  -0.00297277 84.4485 29.2889 0 -9194.88 0.248161 0.231814 0.203025 0.317001  0.0471628    0.31714   0.075268  0.0134583   0.539152 0.00781915
(1,((((2,3),4),5),(6,(((7,(8,9)),10),11))),12); -9130.69  -0.00297277 76.1756 28.8278 0 -9178.03  0.24816 0.231816  0.20303 0.316995  0.0471645   0.317134  0.0752666  0.0134575   0.539156 0.00782151
(1,((((2,3),4),5),(6,(((7,(8,9)),10),11))),12); -9125.69  -0.00297277 83.2311 29.6488 0 -9179.27 0.248163 0.231823 0.203024 0.316991  0.0471639   0.317138  0.0752687  0.0134559   0.539155 0.00781823
(1,((((2,3),4),5),(6,(((7,(8,9)),10),11))),12); -9128.68  -0.00297277 74.6641 29.1802 0 -9174.16 0.248164 0.231819 0.203023 0.316993  0.0471662   0.317136   0.075266  0.0134568   0.539156 0.00781869
(1,((((2,3),4),5),(6,(((7,(8,9)),10),11))),12); -9340.88  -0.00297277 76.7418 26.2126 0 -9391.41 0.248169 0.231819 0.203019 0.316993  0.0471654   0.317132  0.0752698  0.0134569   0.539157 0.00781899
(1,((((2,3),4),5),(6,(((7,(8,9)),10),11))),12); -9122.01  -0.00297277 81.9105 29.1014 0 -9174.81 0.248156 0.231815 0.203031 0.316997  0.0471647   0.317136  0.0752704  0.0134583   0.539152 0.00781916
(1,((((2,3),4),5),(6,(((7,(8,9)),10),11))),12); -9129.79  -0.00297277 73.3975 28.225 0 -9174.96 0.248165 0.231814 0.203025 0.316996  0.0471659   0.317136  0.0752698  0.0134565   0.539153 0.00781845
(1,((((2,3),4),5),(6,(((7,(8,9)),10),11))),12); -9129.93  -0.00297277 76.5584 28.6089 0 -9177.88 0.248162 0.231822 0.203022 0.316994   0.047167   0.317136  0.0752718  0.0134581   0.539147 0.00781952
(1,((((2,3),4),5),(6,(((7,(8,9)),10),11))),12); -9135.77  -0.00297277 91.5389 29.5494 0 -9197.76  0.24816  0.23182 0.203028 0.316993  0.0471672   0.317129  0.0752689  0.0134573   0.539158 0.00781981
(1,((((2,3),4),5),(6,(((7,(8,9)),10),11))),12); -9131.56  -0.00297277 74.9854 28.5894 0 -9177.96 0.248165 0.231821 0.203021 0.316993  0.0471634    0.31714  0.0752658  0.0134566   0.539154 0.00782024
(1,((((2,3),4),5),(6,(((7,(8,9)),10),11))),12); -9142.21  -0.00297277 90.4687 29.3055 0 -9203.37 0.248162 0.231814 0.203023    0.317  0.0471629   0.317137  0.0752695  0.0134569   0.539155 0.00781911
(1,((((2,3),4),5),(6,(((7,(8,9)),10),11))),12); -9124.12  -0.00297277 80.9534 29.129 0 -9175.94 0.248167 0.231821 0.203018 0.316994   0.047164   0.317139  0.0752656  0.0134572   0.539155 0.00781945
(1,((((2,3),4),5),(6,(((7,(8,9)),10),11))),12); -9135.68  -0.00297277 82.3808 29.9485 0 -9188.11 0.248156 0.231822 0.203024 0.316999  0.0471664   0.317139  0.0752661  0.0134572   0.539151 0.00782057
(1,((((2,3),4),5),(6,(((7,(8,9)),10),11))),12); -9132.37  -0.00297277 91.1466 29.6689 0 -9193.85 0.248163 0.231822 0.203024 0.316991  0.0471607   0.317132  0.0752695   0.013456   0.539162 0.00781989
(1,((((2,3),4),5),(6,(((7,(8,9)),10),11))),12); -9157.88  -0.00297277 84.4036 29.7449 0 -9212.54 0.248163  0.23182 0.203019 0.316998  0.0471648   0.317133  0.0752727  0.0134594   0.539151 0.00781887
(1,((((2,3),4),5),(6,(((7,(8,9)),10),11))),12); -9138.33  -0.00297277 85.3321 29.3408 0 -9194.32 0.248166 0.231818 0.203022 0.316994   0.047165   0.317136  0.0752694  0.0134593   0.539151 0.00781934
(1,((((2,3),4),5),(6,(((7,(8,9)),10),11))),12); -9142.67  -0.00297277 77.4096 30.1496 0 -9189.93 0.248165 0.231815 0.203027 0.316992  0.0471642   0.317141  0.0752678  0.0134564   0.539151 0.00781893
(1,((((2,3),4),5),(6,(((7,(8,9)),10),11))),12); -9133.05  -0.00297277 79.0116 28.9079 0 -9183.16 0.248164 0.231823 0.203022 0.316991   0.047164   0.317129   0.075272  0.0134567   0.539158 0.00781976
(1,((((2,3),4),5),(6,(((7,(8,9)),10),11))),12); -9142.52  -0.00297277 77.7099 29.3743 0 -9190.85 0.248168  0.23181 0.203029 0.316993   0.047165   0.317134  0.0752718   0.013456   0.539154 0.00781889
(1,((((2,3),4),5),(6,(((7,(8,9)),10),11))),12); -9128.33  -0.00297277 79.9758 29.0664 0 -9179.24 0.248159 0.231815 0.203021 0.317005  0.0471625   0.317127  0.0752693  0.0134588   0.539163 0.00781965
(1,((((2,3),4),5),(6,(((7,(8,9)),10),11))),12); -9140.59  -0.00297277 84.8589 29.0673 0 -9196.38 0.248162 0.231816 0.203026 0.316996  0.0471642   0.317137  0.0752683  0.0134571   0.539154 0.00781958
(1,((((2,3),4),5),(6,(((7,(8,9)),10),11))),12); -9143.93  -0.00297277 92.964 29.3014 0 -9207.59  0.24816 0.231814 0.203024 0.317001  0.0471638   0.317138  0.0752632  0.0134571   0.539158 0.00781964
(1,((((2,3),4),5),(6,(((7,(8,9)),10),11))),12); -9277.86  -0.00297277 92.0913 31.3418 0 -9338.61 0.248168 0.231812 0.203025 0.316994  0.0471668   0.317133  0.0752664  0.0134583   0.539157 0.00781867
(1,((((2,3),4),5),(6,(((7,(8,9)),10),11))),12); -9132.44  -0.00297277 75.6653 29.3388 0 -9178.76 0.248166 0.231816 0.203023 0.316995  0.0471627   0.317132  0.0752665  0.0134575   0.539161 0.00782033
(1,((((2,3),4),5),(6,(((7,(8,9)),10),11))),12); -9134.35  -0.00297277 77.5976 30.2131 0 -9181.74 0.248162 0.231817 0.203023 0.316997   0.047161   0.317143  0.0752694  0.0134568    0.53915 0.00781898
(1,((((2,3),4),5),(6,(((7,(8,9)),10),11))),12); -9127.85  -0.00297277 84.068 29.5766 0 -9182.34 0.248159 0.231821 0.203025 0.316995  0.0471655   0.317137  0.0752644  0.0134559   0.539158 0.00781912
(1,((((2,3),4),5),(6,(((7,(8,9)),10),11))),12); -9126.31  -0.00297277 86.6464 29.4107 0 -9183.55 0.248158 0.231817 0.203029 0.316996  0.0471651   0.317134  0.0752658  0.0134568   0.539159 0.00781941
(1,((((2,3),4),5),(6,(((7,(8,9)),10),11))),12); -9128.72  -0.00297277 77.6373 29.3854 0 -9176.96 0.248161 0.231821 0.203027 0.316991  0.0471638    0.31714  0.0752727  0.0134561   0.539149 0.00781874
(1,((((2,3),4),5),(6,(((7,(8,9)),10),11))),12); -9141.17  -0.00297277 76.4742 29.7317 0 -9187.91  0.24816 0.231821 0.203023 0.316996 0.0471631  0.317138 0.0752703 0.0134566  0.539152 0.0078206
(1,((((2,3),4),5),(6,(((7,(8,9)),10),11))),12); -9137.55  -0.00297277 76.6681 29.6568 0 -9184.56  0.24816 0.231816 0.203026 0.316998 0.0471667  0.317135 0.0752685 0.0134579  0.539154 0.0078181
(1,((((2,3),4),5),(6,(((7,(8,9)),10),11))),12); -9136.06  -0.00297277 77.485 30.3859 0 -9183.15  0.24816 0.231825 0.203023 0.316993 0.0471678  0.317134 0.0752697 0.0134566  0.539153 0.0078192
(1,((((2,3),4),5),(6,(((7,(8,9)),10),11))),12); -9137.13  -0.00297277 83.7911 28.6997 0 -9192.22 0.248163 0.231822 0.203024 0.316991  0.0471649   0.317136  0.0752707  0.0134557   0.539153 0.00781978
(1,((((2,3),4),5),(6,(((7,(8,9)),10),11))),12); -9126.86  -0.00297277 78.5706 29.6412 0 -9175.79 0.248165 0.231812 0.203025 0.316998   0.047165   0.317135  0.0752681   0.013457   0.539155 0.00781948
(1,((((2,3),4),5),(6,(((7,(8,9)),10),11))),12); -9167.31  -0.00297277 75.2723 29.0344 0 -9213.55 0.248161 0.231813 0.203024 0.317002  0.0471634   0.317135  0.0752663  0.0134569    0.53916 0.00781851
(1,((((2,3),4),5),(6,(((7,(8,9)),10),11))),12); -9141.36  -0.00297277 72.2153 28.9145 0 -9184.65 0.248163 0.231821 0.203023 0.316993   0.047163   0.317131  0.0752705  0.0134553   0.539162 0.00781817
(1,((((2,3),4),5),(6,(((7,(8,9)),10),11))),12); -9126.31  -0.00297277 79.287 28.6444 0 -9176.95 0.248163  0.23182 0.203024 0.316992  0.0471665   0.317133  0.0752717  0.0134561   0.539154 0.00781874
(1,((((2,3),4),5),(6,(((7,(8,9)),10),11))),12); -9132.7  -0.00297277 75.1983 28.6563 0 -9179.24 0.248164 0.231818  0.20302 0.316998 0.0471654  0.317136 0.0752707 0.0134587  0.539151 0.0078184
(1,((((2,3),4),5),(6,(((7,(8,9)),10),11))),12); -9134.2  -0.00297277 73.5354 29.6215 0 -9178.11 0.248154 0.231818 0.203029    0.317  0.0471634   0.317135  0.0752673  0.0134564   0.539159 0.00781875
(1,((((2,3),4),5),(6,(((7,(8,9)),10),11))),12); -9135.1  -0.00297277 75.9729 28.5682 0 -9182.5 0.248161 0.231822  0.20302 0.316997  0.0471652    0.31714  0.0752649  0.0134559   0.539155 0.00781928
(1,((((2,3),4),5),(6,(((7,(8,9)),10),11))),12); -9135.27  -0.00297277 76.7409 29.9986 0 -9182.01 0.248162 0.231821 0.203019 0.316999  0.0471631   0.317133  0.0752679  0.0134579    0.53916 0.00781855
(1,((((2,3),4),5),(6,(((7,(8,9)),10),11))),12); -9146.45  -0.00297277 78.5573 29.1033 0 -9195.9 0.248165 0.231812 0.203027 0.316997  0.0471652   0.317133  0.0752697   0.013458   0.539155 0.00781951
(1,((((2,3),4),5),(6,(((7,(8,9)),10),11))),12); -9163.7  -0.00297277 75.4583 28.7521 0 -9210.4 0.248159 0.231818 0.203025 0.316998  0.0471633   0.317137  0.0752671  0.0134561   0.539159 0.00781747
(1,((((2,3),4),5),(6,(((7,(8,9)),10),11))),12); -9123.86  -0.00297277 78.9749 29.307 0 -9173.52 0.248162 0.231815 0.203025 0.316999  0.0471659   0.317133  0.0752703  0.0134586   0.539153 0.00781885
(1,((((2,3),4),5),(6,(((7,(8,9)),10),11))),12); -9126.68  -0.00297277 80.7997 29.1972 0 -9178.28 0.248163 0.231816 0.203018 0.317003  0.0471616   0.317134  0.0752691  0.0134591   0.539157 0.00781904
(1,((((2,3),4),5),(6,(((7,(8,9)),10),11))),12); -9132.04  -0.00297277 82.6833 29.9486 0 -9184.77 0.248156  0.23182 0.203026 0.316998  0.0471634   0.317132  0.0752696  0.0134584   0.539158 0.00781804
(1,((((2,3),4),5),(6,(((7,(8,9)),10),11))),12); -9138.65  -0.00297277 86.0393 29.216 0 -9195.47 0.248161 0.231819 0.203025 0.316994  0.0471665   0.317139  0.0752677  0.0134576    0.53915 0.00781945
(1,((((2,3),4),5),(6,(((7,(8,9)),10),11))),12); -9129.96  -0.00297277 78.2454 28.3493 0 -9179.86  0.24817 0.231818  0.20302 0.316992   0.047162   0.317139  0.0752671  0.0134551   0.539158 0.00781794
(1,((((2,3),4),5),(6,(((7,(8,9)),10),11))),12); -9144.84  -0.00297277 83.0985 29.5304 0 -9198.41 0.248162 0.231816 0.203027 0.316994  0.0471662   0.317137  0.0752659   0.013458   0.539154 0.00781922
(1,((((2,3),4),5),(6,(((7,(8,9)),10),11))),12); -9130.79  -0.00297277 74.445 28.9313 0 -9176.3 0.248164 0.231819 0.203022 0.316995  0.0471622   0.317138  0.0752705  0.0134571   0.539153 0.00781907
(1,((((2,3),4),5),(6,(((7,(8,9)),10),11))),12); -9154.81  -0.00297277 77.5582 31.1805 0 -9201.18 0.248166 0.231816 0.203026 0.316992  0.0471644   0.317129  0.0752758   0.013456   0.539155 0.00781992
(1,((((2,3),4),5),(6,(((7,(8,9)),10),11))),12); -9127.73  -0.00297277 80.9594 29.3134 0 -9179.37 0.248157 0.231821 0.203022    0.317  0.0471677   0.317134  0.0752711   0.013455   0.539155 0.00781784
(1,((((2,3),4),5),(6,(((7,(8,9)),10),11))),12); -9127.73  -0.00297277 76.7775 28.237 0 -9176.27 0.248166 0.231814 0.203027 0.316993   0.047164   0.317138  0.0752702  0.0134571   0.539151 0.00781977
(1,((((2,3),4),5),(6,(((7,(8,9)),10),11))),12); -9134.33  -0.00297277 87.9899 29.8628 0 -9192.45 0.248161 0.231821 0.203019 0.316999  0.0471659   0.317142  0.0752673  0.0134564   0.539149 0.00781944
(1,((((2,3),4),5),(6,(((7,(8,9)),10),11))),12); -9125.77  -0.00297277 81.8332 29.2917 0 -9178.31 0.248164 0.231814 0.203026 0.316996 0.0471658  0.317134  0.075272 0.0134567  0.539154 0.0078182
(1,((((2,3),4),5),(6,(((7,(8,9)),10),11))),12); -9140.59  -0.00297277 87.189 29.5352 0 -9198.24 0.248164 0.231816 0.203023 0.316996  0.0471659   0.317136  0.0752683  0.0134566   0.539154 0.00781877
(1,((((2,3),4),5),(6,(((7,(8,9)),10),11))),12); -9135.66  -0.00297277 81.493 28.9167 0 -9188.23 0.248161 0.231817 0.203023 0.316999  0.0471639    0.31714  0.0752641  0.0134572   0.539155 0.00781958
(1,((((2,3),4),5),(6,(((7,(8,9)),10),11))),12); -9250.51  -0.00297277 70.027 30.2526 0 -9290.28 0.248161 0.231817 0.203029 0.316994   0.047167   0.317141  0.0752693  0.0134583   0.539145 0.00781932
(1,((((2,3),4),5),(6,(((7,(8,9)),10),11))),12); -9128.33  -0.00297277 75.3709 29.3631 0 -9174.34 0.248161 0.231817 0.203027 0.316996  0.0471642   0.317135  0.0752649  0.0134565   0.539162 0.00781778
(1,((((2,3),4),5),(6,(((7,(8,9)),10),11))),12); -9134.43  -0.00297277 83.1649 28.2632 0 -9189.33 0.248162 0.231813 0.203028 0.316996  0.0471653   0.317138  0.0752676  0.0134572   0.539154 0.00781864
(1,((((2,3),4),5),(6,(((7,(8,9)),10),11))),12); -9139.33  -0.00297277 82.6095 29.4639 0 -9192.47 0.248153  0.23182 0.203028 0.316999  0.0471616   0.317137  0.0752689  0.0134569   0.539157 0.00781862
(1,((((2,3),4),5),(6,(((7,(8,9)),10),11))),12); -9129.17  -0.00297277 79.7232 30.7056 0 -9178.19 0.248157 0.231821 0.203027 0.316995  0.0471657   0.317128  0.0752671   0.013458   0.539163 0.00781874
(1,((((2,3),4),5),(6,(((7,(8,9)),10),11))),12); -9126.51  -0.00297277 79.0139 28.6016 0 -9176.92 0.248167 0.231812 0.203023 0.316998  0.0471645   0.317139  0.0752659  0.0134574   0.539153 0.00781975
(1,((((2,3),4),5),(6,(((7,(8,9)),10),11))),12); -9143.53  -0.00297277 92.6605 29.3691 0 -9206.82 0.248159 0.231821 0.203019 0.317001  0.0471658   0.317136  0.0752684  0.0134565   0.539154 0.00781898
(1,((((2,3),4),5),(6,(((7,(8,9)),10),11))),12); -9143.62  -0.00297277 78.4372 28.7319 0 -9193.32 0.248158 0.231817 0.203024    0.317  0.0471656   0.317133  0.0752712  0.0134581   0.539153 0.00781914
(1,((((2,3),4),5),(6,(((7,(8,9)),10),11))),12); -9169.46  -0.00297277 79.1313 29.4236 0 -9219.17  0.24816 0.231824 0.203026  0.31699  0.0471628   0.317145  0.0752691  0.0134575   0.539146 0.00781883
(1,((((2,3),4),5),(6,(((7,(8,9)),10),11))),12); -9127.01  -0.00297277 75.6458 29.1861 0 -9173.47 0.248161 0.231816 0.203025 0.316997 0.0471628  0.317133 0.0752688 0.0134575   0.53916 0.0078183
(1,((((2,3),4),5),(6,(((7,(8,9)),10),11))),12); -9133.15  -0.00297277 81.9953 29.2877 0 -9185.86 0.248157 0.231821 0.203028 0.316994  0.0471622   0.317139  0.0752682  0.0134567   0.539154 0.00781938
(1,((((2,3),4),5),(6,(((7,(8,9)),10),11))),12); -9142.35  -0.00297277 76.4817 28.1805 0 -9190.65 0.248169 0.231815 0.203027 0.316989  0.0471615   0.317138  0.0752663  0.0134562   0.539159 0.00781922
(1,((((2,3),4),5),(6,(((7,(8,9)),10),11))),12); -9133.18  -0.00297277 73.4238 28.832 0 -9177.76 0.248165 0.231817 0.203022 0.316996  0.0471634   0.317137  0.0752675  0.0134583   0.539155 0.00781856
(1,((((2,3),4),5),(6,(((7,(8,9)),10),11))),12); -9190.24  -0.00297277 90.2415 29.3672 0 -9251.11 0.248162 0.231821 0.203025 0.316992  0.0471651   0.317134  0.0752673  0.0134582   0.539157 0.00781882
(1,((((2,3),4),5),(6,(((7,(8,9)),10),11))),12); -9137.65  -0.00297277 71.223 28.2493 0 -9180.62 0.248158 0.231818 0.203031 0.316993  0.0471644   0.317147  0.0752681  0.0134566   0.539144 0.00782035
(1,((((2,3),4),5),(6,(((7,(8,9)),10),11))),12); -9133.99  -0.00297277 76.4237 28.8626 0 -9181.55 0.248157 0.231818 0.203029 0.316995  0.0471622   0.317141  0.0752679  0.0134578   0.539151 0.00782062
(1,((((2,3),4),5),(6,(((7,(8,9)),10),11))),12); -9144.06  -0.00297277 79.5469 28.5073 0 -9195.1 0.248157 0.231818 0.203024 0.317001  0.0471609    0.31714  0.0752706  0.0134557   0.539153 0.00782002
(1,((((2,3),4),5),(6,(((7,(8,9)),10),11))),12); -9134.19  -0.00297277 80.149 29.1458 0 -9185.19  0.24817 0.231811 0.203026 0.316993  0.0471643    0.31713  0.0752707  0.0134573   0.539157 0.00782002
(1,((((2,3),4),5),(6,(((7,(8,9)),10),11))),12); -9126.47  -0.00297277 76.6232 28.7865 0 -9174.3 0.248169 0.231819 0.203021 0.316991  0.0471621   0.317139  0.0752692  0.0134568   0.539153 0.00781984
(1,((((2,3),4),5),(6,(((7,(8,9)),10),11))),12); -9149.44  -0.00297277 89.9697 29.2604 0 -9210.14 0.248156 0.231821 0.203027 0.316996  0.0471617   0.317134  0.0752719  0.0134579   0.539154 0.00781997
(1,((((2,3),4),5),(6,(((7,(8,9)),10),11))),12); -9150.41  -0.00297277 83.4819 29.8112 0 -9204.08 0.248164 0.231814 0.203031 0.316991   0.047163   0.317142  0.0752685  0.0134603   0.539148 0.00781844
(1,((((2,3),4),5),(6,(((7,(8,9)),10),11))),12); -9129.95  -0.00297277 75.5313 28.8913 0 -9176.59 0.248169 0.231816 0.203021 0.316995   0.047165   0.317135  0.0752675   0.013457   0.539155 0.00781992
(1,((((2,3),4),5),(6,(((7,(8,9)),10),11))),12); -9128.65  -0.00297277 78.4158 29.8504 0 -9177.21  0.24816 0.231819 0.203029 0.316992   0.047164   0.317136   0.075268  0.0134563   0.539157 0.00781896
(1,((((2,3),4),5),(6,(((7,(8,9)),10),11))),12); -9127.88  -0.00297277 78.2288 28.9632 0 -9177.14 0.248162  0.23182 0.203022 0.316996   0.047165   0.317139  0.0752694  0.0134577   0.539151 0.00781836
(1,((((2,3),4),5),(6,(((7,(8,9)),10),11))),12); -9136.83  -0.00297277 69.8256 28.1573 0 -9178.49 0.248166 0.231826 0.203017 0.316991  0.0471638   0.317135  0.0752704  0.0134593   0.539153 0.00781875
(1,((((2,3),4),5),(6,(((7,(8,9)),10),11))),12); -9135.5  -0.00297277 93.0501 28.9202 0 -9199.63  0.24817  0.23181 0.203022 0.316998  0.0471644   0.317135  0.0752691  0.0134576   0.539153 0.00782052
(1,((((2,3),4),5),(6,(((7,(8,9)),10),11))),12); -9153.43  -0.00297277 95.5842 29.4016 0 -9219.61  0.24816 0.231821  0.20302 0.316999  0.0471641   0.317137  0.0752688  0.0134553   0.539156 0.00781877
(1,((((2,3),4),5),(6,(((7,(8,9)),10),11))),12); -9128.75  -0.00297277 80.9914 29.2402 0 -9180.5 0.248163 0.231821 0.203019 0.316998  0.0471608   0.317131  0.0752694  0.0134585   0.539162 0.00781904
(1,((((2,3),4),5),(6,(((7,(8,9)),10),11))),12); -9143.8  -0.00297277 79.5671 29.9617 0 -9193.4 0.248162 0.231821 0.203021 0.316997  0.0471646   0.317136  0.0752682  0.0134571   0.539154 0.00782016
(1,((((2,3),4),5),(6,(((7,(8,9)),10),11))),12); -9175.66  -0.00297277 84.3225 29.2181 0 -9230.76 0.248163 0.231815  0.20303 0.316992  0.0471637   0.317132  0.0752696  0.0134575   0.539157 0.00781992
(1,((((2,3),4),5),(6,(((7,(8,9)),10),11))),12); -9135.91  -0.00297277 75.2921 29.0762 0 -9182.13 0.248162 0.231822 0.203022 0.316994  0.0471656   0.317138  0.0752661  0.0134567   0.539153 0.00782044
(1,((((2,3),4),5),(6,(((7,(8,9)),10),11))),12); -9126.67  -0.00297277 79.831 28.4413 0 -9178.06  0.24816 0.231829  0.20302 0.316991  0.0471604   0.317134  0.0752664  0.0134584   0.539162 0.00781924
(1,((((2,3),4),5),(6,(((7,(8,9)),10),11))),12); -9134.32  -0.00297277 78.8619 29.8392 0 -9183.34 0.248163 0.231817 0.203022 0.316998  0.0471622    0.31714  0.0752698  0.0134578   0.539151 0.00781935
(1,((((2,3),4),5),(6,(((7,(8,9)),10),11))),12); -9139.71  -0.00297277 75.9646 29.7078 0 -9185.96 0.248157  0.23182 0.203026 0.316997  0.0471671   0.317129  0.0752686  0.0134578   0.539158 0.00781941
(1,((((2,3),4),5),(6,(((7,(8,9)),10),11))),12); -9162.26  -0.00297277 86.2261 29.384 0 -9219.1 0.248152 0.231815 0.203028 0.317005  0.0471664   0.317135  0.0752671  0.0134568   0.539157 0.00781805
(1,((((2,3),4),5),(6,(((7,(8,9)),10),11))),12); -9127.63  -0.00297277 94.7531 29.2232 0 -9193.15 0.248168 0.231821 0.203018 0.316993  0.0471642   0.317133  0.0752676  0.0134581   0.539157 0.00781938
(1,((((2,3),4),5),(6,(((7,(8,9)),10),11))),12); -9158.28  -0.00297277 92.9145 29.118 0 -9222.08  0.24816 0.231821 0.203021 0.316997  0.0471646   0.317132  0.0752685  0.0134573   0.539157 0.00782057
(1,((((2,3),4),5),(6,(((7,(8,9)),10),11))),12); -9138.51  -0.00297277 70.3438 29.7165 0 -9179.14 0.248159 0.231827 0.203021 0.316993  0.0471659   0.317136   0.075267  0.0134557   0.539157 0.00781815
(1,((((2,3),4),5),(6,(((7,(8,9)),10),11))),12); -9130.5  -0.00297277 80.9099 29.486 0 -9181.92 0.248163 0.231815 0.203028 0.316995  0.0471642   0.317135  0.0752652  0.0134588   0.539158 0.00781849
(1,((((2,3),4),5),(6,(((7,(8,9)),10),11))),12); -9139.2  -0.00297277 88.9865 29.2478 0 -9198.94 0.248163 0.231821 0.203024 0.316992  0.0471628   0.317137  0.0752671  0.0134567   0.539157 0.00781948
(1,((((2,3),4),5),(6,(((7,(8,9)),10),11))),12); -9141.09  -0.00297277 84.6125 28.5005 0 -9197.2 0.248162  0.23182 0.203022 0.316996  0.0471638   0.317143  0.0752687  0.0134578   0.539148 0.00781916
(1,((((2,3),4),5),(6,(((7,(8,9)),10),11))),12); -9122.98  -0.00297277 81.6865 29.6204 0 -9175.05 0.248161 0.231819 0.203029 0.316991  0.0471641   0.317139  0.0752699  0.0134568    0.53915 0.00781991
(1,((((2,3),4),5),(6,(((7,(8,9)),10),11))),12); -9131.48  -0.00297277 79.6288 28.1571 0 -9182.95 0.248163 0.231812  0.20303 0.316995  0.0471652   0.317128  0.0752654  0.0134569   0.539165 0.00781911
(1,((((2,3),4),5),(6,(((7,(8,9)),10),11))),12); -9146.2  -0.00297277 83.6106 29.1704 0 -9200.64 0.248167 0.231818 0.203023 0.316992  0.0471594   0.317139  0.0752692  0.0134567   0.539156 0.00781952
(1,((((2,3),4),5),(6,(((7,(8,9)),10),11))),12); -9140.04  -0.00297277 76.9627 29.3678 0 -9187.63 0.248162 0.231814 0.203021 0.317003  0.0471632   0.317135  0.0752686  0.0134566   0.539157 0.00781938
(1,((((2,3),4),5),(6,(((7,(8,9)),10),11))),12); -9135.69  -0.00297277 75.4034 28.364 0 -9182.73 0.248164 0.231821 0.203023 0.316992  0.0471634   0.317134  0.0752686  0.0134574   0.539156 0.00781975
(1,((((2,3),4),5),(6,(((7,(8,9)),10),11))),12); -9158.87  -0.00297277 74.2002 28.9638 0 -9204.1 0.248156 0.231814 0.203026 0.317005   0.047165   0.317144  0.0752677   0.013457   0.539148 0.00781916
(1,((((2,3),4),5),(6,(((7,(8,9)),10),11))),12); -9157.84  -0.00297277 76.3876 28.0671 0 -9206.16 0.248165 0.231822 0.203023  0.31699   0.047167    0.31714    0.07527   0.013457   0.539148 0.00781874
(1,((((2,3),4),5),(6,(((7,(8,9)),10),11))),12); -9137.84  -0.00297277 76.9218 28.7467 0 -9186.01 0.248158 0.231816 0.203026 0.316999  0.0471642    0.31714   0.075263  0.0134572   0.539156 0.00781887
(1,((((2,3),4),5),(6,(((7,(8,9)),10),11))),12); -9145.58  -0.00297277 82.4642 29.7704 0 -9198.27 0.248154  0.23182 0.203026    0.317 0.0471637   0.31714 0.0752686 0.0134574  0.539152 0.0078188
(1,((((2,3),4),5),(6,(((7,(8,9)),10),11))),12); -9133.38  -0.00297277 83.7776 29.4758 0 -9187.68 0.248165  0.23182  0.20302 0.316995  0.0471658   0.317135  0.0752727  0.0134565   0.539151 0.00781909
(1,((((2,3),4),5),(6,(((7,(8,9)),10),11))),12); -9142.17  -0.00297277 79.6374 29.3482 0 -9192.46 0.248157 0.231828 0.203021 0.316994  0.0471623   0.317137  0.0752692   0.013457   0.539156 0.00781863
(1,((((2,3),4),5),(6,(((7,(8,9)),10),11))),12); -9137  -0.00297277 89.6313 29.0697 0 -9197.56 0.248158  0.23182 0.203025 0.316996  0.0471648    0.31714  0.0752688  0.0134572   0.539149 0.00782016
(1,((((2,3),4),5),(6,(((7,(8,9)),10),11))),12); -9144.05  -0.00297277 76.4776 29.5563 0 -9190.97 0.248163 0.231823 0.203022 0.316992  0.0471592    0.31714  0.0752653   0.013457    0.53916 0.00781842
(1,((((2,3),4),5),(6,(((7,(8,9)),10),11))),12); -9136.26  -0.00297277 70.8594 29.0672 0 -9178.05 0.248161 0.231816 0.203024 0.316999  0.0471623   0.317137   0.075266  0.0134566    0.53916 0.00781838
(1,((((2,3),4),5),(6,(((7,(8,9)),10),11))),12); -9139.95  -0.00297277 79.6779 29.2842 0 -9190.34 0.248161  0.23182 0.203028 0.316991  0.0471645    0.31714  0.0752679  0.0134571   0.539152 0.00781786
(1,((((2,3),4),5),(6,(((7,(8,9)),10),11))),12); -9139.99  -0.00297277 93.2843 29.3076 0 -9203.96 0.248159 0.231821 0.203021 0.316998  0.0471639   0.317139  0.0752644  0.0134572   0.539156 0.00781948
(1,((((2,3),4),5),(6,(((7,(8,9)),10),11))),12); -9141.2  -0.00297277 84.998 29.3866 0 -9196.81 0.248154 0.231819 0.203026 0.317001   0.047163   0.317133  0.0752679  0.0134576   0.539158 0.00781954
(1,((((2,3),4),5),(6,(((7,(8,9)),10),11))),12); -9153.22  -0.00297277 75.4634 29.3794 0 -9199.3 0.248172 0.231816 0.203027 0.316986  0.0471653    0.31713  0.0752717  0.0134571   0.539157 0.00781929
(1,((((2,3),4),5),(6,(((7,(8,9)),10),11))),12); -9133.47  -0.00297277 87.4885 29.8975 0 -9191.05 0.248163 0.231815 0.203022    0.317   0.047164   0.317143  0.0752705  0.0134562   0.539146 0.00781992
(1,((((2,3),4),5),(6,(((7,(8,9)),10),11))),12); -9172.71  -0.00297277 75.5216 28.6183 0 -9219.61 0.248161 0.231814 0.203031 0.316994  0.0471632   0.317137  0.0752712  0.0134584   0.539151 0.00781917
(1,((((2,3),4),5),(6,(((7,(8,9)),10),11))),12); -9137.65  -0.00297277 77.3591 29.3571 0 -9185.65 0.248158  0.23182 0.203027 0.316995  0.0471636   0.317131  0.0752647  0.0134563   0.539165 0.00781941
(1,((((2,3),4),5),(6,(((7,(8,9)),10),11))),12); -9154.54  -0.00297277 93.5392 29.1997 0 -9218.88 0.248156 0.231818 0.203026    0.317   0.047163   0.317133  0.0752693  0.0134569   0.539159 0.00781867
(1,((((2,3),4),5),(6,(((7,(8,9)),10),11))),12); -9123.07  -0.00297277 84.0265 29.1973 0 -9177.9 0.248154 0.231819 0.203029 0.316998  0.0471649   0.317133  0.0752715  0.0134576   0.539155 0.00781884
(1,((((2,3),4),5),(6,(((7,(8,9)),10),11))),12); -9177.67  -0.00297277 75.1095 29.9913 0 -9222.79  0.24816 0.231819 0.203025 0.316997  0.0471672   0.317135   0.075267  0.0134577   0.539155 0.00781882
(1,((((2,3),4),5),(6,(((7,(8,9)),10),11))),12); -9140.04  -0.00297277 83.9959 29.8717 0 -9194.16 0.248171 0.231813 0.203024 0.316992  0.0471629   0.317139  0.0752645  0.0134571   0.539156 0.00782022
(1,((((2,3),4),5),(6,(((7,(8,9)),10),11))),12); -9151.42  -0.00297277 90.3113 29.3644 0 -9212.37 0.248167  0.23181 0.203023    0.317  0.0471662   0.317135  0.0752677  0.0134574   0.539155 0.00781874
(1,((((2,3),4),5),(6,(((7,(8,9)),10),11))),12); -9131.14  -0.00297277 71.7421 28.001 0 -9174.88 0.248166 0.231809 0.203021 0.317005  0.0471674   0.317128  0.0752688  0.0134584   0.539158 0.00781953
(1,((((2,3),4),5),(6,(((7,(8,9)),10),11))),12); -9157.33  -0.00297277 73.8163 29.9869 0 -9201.15 0.248164 0.231815 0.203025 0.316995  0.0471657   0.317137  0.0752652  0.0134551   0.539157 0.00781966
(1,((((2,3),4),5),(6,(((7,(8,9)),10),11))),12); -9125.08  -0.00297277 78.575 29.0786 0 -9174.57 0.248165 0.231817 0.203023 0.316995  0.0471658   0.317136   0.075263  0.0134574   0.539159 0.00781934
(1,((((2,3),4),5),(6,(((7,(8,9)),10),11))),12); -9154.78  -0.00297277 84.1999 30.2026 0 -9208.78 0.248162 0.231819 0.203021 0.316998  0.0471634   0.317138  0.0752689  0.0134579   0.539154 0.00781791
(1,((((2,3),4),5),(6,(((7,(8,9)),10),11))),12); -9145.29  -0.00297277 93.3847 29.4502 0 -9209.22 0.248162 0.231819 0.203023 0.316996  0.0471634   0.317138  0.0752709  0.0134585    0.53915 0.00781972
(1,((((2,3),4),5),(6,(((7,(8,9)),10),11))),12); -9160.11  -0.00297277 78.097 29.8019 0 -9208.41 0.248161 0.231818 0.203025 0.316996  0.0471636   0.317139   0.075271  0.0134561   0.539149 0.00782084
(1,((((2,3),4),5),(6,(((7,(8,9)),10),11))),12); -9141.72  -0.00297277 76.977 29.851 0 -9188.84 0.248155 0.231822 0.203026 0.316997  0.0471654   0.317133  0.0752718  0.0134575   0.539153 0.00781908
(1,((((2,3),4),5),(6,(((7,(8,9)),10),11))),12); -9135.01  -0.00297277 77.901 30.6843 0 -9182.22 0.248162 0.231819 0.203024 0.316995  0.0471647   0.317139  0.0752696  0.0134594   0.539148 0.00781955
(1,((((2,3),4),5),(6,(((7,(8,9)),10),11))),12); -9127.46  -0.00297277 82.0294 28.9092 0 -9180.57 0.248163 0.231815 0.203024 0.316998  0.0471635   0.317137  0.0752746  0.0134576   0.539148 0.00781923
(1,((((2,3),4),5),(6,(((7,(8,9)),10),11))),12); -9139.4  -0.00297277 80.6567 29.7583 0 -9190.3 0.248165 0.231818 0.203028  0.31699  0.0471625   0.317142  0.0752718  0.0134562   0.539149 0.00781858
(1,((((2,3),4),5),(6,(((7,(8,9)),10),11))),12); -9123.59  -0.00297277 83.1414 30.2754 0 -9176.45 0.248162 0.231821 0.203022 0.316995  0.0471668   0.317136  0.0752677  0.0134567   0.539153 0.00781911
(1,((((2,3),4),5),(6,(((7,(8,9)),10),11))),12); -9143.56  -0.00297277 79.8957 29.0911 0 -9194.36 0.248164 0.231819 0.203022 0.316995    0.04716   0.317141  0.0752675  0.0134569   0.539155 0.00781951
(1,((((2,3),4),5),(6,(((7,(8,9)),10),11))),12); -9123.09  -0.00297277 87.6227 29.2654 0 -9181.44 0.248159 0.231818 0.203027 0.316996  0.0471633   0.317131  0.0752666  0.0134577   0.539162 0.00781893
(1,((((2,3),4),5),(6,(((7,(8,9)),10),11))),12); -9126.73  -0.00297277 81.4968 28.961 0 -9179.26  0.24816  0.23182 0.203017 0.317002   0.047164   0.317129  0.0752714  0.0134571   0.539159 0.00781929
(1,((((2,3),4),5),(6,(((7,(8,9)),10),11))),12); -9130.36  -0.00297277 80.7092 29.1882 0 -9181.87 0.248156 0.231819 0.203024 0.317001  0.0471658   0.317132  0.0752669  0.0134573   0.539158 0.00781965
(1,((((2,3),4),5),(6,(((7,(8,9)),10),11))),12); -9126.78  -0.00297277 83.2691 29.4321 0 -9180.61 0.248163 0.231819 0.203025 0.316993  0.0471647   0.317139  0.0752647  0.0134577   0.539154 0.00781955
