tree logl logTop logBL logPrior logQ logWt pi1 pi2 pi3 pi4 s1 s2 s3 s4 s5 s6
(1,((((2,3),4),5),(6,(((7,(8,9)),10),11))),12); -9122.01  -0.00297277 88.3357 29.9222 0 -9180.42  0.24816  0.23182 0.203022 0.316998  0.0471658   0.317138  0.0752672  0.0134566   0.539154 0.00781838
(1,((((2,3),4),5),(6,(((7,(8,9)),10),11))),12); -9132.08  -0.00297277 84.346 29.7548 0 -9186.66 0.248161 0.231821 0.203025 0.316993   0.047163   0.317138  0.0752659   0.013458   0.539156 0.00781958
(1,((((2,3),4),5),(6,(((7,(8,9)),10),11))),12); -9167.73  -0.00297277 94.8622 28.8504 0 -9233.74 0.248156 0.231821 0.203022 0.317001  0.0471637   0.317137  0.0752704  0.0134567   0.539153 0.00781914
(1,((((2,3),4),5),(6,(((7,(8,9)),10),11))),12); -9125.4  -0.00297277 79.6281 29.1457 0 -9175.88 0.248168 0.231821 0.203022 0.316989  0.0471648   0.317133  0.0752687  0.0134572   0.539156 0.00781978
(1,((((2,3),4),5),(6,(((7,(8,9)),10),11))),12); -9122.13  -0.00297277 90.0828 29.4374 0 -9182.77  0.24816 0.231818 0.203022    0.317  0.0471656   0.317126  0.0752678  0.0134574   0.539163 0.00782024
(1,((((2,3),4),5),(6,(((7,(8,9)),10),11))),12); -9130.06  -0.00297277 87.1669 29.1349 0 -9188.09  0.24816 0.231816 0.203022 0.317002  0.0471642   0.317135   0.075268  0.0134585   0.539153 0.00782043
(1,((((2,3),4),5),(6,(((7,(8,9)),10),11))),12); -9133.94  -0.00297277 97.1689 29.4103 0 -9201.69 0.248164 0.231817 0.203025 0.316995  0.0471639   0.317136  0.0752678  0.0134576   0.539156 0.00781877
(1,((((2,3),4),5),(6,(((7,(8,9)),10),11))),12); -9124.07  -0.00297277 84.2256 28.5093 0 -9179.78 0.248166 0.231815 0.203019 0.316999  0.0471653   0.317134   0.075267  0.0134561   0.539159 0.00781862
(1,((((2,3),4),5),(6,(((7,(8,9)),10),11))),12); -9153.11  -0.00297277 93.7376 29.4061 0 -9217.44 0.248163 0.231815 0.203026 0.316996  0.0471631   0.317132  0.0752697  0.0134574   0.539158 0.00781963
(1,((((2,3),4),5),(6,(((7,(8,9)),10),11))),12); -9121.08  -0.00297277 99.9832 29.2743 0 -9191.79 0.248155 0.231816 0.203028 0.317001  0.0471642   0.317138  0.0752662  0.0134586   0.539152 0.00782096
(1,((((2,3),4),5),(6,(((7,(8,9)),10),11))),12); -9130.23  -0.00297277 91.8196 29.3249 0 -9192.72 0.248157 0.231822 0.203022 0.316998   0.047162   0.317141  0.0752678  0.0134564   0.539155 0.00781789
(1,((((2,3),4),5),(6,(((7,(8,9)),10),11))),12); -9131.86  -0.00297277 84.0047 29.3385 0 -9186.52 0.248167 0.231816 0.203027 0.316991   0.047165   0.317134  0.0752695  0.0134562   0.539156 0.00781862
(1,((((2,3),4),5),(6,(((7,(8,9)),10),11))),12); -9133.69  -0.00297277 88.7699 29.5282 0 -9192.93 0.248165 0.231819 0.203024 0.316992  0.0471657   0.317131  0.0752657  0.0134578   0.539161 0.00781849
(1,((((2,3),4),5),(6,(((7,(8,9)),10),11))),12); -9128.8  -0.00297277 89.9855 28.8134 0 -9189.97 0.248162 0.231821 0.203024 0.316992  0.0471671   0.317133  0.0752668  0.0134566   0.539158 0.00781916
(1,((((2,3),4),5),(6,(((7,(8,9)),10),11))),12); -9155.76  -0.00297277 95.1941 29.1975 0 -9221.76  0.24816  0.23182 0.203018 0.317001  0.0471652    0.31714  0.0752685  0.0134564   0.539151 0.00781869
(1,((((2,3),4),5),(6,(((7,(8,9)),10),11))),12); -9122.31  -0.00297277 86.2308 28.6674 0 -9179.87 0.248163 0.231818 0.203022 0.316997  0.0471651   0.317136   0.075267  0.0134574   0.539156 0.00781936
(1,((((2,3),4),5),(6,(((7,(8,9)),10),11))),12); -9121.95  -0.00297277 88.0961 28.8517 0 -9181.19 0.248161 0.231819 0.203026 0.316994 0.0471632  0.317132 0.0752688 0.0134574  0.539159 0.0078191
(1,((((2,3),4),5),(6,(((7,(8,9)),10),11))),12); -9139.16  -0.00297277 83.3423 28.9985 0 -9193.5 0.248161 0.231818 0.203026 0.316995 0.0471623  0.317132 0.0752725 0.0134573  0.539157 0.0078186
(1,((((2,3),4),5),(6,(((7,(8,9)),10),11))),12); -9136.1  -0.00297277 94.1423 29.402 0 -9200.84 0.248159  0.23182  0.20302 0.317001  0.0471627   0.317139  0.0752673  0.0134561   0.539155 0.00782038
(1,((((2,3),4),5),(6,(((7,(8,9)),10),11))),12); -9130.18  -0.00297277 87.2719 28.6421 0 -9188.81 0.248156 0.231817  0.20302 0.317006  0.0471651   0.317128  0.0752688  0.0134589    0.53916 0.00781873
(1,((((2,3),4),5),(6,(((7,(8,9)),10),11))),12); -9124.34  -0.00297277 86.7135 29.3243 0 -9181.72  0.24816 0.231818 0.203024 0.316998 0.0471644  0.317133 0.0752708 0.0134576  0.539154 0.0078197
(1,((((2,3),4),5),(6,(((7,(8,9)),10),11))),12); -9127.17  -0.00297277 81.9675 28.4533 0 -9180.68 0.248165 0.231818 0.203032 0.316985  0.0471641   0.317136  0.0752645  0.0134566   0.539159 0.00781974
(1,((((2,3),4),5),(6,(((7,(8,9)),10),11))),12); -9131.92  -0.00297277 83.5129 30.137 0 -9185.29 0.248163 0.231819 0.203023 0.316995  0.0471643   0.317141  0.0752671  0.0134563   0.539152 0.00781868
(1,((((2,3),4),5),(6,(((7,(8,9)),10),11))),12); -9127.48  -0.00297277 84.732 29.5829 0 -9182.62 0.248162 0.231821 0.203027  0.31699  0.0471652   0.317133  0.0752712  0.0134574   0.539154 0.00781894
(1,((((2,3),4),5),(6,(((7,(8,9)),10),11))),12); -9128.25  -0.00297277 86.0124 29.9709 0 -9184.29 0.248163  0.23182 0.203026 0.316992  0.0471651   0.317136  0.0752702  0.0134563   0.539154 0.00781905
(1,((((2,3),4),5),(6,(((7,(8,9)),10),11))),12); -9121.63  -0.00297277 88.3235 28.7869 0 -9181.16  0.24816 0.231819 0.203023 0.316998  0.0471632   0.317137  0.0752691  0.0134568   0.539154 0.00781912
(1,((((2,3),4),5),(6,(((7,(8,9)),10),11))),12); -9129.06  -0.00297277 84.4793 29.7411 0 -9183.79 0.248164 0.231812 0.203023 0.317001  0.0471659   0.317136  0.0752685  0.0134575   0.539153 0.00781935
(1,((((2,3),4),5),(6,(((7,(8,9)),10),11))),12); -9130.91  -0.00297277 96.4794 29.2 0 -9198.18 0.248159 0.231827 0.203017 0.316998  0.0471634   0.317135  0.0752673  0.0134559   0.539158 0.00782034
(1,((((2,3),4),5),(6,(((7,(8,9)),10),11))),12); -9145.16  -0.00297277 90.6146 29.2669 0 -9206.51 0.248153 0.231824  0.20303 0.316993  0.0471645   0.317129  0.0752712  0.0134571   0.539159 0.00781952
(1,((((2,3),4),5),(6,(((7,(8,9)),10),11))),12); -9126.97  -0.00297277 83.5099 29.0173 0 -9181.46 0.248163 0.231812 0.203024 0.317002  0.0471651   0.317136  0.0752704  0.0134579   0.539151 0.00781891
(1,((((2,3),4),5),(6,(((7,(8,9)),10),11))),12); -9125.34  -0.00297277 100.123 29.1679 0 -9196.3 0.248165  0.23182 0.203021 0.316994  0.0471633   0.317142  0.0752692  0.0134574    0.53915 0.00781858
(1,((((2,3),4),5),(6,(((7,(8,9)),10),11))),12); -9124.38  -0.00297277 81.6644 28.842 0 -9177.2 0.248169 0.231814 0.203022 0.316995   0.047164   0.317129  0.0752691  0.0134585   0.539161 0.00781779
(1,((((2,3),4),5),(6,(((7,(8,9)),10),11))),12); -9124.81  -0.00297277 81.0145 30.3237 0 -9175.5 0.248167 0.231816 0.203023 0.316994  0.0471631   0.317134  0.0752672  0.0134565    0.53916 0.00781939
(1,((((2,3),4),5),(6,(((7,(8,9)),10),11))),12); -9125.39  -0.00297277 81.8151 29.2887 0 -9177.92 0.248162 0.231822 0.203028 0.316987  0.0471641   0.317133  0.0752689  0.0134552   0.539159 0.00781909
(1,((((2,3),4),5),(6,(((7,(8,9)),10),11))),12); -9141.8  -0.00297277 84.6464 28.5744 0 -9197.87 0.248162  0.23182 0.203028 0.316989   0.047166   0.317137  0.0752674  0.0134585   0.539152 0.00781892
(1,((((2,3),4),5),(6,(((7,(8,9)),10),11))),12); -9127.45  -0.00297277 81.9214 28.8623 0 -9180.5 0.248161  0.23182 0.203023 0.316996  0.0471614   0.317148  0.0752692  0.0134567   0.539145 0.00781899
(1,((((2,3),4),5),(6,(((7,(8,9)),10),11))),12); -9122.8  -0.00297277 85.2308 29.8641 0 -9178.16 0.248169 0.231815 0.203018 0.316999  0.0471666   0.317128  0.0752693   0.013456    0.53916 0.00781992
(1,((((2,3),4),5),(6,(((7,(8,9)),10),11))),12); -9126.21  -0.00297277 85.2382 29.366 0 -9182.08  0.24816 0.231818 0.203022    0.317  0.0471639   0.317138  0.0752667  0.0134571   0.539155 0.00781954
(1,((((2,3),4),5),(6,(((7,(8,9)),10),11))),12); -9157.37  -0.00297277 92.6116 29.1443 0 -9220.83 0.248163 0.231823 0.203018 0.316996  0.0471647   0.317135  0.0752691  0.0134574   0.539155 0.00781837
(1,((((2,3),4),5),(6,(((7,(8,9)),10),11))),12); -9123.46  -0.00297277 82.9466 29.8025 0 -9176.6 0.248166 0.231816 0.203019 0.316999  0.0471626   0.317135  0.0752686   0.013458   0.539156 0.00781941
(1,((((2,3),4),5),(6,(((7,(8,9)),10),11))),12); -9122.84  -0.00297277 90.1873 29.6526 0 -9183.37 0.248163 0.231815 0.203029 0.316994  0.0471642   0.317134   0.075269   0.013458   0.539154 0.00782145
(1,((((2,3),4),5),(6,(((7,(8,9)),10),11))),12); -9123.96  -0.00297277 85.2073 29.8024 0 -9179.36 0.248159 0.231821 0.203022 0.316998  0.0471638   0.317135   0.075269   0.013456   0.539156 0.00781988
(1,((((2,3),4),5),(6,(((7,(8,9)),10),11))),12); -9122.23  -0.00297277 86.097 29.4727 0 -9178.85 0.248159 0.231822 0.203021 0.316999  0.0471662   0.317143  0.0752639  0.0134573   0.539149 0.00782054
(1,((((2,3),4),5),(6,(((7,(8,9)),10),11))),12); -9128.98  -0.00297277 96.819 29.5027 0 -9196.3 0.248161 0.231819 0.203021 0.316998  0.0471631   0.317136  0.0752651  0.0134595   0.539158 0.00781926
(1,((((2,3),4),5),(6,(((7,(8,9)),10),11))),12); -9144.53  -0.00297277 96.174 29.1747 0 -9211.53 0.248164 0.231821 0.203021 0.316995   0.047163    0.31714  0.0752723  0.0134577   0.539147 0.00781957
(1,((((2,3),4),5),(6,(((7,(8,9)),10),11))),12); -9124.52  -0.00297277 81.5833 29.0705 0 -9177.03 0.248167 0.231816 0.203024 0.316994  0.0471647   0.317139  0.0752688  0.0134558   0.539151 0.00782009
(1,((((2,3),4),5),(6,(((7,(8,9)),10),11))),12); -9125.53  -0.00297277 88.1826 28.9824 0 -9184.73 0.248155  0.23182 0.203025    0.317  0.0471632   0.317138  0.0752652  0.0134562   0.539159 0.00781875
(1,((((2,3),4),5),(6,(((7,(8,9)),10),11))),12); -9123.37  -0.00297277 97.4861 29.5533 0 -9191.3  0.24816 0.231819 0.203028 0.316994  0.0471621   0.317132  0.0752688   0.013456   0.539161 0.00782008
(1,((((2,3),4),5),(6,(((7,(8,9)),10),11))),12); -9123.23  -0.00297277 85.4163 28.7262 0 -9179.91 0.248162 0.231819 0.203024 0.316995  0.0471645   0.317136  0.0752673  0.0134563   0.539156 0.00781914
(1,((((2,3),4),5),(6,(((7,(8,9)),10),11))),12); -9174.86  -0.00297277 80.7904 28.9118 0 -9226.74  0.24816 0.231817 0.203027 0.316996 0.0471641  0.317138 0.0752729  0.013456  0.539151  0.007818
(1,((((2,3),4),5),(6,(((7,(8,9)),10),11))),12); -9139.99  -0.00297277 82.9002 30.0456 0 -9192.85 0.248173 0.231821  0.20302 0.316986 0.0471602  0.317141 0.0752682 0.0134581  0.539154  0.007819
(1,((((2,3),4),5),(6,(((7,(8,9)),10),11))),12); -9137.04  -0.00297277 87.2037 29.6331 0 -9194.61 0.248159 0.231822 0.203024 0.316995  0.0471653   0.317134  0.0752713   0.013456   0.539153 0.00781994
(1,((((2,3),4),5),(6,(((7,(8,9)),10),11))),12); -9125.42  -0.00297277 81.4168 29.1087 0 -9177.73 0.248165 0.231816 0.203021 0.316997  0.0471647    0.31714  0.0752651  0.0134576   0.539154 0.00781895
(1,((((2,3),4),5),(6,(((7,(8,9)),10),11))),12); -9123.52  -0.00297277 83.9585 28.9852 0 -9178.49 0.248164 0.231816  0.20302    0.317  0.0471658   0.317134  0.0752705  0.0134565   0.539154 0.00781913
(1,((((2,3),4),5),(6,(((7,(8,9)),10),11))),12); -9131.86  -0.00297277 86.2877 29.4593 0 -9188.69 0.248154 0.231817 0.203027 0.317002  0.0471633   0.317137    0.07527  0.0134587   0.539152 0.00781891
(1,((((2,3),4),5),(6,(((7,(8,9)),10),11))),12); -9124.73  -0.00297277 76.7839 29.3702 0 -9172.14 0.248161 0.231819 0.203026 0.316994  0.0471646   0.317134   0.075268  0.0134571   0.539156 0.00782013
(1,((((2,3),4),5),(6,(((7,(8,9)),10),11))),12); -9123.6  -0.00297277 81.3364 29.0215 0 -9175.91 0.248161 0.231818 0.203028 0.316993  0.0471632   0.317135  0.0752663  0.0134574   0.539158 0.00781943
(1,((((2,3),4),5),(6,(((7,(8,9)),10),11))),12); -9135.67  -0.00297277 97.1808 29.3646 0 -9203.48 0.248163 0.231819 0.203019 0.316999  0.0471642   0.317134  0.0752688  0.0134566   0.539156 0.00782052
(1,((((2,3),4),5),(6,(((7,(8,9)),10),11))),12); -9127.41  -0.00297277 100.37 29.3901 0 -9198.38 0.248161 0.231816 0.203025 0.316999  0.0471663    0.31713  0.0752703  0.0134579   0.539156 0.00781956
(1,((((2,3),4),5),(6,(((7,(8,9)),10),11))),12); -9124.76  -0.00297277 82.0019 29.47 0 -9177.29 0.248165  0.23182  0.20302 0.316994  0.0471616   0.317135  0.0752696  0.0134585   0.539157 0.00781806
(1,((((2,3),4),5),(6,(((7,(8,9)),10),11))),12); -9123.7  -0.00297277 86.6448 29.4616 0 -9180.88 0.248158  0.23182 0.203023 0.316999 0.0471645  0.317135 0.0752688 0.0134581  0.539154 0.0078193
(1,((((2,3),4),5),(6,(((7,(8,9)),10),11))),12); -9140.86  -0.00297277 84.8594 29.9267 0 -9195.79  0.24816 0.231818 0.203023 0.316998  0.0471618   0.317133  0.0752703   0.013458   0.539158 0.00781949
(1,((((2,3),4),5),(6,(((7,(8,9)),10),11))),12); -9147.18  -0.00297277 73.1483 30.7832 0 -9189.54 0.248163 0.231816 0.203025 0.316997  0.0471615   0.317144  0.0752655  0.0134582   0.539151 0.00781964
(1,((((2,3),4),5),(6,(((7,(8,9)),10),11))),12); -9154.71  -0.00297277 87.3121 29.4312 0 -9212.59 0.248157 0.231818 0.203022 0.317003  0.0471619    0.31714  0.0752677  0.0134565   0.539156 0.00781844
(1,((((2,3),4),5),(6,(((7,(8,9)),10),11))),12); -9124.77  -0.00297277 87.5439 29.7662 0 -9182.54 0.248156 0.231828  0.20302 0.316995  0.0471666   0.317134  0.0752694  0.0134582   0.539154 0.00781832
(1,((((2,3),4),5),(6,(((7,(8,9)),10),11))),12); -9123.2  -0.00297277 85.9044 29.0925 0 -9180.01 0.248159 0.231824 0.203024 0.316992  0.0471653   0.317139  0.0752681  0.0134567   0.539151 0.00781927
(1,((((2,3),4),5),(6,(((7,(8,9)),10),11))),12); -9125.75  -0.00297277 81.8444 29.676 0 -9177.92 0.248163 0.231819 0.203031 0.316987 0.0471663   0.31714 0.0752672 0.0134549  0.539152 0.0078197
(1,((((2,3),4),5),(6,(((7,(8,9)),10),11))),12); -9155.48  -0.00297277 96.2835 29.3677 0 -9222.4 0.248164 0.231824 0.203023  0.31699   0.047162   0.317144  0.0752682  0.0134553   0.539152 0.00781925
(1,((((2,3),4),5),(6,(((7,(8,9)),10),11))),12); -9128.89  -0.00297277 85.4047 29.7278 0 -9184.57 0.248161 0.231815 0.203029 0.316995  0.0471629   0.317139  0.0752724  0.0134587   0.539148 0.00781923
(1,((((2,3),4),5),(6,(((7,(8,9)),10),11))),12); -9122.73  -0.00297277 84.5665 29.3068 0 -9177.99 0.248163 0.231815 0.203023 0.316999  0.0471667   0.317132   0.075268  0.0134556   0.539159 0.00781857
(1,((((2,3),4),5),(6,(((7,(8,9)),10),11))),12); -9122.97  -0.00297277 87.7311 29.182 0 -9181.51 0.248163 0.231817 0.203024 0.316996  0.0471612   0.317141  0.0752684  0.0134568   0.539155 0.00781777
(1,((((2,3),4),5),(6,(((7,(8,9)),10),11))),12); -9123.08  -0.00297277 85.6759 28.793 0 -9179.96  0.24816 0.231823 0.203021 0.316996  0.0471644    0.31714  0.0752717   0.013456   0.539149 0.00781886
(1,((((2,3),4),5),(6,(((7,(8,9)),10),11))),12); -9125.43  -0.00297277 83.0906 29.1194 0 -9179.4 0.248164 0.231818  0.20303 0.316989  0.0471666   0.317139  0.0752679  0.0134576    0.53915 0.00781914
(1,((((2,3),4),5),(6,(((7,(8,9)),10),11))),12); -9121.84  -0.00297277 86.395 29.8286 0 -9178.4 0.248169 0.231818 0.203024  0.31699  0.0471613   0.317137  0.0752682  0.0134567   0.539157 0.00781931
(1,((((2,3),4),5),(6,(((7,(8,9)),10),11))),12); -9126.57  -0.00297277 84.295 30.2565 0 -9180.6 0.248162 0.231819 0.203022 0.316996  0.0471641   0.317132  0.0752713  0.0134566   0.539156 0.00781967
(1,((((2,3),4),5),(6,(((7,(8,9)),10),11))),12); -9132.65  -0.00297277 94.0314 29.6589 0 -9197.02 0.248161 0.231824 0.203027 0.316989 0.0471651   0.31714 0.0752635 0.0134571  0.539155 0.0078193
(1,((((2,3),4),5),(6,(((7,(8,9)),10),11))),12); -9122.18  -0.00297277 82.483 29.2865 0 -9175.38 0.248155 0.231823 0.203021 0.317001  0.0471635    0.31714  0.0752656  0.0134569   0.539154 0.00781907
(1,((((2,3),4),5),(6,(((7,(8,9)),10),11))),12); -9137.27  -0.00297277 83.0546 28.7045 0 -9191.61 0.248163 0.231818 0.203023 0.316996  0.0471651   0.317143  0.0752709  0.0134567   0.539145 0.00781959
(1,((((2,3),4),5),(6,(((7,(8,9)),10),11))),12); -9125.03  -0.00297277 79.3438 29.1161 0 -9175.26 0.248163 0.231817 0.203021 0.316999  0.0471632   0.317131  0.0752735  0.0134585   0.539155 0.00781939
(1,((((2,3),4),5),(6,(((7,(8,9)),10),11))),12); -9124.13  -0.00297277 81.6333 29.1116 0 -9176.65 0.248165 0.231813 0.203021 0.317001  0.0471635   0.317142  0.0752686  0.0134579    0.53915 0.00781862
(1,((((2,3),4),5),(6,(((7,(8,9)),10),11))),12); -9122.42  -0.00297277 88.0144 29.6015 0 -9180.83 0.248159 0.231816 0.203024    0.317  0.0471651   0.317137  0.0752708  0.0134556   0.539152 0.00781929
(1,((((2,3),4),5),(6,(((7,(8,9)),10),11))),12); -9125.76  -0.00297277 84.8169 29.6844 0 -9180.89 0.248164 0.231816 0.203029 0.316991  0.0471656   0.317137  0.0752738  0.0134575   0.539147 0.00781923
(1,((((2,3),4),5),(6,(((7,(8,9)),10),11))),12); -9147.5  -0.00297277 76.4643 29.5079 0 -9194.45 0.248168 0.231809  0.20303 0.316993  0.0471638   0.317138  0.0752676   0.013456   0.539156 0.00781919
(1,((((2,3),4),5),(6,(((7,(8,9)),10),11))),12); -9123.49  -0.00297277 83.5623 29.6888 0 -9177.36 0.248163 0.231825 0.203023 0.316989  0.0471621   0.317137  0.0752652   0.013458   0.539157 0.00781993
(1,((((2,3),4),5),(6,(((7,(8,9)),10),11))),12); -9125.76  -0.00297277 85.4876 29.4301 0 -9181.81 0.248163 0.231816 0.203028 0.316993  0.0471636   0.317135  0.0752731  0.0134569   0.539153 0.00781841
(1,((((2,3),4),5),(6,(((7,(8,9)),10),11))),12); -9126.36  -0.00297277 83.9005 28.6699 0 -9181.59 0.248152 0.231822 0.203028 0.316998  0.0471618   0.317139    0.07527  0.0134571   0.539153 0.00781965
(1,((((2,3),4),5),(6,(((7,(8,9)),10),11))),12); -9129.35  -0.00297277 88.92 29.2344 0 -9189.03 0.248166 0.231814  0.20302    0.317  0.0471662   0.317137    0.07527  0.0134569   0.539151 0.00781842
(1,((((2,3),4),5),(6,(((7,(8,9)),10),11))),12); -9125.59  -0.00297277 89.1031 28.6785 0 -9186.01 0.248158 0.231821 0.203024 0.316996  0.0471643    0.31714   0.075271  0.0134583   0.539148 0.00781839
(1,((((2,3),4),5),(6,(((7,(8,9)),10),11))),12); -9127.33  -0.00297277 82.5494 29.0079 0 -9180.87 0.248164 0.231814 0.203021 0.317002  0.0471607   0.317137  0.0752683  0.0134552   0.539159 0.00781928
(1,((((2,3),4),5),(6,(((7,(8,9)),10),11))),12); -9133.22  -0.00297277 100.004 29.2257 0 -9204  0.24817 0.231814 0.203027 0.316989 0.0471648  0.317134 0.0752676 0.0134582  0.539156 0.0078197
(1,((((2,3),4),5),(6,(((7,(8,9)),10),11))),12); -9188.32  -0.00297277 86.4043 29.4705 0 -9245.25 0.248168 0.231815 0.203024 0.316992  0.0471672   0.317129  0.0752675  0.0134561    0.53916 0.00781936
(1,((((2,3),4),5),(6,(((7,(8,9)),10),11))),12); -9122.01  -0.00297277 84.252 29.2409 0 -9177.02 0.248161 0.231816 0.203024 0.316999  0.0471626   0.317139  0.0752695  0.0134572   0.539153 0.00781919
(1,((((2,3),4),5),(6,(((7,(8,9)),10),11))),12); -9135.89  -0.00297277 94.9386 29.2976 0 -9201.53 0.248162 0.231817 0.203023 0.316999  0.0471639   0.317138  0.0752643  0.0134574   0.539157 0.00781877
(1,((((2,3),4),5),(6,(((7,(8,9)),10),11))),12); -9122.81  -0.00297277 85.6116 29.027 0 -9179.4 0.248163 0.231817 0.203028 0.316992  0.0471636    0.31714  0.0752698  0.0134579   0.539149 0.00781917
(1,((((2,3),4),5),(6,(((7,(8,9)),10),11))),12); -9124.62  -0.00297277 84.5157 29.7261 0 -9179.4 0.248161 0.231818 0.203025 0.316996  0.0471643   0.317129  0.0752703  0.0134578   0.539159 0.00781986
(1,((((2,3),4),5),(6,(((7,(8,9)),10),11))),12); -9121.49  -0.00297277 88.1945 29.635 0 -9180.05 0.248166 0.231813 0.203026 0.316995   0.047163   0.317139  0.0752661  0.0134569   0.539156 0.00781899
(1,((((2,3),4),5),(6,(((7,(8,9)),10),11))),12); -9121.68  -0.00297277 88.162 29.5636 0 -9180.28  0.24816 0.231814 0.203029 0.316998 0.0471646  0.317144 0.0752691 0.0134559  0.539147 0.0078189
(1,((((2,3),4),5),(6,(((7,(8,9)),10),11))),12); -9125.64  -0.00297277 79.3179 28.8419 0 -9176.11 0.248162 0.231819  0.20302 0.316999  0.0471637   0.317137  0.0752676  0.0134584   0.539154 0.00781901
(1,((((2,3),4),5),(6,(((7,(8,9)),10),11))),12); -9145.18  -0.00297277 82.9771 29.7708 0 -9198.38 0.248155 0.231818 0.203029 0.316998  0.0471635   0.317131  0.0752706   0.013458   0.539158 0.00781886
(1,((((2,3),4),5),(6,(((7,(8,9)),10),11))),12); -9136.52  -0.00297277 89.1527 28.7247 0 -9196.95 0.248163 0.231819 0.203021 0.316998  0.0471658   0.317139  0.0752697  0.0134565   0.539148 0.00782021
(1,((((2,3),4),5),(6,(((7,(8,9)),10),11))),12); -9142.08  -0.00297277 99.6895 29.4246 0 -9212.34  0.24816 0.231811 0.203028    0.317  0.0471641   0.317136  0.0752684  0.0134572   0.539155 0.00781905
(1,((((2,3),4),5),(6,(((7,(8,9)),10),11))),12); -9123.11  -0.00297277 85.0174 29.7717 0 -9178.35  0.24816 0.231818 0.203027 0.316995  0.0471621   0.317138  0.0752689  0.0134564   0.539155 0.00781984
(1,((((2,3),4),5),(6,(((7,(8,9)),10),11))),12); -9125.52  -0.00297277 88.1055 29.516 0 -9184.1 0.248161 0.231816 0.203024 0.316999   0.047164    0.31714  0.0752664  0.0134569   0.539154 0.00781853
(1,((((2,3),4),5),(6,(((7,(8,9)),10),11))),12); -9143.22  -0.00297277 90.0526 29.031 0 -9204.24 0.248159 0.231813 0.203029 0.316999  0.0471627   0.317135  0.0752699  0.0134563   0.539156 0.00781945
(1,((((2,3),4),5),(6,(((7,(8,9)),10),11))),12); -9128.93  -0.00297277 71.4966 28.9632 0 -9171.46 0.248162 0.231818 0.203021 0.316999 0.0471634  0.317138 0.0752658 0.0134563  0.539156 0.0078202
(1,((((2,3),4),5),(6,(((7,(8,9)),10),11))),12); -9130.84  -0.00297277 84.7145 29.7934 0 -9185.76 0.248164 0.231813  0.20302 0.317003  0.0471621   0.317138  0.0752711   0.013457   0.539154 0.00781772
(1,((((2,3),4),5),(6,(((7,(8,9)),10),11))),12); -9135.48  -0.00297277 86.3723 29.9787 0 -9191.87  0.24817 0.231816 0.203018 0.316997  0.0471638   0.317141  0.0752671  0.0134575   0.539152 0.00781851
(1,((((2,3),4),5),(6,(((7,(8,9)),10),11))),12); -9124.45  -0.00297277 89.8868 29.5601 0 -9184.77 0.248165 0.231822 0.203027 0.316986   0.047165   0.317133  0.0752675  0.0134582   0.539156 0.00782022
(1,((((2,3),4),5),(6,(((7,(8,9)),10),11))),12); -9131.07  -0.00297277 92.2817 29.5674 0 -9193.78 0.248159 0.231823 0.203022 0.316995  0.0471621   0.317146   0.075268  0.0134573   0.539149 0.00781857
(1,((((2,3),4),5),(6,(((7,(8,9)),10),11))),12); -9122.7  -0.00297277 85.3283 28.6715 0 -9179.36 0.248157 0.231814 0.203026 0.317003  0.0471656   0.317134  0.0752647  0.0134578   0.539159 0.00781913
(1,((((2,3),4),5),(6,(((7,(8,9)),10),11))),12); -9129.29  -0.00297277 91.5941 29.3509 0 -9191.53 0.248164 0.231816 0.203022 0.316998 0.0471626  0.317139 0.0752685 0.0134595  0.539151 0.0078194
(1,((((2,3),4),5),(6,(((7,(8,9)),10),11))),12); -9124.79  -0.00297277 83.8272 29.3013 0 -9179.31 0.248156 0.231815 0.203021 0.317008  0.0471623   0.317135  0.0752683  0.0134565   0.539158 0.00781984
(1,((((2,3),4),5),(6,(((7,(8,9)),10),11))),12); -9120.92  -0.00297277 89.1981 29.5719 0 -9180.54 0.248161 0.231819 0.203026 0.316995  0.0471654   0.317136  0.0752698  0.0134573   0.539152 0.00781902
(1,((((2,3),4),5),(6,(((7,(8,9)),10),11))),12); -9123.51  -0.00297277 82.2671 28.7916 0 -9176.98 0.248163  0.23182  0.20302 0.316996  0.0471648   0.317136   0.075268  0.0134574   0.539153 0.00782001
(1,((((2,3),4),5),(6,(((7,(8,9)),10),11))),12); -9245.62  -0.00297277 84.0053 29.1475 0 -9300.48 0.248162 0.231818 0.203028 0.316993  0.0471644   0.317133  0.0752676  0.0134587   0.539157 0.00782014
(1,((((2,3),4),5),(6,(((7,(8,9)),10),11))),12); -9137.91  -0.00297277 93.947 29.3087 0 -9202.54 0.248161 0.231825 0.203021 0.316993  0.0471663   0.317131  0.0752651  0.0134593   0.539157 0.00782072
(1,((((2,3),4),5),(6,(((7,(8,9)),10),11))),12); -9124.85  -0.00297277 88.8887 29.8723 0 -9183.86 0.248163 0.231814 0.203028 0.316995  0.0471661   0.317134  0.0752705  0.0134555   0.539155 0.00781897
(1,((((2,3),4),5),(6,(((7,(8,9)),10),11))),12); -9125.13  -0.00297277 81.3996 29.7267 0 -9176.8 0.248157 0.231819 0.203022 0.317002   0.047165   0.317128  0.0752703  0.0134575    0.53916 0.00781897
(1,((((2,3),4),5),(6,(((7,(8,9)),10),11))),12); -9139.32  -0.00297277 95.4816 29.2993 0 -9205.5 0.248163 0.231813 0.203023 0.317002   0.047163   0.317137  0.0752698  0.0134573   0.539154 0.00781833
(1,((((2,3),4),5),(6,(((7,(8,9)),10),11))),12); -9130.58  -0.00297277 83.9862 29.4272 0 -9185.14 0.248156 0.231817 0.203026    0.317   0.047162   0.317132  0.0752676  0.0134581    0.53916 0.00782034
(1,((((2,3),4),5),(6,(((7,(8,9)),10),11))),12); -9122.77  -0.00297277 85.3201 28.6481 0 -9179.44 0.248164 0.231815  0.20302 0.317001 0.0471655  0.317131 0.0752702  0.013457  0.539156 0.0078202
(1,((((2,3),4),5),(6,(((7,(8,9)),10),11))),12); -9129.04  -0.00297277 87.3033 29.1874 0 -9187.16 0.248163 0.231813 0.203029 0.316994  0.0471652   0.317132  0.0752676  0.0134573    0.53916 0.00781889
(1,((((2,3),4),5),(6,(((7,(8,9)),10),11))),12); -9127.79  -0.00297277 85.4545 29.5736 0 -9183.67 0.248162 0.231821 0.203025 0.316992  0.0471673   0.317134  0.0752699  0.0134576   0.539151 0.00781995
(1,((((2,3),4),5),(6,(((7,(8,9)),10),11))),12); -9132.03  -0.00297277 81.4496 29.3994 0 -9184.08  0.24816 0.231818 0.203023    0.317  0.0471622    0.31714  0.0752666   0.013458   0.539153 0.00781952
(1,((((2,3),4),5),(6,(((7,(8,9)),10),11))),12); -9181.91  -0.00297277 80.1831 28.3761 0 -9233.71  0.24816 0.231821 0.203023 0.316996  0.0471672   0.317131  0.0752672  0.0134568   0.539157 0.00782054
(1,((((2,3),4),5),(6,(((7,(8,9)),10),11))),12); -9128.11  -0.00297277 74.9854 29.0607 0 -9174.03 0.248163 0.231819  0.20302 0.316998  0.0471646   0.317137  0.0752651  0.0134578   0.539157 0.00781902
(1,((((2,3),4),5),(6,(((7,(8,9)),10),11))),12); -9129.3  -0.00297277 83.1245 29.1126 0 -9183.31 0.248163 0.231815 0.203022 0.316999  0.0471644    0.31713   0.075268  0.0134597   0.539159 0.00781938
(1,((((2,3),4),5),(6,(((7,(8,9)),10),11))),12); -9121.73  -0.00297277 88.0819 29.6519 0 -9180.16 0.248163 0.231819 0.203021 0.316998  0.0471668   0.317134  0.0752735  0.0134565    0.53915 0.00781892
(1,((((2,3),4),5),(6,(((7,(8,9)),10),11))),12); -9122.21  -0.00297277 86.5443 29.0879 0 -9179.66 0.248161 0.231815 0.203028 0.316996  0.0471644   0.317137  0.0752671  0.0134571   0.539154 0.00782005
(1,((((2,3),4),5),(6,(((7,(8,9)),10),11))),12); -9142  -0.00297277 89.3848 29.5388 0 -9201.84 0.248165 0.231815 0.203022 0.316998 0.0471659  0.317134 0.0752675 0.0134581  0.539156 0.0078189
(1,((((2,3),4),5),(6,(((7,(8,9)),10),11))),12); -9130.27  -0.00297277 85.0572 29.0394 0 -9186.29 0.248165 0.231815 0.203024 0.316997 0.0471671   0.31713 0.0752673 0.0134554  0.539162 0.0078179
(1,((((2,3),4),5),(6,(((7,(8,9)),10),11))),12); -9128.85  -0.00297277 85.0824 28.9923 0 -9184.94 0.248165 0.231813 0.203027 0.316995   0.047163   0.317141  0.0752696  0.0134583    0.53915 0.00781864
(1,((((2,3),4),5),(6,(((7,(8,9)),10),11))),12); -9136.52  -0.00297277 81.6311 29.6383 0 -9188.51 0.248164 0.231821 0.203027 0.316989  0.0471633   0.317135  0.0752719   0.013456   0.539155 0.00781902
(1,((((2,3),4),5),(6,(((7,(8,9)),10),11))),12); -9134.6  -0.00297277 100.794 29.3248 0 -9206.07 0.248165 0.231821 0.203021 0.316993  0.0471634   0.317137  0.0752644  0.0134573   0.539159 0.00781874
(1,((((2,3),4),5),(6,(((7,(8,9)),10),11))),12); -9124.21  -0.00297277 86.8744 29.7073 0 -9181.38 0.248167 0.231813 0.203023 0.316997  0.0471607   0.317136  0.0752697  0.0134575   0.539156 0.00781989
(1,((((2,3),4),5),(6,(((7,(8,9)),10),11))),12); -9160.28  -0.00297277 89.1635 29.2156 0 -9220.22  0.24816  0.23182 0.203025 0.316995  0.0471632   0.317138   0.075268  0.0134567   0.539155 0.00781923
(1,((((2,3),4),5),(6,(((7,(8,9)),10),11))),12); -9126.4  -0.00297277 92.4083 29.5161 0 -9189.29 0.248165 0.231819 0.203016    0.317  0.0471646   0.317137  0.0752731  0.0134587   0.539147 0.00782026
(1,((((2,3),4),5),(6,(((7,(8,9)),10),11))),12); -9120.33  -0.00297277 89.043 29.3748 0 -9180 0.248167 0.231825 0.203018 0.316989  0.0471609    0.31713  0.0752689  0.0134569   0.539165 0.00781811
(1,((((2,3),4),5),(6,(((7,(8,9)),10),11))),12); -9123.64  -0.00297277 85.7844 28.7837 0 -9180.64 0.248164 0.231812 0.203027 0.316997  0.0471622   0.317138  0.0752681  0.0134587   0.539155 0.00781832
(1,((((2,3),4),5),(6,(((7,(8,9)),10),11))),12); -9168.85  -0.00297277 92.9949 29.4585 0 -9232.39 0.248161 0.231821 0.203026 0.316992  0.0471663   0.317133  0.0752709  0.0134576   0.539155 0.00781775
(1,((((2,3),4),5),(6,(((7,(8,9)),10),11))),12); -9120.88  -0.00297277 97.0733 29.4458 0 -9188.51 0.248164 0.231817 0.203025 0.316994 0.0471631  0.317139 0.0752701 0.0134575  0.539152 0.0078192
(1,((((2,3),4),5),(6,(((7,(8,9)),10),11))),12); -9128.18  -0.00297277 83.2272 29.2083 0 -9182.2 0.248164 0.231811 0.203028 0.316997  0.0471617   0.317138  0.0752689  0.0134592   0.539152 0.00781987
(1,((((2,3),4),5),(6,(((7,(8,9)),10),11))),12); -9124.81  -0.00297277 82.4722 29.8686 0 -9177.41 0.248158 0.231807 0.203032 0.317003  0.0471635    0.31714  0.0752664  0.0134567   0.539155 0.00781864
(1,((((2,3),4),5),(6,(((7,(8,9)),10),11))),12); -9124.23  -0.00297277 84.4843 28.5864 0 -9180.13 0.248164 0.231815 0.203027 0.316995  0.0471611   0.317135  0.0752704  0.0134575   0.539157 0.00781903
(1,(((2,3),(4,5)),(6,(((7,(8,9)),10),11))),12); -9165.78  -9.25936 100.08 29.2399 0 -9227.36 0.248164 0.231815 0.203027 0.316994 0.0471631  0.317132  0.075265 0.0134577  0.539163  0.007819
(1,((((2,3),4),5),(6,(((7,(8,9)),10),11))),12); -9129.35  -0.00297277 87.3413 29.252 0 -9187.44  0.24816 0.231821 0.203021 0.316998 0.0471647  0.317141 0.0752679 0.0134568   0.53915 0.0078198
(1,((((2,3),4),5),(6,(((7,(8,9)),10),11))),12); -9128.36  -0.00297277 99.8949 29.3095 0 -9198.94 0.248163 0.231817 0.203021 0.316998  0.0471647   0.317143  0.0752677  0.0134561   0.539149 0.00781913
(1,((((2,3),4),5),(6,(((7,(8,9)),10),11))),12); -9122  -0.00297277 85.4178 29.0332 0 -9178.38 0.248163 0.231816 0.203021    0.317 0.0471625  0.317138 0.0752651 0.0134578  0.539158 0.0078187
(1,((((2,3),4),5),(6,(((7,(8,9)),10),11))),12); -9124.68  -0.00297277 83.1387 29.2842 0 -9178.53 0.248167 0.231817 0.203015 0.317001  0.0471626   0.317134   0.075267  0.0134574   0.539161 0.00781815
(1,((((2,3),4),5),(6,(((7,(8,9)),10),11))),12); -9137.82  -0.00297277 93.5585 29.4306 0 -9201.94 0.248169 0.231816  0.20302 0.316994  0.0471594   0.317132  0.0752713  0.0134558   0.539162 0.00781943
(1,((((2,3),4),5),(6,(((7,(8,9)),10),11))),12); -9132.11  -0.00297277 86.7765 28.5652 0 -9190.32 0.248165 0.231815 0.203022 0.316998  0.0471629   0.317138  0.0752709  0.0134574   0.539152 0.00781866
(1,((((2,3),4),5),(6,(((7,(8,9)),10),11))),12); -9137.04  -0.00297277 101.228 29.3331 0 -9208.93 0.248167  0.23182 0.203026 0.316986  0.0471665   0.317135  0.0752682  0.0134568   0.539153 0.00782038
(1,((((2,3),4),5),(6,(((7,(8,9)),10),11))),12); -9121.52  -0.00297277 86.1905 29.9631 0 -9177.75 0.248161 0.231814 0.203025 0.316999  0.0471623   0.317134  0.0752699  0.0134558   0.539159 0.00781893
(1,((((2,3),4),5),(6,(((7,(8,9)),10),11))),12); -9127.61  -0.00297277 79.4684 29.378 0 -9177.7 0.248165 0.231817  0.20302 0.316999  0.0471635    0.31713   0.075266  0.0134587   0.539163 0.00781923
(1,((((2,3),4),5),(6,(((7,(8,9)),10),11))),12); -9128.65  -0.00297277 80.9352 29.7672 0 -9179.81 0.248159 0.231819 0.203021    0.317  0.0471652   0.317134  0.0752695  0.0134575   0.539154 0.00782028
(1,((((2,3),4),5),(6,(((7,(8,9)),10),11))),12); -9122.44  -0.00297277 87.0561 28.6083 0 -9180.89 0.248164 0.231814 0.203025 0.316996  0.0471622   0.317134  0.0752693  0.0134557    0.53916 0.00781919
(1,((((2,3),4),5),(6,(((7,(8,9)),10),11))),12); -9124.42  -0.00297277 82.9462 30.3057 0 -9177.06 0.248167 0.231816 0.203027 0.316991  0.0471644   0.317134  0.0752692  0.0134572   0.539158 0.00781768
(1,((((2,3),4),5),(6,(((7,(8,9)),10),11))),12); -9139.71  -0.00297277 88.4672 29.5394 0 -9198.64 0.248161 0.231815 0.203026 0.316998  0.0471632   0.317135   0.075266  0.0134552   0.539162 0.00781873
(1,((((2,3),4),5),(6,(((7,(8,9)),10),11))),12); -9130.63  -0.00297277 80.2067 28.9907 0 -9181.85  0.24816 0.231822 0.203023 0.316995 0.0471623   0.31713 0.0752707 0.0134586  0.539158   0.00782
(1,((((2,3),4),5),(6,(((7,(8,9)),10),11))),12); -9121.09  -0.00297277 87.3209 29.6478 0 -9178.76 0.248163 0.231816 0.203031 0.316991  0.0471624   0.317135   0.075271  0.0134573   0.539156 0.00781807
(1,((((2,3),4),5),(6,(((7,(8,9)),10),11))),12); -9126.19  -0.00297277 86.5564 29.5942 0 -9183.15 0.248167 0.231811 0.203024 0.316998 0.0471675  0.317136 0.0752671  0.013455  0.539155 0.0078195
(1,((((2,3),4),5),(6,(((7,(8,9)),10),11))),12); -9135.03  -0.00297277 92.889 29.606 0 -9198.31 0.248168 0.231813 0.203021 0.316999   0.047163   0.317138  0.0752623  0.0134559   0.539162 0.00781881
(1,((((2,3),4),5),(6,(((7,(8,9)),10),11))),12); -9130.36  -0.00297277 79.4421 28.6027 0 -9181.19 0.248157 0.231824 0.203022 0.316997    0.04716   0.317135   0.075272  0.0134583   0.539156 0.00781881
(1,((((2,3),4),5),(6,(((7,(8,9)),10),11))),12); -9127.42  -0.00297277 77.4173 28.9512 0 -9175.89 0.248161 0.231816 0.203026 0.316997  0.0471666   0.317133  0.0752692  0.0134562   0.539155 0.00782014
(1,((((2,3),4),5),(6,(((7,(8,9)),10),11))),12); -9143.17  -0.00297277 97.6129 29.2686 0 -9211.51 0.248169 0.231814 0.203022 0.316996   0.047163   0.317134  0.0752675  0.0134574   0.539159 0.00781927
(1,((((2,3),4),5),(6,(((7,(8,9)),10),11))),12); -9141.86  -0.00297277 92.2284 29.3325 0 -9204.75 0.248167 0.231813 0.203025 0.316994  0.0471656   0.317135  0.0752731  0.0134559   0.539152 0.00781851
(1,((((2,3),4),5),(6,(((7,(8,9)),10),11))),12); -9132.77  -0.00297277 82.2681 29.3856 0 -9185.65  0.24816 0.231814 0.203026    0.317  0.0471625   0.317135  0.0752689  0.0134582   0.539157 0.00781925
(1,((((2,3),4),5),(6,(((7,(8,9)),10),11))),12); -9172.57  -0.00297277 91.9951 29.3208 0 -9235.24 0.248162 0.231815 0.203026 0.316998  0.0471598   0.317139  0.0752711  0.0134565   0.539155 0.00781903
(1,((((2,3),4),5),(6,(((7,(8,9)),10),11))),12); -9135.25  -0.00297277 91.5795 29.123 0 -9197.7 0.248165 0.231816 0.203025 0.316994  0.0471637   0.317133  0.0752663  0.0134575    0.53916 0.00781971
(1,((((2,3),4),5),(6,(((7,(8,9)),10),11))),12); -9130.14  -0.00297277 82.028 28.79 0 -9183.37 0.248166 0.231815 0.203029 0.316991  0.0471639   0.317141   0.075266  0.0134568   0.539153 0.00781925
(1,((((2,3),4),5),(6,(((7,(8,9)),10),11))),12); -9130.95  -0.00297277 97.1689 29.4539 0 -9198.67 0.248158 0.231816 0.203027    0.317  0.0471624   0.317131  0.0752696  0.0134571   0.539161 0.00781906
(1,((((2,3),4),5),(6,(((7,(8,9)),10),11))),12); -9126.73  -0.00297277 84.4718 29.2717 0 -9181.93 0.248157  0.23182 0.203025 0.316997  0.0471652   0.317137  0.0752651  0.0134574   0.539156 0.00781917
(1,((((2,3),4),5),(6,(((7,(8,9)),10),11))),12); -9140.94  -0.00297277 84.0399 29.8101 0 -9195.16  0.24817 0.231818 0.203017 0.316995  0.0471621   0.317137  0.0752633  0.0134581   0.539161 0.00781819
(1,((((2,3),4),5),(6,(((7,(8,9)),10),11))),12); -9137.98  -0.00297277 87.4838 29.3721 0 -9196.09 0.248161 0.231815 0.203024    0.317  0.0471636   0.317137  0.0752667  0.0134582   0.539153 0.00782124
(1,((((2,3),4),5),(6,(((7,(8,9)),10),11))),12); -9124.87  -0.00297277 84.9996 29.151 0 -9180.71 0.248162 0.231818 0.203026 0.316994  0.0471621   0.317136  0.0752722   0.013456   0.539156 0.00781822
(1,((((2,3),4),5),(6,(((7,(8,9)),10),11))),12); -9134  -0.00297277 84.6879 28.768 0 -9189.91 0.248159 0.231818 0.203025 0.316998  0.047165  0.317135 0.0752671  0.013456  0.539157 0.0078205
(1,((((2,3),4),5),(6,(((7,(8,9)),10),11))),12); -9121.77  -0.00297277 89.6346 29.3543 0 -9182.05 0.248156 0.231822 0.203023 0.316999  0.0471644   0.317141  0.0752707  0.0134601   0.539145 0.00781883
(1,((((2,3),4),5),(6,(((7,(8,9)),10),11))),12); -9125.51  -0.00297277 80.0149 29.1297 0 -9176.39 0.248164 0.231819 0.203022 0.316994  0.0471643    0.31714  0.0752678  0.0134559   0.539154 0.00781845
(1,((((2,3),4),5),(6,(((7,(8,9)),10),11))),12); -9130.39  -0.00297277 95.575 29.3983 0 -9196.56 0.248167 0.231818 0.203023 0.316992  0.0471598   0.317136  0.0752659  0.0134562   0.539163 0.00781927
(1,((((2,3),4),5),(6,(((7,(8,9)),10),11))),12); -9138.83  -0.00297277 95.7568 28.9248 0 -9205.66 0.248165 0.231818  0.20302 0.316997 0.0471639  0.317142 0.0752641 0.0134556  0.539154 0.0078198
(1,((((2,3),4),5),(6,(((7,(8,9)),10),11))),12); -9133.25  -0.00297277 81.5868 28.5168 0 -9186.31 0.248162 0.231818 0.203022 0.316997  0.0471604   0.317137  0.0752704  0.0134574   0.539156 0.00781831
(1,((((2,3),4),5),(6,(((7,(8,9)),10),11))),12); -9123.68  -0.00297277 90.661 29.889 0 -9184.45  0.24817 0.231814 0.203023 0.316994  0.0471633   0.317138  0.0752693  0.0134569   0.539152 0.00782068
(1,((((2,3),4),5),(6,(((7,(8,9)),10),11))),12); -9133.99  -0.00297277 88.0416 29.023 0 -9193.01 0.248162 0.231822 0.203025 0.316991  0.0471645   0.317134  0.0752719  0.0134573   0.539153 0.00781907
(1,((((2,3),4),5),(6,(((7,(8,9)),10),11))),12); -9120.62  -0.00297277 89.1868 29.9124 0 -9179.89 0.248158 0.231815 0.203029 0.316997  0.047163  0.317135 0.0752695 0.0134553  0.539159 0.0078185
(1,((((2,3),4),5),(6,(((7,(8,9)),10),11))),12); -9142.23  -0.00297277 82.9262 29.7103 0 -9195.44 0.248163 0.231819 0.203025 0.316994  0.0471649   0.317137  0.0752679   0.013456   0.539156 0.00781878
(1,((((2,3),4),5),(6,(((7,(8,9)),10),11))),12); -9123.25  -0.00297277 83.436 29.0055 0 -9177.68 0.248167 0.231817 0.203018 0.316998  0.0471611   0.317139  0.0752666  0.0134572   0.539156 0.00782013
(1,((((2,3),4),5),(6,(((7,(8,9)),10),11))),12); -9129.07  -0.00297277 86.2821 29.5488 0 -9185.8 0.248155 0.231821 0.203021 0.317003  0.0471653   0.317136  0.0752683  0.0134568   0.539154 0.00781973
(1,((((2,3),4),5),(6,(((7,(8,9)),10),11))),12); -9134.95  -0.00297277 96.3896 29.2741 0 -9202.06  0.24817 0.231817 0.203023 0.316991  0.0471646   0.317142   0.075267   0.013457   0.539149 0.00781997
(1,((((2,3),4),5),(6,(((7,(8,9)),10),11))),12); -9132.21  -0.00297277 94.6208 29.2869 0 -9197.54 0.248168 0.231818 0.203023 0.316991  0.0471647   0.317135  0.0752714  0.0134585   0.539151 0.00781951
(1,((((2,3),4),5),(6,(((7,(8,9)),10),11))),12); -9128.22  -0.00297277 83.5104 29.1912 0 -9182.54 0.248162 0.231816 0.203027 0.316995  0.0471611   0.317137  0.0752663  0.0134566    0.53916 0.00781849
(1,((((2,3),4),5),(6,(((7,(8,9)),10),11))),12); -9123.7  -0.00297277 97.0601 29.3769 0 -9191.38 0.248159 0.231816 0.203024 0.317001  0.0471664   0.317133  0.0752691  0.0134569   0.539155 0.00781934
(1,((((2,3),4),5),(6,(((7,(8,9)),10),11))),12); -9122.83  -0.00297277 88.3144 29.8697 0 -9181.27 0.248158 0.231824 0.203021 0.316997  0.0471638   0.317135  0.0752695  0.0134584   0.539155 0.00781917
(1,((((2,3),4),5),(6,(((7,(8,9)),10),11))),12); -9128.13  -0.00297277 80.4553 29.2733 0 -9179.3 0.248154  0.23182 0.203028 0.316998  0.0471626   0.317136  0.0752675  0.0134567   0.539158 0.00781937
(1,((((2,3),4),5),(6,(((7,(8,9)),10),11))),12); -9127.15  -0.00297277 95.3217 29.3596 0 -9193.11 0.248161  0.23182 0.203023 0.316996  0.0471636   0.317137  0.0752717   0.013456   0.539151 0.00782109
(1,((((2,3),4),5),(6,(((7,(8,9)),10),11))),12); -9153.76  -0.00297277 88.0394 29.353 0 -9212.45 0.248164 0.231816 0.203024 0.316996   0.047164   0.317131   0.075272  0.0134571   0.539156 0.00781933
(1,((((2,3),4),5),(6,(((7,(8,9)),10),11))),12); -9142.21  -0.00297277 75.1044 29.7354 0 -9187.57 0.248167 0.231814 0.203024 0.316995  0.0471633   0.317131  0.0752701  0.0134592   0.539158 0.00781916
(1,((((2,3),4),5),(6,(((7,(8,9)),10),11))),12); -9121.81  -0.00297277 89.16 29.9988 0 -9180.97 0.248159 0.231814 0.203026 0.317001  0.0471632   0.317132  0.0752713  0.0134583   0.539156 0.00781897
(1,((((2,3),4),5),(6,(((7,(8,9)),10),11))),12); -9123.85  -0.00297277 87.7015 29.4646 0 -9182.08 0.248159 0.231819 0.203022 0.317001  0.0471649   0.317136  0.0752695   0.013458   0.539153 0.00781822
(1,((((2,3),4),5),(6,(((7,(8,9)),10),11))),12); -9135.55  -0.00297277 88.3262 30.0284 0 -9193.85 0.248156 0.231818 0.203026 0.316999  0.0471638   0.317136   0.075268  0.0134574   0.539155 0.00782001
(1,((((2,3),4),5),(6,(((7,(8,9)),10),11))),12); -9173.22  -0.00297277 94.9307 28.7069 0 -9239.44 0.248157 0.231821 0.203035 0.316988  0.0471636   0.317143  0.0752702  0.0134578   0.539146 0.00781921
(1,((((2,3),4),5),(6,(((7,(8,9)),10),11))),12); -9121.94  -0.00297277 87.8553 29.4813 0 -9180.31 0.248164 0.231815 0.203031  0.31699  0.0471635   0.317134  0.0752709  0.0134565   0.539155 0.00781978
(1,((((2,3),4),5),(6,(((7,(8,9)),10),11))),12); -9124.92  -0.00297277 81.2309 29.5144 0 -9176.64 0.248167 0.231811 0.203023    0.317  0.0471653   0.317131   0.075272  0.0134569   0.539156 0.00781913
(1,((((2,3),4),5),(6,(((7,(8,9)),10),11))),12); -9131.98  -0.00297277 86.1512 29.4749 0 -9188.65 0.248168 0.231814 0.203023 0.316995 0.0471646  0.317137 0.0752707 0.0134567  0.539152 0.0078189
(1,((((2,3),4),5),(6,(((7,(8,9)),10),11))),12); -9121.73  -0.00297277 87.7571 29.432 0 -9180.05 0.248169 0.231816 0.203026  0.31699  0.0471629   0.317137  0.0752679  0.0134568   0.539157 0.00781879
(1,((((2,3),4),5),(6,(((7,(8,9)),10),11))),12); -9129.39  -0.00297277 91.6167 29.4636 0 -9191.54 0.248161 0.231816 0.203029 0.316994  0.0471666   0.317139  0.0752674  0.0134562   0.539151 0.00781943
(1,((((2,3),4),5),(6,(((7,(8,9)),10),11))),12); -9126.59  -0.00297277 79.3728 29.3984 0 -9176.56 0.248164 0.231818  0.20302 0.316997  0.0471636   0.317136  0.0752707  0.0134562   0.539154 0.00781931
(1,((((2,3),4),5),(6,(((7,(8,9)),10),11))),12); -9128.76  -0.00297277 73.9762 29.5186 0 -9173.22 0.248159 0.231817 0.203022 0.317003  0.0471645   0.317135  0.0752692   0.013459   0.539154 0.00781915
(1,((((2,3),4),5),(6,(((7,(8,9)),10),11))),12); -9125.61  -0.00297277 80.013 29.3725 0 -9176.25 0.248164  0.23181 0.203033 0.316994  0.0471658   0.317131  0.0752698  0.0134591   0.539154 0.00782053
(1,((((2,3),4),5),(6,(((7,(8,9)),10),11))),12); -9129.05  -0.00297277 83.6565 29.4077 0 -9183.29 0.248168 0.231821 0.203023 0.316988  0.0471622   0.317134  0.0752724  0.0134568   0.539155 0.00781925
(1,((((2,3),4),5),(6,(((7,(8,9)),10),11))),12); -9127.02  -0.00297277 97.6543 29.6221 0 -9195.05 0.248162 0.231817 0.203027 0.316994  0.0471643    0.31714  0.0752691  0.0134574   0.539151 0.00781826
(1,((((2,3),4),5),(6,(((7,(8,9)),10),11))),12); -9128.66  -0.00297277 84.8972 29.8253 0 -9183.73 0.248161 0.231819 0.203022 0.316998   0.047166   0.317134  0.0752723  0.0134588   0.539149 0.00781968
(1,((((2,3),4),5),(6,(((7,(8,9)),10),11))),12); -9120.48  -0.00297277 90.6076 29.4078 0 -9181.68 0.248162 0.231819 0.203029 0.316991   0.047164    0.31714  0.0752676  0.0134558   0.539153 0.00781967
(1,((((2,3),4),5),(6,(((7,(8,9)),10),11))),12); -9152.33  -0.00297277 85.0855 29.536 0 -9207.88 0.248157 0.231824 0.203022 0.316997  0.0471612   0.317135  0.0752676  0.0134582   0.539159 0.00781986
(1,((((2,3),4),5),(6,(((7,(8,9)),10),11))),12); -9127.94  -0.00297277 88.6546 29.5778 0 -9187.01 0.248157 0.231819 0.203027 0.316997  0.0471636   0.317137  0.0752656   0.013457   0.539158 0.00781835
(1,((((2,3),4),5),(6,(((7,(8,9)),10),11))),12); -9137.4  -0.00297277 98.7957 29.5014 0 -9206.69 0.248166 0.231813 0.203023 0.316999  0.0471619   0.317136  0.0752716  0.0134572   0.539154 0.00782005
(1,((((2,3),4),5),(6,(((7,(8,9)),10),11))),12); -9124.58  -0.00297277 95.6414 29.4101 0 -9190.81 0.248155 0.231819 0.203021 0.317005  0.0471632   0.317135  0.0752672  0.0134585   0.539158 0.00781794
(1,((((2,3),4),5),(6,(((7,(8,9)),10),11))),12); -9132.69  -0.00297277 89.2836 29.6964 0 -9192.28  0.24817 0.231814 0.203018 0.316998  0.0471629   0.317142   0.075265   0.013457   0.539153 0.00782044
(1,((((2,3),4),5),(6,(((7,(8,9)),10),11))),12); -9125.57  -0.00297277 86.8493 29.4295 0 -9182.99 0.248161 0.231821 0.203018    0.317 0.0471635  0.317137 0.0752698 0.0134585  0.539152 0.0078195
(1,((((2,3),4),5),(6,(((7,(8,9)),10),11))),12); -9123.06  -0.00297277 83.8064 29.3587 0 -9177.5 0.248162 0.231817 0.203024 0.316998  0.0471635   0.317141  0.0752675  0.0134576   0.539152 0.00781837
(1,((((2,3),4),5),(6,(((7,(8,9)),10),11))),12); -9122.55  -0.00297277 89.131 29.6314 0 -9182.05 0.248165 0.231819 0.203026  0.31699  0.0471629   0.317133  0.0752695  0.0134578   0.539158 0.00781891
(1,((((2,3),4),5),(6,(((7,(8,9)),10),11))),12); -9122.95  -0.00297277 87.9609 28.9216 0 -9181.99 0.248166 0.231819 0.203024 0.316992  0.0471637    0.31714   0.075266  0.0134574   0.539152 0.00782033
(1,((((2,3),4),5),(6,(((7,(8,9)),10),11))),12); -9122.53  -0.00297277 89.912 29.7664 0 -9182.67 0.248162 0.231817 0.203019 0.317003  0.0471654   0.317135  0.0752672   0.013456   0.539158 0.00781857
(1,((((2,3),4),5),(6,(((7,(8,9)),10),11))),12); -9128.33  -0.00297277 96.9426 29.3555 0 -9195.91 0.248168 0.231818 0.203021 0.316993  0.0471617   0.317137  0.0752696  0.0134564   0.539156 0.00781933
(1,((((2,3),4),5),(6,(((7,(8,9)),10),11))),12); -9122.14  -0.00297277 83.4355 28.8974 0 -9176.68 0.248158 0.231822 0.203023 0.316997  0.0471635   0.317136  0.0752677  0.0134581   0.539156 0.00781817
(1,((((2,3),4),5),(6,(((7,(8,9)),10),11))),12); -9121.67  -0.00297277 87.4062 29.8514 0 -9179.22 0.248158  0.23182  0.20303 0.316992   0.047164   0.317136  0.0752697   0.013456   0.539156 0.00781836
(1,((((2,3),4),5),(6,(((7,(8,9)),10),11))),12); -9146.8  -0.00297277 99.9904 29.3655 0 -9217.42  0.24816 0.231822 0.203023 0.316995  0.0471614   0.317139  0.0752652  0.0134569   0.539158 0.00781929
(1,((((2,3),4),5),(6,(((7,(8,9)),10),11))),12); -9123.36  -0.00297277 82.1984 28.947 0 -9176.61  0.24817 0.231809 0.203027 0.316994  0.0471624   0.317131  0.0752677  0.0134578   0.539162 0.00781887
(1,((((2,3),4),5),(6,(((7,(8,9)),10),11))),12); -9124.02  -0.00297277 82.5469 28.6488 0 -9177.92 0.248158  0.23182 0.203028 0.316993   0.047165   0.317137  0.0752728  0.0134561    0.53915 0.00781923
(1,((((2,3),4),5),(6,(((7,(8,9)),10),11))),12); -9121.87  -0.00297277 84.626 29.7952 0 -9176.7 0.248159 0.231815 0.203031 0.316995  0.0471622   0.317137  0.0752713  0.0134566   0.539154 0.00781876
(1,((((2,3),4),5),(6,(((7,(8,9)),10),11))),12); -9147.69  -0.00297277 98.3683 29.3285 0 -9216.73 0.248164 0.231816 0.203023 0.316997 0.0471634  0.317141 0.0752698 0.0134566   0.53915 0.0078188
(1,((((2,3),4),5),(6,(((7,(8,9)),10),11))),12); -9124.97  -0.00297277 82.7911 28.9798 0 -9178.77 0.248156 0.231816 0.203028    0.317  0.0471628   0.317138  0.0752668  0.0134572   0.539157 0.00781854
(1,((((2,3),4),5),(6,(((7,(8,9)),10),11))),12); -9125.32  -0.00297277 77.4617 29.4639 0 -9173.31 0.248161 0.231822 0.203022 0.316996  0.0471637   0.317138  0.0752725  0.0134576    0.53915 0.00781785
(1,((((2,3),4),5),(6,(((7,(8,9)),10),11))),12); -9127.63  -0.00297277 98.2264 29.545 0 -9196.31 0.248163 0.231816 0.203029 0.316992  0.0471603   0.317143  0.0752715   0.013457    0.53915 0.00781811
(1,((((2,3),4),5),(6,(((7,(8,9)),10),11))),12); -9126.87  -0.00297277 87.6665 29.1947 0 -9185.34  0.24816 0.231821 0.203022 0.316997  0.0471621   0.317133  0.0752686  0.0134568   0.539161 0.00781896
(1,((((2,3),4),5),(6,(((7,(8,9)),10),11))),12); -9124.72  -0.00297277 79.7909 29.1244 0 -9175.38 0.248161 0.231822  0.20303 0.316988  0.0471676   0.317137  0.0752662  0.0134575   0.539153 0.00781895
(1,((((2,3),4),5),(6,(((7,(8,9)),10),11))),12); -9125.91  -0.00297277 83.3213 29.4058 0 -9179.83 0.248166 0.231821 0.203026 0.316988 0.0471653   0.31714 0.0752671 0.0134577  0.539151 0.0078189
(1,((((2,3),4),5),(6,(((7,(8,9)),10),11))),12); -9124.47  -0.00297277 85.1414 29.4483 0 -9180.16 0.248166 0.231819 0.203021 0.316994   0.047162   0.317138  0.0752687  0.0134585   0.539152 0.00782082
(1,((((2,3),4),5),(6,(((7,(8,9)),10),11))),12); -9132.91  -0.00297277 94.0807 29.313 0 -9197.67 0.248162 0.231817 0.203024 0.316997   0.047162   0.317138  0.0752703  0.0134559   0.539155 0.00781889
(1,((((2,3),4),5),(6,(((7,(8,9)),10),11))),12); -9124.08  -0.00297277 82.0563 29.0603 0 -9177.07 0.248159 0.231822 0.203025 0.316994  0.0471621   0.317131  0.0752693  0.0134563   0.539163 0.00781894
(1,((((2,3),4),5),(6,(((7,(8,9)),10),11))),12); -9123.93  -0.00297277 82.8311 29.5487 0 -9177.2  0.24816 0.231817 0.203028 0.316995  0.0471632   0.317139  0.0752708  0.0134576   0.539151 0.00781877
(1,((((2,3),4),5),(6,(((7,(8,9)),10),11))),12); -9125.69  -0.00297277 104.022 29.1966 0 -9200.51 0.248164 0.231814 0.203023 0.316998  0.0471642   0.317135  0.0752711  0.0134581   0.539151 0.00782011
(1,((((2,3),4),5),(6,(((7,(8,9)),10),11))),12); -9140.77  -0.00297277 95.3116 29.6218 0 -9206.46 0.248166 0.231816 0.203025 0.316993  0.0471653   0.317138   0.075266  0.0134574   0.539152 0.00782054
(1,((((2,3),4),5),(6,(((7,(8,9)),10),11))),12); -9138.26  -0.00297277 85.7075 29.8745 0 -9194.09 0.248159 0.231816 0.203028 0.316997  0.0471642   0.317138  0.0752686  0.0134566   0.539154 0.00781838
(1,((((2,3),4),5),(6,(((7,(8,9)),10),11))),12); -9126.04  -0.00297277 90.0325 29.0262 0 -9187.04 0.248161 0.231814 0.203025 0.316999   0.047162   0.317135  0.0752674  0.0134563   0.539161 0.00781912
(1,((((2,3),4),5),(6,(((7,(8,9)),10),11))),12); -9138.06  -0.00297277 101.167 29.2907 0 -9209.94 0.248161 0.231818 0.203027 0.316995  0.0471616   0.317141  0.0752704  0.0134554   0.539153 0.00781858
(1,((((2,3),4),5),(6,(((7,(8,9)),10),11))),12); -9123.12  -0.00297277 85.6002 29.0417 0 -9179.67 0.248156 0.231816 0.203026 0.317002  0.0471646   0.317132  0.0752686   0.013456   0.539159 0.00781984
(1,((((2,3),4),5),(6,(((7,(8,9)),10),11))),12); -9122.25  -0.00297277 88.8432 29.3054 0 -9181.79 0.248165 0.231817 0.203031 0.316988   0.047162   0.317141   0.075271  0.0134564    0.53915 0.00781976
(1,((((2,3),4),5),(6,(((7,(8,9)),10),11))),12); -9126.64  -0.00297277 85.042 29.2075 0 -9182.47 0.248164  0.23182 0.203019 0.316997  0.0471623   0.317132  0.0752695  0.0134566    0.53916 0.00782017
(1,((((2,3),4),5),(6,(((7,(8,9)),10),11))),12); -9128.56  -0.00297277 90.1662 29.6808 0 -9189.04 0.248162 0.231817 0.203024 0.316998  0.0471658   0.317132  0.0752695  0.0134587   0.539155 0.00781909
(1,((((2,3),4),5),(6,(((7,(8,9)),10),11))),12); -9123.32  -0.00297277 87.6727 29.6509 0 -9181.34 0.248159 0.231818 0.203023 0.316999  0.0471644   0.317129  0.0752706  0.0134571   0.539159 0.00781956
