tree logl logTop logBL logPrior logQ logWt pi1 pi2 pi3 pi4 s1 s2 s3 s4 s5 s6
(1,((((2,3),4),5),(6,(((7,(8,9)),10),11))),12); -9121.67  -0.00297277 89.5215 29.7234 0 -9181.47 0.248162 0.231821 0.203026 0.316991  0.0471633   0.317136  0.0752648  0.0134568    0.53916 0.00781878
(1,((((2,3),4),5),(6,(((7,(8,9)),10),11))),12); -9133.52  -0.00297277 82.8987 29.2965 0 -9187.12 0.248163 0.231821 0.203017 0.316998  0.0471587   0.317138  0.0752673  0.0134568    0.53916 0.00781903
(1,((((2,3),4),5),(6,(((7,(8,9)),10),11))),12); -9119.16  -0.00297277 96.0451 29.2049 0 -9186 0.248163 0.231824 0.203021 0.316992 0.0471629  0.317136 0.0752714 0.0134584  0.539153 0.0078186
(1,((((2,3),4),5),(6,(((7,(8,9)),10),11))),12); -9119.2  -0.00297277 97.8124 29.2376 0 -9187.77 0.248159 0.231812 0.203028    0.317  0.0471631   0.317135  0.0752686  0.0134572   0.539156 0.00781949
(1,((((2,3),4),5),(6,(((7,(8,9)),10),11))),12); -9120.63  -0.00297277 91.1461 29.3812 0 -9182.39 0.248164 0.231817 0.203024 0.316994  0.0471618   0.317136   0.075271  0.0134573   0.539155 0.00781873
(1,((((2,3),4),5),(6,(((7,(8,9)),10),11))),12); -9125.7  -0.00297277 103.462 29.3348 0 -9199.82 0.248161  0.23182 0.203023 0.316996  0.0471632   0.317136  0.0752713  0.0134596   0.539151 0.00781868
(1,((((2,3),4),5),(6,(((7,(8,9)),10),11))),12); -9123.93  -0.00297277 106.217 29.5661 0 -9200.58 0.248165 0.231818 0.203022 0.316994  0.0471666   0.317137  0.0752639  0.0134573   0.539155 0.00782027
(1,((((2,3),4),5),(6,(((7,(8,9)),10),11))),12); -9126.12  -0.00297277 104.764 29.294 0 -9201.59 0.248164 0.231814 0.203031 0.316992  0.0471625   0.317138  0.0752681  0.0134577   0.539155 0.00781906
(1,((((2,3),4),5),(6,(((7,(8,9)),10),11))),12); -9124.15  -0.00297277 95.4686 29.3239 0 -9190.29 0.248159 0.231821 0.203024 0.316997   0.047162   0.317134  0.0752696  0.0134565    0.53916 0.00781768
(1,((((2,3),4),5),(6,(((7,(8,9)),10),11))),12); -9120.84  -0.00297277 91.7757 29.3486 0 -9183.26 0.248155 0.231826 0.203022 0.316997  0.0471623   0.317137   0.075271  0.0134561   0.539154 0.00781947
(1,((((2,3),4),5),(6,(((7,(8,9)),10),11))),12); -9119.79  -0.00297277 96.9897 29.4746 0 -9187.3 0.248165 0.231813 0.203023 0.316999 0.0471616  0.317137 0.0752672 0.0134564   0.53916  0.007818
(1,((((2,3),4),5),(6,(((7,(8,9)),10),11))),12); -9138.88  -0.00297277 94.4566 30.2522 0 -9203.08 0.248161 0.231816 0.203023    0.317  0.0471622   0.317134   0.075271  0.0134573   0.539156 0.00781937
(1,((((2,3),4),5),(6,(((7,(8,9)),10),11))),12); -9121.3  -0.00297277 95.9996 29.6764 0 -9187.62 0.248164 0.231821 0.203021 0.316995  0.0471599   0.317141  0.0752684  0.0134573   0.539154 0.00781993
(1,((((2,3),4),5),(6,(((7,(8,9)),10),11))),12); -9120.91  -0.00297277 91.1115 28.9201 0 -9183.1  0.24816 0.231813 0.203027    0.317   0.047166   0.317141  0.0752665  0.0134576    0.53915 0.00781891
(1,((((2,3),4),5),(6,(((7,(8,9)),10),11))),12); -9137.06  -0.00297277 88.8817 29.7608 0 -9196.18 0.248161 0.231819 0.203024 0.316996  0.0471612   0.317134  0.0752647  0.0134573   0.539164 0.00781943
(1,((((2,3),4),5),(6,(((7,(8,9)),10),11))),12); -9120.56  -0.00297277 90.134 29.1395 0 -9181.55 0.248163  0.23182 0.203023 0.316993  0.0471629   0.317132  0.0752686  0.0134577    0.53916 0.00781886
(1,((((2,3),4),5),(6,(((7,(8,9)),10),11))),12); -9128.33  -0.00297277 87.8846 29.7139 0 -9186.5 0.248166 0.231817 0.203024 0.316994  0.0471663   0.317135  0.0752668  0.0134572   0.539156 0.00781911
(1,((((2,3),4),5),(6,(((7,(8,9)),10),11))),12); -9128.92  -0.00297277 105.582 29.2771 0 -9205.22  0.24816 0.231821 0.203025 0.316995  0.0471635   0.317132  0.0752692  0.0134582   0.539158 0.00781876
(1,((((2,3),4),5),(6,(((7,(8,9)),10),11))),12); -9122.68  -0.00297277 106.247 29.3702 0 -9199.56 0.248161  0.23182 0.203023 0.316995  0.0471596   0.317142  0.0752708  0.0134566   0.539151 0.00782032
(1,((((2,3),4),5),(6,(((7,(8,9)),10),11))),12); -9133.03  -0.00297277 99.3004 29.2736 0 -9203.05 0.248165 0.231818 0.203025 0.316992  0.0471642   0.317135  0.0752673  0.0134564   0.539158 0.00781889
(1,((((2,3),4),5),(6,(((7,(8,9)),10),11))),12); -9126.2  -0.00297277 89.1018 29.44 0 -9185.86 0.248156 0.231823 0.203024 0.316997  0.0471603   0.317142   0.075266  0.0134568   0.539155 0.00781987
(1,((((2,3),4),5),(6,(((7,(8,9)),10),11))),12); -9130.73  -0.00297277 100.803 29.3933 0 -9202.14 0.248164 0.231816 0.203025 0.316994  0.0471664   0.317128  0.0752723  0.0134566   0.539157 0.00781887
(1,((((2,3),4),5),(6,(((7,(8,9)),10),11))),12); -9119.27  -0.00297277 101.064 29.3184 0 -9191.01 0.248159 0.231821 0.203022 0.316998  0.0471626   0.317138  0.0752689   0.013457   0.539153 0.00782086
(1,((((2,3),4),5),(6,(((7,(8,9)),10),11))),12); -9136.86  -0.00297277 97.5529 29.0925 0 -9205.32 0.248157 0.231815 0.203027 0.317001  0.0471673   0.317131  0.0752669  0.0134566   0.539158 0.00781948
(1,((((2,3),4),5),(6,(((7,(8,9)),10),11))),12); -9125.66  -0.00297277 90.207 29.1715 0 -9186.69 0.248159 0.231818 0.203027 0.316995  0.0471671   0.317135  0.0752635  0.0134573   0.539157 0.00781973
(1,((((2,3),4),5),(6,(((7,(8,9)),10),11))),12); -9128.77  -0.00297277 92.6699 28.9834 0 -9192.45 0.248162 0.231818 0.203022 0.316999  0.0471615    0.31714  0.0752684  0.0134586   0.539152 0.00781927
(1,((((2,3),4),5),(6,(((7,(8,9)),10),11))),12); -9127.62  -0.00297277 92.4039 29.5864 0 -9190.43 0.248162 0.231813 0.203028 0.316998  0.0471667   0.317136  0.0752696  0.0134578   0.539149 0.00782073
(1,((((2,3),4),5),(6,(((7,(8,9)),10),11))),12); -9122.28  -0.00297277 91.625 29.5886 0 -9184.32 0.248158 0.231821 0.203021 0.316999  0.0471631   0.317139   0.075268  0.0134581   0.539153 0.00781858
(1,((((2,3),4),5),(6,(((7,(8,9)),10),11))),12); -9126.08  -0.00297277 104.447 29.4074 0 -9201.12 0.248164 0.231811 0.203029 0.316996  0.0471647   0.317135   0.075268  0.0134566   0.539157 0.00781802
(1,((((2,3),4),5),(6,(((7,(8,9)),10),11))),12); -9128.24  -0.00297277 88.9614 29.2359 0 -9187.96 0.248164 0.231819  0.20302 0.316997  0.0471612   0.317139   0.075269  0.0134585   0.539153 0.00781977
(1,((((2,3),4),5),(6,(((7,(8,9)),10),11))),12); -9131.39  -0.00297277 82.4056 29.0844 0 -9184.71  0.24816 0.231819 0.203021 0.317001  0.0471674   0.317133  0.0752663  0.0134569   0.539157 0.00781967
(1,((((2,3),4),5),(6,(((7,(8,9)),10),11))),12); -9120.02  -0.00297277 92.1046 29.2007 0 -9182.92 0.248169 0.231813  0.20302 0.316998  0.0471636   0.317143  0.0752688  0.0134564   0.539149 0.00781935
(1,((((2,3),4),5),(6,(((7,(8,9)),10),11))),12); -9122.29  -0.00297277 85.7018 29.1638 0 -9178.82 0.248166 0.231816 0.203021 0.316997  0.0471652   0.317143  0.0752674  0.0134566   0.539149 0.00781872
(1,((((2,3),4),5),(6,(((7,(8,9)),10),11))),12); -9124.16  -0.00297277 90.6281 29.4284 0 -9185.36 0.248161 0.231821 0.203026 0.316992 0.0471622  0.317135 0.0752696 0.0134584  0.539154 0.0078201
(1,((((2,3),4),5),(6,(((7,(8,9)),10),11))),12); -9137.7  -0.00297277 107.063 29.2032 0 -9215.56 0.248163 0.231817 0.203023 0.316997  0.0471666   0.317131    0.07527  0.0134578   0.539156 0.00781866
(1,((((2,3),4),5),(6,(((7,(8,9)),10),11))),12); -9125.99  -0.00297277 88.2857 29.8899 0 -9184.38 0.248162 0.231816 0.203023 0.316998   0.047163   0.317135  0.0752665  0.0134572   0.539158 0.00781964
(1,((((2,3),4),5),(6,(((7,(8,9)),10),11))),12); -9122.38  -0.00297277 90.0607 29.6569 0 -9182.79 0.248158 0.231815 0.203026 0.317001  0.0471649   0.317131   0.075266   0.013457   0.539162 0.00781939
(1,((((2,3),4),5),(6,(((7,(8,9)),10),11))),12); -9121.13  -0.00297277 103.805 29.4713 0 -9195.46 0.248157 0.231818 0.203023 0.317002  0.0471643   0.317141  0.0752681  0.0134581    0.53915 0.00781828
(1,((((2,3),4),5),(6,(((7,(8,9)),10),11))),12); -9131.85  -0.00297277 107.295 29.2605 0 -9209.88 0.248165 0.231818 0.203023 0.316994  0.0471661   0.317128  0.0752711  0.0134579   0.539159 0.00781834
(1,((((2,3),4),5),(6,(((7,(8,9)),10),11))),12); -9121.96  -0.00297277 91.2248 29.0366 0 -9184.15  0.24816 0.231825 0.203025  0.31699  0.047164  0.317136 0.0752703 0.0134563  0.539155 0.0078184
(1,((((2,3),4),5),(6,(((7,(8,9)),10),11))),12); -9135.11  -0.00297277 95.9709 29.1243 0 -9201.95 0.248159 0.231822 0.203028 0.316991  0.0471642   0.317132  0.0752709  0.0134566   0.539157 0.00781898
(1,((((2,3),4),5),(6,(((7,(8,9)),10),11))),12); -9121.65  -0.00297277 96.9568 29.3871 0 -9189.22 0.248156 0.231816 0.203024 0.317004   0.047164   0.317132  0.0752687  0.0134572    0.53916 0.00781857
(1,((((2,3),4),5),(6,(((7,(8,9)),10),11))),12); -9120.62  -0.00297277 89.3145 29.5048 0 -9180.43 0.248165  0.23182 0.203022 0.316993  0.0471643   0.317142  0.0752678  0.0134569   0.539149 0.00782004
(1,((((2,3),4),5),(6,(((7,(8,9)),10),11))),12); -9133.95  -0.00297277 105.445 29.3669 0 -9210.03 0.248161 0.231813 0.203026    0.317  0.0471643   0.317133  0.0752694  0.0134572   0.539158 0.00781841
(1,((((2,3),4),5),(6,(((7,(8,9)),10),11))),12); -9121.21  -0.00297277 91.5504 29.048 0 -9183.71 0.248158 0.231827 0.203025 0.316989  0.0471635   0.317138  0.0752668  0.0134564   0.539156 0.00781934
(1,((((2,3),4),5),(6,(((7,(8,9)),10),11))),12); -9120.75  -0.00297277 87.7321 29.3159 0 -9179.17 0.248163 0.231817 0.203028 0.316992  0.0471631   0.317138  0.0752631  0.0134568    0.53916 0.00781891
(1,((((2,3),4),5),(6,(((7,(8,9)),10),11))),12); -9126.49  -0.00297277 99.4124 29.2492 0 -9196.65  0.24816 0.231818 0.203032  0.31699 0.0471637   0.31714 0.0752667  0.013457  0.539154 0.0078186
(1,((((2,3),4),5),(6,(((7,(8,9)),10),11))),12); -9166.1  -0.00297277 99.2013 29.3198 0 -9235.98  0.24816 0.231819 0.203021 0.316999  0.0471634   0.317135  0.0752682  0.0134575   0.539157 0.00781917
(1,((((2,3),4),5),(6,(((7,(8,9)),10),11))),12); -9121.87  -0.00297277 87.5002 30.0365 0 -9179.33 0.248162 0.231816 0.203025 0.316996  0.0471653   0.317132  0.0752669  0.0134564   0.539161 0.00781847
(1,((((2,3),4),5),(6,(((7,(8,9)),10),11))),12); -9150.95  -0.00297277 96.1546 29.0314 0 -9218.07 0.248167 0.231809 0.203027 0.316997  0.0471615   0.317137    0.07527   0.013459   0.539154 0.00781889
(1,((((2,3),4),5),(6,(((7,(8,9)),10),11))),12); -9120.66  -0.00297277 93.4256 29.1394 0 -9184.94 0.248164 0.231811 0.203026 0.316999  0.0471667   0.317137  0.0752722  0.0134582   0.539148 0.00781835
(1,((((2,3),4),5),(6,(((7,(8,9)),10),11))),12); -9122.38  -0.00297277 89.5082 29.3351 0 -9182.55 0.248161 0.231816 0.203028 0.316995  0.0471641   0.317142  0.0752694  0.0134576   0.539147 0.00782015
(1,((((2,3),4),5),(6,(((7,(8,9)),10),11))),12); -9128.78  -0.00297277 98.6985 29.1028 0 -9198.37 0.248164 0.231819 0.203022 0.316995  0.0471659   0.317132  0.0752691  0.0134574   0.539157 0.00781951
(1,((((2,3),4),5),(6,(((7,(8,9)),10),11))),12); -9133.97  -0.00297277 104.975 29.4174 0 -9209.53 0.248162  0.23182 0.203027 0.316991  0.0471653   0.317139  0.0752703  0.0134574   0.539149 0.00781895
(1,((((2,3),4),5),(6,(((7,(8,9)),10),11))),12); -9119.17  -0.00297277 99.3206 29.4576 0 -9189.03 0.248161 0.231818 0.203022 0.316999  0.0471625   0.317139  0.0752686  0.0134561   0.539154 0.00781981
(1,((((2,3),4),5),(6,(((7,(8,9)),10),11))),12); -9138.78  -0.00297277 89.757 28.7544 0 -9199.78 0.248166 0.231822 0.203023  0.31699  0.0471657   0.317133   0.075269  0.0134571   0.539155 0.00781943
(1,((((2,3),4),5),(6,(((7,(8,9)),10),11))),12); -9122.09  -0.00297277 93.877 29.5739 0 -9186.39  0.24816 0.231821 0.203026 0.316993  0.0471634   0.317137  0.0752673  0.0134585   0.539155 0.00781814
(1,((((2,3),4),5),(6,(((7,(8,9)),10),11))),12); -9122.81  -0.00297277 84.1468 29.2879 0 -9177.67 0.248165 0.231817 0.203027 0.316992  0.0471608    0.31713  0.0752685  0.0134569   0.539165 0.00781911
(1,((((2,3),4),5),(6,(((7,(8,9)),10),11))),12); -9124.58  -0.00297277 89.6103 29.3271 0 -9184.86 0.248161 0.231823 0.203024 0.316992  0.0471614   0.317135   0.075271  0.0134573   0.539155 0.00782018
(1,((((2,3),4),5),(6,(((7,(8,9)),10),11))),12); -9120.84  -0.00297277 90.6095 28.6768 0 -9182.77 0.248166 0.231819 0.203018 0.316997   0.047163    0.31714  0.0752693  0.0134567   0.539152 0.00781985
(1,((((2,3),4),5),(6,(((7,(8,9)),10),11))),12); -9122.88  -0.00297277 91.7725 29.6662 0 -9184.98 0.248168 0.231823 0.203022 0.316987  0.0471632   0.317139  0.0752688  0.0134592   0.539151 0.00781917
(1,((((2,3),4),5),(6,(((7,(8,9)),10),11))),12); -9123.07  -0.00297277 88.7249 29.5812 0 -9182.21 0.248155 0.231818 0.203025 0.317001 0.0471683  0.317135 0.0752701 0.0134569  0.539151 0.0078187
(1,((((2,3),4),5),(6,(((7,(8,9)),10),11))),12); -9131.45  -0.00297277 104.2 29.3928 0 -9206.25 0.248164 0.231813 0.203023    0.317  0.0471655   0.317139  0.0752699  0.0134574   0.539151 0.00781807
(1,((((2,3),4),5),(6,(((7,(8,9)),10),11))),12); -9122.58  -0.00297277 93.2829 28.9103 0 -9186.95 0.248168 0.231816 0.203023 0.316993  0.0471607   0.317139  0.0752745  0.0134568   0.539151 0.00781829
(1,((((2,3),4),5),(6,(((7,(8,9)),10),11))),12); -9128.83  -0.00297277 101.745 29.2753 0 -9201.3 0.248163 0.231817 0.203028 0.316992  0.0471647   0.317141  0.0752687  0.0134584   0.539148 0.00781954
(1,((((2,3),4),5),(6,(((7,(8,9)),10),11))),12); -9121.13  -0.00297277 89.7614 29.3049 0 -9181.59 0.248156 0.231822 0.203028 0.316994  0.0471634   0.317135  0.0752713  0.0134571   0.539154 0.00781863
(1,((((2,3),4),5),(6,(((7,(8,9)),10),11))),12); -9121.42  -0.00297277 91.9416 29.5158 0 -9183.84 0.248163 0.231817  0.20302    0.317  0.0471645   0.317126  0.0752691  0.0134575   0.539163 0.00782003
(1,((((2,3),4),5),(6,(((7,(8,9)),10),11))),12); -9121.65  -0.00297277 91.6124 29.8503 0 -9183.41 0.248159 0.231818 0.203028 0.316996  0.0471647   0.317136  0.0752691  0.0134577   0.539153 0.00781924
(1,((((2,3),4),5),(6,(((7,(8,9)),10),11))),12); -9120.51  -0.00297277 97.9754 29.2865 0 -9189.19  0.24817 0.231813 0.203025 0.316992  0.0471646    0.31714  0.0752689  0.0134572   0.539152 0.00781797
(1,((((2,3),4),5),(6,(((7,(8,9)),10),11))),12); -9120.42  -0.00297277 90.3564 29.6611 0 -9181.12 0.248165 0.231814 0.203024 0.316998   0.047162   0.317136  0.0752709  0.0134585   0.539153 0.00782034
(1,((((2,3),4),5),(6,(((7,(8,9)),10),11))),12); -9135.03  -0.00297277 88.2226 28.9776 0 -9194.27 0.248163 0.231819 0.203025 0.316993  0.0471656   0.317142  0.0752656  0.0134567   0.539151 0.00781839
(1,((((2,3),4),5),(6,(((7,(8,9)),10),11))),12); -9128.29  -0.00297277 92.7799 29.5172 0 -9191.55 0.248166 0.231814 0.203026 0.316994  0.0471644   0.317133  0.0752696  0.0134579   0.539156 0.00781909
(1,((((2,3),4),5),(6,(((7,(8,9)),10),11))),12); -9119.68  -0.00297277 95.7963 29.4233 0 -9186.05  0.24816 0.231822 0.203019 0.316999  0.0471653   0.317141  0.0752688  0.0134565   0.539148 0.00782012
(1,((((2,3),4),5),(6,(((7,(8,9)),10),11))),12); -9124.11  -0.00297277 89.6906 29.3572 0 -9184.44 0.248165 0.231817 0.203023 0.316995  0.0471626    0.31714  0.0752661  0.0134572   0.539154 0.00782005
(1,((((2,3),4),5),(6,(((7,(8,9)),10),11))),12); -9124.46  -0.00297277 89.8587 29.6317 0 -9184.68  0.24816  0.23182 0.203022 0.316999  0.0471669   0.317133  0.0752683  0.0134564   0.539156 0.00781876
(1,((((2,3),4),5),(6,(((7,(8,9)),10),11))),12); -9121.79  -0.00297277 98.0319 29.2492 0 -9190.57  0.24816 0.231816 0.203026 0.316998  0.0471679   0.317136  0.0752652  0.0134559   0.539156 0.00781882
(1,((((2,3),4),5),(6,(((7,(8,9)),10),11))),12); -9177.5  -0.00297277 98.872 29.2011 0 -9247.17 0.248158 0.231819 0.203025 0.316999  0.0471626    0.31714  0.0752676  0.0134569   0.539155 0.00781778
(1,((((2,3),4),5),(6,(((7,(8,9)),10),11))),12); -9174.91  -0.00297277 96.272 29.4739 0 -9241.7 0.248159 0.231817 0.203024    0.317  0.0471659   0.317138  0.0752689  0.0134571   0.539151 0.00781882
(1,((((2,3),4),5),(6,(((7,(8,9)),10),11))),12); -9121.58  -0.00297277 89.6326 28.6384 0 -9182.57 0.248163 0.231819 0.203019    0.317  0.0471644   0.317138   0.075268  0.0134569   0.539153 0.00781959
(1,((((2,3),4),5),(6,(((7,(8,9)),10),11))),12); -9152.48  -0.00297277 86.7939 29.3976 0 -9209.87 0.248164 0.231819 0.203018 0.316999  0.0471625   0.317141    0.07527  0.0134562   0.539151 0.00781909
(1,((((2,3),4),5),(6,(((7,(8,9)),10),11))),12); -9128.19  -0.00297277 94.2369 29.6091 0 -9192.82 0.248167 0.231818 0.203018 0.316997  0.0471658   0.317131  0.0752708  0.0134557   0.539159 0.00781788
(1,((((2,3),4),5),(6,(((7,(8,9)),10),11))),12); -9161.41  -0.00297277 94.4908 28.3189 0 -9227.58 0.248163 0.231818 0.203023 0.316996  0.0471637   0.317138  0.0752651  0.0134562   0.539159 0.00781812
(1,((((2,3),4),5),(6,(((7,(8,9)),10),11))),12); -9123.08  -0.00297277 87.0996 29.5047 0 -9180.67 0.248161 0.231815 0.203026 0.316998  0.0471627   0.317142  0.0752693   0.013458   0.539149 0.00781933
(1,((((2,3),4),5),(6,(((7,(8,9)),10),11))),12); -9139.86  -0.00297277 98.7052 29.2623 0 -9209.3 0.248162 0.231817  0.20303 0.316991  0.0471654    0.31713  0.0752657  0.0134576   0.539161 0.00782024
(1,((((2,3),4),5),(6,(((7,(8,9)),10),11))),12); -9121.62  -0.00297277 88.8033 29.3642 0 -9181.06  0.24816 0.231821 0.203023 0.316996  0.0471647   0.317139  0.0752685  0.0134584   0.539151 0.00781917
(1,((((2,3),4),5),12),(6,(((7,(8,9)),10),11))); -9129.7  -6.17188 101.923 28.9947 0 -9196.45 0.248165 0.231815 0.203021    0.317  0.0471637    0.31713  0.0752712  0.0134569    0.53916 0.00781782
(1,((((2,3),4),5),(6,(((7,(8,9)),10),11))),12); -9124.43  -0.00297277 90.5193 29.1421 0 -9185.8 0.248157 0.231817 0.203026 0.316999  0.0471626   0.317145  0.0752688  0.0134577   0.539148 0.00781813
(1,((((2,3),4),5),(6,(((7,(8,9)),10),11))),12); -9133.7  -0.00297277 99.5822 29.3536 0 -9203.93 0.248163 0.231817 0.203022 0.316998  0.0471637   0.317138  0.0752714  0.0134575    0.53915 0.00781921
(1,((((2,3),4),5),(6,(((7,(8,9)),10),11))),12); -9123.43  -0.00297277 89.6594 29.5154 0 -9183.57 0.248164 0.231817 0.203024 0.316996 0.0471645  0.317131 0.0752719 0.0134569  0.539156 0.0078197
(1,((((2,3),4),5),(6,(((7,(8,9)),10),11))),12); -9122.96  -0.00297277 91.5328 29.0192 0 -9185.47 0.248167 0.231816 0.203021 0.316996  0.0471607   0.317143  0.0752653  0.0134573   0.539153 0.00782004
(1,((((2,3),4),5),(6,(((7,(8,9)),10),11))),12); -9124.94  -0.00297277 95.2486 29.4661 0 -9190.72 0.248159 0.231817 0.203027 0.316997 0.0471604  0.317141 0.0752647 0.0134584  0.539156 0.0078193
(1,((((2,3),4),5),(6,(((7,(8,9)),10),11))),12); -9132.56  -0.00297277 103.389 29.3925 0 -9206.56 0.248163 0.231816 0.203023 0.316998  0.0471665   0.317129  0.0752719  0.0134567   0.539157 0.00781913
(1,((((2,3),4),5),(6,(((7,(8,9)),10),11))),12); -9127.31  -0.00297277 93.1219 29.3058 0 -9191.13 0.248161 0.231816 0.203023    0.317  0.0471621   0.317131  0.0752704  0.0134565    0.53916 0.00782006
(1,((((2,3),4),5),(6,(((7,(8,9)),10),11))),12); -9121.92  -0.00297277 95.9986 29.7311 0 -9188.18 0.248162 0.231817 0.203027 0.316995  0.0471667    0.31713  0.0752691  0.0134573   0.539156 0.00782008
(1,((((2,3),4),5),(6,(((7,(8,9)),10),11))),12); -9120.36  -0.00297277 96.534 29.2425 0 -9187.64 0.248163 0.231815 0.203022    0.317 0.0471617  0.317138  0.075269 0.0134582  0.539154 0.0078195
(1,((((2,3),4),5),(6,(((7,(8,9)),10),11))),12); -9130.02  -0.00297277 88.8577 29.2175 0 -9189.66 0.248162 0.231821 0.203027  0.31699 0.0471642  0.317139 0.0752666 0.0134579  0.539153 0.0078193
(1,((((2,3),4),5),(6,(((7,(8,9)),10),11))),12); -9126.22  -0.00297277 106.58 29.2862 0 -9203.51 0.248161 0.231828 0.203023 0.316988  0.0471633   0.317135  0.0752708  0.0134561   0.539155 0.00781973
(1,((((2,3),4),5),(6,(((7,(8,9)),10),11))),12); -9125.01  -0.00297277 90.9149 28.786 0 -9187.14 0.248167 0.231814 0.203021 0.316999  0.0471649   0.317142  0.0752698   0.013457   0.539148 0.00781859
(1,((((2,3),4),5),(6,(((7,(8,9)),10),11))),12); -9126.32  -0.00297277 108.072 29.4552 0 -9204.93 0.248162 0.231814 0.203029 0.316995   0.047164   0.317135  0.0752701  0.0134552   0.539156 0.00781961
(1,((((2,3),4),5),(6,(((7,(8,9)),10),11))),12); -9121.27  -0.00297277 94.4507 28.9899 0 -9186.73 0.248157 0.231826 0.203028 0.316989   0.047165   0.317136  0.0752681   0.013457   0.539155 0.00781902
(1,((((2,3),4),5),(6,(((7,(8,9)),10),11))),12); -9122.32  -0.00297277 95.5507 30.0399 0 -9187.83  0.24816 0.231817 0.203027 0.316996  0.0471617   0.317135  0.0752659  0.0134583   0.539159 0.00781934
(1,((((2,3),4),5),(6,(((7,(8,9)),10),11))),12); -9126.48  -0.00297277 93.8717 28.9908 0 -9191.36 0.248164 0.231814 0.203025 0.316997  0.0471611   0.317136  0.0752716  0.0134581   0.539155 0.00781861
(1,((((2,3),4),5),(6,(((7,(8,9)),10),11))),12); -9127.92  -0.00297277 90.5587 29.3381 0 -9189.14 0.248164  0.23182 0.203021 0.316995  0.0471682   0.317128  0.0752707  0.0134572   0.539156 0.00781957
(1,((((2,3),4),5),(6,(((7,(8,9)),10),11))),12); -9123.64  -0.00297277 99.1164 29.5092 0 -9193.25 0.248166 0.231816 0.203023 0.316995  0.0471626   0.317131  0.0752737  0.0134576   0.539156 0.00781949
(1,((((2,3),4),5),(6,(((7,(8,9)),10),11))),12); -9131.62  -0.00297277 93.5428 29.0126 0 -9196.14 0.248164 0.231808 0.203026 0.317003  0.0471639   0.317136  0.0752685  0.0134563   0.539157 0.00781851
(1,((((2,3),4),5),(6,(((7,(8,9)),10),11))),12); -9120.85  -0.00297277 93.2346 29.4769 0 -9184.6 0.248166 0.231818  0.20302 0.316996  0.0471634   0.317143  0.0752644  0.0134564   0.539154 0.00781868
(1,((((2,3),4),5),(6,(((7,(8,9)),10),11))),12); -9131.87  -0.00297277 85.8883 29.2234 0 -9188.53 0.248161 0.231825 0.203013 0.317001  0.0471628   0.317139  0.0752701  0.0134592   0.539151 0.00781781
(1,((((2,3),4),5),(6,(((7,(8,9)),10),11))),12); -9120.79  -0.00297277 92.2095 29.3885 0 -9183.61 0.248164 0.231815 0.203023 0.316999  0.0471656   0.317134  0.0752669  0.0134569   0.539159 0.00781842
(1,((((2,3),4),5),(6,(((7,(8,9)),10),11))),12); -9134.9  -0.00297277 103.298 29.2164 0 -9208.98 0.248161 0.231815 0.203028 0.316995  0.0471633   0.317139  0.0752654  0.0134571   0.539155 0.00782008
(1,((((2,3),4),5),(6,(((7,(8,9)),10),11))),12); -9121.93  -0.00297277 91.8197 29.1457 0 -9184.6 0.248161 0.231822 0.203025 0.316991  0.0471624   0.317142  0.0752699   0.013459   0.539149 0.00781802
(1,((((2,3),4),5),(6,(((7,(8,9)),10),11))),12); -9120.91  -0.00297277 91.7044 29.4609 0 -9183.16 0.248164 0.231817 0.203024 0.316995  0.0471641   0.317138  0.0752686  0.0134554   0.539155 0.00781913
(1,((((2,3),4),5),(6,(((7,(8,9)),10),11))),12); -9121.16  -0.00297277 93.7434 29.3677 0 -9185.53 0.248163 0.231817 0.203025 0.316994  0.0471624   0.317137  0.0752676  0.0134583   0.539155 0.00781993
(1,((((2,3),4),5),(6,(((7,(8,9)),10),11))),12); -9123.38  -0.00297277 92.6776 28.918 0 -9187.13 0.248161 0.231817 0.203025 0.316996  0.0471612   0.317135  0.0752687  0.0134568   0.539159 0.00781977
(1,((((2,3),4),5),(6,(((7,(8,9)),10),11))),12); -9120.22  -0.00297277 91.2868 29.3846 0 -9182.12 0.248164 0.231817 0.203019 0.317001  0.0471632   0.317141  0.0752675  0.0134573   0.539153 0.00781867
(1,((((2,3),4),5),(6,(((7,(8,9)),10),11))),12); -9121.02  -0.00297277 93.6062 28.6138 0 -9186.01 0.248165 0.231814 0.203026 0.316995  0.0471614   0.317133  0.0752674  0.0134576   0.539162 0.00781916
(1,((((2,3),4),5),(6,(((7,(8,9)),10),11))),12); -9121.05  -0.00297277 89.0509 29.0169 0 -9181.08  0.24816 0.231825 0.203026  0.31699   0.047163   0.317141  0.0752689  0.0134562   0.539151 0.00781978
(1,((((2,3),4),5),(6,(((7,(8,9)),10),11))),12); -9120.92  -0.00297277 89.6593 29.3274 0 -9181.25 0.248161 0.231817 0.203025 0.316997  0.0471616   0.317141  0.0752694  0.0134562   0.539154 0.00781865
(1,((((2,3),4),5),(6,(((7,(8,9)),10),11))),12); -9119.96  -0.00297277 95.582 29.2428 0 -9186.29 0.248159 0.231821 0.203025 0.316994  0.0471653   0.317139  0.0752678   0.013457    0.53915 0.00782019
(1,((((2,3),4),5),(6,(((7,(8,9)),10),11))),12); -9134.67  -0.00297277 90.691 29.5112 0 -9195.84 0.248167 0.231816 0.203029 0.316989   0.047163   0.317133  0.0752653   0.013458   0.539161 0.00781933
(1,((((2,3),4),5),(6,(((7,(8,9)),10),11))),12); -9148.77  -0.00297277 88.8195 28.5359 0 -9209.05 0.248159  0.23182 0.203025 0.316995  0.0471629   0.317136  0.0752672  0.0134567   0.539159 0.00781878
(1,((((2,3),4),5),(6,(((7,(8,9)),10),11))),12); -9122.75  -0.00297277 89.708 29.2495 0 -9183.21 0.248164 0.231821  0.20302 0.316995  0.0471673   0.317134  0.0752713  0.0134571    0.53915 0.00782052
(1,((((2,3),4),5),(6,(((7,(8,9)),10),11))),12); -9174.99  -0.00297277 94.9519 28.5734 0 -9241.37 0.248167 0.231815 0.203027 0.316991  0.0471638   0.317139  0.0752673  0.0134576   0.539153 0.00781911
(1,((((2,3),4),5),(6,(((7,(8,9)),10),11))),12); -9123.94  -0.00297277 85.6554 28.5006 0 -9181.09 0.248155 0.231823 0.203023 0.316999  0.0471635   0.317125   0.075272  0.0134564   0.539164 0.00781958
(1,((((2,3),4),5),(6,(((7,(8,9)),10),11))),12); -9121.19  -0.00297277 94.1787 29.3006 0 -9186.06 0.248166 0.231817 0.203026 0.316991  0.0471642   0.317133  0.0752726  0.0134574   0.539154 0.00781881
(1,((((2,3),4),5),(6,(((7,(8,9)),10),11))),12); -9122.95  -0.00297277 89.8247 30.2317 0 -9182.54 0.248165  0.23182  0.20303 0.316986  0.0471605   0.317133  0.0752667   0.013459   0.539163 0.00781821
(1,((((2,3),4),5),(6,(((7,(8,9)),10),11))),12); -9120.96  -0.00297277 95.7915 29.4031 0 -9187.35 0.248169 0.231817 0.203027 0.316988  0.0471645   0.317129  0.0752678  0.0134574   0.539161 0.00781984
(1,((((2,3),4),5),(6,(((7,(8,9)),10),11))),12); -9146.31  -0.00297277 101.641 29.4221 0 -9218.52 0.248162 0.231822 0.203021 0.316995  0.0471639   0.317135  0.0752664  0.0134564    0.53916 0.00781882
(1,((((2,3),4),5),(6,(((7,(8,9)),10),11))),12); -9125.71  -0.00297277 89.8281 29.0678 0 -9186.47 0.248171 0.231816 0.203023  0.31699 0.0471644  0.317128 0.0752681 0.0134589   0.53916 0.0078198
(1,((((2,3),4),5),(6,(((7,(8,9)),10),11))),12); -9121.44  -0.00297277 93.6253 29.1536 0 -9185.91 0.248164 0.231819 0.203023 0.316994  0.0471625   0.317134  0.0752677  0.0134566    0.53916 0.00781907
(1,((((2,3),4),5),(6,(((7,(8,9)),10),11))),12); -9124.36  -0.00297277 103.7 29.2165 0 -9198.85 0.248162 0.231823 0.203025  0.31699  0.0471603   0.317139  0.0752683  0.0134578   0.539155 0.00781963
(1,((((2,3),4),5),(6,(((7,(8,9)),10),11))),12); -9121.18  -0.00297277 89.3619 29.3 0 -9181.24 0.248152 0.231819 0.203024 0.317005  0.0471621   0.317144  0.0752677  0.0134553   0.539151 0.00781989
(1,((((2,3),4),5),(6,(((7,(8,9)),10),11))),12); -9123.94  -0.00297277 88.5864 29.7834 0 -9182.74 0.248155 0.231821 0.203019 0.317005 0.0471631   0.31714   0.07527 0.0134561  0.539151 0.0078189
(1,((((2,3),4),5),(6,(((7,(8,9)),10),11))),12); -9120.85  -0.00297277 91.6034 29.552 0 -9182.9  0.24816 0.231817 0.203022 0.317002  0.0471627   0.317131  0.0752683   0.013457   0.539161 0.00782036
(1,((((2,3),4),5),(6,(((7,(8,9)),10),11))),12); -9124.56  -0.00297277 92.2907 29.2342 0 -9187.62  0.24816 0.231818 0.203025 0.316997  0.0471655   0.317136  0.0752695  0.0134577   0.539152 0.00781906
(1,((((2,3),4),5),(6,(((7,(8,9)),10),11))),12); -9122.97  -0.00297277 97.5735 28.9914 0 -9191.55  0.24816 0.231823 0.203022 0.316995  0.0471629   0.317133  0.0752683  0.0134572   0.539159 0.00781992
(1,((((2,3),4),5),(6,(((7,(8,9)),10),11))),12); -9122.84  -0.00297277 94.4867 29.3069 0 -9188.01  0.24816 0.231822 0.203024 0.316995  0.0471648   0.317136  0.0752653  0.0134586   0.539155 0.00781985
(1,((((2,3),4),5),(6,(((7,(8,9)),10),11))),12); -9121.69  -0.00297277 92.8275 29.1227 0 -9185.39 0.248168 0.231814 0.203022 0.316996   0.047161   0.317137  0.0752689  0.0134586   0.539155 0.00781997
(1,((((2,3),4),5),(6,(((7,(8,9)),10),11))),12); -9122.25  -0.00297277 95.0085 29.4399 0 -9187.82 0.248163 0.231817 0.203026 0.316994  0.0471663   0.317135  0.0752685  0.0134583   0.539152 0.00782046
(1,((((2,3),4),5),(6,(((7,(8,9)),10),11))),12); -9123.6  -0.00297277 89.4558 29.0943 0 -9183.96 0.248162 0.231822 0.203023 0.316993  0.0471636   0.317138  0.0752685  0.0134566   0.539154 0.00781914
(1,((((2,3),4),5),(6,(((7,(8,9)),10),11))),12); -9145.83  -0.00297277 91.9036 29.607 0 -9208.13 0.248166 0.231816 0.203021 0.316996  0.0471643   0.317137  0.0752671   0.013458   0.539155 0.00781901
(1,((((2,3),4),5),(6,(((7,(8,9)),10),11))),12); -9119.94  -0.00297277 95.304 29.3834 0 -9185.86 0.248168  0.23181 0.203023 0.316999   0.047166   0.317139  0.0752676  0.0134577    0.53915 0.00781985
(1,((((2,3),4),5),(6,(((7,(8,9)),10),11))),12); -9121.95  -0.00297277 86.1292 29.7851 0 -9178.29  0.24816 0.231813  0.20303 0.316996  0.0471631   0.317133  0.0752697  0.0134569    0.53916 0.00781747
(1,((((2,3),4),5),(6,(((7,(8,9)),10),11))),12); -9125.76  -0.00297277 105.159 29.1717 0 -9201.74 0.248167 0.231816  0.20303 0.316987  0.0471654    0.31714   0.075268  0.0134567   0.539151 0.00781927
(1,((((2,3),4),5),(6,(((7,(8,9)),10),11))),12); -9132.47  -0.00297277 103.772 29.2376 0 -9207 0.248161 0.231817 0.203026 0.316996  0.0471666   0.317138  0.0752633  0.0134579   0.539155 0.00781918
(1,((((2,3),4),5),(6,(((7,(8,9)),10),11))),12); -9122.68  -0.00297277 96.3656 29.0428 0 -9190 0.248159 0.231813  0.20303 0.316998  0.0471655   0.317137  0.0752697  0.0134562   0.539153 0.00781919
(1,((((2,3),4),5),(6,(((7,(8,9)),10),11))),12); -9127.49  -0.00297277 90.881 29.2059 0 -9189.16 0.248165 0.231819 0.203026 0.316989  0.0471641   0.317136  0.0752671   0.013458   0.539156 0.00781938
(1,((((2,3),4),5),(6,(((7,(8,9)),10),11))),12); -9121.31  -0.00297277 91.8464 29.056 0 -9184.1 0.248166 0.231817 0.203022 0.316994  0.0471645   0.317137  0.0752683  0.0134582   0.539152 0.00781917
(1,((((2,3),4),5),(6,(((7,(8,9)),10),11))),12); -9124.87  -0.00297277 106.28 29.3831 0 -9201.76 0.248163 0.231815  0.20302 0.317002  0.0471612   0.317135  0.0752692  0.0134564   0.539158 0.00781962
(1,((((2,3),4),5),(6,(((7,(8,9)),10),11))),12); -9126.96  -0.00297277 92.3053 29.7751 0 -9189.48 0.248161 0.231817 0.203024 0.316999  0.0471657   0.317136   0.075269  0.0134568   0.539153 0.00781906
(1,((((2,3),4),5),(6,(((7,(8,9)),10),11))),12); -9133.58  -0.00297277 91.4016 29.6709 0 -9195.3 0.248165 0.231817 0.203023 0.316995  0.0471646   0.317133  0.0752717  0.0134575   0.539155 0.00781839
(1,((((2,3),4),5),(6,(((7,(8,9)),10),11))),12); -9120.58  -0.00297277 90.6769 29.4411 0 -9181.81 0.248164 0.231812 0.203022 0.317002  0.0471684   0.317131  0.0752674  0.0134568   0.539158 0.00781852
(1,((((2,3),4),5),(6,(((7,(8,9)),10),11))),12); -9124.48  -0.00297277 85.3337 29.2607 0 -9180.55 0.248158 0.231819 0.203025 0.316998 0.0471636  0.317137 0.0752671 0.0134573  0.539156  0.007819
(1,((((2,3),4),5),(6,(((7,(8,9)),10),11))),12); -9121.05  -0.00297277 92.859 29.3935 0 -9184.51 0.248161 0.231817 0.203025 0.316997 0.0471656  0.317136  0.075268 0.0134578  0.539153 0.0078188
(1,((((2,3),4),5),(6,(((7,(8,9)),10),11))),12); -9120.2  -0.00297277 91.77 29.6075 0 -9182.36 0.248165 0.231817 0.203025 0.316993  0.0471638   0.317142   0.075265  0.0134569   0.539154 0.00781884
(1,((((2,3),4),5),(6,(((7,(8,9)),10),11))),12); -9130.8  -0.00297277 100.008 29.6054 0 -9201.2 0.248165 0.231818 0.203022 0.316995  0.0471622   0.317138  0.0752718  0.0134569   0.539151 0.00781933
(1,((((2,3),4),5),(6,(((7,(8,9)),10),11))),12); -9124.07  -0.00297277 92.2081 29.4285 0 -9186.84 0.248164  0.23182 0.203023 0.316993   0.047166   0.317133  0.0752684  0.0134562   0.539157 0.00781962
(1,((((2,3),4),5),(6,(((7,(8,9)),10),11))),12); -9121.9  -0.00297277 96.7847 29.5288 0 -9189.15 0.248159 0.231822 0.203029  0.31699  0.0471635   0.317136  0.0752657  0.0134565   0.539158 0.00781962
(1,((((2,3),4),5),(6,(((7,(8,9)),10),11))),12); -9136.43  -0.00297277 88.6895 29.2773 0 -9195.84 0.248164 0.231824 0.203025 0.316988  0.0471646   0.317132  0.0752727  0.0134574   0.539152 0.00782067
(1,((((2,3),4),5),(6,(((7,(8,9)),10),11))),12); -9121.89  -0.00297277 95.6291 29.3144 0 -9188.2 0.248165 0.231812 0.203025 0.316999  0.0471666   0.317134  0.0752717  0.0134575   0.539151 0.00781962
(1,((((2,3),4),5),(6,(((7,(8,9)),10),11))),12); -9120.86  -0.00297277 91.9983 30.0761 0 -9182.78  0.24816 0.231818 0.203025 0.316997   0.047162   0.317139  0.0752658  0.0134583   0.539155 0.00781918
(1,((((2,3),4),5),(6,(((7,(8,9)),10),11))),12); -9121.97  -0.00297277 91.5044 29.7674 0 -9183.7 0.248166 0.231816 0.203022 0.316996  0.0471645   0.317138   0.075266  0.0134579   0.539154 0.00781889
(1,((((2,3),4),5),(6,(((7,(8,9)),10),11))),12); -9120.95  -0.00297277 95.5164 29.4047 0 -9187.06 0.248162 0.231822 0.203025 0.316992  0.047165  0.317141 0.0752714 0.0134559  0.539149 0.0078174
(1,((((2,3),4),5),(6,(((7,(8,9)),10),11))),12); -9123.53  -0.00297277 91.8478 29.004 0 -9186.37  0.24816 0.231819 0.203026 0.316995 0.0471641  0.317141 0.0752651 0.0134559  0.539154 0.0078195
(1,((((2,3),4),5),(6,(((7,(8,9)),10),11))),12); -9135.54  -0.00297277 91.5366 28.8397 0 -9198.24 0.248163  0.23182 0.203021 0.316996  0.0471664   0.317139  0.0752692  0.0134567    0.53915 0.00781841
(1,((((2,3),4),5),(6,(((7,(8,9)),10),11))),12); -9119.54  -0.00297277 92.7585 29.157 0 -9183.14 0.248161  0.23182  0.20302 0.316998  0.0471635   0.317136   0.075269  0.0134575   0.539154 0.00781991
(1,((((2,3),4),5),(6,(((7,(8,9)),10),11))),12); -9120.44  -0.00297277 95.5325 29.7192 0 -9186.25 0.248168 0.231821 0.203024 0.316987  0.0471632    0.31713  0.0752688  0.0134561   0.539163 0.00781894
(1,((((2,3),4),5),(6,(((7,(8,9)),10),11))),12); -9120.08  -0.00297277 91.9888 29.0013 0 -9183.07 0.248167 0.231815 0.203021 0.316996  0.0471608   0.317127  0.0752689  0.0134576   0.539166 0.00781974
(1,((((2,3),4),5),(6,(((7,(8,9)),10),11))),12); -9133.25  -0.00297277 92.0331 29.2797 0 -9196 0.248168 0.231812 0.203021 0.316999  0.0471611   0.317133  0.0752733  0.0134579   0.539155 0.00781985
(1,((((2,3),4),5),(6,(((7,(8,9)),10),11))),12); -9122.92  -0.00297277 94.7442 29.2099 0 -9188.45 0.248167 0.231824 0.203019 0.316991  0.0471633   0.317142  0.0752694   0.013457   0.539148 0.00782051
(1,((((2,3),4),5),(6,(((7,(8,9)),10),11))),12); -9129.33  -0.00297277 100.405 29.0986 0 -9200.63  0.24816 0.231823  0.20302 0.316997  0.0471639   0.317128  0.0752728  0.0134586   0.539158 0.00781937
(1,((((2,3),4),5),(6,(((7,(8,9)),10),11))),12); -9129.06  -0.00297277 104.566 29.4116 0 -9204.21 0.248165 0.231816 0.203025 0.316994  0.0471631   0.317136  0.0752708  0.0134576   0.539153 0.00781995
(1,((((2,3),4),5),(6,(((7,(8,9)),10),11))),12); -9122.95  -0.00297277 91.7051 28.8643 0 -9185.79 0.248165  0.23182  0.20303 0.316984  0.0471636   0.317137  0.0752684  0.0134562   0.539157 0.00781788
(1,((((2,3),4),5),(6,(((7,(8,9)),10),11))),12); -9120.42  -0.00297277 90.3349 29.4111 0 -9181.35 0.248161 0.231816 0.203019 0.317004  0.0471648   0.317136  0.0752642  0.0134589   0.539158 0.00781845
(1,((((2,3),4),5),(6,(((7,(8,9)),10),11))),12); -9122.71  -0.00297277 91.1451 29.3372 0 -9184.51 0.248161 0.231818 0.203025 0.316996  0.0471651   0.317131  0.0752674  0.0134582   0.539159 0.00781875
(1,((((2,3),4),5),(6,(((7,(8,9)),10),11))),12); -9122.38  -0.00297277 91.7854 29.6913 0 -9184.47  0.24816 0.231811 0.203027 0.317002  0.0471664   0.317135  0.0752689  0.0134567   0.539153 0.00782012
(1,((((2,3),4),5),(6,(((7,(8,9)),10),11))),12); -9119.88  -0.00297277 92.7007 29.3896 0 -9183.19 0.248159 0.231819 0.203024 0.316998  0.0471648   0.317132  0.0752675  0.0134573   0.539157 0.00782133
(1,((((2,3),4),5),(6,(((7,(8,9)),10),11))),12); -9120.12  -0.00297277 93.3614 29.8454 0 -9183.63 0.248158 0.231819 0.203026 0.316997 0.0471649  0.317134  0.075267 0.0134574  0.539156 0.0078205
(1,((((2,3),4),5),(6,(((7,(8,9)),10),11))),12); -9121.26  -0.00297277 93.4232 29.2222 0 -9185.46 0.248163 0.231815 0.203029 0.316994  0.0471655   0.317143  0.0752664  0.0134579   0.539149 0.00781897
(1,((((2,3),4),5),(6,(((7,(8,9)),10),11))),12); -9122.64  -0.00297277 83.261 29.278 0 -9176.62  0.24816  0.23182 0.203023 0.316998  0.0471649   0.317137    0.07527  0.0134559   0.539152 0.00781963
(1,((((2,3),4),5),(6,(((7,(8,9)),10),11))),12); -9126.11  -0.00297277 93.3064 29.3639 0 -9190.05 0.248161 0.231815 0.203026 0.316998  0.0471616   0.317136  0.0752653   0.013457   0.539161 0.00781964
(1,((((2,3),4),5),(6,(((7,(8,9)),10),11))),12); -9121.13  -0.00297277 92.2148 28.9208 0 -9184.42 0.248164 0.231817 0.203028 0.316991  0.0471624    0.31714  0.0752693  0.0134593   0.539148 0.00782066
(1,((((2,3),4),5),(6,(((7,(8,9)),10),11))),12); -9125.88  -0.00297277 95.3093 29.4749 0 -9191.71 0.248163 0.231818 0.203022 0.316997  0.0471644   0.317131  0.0752644   0.013457   0.539165 0.00781775
(1,((((2,3),4),5),(6,(((7,(8,9)),10),11))),12); -9130.12  -0.00297277 99.1975 29.404 0 -9199.91 0.248166 0.231821 0.203017 0.316996  0.0471622    0.31714  0.0752662  0.0134578   0.539153 0.00782071
(1,((((2,3),4),5),(6,(((7,(8,9)),10),11))),12); -9120.07  -0.00297277 96.4731 29.41 0 -9187.13 0.248163 0.231819 0.203024 0.316994  0.0471657   0.317136   0.075268  0.0134576   0.539155 0.00781779
(1,((((2,3),4),5),(6,(((7,(8,9)),10),11))),12); -9122.21  -0.00297277 93.4978 29.2252 0 -9186.48 0.248163 0.231818 0.203031 0.316988  0.0471644   0.317138  0.0752663  0.0134579   0.539155 0.00781855
(1,((((2,3),4),5),(6,(((7,(8,9)),10),11))),12); -9119.91  -0.00297277 94.4946 29.1636 0 -9185.24 0.248166 0.231813 0.203025 0.316996  0.0471645   0.317131  0.0752682  0.0134587   0.539159 0.00781848
(1,((((2,3),4),5),(6,(((7,(8,9)),10),11))),12); -9124.15  -0.00297277 105.387 29.4224 0 -9200.11 0.248168 0.231816 0.203021 0.316994   0.047168   0.317135  0.0752688  0.0134577   0.539151 0.00781986
(1,((((2,3),4),5),(6,(((7,(8,9)),10),11))),12); -9125.77  -0.00297277 91.9033 29.0966 0 -9188.57  0.24816 0.231817 0.203031 0.316992 0.0471631  0.317133   0.07527 0.0134581  0.539156   0.00782
(1,((((2,3),4),5),(6,(((7,(8,9)),10),11))),12); -9122.91  -0.00297277 91.7316 29.5299 0 -9185.1 0.248163 0.231817 0.203025 0.316994  0.0471633   0.317137   0.075267  0.0134579   0.539156 0.00781953
(1,((((2,3),4),5),(6,(((7,(8,9)),10),11))),12); -9120.47  -0.00297277 90.6542 30.0267 0 -9181.1 0.248166  0.23182 0.203024  0.31699 0.0471622  0.317131 0.0752729 0.0134566  0.539158 0.0078195
(1,((((2,3),4),5),(6,(((7,(8,9)),10),11))),12); -9133.99  -0.00297277 93.047 29.5127 0 -9197.53 0.248168 0.231816 0.203023 0.316993  0.0471645   0.317134  0.0752686   0.013456   0.539158 0.00781941
(1,((((2,3),4),5),(6,(((7,(8,9)),10),11))),12); -9127.79  -0.00297277 95.0622 29.0841 0 -9193.77 0.248165 0.231821 0.203022 0.316992  0.0471638   0.317134  0.0752697  0.0134568   0.539157 0.00781907
(1,((((2,3),4),5),(6,(((7,(8,9)),10),11))),12); -9119.36  -0.00297277 98.4713 29.1306 0 -9188.7  0.24817 0.231815 0.203023 0.316991  0.0471621   0.317144  0.0752671  0.0134591   0.539149 0.00781894
(1,((((2,3),4),5),(6,(((7,(8,9)),10),11))),12); -9120.32  -0.00297277 95.3846 29.4123 0 -9186.29 0.248157 0.231818 0.203019 0.317006 0.0471659  0.317138 0.0752702 0.0134557  0.539151  0.007819
(1,((((2,3),4),5),(6,(((7,(8,9)),10),11))),12); -9120.42  -0.00297277 92.1381 29.2477 0 -9183.31 0.248161 0.231822 0.203023 0.316994  0.0471624   0.317135  0.0752715  0.0134569   0.539155 0.00781902
(1,((((2,3),4),5),(6,(((7,(8,9)),10),11))),12); -9122.65  -0.00297277 93.8273 29.8442 0 -9186.63 0.248162 0.231819 0.203021 0.316997   0.047164    0.31713  0.0752705  0.0134575   0.539159 0.00781933
(1,((((2,3),4),5),(6,(((7,(8,9)),10),11))),12); -9126.4  -0.00297277 92.5372 29.1488 0 -9189.78 0.248166 0.231823 0.203021  0.31699  0.0471624   0.317137  0.0752682  0.0134561   0.539158 0.00781863
(1,((((2,3),4),5),(6,(((7,(8,9)),10),11))),12); -9123.04  -0.00297277 92.4045 29.6095 0 -9185.84 0.248158 0.231823 0.203026 0.316993  0.0471655   0.317138  0.0752668  0.0134578   0.539153 0.00781888
(1,((((2,3),4),5),(6,(((7,(8,9)),10),11))),12); -9128.68  -0.00297277 91.2019 28.802 0 -9191.08  0.24816 0.231819 0.203021    0.317 0.0471638  0.317133 0.0752684 0.0134593  0.539157 0.0078186
(1,((((2,3),4),5),(6,(((7,(8,9)),10),11))),12); -9120.01  -0.00297277 95.6161 29.3021 0 -9186.33 0.248161 0.231822 0.203024 0.316994  0.0471626   0.317139  0.0752688  0.0134566   0.539154 0.00781882
(1,((((2,3),4),5),(6,(((7,(8,9)),10),11))),12); -9125.95  -0.00297277 90.8131 28.9873 0 -9187.77 0.248162 0.231816 0.203031  0.31699  0.0471637    0.31713  0.0752661  0.0134573   0.539165 0.00781795
(1,((((2,3),4),5),(6,(((7,(8,9)),10),11))),12); -9122.2  -0.00297277 90.2573 29.1982 0 -9183.26 0.248163 0.231817 0.203028 0.316992  0.0471633   0.317142  0.0752659   0.013458   0.539152 0.00781813
(1,((((2,3),4),5),(6,(((7,(8,9)),10),11))),12); -9119.7  -0.00297277 95.1741 29.3353 0 -9185.54 0.248165 0.231817 0.203022 0.316997   0.047164   0.317141  0.0752668  0.0134564   0.539153 0.00781885
(1,((((2,3),4),5),(6,(((7,(8,9)),10),11))),12); -9119.97  -0.00297277 95.8002 29.1599 0 -9186.61 0.248165  0.23182 0.203026 0.316989  0.0471632   0.317134  0.0752699  0.0134555   0.539157 0.00781989
(1,((((2,3),4),5),(6,(((7,(8,9)),10),11))),12); -9129.47  -0.00297277 107.28 29.3637 0 -9207.39 0.248166 0.231811 0.203021 0.317002  0.0471643   0.317139  0.0752693  0.0134565    0.53915 0.00782066
(1,((((2,3),4),5),(6,(((7,(8,9)),10),11))),12); -9148.96  -0.00297277 90.2073 28.5199 0 -9210.65 0.248167 0.231816 0.203027  0.31699  0.0471628   0.317139  0.0752647  0.0134573   0.539158 0.00781906
(1,((((2,3),4),5),(6,(((7,(8,9)),10),11))),12); -9134.58  -0.00297277 87.6901 29.5055 0 -9192.76 0.248163 0.231822 0.203021 0.316994  0.0471638   0.317135  0.0752693   0.013458   0.539155 0.00781898
(1,((((2,3),4),5),(6,(((7,(8,9)),10),11))),12); -9121.93  -0.00297277 93.4229 29.2239 0 -9186.13 0.248162 0.231824 0.203016 0.316998  0.0471596   0.317137   0.075266  0.0134588   0.539161 0.00781809
(1,((((2,3),4),5),(6,(((7,(8,9)),10),11))),12); -9120.07  -0.00297277 94.9046 29.6848 0 -9185.29 0.248164 0.231813 0.203024 0.316999  0.0471644   0.317143  0.0752656  0.0134566   0.539152 0.00781836
(1,((((2,3),4),5),(6,(((7,(8,9)),10),11))),12); -9128.96  -0.00297277 92.9266 29.3407 0 -9192.54 0.248164 0.231819 0.203028 0.316989  0.0471635   0.317133   0.075271  0.0134573   0.539156 0.00781972
(1,((((2,3),4),5),(6,(((7,(8,9)),10),11))),12); -9135.63  -0.00297277 96.3606 29.4667 0 -9202.52 0.248158  0.23182 0.203027 0.316995   0.047165   0.317135  0.0752714  0.0134589   0.539151 0.00781909
(1,((((2,3),4),5),(6,(((7,(8,9)),10),11))),12); -9120.28  -0.00297277 92.3281 29.5294 0 -9183.08  0.24816 0.231816 0.203025    0.317  0.0471626   0.317138  0.0752688  0.0134582   0.539153 0.00781961
(1,((((2,3),4),5),(6,(((7,(8,9)),10),11))),12); -9129.9  -0.00297277 88.2249 28.7995 0 -9189.33  0.24816 0.231817 0.203022 0.317001  0.0471601   0.317136   0.075271  0.0134571   0.539156 0.00781941
(1,((((2,3),4),5),(6,(((7,(8,9)),10),11))),12); -9127.98  -0.00297277 91.8594 29.7834 0 -9190.05 0.248162  0.23182 0.203024 0.316995  0.0471615   0.317138  0.0752711  0.0134568   0.539152 0.00782016
(1,((((2,3),4),5),(6,(((7,(8,9)),10),11))),12); -9120.11  -0.00297277 93.8697 29.4066 0 -9184.57 0.248163 0.231817 0.203026 0.316993  0.0471647   0.317134  0.0752679   0.013458   0.539157 0.00781892
(1,((((2,3),4),5),(6,(((7,(8,9)),10),11))),12); -9122.72  -0.00297277 84.4189 29.3001 0 -9177.83 0.248162 0.231816 0.203022 0.316999   0.047164   0.317134  0.0752685   0.013456   0.539159 0.00781828
(1,((((2,3),4),5),(6,(((7,(8,9)),10),11))),12); -9122.54  -0.00297277 92.7899 29.589 0 -9185.74 0.248165 0.231815 0.203021 0.316999  0.0471646   0.317139   0.075268  0.0134557   0.539152 0.00781982
(1,((((2,3),4),5),(6,(((7,(8,9)),10),11))),12); -9127.33  -0.00297277 88.224 29.5574 0 -9185.99 0.248167 0.231815  0.20302 0.316999  0.0471646   0.317138  0.0752682  0.0134564   0.539152 0.00782032
(1,((((2,3),4),5),(6,(((7,(8,9)),10),11))),12); -9130.96  -0.00297277 107.755 29.3078 0 -9209.41 0.248156 0.231818 0.203032 0.316995  0.0471625   0.317131  0.0752702  0.0134575    0.53916 0.00781903
(1,((((2,3),4),5),(6,(((7,(8,9)),10),11))),12); -9125.96  -0.00297277 102.208 29.3698 0 -9198.8 0.248156 0.231821 0.203018 0.317005  0.0471676   0.317139  0.0752718  0.0134585   0.539142 0.00782096
(1,((((2,3),4),5),(6,(((7,(8,9)),10),11))),12); -9121  -0.00297277 89.8036 29.3127 0 -9181.49 0.248162  0.23182 0.203023 0.316996  0.0471611   0.317136  0.0752666  0.0134577   0.539158 0.00782039
(1,((((2,3),4),5),(6,(((7,(8,9)),10),11))),12); -9126.5  -0.00297277 100.259 29.3403 0 -9197.41 0.248157 0.231822 0.203023 0.316999  0.0471624   0.317142  0.0752678  0.0134567   0.539152 0.00781945
(1,((((2,3),4),5),(6,(((7,(8,9)),10),11))),12); -9133.03  -0.00297277 94.4458 29.7215 0 -9197.75 0.248161  0.23182 0.203028 0.316992  0.0471645   0.317139  0.0752695  0.0134575   0.539151 0.00781893
(1,((((2,3),4),5),(6,(((7,(8,9)),10),11))),12); -9127.5  -0.00297277 93.0361 29.6467 0 -9190.89 0.248166 0.231818 0.203022 0.316994  0.0471649   0.317138   0.075267  0.0134577   0.539155 0.00781806
(1,((((2,3),4),5),(6,(((7,(8,9)),10),11))),12); -9127.08  -0.00297277 101.478 29.266 0 -9199.28 0.248164 0.231816 0.203024 0.316996  0.0471636   0.317132  0.0752693  0.0134573   0.539159 0.00781856
(1,((((2,3),4),5),(6,(((7,(8,9)),10),11))),12); -9119.29  -0.00297277 96.2473 29.6485 0 -9185.89  0.24816 0.231821 0.203032 0.316986 0.0471643  0.317131 0.0752723 0.0134586  0.539154 0.0078194
(1,((((2,3),4),5),(6,(((7,(8,9)),10),11))),12); -9121.46  -0.00297277 94.4351 29.2015 0 -9186.69  0.24817 0.231824 0.203015 0.316991  0.0471634   0.317138  0.0752678  0.0134572   0.539155 0.00781839
(1,((((2,3),4),5),(6,(((7,(8,9)),10),11))),12); -9177.88  -0.00297277 95.2802 29.2687 0 -9243.89 0.248159 0.231815 0.203032 0.316994  0.0471652   0.317134  0.0752691  0.0134579   0.539157 0.00781736
(1,((((2,3),4),5),(6,(((7,(8,9)),10),11))),12); -9129.99  -0.00297277 97.4799 29.362 0 -9198.11 0.248164 0.231816 0.203025 0.316995  0.0471631   0.317138    0.07527  0.0134588   0.539151 0.00781963
(1,((((2,3),4),5),(6,(((7,(8,9)),10),11))),12); -9121.97  -0.00297277 102.348 29.5302 0 -9194.78 0.248161  0.23182 0.203028 0.316992  0.0471617   0.317137  0.0752726  0.0134576   0.539152 0.00781892
(1,((((2,3),4),5),(6,(((7,(8,9)),10),11))),12); -9120.85  -0.00297277 93.921 29.0888 0 -9185.68 0.248163 0.231816 0.203026 0.316995 0.0471642  0.317134 0.0752698 0.0134568  0.539155 0.0078199
(1,((((2,3),4),5),(6,(((7,(8,9)),10),11))),12); -9120.58  -0.00297277 95.7476 29.0964 0 -9187.23 0.248161  0.23182 0.203021 0.316997  0.0471657   0.317139  0.0752622  0.0134566   0.539158 0.00781833
(1,((((2,3),4),5),(6,(((7,(8,9)),10),11))),12); -9121.83  -0.00297277 92.9685 29.1119 0 -9185.69 0.248152 0.231818 0.203026 0.317004  0.0471653   0.317129  0.0752703  0.0134569   0.539159 0.00781953
(1,((((2,3),4),5),(6,(((7,(8,9)),10),11))),12); -9121.13  -0.00297277 92.8988 29.4877 0 -9184.54 0.248168 0.231817  0.20302 0.316995  0.0471618   0.317137  0.0752667  0.0134556   0.539159 0.00781959
(1,((((2,3),4),5),(6,(((7,(8,9)),10),11))),12); -9126.4  -0.00297277 93.8 29.0656 0 -9191.13 0.248165 0.231817 0.203027 0.316991  0.0471634   0.317137  0.0752693  0.0134581   0.539152 0.00781981
(1,((((2,3),4),5),(6,(((7,(8,9)),10),11))),12); -9122  -0.00297277 93.4256 29.0469 0 -9186.38 0.248158 0.231817 0.203024 0.317001  0.0471613   0.317135  0.0752651  0.0134551   0.539165 0.00781919
(1,((((2,3),4),5),(6,(((7,(8,9)),10),11))),12); -9122.7  -0.00297277 89.9786 28.9785 0 -9183.7 0.248162 0.231822 0.203027 0.316988  0.0471626    0.31714  0.0752691  0.0134576   0.539152 0.00781888
(1,((((2,3),4),5),(6,(((7,(8,9)),10),11))),12); -9120.13  -0.00297277 94.881 29.5653 0 -9185.44 0.248165 0.231821 0.203016 0.316997   0.047165    0.31714  0.0752647  0.0134595   0.539152 0.00781843
(1,((((2,3),4),5),(6,(((7,(8,9)),10),11))),12); -9135.5  -0.00297277 102.07 29.3937 0 -9208.17 0.248162 0.231819 0.203019    0.317  0.0471661   0.317134  0.0752661   0.013457   0.539158 0.00781903
(1,((((2,3),4),5),(6,(((7,(8,9)),10),11))),12); -9122.24  -0.00297277 91.6659 29.2995 0 -9184.6  0.24817 0.231813 0.203023 0.316995  0.0471633   0.317133  0.0752699  0.0134574   0.539157 0.00781994
(1,((((2,3),4),5),(6,(((7,(8,9)),10),11))),12); -9123.81  -0.00297277 98.8296 29.3668 0 -9193.27 0.248165 0.231815 0.203024 0.316996  0.0471649   0.317137   0.075268  0.0134556   0.539155 0.00782044
(1,((((2,3),4),5),(6,(((7,(8,9)),10),11))),12); -9135.82  -0.00297277 104.684 29.3576 0 -9211.15 0.248159 0.231817 0.203021 0.317004  0.0471651   0.317133  0.0752651  0.0134575   0.539162 0.00781802
(1,((((2,3),4),5),(6,(((7,(8,9)),10),11))),12); -9135.25  -0.00297277 103.711 29.2 0 -9209.76 0.248164 0.231821 0.203019 0.316995  0.0471638   0.317136   0.075268   0.013457   0.539155 0.00782016
(1,((((2,3),4),5),(6,(((7,(8,9)),10),11))),12); -9129.1  -0.00297277 102.868 29.2989 0 -9202.67 0.248163 0.231818 0.203028 0.316991  0.0471595   0.317139  0.0752695  0.0134558   0.539158 0.00781853
(1,((((2,3),4),5),(6,(((7,(8,9)),10),11))),12); -9120.3  -0.00297277 94.1863 28.8139 0 -9185.67 0.248158 0.231826  0.20302 0.316996  0.0471607   0.317141  0.0752662   0.013457   0.539156 0.00781891
(1,((((2,3),4),5),(6,(((7,(8,9)),10),11))),12); -9123.4  -0.00297277 89.7766 29.6669 0 -9183.51 0.248163 0.231817 0.203027 0.316994  0.0471592    0.31714  0.0752668  0.0134577   0.539157 0.00781896
(1,((((2,3),4),5),(6,(((7,(8,9)),10),11))),12); -9122.93  -0.00297277 99.8607 29.227 0 -9193.56 0.248159 0.231814 0.203032 0.316994  0.0471609   0.317129  0.0752694  0.0134582   0.539163 0.00781934
(1,((((2,3),4),5),(6,(((7,(8,9)),10),11))),12); -9145.35  -0.00297277 103.724 29.4547 0 -9219.62 0.248164 0.231815 0.203018 0.317003  0.0471644    0.31714  0.0752701  0.0134576   0.539149 0.00781873
(1,((((2,3),4),5),(6,(((7,(8,9)),10),11))),12); -9125.56  -0.00297277 94.2762 29.298 0 -9190.53 0.248158 0.231819 0.203023    0.317  0.0471646   0.317142  0.0752714  0.0134578   0.539145 0.00781885
(1,((((2,3),4),5),(6,(((7,(8,9)),10),11))),12); -9122.14  -0.00297277 92.8282 29.4496 0 -9185.51 0.248166 0.231819 0.203023 0.316992  0.0471605   0.317147  0.0752685  0.0134584   0.539146 0.00781963
