tree logl logTop logBL logPrior logQ logWt pi1 pi2 pi3 pi4 s1 s2 s3 s4 s5 s6
(1,2,(3,(4,(5,6)))); -6154.71  -2.47314e-07 32.6378 13.3353 0 -6174.01 0.281156 0.263402 0.143554 0.311887   0.10489  0.083369  0.417278 0.0938614  0.258118 0.0424835
(1,2,(3,(4,(5,6)))); -6154.42  -2.47314e-07 32.6668 13.3629 0 -6173.72 0.281155 0.263411 0.143549 0.311885  0.104893 0.0833674  0.417271 0.0938623  0.258123 0.0424836
(1,2,(3,(4,(5,6)))); -6156.64  -2.47314e-07 31.2672 13.8218 0 -6174.09  0.28116 0.263403 0.143554 0.311884  0.104896 0.0833706  0.417278 0.0938592  0.258114 0.0424814
(1,2,(3,(4,(5,6)))); -6156.37  -2.47314e-07 31.4567 14.094 0 -6173.73  0.28116 0.263407 0.143553  0.31188  0.104893 0.0833716  0.417279 0.0938615  0.258113 0.0424824
(1,2,(3,(4,(5,6)))); -6157.53  -2.47314e-07 30.2854 13.6859 0 -6174.13 0.281158 0.263411 0.143555 0.311875  0.104897 0.0833621  0.417276 0.0938594  0.258124 0.0424813
(1,2,(3,(4,(5,6)))); -6160.44  -2.47314e-07 28.754 13.9326 0 -6175.26 0.281157 0.263402 0.143549 0.311892  0.104899 0.0833659  0.417277 0.0938525  0.258122 0.0424837
(1,2,(3,(4,(5,6)))); -6156.43  -2.47314e-07 30.2838 13.1504 0 -6173.56 0.281164 0.263406 0.143551 0.311878  0.104887 0.0833705  0.417274 0.0938591  0.258124 0.0424855
(1,2,(3,(4,(5,6)))); -6155.58  -2.47314e-07 32.1229 13.8058 0 -6173.89 0.281156 0.263404 0.143553 0.311887  0.104892 0.0833686  0.417278 0.0938553  0.258123 0.0424831
(1,2,(3,(4,(5,6)))); -6157.68  -2.47314e-07 29.4026 13.3109 0 -6173.77 0.281163 0.263403 0.143557 0.311877  0.104894 0.0833706  0.417278 0.0938594  0.258115  0.042482
(1,2,(3,(4,(5,6)))); -6155.68  -2.47314e-07 31.9767 13.4498 0 -6174.21 0.281156 0.263403 0.143552 0.311888  0.104898 0.0833716  0.417276 0.0938567  0.258116 0.0424815
(1,2,(3,(4,(5,6)))); -6153.33  -2.47314e-07 33.7631 13.4035 0 -6173.69  0.28116 0.263409 0.143546 0.311885  0.104897 0.0833723  0.417268 0.0938578  0.258122 0.0424826
(1,2,(3,(4,(5,6)))); -6156.78  -2.47314e-07 30.1107 13.1937 0 -6173.7 0.281162 0.263407 0.143551 0.311881  0.104894 0.0833675  0.417277 0.0938578  0.258121  0.042482
(1,2,(3,(4,(5,6)))); -6156.96  -2.47314e-07 29.6969 13.1211 0 -6173.54 0.281152 0.263405 0.143553 0.311891  0.104893  0.083368  0.417275 0.0938556  0.258124 0.0424851
(1,2,(3,(4,(5,6)))); -6159.5  -2.47314e-07 27.2247 13.1121 0 -6173.61 0.281157  0.26341 0.143547 0.311886  0.104886 0.0833663  0.417274 0.0938594   0.25813 0.0424841
(1,2,(3,(4,(5,6)))); -6154.96  -2.47314e-07 31.9796 13.2656 0 -6173.67 0.281154 0.263396 0.143556 0.311894  0.104889 0.0833712  0.417282 0.0938578  0.258121 0.0424798
(1,2,(3,(4,(5,6)))); -6158.63  -2.47314e-07 29.1263 13.7979 0 -6173.96 0.281162 0.263409 0.143548 0.311881  0.104899 0.0833647  0.417279 0.0938592  0.258119 0.0424798
(1,2,(3,(4,(5,6)))); -6154.31  -2.47314e-07 32.8542 13.3906 0 -6173.77 0.281162 0.263404 0.143549 0.311885  0.104892 0.0833681  0.417277 0.0938588  0.258122 0.0424817
(1,2,(3,(4,(5,6)))); -6154.75  -2.47314e-07 32.1877 13.3191 0 -6173.62  0.28116 0.263409 0.143548 0.311883  0.104897 0.0833692  0.417279 0.0938598  0.258114  0.042482
(1,2,(3,(4,(5,6)))); -6153.78  -2.47314e-07 33.3943 13.5733 0 -6173.6 0.281158 0.263407 0.143553 0.311882  0.104895 0.0833703  0.417274 0.0938601  0.258121 0.0424792
(1,2,(3,(4,(5,6)))); -6155.33  -2.47314e-07 32.1095 13.6136 0 -6173.82 0.281155   0.2634 0.143558 0.311887  0.104893 0.0833668  0.417278 0.0938541  0.258125 0.0424823
(1,2,(3,(4,(5,6)))); -6153.19  -2.47314e-07 33.7262 13.4287 0 -6173.48 0.281155 0.263404 0.143549 0.311893  0.104896 0.0833647  0.417286 0.0938589  0.258113 0.0424823
(1,2,(3,(4,(5,6)))); -6155.83  -2.47314e-07 31.7322 13.6479 0 -6173.92 0.281158 0.263411 0.143548 0.311882  0.104898 0.0833686  0.417277 0.0938527  0.258122 0.0424808
(1,2,(3,(4,(5,6)))); -6154.86  -2.47314e-07 31.9441 13.0575 0 -6173.75 0.281158 0.263407 0.143548 0.311886  0.104891 0.0833685  0.417277 0.0938629   0.25812 0.0424798
(1,2,(3,(4,(5,6)))); -6156.27  -2.47314e-07 31.1653 13.6876 0 -6173.75  0.28116 0.263408 0.143547 0.311884  0.104891 0.0833675  0.417284 0.0938617  0.258114 0.0424822
(1,2,(3,(4,(5,6)))); -6153.62  -2.47314e-07 34.1566 13.5962 0 -6174.18 0.281154 0.263412  0.14355 0.311883  0.104893 0.0833658  0.417275 0.0938631   0.25812 0.0424844
(1,2,(3,(4,(5,6)))); -6155.37  -2.47314e-07 31.9394 13.7101 0 -6173.6 0.281154 0.263404 0.143553 0.311889  0.104892 0.0833729  0.417274 0.0938627  0.258116 0.0424822
(1,2,(3,(4,(5,6)))); -6160.52  -2.47314e-07 26.7741 13.2997 0 -6173.99 0.281154 0.263408  0.14355 0.311887  0.104895 0.0833713  0.417272 0.0938602  0.258119 0.0424819
(1,2,(3,(4,(5,6)))); -6158.17  -2.47314e-07 28.8153 13.386 0 -6173.6 0.281156 0.263406 0.143551 0.311886  0.104894 0.0833658  0.417271 0.0938613  0.258123  0.042485
(1,2,(3,(4,(5,6)))); -6155.61  -2.47314e-07 31.2072 13.5834 0 -6173.23 0.281153 0.263406 0.143551  0.31189    0.1049 0.0833645  0.417273 0.0938639  0.258116 0.0424837
(1,2,(3,(4,(5,6)))); -6156.85  -2.47314e-07 30.4239 13.7563 0 -6173.52 0.281156 0.263401 0.143552 0.311891  0.104896 0.0833651  0.417273 0.0938586  0.258123 0.0424839
(1,2,(3,(4,(5,6)))); -6156.95  -2.47314e-07 30.0836 13.536 0 -6173.5 0.281154 0.263407 0.143551 0.311889  0.104889 0.0833679  0.417284 0.0938582  0.258121 0.0424801
(1,2,(3,(4,(5,6)))); -6158.28  -2.47314e-07 28.5702 13.5865 0 -6173.26 0.281158 0.263406  0.14355 0.311887  0.104895 0.0833706  0.417275 0.0938577  0.258119 0.0424836
(1,2,(3,(4,(5,6)))); -6158.89  -2.47314e-07 28.5062 13.5548 0 -6173.84 0.281162 0.263397 0.143549 0.311892  0.104894 0.0833647   0.41728 0.0938584   0.25812 0.0424825
(1,2,(3,(4,(5,6)))); -6157.45  -2.47314e-07 29.8197 13.3784 0 -6173.89  0.28115 0.263407 0.143557 0.311886  0.104893 0.0833653  0.417276 0.0938615   0.25812 0.0424837
(1,2,(3,(4,(5,6)))); -6156.19  -2.47314e-07 31.6612 13.6464 0 -6174.21 0.281159 0.263404 0.143551 0.311886  0.104898 0.0833657  0.417281 0.0938576  0.258114 0.0424828
(1,2,(3,(4,(5,6)))); -6153.46  -2.47314e-07 34.0977 13.7326 0 -6173.82 0.281157 0.263406 0.143547 0.311889  0.104892 0.0833669  0.417277 0.0938577  0.258124 0.0424824
(1,2,(3,(4,(5,6)))); -6156.92  -2.47314e-07 30.2819 13.268 0 -6173.94 0.281156 0.263403 0.143551  0.31189  0.104897 0.0833674  0.417284 0.0938539  0.258117 0.0424807
(1,2,(3,(4,(5,6)))); -6158.65  -2.47314e-07 28.6515 13.9841 0 -6173.32 0.281155 0.263403 0.143554 0.311888    0.1049 0.0833666  0.417274 0.0938593  0.258117 0.0424825
(1,2,(3,(4,(5,6)))); -6154.06  -2.47314e-07 33.7247 13.5521 0 -6174.23 0.281158 0.263407 0.143549 0.311885  0.104892 0.0833688  0.417273   0.09386  0.258124 0.0424819
(1,2,(3,(4,(5,6)))); -6155.97  -2.47314e-07 31.3567 13.6712 0 -6173.65 0.281155 0.263409 0.143548 0.311888  0.104898 0.0833678  0.417279 0.0938584  0.258114 0.0424824
(1,2,(3,(4,(5,6)))); -6158.4  -2.47314e-07 29.9808 13.912 0 -6174.47 0.281156 0.263406 0.143553 0.311885  0.104893 0.0833689  0.417278 0.0938596  0.258118 0.0424823
(1,2,(3,(4,(5,6)))); -6156.62  -2.47314e-07 31.0756 13.2051 0 -6174.5 0.281149 0.263418 0.143554 0.311879  0.104897 0.0833681   0.41727  0.093859  0.258127 0.0424802
(1,2,(3,(4,(5,6)))); -6159.11  -2.47314e-07 28.6269 14.1795 0 -6173.55 0.281154 0.263415 0.143547 0.311883  0.104896 0.0833636  0.417271  0.093863  0.258122 0.0424843
(1,2,(3,(4,(5,6)))); -6157.15  -2.47314e-07 30.3663 13.6087 0 -6173.91 0.281157 0.263405 0.143554 0.311885  0.104893 0.0833649  0.417275 0.0938621   0.25812 0.0424845
(1,2,(3,(4,(5,6)))); -6155.52  -2.47314e-07 31.5856 13.3644 0 -6173.75 0.281154 0.263411  0.14355 0.311886  0.104893 0.0833643  0.417275 0.0938624  0.258121 0.0424832
(1,2,(3,(4,(5,6)))); -6157.5  -2.47314e-07 30.2777 13.7757 0 -6174 0.281157 0.263406 0.143552 0.311885  0.104899 0.0833668  0.417274 0.0938624  0.258113 0.0424841
(1,2,(3,(4,(5,6)))); -6158.55  -2.47314e-07 28.766 13.4458 0 -6173.87 0.281163 0.263405 0.143553  0.31188  0.104893 0.0833692  0.417272 0.0938587  0.258122  0.042485
(1,2,(3,(4,(5,6)))); -6154.15  -2.47314e-07 33.3169 13.484 0 -6173.98 0.281159 0.263405 0.143549 0.311887  0.104893 0.0833706   0.41727 0.0938574  0.258126 0.0424833
(1,2,(3,(4,(5,6)))); -6156.31  -2.47314e-07 31.2361 13.78 0 -6173.77  0.28115 0.263411 0.143552 0.311887  0.104893 0.0833704  0.417275 0.0938584  0.258119 0.0424852
(1,2,(3,(4,(5,6)))); -6161.68  -2.47314e-07 25.7101 13.2404 0 -6174.15 0.281157 0.263408 0.143547 0.311888  0.104895 0.0833686  0.417275 0.0938599   0.25812 0.0424817
(1,2,(3,(4,(5,6)))); -6154.18  -2.47314e-07 33.029 13.3456 0 -6173.86 0.281149 0.263413 0.143552 0.311887  0.104893 0.0833635  0.417276 0.0938637  0.258123 0.0424812
(1,2,(3,(4,(5,6)))); -6157.55  -2.47314e-07 29.3414 13.2624 0 -6173.63 0.281158 0.263405 0.143552 0.311885  0.104892 0.0833733  0.417273 0.0938594  0.258119 0.0424839
(1,2,(3,(4,(5,6)))); -6156.12  -2.47314e-07 30.9308 13.4333 0 -6173.62 0.281161 0.263402  0.14355 0.311887  0.104894 0.0833646  0.417276 0.0938624   0.25812 0.0424831
(1,2,(3,(4,(5,6)))); -6156.12  -2.47314e-07 30.6399 13.5325 0 -6173.23 0.281153 0.263412 0.143551 0.311884  0.104895 0.0833671  0.417277 0.0938609  0.258118 0.0424823
(1,2,(3,(4,(5,6)))); -6159.81  -2.47314e-07 27.8682 13.5787 0 -6174.1 0.281161 0.263412 0.143545 0.311882  0.104896  0.083367  0.417271 0.0938609  0.258122 0.0424841
(1,2,(3,(4,(5,6)))); -6156.1  -2.47314e-07 31.1351 13.4631 0 -6173.77 0.281157 0.263407 0.143558 0.311878  0.104897 0.0833667  0.417269 0.0938591  0.258126 0.0424822
(1,2,(3,(4,(5,6)))); -6155.26  -2.47314e-07 32.3811 13.6248 0 -6174.01 0.281157 0.263407 0.143551 0.311885  0.104897  0.083366  0.417279 0.0938581   0.25812 0.0424801
(1,2,(3,(4,(5,6)))); -6158.7  -2.47314e-07 28.5459 13.3507 0 -6173.89 0.281154 0.263407 0.143555 0.311883  0.104894 0.0833681  0.417273 0.0938614  0.258123 0.0424802
(1,2,(3,(4,(5,6)))); -6156.83  -2.47314e-07 29.8935 13.3239 0 -6173.4  0.28116 0.263406 0.143549 0.311885  0.104895 0.0833656  0.417277 0.0938592  0.258122 0.0424816
(1,2,(3,(4,(5,6)))); -6159.13  -2.47314e-07 29.6512 14.1844 0 -6174.6 0.281164 0.263403 0.143549 0.311885  0.104891 0.0833662  0.417273 0.0938615  0.258125 0.0424831
(1,2,(3,(4,(5,6)))); -6159.12  -2.47314e-07 27.5904 13.2065 0 -6173.5 0.281158 0.263405 0.143555 0.311882  0.104892 0.0833695  0.417277 0.0938598   0.25812 0.0424817
(1,2,(3,(4,(5,6)))); -6157.9  -2.47314e-07 29.2942 13.2932 0 -6173.91 0.281147 0.263407 0.143552 0.311894  0.104894 0.0833679  0.417273 0.0938592  0.258121 0.0424849
(1,2,(3,(4,(5,6)))); -6160.77  -2.47314e-07 25.4785 13.8132 0 -6172.44 0.281156 0.263413 0.143552 0.311879  0.104894 0.0833682  0.417274 0.0938595  0.258122 0.0424826
(1,2,(3,(4,(5,6)))); -6156.41  -2.47314e-07 31.4729 13.6443 0 -6174.23 0.281158 0.263406 0.143554 0.311883  0.104895 0.0833687  0.417277 0.0938567  0.258119 0.0424833
(1,2,(3,(4,(5,6)))); -6154.31  -2.47314e-07 32.7384 13.3528 0 -6173.7 0.281155 0.263399 0.143553 0.311893  0.104896 0.0833682  0.417273 0.0938594  0.258119 0.0424841
(1,2,(3,(4,(5,6)))); -6158.42  -2.47314e-07 28.3436 13.226 0 -6173.54 0.281151 0.263411 0.143552 0.311887  0.104897 0.0833699  0.417275 0.0938595  0.258117 0.0424817
(1,2,(3,(4,(5,6)))); -6155.38  -2.47314e-07 31.5609 13.2783 0 -6173.66 0.281152 0.263408 0.143551 0.311889  0.104895 0.0833667  0.417275 0.0938605  0.258119 0.0424833
(1,2,(3,(4,(5,6)))); -6154.49  -2.47314e-07 33.0377 13.5399 0 -6173.99 0.281155 0.263408 0.143556 0.311881  0.104896 0.0833698  0.417276 0.0938594  0.258117 0.0424813
(1,2,(3,(4,(5,6)))); -6155.23  -2.47314e-07 32.028 13.7526 0 -6173.51 0.281159 0.263398 0.143552 0.311891  0.104893 0.0833671  0.417278 0.0938611  0.258119  0.042481
(1,2,(3,(4,(5,6)))); -6155.47  -2.47314e-07 31.7121 13.4026 0 -6173.78 0.281156 0.263404 0.143556 0.311884  0.104894 0.0833711   0.41727 0.0938605  0.258119 0.0424861
(1,2,(3,(4,(5,6)))); -6155.97  -2.47314e-07 31.4296 13.6079 0 -6173.79 0.281162 0.263404 0.143553 0.311881  0.104895  0.083366   0.41728 0.0938599  0.258117 0.0424819
(1,2,(3,(4,(5,6)))); -6155.4  -2.47314e-07 32.3575 13.6768 0 -6174.08 0.281158 0.263409 0.143553  0.31188  0.104894 0.0833659  0.417281 0.0938609  0.258115 0.0424832
(1,2,(3,(4,(5,6)))); -6158.43  -2.47314e-07 31.207 14.0635 0 -6175.58  0.28116  0.26341 0.143549  0.31188  0.104894 0.0833695  0.417274 0.0938581  0.258121 0.0424837
(1,2,(3,(4,(5,6)))); -6157.63  -2.47314e-07 29.3177 13.1511 0 -6173.8 0.281161 0.263408 0.143547 0.311885  0.104895 0.0833662  0.417272 0.0938588  0.258124 0.0424837
(1,2,(3,(4,(5,6)))); -6156.42  -2.47314e-07 30.5989 13.0556 0 -6173.96 0.281158 0.263406 0.143547 0.311889  0.104895 0.0833647  0.417273 0.0938583  0.258126 0.0424834
(1,2,(3,(4,(5,6)))); -6155  -2.47314e-07 32.0925 13.2969 0 -6173.8 0.281158 0.263401 0.143554 0.311887  0.104892 0.0833706  0.417279 0.0938585  0.258117 0.0424828
(1,2,(3,(4,(5,6)))); -6158.47  -2.47314e-07 28.4103 13.2507 0 -6173.63 0.281156 0.263405 0.143551 0.311889  0.104895 0.0833656  0.417278 0.0938582  0.258119 0.0424846
(1,2,(3,(4,(5,6)))); -6157.37  -2.47314e-07 29.3206 13.1371 0 -6173.56 0.281155 0.263411  0.14355 0.311884  0.104897 0.0833659  0.417274 0.0938594  0.258122 0.0424826
(1,2,(3,(4,(5,6)))); -6160.32  -2.47314e-07 26.0289 12.7947 0 -6173.55 0.281151 0.263408 0.143551 0.311889  0.104892 0.0833734  0.417278 0.0938574  0.258118  0.042481
(1,2,(3,(4,(5,6)))); -6157.24  -2.47314e-07 29.6351 13.1526 0 -6173.72  0.28116 0.263401 0.143557 0.311881  0.104897 0.0833656  0.417275 0.0938535  0.258125 0.0424833
(1,2,(3,(4,(5,6)))); -6160.78  -2.47314e-07 26.5289 13.329 0 -6173.98 0.281149 0.263412 0.143556 0.311883  0.104896 0.0833691  0.417268 0.0938596  0.258126  0.042481
(1,2,(3,(4,(5,6)))); -6157.2  -2.47314e-07 29.5783 13.6288 0 -6173.15 0.281157 0.263411 0.143549 0.311882  0.104894 0.0833657  0.417275 0.0938602  0.258121 0.0424854
(1,2,(3,(4,(5,6)))); -6157.48  -2.47314e-07 31.3309 14.0138 0 -6174.79 0.281156 0.263409  0.14355 0.311884  0.104897 0.0833688  0.417271 0.0938609  0.258121 0.0424812
(1,2,(3,(4,(5,6)))); -6156.15  -2.47314e-07 30.852 13.5201 0 -6173.48 0.281158 0.263408 0.143553 0.311882  0.104894 0.0833671  0.417274 0.0938578  0.258125 0.0424819
(1,2,(3,(4,(5,6)))); -6160.25  -2.47314e-07 26.1233 13.7675 0 -6172.6 0.281161 0.263401 0.143552 0.311886   0.10489 0.0833631  0.417281   0.09386  0.258119 0.0424862
(1,2,(3,(4,(5,6)))); -6154.25  -2.47314e-07 32.6636 13.3635 0 -6173.55 0.281159 0.263403 0.143553 0.311884  0.104895 0.0833661  0.417275 0.0938611  0.258119 0.0424829
(1,2,(3,(4,(5,6)))); -6156.48  -2.47314e-07 30.8034 13.8654 0 -6173.42 0.281158 0.263406 0.143553 0.311884  0.104893 0.0833679  0.417282 0.0938604  0.258112 0.0424848
(1,2,(3,(4,(5,6)))); -6158.17  -2.47314e-07 28.4018 13.4372 0 -6173.14 0.281155 0.263411  0.14355 0.311884  0.104896 0.0833671  0.417273 0.0938651  0.258117 0.0424825
(1,2,(3,(4,(5,6)))); -6156.97  -2.47314e-07 30.4535 13.7452 0 -6173.68 0.281156 0.263403 0.143559 0.311882  0.104897 0.0833666  0.417275   0.09386  0.258118 0.0424834
(1,2,(3,(4,(5,6)))); -6163.9  -2.47314e-07 23.9779 13.498 0 -6174.38  0.28115 0.263402 0.143557 0.311891  0.104893 0.0833687  0.417276 0.0938561  0.258124 0.0424814
(1,2,(3,(4,(5,6)))); -6157.41  -2.47314e-07 30.0161 13.2943 0 -6174.13 0.281145 0.263411 0.143549 0.311895  0.104894 0.0833654  0.417274 0.0938625   0.25812 0.0424841
(1,2,(3,(4,(5,6)))); -6155.82  -2.47314e-07 31.152 13.3564 0 -6173.61  0.28115 0.263407 0.143548 0.311894  0.104893 0.0833699  0.417273 0.0938572  0.258121 0.0424856
(1,2,(3,(4,(5,6)))); -6157.17  -2.47314e-07 30.5723 13.653 0 -6174.09  0.28116 0.263406 0.143555 0.311879  0.104898 0.0833684  0.417271 0.0938591  0.258122 0.0424818
(1,2,(3,(4,(5,6)))); -6159.3  -2.47314e-07 28.4708 13.7937 0 -6173.98 0.281154 0.263409  0.14355 0.311887  0.104895 0.0833685  0.417277 0.0938583  0.258118  0.042483
(1,2,(3,(4,(5,6)))); -6155.9  -2.47314e-07 31.1979 13.5006 0 -6173.59 0.281153 0.263414 0.143552 0.311881  0.104894 0.0833663   0.41728  0.093857  0.258121 0.0424815
(1,2,(3,(4,(5,6)))); -6154.32  -2.47314e-07 32.7099 13.3481 0 -6173.68 0.281157 0.263404  0.14355 0.311889  0.104896 0.0833655  0.417278  0.093861  0.258118 0.0424812
(1,2,(3,(4,(5,6)))); -6157.61  -2.47314e-07 29.5833 13.3133 0 -6173.88 0.281157   0.2634 0.143557 0.311886  0.104894 0.0833654  0.417274 0.0938631  0.258121 0.0424827
(1,2,(3,(4,(5,6)))); -6155.56  -2.47314e-07 32.1617 13.7326 0 -6173.99  0.28116 0.263405 0.143556  0.31188    0.1049 0.0833668  0.417268 0.0938603  0.258121 0.0424844
(1,2,(3,(4,(5,6)))); -6155.57  -2.47314e-07 32.3375 13.971 0 -6173.94 0.281157 0.263411 0.143553  0.31188  0.104899 0.0833691  0.417272 0.0938599  0.258117 0.0424835
(1,2,(3,(4,(5,6)))); -6154.5  -2.47314e-07 32.8281 13.4751 0 -6173.85 0.281156   0.2634 0.143552 0.311891  0.104892 0.0833688  0.417276 0.0938562  0.258123 0.0424837
(1,2,(3,(4,(5,6)))); -6154.76  -2.47314e-07 32.4045 13.4095 0 -6173.76 0.281155 0.263406 0.143551 0.311888  0.104893 0.0833681  0.417269 0.0938643  0.258123  0.042482
(1,2,(3,(4,(5,6)))); -6155.66  -2.47314e-07 31.9496 13.473 0 -6174.14 0.281152  0.26341 0.143556 0.311882  0.104898 0.0833696  0.417277 0.0938585  0.258114 0.0424833
(1,2,(3,(4,(5,6)))); -6156.78  -2.47314e-07 30.4436 13.2952 0 -6173.93 0.281154 0.263403 0.143551 0.311892  0.104894 0.0833656  0.417275 0.0938569  0.258125  0.042484
(1,2,(3,(4,(5,6)))); -6158.77  -2.47314e-07 27.6729 13.3606 0 -6173.09 0.281157 0.263407 0.143556  0.31188  0.104895 0.0833691  0.417275 0.0938569  0.258119 0.0424852
(1,2,(3,(4,(5,6)))); -6157.23  -2.47314e-07 30.0756 13.6134 0 -6173.69 0.281154 0.263404 0.143554 0.311888  0.104895 0.0833683  0.417276 0.0938601  0.258121 0.0424794
(1,2,(3,(4,(5,6)))); -6155.89  -2.47314e-07 30.7917 13.0871 0 -6173.6 0.281154 0.263406 0.143556 0.311884  0.104893 0.0833709  0.417279  0.093861  0.258114 0.0424829
(1,2,(3,(4,(5,6)))); -6154.4  -2.47314e-07 33.2543 13.6176 0 -6174.04 0.281162 0.263398 0.143551 0.311888  0.104897 0.0833663  0.417269 0.0938613  0.258123 0.0424831
(1,2,(3,(4,(5,6)))); -6154.88  -2.47314e-07 32.3424 13.599 0 -6173.62 0.281152   0.2634 0.143557 0.311892  0.104893 0.0833701  0.417278 0.0938593   0.25812 0.0424794
(1,2,(3,(4,(5,6)))); -6154.79  -2.47314e-07 32.8398 13.6563 0 -6173.97 0.281148 0.263414 0.143555 0.311883  0.104896 0.0833699  0.417276 0.0938584  0.258121 0.0424797
(1,2,(3,(4,(5,6)))); -6159.67  -2.47314e-07 27.8612 13.7474 0 -6173.78 0.281155 0.263408 0.143549 0.311888  0.104893 0.0833676  0.417279 0.0938605  0.258117 0.0424823
(1,2,(3,(4,(5,6)))); -6157.41  -2.47314e-07 30.6627 13.6309 0 -6174.44 0.281155 0.263408 0.143554 0.311883   0.10489 0.0833642  0.417281 0.0938601  0.258121 0.0424836
(1,2,(3,(4,(5,6)))); -6156.22  -2.47314e-07 31.906 13.8237 0 -6174.3 0.281151 0.263405 0.143555 0.311889  0.104892 0.0833671  0.417275 0.0938626   0.25812 0.0424834
(1,2,(3,(4,(5,6)))); -6154.43  -2.47314e-07 32.5469 13.4335 0 -6173.55 0.281163 0.263404 0.143552 0.311881  0.104891 0.0833656  0.417267 0.0938684  0.258123 0.0424848
(1,2,(3,(4,(5,6)))); -6156.24  -2.47314e-07 30.4949 13.1793 0 -6173.56 0.281161 0.263399 0.143552 0.311888  0.104891 0.0833703  0.417281 0.0938561   0.25812  0.042482
(1,2,(3,(4,(5,6)))); -6154.68  -2.47314e-07 32.9637 13.5771 0 -6174.07 0.281151 0.263408 0.143553 0.311888  0.104895 0.0833666  0.417281 0.0938598  0.258117  0.042481
(1,2,(3,(4,(5,6)))); -6153.85  -2.47314e-07 33.7238 13.7913 0 -6173.78 0.281152 0.263404 0.143554  0.31189  0.104896 0.0833683  0.417277 0.0938578  0.258119 0.0424825
(1,2,(3,(4,(5,6)))); -6158.49  -2.47314e-07 29.5134 13.8411 0 -6174.16 0.281159 0.263406 0.143553 0.311881  0.104895 0.0833651  0.417273 0.0938592  0.258124  0.042484
(1,2,(3,(4,(5,6)))); -6154.34  -2.47314e-07 33.3316 13.6261 0 -6174.04 0.281152 0.263407 0.143552 0.311889  0.104893 0.0833708  0.417276 0.0938556  0.258122 0.0424829
(1,2,(3,(4,(5,6)))); -6162  -2.47314e-07 25.7839 13.7038 0 -6174.08 0.281156 0.263405 0.143551 0.311888  0.104896 0.0833684  0.417272 0.0938596  0.258122 0.0424821
(1,2,(3,(4,(5,6)))); -6154.5  -2.47314e-07 32.5459 13.2799 0 -6173.77 0.281155 0.263403 0.143553 0.311888  0.104892 0.0833669  0.417282 0.0938608  0.258118 0.0424807
(1,2,(3,(4,(5,6)))); -6156.27  -2.47314e-07 31.668 13.8488 0 -6174.09 0.281153 0.263402 0.143556 0.311889  0.104895 0.0833708  0.417275   0.09386  0.258117 0.0424825
(1,2,(3,(4,(5,6)))); -6160.47  -2.47314e-07 28.1811 14.0152 0 -6174.64 0.281162 0.263406  0.14355 0.311882  0.104897 0.0833658   0.41727 0.0938616  0.258122  0.042483
(1,2,(3,(4,(5,6)))); -6156.58  -2.47314e-07 30.5023 13.5934 0 -6173.49 0.281164 0.263403 0.143552 0.311881  0.104896 0.0833675  0.417277 0.0938609  0.258115 0.0424842
(1,2,(3,(4,(5,6)))); -6156.88  -2.47314e-07 30.0869 13.3976 0 -6173.57 0.281158  0.26341  0.14355 0.311882  0.104897 0.0833683  0.417278 0.0938601  0.258116 0.0424808
(1,2,(3,(4,(5,6)))); -6158.51  -2.47314e-07 30.1138 13.998 0 -6174.62 0.281158 0.263401 0.143553 0.311888  0.104896 0.0833693  0.417273 0.0938599  0.258119 0.0424825
(1,2,(3,(4,(5,6)))); -6153.98  -2.47314e-07 32.8772 13.4595 0 -6173.4 0.281158 0.263408 0.143552 0.311883  0.104894 0.0833634  0.417275 0.0938614  0.258124 0.0424826
(1,2,(3,(4,(5,6)))); -6155.91  -2.47314e-07 31.1819 13.153 0 -6173.94  0.28116 0.263407 0.143552 0.311881   0.10489 0.0833688  0.417276 0.0938614  0.258122 0.0424817
(1,2,(3,(4,(5,6)))); -6157.41  -2.47314e-07 29.4996 13.2176 0 -6173.7 0.281155 0.263413 0.143548 0.311883  0.104896 0.0833667  0.417271 0.0938648  0.258117 0.0424847
(1,2,(3,(4,(5,6)))); -6153.56  -2.47314e-07 33.6062 13.6112 0 -6173.56 0.281153 0.263412 0.143554 0.311881  0.104894 0.0833683  0.417274  0.093862  0.258118 0.0424846
(1,2,(3,(4,(5,6)))); -6157.04  -2.47314e-07 30.3608 13.366 0 -6174.04 0.281155 0.263409  0.14355 0.311886  0.104892 0.0833653  0.417282 0.0938613  0.258115 0.0424847
(1,2,(3,(4,(5,6)))); -6153.16  -2.47314e-07 34.118 13.4903 0 -6173.79 0.281161 0.263405 0.143552 0.311882  0.104897 0.0833697  0.417275 0.0938586  0.258117  0.042483
(1,2,(3,(4,(5,6)))); -6156.44  -2.47314e-07 31.2537 13.6043 0 -6174.08 0.281158 0.263405 0.143552 0.311885  0.104891 0.0833692  0.417272 0.0938593  0.258127 0.0424827
(1,2,(3,(4,(5,6)))); -6155.13  -2.47314e-07 32.0404 13.5726 0 -6173.6 0.281161 0.263403 0.143552 0.311884  0.104897 0.0833682  0.417276 0.0938594  0.258118 0.0424821
(1,2,(3,(4,(5,6)))); -6157.98  -2.47314e-07 29.4517 13.7567 0 -6173.68 0.281154 0.263408  0.14355 0.311887  0.104896 0.0833694  0.417271 0.0938593  0.258122 0.0424827
(1,2,(3,(4,(5,6)))); -6153.52  -2.47314e-07 33.9667 13.6178 0 -6173.87 0.281152   0.2634 0.143556 0.311892  0.104894 0.0833741   0.41727 0.0938579  0.258122 0.0424817
(1,2,(3,(4,(5,6)))); -6158.64  -2.47314e-07 28.2472 12.9317 0 -6173.96 0.281146 0.263407 0.143553 0.311894  0.104895 0.0833697   0.41727  0.093861  0.258125 0.0424803
(1,2,(3,(4,(5,6)))); -6154.37  -2.47314e-07 32.3284 13.1589 0 -6173.54  0.28116 0.263403 0.143549 0.311889  0.104895 0.0833652  0.417282  0.093859  0.258116  0.042484
(1,2,(3,(4,(5,6)))); -6156.96  -2.47314e-07 30.2776 13.3842 0 -6173.86 0.281149 0.263414 0.143553 0.311884  0.104896  0.083367  0.417274 0.0938596   0.25812 0.0424832
(1,2,(3,(4,(5,6)))); -6156.22  -2.47314e-07 31.7362 13.8458 0 -6174.11 0.281157 0.263404 0.143551 0.311888  0.104892 0.0833662  0.417271 0.0938577  0.258129  0.042484
(1,2,(3,(4,(5,6)))); -6156.72  -2.47314e-07 30.9083 13.3945 0 -6174.23 0.281156 0.263402 0.143554 0.311887  0.104894 0.0833678  0.417278 0.0938577  0.258122 0.0424811
(1,2,(3,(4,(5,6)))); -6155.36  -2.47314e-07 31.3377 13.4338 0 -6173.27 0.281156 0.263411 0.143551 0.311882  0.104897 0.0833684  0.417275 0.0938563  0.258119 0.0424834
(1,2,(3,(4,(5,6)))); -6154.04  -2.47314e-07 33.5169 13.6459 0 -6173.91 0.281153 0.263408  0.14355 0.311889  0.104894 0.0833704  0.417273 0.0938585  0.258121 0.0424836
(1,2,(3,(4,(5,6)))); -6161.75  -2.47314e-07 25.4493 12.8303 0 -6174.37 0.281152 0.263408  0.14355  0.31189  0.104891 0.0833686  0.417274  0.093861  0.258126 0.0424796
(1,2,(3,(4,(5,6)))); -6161.25  -2.47314e-07 25.5523 13.1879 0 -6173.61 0.281155 0.263404 0.143554 0.311886   0.10489 0.0833728   0.41727 0.0938626  0.258122 0.0424824
(1,2,(3,(4,(5,6)))); -6159.53  -2.47314e-07 28.1634 13.4417 0 -6174.25 0.281158 0.263408 0.143546 0.311888  0.104892  0.083375  0.417274 0.0938569  0.258121 0.0424812
(1,2,(3,(4,(5,6)))); -6156.37  -2.47314e-07 31.7811 13.6104 0 -6174.54 0.281153 0.263404 0.143554 0.311889  0.104893 0.0833656   0.41728 0.0938594  0.258119 0.0424837
(1,2,(3,(4,(5,6)))); -6156.36  -2.47314e-07 31.065 13.8293 0 -6173.6 0.281163 0.263404 0.143545 0.311887  0.104897 0.0833694  0.417268 0.0938613   0.25812 0.0424839
(1,2,(3,(4,(5,6)))); -6156.13  -2.47314e-07 31.4576 13.6265 0 -6173.96 0.281156 0.263405 0.143552 0.311887  0.104894 0.0833652  0.417272 0.0938626  0.258122 0.0424838
(1,2,(3,(4,(5,6)))); -6159.97  -2.47314e-07 28.6832 14.0894 0 -6174.56 0.281156 0.263407 0.143553 0.311884  0.104895 0.0833683  0.417271   0.09386  0.258124 0.0424823
(1,2,(3,(4,(5,6)))); -6153.23  -2.47314e-07 33.9094 13.4022 0 -6173.74  0.28115 0.263413 0.143553 0.311884  0.104895 0.0833672  0.417272 0.0938595  0.258121 0.0424853
(1,2,(3,(4,(5,6)))); -6153.65  -2.47314e-07 33.3794 13.3283 0 -6173.7 0.281152 0.263405 0.143552 0.311891  0.104898 0.0833674  0.417276 0.0938596  0.258118  0.042481
(1,2,(3,(4,(5,6)))); -6158.19  -2.47314e-07 28.7027 13.1987 0 -6173.7 0.281154 0.263405 0.143553 0.311889  0.104894  0.083367  0.417277 0.0938572  0.258122  0.042483
(1,2,(3,(4,(5,6)))); -6158.72  -2.47314e-07 28.9394 13.7158 0 -6173.94 0.281162 0.263406  0.14355 0.311882  0.104893 0.0833666  0.417277 0.0938584  0.258125 0.0424806
(1,2,(3,(4,(5,6)))); -6154.85  -2.47314e-07 32.234 13.1631 0 -6173.92 0.281156 0.263406 0.143551 0.311887  0.104894 0.0833649  0.417284 0.0938582  0.258118 0.0424811
(1,2,(3,(4,(5,6)))); -6157.36  -2.47314e-07 29.296 13.4547 0 -6173.2 0.281154 0.263408 0.143551 0.311887   0.10489 0.0833666  0.417274  0.093862  0.258125 0.0424825
(1,2,(3,(4,(5,6)))); -6157.73  -2.47314e-07 29.8636 14.1021 0 -6173.49 0.281155 0.263412 0.143549 0.311884  0.104893 0.0833673  0.417274 0.0938579  0.258123 0.0424841
(1,2,(3,(4,(5,6)))); -6156.08  -2.47314e-07 30.9759 13.443 0 -6173.62 0.281154 0.263412 0.143556 0.311879  0.104895 0.0833706  0.417277  0.093858  0.258116 0.0424837
(1,2,(3,(4,(5,6)))); -6155.83  -2.47314e-07 30.9361 13.4815 0 -6173.29 0.281156 0.263406 0.143553 0.311886  0.104892 0.0833662  0.417279 0.0938571  0.258122 0.0424832
(1,2,(3,(4,(5,6)))); -6156.89  -2.47314e-07 31.0602 13.5774 0 -6174.38 0.281158 0.263405 0.143549 0.311888  0.104894 0.0833705  0.417276 0.0938599  0.258119 0.0424813
(1,2,(3,(4,(5,6)))); -6154.99  -2.47314e-07 32.4734 13.5879 0 -6173.88 0.281158 0.263404 0.143551 0.311887  0.104892 0.0833682  0.417281 0.0938612   0.25812 0.0424774
(1,2,(3,(4,(5,6)))); -6153.31  -2.47314e-07 33.8246 13.5107 0 -6173.62 0.281154 0.263407  0.14355 0.311889  0.104892 0.0833669  0.417273 0.0938585  0.258128 0.0424813
(1,2,(3,(4,(5,6)))); -6159.83  -2.47314e-07 29.0035 13.9478 0 -6174.88 0.281156 0.263405 0.143548 0.311891  0.104895 0.0833683  0.417277 0.0938595  0.258117 0.0424825
(1,2,(3,(4,(5,6)))); -6156.16  -2.47314e-07 30.9794 13.7461 0 -6173.39 0.281157  0.26341 0.143545 0.311888  0.104898 0.0833683  0.417279 0.0938627  0.258111 0.0424805
(1,2,(3,(4,(5,6)))); -6162.36  -2.47314e-07 26.8633 13.8362 0 -6175.39 0.281151 0.263405 0.143551 0.311893  0.104895 0.0833669  0.417279  0.093858  0.258121 0.0424802
(1,2,(3,(4,(5,6)))); -6160.63  -2.47314e-07 27.3098 13.546 0 -6174.4 0.281151 0.263407 0.143556 0.311886  0.104897 0.0833679  0.417269 0.0938598  0.258123 0.0424832
(1,2,(3,(4,(5,6)))); -6157.78  -2.47314e-07 28.9326 13.341 0 -6173.37 0.281155 0.263409 0.143552 0.311884  0.104898 0.0833669  0.417278 0.0938607  0.258117 0.0424787
(1,2,(3,(4,(5,6)))); -6155.56  -2.47314e-07 31.3188 13.314 0 -6173.56 0.281155 0.263408  0.14355 0.311887   0.10489 0.0833715  0.417276 0.0938587  0.258122 0.0424825
(1,2,(3,(4,(5,6)))); -6157.04  -2.47314e-07 30.196 13.3641 0 -6173.87 0.281155 0.263401 0.143551 0.311893  0.104895 0.0833668  0.417276 0.0938574  0.258121 0.0424844
(1,2,(3,(4,(5,6)))); -6158.45  -2.47314e-07 29.8379 13.8559 0 -6174.44 0.281155  0.26341 0.143549 0.311886  0.104894 0.0833678  0.417275 0.0938605   0.25812 0.0424835
(1,2,(3,(4,(5,6)))); -6154.85  -2.47314e-07 32.9102 13.5592 0 -6174.21 0.281154 0.263407 0.143552 0.311887  0.104892 0.0833691  0.417281 0.0938581  0.258122 0.0424775
(1,2,(3,(4,(5,6)))); -6156.92  -2.47314e-07 31.4037 14.0658 0 -6174.25 0.281163 0.263408 0.143548 0.311882  0.104896 0.0833652  0.417277  0.093862   0.25812 0.0424802
(1,2,(3,(4,(5,6)))); -6155.65  -2.47314e-07 31.1874 13.5591 0 -6173.27 0.281163 0.263405 0.143558 0.311873  0.104893 0.0833675   0.41727 0.0938605  0.258124 0.0424859
(1,2,(3,(4,(5,6)))); -6155.93  -2.47314e-07 32.2811 13.7219 0 -6174.49 0.281158 0.263406 0.143551 0.311884  0.104892 0.0833696  0.417271 0.0938578  0.258125 0.0424849
(1,2,(3,(4,(5,6)))); -6161.25  -2.47314e-07 26.3037 13.7367 0 -6173.82 0.281157 0.263409 0.143548 0.311886  0.104898 0.0833676  0.417269 0.0938589  0.258123 0.0424836
(1,2,(3,(4,(5,6)))); -6155.49  -2.47314e-07 31.6481 13.1905 0 -6173.95 0.281156 0.263406 0.143553 0.311885  0.104899 0.0833675  0.417276 0.0938578  0.258119 0.0424811
(1,2,(3,(4,(5,6)))); -6159.44  -2.47314e-07 29.0204 13.9476 0 -6174.51 0.281147 0.263409 0.143553 0.311891  0.104894 0.0833685  0.417279 0.0938603  0.258116 0.0424825
(1,2,(3,(4,(5,6)))); -6157.04  -2.47314e-07 30.127 13.5671 0 -6173.6 0.281156   0.2634 0.143554  0.31189  0.104894  0.083368  0.417278 0.0938578  0.258118 0.0424838
(1,2,(3,(4,(5,6)))); -6155.67  -2.47314e-07 32.5093 13.7794 0 -6174.4 0.281158 0.263412 0.143545 0.311885  0.104893 0.0833684  0.417281 0.0938555  0.258121 0.0424819
(1,2,(3,(4,(5,6)))); -6156.06  -2.47314e-07 31.3345 13.4882 0 -6173.91 0.281163 0.263398 0.143552 0.311887  0.104894 0.0833674  0.417277 0.0938585   0.25812 0.0424832
(1,2,(3,(4,(5,6)))); -6154.51  -2.47314e-07 32.6322 13.3832 0 -6173.76 0.281159 0.263402  0.14355 0.311889  0.104893 0.0833652   0.41727  0.093861  0.258127 0.0424831
(1,2,(3,(4,(5,6)))); -6158.67  -2.47314e-07 28.7265 13.6013 0 -6173.79 0.281156 0.263409 0.143554 0.311881  0.104895 0.0833638   0.41728 0.0938558  0.258121 0.0424843
(1,2,(3,(4,(5,6)))); -6154.38  -2.47314e-07 32.7547 13.4944 0 -6173.64 0.281155 0.263409 0.143552 0.311884  0.104891 0.0833639  0.417286 0.0938578  0.258121 0.0424807
(1,2,(3,(4,(5,6)))); -6153.89  -2.47314e-07 34.1844 13.7332 0 -6174.34 0.281153 0.263407 0.143551 0.311889  0.104895 0.0833659  0.417274 0.0938597  0.258122 0.0424826
(1,2,(3,(4,(5,6)))); -6155.84  -2.47314e-07 30.8701 13.161 0 -6173.55 0.281154 0.263407 0.143555 0.311883  0.104888 0.0833685   0.41728 0.0938562  0.258124 0.0424834
(1,2,(3,(4,(5,6)))); -6156.73  -2.47314e-07 31.0103 13.6688 0 -6174.07  0.28116 0.263406 0.143555 0.311879  0.104893 0.0833729  0.417277 0.0938557  0.258119 0.0424827
(1,2,(3,(4,(5,6)))); -6155.48  -2.47314e-07 32.0866 13.5886 0 -6173.98 0.281156 0.263411 0.143551 0.311881  0.104892 0.0833674  0.417275  0.093858  0.258123 0.0424843
(1,2,(3,(4,(5,6)))); -6153.32  -2.47314e-07 33.8717 13.3647 0 -6173.82 0.281151 0.263415 0.143551 0.311883  0.104891 0.0833698  0.417277   0.09386   0.25812 0.0424818
(1,2,(3,(4,(5,6)))); -6155.06  -2.47314e-07 32.3265 13.8139 0 -6173.57 0.281155 0.263405 0.143556 0.311885    0.1049  0.083369  0.417268 0.0938572  0.258122 0.0424829
(1,2,(3,(4,(5,6)))); -6154.99  -2.47314e-07 32.4813 13.8442 0 -6173.62 0.281152 0.263402 0.143553 0.311892  0.104892 0.0833685   0.41727 0.0938587  0.258126 0.0424843
(1,2,(3,(4,(5,6)))); -6155.68  -2.47314e-07 31.2622 13.3525 0 -6173.58 0.281155 0.263409 0.143553 0.311884  0.104895 0.0833699  0.417275 0.0938581  0.258119 0.0424826
(1,2,(3,(4,(5,6)))); -6157.71  -2.47314e-07 29.5911 13.2516 0 -6174.05 0.281157 0.263399 0.143553 0.311891  0.104894 0.0833681  0.417271 0.0938634  0.258121 0.0424825
(1,2,(3,(4,(5,6)))); -6154.16  -2.47314e-07 33.2141 13.5492 0 -6173.82 0.281154 0.263401 0.143552 0.311893  0.104897 0.0833689  0.417275  0.093865  0.258112 0.0424827
(1,2,(3,(4,(5,6)))); -6155.85  -2.47314e-07 31.2254 13.4767 0 -6173.59 0.281152 0.263408 0.143553 0.311886  0.104893 0.0833705  0.417271  0.093861  0.258123 0.0424821
(1,2,(3,(4,(5,6)))); -6154.55  -2.47314e-07 33.0502 13.7098 0 -6173.89 0.281156 0.263408 0.143551 0.311885  0.104896 0.0833646  0.417277  0.093865  0.258116 0.0424809
(1,2,(3,(4,(5,6)))); -6155.6  -2.47314e-07 32.6419 13.7407 0 -6174.5 0.281159 0.263408 0.143548 0.311885  0.104896 0.0833711  0.417275 0.0938581  0.258117 0.0424823
(1,2,(3,(4,(5,6)))); -6160.83  -2.47314e-07 25.8156 12.836 0 -6173.81 0.281156 0.263405 0.143549  0.31189  0.104896 0.0833667   0.41728 0.0938633  0.258112 0.0424818
(1,2,(3,(4,(5,6)))); -6154.09  -2.47314e-07 33.437 13.5521 0 -6173.98 0.281152 0.263403 0.143563 0.311882  0.104889 0.0833679  0.417278 0.0938623  0.258122 0.0424798
(1,2,(3,(4,(5,6)))); -6155.98  -2.47314e-07 31.121 13.1964 0 -6173.91 0.281156 0.263408 0.143551 0.311885  0.104898 0.0833669   0.41728 0.0938573  0.258114 0.0424832
(1,2,(3,(4,(5,6)))); -6156.27  -2.47314e-07 31.2375 13.6987 0 -6173.8 0.281155 0.263402 0.143554  0.31189  0.104894 0.0833665  0.417273 0.0938607  0.258123 0.0424828
(1,2,(3,(4,(5,6)))); -6156.04  -2.47314e-07 31.0065 13.6095 0 -6173.44 0.281155 0.263408 0.143555 0.311882  0.104897 0.0833694  0.417272 0.0938588  0.258122  0.042481
(1,2,(3,(4,(5,6)))); -6155.29  -2.47314e-07 32.0435 13.5958 0 -6173.74 0.281158 0.263415 0.143543 0.311884  0.104892 0.0833671  0.417275 0.0938602  0.258124 0.0424819
(1,2,(3,(4,(5,6)))); -6161.14  -2.47314e-07 26.8476 13.8667 0 -6174.12 0.281151 0.263407 0.143551  0.31189  0.104896 0.0833689  0.417279 0.0938595  0.258116 0.0424811
(1,2,(3,(4,(5,6)))); -6156.03  -2.47314e-07 30.9855 13.4645 0 -6173.55 0.281152 0.263408 0.143555 0.311885  0.104893  0.083369  0.417282 0.0938565  0.258115 0.0424839
(1,2,(3,(4,(5,6)))); -6156.33  -2.47314e-07 30.0135 13.1058 0 -6173.23 0.281154 0.263411 0.143552 0.311883  0.104899   0.08337  0.417265 0.0938622  0.258122 0.0424813
(1,2,(3,(4,(5,6)))); -6153.34  -2.47314e-07 34.2122 13.5594 0 -6173.99 0.281153 0.263408 0.143553 0.311886  0.104895 0.0833682   0.41727 0.0938609  0.258124 0.0424817
(1,2,(3,(4,(5,6)))); -6156.77  -2.47314e-07 31.9506 13.9654 0 -6174.75 0.281153 0.263407 0.143552 0.311888  0.104897 0.0833689  0.417278 0.0938546  0.258122 0.0424803
(1,2,(3,(4,(5,6)))); -6161.17  -2.47314e-07 27.5823 14.0983 0 -6174.66 0.281148  0.26341 0.143555 0.311886  0.104895 0.0833716  0.417263 0.0938598   0.25813 0.0424805
(1,2,(3,(4,(5,6)))); -6158.11  -2.47314e-07 28.4157 13.4376 0 -6173.09 0.281154 0.263408 0.143555 0.311883  0.104892 0.0833668  0.417281  0.093859  0.258119 0.0424821
(1,2,(3,(4,(5,6)))); -6156.67  -2.47314e-07 30.8945 13.5445 0 -6174.02 0.281152 0.263413  0.14355 0.311885  0.104893 0.0833696  0.417278 0.0938588  0.258117  0.042484
(1,2,(3,(4,(5,6)))); -6158.69  -2.47314e-07 28.3059 13.8775 0 -6173.12 0.281162 0.263405  0.14355 0.311883  0.104896 0.0833646  0.417275 0.0938611  0.258123 0.0424807
(1,2,(3,(4,(5,6)))); -6155.84  -2.47314e-07 32.0994 13.7245 0 -6174.21 0.281153 0.263412 0.143552 0.311882  0.104901 0.0833661  0.417277 0.0938568  0.258115 0.0424839
(1,2,(3,(4,(5,6)))); -6153.11  -2.47314e-07 34.1552 13.3312 0 -6173.93 0.281154  0.26341 0.143556 0.311881  0.104897 0.0833703  0.417266 0.0938625  0.258123 0.0424817
(1,2,(3,(4,(5,6)))); -6155.64  -2.47314e-07 32.6039 13.7022 0 -6174.54 0.281158 0.263406 0.143549 0.311886  0.104896  0.083371  0.417271 0.0938595  0.258119 0.0424839
(1,2,(3,(4,(5,6)))); -6154.79  -2.47314e-07 32.0835 13.1243 0 -6173.75 0.281161 0.263404 0.143554 0.311881  0.104896 0.0833673  0.417278 0.0938599  0.258119 0.0424801
(1,2,(3,(4,(5,6)))); -6159.82  -2.47314e-07 28.5588 13.7907 0 -6174.59 0.281158 0.263405  0.14355 0.311886  0.104894 0.0833619  0.417274 0.0938619  0.258125 0.0424826
(1,2,(3,(4,(5,6)))); -6155.42  -2.47314e-07 31.8547 13.5154 0 -6173.75 0.281159 0.263406 0.143551 0.311884  0.104893  0.083367  0.417277 0.0938558  0.258122 0.0424854
(1,2,(3,(4,(5,6)))); -6157.88  -2.47314e-07 29.0218 13.0478 0 -6173.86 0.281165 0.263407 0.143547 0.311882  0.104895 0.0833682  0.417276 0.0938568  0.258122 0.0424821
(1,2,(3,(4,(5,6)))); -6159.03  -2.47314e-07 27.8694 13.5032 0 -6173.39 0.281159 0.263402 0.143553 0.311886  0.104896   0.08337  0.417272 0.0938587  0.258121 0.0424827
(1,2,(3,(4,(5,6)))); -6156.3  -2.47314e-07 30.2112 13.1769 0 -6173.33 0.281155 0.263406 0.143552 0.311888  0.104894 0.0833631  0.417272 0.0938615  0.258122 0.0424862
(1,2,(3,(4,(5,6)))); -6157.93  -2.47314e-07 28.6102 13.0261 0 -6173.52 0.281156 0.263405 0.143552 0.311886  0.104895 0.0833675  0.417271 0.0938588  0.258122 0.0424852
(1,2,(3,(4,(5,6)))); -6155.71  -2.47314e-07 31.5569 13.4782 0 -6173.79  0.28116 0.263397 0.143557 0.311887  0.104894 0.0833697  0.417277 0.0938614  0.258117 0.0424803
(1,2,(3,(4,(5,6)))); -6157.44  -2.47314e-07 29.5744 13.2367 0 -6173.77 0.281154 0.263407 0.143559 0.311881  0.104892 0.0833686  0.417279 0.0938593  0.258117 0.0424838
(1,2,(3,(4,(5,6)))); -6158.75  -2.47314e-07 28.9541 13.6995 0 -6174 0.281152 0.263407 0.143554 0.311887  0.104893 0.0833707  0.417271 0.0938558  0.258124 0.0424856
(1,2,(3,(4,(5,6)))); -6154.36  -2.47314e-07 32.5211 13.2124 0 -6173.67 0.281158 0.263411 0.143555 0.311876  0.104896 0.0833661  0.417276 0.0938575  0.258126 0.0424788
(1,2,(3,(4,(5,6)))); -6160.65  -2.47314e-07 28.5242 14.0054 0 -6175.17 0.281154 0.263407 0.143548 0.311891  0.104892 0.0833686  0.417283 0.0938569  0.258118 0.0424822
(1,2,(3,(4,(5,6)))); -6156.28  -2.47314e-07 32.3148 13.9409 0 -6174.65 0.281152 0.263407 0.143558 0.311883  0.104888 0.0833657  0.417279 0.0938612   0.25812 0.0424861
(1,2,(3,(4,(5,6)))); -6157.34  -2.47314e-07 29.2782 12.8623 0 -6173.76 0.281159 0.263409  0.14355 0.311883  0.104894 0.0833682  0.417274 0.0938579  0.258123 0.0424826
(1,2,(3,(4,(5,6)))); -6157.39  -2.47314e-07 29.7655 13.1685 0 -6173.99 0.281149 0.263409  0.14355 0.311891  0.104888 0.0833671  0.417283 0.0938597   0.25812 0.0424818
(1,2,(3,(4,(5,6)))); -6156.64  -2.47314e-07 30.5612 13.1747 0 -6174.02 0.281158 0.263407 0.143548 0.311888  0.104895 0.0833681  0.417276 0.0938564   0.25812 0.0424834
(1,2,(3,(4,(5,6)))); -6153.98  -2.47314e-07 33.6856 13.665 0 -6174 0.281156 0.263405 0.143555 0.311884  0.104896 0.0833668  0.417278 0.0938562  0.258119 0.0424842
(1,2,(3,(4,(5,6)))); -6155.87  -2.47314e-07 31.525 13.6196 0 -6173.77 0.281154 0.263406 0.143557 0.311883  0.104897 0.0833705  0.417269 0.0938599  0.258121 0.0424818
(1,2,(3,(4,(5,6)))); -6157.09  -2.47314e-07 29.8873 13.1596 0 -6173.82  0.28115 0.263399 0.143555 0.311896  0.104898 0.0833649  0.417278 0.0938553  0.258121 0.0424832
(1,2,(3,(4,(5,6)))); -6157.5  -2.47314e-07 30.0931 13.619 0 -6173.98 0.281158 0.263403 0.143553 0.311886  0.104896 0.0833655  0.417282 0.0938601  0.258113 0.0424822
(1,2,(3,(4,(5,6)))); -6157.3  -2.47314e-07 30.4342 13.7608 0 -6173.98 0.281159 0.263403 0.143551 0.311888  0.104894 0.0833688  0.417273 0.0938579  0.258123 0.0424825
(1,2,(3,(4,(5,6)))); -6153.63  -2.47314e-07 33.7685 13.4725 0 -6173.92 0.281152 0.263411  0.14355 0.311887  0.104891 0.0833671  0.417272 0.0938676  0.258117 0.0424843
(1,2,(3,(4,(5,6)))); -6159.59  -2.47314e-07 28.5661 13.6336 0 -6174.52 0.281154 0.263403 0.143554 0.311889  0.104892 0.0833679   0.41727 0.0938613  0.258122 0.0424864
(1,2,(3,(4,(5,6)))); -6156.88  -2.47314e-07 30.9234 13.6894 0 -6174.11 0.281156 0.263403  0.14355 0.311891  0.104895 0.0833708  0.417275 0.0938551  0.258118 0.0424858
(1,2,(3,(4,(5,6)))); -6157.24  -2.47314e-07 30.1542 13.6256 0 -6173.76 0.281152 0.263407 0.143552 0.311889  0.104894 0.0833675  0.417277 0.0938583  0.258119 0.0424838
(1,2,(3,(4,(5,6)))); -6154.6  -2.47314e-07 33.1155 13.6313 0 -6174.08 0.281162 0.263406 0.143549 0.311883  0.104893 0.0833667  0.417269   0.09386  0.258129 0.0424828
(1,2,(3,(4,(5,6)))); -6153.86  -2.47314e-07 33.9241 13.7051 0 -6174.08 0.281151 0.263409  0.14355  0.31189   0.10489 0.0833688  0.417273 0.0938615  0.258124 0.0424818
(1,2,(3,(4,(5,6)))); -6156.64  -2.47314e-07 29.6799 13.2952 0 -6173.02 0.281159 0.263404  0.14355 0.311887  0.104893 0.0833702  0.417272 0.0938621  0.258119  0.042483
(1,2,(3,(4,(5,6)))); -6159.61  -2.47314e-07 28.4635 14.0795 0 -6174 0.281152 0.263408 0.143552 0.311887  0.104896 0.0833686  0.417274 0.0938578   0.25812  0.042483
(1,2,(3,(4,(5,6)))); -6154.18  -2.47314e-07 32.7947 13.2713 0 -6173.7 0.281155 0.263409 0.143543 0.311892  0.104896  0.083367  0.417275 0.0938642  0.258116 0.0424828
(1,2,(3,(4,(5,6)))); -6157.75  -2.47314e-07 30.1797 13.6187 0 -6174.31 0.281158 0.263405 0.143552 0.311886  0.104893 0.0833687  0.417272  0.093865  0.258122   0.04248
(1,2,(3,(4,(5,6)))); -6157.59  -2.47314e-07 29.0025 13.4732 0 -6173.12 0.281158 0.263407 0.143552 0.311883  0.104898 0.0833685  0.417275 0.0938615  0.258111 0.0424853
(1,2,(3,(4,(5,6)))); -6154.73  -2.47314e-07 32.6756 13.6959 0 -6173.71 0.281159 0.263398 0.143552 0.311891  0.104897 0.0833715  0.417264 0.0938655  0.258118 0.0424839
(1,2,(3,(4,(5,6)))); -6156.51  -2.47314e-07 30.6405 13.4749 0 -6173.67 0.281161 0.263407 0.143551 0.311882  0.104892 0.0833691  0.417275 0.0938564  0.258122 0.0424855
(1,2,(3,(4,(5,6)))); -6157.57  -2.47314e-07 29.8442 13.6097 0 -6173.81 0.281154 0.263411  0.14355 0.311885  0.104895 0.0833654  0.417278 0.0938616  0.258118 0.0424821
(1,2,(3,(4,(5,6)))); -6160.85  -2.47314e-07 26.587 13.8615 0 -6173.57 0.281155 0.263407 0.143555 0.311883  0.104895 0.0833671   0.41728 0.0938617  0.258111 0.0424854
(1,2,(3,(4,(5,6)))); -6154.41  -2.47314e-07 33.0187 13.3536 0 -6174.08 0.281149 0.263406 0.143554 0.311891  0.104897 0.0833672  0.417274 0.0938569   0.25812 0.0424841
