tree logl logTop logBL logPrior logQ logWt pi1 pi2 pi3 pi4 s1 s2 s3 s4 s5 s6
(1,((((2,3),4),5),(6,(((7,(8,9)),10),11))),12); -9155.95  -0.00308363 -23.7797 30.2769 0 -9101.89 0.248403 0.231363 0.203402 0.316832  0.0473717   0.317206  0.0753417  0.0134491    0.53872 0.00791164
(1,((((2,3),4),5),(6,(((7,(8,9)),10),11))),12); -9126.35  -0.00308363 -14.238 29.322 0 -9082.78 0.248401  0.23137 0.203399  0.31683  0.0473714   0.317213  0.0753385  0.0134478   0.538718 0.00791066
(1,((((2,3),4),5),(6,(((7,(8,9)),10),11))),12); nan  -0.00308363 -14.3014 29.2541 0 nan 0.248398 0.231372 0.203399 0.316831  0.0473724   0.317218  0.0753439  0.0134492   0.538704 0.00791199
(1,((((2,3),4),5),(6,(((7,(8,9)),10),11))),12); -9139.06  -0.00308363 -31.8905 28.4738 0 -9078.69   0.2484 0.231372 0.203401 0.316828  0.0473694    0.31721  0.0753408  0.0134485    0.53872 0.00791055
(1,((((2,3),4),5),(6,(((7,(8,9)),10),11))),12); -9134.76  -0.00308363 -26.5481 29.6324 0 -9078.58 0.248398 0.231366 0.203406  0.31683  0.0473711   0.317206  0.0753419  0.0134479   0.538722 0.00791088
(1,((((2,3),4),5),(6,(((7,(8,9)),10),11))),12); nan  -0.00308363 -26.6471 28.7512 0 nan 0.248405 0.231369 0.203401 0.316826  0.0473746   0.317209  0.0753402  0.0134486   0.538717 0.00791082
(1,((((2,3),4),5),(6,(((7,(8,9)),10),11))),12); nan  -0.00308363 -24.1152 30.0188 0 nan 0.248404 0.231371 0.203401 0.316823  0.0473715   0.317211  0.0753386    0.01345   0.538719 0.00791004
(1,((((2,3),4),5),(6,(((7,(8,9)),10),11))),12); -9131.52  -0.00308363 -13.2714 28.7344 0 -9089.52 0.248406 0.231366 0.203396 0.316832   0.047374   0.317215   0.075338  0.0134499   0.538712 0.00791158
(1,((((2,3),4),5),(6,(((7,(8,9)),10),11))),12); -9129.04  -0.00308363 -19.4315 28.9251 0 -9080.68 0.248409 0.231369 0.203403 0.316818  0.0473714   0.317211  0.0753391  0.0134485   0.538717 0.00791286
(1,((((2,3),4),5),(6,(((7,(8,9)),10),11))),12); -9126.87  -0.00308363 -18.9135 28.4244 0 -9079.53 0.248403 0.231366   0.2034 0.316831 0.0473743  0.317213 0.0753401 0.0134474  0.538714 0.0079112
(1,((((2,3),4),5),(6,(((7,(8,9)),10),11))),12); -9146.05  -0.00308363 -11.9857 29.3303 0 -9104.73 0.248409 0.231371 0.203397 0.316824  0.0473734   0.317216  0.0753426  0.0134494   0.538707 0.00791181
(1,((((2,3),4),5),(6,(((7,(8,9)),10),11))),12); -9142.77  -0.00308363 -13.9064 29.9591 0 -9098.9 0.248405 0.231366 0.203403 0.316826  0.0473729   0.317209  0.0753415  0.0134494   0.538715 0.00791256
(1,((((2,3),4),5),(6,(((7,(8,9)),10),11))),12); nan  -0.00308363 -24.574 29.257 0 nan 0.248411 0.231367 0.203394 0.316828  0.0473728    0.31721  0.0753402   0.013448   0.538716 0.00791288
(1,((((2,3),4),5),(6,(((7,(8,9)),10),11))),12); -9132.08  -0.00308363 -28.9802 30.2119 0 -9072.88 0.248402 0.231365 0.203404 0.316829  0.0473706    0.31721  0.0753436  0.0134477   0.538716 0.00791163
(1,((((2,3),4),5),(6,(((7,(8,9)),10),11))),12); nan  -0.00308363 -14.0444 30.4436 0 nan 0.248406 0.231364 0.203403 0.316827  0.0473721   0.317208  0.0753408  0.0134489   0.538718 0.00791148
(1,((((2,3),4),5),(6,(((7,(8,9)),10),11))),12); nan  -0.00308363 -21.8443 29.5594 0 nan 0.248407 0.231361 0.203403 0.316829  0.0473703   0.317214  0.0753398  0.0134482   0.538717 0.00791052
(1,((((2,3),4),5),(6,(((7,(8,9)),10),11))),12); -9132.55  -0.00308363 -21.5882 28.889 0 -9082.07 0.248403 0.231365 0.203406 0.316826 0.0473731  0.317217 0.0753408 0.0134475  0.538708 0.0079127
(1,((((2,3),4),5),(6,(((7,(8,9)),10),11))),12); -9134.24  -0.00308363 -23.1722 29.5383 0 -9081.53 0.248407 0.231365 0.203402 0.316827  0.0473761   0.317209  0.0753398  0.0134494   0.538713 0.00791264
(1,((((2,3),4),5),(6,(((7,(8,9)),10),11))),12); -9133.71  -0.00308363 -21.263 29.8389 0 -9082.6 0.248402 0.231365 0.203402 0.316832  0.0473675   0.317213  0.0753435  0.0134495   0.538715 0.00791204
(1,((((2,3),4),5),(6,(((7,(8,9)),10),11))),12); -9129.26  -0.00308363 -19.2659 28.7114 0 -9081.28 0.248398 0.231369 0.203401 0.316832  0.0473711   0.317208  0.0753413  0.0134488    0.53872 0.00791135
(1,((((2,3),4),5),(6,(((7,(8,9)),10),11))),12); -9131.87  -0.00308363 -29.5238 28.4599 0 -9073.88 0.248403 0.231366 0.203405 0.316827  0.0473689    0.31721  0.0753421  0.0134491   0.538718 0.00791165
(1,((((2,3),4),5),(6,(((7,(8,9)),10),11))),12); -9132.19  -0.00308363 -19.4627 29.8893 0 -9082.83 0.248406 0.231366 0.203401 0.316827  0.0473709   0.317216  0.0753413  0.0134482   0.538712 0.00791145
(1,((((2,3),4),5),(6,(((7,(8,9)),10),11))),12); -9127.03  -0.00308363 -19.0061 29.5748 0 -9078.45 0.248405 0.231367 0.203401 0.316827  0.0473722   0.317211  0.0753394  0.0134484   0.538717 0.00791155
(1,((((2,3),4),5),(6,(((7,(8,9)),10),11))),12); nan  -0.00308363 -18.7455 29.5973 0 nan 0.248411 0.231371 0.203397 0.316821  0.0473708    0.31722  0.0753404  0.0134492   0.538708 0.00791133
(1,((((2,3),4),5),(6,(((7,(8,9)),10),11))),12); -9129.37  -0.00308363 -20.9092 29.6429 0 -9078.82   0.2484 0.231371   0.2034 0.316829  0.0473726   0.317208  0.0753398   0.013448    0.53872 0.00791138
(1,((((2,3),4),5),(6,(((7,(8,9)),10),11))),12); -9128.18  -0.00308363 -18.8996 29.9593 0 -9079.32 0.248409 0.231364 0.203399 0.316827  0.0473705    0.31721  0.0753426  0.0134489   0.538717 0.00791121
(1,((((2,3),4),5),(6,(((7,(8,9)),10),11))),12); -9150.17  -0.00308363 -21.0041 29.7754 0 -9099.39  0.24841 0.231359 0.203405 0.316827  0.0473722   0.317215  0.0753394  0.0134493   0.538713 0.00791104
(1,((((2,3),4),5),(6,(((7,(8,9)),10),11))),12); -9128.62  -0.00308363 -15.2255 29.3652 0 -9084.02 0.248402 0.231374 0.203397 0.316827  0.0473699    0.31721  0.0753367  0.0134492   0.538722 0.00791187
(1,((((2,3),4),5),(6,(((7,(8,9)),10),11))),12); -9143.2  -0.00308363 -13.901 30.0021 0 -9099.29 0.248407 0.231367 0.203401 0.316825  0.0473699   0.317208  0.0753399  0.0134479   0.538723 0.00791089
(1,((((2,3),4),5),(6,(((7,(8,9)),10),11))),12); -9142.7  -0.00308363 -30.9366 29.5054 0 -9082.25 0.248402 0.231372   0.2034 0.316826  0.0473714   0.317221  0.0753405   0.013448   0.538709 0.00791022
(1,((((2,3),4),5),(6,(((7,(8,9)),10),11))),12); -9132.3  -0.00308363 -28.6473 29.1309 0 -9074.52 0.248405 0.231369 0.203401 0.316825  0.0473721   0.317212  0.0753403  0.0134496   0.538715 0.00791107
(1,((((2,3),4),5),(6,(((7,(8,9)),10),11))),12); -9131.02  -0.00308363 -23.0429 29.3243 0 -9078.65 0.248405 0.231368 0.203401 0.316826  0.0473702   0.317214    0.07534  0.0134503   0.538712 0.00791296
(1,((((2,3),4),5),(6,(((7,(8,9)),10),11))),12); -9127.95  -0.00308363 -15.2634 29.0652 0 -9083.62 0.248406 0.231368 0.203401 0.316825  0.0473708   0.317209   0.075343  0.0134488   0.538717 0.00791144
(1,((((2,3),4),5),(6,(((7,(8,9)),10),11))),12); -9124.7  -0.00308363 -13.2389 28.391 0 -9083.07 0.248411 0.231371 0.203401 0.316817  0.0473696   0.317209  0.0753413  0.0134493    0.53872 0.00791161
(1,((((2,3),4),5),(6,(((7,(8,9)),10),11))),12); -9131.46  -0.00308363 -21.1439 29.8401 0 -9080.47 0.248405 0.231373 0.203398 0.316824  0.0473719   0.317207   0.075339  0.0134498   0.538721 0.00791114
(1,((((2,3),4),5),(6,(((7,(8,9)),10),11))),12); -9126.57  -0.00308363 -13.6658 29.7633 0 -9083.14 0.248407 0.231365 0.203404 0.316824 0.0473695  0.317217 0.0753441 0.0134491   0.53871 0.0079101
(1,((((2,3),4),5),(6,(((7,(8,9)),10),11))),12); nan  -0.00308363 -21.1198 29.183 0 nan 0.248407 0.231371 0.203394 0.316828  0.0473686   0.317215   0.075341  0.0134483   0.538715 0.00791131
(1,((((2,3),4),5),(6,(((7,(8,9)),10),11))),12); -9151.66  -0.00308363 -14.6069 29.6574 0 -9107.39 0.248399 0.231376 0.203398 0.316827   0.047372   0.317211   0.075342  0.0134494   0.538714 0.00791208
(1,((((2,3),4),5),(6,(((7,(8,9)),10),11))),12); -9126.86  -0.00308363 -18.8423 29.1106 0 -9078.91 0.248408 0.231367 0.203399 0.316826  0.0473719    0.31721   0.075344  0.0134505   0.538712 0.00791192
(1,((((2,3),4),5),(6,(((7,(8,9)),10),11))),12); -9128.11  -0.00308363 -23.7347 29.2215 0 -9075.15 0.248405 0.231365 0.203398 0.316832  0.0473732   0.317207  0.0753455  0.0134491   0.538714 0.00791111
(1,((((2,3),4),5),(6,(((7,(8,9)),10),11))),12); -9126.8  -0.00308363 -17.6685 28.8436 0 -9080.28   0.2484 0.231378   0.2034 0.316822  0.0473712   0.317214  0.0753391  0.0134502   0.538713 0.00791218
(1,((((2,3),4),5),(6,(((7,(8,9)),10),11))),12); -9146.05  -0.00308363 -22.7258 29.2156 0 -9094.1 0.248403 0.231367   0.2034  0.31683  0.0473722   0.317209  0.0753405   0.013448   0.538717 0.00791336
(1,((((2,3),4),5),(6,(((7,(8,9)),10),11))),12); -9130.25  -0.00308363 -10.9917 29.5337 0 -9089.72 0.248406 0.231371 0.203395 0.316828   0.047371   0.317207  0.0753402  0.0134485   0.538721 0.00791155
(1,((((2,3),4),5),(6,(((7,(8,9)),10),11))),12); -9122.94  -0.00308363 -9.79108 28.3422 0 -9084.81 0.248405  0.23137 0.203401 0.316825  0.0473693    0.31721  0.0753361  0.0134501   0.538723 0.00791203
(1,((((2,3),4),5),(6,(((7,(8,9)),10),11))),12); -9128.97  -0.00308363 -25.6707 28.9791 0 -9074.32 0.248396 0.231371 0.203402 0.316831  0.0473705   0.317208  0.0753401  0.0134507   0.538719 0.00791166
(1,((((2,3),4),5),(6,(((7,(8,9)),10),11))),12); nan  -0.00308363 -21.7367 29.666 0 nan 0.248402 0.231375 0.203399 0.316824 0.0473721  0.317217 0.0753409 0.0134491  0.538711 0.0079104
(1,((((2,3),4),5),(6,(((7,(8,9)),10),11))),12); -9137.91  -0.00308363 -22.6629 29.1636 0 -9086.08 0.248394 0.231371 0.203406 0.316828  0.0473706    0.31721  0.0753405  0.0134478   0.538721 0.00791077
(1,((((2,3),4),5),(6,(((7,(8,9)),10),11))),12); -9130.47  -0.00308363 -15.0262 29.6316 0 -9085.8 0.248406 0.231365 0.203399 0.316831  0.0473709   0.317211  0.0753397  0.0134506   0.538716 0.00791209
(1,((((2,3),4),5),(6,(((7,(8,9)),10),11))),12); -9136.11  -0.00308363 -21.1857 28.9347 0 -9085.98 0.248402  0.23137 0.203398  0.31683  0.0473742   0.317216  0.0753416  0.0134497   0.538709 0.00791001
(1,((((2,3),4),5),(6,(((7,(8,9)),10),11))),12); -9127.64  -0.00308363 -19.4097 28.6683 0 -9079.56 0.248406 0.231366 0.203401 0.316827  0.0473713   0.317211  0.0753412   0.013449   0.538715 0.00791244
(1,((((2,3),4),5),(6,(((7,(8,9)),10),11))),12); -9129.27  -0.00308363 -14.0761 29.3611 0 -9085.83 0.248407 0.231365 0.203404 0.316824  0.0473692   0.317215  0.0753425  0.0134491   0.538714 0.00791017
(1,((((2,3),4),5),(6,(((7,(8,9)),10),11))),12); -9138.36  -0.00308363 -26.7129 29.291 0 -9082.35  0.24841 0.231365 0.203398 0.316827  0.0473724   0.317212  0.0753391  0.0134503   0.538713 0.00791284
(1,((((2,3),4),5),(6,(((7,(8,9)),10),11))),12); nan  -0.00308363 -28.6424 29.1334 0 nan 0.248405 0.231372 0.203395 0.316829  0.0473737   0.317208  0.0753416  0.0134486   0.538716 0.00791165
(1,((((2,3),4),5),(6,(((7,(8,9)),10),11))),12); -9132.83  -0.00308363 -25.5683 30.2906 0 -9076.97 0.248406 0.231372 0.203397 0.316825  0.0473715   0.317208  0.0753419  0.0134487   0.538718 0.00791188
(1,((((2,3),4),5),(6,(((7,(8,9)),10),11))),12); -9126.78  -0.00308363 -14.2132 29.19 0 -9083.37 0.248406 0.231363 0.203402  0.31683  0.0473691   0.317215  0.0753399  0.0134495   0.538714 0.00791207
(1,((((2,3),4),5),(6,(((7,(8,9)),10),11))),12); -9127.36  -0.00308363 -16.5824 28.5565 0 -9082.22 0.248406 0.231368 0.203398 0.316828  0.0473722   0.317212  0.0753396    0.01345   0.538713 0.00791247
(1,((((2,3),4),5),(6,(((7,(8,9)),10),11))),12); -9133.73  -0.00308363 -25.4599 29.5674 0 -9078.7 0.248408 0.231364 0.203399 0.316829  0.0473691   0.317211  0.0753436  0.0134502   0.538715 0.00791131
(1,((((2,3),4),5),(6,(((7,(8,9)),10),11))),12); -9134.7  -0.00308363 -21.1973 28.1585 0 -9085.34 0.248406  0.23137 0.203401 0.316823  0.0473707   0.317202  0.0753422  0.0134503   0.538723 0.00791122
(1,((((2,3),4),5),(6,(((7,(8,9)),10),11))),12); -9139.03  -0.00308363 -26.3501 29.1691 0 -9083.51 0.248402 0.231365 0.203402 0.316831  0.0473701   0.317213  0.0753391  0.0134477    0.53872 0.00791085
(1,((((2,3),4),5),(6,(((7,(8,9)),10),11))),12); nan  -0.00308363 -16.0764 28.8345 0 nan 0.248404 0.231367 0.203401 0.316828  0.0473744   0.317211  0.0753408  0.0134497   0.538713 0.00791085
(1,((((2,3),4),5),(6,(((7,(8,9)),10),11))),12); nan  -0.00308363 -14.9765 28.6357 0 nan 0.248401 0.231365 0.203402 0.316832  0.0473695   0.317211  0.0753387  0.0134498   0.538719 0.00791171
(1,((((2,3),4),5),(6,(((7,(8,9)),10),11))),12); nan  -0.00308363 -21.7999 29.5475 0 nan 0.248405 0.231363 0.203406 0.316826  0.0473705    0.31721  0.0753402  0.0134485   0.538718 0.00791246
(1,((((2,3),4),5),(6,(((7,(8,9)),10),11))),12); -9133.31  -0.00308363 -20.9053 28.3035 0 -9084.1 0.248405 0.231365 0.203403 0.316827  0.0473712   0.317207  0.0753432  0.0134486   0.538718 0.00791293
(1,((((2,3),4),5),(6,(((7,(8,9)),10),11))),12); -9136.38  -0.00308363 -24.0922 30.1157 0 -9082.16 0.248404 0.231366 0.203397 0.316833  0.0473673   0.317218  0.0753394  0.0134478   0.538717 0.00791098
(1,((((2,3),4),5),(6,(((7,(8,9)),10),11))),12); -9132.72  -0.00308363 -18.967 28.5356 0 -9085.21 0.248403  0.23137 0.203398 0.316829  0.0473688   0.317218  0.0753411  0.0134471   0.538714 0.00791183
(1,((((2,3),4),5),(6,(((7,(8,9)),10),11))),12); -9128.23  -0.00308363 -20.738 28.7564 0 -9078.73 0.248405 0.231367 0.203393 0.316835  0.0473722    0.31721  0.0753416  0.0134508   0.538714 0.00791181
(1,((((2,3),4),5),(6,(((7,(8,9)),10),11))),12); -9129.38  -0.00308363 -23.0527 27.9508 0 -9078.37 0.248403 0.231368 0.203398 0.316831  0.0473697   0.317216  0.0753412  0.0134501   0.538713 0.00790964
(1,((((2,3),4),5),(6,(((7,(8,9)),10),11))),12); -9131.05  -0.00308363 -17.3233 29.8798 0 -9083.84 0.248408 0.231366 0.203403 0.316823  0.0473712   0.317211  0.0753426  0.0134503   0.538713 0.00791143
(1,((((2,3),4),5),(6,(((7,(8,9)),10),11))),12); -9125.78  -0.00308363 -17.7219 29.8258 0 -9078.23 0.248397 0.231372 0.203397 0.316834    0.04737   0.317207  0.0753407  0.0134488   0.538722 0.00791171
(1,((((2,3),4),5),(6,(((7,(8,9)),10),11))),12); -9125.59  -0.00308363 -14.6149 29.7197 0 -9081.26 0.248402 0.231366 0.203405 0.316827   0.047367   0.317208  0.0753424  0.0134498   0.538722 0.00791153
(1,((((2,3),4),5),(6,(((7,(8,9)),10),11))),12); -9136.3  -0.00308363 -23.3628 28.9774 0 -9083.95 0.248404 0.231361 0.203405  0.31683  0.0473705   0.317217  0.0753425  0.0134488   0.538711 0.00791081
(1,((((2,3),4),5),(6,(((7,(8,9)),10),11))),12); -9127.6  -0.00308363 -16.4936 29.3118 0 -9081.79 0.248401 0.231365 0.203407 0.316827  0.0473706   0.317213  0.0753421  0.0134483   0.538715 0.00791125
(1,((((2,3),4),5),(6,(((7,(8,9)),10),11))),12); nan  -0.00308363 -24.8121 29.106 0 nan   0.2484 0.231374 0.203398 0.316828  0.0473711   0.317214  0.0753429  0.0134482    0.53871 0.00791319
(1,((((2,3),4),5),(6,(((7,(8,9)),10),11))),12); -9137.7  -0.00308363 -18.7503 28.7706 0 -9090.18 0.248402 0.231363 0.203404 0.316831    0.04737   0.317207  0.0753408  0.0134521   0.538719 0.00791142
(1,((((2,3),4),5),(6,(((7,(8,9)),10),11))),12); nan  -0.00308363 -20.9069 29.1271 0 nan 0.248407 0.231372 0.203395 0.316826  0.0473698   0.317217   0.075341  0.0134485   0.538713 0.00791123
(1,((((2,3),4),5),(6,(((7,(8,9)),10),11))),12); -9126.47  -0.00308363 -15.759 29.5408 0 -9081.17   0.2484 0.231367 0.203399 0.316834  0.0473705   0.317212  0.0753437  0.0134506   0.538712 0.00791092
(1,((((2,3),4),5),(6,(((7,(8,9)),10),11))),12); nan  -0.00308363 -14.4636 28.956 0 nan 0.248403 0.231367   0.2034 0.316829 0.0473706  0.317211 0.0753418 0.0134498  0.538716 0.0079108
(1,((((2,3),4),5),(6,(((7,(8,9)),10),11))),12); -9124.93  -0.00308363 -13.2317 29.5654 0 -9082.13 0.248397 0.231366 0.203405 0.316832  0.0473725   0.317213    0.07534  0.0134503   0.538713 0.00791167
(1,((((2,3),4),5),(6,(((7,(8,9)),10),11))),12); -9126.15  -0.00308363 -12.1082 29.0143 0 -9085.02 0.248399 0.231371 0.203403 0.316826  0.0473696   0.317212  0.0753414  0.0134488   0.538717 0.00791164
(1,((((2,3),4),5),(6,(((7,(8,9)),10),11))),12); -9123.6  -0.00308363 -11.5463 29.3699 0 -9082.68 0.248407 0.231374 0.203397 0.316822  0.0473717   0.317207  0.0753415  0.0134494   0.538718 0.00791136
(1,((((2,3),4),5),(6,(((7,(8,9)),10),11))),12); -9131.85  -0.00308363 -23.6939 30.802 0 -9077.35 0.248408 0.231365 0.203399 0.316828  0.0473725    0.31721  0.0753443  0.0134481   0.538714 0.00791118
(1,((((2,3),4),5),(6,(((7,(8,9)),10),11))),12); -9135.96  -0.00308363 -36.6116 29.039 0 -9070.31  0.24841 0.231368 0.203396 0.316826  0.0473714   0.317213  0.0753409  0.0134492   0.538715 0.00791139
(1,((((2,3),4),5),(6,(((7,(8,9)),10),11))),12); -9128.94  -0.00308363 -19.0901 28.8147 0 -9081.04 0.248407 0.231364 0.203401 0.316828   0.04737  0.317211 0.0753418 0.0134507  0.538714 0.0079126
(1,((((2,3),4),5),(6,(((7,(8,9)),10),11))),12); -9127.34  -0.00308363 -17.4164 29.8761 0 -9080.04 0.248404 0.231363 0.203404  0.31683  0.0473692   0.317207  0.0753427  0.0134498    0.53872 0.00791169
(1,((((2,3),4),5),(6,(((7,(8,9)),10),11))),12); nan  -0.00308363 -32.5476 29.2671 0 nan 0.248403  0.23137   0.2034 0.316827  0.0473732   0.317211  0.0753426   0.013447   0.538715 0.00791114
(1,((((2,3),4),5),(6,(((7,(8,9)),10),11))),12); -9153.08  -0.00308363 -14.8409 29.0451 0 -9109.19 0.248406 0.231361 0.203404 0.316829 0.0473746  0.317217 0.0753403 0.0134481  0.538709 0.0079108
(1,((((2,3),4),5),(6,(((7,(8,9)),10),11))),12); -9137  -0.00308363 -36.3955 28.2015 0 -9072.4 0.248404 0.231365   0.2034  0.31683  0.0473721   0.317208  0.0753373  0.0134482   0.538723 0.00791116
(1,((((2,3),4),5),(6,(((7,(8,9)),10),11))),12); -9129.85  -0.00308363 -21.2544 29.0731 0 -9079.52 0.248399 0.231369 0.203407 0.316826  0.0473706   0.317206  0.0753379   0.013448   0.538725 0.00791335
(1,((((2,3),4),5),(6,(((7,(8,9)),10),11))),12); -9129.86  -0.00308363 -15.8696 29.9616 0 -9084.02   0.2484 0.231368 0.203404 0.316828  0.0473725   0.317213  0.0753428  0.0134497   0.538711 0.00791074
(1,((((2,3),4),5),(6,(((7,(8,9)),10),11))),12); -9187.99  -0.00308363 -31.7856 29.2015 0 -9127 0.248401 0.231372 0.203402 0.316825 0.0473715  0.317211 0.0753404 0.0134482  0.538717 0.0079115
(1,((((2,3),4),5),(6,(((7,(8,9)),10),11))),12); -9128.99  -0.00308363 -16.6945 29.7428 0 -9082.55 0.248409 0.231372 0.203393 0.316827  0.0473703   0.317214  0.0753381  0.0134496   0.538716 0.00791226
(1,((((2,3),4),5),(6,(((7,(8,9)),10),11))),12); -9134.8  -0.00308363 -19.9009 29.5765 0 -9085.32 0.248407 0.231362 0.203406 0.316824  0.0473731   0.317206  0.0753397  0.0134487   0.538721 0.00791172
(1,((((2,3),4),5),(6,(((7,(8,9)),10),11))),12); nan  -0.00308363 -18.6888 30.2528 0 nan 0.248401 0.231368 0.203398 0.316832  0.0473747    0.31721  0.0753415  0.0134469   0.538715 0.00791147
(1,((((2,3),4),5),(6,(((7,(8,9)),10),11))),12); -9128.28  -0.00308363 -20.8046 29.8888 0 -9077.58 0.248404 0.231368 0.203404 0.316824   0.047371   0.317212  0.0753405  0.0134504   0.538714 0.00791219
(1,((((2,3),4),5),(6,(((7,(8,9)),10),11))),12); nan  -0.00308363 -13.5837 28.9532 0 nan 0.248399 0.231368 0.203405 0.316827  0.0473729   0.317207  0.0753403  0.0134487    0.53872 0.00791136
(1,((((2,3),4),5),(6,(((7,(8,9)),10),11))),12); -9125.91  -0.00308363 -15.8452 30.0677 0 -9079.99 0.248405 0.231368 0.203406 0.316822  0.0473737   0.317209  0.0753436  0.0134499   0.538712 0.00791205
(1,((((2,3),4),5),(6,(((7,(8,9)),10),11))),12); -9126.72  -0.00308363 -13.5666 29.8033 0 -9083.35 0.248404 0.231366 0.203398 0.316832  0.0473724   0.317213  0.0753381  0.0134498   0.538716 0.00791129
(1,((((2,3),4),5),(6,(((7,(8,9)),10),11))),12); -9129.12  -0.00308363 -18.4419 29.7635 0 -9080.91 0.248407 0.231371 0.203392  0.31683  0.0473713   0.317205  0.0753405  0.0134491   0.538722 0.00791264
(1,((((2,3),4),5),(6,(((7,(8,9)),10),11))),12); -9135.74  -0.00308363 -26.7722 29.666 0 -9079.29 0.248403 0.231366 0.203399 0.316832   0.047372    0.31721  0.0753382  0.0134498   0.538716 0.00791328
(1,((((2,3),4),5),(6,(((7,(8,9)),10),11))),12); -9152.85  -0.00308363 -19.9081 28.4676 0 -9104.47  0.24841 0.231363 0.203401 0.316825  0.0473696   0.317223  0.0753405  0.0134477   0.538708 0.00791173
(1,((((2,3),4),5),(6,(((7,(8,9)),10),11))),12); -9132.62  -0.00308363 -25.7776 28.6868 0 -9078.16 0.248408 0.231363   0.2034 0.316829  0.0473723   0.317209  0.0753405  0.0134495   0.538717 0.00791138
(1,((((2,3),4),5),(6,(((7,(8,9)),10),11))),12); nan  -0.00308363 -16.1003 29.7794 0 nan 0.248407  0.23136 0.203402 0.316831  0.0473727   0.317213  0.0753398    0.01345   0.538714 0.00791101
(1,((((2,3),4),5),(6,(((7,(8,9)),10),11))),12); nan  -0.00308363 -15.3686 28.8648 0 nan  0.24841  0.23137 0.203404 0.316815   0.047372   0.317205  0.0753423  0.0134484   0.538721 0.00791069
(1,((((2,3),4),5),(6,(((7,(8,9)),10),11))),12); -9123.91  -0.00308363 -12.5728 29.0749 0 -9082.26 0.248406 0.231368 0.203399 0.316828  0.0473703   0.317207  0.0753432  0.0134507   0.538716 0.00791232
(1,((((2,3),4),5),(6,(((7,(8,9)),10),11))),12); -9152.81  -0.00308363 -25.4802 29.6096 0 -9097.71 0.248405 0.231372 0.203406 0.316817  0.0473668   0.317213  0.0753379   0.013448   0.538724 0.00791119
(1,((((2,3),4),5),(6,(((7,(8,9)),10),11))),12); -9137.59  -0.00308363 -38.0209 30.4932 0 -9069.07 0.248403 0.231371 0.203401 0.316825  0.0473732   0.317208  0.0753428   0.013448   0.538717 0.00791068
(1,((((2,3),4),5),(6,(((7,(8,9)),10),11))),12); -9129.33  -0.00308363 -19.4389 29.1351 0 -9080.75   0.2484 0.231371 0.203398  0.31683  0.0473711   0.317214   0.075341  0.0134489   0.538713 0.00791161
(1,((((2,3),4),5),(6,(((7,(8,9)),10),11))),12); -9153.23  -0.00308363 -24.7995 27.87 0 -9100.56 0.248404 0.231369   0.2034 0.316827  0.0473713    0.31721  0.0753395  0.0134494   0.538717 0.00791287
(1,((((2,3),4),5),(6,(((7,(8,9)),10),11))),12); -9141.28  -0.00308363 -12.3031 29.2963 0 -9099.68 0.248406 0.231369 0.203401 0.316825  0.0473758   0.317207  0.0753426  0.0134497   0.538713 0.00791152
(1,((((2,3),4),5),(6,(((7,(8,9)),10),11))),12); -9139.59  -0.00308363 -40.709 29.8896 0 -9068.99 0.248402 0.231371   0.2034 0.316826 0.0473723  0.317213 0.0753427  0.013447  0.538714 0.0079108
(1,((((2,3),4),5),(6,(((7,(8,9)),10),11))),12); -9138.62  -0.00308363 -29.2182 30.1064 0 -9079.3 0.248405  0.23137 0.203399 0.316826  0.0473694   0.317205  0.0753435  0.0134496    0.53872 0.00791167
(1,((((2,3),4),5),(6,(((7,(8,9)),10),11))),12); -9159.47  -0.00308363 -18.3104 29.0267 0 -9112.13 0.248405 0.231371 0.203399 0.316825  0.0473722   0.317206  0.0753408   0.013448   0.538721 0.00791201
(1,((((2,3),4),5),(6,(((7,(8,9)),10),11))),12); -9131.5  -0.00308363 -25.4173 29.3659 0 -9076.72 0.248403 0.231368 0.203399  0.31683  0.0473755    0.31721  0.0753409  0.0134479   0.538715 0.00791084
(1,((((2,3),4),5),(6,(((7,(8,9)),10),11))),12); -9130.2  -0.00308363 -24.5848 29.4904 0 -9076.12 0.248404 0.231366 0.203402 0.316829 0.0473719  0.317208 0.0753429 0.0134505  0.538714  0.007913
(1,((((2,3),4),5),(6,(((7,(8,9)),10),11))),12); -9125.26  -0.00308363 -11.5716 29.5582 0 -9084.13 0.248401 0.231372   0.2034 0.316827  0.0473687   0.317217  0.0753405  0.0134494   0.538711 0.00791323
(1,((((2,3),4),5),(6,(((7,(8,9)),10),11))),12); nan  -0.00308363 -28.8241 29.347 0 nan 0.248405 0.231364 0.203403 0.316827  0.0473736   0.317211   0.075338  0.0134482   0.538718 0.00791101
(1,((((2,3),4),5),(6,(((7,(8,9)),10),11))),12); -9136.2  -0.00308363 -35.4576 30.7566 0 -9069.98 0.248403 0.231368   0.2034  0.31683  0.0473728   0.317206  0.0753427  0.0134491   0.538718 0.00791152
(1,((((2,3),4),5),(6,(((7,(8,9)),10),11))),12); -9129.9  -0.00308363 -22.7185 29.4381 0 -9077.74 0.248401 0.231368 0.203401  0.31683  0.0473728   0.317205  0.0753401  0.0134495    0.53872 0.00791162
(1,((((2,3),4),5),(6,(((7,(8,9)),10),11))),12); -9126.86  -0.00308363 -16.1612 30.0186 0 -9080.67 0.248405 0.231373 0.203395 0.316827 0.0473702  0.317206 0.0753439 0.0134495  0.538719 0.0079119
(1,((((2,3),4),5),(6,(((7,(8,9)),10),11))),12); -9126.56  -0.00308363 -14.8275 30.1304 0 -9081.6 0.248403 0.231361 0.203404 0.316832  0.0473723   0.317213  0.0753391   0.013448   0.538716 0.00791099
(1,((((2,3),4),5),(6,(((7,(8,9)),10),11))),12); -9132.23  -0.00308363 -26.4659 28.6321 0 -9077.13 0.248408 0.231365 0.203402 0.316825  0.0473704   0.317211  0.0753397  0.0134506   0.538716 0.00791259
(1,((((2,3),4),5),(6,(((7,(8,9)),10),11))),12); -9128.87  -0.00308363 -21.6202 29.5005 0 -9077.75 0.248405 0.231371 0.203394  0.31683  0.0473699   0.317212  0.0753416  0.0134501   0.538714 0.00791231
(1,((((2,3),4),5),(6,(((7,(8,9)),10),11))),12); nan  -0.00308363 -18.8177 29.6715 0 nan 0.248409 0.231366 0.203398 0.316827  0.0473706   0.317215  0.0753452  0.0134494   0.538709 0.00791083
(1,((((2,3),4),5),(6,(((7,(8,9)),10),11))),12); -9122.67  -0.00308363 -10.9988 29.581 0 -9082.08 0.248406 0.231367 0.203403 0.316824  0.0473702   0.317207  0.0753401  0.0134493   0.538721 0.00791201
(1,((((2,3),4),5),(6,(((7,(8,9)),10),11))),12); -9135.71  -0.00308363 -32.3053 29.2654 0 -9074.13 0.248404 0.231369 0.203401 0.316827   0.047369   0.317209  0.0753416  0.0134495    0.53872 0.00791144
(1,((((2,3),4),5),(6,(((7,(8,9)),10),11))),12); -9137.95  -0.00308363 -18.3299 28.7113 0 -9090.9 0.248408 0.231368 0.203403 0.316822  0.0473738   0.317207  0.0753407  0.0134489   0.538718 0.00791118
(1,((((2,3),4),5),(6,(((7,(8,9)),10),11))),12); -9140.79  -0.00308363 -21.7726 28.9006 0 -9090.12 0.248406 0.231368 0.203402 0.316824  0.0473718   0.317206  0.0753405   0.013449   0.538722 0.00791014
(1,((((2,3),4),5),(6,(((7,(8,9)),10),11))),12); -9125.41  -0.00308363 -13.7329 29.1797 0 -9082.49 0.248407 0.231373 0.203398 0.316822  0.0473737   0.317209  0.0753426  0.0134495   0.538714 0.00791111
(1,((((2,3),4),5),(6,(((7,(8,9)),10),11))),12); -9128.45  -0.00308363 -13.111 29.8875 0 -9085.45 0.248402 0.231372 0.203403 0.316823  0.0473718    0.31722  0.0753441  0.0134459   0.538706 0.00791252
(1,((((2,3),4),5),(6,(((7,(8,9)),10),11))),12); -9133.13  -0.00308363 -25.6367 29.2025 0 -9078.29 0.248407 0.231367 0.203401 0.316825   0.047371   0.317208  0.0753377  0.0134494   0.538723 0.00791109
(1,((((2,3),4),5),(6,(((7,(8,9)),10),11))),12); -9127.59  -0.00308363 -18.8156 29.1285 0 -9079.64 0.248409 0.231361 0.203401 0.316828  0.0473704   0.317212  0.0753398  0.0134499   0.538717 0.00791097
(1,((((2,3),4),5),(6,(((7,(8,9)),10),11))),12); -9127.34  -0.00308363 -17.8869 29.7662 0 -9079.68 0.248402 0.231366 0.203402 0.316829  0.0473722   0.317202  0.0753467  0.0134479   0.538719 0.00791236
(1,((((2,3),4),5),(6,(((7,(8,9)),10),11))),12); -9135.47  -0.00308363 -11.8671 29.5468 0 -9094.05  0.24841 0.231361 0.203406 0.316824  0.0473713   0.317205  0.0753416  0.0134496    0.53872 0.00791178
(1,((((2,3),4),5),(6,(((7,(8,9)),10),11))),12); nan  -0.00308363 -17.865 29.3718 0 nan  0.24841 0.231367 0.203401 0.316822  0.0473708   0.317209  0.0753447  0.0134497   0.538716 0.00791025
(1,((((2,3),4),5),(6,(((7,(8,9)),10),11))),12); nan  -0.00308363 -15.3347 29.5953 0 nan 0.248406 0.231368 0.203402 0.316824  0.0473683   0.317214  0.0753415  0.0134479   0.538718 0.00791098
(1,((((2,3),4),5),(6,(((7,(8,9)),10),11))),12); -9136.8  -0.00308363 -16.2165 29.9853 0 -9090.59 0.248401 0.231367 0.203401  0.31683  0.0473704   0.317208  0.0753388  0.0134477   0.538723 0.00791152
(1,((((2,3),4),5),(6,(((7,(8,9)),10),11))),12); -9150.36  -0.00308363 -17.4407 29.2052 0 -9103.71   0.2484 0.231369 0.203403 0.316828 0.0473714  0.317211 0.0753381 0.0134494  0.538719  0.007911
(1,((((2,3),4),5),(6,(((7,(8,9)),10),11))),12); -9124.98  -0.00308363 -13.2401 29.1562 0 -9082.58  0.24841 0.231362 0.203405 0.316823  0.0473726   0.317207  0.0753416  0.0134489   0.538718 0.00791156
(1,((((2,3),4),5),(6,(((7,(8,9)),10),11))),12); -9124.44  -0.00308363 -12.8533 29.0436 0 -9082.54 0.248406 0.231369   0.2034 0.316825  0.0473692   0.317211  0.0753435  0.0134495   0.538716 0.00791085
(1,((((2,3),4),5),(6,(((7,(8,9)),10),11))),12); -9133.59  -0.00308363 -25.4806 29.7097 0 -9078.4 0.248407 0.231368 0.203396 0.316829  0.0473713   0.317214  0.0753452   0.013448    0.53871 0.00791195
(1,((((2,3),4),5),(6,(((7,(8,9)),10),11))),12); -9140.2  -0.00308363 -18.7612 29.4563 0 -9091.98 0.248403 0.231363 0.203403 0.316831  0.0473715   0.317213   0.075342  0.0134473   0.538715 0.00791128
(1,((((2,3),4),5),(6,(((7,(8,9)),10),11))),12); -9130.95  -0.00308363 -22.2155 29.3665 0 -9079.37 0.248399  0.23137 0.203402 0.316829  0.0473718   0.317207   0.075345  0.0134473   0.538718 0.00791054
(1,((((2,3),4),5),(6,(((7,(8,9)),10),11))),12); nan  -0.00308363 -25.0321 28.7052 0 nan 0.248402  0.23137 0.203396 0.316832  0.0473725    0.31721  0.0753363  0.0134501   0.538719 0.00791157
(1,((((2,3),4),5),(6,(((7,(8,9)),10),11))),12); -9143.36  -0.00308363 -32.0592 28.5825 0 -9082.72 0.248412 0.231364 0.203397 0.316828  0.0473714   0.317212  0.0753465  0.0134489   0.538708 0.00791277
(1,((((2,3),4),5),(6,(((7,(8,9)),10),11))),12); -9122.2  -0.00308363 -6.96523 29.6165 0 -9085.62 0.248401 0.231373 0.203405 0.316821  0.0473728   0.317208  0.0753421  0.0134493   0.538716 0.00791204
(1,((((2,3),4),5),(6,(((7,(8,9)),10),11))),12); -9127.09  -0.00308363 -15.2478 30.0969 0 -9081.74 0.248403  0.23137 0.203403 0.316824  0.0473726    0.31721  0.0753388  0.0134499   0.538716 0.00791258
(1,((((2,3),4),5),(6,(((7,(8,9)),10),11))),12); -9131.37  -0.00308363 -14.5935 29.2347 0 -9087.54 0.248404 0.231367 0.203404 0.316825  0.0473736   0.317207  0.0753411  0.0134476    0.53872 0.00791116
(1,((((2,3),4),5),(6,(((7,(8,9)),10),11))),12); -9128.86  -0.00308363 -23.9376 29.8045 0 -9075.12 0.248407 0.231366 0.203401 0.316826  0.0473731    0.31721  0.0753423  0.0134493   0.538714 0.00791121
(1,((((2,3),4),5),(6,(((7,(8,9)),10),11))),12); nan  -0.00308363 -21.4642 29.0653 0 nan 0.248402 0.231366 0.203401 0.316831  0.0473717   0.317211   0.075341  0.0134479   0.538716 0.00791253
(1,((((2,3),4),5),(6,(((7,(8,9)),10),11))),12); -9133.63  -0.00308363 -20.1628 28.1984 0 -9085.26 0.248401 0.231367 0.203399 0.316832  0.0473691   0.317211  0.0753415  0.0134498   0.538717 0.00791186
(1,((((2,3),4),5),(6,(((7,(8,9)),10),11))),12); -9133.45  -0.00308363 -33.2605 28.1019 0 -9072.08 0.248408 0.231362 0.203399  0.31683   0.047371   0.317204  0.0753404  0.0134496   0.538722 0.00791307
(1,((((2,3),4),5),(6,(((7,(8,9)),10),11))),12); -9131.56  -0.00308363 -20.2967 29.677 0 -9081.58 0.248408 0.231366 0.203402 0.316824  0.0473732   0.317209  0.0753405    0.01345   0.538716 0.00791099
(1,((((2,3),4),5),(6,(((7,(8,9)),10),11))),12); -9128.18  -0.00308363 -18.6919 29.2867 0 -9080.2 0.248406 0.231367   0.2034 0.316826  0.0473723   0.317206  0.0753434  0.0134489   0.538718 0.00791132
(1,((((2,3),4),5),(6,(((7,(8,9)),10),11))),12); -9168.1  -0.00308363 -15.1659 29.3046 0 -9123.63 0.248409 0.231368 0.203393 0.316831  0.0473698   0.317211    0.07534  0.0134488   0.538719 0.00791115
(1,((((2,3),4),5),(6,(((7,(8,9)),10),11))),12); -9126.81  -0.00308363 -13.3965 29.8191 0 -9083.59 0.248406 0.231369 0.203397 0.316828  0.0473702   0.317207  0.0753433  0.0134489   0.538719 0.00791152
(1,((((2,3),4),5),(6,(((7,(8,9)),10),11))),12); nan  -0.00308363 -27.4784 28.9777 0 nan 0.248401 0.231369   0.2034  0.31683  0.0473699    0.31721  0.0753412  0.0134501   0.538719 0.00791053
(1,((((2,3),4),5),(6,(((7,(8,9)),10),11))),12); -9127.74  -0.00308363 -14.5735 28.8957 0 -9084.27 0.248408 0.231372 0.203399 0.316821  0.0473695   0.317209  0.0753426  0.0134501   0.538718 0.00791182
(1,((((2,3),4),5),(6,(((7,(8,9)),10),11))),12); -9130.69  -0.00308363 -17.0923 30.529 0 -9083.07 0.248409 0.231363 0.203397 0.316831  0.0473739   0.317206  0.0753409   0.013448   0.538719 0.00791229
(1,((((2,3),4),5),(6,(((7,(8,9)),10),11))),12); -9124.07  -0.00308363 -13.1682 28.9201 0 -9081.98 0.248404 0.231371 0.203399 0.316826  0.0473705   0.317207  0.0753407   0.013448   0.538723 0.00791088
(1,((((2,3),4),5),(6,(((7,(8,9)),10),11))),12); -9138.48  -0.00308363 -24.446 30.3209 0 -9083.71 0.248405 0.231368 0.203397 0.316831  0.0473716   0.317208  0.0753428  0.0134501   0.538716 0.00791182
(1,((((2,3),4),5),(6,(((7,(8,9)),10),11))),12); nan  -0.00308363 -18.2858 29.4445 0 nan 0.248402 0.231369 0.203404 0.316825 0.0473738  0.317209 0.0753394 0.0134478  0.538718 0.0079122
(1,((((2,3),4),5),(6,(((7,(8,9)),10),11))),12); -9125.99  -0.00308363 -13.3742 29.2374 0 -9083.38 0.248408 0.231366 0.203401 0.316825  0.0473718    0.31721  0.0753416  0.0134469   0.538718 0.00791234
(1,((((2,3),4),5),(6,(((7,(8,9)),10),11))),12); -9135.54  -0.00308363 -19.6598 28.4889 0 -9087.39   0.2484 0.231374 0.203401 0.316825  0.0473747   0.317213  0.0753375  0.0134498   0.538713 0.00791161
(1,((((2,3),4),5),(6,(((7,(8,9)),10),11))),12); nan  -0.00308363 -19.9147 29.7957 0 nan 0.248406 0.231368 0.203399 0.316826  0.0473732   0.317211  0.0753425  0.0134497   0.538712 0.00791146
(1,((((2,3),4),5),(6,(((7,(8,9)),10),11))),12); -9126.2  -0.00308363 -15.6295 29.18 0 -9081.39 0.248407 0.231366 0.203401 0.316825    0.04737   0.317207  0.0753422  0.0134508   0.538718 0.00791137
(1,((((2,3),4),5),(6,(((7,(8,9)),10),11))),12); nan  -0.00308363 -24.9712 28.7824 0 nan 0.248401 0.231368 0.203405 0.316827  0.0473707   0.317211  0.0753432  0.0134486   0.538716 0.00791142
(1,((((2,3),4),5),(6,(((7,(8,9)),10),11))),12); -9134.7  -0.00308363 -23.7496 29.6933 0 -9081.25  0.24841 0.231369 0.203397 0.316824  0.0473699   0.317209  0.0753387  0.0134489   0.538723 0.00791072
(1,((((2,3),4),5),(6,(((7,(8,9)),10),11))),12); nan  -0.00308363 -15.5571 29.5833 0 nan 0.248406 0.231368 0.203405  0.31682  0.0473714   0.317215  0.0753393  0.0134507   0.538712 0.00791143
(1,((((2,3),4),5),(6,(((7,(8,9)),10),11))),12); -9134.22  -0.00308363 -28.5795 30.6633 0 -9074.97 0.248405 0.231369 0.203401 0.316825  0.0473729   0.317205  0.0753407   0.013448   0.538723 0.00791074
(1,((((2,3),4),5),(6,(((7,(8,9)),10),11))),12); -9131.56  -0.00308363 -23.8368 29.5772 0 -9078.14 0.248401 0.231372 0.203397 0.316829  0.0473707    0.31721  0.0753362  0.0134476   0.538723 0.00791227
(1,((((2,3),4),5),(6,(((7,(8,9)),10),11))),12); -9127.04  -0.00308363 -13.4194 30.0218 0 -9083.59 0.248404 0.231372 0.203402 0.316822  0.0473706   0.317217   0.075344  0.0134478   0.538709 0.00791152
(1,((((2,3),4),5),(6,(((7,(8,9)),10),11))),12); -9124.34  -0.00308363 -10.7066 29.264 0 -9084.37 0.248403 0.231371 0.203401 0.316826  0.0473731   0.317212  0.0753379   0.013449   0.538716 0.00791245
(1,((((2,3),4),5),(6,(((7,(8,9)),10),11))),12); -9127.58  -0.00308363 -20.1994 29.1804 0 -9078.2 0.248408 0.231367 0.203397 0.316828  0.0473692   0.317219  0.0753408  0.0134495    0.53871 0.00791114
(1,((((2,3),4),5),(6,(((7,(8,9)),10),11))),12); nan  -0.00308363 -23.2085 28.68 0 nan 0.248404 0.231368   0.2034 0.316828  0.0473736   0.317216  0.0753424  0.0134489   0.538708 0.00791185
(1,((((2,3),4),5),(6,(((7,(8,9)),10),11))),12); -9124.25  -0.00308363 -17.5169 29.2081 0 -9077.52 0.248406 0.231372 0.203398 0.316824  0.0473733   0.317207  0.0753412  0.0134497   0.538717 0.00791173
(1,((((2,3),4),5),(6,(((7,(8,9)),10),11))),12); -9125.68  -0.00308363 -13.816 29.6648 0 -9082.2 0.248405 0.231366 0.203399 0.316831  0.0473717   0.317211  0.0753408  0.0134484   0.538717 0.00791163
(1,((((2,3),4),5),(6,(((7,(8,9)),10),11))),12); -9140.66  -0.00308363 -37.7869 29.2624 0 -9073.6 0.248411 0.231368 0.203399 0.316822  0.0473725   0.317213  0.0753434  0.0134501    0.53871 0.00791104
(1,((((2,3),4),5),(6,(((7,(8,9)),10),11))),12); -9132.54  -0.00308363 -15.2325 29.7727 0 -9087.54 0.248406 0.231374 0.203396 0.316824  0.0473718   0.317211  0.0753409  0.0134489   0.538717 0.00791076
(1,((((2,3),4),5),(6,(((7,(8,9)),10),11))),12); -9124.83  -0.00308363 -13.2286 29.0219 0 -9082.58 0.248407 0.231373 0.203395 0.316825  0.0473695   0.317217  0.0753379  0.0134486   0.538715 0.00791177
(1,((((2,3),4),5),(6,(((7,(8,9)),10),11))),12); -9132.04  -0.00308363 -14.059 28.244 0 -9089.74 0.248403 0.231362 0.203402 0.316833  0.0473699   0.317207  0.0753405  0.0134497   0.538722 0.00791065
(1,((((2,3),4),5),(6,(((7,(8,9)),10),11))),12); -9127.09  -0.00308363 -20.3057 28.8586 0 -9077.92 0.248404 0.231374 0.203398 0.316824  0.0473732   0.317212  0.0753402  0.0134488   0.538714 0.00791261
(1,((((2,3),4),5),(6,(((7,(8,9)),10),11))),12); -9139.59  -0.00308363 -37.7104 28.7968 0 -9073.08 0.248412 0.231365 0.203398 0.316825  0.0473702    0.31721  0.0753419   0.013449   0.538718 0.00791095
(1,((((2,3),4),5),(6,(((7,(8,9)),10),11))),12); -9131.66  -0.00308363 -25.7061 28.8614 0 -9077.09 0.248404 0.231362 0.203402 0.316832  0.0473692   0.317212  0.0753381  0.0134498   0.538719 0.00791217
(1,((((2,3),4),5),(6,(((7,(8,9)),10),11))),12); nan  -0.00308363 -31.6262 29.2508 0 nan 0.248406 0.231365 0.203398 0.316831  0.0473702   0.317212  0.0753406  0.0134487   0.538717 0.00791158
(1,((((2,3),4),5),(6,(((7,(8,9)),10),11))),12); -9132.97  -0.00308363 -27.7584 30.9909 0 -9074.22 0.248416 0.231367 0.203398 0.316818  0.0473708    0.31721  0.0753438   0.013449   0.538715 0.00791159
(1,((((2,3),4),5),(6,(((7,(8,9)),10),11))),12); -9129.47  -0.00308363 -25.669 28.1263 0 -9075.67  0.24841 0.231364 0.203398 0.316829  0.0473708   0.317209  0.0753419  0.0134507   0.538715 0.00791225
(1,((((2,3),4),5),(6,(((7,(8,9)),10),11))),12); -9124.98  -0.00308363 -13.9098 29.1547 0 -9081.91 0.248404 0.231364 0.203401 0.316831  0.0473697   0.317214  0.0753401  0.0134486   0.538717 0.00791106
(1,((((2,3),4),5),(6,(((7,(8,9)),10),11))),12); -9129.83  -0.00308363 -22.1841 29.3972 0 -9078.24 0.248403  0.23137 0.203405 0.316823 0.0473712  0.317217   0.07534 0.0134474  0.538714 0.0079105
(1,((((2,3),4),5),(6,(((7,(8,9)),10),11))),12); -9130.09  -0.00308363 -28.0423 28.1977 0 -9073.85 0.248406 0.231356 0.203404 0.316834  0.0473695    0.31721   0.075343  0.0134487   0.538717 0.00791139
(1,((((2,3),4),5),(6,(((7,(8,9)),10),11))),12); -9126.97  -0.00308363 -11.2195 29.494 0 -9086.26 0.248406 0.231365 0.203397 0.316831  0.0473743   0.317201  0.0753414  0.0134487   0.538723 0.00791189
(1,((((2,3),4),5),(6,(((7,(8,9)),10),11))),12); -9130.15  -0.00308363 -28.5761 27.8348 0 -9073.73 0.248411 0.231371 0.203396 0.316823  0.0473718   0.317205  0.0753438  0.0134506   0.538717 0.00791151
(1,((((2,3),4),5),(6,(((7,(8,9)),10),11))),12); -9133.04  -0.00308363 -27.7119 29.7358 0 -9075.59 0.248402  0.23137 0.203398  0.31683  0.0473723    0.31721  0.0753464    0.01345    0.53871 0.00791107
(1,((((2,3),4),5),(6,(((7,(8,9)),10),11))),12); -9127.61  -0.00308363 -16.2636 29.9756 0 -9081.37 0.248408 0.231371 0.203402 0.316819  0.0473719   0.317212  0.0753422  0.0134481   0.538712 0.00791356
(1,((((2,3),4),5),(6,(((7,(8,9)),10),11))),12); -9131.95  -0.00308363 -24.8556 29.3142 0 -9077.78  0.24841 0.231373 0.203391 0.316826  0.0473746   0.317209  0.0753416  0.0134494   0.538715 0.00791041
(1,((((2,3),4),5),(6,(((7,(8,9)),10),11))),12); -9128.15  -0.00308363 -20.7433 29.7231 0 -9077.68 0.248405 0.231369   0.2034 0.316826  0.0473706   0.317208  0.0753425  0.0134489   0.538718 0.00791263
(1,((((2,3),4),5),(6,(((7,(8,9)),10),11))),12); -9135.54  -0.00308363 -31.1793 29.8631 0 -9074.5 0.248408 0.231364 0.203399 0.316829  0.0473726   0.317211  0.0753386  0.0134487   0.538718 0.00791072
(1,((((2,3),4),5),(6,(((7,(8,9)),10),11))),12); -9132.12  -0.00308363 -22.8079 30.1001 0 -9079.21  0.24841  0.23137 0.203398 0.316823  0.0473686   0.317206  0.0753385  0.0134483   0.538727 0.00791129
(1,((((2,3),4),5),(6,(((7,(8,9)),10),11))),12); -9121.75  -0.00308363 -11.8476 29.1786 0 -9080.72 0.248407 0.231365 0.203399 0.316829 0.0473729  0.317207 0.0753395 0.0134505  0.538719 0.0079108
(1,((((2,3),4),5),(6,(((7,(8,9)),10),11))),12); -9135.31  -0.00308363 -22.7045 29.7178 0 -9082.89 0.248407 0.231365 0.203401 0.316828  0.0473688   0.317216  0.0753401  0.0134507   0.538712 0.00791232
(1,((((2,3),4),5),(6,(((7,(8,9)),10),11))),12); -9130.49  -0.00308363 -21.5115 30.0293 0 -9078.94 0.248402 0.231368 0.203399 0.316831  0.0473716   0.317213  0.0753421  0.0134487   0.538712 0.00791186
(1,((((2,3),4),5),(6,(((7,(8,9)),10),11))),12); -9125.39  -0.00308363 -13.6368 29.8539 0 -9081.9 0.248407 0.231373 0.203398 0.316822   0.047377   0.317207  0.0753402  0.0134494   0.538715 0.00791109
(1,((((2,3),4),5),(6,(((7,(8,9)),10),11))),12); -9126.71  -0.00308363 -15.388 29.2617 0 -9082.06 0.248402 0.231369 0.203403 0.316826  0.0473738   0.317214  0.0753414  0.0134495    0.53871 0.00791143
(1,((((2,3),4),5),(6,(((7,(8,9)),10),11))),12); -9143.64  -0.00308363 -26.0243 29.2526 0 -9088.36 0.248405 0.231358 0.203402 0.316836  0.0473698   0.317208   0.075338  0.0134506   0.538721 0.00791207
(1,((((2,3),4),5),(6,(((7,(8,9)),10),11))),12); nan  -0.00308363 -32.8653 29.4556 0 nan   0.2484 0.231369   0.2034 0.316831  0.0473738   0.317207  0.0753386  0.0134498   0.538718 0.00791222
(1,((((2,3),4),5),(6,(((7,(8,9)),10),11))),12); -9133.47  -0.00308363 -26.4604 30.4214 0 -9076.58 0.248403 0.231367 0.203402 0.316827  0.0473731   0.317209  0.0753426  0.0134493   0.538712 0.00791302
(1,((((2,3),4),5),(6,(((7,(8,9)),10),11))),12); nan  -0.00308363 -17.9114 28.9391 0 nan 0.248404  0.23137 0.203399 0.316827   0.047371    0.31721  0.0753401  0.0134484   0.538718 0.00791152
(1,((((2,3),4),5),(6,(((7,(8,9)),10),11))),12); -9135.75  -0.00308363 -16.4931 29.8484 0 -9089.4 0.248397 0.231368 0.203403 0.316833  0.0473736   0.317206  0.0753423  0.0134508   0.538716 0.00791123
(1,((((2,3),4),5),(6,(((7,(8,9)),10),11))),12); -9192.01  -0.00308363 -25.4477 30.3668 0 -9136.2 0.248405 0.231366 0.203404 0.316825   0.04737  0.317207 0.0753416 0.0134499   0.53872 0.0079113
(1,((((2,3),4),5),(6,(((7,(8,9)),10),11))),12); -9130.61  -0.00308363 -30.2163 28.9578 0 -9071.43 0.248403 0.231368 0.203403 0.316826  0.0473738   0.317212  0.0753405  0.0134492   0.538713 0.00791127
(1,((((2,3),4),5),(6,(((7,(8,9)),10),11))),12); nan  -0.00308363 -12.7539 29.9792 0 nan 0.248405 0.231369 0.203397 0.316829  0.0473735   0.317211  0.0753376  0.0134478   0.538718 0.00791202
(1,((((2,3),4),5),(6,(((7,(8,9)),10),11))),12); -9125.89  -0.00308363 -13.5318 29.4626 0 -9082.9 0.248409 0.231368 0.203399 0.316824  0.0473696    0.31721  0.0753388   0.013449   0.538721 0.00791167
(1,((((2,3),4),5),(6,(((7,(8,9)),10),11))),12); -9142.61  -0.00308363 -24.0832 28.2935 0 -9090.23 0.248406 0.231368 0.203398 0.316827  0.0473712   0.317215  0.0753417  0.0134492   0.538711 0.00791119
(1,((((2,3),4),5),(6,(((7,(8,9)),10),11))),12); nan  -0.00308363 -22.4417 28.3241 0 nan 0.248408 0.231363 0.203403 0.316826  0.0473713    0.31721  0.0753445  0.0134489   0.538714 0.00791139
(1,((((2,3),4),5),(6,(((7,(8,9)),10),11))),12); -9125.42  -0.00308363 -14.1158 29.4056 0 -9081.89 0.248407 0.231363 0.203396 0.316833  0.0473701    0.31721  0.0753436  0.0134476   0.538718 0.00791064
(1,((((2,3),4),5),(6,(((7,(8,9)),10),11))),12); nan  -0.00308363 -30.9985 29.3722 0 nan 0.248408 0.231363   0.2034 0.316829  0.0473696   0.317212  0.0753381  0.0134487   0.538719 0.00791191
(1,((((2,3),4),5),(6,(((7,(8,9)),10),11))),12); -9129.73  -0.00308363 -20.2292 28.2261 0 -9081.27 0.248405 0.231373 0.203394 0.316829  0.0473701   0.317214  0.0753466  0.0134483    0.53871 0.00791076
(1,((((2,3),4),5),(6,(((7,(8,9)),10),11))),12); -9127.39  -0.00308363 -18.0811 29.1145 0 -9080.19 0.248404 0.231368 0.203405 0.316824  0.0473736   0.317203  0.0753428  0.0134478   0.538721 0.00791141
(1,((((2,3),4),5),(6,(((7,(8,9)),10),11))),12); -9127.41  -0.00308363 -20.1844 29.424 0 -9077.8  0.24841 0.231368 0.203399 0.316823  0.0473704   0.317204  0.0753442  0.0134492   0.538721 0.00791028
(1,((((2,3),4),5),(6,(((7,(8,9)),10),11))),12); nan  -0.00308363 -18.0938 28.8636 0 nan 0.248402 0.231365 0.203402 0.316832  0.0473719   0.317209  0.0753387  0.0134481    0.53872 0.00791239
(1,((((2,3),4),5),(6,(((7,(8,9)),10),11))),12); -9154.86  -0.00308363 -28.4491 29.363 0 -9097.04 0.248411 0.231374 0.203398 0.316817  0.0473712   0.317211  0.0753404  0.0134467    0.53872 0.00791126
(1,((((2,3),4),5),(6,(((7,(8,9)),10),11))),12); -9134.03  -0.00308363 -32.0514 29.5635 0 -9072.42 0.248402 0.231369 0.203403 0.316826  0.0473719   0.317214  0.0753402  0.0134474   0.538716 0.00791089
(1,((((2,3),4),5),(6,(((7,(8,9)),10),11))),12); -9153.78  -0.00308363 -19.6873 29.4564 0 -9104.63 0.248406 0.231367 0.203402 0.316825  0.0473751   0.317209  0.0753396   0.013448   0.538717 0.00791119
(1,((((2,3),4),5),(6,(((7,(8,9)),10),11))),12); -9135.9  -0.00308363 -45.5321 28.1427 0 -9062.22 0.248401 0.231366 0.203408 0.316826  0.0473679   0.317218  0.0753419  0.0134494   0.538712 0.00791087
(1,((((2,3),4),5),(6,(((7,(8,9)),10),11))),12); -9133.38  -0.00308363 -22.8328 30.0579 0 -9080.49 0.248405 0.231366   0.2034 0.316829    0.04737    0.31721  0.0753425  0.0134494   0.538717 0.00791165
(1,((((2,3),4),5),(6,(((7,(8,9)),10),11))),12); -9129.35  -0.00308363 -21.475 28.5585 0 -9079.31 0.248405 0.231364   0.2034 0.316831  0.0473692   0.317212  0.0753418   0.013448   0.538717 0.00791189
(1,((((2,3),4),5),(6,(((7,(8,9)),10),11))),12); -9129.11  -0.00308363 -21.897 28.2597 0 -9078.95 0.248399 0.231372 0.203403 0.316826  0.0473689   0.317215  0.0753417  0.0134472   0.538715 0.00791233
(1,((((2,3),4),5),(6,(((7,(8,9)),10),11))),12); -9140.21  -0.00308363 -23.5039 29.0382 0 -9087.67 0.248399 0.231372 0.203402 0.316826  0.0473706   0.317215  0.0753427  0.0134501    0.53871 0.00791243
(1,((((2,3),4),5),(6,(((7,(8,9)),10),11))),12); -9136.12  -0.00308363 -27.8376 30.1043 0 -9078.18 0.248402 0.231366 0.203402  0.31683  0.0473715   0.317218  0.0753364  0.0134479   0.538715 0.00791131
(1,((((2,3),4),5),(6,(((7,(8,9)),10),11))),12); -9154.03  -0.00308363 -20.7321 28.9574 0 -9104.34   0.2484 0.231369   0.2034 0.316831   0.047372   0.317216  0.0753408  0.0134471   0.538713 0.00791144
(1,((((2,3),4),5),(6,(((7,(8,9)),10),11))),12); nan  -0.00308363 -22.1501 29.9135 0 nan 0.248405 0.231368   0.2034 0.316826  0.0473717   0.317205  0.0753394  0.0134487   0.538722 0.00791294
(1,((((2,3),4),5),(6,(((7,(8,9)),10),11))),12); -9131.16  -0.00308363 -24.232 29.0206 0 -9077.91 0.248406 0.231373   0.2034 0.316821  0.0473691   0.317212  0.0753401  0.0134487   0.538718 0.00791175
(1,((((2,3),4),5),(6,(((7,(8,9)),10),11))),12); -9128.22  -0.00308363 -21.2524 29.5045 0 -9077.46 0.248409 0.231368 0.203398 0.316824  0.0473718   0.317213   0.075338  0.0134485   0.538717 0.00791203
(1,((((2,3),4),5),(6,(((7,(8,9)),10),11))),12); -9129.25  -0.00308363 -11.0136 28.8552 0 -9089.38   0.2484 0.231372 0.203403 0.316826    0.04737   0.317208   0.075344  0.0134506   0.538717 0.00791125
(1,((((2,3),4),5),(6,(((7,(8,9)),10),11))),12); -9126.13  -0.00308363 -15.5164 30.0453 0 -9080.57 0.248406 0.231367 0.203399 0.316828 0.0473706  0.317206 0.0753448 0.0134473   0.53872  0.007911
(1,((((2,3),4),5),(6,(((7,(8,9)),10),11))),12); nan  -0.00308363 -21.3406 28.613 0 nan 0.248405 0.231368 0.203401 0.316826 0.0473739  0.317211 0.0753426 0.0134495  0.538711 0.0079119
(1,((((2,3),4),5),(6,(((7,(8,9)),10),11))),12); -9142.32  -0.00308363 -17.3815 29.0621 0 -9095.88 0.248398 0.231367 0.203403 0.316832  0.0473726   0.317209  0.0753401   0.013447   0.538721 0.00791074
(1,((((2,3),4),5),(6,(((7,(8,9)),10),11))),12); -9139.42  -0.00308363 -23.6942 28.9975 0 -9086.72 0.248401 0.231371   0.2034 0.316828  0.0473727   0.317205  0.0753442  0.0134482   0.538718 0.00791202
(1,((((2,3),4),5),(6,(((7,(8,9)),10),11))),12); -9131.19  -0.00308363 -20.8233 28.6363 0 -9081.72 0.248409 0.231373 0.203402 0.316816   0.047369   0.317212  0.0753405  0.0134494   0.538718 0.00791117
(1,((((2,3),4),5),(6,(((7,(8,9)),10),11))),12); nan  -0.00308363 -18.6222 28.6136 0 nan 0.248402  0.23137 0.203404 0.316825   0.047372   0.317214  0.0753376  0.0134496   0.538715 0.00791173
(1,((((2,3),4),5),(6,(((7,(8,9)),10),11))),12); nan  -0.00308363 -23.1185 29.019 0 nan 0.248404 0.231361 0.203401 0.316833   0.047372   0.317212  0.0753432  0.0134473   0.538714 0.00791146
(1,((((2,3),4),5),(6,(((7,(8,9)),10),11))),12); nan  -0.00308363 -33.0044 29.8982 0 nan   0.2484 0.231369   0.2034 0.316831  0.0473732   0.317204  0.0753404  0.0134505    0.53872 0.00791231
(1,((((2,3),4),5),(6,(((7,(8,9)),10),11))),12); -9131.99  -0.00308363 -21.9399 28.8277 0 -9081.22 0.248401 0.231371 0.203402 0.316826  0.0473707   0.317218  0.0753366   0.013451   0.538713 0.00791071
(1,((((2,3),4),5),(6,(((7,(8,9)),10),11))),12); nan  -0.00308363 -22.6332 29.0362 0 nan 0.248403 0.231365 0.203401  0.31683  0.0473705   0.317213  0.0753404  0.0134489   0.538715 0.00791189
(1,((((2,3),4),5),(6,(((7,(8,9)),10),11))),12); -9133.44  -0.00308363 -21.9639 30.35 0 -9081.12 0.248404 0.231367 0.203399  0.31683 0.0473729  0.317213 0.0753427 0.0134465  0.538713 0.0079115
(1,((((2,3),4),5),(6,(((7,(8,9)),10),11))),12); -9135.63  -0.00308363 -20.6336 30.1153 0 -9084.87 0.248409 0.231365 0.203397 0.316829    0.04737   0.317208  0.0753407  0.0134481   0.538722 0.00791159
(1,((((2,3),4),5),(6,(((7,(8,9)),10),11))),12); -9130.04  -0.00308363 -24.6335 28.5458 0 -9076.85 0.248407  0.23137 0.203401 0.316822  0.0473751   0.317211  0.0753378  0.0134501   0.538714 0.00791157
(1,((((2,3),4),5),(6,(((7,(8,9)),10),11))),12); -9130.84  -0.00308363 -17.9975 29.8747 0 -9082.96 0.248406 0.231366 0.203401 0.316827   0.047371   0.317214  0.0753412  0.0134467   0.538715 0.00791223
(1,((((2,3),4),5),(6,(((7,(8,9)),10),11))),12); -9135.34  -0.00308363 -33.3456 29.2866 0 -9072.71 0.248408 0.231362 0.203401 0.316828  0.0473731   0.317211  0.0753352  0.0134483   0.538722 0.00791135
(1,((((2,3),4),5),(6,(((7,(8,9)),10),11))),12); -9132.97  -0.00308363 -14.2661 29.5038 0 -9089.2 0.248402 0.231369 0.203402 0.316826  0.0473703   0.317212   0.075345  0.0134479   0.538713 0.00791184
(1,((((2,3),4),5),(6,(((7,(8,9)),10),11))),12); -9125.69  -0.00308363 -14.0098 29.3077 0 -9082.37 0.248405 0.231365   0.2034 0.316831  0.0473674   0.317214  0.0753409  0.0134495   0.538718 0.00791104
