tree logl logTop logBL logPrior logQ logWt pi1 pi2 pi3 pi4 s1 s2 s3 s4 s5 s6
(1,2,(3,(4,(5,6)))); -6160.22  -0.000635004 30.415 13.6495 27.3242 -6204.31 0.287399 0.247209 0.150592   0.3148  0.105027 0.0942717  0.404054  0.103089  0.253658 0.0398999
(1,2,(3,(4,(5,6)))); -6159.28  -0.000635004 32.4636 13.8498 25.9882 -6203.88 0.292106 0.258835 0.147332 0.301727  0.109066 0.0941962  0.446354 0.0814372  0.232217 0.0367296
(1,2,(3,(4,(5,6)))); -6156.85  -0.000635004 33.9901 13.8011 25.3056 -6202.34 0.282121  0.26625 0.126508 0.325121  0.108828 0.0743093  0.414149  0.085346  0.271277 0.0460901
(1,2,(3,(4,(5,6)))); -6163.58  -0.000635004 32.3633 13.343 23.8605 -6206.46 0.296528 0.252202 0.138362 0.312908  0.101445 0.0878762  0.375084  0.102647  0.275509 0.0574376
(1,2,(3,(4,(5,6)))); -6159.95  -0.000635004 32.7035 13.6218 24.0511 -6203.08 0.280932 0.254334 0.126136 0.338597  0.108043 0.0775049  0.430085  0.087156  0.258107 0.0391034
(1,2,(3,(4,(5,6)))); -6164.6  -0.000635004 31.5432 13.3199 22.9658 -6205.78 0.293946 0.256582 0.147737 0.301735  0.110034 0.0703174  0.392145 0.0776735  0.299209 0.0506206
(1,2,(3,(4,(5,6)))); -6158.07  -0.000635004 32.869 13.481 25.3393 -6202.8 0.274243 0.286949 0.136682 0.302127   0.10002 0.0718516  0.413208 0.0990065  0.273164 0.0427506
(1,2,(3,(4,(5,6)))); -6158.16  -0.000635004 33.6314 13.4446 26.5803 -6204.93 0.279905 0.265611 0.138837 0.315646 0.0962432  0.105977  0.422489 0.0959238  0.235404 0.0439623
(1,2,(3,(4,(5,6)))); -6167.92  -0.000635004 27.2965 13.1151 21.3942 -6203.49 0.289052 0.247677 0.150129 0.313142     0.133 0.0807085  0.449253   0.08316   0.22284  0.031039
(1,2,(3,(4,(5,6)))); -6165.75  -0.000635004 32.3017 13.4975 20.2106 -6204.76 0.293541 0.257033 0.138223 0.311203 0.0754021 0.0623913   0.41733 0.0968769  0.295354 0.0526457
(1,2,(3,(4,(5,6)))); -6159.7  -0.000635004 29.8256 13.1951 27.4763 -6203.81 0.285871 0.274345 0.139958 0.299826  0.102391 0.0786678  0.415058  0.083332  0.274689 0.0458629
(1,2,(3,(4,(5,6)))); -6162.21  -0.000635004 28.8831 13.133 24.8153 -6202.77 0.271174 0.272155 0.139535 0.317136  0.103658 0.0632304  0.420319  0.110056   0.26498 0.0377565
(1,2,(3,(4,(5,6)))); -6164.37  -0.000635004 33.1827 13.3326 21.9659 -6206.19 0.272897 0.252396 0.134169 0.340538 0.0929275   0.11047   0.40179  0.082247  0.266601 0.0459643
(1,2,(3,(4,(5,6)))); -6160.82  -0.000635004 31.6939 13.5817 24.984 -6203.92 0.270948 0.267099 0.146414 0.315539 0.0824124 0.0874693  0.412117 0.0829487  0.280963 0.0540892
(1,2,(3,(4,(5,6)))); -6160.9  -0.000635004 30.9283 13.3295 25.5402 -6204.04 0.282743 0.263207 0.146167 0.307883 0.0863615 0.0787246  0.426481  0.119875  0.250063 0.0384949
(1,2,(3,(4,(5,6)))); -6157.67  -0.000635004 32.7506 13.6403 26.3949 -6203.17 0.286363  0.26639 0.140128  0.30712  0.125061 0.0784081  0.411477 0.0963921  0.238374 0.0502881
(1,2,(3,(4,(5,6)))); -6161.09  -0.000635004 33.4923 13.6021 23.7172 -6204.7 0.298748 0.256124 0.151533 0.293596 0.0892734 0.0978619  0.401929 0.0982751  0.255583 0.0570775
(1,2,(3,(4,(5,6)))); -6162.68  -0.000635004 29.7647 13.3761 25.609 -6204.67  0.29792 0.245594 0.142965 0.313521  0.106812 0.0729741  0.414925 0.0829032  0.281041 0.0413445
(1,2,(3,(4,(5,6)))); -6166.03  -0.000635004 25.9557 13.9377 26.1776 -6204.22 0.293147 0.261113 0.142818 0.302922 0.0866092 0.0968361   0.41138  0.109375  0.256481 0.0393184
(1,2,(3,(4,(5,6)))); -6156.11  -0.000635004 32.0043 13.4532 28.5567 -6203.22 0.276756 0.260049 0.141627 0.321568 0.0999974 0.0842745  0.406597  0.100336  0.268232 0.0405625
(1,2,(3,(4,(5,6)))); -6164.98  -0.000635004 25.4735 13.7084 27.0773 -6203.82 0.270677 0.270311 0.135815 0.323197  0.113638 0.0892119  0.407625 0.0885441  0.254928 0.0460541
(1,2,(3,(4,(5,6)))); -6160.11  -0.000635004 31.9013 13.5619 25.6566 -6204.11 0.282787 0.253932 0.145844 0.317437  0.103048 0.0646815  0.407668  0.104537  0.282077 0.0379876
(1,2,(3,(4,(5,6)))); -6160.73  -0.000635004 30.9835 13.7509 26.1238 -6204.08 0.278466 0.272783 0.148419 0.300332  0.112894 0.0932682  0.430872 0.0945904  0.237174 0.0312018
(1,2,(3,(4,(5,6)))); -6163.36  -0.000635004 32.1167 13.5833 23.9956 -6205.89  0.29832 0.244442 0.154594 0.302643 0.0973997 0.0791201  0.429759 0.0816689  0.279734 0.0323189
(1,2,(3,(4,(5,6)))); -6159.48  -0.000635004 33.9536 13.7176 25.3291 -6205.05 0.266325 0.250724 0.148092  0.33486 0.0973824 0.0966352  0.426281 0.0887587  0.253914 0.0370289
(1,2,(3,(4,(5,6)))); -6156.88  -0.000635004 32.2648 13.4813 27.5972 -6203.26 0.286203 0.259787 0.140355 0.313656 0.0928603 0.0737778  0.435755  0.102783  0.258397 0.0364272
(1,2,(3,(4,(5,6)))); -6163.29  -0.000635004 31.7569 13.6222 23.4658 -6204.89 0.282103  0.27651 0.122957  0.31843  0.097826 0.0833314  0.410425  0.091473  0.260421 0.0565231
(1,2,(3,(4,(5,6)))); -6161.28  -0.000635004 30.6281 13.1334 24.965 -6203.74 0.274896 0.244581 0.155441 0.325083 0.0980088 0.0839652  0.407682 0.0903637   0.26297 0.0570104
(1,2,(3,(4,(5,6)))); -6157.37  -0.000635004 30.7293 13.4254 27.8949 -6202.57 0.289384 0.252527 0.140705 0.317383  0.103825 0.0850562  0.438654 0.0876241  0.240608 0.0442327
(1,2,(3,(4,(5,6)))); -6159.22  -0.000635004 31.9396 13.1678 26.9672 -6204.96 0.278291 0.266428 0.135283 0.319999 0.0956912  0.101352  0.406932 0.0985218  0.251467 0.0460354
(1,2,(3,(4,(5,6)))); -6160.81  -0.000635004 32.3233 13.5787 25.4876 -6205.04 0.268403 0.278547 0.150163 0.302888 0.0879536 0.0913603   0.43633 0.0831267  0.265684 0.0355451
(1,2,(3,(4,(5,6)))); -6156.27  -0.000635004 33.8209 13.7156 27.5378 -6203.91 0.282082 0.261592  0.13509 0.321236  0.104147 0.0926742  0.426665 0.0827439  0.247054 0.0467167
(1,2,(3,(4,(5,6)))); -6162.86  -0.000635004 32.175 13.3493 24.0787 -6205.77 0.298612 0.271572 0.137779 0.292036 0.0874049 0.0753651  0.431444 0.0953489  0.255633 0.0548042
(1,2,(3,(4,(5,6)))); -6162.64  -0.000635004 30.8915 13.6261 24.6073 -6204.51  0.29879 0.253473 0.148623 0.299114  0.121723 0.0714291  0.420321 0.0964666   0.25834 0.0317208
(1,2,(3,(4,(5,6)))); -6157.83  -0.000635004 33.9214 13.7793 25.6385 -6203.61 0.266846 0.274432 0.136381 0.322341 0.0893465 0.0931496  0.409781 0.0953544  0.274773 0.0375955
(1,2,(3,(4,(5,6)))); -6156.82  -0.000635004 32.99 13.359 26.9 -6203.35 0.291117 0.243738 0.147025  0.31812 0.0986407 0.0885686  0.427717 0.0880739  0.247887 0.0491129
(1,2,(3,(4,(5,6)))); -6163.31  -0.000635004 30.5887 13.7291 24.7924 -6204.96 0.288239 0.278636 0.126615 0.306511  0.107221 0.0961839  0.391721 0.0945538  0.266321 0.0439995
(1,2,(3,(4,(5,6)))); -6160.91  -0.000635004 31.2897 13.9663 26.6036 -6204.84 0.278258 0.273822 0.138492 0.309427 0.0912914  0.106453  0.416943 0.0901111  0.252615 0.0425865
(1,2,(3,(4,(5,6)))); -6162.46  -0.000635004 29.4593 13.4393 25.9328 -6204.41 0.284353 0.263433 0.149703 0.302511  0.108529 0.0640485  0.437978  0.104601  0.245456 0.0393879
(1,2,(3,(4,(5,6)))); -6168.68  -0.000635004 30.5274 13.9468 20.7284 -6205.99 0.270533 0.266313 0.145618 0.317536    0.1141  0.115163  0.374509  0.114019  0.233717 0.0484904
(1,2,(3,(4,(5,6)))); -6162.75  -0.000635004 29.782 13.7024 26.3527 -6205.18 0.283035 0.267514 0.153283 0.296169 0.0907227 0.0705837  0.431875  0.104138  0.260218 0.0424627
(1,2,(3,(4,(5,6)))); -6155.7  -0.000635004 33.0742 13.161 28.3186 -6203.93 0.281135 0.262891 0.146631 0.309343 0.0920214 0.0806983   0.44788  0.085633  0.252603 0.0411642
(1,2,(3,(4,(5,6)))); -6164.97  -0.000635004 27.5877 13.1441 23.9779 -6203.4 0.265712 0.254649 0.153606 0.326033 0.0929456 0.0807281  0.428591  0.087243  0.250204 0.0602877
(1,2,(3,(4,(5,6)))); -6168.23  -0.000635004 29.4689 13.4308 21.6638 -6205.93 0.282097 0.268861 0.144768 0.304274 0.0763508 0.0851326  0.453245 0.0902017  0.232552 0.0625176
(1,2,(3,(4,(5,6)))); -6159.16  -0.000635004 33.2391 13.539 25.8382 -6204.7  0.28331 0.275416 0.151909 0.289366  0.099336 0.0916631  0.436972  0.097494  0.237079 0.0374562
(1,2,(3,(4,(5,6)))); -6164  -0.000635004 28.474 13.6359 24.8926 -6203.73 0.293029 0.260697 0.152581 0.293693  0.102564  0.092566  0.391261  0.110032  0.251194 0.0523827
(1,2,(3,(4,(5,6)))); -6157.57  -0.000635004 32.251 13.5454 27.969 -6204.24 0.269777 0.266546 0.149353 0.314324  0.093315 0.0803273  0.432647 0.0867115  0.261147 0.0458521
(1,2,(3,(4,(5,6)))); -6161.96  -0.000635004 28.3367 13.5778 26.2777 -6202.99 0.284855  0.26433 0.135394 0.315421  0.108806 0.0813321   0.40653   0.07892  0.287674 0.0367383
(1,2,(3,(4,(5,6)))); -6162.65  -0.000635004 29.6048 13.4919 25.3729 -6204.13 0.287804  0.26511 0.142209 0.304877 0.0974666 0.0705496  0.433028 0.0974327  0.241895  0.059628
(1,2,(3,(4,(5,6)))); -6165.62  -0.000635004 30.8598 13.1484 22.1191 -6205.45 0.283253 0.273531 0.138379 0.304837 0.0805518 0.0797179  0.435891  0.110782  0.233674 0.0593829
(1,2,(3,(4,(5,6)))); -6164.32  -0.000635004 31.9813 13.2867 22.9277 -6205.95 0.291757 0.281965 0.138423 0.287855  0.089036   0.10115  0.393766  0.100961  0.265489 0.0495982
(1,2,(3,(4,(5,6)))); -6160.29  -0.000635004 33.1746 13.8891 24.2703 -6203.85 0.270591 0.273869 0.142721 0.312819  0.107552 0.0799945   0.39877 0.0984055  0.250405 0.0648731
(1,2,(3,(4,(5,6)))); -6168.56  -0.000635004 28.5211 13.9435 22.6444 -6205.78 0.282484 0.253361 0.141419 0.322736  0.104346 0.0767601   0.36635  0.116966   0.28733 0.0482473
(1,2,(3,(4,(5,6)))); -6161.34  -0.000635004 29.3559 13.7626 27.1076 -6204.04 0.279939 0.263048 0.143287 0.313726  0.110274 0.0732394  0.453058 0.0833787  0.239684 0.0403662
(1,2,(3,(4,(5,6)))); -6164.83  -0.000635004 27.2741 13.1474 25.8543 -6204.81 0.276345 0.266558 0.150949 0.306149  0.116033  0.082243  0.434581 0.0701908  0.257406 0.0395465
(1,2,(3,(4,(5,6)))); -6161.76  -0.000635004 28.2301 13.4251 26.1486 -6202.71 0.295615 0.243204 0.143021  0.31816  0.101844 0.0866428  0.441884  0.086534    0.2395 0.0435959
(1,2,(3,(4,(5,6)))); -6165.99  -0.000635004 23.0796 13.239 27.8761 -6203.7 0.269618 0.271366 0.147171 0.311845 0.0929656 0.0836162  0.416325 0.0900812  0.275402   0.04161
(1,2,(3,(4,(5,6)))); -6163.85  -0.000635004 30.5762 13.8091 23.4821 -6204.1 0.262319 0.261231 0.167886 0.308564  0.109567 0.0967392  0.394346 0.0906169  0.265186 0.0435444
(1,2,(3,(4,(5,6)))); -6162.27  -0.000635004 32.4814 13.171 21.7526 -6203.33 0.288471 0.238034 0.140921 0.332574 0.0929498 0.0774573  0.434025 0.0747772  0.286063 0.0347275
(1,2,(3,(4,(5,6)))); -6161.01  -0.000635004 33.8396 13.6092 21.4668 -6202.7 0.273312 0.272114 0.126603 0.327972 0.0807879 0.0671818  0.440248 0.0913758  0.273163 0.0472438
(1,2,(3,(4,(5,6)))); -6164.87  -0.000635004 26.8642 13.6283 25.0887 -6203.2 0.279171 0.260791 0.141654 0.318383 0.0933616 0.0698457  0.443642  0.103432  0.261027 0.0286924
(1,2,(3,(4,(5,6)))); -6160.21  -0.000635004 33.0636 13.5597 24.8327 -6204.54 0.285081 0.256709 0.152166 0.306044  0.127988 0.0938274  0.424854 0.0762264  0.235927 0.0411772
(1,2,(3,(4,(5,6)))); -6158.84  -0.000635004 31.4447 13.2645 26.8304 -6203.85 0.289241 0.272158  0.13803 0.300571  0.094048 0.0818186  0.409876 0.0859905  0.285695 0.0425723
(1,2,(3,(4,(5,6)))); -6167.25  -0.000635004 32.7546 13.3428 19.9228 -6206.58 0.299751 0.276748 0.136968 0.286533 0.0937557 0.0832824  0.392588 0.0803793  0.289245 0.0607497
(1,2,(3,(4,(5,6)))); -6159.86  -0.000635004 33.2266 13.6419 25.1874 -6204.63 0.279251 0.268512 0.143964 0.308274 0.0781276 0.0948499  0.416788 0.0822432  0.281652 0.0463393
(1,2,(3,(4,(5,6)))); -6159.14  -0.000635004 32.5335 13.1073 24.7163 -6203.28 0.300175 0.246872 0.149436 0.303517  0.107047 0.0968664  0.414951  0.106911  0.235819 0.0384052
(1,2,(3,(4,(5,6)))); -6156.76  -0.000635004 32.5994 13.7602 28.2232 -6203.82 0.286124  0.26403 0.145925 0.303921   0.10233 0.0882069  0.441682 0.0816459  0.246716 0.0394189
(1,2,(3,(4,(5,6)))); -6160.13  -0.000635004 32.6967 13.5487 25.1764 -6204.45 0.302173 0.255743 0.143984   0.2981  0.106332 0.0922389  0.425112 0.0734263  0.258523 0.0443685
(1,2,(3,(4,(5,6)))); -6160.09  -0.000635004 29.6263 13.9014 27.2867 -6203.1 0.291304 0.267546 0.136325 0.304825  0.117701 0.0789324  0.403923 0.0874988  0.267115 0.0448303
(1,2,(3,(4,(5,6)))); -6160.88  -0.000635004 33.267 13.7434 24.0452 -6204.45 0.295521 0.264303 0.148656  0.29152 0.0928075  0.100433  0.410373  0.112745  0.238416 0.0452259
(1,2,(3,(4,(5,6)))); -6158.58  -0.000635004 32.613 13.4904 25.4116 -6203.11 0.278891 0.272079 0.145193 0.303837  0.106139 0.0923375  0.427586 0.0975966  0.250496 0.0258447
(1,2,(3,(4,(5,6)))); -6161.58  -0.000635004 29.1093 13.2149 26.883 -6204.36 0.271808 0.260883 0.158469  0.30884  0.100349 0.0715479  0.433622 0.0952644  0.253252 0.0459644
(1,2,(3,(4,(5,6)))); -6164.54  -0.000635004 30.2374 13.315 24.0591 -6205.52 0.295877 0.268702 0.144318 0.291103  0.081556 0.0989539  0.412036 0.0874145    0.2805 0.0395393
(1,2,(3,(4,(5,6)))); -6158.56  -0.000635004 32.3798 13.7997 26.1033 -6203.24 0.268945 0.266025 0.144955 0.320076   0.11512 0.0759724  0.412908  0.091526  0.248361 0.0561124
(1,2,(3,(4,(5,6)))); -6159.63  -0.000635004 29.6771 13.1106 27.7315 -6203.93 0.285079 0.248723 0.153865 0.312333  0.109741 0.0888624  0.420876 0.0840727  0.257764 0.0386838
(1,2,(3,(4,(5,6)))); -6166.99  -0.000635004 27.7731 13.3544 23.5551 -6204.96 0.286447 0.285224 0.136675 0.291655  0.108302 0.0781699  0.436997  0.102605  0.227592  0.046334
(1,2,(3,(4,(5,6)))); -6161.64  -0.000635004 32.7769 13.5085 24.4464 -6205.35 0.261595 0.263843 0.154067 0.320494   0.10829 0.0974771  0.428315 0.0834906  0.233431 0.0489967
(1,2,(3,(4,(5,6)))); -6162.03  -0.000635004 29.6443 13.7989 25.5924 -6203.47 0.286785 0.260914 0.135837 0.316464 0.0966539 0.0647599   0.41599  0.105935  0.276506 0.0401554
(1,2,(3,(4,(5,6)))); -6160.37  -0.000635004 31.7846 13.3842 24.349 -6203.12 0.300324 0.248605 0.149182 0.301889 0.0978129   0.09628  0.450501 0.0856084  0.234621 0.0351777
(1,2,(3,(4,(5,6)))); -6167.64  -0.000635004 30.4744 13.121 21.7449 -6206.74 0.303816 0.250577 0.146995 0.298613  0.107149 0.0588557   0.41965 0.0843513  0.285129 0.0448653
(1,2,(3,(4,(5,6)))); -6164.77  -0.000635004 31.8671 13.8747 22.7165 -6205.48 0.275312 0.268504  0.13762 0.318565 0.0946004  0.075777  0.459059  0.097151  0.217417 0.0559955
(1,2,(3,(4,(5,6)))); -6164.85  -0.000635004 28.4811 13.5972 24.2323 -6203.97 0.260266 0.272295 0.159224 0.308215 0.0940431 0.0771143   0.42634 0.0984834  0.251306 0.0527128
(1,2,(3,(4,(5,6)))); -6161.44  -0.000635004 29.6401 13.2549 25.7672 -6203.59 0.282248 0.268638 0.154134 0.294981  0.111764  0.101539  0.411861 0.0936257  0.234627 0.0465846
(1,2,(3,(4,(5,6)))); -6159.06  -0.000635004 33.5458 13.636 24.7771 -6203.74 0.281413 0.255089 0.137697 0.325802  0.109284 0.0747576  0.448895  0.103635  0.224017 0.0394111
(1,2,(3,(4,(5,6)))); -6159.16  -0.000635004 30.4883 13.5438 27.3648 -6203.46 0.277643 0.259786 0.146532 0.316039  0.116447 0.0807027  0.414729  0.102862  0.237275 0.0479846
(1,2,(3,(4,(5,6)))); -6159.79  -0.000635004 29.2454 13.383 27.1913 -6202.84 0.272223 0.266961 0.142138 0.318678 0.0951948  0.069633  0.429756 0.0948449  0.262062 0.0485097
(1,2,(3,(4,(5,6)))); -6163.03  -0.000635004 29.8706 13.12 25.1283 -6204.91 0.287056 0.262634 0.131436 0.318874  0.103394 0.0868767  0.383526  0.111318  0.276626 0.0382593
(1,2,(3,(4,(5,6)))); -6169.76  -0.000635004 31.9282 13.5971 19.0331 -6207.12 0.306979 0.277399 0.140481 0.275141 0.0803946 0.0878612  0.429936  0.106905  0.250404 0.0444996
(1,2,(3,(4,(5,6)))); -6163.79  -0.000635004 27.2917 13.2913 25.8725 -6203.67  0.27384 0.257891  0.16287 0.305399   0.11351 0.0916679  0.393725  0.100597  0.260809 0.0396912
(1,2,(3,(4,(5,6)))); -6158.33  -0.000635004 32.1251 13.5371 26.6543 -6203.57 0.276322 0.262349 0.150438 0.310892 0.0803504 0.0850494  0.425154 0.0976771   0.27426  0.037509
(1,2,(3,(4,(5,6)))); -6161.62  -0.000635004 33.5019 13.8511 24.5528 -6205.82 0.267935 0.255599 0.161427 0.315039  0.124166 0.0743891  0.428513 0.0864529  0.244235 0.0422445
(1,2,(3,(4,(5,6)))); -6162.25  -0.000635004 31.8104 13.8891 25.2573 -6205.43 0.295982 0.251808 0.152296 0.299915 0.0895334 0.0685264  0.432128 0.0920045  0.275797  0.042011
(1,2,(3,(4,(5,6)))); -6162.57  -0.000635004 31.0537 13.6605 25.352 -6205.31 0.268392 0.275724 0.133834 0.322049 0.0986072  0.100786  0.401466 0.0982623  0.253824 0.0470543
(1,2,(3,(4,(5,6)))); -6157.5  -0.000635004 31.8025 14.0066 28.1179 -6203.41 0.294487 0.260529   0.1407 0.304285  0.106874 0.0841445  0.419982 0.0880712  0.265415  0.035513
(1,2,(3,(4,(5,6)))); -6160.3  -0.000635004 33.9469 13.612 24.7886 -6205.43 0.286102 0.276199  0.12984 0.307859 0.0988073 0.0834102  0.442467  0.101897  0.227391 0.0460274
(1,2,(3,(4,(5,6)))); -6162.95  -0.000635004 27.1759 13.5856 27.9216 -6204.46 0.270462 0.266581 0.149019 0.313938  0.104818 0.0777659  0.432746 0.0836154  0.263857 0.0371976
(1,2,(3,(4,(5,6)))); -6164.14  -0.000635004 24.7475 12.7882 28.0442 -6204.15  0.28147 0.259907 0.151877 0.306746  0.101118 0.0893019  0.401849 0.0859864  0.280529 0.0412157
(1,2,(3,(4,(5,6)))); -6159.29  -0.000635004 31.6405 13.6413 26.3896 -6203.68 0.267065 0.275327 0.144556 0.313052 0.0919659 0.0965325  0.404681 0.0971959  0.272291 0.0373338
(1,2,(3,(4,(5,6)))); -6160.42  -0.000635004 29.9236 12.9164 25.18 -6202.6 0.262143 0.267469 0.150902 0.319485 0.0866442 0.0790873  0.409003  0.101767  0.278479 0.0450185
(1,2,(3,(4,(5,6)))); -6162.45  -0.000635004 31.1608 13.5991 23.3906 -6203.41 0.265894  0.28078 0.155625 0.297701   0.12164 0.0841218  0.382555 0.0901673  0.275795 0.0457203
(1,2,(3,(4,(5,6)))); -6158.8  -0.000635004 32.0429 13.3085 26.8986 -6204.43 0.280468 0.256224 0.137908   0.3254  0.110481 0.0968601  0.414348 0.0841651  0.246081 0.0480642
(1,2,(3,(4,(5,6)))); -6165.69  -0.000635004 29.1285 13.7305 25.1736 -6206.26 0.290617 0.267055 0.148718  0.29361 0.0937615 0.0739677  0.460495  0.081605   0.25562 0.0345514
(1,2,(3,(4,(5,6)))); -6166.76  -0.000635004 29.419 13.5969 23.1939 -6205.78 0.282734 0.276722 0.135912 0.304631 0.0910663 0.0914407  0.383612  0.118083  0.262411 0.0533859
(1,2,(3,(4,(5,6)))); -6167.45  -0.000635004 26.6147 13.2681 23.3731 -6204.17 0.278612  0.26691 0.152319 0.302159 0.0743559 0.0816211  0.420665 0.0941573   0.27102   0.05818
(1,2,(3,(4,(5,6)))); -6159.23  -0.000635004 32.6262 13.5624 25.4735 -6203.76 0.278611 0.247794  0.15138 0.322215 0.0930374  0.101951  0.423172  0.103331  0.242627  0.035882
(1,2,(3,(4,(5,6)))); -6160.18  -0.000635004 33.2719 13.8801 25.2126 -6204.78 0.276611 0.243671 0.148722 0.330997  0.118516  0.085549  0.425252 0.0843062  0.251668 0.0347092
(1,2,(3,(4,(5,6)))); -6162.66  -0.000635004 29.3589 13.135 25.5177 -6204.4 0.273009 0.246189 0.156918 0.323884  0.111678 0.0746731  0.424646 0.0822176  0.260611 0.0461733
(1,2,(3,(4,(5,6)))); -6161.9  -0.000635004 31.7199 13.5446 24.0471 -6204.12 0.275509 0.277949 0.139502  0.30704  0.121085 0.0932235  0.437694 0.0912657  0.223882 0.0328504
(1,2,(3,(4,(5,6)))); -6156.84  -0.000635004 32.7187 13.2261 26.7243 -6203.05  0.28876 0.264661  0.13273 0.313849 0.0947639 0.0919135  0.416693 0.0895466  0.273939 0.0331439
(1,2,(3,(4,(5,6)))); -6164.09  -0.000635004 27.3825 13.6867 25.5577 -6203.34 0.280931 0.275371  0.13274 0.310958  0.101376  0.069255  0.435642  0.107178  0.243789 0.0427595
(1,2,(3,(4,(5,6)))); -6161.52  -0.000635004 29.5314 13.825 26.9865 -6204.21  0.27727 0.250377 0.142044 0.330309  0.102512 0.0783607  0.407256 0.0972378  0.265727  0.048907
(1,2,(3,(4,(5,6)))); -6157.39  -0.000635004 32.171 13.4514 27.2095 -6203.31 0.286859 0.255557 0.152776 0.304808  0.102834 0.0902063  0.415551  0.107854  0.239176 0.0443792
(1,2,(3,(4,(5,6)))); -6167.22  -0.000635004 28.3679 13.8238 21.5254 -6203.29 0.299178 0.254136 0.131373 0.315313  0.106658 0.0794406  0.453395  0.106377  0.212425  0.041705
(1,2,(3,(4,(5,6)))); -6158.56  -0.000635004 31.808 13.7133 27.4774 -6204.13 0.287389 0.264017 0.136352 0.312243  0.113366 0.0945078  0.399199 0.0925359  0.265035 0.0353568
(1,2,(3,(4,(5,6)))); -6158.99  -0.000635004 32.5953 13.3985 25.5889 -6203.78  0.27684  0.27274 0.130366 0.320053  0.106902  0.084163  0.390139 0.0935731  0.273426 0.0517971
(1,2,(3,(4,(5,6)))); -6164.53  -0.000635004 30.0665 13.9605 24.6942 -6205.33 0.292394 0.240672 0.148597 0.318338  0.121258 0.0887425  0.399455  0.102088  0.254272 0.0341856
(1,2,(3,(4,(5,6)))); -6157.7  -0.000635004 32.0195 13.0566 27.243 -6203.91 0.291433 0.262574 0.137084 0.308909  0.100597 0.0950529  0.429781 0.0850214  0.240951 0.0485968
(1,2,(3,(4,(5,6)))); -6162.39  -0.000635004 31.1186 13.809 25.2271 -6204.92 0.305556 0.256737 0.145474 0.292233  0.107184  0.084005  0.403411 0.0934524  0.275522 0.0364261
(1,2,(3,(4,(5,6)))); -6167.64  -0.000635004 32.7525 13.7405 20.1603 -6206.81 0.299112 0.257483  0.15529 0.288114 0.0880617 0.0818705  0.480742 0.0746337  0.233379 0.0413127
(1,2,(3,(4,(5,6)))); -6159.68  -0.000635004 31.2998 13.4878 26.907 -6204.4 0.277363 0.249378 0.157121 0.316138 0.0997148 0.0967358   0.41412 0.0956404  0.257729 0.0360601
(1,2,(3,(4,(5,6)))); -6156.12  -0.000635004 32.7732 13.8062 28.8799 -6203.97 0.285663 0.265685 0.144864 0.303788  0.106913 0.0780204  0.411851 0.0906392  0.270948 0.0416285
(1,2,(3,(4,(5,6)))); -6157.13  -0.000635004 33.1528 13.7686 27.0053 -6203.52 0.285741 0.260742 0.149696 0.303821  0.112352 0.0927465  0.413778 0.0915444  0.236619 0.0529611
(1,2,(3,(4,(5,6)))); -6163.44  -0.000635004 31.7635 13.815 24.7064 -6206.09 0.286442 0.248478 0.144158 0.320922   0.12884 0.0739934  0.386801 0.0970967  0.274199 0.0390693
(1,2,(3,(4,(5,6)))); -6168.04  -0.000635004 24.4834 13.5931 25.6209 -6204.55 0.282717 0.255635 0.133131 0.328517  0.117704 0.0889341  0.394998 0.0869471  0.260825 0.0505917
(1,2,(3,(4,(5,6)))); -6162.45  -0.000635004 29.5536 13.4421 25.61 -6204.17 0.275555 0.254363 0.149271 0.320811 0.0973415 0.0824032  0.420116 0.0835493   0.28651 0.0300795
(1,2,(3,(4,(5,6)))); -6161.34  -0.000635004 32.5579 13.5109 23.4712 -6203.86 0.259944 0.262274 0.143615 0.334167  0.111086 0.0780325  0.394236   0.11105  0.267609 0.0379866
(1,2,(3,(4,(5,6)))); -6163.68  -0.000635004 30.1837 13.6536 23.137 -6203.34 0.262411 0.258935 0.152456 0.326197 0.0896932 0.0714573     0.408 0.0922332  0.298159 0.0404577
(1,2,(3,(4,(5,6)))); -6160.68  -0.000635004 30.6353 12.9956 24.5661 -6202.88  0.29877 0.257596 0.135545 0.308089  0.111338  0.101783  0.429356 0.0797009  0.244472 0.0333502
(1,2,(3,(4,(5,6)))); -6166.08  -0.000635004 28.9685 13.5946 22.5084 -6203.96 0.287014 0.263317 0.120947 0.328722  0.114973 0.0847715   0.40463 0.0822196  0.262283 0.0511234
(1,2,(3,(4,(5,6)))); -6164.07  -0.000635004 30.8584 13.7888 24.1613 -6205.3 0.294575  0.23923  0.15738 0.308816  0.116841 0.0942469  0.398216 0.0942947   0.26087 0.0355316
(1,2,(3,(4,(5,6)))); -6166.99  -0.000635004 31.2818 13.2116 21.1616 -6206.22 0.300983 0.256492 0.137021 0.305503 0.0824447  0.111856  0.396841  0.114631  0.253188 0.0410399
(1,2,(3,(4,(5,6)))); -6164.99  -0.000635004 30.2499 13.693 22.1934 -6203.74 0.263495 0.250733 0.163037 0.322735 0.0914694 0.0801651  0.435059  0.105592  0.235743 0.0519719
(1,2,(3,(4,(5,6)))); -6161.56  -0.000635004 29.072 13.6127 26.9016 -6203.92 0.276916 0.252281 0.143765 0.327038  0.103995 0.0781905  0.414317  0.104802  0.248664 0.0500314
(1,2,(3,(4,(5,6)))); -6159.56  -0.000635004 31.5965 13.617 25.9672 -6203.51 0.294753 0.257883 0.148303 0.299061  0.122165 0.0822235  0.408281  0.104564  0.247609  0.035158
(1,2,(3,(4,(5,6)))); -6157.99  -0.000635004 31.2974 13.3726 27.5838 -6203.49  0.28166  0.26669 0.140922 0.310728  0.105001 0.0803031  0.416361  0.110754  0.252726 0.0348542
(1,2,(3,(4,(5,6)))); -6160.46  -0.000635004 32.4354 13.6938 24.9079 -6204.11  0.27491 0.248809 0.141903 0.334379 0.0826241 0.0895302  0.421515 0.0925161  0.264762 0.0490521
(1,2,(3,(4,(5,6)))); -6160.2  -0.000635004 30.9554 13.43 26.0927 -6203.82 0.269655 0.274595 0.152264 0.303486  0.111951 0.0842254   0.40438 0.0800867   0.27988 0.0394772
(1,2,(3,(4,(5,6)))); -6158.17  -0.000635004 29.619 13.2815 29.1674 -6203.68  0.28787 0.265356 0.145021 0.301753  0.103969 0.0877865  0.414739 0.0922888  0.260025 0.0411918
(1,2,(3,(4,(5,6)))); -6161.29  -0.000635004 29.6821 13.0585 26.1685 -6204.08 0.281455 0.253865 0.159401  0.30528  0.091841 0.0812957  0.421449  0.110773  0.251487 0.0431549
(1,2,(3,(4,(5,6)))); -6161.15  -0.000635004 28.9595 13.3147 26.6539 -6203.45 0.274059 0.276214 0.143227   0.3065  0.114957 0.0674221  0.423704 0.0889531  0.261108 0.0438559
(1,2,(3,(4,(5,6)))); -6160.95  -0.000635004 29.9641 13.2987 26.1846 -6203.8 0.283281 0.247154 0.147017 0.322548 0.0986407 0.0819481  0.453318 0.0954326  0.233832 0.0368286
(1,2,(3,(4,(5,6)))); -6166.92  -0.000635004 24.1243 13.0495 25.4284 -6203.42 0.274092 0.289162  0.14207 0.294676  0.107032 0.0767952  0.412582 0.0976035  0.266997 0.0389893
(1,2,(3,(4,(5,6)))); -6157.51  -0.000635004 31.3801 13.6493 27.7822 -6203.02 0.266852 0.262296  0.14841 0.322442 0.0965432 0.0802688  0.423989 0.0902541  0.263586 0.0453588
(1,2,(3,(4,(5,6)))); -6160.96  -0.000635004 32.5542 14.0166 24.9124 -6204.41 0.272813 0.258614 0.141661 0.326912    0.1309 0.0778732    0.4202 0.0872675  0.236892 0.0468678
(1,2,(3,(4,(5,6)))); -6161.93  -0.000635004 32.6491 13.5136 23.9321 -6205 0.279169 0.252613  0.15622 0.311998  0.108681 0.0703428  0.401514  0.115737  0.271416 0.0323087
(1,2,(3,(4,(5,6)))); -6161.78  -0.000635004 28.4885 13.6144 26.7714 -6203.42 0.280881 0.260671 0.143525 0.314924 0.0999606  0.068435  0.428509 0.0857343  0.262863 0.0544977
(1,2,(3,(4,(5,6)))); -6158.68  -0.000635004 31.5292 13.808 27.5415 -6203.94  0.26934 0.270268  0.14104 0.319351 0.0945132 0.0862027   0.41871  0.103412  0.251715  0.045447
(1,2,(3,(4,(5,6)))); -6157.71  -0.000635004 32.4928 13.6179 27.5134 -6204.09 0.281192 0.263482  0.15079 0.304537  0.106178 0.0814715  0.427479  0.101593  0.252172 0.0311072
(1,2,(3,(4,(5,6)))); -6159.21  -0.000635004 32.218 13.4554 24.9897 -6202.97 0.283872 0.270608 0.139654 0.305866  0.118441 0.0647994  0.394352  0.102495  0.271633 0.0482797
(1,2,(3,(4,(5,6)))); -6160.09  -0.000635004 30.9213 13.5489 27.061 -6204.53 0.268465 0.259726 0.144882 0.326928  0.116318 0.0782311  0.423345 0.0948887  0.248671 0.0385463
(1,2,(3,(4,(5,6)))); -6159.31  -0.000635004 31.3224 13.2669 26.4437 -6203.81 0.289704 0.251858 0.145995 0.312443 0.0935269  0.101458  0.418805  0.104925  0.239274 0.0420106
(1,2,(3,(4,(5,6)))); -6161.63  -0.000635004 30.1398 13.2684 25.1167 -6203.62 0.272033 0.263467 0.158243 0.306256 0.0840251 0.0884709  0.427083   0.10302  0.245461   0.05194
(1,2,(3,(4,(5,6)))); -6161.42  -0.000635004 29.7403 13.4236 26.2233 -6203.96 0.289822 0.255188 0.140375 0.314615 0.0842138 0.0999317  0.413945 0.0905145  0.261332 0.0500626
(1,2,(3,(4,(5,6)))); -6165.21  -0.000635004 29.1115 13.6629 24.6943 -6205.35 0.260483 0.260437 0.158107 0.320973  0.106733 0.0962158  0.427443 0.0843551  0.240211  0.045042
(1,2,(3,(4,(5,6)))); -6158.36  -0.000635004 33.6979 13.3979 25.7148 -6204.37 0.275727 0.247767 0.151114 0.325393 0.0938295 0.0700327  0.444724  0.094211  0.260932 0.0362704
(1,2,(3,(4,(5,6)))); -6158.58  -0.000635004 32.8456 13.3145 25.5295 -6203.64 0.286529 0.257634 0.140607  0.31523 0.0921818 0.0812344  0.416002   0.08116  0.268686 0.0607357
(1,2,(3,(4,(5,6)))); -6160.52  -0.000635004 31.5568 13.565 25.9673 -6204.48 0.261659 0.272003  0.15439 0.311949  0.110615 0.0799151  0.414812 0.0827012  0.266204 0.0457524
(1,2,(3,(4,(5,6)))); -6159.29  -0.000635004 30.3616 13.5712 27.9714 -6204.06 0.285575 0.250907 0.150506 0.313011 0.0916526  0.088314  0.437783 0.0929158   0.24798 0.0413544
(1,2,(3,(4,(5,6)))); -6162.29  -0.000635004 31.0608 13.5369 23.2041 -6203.02 0.282884 0.265147 0.136731 0.315238  0.115102 0.0783225   0.42465 0.0673417  0.282622  0.031961
(1,2,(3,(4,(5,6)))); -6157.25  -0.000635004 33.7107 13.45 25.4146 -6202.92  0.28707 0.271034 0.133653 0.308243  0.113006 0.0837975  0.443266  0.077775   0.25036 0.0317946
(1,2,(3,(4,(5,6)))); -6160.89  -0.000635004 30.7753 13.5068 26.1743 -6204.33 0.282078 0.249582  0.14916 0.319181  0.128562 0.0801417  0.401232 0.0990291  0.250881 0.0401537
(1,2,(3,(4,(5,6)))); -6159.86  -0.000635004 31.3377 13.2936 26.8362 -6204.74  0.27891 0.273572 0.145201 0.302317 0.0945761 0.0842266  0.435039   0.10365  0.234468 0.0480393
(1,2,(3,(4,(5,6)))); -6159.65  -0.000635004 33.3407 13.4628 25.5022 -6205.02  0.26406 0.280427 0.142616 0.312897  0.100892 0.0863665  0.428358 0.0888568  0.242201 0.0533254
(1,2,(3,(4,(5,6)))); -6163.26  -0.000635004 31.1541 13.5779 23.9542 -6204.79 0.278877 0.263632 0.162128 0.295363 0.0828106 0.0842167  0.442223 0.0964556  0.242739 0.0515548
(1,2,(3,(4,(5,6)))); -6161.92  -0.000635004 30.9898 13.5192 25.6378 -6205.03 0.270615 0.268166 0.155103 0.306116  0.112904 0.0841938  0.433821 0.0780705  0.240148 0.0508623
(1,2,(3,(4,(5,6)))); -6162.3  -0.000635004 30.6642 13.5051 25.6898 -6205.15 0.289957 0.271618 0.140387 0.298039 0.0873142 0.0972606  0.405873  0.101083  0.256363 0.0521057
(1,2,(3,(4,(5,6)))); -6160.14  -0.000635004 29.7197 13.4964 27.2498 -6203.61  0.27675 0.268978 0.135321 0.318951 0.0904995 0.0902055  0.438743 0.0883427  0.255677 0.0365327
(1,2,(3,(4,(5,6)))); -6160.23  -0.000635004 30.793 13.7925 26.4712 -6203.7 0.280425 0.255253 0.147836 0.316486 0.0902316 0.0888272  0.430451  0.112182   0.23877 0.0395383
(1,2,(3,(4,(5,6)))); -6159.28  -0.000635004 32.2401 13.3003 25.3728 -6203.59 0.292109 0.246338 0.145251 0.316302   0.11683 0.0838801  0.417684 0.0733878  0.260032 0.0481853
(1,2,(3,(4,(5,6)))); -6161.28  -0.000635004 29.4806 13.4151 26.07 -6203.42  0.27009 0.263545 0.162458 0.303907  0.109147 0.0862948  0.414167 0.0976734  0.244162  0.048556
(1,2,(3,(4,(5,6)))); -6161.63  -0.000635004 27.518 13.3959 28.1221 -6203.87  0.28836 0.253371 0.147526 0.310743 0.0967106 0.0864061   0.41463 0.0838664    0.2708 0.0475868
(1,2,(3,(4,(5,6)))); -6161.63  -0.000635004 33.325 13.4624 21.568 -6203.06 0.261994 0.250305 0.149035 0.338666 0.0837872 0.0730372  0.411902  0.100848  0.285241 0.0451847
(1,2,(3,(4,(5,6)))); -6159.06  -0.000635004 32.7255 13.8708 24.9241 -6202.84 0.280085 0.274037 0.140291 0.305586  0.131249 0.0728378  0.390425   0.10012  0.258464 0.0469047
(1,2,(3,(4,(5,6)))); -6161.61  -0.000635004 31.2352 13.4959 24.949 -6204.29 0.277371 0.260397 0.152663  0.30957 0.0865271 0.0749443  0.396136  0.100466  0.297186 0.0447408
(1,2,(3,(4,(5,6)))); -6154.88  -0.000635004 34.1301 13.4017 28.2739 -6203.88  0.27493 0.259481 0.147639 0.317949  0.100057 0.0804972  0.429908 0.0811593  0.268081 0.0402972
(1,2,(3,(4,(5,6)))); -6160.06  -0.000635004 31.9897 13.3421 25.2661 -6203.97 0.283998 0.268499 0.142831 0.304672  0.109863 0.0830628  0.427105 0.0738119  0.276402 0.0297553
(1,2,(3,(4,(5,6)))); -6160.35  -0.000635004 28.0347 13.72 28.2905 -6202.96 0.289766 0.262853 0.135777 0.311604  0.102165  0.081638  0.423326 0.0852926  0.268754 0.0388246
(1,2,(3,(4,(5,6)))); -6164.94  -0.000635004 28.6979 13.5296 24.6729 -6204.78 0.276462 0.249138 0.158718 0.315683  0.111661 0.0654332  0.435285  0.083993  0.255358 0.0482699
(1,2,(3,(4,(5,6)))); -6162.04  -0.000635004 30.8524 13.736 25.7084 -6204.86 0.281786  0.25576 0.141312 0.321142  0.100076 0.0908703  0.390007  0.102993  0.257205 0.0588483
(1,2,(3,(4,(5,6)))); -6160.28  -0.000635004 31.6629 13.3342 25.5994 -6204.21 0.289047 0.253498 0.152604  0.30485   0.10635  0.106264   0.40412 0.0969039  0.254379 0.0319837
(1,2,(3,(4,(5,6)))); -6158.03  -0.000635004 31.0779 13.0452 27.9071 -6203.97 0.279819 0.262942 0.147739   0.3095 0.0950705 0.0953394  0.413889 0.0861131  0.274301 0.0352868
(1,2,(3,(4,(5,6)))); -6159.45  -0.000635004 31.5203 13.3176 26.0648 -6203.72  0.30171 0.256208 0.137815 0.304267   0.12065 0.0797419  0.400874 0.0914864   0.26386 0.0433869
(1,2,(3,(4,(5,6)))); -6162.85  -0.000635004 33.0513 13.2359 22.4673 -6205.14 0.259997 0.250189 0.154485 0.335328 0.0913772 0.0761016  0.455865  0.093854  0.245178 0.0376238
(1,2,(3,(4,(5,6)))); -6158.74  -0.000635004 30.9841 13.2802 27.3166 -6203.76 0.273704 0.259561 0.144018 0.322717 0.0911739 0.0817148  0.442338  0.101175  0.242309 0.0412897
(1,2,(3,(4,(5,6)))); -6168.75  -0.000635004 27.9903 13.6985 21.6859 -6204.72 0.273987 0.254026 0.167502 0.304485  0.102874  0.112902  0.381692 0.0887546  0.273348 0.0404294
(1,2,(3,(4,(5,6)))); -6163.69  -0.000635004 30.2635 14.0963 24.1347 -6203.99 0.286352 0.265331   0.1327 0.315617  0.108868 0.0632892  0.409606  0.110062  0.257231 0.0509439
(1,2,(3,(4,(5,6)))); -6166.59  -0.000635004 28.2167 13.0555 23.6394 -6205.39  0.28941 0.266495 0.149519 0.294577  0.106369 0.0670186   0.40685 0.0782154  0.290366 0.0511811
(1,2,(3,(4,(5,6)))); -6162.83  -0.000635004 33.5041 13.6018 23.4464 -6206.18 0.302055 0.266496 0.142435 0.289014 0.0890028 0.0882692   0.39242  0.100271  0.277453 0.0525836
(1,2,(3,(4,(5,6)))); -6160.57  -0.000635004 31.6025 13.9552 27.1505 -6205.36 0.287989 0.247246 0.150724 0.314041  0.103495 0.0886999  0.398544 0.0892543  0.280619 0.0393881
(1,2,(3,(4,(5,6)))); -6160.48  -0.000635004 29.5167 13.0054 26.2555 -6203.24 0.287468  0.24649 0.142465 0.323577 0.0963722     0.073  0.432828 0.0823488  0.274618 0.0408331
(1,2,(3,(4,(5,6)))); -6165.62  -0.000635004 24.6489 14.0949 27.999 -6204.17 0.278854 0.257584 0.157016 0.306545 0.0962948 0.0786715  0.433591 0.0913536  0.254941 0.0451481
(1,2,(3,(4,(5,6)))); -6156.5  -0.000635004 32.5223 13.5887 28.7502 -6204.19 0.283824 0.266588  0.14576 0.303827 0.0926479 0.0852132  0.420659  0.093465  0.260136 0.0478787
(1,2,(3,(4,(5,6)))); -6158  -0.000635004 30.7269 13.5017 28.1909 -6203.42 0.283854 0.258045 0.137462 0.320639  0.101973 0.0791959  0.425361 0.0869351  0.269497 0.0370389
(1,2,(3,(4,(5,6)))); -6160.83  -0.000635004 29.9527 13.1348 26.3373 -6203.98 0.290615 0.249584 0.142074 0.317727 0.0882812  0.101432   0.41153 0.0906823  0.260369 0.0477057
(1,2,(3,(4,(5,6)))); -6162.42  -0.000635004 31.8026 13.3884 24.0594 -6204.89 0.298659 0.256964 0.134549 0.309827   0.11968 0.0917631   0.38872 0.0903812   0.25234 0.0571164
(1,2,(3,(4,(5,6)))); -6158.09  -0.000635004 30.7196 13.564 28.7855 -6204.03  0.28154 0.259783 0.149896 0.308781  0.104737 0.0868467  0.399265 0.0962678  0.271992 0.0408908
(1,2,(3,(4,(5,6)))); -6164.91  -0.000635004 31.8334 13.1857 21.8654 -6205.42 0.272514 0.239824 0.153745 0.333917  0.103245 0.0886919  0.407965 0.0993541   0.27367 0.0270742
(1,2,(3,(4,(5,6)))); -6162.14  -0.000635004 27.7356 12.9554 27.0212 -6203.94 0.272923 0.267436 0.133989 0.325651  0.108299 0.0862892  0.416329  0.102238   0.24635 0.0404952
(1,2,(3,(4,(5,6)))); -6165.83  -0.000635004 27.4262 13.4742 24.7493 -6204.53 0.268934 0.258952 0.134847 0.337268  0.114144 0.0955849  0.396353 0.0880134  0.264684  0.041221
(1,2,(3,(4,(5,6)))); -6163.21  -0.000635004 28.6718 13.4897 26.2806 -6204.67  0.28779 0.256669 0.147809 0.307732  0.105108  0.090125  0.382461  0.106359  0.262354 0.0535935
(1,2,(3,(4,(5,6)))); -6164.1  -0.000635004 26.3209 12.8578 25.176 -6202.73 0.261844 0.273717 0.142797 0.321641  0.102515 0.0770767  0.429378 0.0871296  0.272161 0.0317403
(1,2,(3,(4,(5,6)))); -6159.77  -0.000635004 30.8401 13.1547 26.3733 -6203.83 0.284574 0.258875 0.146717 0.309835 0.0929792  0.064936  0.418681 0.0976292  0.279137 0.0466374
(1,2,(3,(4,(5,6)))); -6158.65  -0.000635004 30.1605 13.9758 28.7636 -6203.6 0.278848 0.262753 0.142598 0.315801  0.112636 0.0780779  0.429777  0.088412  0.250845 0.0402521
(1,2,(3,(4,(5,6)))); -6168.41  -0.000635004 26.5437 13.8644 24.1672 -6205.25 0.269882 0.256906 0.163048 0.310163  0.117893 0.0760052   0.41398  0.102523  0.258495 0.0311023
(1,2,(3,(4,(5,6)))); -6162.12  -0.000635004 28.6824 13.4356 25.2455 -6202.61 0.298797 0.258601 0.143442  0.29916   0.12876 0.0790978  0.420604 0.0884806     0.239 0.0440574
(1,2,(3,(4,(5,6)))); -6165.6  -0.000635004 28.8623 13.0245 22.5217 -6203.95  0.29307 0.268118 0.134016 0.304797  0.138459 0.0928684    0.3819 0.0819228   0.25796 0.0468895
(1,2,(3,(4,(5,6)))); -6161.29  -0.000635004 30.3729 13.564 25.5639 -6203.66 0.262698  0.28157 0.139379 0.316353  0.102156 0.0894522  0.399242 0.0983108  0.262795 0.0480447
(1,2,(3,(4,(5,6)))); -6167.86  -0.000635004 25.634 13.2418 24.6066 -6204.86 0.293268 0.257588 0.134206 0.314938  0.111911 0.0841886  0.409324  0.114883   0.23196 0.0477345
(1,2,(3,(4,(5,6)))); -6162.4  -0.000635004 31.205 13.1841 24.9112 -6205.33 0.277116 0.276599 0.140196 0.306089  0.102964  0.106061  0.436064 0.0775585  0.235458  0.041893
(1,2,(3,(4,(5,6)))); -6158.49  -0.000635004 33.1476 13.5068 26.0391 -6204.17 0.283298 0.260999 0.147914 0.307789  0.104691  0.103296  0.409951  0.103777   0.22984 0.0484458
(1,2,(3,(4,(5,6)))); -6157.74  -0.000635004 33.791 13.2406 26.0612 -6204.35 0.278996 0.273644 0.150292 0.297067 0.0903911 0.0894839  0.431643 0.0943196   0.26388 0.0302831
(1,2,(3,(4,(5,6)))); -6160.76  -0.000635004 32.5667 13.6921 25.0535 -6204.68 0.273294 0.251086 0.145595 0.330024  0.115562 0.0739908  0.439298 0.0991816  0.237354 0.0346132
(1,2,(3,(4,(5,6)))); -6159.25  -0.000635004 31.6901 13.3474 26.5119 -6204.1 0.294043 0.261714 0.132386 0.311856  0.106055 0.0824795  0.393087 0.0929579  0.277133 0.0482877
(1,2,(3,(4,(5,6)))); -6160.4  -0.000635004 31.5962 13.4987 25.835 -6204.33 0.266517 0.269237 0.144965 0.319281  0.121746 0.0870922  0.419942 0.0901001  0.249544 0.0315754
(1,2,(3,(4,(5,6)))); -6157.09  -0.000635004 33.0167 13.4708 27.6572 -6204.29 0.281154 0.267583 0.138921 0.312342  0.113794 0.0966886  0.408222 0.0967185  0.240284 0.0442927
(1,2,(3,(4,(5,6)))); -6162.23  -0.000635004 26.5611 13.452 27.9901 -6203.33 0.278936 0.268139 0.140494 0.312431  0.103828 0.0797833  0.398276  0.105043  0.265768 0.0473015
(1,2,(3,(4,(5,6)))); -6160.45  -0.000635004 31.4844 13.4767 25.7779 -6204.23 0.274347 0.267197 0.150373 0.308083  0.102161 0.0630865  0.430258  0.105528   0.25215 0.0468171
(1,2,(3,(4,(5,6)))); -6158.62  -0.000635004 31.3854 13.9193 27.9853 -6204.07 0.292197 0.258091 0.150552 0.299159  0.110379 0.0807898  0.407392  0.093948  0.261131 0.0463602
(1,2,(3,(4,(5,6)))); -6168.61  -0.000635004 30.9034 13.4355 18.7818 -6204.86 0.281175 0.269721 0.148781 0.300323 0.0883508 0.0665793  0.373125  0.100733  0.325601 0.0456107
(1,2,(3,(4,(5,6)))); -6158.2  -0.000635004 32.6996 13.3595 25.766 -6203.3 0.276728 0.266532 0.133978 0.322762  0.123377 0.0778456  0.432364 0.0814981  0.243646 0.0412696
(1,2,(3,(4,(5,6)))); -6161.7  -0.000635004 30.0185 13.3188 25.8796 -6204.28 0.274067 0.253673 0.150014 0.322246  0.110673 0.0934249  0.377494  0.104044  0.272014   0.04235
(1,2,(3,(4,(5,6)))); -6160.94  -0.000635004 29.8755 13.9485 27.1996 -6204.07 0.280298 0.248998 0.150345  0.32036 0.0985297 0.0822787  0.422019 0.0833317  0.277342 0.0364986
(1,2,(3,(4,(5,6)))); -6161.93  -0.000635004 27.7162 13.1519 26.0718 -6202.56 0.286788 0.255799 0.134641 0.322772  0.116201 0.0736186   0.41656 0.0876342  0.253373  0.052613
(1,2,(3,(4,(5,6)))); -6166.06  -0.000635004 31.8155 13.7098 20.3632 -6204.53 0.278135 0.256584 0.165766 0.299514 0.0939341 0.0703438  0.386523  0.119385  0.276867 0.0529469
(1,2,(3,(4,(5,6)))); -6158.46  -0.000635004 34.2108 13.4786 24.2198 -6203.41 0.286349 0.240991 0.149594 0.323066 0.0997045 0.0796239  0.452596  0.100554  0.225149 0.0423731
(1,2,(3,(4,(5,6)))); -6157.93  -0.000635004 32.4636 13.681 27.1754 -6203.89 0.275792 0.275944  0.13901 0.309254 0.0980365 0.0929707  0.405186  0.083273  0.277575 0.0429588
(1,2,(3,(4,(5,6)))); -6161.59  -0.000635004 32.0728 13.6808 24.5086 -6204.49 0.281976 0.247187 0.155108 0.315729  0.108322  0.110653  0.387561 0.0958144  0.260698 0.0369504
(1,2,(3,(4,(5,6)))); -6165.59  -0.000635004 27.2387 13.5304 24.7412 -6204.04 0.281243 0.262033 0.159745 0.296978  0.105229 0.0891079  0.433286  0.101814   0.24161 0.0289533
(1,2,(3,(4,(5,6)))); -6159.3  -0.000635004 29.9075 13.4277 28.1218 -6203.9  0.29336 0.258545  0.14673 0.301366  0.100477 0.0866428  0.411675 0.0961373  0.269036 0.0360319
(1,2,(3,(4,(5,6)))); -6163.4  -0.000635004 32.0288 13.5668 23.3645 -6205.23 0.273209 0.257974 0.160479 0.308338  0.121798 0.0993185   0.38536 0.0809689  0.277294 0.0352613
(1,2,(3,(4,(5,6)))); -6162.93  -0.000635004 28.7043 13.2791 25.3643 -6203.72 0.284665 0.252791 0.157885 0.304658  0.114759 0.0739264  0.406918 0.0917649  0.255904  0.056728
(1,2,(3,(4,(5,6)))); -6165.66  -0.000635004 28.5201 13.8526 23.9183 -6204.24 0.306417 0.257927  0.13237 0.303286  0.108067 0.0818957  0.407254  0.104154  0.266833 0.0317969
(1,2,(3,(4,(5,6)))); -6164.1  -0.000635004 29.2369 14.0254 25.8516 -6205.16 0.280619 0.254404 0.143844 0.321132  0.113081 0.0930364  0.384648    0.1109  0.262671 0.0356629
(1,2,(3,(4,(5,6)))); -6163.06  -0.000635004 27.0431 13.378 27.5618 -6204.28 0.267071 0.265478 0.153631  0.31382  0.100243 0.0831124  0.429135 0.0994826  0.244812 0.0432147
(1,2,(3,(4,(5,6)))); -6164.9  -0.000635004 27.889 13.3444 24.5443 -6203.98 0.280174 0.248978 0.156162 0.314686 0.0795715 0.0888534  0.405947  0.105957  0.277435 0.0422362
(1,2,(3,(4,(5,6)))); -6167.05  -0.000635004 26.0853 14.1429 25.24 -6204.23 0.267258 0.256474 0.147719 0.328549  0.122549 0.0779178  0.393167 0.0902894  0.267901 0.0481761
(1,2,(3,(4,(5,6)))); -6162.8  -0.000635004 28.9311 13.6471 25.9776 -6204.06 0.297375 0.264664  0.14484 0.293122  0.112513 0.0679159  0.428109 0.0912821   0.25697 0.0432103
(1,2,(3,(4,(5,6)))); -6160.69  -0.000635004 32.2972 13.4202 24.2984 -6203.86 0.274516 0.271251 0.144206 0.310027   0.10854  0.086399  0.389586 0.0735134  0.298653 0.0433079
(1,2,(3,(4,(5,6)))); -6160.69  -0.000635004 33.1985 13.9483 23.6146 -6203.55 0.281377 0.282239 0.142397 0.293987  0.129426 0.0838731  0.405521 0.0990893  0.233272 0.0488178
(1,2,(3,(4,(5,6)))); -6163.24  -0.000635004 29.1594 13.1341 26.4452 -6205.71 0.278549 0.262477 0.154174   0.3048 0.0982315 0.0791294  0.460593 0.0820439  0.237983 0.0420189
(1,2,(3,(4,(5,6)))); -6162.91  -0.000635004 30.9426 13.3774 24.0229 -6204.5 0.277402 0.275413 0.137403 0.309782 0.0911271   0.10209  0.419338 0.0747293  0.279317 0.0333981
(1,2,(3,(4,(5,6)))); -6159.55  -0.000635004 30.6317 13.7919 27.7097 -6204.1 0.281147 0.260538  0.14663 0.311686  0.110504 0.0804117   0.40673 0.0990764  0.248833 0.0544452
(1,2,(3,(4,(5,6)))); -6165.51  -0.000635004 31.2214 13.6386 22.9432 -6206.04 0.278794 0.272779 0.148205 0.300221  0.116241 0.0829545  0.439118 0.0629632  0.261949 0.0367745
(1,2,(3,(4,(5,6)))); -6160.18  -0.000635004 30.7441 13.0942 25.656 -6203.48 0.262587 0.278913 0.151404 0.307097 0.0978234  0.091456  0.418294  0.104965  0.247629 0.0398325
(1,2,(3,(4,(5,6)))); -6161.61  -0.000635004 32.0225 13.4387 25.1757 -6205.37 0.288614  0.25607 0.146625 0.308691  0.118079 0.0997141  0.368611 0.0951971  0.271599 0.0468003
(1,2,(3,(4,(5,6)))); -6164.98  -0.000635004 32.9277 13.5398 20.5362 -6204.9 0.271434 0.277196 0.139004 0.312366  0.102421 0.0946627  0.458743 0.0923976  0.228752 0.0230232
(1,2,(3,(4,(5,6)))); -6162.52  -0.000635004 31.6672 13.4899 24.2 -6204.89 0.273341 0.275932 0.127092 0.323634   0.11237 0.0832582  0.394982  0.106308  0.255888 0.0471935
(1,2,(3,(4,(5,6)))); -6159.55  -0.000635004 32.7465 13.6269 25.7507 -6204.42 0.288429 0.248238 0.150034 0.313299  0.117027 0.0692336  0.411194   0.10218   0.25057 0.0497948
(1,2,(3,(4,(5,6)))); -6162.7  -0.000635004 31.1562 13.2814 23.4862 -6204.06 0.260939 0.266592    0.154  0.31847  0.109346 0.0720988   0.42391  0.114317   0.23614 0.0441891
(1,2,(3,(4,(5,6)))); -6161.44  -0.000635004 29.9241 13.5819 26.0922 -6203.88 0.289394 0.244987 0.145393 0.320225 0.0885062 0.0757327   0.42608 0.0873848  0.275886   0.04641
