tree logl logTop logBL logPrior logQ logWt pi1 pi2 pi3 pi4 s1 s2 s3 s4 s5 s6
(1,((((2,3),(4,5)),(((6,7),(8,(9,10))),(((11,12),(((13,14),15),(16,17))),((18,19),(20,21))))),(22,23)),24); -15333.6  -0.115758 170.62 83.7839 31.1108 -15451.5 0.242925 0.242383   0.1789 0.335792  0.361313  0.172555  0.110976 0.0389781  0.298067 0.0181114
(1,((((2,3),(4,5)),(((6,7),(8,(9,10))),(((11,12),(((13,14),15),(16,17))),((18,19),(20,21))))),(22,23)),24); -15336.7  -0.115758 167.753 83.4584 28.9735 -15449.9 0.245879 0.238218 0.170897 0.345006  0.373046  0.154278  0.121872 0.0367802  0.294982 0.0190416
(1,((((2,3),(4,5)),(((6,7),(8,(9,10))),(((11,12),(((13,14),15),(16,17))),((18,19),(20,21))))),(22,23)),24); -15348.9  -0.115758 155.248 83.2987 29.9352 -15450.7  0.25346 0.254284 0.175326  0.31693  0.381052  0.154889  0.121476 0.0398618  0.283785 0.0189364
(1,((((2,3),(4,5)),(((6,7),(8,(9,10))),(((11,12),(((13,14),15),(16,17))),((18,19),(20,21))))),(22,23)),24); -15339.4  -0.115758 166.375 83.8122 29.2886 -15451.1  0.25738 0.249134 0.167789 0.325697  0.366614  0.161474  0.124638 0.0331752  0.295602  0.018497
(1,((((2,3),(4,5)),(((6,7),(8,(9,10))),(((11,12),(((13,14),15),(16,17))),((18,19),(20,21))))),(22,23)),24); -15339.1  -0.115758 168.853 83.8381 28.2738 -15452.3 0.239523 0.242057 0.191406 0.327014  0.388846  0.156863  0.114672 0.0406203  0.280177 0.0188209
(1,((((2,3),(4,5)),(((6,7),(8,(9,10))),(((11,12),(((13,14),15),(16,17))),((18,19),(20,21))))),(22,23)),24); -15330  -0.115758 175.345 83.8633 28.7449 -15450.1 0.234219  0.24345 0.186037 0.336294  0.349119   0.16288  0.112724  0.039579  0.313409 0.0222895
(1,((((2,3),(4,5)),(((6,7),(8,(9,10))),(((11,12),(((13,14),15),(16,17))),((18,19),(20,21))))),(22,23)),24); -15341.4  -0.115758 161.703 83.5274 30.7172 -15450.2 0.242582  0.25826 0.177109 0.322049  0.378977  0.152635  0.109332 0.0426079  0.300898 0.0155506
(1,((((2,3),(4,5)),(((6,7),(8,(9,10))),(((11,12),(((13,14),15),(16,17))),((18,19),(20,21))))),(22,23)),24); -15339.9  -0.115758 167.15 83.4565 28.3088 -15451.8 0.245169 0.251162 0.190965 0.312704  0.379669  0.151285   0.12428 0.0359801    0.2891 0.0196858
(1,((((2,3),(4,5)),(((6,7),(8,(9,10))),(((11,12),(((13,14),15),(16,17))),((18,19),(20,21))))),(22,23)),24); -15337.4  -0.115758 165.998 84.0084 31.5026 -15450.8 0.235689 0.251352 0.175546 0.337413  0.367721   0.16169  0.107903 0.0374585  0.304355 0.0208732
(1,((((2,3),(4,5)),(((6,7),(8,(9,10))),(((11,12),(((13,14),15),(16,17))),((18,19),(20,21))))),(22,23)),24); -15359.9  -0.115758 161.985 84.2071 23.4354 -15461 0.223242 0.270109 0.170307 0.336341  0.370134  0.177922  0.111428 0.0407904  0.284479 0.0152468
(1,((((2,3),(4,5)),(((6,7),(8,(9,10))),(((11,12),(((13,14),15),(16,17))),((18,19),(20,21))))),(22,23)),24); -15329  -0.115758 174.478 83.9406 30.3058 -15449.7 0.232442 0.253721  0.18973 0.324108  0.361268  0.163791  0.114624 0.0418139  0.299787  0.018716
(1,((((2,3),(4,5)),(((6,7),(8,(9,10))),(((11,12),(((13,14),15),(16,17))),((18,19),(20,21))))),(22,23)),24); -15342.7  -0.115758 166.008 84.6457 27.4317 -15451.4 0.236425 0.256501 0.190246 0.316829  0.351761  0.163924  0.119548 0.0461736  0.303126 0.0154672
(1,((((2,3),(4,5)),(((6,7),(8,(9,10))),(((11,12),(((13,14),15),(16,17))),((18,19),(20,21))))),(22,23)),24); -15339.2  -0.115758 167.084 83.9366 29.0688 -15451.3 0.257871 0.260836 0.170166 0.311127   0.37939  0.150987  0.117592 0.0388699  0.295123 0.0180386
(1,((((2,3),(4,5)),(((6,7),(8,(9,10))),(((11,12),(((13,14),15),(16,17))),((18,19),(20,21))))),(22,23)),24); -15341.4  -0.115758 167.674 83.9206 27.7465 -15452.7 0.240376 0.256904 0.176063 0.326658  0.342908  0.178939  0.105897 0.0427893  0.308734 0.0207326
(1,((((2,3),(4,5)),(((6,7),(8,(9,10))),(((11,12),(((13,14),15),(16,17))),((18,19),(20,21))))),(22,23)),24); -15337.8  -0.115758 171.781 83.9471 28.2318 -15453.8 0.246464 0.246348   0.1871 0.320087  0.348852  0.150981  0.118775 0.0406951   0.31778 0.0229168
(1,((((2,3),(4,5)),(((6,7),(8,(9,10))),(((11,12),(((13,14),15),(16,17))),((18,19),(20,21))))),(22,23)),24); -15344.2  -0.115758 165.349 84.5983 28.9127 -15453.7 0.238904 0.255614 0.183358 0.322124  0.367142  0.152878  0.127863 0.0339423   0.30153 0.0166445
(1,((((2,3),(4,5)),(((6,7),(8,(9,10))),(((11,12),(((13,14),15),(16,17))),((18,19),(20,21))))),(22,23)),24); -15330.8  -0.115758 173.053 83.6457 30.0132 -15450.1 0.246988 0.240388 0.179104  0.33352  0.369069   0.16738  0.121089 0.0365954  0.289998 0.0158687
(1,((((2,3),(4,5)),(((6,7),(8,(9,10))),(((11,12),(((13,14),15),(16,17))),((18,19),(20,21))))),(22,23)),24); -15332.4  -0.115758 172.002 83.989 31.2704 -15451.6 0.248846 0.246002 0.172427 0.332725  0.357824  0.171952   0.11048 0.0405947  0.301249 0.0179001
(1,((((2,3),(4,5)),(((6,7),(8,(9,10))),(((11,12),(((13,14),15),(16,17))),((18,19),(20,21))))),(22,23)),24); -15339.6  -0.115758 171.297 83.9371 24.9147 -15451.8 0.257029 0.245077 0.182558 0.315336  0.360109  0.187285 0.0993983 0.0356808  0.294946 0.0225811
(1,((((2,3),(4,5)),(((6,7),(8,(9,10))),(((11,12),(((13,14),15),(16,17))),((18,19),(20,21))))),(22,23)),24); -15337.2  -0.115758 170.808 83.7213 28.4964 -15452.6 0.250181 0.250609 0.165662 0.333549  0.360336  0.157587    0.1208 0.0397976  0.295767 0.0257115
(1,((((2,3),(4,5)),(((6,7),(8,(9,10))),(((11,12),(((13,14),15),(16,17))),((18,19),(20,21))))),(22,23)),24); -15346.8  -0.115758 171.252 84.4586 21.9496 -15455.5 0.226859 0.243609 0.177102  0.35243  0.376315  0.159349  0.101997 0.0508371   0.28767 0.0238314
