tree logl logTop logBL logPrior logQ logWt pi1 pi2 pi3 pi4 s1 s2 s3 s4 s5 s6
(1,((((2,3),(4,5)),(((6,7),(8,(9,10))),(((11,12),(((13,14),15),(16,17))),((18,19),(20,21))))),(22,23)),24); -15339.2  -0.115758 168.7 83.739 27.4846 -15451.5 0.227665 0.243918 0.191232 0.337185  0.362363  0.167063  0.117759  0.033563  0.301966 0.0172856
(1,((((2,3),(4,5)),(((6,7),(8,(9,10))),(((11,12),(((13,14),15),(16,17))),((18,19),(20,21))))),(22,23)),24); -15340.7  -0.115758 168.541 83.7728 27.5708 -15452.9 0.237725 0.257274 0.186082  0.31892  0.356075  0.152567  0.128307 0.0389271  0.308922 0.0152015
(1,((((2,3),(4,5)),(((6,7),(8,(9,10))),(((11,12),(((13,14),15),(16,17))),((18,19),(20,21))))),(22,23)),24); -15336.3  -0.115758 168.235 83.2168 28.3595 -15449.5 0.242396 0.266012 0.173008 0.318584  0.383995  0.152708  0.116134 0.0412568  0.291326 0.0145807
(1,((((2,3),(4,5)),(((6,7),(8,(9,10))),(((11,12),(((13,14),15),(16,17))),((18,19),(20,21))))),(22,23)),24); -15338  -0.115758 167.286 84.672 31.0612 -15451.5 0.237535 0.260248 0.167543 0.334674  0.367056  0.160583  0.109754 0.0393767  0.305092 0.0181377
(1,((((2,3),(4,5)),(((6,7),(8,(9,10))),(((11,12),(((13,14),15),(16,17))),((18,19),(20,21))))),(22,23)),24); -15342.8  -0.115758 165.782 83.7938 28.259 -15453 0.238923 0.251277 0.182798 0.327003  0.375839  0.179072  0.102046 0.0407778   0.28676  0.015505
(1,((((2,3),(4,5)),(((6,7),(8,(9,10))),(((11,12),(((13,14),15),(16,17))),((18,19),(20,21))))),(22,23)),24); -15342.5  -0.115758 165.74 83.6611 28.3939 -15452.9 0.236444 0.260566 0.175636 0.327353  0.365885  0.169651  0.119623 0.0384222  0.282041 0.0243781
(1,((((2,3),(4,5)),(((6,7),(8,(9,10))),(((11,12),(((13,14),15),(16,17))),((18,19),(20,21))))),(22,23)),24); -15335  -0.115758 169.815 84.2472 29.5917 -15450.1  0.24492 0.239105 0.176355 0.339621  0.367867  0.157189  0.117836 0.0335647  0.301107 0.0224364
(1,((((2,3),(4,5)),(((6,7),(8,(9,10))),(((11,12),(((13,14),15),(16,17))),((18,19),(20,21))))),(22,23)),24); -15339.8  -0.115758 166.11 83.7734 29.7026 -15451.7 0.243249 0.251705 0.180032 0.325014   0.38027  0.156428  0.117741 0.0459535  0.282444 0.0171641
(1,((((2,3),(4,5)),(((6,7),(8,(9,10))),(((11,12),(((13,14),15),(16,17))),((18,19),(20,21))))),(22,23)),24); -15331.8  -0.115758 176.52 84.1619 28.5237 -15452.6 0.235919 0.245871 0.178004 0.340207  0.382699   0.16707 0.0982473 0.0346796  0.298372 0.0189322
(1,((((2,3),(4,5)),(((6,7),(8,(9,10))),(((11,12),(((13,14),15),(16,17))),((18,19),(20,21))))),(22,23)),24); -15347.3  -0.115758 160.913 83.8283 28.1573 -15452.4 0.237806 0.254334 0.188421 0.319438  0.354615  0.157998   0.11431 0.0311581  0.321467  0.020452
(1,((((2,3),(4,5)),(((6,7),(8,(9,10))),(((11,12),(((13,14),15),(16,17))),((18,19),(20,21))))),(22,23)),24); -15342.4  -0.115758 166.857 84.1618 27.6864 -15452.6 0.254594 0.245121 0.183271 0.317014  0.361724  0.165425  0.107509 0.0439531  0.308764 0.0126246
(1,((((2,3),(4,5)),(((6,7),(8,(9,10))),(((11,12),(((13,14),15),(16,17))),((18,19),(20,21))))),(22,23)),24); -15344.6  -0.115758 166.074 84.0622 28.0335 -15454.6 0.242176 0.262781 0.165947 0.329096  0.363464  0.168332  0.121223 0.0349474  0.288275  0.023759
(1,((((2,3),(4,5)),(((6,7),(8,(9,10))),(((11,12),(((13,14),15),(16,17))),((18,19),(20,21))))),(22,23)),24); -15339.6  -0.115758 168.469 84.2267 29.5335 -15453.3  0.25402 0.244837 0.171935 0.329208  0.370306  0.173029 0.0997311 0.0386538  0.297265 0.0210163
(1,((((2,3),(4,5)),(((6,7),(8,(9,10))),(((11,12),(((13,14),15),(16,17))),((18,19),(20,21))))),(22,23)),24); -15334.8  -0.115758 168.152 83.534 31.0763 -15450.4 0.245767 0.239269 0.182971 0.331993  0.368438   0.16681  0.108675 0.0407091  0.298263 0.0171057
(1,((((2,3),(4,5)),(((6,7),(8,(9,10))),(((11,12),(((13,14),15),(16,17))),((18,19),(20,21))))),(22,23)),24); -15340.8  -0.115758 163.474 84.1204 31.3982 -15451.4 0.247246 0.245141 0.180423  0.32719  0.369798  0.158956  0.113416 0.0450689  0.295437 0.0173236
(1,((((2,3),(4,5)),((((6,7),8),(9,10)),(((11,12),(((13,14),15),(16,17))),((18,19),(20,21))))),(22,23)),24); -15331.1  -2.7422 179.961 83.7563 27.856 -15452.4  0.23714 0.251296 0.192862 0.318701  0.357148  0.178011  0.110586 0.0356247  0.303229 0.0154017
(1,((((2,3),(4,5)),(((6,7),(8,(9,10))),(((11,12),(((13,14),15),(16,17))),((18,19),(20,21))))),(22,23)),24); -15340  -0.115758 165.865 84.0005 29.8113 -15451.5 0.248115 0.246056 0.188009 0.317821  0.383009  0.155398  0.102862 0.0358432  0.301969 0.0209178
(1,((((2,3),(4,5)),(((6,7),(8,(9,10))),(((11,12),(((13,14),15),(16,17))),((18,19),(20,21))))),(22,23)),24); -15332.4  -0.115758 172.057 83.5705 30.426 -15451.2 0.240481 0.257173 0.170876  0.33147  0.370754  0.157336  0.115302 0.0419565  0.291213 0.0234382
(1,((((2,3),(4,5)),(((6,7),(8,(9,10))),(((11,12),(((13,14),15),(16,17))),((18,19),(20,21))))),(22,23)),24); -15343.4  -0.115758 160.525 82.9815 29.9884 -15450.8  0.23985 0.255112 0.164316 0.340722  0.369511  0.163092   0.10344 0.0403951  0.303955 0.0196063
(1,((((2,3),(4,5)),(((6,7),(8,(9,10))),(((11,12),(((13,14),15),(16,17))),((18,19),(20,21))))),(22,23)),24); -15336.5  -0.115758 171.221 84.3624 29.7269 -15453 0.241231 0.247167 0.185177 0.326425  0.381843  0.168698  0.108678 0.0316701  0.291496 0.0176156
(1,((((2,3),(4,5)),(((6,7),(8,(9,10))),(((11,12),(((13,14),15),(16,17))),((18,19),(20,21))))),(22,23)),24); -15341.9  -0.115758 166.723 84.5742 29.7653 -15453.7  0.25082 0.255473 0.186034 0.307673  0.360012  0.156186  0.108904 0.0411147  0.312635 0.0211493
