tree logl logTop logBL logPrior logQ logWt pi1 pi2 pi3 pi4 s1 s2 s3 s4 s5 s6
(1,2,(3,(4,(5,6)))); -4548.15  -1.27079 28.7854 13.3324 27.6573 -4589.99 0.323281 0.272956 0.127093  0.27667  0.250962   0.15644  0.116181 0.0354421  0.430739 0.0102358
(1,(2,(4,(5,6))),3); -4554.19  -2.04726 26.1155 13.2184 26.6382 -4591.68 0.308513 0.284765 0.146681  0.26004  0.241347  0.141112  0.124147 0.0253778  0.453737  0.014279
(1,2,(3,(4,(5,6)))); -4544.07  -1.27079 30.6455 13.8373 27.6981 -4587.31 0.303133  0.27998 0.135407 0.281479  0.230637   0.16014   0.12633 0.0276937  0.439669 0.0155299
(1,(2,3),(4,(5,6))); -4550.06  -1.65514 28.8213 13.783 23.3131 -4586.76 0.310348 0.258835 0.132396 0.298422   0.24503  0.129641  0.116424 0.0330093  0.456895 0.0190005
(1,2,(3,((4,6),5))); -4550.92  -1.72319 30.8458 13.5218 27.1488 -4593.67 0.284487 0.311002 0.129277 0.275234  0.252768  0.164202  0.102735 0.0320456  0.430203 0.0180449
(1,(2,(4,(5,6))),3); -4560.66  -2.04726 30.3572 13.8344 24.3502 -4599.48 0.313724 0.277939 0.150314 0.258024  0.244509  0.136583  0.137963 0.0360453  0.425948 0.0189512
(1,(2,3),(4,(5,6))); -4567.45  -1.65514 31.0151 13.5402 25.0886 -4608.36 0.346243  0.29037 0.120557  0.24283  0.249234    0.1432  0.119717    0.0338    0.4355 0.0185492
(1,(2,(4,(5,6))),3); -4555.37  -2.04726 27.5001 13.1768 27.3167 -4594.97 0.294968 0.301691 0.138147 0.265194  0.251292  0.164567  0.120783 0.0232931  0.424873 0.0151914
(1,2,(3,((4,6),5))); -4556.78  -1.72319 30.0381 13.6456 27.9548 -4599.4 0.333051 0.281542 0.116017 0.269391  0.251199  0.157099  0.116541 0.0337286  0.425527 0.0159057
(1,2,(3,(4,(5,6)))); -4551.21  -1.27079 31.5689 13.8036 28.9304 -4596.63 0.304628 0.292512 0.129367 0.273493  0.251962  0.155461  0.120262 0.0315514  0.418931 0.0218327
(1,2,(3,(4,(5,6)))); -4547.63  -1.27079 27.8628 12.891 29.6167 -4590.95  0.30576 0.282649 0.138901  0.27269  0.249768  0.158152  0.115828 0.0295011  0.426888 0.0198638
(1,2,(3,(4,(5,6)))); -4551.08  -1.27079 30.336 13.3927 28.4452 -4595.2  0.30912  0.30026 0.134675 0.255946  0.256228  0.162655  0.102585 0.0372445  0.426839 0.0144486
(1,2,(3,(4,(5,6)))); -4550.09  -1.27079 29.1896 13.4374 26.5934 -4591.17 0.320116 0.277173 0.139224 0.263487  0.251165  0.142715   0.13421 0.0256759  0.431329 0.0149047
(1,2,(3,(4,(5,6)))); -4553.46  -1.27079 30.8298 14.0454 26.4586 -4595.43 0.299955  0.28856 0.137766 0.273719  0.240767  0.145574  0.130385 0.0428464  0.422328 0.0180984
(1,2,(3,((4,6),5))); -4547.1  -1.72319 30.6369 13.755 26.5065 -4588.77 0.307564 0.273509 0.137872 0.281055  0.242562  0.147894  0.133898 0.0269435  0.428703 0.0200004
(1,2,(3,((4,6),5))); -4549.11  -1.72319 29.8531 13.3849 26.7689 -4590.62 0.308737 0.276122 0.128489 0.286652  0.246219  0.161754  0.105982 0.0444066  0.426233 0.0154047
(1,2,(3,(4,(5,6)))); -4556.1  -1.27079 30.2553 13.4055 27.8415 -4599.52 0.328403 0.291759 0.115201 0.264637  0.256742  0.160835  0.109656 0.0321418   0.42686 0.0137649
(1,2,(3,(4,(5,6)))); -4554.31  -1.27079 26.39 13.0096 28.083 -4594.5 0.302501 0.303706 0.143431 0.250362  0.263171  0.145633  0.109004 0.0322964  0.435187 0.0147091
(1,2,(3,((4,6),5))); -4552.79  -1.72319 29.105 13.4403 28.8888 -4595.62 0.302352 0.294964 0.126983   0.2757  0.255229  0.163489  0.118149 0.0297654  0.414515 0.0188529
(1,2,(3,(4,(5,6)))); -4550.44  -1.27079 30.0463 13.4133 26.3723 -4592.17 0.290945 0.301375 0.138836 0.268844  0.236923  0.172112  0.111639  0.039857  0.427184 0.0122851
(1,(2,3),((4,6),5)); -4563.63  -2.10754 27.2036 14.0673 25.1396 -4599.8 0.298861 0.300817 0.124298 0.276024  0.228704  0.180351  0.121348 0.0297532  0.427688 0.0121568
(1,2,(3,(4,(5,6)))); -4550.2  -1.27079 28.8881 13.5101 29.3066 -4593.61 0.314787 0.292857 0.123056 0.269299  0.242371  0.151327  0.108176 0.0326178  0.449763 0.0157445
(1,(2,3),((4,6),5)); -4555.38  -2.10754 28.6006 13.6632 28.7264 -4596.94 0.309709  0.28358 0.142413 0.264298  0.243655  0.162388  0.112288 0.0274524  0.433557 0.0206593
(1,2,(3,((4,6),5))); -4547.81  -1.72319 26.994 14.0048 22.4804 -4581.56 0.297357 0.279526 0.163683 0.259435   0.250218   0.165991   0.106749  0.0377454   0.430636 0.00866076
(1,(2,((4,6),5)),3); -4562.98  -2.49966 28.108 13.5821 26.7674 -4601.78 0.328206 0.275842 0.120395 0.275557   0.26738  0.164892  0.111365 0.0343923  0.406475 0.0154961
(1,(2,(4,(5,6))),3); -4548.56  -2.04726 31.1941 13.0385 21.4918 -4586.16 0.287168  0.29657 0.131611  0.28465  0.277575  0.126771  0.113342 0.0216505  0.446205 0.0144567
(1,2,(3,((4,6),5))); -4552.81  -1.72319 31.231 13.4017 24.392 -4593.31 0.295315 0.298069 0.144476  0.26214  0.222128  0.175985  0.122723 0.0322661  0.425207 0.0216915
(1,(2,3),((4,6),5)); -4557.77  -2.10754 29.4962 12.9499 25.3958 -4597.6 0.316979 0.293709 0.119608 0.269705  0.234834   0.16019  0.111018 0.0214044  0.453727 0.0188273
(1,2,(3,(4,(5,6)))); -4557.15  -1.27079 28.6607 13.3065 24.7249 -4595.96 0.293312 0.303796 0.133793 0.269099  0.241069  0.153959  0.110892 0.0342712  0.429672 0.0301369
(1,(2,(4,(5,6))),3); -4552.15  -2.04726 30.0977 13.5691 27.1445 -4593.77  0.30872 0.290838 0.137671 0.262771   0.246393   0.163667   0.119403  0.0328952   0.428883 0.00875937
(1,(2,3),(4,(5,6))); -4550.2  -1.65514 31.0301 13.6138 27.9315 -4593.9 0.301948 0.280997 0.133205 0.283851  0.250116  0.151766  0.127241  0.037391  0.420699 0.0127863
(1,2,(3,(4,(5,6)))); -4563.77  -1.27079 26.5061 13.807 27.7799 -4602.98 0.314784 0.310817 0.118452 0.255947  0.253569  0.158548  0.107432 0.0351613  0.430001 0.0152876
(1,2,(3,(4,(5,6)))); -4558.15  -1.27079 31.1093 13.5381 27.2248 -4601.68  0.30441 0.310429 0.138464 0.246696  0.239254  0.162855  0.117331 0.0330171  0.427494 0.0200482
(1,(2,((4,6),5)),3); -4553.69  -2.49966 29.0942 14.0546 29.214 -4595.45 0.312797 0.279575 0.136979 0.270649  0.252429  0.158828  0.112438 0.0362328  0.428215 0.0118564
(1,(2,((4,6),5)),3); -4560.72  -2.49966 25.7531 13.5371 24.9209 -4595.35 0.315152 0.265556 0.145017 0.274275  0.232101  0.166009  0.113061 0.0448364  0.425444 0.0185493
(1,2,(3,((4,6),5))); -4552.1  -1.72319 30.9326 13.6391 27.1907 -4594.86 0.296795  0.29199 0.121484 0.289731  0.246844   0.15938  0.121415 0.0385444  0.420419 0.0133977
(1,(2,3),(4,(5,6))); -4547.6  -1.65514 28.4881 13.0247 27.4951 -4588.9 0.312877 0.267009 0.127926 0.292187  0.248845  0.151439  0.109109 0.0354694  0.442444 0.0126933
(1,2,(3,(4,(5,6)))); -4546.81  -1.27079 28.841 13.1851 29.7059 -4590.9 0.306226 0.279648 0.135403 0.278723  0.254343  0.152886  0.120971 0.0329789  0.424133 0.0146881
(1,(2,3),((4,6),5)); -4553.84  -2.10754 29.763 13.0171 25.7034 -4594.18 0.285205 0.304053 0.130897 0.279845  0.244919  0.153158   0.12295 0.0287587  0.440848  0.009367
(1,(2,((4,6),5)),3); -4556.22  -2.49966 30.579 13.2497 27.4915 -4598.55 0.309921 0.281962 0.142463 0.265654  0.239039  0.145735  0.116918 0.0436294  0.438133 0.0165455
(1,2,(3,((4,6),5))); -4544.75  -1.72319 28.0499 13.8446 26.62 -4583.85 0.311039 0.261859 0.147482  0.27962  0.259459  0.151281  0.100879 0.0366848  0.436294 0.0154015
(1,(2,3),((4,6),5)); -4577.45  -2.10754 23.8967 12.7654 23.7328 -4610.2 0.325288 0.292645 0.128893 0.253174  0.261035  0.152739  0.116439 0.0467012  0.400724 0.0223611
(1,(2,3),(4,(5,6))); -4563.81  -1.65514 28.4385 13.3854 27.2856 -4604.49 0.304644 0.312219 0.128136    0.255  0.249849  0.167278  0.109009 0.0389695  0.419418 0.0154774
(1,2,(3,((4,6),5))); -4551.47  -1.72319 29.3114 13.0904 20.9275 -4586.9 0.309784 0.272483 0.115277 0.302456  0.224348  0.144479  0.113468 0.0287851  0.464601 0.0243193
(1,(2,3),(4,(5,6))); -4565.28  -1.65514 30.4871 13.0932 25.8242 -4606.84 0.312528 0.311473 0.133347 0.242652  0.264029  0.161532  0.119965 0.0299208  0.405293 0.0192606
(1,(2,3),(4,(5,6))); -4560.21  -1.65514 23.7664 12.8942 23.9118 -4593.34 0.308679 0.290555 0.115486  0.28528  0.265141  0.174505   0.10774 0.0264888  0.416039 0.0100859
(1,2,(3,((4,6),5))); -4546.88  -1.72319 29.4596 13.2044 29.5731 -4590.98 0.305533 0.283959  0.14285 0.267658  0.249484  0.146764  0.118084 0.0321001   0.43491 0.0186579
(1,2,(3,(4,(5,6)))); -4551.84  -1.27079 27.2242 13.6286 28.4905 -4592.65 0.306651 0.288519 0.136952 0.267878  0.259659  0.146059  0.127611 0.0267978  0.423614 0.0162605
(1,(2,3),((4,6),5)); -4560.07  -2.10754 29.0776 13.3401 26.5541 -4600.26 0.307064 0.279925 0.140723 0.272289  0.258503  0.160827  0.112047 0.0367368  0.406986 0.0248996
(1,2,(3,((4,6),5))); -4555.39  -1.72319 28.6621 13.3898 27.5267 -4596.46 0.329974 0.273508 0.127201 0.269317  0.262681  0.147717  0.117292 0.0346438  0.416752 0.0209135
(1,(2,3),(4,(5,6))); -4560.83  -1.65514 21.6843 13.1271 27.2886 -4595.02 0.327596 0.276024 0.144164 0.252216  0.243801  0.161788  0.123752 0.0271738  0.427953 0.0155325
(1,2,(3,(4,(5,6)))); -4547.87  -1.27079 28.0244 13.6514 26.2515 -4587.23 0.292542 0.287864 0.143125 0.276469  0.241443  0.144076  0.103587 0.0369263  0.451099 0.0228689
(1,(2,3),((4,6),5)); -4567.42  -2.10754 26.011 13.28 25.0024 -4603.05 0.307104 0.316121 0.129772 0.247003  0.242219  0.148324 0.0974183 0.0348164  0.462533 0.0146892
(1,2,(3,(4,(5,6)))); -4549.13  -1.27079 28.9779 13.7465 24.8224 -4587.92 0.280222 0.308681 0.134552 0.276545  0.260079  0.165501 0.0927488 0.0316954  0.435544 0.0144313
(1,2,(3,((4,6),5))); -4549.43  -1.72319 28.3867 13.5448 26.8572 -4589.4 0.301812   0.2799 0.129367  0.28892  0.248669  0.149911  0.103882 0.0377312  0.436439 0.0233682
(1,2,(3,((4,6),5))); -4548.86  -1.72319 32.5823 13.5298 25.0939 -4591.28 0.307563 0.284433  0.14448 0.263523   0.21808  0.157076  0.132754 0.0373929  0.438081 0.0166153
(1,2,(3,(4,(5,6)))); -4558.59  -1.27079 31.2485 13.6232 21.8244 -4596.77 0.323878 0.267524 0.122997 0.285601   0.26625  0.164451  0.110107 0.0474585  0.393462 0.0182719
(1,(2,3),(4,(5,6))); -4558.16  -1.65514 24.8825 12.6797 27.6281 -4596.34 0.298994 0.311113 0.130453 0.259441  0.243795  0.159005  0.109389 0.0325608   0.44422 0.0110298
(1,(2,3),(4,(5,6))); -4549.17  -1.65514 28.9743 13.646 26.4724 -4589.32 0.322925 0.266772 0.135295 0.275008  0.239696  0.151228   0.12581 0.0312756  0.441756 0.0102351
(1,(2,3),(4,(5,6))); -4542.85  -1.65514 30.2519 13.3475 26.6301 -4584.73 0.308323 0.265245 0.134427 0.292005  0.248949  0.167789  0.103739 0.0266332  0.436957  0.015934
(1,(2,3),((4,6),5)); -4566.23  -2.10754 29.4956 13.3237 23.1712 -4603.47 0.301313 0.303555 0.116058 0.279074  0.272399  0.132431  0.106626 0.0339374  0.429882 0.0247249
(1,(2,3),(4,(5,6))); -4550.69  -1.65514 28.6961 13.7618 28.4144 -4592.38  0.31142 0.272589 0.129249 0.286742  0.263324  0.156364  0.113983 0.0341029  0.418725 0.0135007
(1,2,(3,(4,(5,6)))); -4551.75  -1.27079 29.1804 13.2939 27.7593 -4594.13 0.315604 0.291169 0.125791 0.267435  0.236634  0.140037  0.115792 0.0381079  0.454223 0.0152061
(1,(2,((4,6),5)),3); -4559.25  -2.49966 24.6845 13.0876 26.7545 -4595.1 0.301029 0.295239 0.118829 0.284903  0.234746  0.154771  0.114302 0.0333278   0.45164 0.0112131
(1,(2,3),(4,(5,6))); -4552.29  -1.65514 27.7772 13.5282 26.9046 -4591.79 0.310914 0.276602 0.158734  0.25375  0.243871  0.162362  0.114539 0.0304006  0.431855 0.0169724
(1,(2,3),((4,6),5)); -4560.92  -2.10754 30.1409 13.5804 25.5857 -4600.96 0.320422 0.297235 0.128639 0.253705  0.219566  0.163721  0.106347 0.0323427  0.461297 0.0167269
(1,2,(3,(4,(5,6)))); -4550.04  -1.27079 27.9646 13.5034 28.1913 -4591.42 0.282445 0.300576 0.140223 0.276757   0.25091  0.147791  0.118282 0.0334068  0.434555 0.0150553
(1,(2,3),(4,(5,6))); -4556.94  -1.65514 28.0972 13.7437 24.0364 -4593.68 0.309921 0.303234 0.137121 0.249724  0.234089  0.147014 0.0943226 0.0377157  0.470946 0.0159133
(1,(2,3),((4,6),5)); -4554.46  -2.10754 31.6603 13.5059 26.0569 -4596.56 0.309486 0.271445 0.154771 0.264298  0.242108  0.147628  0.111464  0.039337  0.437966 0.0214973
(1,2,(3,((4,6),5))); -4548.81  -1.72319 28.665 13.5152 26.7453 -4588.99 0.292954 0.302204 0.142433 0.262409  0.262457  0.145957  0.105084 0.0378622  0.437449 0.0111915
(1,2,(3,(4,(5,6)))); -4545.54  -1.27079 28.3297 13.4649 29.3831 -4588.51 0.312653 0.277204 0.141599 0.268543  0.245261   0.15016  0.118512 0.0282856  0.441701 0.0160797
(1,(2,(4,(5,6))),3); -4559.94  -2.04726 29.4793 13.6255 28.4596 -4602.2  0.32343 0.288758 0.138524 0.249287  0.253074  0.145438  0.117881 0.0312591  0.432758 0.0195895
(1,(2,3),(4,(5,6))); -4547.73  -1.65514 30.7137 13.318 26.6076 -4590.08 0.323522 0.274189 0.146984 0.255305  0.253671  0.158804  0.112617 0.0226736  0.436537  0.015697
(1,2,(3,(4,(5,6)))); -4557.4  -1.27079 30.2659 13.8019 27.9712 -4600.56 0.315441 0.303614 0.124657 0.256289  0.267042   0.16068  0.110946 0.0294652  0.414027 0.0178401
(1,(2,((4,6),5)),3); -4550.98  -2.49966 28.2968 13.7025 29.6092 -4592.68 0.299607 0.282212 0.143281   0.2749  0.250713  0.157768  0.111855 0.0309131  0.434668  0.014083
(1,(2,((4,6),5)),3); -4556.86  -2.49966 31.0249 13.4019 28.6852 -4600.67 0.332677 0.275024 0.128699 0.263601  0.249418  0.153477  0.110923 0.0314549  0.435144 0.0195835
(1,(2,(4,(5,6))),3); -4556.7  -2.04726 26.5004 13.3579 27.937 -4595.73 0.311731 0.282444  0.12621 0.279615   0.27314  0.156598  0.110096 0.0331699  0.414515 0.0124806
(1,2,(3,((4,6),5))); -4544.4  -1.72319 28.2039 12.8229 24.8037 -4582.86 0.296618 0.297532 0.126932 0.278917  0.228921  0.151538  0.104158 0.0247206  0.474332 0.0163301
(1,2,(3,(4,(5,6)))); -4547.46  -1.27079 26.2221 13.6164 27.9396 -4586.74 0.315084 0.278854 0.125325 0.280737  0.262983  0.143812  0.103946 0.0275834  0.445727 0.0159482
(1,(2,(4,(5,6))),3); -4550.62  -2.04726 31.6411 13.6197 27.1019 -4593.69 0.314567 0.287127 0.148222 0.250083  0.257047  0.143887  0.102679 0.0320413  0.450744 0.0136022
(1,2,(3,(4,(5,6)))); -4566.34  -1.27079 30.1328 13.2948 26.2143 -4608.13 0.319154 0.315615 0.121139 0.244092 0.242013 0.149821 0.123297 0.033296 0.434322 0.017251
(1,2,(3,((4,6),5))); -4556.26  -1.72319 26.2369 13.2024 29.1429 -4596.71 0.310773 0.300392 0.133852 0.254983   0.24575  0.161233  0.116384 0.0361958  0.426382 0.0140548
(1,2,(3,(4,(5,6)))); -4550.98  -1.27079 29.9509 13.3821 26.6163 -4592.9 0.323122 0.275588 0.119699 0.281591  0.251956  0.173856    0.1065 0.0286391  0.420727 0.0183214
(1,(2,(4,(5,6))),3); -4562.17  -2.04726 28.4646 13.0532 27.2936 -4602.83 0.316439 0.301655 0.128281 0.253625  0.238538  0.150395  0.131763 0.0293561  0.436097 0.0138504
(1,(2,((4,6),5)),3); -4556.22  -2.49966 28.1575 13.6498 27.3956 -4595.62 0.321283 0.279706  0.11748  0.28153   0.25308   0.15472  0.114241 0.0249016  0.439182  0.013876
(1,2,(3,((4,6),5))); -4547.62  -1.72319 29.6947 13.824 25.799 -4587.57 0.310492 0.281963 0.141012 0.266533  0.242324  0.169294  0.109654 0.0230209  0.431942 0.0237659
(1,(2,3),((4,6),5)); -4562.99  -2.10754 28.242 13.3335 25.6161 -4601.41 0.319456 0.286452 0.136937 0.257156  0.274809  0.140833  0.101177 0.0422001  0.423524 0.0174571
(1,2,(3,(4,(5,6)))); -4555.47  -1.27079 29.8794 13.7082 26.5501 -4596.92  0.30818 0.289896 0.116003 0.285921  0.252712   0.15796  0.102378 0.0376719  0.428029 0.0212489
(1,(2,(4,(5,6))),3); -4557.8  -2.04726 31.0162 13.7617 26.6263 -4599.63 0.336888 0.283574 0.128143 0.251395  0.264385  0.148767   0.10321 0.0359802  0.435155 0.0125032
(1,2,(3,((4,6),5))); -4548.76  -1.72319 30.8621 13.7625 21.4849 -4585.63 0.307288  0.25248 0.161254 0.278978  0.272528  0.133891  0.111421 0.0364453  0.427988 0.0177267
(1,(2,3),(4,(5,6))); -4548.08  -1.65514 26.9573 12.7923 28.0387 -4588.63 0.289539 0.282804 0.147557 0.280101  0.244408  0.159874  0.107359  0.034386  0.436019 0.0179539
(1,(2,((4,6),5)),3); -4550.68  -2.49966 31.7314 13.4616 26.0349 -4592.48 0.322859 0.257873 0.137275 0.281993  0.269089  0.145789  0.116284 0.0303364  0.426534 0.0119672
(1,2,(3,((4,6),5))); -4544.5  -1.72319 27.2741 13.4303 24.491 -4581.11 0.277875 0.285537 0.154973 0.281615  0.249837  0.148185  0.116243 0.0237335  0.446633  0.015369
(1,2,(3,(4,(5,6)))); -4545.11  -1.27079 32.1261 13.4047 25.7261 -4588.28 0.328596 0.274665 0.137814 0.258926  0.258651   0.17379  0.109899 0.0230925  0.420098 0.0144694
(1,(2,((4,6),5)),3); -4561.04  -2.49966 29.6155 13.4946 26.246 -4600.9 0.317198 0.289058  0.12965 0.264094  0.251536  0.173714   0.12734 0.0263317  0.403222 0.0178556
(1,(2,(4,(5,6))),3); -4549.74  -2.04726 29.4443 13.0503 27.0957 -4591.18 0.307596 0.286031 0.132062 0.274312  0.278434  0.145262 0.0987072 0.0282944  0.432456 0.0168468
(1,(2,((4,6),5)),3); -4564.92  -2.49966 25.6806 13.4732 27.1556 -4601.78 0.297217 0.300519 0.136692 0.265571  0.268413  0.149463  0.110108  0.042131  0.413645 0.0162401
(1,(2,3),((4,6),5)); -4551.88  -2.10754 27.9667 13.7747 26.2309 -4590.19  0.30558 0.277526 0.128087 0.288807  0.263299  0.160571 0.0991684  0.023598  0.437262 0.0161014
(1,2,(3,(4,(5,6)))); -4549.35  -1.27079 31.5244 13.5953 28.3803 -4594.39 0.324795 0.291074 0.133547 0.250584  0.257978  0.157148  0.104804  0.027103  0.437197 0.0157703
(1,(2,3),(4,(5,6))); -4564.08  -1.65514 30.1289 13.5801 25.8495 -4604.82 0.304137 0.310843  0.12061  0.26441  0.273337  0.141949  0.116977 0.0385415  0.412314  0.016882
(1,2,(3,(4,(5,6)))); -4554.92  -1.27079 27.6622 13.455 27.1752 -4595.03 0.325021 0.278599 0.146413 0.249967  0.245913  0.166671  0.111547 0.0339402  0.421931 0.0199976
(1,2,(3,(4,(5,6)))); -4550.87  -1.27079 29.2989 13.5524 26.5104 -4591.86 0.301194 0.303818 0.126078 0.268909  0.267526  0.165996  0.106187  0.029303  0.420795 0.0101926
(1,2,(3,((4,6),5))); -4548.42  -1.72319 32.5142 13.6456 24.4841 -4590.05 0.286408 0.309732 0.132494 0.271366   0.255569    0.16406   0.114891  0.0341982   0.423385 0.00789677
(1,(2,3),((4,6),5)); -4564.49  -2.10754 30.4783 13.5393 24.2068 -4603.53 0.320113 0.274111 0.107711 0.298065  0.238595  0.160588  0.113477 0.0365103  0.436033 0.0147975
(1,2,(3,((4,6),5))); -4554.61  -1.72319 31.1853 13.3921 23.4175 -4594.1  0.27363 0.320889 0.125949 0.279531  0.263805  0.157586 0.0970537 0.0359013  0.430914   0.01474
(1,(2,((4,6),5)),3); -4564.16  -2.49966 27.0043 13.9755 23.1685 -4597.86  0.31623 0.266058 0.111408 0.306305  0.258315  0.142559  0.114066 0.0306925  0.433936 0.0204307
(1,2,(3,(4,(5,6)))); -4551.09  -1.27079 29.8088 13.9741 25.5775 -4591.23 0.335464 0.261626 0.146233 0.256678  0.250556  0.160121  0.114586 0.0373745  0.425381 0.0119812
(1,(2,3),(4,(5,6))); -4553.39  -1.65514 30.5416 13.4142 28.992 -4597.86 0.298048 0.295832 0.137334 0.268786  0.258081   0.15536  0.121328 0.0359065  0.413243 0.0160825
(1,2,(3,(4,(5,6)))); -4548.7  -1.27079 29.6631 13.6151 29.6883 -4593.16 0.312472 0.290865 0.140447 0.256216  0.251861  0.154739  0.106856 0.0318453  0.437478 0.0172209
(1,2,(3,((4,6),5))); -4547.77  -1.72319 27.5739 12.9812 27.4479 -4588.09 0.303851 0.279727 0.137666 0.278756  0.243499  0.162591   0.10493 0.0432146    0.4313 0.0144659
(1,2,(3,((4,6),5))); -4546.3  -1.72319 29.0127 13.1991 27.4234 -4587.81 0.324227 0.269317 0.136551 0.269904  0.238702  0.166494  0.105531 0.0370783  0.439055 0.0131396
(1,2,(3,(4,(5,6)))); -4547.5  -1.27079 29.021 13.3324 25.8765 -4587.79 0.278008 0.306605 0.138245 0.277142  0.235559  0.159052  0.115842  0.027581  0.449328 0.0126379
(1,(2,((4,6),5)),3); -4556.89  -2.49966 27.633 13.1939 26.4737 -4595.3  0.32105 0.263222 0.126572 0.289156  0.263869  0.138472  0.118107 0.0326187  0.431998 0.0149358
(1,2,(3,(4,(5,6)))); -4553.47  -1.27079 31.5288 13.8557 24.245 -4594.12 0.313444 0.297727 0.121443 0.267387   0.254816   0.171095  0.0990789  0.0418881   0.423309 0.00981361
(1,2,(3,(4,(5,6)))); -4548.49  -1.27079 29.9448 13.5946 29.6876 -4593.26 0.308207 0.286919 0.128679 0.276195  0.259721  0.158541  0.114446 0.0336118  0.419876 0.0138039
(1,(2,3),(4,(5,6))); -4551.36  -1.65514 30.1567 13.484 25.6676 -4592.04 0.316116 0.285018 0.134674 0.264191  0.279768  0.166661 0.0961533 0.0323619  0.411305 0.0137517
(1,2,(3,((4,6),5))); -4555.05  -1.72319 24.1844 13.3956 28.4477 -4592.56 0.313517 0.294246 0.128804 0.263434    0.2477  0.145153  0.102087 0.0336564  0.452168 0.0192355
(1,2,(3,(4,(5,6)))); -4548.24  -1.27079 31.084 13.3254 28.3978 -4593.13 0.312796 0.288583 0.143072 0.255549  0.238307  0.169915  0.116676  0.029511  0.429518 0.0160723
(1,(2,3),(4,(5,6))); -4555.65  -1.65514 28.8838 13.3691 25.1051 -4594.61 0.313807 0.284439 0.141862 0.259892  0.243983  0.147008 0.0995327 0.0451906  0.442267 0.0220187
(1,(2,3),((4,6),5)); -4563.14  -2.10754 25.5584 12.8688 28.6728 -4602.4 0.314475 0.293417 0.120324 0.271784  0.234844  0.152164  0.115174 0.0350124   0.44582 0.0169857
(1,2,(3,(4,(5,6)))); -4552.18  -1.27079 27.1615 13.9228 27.9384 -4592.09 0.301889 0.290741 0.147041 0.260329  0.269656  0.153008  0.106167 0.0364385    0.4188 0.0159304
(1,(2,3),(4,(5,6))); -4553.61  -1.65514 26.2352 13.9007 27.1049 -4591.4  0.31164 0.274709 0.141035 0.272617  0.261438  0.166093  0.115033 0.0368806  0.409189 0.0113668
(1,2,(3,((4,6),5))); -4558.2  -1.72319 26.3142 13.6044 26.0482 -4595.24 0.302217  0.30204 0.145477 0.250266   0.24155  0.157718   0.12578 0.0247272   0.42965 0.0205743
(1,2,(3,(4,(5,6)))); -4558.13  -1.27079 28.7485 13.9442 26.0658 -4597.73 0.334108 0.286476  0.13371 0.245706  0.245948  0.140831  0.125313 0.0309949  0.444777 0.0121351
(1,(2,3),(4,(5,6))); -4546.09  -1.65514 31.3816 13.3192 29.0633 -4591.56 0.295495 0.293632 0.138547 0.272325  0.250274  0.142657  0.110067 0.0318602   0.44768 0.0174613
(1,(2,3),(4,(5,6))); -4552.48  -1.65514 30.3748 13.4399 29.8805 -4597.64  0.31435 0.295939 0.131057 0.258653  0.257897  0.154006  0.112686 0.0308885  0.430629 0.0138927
(1,2,(3,(4,(5,6)))); -4555.55  -1.27079 28.7229 13.0331 24.9103 -4594.88  0.29069 0.303414 0.127555 0.278341  0.219804  0.152287  0.126085 0.0373073  0.444624  0.019893
(1,2,(3,((4,6),5))); -4546.47  -1.72319 29.7932 13.9173 28.1966 -4588.82 0.304417 0.289986 0.143281 0.262317  0.249715   0.16763 0.0990783 0.0317774  0.434224 0.0175744
(1,(2,(4,(5,6))),3); -4558.79  -2.04726 32.6855 13.4021 27.7051 -4603.73 0.307529 0.303086 0.127891 0.261494  0.263484  0.149212  0.107028 0.0396046  0.420634 0.0200373
(1,(2,3),((4,6),5)); -4566.4  -2.10754 30.1407 13.3879 22.7883 -4603.84 0.320378 0.277847 0.115995  0.28578  0.235323  0.180758  0.116217 0.0426032  0.411648 0.0134508
(1,(2,3),(4,(5,6))); -4554.82  -1.65514 28.1449 13.6747 27.925 -4595.56 0.311946 0.278739 0.133684 0.275631  0.239433  0.153774  0.124046 0.0338888  0.425729 0.0231293
(1,(2,3),(4,(5,6))); -4550.98  -1.65514 28.5201 13.6944 29.1345 -4593.28 0.293254 0.290378 0.135984 0.280384  0.260597  0.151337  0.115929 0.0337137   0.42485  0.013574
(1,(2,3),(4,(5,6))); -4556.98  -1.65514 27.6837 13.543 25.583 -4595.05 0.326295 0.286504 0.128916 0.258285  0.252558  0.157625 0.0917522 0.0326324  0.442618 0.0228143
(1,2,(3,(4,(5,6)))); -4547.15  -1.27079 27.6538 13.7635 26.6712 -4586.44 0.288286 0.286622 0.136765 0.288327  0.262404  0.154457  0.109228 0.0239106  0.430394 0.0196066
(1,(2,3),(4,(5,6))); -4557.32  -1.65514 25.6138 13.6849 26.2637 -4593.86 0.310328 0.289206 0.116533 0.283933  0.235357  0.166135  0.121218 0.0247467  0.437795  0.014747
(1,2,(3,(4,(5,6)))); -4547.49  -1.27079 28.1612 13.4342 29.4193 -4590.36 0.317816 0.280025  0.13452 0.267639  0.240195  0.156553  0.109032 0.0353786  0.444736  0.014106
(1,(2,((4,6),5)),3); -4559.38  -2.49966 29.804 13.212 28.3871 -4601.86 0.303818 0.310858 0.127936 0.257388  0.247651  0.163887   0.11229 0.0274225  0.433462 0.0152877
(1,(2,3),(4,(5,6))); -4550.54  -1.65514 27.1971 12.9836 29.6226 -4592.73 0.309955 0.288247 0.131544 0.270254  0.242409  0.159729  0.104593 0.0322188  0.445999  0.015051
(1,(2,(4,(5,6))),3); -4550.49  -2.04726 30.2319 13.5464 28.4887 -4593.61 0.318889 0.277454 0.138113 0.265544  0.270169  0.147446   0.10316 0.0329452  0.430923 0.0153564
(1,2,(3,((4,6),5))); -4549.93  -1.72319 30.822 13.5071 26.0577 -4591.58 0.337276 0.273854 0.132669   0.2562  0.241178  0.144478  0.109808 0.0262153  0.461089 0.0172303
(1,2,(3,(4,(5,6)))); -4550.77  -1.27079 26.9469 13.4298 25.7991 -4588.82 0.314331 0.283816 0.128603 0.273251  0.259244  0.166492 0.0891719 0.0372041  0.431094 0.0167941
(1,(2,(4,(5,6))),3); -4556.96  -2.04726 29.9627 13.3725 28.6034 -4600.11 0.307381 0.305789 0.131057 0.255773  0.247011  0.148983  0.120726 0.0307342  0.440071 0.0124759
(1,2,(3,((4,6),5))); -4550.39  -1.72319 27.0547 13.1779 27.7333 -4590.27 0.305794  0.29034 0.151291 0.252576  0.242983  0.160432  0.110734 0.0280255  0.438842 0.0189839
(1,2,(3,(4,(5,6)))); -4553  -1.27079 29.0602 13.4098 24.5394 -4591.92 0.270665 0.300328  0.13103 0.297977  0.257515  0.152723  0.114298 0.0293976  0.425133 0.0209332
(1,2,(3,(4,(5,6)))); -4551.94  -1.27079 31.4507 13.5982 28.6757 -4597.19 0.302714 0.306179 0.127993 0.263114  0.239024  0.152187  0.116503 0.0300602  0.442409 0.0198171
(1,(2,3),((4,6),5)); -4566.77  -2.10754 26.6317 13.7561 26.2612 -4603.8 0.307271 0.310029 0.112812 0.269888  0.251178  0.147498  0.117346 0.0299675  0.442748 0.0112627
(1,2,(3,((4,6),5))); -4551.29  -1.72319 31.4573 13.6255 27.3894 -4594.79 0.309951 0.286118 0.137686 0.266245  0.260071  0.153294  0.111157 0.0354777  0.414693 0.0253074
(1,2,(3,((4,6),5))); -4555.13  -1.72319 24.9854 13.3825 27.2612 -4592.27 0.297818 0.292589 0.134699 0.274895  0.255532  0.176702  0.116581 0.0317375  0.403473 0.0159737
(1,2,(3,((4,6),5))); -4550.68  -1.72319 28.9452 13.885 23.9419 -4587.96 0.302419 0.306176 0.130537 0.260868   0.249756   0.166257   0.103544  0.0358046   0.437444 0.00719479
(1,(2,(4,(5,6))),3); -4575.33  -2.04726 29.5125 13.6242 22.877 -4612.05  0.28643 0.332767 0.131054 0.249748  0.250504  0.162334  0.122678  0.029491  0.412914 0.0220797
(1,(2,((4,6),5)),3); -4551.9  -2.49966 29.0183 13.7291 28.7362 -4593.42 0.303471 0.284275 0.143327 0.268927  0.245946   0.14735  0.106459 0.0374888  0.448045  0.014711
(1,(2,3),((4,6),5)); -4549.98  -2.10754 31.0167 13.4507 29.2443 -4594.69 0.296855 0.286835 0.143545 0.272765  0.252845  0.156315  0.117808 0.0282266  0.430874  0.013931
(1,2,(3,((4,6),5))); -4558.11  -1.72319 25.847 13.6655 27.5735 -4596.14 0.335508 0.276392 0.131706 0.256394  0.256371   0.15751  0.114718 0.0281052  0.422609 0.0206867
(1,(2,3),(4,(5,6))); -4559.05  -1.65514 28.833 13.8949 24.7831 -4597.11 0.311544 0.286171 0.147496 0.254789  0.229221  0.148614  0.116329 0.0410637  0.440147 0.0246257
(1,(2,3),(4,(5,6))); -4549.75  -1.65514 31.4212 13.5271 26.1163 -4592.11  0.32936 0.276597 0.130877 0.263165  0.260878  0.155588  0.117579 0.0206321   0.42875 0.0165732
(1,2,(3,((4,6),5))); -4543.38  -1.72319 30.3588 13.5233 26.8478 -4585.34 0.300175 0.288246 0.154362 0.257217  0.248829  0.156331  0.107463 0.0314791  0.444941 0.0109568
(1,(2,(4,(5,6))),3); -4553.07  -2.04726 26.6682 13.4071 28.5405 -4592.83 0.310822 0.291661 0.140334 0.257183  0.259993  0.156022  0.106103 0.0270077  0.438351 0.0125228
(1,(2,3),(4,(5,6))); -4572.07  -1.65514 26.1735 13.4386 21.9387 -4605.09 0.294877  0.31036 0.114669 0.280095  0.244205  0.156913  0.142151 0.0373376  0.406609 0.0127847
(1,(2,3),(4,(5,6))); -4552.55  -1.65514 30.7399 13.1717 24.9131 -4593.37 0.322623 0.273521 0.119681 0.284174  0.238002  0.171374  0.104687 0.0405326   0.43351  0.011894
(1,2,(3,(4,(5,6)))); -4548.93  -1.27079 32.0381 13.7181 27.6251 -4593.61 0.315686 0.273273 0.142383 0.268658  0.244101  0.157467  0.123555 0.0405897  0.417228 0.0170589
(1,(2,(4,(5,6))),3); -4558.9  -2.04726 29.5143 13.8073 26.6517 -4599.21 0.295315 0.310704  0.12988 0.264101  0.225299  0.166846  0.111029 0.0315991  0.447943 0.0172836
(1,(2,3),(4,(5,6))); -4557.43  -1.65514 32.6526 13.4962 27.9077 -4602.84  0.30923 0.300033 0.121951 0.268785  0.258391   0.15811  0.125084  0.035246   0.40869 0.0144797
(1,2,(3,(4,(5,6)))); -4552.28  -1.27079 27.1022 13.6876 27.798 -4592.23 0.299835 0.286482 0.141567 0.272116  0.253458  0.161013  0.117973 0.0307529  0.413431 0.0233719
(1,(2,(4,(5,6))),3); -4550.69  -2.04726 29.3344 13.9132 28.7473 -4592.81 0.295932 0.288633 0.140011 0.275424   0.24641  0.166734  0.106973 0.0359175  0.429955 0.0140111
(1,(2,((4,6),5)),3); -4552.29  -2.49966 27.813 13.2012 28.721 -4593.13 0.312372 0.285894 0.134065 0.267669  0.239617  0.165501  0.104431 0.0275408  0.447135 0.0157744
(1,(2,3),(4,(5,6))); -4557.57  -1.65514 28.6084 13.7019 26.0829 -4596.91 0.320274 0.276214 0.128986 0.274525  0.252019  0.136552  0.114442 0.0416439  0.432765 0.0225776
(1,(2,3),((4,6),5)); -4570.42  -2.10754 24.7434 12.6595 24.9699 -4605.37 0.297149 0.304136   0.1138 0.284915  0.250188  0.151467  0.128118 0.0266289  0.422407 0.0211905
(1,(2,((4,6),5)),3); -4559.63  -2.49966 27.6551 13.464 27.07 -4598.39 0.309134 0.303359 0.118039 0.269467  0.257391  0.153894  0.101558 0.0255227  0.443563 0.0180707
(1,(2,3),(4,(5,6))); -4556.59  -1.65514 29.617 13.7275 26.3895 -4597.21 0.326967 0.275066 0.140451 0.257516  0.251048  0.174518  0.114065 0.0373604  0.406215 0.0167937
(1,(2,(4,(5,6))),3); -4550.49  -2.04726 29.8303 13.4868 27.5439 -4592.33 0.324695 0.273029 0.128439 0.273838  0.260945  0.152141  0.119982 0.0264463  0.429026 0.0114596
(1,2,(3,((4,6),5))); -4550.3  -1.72319 24.6658 13.7376 27.2402 -4586.74 0.324443 0.275242 0.132389 0.267926  0.243923  0.171229  0.100086 0.0296732  0.441913 0.0131757
(1,2,(3,(4,(5,6)))); -4546.59  -1.27079 31.9692 13.564 28.4054 -4592.13  0.29567 0.300504 0.144297 0.259529  0.260939  0.159699  0.104907 0.0331565  0.426759 0.0145392
(1,(2,3),((4,6),5)); -4561.66  -2.10754 28.6672 13.3218 28.3967 -4603.29 0.317508 0.297319 0.119202 0.265971  0.240476  0.153565  0.120049 0.0297565  0.442926 0.0132267
(1,2,(3,(4,(5,6)))); -4542.17  -1.27079 31.376 13.6271 25.0321 -4583.68 0.283095 0.279572 0.159875 0.277458    0.2485  0.155238  0.120404  0.026437  0.436163 0.0132568
(1,(2,((4,6),5)),3); -4563.37  -2.49966 23.1378 13.8013 27.9151 -4598.12 0.305345 0.295017 0.124017 0.275621  0.256984  0.152727  0.107711 0.0266271  0.433345 0.0226064
(1,(2,(4,(5,6))),3); -4559.73  -2.04726 28.8809 13.5182 27.5859 -4600.63  0.33802 0.276881 0.138534 0.246565  0.251111  0.151712   0.11465 0.0304396  0.435396 0.0166918
(1,2,(3,((4,6),5))); -4554.82  -1.72319 29.6395 14.0627 24.5281 -4593.2 0.287726 0.299775 0.123428 0.289071   0.23105  0.140962  0.126325 0.0402587  0.444931 0.0164737
(1,(2,3),(4,(5,6))); -4555.7  -1.65514 30.7541 13.569 28.0557 -4599.29 0.315325 0.299157  0.11809 0.267428  0.255197   0.16211  0.104746 0.0278364  0.431715 0.0183961
(1,(2,(4,(5,6))),3); -4560.24  -2.04726 28.8009 13.3051 28.5465 -4602.23 0.307168 0.298127 0.136173 0.258533  0.243037  0.159988  0.126471 0.0299224  0.421563  0.019018
(1,(2,(4,(5,6))),3); -4548.19  -2.04726 30.3884 13.4692 27.6509 -4590.71 0.302633 0.288173 0.134019 0.275175   0.25616  0.162967  0.093278 0.0343345  0.437466 0.0157945
(1,(2,(4,(5,6))),3); -4557.34  -2.04726 32.1741 13.3922 24.6888 -4598.76  0.31368 0.285219 0.121836 0.279264  0.229238  0.158609  0.109836 0.0346096   0.43942 0.0282872
(1,2,(3,(4,(5,6)))); -4547.52  -1.27079 28.9802 13.3538 24.6138 -4586.49 0.287709 0.289059 0.156488 0.266744  0.227492  0.155757  0.109886 0.0314291  0.453477 0.0219601
(1,2,(3,((4,6),5))); -4549.03  -1.72319 27.5043 13.4324 28.4722 -4589.85 0.310841 0.282078 0.143209 0.263872   0.26105  0.150671  0.118722 0.0345173  0.423688 0.0113514
(1,(2,3),(4,(5,6))); -4556.98  -1.65514 26.6152 13.0436 27.905 -4596.81 0.315293 0.281796 0.130423 0.272488  0.272952  0.159042  0.107331 0.0356026  0.407478 0.0175942
(1,2,(3,((4,6),5))); -4556.37  -1.72319 28.3094 13.2684 28.5174 -4598.21 0.315447 0.305373 0.126381 0.252799  0.255243  0.144247  0.116913 0.0300648  0.438966  0.014567
(1,2,(3,((4,6),5))); -4553.9  -1.72319 26.1639 13.6368 27.2583 -4591.96 0.329675 0.269538 0.124979 0.275808  0.259804  0.168033  0.113258 0.0287769  0.414932  0.015196
(1,2,(3,((4,6),5))); -4544.86  -1.72319 30.5904 13.364 27.9062 -4588.27 0.305455 0.285775 0.121784 0.286987  0.259799  0.143067  0.113173 0.0269948  0.442395  0.014571
(1,2,(3,(4,(5,6)))); -4548.46  -1.27079 30.5836 14.0313 27.7081 -4591.45 0.292616 0.293114  0.13813 0.276139   0.23947  0.141722  0.126965 0.0313997  0.442094 0.0183498
(1,2,(3,(4,(5,6)))); -4546.59  -1.27079 29.568 13.7049 28.3328 -4589.51 0.293738 0.293571 0.146635 0.266056  0.258392  0.153953  0.103391 0.0313609  0.433736 0.0191666
(1,(2,((4,6),5)),3); -4561.47  -2.49966 27.7376 13.1621 25.1579 -4598.7 0.306736 0.294626 0.134416 0.264221  0.225639   0.17612  0.113552 0.0428744  0.429062 0.0127519
(1,2,(3,(4,(5,6)))); -4542.29  -1.27079 29.5174 13.3797 24.3839 -4581.54 0.295442  0.27959 0.135368   0.2896  0.236817  0.168778 0.0929789 0.0295914  0.451174 0.0206606
(1,2,(3,(4,(5,6)))); -4546.35  -1.27079 26.2384 13.8581 28.9381 -4586.4 0.299394 0.287029 0.130175 0.283402  0.250599  0.161382  0.106027 0.0291985  0.439515 0.0132777
(1,2,(3,(4,(5,6)))); -4553.78  -1.27079 27.9645 13.1618 28.8287 -4596.14 0.315878 0.299967 0.130299 0.253856  0.249324  0.159002  0.104973 0.0355084  0.437541 0.0136524
(1,2,(3,(4,(5,6)))); -4548.98  -1.27079 28.8095 13.1702 27.959 -4591.31  0.30637 0.296805 0.133647 0.263178  0.270648  0.141197   0.11541 0.0257726  0.432328 0.0146442
(1,2,(3,((4,6),5))); -4542.73  -1.72319 31.1587 13.4632 26.5449 -4585.25 0.288009  0.29012 0.127581  0.29429     0.243  0.166767  0.108281 0.0271294   0.44159  0.013232
(1,(2,3),(4,(5,6))); -4548.61  -1.65514 32.569 13.2763 25.8614 -4592.11 0.300939 0.285211 0.147499 0.266352  0.240461  0.157004  0.122895 0.0431887  0.425562 0.0108888
(1,(2,3),(4,(5,6))); -4551.8  -1.65514 29.3576 13.8765 25.174 -4590.8 0.305029 0.275061 0.139309   0.2806  0.242477  0.132943  0.114791 0.0405211  0.446734 0.0225344
(1,(2,3),((4,6),5)); -4569.2  -2.10754 30.9194 13.019 24.2048 -4609.2 0.325851 0.304185 0.117597 0.252367  0.276308  0.141175  0.101905 0.0365554  0.423899 0.0201576
(1,(2,(4,(5,6))),3); -4560.17  -2.04726 27.7561 13.8772 24.5368 -4596.54 0.284271 0.308775 0.139959 0.266994  0.249527  0.135426  0.110067 0.0315874  0.448667 0.0247257
(1,2,(3,((4,6),5))); -4555.34  -1.72319 26.8045 13.0733 24.7962 -4592.15 0.301687 0.296121 0.124333 0.277858  0.289476     0.149  0.102991 0.0361961  0.408798 0.0135394
(1,(2,3),(4,(5,6))); -4554.95  -1.65514 28.568 13.1047 25.5657 -4594.32 0.286706 0.302725 0.132194 0.278375   0.26926  0.141536   0.12765 0.0267318  0.422014 0.0128084
(1,(2,(4,(5,6))),3); -4568.91  -2.04726 28.2 13.7558 26.7145 -4608.02 0.318676 0.301178 0.124079 0.256067  0.266274  0.153164  0.114201 0.0408336  0.407459 0.0180674
(1,(2,3),(4,(5,6))); -4552.22  -1.65514 28.7286 12.8874 27.1244 -4593.53 0.281369 0.301031 0.144264 0.273336  0.263823   0.15751   0.11152 0.0334826  0.420904 0.0127603
(1,2,(3,(4,(5,6)))); -4553.95  -1.27079 32.103 13.4703 23.2172 -4594.52 0.309105 0.294536 0.119151 0.277208  0.223329  0.158882  0.143568 0.0287494  0.431927 0.0135439
(1,(2,3),(4,(5,6))); -4551.26  -1.65514 29.845 13.991 27.7876 -4593.25 0.296382 0.283421 0.150238  0.26996   0.24951  0.145141  0.127328 0.0314316  0.429549 0.0170414
(1,2,(3,((4,6),5))); -4544.64  -1.72319 27.5101 13.3974 28.8667 -4585.9 0.312078 0.275852 0.138174 0.273896  0.254064    0.1593  0.103213 0.0323088  0.438635 0.0124783
(1,(2,((4,6),5)),3); -4569.86  -2.49966 27.9926 13.7785 26.6941 -4608.27 0.296356 0.318768  0.12628 0.258596  0.248242  0.162842  0.110503  0.039201  0.421094 0.0181181
(1,(2,((4,6),5)),3); -4558.92  -2.49966 30.0568 13.3814 28.756 -4601.85  0.31123 0.296836 0.121892 0.270042  0.243589  0.168451  0.113116 0.0342505  0.426656  0.013938
(1,(2,3),((4,6),5)); -4561.54  -2.10754 29.2137 13.788 27.5889 -4602.45 0.294872   0.2917 0.131665 0.281762   0.25406  0.150198  0.126807 0.0392427  0.413461  0.016232
(1,2,(3,(4,(5,6)))); -4545.33  -1.27079 30.981 13.6963 28.3898 -4589.73 0.317621 0.285952 0.134933 0.261494  0.250842  0.167819  0.109942 0.0266524  0.432702 0.0120435
(1,2,(3,((4,6),5))); -4547  -1.72319 30.4276 13.2051 27.004 -4589.5 0.314182 0.274578 0.135592 0.275648  0.255368  0.129964  0.118339 0.0359845  0.443955 0.0163888
(1,2,(3,(4,(5,6)))); -4560.56  -1.27079 30.5755 13.9369 25.3495 -4601.28 0.296195  0.31732 0.138415  0.24807  0.233584   0.16998   0.12238 0.0347319  0.425419 0.0139055
(1,(2,(4,(5,6))),3); -4558.83  -2.04726 26.7723 13.8243 25.2785 -4595.01 0.320292 0.256809 0.135803 0.287097  0.246866  0.146697  0.117926 0.0417226  0.426824 0.0199643
(1,2,(3,(4,(5,6)))); -4555.9  -1.27079 26.3216 12.7752 24.5087 -4592.68 0.300001 0.294514 0.150054 0.255431  0.242777  0.143378  0.122682 0.0250468  0.440919 0.0251968
(1,(2,(4,(5,6))),3); -4559.24  -2.04726 28.7696 13.062 24.7681 -4597.67 0.320157 0.279364 0.125725 0.274754  0.271229  0.159839 0.0989508 0.0446834  0.410847  0.014451
(1,(2,(4,(5,6))),3); -4555.8  -2.04726 31.4724 13.5374 23.9929 -4595.68 0.318187 0.269612 0.134573 0.277628  0.225411  0.176848  0.125915 0.0404548  0.414305 0.0170655
(1,2,(3,(4,(5,6)))); -4550.99  -1.27079 29.4606 13.8888 28.8041 -4594.09 0.326525 0.279201 0.134512 0.259762  0.253012  0.152301  0.108097 0.0379419   0.43487 0.0137777
(1,(2,3),(4,(5,6))); -4543.34  -1.65514 29.485 13.4226 25.788 -4583.53 0.304428 0.284644 0.126482 0.284446  0.250167   0.14858  0.101523 0.0245664  0.463384 0.0117804
(1,(2,(4,(5,6))),3); -4547.57  -2.04726 30.4757 13.6618 25.1472 -4587.49 0.297681 0.296732 0.139623 0.265964  0.258574  0.143161  0.102545  0.021132  0.456828 0.0177604
(1,2,(3,(4,(5,6)))); -4549.34  -1.27079 29.1645 13.2595 27.9393 -4591.92 0.300448 0.293628 0.139222 0.266703  0.238301  0.147331  0.107638 0.0399499  0.447661 0.0191195
(1,(2,((4,6),5)),3); -4553.91  -2.49966 31.3407 13.5939 27.6993 -4596.86 0.323078 0.273797 0.120699 0.282426  0.248837  0.155517   0.10407 0.0298751  0.442424 0.0192772
(1,(2,((4,6),5)),3); -4557  -2.49966 29.3957 13.3974 25.1324 -4595.63 0.311848 0.287283 0.122883 0.277986  0.251386  0.172565  0.121086 0.0208286  0.416564 0.0175698
(1,(2,3),((4,6),5)); -4559.45  -2.10754 26.8122 13.7882 29.4475 -4599.81 0.306142 0.292307 0.135611  0.26594  0.247695  0.143051  0.121364 0.0295973  0.442149  0.016145
(1,(2,3),((4,6),5)); -4561.81  -2.10754 24.6905 12.8492 28.098 -4599.64 0.298652 0.298488 0.125103 0.277757     0.247  0.158128  0.124948 0.0297918    0.4284  0.011732
(1,(2,3),(4,(5,6))); -4553.11  -1.65514 29.227 13.3191 29.9972 -4597.36 0.310851 0.292729  0.13796  0.25846  0.254154  0.153823  0.118196  0.031129  0.427802 0.0148952
(1,(2,(4,(5,6))),3); -4552.33  -2.04726 29.6971 13.5822 28.5084 -4594.91 0.312067 0.274232 0.125488 0.288213  0.243818  0.158393  0.108443 0.0348718  0.436155 0.0183187
(1,2,(3,((4,6),5))); -4553.33  -1.72319 26.239 13.3636 26.4091 -4590.89  0.32313 0.284289 0.121262 0.271319  0.235177  0.157597 0.0982909 0.0370051  0.457514 0.0144154
(1,2,(3,(4,(5,6)))); -4558.42  -1.27079 25.136 13.9983 28.804 -4597.09 0.307398 0.300556 0.126274 0.265772  0.257902  0.162859  0.110102 0.0358342  0.420456 0.0128466
(1,2,(3,(4,(5,6)))); -4550.34  -1.27079 30.1904 13.5143 26.619 -4592.36 0.304497 0.286219 0.148277 0.261008  0.248789  0.156931  0.107146 0.0455833  0.424903 0.0166484
(1,2,(3,(4,(5,6)))); -4545.9  -1.27079 23.4936 12.9716 23.0234 -4578.18 0.286557 0.273868 0.136798 0.302777  0.251393  0.150585 0.0954198 0.0275405  0.453198 0.0218641
(1,2,(3,(4,(5,6)))); -4547.39  -1.27079 30.3911 13.7436 27.668 -4590.44 0.289145 0.294203 0.142162  0.27449  0.261314  0.137616  0.111925 0.0361539  0.436924 0.0160669
(1,2,(3,(4,(5,6)))); -4558.29  -1.27079 30.7812 13.2616 24.2962 -4598.83 0.304384 0.311929 0.135982 0.247704   0.25462  0.127694  0.113909 0.0395835  0.448551 0.0156433
(1,(2,((4,6),5)),3); -4562.82  -2.49966 28.9112 13.2403 27.0881 -4603.08 0.331229 0.285657 0.132998 0.250116  0.239246  0.164601  0.113935 0.0293768   0.43075 0.0220905
(1,2,(3,((4,6),5))); -4556.8  -1.72319 28.8954 13.2946 26.0653 -4596.74 0.320958 0.288406 0.122843 0.267793  0.240686  0.149301  0.133037 0.0260981  0.428967 0.0219111
(1,(2,3),(4,(5,6))); -4560.95  -1.65514 26.8108 13.4017 26.5785 -4599.28 0.316322 0.288799  0.14373 0.251149  0.263462  0.151001  0.117302 0.0306595  0.413391 0.0241852
(1,2,(3,(4,(5,6)))); -4549.71  -1.27079 29.9635 13.6998 27.2839 -4591.99 0.316386  0.28997 0.133966 0.259678  0.252066  0.140886 0.0987325 0.0378423  0.452909 0.0175642
(1,(2,3),((4,6),5)); -4568.41  -2.10754 32.0773 13.3203 22.1298 -4607.19 0.321114 0.289252 0.110995 0.278639  0.252748  0.158216 0.0961249  0.039405  0.426432 0.0270747
(1,(2,(4,(5,6))),3); -4569.82  -2.04726 26.0497 13.1579 26.1131 -4606.78  0.30762 0.302118 0.112109 0.278153  0.237186  0.155345   0.12864 0.0330766  0.427055 0.0186968
(1,2,(3,((4,6),5))); -4558.89  -1.72319 29.4565 13.6339 26.9984 -4599.99 0.310879 0.294808 0.125855 0.268458  0.254931  0.148423  0.123342 0.0438081  0.411963 0.0175323
(1,2,(3,(4,(5,6)))); -4552.93  -1.27079 28.9414 13.0713 27.3828 -4594.91  0.29055 0.310194 0.142646 0.256611   0.24915  0.145803  0.115633 0.0281731  0.442705 0.0185359
(1,(2,3),(4,(5,6))); -4561.9  -1.65514 28.8375 13.4693 24.7109 -4600.32 0.289891 0.303863 0.150663 0.255582  0.235487  0.158859  0.128426  0.035833  0.419574 0.0218212
(1,2,(3,(4,(5,6)))); -4547.93  -1.27079 25.9983 13.5221 25.9943 -4585.13 0.291617 0.286476  0.12981 0.292097  0.248484  0.166025 0.0970354 0.0367331  0.439012   0.01271
(1,(2,((4,6),5)),3); -4570.8  -2.49966 28.3349 13.351 24.863 -4608.15 0.310715 0.315363 0.120402  0.25352  0.270414  0.151674  0.125183  0.025491  0.410068 0.0171699
(1,(2,3),(4,(5,6))); -4551.72  -1.65514 31.413 13.1852 27.4195 -4595.71 0.320935  0.28148 0.130835  0.26675   0.23693  0.139888  0.125114 0.0309625  0.446573  0.020533
(1,2,(3,((4,6),5))); -4555.75  -1.72319 29.5488 13.3004 25.2047 -4595.48 0.340711 0.278837  0.13662 0.243832  0.238457  0.165807  0.116377 0.0246675  0.437747 0.0169443
(1,(2,(4,(5,6))),3); -4565.2  -2.04726 25.6888 13.422 26.201 -4601.62 0.284602 0.306225 0.144896 0.264277  0.243898  0.153535   0.13082  0.036169  0.420289 0.0152882
(1,2,(3,((4,6),5))); -4551.72  -1.72319 25.5573 13.6041 29.5695 -4591.52 0.316585 0.281401 0.135208 0.266806  0.257052  0.155552   0.11437 0.0356915  0.424487 0.0128478
(1,2,(3,(4,(5,6)))); -4550.59  -1.27079 30.4499 13.6642 25.568 -4591.68 0.321549  0.25925 0.128338 0.290863  0.243355    0.1513  0.126097 0.0395617  0.423873 0.0158139
(1,(2,(4,(5,6))),3); -4557.44  -2.04726 29.2634 13.4852 27.9325 -4599.1 0.294793 0.299932 0.142403 0.262872  0.244174  0.150099  0.130226 0.0302629  0.428325 0.0169132
(1,2,(3,((4,6),5))); -4551.77  -1.72319 30.3974 13.6642 26.8384 -4593.62 0.332868 0.286431 0.128691 0.252011  0.256672  0.163119  0.109666  0.032474  0.427937 0.0101332
