tree logl logTop logBL logPrior logQ logWt pi1 pi2 pi3 pi4 s1 s2 s3 s4 s5 s6
(1,2,(3,(4,(5,6)))); -4538.31  0 29.9405 13.4878 25.8118 -4580.57 0.278127 0.271516 0.141311 0.309046   0.254771   0.188476  0.0645026  0.0125124   0.473727 0.00601112
(1,2,(3,(4,(5,6)))); -4538.59  0 29.109 13.3772 24.5629 -4578.88 0.272556 0.280693 0.143189 0.303562   0.228373   0.175181   0.100467 0.00757558   0.482947 0.00545693
(1,2,(3,(4,(5,6)))); -4539.12  0 27.2256 13.4694 26.3836 -4579.26 0.297619 0.272222 0.145093 0.285066   0.227148   0.189309  0.0803483  0.0205817   0.478565 0.00404866
(1,2,(3,(4,(5,6)))); -4553.12  0 25.1965 13.2487 17.2153 -4582.29 0.271677 0.260207 0.146311 0.321805   0.19479  0.186022 0.0676911 0.0368082  0.491277 0.0234121
(1,2,(3,(4,(5,6)))); -4537.04  0 30.8003 13.6468 24.7197 -4578.91 0.284241 0.279318 0.135988 0.300454  0.214157  0.149432  0.102441 0.0221862  0.494978 0.0168051
(1,2,(3,(4,(5,6)))); -4542.48  0 27.2646 13.6808 22.1599 -4578.23 0.279972 0.262313 0.133416 0.324298   0.199179   0.153515    0.11029  0.0115979   0.516711 0.00870753
(1,2,(3,(4,(5,6)))); -4546.7  0 29.9587 13.2858 18.805 -4582.18 0.284342  0.28579 0.119914 0.309954  0.251301  0.146647 0.0648598 0.0444797  0.482275 0.0104383
(1,2,(3,(4,(5,6)))); -4535.42  0 28.8953 13.1904 26.9566 -4578.08  0.28565 0.268109 0.140783 0.305458  0.261418  0.147247  0.074295 0.0111148   0.49412 0.0118052
(1,2,(3,(4,(5,6)))); -4547.66  0 26.7984 13.2592 20.3638 -4581.56 0.285397 0.270241 0.145576 0.298786  0.201449   0.14125  0.107178 0.0420936  0.492313 0.0157156
(1,2,(3,(4,(5,6)))); -4537.16  0 26.7408 13.7314 27.6881 -4577.85 0.287455 0.271628 0.145215 0.295701   0.263355   0.155709  0.0853229  0.0155525   0.470977 0.00908466
(1,2,(3,(4,(5,6)))); -4537.4  0 32.3223 13.3555 24.2397 -4580.61 0.285065  0.25985 0.139055  0.31603   0.224757   0.183222  0.0702102  0.0326358   0.486347 0.00282792
(1,2,(3,(4,(5,6)))); -4535.8  0 30.526 13.3879 25.4306 -4578.37 0.291533 0.269548 0.150844 0.288075  0.226872  0.149572 0.0837897 0.0104492    0.5114 0.0179173
(1,2,(3,(4,(5,6)))); -4541.08  0 29.6355 13.2835 22.2373 -4579.67 0.256261 0.290571 0.163653 0.289516   0.215688   0.132008  0.0720257  0.0176976   0.556969 0.00561112
(1,2,(3,(4,(5,6)))); -4542.13  0 27.2411 12.6503 23.0435 -4579.76 0.279093 0.288323 0.142669 0.289916    0.22074   0.133469   0.119299  0.0103395   0.511008 0.00514487
(1,2,(3,(4,(5,6)))); -4546.85  0 30.1273 13.5097 19.335 -4582.81 0.316412 0.240874 0.148721 0.293993   0.228178   0.130774  0.0718993  0.0377736   0.521429 0.00994587
(1,2,(3,(4,(5,6)))); -4536.25  0 29.9857 13.3772 26.4001 -4579.26 0.274007   0.2781 0.147121 0.300771   0.210266   0.158361  0.0847834  0.0127527   0.532054 0.00178348
(1,2,(3,(4,(5,6)))); -4536.46  0 30.2047 13.3613 24.979 -4578.28 0.301447 0.270607 0.151967  0.27598    0.26365   0.137269  0.0921122   0.019576   0.483378 0.00401552
(1,2,(3,(4,(5,6)))); -4534.03  0 31.225 13.769 26.9159 -4578.41 0.275672 0.270164 0.143777 0.310387  0.231931  0.154639 0.0856714 0.0138088   0.49888 0.0150697
(1,2,(3,(4,(5,6)))); -4537.93  0 27.0926 12.9054 27.5503 -4579.66 0.298441 0.276427 0.135369 0.289763   0.234093   0.165833  0.0668408  0.0162803   0.512858 0.00409435
(1,2,(3,(4,(5,6)))); -4541.43  0 27.9806 13.3171 24.9796 -4581.08 0.291132 0.258903 0.147149 0.302816  0.213323  0.138126 0.0681315 0.0298411  0.537394  0.013184
(1,2,(3,(4,(5,6)))); -4543.53  0 31.2328 13.689 18.5049 -4579.58 0.289258 0.294832 0.132536 0.283374   0.257525   0.127912   0.121855  0.0303112   0.456248 0.00614885
(1,2,(3,(4,(5,6)))); -4536.52  0 32.0577 13.6132 25.6064 -4580.57 0.302038   0.2635 0.151636 0.282827  0.248068  0.128386 0.0802455 0.0173657   0.51431 0.0116254
(1,2,(3,(4,(5,6)))); -4533.77  0 30.3685 13.3915 28.2381 -4578.98 0.291231 0.266393 0.138193 0.304183  0.247468  0.139288 0.0817078 0.0207898  0.503198  0.007548
(1,2,(3,(4,(5,6)))); -4535.63  0 28.538 13.7584 28.9737 -4579.39 0.283735 0.271904 0.152808 0.291554  0.233978  0.153645 0.0786358  0.018225  0.507551 0.0079648
(1,2,(3,(4,(5,6)))); -4548.02  0 24.1499 13.8317 20.5067 -4578.84 0.281839 0.238569 0.150381 0.329212   0.225736   0.160403   0.106557  0.0127861   0.491122 0.00339657
(1,2,(3,(4,(5,6)))); -4535.4  0 32.1434 13.7987 25.8993 -4579.65 0.300215 0.259617  0.14114 0.299028    0.26413   0.127656  0.0760098   0.023093   0.500339 0.00877183
(1,2,(3,(4,(5,6)))); -4540.3  0 28.811 13.2388 23.9106 -4579.78 0.259765 0.271543 0.151118 0.317574   0.254162   0.141785  0.0576848  0.0273438   0.514036 0.00498897
(1,2,(3,(4,(5,6)))); -4544.48  0 29.2596 13.3222 19.3471 -4579.77 0.268906 0.276756 0.138257 0.316081  0.257578  0.142726 0.0710512 0.0121275  0.484643 0.0318739
(1,2,(3,(4,(5,6)))); -4548.38  0 24.9264 13.2129 21.8628 -4581.96 0.287375 0.300248 0.143576 0.268801   0.216055   0.138363  0.0728536  0.0180057   0.553175 0.00154752
(1,2,(3,(4,(5,6)))); -4540.89  0 27.6418 13.5154 22.9397 -4577.96 0.267108 0.274994 0.171236 0.286662  0.246095  0.154836 0.0945488 0.0225775  0.471907 0.0100361
(1,2,(3,(4,(5,6)))); -4538.18  0 27.9823 13.8968 27.2105 -4579.48 0.295299 0.278046 0.132785 0.293871   0.240298   0.174824   0.075838  0.0179142   0.487527 0.00359939
(1,2,(3,(4,(5,6)))); -4537.15  0 29.4514 13.0159 25.896 -4579.48 0.275902 0.285516 0.149221  0.28936   0.249934   0.168551  0.0593326  0.0264639   0.492311 0.00340707
(1,2,(3,(4,(5,6)))); -4540.71  0 27.6282 13.4764 25.9716 -4580.83 0.280719 0.278723 0.130854 0.309704  0.259761  0.161486 0.0868575 0.0177978  0.464914 0.0091841
(1,2,(3,(4,(5,6)))); -4535.92  0 29.9976 13.3819 25.9082 -4578.45 0.288194 0.275092 0.150785 0.285929  0.246944   0.17429 0.0701178 0.0125696  0.481373 0.0147055
(1,2,(3,(4,(5,6)))); -4534.13  0 31.0926 13.3224 26.502 -4578.4 0.285944 0.280337 0.146319 0.287401  0.248651   0.17448 0.0724817 0.0211945  0.470274 0.0129191
(1,2,(3,(4,(5,6)))); -4539.23  0 28.4675 13.4246 24.5313 -4578.8 0.304847 0.267778 0.127612 0.299763     0.2346   0.141788  0.0825877 0.00945975   0.521479  0.0100851
(1,2,(3,(4,(5,6)))); -4536.4  0 30.1756 13.2907 27.0401 -4580.33 0.268623 0.280984 0.149727 0.300666   0.245017   0.172632  0.0624359  0.0186725    0.49321 0.00803263
(1,2,(3,(4,(5,6)))); -4535.36  0 30.0616 13.3656 27.5064 -4579.56 0.268755 0.283823 0.148236 0.299186   0.241515   0.150706  0.0678932  0.0234267   0.507192 0.00926708
(1,2,(3,(4,(5,6)))); -4536.47  0 32.1052 13.7789 26.2163 -4581.01 0.283519 0.266462 0.130165 0.319854   0.220159   0.174203  0.0754238   0.019828   0.504189 0.00619679
(1,2,(3,(4,(5,6)))); -4538.77  0 29.5626 13.7723 25.4786 -4580.04 0.284528 0.257197 0.154702 0.303573   0.268896   0.134879  0.0869679  0.0105309   0.492853 0.00587386
(1,2,(3,(4,(5,6)))); -4539.82  0 28.2603 13.6148 25.3018 -4579.77 0.270762 0.288428 0.154292 0.286519   0.224961   0.152437   0.094573  0.0300753   0.492569 0.00538352
(1,2,(3,(4,(5,6)))); -4551.58  0 20.6837 12.6164 23.4158 -4583.06 0.278847 0.295828 0.139049 0.286276  0.218277  0.200591 0.0775432 0.0168214   0.47514 0.0116277
(1,2,(3,(4,(5,6)))); -4540.18  0 27.2948 13.0705 26.5382 -4580.95 0.288152 0.270176  0.13419 0.307483   0.211278   0.172912  0.0699794   0.027138    0.51091 0.00778267
(1,2,(3,(4,(5,6)))); -4534.75  0 32.116 13.3606 26.0667 -4579.58 0.287383 0.272312 0.136891 0.303415   0.253219   0.152378   0.069192  0.0338325   0.482501 0.00887666
(1,2,(3,(4,(5,6)))); -4538.93  0 30.335 13.6245 25.098 -4580.74 0.277399 0.293053 0.130282 0.299266  0.205902  0.147613 0.0740254 0.0245768  0.539953 0.0079301
(1,2,(3,(4,(5,6)))); -4538.01  0 27.9984 12.5879 26.5521 -4579.97 0.279439 0.287755  0.13948 0.293326   0.211341   0.150984  0.0805955  0.0291651   0.518618 0.00929621
(1,2,(3,(4,(5,6)))); -4546.79  0 27.8523 13.5344 22.7941 -4583.9 0.291613 0.257064 0.145549 0.305773  0.185276  0.151313 0.0683326 0.0191831  0.560384 0.0155112
(1,2,(3,(4,(5,6)))); -4532.7  0 31.3868 13.4727 27.9112 -4578.52 0.282351 0.268023 0.147292 0.302334  0.217924  0.145302 0.0932503 0.0214319  0.512794 0.0092987
(1,2,(3,(4,(5,6)))); -4538.6  0 30.7984 13.5808 24.4334 -4580.25 0.270231 0.292392 0.140668 0.296708  0.270915  0.161384 0.0770418 0.0160467  0.461001  0.013612
(1,2,(3,(4,(5,6)))); -4535.11  0 29.4793 13.0441 27.8858 -4579.43  0.28898 0.275535 0.142854  0.29263    0.22485   0.132921  0.0810227  0.0241027   0.530553 0.00655039
(1,2,(3,(4,(5,6)))); -4541.45  0 30.3554 14.0175 22.7004 -4580.48 0.283285 0.247655  0.13996   0.3291   0.228532   0.190461  0.0826122  0.0166183   0.473102 0.00867491
(1,2,(3,(4,(5,6)))); -4535.03  0 29.0045 13.2748 27.5932 -4578.36 0.291594 0.276456 0.140905 0.291044  0.240512  0.143705 0.0879227 0.0208481  0.494721 0.0122915
(1,2,(3,(4,(5,6)))); -4536.41  0 30.0672 13.2869 25.7541 -4578.95 0.262594 0.276427 0.152517 0.308462   0.216472   0.156345  0.0740063  0.0308352   0.516717 0.00562454
(1,2,(3,(4,(5,6)))); -4535.69  0 28.6674 13.402 28.1265 -4579.09 0.278126 0.275666 0.144066 0.302143     0.2257   0.144937   0.067103  0.0216654     0.5367 0.00389502
(1,2,(3,(4,(5,6)))); -4540.5  0 28.9171 13.1829 25.5428 -4581.77 0.295242 0.265606   0.1371 0.302053  0.199154  0.154107 0.0704146  0.023987  0.540037 0.0123002
(1,2,(3,(4,(5,6)))); -4547.57  0 25.5452 13.9317 21.5208 -4580.7 0.285504  0.28927 0.156713 0.268513   0.227797   0.122843  0.0920122  0.0305791   0.523582 0.00318707
(1,2,(3,(4,(5,6)))); -4537  0 28.123 13.6413 27.0597 -4578.55  0.27124  0.28271 0.153045 0.293005   0.224327   0.160399  0.0938157  0.0139315   0.498724 0.00880259
(1,2,(3,(4,(5,6)))); -4534.77  0 30.3703 13.297 27.2856 -4579.13 0.287237 0.263591 0.154489 0.294683   0.224191   0.143495  0.0775363  0.0291189   0.518455 0.00720405
(1,2,(3,(4,(5,6)))); -4548.28  0 23.8641 13.6687 23.3428 -4581.82 0.287641 0.277282 0.133486 0.301592   0.213432   0.146495  0.0644015   0.006695   0.565116 0.00386066
(1,2,(3,(4,(5,6)))); -4535.75  0 32.5175 13.6003 24.8854 -4579.55 0.289795  0.27131 0.147112 0.291784  0.257855  0.132307 0.0802552 0.0338312   0.48321 0.0125411
(1,2,(3,(4,(5,6)))); -4536.26  0 30.6151 13.4177 27.3688 -4580.83 0.292464 0.273418 0.147655 0.286463   0.208756   0.149964  0.0882314  0.0141663   0.534318 0.00456449
(1,2,(3,(4,(5,6)))); -4538.06  0 30.2321 13.2576 25.7913 -4580.82 0.278605 0.270174 0.153057 0.298164  0.217285  0.191152 0.0585162 0.0214396   0.50521 0.0063975
(1,2,(3,(4,(5,6)))); -4538.37  0 28.5008 13.4688 27.1057 -4580.51 0.271517 0.280345 0.149457 0.298681   0.246147   0.181592  0.0736471  0.0181457   0.473047 0.00742172
(1,2,(3,(4,(5,6)))); -4537.64  0 30.9889 13.7768 24.9131 -4579.77 0.310806 0.278282 0.135154 0.275758   0.246147   0.148907  0.0637702  0.0194902   0.514917 0.00676875
(1,2,(3,(4,(5,6)))); -4539.73  0 27.0512 14.1104 27.4193 -4580.09 0.300114 0.266065 0.133348 0.300473  0.242372   0.14212 0.0704238 0.0167993   0.52331 0.0049751
(1,2,(3,(4,(5,6)))); -4540  0 26.5921 14.13 26.1532 -4578.61 0.286959 0.282014 0.151059 0.279969   0.244648   0.176336  0.0777443  0.0260008   0.470473 0.00479763
(1,2,(3,(4,(5,6)))); -4538.96  0 32.3423 13.6416 24.8913 -4582.55 0.298469 0.266349 0.132674 0.302508   0.216059   0.194627  0.0649325  0.0145028   0.505764 0.00411447
(1,2,(3,(4,(5,6)))); -4541.61  0 29.3549 13.6886 23.2084 -4580.49 0.270303   0.2611 0.156389 0.312207   0.275478   0.161657  0.0720716 0.00811734   0.479679  0.0029985
(1,2,(3,(4,(5,6)))); -4536.78  0 30.1944 13.5216 25.5313 -4578.98 0.269066 0.289122 0.153448 0.288364  0.223848  0.157531 0.0966095 0.0192527  0.490855 0.0119037
(1,2,(3,(4,(5,6)))); -4540.4  0 28.5016 12.9668 23.1129 -4579.05 0.278992 0.284238 0.125478 0.311292   0.202524   0.143261  0.0892751  0.0286144   0.533087 0.00323876
(1,2,(3,(4,(5,6)))); -4538.51  0 27.3382 13.2913 26.1169 -4578.67 0.279422 0.284447 0.131854 0.304277   0.270063   0.138482  0.0814649  0.0132573   0.491419 0.00531316
(1,2,(3,(4,(5,6)))); -4536.17  0 29.4375 13.1017 25.4262 -4577.94 0.296118 0.279999 0.142849 0.281034   0.232482   0.154662  0.0842219  0.0334004   0.492514 0.00271945
(1,2,(3,(4,(5,6)))); -4542.82  0 29.1001 13.2733 22.1678 -4580.82 0.302907 0.290495 0.128116 0.278483   0.245031   0.162792  0.0524715  0.0247471   0.508535 0.00642299
(1,2,(3,(4,(5,6)))); -4537.09  0 32.065 13.5614 24.5151 -4580.11 0.265844 0.293813 0.156511 0.283832   0.216693   0.151854  0.0975743  0.0143558   0.511679 0.00784354
(1,2,(3,(4,(5,6)))); -4543.16  0 28.8282 13.9769 22.2632 -4580.27 0.309818 0.244551 0.147424 0.298208   0.21055   0.14314   0.10225 0.0246906  0.509113 0.0102555
(1,2,(3,(4,(5,6)))); -4534.96  0 30.3792 13.3602 27.3227 -4579.31 0.288726 0.284019 0.136843 0.290412   0.253478   0.161666   0.066837   0.019733   0.495203 0.00308252
(1,2,(3,(4,(5,6)))); -4538.11  0 31.6493 13.4967 23.4912 -4579.75 0.276413 0.255479 0.157485 0.310623  0.223497  0.152038 0.0687755 0.0209893  0.513523 0.0211776
(1,2,(3,(4,(5,6)))); -4535.78  0 29.6998 13.3112 26.4401 -4578.61  0.28838 0.290108 0.137491 0.284021     0.2497   0.147651  0.0803967  0.0270503   0.487226 0.00797599
(1,2,(3,(4,(5,6)))); -4535.79  0 30.4186 13.6805 26.5061 -4579.03  0.26902 0.276033 0.155589 0.299358   0.23551    0.1767 0.0721801 0.0175754  0.485982 0.0120528
(1,2,(3,(4,(5,6)))); -4537.86  0 32.2487 13.6742 21.3698 -4577.81 0.290589  0.27642 0.161271  0.27172   0.28601  0.148287 0.0847568 0.0204037  0.448816 0.0117275
(1,2,(3,(4,(5,6)))); -4537.19  0 29.6217 13.9184 25.6731 -4578.57 0.283699 0.272768  0.15733 0.286203  0.247057  0.182821 0.0738628   0.02084  0.464603 0.0108167
(1,2,(3,(4,(5,6)))); -4538.22  0 26.1093 13.1897 27.7662 -4578.91 0.284698 0.266315 0.147223 0.301764   0.249341   0.140509  0.0724953  0.0253401   0.509376 0.00293878
(1,2,(3,(4,(5,6)))); -4540.91  0 30.6697 13.7818 23.9011 -4581.7 0.283773 0.273581 0.150713 0.291933   0.192962   0.133546  0.0971478  0.0311925   0.538919 0.00623347
(1,2,(3,(4,(5,6)))); -4535.77  0 31.0426 13.6908 25.8827 -4579.01 0.276704 0.264549 0.137824 0.320923   0.249625   0.128099  0.0852581  0.0202909   0.507911 0.00881625
(1,2,(3,(4,(5,6)))); -4535.7  0 30.0254 13.6697 25.2191 -4577.28 0.301676 0.268618 0.142094 0.287612  0.250117  0.153466 0.0972567 0.0270981   0.46295 0.0091114
(1,2,(3,(4,(5,6)))); -4540.5  0 26.2461 13.8685 25.9732 -4578.85 0.277059 0.269356 0.147542 0.306043   0.245884   0.141812  0.0916944  0.0324214   0.479166 0.00902235
(1,2,(3,(4,(5,6)))); -4544.38  0 25.3937 12.7436 22.648 -4579.68 0.302064 0.263836  0.14622  0.28788  0.247346  0.123183  0.101601 0.0292939  0.485382 0.0131933
(1,2,(3,(4,(5,6)))); -4541.39  0 27.2581 13.7553 25.4279 -4580.32 0.280671 0.270126 0.144318 0.304885  0.280351  0.136668 0.0741323 0.0126758   0.48302 0.0131527
(1,2,(3,(4,(5,6)))); -4538.26  0 28.37 13.9143 25.8837 -4578.6 0.288266 0.276758 0.156466  0.27851   0.24525  0.143544 0.0860692 0.0199499  0.491525 0.0136628
(1,2,(3,(4,(5,6)))); -4535.36  0 30.7321 13.2163 25.3397 -4578.22 0.300272 0.269506 0.125003 0.305218   0.231193   0.164986  0.0917879  0.0143659   0.490621 0.00704635
(1,2,(3,(4,(5,6)))); -4538.47  0 26.8701 13.4798 26.0675 -4577.93 0.304785 0.252542 0.142048 0.300625  0.234344    0.1505  0.083864   0.02251  0.497339 0.0114429
(1,2,(3,(4,(5,6)))); -4541.65  0 29.0344 13.4433 22.4998 -4579.74 0.302562 0.272497  0.14209 0.282852   0.299594   0.128359  0.0715309  0.0122782   0.484838 0.00339914
(1,2,(3,(4,(5,6)))); -4538.65  0 27.6042 12.9564 26.3043 -4579.61 0.269432 0.292423 0.151209 0.286936   0.219181   0.153811  0.0916212  0.0207628   0.510464 0.00415978
(1,2,(3,(4,(5,6)))); -4545.88  0 27.3266 13.3835 22.7108 -4582.54 0.291369 0.275863 0.159464 0.273304    0.23719    0.11589   0.100878  0.0183118   0.521408 0.00632284
(1,2,(3,(4,(5,6)))); -4536.95  0 31.7936 13.4353 24.6301 -4579.94 0.287855 0.262831 0.145022 0.304293   0.233057   0.133147  0.0683436   0.030633   0.533512 0.00130717
(1,2,(3,(4,(5,6)))); -4541.83  0 27.636 14.1321 23.5982 -4578.93 0.286294 0.247897 0.149086 0.316722  0.232558  0.189793  0.079102  0.011122  0.477401 0.0100232
(1,2,(3,(4,(5,6)))); -4540.35  0 29.1643 13.7776 25.0446 -4580.78 0.299578 0.281286 0.131015 0.288121   0.226079   0.170243  0.0732916 0.00893138   0.511877 0.00957896
(1,2,(3,(4,(5,6)))); -4535.46  0 29.427 13.777 27.7506 -4578.86 0.279516 0.282807 0.148634 0.289042  0.253531  0.152005 0.0727604 0.0159039  0.494562 0.0112373
(1,2,(3,(4,(5,6)))); -4541.07  0 31.0172 13.8777 22.1991 -4580.41 0.287949 0.276752 0.128087 0.307211  0.261679  0.129153 0.0687722 0.0349444  0.491725 0.0137265
(1,2,(3,(4,(5,6)))); -4539.56  0 29.0731 13.3853 23.4219 -4578.67 0.264628 0.261158  0.15516 0.319054    0.21558   0.138437     0.1029  0.0171221   0.523265 0.00269581
(1,2,(3,(4,(5,6)))); -4538.39  0 27.1874 13.6867 26.9408 -4578.83 0.287465 0.264394 0.148562 0.299579   0.241753   0.137689  0.0767085   0.032951   0.505597 0.00530122
(1,2,(3,(4,(5,6)))); -4537.03  0 31.4908 13.3661 26.0181 -4581.17 0.289816 0.277791  0.13445 0.297943   0.233305    0.19614    0.07595  0.0172186   0.472864 0.00452261
(1,2,(3,(4,(5,6)))); -4535.64  0 29.8223 13.4219 27.7162 -4579.76 0.282621 0.277852 0.143319 0.296208   0.215443   0.164512  0.0743873  0.0293013   0.511237 0.00511991
(1,2,(3,(4,(5,6)))); -4536.24  0 29.3473 13.8079 27.9493 -4579.73 0.293319 0.268513 0.144376 0.293792  0.232515  0.145065  0.075361 0.0203857  0.513671 0.0130034
(1,2,(3,(4,(5,6)))); -4547.51  0 30.2707 13.6151 20.3448 -4584.51 0.278532 0.296136 0.122231 0.303102   0.219836   0.173366  0.0613163  0.0379843   0.501943 0.00555514
(1,2,(3,(4,(5,6)))); -4548  0 28.5509 13.6232 18.2763 -4581.21 0.270777 0.289904 0.147642 0.291678  0.286844  0.164242 0.0435616 0.0304022   0.46373 0.0112209
(1,2,(3,(4,(5,6)))); -4541.08  0 30.5613 13.3386 19.6893 -4577.99 0.280797 0.269594  0.15401 0.295599   0.211736   0.148255  0.0911666 0.00735692   0.512346  0.0291398
(1,2,(3,(4,(5,6)))); -4534.57  0 28.88 13.2261 28.3225 -4578.55 0.283147 0.265031  0.14791 0.303913  0.223839  0.154245 0.0832433 0.0161118  0.511281 0.0112797
(1,2,(3,(4,(5,6)))); -4537.49  0 30.2244 13.9979 26.4283 -4580.14  0.29124 0.257733 0.143221 0.307806   0.260757   0.135941  0.0682339  0.0216993   0.510544 0.00282407
(1,2,(3,(4,(5,6)))); -4536.55  0 28.5796 13.8087 28.1381 -4579.46 0.281533 0.269785 0.139671 0.309011  0.242896  0.158923 0.0726046 0.0158512  0.498403 0.0113226
(1,2,(3,(4,(5,6)))); -4543.5  0 24.3031 12.7681 23.4679 -4578.5 0.286775 0.274665 0.157441 0.281119  0.236175  0.180628 0.0754803 0.0151241  0.472741 0.0198521
(1,2,(3,(4,(5,6)))); -4537.08  0 29.7863 12.9657 24.3279 -4578.23 0.274468 0.266176 0.145262 0.314093   0.234858   0.145695    0.11553  0.0136934   0.487314 0.00290977
(1,2,(3,(4,(5,6)))); -4540.07  0 27.4305 13.4521 25.2277 -4579.27 0.302318 0.266217 0.140167 0.291299   0.270046   0.132808  0.0586217  0.0148042   0.517621 0.00609953
(1,2,(3,(4,(5,6)))); -4539.43  0 30.5644 13.2355 22.0857 -4578.85 0.272493 0.259874 0.158471 0.309162  0.260799  0.155443  0.070693 0.0219529  0.468554 0.0225579
(1,2,(3,(4,(5,6)))); -4539.47  0 28.5049 13.4109 25.1127 -4579.68 0.277674 0.276039 0.167218 0.279069   0.225017     0.1462  0.0869526  0.0170512   0.521404 0.00337544
(1,2,(3,(4,(5,6)))); -4538.07  0 31.4969 13.8777 21.5309 -4577.22 0.302542 0.259606 0.153168 0.284684  0.283625  0.157772 0.0815619 0.0262928  0.438507 0.0122417
(1,2,(3,(4,(5,6)))); -4535.9  0 31.8764 13.5225 25.1349 -4579.38 0.275125 0.267191 0.161966 0.295719   0.276141    0.15317  0.0624895  0.0146618   0.489773 0.00376498
(1,2,(3,(4,(5,6)))); -4537.1  0 29.2705 13.7265 25.7374 -4578.38 0.299081 0.266112 0.146451 0.288356  0.227497  0.178232 0.0777833  0.010182  0.493702 0.0126043
(1,2,(3,(4,(5,6)))); -4541.26  0 24.7954 12.8439 26.9942 -4580.2 0.279256  0.27564 0.133086 0.312018   0.231628   0.153014  0.0683703  0.0276899   0.514037 0.00526087
(1,2,(3,(4,(5,6)))); -4543.22  0 28.4742 13.3569 23.2474 -4581.58 0.311839 0.249303 0.137503 0.301355  0.231108  0.147205 0.0694223 0.0318637   0.51003  0.010372
(1,2,(3,(4,(5,6)))); -4536.75  0 28.7137 13.9565 27.8082 -4579.31  0.28148 0.270381 0.152951 0.295188   0.255966   0.157844  0.0868099  0.0210543   0.473605 0.00472115
(1,2,(3,(4,(5,6)))); -4544.95  0 30.4564 13.9012 22.3481 -4583.86 0.262412 0.279964 0.140917 0.316707   0.238893   0.194191  0.0935303  0.0175485   0.446166 0.00967164
(1,2,(3,(4,(5,6)))); -4541.03  0 28.1625 12.9967 24.1985 -4580.39 0.264183 0.281733  0.15519 0.298894   0.205098   0.158264  0.0575487  0.0196999   0.549401 0.00998843
(1,2,(3,(4,(5,6)))); -4537.68  0 27.8637 13.4732 27.0794 -4579.15 0.294698 0.266519  0.13413 0.304653  0.251911  0.171176 0.0783394 0.0197422  0.474577 0.0042546
(1,2,(3,(4,(5,6)))); -4539.26  0 26.5023 13.4371 26.7903 -4579.11 0.273162 0.271425  0.14795 0.307463   0.206371   0.143428  0.0935917  0.0178002   0.529661 0.00914809
(1,2,(3,(4,(5,6)))); -4543.37  0 28.1556 14.0612 22.4851 -4579.95 0.309954 0.255179 0.149336 0.285531  0.237053  0.159129 0.0656892 0.0275515  0.492152 0.0184251
(1,2,(3,(4,(5,6)))); -4552.49  0 26.0619 13.4664 19.9154 -4585 0.295221 0.275442 0.157574 0.271764   0.244961   0.100038  0.0887476  0.0168317   0.541009 0.00841296
(1,2,(3,(4,(5,6)))); -4539.65  0 26.4871 13.2805 26.0514 -4578.91 0.279286 0.285465 0.139955 0.295294  0.223399  0.120946  0.086325 0.0177901  0.546348 0.0051913
(1,2,(3,(4,(5,6)))); -4533.24  0 30.2552 13.0154 28.1346 -4578.61 0.297112 0.265592 0.147477 0.289819   0.248813   0.150288  0.0744761  0.0195401   0.497513 0.00937038
(1,2,(3,(4,(5,6)))); -4547.1  0 25.0975 13.9156 22.5358 -4580.82 0.292967 0.274911 0.131899 0.300224   0.274912   0.126381  0.0876418  0.0351033   0.469299 0.00666302
(1,2,(3,(4,(5,6)))); -4542.88  0 28.5427 13.5677 22.5925 -4580.45 0.276473 0.301043  0.12817 0.294315   0.212877    0.13213  0.0885796  0.0293641   0.530659 0.00639021
(1,2,(3,(4,(5,6)))); -4538.29  0 30.7677 13.4888 25.6819 -4581.25 0.293496 0.266183 0.144809 0.295512   0.20962  0.139401 0.0741992 0.0149667  0.545889 0.0159242
(1,2,(3,(4,(5,6)))); -4541.03  0 25.0968 13.4758 26.5781 -4579.23 0.308206 0.256254 0.146953 0.288587   0.236539   0.149264  0.0774555  0.0136927    0.51513 0.00791799
(1,2,(3,(4,(5,6)))); -4534.54  0 28.4866 13.2265 28.9769 -4578.77 0.278528 0.270794 0.150948 0.299729   0.222378   0.153221  0.0791337  0.0193333   0.520496 0.00543746
(1,2,(3,(4,(5,6)))); -4535.81  0 27.3105 13.0323 27.6074 -4577.7  0.29636 0.269535 0.133843 0.300262   0.224505   0.146202  0.0832888  0.0144033   0.522539 0.00906159
(1,2,(3,(4,(5,6)))); -4534.87  0 31.3181 13.5878 26.6264 -4579.22 0.270464 0.279896 0.133828 0.315812   0.251973   0.156314  0.0750703   0.012717   0.499089 0.00483685
(1,2,(3,(4,(5,6)))); -4541.05  0 25.492 13.2829 26.0692 -4579.32 0.275852 0.279172 0.141224 0.303752   0.212152   0.170767   0.104467  0.0198723   0.484551 0.00819003
(1,2,(3,(4,(5,6)))); -4534.21  0 31.6787 13.6307 27.2652 -4579.53 0.301883 0.273779 0.134573 0.289764   0.231403   0.141001  0.0823011   0.016873   0.524496 0.00392681
(1,2,(3,(4,(5,6)))); -4549.42  0 22.9798 13.5792 20.5484 -4579.37 0.260225 0.254142 0.166525 0.319107  0.237854  0.146805 0.0941718 0.0104854  0.497113 0.0135716
(1,2,(3,(4,(5,6)))); -4537.03  0 26.7241 13.1647 27.0885 -4577.67 0.285226 0.266359 0.144902 0.303513   0.248894    0.16439  0.0930313  0.0214497    0.46932 0.00291546
(1,2,(3,(4,(5,6)))); -4532.3  0 30.4771 13.1275 28.8124 -4578.46 0.283952 0.269746  0.14534 0.300962   0.242001    0.17005  0.0797053  0.0149092   0.487637 0.00569725
(1,2,(3,(4,(5,6)))); -4536.24  0 31.4134 13.442 25.9013 -4580.11  0.29851 0.266609 0.139717 0.295164   0.228236   0.154151  0.0744347 0.00705399   0.528445 0.00767947
(1,2,(3,(4,(5,6)))); -4539.15  0 29.9801 13.7778 25.5435 -4580.9 0.282072 0.284747 0.152385 0.280796   0.233611   0.129878  0.0754466  0.0283191   0.529361 0.00338331
(1,2,(3,(4,(5,6)))); -4535.92  0 30.0249 14.0881 28.0061 -4579.86 0.285266  0.26105 0.153987 0.299696   0.233395   0.158709  0.0660281  0.0228426   0.512369 0.00665688
(1,2,(3,(4,(5,6)))); -4534.65  0 29.9772 13.406 26.8889 -4578.11 0.286699 0.274893 0.130721 0.307688   0.228355   0.151111  0.0914006  0.0122201   0.508362 0.00855054
(1,2,(3,(4,(5,6)))); -4533.53  0 31.4099 13.7361 28.6784 -4579.88 0.284808 0.271932 0.150214 0.293046   0.242249   0.142722  0.0750768  0.0137746   0.518364 0.00781361
(1,2,(3,(4,(5,6)))); -4535.26  0 31.1158 13.6123 26.1141 -4578.88  0.27335 0.264637 0.157049 0.304965  0.209146  0.162004 0.0898977 0.0187495    0.5079 0.0123024
(1,2,(3,(4,(5,6)))); -4535.88  0 30.6226 13.3587 25.9003 -4579.05 0.275466 0.270223 0.142139 0.312172  0.254326  0.163435 0.0846497 0.0167816  0.466033  0.014775
(1,2,(3,(4,(5,6)))); -4541.59  0 25.7126 13.4097 26.4184 -4580.31 0.265446 0.290279 0.147443 0.296831   0.22089  0.139708 0.0798928 0.0185281  0.530713 0.0102691
(1,2,(3,(4,(5,6)))); -4539.39  0 27.0112 13.4867 23.8184 -4576.73   0.3008 0.268442   0.1451 0.285658  0.249247  0.167859 0.0956478 0.0168654  0.453909  0.016471
(1,2,(3,(4,(5,6)))); -4537.37  0 32.4195 13.6269 23.8293 -4579.99 0.296348 0.273225 0.136905 0.293523  0.224428  0.173058 0.0760767 0.0148344  0.488187 0.0234164
(1,2,(3,(4,(5,6)))); -4536.93  0 28.7669 13.3828 25.6354 -4577.95 0.286883 0.265498 0.145587 0.302031  0.242318   0.16195 0.0821739 0.0191092  0.474395  0.020054
(1,2,(3,(4,(5,6)))); -4545.36  0 27.0985 13.8736 24.5763 -4583.16  0.30816 0.251121 0.142724 0.297996  0.223902  0.135142  0.070057 0.0229694    0.5369 0.0110304
(1,2,(3,(4,(5,6)))); -4538.97  0 30.3327 13.7835 23.5067 -4579.02 0.289575 0.269743 0.133016 0.307665   0.253956   0.166967   0.101777  0.0270065    0.44198 0.00831251
(1,2,(3,(4,(5,6)))); -4537.43  0 28.3378 13.5968 26.6636 -4578.83  0.27624 0.271832 0.163241 0.288687   0.217246   0.166328  0.0779288  0.0231667     0.5091 0.00623065
(1,2,(3,(4,(5,6)))); -4535.43  0 30.8736 13.8306 25.3804 -4577.86 0.302112 0.265819  0.14144 0.290628   0.247159   0.147274   0.102904  0.0259296   0.471878 0.00485511
(1,2,(3,(4,(5,6)))); -4539.04  0 27.6204 13.0237 25.3663 -4579 0.279226 0.265598 0.146947 0.308229     0.2067   0.146292   0.100316  0.0314678   0.509309 0.00591469
(1,2,(3,(4,(5,6)))); -4535.35  0 28.526 13.6111 28.2706 -4578.53 0.271467 0.278169 0.147491 0.302873   0.231176   0.153673  0.0825868  0.0244821   0.503599 0.00448356
(1,2,(3,(4,(5,6)))); -4534.98  0 29.7948 13.7743 28.2668 -4579.26 0.277514 0.274738 0.146243 0.301504   0.226816   0.144849  0.0820013   0.027171   0.514004 0.00515859
(1,2,(3,(4,(5,6)))); -4551.42  0 24.4322 13.6607 19.5482 -4581.74 0.283905 0.253158 0.158038   0.3049  0.171701  0.181202  0.089944 0.0130732  0.529303 0.0147771
(1,2,(3,(4,(5,6)))); -4539.14  0 30.8777 13.1424 24.0008 -4580.88 0.287319 0.264399  0.13814 0.310142  0.215947  0.128777 0.0675791 0.0124192  0.560592 0.0146862
(1,2,(3,(4,(5,6)))); -4537.54  0 29.7096 13.5947 25.7983 -4579.45 0.289985  0.28862 0.152002 0.269392  0.226658  0.148773 0.0849354 0.0201662  0.512229 0.0072379
(1,2,(3,(4,(5,6)))); -4541.14  0 29.7559 13.8528 20.5954 -4577.64 0.287284 0.277264 0.165312 0.270139   0.217637   0.172322  0.0916015  0.0378558   0.473984 0.00659889
(1,2,(3,(4,(5,6)))); -4539.46  0 27.9969 13.2432 26.0973 -4580.31 0.284381   0.2858 0.138854 0.290965  0.212853  0.148002 0.0673929 0.0257204  0.533606 0.0124254
(1,2,(3,(4,(5,6)))); -4532.23  0 30.942 13.2189 28.2466 -4578.2 0.291497 0.270251 0.138883 0.299369   0.22729  0.152118 0.0903116 0.0180932  0.502129 0.0100573
(1,2,(3,(4,(5,6)))); -4535.64  0 29.7645 13.3684 27.8048 -4579.84 0.277737 0.287353 0.144439 0.290471   0.222856   0.172158  0.0747057  0.0228907    0.50142 0.00597016
(1,2,(3,(4,(5,6)))); -4538.66  0 26.2811 13.412 26.7984 -4578.33 0.290445 0.272972 0.145792 0.290791   0.211001   0.155658  0.0888394  0.0206007   0.522206 0.00169451
(1,2,(3,(4,(5,6)))); -4542.72  0 24.9557 13.866 25.6699 -4579.48 0.284314 0.271271 0.144161 0.300254   0.240678   0.142223  0.0727045   0.039466   0.501284 0.00364436
(1,2,(3,(4,(5,6)))); -4541.39  0 27.8228 13.9271 25.0304 -4580.32 0.306867 0.244576 0.144777 0.303779   0.223802   0.155911  0.0714678  0.0242339   0.517769 0.00681637
(1,2,(3,(4,(5,6)))); -4540.32  0 27.1691 13.6872 26.7056 -4580.51  0.28948 0.272657 0.150886 0.286977    0.25096   0.137765  0.0593777   0.014953    0.52798 0.00896509
(1,2,(3,(4,(5,6)))); -4537.24  0 29.938 13.6812 25.2878 -4578.78 0.290643 0.269226  0.12786 0.312271   0.256873   0.128414  0.0796731   0.021032   0.504723 0.00928547
(1,2,(3,(4,(5,6)))); -4541.45  0 29.5978 13.6437 25.2253 -4582.63 0.291325 0.264983  0.14025 0.303443   0.203686   0.136446  0.0643131  0.0228578   0.563347 0.00934989
(1,2,(3,(4,(5,6)))); -4545.47  0 20.7791 12.8881 24.7524 -4578.11 0.274955 0.266347 0.148084 0.310615   0.213982   0.126822    0.10504  0.0210583   0.523366 0.00973126
(1,2,(3,(4,(5,6)))); -4538.01  0 28.8175 13.1915 26.9301 -4580.56 0.297214 0.270116 0.131575 0.301095  0.228252  0.149842 0.0691692 0.0175559  0.523559 0.0116215
(1,2,(3,(4,(5,6)))); -4535.9  0 28.4898 13.6709 27.9004 -4578.62 0.291919  0.28109 0.140039 0.286952   0.237179   0.145593  0.0871309  0.0223957   0.499112 0.00858894
(1,2,(3,(4,(5,6)))); -4542.4  0 28.9702 13.5996 22.4635 -4580.23 0.279141 0.250787 0.140844 0.329228  0.224729  0.127615 0.0735417  0.029127  0.534885  0.010103
(1,2,(3,(4,(5,6)))); -4540.05  0 29.721 13.4438 22.5007 -4578.83 0.280175  0.25094 0.167085 0.301799  0.212537  0.145384 0.0931296 0.0299946  0.507694 0.0112603
(1,2,(3,(4,(5,6)))); -4538.97  0 28.954 13.7773 24.1826 -4578.33 0.275874  0.27609  0.15238 0.295656   0.252395   0.174432  0.0624735    0.03017   0.479047 0.00148215
(1,2,(3,(4,(5,6)))); -4535.25  0 31.6623 13.5138 25.7168 -4579.12 0.276196 0.281398 0.148861 0.293545   0.237189   0.178133  0.0705246 0.00964872   0.491235  0.0132705
(1,2,(3,(4,(5,6)))); -4534.85  0 30.8054 13.7309 27.1807 -4579.11 0.274515 0.292492 0.139618 0.293374   0.255123   0.137982  0.0803347  0.0184257   0.501921 0.00621283
(1,2,(3,(4,(5,6)))); -4538.81  0 29.1675 13.4289 25.4745 -4580.02 0.284758 0.270973 0.151772 0.292497   0.277302   0.144674  0.0788533 0.00894382   0.487109  0.0031176
(1,2,(3,(4,(5,6)))); -4539.42  0 28.6817 13.5358 26.2561 -4580.82 0.291712 0.260128 0.142365 0.305796   0.198989   0.184142  0.0804396  0.0183115   0.511797 0.00632058
(1,2,(3,(4,(5,6)))); -4536.03  0 30.7567 13.6425 26.593 -4579.74 0.286546 0.273252 0.133582 0.306621  0.212972  0.162838 0.0743135 0.0265317  0.520661 0.0026845
(1,2,(3,(4,(5,6)))); -4539.45  0 30.8144 13.3322 24.5175 -4581.44 0.265682 0.286248 0.153599 0.294472   0.256307   0.177319  0.0707254   0.027768   0.463492 0.00438865
(1,2,(3,(4,(5,6)))); -4542.51  0 25.7979 13.8992 26.0237 -4580.43 0.304682 0.262786 0.147877 0.284654   0.238057   0.145563  0.0940311  0.0118605   0.506756 0.00373207
(1,2,(3,(4,(5,6)))); -4540.14  0 28.9009 13.9769 25.5245 -4580.59 0.282488 0.265764 0.144682 0.307066   0.261209   0.186497  0.0649526  0.0118264   0.471342 0.00417286
(1,2,(3,(4,(5,6)))); -4536.73  0 29.4288 13.6681 26.6855 -4579.18 0.274857 0.257315 0.145455 0.322373  0.226793  0.148955 0.0826391 0.0173162  0.515271 0.0090263
(1,2,(3,(4,(5,6)))); -4537.41  0 27.4726 13.3764 26.4755 -4577.99 0.280343 0.269561 0.155766 0.294331  0.251395  0.150415 0.0914287 0.0160979   0.47724 0.0134237
(1,2,(3,(4,(5,6)))); -4548.28  0 28.1052 13.144 21.5904 -4584.84 0.289677  0.27926 0.136356 0.294707   0.187841   0.142669  0.0588277  0.0325603   0.568318 0.00978409
(1,2,(3,(4,(5,6)))); -4539.7  0 31.8653 13.6237 23.0588 -4581 0.299435 0.283598   0.1399 0.277066  0.220018  0.131389 0.0807436 0.0311496  0.521628 0.0150722
(1,2,(3,(4,(5,6)))); -4540.68  0 28.0024 13.6852 25.7934 -4580.79 0.285279 0.266961 0.149723 0.298037  0.204938  0.150959 0.0876527  0.030509  0.513312 0.0126299
(1,2,(3,(4,(5,6)))); -4534.47  0 31.7003 13.6991 25.1996 -4577.67 0.306052 0.278437 0.129778 0.285733   0.248678   0.150621  0.0900363  0.0152923   0.485608 0.00976421
(1,2,(3,(4,(5,6)))); -4536.75  0 28.402 13.6044 27.1353 -4578.68 0.278336 0.265478  0.14787 0.308316  0.225034  0.164415 0.0753808 0.0239704  0.497604 0.0135964
(1,2,(3,(4,(5,6)))); -4532.99  0 31.6578 13.4691 27.4324 -4578.61 0.271922 0.284014 0.134587 0.309477   0.23732  0.147368  0.078539 0.0201058   0.50767 0.0089973
(1,2,(3,(4,(5,6)))); -4544.45  0 25.1755 13.4877 25.9166 -4582.06 0.269312 0.271389 0.144256 0.315043   0.203648    0.18225  0.0715154  0.0215138   0.515687 0.00538501
(1,2,(3,(4,(5,6)))); -4536.62  0 27.5672 13.4557 27.1717 -4577.9 0.276696 0.274733 0.138269 0.310301   0.232952   0.151254  0.0979841  0.0213645   0.492927 0.00351907
(1,2,(3,(4,(5,6)))); -4540.78  0 23.7592 13.0354 27.9278 -4579.43  0.28926  0.27583 0.138018 0.296892   0.242486   0.144491   0.075566  0.0139666   0.521021 0.00246894
(1,2,(3,(4,(5,6)))); -4537.75  0 28.5557 13.5383 24.7614 -4577.53 0.287692 0.265379 0.161062 0.285867  0.257664  0.179075 0.0660061 0.0187648  0.467857 0.0106322
(1,2,(3,(4,(5,6)))); -4536.86  0 31.1459 13.7839 23.9994 -4578.22 0.282324 0.268877 0.143121 0.305678   0.26577   0.14766  0.109348 0.0236643  0.449968 0.0035888
(1,2,(3,(4,(5,6)))); -4538.06  0 27.2578 13.3788 25.8209 -4577.76 0.275808 0.276465 0.145754 0.301972   0.238499   0.155938   0.101421  0.0304315   0.468512 0.00519937
(1,2,(3,(4,(5,6)))); -4540.51  0 30.6223 13.5266 22.1653 -4579.77 0.316384 0.264347 0.130601 0.288667   0.253323   0.168064  0.0572021  0.0138618   0.505398 0.00215083
(1,2,(3,(4,(5,6)))); -4539.29  0 28.6837 13.5295 23.9628 -4578.41 0.272902 0.276515 0.142616 0.307966   0.223005   0.154059   0.120969  0.0130178    0.48069 0.00826034
(1,2,(3,(4,(5,6)))); -4543.2  0 26.801 13.4295 25.5053 -4582.08 0.297936 0.274298 0.128733 0.299033   0.204379   0.160035  0.0746719  0.0273869   0.527182 0.00634489
(1,2,(3,(4,(5,6)))); -4548.03  0 30.3919 14.0545 19.6012 -4583.97 0.284148 0.268899 0.159328 0.287625  0.178018  0.194853 0.0645247 0.0280015  0.519852 0.0147517
(1,2,(3,(4,(5,6)))); -4540.52  0 27.7563 13.7315 26.1604 -4580.71 0.309798 0.261001 0.135733 0.293468   0.217363   0.159105  0.0834991  0.0163835   0.514398 0.00925194
(1,2,(3,(4,(5,6)))); -4537.85  0 26.7507 13.2761 28.2026 -4579.52 0.297335 0.268794 0.137822  0.29605    0.24446   0.149811    0.06695  0.0209049   0.511912 0.00596171
(1,2,(3,(4,(5,6)))); -4542.55  0 25.9267 13.0208 25.6373 -4581.09 0.266804 0.291981 0.145666  0.29555   0.230666   0.186357  0.0704243  0.0185103   0.484638 0.00940415
(1,2,(3,(4,(5,6)))); -4532.79  0 32.1926 13.2378 27.1732 -4578.92 0.280234 0.291464 0.140527 0.287776  0.251118  0.147531 0.0743572 0.0171189  0.498898 0.0109777
(1,2,(3,(4,(5,6)))); -4534.26  0 30.3098 13.6609 27.5393 -4578.45 0.274956  0.27766 0.137484   0.3099   0.231311   0.133513   0.079729  0.0213464    0.52875 0.00535061
(1,2,(3,(4,(5,6)))); -4539.66  0 30.0467 13.8861 24.276 -4580.1  0.30666 0.276745 0.138716 0.277879   0.210314   0.161275  0.0914106  0.0304866   0.499679 0.00683454
(1,2,(3,(4,(5,6)))); -4537.85  0 29.9621 13.0787 25.2358 -4579.96 0.282545 0.291962 0.151456 0.274037   0.251447   0.134753  0.0733942  0.0126584   0.519799 0.00794757
(1,2,(3,(4,(5,6)))); -4541.95  0 28.8972 13.3523 22.8608 -4580.36 0.274117 0.300502 0.145607 0.279774  0.252321  0.140667  0.067497 0.0076663  0.528215 0.0036339
(1,2,(3,(4,(5,6)))); -4538.83  0 29.9843 13.2934 23.2516 -4578.77 0.261619 0.279398 0.158022 0.300961   0.241245   0.165531  0.0641107 0.00757923   0.509282  0.0122509
(1,2,(3,(4,(5,6)))); -4542.48  0 24.3076 13.6659 26.4354 -4579.56 0.287791 0.267717 0.141373 0.303119  0.259415  0.166406 0.0574639 0.0181036  0.487467 0.0111445
(1,2,(3,(4,(5,6)))); -4537.06  0 29.3984 13.2064 26.5929 -4579.84  0.27669 0.292811 0.137367 0.293132   0.232213   0.153356  0.0650092  0.0261484   0.518872 0.00440142
(1,2,(3,(4,(5,6)))); -4538.26  0 28.1469 13.1032 26.3793 -4579.68 0.295463 0.263307 0.141459  0.29977  0.207975   0.15435 0.0848404 0.0239719  0.515127 0.0137353
(1,2,(3,(4,(5,6)))); -4536.4  0 30.6528 13.763 24.3553 -4577.64  0.28464 0.265909 0.156574 0.292877   0.227801    0.19333  0.0925788    0.02369   0.459362 0.00323817
(1,2,(3,(4,(5,6)))); -4535.65  0 28.55 13.8766 28.7455 -4579.07 0.285355 0.267171 0.149318 0.298156   0.253401   0.158371  0.0756604  0.0184879   0.489819 0.00426023
(1,2,(3,(4,(5,6)))); -4536.75  0 30.6557 13.3735 26.7436 -4580.78 0.266602 0.287074 0.148404  0.29792   0.243703   0.141299  0.0638479  0.0146672     0.5294 0.00708372
(1,2,(3,(4,(5,6)))); -4539.28  0 30.8675 13.9596 23.7461 -4579.94 0.282274 0.252055 0.153051 0.312619   0.276301   0.171647  0.0739763  0.0188138   0.450239 0.00902378
(1,2,(3,(4,(5,6)))); -4536.49  0 30.5336 13.4134 24.9157 -4578.52 0.278395  0.28445 0.145745 0.291411   0.272098   0.150666  0.0966779  0.0196671   0.458449 0.00244189
(1,2,(3,(4,(5,6)))); -4535.24  0 30.0039 13.2453 26.4154 -4578.41 0.282318 0.287702 0.137313 0.292667   0.248206   0.154791  0.0842372  0.0266742   0.483709 0.00238225
(1,2,(3,(4,(5,6)))); -4535.22  0 31.7497 13.7596 23.223 -4576.43 0.306017 0.260218 0.153849 0.279916  0.240107  0.177097 0.0889939 0.0168775  0.462688 0.0142368
(1,2,(3,(4,(5,6)))); -4543.75  0 29.3203 14.0495 22.5244 -4581.55 0.286205  0.26776 0.157106  0.28893  0.218203  0.167764 0.0579874 0.0127719  0.520861 0.0224121
(1,2,(3,(4,(5,6)))); -4538.63  0 29.8191 13.709 25.056 -4579.8 0.291285 0.284565 0.135098 0.289052  0.226428  0.147358  0.076365 0.0352826  0.502932 0.0116346
(1,2,(3,(4,(5,6)))); -4538.62  0 26.9084 13.3176 27.8265 -4580.04 0.274617 0.279462 0.145504 0.300416   0.215198   0.176354  0.0810643   0.017205   0.506484 0.00369494
(1,2,(3,(4,(5,6)))); -4537.68  0 27.1294 13.3861 27.1354 -4578.56 0.286659 0.286716 0.148045  0.27858  0.257902  0.154409 0.0777319 0.0148056  0.488747 0.0064041
(1,2,(3,(4,(5,6)))); -4538.58  0 29.2309 14.0694 26.2884 -4580.03 0.290084  0.25439 0.154018 0.301508  0.228316  0.138712 0.0761586 0.0258538  0.519826 0.0111345
(1,2,(3,(4,(5,6)))); -4535.77  0 29.1937 14.0121 28.3639 -4579.31 0.269475 0.272045 0.151703 0.306777   0.23624  0.160871 0.0797264 0.0166517  0.500027 0.0064836
(1,2,(3,(4,(5,6)))); -4537.92  0 29.1202 13.3892 24.8092 -4578.46 0.275309 0.281267 0.157792 0.285631   0.247628   0.162712  0.0886588  0.0294327   0.461976 0.00959272
(1,2,(3,(4,(5,6)))); -4542.88  0 28.4009 13.9773 24.6546 -4581.96 0.268657 0.284246 0.143712 0.303386   0.284965   0.149048   0.063598  0.0248952   0.472163 0.00533073
(1,2,(3,(4,(5,6)))); -4533.03  0 31.6787 13.3389 27.9932 -4579.36 0.280407 0.282118 0.153268 0.284207     0.2289   0.153287  0.0747607  0.0227196   0.515404 0.00492942
(1,2,(3,(4,(5,6)))); -4538.06  0 28.4689 13.1138 25.3872 -4578.8 0.283753 0.283658 0.127734 0.304855  0.235105  0.156772 0.0884436  0.011044  0.496525 0.0121096
(1,2,(3,(4,(5,6)))); -4548.97  0 22.9254 13.4757 22.9983 -4581.42 0.310298 0.262999 0.133559 0.293145   0.191544   0.140485  0.0905243  0.0224176   0.550203 0.00482613
(1,2,(3,(4,(5,6)))); -4536.54  0 31.6056 13.8401 26.0398 -4580.34 0.289091 0.252577 0.158724 0.299608   0.251587   0.134925  0.0790606  0.0152656   0.509525 0.00963787
(1,2,(3,(4,(5,6)))); -4538.15  0 30.0168 13.6389 23.5002 -4578.03 0.287141 0.252108 0.142126 0.318625    0.2104  0.154332   0.10639 0.0230585  0.493935 0.0118856
(1,2,(3,(4,(5,6)))); -4536.42  0 31.5418 13.7012 25.3749 -4579.63 0.287203 0.272623 0.135665 0.304508  0.213151  0.155962 0.0863612 0.0366695  0.504159 0.0036969
(1,2,(3,(4,(5,6)))); -4536.39  0 29.1817 13.3778 26.1832 -4578.37 0.299423 0.258208 0.139679 0.302689   0.223641   0.147887   0.088342  0.0291322   0.501645 0.00935214
(1,2,(3,(4,(5,6)))); -4543.45  0 24.4132 13.532 27.6445 -4581.98 0.275432 0.274491 0.146017  0.30406   0.207485   0.154527  0.0698113  0.0194888   0.540227 0.00846155
(1,2,(3,(4,(5,6)))); -4538.9  0 29.3798 13.6768 25.1467 -4579.75 0.278798 0.254712 0.150592 0.315897   0.261399   0.138571   0.078717  0.0276083    0.49054 0.00316525
(1,2,(3,(4,(5,6)))); -4542.4  0 29.9674 13.63 21.0947 -4579.83 0.298702 0.265351 0.154376 0.281571   0.189607   0.203255  0.0933364  0.0240393    0.48111 0.00865257
(1,2,(3,(4,(5,6)))); -4535.72  0 29.5264 13.4797 26.465 -4578.23  0.29434 0.276198 0.136171 0.293292   0.267545   0.157338  0.0872371  0.0193429   0.464807 0.00372973
(1,2,(3,(4,(5,6)))); -4534.12  0 30.4551 13.293 28.046 -4579.33 0.279097 0.282855 0.135625 0.302423   0.236578   0.160975  0.0658121  0.0208708   0.509064 0.00669963
(1,2,(3,(4,(5,6)))); -4541.14  0 28.6792 13.6491 24.5067 -4580.68 0.272668 0.292234 0.138378 0.296719  0.244105  0.120223 0.0658848 0.0170419  0.542504 0.0102414
(1,2,(3,(4,(5,6)))); -4540.46  0 26.6803 13.6331 25.5608 -4579.07 0.285671 0.261859 0.147779 0.304691  0.213038  0.164977 0.0643459 0.0240549  0.517267 0.0163176
(1,2,(3,(4,(5,6)))); -4534.23  0 31.6982 13.4699 24.9426 -4577.4 0.302478 0.268306 0.145514 0.283702   0.234091   0.153831   0.109878  0.0168278   0.476058 0.00931244
(1,2,(3,(4,(5,6)))); -4538.45  0 30.5358 13.7985 24.5088 -4579.7 0.272741 0.257909 0.151377 0.317972   0.213214   0.143848   0.108531  0.0178335   0.509856 0.00671788
(1,2,(3,(4,(5,6)))); -4537.42  0 28.0061 13.713 25.8848 -4577.59  0.29895  0.25322 0.151915 0.295915  0.230573  0.178402 0.0749929 0.0210247  0.484228  0.010779
(1,2,(3,(4,(5,6)))); -4543.53  0 28.249 13.2313 22.5395 -4581.09 0.289095 0.254252  0.15461 0.302043    0.221994    0.122723   0.0783703   0.0231199    0.552813 0.000980793
(1,2,(3,(4,(5,6)))); -4536.83  0 29.936 13.9834 24.201 -4576.99 0.293138 0.257192 0.159279 0.290392    0.2156  0.168196 0.0976204 0.0200141  0.484441 0.0141282
