tree logl logTop logProp logPrior logWt
(1,(2,3),(4,(5,6))); -4535.76 -1.2543 31.6319 13.4311 -4552.71
(1,(2,3),(4,(5,6))); -4542.51 -1.2543 24.5196 13.7377 -4552.04
(1,2,(3,((4,6),5))); -4534.9 -1.66192 28.7285 13.5323 -4548.43
(1,2,(3,(4,(5,6)))); -4536.25 -1.00705 28.4057 13.8987 -4549.75
(1,(2,3),((4,6),5)); -4543.24 -1.90918 28.7829 13.3551 -4556.75
(1,(2,3),(4,(5,6))); -4538.34 -1.2543 29.0694 13.6065 -4552.55
(1,2,(3,((4,6),5))); -4534.86 -1.66192 28.4677 13.1394 -4548.52
(1,2,(3,(4,(5,6)))); -4535.6 -1.00705 27.3121 13.3534 -4548.55
(1,(2,3),((4,6),5)); -4541.18 -1.90918 31.4533 13.7433 -4556.99
(1,2,(3,((4,6),5))); -4536.98 -1.66192 27.1434 13.7238 -4548.73
(1,(2,3),((4,6),5)); -4542.16 -1.90918 29.8699 13.0746 -4557.04
(1,(2,3),(4,(5,6))); -4536.57 -1.2543 30.6064 13.6082 -4552.32
(1,2,(3,(4,(5,6)))); -4532.33 -1.00705 31.6052 13.6328 -4549.29
(1,2,(3,(4,(5,6)))); -4535.07 -1.00705 28.2689 13.2557 -4549.07
(1,(2,3),(4,(5,6))); -4537.29 -1.2543 29.198 13.3433 -4551.89
(1,(2,3),(4,(5,6))); -4535.11 -1.2543 31.7257 13.4907 -4552.09
(1,2,(3,((4,6),5))); -4532.68 -1.66192 31.114 13.4758 -4548.66
(1,(2,3),(4,(5,6))); -4540.91 -1.2543 25.5797 13.2997 -4551.94
(1,2,(3,(4,(5,6)))); -4533.55 -1.00705 29.4169 13.1681 -4548.8
(1,(2,3),((4,6),5)); -4540.74 -1.90918 31.3655 13.3427 -4556.85
(1,2,(3,((4,6),5))); -4535.27 -1.66192 28.847 13.6034 -4548.86
(1,2,(3,(4,(5,6)))); -4532.02 -1.00705 31.9596 13.7812 -4549.2
(1,(2,3),(4,(5,6))); -4537.59 -1.2543 30.2441 14.0624 -4552.51
(1,(2,3),(4,(5,6))); -4537.09 -1.2543 30.8162 13.7852 -4552.86
(1,(2,3),((4,6),5)); -4540.48 -1.90918 31.3124 13.3056 -4556.58
(1,(2,3),((4,6),5)); -4544.08 -1.90918 27.7836 13.2612 -4556.69
(1,(2,3),(4,(5,6))); -4537.18 -1.2543 29.899 13.5835 -4552.24
(1,(2,3),(4,(5,6))); -4540.13 -1.2543 27.1912 13.4813 -4552.59
(1,2,(3,(4,(5,6)))); -4537 -1.00705 26.8237 13.524 -4549.29
(1,2,(3,((4,6),5))); -4534.54 -1.66192 29.5005 13.7969 -4548.58
(1,2,(3,((4,6),5))); -4536.96 -1.66192 26.6292 13.3281 -4548.6
(1,(2,3),(4,(5,6))); -4536.75 -1.2543 30.8059 13.7311 -4552.57
(1,2,(3,(4,(5,6)))); -4531.97 -1.00705 31.873 13.6446 -4549.19
(1,(2,3),((4,6),5)); -4545.18 -1.90918 26.856 13.4003 -4556.72
(1,(2,3),(4,(5,6))); -4534.06 -1.2543 33.1325 13.6484 -4552.29
(1,2,(3,(4,(5,6)))); -4541.99 -1.00705 20.314 13.1557 -4548.14
(1,(2,3),((4,6),5)); -4542 -1.90918 29.992 13.7853 -4556.3
(1,2,(3,((4,6),5))); -4533.06 -1.66192 30.632 13.3157 -4548.72
(1,2,(3,((4,6),5))); -4533.68 -1.66192 30.0113 13.3947 -4548.63
(1,2,(3,(4,(5,6)))); -4533.36 -1.00705 30.1358 13.2911 -4549.19
(1,(2,3),((4,6),5)); -4541.43 -1.90918 30.3774 13.0904 -4556.81
(1,2,(3,((4,6),5))); -4537.83 -1.66192 26.7542 13.7237 -4549.2
(1,2,(3,(4,(5,6)))); -4531.63 -1.00705 32.0526 13.6677 -4549.01
(1,(2,3),((4,6),5)); -4542.01 -1.90918 30.8461 13.7061 -4557.24
(1,2,(3,(4,(5,6)))); -4534.44 -1.00705 29.414 13.63 -4549.22
(1,2,(3,((4,6),5))); -4533.65 -1.66192 30.5988 13.5521 -4549.03
(1,2,(3,(4,(5,6)))); -4533.36 -1.00705 30.9883 13.7835 -4549.56
(1,2,(3,(4,(5,6)))); -4538.66 -1.00705 23.9534 13.0982 -4548.5
(1,(2,3),(4,(5,6))); -4535.48 -1.2543 31.2897 13.208 -4552.31
(1,(2,3),(4,(5,6))); -4536.59 -1.2543 30.7336 13.3746 -4552.7
(1,2,(3,(4,(5,6)))); -4533.26 -1.00705 29.5553 13.183 -4548.63
(1,2,(3,((4,6),5))); -4533.54 -1.66192 30.5556 13.6282 -4548.81
(1,(2,3),(4,(5,6))); -4535.99 -1.2543 31.5354 13.7387 -4552.53
(1,2,(3,((4,6),5))); -4534.66 -1.66192 28.2627 13.0027 -4548.26
(1,2,(3,(4,(5,6)))); -4535.53 -1.00705 28.1905 13.8449 -4548.87
(1,(2,3),(4,(5,6))); -4538.63 -1.2543 29.2103 13.6808 -4552.91
(1,2,(3,(4,(5,6)))); -4532.43 -1.00705 30.696 13.1452 -4548.97
(1,(2,3),((4,6),5)); -4546.51 -1.90918 25.5102 12.9877 -4557.12
(1,(2,3),((4,6),5)); -4541 -1.90918 31.1587 13.635 -4556.62
(1,(2,3),((4,6),5)); -4546.22 -1.90918 26.3294 13.051 -4557.59
(1,(2,3),((4,6),5)); -4541.28 -1.90918 30.4418 13.063 -4556.75
(1,2,(3,(4,(5,6)))); -4536.66 -1.00705 27.637 13.8308 -4549.46
(1,2,(3,((4,6),5))); -4534.61 -1.66192 29.8468 13.683 -4549.11
(1,(2,3),((4,6),5)); -4544.1 -1.90918 28.256 13.7071 -4556.74
(1,(2,3),(4,(5,6))); -4534.83 -1.2543 32.356 13.645 -4552.29
(1,(2,3),(4,(5,6))); -4536.94 -1.2543 30.3963 13.4036 -4552.68
(1,(2,3),(4,(5,6))); -4537.61 -1.2543 29.423 13.2349 -4552.55
(1,(2,3),(4,(5,6))); -4538.09 -1.2543 28.7914 13.5138 -4552.12
(1,(2,3),(4,(5,6))); -4535.53 -1.2543 31.2564 13.3856 -4552.15
(1,(2,3),((4,6),5)); -4541.99 -1.90918 30.0616 13.1214 -4557.02
(1,(2,3),((4,6),5)); -4543.52 -1.90918 29.2305 13.9641 -4556.87
(1,2,(3,(4,(5,6)))); -4533.78 -1.00705 29.5467 13.3837 -4548.94
(1,2,(3,(4,(5,6)))); -4533.04 -1.00705 31.2334 13.7172 -4549.55
(1,(2,3),(4,(5,6))); -4538.2 -1.2543 28.7231 13.3896 -4552.28
(1,2,(3,(4,(5,6)))); -4535.29 -1.00705 28.988 13.9644 -4549.31
(1,2,(3,(4,(5,6)))); -4537.15 -1.00705 26.7501 13.5842 -4549.31
(1,(2,3),(4,(5,6))); -4537.38 -1.2543 29.0698 12.9802 -4552.21
(1,2,(3,(4,(5,6)))); -4533.14 -1.00705 30.4069 13.4183 -4549.12
(1,2,(3,(4,(5,6)))); -4534.89 -1.00705 28.2517 13.0296 -4549.1
(1,2,(3,((4,6),5))); -4533.03 -1.66192 30.8602 13.7993 -4548.43
(1,(2,3),(4,(5,6))); -4537.65 -1.2543 29.0487 13.0418 -4552.41
(1,(2,3),((4,6),5)); -4542.45 -1.90918 30.0779 13.7965 -4556.82
(1,(2,3),(4,(5,6))); -4536.64 -1.2543 30.4402 13.5943 -4552.24
(1,2,(3,(4,(5,6)))); -4534.62 -1.00705 28.7571 13.5537 -4548.81
(1,(2,3),(4,(5,6))); -4541 -1.2543 26.7115 13.7132 -4552.74
(1,(2,3),((4,6),5)); -4541.21 -1.90918 30.6488 13.5024 -4556.45
(1,2,(3,(4,(5,6)))); -4535.19 -1.00705 28.1119 13.6132 -4548.68
(1,(2,3),((4,6),5)); -4544.2 -1.90918 27.7523 13.0402 -4557
(1,2,(3,(4,(5,6)))); -4532.36 -1.00705 31.6432 13.7973 -4549.2
(1,2,(3,(4,(5,6)))); -4537.13 -1.00705 26.2732 13.5191 -4548.88
(1,2,(3,(4,(5,6)))); -4535.37 -1.00705 29.0679 13.6106 -4549.82
(1,(2,3),((4,6),5)); -4542.22 -1.90918 29.5931 13.2119 -4556.7
(1,2,(3,(4,(5,6)))); -4531.39 -1.00705 32.5677 13.6083 -4549.34
(1,2,(3,((4,6),5))); -4538.65 -1.66192 25.1862 13.8175 -4548.36
(1,(2,3),(4,(5,6))); -4536.99 -1.2543 30.2021 13.3951 -4552.54
(1,2,(3,(4,(5,6)))); -4534.73 -1.00705 28.7086 13.6578 -4548.77
(1,(2,3),(4,(5,6))); -4538.66 -1.2543 28.8674 14.0971 -4552.17
(1,(2,3),(4,(5,6))); -4536.97 -1.2543 30.5331 13.842 -4552.41
(1,(2,3),(4,(5,6))); -4537.22 -1.2543 30.4496 13.6112 -4552.8
(1,2,(3,(4,(5,6)))); -4533.52 -1.00705 30.5438 13.7767 -4549.28
(1,(2,3),(4,(5,6))); -4537.11 -1.2543 29.5478 13.1108 -4552.29
(1,(2,3),((4,6),5)); -4541.11 -1.90918 30.7892 13.3172 -4556.67
(1,(2,3),(4,(5,6))); -4542.45 -1.2543 25.4317 13.7127 -4552.91
(1,(2,3),(4,(5,6))); -4537.01 -1.2543 29.1687 13.0578 -4551.87
(1,2,(3,(4,(5,6)))); -4535.14 -1.00705 28.2681 12.9588 -4549.45
(1,2,(3,((4,6),5))); -4532.78 -1.66192 30.9991 13.4952 -4548.63
(1,2,(3,(4,(5,6)))); -4536.72 -1.00705 26.6131 13.3307 -4548.99
(1,(2,3),(4,(5,6))); -4538.9 -1.2543 29.2754 14.1573 -4552.76
(1,(2,3),(4,(5,6))); -4536.7 -1.2543 30.5026 13.6587 -4552.29
(1,(2,3),((4,6),5)); -4543.32 -1.90918 27.8906 13.2671 -4556.04
(1,2,(3,(4,(5,6)))); -4537.71 -1.00705 26.303 13.6279 -4549.38
(1,(2,3),(4,(5,6))); -4539.17 -1.2543 28.1528 13.7154 -4552.35
(1,(2,3),((4,6),5)); -4543.41 -1.90918 29.2131 13.6616 -4557.05
(1,2,(3,(4,(5,6)))); -4531.58 -1.00705 32.1503 13.7239 -4549
(1,2,(3,(4,(5,6)))); -4534.69 -1.00705 28.8707 13.7076 -4548.85
(1,(2,3),(4,(5,6))); -4540.71 -1.2543 25.9451 13.3056 -4552.09
(1,2,(3,(4,(5,6)))); -4537.87 -1.00705 26.1736 14.0284 -4549.01
(1,2,(3,(4,(5,6)))); -4532.88 -1.00705 30.171 13.275 -4548.77
(1,2,(3,(4,(5,6)))); -4535.29 -1.00705 28.0933 13.1827 -4549.2
(1,(2,3),(4,(5,6))); -4534.9 -1.2543 32.1763 13.7181 -4552.11
(1,2,(3,((4,6),5))); -4532.36 -1.66192 31.9266 13.7322 -4548.89
(1,2,(3,(4,(5,6)))); -4534.08 -1.00705 29.3028 13.2129 -4549.16
(1,(2,3),(4,(5,6))); -4537.7 -1.2543 29.8909 13.9499 -4552.38
(1,2,(3,(4,(5,6)))); -4533.16 -1.00705 31.1652 13.8898 -4549.43
(1,2,(3,(4,(5,6)))); -4535.49 -1.00705 29.0371 13.8325 -4549.69
(1,(2,3),((4,6),5)); -4539.98 -1.90918 31.9823 13.3201 -4556.73
(1,2,(3,(4,(5,6)))); -4534.8 -1.00705 28.7792 13.3246 -4549.25
(1,2,(3,(4,(5,6)))); -4533.52 -1.00705 29.9626 13.4604 -4549.01
(1,(2,3),(4,(5,6))); -4540.78 -1.2543 26.5215 13.8234 -4552.22
(1,(2,3),(4,(5,6))); -4535.71 -1.2543 31.4156 13.5613 -4552.31
(1,(2,3),(4,(5,6))); -4536.96 -1.2543 30.2013 13.3418 -4552.56
(1,(2,3),(4,(5,6))); -4535.58 -1.2543 30.8059 13.1113 -4552.02
(1,2,(3,(4,(5,6)))); -4536.31 -1.00705 27.0818 13.4585 -4548.93
(1,2,(3,(4,(5,6)))); -4532.04 -1.00705 31.7242 13.666 -4549.09
(1,2,(3,((4,6),5))); -4534.37 -1.66192 28.8948 13.3385 -4548.27
(1,(2,3),(4,(5,6))); -4541 -1.2543 27.1401 14.2548 -4552.63
(1,2,(3,(4,(5,6)))); -4535.79 -1.00705 28.3348 13.4628 -4549.65
(1,(2,3),((4,6),5)); -4548.54 -1.90918 23.7916 13.9094 -4556.52
(1,(2,3),(4,(5,6))); -4537.47 -1.2543 30.1177 13.6032 -4552.74
(1,(2,3),(4,(5,6))); -4537.17 -1.2543 30.2928 13.3294 -4552.88
(1,(2,3),((4,6),5)); -4543.05 -1.90918 29.2301 13.2759 -4557.09
(1,2,(3,(4,(5,6)))); -4533.68 -1.00705 29.9292 13.2934 -4549.31
(1,2,(3,(4,(5,6)))); -4539.48 -1.00705 25.0457 13.8331 -4549.69
(1,(2,3),((4,6),5)); -4541.54 -1.90918 30.9422 13.6377 -4556.93
(1,2,(3,(4,(5,6)))); -4536.41 -1.00705 27.8593 13.824 -4549.44
(1,(2,3),(4,(5,6))); -4539.52 -1.2543 27.4267 13.312 -4552.38
(1,(2,3),(4,(5,6))); -4535.12 -1.2543 31.7683 13.3808 -4552.25
(1,(2,3),(4,(5,6))); -4535.82 -1.2543 31.2995 13.5406 -4552.32
(1,(2,3),(4,(5,6))); -4537.32 -1.2543 29.7423 13.3723 -4552.44
(1,2,(3,((4,6),5))); -4537.35 -1.66192 26.2649 13.3336 -4548.62
(1,2,(3,(4,(5,6)))); -4537.19 -1.00705 25.6562 12.9237 -4548.92
(1,(2,3),(4,(5,6))); -4538.53 -1.2543 27.8575 13.0456 -4552.09
(1,2,(3,(4,(5,6)))); -4536.29 -1.00705 26.9737 13.4173 -4548.84
(1,2,(3,(4,(5,6)))); -4536.22 -1.00705 27.5623 13.7044 -4549.08
(1,(2,3),((4,6),5)); -4544.02 -1.90918 28.2458 13.2736 -4557.08
(1,2,(3,(4,(5,6)))); -4535.98 -1.00705 27.5358 13.4762 -4549.03
(1,(2,3),((4,6),5)); -4546.11 -1.90918 26.6093 14.0012 -4556.81
(1,2,(3,(4,(5,6)))); -4532.25 -1.00705 31.7251 13.5539 -4549.41
(1,(2,3),(4,(5,6))); -4541.95 -1.2543 25.8347 14.1936 -4552.34
(1,(2,3),((4,6),5)); -4544.42 -1.90918 27.5846 13.591 -4556.51
(1,2,(3,(4,(5,6)))); -4535.66 -1.00705 28.2823 13.4973 -4549.44
(1,2,(3,(4,(5,6)))); -4533.06 -1.00705 30.2524 13.3085 -4549
(1,2,(3,(4,(5,6)))); -4533.9 -1.00705 29.1597 13.369 -4548.68
(1,2,(3,(4,(5,6)))); -4534.76 -1.00705 29.3885 13.7853 -4549.36
(1,2,(3,(4,(5,6)))); -4536.81 -1.00705 26.0569 13.1405 -4548.72
(1,(2,3),(4,(5,6))); -4535.72 -1.2543 31.5345 13.809 -4552.19
(1,2,(3,(4,(5,6)))); -4536.05 -1.00705 27.7189 13.6628 -4549.1
(1,2,(3,(4,(5,6)))); -4536.22 -1.00705 27.165 13.1737 -4549.2
(1,2,(3,(4,(5,6)))); -4542.94 -1.00705 20.258 12.9414 -4549.25
(1,(2,3),(4,(5,6))); -4538.37 -1.2543 29.373 13.9171 -4552.57
(1,(2,3),((4,6),5)); -4541.38 -1.90918 31.2992 13.3783 -4557.39
(1,2,(3,(4,(5,6)))); -4535.3 -1.00705 27.8054 13.4184 -4548.68
(1,(2,3),(4,(5,6))); -4535.52 -1.2543 31.9868 13.7823 -4552.47
(1,2,(3,(4,(5,6)))); -4535.63 -1.00705 27.6378 13.5343 -4548.72
(1,(2,3),(4,(5,6))); -4541.6 -1.2543 25.57 13.3918 -4552.53
(1,2,(3,(4,(5,6)))); -4532.27 -1.00705 32.1277 13.8186 -4549.58
(1,(2,3),(4,(5,6))); -4537.26 -1.2543 30.2283 13.5729 -4552.66
(1,(2,3),(4,(5,6))); -4540.23 -1.2543 26.7442 13.5571 -4552.16
(1,2,(3,((4,6),5))); -4535.37 -1.66192 27.8535 13.5856 -4547.98
(1,2,(3,((4,6),5))); -4534.66 -1.66192 28.9117 13.5135 -4548.4
(1,2,(3,((4,6),5))); -4537.07 -1.66192 28.1952 13.8959 -4549.7
(1,2,(3,(4,(5,6)))); -4534.54 -1.00705 29.266 13.4874 -4549.31
(1,2,(3,(4,(5,6)))); -4534.14 -1.00705 29.6875 13.4717 -4549.35
(1,2,(3,(4,(5,6)))); -4532.58 -1.00705 30.7723 13.8019 -4548.54
(1,2,(3,(4,(5,6)))); -4531.64 -1.00705 32.2047 13.6353 -4549.2
(1,(2,3),(4,(5,6))); -4537.16 -1.2543 30.6096 13.6174 -4552.9
(1,2,(3,(4,(5,6)))); -4531.59 -1.00705 32.5215 13.7215 -4549.39
(1,(2,3),(4,(5,6))); -4536.03 -1.2543 31.2552 13.7468 -4552.28
(1,2,(3,((4,6),5))); -4533.71 -1.66192 29.8912 13.5263 -4548.42
(1,2,(3,(4,(5,6)))); -4530.97 -1.00705 32.6039 13.4358 -4549.14
(1,(2,3),(4,(5,6))); -4537.83 -1.2543 29.2222 13.2182 -4552.58
(1,2,(3,((4,6),5))); -4539.24 -1.66192 24.5607 13.5754 -4548.56
(1,2,(3,(4,(5,6)))); -4532.73 -1.00705 30.3837 13.4976 -4548.61
(1,2,(3,(4,(5,6)))); -4535.8 -1.00705 27.281 13.1876 -4548.88
(1,2,(3,(4,(5,6)))); -4533.83 -1.00705 30.1997 13.5867 -4549.43
(1,(2,3),(4,(5,6))); -4534.7 -1.2543 32.8721 13.8062 -4552.51
(1,(2,3),(4,(5,6))); -4535.27 -1.2543 31.3649 13.3669 -4552.02
(1,(2,3),(4,(5,6))); -4538.37 -1.2543 29.4084 13.8075 -4552.72
(1,(2,3),((4,6),5)); -4544.25 -1.90918 27.1652 13.4448 -4556.06
(1,(2,3),(4,(5,6))); -4535.9 -1.2543 30.8869 13.2425 -4552.29
(1,(2,3),(4,(5,6))); -4535.1 -1.2543 32.0499 13.3433 -4552.55
(1,2,(3,(4,(5,6)))); -4534.01 -1.00705 29.3905 13.5698 -4548.82
(1,(2,3),(4,(5,6))); -4539.01 -1.2543 28.2208 13.5255 -4552.45
(1,(2,3),(4,(5,6))); -4539.03 -1.2543 28.3344 13.7863 -4552.33
(1,2,(3,(4,(5,6)))); -4532.63 -1.00705 31.1635 13.5212 -4549.26
(1,(2,3),(4,(5,6))); -4536.97 -1.2543 29.8928 13.4167 -4552.19
(1,(2,3),(4,(5,6))); -4537.27 -1.2543 30.0403 13.4954 -4552.56
(1,(2,3),(4,(5,6))); -4541.62 -1.2543 25.9931 13.5505 -4552.81
(1,(2,3),((4,6),5)); -4540.41 -1.90918 31.6282 13.2348 -4556.9
(1,(2,3),(4,(5,6))); -4537.44 -1.2543 30.0435 13.6581 -4552.57
(1,(2,3),((4,6),5)); -4540.89 -1.90918 31.6509 13.8483 -4556.79
(1,(2,3),(4,(5,6))); -4538.96 -1.2543 27.9119 13.3223 -4552.29
(1,(2,3),(4,(5,6))); -4538.46 -1.2543 29.3596 14.0123 -4552.55
(1,(2,3),((4,6),5)); -4544.01 -1.90918 28.7543 13.9308 -4556.92
(1,2,(3,((4,6),5))); -4533.09 -1.66192 30.7248 13.482 -4548.68
(1,2,(3,((4,6),5))); -4537.73 -1.66192 26.2456 13.2298 -4549.09
(1,(2,3),(4,(5,6))); -4536.54 -1.2543 30.1007 13.2992 -4552.08
(1,(2,3),(4,(5,6))); -4539.45 -1.2543 27.7286 13.2468 -4552.67
(1,2,(3,((4,6),5))); -4538.17 -1.66192 25.9558 13.8198 -4548.64
(1,(2,3),(4,(5,6))); -4538.8 -1.2543 28.507 13.7884 -4552.27
(1,2,(3,(4,(5,6)))); -4531.39 -1.00705 32.5336 13.7335 -4549.18
(1,(2,3),(4,(5,6))); -4538.69 -1.2543 27.9826 13.0892 -4552.33
(1,2,(3,((4,6),5))); -4540.39 -1.66192 23.4038 13.423 -4548.71
(1,(2,3),(4,(5,6))); -4537.09 -1.2543 29.9754 13.6279 -4552.19
(1,(2,3),(4,(5,6))); -4536.41 -1.2543 30.5283 13.3063 -4552.37
(1,2,(3,(4,(5,6)))); -4534.34 -1.00705 29.4863 13.5239 -4549.3
(1,2,(3,(4,(5,6)))); -4534.97 -1.00705 28.9866 13.5382 -4549.41
(1,2,(3,(4,(5,6)))); -4532.99 -1.00705 30.8375 13.6558 -4549.17
(1,(2,3),(4,(5,6))); -4535.8 -1.2543 30.8223 13.2869 -4552.08
(1,2,(3,(4,(5,6)))); -4536.88 -1.00705 26.1411 13.0605 -4548.95
(1,(2,3),((4,6),5)); -4541.48 -1.90918 30.9917 13.7237 -4556.83
(1,(2,3),((4,6),5)); -4541.79 -1.90918 30.4997 13.4311 -4556.95
(1,2,(3,(4,(5,6)))); -4533.82 -1.00705 29.6698 13.5547 -4548.93
(1,2,(3,(4,(5,6)))); -4536.09 -1.00705 27.8665 13.5158 -4549.43
(1,(2,3),(4,(5,6))); -4534.66 -1.2543 31.9685 13.2387 -4552.13
(1,(2,3),(4,(5,6))); -4535.68 -1.2543 32.0541 13.9461 -4552.54
(1,2,(3,(4,(5,6)))); -4534.16 -1.00705 29.5237 13.5643 -4549.11
(1,2,(3,((4,6),5))); -4535.44 -1.66192 28.1834 13.084 -4548.88
(1,(2,3),((4,6),5)); -4543.84 -1.90918 27.6071 13.1419 -4556.39
(1,2,(3,((4,6),5))); -4538.57 -1.66192 24.6922 13.2195 -4548.38
(1,2,(3,(4,(5,6)))); -4534.77 -1.00705 28.6724 13.198 -4549.24
(1,2,(3,(4,(5,6)))); -4537.63 -1.00705 26.4435 13.8312 -4549.24
(1,(2,3),((4,6),5)); -4545.35 -1.90918 26.578 13.2399 -4556.78
(1,(2,3),((4,6),5)); -4540.47 -1.90918 31.6575 13.4789 -4556.74
(1,2,(3,(4,(5,6)))); -4534.04 -1.00705 29.5761 13.5353 -4549.08
(1,2,(3,(4,(5,6)))); -4533.22 -1.00705 30.619 13.6697 -4549.16
(1,(2,3),(4,(5,6))); -4537.88 -1.2543 29.5682 13.7516 -4552.45
(1,(2,3),(4,(5,6))); -4538.79 -1.2543 28.7944 13.4994 -4552.83
(1,2,(3,(4,(5,6)))); -4534.93 -1.00705 28.0309 13.0105 -4548.94
(1,(2,3),((4,6),5)); -4544.09 -1.90918 28.5908 13.7672 -4557
