tree logl logTop logBL logPrior logQ logWt pi1 pi2 pi3 pi4 s1 s2 s3 s4 s5 s6
(1,(2,(4,(5,6))),3); -4537.2  -2.13667 31.8171 13.4349 26.6849 -4580.13 0.276883 0.286153 0.150432 0.286531  0.242815  0.162595 0.0661976 0.0172762  0.500043 0.0110732
(1,(2,3),((4,6),5)); -4541.82  -2.21502 32.3232 13.5032 27.11 -4585.54  0.27814 0.280123  0.14867 0.293067   0.261681    0.16542  0.0658574  0.0200216   0.480648 0.00637178
(1,2,(3,((4,6),5))); -4537.38  -1.79996 28.8797 13.1826 25.1116 -4576.39 0.258646 0.292113 0.150231  0.29901   0.234967   0.152822  0.0759522   0.015445   0.513062 0.00775223
(1,(2,(4,(5,6))),3); -4540.31  -2.13667 30.539 13.6952 26.5988 -4581.62 0.293447 0.281251 0.130222  0.29508   0.228993   0.176198  0.0852127  0.0164206   0.483561 0.00961423
(1,2,(3,(4,(5,6)))); -4536.23  -1.16157 28.2936 13.6855 28.5274 -4578.2 0.294526 0.266283 0.135024 0.304167   0.232364   0.150591  0.0882348  0.0123148   0.510219 0.00627604
(1,2,(3,((4,6),5))); -4539.16  -1.79996 27.8583 13.3616 26.0455 -4577.9 0.280077 0.281616 0.147707   0.2906  0.251935  0.138467 0.0808132 0.0314219  0.484757 0.0126062
(1,(2,3),(4,(5,6))); -4539.87  -1.57663 31.5526 13.6191 24.6469 -4580.87  0.28717 0.272206 0.142889 0.297735  0.213539  0.128084 0.0981064 0.0122435  0.534639 0.0133885
(1,(2,3),((4,6),5)); -4544.56  -2.21502 30.4409 13.169 26.7926 -4586.41 0.292147 0.270791   0.1531 0.283961  0.238806  0.141245  0.084759 0.0284697  0.492996 0.0137246
(1,2,(3,(4,(5,6)))); -4534.37  -1.16157 29.7261 13.337 27.6762 -4577.27 0.284709 0.279289 0.146109 0.289893   0.247683   0.157137  0.0703055  0.0200887    0.50307 0.00171539
(1,2,(3,((4,6),5))); -4532.83  -1.79996 31.3988 13.464 28.2898 -4577.25 0.272721 0.281441 0.142034 0.303804   0.251367   0.154367  0.0880091  0.0138235    0.48536 0.00707371
(1,(2,(4,(5,6))),3); -4538.38  -2.13667 28.1696 13.3238 29.4308 -4580.52 0.280721 0.274702 0.146541 0.298036  0.243118  0.147013 0.0841388 0.0210411  0.501093 0.0035961
(1,(2,3),(4,(5,6))); -4539.93  -1.57663 29.2607 13.8284 26.9055 -4580.69 0.304854 0.271211 0.141845  0.28209   0.266571    0.15404  0.0831464  0.0183678   0.468799 0.00907562
(1,2,(3,(4,(5,6)))); -4532.88  -1.16157 30.422 13.0592 28.6712 -4577.75 0.297857 0.275209 0.134515  0.29242  0.250525  0.149618 0.0905074 0.0165354  0.486847 0.0059672
(1,(2,3),((4,6),5)); -4548.59  -2.21502 26.7346 13.1802 25.6078 -4585.54 0.280976 0.274098 0.162209 0.282717   0.249473   0.152308  0.0641523  0.0119054    0.51614 0.00602208
(1,2,(3,((4,6),5))); -4535.6  -1.79996 29.9962 13.1943 26.4404 -4577.04 0.281902 0.265642 0.142833 0.309623    0.24585    0.14552    0.07392 0.00976411   0.523037   0.001909
(1,(2,((4,6),5)),3); -4541.18  -2.77506 30.1624 13.6053 27.6624 -4582.63  0.27758 0.266841 0.150373 0.305206  0.231023  0.158888 0.0746543  0.026653  0.497453 0.0113285
(1,(2,3),(4,(5,6))); -4541.49  -1.57663 30.5056 13.5771 25.143 -4581.99 0.277605 0.282783  0.14012 0.299492   0.285137   0.134429  0.0837746    0.01939   0.471279 0.00598957
(1,(2,3),((4,6),5)); -4544.34  -2.21502 28.6162 13.4022 27.9489 -4585.28  0.29892  0.27128 0.149801 0.279999   0.248448   0.151458  0.0881487  0.0220682    0.48022 0.00965677
(1,2,(3,(4,(5,6)))); -4533.85  -1.16157 31.9644 13.6202 26.8923 -4577.93 0.279405  0.26701 0.147182 0.306403   0.226956   0.161216   0.111311  0.0199082    0.47557 0.00503823
(1,(2,((4,6),5)),3); -4539.91  -2.77506 30.0471 13.0889 28.1848 -4582.28 0.288449  0.27554  0.13408 0.301932  0.237276  0.165344 0.0799882 0.0146625  0.490915 0.0118138
(1,(2,3),(4,(5,6))); -4542.43  -1.57663 28.923 13.153 24.4355 -4581.06 0.304542 0.263692 0.141202 0.290564   0.285384   0.149233  0.0677771   0.021763   0.472689 0.00315379
(1,2,(3,((4,6),5))); -4545.44  -1.79996 27.1549 13.9446 22.3031 -4579.15 0.293268  0.25797 0.162369 0.286393   0.250575   0.133595   0.117358  0.0101408   0.479339 0.00899164
(1,2,(3,(4,(5,6)))); -4533.72  -1.16157 29.0666 13.3378 29.3187 -4577.61 0.292001 0.266491 0.148431 0.293077   0.258153   0.154018  0.0813822  0.0154228   0.484174 0.00685005
(1,(2,(4,(5,6))),3); -4539.48  -2.13667 31.9498 13.805 24.2877 -4579.77 0.284378  0.25731 0.159804 0.298509   0.203572   0.167317  0.0861727  0.0282312   0.510448 0.00425972
(1,(2,(4,(5,6))),3); -4534  -2.13667 32.696 13.3346 29.1973 -4580.42 0.284207 0.277626 0.150132 0.288035   0.242052   0.160483  0.0888951  0.0150506   0.487239 0.00627964
(1,2,(3,(4,(5,6)))); -4539.57  -1.16157 30.1109 13.9583 23.5447 -4578.1 0.287328 0.240583 0.149688 0.322401  0.235701  0.159942 0.0742396  0.024547  0.496171 0.0093993
(1,(2,3),(4,(5,6))); -4543.26  -1.57663 30.6519 13.7659 22.6827 -4581.25 0.271955 0.261377 0.169842 0.296827   0.267595   0.145465  0.0733798  0.0299827   0.476568 0.00700914
(1,(2,((4,6),5)),3); -4546.28  -2.77506 26.9269 13.2196 25.3471 -4582.56 0.295457 0.282272 0.148579 0.273692   0.220474   0.154228   0.108997  0.0151456   0.493504 0.00765174
(1,(2,((4,6),5)),3); -4540.66  -2.77506 29.1682 13.1765 28.6435 -4582.52 0.280787 0.280466 0.138999 0.299748   0.237709   0.138073   0.086109  0.0196124   0.511047 0.00744926
(1,(2,3),(4,(5,6))); -4541.01  -1.57663 29.8197 13.6417 24.9262 -4580.54 0.284894 0.263408  0.15823 0.293468   0.199093   0.168239  0.0915181   0.014441    0.51781 0.00889842
(1,(2,(4,(5,6))),3); -4541.21  -2.13667 28.7122 13.505 26.9652 -4581.24 0.295628 0.272571 0.132933 0.298868   0.212318   0.158182  0.0980496  0.0203205   0.506614 0.00451631
(1,2,(3,(4,(5,6)))); -4540.15  -1.16157 25.9353 13.4785 25.6022 -4577.05 0.273406 0.269357 0.153888 0.303349  0.218947  0.187225 0.0838272 0.0205478  0.485625 0.0038285
(1,2,(3,(4,(5,6)))); -4543.07  -1.16157 25.2102 13.927 25.7429 -4578.93 0.279364 0.266134 0.145888 0.308613  0.256659  0.156363  0.110788 0.0158701  0.452467 0.0078532
(1,2,(3,(4,(5,6)))); -4539.1  -1.16157 26.9328 13.2269 26.9788 -4578.62 0.298297 0.284989 0.133521 0.283193   0.228033    0.16362  0.0843373   0.020976   0.494808 0.00822595
(1,2,(3,(4,(5,6)))); -4537.58  -1.16157 28.5301 13.0779 26.6242 -4578.49 0.307934 0.276358 0.135962 0.279746   0.247343    0.13806   0.084981  0.0222101   0.501012 0.00639323
(1,(2,3),((4,6),5)); -4544.52  -2.21502 30.7857 13.35 26.0026 -4585.74 0.275832 0.259331 0.155101 0.309736  0.225298  0.154379 0.0681806  0.013984  0.527769 0.0103896
(1,(2,3),(4,(5,6))); -4544.11  -1.57663 25.3262 13.9023 27.5558 -4581.52 0.295733 0.264771  0.14612 0.293376   0.269146   0.145781  0.0950149  0.0162326   0.467259 0.00656659
(1,2,(3,(4,(5,6)))); -4534.93  -1.16157 30.2126 13.7743 27.8195 -4578.02 0.279317 0.262654 0.149461 0.308568  0.248605  0.169644 0.0912843  0.016633  0.467851 0.0059825
(1,(2,3),(4,(5,6))); -4544.39  -1.57663 27.4385 13.5928 24.7622 -4581.42 0.285432 0.271968 0.159422 0.283178  0.223928  0.147194 0.0641259 0.0157956  0.535328 0.0136278
(1,(2,3),(4,(5,6))); -4540.48  -1.57663 29.8329 13.0353 26.5075 -4582.21 0.284147 0.260298 0.140557 0.314998   0.234576    0.15416  0.0691325  0.0101801   0.525535 0.00641609
(1,2,(3,(4,(5,6)))); -4535.12  -1.16157 31.1287 13.845 26.8392 -4578.08 0.278292 0.267892 0.162484 0.291332  0.235602  0.142677 0.0808655  0.027167  0.508406 0.0052824
(1,2,(3,(4,(5,6)))); -4540.41  -1.16157 29.2003 13.6686 21.7216 -4576.5 0.285547 0.254021 0.174219 0.286213   0.240598   0.156313   0.061049  0.0260371   0.508683 0.00732023
(1,2,(3,(4,(5,6)))); -4538.99  -1.16157 26.5159 13.161 26.8982 -4578.08 0.292707  0.26943 0.147855 0.290008    0.22586   0.136795  0.0970842   0.029751   0.506072 0.00443771
(1,2,(3,(4,(5,6)))); -4539.68  -1.16157 29.5902 13.5968 23.2558 -4577.77 0.286947 0.302031 0.132089 0.278933   0.242298   0.155273  0.0672396  0.0140022   0.516179 0.00500811
(1,2,(3,(4,(5,6)))); -4539.6  -1.16157 30.2305 13.7465 21.3945 -4576.32 0.299281 0.262411 0.139623 0.298684   0.237841   0.178696   0.117978  0.0254537   0.437254 0.00277764
(1,2,(3,((4,6),5))); -4538.97  -1.79996 29.2813 13.6045 23.2211 -4576.07 0.297416 0.259107 0.140081 0.303396    0.24328   0.189161  0.0943688  0.0264751   0.441671 0.00504431
(1,(2,((4,6),5)),3); -4543.62  -2.77506 27.8357 13.5702 25.3296 -4580.44 0.292602 0.274346 0.139965 0.293087   0.274025   0.165048  0.0911371  0.0129535   0.454728 0.00210833
(1,2,(3,((4,6),5))); -4536.34  -1.79996 28.5553 13.731 28.1369 -4577.5 0.287127 0.270108 0.148229 0.294536  0.242778   0.14661  0.107838 0.0199273  0.477339 0.0055076
(1,(2,3),(4,(5,6))); -4542.73  -1.57663 29.3385 13.6561 24.8595 -4581.7 0.280886 0.292762 0.133018 0.293333    0.25345   0.164366  0.0735329  0.0155946   0.491649 0.00140723
(1,2,(3,((4,6),5))); -4539.04  -1.79996 27.5826 13.5278 26.4497 -4577.75 0.303079 0.256688  0.15098 0.289253  0.225712  0.157892  0.102508 0.0136933    0.4898 0.0103954
(1,2,(3,((4,6),5))); -4536.34  -1.79996 28.052 13.9668 28.2742 -4576.9 0.273432 0.269717 0.157732 0.299119   0.227112   0.157129  0.0836347  0.0167308   0.509568 0.00582617
(1,2,(3,(4,(5,6)))); -4537.87  -1.16157 24.3465 13.591 29.2621 -4576.72 0.289117   0.2762 0.140793  0.29389   0.235228   0.161085  0.0851401  0.0225948   0.491818 0.00413467
(1,(2,3),(4,(5,6))); -4545.95  -1.57663 26.8213 13.4481 24.0688 -4581.82 0.311562 0.255807 0.136986 0.295645  0.248627  0.167877  0.059849 0.0189683  0.492753 0.0119259
(1,2,(3,(4,(5,6)))); -4543.54  -1.16157 24.5379 13.3212 25.164 -4578.76 0.292033 0.267461  0.14595 0.294556  0.220768  0.162494 0.0858013 0.0203315  0.484739 0.0258661
(1,2,(3,(4,(5,6)))); -4536.06  -1.16157 30.1071 13.4677 26.1271 -4577.66  0.29963 0.252684 0.137418 0.310268   0.260777   0.164877  0.0755753  0.0153433   0.479812 0.00361555
(1,(2,3),((4,6),5)); -4541.25  -2.21502 31.6297 13.3542 27.8191 -4585.13 0.298342 0.269725 0.149236 0.282697    0.24422   0.143545  0.0926625  0.0210915   0.496021 0.00246066
(1,(2,(4,(5,6))),3); -4539.27  -2.13667 32.2731 13.2383 24.7098 -4580.88 0.291324 0.269471 0.132388 0.306817   0.240364   0.183889  0.0597586  0.0210337   0.487988 0.00696714
(1,2,(3,(4,(5,6)))); -4538.78  -1.16157 25.8305 13.3089 27.9966 -4578.14  0.30004 0.276405 0.134613 0.288942   0.237255   0.147068  0.0889425  0.0243029   0.497841 0.00458973
(1,2,(3,((4,6),5))); -4536.99  -1.79996 29.4825 13.2547 26.0664 -4577.48 0.302259 0.257258 0.150595 0.289888   0.215024    0.15297  0.0966983   0.021096   0.511838 0.00237349
(1,(2,((4,6),5)),3); -4545.02  -2.77506 26.3418 13.9676 27.208 -4581.83 0.292088 0.261515 0.149806 0.296591   0.240838   0.161875  0.0919171  0.0279042   0.475038 0.00242797
(1,2,(3,((4,6),5))); -4536.68  -1.79996 30.7268 13.7164 26.9422 -4578.83 0.289898 0.256855 0.153484 0.299763  0.256217  0.136923 0.0728288 0.0210569  0.501174 0.0118009
(1,(2,((4,5),6)),3); -4547.73  -5.36427 30.1399 13.1731 28.5271 -4587.86 0.276478 0.283266 0.138773 0.301484   0.234002    0.15444  0.0838336  0.0192037   0.498806 0.00971502
(1,2,(3,(4,(5,6)))); -4540.78  -1.16157 29.0115 13.6283 24.6303 -4579.63 0.298039 0.280772 0.145216 0.275973  0.224254  0.141655 0.0858715 0.0218326  0.505806 0.0205815
(1,2,(3,(4,(5,6)))); -4533.7  -1.16157 29.1727 13.0479 28.8855 -4577.55 0.276804 0.275824 0.144724 0.302648   0.234223   0.161399  0.0857006  0.0239806   0.489152 0.00554442
(1,(2,(4,(5,6))),3); -4539.73  -2.13667 29.9667 13.1376 26.553 -4580.97  0.27662 0.262908 0.148457 0.312015  0.270048  0.162687  0.081978 0.0135253  0.465234 0.0065275
(1,2,(3,(4,(5,6)))); -4538.6  -1.16157 30.6108 13.5876 23.5346 -4577.99 0.272193 0.282106 0.125472 0.320229  0.223921  0.162956 0.0800451 0.0160586  0.503923 0.0130965
(1,(2,3),((4,6),5)); -4543.99  -2.21502 28.5701 13.2455 27.8765 -4584.97 0.286681 0.284649 0.137768 0.290902   0.241048   0.161409  0.0922062   0.012348   0.489412 0.00357777
(1,(2,3),(4,(5,6))); -4539.76  -1.57663 27.0036 12.8807 28.8668 -4581.18 0.293785 0.260586 0.141751 0.303878   0.255513    0.15068  0.0889468  0.0165795   0.483829 0.00445096
(1,(2,3),(4,(5,6))); -4540.65  -1.57663 29.5524 13.5503 23.8216 -4578.9 0.296647 0.255755 0.162729 0.284869   0.232109   0.182864   0.077438   0.026493   0.476684 0.00441215
(1,(2,3),(4,(5,6))); -4538.41  -1.57663 29.9473 13.7917 28.259 -4581.25 0.289697 0.255831 0.145062 0.309409  0.235121  0.157029 0.0769457 0.0206263  0.500014 0.0102643
(1,2,(3,((4,6),5))); -4541.05  -1.79996 26.4631 13.8597 25.8701 -4577.73 0.287101 0.266438 0.160609 0.285852  0.210219  0.149853 0.0980915 0.0175639  0.513864 0.0104083
(1,(2,((4,5),6)),3); -4553.89  -5.36427 26.2898 13.3227 27.031 -4588.53 0.277355 0.274058 0.142438 0.306149  0.256063  0.137703  0.100399 0.0118813  0.485024 0.0089306
(1,(2,3),((4,6),5)); -4543.45  -2.21502 32.8087 13.3782 25.3958 -4586.06 0.293613 0.258792 0.139306 0.308289   0.243535   0.183673  0.0631451  0.0143627   0.490956 0.00432831
(1,2,(3,(4,(5,6)))); -4542.23  -1.16157 28.5405 13.4614 23.0763 -4579.22 0.307999  0.26618 0.143132 0.282689  0.230671  0.160415 0.0781105 0.0271554  0.478499 0.0251489
(1,2,(3,(4,(5,6)))); -4534.99  -1.16157 29.8861 12.9853 26.6384 -4577.36 0.279272 0.282087 0.153943 0.284698   0.228064   0.146059  0.0929915  0.0278027   0.501489 0.00359349
(1,(2,3),(4,(5,6))); -4540.82  -1.57663 29.3572 13.2639 25.8188 -4581.16  0.26671 0.260494 0.154749 0.318046  0.239946  0.149139 0.0734383 0.0146024  0.513227 0.0096477
(1,2,(3,(4,(5,6)))); -4535.74  -1.16157 29.042 13.0784 27.2348 -4577.77 0.280556  0.28454 0.143481 0.291423   0.255828   0.161256  0.0647648  0.0175062   0.491561 0.00908415
(1,2,(3,(4,(5,6)))); -4540.11  -1.16157 28.8304 13.7459 25.6691 -4579.71 0.301529 0.258341 0.152872 0.287258   0.245348   0.124228  0.0908438  0.0231082   0.509308 0.00716387
(1,2,(3,(4,(5,6)))); -4531.76  -1.16157 32.0914 13.6121 29.1615 -4578.24 0.284453 0.265973 0.147021 0.302553  0.253159  0.143483   0.08519 0.0161118  0.492006 0.0100498
(1,2,(3,(4,(5,6)))); -4539.57  -1.16157 27.2011 13.2657 25.6704 -4578.02 0.272692 0.295048 0.139742 0.292518   0.241737   0.168042  0.0672847   0.018768   0.497792 0.00637547
(1,(2,((4,6),5)),3); -4547.76  -2.77506 29.1182 13.2644 22.1286 -4582.97 0.291876 0.270174 0.146269 0.291682  0.234531   0.15869  0.123502 0.0329364  0.443984 0.0063568
(1,2,(3,((4,6),5))); -4535.15  -1.79996 29.9568 13.0808 27.8571 -4578.08  0.28984 0.262897 0.144011 0.303252   0.214952   0.159702  0.0779203  0.0244946   0.515371 0.00756015
(1,(2,3),((4,6),5)); -4540.14  -2.21502 32.5108 13.3951 28.8555 -4585.89 0.296218 0.276859 0.140573  0.28635  0.238529  0.147628 0.0844948 0.0150951  0.504186 0.0100675
(1,(2,(4,(5,6))),3); -4547.27  -2.13667 27.1076 13.5904 20.9367 -4579.59 0.289316 0.277404 0.146227 0.287053   0.26126  0.200674 0.0689211 0.0160717  0.440056 0.0130177
(1,2,(3,(4,(5,6)))); -4549.78  -1.16157 20.5938 13.4976 23.5712 -4579.28 0.282495 0.265785 0.135593 0.316127   0.251514   0.161435  0.0767885  0.0393492   0.463845 0.00706821
(1,2,(3,(4,(5,6)))); -4533.07  -1.16157 31.2884 13.5669 28.2327 -4577.86 0.293081 0.277086 0.139942  0.28989   0.239894   0.137363  0.0891449  0.0248119   0.504368 0.00441784
(1,2,(3,(4,(5,6)))); -4536.36  -1.16157 28.8803 13.456 27.4945 -4578.12 0.301067 0.258873 0.146395 0.293664  0.233077  0.150093 0.0929042 0.0233657  0.487415 0.0131448
(1,2,(3,(4,(5,6)))); -4533.91  -1.16157 30.4905 13.6629 27.9421 -4577.52 0.289874 0.264249 0.150151 0.295726   0.231899    0.16813  0.0680711  0.0132871    0.50979 0.00882307
(1,(2,(4,(5,6))),3); -4542.25  -2.13667 25.2674 13.5113 28.8872 -4580.75 0.281586 0.275099 0.150552 0.292763   0.234736   0.142382  0.0822053  0.0234868   0.509413 0.00777738
(1,2,(3,((4,6),5))); -4537.97  -1.79996 29.1939 13.5138 26.656 -4578.5 0.280356 0.263667 0.147709 0.308269  0.231497  0.129856 0.0802266 0.0148307  0.532702 0.0108883
(1,(2,(4,(5,6))),3); -4540.39  -2.13667 27.3932 13.1286 28.1986 -4580.72 0.296606 0.272242 0.148297 0.282855   0.260369   0.148551   0.087233  0.0209373   0.476743 0.00616683
(1,(2,3),((4,6),5)); -4541.5  -2.21502 30.9881 13.1923 28.0959 -4585.17 0.281409 0.269997 0.134687 0.313907    0.25218   0.146647   0.086201  0.0177973    0.49344 0.00373514
(1,2,(3,(4,(5,6)))); -4536.42  -1.16157 28.2774 13.5452 27.4747 -4577.47 0.277571 0.279795 0.157529 0.285105   0.238483   0.165428  0.0839971  0.0225956   0.484593 0.00490335
(1,2,(3,(4,(5,6)))); -4537.81  -1.16157 26.7771 13.0884 27.9041 -4578.24 0.289299 0.277771 0.146255 0.286674  0.238242  0.136734 0.0991816  0.016739  0.498338 0.0107657
(1,2,(3,((4,5),6))); -4541.44  -4.38917 29.4101 13.6076 29.4588 -4582.31 0.281343 0.265902 0.150013 0.302741   0.237556   0.150042  0.0827103  0.0207615   0.504567 0.00436313
(1,(2,3),(4,(5,6))); -4543.93  -1.57663 24.1095 13.3396 28.4849 -4581.6  0.29406 0.278318 0.143938 0.283684   0.233455   0.152482  0.0868452  0.0120838   0.510605 0.00453003
(1,2,(3,((4,6),5))); -4533.86  -1.79996 29.4448 13.4725 29.2645 -4577.29 0.289005 0.279117 0.139434 0.292443   0.240708   0.158845   0.079106   0.020117   0.497187 0.00403577
(1,(2,3),((4,5),6)); -4551.05  -4.80423 31.343 13.2233 24.5905 -4588.95 0.306937 0.268756 0.143814 0.280494   0.21011  0.144842 0.0975166 0.0276155  0.508851 0.0110647
(1,(2,3),(4,(5,6))); -4540.37  -1.57663 27.7877 13.6146 27.6439 -4580.61 0.296796 0.266519 0.150722 0.285963  0.223481  0.166091 0.0813201 0.0240139  0.494329 0.0107647
(1,(2,3),((4,6),5)); -4544.94  -2.21502 31.2298 13.6798 25.6202 -4585.89 0.268116 0.288598 0.140986   0.3023  0.263725  0.165321  0.076193 0.0129024  0.474495  0.007364
(1,(2,3),((4,5),6)); -4552.78  -4.80423 27.1638 12.8127 25.9767 -4588.3 0.273028 0.254933 0.148341 0.323698   0.237252   0.147199  0.0950808  0.0163664     0.4952 0.00890203
(1,(2,3),((4,6),5)); -4545.02  -2.21502 29.9405 13.2563 26.3374 -4585.82 0.286305 0.288823 0.127026 0.297847   0.246171   0.147552  0.0846057  0.0230212    0.49069 0.00795999
(1,2,(3,((4,6),5))); -4541.74  -1.79996 27.7242 13.2575 24.4224 -4578.83 0.266068 0.266076 0.157357 0.310499   0.247974    0.12471  0.0846932  0.0133243   0.520572 0.00872606
(1,2,(3,((4,6),5))); -4538.84  -1.79996 25.5907 13.1906 27.9585 -4577.4 0.269761 0.274166 0.151086 0.304988   0.244366   0.164103  0.0873624  0.0213857   0.477187 0.00559566
(1,2,(3,((4,6),5))); -4539.73  -1.79996 26.14 13.3323 26.109 -4576.85 0.295979 0.260686 0.164394  0.27894   0.231539   0.164266  0.0776797  0.0177987   0.500828 0.00788885
(1,(2,(4,(5,6))),3); -4544  -2.13667 27.5118 13.4948 26.0429 -4581.92  0.29794 0.270267  0.15335 0.278443   0.240491   0.141821   0.105749  0.0132269   0.495932 0.00278026
(1,2,(3,(4,(5,6)))); -4539.56  -1.16157 27.1151 13.9026 26.7906 -4578.4 0.308505 0.268845 0.136924 0.285725   0.229746    0.16324  0.0806314  0.0108707    0.50707 0.00844154
(1,(2,3),(4,(5,6))); -4539.52  -1.57663 30.957 13.4725 25.4424 -4580.87 0.290869 0.268677 0.151864  0.28859   0.260765   0.160943   0.106792  0.0106794   0.455854 0.00496711
(1,2,(3,(4,(5,6)))); -4536.41  -1.16157 29.9867 13.7329 26.6313 -4578.13 0.286067 0.286226 0.145203 0.282503   0.237967   0.155224   0.100648  0.0104607   0.486809 0.00889102
(1,2,(3,((4,6),5))); -4540.09  -1.79996 28.9131 14.2083 24.4379 -4577.43 0.269171 0.274511 0.152542 0.303776   0.236891   0.158769   0.119632  0.0157597   0.465214 0.00373413
(1,(2,3),(4,(5,6))); -4541.94  -1.57663 27.1675 12.9546 26.5297 -4581.11 0.300317 0.263702 0.147563 0.288418   0.254768   0.137427  0.0888088  0.0308635   0.481579 0.00655361
(1,(2,((4,6),5)),3); -4541.93  -2.77506 30.4005 13.4331 26.1762 -4582.3 0.298049 0.273575 0.127891 0.300485   0.266097   0.141111  0.0753879  0.0162741   0.491168 0.00996243
(1,(2,3),(4,(5,6))); -4540.66  -1.57663 31.0488 13.315 24.3522 -4581.17 0.296751 0.275169 0.152814 0.275266  0.224763  0.171024 0.0608557 0.0184693  0.512905 0.0119828
(1,(2,3),(4,(5,6))); -4537.57  -1.57663 30.3608 13.2496 28.0881 -4581.2 0.289939 0.278083 0.144054 0.287924   0.234205   0.153165   0.105909  0.0145608   0.487272 0.00488879
(1,(2,3),((4,6),5)); -4549.12  -2.21502 30.0708 13.2 21.4126 -4585.18 0.279842 0.257927 0.154372 0.307859  0.256253  0.194659 0.0630126 0.0199358  0.454087 0.0120517
(1,(2,3),(4,(5,6))); -4542.6  -1.57663 26.8401 14.1881 27.5885 -4581.26 0.277189 0.268841 0.143888 0.310082   0.251822   0.136936  0.0951222  0.0242107   0.485437 0.00647205
(1,2,(3,(4,(5,6)))); -4536.84  -1.16157 28.7248 13.3792 26.1528 -4577.18 0.269334  0.28849 0.146944 0.295231   0.221818   0.155491   0.070387  0.0170696   0.528996 0.00623788
(1,(2,(4,(5,6))),3); -4540.11  -2.13667 31.3547 13.5468 25.852 -4581.63 0.300389 0.267318 0.152917 0.279376  0.229454  0.142235 0.0998651 0.0268896  0.490463 0.0110932
(1,(2,(4,(5,6))),3); -4537.91  -2.13667 30.5332 13.5704 27.5834 -4580.32 0.277927 0.273093 0.159486 0.289495   0.235779   0.156624  0.0823397  0.0268937   0.491552 0.00681177
(1,2,(3,(4,(5,6)))); -4533.77  -1.16157 30.2671 13.0736 28.0613 -4577.86 0.285112 0.271951 0.132413 0.310525    0.23272   0.150716  0.0762892  0.0184257   0.517463 0.00438676
(1,2,(3,(4,(5,6)))); -4535.99  -1.16157 28.3378 13.5251 27.7796 -4577.42 0.289815 0.274371 0.138525  0.29729   0.259996   0.159949  0.0639908  0.0186345   0.490125 0.00730497
(1,2,(3,((4,6),5))); -4538.88  -1.79996 28.4225 13.7395 26.8078 -4578.58 0.300128 0.273054 0.138455 0.288363  0.237183  0.156494 0.0937027 0.0154822  0.479427 0.0177114
(1,2,(3,((4,6),5))); -4536.42  -1.79996 28.3908 13.4006 26.9122 -4576.52 0.269034  0.27839 0.154841 0.297735   0.226909    0.16338  0.0918258  0.0222255   0.492623 0.00303611
(1,2,(3,(4,(5,6)))); -4537.08  -1.16157 31.8055 13.8582 25.3758 -4579.24 0.278575 0.270168  0.14655 0.304707   0.287158   0.136762  0.0884424  0.0165693   0.464061 0.00700662
(1,(2,((4,6),5)),3); -4540.95  -2.77506 29.3498 13.3698 28.0306 -4582.19 0.305666 0.265023 0.139115 0.290196   0.230281   0.161994  0.0936845  0.0143089    0.49434 0.00539118
(1,2,(3,(4,(5,6)))); -4541.7  -1.16157 28.1994 13.6079 23.205 -4578.33 0.286283 0.266663 0.166714  0.28034   0.247537   0.146936   0.115854  0.0205567   0.462797 0.00631955
(1,(2,3),(4,(5,6))); -4543.38  -1.57663 30.3517 13.3525 23.2799 -4582.09 0.301231 0.265206 0.157053  0.27651  0.239059  0.139309 0.0822091 0.0110496  0.506081 0.0222926
(1,(2,3),(4,(5,6))); -4540.05  -1.57663 27.9626 12.9366 26.4682 -4579.97 0.304596 0.270198 0.142346  0.28286   0.243449   0.175329  0.0864216   0.021433   0.470571 0.00279568
(1,(2,3),(4,(5,6))); -4541.84  -1.57663 31.1899 13.8392 24.4315 -4582.04 0.277431 0.256298 0.142814 0.323457  0.257673  0.142975 0.0629414  0.013201  0.515119 0.0080909
(1,2,(3,(4,(5,6)))); -4535.96  -1.16157 30.3211 13.7853 26.5742 -4577.91 0.271183 0.267759 0.145201 0.315857  0.231902  0.173504 0.0840385 0.0156623  0.482894 0.0119997
(1,2,(3,((4,6),5))); -4538.97  -1.79996 26.7277 13.3488 27.3897 -4577.94 0.286524 0.276796 0.139893 0.296787   0.225139   0.175306  0.0667391  0.0160301   0.509834 0.00695187
(1,2,(3,((4,6),5))); -4534.61  -1.79996 31.1162 13.2647 27.0898 -4577.76 0.282127  0.27018 0.139025 0.308668  0.236329  0.142149  0.104529 0.0215292  0.483311 0.0121529
(1,2,(3,(4,(5,6)))); -4536.22  -1.16157 32.5209 13.4303 21.981 -4576.13 0.322856 0.252893 0.136688 0.287562   0.246215   0.171104  0.0939449  0.0253027   0.455814 0.00761915
(1,(2,3),(4,(5,6))); -4548.65  -1.57663 24.1835 13.0002 23.8385 -4582.1  0.29438 0.273341 0.154442 0.277837  0.234519  0.126599  0.100412 0.0185755  0.501479 0.0184169
(1,(2,3),(4,(5,6))); -4537.38  -1.57663 30.2764 13.4411 28.3205 -4580.96 0.286241 0.276606  0.14584 0.291314   0.237317   0.165939  0.0841805  0.0256514   0.483822 0.00309029
(1,2,(3,(4,(5,6)))); -4537.68  -1.16157 29.0078 13.4614 26.1778 -4578.24 0.265548 0.288144 0.149023 0.297285   0.249839   0.167141   0.070346  0.0180195   0.489794 0.00485984
(1,2,(3,((4,6),5))); -4536.4  -1.79996 30.4211 13.1855 25.5861 -4577.43 0.287165 0.278216  0.14004 0.294579    0.21492    0.17947  0.0752662  0.0298477    0.49618 0.00431679
(1,2,(3,(4,(5,6)))); -4536.26  -1.16157 26.5101 12.8592 29.2539 -4578.01 0.283452 0.264846 0.151695 0.300007   0.228687   0.159676  0.0873328  0.0187464   0.496994 0.00856377
(1,(2,3),(4,(5,6))); -4535.58  -1.57663 31.6619 13.2995 28.9551 -4581.33 0.284171 0.275551 0.143571 0.296706   0.246377   0.170206  0.0807309  0.0195698   0.475978 0.00713855
(1,(2,3),(4,(5,6))); -4538.38  -1.57663 30.4314 13.4596 28.1717 -4581.95  0.27761 0.274622 0.154925 0.292842   0.248263   0.137098   0.089352  0.0152324   0.501281 0.00877406
(1,2,(3,((4,6),5))); -4534.65  -1.79996 31.71 13.4183 26.1312 -4577.27 0.269514 0.286753 0.134506 0.309227   0.250604   0.162033  0.0841726  0.0179441   0.482341 0.00290494
(1,2,(3,(4,(5,6)))); -4539.03  -1.16157 31.6595 13.6916 23.6056 -4579.45 0.271424  0.27507 0.142285  0.31122  0.247155  0.146923  0.107268  0.028976  0.455632 0.0140456
(1,2,(3,((4,6),5))); -4536.58  -1.79996 28.1608 13.293 27.685 -4577.33 0.277879 0.274646 0.139124 0.308352  0.218154  0.164386 0.0953958 0.0166227  0.496858 0.0085828
(1,(2,3),(4,(5,6))); -4539.5  -1.57663 28.329 13.1498 27.6223 -4580.72 0.283396 0.268337 0.157762 0.290505  0.240224  0.148106 0.0904119 0.0230206  0.485014 0.0132233
(1,(2,(4,(5,6))),3); -4541.07  -2.13667 29.7 13.1623 25.2117 -4580.68 0.294828 0.260248 0.154269 0.290655  0.200267  0.155783 0.0874291 0.0191771  0.525526 0.0118176
(1,2,(3,(4,(5,6)))); -4542  -1.16157 28.3739 13.3734 22.846 -4578.69 0.287895 0.290434 0.141584 0.280087   0.200528   0.162334   0.107316  0.0127086   0.512901 0.00421265
(1,(2,((4,6),5)),3); -4539.97  -2.77506 30.5125 13.3635 27.1408 -4581.49 0.286575 0.258351 0.145093 0.309982  0.229745  0.175717 0.0827998 0.0126006  0.488751 0.0103861
(1,(2,(4,(5,6))),3); -4549.34  -2.13667 26.3505 13.3699 22.5957 -4582.78 0.291627  0.24695 0.166043  0.29538  0.270938  0.132671 0.0721289 0.0132195  0.505215 0.0058274
(1,2,(3,(4,(5,6)))); -4537.76  -1.16157 31.1338 13.8497 24.5489 -4578.43 0.269342 0.258563 0.164654  0.30744   0.234714   0.131207  0.0934599  0.0192437   0.515011 0.00636425
(1,2,(3,(4,(5,6)))); -4533.56  -1.16157 31.7975 13.2344 27.4063 -4578.37 0.288343   0.2748 0.141344 0.295513   0.217467   0.157211  0.0828476  0.0124911   0.527645 0.00233855
(1,2,(3,(4,(5,6)))); -4537.72  -1.16157 30.0465 13.4146 23.5537 -4576.75 0.269768 0.274914 0.146237 0.309081   0.256543   0.127181  0.0634961   0.029556   0.517524 0.00570002
(1,2,(3,(4,(5,6)))); -4537.97  -1.16157 29.0501 13.5168 26.497 -4578.84 0.281303 0.281833 0.136967 0.299897  0.258505   0.15605 0.0938544 0.0212076  0.458283 0.0121007
(1,(2,3),((4,6),5)); -4551.99  -2.21502 20.7502 13.3094 28.5633 -4585.78 0.275477 0.272248 0.143358 0.308917   0.251026   0.157409  0.0736151  0.0145541   0.498985 0.00441131
(1,(2,(4,(5,6))),3); -4542.19  -2.13667 26.1169 13.2375 26.5907 -4579.53 0.283658 0.278642 0.132758 0.304942    0.24488   0.132449  0.0730697  0.0231212   0.521574 0.00490702
(1,2,(3,(4,(5,6)))); -4533.85  -1.16157 31.1509 13.5725 27.7427 -4578 0.289961 0.279594 0.143014 0.287431   0.243355   0.167369  0.0955639  0.0212817   0.468626 0.00380452
(1,(2,3),((4,6),5)); -4548.5  -2.21502 23.987 13.1285 28.3151 -4585.45 0.297726 0.261754 0.137359 0.303162   0.237809   0.171122  0.0825989  0.0176888   0.483421 0.00736085
(1,(2,3),(4,(5,6))); -4543.27  -1.57663 26.7512 13.4544 25.8932 -4580.88 0.274805 0.291642 0.147156 0.286397   0.263009   0.146969  0.0671083  0.0183796   0.497231 0.00730316
(1,2,(3,((4,6),5))); -4538.61  -1.79996 28.88 13.6974 26.4685 -4578.46 0.292215 0.262074 0.142192 0.303519  0.207291  0.148288 0.0838227 0.0231842  0.525857 0.0115575
(1,2,(3,(4,(5,6)))); -4539.33  -1.16157 25.7134 13.1981 26.7505 -4577.43 0.269129 0.282325 0.151962 0.296584  0.233197  0.158222 0.0690041 0.0213957  0.507151 0.0110306
(1,2,(3,(4,(5,6)))); -4533.75  -1.16157 31.3791 13.5128 28.6538 -4579.11 0.288662 0.260903 0.146903 0.303531  0.250374   0.13938 0.0798624 0.0134528  0.508886 0.0080455
(1,(2,((4,6),5)),3); -4541.34  -2.77506 28.2959 13.2003 27.9412 -4581.61 0.285395 0.282824 0.141476 0.290305   0.266749   0.150385  0.0783739  0.0140854   0.486143 0.00426421
(1,(2,(4,(5,6))),3); -4541.64  -2.13667 30.9635 13.6778 24.7831 -4581.57 0.285301 0.259329 0.145456 0.309914  0.220585   0.13618  0.112523 0.0227311  0.495001   0.01298
(1,2,(3,(4,(5,6)))); -4535.88  -1.16157 30.1963 13.457 26.3854 -4577.84 0.273585 0.266678 0.134621 0.325117   0.235382   0.152213  0.0858891  0.0144005   0.507792 0.00432368
(1,(2,((4,6),5)),3); -4548.18  -2.77506 22.9859 12.8499 27.9237 -4583.46 0.297137 0.261248 0.142047 0.299568   0.252035   0.137596  0.0988391  0.0194541   0.484427 0.00764845
(1,2,(3,((4,6),5))); -4537.74  -1.79996 28.3096 13.5333 27.2466 -4577.96  0.28173 0.280156 0.146391 0.291724  0.247655  0.151821 0.0942039 0.0254335  0.468324 0.0125629
(1,2,(3,((4,6),5))); -4539.5  -1.79996 28.7807 13.511 25.4966 -4578.46  0.28595 0.255677 0.137755 0.320617   0.256593   0.135243  0.0978883  0.0210742   0.484332 0.00486905
(1,2,(3,(4,(5,6)))); -4538.55  -1.16157 27.0453 13.5434 28.0364 -4578.93 0.295146 0.268373 0.151207 0.285273   0.222649   0.145595  0.0820136  0.0154003   0.525351 0.00899097
(1,2,(3,(4,(5,6)))); -4535.51  -1.16157 29.9661 13.5319 27.4956 -4578.28  0.28874 0.254846 0.141845  0.31457   0.256424   0.154493   0.080265  0.0126371   0.491241 0.00493982
(1,(2,3),(4,(5,6))); -4545.12  -1.57663 28.2517 13.9281 23.1759 -4581.05 0.294672 0.259437  0.16166 0.284231   0.200775   0.175618  0.0746665  0.0159052   0.525936 0.00709896
(1,(2,3),((4,6),5)); -4548.6  -2.21502 26.3227 13.852 25.8566 -4584.71  0.27909  0.28496 0.138903 0.297046    0.25986    0.12725  0.0803265  0.0263309   0.501127 0.00510564
(1,2,(3,(4,(5,6)))); -4537.72  -1.16157 29.6877 14.0656 25.3054 -4577.48 0.296406 0.256334 0.153837 0.293423  0.236592  0.176809 0.0755917 0.0209452  0.473604  0.016459
(1,(2,3),(4,(5,6))); -4544.86  -1.57663 27.3858 13.4333 24.0052 -4581.24 0.271492 0.270467 0.143006 0.315034  0.223656  0.164882  0.090481  0.031264  0.473409 0.0163091
(1,(2,3),((4,6),5)); -4548.67  -2.21502 28.0501 14.0346 24.7835 -4585.25 0.290655 0.263498 0.143308 0.302538   0.246159   0.133958  0.0844175   0.038164   0.495029 0.00227192
(1,2,(3,(4,(5,6)))); -4538.25  -1.16157 27.0669 13.6805 27.4726 -4577.95 0.275068 0.268618 0.157403 0.298911   0.233218   0.152353  0.0922039  0.0170043   0.503311 0.00190953
(1,(2,(4,(5,6))),3); -4539.66  -2.13667 26.9928 12.9876 29.5318 -4581.06 0.289502 0.266472 0.138843 0.305184   0.239069    0.15424  0.0857038  0.0196145   0.493165 0.00820769
(1,(2,3),(4,(5,6))); -4542.55  -1.57663 31.3389 13.3137 23.3249 -4582.33  0.31289 0.274569 0.126101  0.28644   0.245254   0.162042  0.0614262  0.0130833   0.511085 0.00711045
(1,(2,3),(4,(5,6))); -4545.11  -1.57663 28.707 13.4961 22.6246 -4581.37 0.275975 0.267857  0.15728 0.298887  0.226652  0.114265 0.0927466  0.025657  0.530548 0.0101324
(1,2,(3,(4,(5,6)))); -4536.71  -1.16157 28.837 13.5102 26.8989 -4577.78 0.277894 0.276321    0.152 0.293785   0.258391   0.144307  0.0802613  0.0170059   0.498871 0.00116306
(1,(2,3),((4,6),5)); -4544.62  -2.21502 29.0154 13.5162 27.7093 -4585.61 0.282441 0.277056 0.155364 0.285139   0.228948   0.157175   0.074744  0.0235029   0.505804 0.00982659
(1,2,(3,(4,(5,6)))); -4532.04  -1.16157 32.2916 13.8325 28.9468 -4578.28 0.286199 0.266508 0.140694   0.3066   0.247329   0.143829  0.0864539  0.0231289   0.490664 0.00859504
(1,(2,3),((4,6),5)); -4540.5  -2.21502 30.3573 13.2042 29.6967 -4585.14 0.288917 0.270784 0.142254 0.298045   0.250284   0.151119  0.0872543  0.0157162   0.491674 0.00395297
(1,(2,((4,6),5)),3); -4545.9  -2.77506 29.9675 13.0544 21.4956 -4581.53 0.266726 0.281121 0.140359 0.311794   0.202336    0.16851    0.06069   0.021533   0.540355 0.00657582
(1,2,(3,(4,(5,6)))); -4538.75  -1.16157 27.5882 13.2145 25.9442 -4577.9 0.272019   0.2847 0.159178 0.284103  0.224112  0.156375 0.0824763 0.0158737  0.509431 0.0117322
(1,2,(3,(4,(5,6)))); -4537.64  -1.16157 30.8952 13.7014 24.7367 -4578.41 0.298924 0.256562  0.15046 0.294055  0.233969  0.146323 0.0918224 0.0376234   0.47969 0.0105727
(1,(2,((4,6),5)),3); -4540.1  -2.77506 31.0172 13.0248 27.5838 -4582.9 0.298919   0.2702  0.15089 0.279991  0.249738  0.149283 0.0837884 0.0139377  0.490385 0.0128687
(1,2,(3,(4,(5,6)))); -4544.8  -1.16157 29.9889 13.5661 19.6131 -4579.68 0.292664 0.280372 0.135756 0.291209  0.255325  0.155747  0.095471 0.0450269  0.435501 0.0129281
(1,2,(3,(4,(5,6)))); -4538.46  -1.16157 27.7587 13.2268 26.1198 -4577.95 0.278131 0.277149 0.154502 0.290218   0.219892   0.141813  0.0926434   0.030331   0.505911 0.00940963
(1,2,(3,((4,6),5))); -4538.42  -1.79996 25.4156 12.8736 28.2728 -4577.44 0.274187 0.275695 0.140159  0.30996     0.2523   0.154475  0.0798381  0.0214239   0.483866 0.00809719
(1,(2,(4,(5,6))),3); -4542.45  -2.13667 30.9522 13.4193 24.6865 -4582.53 0.282399 0.278609 0.135525 0.303468   0.24129  0.163095 0.0877555 0.0363768  0.460787 0.0106963
(1,(2,(4,(5,6))),3); -4537.09  -2.13667 29.8367 13.2831 28.7742 -4580.28 0.287085   0.2743 0.139909 0.298705   0.232722   0.151989  0.0689151  0.0189653   0.520366 0.00704289
(1,(2,(4,(5,6))),3); -4539.23  -2.13667 29.1468 13.1252 27.9282 -4581.04 0.286078 0.260295 0.140356 0.313272   0.246545   0.158922  0.0967022   0.018106   0.473181 0.00654389
(1,(2,3),((4,6),5)); -4550.39  -2.21502 30.4069 13.4611 20.5828 -4585.7 0.305526 0.270819 0.147617 0.276038   0.207076   0.156299   0.112985 0.00848068   0.513663 0.00149677
(1,(2,3),(4,(5,6))); -4539.2  -1.57663 31.3502 13.4557 25.4111 -4580.93 0.275184 0.259388 0.161806 0.303622   0.236072   0.142689  0.0991039  0.0272192   0.491496 0.00342042
(1,2,(3,(4,(5,6)))); -4541.17  -1.16157 25.8232 13.4642 26.0927 -4578.46 0.304999 0.253205 0.149136  0.29266  0.230861  0.155379 0.0741369 0.0177287  0.505757 0.0161376
(1,2,(3,((4,5),6))); -4541.95  -4.38917 28.2355 13.056 28.2705 -4581.01 0.272636   0.2746 0.143773  0.30899   0.240474   0.168643  0.0789281  0.0201437   0.485795 0.00601655
(1,2,(3,(4,(5,6)))); -4533.28  -1.16157 31.0316 13.5707 28.6916 -4578.27 0.288525 0.272699 0.144702 0.294074  0.236461  0.161992 0.0926011  0.014731  0.481624 0.0125908
(1,2,(3,(4,(5,6)))); -4533.55  -1.16157 30.6987 13.2005 28.2554 -4578.14 0.295561 0.271847 0.131595 0.300996   0.249615   0.153071  0.0846327  0.0122164   0.494828 0.00563729
(1,2,(3,((4,6),5))); -4536.2  -1.79996 29.801 13.3597 27.3505 -4578.19 0.297131  0.25996 0.136063 0.306846  0.236255  0.161023 0.0886086 0.0249984  0.478798 0.0103169
(1,2,(3,(4,(5,6)))); -4536.79  -1.16157 29.6573 13.4237 25.9138 -4577.78 0.302872 0.251312 0.143861 0.301956   0.216545   0.159063  0.0927946  0.0255076   0.496677 0.00941339
(1,(2,((4,6),5)),3); -4544.94  -2.77506 26.1515 12.8615 27.1089 -4582.57 0.285884 0.271399 0.136819 0.305898   0.256278   0.163145  0.0702882  0.0256636   0.481535 0.00309067
(1,(2,(4,(5,6))),3); -4542.98  -2.13667 26.6158 13.8017 27.3491 -4581  0.28224 0.251934  0.15611 0.309715   0.246853   0.153389  0.0807786  0.0143702   0.499966 0.00464268
(1,(2,(4,(5,6))),3); -4543.64  -2.13667 29.6211 13.8684 23.4207 -4580.68 0.280161 0.246368 0.170815 0.302656   0.249906   0.143078  0.0731583  0.0181054   0.509199 0.00655359
(1,(2,3),(4,(5,6))); -4543.35  -1.57663 26.1118 13.4638 26.3859 -4580.8 0.298808 0.269473 0.155763 0.275956   0.230456   0.152376   0.102715  0.0185684   0.486289 0.00959588
(1,2,(3,((4,6),5))); -4537.37  -1.79996 30.5034 13.393 25.376 -4578.06 0.269612 0.272171 0.138948 0.319269   0.271487   0.153779  0.0809074  0.0136645   0.471124 0.00903785
(1,2,(3,((4,6),5))); -4541.21  -1.79996 30.1646 13.8874 23.469 -4579.16 0.294432 0.238349  0.15468  0.31254    0.23432   0.154403  0.0756691  0.0112457   0.518311 0.00605169
(1,2,(3,(4,(5,6)))); -4538.82  -1.16157 29.3024 13.4626 24.1151 -4577.62  0.28533  0.27584 0.143253 0.295577   0.210294   0.190353   0.102548  0.0222125   0.468911 0.00568152
(1,2,(3,((4,6),5))); -4537.64  -1.79996 28.9133 13.4699 25.6462 -4576.93 0.292925 0.248377 0.161955 0.296744   0.240362   0.156804  0.0927652  0.0225955   0.478301 0.00917189
(1,(2,3),((4,6),5)); -4548.13  -2.21502 26.3845 13.7852 25.7348 -4584.25 0.298549 0.260756 0.150199 0.290497   0.236909   0.148465   0.108414  0.0295218   0.470837 0.00585294
(1,2,(3,((4,6),5))); -4539.27  -1.79996 28.8326 13.4535 25.7914 -4578.64 0.289401 0.254525 0.143517 0.312557  0.266515   0.14655 0.0895466  0.020219  0.464507 0.0126628
(1,(2,3),(4,(5,6))); -4540.68  -1.57663 27.2533 13.2523 27.7175 -4580.82 0.285401 0.271069 0.133842 0.309688   0.219783   0.150916   0.092216  0.0200505   0.507584 0.00945026
(1,2,(3,(4,(5,6)))); -4538.59  -1.16157 30.4631 13.3901 23.4735 -4577.97  0.26889 0.263061 0.137671 0.330378   0.251802   0.164386  0.0653246  0.0119832   0.499603 0.00690213
(1,(2,3),(4,(5,6))); -4537.31  -1.57663 31.285 13.1676 26.9313 -4580.79 0.271213 0.291676 0.141502 0.295609  0.248043  0.138194 0.0847901 0.0191641  0.503053 0.0067552
(1,2,(3,((4,6),5))); -4536.38  -1.79996 31.6047 13.6995 25.5437 -4578.02 0.271431 0.282259 0.141245 0.305065  0.228684  0.142113 0.0823645 0.0265108  0.503137 0.0171916
(1,(2,3),(4,(5,6))); -4542.91  -1.57663 26.7586 13.2352 26.5265 -4581.38 0.283746 0.285848 0.137151 0.293254   0.260244   0.143864   0.085053 0.00939933   0.492087 0.00935212
(1,2,(3,((4,6),5))); -4536.63  -1.79996 31.4488 13.6318 24.4693 -4577.12 0.270415   0.2667 0.167361 0.295523  0.252643  0.156085 0.0916063 0.0227491  0.464696 0.0122202
(1,(2,3),(4,(5,6))); -4548.33  -1.57663 23.4677 13.8338 25.7625 -4582.15 0.274169 0.260002 0.165238  0.30059   0.246461   0.141212  0.0947481   0.012153   0.500514 0.00491172
(1,(2,3),(4,(5,6))); -4541.37  -1.57663 27.0492 13.4453 27.1754 -4580.58 0.300169 0.263852  0.13883 0.297149   0.219726   0.141195   0.101445  0.0217057   0.508201 0.00772834
(1,2,(3,((4,6),5))); -4533.32  -1.79996 30.8209 13.5771 29.1322 -4577.9 0.289615 0.266668 0.144796 0.298922   0.224457   0.146648  0.0850923  0.0225929   0.515295 0.00591438
(1,2,(3,((4,6),5))); -4542.31  -1.79996 27.2124 12.9745 20.4915 -4575.24 0.270832 0.271537 0.162088 0.295544   0.224141   0.199059  0.0638738 0.00896973   0.496725 0.00723085
(1,(2,(4,(5,6))),3); -4543.71  -2.13667 27.581 13.9492 24.6843 -4579.89 0.290925 0.259464 0.161485 0.288126   0.244003   0.156248  0.0699533  0.0345756   0.486659 0.00856102
(1,(2,3),(4,(5,6))); -4538.95  -1.57663 28.9868 13.4675 28.2517 -4581.14 0.288705 0.270155 0.135462 0.305678   0.254151   0.139577  0.0771747  0.0217442   0.498726 0.00862607
(1,2,(3,(4,(5,6)))); -4537.01  -1.16157 28.7726 13.6039 26.6143 -4577.63 0.293635 0.270989 0.142048 0.293327  0.246399  0.188363 0.0748507  0.017487  0.466326 0.0065752
(1,(2,(4,(5,6))),3); -4541.23  -2.13667 32.0043 13.6805 23.2188 -4580.64 0.296057 0.285927 0.139586  0.27843    0.2456  0.170713 0.0691015  0.013314  0.479792  0.021479
(1,2,(3,(4,(5,6)))); -4538.91  -1.16157 29.656 13.5038 25.2687 -4579.17 0.270118 0.289112 0.137955 0.302815   0.269715   0.157365  0.0882928  0.0181393   0.459809 0.00667883
(1,(2,3),((4,6),5)); -4546.44  -2.21502 29.4115 13.9428 25.6538 -4585.35 0.270225 0.274722 0.155141 0.299913   0.238134    0.13466  0.0817426  0.0321886   0.508723 0.00455278
(1,(2,3),((4,6),5)); -4547.81  -2.21502 28.2672 13.4866 25.397 -4585.77 0.309366 0.269987 0.123553 0.297094   0.247539   0.154609  0.0838766   0.018642   0.492289 0.00304479
(1,(2,3),(4,(5,6))); -4542.09  -1.57663 28.5481 13.5803 26.2728 -4581.76 0.289667 0.251108 0.149403 0.309823   0.265255   0.157352  0.0737469  0.0199805    0.48058 0.00308564
(1,(2,3),(4,(5,6))); -4544.8  -1.57663 25.1052 13.5136 26.4974 -4581.31 0.290537 0.271581 0.128442  0.30944  0.227176  0.168011 0.0918396 0.0135561  0.496159 0.0032582
(1,2,(3,((4,6),5))); -4537.39  -1.79996 29.2063 13.7846 25.2618 -4576.27  0.27466 0.259301 0.163911 0.302128   0.233468   0.163486   0.102157  0.0195141   0.471716 0.00965884
(1,(2,((4,6),5)),3); -4541.6  -2.77506 30.179 13.0073 24.6867 -4580.69 0.279879 0.260603 0.161434 0.298085   0.208357   0.180232  0.0883469    0.01904   0.494236 0.00978847
(1,2,(3,(4,(5,6)))); -4536.36  -1.16157 29.1682 13.1773 27.2835 -4578.47 0.289187 0.280668 0.132613 0.297532  0.226136  0.162055 0.0907393 0.0167835  0.490817 0.0134692
(1,2,(3,(4,(5,6)))); -4534.07  -1.16157 29.9818 13.1399 28.1262 -4577.88 0.284085 0.280086 0.151752 0.284077  0.243085  0.161085 0.0750624 0.0177244  0.491737 0.0113067
(1,2,(3,(4,(5,6)))); -4537.03  -1.16157 31.0525 13.5507 24.7676 -4578.14 0.270468 0.279592 0.143831 0.306109   0.224153   0.183273  0.0883781  0.0246682    0.47729 0.00223722
(1,2,(3,(4,(5,6)))); -4539.73  -1.16157 30.2405 13.3027 24.5561 -4580.06 0.288801 0.263085  0.16244 0.285674  0.245311  0.127561   0.10045 0.0129057  0.501705 0.0120668
(1,(2,3),(4,(5,6))); -4539.22  -1.57663 30.0713 13.1442 25.8617 -4580.43 0.277357 0.278159 0.150371 0.294113  0.219412  0.138152  0.103877 0.0246348  0.501266 0.0126586
(1,(2,(4,(5,6))),3); -4541  -2.13667 28.3032 13.8042 27.6639 -4581.02 0.277601  0.28243  0.14197 0.297998  0.258462  0.140899 0.0844422 0.0191169  0.484921 0.0121586
(1,2,(3,(4,(5,6)))); -4537.89  -1.16157 29.7456 13.0295 25.8981 -4579.35 0.300333  0.25579 0.136793 0.307083   0.232341   0.144741  0.0711712  0.0139178   0.534948 0.00288158
(1,(2,3),(4,(5,6))); -4543.79  -1.57663 28.7224 13.3321 23.5809 -4581.18 0.294477 0.274157 0.138756  0.29261   0.22698  0.170185  0.100407 0.0198216  0.458702 0.0239041
(1,2,(3,(4,(5,6)))); -4536.98  -1.16157 30.295 13.4744 25.5479 -4578.18 0.284611 0.267524 0.152866 0.294999   0.247031   0.129375  0.0625587  0.0240962   0.529453 0.00748567
(1,(2,3),(4,(5,6))); -4540.52  -1.57663 28.3982 12.9811 27.3273 -4581.68 0.285103 0.265887  0.14912 0.299891   0.254001    0.13327  0.0708127   0.026096   0.510366 0.00545376
(1,(2,3),(4,(5,6))); -4540.05  -1.57663 29.4394 13.3433 27.0836 -4581.66 0.271688 0.277518 0.147085 0.303709   0.234086   0.167748  0.0821795  0.0283233   0.479571 0.00809204
(1,(2,3),(4,(5,6))); -4538.38  -1.57663 31.8222 13.6682 26.459 -4581.42 0.294493 0.264152 0.146922 0.294433   0.28109  0.147649 0.0749332 0.0165744   0.46944 0.0103126
(1,(2,3),(4,(5,6))); -4541.21  -1.57663 30.6101 13.4594 23.8721 -4580.66 0.283578 0.251882 0.160382 0.304159   0.21504  0.152286 0.0829705 0.0281795  0.505854 0.0156694
(1,(2,3),(4,(5,6))); -4538.83  -1.57663 30.3138 13.0738 25.3476 -4579.84 0.270851 0.289546 0.132544 0.307059   0.229647   0.141543  0.0881067  0.0135196     0.5232 0.00398322
(1,(2,((4,6),5)),3); -4545.98  -2.77506 27.3531 14.0487 27.0189 -4583.53 0.276464  0.26806 0.149181 0.306295   0.254736   0.147145   0.103584   0.013631    0.47109 0.00981318
(1,(2,3),(4,(5,6))); -4541.42  -1.57663 31.3733 13.653 24.5491 -4582.11 0.295423 0.252393 0.148878 0.303306  0.215589  0.137478 0.0888357 0.0143556  0.526563 0.0171779
(1,2,(3,(4,(5,6)))); -4541.38  -1.16157 26.6701 13.5298 25.7161 -4579.08 0.296695 0.268297 0.151408 0.283601  0.229088  0.136197 0.0970066 0.0248912  0.496441 0.0163766
(1,(2,((4,6),5)),3); -4542.66  -2.77506 30.3916 12.9921 24.6192 -4581.9 0.271642 0.286542 0.130928 0.310887   0.270342    0.13759   0.075937  0.0187766   0.490139 0.00721611
(1,(2,((4,6),5)),3); -4547.26  -2.77506 26.9409 13.0553 24.165 -4582.54 0.274529 0.266207 0.136609 0.322655   0.268116   0.145936  0.0886739  0.0254255   0.469546 0.00230125
(1,2,(3,(4,(5,6)))); -4545.35  -1.16157 20.8564 12.5019 25.3049 -4577.84 0.291663 0.255986 0.141901 0.310451    0.23042   0.168261  0.0957633 0.00779374   0.494371  0.0033902
