tree logl logTop logBL logPrior logQ logWt pi1 pi2 pi3 pi4 s1 s2 s3 s4 s5 s6
(1,2,(3,(4,(5,6)))); -4547.65  -1.22175 30.6036 13.1926 27.9964 -4591.83 0.310926 0.273355 0.129472 0.286247  0.236943   0.15794  0.118274 0.0388032  0.430232 0.0178074
(1,(2,3),((4,6),5)); -4552.86  -2.17726 30.0736 13.6623 26.2726 -4593.37 0.284698  0.29194 0.134885 0.288477   0.24676  0.160307 0.0993299 0.0390452  0.440822 0.0137353
(1,(2,3),(4,(5,6))); -4554.17  -1.51806 30.4258 13.295 28.6113 -4598.4 0.298335 0.298735 0.130475 0.272455  0.261234  0.154247  0.115694  0.038314  0.417151 0.0133593
(1,(2,3),((4,6),5)); -4559.64  -2.17726 27.69 13.4644 28.818 -4600.5 0.288411 0.298564 0.137153 0.275873  0.255818  0.150346   0.12083 0.0320787  0.423632 0.0172945
(1,(2,((4,6),5)),3); -4566.52  -2.77776 29.1694 13.1996 26.0348 -4605.75 0.324852 0.290963 0.137676 0.246509  0.254451  0.147696  0.111816 0.0457015  0.423479 0.0168557
(1,(2,(4,(5,6))),3); -4554.77  -2.11856 27.0498 14.0776 27.4359 -4593.06 0.302333 0.278618 0.140412 0.278636  0.241008  0.151619  0.107125 0.0433927  0.439386 0.0174691
(1,2,(3,((4,6),5))); -4549.02  -1.88096 28.7877 13.9195 29.3948 -4591.4 0.304486 0.290963 0.129471 0.275079  0.244909   0.14495   0.12224 0.0308975  0.442237 0.0147657
(1,(2,3),(4,(5,6))); -4549.54  -1.51806 28.8123 13.5937 29.2924 -4592.53 0.303476 0.277377 0.144388 0.274759  0.252434  0.157595  0.111754 0.0354329  0.425256 0.0175282
(1,(2,3),(4,(5,6))); -4547.7  -1.51806 29.9543 13.9102 26.2113 -4588.43 0.298291  0.26412 0.152879  0.28471  0.254544   0.16366  0.118792 0.0320677  0.415734  0.015202
(1,(2,3),(4,(5,6))); -4556.67  -1.51806 28.6766 13.57 24.4093 -4594.67 0.292659 0.297103  0.15622 0.254019  0.230127  0.141331  0.125839 0.0345193  0.451737 0.0164469
(1,2,(3,(4,(5,6)))); -4552.69  -1.22175 30.5412 13.5942 26.7408 -4595.15 0.289459 0.296494 0.132306 0.281741  0.271294  0.158296  0.121503 0.0307967  0.401848 0.0162632
(1,2,(3,(4,(5,6)))); -4553.11  -1.22175 24.8794 13.2475 27.7518 -4591.27 0.316307 0.285106 0.120618  0.27797  0.233636  0.161524  0.104348  0.034121  0.450875 0.0154957
(1,2,(3,((4,6),5))); -4547.78  -1.88096 29.143 13.6394 25.6833 -4587.08  0.29779 0.270909 0.133587 0.297714  0.237256  0.151997   0.13083 0.0288571  0.431809 0.0192518
(1,2,(3,(4,(5,6)))); -4562.76  -1.22175 27.7281 13.1676 26.577 -4602.67 0.317786 0.307948 0.127219 0.247047  0.246975  0.142807  0.129239 0.0285169  0.435935 0.0165272
(1,(2,((4,6),5)),3); -4549.55  -2.77776 28.0212 13.1203 29.1589 -4590.83 0.301885 0.279867 0.137178  0.28107  0.250556  0.162638  0.109668 0.0272447  0.434567 0.0153254
(1,(2,3),((4,5),6)); -4565.22  -4.35631 25.6262 13.213 27.4407 -4600.72  0.31746   0.2874 0.135947 0.259194  0.268972  0.146173 0.0974394 0.0309312  0.437013 0.0194707
(1,2,(3,((4,6),5))); -4546.96  -1.88096 27.788 13.7837 28.8516 -4587.94 0.297649  0.28665 0.146321 0.269381  0.256544   0.14695   0.10769 0.0305245  0.439718 0.0185722
(1,(2,3),(4,(5,6))); -4566.15  -1.51806 28.3107 13.9132 26.5376 -4605.57  0.31044 0.302955  0.12093 0.265675  0.240952  0.148053  0.131912 0.0388117  0.422065 0.0182061
(1,(2,3),((4,6),5)); -4557.66  -2.17726 25.4498 13.286 27.7841 -4595.44 0.284621 0.297758 0.137111 0.280509  0.239438  0.167157  0.111222 0.0292815  0.436214 0.0166867
(1,2,(3,(4,(5,6)))); -4550.48  -1.22175 29.6315 13.5194 27.7011 -4593.07 0.312727 0.287323 0.127183 0.272766  0.274544  0.142491  0.109739 0.0371848  0.422861 0.0131804
(1,(2,(4,(5,6))),3); -4553.68  -2.11856 29.797 13.2164 27.5184 -4595.66 0.315828 0.294503  0.12946 0.260209  0.239786  0.142656  0.105101 0.0366377  0.461647 0.0141722
(1,(2,3),((4,6),5)); -4554.73  -2.17726 31.7192 13.3943 22.611 -4593.48 0.298195 0.265128 0.124971 0.311706  0.256871   0.13676  0.107489 0.0342347  0.442509 0.0221357
(1,2,(3,((4,6),5))); -4557.79  -1.88096 31.0331 13.7078 25.3596 -4598.59  0.31828 0.292585 0.125138 0.263997  0.226569  0.142298  0.130735 0.0408455  0.441885 0.0176677
(1,(2,(4,(5,6))),3); -4547.26  -2.11856 30.5537 13.1544 26.4254 -4588.96 0.315067 0.261899 0.134415  0.28862  0.253156  0.137607  0.119388 0.0298657  0.446294 0.0136907
(1,(2,((4,5),6)),3); -4566.52  -4.95681 29.169 13.0462 28.4262 -4606.12 0.318424 0.292324 0.129324 0.259929  0.262105   0.14417  0.121212 0.0273051   0.43215 0.0130582
(1,(2,3),((4,6),5)); -4565.89  -2.17726 31.0737 13.0785 24.2904 -4606 0.307317 0.302742 0.119652 0.270289  0.229934  0.157466  0.105284 0.0414434  0.440626 0.0252474
(1,2,(3,((4,6),5))); -4547.87  -1.88096 30.2629 13.7849 27.2367 -4589.7 0.315256 0.270063 0.132413 0.282267   0.26766  0.140681  0.124613 0.0308351  0.421989 0.0142217
(1,2,(3,((4,6),5))); -4552.19  -1.88096 27.2458 13.688 27.0562 -4590.92 0.316937 0.277356 0.143243 0.262463  0.267761  0.158102  0.117916 0.0260631   0.41009  0.020067
(1,(2,(4,(5,6))),3); -4559.57  -2.11856 27.6544 13.4645 27.8648 -4599.51 0.327587 0.272632 0.140554 0.259227  0.243888   0.14919   0.11889  0.038398  0.430983 0.0186509
(1,2,(3,(4,(5,6)))); -4552.36  -1.22175 29.5571 13.3134 27.3158 -4594.7 0.329418 0.278964 0.135203 0.256414  0.241868  0.148991  0.127012  0.026513  0.436778 0.0188366
(1,(2,(4,(5,6))),3); -4564.24  -2.11856 28.0076 13.3146 26.5136 -4603.33 0.287351 0.313693  0.12782 0.271136  0.255538  0.156571  0.128171 0.0277227  0.416229 0.0157684
(1,2,(3,(4,(5,6)))); -4554.02  -1.22175 31.5805 13.4025 26.3725 -4597.35 0.333575 0.269485 0.129329 0.267611  0.250609  0.152624  0.114907 0.0366298  0.420888 0.0243418
(1,2,(3,(4,(5,6)))); -4559.41  -1.22175 30.5473 13.7786 23.8163 -4598.77 0.347908 0.281943 0.111431 0.258718  0.254405  0.144884   0.11728 0.0252546  0.444035 0.0141414
(1,(2,3),((4,6),5)); -4567.63  -2.17726 24.5088 12.8601 29.242 -4606.34 0.315345 0.298253  0.12384 0.262563  0.244955  0.162833  0.115008 0.0353588  0.425149 0.0166967
(1,(2,3),(4,(5,6))); -4544.84  -1.51806 30.4666 13.2527 27.5421 -4588.07 0.298937 0.293948 0.143373 0.263743  0.243131  0.150873  0.105754 0.0269451  0.460182 0.0131136
(1,(2,3),((4,6),5)); -4552.2  -2.17726 29.7834 13.7369 28.2929 -4594.36 0.292485 0.296899 0.139573 0.271044  0.253483  0.152686 0.0991516 0.0316009  0.447274 0.0158043
(1,2,(3,(4,(5,6)))); -4549.99  -1.22175 29.8052 13.2953 26.5361 -4591.81 0.300328 0.290002  0.12485 0.284821  0.261291  0.144401  0.125108 0.0356511  0.423154 0.0103945
(1,(2,3),((4,6),5)); -4562.22  -2.17726 26.3342 13.756 25.9864 -4598.61 0.323036 0.286428 0.132563 0.257973  0.268525  0.167405   0.10028  0.037187  0.415313 0.0112897
(1,(2,3),((4,6),5)); -4566.79  -2.17726 28.6622 13.7595 23.3903 -4602.9 0.316825 0.285966  0.14265  0.25456  0.239802  0.138433  0.114899 0.0505482  0.436052 0.0202655
(1,(2,((4,6),5)),3); -4562.19  -2.77776 29.3476 13.1232 21.2631 -4596.9 0.306794 0.306943 0.148622 0.237641  0.271333  0.172097 0.0899353 0.0328202  0.417731 0.0160837
(1,(2,3),(4,(5,6))); -4557.33  -1.51806 30.3374 13.7253 26.1768 -4598.6 0.296945 0.311094 0.145153 0.246807  0.263057  0.149247  0.101981 0.0361982  0.434993 0.0145234
(1,2,(3,((4,6),5))); -4549.98  -1.88096 31.7646 13.8414 27.4927 -4593.51 0.314304 0.290011 0.126305 0.269379  0.248448   0.15931  0.132013 0.0263418  0.420767 0.0131208
(1,2,(3,((4,6),5))); -4547.83  -1.88096 30.4127 13.2959 29.2972 -4592.37 0.312826 0.292406 0.133422 0.261346  0.255983   0.16225   0.10429 0.0290354  0.429872 0.0185692
(1,2,(3,(4,(5,6)))); -4555.08  -1.22175 29.6489 13.5417 28.0558 -4598.02 0.290605 0.307924 0.138454 0.263017  0.251515  0.159165  0.118242 0.0372911  0.417572 0.0162164
(1,2,(3,(4,(5,6)))); -4547.03  -1.22175 32.054 13.4244 27.1647 -4591.6  0.32101 0.290459 0.121561  0.26697  0.238835  0.167928  0.113043 0.0248454  0.442364 0.0129852
(1,(2,3),(4,(5,6))); -4560.92  -1.51806 28.3575 13.7053 27.4329 -4601.49 0.313696 0.301477  0.12736 0.257468  0.252835  0.155223  0.102585  0.042454  0.428941 0.0179623
(1,(2,3),((4,6),5)); -4551.37  -2.17726 28.9011 13.5958 26.087 -4590.58 0.294447 0.278118 0.157333 0.270101 0.248293 0.145071 0.110429 0.026347 0.452136 0.017725
(1,(2,(4,(5,6))),3); -4552.27  -2.11856 29.4192 13.5937 28.7209 -4594.69 0.318341 0.281103 0.138232 0.262324   0.24322  0.154916  0.117604 0.0251363  0.441283 0.0178402
(1,(2,3),(4,(5,6))); -4558.32  -1.51806 29.9823 13.6321 28.8979 -4602.05 0.318155 0.294469 0.122855 0.264521  0.251418  0.159237  0.121284 0.0355272  0.418191 0.0143425
(1,2,(3,(4,(5,6)))); -4549.13  -1.22175 27.7131 13.4432 27.0577 -4589.23  0.31236 0.284162 0.137735 0.265744  0.233029  0.152837  0.104236 0.0314717  0.454976 0.0234504
(1,(2,3),(4,(5,6))); -4552.04  -1.51806 26.1908 13.1177 29.2875 -4592.89 0.303658 0.285623  0.13626 0.274459  0.245878   0.15922  0.108226 0.0393543   0.43175 0.0155719
(1,2,(3,(4,(5,6)))); -4556.37  -1.22175 28.2266 13.9244 22.4067 -4591.86 0.312178 0.289452 0.133734 0.264637  0.255352  0.161896 0.0893134 0.0407105  0.425128 0.0276002
(1,(2,3),(4,(5,6))); -4554.37  -1.51806 31.643 13.7136 24.6275 -4595.41 0.311007 0.277359 0.133498 0.278137  0.276047  0.167567  0.123574 0.0287639  0.387499 0.0165487
(1,(2,3),((4,6),5)); -4561.09  -2.17726 25.6758 12.9713 25.5905 -4597.21 0.318495 0.290717 0.140108  0.25068  0.238575  0.151907  0.107383 0.0232881  0.457228 0.0216183
(1,2,(3,(4,(5,6)))); -4549.55  -1.22175 30.6257 13.4595 28.6094 -4594.1 0.310235 0.294887 0.137255 0.257623  0.259538  0.139653  0.106706 0.0349993  0.441871 0.0172334
(1,(2,3),(4,(5,6))); -4566.21  -1.51806 25.8775 12.9204 20.8931 -4598.54 0.262871  0.30915 0.154435 0.273544  0.255182  0.147472   0.13206 0.0364062  0.414654 0.0142261
(1,2,(3,(4,(5,6)))); -4549.84  -1.22175 30.0887 13.7321 26.4453 -4591.42  0.32589 0.275972 0.132575 0.265563  0.261722  0.161015  0.100509 0.0418467  0.422207 0.0126991
(1,2,(3,((4,6),5))); -4562.1  -1.88096 24.7499 13.8215 24.8742 -4596.02 0.304991 0.299465 0.133235 0.262309  0.225981  0.167105  0.121387 0.0302976  0.428434 0.0267962
(1,(2,3),((4,6),5)); -4563.86  -2.17726 29.4199 13.0606 25.0519 -4603.09 0.323172 0.303344 0.126842 0.246641  0.239249  0.165232  0.094321  0.035335  0.451358 0.0145045
(1,2,(3,((4,6),5))); -4547.88  -1.88096 28.5305 13.4319 27.4062 -4588.5 0.303648 0.295257 0.141992 0.259103  0.241047  0.164636  0.108171 0.0243989  0.442117 0.0196307
(1,2,(3,(4,(5,6)))); -4546.28  -1.22175 30.5361 13.7247 27.98 -4589.85 0.293473 0.289669 0.141469 0.275389 0.252903 0.162167  0.12132 0.025025 0.421675  0.01691
(1,2,(3,((4,6),5))); -4559.99  -1.88096 30.3436 14.0171 25.098 -4599.53 0.299078 0.303205 0.127427  0.27029  0.245723  0.180194  0.111225 0.0397445  0.403717  0.019396
(1,(2,3),(4,(5,6))); -4556.59  -1.51806 29.8099 13.411 25.782 -4597.25 0.309414 0.294994 0.144624 0.250968  0.222694  0.169691  0.122475 0.0303396  0.435833 0.0189679
(1,(2,(4,(5,6))),3); -4551.71  -2.11856 29.8711 13.392 27.8719 -4593.94 0.296908 0.299668 0.138431 0.264994  0.261503  0.136218  0.108474 0.0312608  0.447615 0.0149301
(1,(2,3),((4,6),5)); -4554.26  -2.17726 28.9629 13.1937 25.1115 -4592.97 0.303054 0.284587 0.141804 0.270554  0.236207   0.14913  0.137082 0.0231625  0.440582 0.0138365
(1,2,(3,((4,6),5))); -4555.32  -1.88096 27.8824 13.6904 28.916 -4596.54 0.299139 0.305263 0.133237  0.26236  0.244581   0.16377  0.113675 0.0311973  0.427274 0.0195031
(1,2,(3,((4,6),5))); -4551.25  -1.88096 32.5812 13.3966 28.4412 -4597 0.326335 0.283733 0.125735 0.264196  0.242679  0.164445  0.110921 0.0342816  0.427069 0.0206045
(1,2,(3,(4,(5,6)))); -4556.21  -1.22175 30.0014 13.5073 27.3524 -4598.84 0.288455 0.309086 0.138188 0.264271  0.258985  0.154457  0.125904 0.0310781  0.412906 0.0166699
(1,(2,3),(4,(5,6))); -4556.64  -1.51806 27.911 13.7793 26.8492 -4596.1 0.325927  0.28057 0.126216 0.267287  0.226771  0.163588  0.125573 0.0336492  0.437713 0.0127064
(1,2,(3,((4,6),5))); -4559.38  -1.88096 26.1424 13.2408 26.8555 -4597.25 0.334884 0.279547 0.115971 0.269598   0.23567  0.159787  0.109372 0.0351008  0.444199 0.0158715
(1,2,(3,(4,(5,6)))); -4563.56  -1.22175 21.8658 13.5617 26.6722 -4597.31 0.330711 0.285076 0.138981 0.245233  0.248207  0.154073  0.118784 0.0252798  0.433119 0.0205371
(1,(2,3),(4,(5,6))); -4546.95  -1.51806 32.3683 13.7028 23.7639 -4587.86 0.285548 0.285767 0.139231 0.289454  0.228208  0.174237  0.113387 0.0264401  0.434429 0.0232987
(1,(2,3),(4,(5,6))); -4546.28  -1.51806 31.8193 13.2654 28.1964 -4591.51 0.313665 0.281846 0.125151 0.279337   0.23523  0.152186  0.105352 0.0341277   0.45676 0.0163447
(1,2,(3,((4,6),5))); -4546.53  -1.88096 29.6335 13.1903 28.7566 -4589.85 0.308965 0.290361 0.133983  0.26669  0.239152  0.152195  0.103511 0.0374769  0.451958 0.0157073
(1,2,(3,(4,(5,6)))); -4552.47  -1.22175 28.1951 13.5642 27.6038 -4593.48 0.308301 0.280726 0.144189 0.266785  0.257776  0.137512  0.126163 0.0341669   0.42564  0.018742
(1,(2,(4,(5,6))),3); -4553.79  -2.11856 29.2017 13.5965 29.8655 -4597.14 0.314163 0.285009 0.138926 0.261902  0.245293  0.152971  0.119918 0.0296432  0.435372 0.0168021
(1,(2,(4,(5,6))),3); -4574.09  -2.11856 29.1761 13.3093 25.4169 -4613.26 0.307509 0.323062 0.125727 0.243703   0.25235  0.151146   0.11622 0.0352399  0.423333 0.0217102
(1,2,(3,(4,(5,6)))); -4546.62  -1.22175 29.9552 13.2773 27.9211 -4590 0.301979 0.283882 0.147502 0.266637  0.25012 0.150601 0.104977 0.039515 0.435208 0.019579
(1,2,(3,(4,(5,6)))); -4552.5  -1.22175 27.2854 13.6573 27.2679 -4592.18 0.324337 0.283991 0.127356 0.264316  0.250006  0.135557  0.107426 0.0302813  0.458153 0.0185772
(1,(2,3),((4,6),5)); -4558.49  -2.17726 31.8929 13.2238 27.2567 -4602.24 0.332065 0.279719  0.13821 0.250006  0.264622  0.147799  0.114011 0.0269433  0.427667 0.0189584
(1,2,(3,((4,6),5))); -4553.86  -1.88096 25.771 13.6552 24.7825 -4588.87 0.329956 0.257076 0.150933 0.262035  0.272212  0.142589  0.110627  0.029944  0.428485 0.0161434
(1,2,(3,(4,(5,6)))); -4545.53  -1.22175 31.2816 13.6398 25.1316 -4587.08 0.287705 0.282032 0.150446 0.279816  0.244689  0.179723  0.116324 0.0337393  0.411074 0.0144506
(1,2,(3,(4,(5,6)))); -4552.57  -1.22175 31.7977 13.3669 28.5331 -4598.32 0.317216 0.284161 0.130625 0.267998  0.247125  0.156168   0.12623 0.0363947  0.414799 0.0192829
(1,2,(3,((4,6),5))); -4546.83  -1.88096 31.9612 13.3512 28.2305 -4591.79 0.312636  0.29084 0.138627 0.257897  0.247476  0.167918 0.0998975 0.0350758  0.431657 0.0179763
(1,(2,(4,(5,6))),3); -4553.1  -2.11856 30.0014 13.0122 29.4268 -4597.39 0.304857 0.287875  0.13967 0.267599  0.244293  0.161837   0.11649 0.0372825   0.42306 0.0170373
(1,2,(3,(4,(5,6)))); -4542.16  -1.22175 28.7373 13.9037 28.6432 -4584.41 0.308312 0.272745  0.13598 0.282963  0.248835  0.147311  0.108062 0.0307029  0.451215 0.0138741
(1,(2,(4,(5,6))),3); -4565.2  -2.11856 24.7521 12.9355 26.9882 -4601.89 0.313282 0.284353 0.140612 0.261752  0.249341  0.152252   0.13247 0.0370707  0.409246 0.0196203
(1,(2,3),(4,(5,6))); -4558.77  -1.51806 30.9805 13.6635 24.8116 -4599.38 0.307614 0.289097 0.158646 0.244643  0.253508  0.153324  0.127461 0.0377823  0.412623  0.015302
(1,2,(3,(4,(5,6)))); -4555.2  -1.22175 27.8426 13.64 25.1278 -4593.31 0.323813 0.271595 0.127569 0.277023  0.251122  0.156642   0.11523 0.0472817  0.417953 0.0117714
(1,(2,3),(4,(5,6))); -4552.67  -1.51806 31.7887 13.4853 23.4459 -4592.9 0.286555 0.281719 0.133806 0.297919  0.251723  0.167297  0.134024 0.0266906  0.402794 0.0174708
(1,(2,3),(4,(5,6))); -4546.39  -1.51806 31.8795 13.5766 26.4093 -4589.58 0.307931 0.273109 0.143891 0.275069  0.238357  0.165162  0.129876 0.0329892  0.422323 0.0112915
(1,(2,3),(4,(5,6))); -4552.05  -1.51806 28.1184 13.8375 28.0294 -4592.84 0.294068  0.28407 0.130241 0.291622  0.257884  0.163772  0.116132   0.02878  0.417269 0.0161629
(1,2,(3,(4,(5,6)))); -4546.33  -1.22175 28.0474 13.2751 25.8113 -4585.69 0.308294 0.271173 0.155293  0.26524  0.265939  0.168537  0.103936 0.0334735  0.413259 0.0148559
(1,(2,3),((4,6),5)); -4559.52  -2.17726 27.8095 12.9179 28.9687 -4601.2 0.322012 0.293697 0.128645 0.255646  0.249299   0.15738  0.114027   0.03055  0.436833 0.0119116
(1,2,(3,(4,(5,6)))); -4555.64  -1.22175 30.6609 13.2683 26.2084 -4598.02 0.315039 0.283594 0.139327 0.262039  0.244627  0.147879  0.122301  0.044173  0.418917 0.0221024
(1,(2,3),(4,(5,6))); -4556.86  -1.51806 28.5513 13.6594 26.0711 -4596.3 0.332971 0.269789 0.149739 0.247501  0.262062  0.158127  0.110105 0.0321976  0.419456 0.0180524
(1,(2,3),(4,(5,6))); -4558.94  -1.51806 27.4261 13.3435 23.8781 -4595.38 0.286315 0.284228 0.145754 0.283703  0.252691  0.158594   0.13319 0.0352402  0.398569 0.0217168
(1,2,(3,(4,(5,6)))); -4563.46  -1.22175 28.4969 13.527 24.1558 -4601.36 0.308115 0.309335 0.106398 0.276152  0.257938  0.146467  0.123366 0.0250254   0.42958 0.0176233
(1,2,(3,((4,6),5))); -4543.69  -1.88096 27.9764 13.1027 26.1157 -4582.8 0.280957 0.290181 0.141997 0.286864  0.240477  0.153811  0.120592 0.0251648   0.44607 0.0138838
(1,2,(3,(4,(5,6)))); -4546.99  -1.22175 27.494 13.6258 27.5256 -4587.16  0.29586  0.27964 0.153621 0.270879  0.240621  0.148268  0.119679 0.0341557  0.443177 0.0140989
(1,(2,(4,(5,6))),3); -4553.35  -2.11856 27.9013 13.4931 25.582 -4591.22 0.307083 0.293883 0.134818 0.264217  0.241696  0.155115  0.097772 0.0259153  0.454972 0.0245288
(1,(2,3),(4,(5,6))); -4549.06  -1.51806 32.2591 13.6322 28.5788 -4594.75 0.328013 0.275496 0.131409 0.265082   0.26158   0.14528  0.116788 0.0276441  0.433505 0.0152021
(1,2,(3,((4,6),5))); -4549.5  -1.88096 31.9218 13.3561 29.3854 -4595.57  0.31593 0.285078 0.130423 0.268569  0.242199  0.162527  0.118588 0.0358073  0.422637 0.0182416
(1,2,(3,(4,(5,6)))); -4554.17  -1.22175 23.0732 13.1145 26.099 -4589.01  0.32987 0.261192 0.140241 0.268697  0.246334  0.157557   0.11994 0.0244691  0.431688 0.0200122
(1,2,(3,((4,6),5))); -4562.37  -1.88096 30.1545 13.6902 26.1795 -4603.13 0.327206    0.301 0.127945 0.243849  0.241757  0.150119  0.128635 0.0369968  0.429255 0.0132367
(1,2,(3,((4,6),5))); -4551  -1.88096 30.4958 13.7359 28.5765 -4594.45   0.3171 0.285021 0.137806 0.260072  0.234139  0.149043  0.125588 0.0341073  0.440255 0.0168672
(1,(2,(4,(5,6))),3); -4554.72  -2.11856 27.1653 12.9167 26.3753 -4593.22 0.296886 0.298082 0.121288 0.283744  0.247968  0.144889  0.111006  0.037897  0.447744 0.0104958
(1,2,(3,(4,(5,6)))); -4550.42  -1.22175 30.8057 13.8996 27.1494 -4593.26 0.306695 0.287116 0.129017 0.277172  0.274969  0.150852  0.110359 0.0392375  0.412059 0.0125239
(1,(2,((4,6),5)),3); -4558.34  -2.77776 27.1823 13.1408 28.8335 -4598.43 0.289696 0.297486 0.136056 0.276761   0.24972  0.161756  0.113626 0.0364338  0.421963 0.0165015
(1,(2,(4,(5,6))),3); -4558.18  -2.11856 23.9114 12.9938 25.0416 -4592.02 0.310539 0.300509 0.132796 0.256155  0.263579  0.152859 0.0967441 0.0364628  0.441462 0.0088926
(1,(2,(4,(5,6))),3); -4560.92  -2.11856 30.1484 13.7776 20.8456 -4596.01 0.326532  0.26628 0.123649 0.283539  0.241061  0.184906  0.120253  0.026874  0.402069 0.0248377
(1,(2,3),((4,6),5)); -4570.52  -2.17726 28.5238 13.2089 22.1048 -4605.76 0.330304 0.299792 0.113665  0.25624  0.269105    0.1629 0.0873484 0.0339681  0.428059 0.0186194
(1,2,(3,((4,6),5))); -4542.18  -1.88096 31.5043 13.2933 27.9054 -4586.42   0.2921 0.288407 0.144939 0.274554  0.268001   0.14449  0.109002 0.0278234  0.433967 0.0167173
(1,(2,3),(4,(5,6))); -4553.84  -1.51806 28.4432 13.4302 22.7626 -4590.09 0.272254 0.280703 0.132176 0.314867  0.254385  0.150964  0.110906 0.0345483   0.42852 0.0206765
(1,2,(3,(4,(5,6)))); -4552.77  -1.22175 29.3697 13.5228 26.3522 -4593.75 0.335533 0.269351 0.117099 0.278017  0.249562   0.15488  0.109192 0.0358018  0.438227 0.0123372
(1,(2,3),((4,6),5)); -4553.42  -2.17726 31.8135 13.6006 26.7827 -4596.24 0.305799 0.273861  0.13682 0.283521  0.261213  0.152164  0.128319  0.034468  0.412426 0.0114097
(1,(2,3),(4,(5,6))); -4551  -1.51806 30.1904 13.3097 23.7563 -4590.11 0.309806 0.265161 0.129171 0.295863  0.284741  0.138371  0.104396 0.0331255   0.42115 0.0182158
(1,2,(3,((4,6),5))); -4558.51  -1.88096 26.795 13.1852 25.8218 -4596.06 0.337344 0.265571  0.12983 0.267256  0.235951  0.147554  0.117374 0.0392741  0.439192 0.0206554
(1,2,(3,(4,(5,6)))); -4550.17  -1.22175 27.8557 13.2519 28.4843 -4592.04 0.300588 0.304378 0.134493 0.260541  0.246497   0.14825   0.11177 0.0317452  0.449881 0.0118566
(1,2,(3,(4,(5,6)))); -4548.06  -1.22175 30.8847 13.2017 23.5409 -4588.07 0.293364 0.300715 0.148221 0.257701   0.25524  0.180264  0.102353 0.0349453   0.41719 0.0100083
(1,(2,(4,(5,6))),3); -4548.04  -2.11856 28.9772 13.3532 27.1456 -4588.69 0.307126 0.265328 0.136979 0.290567   0.23491   0.15406  0.121898 0.0325865  0.442925 0.0136212
(1,2,(3,(4,(5,6)))); -4554.45  -1.22175 32.5366 13.5518 24.3496 -4596.56 0.287477 0.304681 0.119058 0.288784   0.24435  0.166835  0.100338 0.0375167  0.429056 0.0219047
(1,(2,(4,(5,6))),3); -4565.25  -2.11856 28.8746 13.2727 25.4067 -4604.14 0.335191 0.287669 0.111279 0.265861  0.230032  0.162736  0.113538 0.0296867  0.446715 0.0172923
(1,2,(3,(4,(5,6)))); -4547.75  -1.22175 30.5673 13.8862 28.5257 -4591.74 0.309726 0.278084 0.134494 0.277696  0.254112  0.137646  0.122195 0.0331392  0.434749 0.0181593
(1,(2,3),((4,6),5)); -4563.46  -2.17726 27.6523 13.2867 29.0598 -4604.7 0.307153 0.302038 0.132665 0.258144  0.247317  0.154378  0.118869 0.0376604  0.428143 0.0136331
(1,2,(3,(4,(5,6)))); -4560.54  -1.22175 31.2643 13.6099 23.0719 -4600.04 0.345046 0.266994 0.138743 0.249216  0.249477  0.159108   0.11903  0.042622  0.408602 0.0211606
(1,(2,3),(4,(5,6))); -4559.72  -1.51806 25.3058 13.7459 22.8287 -4592.59   0.2948 0.293681 0.151031 0.260488  0.264216   0.14926   0.09968 0.0498269  0.419904 0.0171135
(1,2,(3,((4,6),5))); -4541.56  -1.88096 27.9712 13.2233 21.6406 -4576.07 0.299189 0.254577 0.150779 0.295456  0.272934  0.158328  0.100191 0.0237906  0.430733 0.0140232
(1,(2,(4,(5,6))),3); -4555.18  -2.11856 29.3548 13.2822 25.5557 -4594.69 0.324416 0.279364 0.136369 0.259851  0.236491  0.149627 0.0971467   0.03721   0.45762 0.0219052
(1,2,(3,((4,6),5))); -4554.58  -1.88096 30.7326 13.6191 28.3122 -4598.12   0.3025 0.304613 0.136719 0.256168  0.263526   0.14838   0.12162 0.0312322  0.417126 0.0181158
(1,(2,((4,6),5)),3); -4558.65  -2.77776 30.4291 13.5874 27.2687 -4599.98 0.292189 0.308412 0.130652 0.268747   0.26386  0.146353   0.10169 0.0362539  0.432655 0.0191881
(1,(2,3),((4,6),5)); -4556.92  -2.17726 28.9806 13.3147 27.3494 -4597.76 0.290329 0.294957 0.148142 0.266572  0.247198  0.160338  0.113894 0.0284443  0.427875 0.0222501
(1,(2,3),(4,(5,6))); -4568.33  -1.51806 30.3223 13.8424 22.9765 -4606.27  0.28156 0.326417 0.140711 0.251312  0.263503  0.152526  0.127465 0.0352217  0.408019 0.0132654
(1,2,(3,((4,6),5))); -4547.13  -1.88096 30.2288 13.7948 29.3153 -4591 0.314452 0.276528 0.125796 0.283224  0.254475  0.159568  0.109256 0.0313198   0.42859 0.0167905
(1,(2,3),(4,(5,6))); -4557.52  -1.51806 29.0629 13.2578 26.2871 -4598.1 0.328431 0.285947 0.124119 0.261503  0.232273  0.155204  0.101881 0.0350869  0.454004 0.0215522
(1,2,(3,((4,6),5))); -4553.5  -1.88096 31.9982 13.6077 21.4061 -4591.42 0.305091 0.272326 0.113663  0.30892  0.277096  0.157908 0.0987821 0.0376626  0.413093 0.0154577
(1,(2,3),(4,(5,6))); -4554.93  -1.51806 29.0358 13.5183 26.2208 -4595.15 0.306279 0.292253 0.134961 0.266507  0.277887  0.160008  0.101524 0.0288018  0.409964 0.0218151
(1,(2,3),(4,(5,6))); -4550.04  -1.51806 27.9971 13.574 26.0862 -4589.03 0.315961 0.267041 0.131766 0.285232  0.250984  0.146615  0.105284 0.0429741   0.44165 0.0124936
(1,2,(3,((4,6),5))); -4543.39  -1.88096 31.0875 13.4542 27.8677 -4587.01 0.301584 0.275476 0.148105 0.274836  0.242628  0.163865  0.122153 0.0343199  0.423641 0.0133934
(1,2,(3,(4,(5,6)))); -4565.15  -1.22175 26.3879 12.6851 22.1242 -4599.76 0.300973 0.306698 0.124587 0.267742  0.259324  0.176533 0.0977987 0.0455083  0.401523 0.0193134
(1,2,(3,((4,6),5))); -4552.34  -1.88096 29.4365 13.5129 28.0307 -4594.41 0.306199 0.300857 0.140419 0.252525  0.244439  0.158094  0.125262 0.0288732  0.430635 0.0126973
(1,2,(3,(4,(5,6)))); -4548.27  -1.22175 25.7492 13.5143 26.3377 -4585.62 0.319675 0.264548 0.149716 0.266061  0.240997  0.147509  0.106231 0.0366569  0.454616 0.0139901
(1,(2,((4,6),5)),3); -4554.56  -2.77776 30.3202 13.8095 30.1906 -4598.49 0.306162 0.294153 0.129545 0.270139  0.252676  0.157784  0.115568 0.0294425  0.429521 0.0150092
(1,(2,3),(4,(5,6))); -4555.68  -1.51806 31.5642 13.9342 24.1301 -4595.92 0.281767 0.301815 0.138789 0.277629  0.234345  0.163699  0.109701 0.0389072  0.427395 0.0259536
(1,(2,(4,(5,6))),3); -4559.88  -2.11856 30.6861 13.4549 22.0308 -4597.03 0.280184 0.284976 0.142646 0.292195  0.267394  0.158543  0.130096 0.0394147  0.390069 0.0144835
(1,2,(3,((4,6),5))); -4559.87  -1.88096 30.6308 13.3456 25.6688 -4600.94 0.306005 0.302393 0.119738 0.271863  0.250629  0.137497  0.130318 0.0393774  0.423097 0.0190823
(1,2,(3,(4,(5,6)))); -4556.11  -1.22175 26.2494 13.9244 28.0474 -4595.26 0.311513 0.283176  0.13544 0.269872  0.250661  0.146724  0.133653 0.0333749   0.41799 0.0175964
(1,(2,3),(4,(5,6))); -4549.57  -1.51806 29.4397 13.2428 28.0693 -4592.32 0.299404 0.293473 0.128898 0.278225  0.247013  0.139498  0.121903 0.0273513  0.448627 0.0156083
(1,2,(3,(4,(5,6)))); -4547.1  -1.22175 30.2211 13.4149 26.8406 -4589.52 0.330611 0.266233 0.143788 0.259368   0.25516  0.145203  0.112626 0.0337726  0.441503 0.0117359
(1,2,(3,(4,(5,6)))); -4555.57  -1.22175 32.6603 13.4328 22.0995 -4595.68 0.288502 0.291123 0.114699 0.305676  0.260156  0.150128  0.102573  0.039463  0.424168 0.0235114
(1,(2,(4,(5,6))),3); -4550.33  -2.11856 29.1927 13.8812 27.4514 -4590.97 0.316641 0.278143  0.13071 0.274506  0.259473  0.133925  0.110183 0.0289982  0.453211 0.0142107
(1,2,(3,(4,(5,6)))); -4562.21  -1.22175 27.5088 13.3641 26.2896 -4601.42 0.302727 0.307875 0.114362 0.275035  0.241547  0.150437  0.114475 0.0419512  0.434726 0.0168636
(1,(2,((4,5),6)),3); -4561.5  -4.95681 29.878 13.4449 27.9221 -4600.9 0.308547 0.271061 0.131547 0.288845  0.267285  0.151468   0.10906 0.0360921  0.421536 0.0145588
(1,(2,3),(4,(5,6))); -4554.73  -1.51806 30.1908 13.5389 29.2287 -4599.09 0.300413 0.300111 0.130168 0.269308  0.243657   0.16273  0.112485   0.03549   0.42667 0.0189683
(1,(2,3),((4,6),5)); -4553.06  -2.17726 29.6755 13.1131 27.6211 -4595.07  0.30366 0.289964 0.127964 0.278412  0.263542  0.166719  0.108708 0.0280768  0.421958  0.010996
(1,2,(3,(4,(5,6)))); -4543.63  -1.22175 28.2924 13.1574 28.2634 -4585.81 0.292319 0.289677 0.144043 0.273961  0.248986  0.162503  0.100565 0.0316831  0.440332 0.0159304
(1,(2,3),(4,(5,6))); -4549.36  -1.51806 28.3335 13.1991 28.9488 -4591.92 0.309139 0.279343 0.148279 0.263239  0.242266  0.158298  0.110689 0.0320043  0.438293 0.0184497
(1,2,(3,(4,(5,6)))); -4563.65  -1.22175 25.2752 12.5449 25.2647 -4600.43 0.330722  0.30394 0.126014 0.239324  0.255858  0.149673 0.0988573  0.035959  0.445362 0.0142911
(1,(2,3),(4,(5,6))); -4546.2  -1.51806 31.0853 13.235 28.7757 -4591.31 0.296369 0.280747 0.130353 0.292532  0.246949  0.150711  0.117546 0.0327393  0.436491 0.0155632
(1,(2,3),(4,(5,6))); -4549.41  -1.51806 31.0024 13.9165 28.0441 -4593.03 0.310109 0.284127 0.129549 0.276215  0.252705  0.160047 0.0969375 0.0338226  0.435917  0.020571
(1,2,(3,(4,(5,6)))); -4539.76  -1.22175 30.1593 13.2598 27.0531 -4582.49 0.308468 0.273326  0.13755 0.280657  0.266881  0.153435  0.105106  0.025399  0.437551 0.0116274
(1,(2,(4,(5,6))),3); -4566.96  -2.11856 27.8379 12.7997 26.6416 -4606.52  0.31179 0.301924 0.117617 0.268669  0.251331  0.160252  0.110453 0.0360306  0.417888 0.0240452
(1,2,(3,((4,6),5))); -4549.1  -1.88096 29.9047 13.5731 28.5695 -4592.12 0.288911 0.298064 0.134028 0.278997  0.251957  0.165222  0.113574 0.0344418  0.420295 0.0145104
(1,2,(3,(4,(5,6)))); -4564  -1.22175 28.4363 13.169 25.4769 -4603.52 0.299769 0.311447 0.119584   0.2692  0.260477  0.159396  0.115661 0.0305425  0.409254 0.0246693
(1,2,(3,((4,6),5))); -4546.18  -1.88096 24.4934 13.3769 28.4967 -4583.91  0.30373 0.283487 0.133299 0.279483  0.243248   0.15966  0.106255 0.0315168  0.447923 0.0113977
(1,(2,3),(4,(5,6))); -4546.73  -1.51806 30.7777 13.1978 28.1177 -4590.9 0.312844 0.286277 0.136601 0.264277  0.239015  0.171879  0.101866 0.0296147  0.442293 0.0153333
(1,2,(3,(4,(5,6)))); -4542.6  -1.22175 31.8608 13.2269 28.4607 -4588.47 0.313854 0.288414 0.135689 0.262043  0.241708  0.150137   0.10543 0.0325892  0.457813 0.0123227
(1,2,(3,(4,(5,6)))); -4544.4  -1.22175 29.4569 13.1863 25.9642 -4585.41 0.301032 0.265974 0.161463 0.271531  0.253155  0.147955  0.118401 0.0295395  0.434046 0.0169031
(1,(2,3),(4,(5,6))); -4560.45  -1.51806 21.3517 13.6804 29.2503 -4595.85 0.304724 0.298809 0.138226 0.258241  0.245124  0.155299  0.104552 0.0332148  0.445683 0.0161272
(1,2,(3,(4,(5,6)))); -4556.81  -1.22175 28.724 13.1323 27.6892 -4598.87 0.321443 0.298944 0.122724 0.256889  0.263241  0.160781  0.114626 0.0254518  0.419419 0.0164819
(1,(2,(4,(5,6))),3); -4564.02  -2.11856 20.8301 13.3145 24.811 -4594.22  0.26809  0.30134 0.141627 0.288944  0.262349  0.145487  0.107743 0.0344554  0.433123 0.0168425
(1,(2,3),((4,6),5)); -4565.08  -2.17726 24.1644 13.3468 25.1257 -4598.85   0.3059 0.282525 0.135959 0.275616  0.237415  0.147988  0.109297 0.0500063  0.435901  0.019392
(1,2,(3,(4,(5,6)))); -4552.55  -1.22175 29.2807 13.3082 28.0712 -4595.37  0.30372 0.288137 0.117772  0.29037  0.252631  0.157482   0.12002 0.0323591  0.421732 0.0157753
(1,2,(3,((4,6),5))); -4546.15  -1.88096 32.162 13.3131 27.8587 -4590.97 0.297833  0.30001 0.131687 0.270469  0.271793  0.155647  0.100714 0.0344087  0.423559 0.0138785
(1,2,(3,((4,6),5))); -4549.32  -1.88096 31.0862 13.6351 28.2168 -4593.11 0.297988 0.293113 0.137038 0.271861  0.252502  0.165119  0.109907 0.0405954  0.415315 0.0165622
(1,(2,((4,6),5)),3); -4554.63  -2.77776 30.6692 13.3264 28.498 -4597.7 0.305405 0.295544 0.130529 0.268522  0.240886  0.139841  0.118615 0.0297698  0.453058   0.01783
(1,2,(3,((4,6),5))); -4550.17  -1.88096 30.4337 13.5651 27.3999 -4592.56 0.326152  0.27116 0.129018  0.27367  0.242776  0.169886  0.112138 0.0312246  0.422684 0.0212912
(1,(2,3),(4,(5,6))); -4557.71  -1.51806 30.6221 13.5421 26.914 -4600.19 0.324621 0.280247 0.120278 0.274855  0.236815  0.155708  0.116208 0.0356473   0.43203 0.0235916
(1,(2,3),(4,(5,6))); -4563.49  -1.51806 21.1703 13.014 28.8559 -4598.99 0.300126  0.30043 0.139489 0.259955  0.247772  0.152149  0.124899 0.0303788  0.426338 0.0184628
(1,(2,3),(4,(5,6))); -4559.26  -1.51806 28.6259 13.2561 26.04 -4599.15 0.308141 0.291049 0.144614 0.256196  0.248594  0.148679  0.113724 0.0425159   0.42232 0.0241672
(1,2,(3,(4,(5,6)))); -4551.01  -1.22175 29.2751 13.2339 26.7388 -4592.57 0.314913 0.276224 0.132615 0.276249  0.265972  0.168092  0.122937 0.0306615  0.397451 0.0148865
(1,(2,3),(4,(5,6))); -4555.93  -1.51806 27.5116 13.6398 26.737 -4595.02 0.291222 0.313615 0.129651 0.265513  0.250524   0.15062 0.0975367 0.0339794  0.451032 0.0163079
(1,(2,3),(4,(5,6))); -4553.94  -1.51806 28.872 13.7308 28.7245 -4596.29 0.322229 0.286481 0.127079  0.26421  0.256896  0.160925  0.100977 0.0308478  0.431539 0.0188158
(1,2,(3,(4,(5,6)))); -4554.85  -1.22175 30.3763 13.2809 24.7987 -4595.52 0.323946  0.27902 0.134497 0.262537  0.281982  0.156126   0.10807 0.0390732  0.395657 0.0190925
(1,2,(3,(4,(5,6)))); -4549  -1.22175 31.1172 13.6244 24.7286 -4590 0.316903 0.273997 0.132239 0.276861  0.278809  0.136174   0.11563 0.0401616  0.417804 0.0114217
(1,(2,((4,5),6)),3); -4570.44  -4.95681 28.0973 13.4942 27.8695 -4607.96  0.32751 0.292149 0.132729 0.247612  0.254356  0.162404  0.104544 0.0337467  0.432069 0.0128795
(1,(2,3),(4,(5,6))); -4570.79  -1.51806 26.0031 13.5263 20.6122 -4602.36 0.347108 0.266558 0.109207 0.277127  0.244262  0.181617  0.119412 0.0320238  0.408507 0.0141779
(1,2,(3,(4,(5,6)))); -4557.68  -1.22175 31.3337 13.6373 25.7427 -4599.9 0.288662 0.318135 0.127976 0.265226  0.247761  0.144943   0.11823 0.0298257  0.435418 0.0238223
(1,(2,3),(4,(5,6))); -4554.33  -1.51806 28.1025 13.6192 28.0382 -4595.33 0.307105 0.285443 0.133149 0.274304  0.270181  0.143912  0.107312 0.0396923  0.422422 0.0164801
(1,(2,((4,6),5)),3); -4554.47  -2.77776 30.3636 13.3032 25.986 -4594.74  0.30462 0.280485 0.148302 0.266593  0.252129  0.173009  0.109037 0.0330045  0.409479 0.0233413
(1,(2,3),(4,(5,6))); -4554.79  -1.51806 29.1875 13.0279 27.8486 -4597.28 0.312434 0.295305 0.135259 0.257002  0.260332  0.141368  0.102851 0.0372968  0.438699 0.0194533
(1,(2,((4,6),5)),3); -4558.58  -2.77776 29.0112 13.581 28.9101 -4600.14 0.300157 0.307034 0.138037 0.254772  0.250046  0.159292   0.11162 0.0296824  0.435081 0.0142781
(1,2,(3,((4,6),5))); -4544.57  -1.88096 30.2966 13.423 28.0414 -4587.61 0.307607 0.281695 0.142283 0.268415  0.234826  0.155911  0.111042 0.0388349  0.446833 0.0125542
(1,(2,3),(4,(5,6))); -4547.46  -1.51806 28.6785 13.2067 29.134 -4590.55 0.308828 0.274983 0.144016 0.272173  0.241545  0.152088  0.112478 0.0328959  0.442345 0.0186482
(1,2,(3,(4,(5,6)))); -4550.59  -1.22175 29.7843 13.5113 28.9762 -4594.62 0.302461 0.301361 0.126706 0.269473  0.260072  0.149509  0.118148 0.0265691  0.429198  0.016504
(1,(2,3),((4,6),5)); -4570.51  -2.17726 23.9978 13.2752 24.4769 -4603.53 0.322466 0.292199 0.142939 0.242396  0.241866  0.172488   0.10724 0.0295302  0.423934  0.024942
(1,(2,3),(4,(5,6))); -4546.81  -1.51806 29.2019 13.2839 27.2425 -4588.45 0.307561 0.291095  0.13141 0.269934  0.244377  0.171264  0.101804 0.0251868  0.444304 0.0130647
(1,(2,3),(4,(5,6))); -4550.99  -1.51806 30.8469 13.6798 23.9982 -4590.63 0.323994 0.271767 0.122546 0.281693  0.245384  0.169728 0.0950476 0.0269994  0.439622 0.0232184
(1,(2,3),((4,6),5)); -4565  -2.17726 28.645 13.5933 27.0023 -4604.87 0.307955 0.301083 0.138302  0.25266  0.254679  0.163059   0.11619 0.0418671  0.410181 0.0140236
(1,2,(3,(4,(5,6)))); -4554.87  -1.22175 28.5846 13.8093 25.4526 -4593.87 0.308846  0.29499  0.14636 0.249803  0.268073  0.144078  0.104114 0.0285365  0.430959 0.0242388
(1,(2,3),((4,6),5)); -4559.79  -2.17726 27.0797 13.18 28.6021 -4600.11 0.319415 0.278429 0.142212 0.259943  0.236366  0.163359  0.119098 0.0328277  0.430208 0.0181417
(1,2,(3,(4,(5,6)))); -4553.57  -1.22175 30.2296 13.2998 23.9863 -4593.26 0.321579 0.292503 0.114918    0.271  0.236851  0.175926 0.0928644 0.0312147  0.447031 0.0161136
(1,2,(3,(4,(5,6)))); -4552.31  -1.22175 25.7988 13.7401 27.0162 -4590.17 0.310634 0.294856 0.124807 0.269704  0.252564  0.144764 0.0957264 0.0370742  0.454796 0.0150744
(1,2,(3,((4,6),5))); -4559.23  -1.88096 28.1924 13.3526 24.6684 -4596.86 0.330895  0.28342 0.124435 0.261249  0.269029  0.150061 0.0984214 0.0416875  0.419023  0.021778
(1,(2,(4,(5,6))),3); -4562.27  -2.11856 31.3825 13.2157 24.0764 -4602.39 0.326727 0.290077 0.138745 0.244451  0.239563  0.151343  0.137401 0.0240938  0.428539 0.0190604
(1,2,(3,((4,6),5))); -4553.5  -1.88096 29.9627 13.4628 28.035 -4596.15 0.309968 0.292377 0.145787 0.251868  0.244069  0.148936  0.126267 0.0325681  0.429347 0.0188125
(1,2,(3,(4,(5,6)))); -4556.98  -1.22175 30.3276 13.5032 23.4766 -4596.06 0.294446 0.308247  0.14036 0.256947  0.289811  0.153839  0.116675 0.0269405  0.397306 0.0154288
(1,2,(3,((4,6),5))); -4559.44  -1.88096 29.1909 12.9381 24.5773 -4598.38 0.287183 0.321423 0.145403 0.245992  0.236524  0.166262  0.109716 0.0338633  0.435352 0.0182829
(1,(2,3),((4,6),5)); -4560.45  -2.17726 31.5854 13.2808 26.8907 -4603.46 0.299687 0.300418 0.145469 0.254426  0.238241  0.148859  0.118459  0.039041  0.434137 0.0212631
(1,(2,3),(4,(5,6))); -4555.05  -1.51806 29.0714 13.3941 28.0332 -4597.24 0.320813 0.294937 0.129539 0.254712  0.260586  0.155948 0.0996678  0.034926  0.435827 0.0130448
(1,(2,3),(4,(5,6))); -4550.2  -1.51806 32.3557 13.3945 27.2762 -4594.92 0.323575 0.291302 0.129257 0.255867  0.240354  0.156851  0.109677 0.0234872  0.451984  0.017647
(1,(2,3),((4,6),5)); -4559.3  -2.17726 28.1882 13.1561 25.1999 -4597.36 0.301336 0.306379 0.132157 0.260128  0.249592  0.157848  0.114761 0.0190514  0.440405 0.0183425
(1,(2,((4,6),5)),3); -4555.27  -2.77776 26.687 13.1771 29.7877 -4595.79 0.303148 0.286799 0.144994 0.265059   0.25217  0.157719  0.112219 0.0310535  0.429687 0.0171517
(1,(2,3),(4,(5,6))); -4548.19  -1.51806 24.7823 12.8246 27.1301 -4585.76 0.289323 0.283841 0.152028 0.274809  0.235283  0.159399  0.109619 0.0315286  0.449473 0.0146974
(1,2,(3,((4,6),5))); -4547.41  -1.88096 31.2972 13.2167 25.2209 -4588.83 0.335886 0.272089 0.130175  0.26185  0.262855  0.171879  0.109077 0.0233269  0.418286 0.0145764
(1,2,(3,((4,5),6))); -4561.58  -4.06 30.6785 13.3924 26.5416 -4601.35 0.293175 0.310086 0.132422 0.264317  0.255401  0.151697  0.106922 0.0335091  0.427172 0.0252988
(1,(2,3),((4,6),5)); -4560.22  -2.17726 30.979 13.3311 26.6998 -4602.39 0.299859 0.292126 0.127876 0.280139   0.23994  0.156362  0.114788 0.0464943  0.425135  0.017281
(1,2,(3,(4,(5,6)))); -4554.64  -1.22175 27.7795 12.9246 26.1804 -4594.45 0.296161 0.303372 0.116904 0.283563  0.236848  0.144888  0.110548  0.037801  0.452176 0.0177397
(1,2,(3,((4,6),5))); -4553.05  -1.88096 30.2123 13.5664 25.3639 -4593.17 0.328723 0.275992 0.128296 0.266989  0.258299    0.1527 0.0954565 0.0433792  0.430811 0.0193547
(1,(2,((4,6),5)),3); -4568.48  -2.77776 20.2385 13.8423 23.4741 -4595.58 0.323614 0.252484 0.160754 0.263148  0.258728  0.149593  0.115872 0.0351276  0.420768 0.0199112
(1,(2,3),((4,6),5)); -4551.82  -2.17726 31.3131 13.4054 29.2906 -4596.84 0.311999 0.279596  0.13996 0.268445  0.241255   0.14967  0.109267 0.0332321  0.447907  0.018668
(1,(2,3),(4,(5,6))); -4561.02  -1.51806 28.9633 13.0216 26.3227 -4601.76 0.323067 0.292343 0.142049 0.242541   0.25834  0.141778  0.109465 0.0401325  0.431664 0.0186209
(1,(2,(4,(5,6))),3); -4556.59  -2.11856 27.897 13.3579 22.7902 -4591.8 0.319943 0.272433 0.114943 0.292681  0.273543  0.134031  0.104469 0.0268421  0.440829 0.0202857
(1,2,(3,(4,(5,6)))); -4545.33  -1.22175 29.9241 13.9612 29.2847 -4589.35  0.30245 0.285825 0.144634 0.267091   0.24234  0.162478  0.116342 0.0290923  0.434845 0.0149021
(1,2,(3,(4,(5,6)))); -4545.08  -1.22175 31.2888 13.7985 28.0344 -4589.38 0.308978 0.276588 0.141819 0.272615  0.231912  0.151145  0.119569 0.0321711  0.444447 0.0207557
(1,2,(3,(4,(5,6)))); -4549.37  -1.22175 30.0879 13.324 26.0602 -4590.97 0.317778 0.284956 0.138488 0.258779  0.220684  0.155122  0.112021 0.0305828   0.46046 0.0211299
(1,2,(3,(4,(5,6)))); -4543.87  -1.22175 28.9407 13.6366 27.2374 -4585.19 0.309284 0.271067 0.138508 0.281141  0.254936    0.1678  0.107126 0.0346796  0.424651 0.0108064
(1,2,(3,(4,(5,6)))); -4557.93  -1.22175 25.6534 12.9133 27.3279 -4596.77 0.329858 0.283555 0.141681 0.244906  0.262279  0.150235   0.11609 0.0278944   0.42554 0.0179606
(1,(2,3),(4,(5,6))); -4560.16  -1.51806 29.43 13.2008 27.5273 -4602.4 0.294679 0.315315 0.129061 0.260944  0.250403  0.147001  0.114287 0.0323263  0.434498 0.0214846
(1,2,(3,(4,(5,6)))); -4551.63  -1.22175 30.3799 13.4389 27.6493 -4595 0.319447 0.296853 0.129714 0.253986  0.269112  0.139891  0.112305 0.0268917  0.436141 0.0156585
(1,2,(3,((4,6),5))); -4552.12  -1.88096 29.9429 13.6603 23.8494 -4590.37  0.29329 0.298655 0.149772 0.258283  0.238533  0.128345  0.123073 0.0312764  0.461499 0.0172731
(1,(2,(4,(5,6))),3); -4553.39  -2.11856 28.5635 13.4152 28.1436 -4594.56 0.320308 0.288146 0.123675 0.267872  0.250347  0.149693 0.0998219 0.0340186   0.45227 0.0138498
(1,2,(3,((4,6),5))); -4547.63  -1.88096 29.3152 13.6138 26.216 -4587.66 0.307495 0.297316 0.124831 0.270358   0.243327   0.149165   0.109141   0.036358   0.453259 0.00874895
(1,(2,3),(4,(5,6))); -4559.69  -1.51806 23.7058 12.8566 26.5745 -4595.6 0.295415 0.297821 0.135387 0.271377  0.234132  0.154827  0.116675 0.0459582  0.433445 0.0149632
(1,2,(3,((4,6),5))); -4559.51  -1.88096 29.8224 13.4678 25.1243 -4599.11 0.299431  0.30225 0.137647 0.260672  0.268184  0.144222  0.116073 0.0435837  0.406772 0.0211649
(1,2,(3,((4,6),5))); -4549.53  -1.88096 27.9345 13.8456 28.5617 -4590.29 0.310159 0.282803 0.127109 0.279929  0.244172  0.167872  0.108792  0.028166  0.431434 0.0195625
(1,2,(3,(4,(5,6)))); -4548.1  -1.22175 30.367 13.1479 24.0754 -4588.17 0.300732 0.298203  0.12113 0.279936  0.253896  0.136319  0.096171  0.041703  0.457655 0.0142565
(1,2,(3,(4,(5,6)))); -4549.82  -1.22175 30.4342 13.4159 26.5366 -4592.16  0.31485 0.283243  0.14109 0.260817  0.249197   0.13789  0.120439 0.0265786  0.442455 0.0234406
(1,2,(3,(4,(5,6)))); -4545.54  -1.22175 27.2508 13.3913 28.1483 -4586.32 0.291777 0.291535 0.138207 0.278481  0.234177  0.162801   0.10764 0.0300027  0.449095  0.016284
(1,2,(3,((4,6),5))); -4550.59  -1.88096 29.2794 13.2799 28.5606 -4593.27  0.29675 0.303107  0.12716 0.272983  0.238375  0.147607  0.115419 0.0311862  0.448967 0.0184468
(1,(2,3),((4,5),6)); -4561.97  -4.35631 31.8078 13.4725 27.3595 -4603.31 0.305525 0.276046 0.131896 0.286533  0.263358  0.151693  0.116325 0.0327119  0.413068  0.022845
(1,(2,3),(4,(5,6))); -4548.4  -1.51806 29.7724 13.4586 25.06 -4588.26 0.300292 0.275589 0.140476 0.283643  0.265837  0.132465  0.125674 0.0244732  0.434942  0.016609
(1,2,(3,(4,(5,6)))); -4544.55  -1.22175 29.8043 13.3657 27.6623 -4587.43 0.297541  0.29436 0.123264 0.284835  0.248141  0.149314   0.10393 0.0277512  0.455356  0.015508
(1,(2,(4,(5,6))),3); -4547.73  -2.11856 28.6571 13.3229 27.0376 -4587.98 0.318223 0.270168  0.13281 0.278799  0.259857  0.146176 0.0963502 0.0313842  0.451015 0.0152179
(1,(2,((4,6),5)),3); -4559.34  -2.77776 26.1163 12.8536 26.915 -4596.74 0.325029  0.26459 0.120339 0.290042  0.252496  0.163361  0.112425 0.0313935  0.424842 0.0154818
(1,(2,3),(4,(5,6))); -4553.3  -1.51806 32.1781 13.7673 27.7147 -4597.9 0.314017 0.286518 0.124592 0.274873  0.246394  0.171058  0.124577 0.0281237   0.41312 0.0167275
(1,(2,3),(4,(5,6))); -4556.68  -1.51806 28.4602 12.8931 24.3377 -4595.07 0.336487 0.277203 0.135527 0.250782  0.220001   0.16094  0.125181 0.0294904  0.451075 0.0133126
(1,(2,3),(4,(5,6))); -4554.22  -1.51806 29.6106 13.6818 25.6701 -4594.3 0.299848 0.293294 0.129154 0.277703  0.229348  0.161083   0.13827 0.0305221  0.427964 0.0128129
(1,2,(3,(4,(5,6)))); -4552.33  -1.22175 27.3489 13.9689 27.8242 -4592.32 0.305315 0.288627 0.124226 0.281832  0.269868  0.162371  0.105686 0.0282571  0.416416 0.0174029
(1,(2,(4,(5,6))),3); -4560.65  -2.11856 28.5243 13.3818 25.3974 -4599.07 0.317798 0.307363 0.117744 0.257095  0.259119  0.138458  0.103258 0.0339406  0.453245 0.0119794
