tree logl logTop logBL logPrior logQ logWt pi1 pi2 pi3 pi4 s1 s2 s3 s4 s5 s6
(1,(2,((4,6),5)),3); -4544.54  -2.77506 29.4884 13.1593 26.5439 -4584.63 0.291526 0.272818 0.144864 0.290792  0.220715  0.131999 0.0847224 0.0249441   0.52525 0.0123697
(1,2,(3,(4,(5,6)))); -4536.72  -1.16157 28.8493 13.3417 27.654 -4578.72 0.298828 0.262727 0.152588 0.285856   0.230631   0.148819  0.0815921  0.0277425   0.504555 0.00666027
(1,2,(3,(4,(5,6)))); -4534.77  -1.16157 28.8837 13.6939 28.7757 -4577.57 0.280175   0.2713 0.141475  0.30705   0.237638    0.14019  0.0815794  0.0225031   0.512995 0.00509477
(1,2,(3,(4,(5,6)))); -4541.61  -1.16157 29.3903 13.0041 20.8253 -4577.66 0.274644 0.283884 0.134905 0.306567   0.243031   0.143899   0.115777 0.00709926   0.473379  0.0168145
(1,(2,3),((4,6),5)); -4545.25  -2.21502 30.5146 13.5126 25.5913 -4585.63 0.291468 0.247597 0.151353 0.309581   0.236166   0.170795  0.0697476  0.0236551   0.495149 0.00448739
(1,2,(3,(4,(5,6)))); -4537.44  -1.16157 29.3865 13.6674 25.6537 -4577.65 0.288034 0.279375 0.142421  0.29017   0.285857   0.142235  0.0868257  0.0141396   0.463463 0.00748043
(1,(2,(4,(5,6))),3); -4540.05  -2.13667 29.9692 13.3941 26.637 -4581.13 0.303394 0.252067 0.151277 0.293262   0.239706   0.152825   0.082896  0.0099323   0.506254 0.00838603
(1,2,(3,((4,6),5))); -4537.44  -1.79996 26.4399 13.1877 28.2654 -4577.16 0.270894 0.278599 0.144522 0.305985   0.231713   0.149173  0.0865227  0.0143433   0.509521 0.00872783
(1,2,(3,(4,(5,6)))); -4541.06  -1.16157 23.0377 13.4498 28.5984 -4578.09 0.280194 0.268223 0.148841 0.302741   0.250333   0.166434  0.0782393  0.0132675   0.488233 0.00349355
(1,2,(3,(4,(5,6)))); -4536.05  -1.16157 30.0191 13.404 26.2058 -4577.7 0.283216  0.26397 0.139109 0.313705  0.231669  0.150376  0.104701 0.0139034  0.484408 0.0149423
(1,2,(3,((4,6),5))); -4538.99  -1.79996 26.0478 12.9248 27.535 -4577.85 0.291503 0.271633 0.131652 0.305212  0.232121  0.141417 0.0816782  0.022479  0.511023 0.0112814
(1,2,(3,((4,6),5))); -4542.31  -1.79996 26.0398 12.9063 23.0556 -4576.7 0.310178 0.270393 0.143262 0.276166   0.232478    0.18109  0.0637477  0.0248153   0.495483 0.00238491
(1,2,(3,(4,(5,6)))); -4533.45  -1.16157 30.2667 13.0675 28.451 -4577.94 0.294331 0.266095 0.142792 0.296783  0.251694  0.142565 0.0830714 0.0208333  0.488462  0.013374
(1,2,(3,((4,6),5))); -4535.95  -1.79996 29.0652 13.0422 27.8236 -4578 0.277264  0.27956 0.141057  0.30212  0.232339  0.156818  0.101004  0.014137   0.48551 0.0101925
(1,(2,(4,(5,6))),3); -4541.72  -2.13667 28.9111 13.2664 25.4284 -4580.66 0.279619 0.254951 0.152372 0.313058    0.2288  0.135597  0.072394 0.0221499  0.530855 0.0102043
(1,(2,3),(4,(5,6))); -4544.62  -1.57663 28.3377 13.708 21.4649 -4579.14 0.271337 0.272477 0.155999 0.300187  0.191479  0.182591 0.0834454 0.0287102   0.50529 0.0084837
(1,(2,3),(4,(5,6))); -4541.39  -1.57663 28.6252 13.6126 25.9362 -4580.76 0.299281 0.256234 0.155399 0.289086   0.254261   0.156815  0.0638427  0.0233411   0.492401 0.00933919
(1,2,(3,(4,(5,6)))); -4536.83  -1.16157 27.7691 13.2356 27.1652 -4577.37 0.284182 0.258948 0.143602 0.313267  0.228122  0.151012 0.0789746 0.0264908  0.512481 0.0029191
(1,(2,3),(4,(5,6))); -4546.48  -1.57663 30.029 13.6402 20.4168 -4581.71 0.284045 0.254364 0.139804 0.321787   0.268489   0.128411  0.0631054 0.00926045   0.515697  0.0150374
(1,2,(3,(4,(5,6)))); -4542.94  -1.16157 24.7536 14.0838 25.678 -4578.13 0.283033 0.263064 0.134974  0.31893   0.241452   0.169882   0.063673  0.0227264   0.497156 0.00511066
(1,(2,(4,(5,6))),3); -4546.21  -2.13667 24.0226 13.776 26.7118 -4581.03 0.274784 0.269319 0.147184 0.308713    0.24954    0.16271  0.0891211  0.0280267    0.46756 0.00304228
(1,(2,3),((4,6),5)); -4545.31  -2.21502 28.0561 13.1925 26.859 -4584.82  0.30288 0.275658  0.14677 0.274691  0.243252  0.160868 0.0867909 0.0148775  0.482389 0.0118232
(1,2,(3,(4,(5,6)))); -4535.36  -1.16157 30.3774 13.4652 26.8922 -4578 0.284627 0.259021 0.143775 0.312578   0.255536   0.158074  0.0685135  0.0265073   0.486366 0.00500288
(1,(2,3),(4,(5,6))); -4538.93  -1.57663 29.7909 13.7018 27.3474 -4580.79 0.281915 0.269036 0.158336 0.290714    0.22669   0.152422   0.100597  0.0226069   0.494164 0.00352021
(1,2,(3,(4,(5,6)))); -4536.56  -1.16157 29.6692 13.5989 26.3075 -4577.78 0.278672 0.276415 0.148102  0.29681    0.24085   0.140677  0.0786885  0.0360903   0.494779 0.00891466
(1,(2,3),((4,6),5)); -4547.01  -2.21502 31.2281 13.5495 23.5039 -4585.98 0.272611 0.281425 0.139417 0.306547   0.263419   0.178165  0.0766207 0.00763222   0.466331 0.00783166
(1,(2,(4,(5,6))),3); -4542.12  -2.13667 28.5455 13.6267 24.2883 -4579.19 0.311529 0.268824 0.131899 0.287748   0.252272   0.168522  0.0947147 0.00974802   0.466521 0.00822279
(1,(2,3),(4,(5,6))); -4545.13  -1.57663 29.206 13.6876 23.7771 -4582.84 0.279339 0.265129 0.148067 0.307465   0.279204   0.125245   0.101024  0.0115499   0.476398 0.00657977
(1,2,(3,((4,6),5))); -4542.49  -1.79996 23.9029 13.3119 26.7625 -4578.05 0.294772  0.27745  0.12822 0.299558   0.239822   0.172596  0.0884896   0.017352   0.473738 0.00800281
(1,2,(3,((4,6),5))); -4538.05  -1.79996 28.5028 13.5241 27.211 -4578.44 0.288813  0.27528 0.132232 0.303675   0.243356   0.168363  0.0779179  0.0258187   0.476036 0.00850838
(1,(2,3),(4,(5,6))); -4541.09  -1.57663 28.4525 13.7286 26.2241 -4580.46 0.288596 0.249702 0.152813 0.308889   0.220162   0.170457  0.0803597  0.0217576   0.499799 0.00746392
(1,(2,(4,(5,6))),3); -4542.24  -2.13667 27.6506 12.9534 26.0174 -4580.82 0.279154 0.266734 0.140897 0.313214  0.249379  0.162247 0.0701979  0.021811   0.47903 0.0173359
(1,2,(3,(4,(5,6)))); -4535.87  -1.16157 28.263 13.4546 28.3773 -4577.9 0.289311 0.264965 0.144893  0.30083   0.228525   0.151324   0.106567  0.0188343   0.489109 0.00564066
(1,2,(3,(4,(5,6)))); -4536.13  -1.16157 30.0788 13.4276 26.5102 -4578.13  0.29435 0.277396 0.131113 0.297142   0.230898   0.172973  0.0964159   0.019544   0.470762 0.00940668
(1,(2,3),(4,(5,6))); -4543.05  -1.57663 26.5365 13.2546 26.4246 -4581.18 0.297896 0.268241 0.144402 0.289461  0.233503  0.163234 0.0655639 0.0125086  0.509639 0.0155516
(1,(2,3),(4,(5,6))); -4542.69  -1.57663 25.6668 13.2881 26.6772 -4580.17 0.278449 0.283355 0.151558 0.286638  0.226527  0.159326 0.0760422 0.0226501  0.500556 0.0148993
(1,(2,3),((4,6),5)); -4542.93  -2.21502 30.519 13.5751 28.2834 -4585.94 0.284905 0.262125 0.152239 0.300731  0.236558  0.151036 0.0855944 0.0244716  0.489952 0.0123877
(1,2,(3,((4,6),5))); -4536.04  -1.79996 27.7445 13.1399 28.6399 -4577.49 0.285683 0.271035  0.14729 0.295992   0.252271   0.138313  0.0961466  0.0164783   0.493355 0.00343605
(1,2,(3,(4,(5,6)))); -4537.71  -1.16157 30.3958 13.0593 24.3818 -4578.27 0.310504 0.265679 0.140921 0.282895  0.248922  0.156798 0.0767993 0.0261977  0.472504 0.0187781
(1,2,(3,(4,(5,6)))); -4539.58  -1.16157 27.4015 13.9812 25.8438 -4577.68  0.30355 0.262563 0.147927 0.285959   0.239373   0.148759   0.103376  0.0300129   0.473647 0.00483268
(1,2,(3,((4,6),5))); -4543.4  -1.79996 30.307 13.6067 22.2718 -4580.57 0.300886 0.264946 0.149953 0.284215   0.21535  0.124403  0.114619 0.0192358  0.511954 0.0144373
(1,2,(3,(4,(5,6)))); -4542.95  -1.16157 27.2158 13.0339 23.3577 -4579.32 0.260898 0.269019 0.150937 0.319147   0.280437   0.139704  0.0847178  0.0159817   0.472471 0.00668826
(1,2,(3,(4,(5,6)))); -4541.17  -1.16157 29.4514 14.3006 23.3834 -4578.54 0.285185 0.250504 0.162411   0.3019   0.248705   0.138706  0.0942161  0.0330183   0.475898 0.00945735
(1,2,(3,((4,5),6))); -4548.18  -4.38917 24.4797 13.5398 27.8887 -4582.62 0.286026 0.269271  0.15583 0.288873    0.23438   0.140716  0.0800588  0.0258611   0.514446 0.00453743
(1,(2,3),(4,(5,6))); -4544.55  -1.57663 27.9205 13.6956 22.1375 -4579.34 0.290244 0.277368   0.1626 0.269788  0.247037  0.170086 0.0732384 0.0162307  0.473029 0.0203781
(1,2,(3,((4,6),5))); -4534.15  -1.79996 29.2896 13.2617 29.15 -4577.53 0.282723 0.276728 0.144159  0.29639  0.240755  0.143224 0.0854584 0.0129649  0.512963 0.0046359
(1,(2,3),((4,6),5)); -4549.9  -2.21502 22.7975 12.9672 26.5294 -4584.05  0.29563 0.269069 0.138464 0.296837   0.229971   0.171485   0.105346  0.0132495   0.477167 0.00278131
(1,2,(3,(4,(5,6)))); -4537.53  -1.16157 28.6682 13.6126 25.6922 -4577.11  0.26751 0.276356 0.159841 0.296293  0.227957  0.166502 0.0751208 0.0205082  0.496192 0.0137196
(1,2,(3,((4,6),5))); -4537.96  -1.79996 27.1081 13.2129 27.359 -4577.41 0.288216 0.280775 0.152247 0.278761   0.248274   0.137625  0.0791167   0.019855   0.511302 0.00382719
(1,2,(3,((4,6),5))); -4540.05  -1.79996 29.8095 13.0775 24.8084 -4579.79  0.30608 0.269724    0.151 0.273197  0.210063   0.15377 0.0911036 0.0130262  0.526205 0.0058323
(1,(2,3),((4,6),5)); -4542.23  -2.21502 31.2681 13.3877 27.3687 -4585.27 0.287493 0.256197 0.152385 0.303925   0.246312   0.161313  0.0927309  0.0102728   0.482216 0.00715431
(1,2,(3,(4,(5,6)))); -4541.62  -1.16157 24.9981 13.2292 26.7792 -4579.01 0.298955 0.269039 0.152044 0.279962   0.251517   0.131908  0.0860491  0.0248746   0.499745 0.00590612
(1,2,(3,(4,(5,6)))); -4538.49  -1.16157 30.2605 13.7344 25.4067 -4579.26 0.261667  0.27414 0.149108 0.315084   0.265422   0.148295  0.0883006  0.0189242   0.470877 0.00818215
(1,2,(3,(4,(5,6)))); -4537.86  -1.16157 30.0401 13.6145 24.7232 -4577.85 0.304499 0.270369 0.145287 0.279845   0.223841   0.186191  0.0675182  0.0197123   0.499133 0.00360435
(1,2,(3,((4,6),5))); -4536.17  -1.79996 27.8714 13.4899 28.1915 -4576.94 0.297161 0.266624 0.140604 0.295612  0.255155  0.170438 0.0790784 0.0138681  0.476913 0.0045481
(1,(2,3),((4,6),5)); -4545.32  -2.21502 28.562 12.9531 26.8698 -4585.58 0.304287  0.25886 0.146826 0.290027   0.217879   0.168538  0.0800663  0.0243456   0.502423 0.00674929
(1,(2,3),(4,(5,6))); -4548.35  -1.57663 29.0241 13.5237 18.5096 -4580.78 0.277905 0.262664   0.1532 0.306231  0.221629   0.15526 0.0508341  0.017848  0.524401 0.0300276
(1,(2,3),(4,(5,6))); -4540.78  -1.57663 28.386 13.3799 27.1904 -4581.4 0.291946  0.26954 0.140037 0.298476  0.219782  0.153105   0.09204  0.022512  0.495584 0.0169769
(1,(2,3),(4,(5,6))); -4542.01  -1.57663 28.676 13.5974 26.8356 -4582.35  0.28252 0.276718 0.153327 0.287435    0.26141   0.139924   0.100901  0.0149468   0.474121 0.00869731
(1,(2,3),(4,(5,6))); -4540.48  -1.57663 28.2471 13.0715 26.4357 -4580.52 0.267048 0.290988 0.142276 0.299688   0.23848  0.149316 0.0839679 0.0226628   0.49458 0.0109935
(1,(2,(4,(5,6))),3); -4541.15  -2.13667 30.6496 13.4583 25.6026 -4581.81 0.291356 0.268753 0.156114 0.283777   0.254276   0.126054  0.0708376  0.0232966   0.519096 0.00643945
(1,2,(3,(4,(5,6)))); -4541.95  -1.16157 29.766 13.4551 21.8761 -4578.97 0.284724 0.252877 0.135129  0.32727   0.239626   0.161786   0.058577  0.0300378   0.504872 0.00510081
(1,(2,(4,(5,6))),3); -4539.94  -2.13667 26.9362 13.254 28.6326 -4580.12 0.281388 0.263621 0.156067 0.298924  0.244116  0.154912 0.0800752 0.0169446  0.492634 0.0113178
(1,(2,(4,(5,6))),3); -4543.22  -2.13667 28.2199 13.9216 26.4004 -4581.78 0.271464 0.271806 0.140708 0.316022   0.259213   0.151994  0.0940643  0.0228376   0.467545 0.00434548
(1,2,(3,((4,6),5))); -4538.75  -1.79996 26.6696 13.9112 28.1473 -4577.86 0.285106 0.258968  0.15138 0.304545  0.249248  0.159374 0.0839686 0.0160606   0.47903 0.0123188
(1,(2,((4,6),5)),3); -4544.97  -2.77506 27.3197 13.7664 27.3265 -4583.08 0.281709 0.279009 0.149381 0.289901  0.243351  0.145952 0.0888148 0.0132456  0.491537 0.0170986
(1,(2,(4,(5,6))),3); -4539.12  -2.13667 31.7145 13.6511 26.8396 -4581.88  0.27627 0.282213 0.153278 0.288239   0.259925   0.132323  0.0903354  0.0152089   0.495654 0.00655399
(1,(2,3),((4,6),5)); -4553.32  -2.21502 23.3435 12.5953 23.9849 -4585.84 0.292114 0.249085 0.145231 0.313571   0.211343    0.17047   0.073018  0.0188084   0.524076 0.00228377
(1,(2,(4,(5,6))),3); -4542.41  -2.13667 26.8544 13.1798 26.5937 -4580.54 0.305759 0.269789 0.139641 0.284811  0.227724  0.161254 0.0943766  0.021517  0.481284 0.0138444
(1,(2,(4,(5,6))),3); -4540.9  -2.13667 27.1205 12.8892 27.5217 -4580.51 0.276781 0.269895 0.135061 0.318262   0.246296   0.159432  0.0849711  0.0158995   0.484309 0.00909217
(1,2,(3,(4,(5,6)))); -4537.58  -1.16157 29.6164 13.6019 25.5041 -4577.94 0.305528 0.265819 0.133047 0.295606   0.240143    0.17905  0.0775449  0.0264899    0.47234 0.00443158
(1,(2,3),((4,6),5)); -4544.88  -2.21502 30.1916 13.2248 26.6924 -4586.33 0.296015 0.263434 0.152398 0.288153  0.248096  0.146151 0.0761022 0.0161267   0.49436  0.019164
(1,2,(3,((4,6),5))); -4536.28  -1.79996 29.0341 13.7708 27.6459 -4577.38 0.293237  0.26443 0.135801 0.306531  0.258745  0.164736 0.0847633 0.0171816  0.466133 0.0084404
(1,2,(3,(4,(5,6)))); -4535.09  -1.16157 29.2393 13.1676 27.9616 -4577.96 0.276227 0.275439 0.137241 0.311093  0.244963    0.1576 0.0838667 0.0194648  0.482554 0.0115515
(1,2,(3,(4,(5,6)))); -4539.03  -1.16157 28.8768 13.4702 24.679 -4577.95 0.287715 0.254066 0.151911 0.306308   0.221729   0.136681  0.0980275  0.0326968   0.501748 0.00911823
(1,2,(3,(4,(5,6)))); -4536.6  -1.16157 28.3351 13.5813 27.9785 -4578.17 0.296765 0.272782 0.150399 0.280054   0.242631   0.145415  0.0954304  0.0204892    0.48689 0.00914312
(1,(2,3),(4,(5,6))); -4544.14  -1.57663 28.9401 13.6515 23.9846 -4581.83 0.281407 0.246084 0.157782 0.314726   0.244753   0.145511  0.0803572  0.0313773   0.493008 0.00499375
(1,2,(3,(4,(5,6)))); -4534.31  -1.16157 31.4734 13.5344 27.4021 -4578.48 0.286014 0.277453 0.142612 0.293922  0.249408  0.152412 0.0891822 0.0202762  0.471339 0.0173825
(1,(2,(4,(5,6))),3); -4545.85  -2.13667 25.265 13.9397 24.8643 -4579.91 0.299247 0.268902 0.138098 0.293752   0.246233   0.189366  0.0806618  0.0250466   0.453705 0.00498681
(1,2,(3,((4,6),5))); -4536.92  -1.79996 29.2129 13.5237 26.2402 -4577.05 0.284001 0.281608 0.134618 0.299772   0.26534  0.171708 0.0844386 0.0150909  0.458168 0.0052545
(1,2,(3,(4,(5,6)))); -4540.79  -1.16157 25.3605 13.1219 25.4879 -4577.35 0.290087 0.266812 0.150007 0.293094  0.228766  0.162634  0.117978 0.0168016  0.463184 0.0106373
(1,2,(3,(4,(5,6)))); -4543.31  -1.16157 28.9219 13.1027 22.3811 -4580.35 0.284764 0.274531 0.154593 0.286112  0.227252  0.135016 0.0829211 0.0142794  0.508818 0.0317137
(1,2,(3,(4,(5,6)))); -4533.86  -1.16157 31.595 13.556 27.4698 -4578.21 0.293002 0.264385 0.151369 0.291244  0.234479  0.148599 0.0715133 0.0246377   0.50682 0.0139518
(1,(2,3),(4,(5,6))); -4547.19  -1.57663 23.7709 13.8644 25.9933 -4581.51 0.273401 0.257743 0.160181 0.308675  0.249028  0.152328 0.0689535 0.0212996  0.498125 0.0102664
(1,2,(3,(4,(5,6)))); -4543.11  -1.16157 30.0196 13.1666 20.8716 -4579.67 0.300689 0.282572 0.133809  0.28293  0.249428   0.14416 0.0699233 0.0336101  0.478515 0.0243638
(1,2,(3,(4,(5,6)))); -4537.37  -1.16157 27.8583 13.299 27.8153 -4578.58  0.28844  0.27383 0.146606 0.291124  0.237656  0.156768 0.0637412 0.0143706  0.523568 0.0038951
(1,2,(3,(4,(5,6)))); -4540.71  -1.16157 29.1193 13.2538 24.2943 -4579.7  0.31604 0.261544 0.148853 0.273564  0.246065  0.136967 0.0736545 0.0173277  0.515233 0.0107524
(1,(2,3),(4,(5,6))); -4546.48  -1.57663 27.7681 13.5287 23.5448 -4582.68 0.303295 0.252142 0.147287 0.297276   0.274975   0.133985  0.0871682 0.00794571   0.489206 0.00671978
(1,2,(3,(4,(5,6)))); -4537.82  -1.16157 29.0508 13.6823 25.7741 -4577.8 0.303465 0.278124 0.136373 0.282039   0.258041    0.14419  0.0921008 0.00983002    0.48602 0.00981846
(1,(2,(4,(5,6))),3); -4537.15  -2.13667 32.0891 13.3412 27.1794 -4580.94 0.297205 0.261607 0.143513 0.297675   0.22578  0.143772  0.102201 0.0215445   0.50437 0.0023328
(1,2,(3,(4,(5,6)))); -4538.66  -1.16157 25.1665 13.2062 28.1588 -4577.62 0.287486 0.269149 0.154703 0.288663 0.238295 0.157077 0.080623 0.028517  0.49017 0.005319
(1,2,(3,(4,(5,6)))); -4536.77  -1.16157 28.8818 13.5606 27.4028 -4578.33 0.289283 0.286733 0.136369 0.287615  0.242971  0.150202 0.0764183 0.0125946  0.506966 0.0108491
(1,2,(3,(4,(5,6)))); -4534.12  -1.16157 30.8278 13.641 27.7184 -4577.86 0.299391  0.26558 0.137453 0.297576   0.246473   0.155382  0.0910138  0.0276072   0.473033 0.00649089
(1,(2,3),((4,6),5)); -4543.58  -2.21502 29.2721 13.1203 28.4518 -4585.97 0.290098 0.262928 0.151338 0.295635   0.239998   0.159206  0.0734544   0.012397   0.511555 0.00338961
(1,2,(3,(4,(5,6)))); -4535.02  -1.16157 28.6144 12.8389 28.1583 -4577.79 0.286265 0.278913 0.149522 0.285301   0.226535   0.158844  0.0870032  0.0241658   0.500081 0.00336988
(1,2,(3,((4,6),5))); -4542.76  -1.79996 29.1826 13.7222 22.6334 -4579.05 0.289816 0.289914 0.130277 0.289993   0.219315   0.178878  0.0746084  0.0336622   0.488854 0.00468213
(1,(2,3),(4,(5,6))); -4538.63  -1.57663 29.7592 13.8581 28.4709 -4581.42 0.297176 0.274884 0.141482 0.286458   0.258073   0.150135   0.091963  0.0175925   0.476217 0.00601913
(1,(2,(4,(5,6))),3); -4538.28  -2.13667 29.6131 13.1161 26.905 -4579.55  0.27647 0.275157 0.150686 0.297687  0.214215  0.171557 0.0815154 0.0138005  0.507385 0.0115264
(1,(2,(4,(5,6))),3); -4540.66  -2.13667 27.3318 13.1636 27.7867 -4580.48 0.285613 0.284455 0.145229 0.284704    0.25272    0.16604  0.0781771  0.0197456   0.479694 0.00362359
(1,2,(3,(4,(5,6)))); -4535.01  -1.16157 29.8898 13.4615 27.2235 -4577.5 0.279948 0.282079 0.144339 0.293634   0.247826   0.151203  0.0626198  0.0136508    0.51651 0.00819036
(1,2,(3,(4,(5,6)))); -4539.99  -1.16157 24.5397 13.0549 26.8305 -4577.14 0.285092 0.271553 0.149842 0.293514  0.262509  0.163738 0.0661179 0.0235795  0.473619 0.0104363
(1,2,(3,((4,6),5))); -4540.16  -1.79996 27.7192 13.4537 25.1189 -4577.74 0.266952 0.288035 0.145393  0.29962  0.256433  0.149056  0.069352 0.0248323  0.487289 0.0130367
(1,(2,3),((4,6),5)); -4547.28  -2.21502 28.2861 13.3684 25.8672 -4585.85 0.272826 0.278674 0.153996 0.294504  0.245321  0.131435 0.0788467 0.0107559  0.523016 0.0106256
(1,(2,(4,(5,6))),3); -4541.86  -2.13667 27.162 13.2386 25.9946 -4579.64 0.273805 0.271467 0.147947 0.306781   0.220094   0.138532  0.0772233  0.0297146   0.526435 0.00800097
(1,2,(3,((4,5),6))); -4543.31  -4.38917 29.7901 12.8901 25.7608 -4581.58  0.29142 0.285153 0.133566  0.28986   0.221987   0.163543  0.0721655  0.0103657   0.525479 0.00646031
(1,(2,3),((4,6),5)); -4544.94  -2.21502 31.3923 13.6386 26.0222 -4586.5 0.298315 0.274782 0.144307 0.282596  0.239062  0.141228  0.102506 0.0175072  0.482453 0.0172435
(1,(2,3),(4,(5,6))); -4538.55  -1.57663 31.0259 13.4847 25.8272 -4580.34 0.283988 0.287721 0.132715 0.295576   0.257049   0.133928  0.0691931  0.0179658   0.513223 0.00864122
(1,2,(3,((4,5),6))); -4541.5  -4.38917 31.4632 13.6342 25.823 -4580.77 0.268525 0.275014 0.160897 0.295564  0.225622  0.146903 0.0893409 0.0247839   0.50096 0.0123899
(1,(2,3),(4,(5,6))); -4540.44  -1.57663 27.4808 13.8321 27.8746 -4580.39 0.281455 0.257465 0.159334 0.301746   0.235708   0.163631  0.0884584  0.0172887   0.488439 0.00647453
(1,2,(3,(4,(5,6)))); -4535.71  -1.16157 29.6008 13.8525 28.0261 -4578.33 0.283772 0.278782 0.137285 0.300161    0.22042   0.167655  0.0822582  0.0150587   0.504864 0.00974493
(1,(2,3),((4,6),5)); -4546.35  -2.21502 31.2037 13.489 24.4191 -4586.27 0.281819 0.251082 0.148541 0.318558  0.251096  0.139361  0.103498 0.0184941  0.474375 0.0131764
(1,2,(3,((4,6),5))); -4534.05  -1.79996 31.2322 13.4448 27.621 -4577.65 0.278143 0.263032 0.157653 0.301172   0.246569   0.149047  0.0907439  0.0257276   0.483387 0.00452642
(1,(2,((4,6),5)),3); -4540.82  -2.77506 29.9501 13.1862 27.6501 -4582.46  0.30147 0.273836 0.147624  0.27707   0.230358   0.160144  0.0777235  0.0225718   0.503884 0.00531875
(1,2,(3,(4,(5,6)))); -4536.75  -1.16157 32.0586 13.5316 22.3856 -4576.5 0.261848 0.271549 0.134145 0.332459   0.215155   0.151993    0.09122  0.0146216    0.52127 0.00574063
(1,(2,3),((4,6),5)); -4547.25  -2.21502 27.1604 13.3803 26.8868 -4585.7 0.295604 0.270187 0.146148 0.288061   0.251802   0.153697  0.0663301  0.0293648   0.489176 0.00963002
(1,(2,((4,6),5)),3); -4544.24  -2.77506 29.1416 13.1959 25.0373 -4582.44 0.294849 0.264711 0.148238 0.292202  0.261905  0.147692 0.0551061 0.0161953  0.506208  0.012894
(1,(2,(4,(5,6))),3); -4542.5  -2.13667 26.5276 13.221 27.2077 -4580.88 0.281939 0.285671 0.131194 0.301196   0.243828   0.144468  0.0926887  0.0228894   0.489667 0.00645823
(1,(2,3),(4,(5,6))); -4540.81  -1.57663 31.2741 13.7241 24.2436 -4581.03  0.28969 0.261393 0.159821 0.289096  0.241645  0.145471 0.0859321 0.0353342  0.476714 0.0149031
(1,2,(3,((4,6),5))); -4541.48  -1.79996 28.2937 13.1901 22.4393 -4577.22 0.288209 0.286331 0.157905 0.267554    0.25853   0.131066  0.0938979  0.0270248   0.480776 0.00870557
(1,(2,3),(4,(5,6))); -4540.86  -1.57663 28.2988 13.5415 26.6529 -4580.69 0.292136 0.268442 0.131361  0.30806   0.256909   0.143798  0.0978561  0.0125529   0.479583 0.00930086
(1,2,(3,((4,6),5))); -4537.11  -1.79996 28.8989 13.646 27.2716 -4577.84 0.284065 0.283948 0.132591 0.299396   0.246649   0.170916  0.0742107  0.0159719   0.484118 0.00813358
(1,(2,(4,(5,6))),3); -4537.19  -2.13667 32.0234 13.4281 27.3548 -4581.01 0.293699 0.266759 0.143381 0.296161     0.2589   0.162551  0.0829254  0.0256812   0.459977 0.00996587
(1,2,(3,((4,6),5))); -4536.76  -1.79996 30.4003 13.38 26.3316 -4578.31 0.296825 0.257091 0.149295 0.296789   0.266047   0.135807   0.099373  0.0137303    0.47778 0.00726255
(1,2,(3,((4,6),5))); -4536.89  -1.79996 29.1377 13.5226 27.2147 -4577.91 0.285723  0.25968  0.14568 0.308916   0.218577   0.137172  0.0925916  0.0198556   0.524822 0.00698191
(1,2,(3,(4,(5,6)))); -4536.48  -1.16157 29.7356 13.0965 25.9929 -4577.95 0.277651 0.280904 0.128568 0.312877  0.231391   0.16779 0.0780816 0.0135311  0.500113 0.0090932
(1,(2,3),(4,(5,6))); -4536.15  -1.57663 32.8107 13.4934 27.9659 -4581.85 0.288277  0.26037 0.141714 0.309639   0.231506   0.142331  0.0888888  0.0117603   0.518519 0.00699492
(1,(2,(4,(5,6))),3); -4541.03  -2.13667 30.5519 13.8054 22.838 -4578.48 0.272981 0.286057 0.136507 0.304456   0.228323   0.163648   0.082996 0.00518268   0.509389  0.0104621
(1,2,(3,((4,6),5))); -4537.26  -1.79996 30.4581 13.0127 25.3699 -4578.28 0.293018 0.265958  0.13298 0.308044   0.219655   0.168174  0.0640278  0.0210769   0.523805 0.00326126
(1,2,(3,((4,6),5))); -4535.24  -1.79996 30.9489 13.3478 26.4758 -4577.52  0.30601 0.268954 0.139338 0.285698   0.220814   0.155661   0.102488  0.0131034    0.50438 0.00355368
(1,2,(3,((4,6),5))); -4535.17  -1.79996 29.1438 13.4148 28.1862 -4577.29 0.281678 0.266984 0.143349 0.307989   0.245663   0.135942  0.0970237  0.0193072    0.49824 0.00382333
(1,2,(3,(4,(5,6)))); -4539.61  -1.16157 28.9763 13.5293 25.2317 -4579.13 0.290648  0.27646 0.148411 0.284481  0.255536  0.125639 0.0935319 0.0214473  0.487626 0.0162196
(1,(2,((4,6),5)),3); -4546.92  -2.77506 24.4078 12.8717 27.631 -4583.31 0.290444 0.281958 0.136818 0.290781  0.231962  0.152341 0.0928863 0.0220567  0.487502 0.0132519
(1,(2,(4,(5,6))),3); -4541.9  -2.13667 26.0045 13.0881 27.5688 -4580.24 0.276017 0.274972 0.156823 0.292188   0.253762   0.162548  0.0868765  0.0184294   0.468939 0.00944557
(1,(2,3),(4,(5,6))); -4543.37  -1.57663 30.1191 13.6463 23.4481 -4581.71 0.271387 0.279993 0.145971 0.302649  0.249259  0.154538 0.0585537 0.0270245  0.492022 0.0186037
(1,(2,((4,6),5)),3); -4539.85  -2.77506 30.5436 13.6069 28.6659 -4582.67 0.291486 0.269078 0.140142 0.299295   0.22496  0.152707 0.0857341 0.0236014  0.509943 0.0030544
(1,2,(3,((4,6),5))); -4535.05  -1.79996 30.3065 13.7355 27.604 -4577.42 0.302366 0.276204 0.135721 0.285708   0.250683   0.150448  0.0929084   0.017329   0.478815 0.00981724
(1,(2,((4,6),5)),3); -4544.7  -2.77506 27.7946 13.5986 26.9864 -4583.1 0.282665 0.258427 0.154627  0.30428  0.256213  0.141299 0.0742458 0.0122133  0.505022 0.0110074
(1,(2,3),((4,6),5)); -4549.48  -2.21502 26.9683 13.8537 25.0047 -4585.38 0.308612 0.257103  0.14212 0.292165   0.232087    0.18712  0.0706966  0.0194494    0.48626 0.00438625
(1,(2,3),(4,(5,6))); -4542.76  -1.57663 28.4025 13.4498 25.9935 -4582.13 0.261619 0.282481 0.145367 0.310533   0.252269   0.158987  0.0774553  0.0233093   0.480764 0.00721487
(1,(2,3),((4,6),5)); -4546.36  -2.21502 31.2661 13.8624 24.4266 -4585.98 0.279109 0.260065 0.159087 0.301739   0.230867   0.133487   0.102986  0.0311965   0.492034 0.00943039
(1,2,(3,(4,(5,6)))); -4536.57  -1.16157 31.9177 13.6051 25.5196 -4579.24 0.299759 0.255233 0.139411 0.305597  0.209786  0.152161 0.0858026 0.0131963  0.527204 0.0118498
(1,(2,(4,(5,6))),3); -4539.78  -2.13667 31.0309 13.6423 24.0935 -4579.12 0.279748 0.283215 0.134608 0.302429   0.223146   0.146654  0.0736396 0.00734499   0.540475 0.00874077
(1,(2,3),(4,(5,6))); -4544.15  -1.57663 28.8852 13.7794 22.8744 -4580.56 0.293324 0.257319 0.163688 0.285668   0.274837   0.166743  0.0702499 0.00971759   0.470432 0.00802008
(1,(2,3),((4,6),5)); -4543.86  -2.21502 32.3108 13.5746 26.1976 -4586.58 0.292858 0.251855 0.144564 0.310724   0.233626   0.142878  0.0793305  0.0300575   0.505138 0.00897042
(1,2,(3,((4,6),5))); -4537.2  -1.79996 30.9737 13.8086 25.4195 -4577.98 0.295205 0.272319 0.140999 0.291477  0.221816  0.186155 0.0792826 0.0269707  0.475029  0.010747
(1,(2,3),(4,(5,6))); -4544.97  -1.57663 27.1337 13.8691 25.2258 -4581.88 0.287904 0.256588 0.143506 0.312002   0.220303   0.159485  0.0965189 0.00806056   0.512247 0.00338557
(1,2,(3,(4,(5,6)))); -4539.86  -1.16157 29.4211 14.008 25.1318 -4579.25 0.316515 0.251777 0.143197 0.288511  0.244429  0.147188 0.0851203 0.0115856  0.500901 0.0107761
(1,(2,((4,6),5)),3); -4537.58  -2.77506 32.1281 13.6061 28.5836 -4581.91 0.287556 0.277788 0.148612 0.286044   0.256055   0.160182  0.0874267   0.018498   0.472325 0.00551294
(1,2,(3,((4,6),5))); -4535.65  -1.79996 29.6252 13.6746 28.0043 -4577.8 0.278711 0.257595 0.150876 0.312819   0.242022    0.15753  0.0826982  0.0206236   0.487887 0.00923964
(1,(2,3),((4,5),6)); -4550.99  -4.80423 26.6733 13.0172 29.0188 -4588.86 0.283644 0.274713 0.141975 0.299668   0.250431    0.15683  0.0738683  0.0143611   0.501213 0.00329673
(1,(2,3),((4,6),5)); -4542.35  -2.21502 31.2702 13.493 26.7618 -4584.67 0.285867 0.262412 0.161044 0.290678  0.216797  0.158416 0.0951282 0.0192255  0.500198 0.0102355
(1,(2,((4,6),5)),3); -4542.3  -2.77506 31.9348 13.4417 24.4473 -4582.47 0.277085 0.292711 0.142971 0.287234  0.211858  0.162948 0.0699121 0.0251436  0.521452 0.0086872
(1,2,(3,(4,(5,6)))); -4535.29  -1.16157 30.8899 13.6735 26.6206 -4577.96 0.286547 0.266738 0.160936 0.285779  0.259706  0.149486 0.0866024 0.0152939   0.47589 0.0130223
(1,(2,3),((4,6),5)); -4545.27  -2.21502 28.268 13.7382 27.504 -4585.09 0.282575 0.259622 0.157094 0.300709   0.258103    0.16316  0.0835701  0.0202805   0.470221 0.00466574
(1,(2,((4,6),5)),3); -4540.76  -2.77506 30.7576 13.5425 26.9337 -4582.14 0.288794 0.276211 0.149722 0.285273   0.246469   0.146081  0.0755007 0.00875533   0.512085  0.0111083
(1,(2,3),((4,6),5)); -4548.4  -2.21502 27.9307 13.7408 25.4813 -4585.86 0.292513 0.249961 0.135334 0.322191    0.22824   0.148269  0.0909898  0.0220065   0.505206 0.00528782
(1,2,(3,(4,(5,6)))); -4537.54  -1.16157 27.8974 13.5443 27.1231 -4577.85 0.272437  0.26097 0.161347 0.305247   0.247611   0.156331  0.0854507  0.0211219   0.483038 0.00644814
(1,(2,((4,6),5)),3); -4545.1  -2.77506 28.2332 13.1882 26.5633 -4583.93 0.277298 0.262521 0.152061 0.308121   0.271554   0.135151  0.0899705  0.0164362   0.481971 0.00491745
(1,(2,3),((4,6),5)); -4543.68  -2.21502 31.1996 13.4141 26.9628 -4586.21 0.286276 0.263174  0.13661 0.313939  0.238527  0.150082 0.0851678 0.0160576  0.492754 0.0174111
(1,(2,3),(4,(5,6))); -4541.3  -1.57663 28.4319 13.8441 27.4973 -4581.81  0.28807 0.268343 0.144318 0.299269   0.262981   0.166137  0.0759012  0.0101503   0.476738 0.00809284
(1,(2,3),((4,6),5)); -4544.51  -2.21502 28.6962 13.1574 27.4452 -4585.28 0.278023 0.269941 0.145292 0.306744  0.238493  0.156769 0.0745606 0.0294766  0.497921 0.0027807
(1,2,(3,((4,6),5))); -4540.15  -1.79996 28.8456 13.0948 24.126 -4578.23 0.275993 0.280053 0.153415 0.290539  0.254684  0.123115 0.0705415 0.0122788  0.527769 0.0116121
(1,(2,(4,(5,6))),3); -4543.14  -2.13667 27.8974 13.7473 25.3478 -4580.5 0.282637  0.28634 0.131453  0.29957  0.268273  0.133057 0.0893832 0.0204266  0.479665 0.0091952
(1,2,(3,((4,6),5))); -4536.61  -1.79996 31.063 13.6764 25.4855 -4577.68 0.271369 0.262805 0.152586 0.313241  0.262106  0.152531 0.0702054 0.0128152  0.488577 0.0137658
(1,(2,3),((4,6),5)); -4545.46  -2.21502 28.6852 13.3967 26.4001 -4584.93 0.294805 0.271927 0.130245 0.303023  0.229263  0.153673  0.107397 0.0166675  0.482395 0.0106049
(1,(2,(4,(5,6))),3); -4540.63  -2.13667 28.1471 13.0581 26.5049 -4580.09 0.303491 0.270849 0.125803 0.299858  0.248686  0.150906 0.0908682 0.0165181  0.489614  0.003408
(1,2,(3,(4,(5,6)))); -4532.44  -1.16157 32.0122 13.3217 28.4521 -4578.42 0.291806 0.270626 0.143898 0.293671   0.228182   0.137986  0.0908802  0.0249787   0.511379 0.00659372
(1,(2,3),(4,(5,6))); -4542.64  -1.57663 28.22 13.5217 25.3896 -4581.15 0.291811 0.268452 0.134133 0.305604   0.214814   0.185299  0.0921251  0.0204905   0.478296 0.00897498
(1,2,(3,(4,(5,6)))); -4535.98  -1.16157 29.4849 13.4942 28.0048 -4578.81 0.289516 0.271292 0.147222  0.29197  0.247439  0.133887 0.0986943 0.0179425  0.491138 0.0108982
(1,2,(3,(4,(5,6)))); -4539.15  -1.16157 26.9564 12.77 24.9034 -4577.07 0.294985 0.274166 0.124561 0.306287   0.229639   0.130505  0.0942549  0.0161238   0.522316 0.00716177
(1,2,(3,(4,(5,6)))); -4533.9  -1.16157 30.2099 13.3955 28.3186 -4577.87   0.2809  0.27541 0.147311  0.29638   0.26106  0.150909 0.0681454 0.0193021  0.492164 0.0084207
(1,2,(3,((4,6),5))); -4534.01  -1.79996 31.0285 13.5687 27.886 -4577.56 0.272005 0.268096 0.151652 0.308247    0.25261   0.160651  0.0883999  0.0156904   0.474305 0.00834387
(1,2,(3,((4,6),5))); -4537.87  -1.79996 28.5006 13.2018 26.1816 -4577.55 0.277557 0.265986 0.154716 0.301742  0.255024  0.147422 0.0627376 0.0204574  0.500472 0.0138867
(1,2,(3,(4,(5,6)))); -4538.11  -1.16157 28.4455 13.4699 26.4375 -4578.36 0.311676 0.275668 0.138161 0.274494   0.235172   0.151974   0.081638  0.0185389   0.508018 0.00465984
(1,2,(3,(4,(5,6)))); -4535.69  -1.16157 30.7493 13.5129 25.9074 -4577.67 0.275669 0.279137 0.137634 0.307561   0.239254   0.144244  0.0753667 0.00967532   0.517149  0.0143107
(1,2,(3,(4,(5,6)))); -4537.58  -1.16157 27.0392 13.6253 28.4298 -4578.26 0.293084 0.270141 0.141941 0.294834    0.24733   0.160856  0.0689572  0.0216321   0.498315 0.00290973
(1,(2,3),(4,(5,6))); -4537  -1.57663 32.4565 13.5761 26.5779 -4580.88  0.30794 0.266313  0.14139 0.284356  0.248675  0.152113 0.0731232 0.0258135  0.488422 0.0118529
(1,2,(3,((4,6),5))); -4537.39  -1.79996 25.6667 13.346 29.3578 -4577.27 0.282512 0.277957 0.148827 0.290703   0.232133   0.151863  0.0920575  0.0168232   0.500505 0.00661902
(1,(2,3),((4,6),5)); -4542.74  -2.21502 30.5821 13.5305 27.4647 -4585.04 0.290584 0.265178  0.13934 0.304897   0.237612   0.172049  0.0858829  0.0258537    0.47549 0.00311191
(1,2,(3,(4,(5,6)))); -4537.53  -1.16157 27.2505 13.2847 27.7629 -4578.09 0.275441 0.274404 0.145679 0.304476   0.255928   0.151769  0.0821877  0.0222699   0.485911 0.00193448
(1,2,(3,((4,6),5))); -4534.07  -1.79996 29.5523 12.9573 28.3174 -4577.18 0.277927 0.281287 0.141689 0.299096   0.222893   0.153021  0.0918303  0.0223205    0.50161 0.00832405
(1,(2,3),(4,(5,6))); -4543.95  -1.57663 29.5187 13.7265 24.7458 -4582.91 0.293606 0.241419 0.144479 0.320497   0.237348   0.147115  0.0788558  0.0150605   0.515679 0.00594147
(1,(2,3),((4,6),5)); -4542.79  -2.21502 30.548 12.9291 27.3886 -4585.58 0.287609 0.288723 0.139392 0.284276  0.235387  0.143273 0.0902402 0.0180301    0.5019 0.0111691
(1,2,(3,((4,6),5))); -4540.56  -1.79996 27.4431 13.0569 25.7635 -4578.91 0.306462 0.264927  0.14202 0.286591   0.226385   0.144161  0.0950933 0.00849719   0.517666  0.0081967
(1,(2,3),(4,(5,6))); -4542.71  -1.57663 26.2241 13.4881 27.4578 -4581.32 0.287939 0.271208 0.144888 0.295965    0.24207   0.141587   0.111904  0.0177751   0.477934 0.00872989
(1,2,(3,(4,(5,6)))); -4539.09  -1.16157 27.1114 13.2128 26.1869 -4578.01  0.28143 0.277877 0.155413 0.285279  0.214675  0.141991 0.0925079 0.0218641  0.516835 0.0121266
(1,(2,((4,6),5)),3); -4543.83  -2.77506 29.7273 13.227 23.5776 -4581.13  0.26813 0.268242 0.166597 0.297031   0.237107   0.153954  0.0608698  0.0266367   0.514198 0.00723518
(1,2,(3,(4,(5,6)))); -4537.94  -1.16157 28.5315 13.4643 26.1257 -4577.97 0.280244 0.285278  0.14226 0.292217   0.240923   0.158609  0.0794934 0.00688038   0.509176 0.00491741
(1,(2,3),(4,(5,6))); -4540.64  -1.57663 28.776 13.0317 26.3469 -4581.15 0.300121 0.271023 0.135394 0.293463  0.262698   0.15131 0.0928838 0.0125586  0.467485 0.0130649
(1,2,(3,(4,(5,6)))); -4540.61  -1.16157 30.1789 13.2458 22.85 -4579.23 0.282901 0.275023 0.131435 0.310641  0.264001  0.166707 0.0638989  0.014895  0.470448 0.0200509
(1,2,(3,(4,(5,6)))); -4532.56  -1.16157 32.0009 13.6861 28.5779 -4578.29 0.284546 0.269814  0.13895  0.30669    0.25135    0.15743  0.0841966  0.0248633   0.476836 0.00532405
(1,(2,3),(4,(5,6))); -4547.39  -1.57663 21.0496 13.0923 28.4092 -4582.18 0.286527 0.267352 0.149472 0.296649  0.222959  0.148434 0.0764291 0.0175832  0.523081 0.0115138
(1,(2,((4,6),5)),3); -4543.13  -2.77506 27.4938 13.5615 28.5072 -4582.79 0.290802 0.282418 0.141434 0.285346   0.245965   0.141309   0.077319  0.0180975   0.511655 0.00565469
(1,2,(3,(4,(5,6)))); -4534.94  -1.16157 29.263 14.1199 29.2457 -4578.17 0.284249 0.275075 0.142861 0.297815   0.245816   0.137368  0.0815893  0.0183574   0.511448 0.00542187
(1,2,(3,(4,(5,6)))); -4536.76  -1.16157 31.1958 13.2485 23.437 -4576.98 0.280119 0.280583 0.156513 0.282785   0.272608   0.141771    0.06089  0.0270886   0.488055 0.00958644
(1,2,(3,(4,(5,6)))); -4538.92  -1.16157 27.5124 13.4103 25.8282 -4577.69 0.265758 0.274757 0.160992 0.298492   0.232831   0.155593  0.0763752  0.0106464   0.517195 0.00735905
(1,(2,((4,6),5)),3); -4545.01  -2.77506 28.6769 13.1386 23.7605 -4581.54  0.27183 0.285451 0.147117 0.295601    0.24616   0.129493  0.0701221 0.00950433   0.532331  0.0123888
(1,(2,(4,(5,6))),3); -4539.22  -2.13667 30.734 13.7058 27.5454 -4581.65 0.285324 0.264983 0.141926 0.307766  0.246192  0.157787 0.0827056 0.0213495  0.475478 0.0164878
(1,2,(3,(4,(5,6)))); -4540.96  -1.16157 31.7626 13.8904 20.5349 -4578.21 0.292958 0.258586 0.137886  0.31057  0.249405  0.197092 0.0848023 0.0202343  0.432843 0.0156234
(1,2,(3,(4,(5,6)))); -4537.03  -1.16157 28.6344 12.9083 26.6441 -4578.23   0.3054 0.275869 0.133807 0.284924   0.230739   0.142292   0.076235  0.0236951   0.520436 0.00660171
(1,2,(3,(4,(5,6)))); -4536.29  -1.16157 29.2788 13.6351 26.3938 -4577.17  0.28753 0.254798 0.163094 0.294579   0.236002   0.161282  0.0716271  0.0215054   0.505868 0.00371539
(1,(2,3),((4,6),5)); -4544.13  -2.21502 30.3332 13.567 27.431 -4586.11 0.280858 0.265935 0.143251 0.309956   0.244127   0.130923  0.0969888  0.0147474   0.504111 0.00910318
(1,2,(3,(4,(5,6)))); -4540.65  -1.16157 25.1346 13.1125 26.8868 -4578.4 0.278088  0.27435 0.136366 0.311196  0.234151  0.174049 0.0877413 0.0204296  0.472813 0.0108156
(1,2,(3,(4,(5,6)))); -4540.09  -1.16157 28.014 13.0837 22.7077 -4576.56 0.288784 0.279482 0.138081 0.293653   0.246674   0.166892  0.0932922 0.00460717   0.475544  0.0129913
(1,(2,3),(4,(5,6))); -4538.55  -1.57663 30.2127 13.5794 28.6063 -4582.21 0.287959 0.266765 0.148686  0.29659   0.226821   0.148397  0.0842891  0.0119289   0.524365 0.00419914
(1,(2,3),(4,(5,6))); -4539.13  -1.57663 28.3597 13.3131 29.0332 -4581.63 0.281656 0.269443 0.147863 0.301039   0.251222   0.141581  0.0857073  0.0125995   0.501293 0.00759623
(1,(2,3),(4,(5,6))); -4541.1  -1.57663 31.8046 13.3412 22.7252 -4580.71 0.292403 0.256776 0.127011  0.32381   0.247198   0.136198  0.0921945 0.00896731   0.506103  0.0093396
(1,2,(3,((4,6),5))); -4537.56  -1.79996 28.6145 12.9001 24.6367 -4576.11  0.30033 0.261762   0.1467 0.291207   0.222956   0.169922  0.0961159 0.00834722   0.501101 0.00155778
(1,2,(3,((4,6),5))); -4544.4  -1.79996 29.0458 13.4619 22.385 -4580.57 0.283761 0.273398 0.150048 0.292794  0.235409  0.143868  0.083282 0.0203045  0.480498 0.0366383
(1,2,(3,((4,6),5))); -4535.32  -1.79996 29.9435 13.2867 27.351 -4577.52 0.288828 0.265509 0.137971 0.307692    0.24065   0.147393   0.106613  0.0115215   0.487592 0.00623043
(1,(2,((4,6),5)),3); -4543.2  -2.77506 27.4996 13.4852 27.098 -4581.54 0.288407 0.285056 0.150636 0.275901   0.231687   0.163589  0.0890686  0.0212069   0.490086 0.00436153
(1,2,(3,((4,6),5))); -4538.23  -1.79996 28.6226 13.5341 25.2265 -4576.74 0.291624  0.25092 0.144426  0.31303   0.228275   0.173141  0.0851467    0.01409   0.497887 0.00146053
(1,2,(3,(4,(5,6)))); -4533.67  -1.16157 31.4807 13.5291 27.793 -4578.25 0.294366 0.263819 0.151384 0.290431   0.260567   0.144528  0.0930767  0.0200305   0.472341 0.00945669
(1,(2,3),((4,6),5)); -4543.85  -2.21502 29.1505 13.011 27.9719 -4585.75 0.283865 0.267808 0.147659 0.300668  0.229605  0.142017 0.0823781 0.0276395  0.506884 0.0114767
(1,2,(3,(4,(5,6)))); -4533.38  -1.16157 31.2057 13.3385 27.6364 -4577.72 0.291653  0.26872 0.133531 0.306096   0.254859    0.14535  0.0847223  0.0206941   0.492241 0.00213417
(1,2,(3,(4,(5,6)))); -4536.4  -1.16157 29.8723 13.4318 27.6978 -4579.38 0.296152 0.262787 0.145181 0.295879  0.230377  0.145067 0.0835914 0.0143645  0.510227 0.0163737
(1,(2,3),(4,(5,6))); -4541.37  -1.57663 28.0496 13.5595 27.1856 -4581.47 0.276885 0.274197 0.152159  0.29676   0.236339   0.141587  0.0871385 0.00921084   0.515595  0.0101291
(1,2,(3,(4,(5,6)))); -4535.65  -1.16157 27.0331 12.8685 28.6066 -4577.26 0.284956 0.275788 0.149559 0.289696    0.24844   0.165546  0.0772355  0.0228798   0.478422 0.00747634
(1,2,(3,(4,(5,6)))); -4535.11  -1.16157 32.8067 13.5196 25.4266 -4578.66 0.270718 0.257714 0.148903 0.322665   0.262262   0.144141   0.074148  0.0145603    0.49627 0.00861897
(1,2,(3,(4,(5,6)))); -4535.51  -1.16157 29.2411 13.6554 28.1732 -4578.11  0.29734 0.262606 0.139838 0.300216   0.230841   0.166087  0.0903181  0.0243253   0.483761 0.00466817
(1,2,(3,((4,6),5))); -4535.97  -1.79996 28.9695 13.8565 27.7059 -4576.99 0.302611 0.259873 0.144267 0.293249   0.251077   0.159263   0.085744  0.0126854   0.488756 0.00247393
(1,(2,3),(4,(5,6))); -4539.18  -1.57663 29.4949 13.4837 27.3686 -4580.98 0.297409 0.267144 0.134991 0.300455  0.251047  0.160923  0.095284 0.0158136  0.465891 0.0110417
(1,2,(3,(4,(5,6)))); -4534.98  -1.16157 30.6007 13.1281 26.2199 -4577.51 0.289033 0.269948  0.13502 0.305999   0.264291   0.153766  0.0605698  0.0199385   0.498103 0.00333152
(1,2,(3,(4,(5,6)))); -4535.61  -1.16157 31.8197 13.3418 25.0419 -4577.96 0.278173 0.283669 0.147377 0.290781   0.248652   0.130728  0.0839298 0.00856868   0.515005  0.0131165
(1,(2,3),(4,(5,6))); -4543.12  -1.57663 27.4474 13.1511 25.7584 -4581.6 0.267368 0.281242 0.138854 0.312535  0.228048  0.163701  0.071731 0.0169396  0.506502 0.0130779
(1,(2,(4,(5,6))),3); -4543.6  -2.13667 30.5882 13.7519 23.2009 -4581.5 0.269966 0.262362 0.145616 0.322056   0.271754   0.175704  0.0724071  0.0193222   0.455009 0.00580389
(1,(2,3),(4,(5,6))); -4539.76  -1.57663 28.8994 13.7416 27.9667 -4581.31 0.273779 0.272672 0.150758 0.302791   0.236485   0.159249  0.0722764  0.0252433   0.497856 0.00889033
(1,(2,3),((4,5),6)); -4550.22  -4.80423 30.5785 13.3349 27.6372 -4590.3 0.282009 0.271318 0.147621 0.299052   0.230444   0.131307  0.0960769  0.0134732   0.521986 0.00671383
(1,2,(3,((4,6),5))); -4540.77  -1.79996 27.7421 13.7615 23.9521 -4576.9 0.308177 0.247031 0.148109 0.296683  0.225921  0.165465  0.105342 0.0149322  0.476732 0.0116088
(1,(2,(4,(5,6))),3); -4538.81  -2.13667 30.2932 13.5294 27.974 -4581.42 0.283132 0.283515 0.138945 0.294409  0.238822  0.143515 0.0875064 0.0239966  0.494672 0.0114875
(1,2,(3,((4,6),5))); -4536.33  -1.79996 31.5417 13.4616 24.3276 -4576.94 0.267146 0.288363 0.128569 0.315923   0.236257   0.161798  0.0730953  0.0148403   0.507334 0.00667511
(1,(2,3),(4,(5,6))); -4549.04  -1.57663 22.7767 13.17 24.5628 -4581.63  0.29593 0.261056 0.140637 0.302376   0.218859   0.127515   0.113214  0.0155306   0.519489 0.00539229
(1,2,(3,((4,6),5))); -4535.57  -1.79996 30.5455 13.6976 25.4145 -4576.03 0.280127 0.277673 0.155439 0.286761    0.21416   0.181265  0.0848556   0.025741   0.489005 0.00497281
(1,2,(3,(4,(5,6)))); -4532.78  -1.16157 31.4664 13.5893 28.5385 -4578.03 0.288779 0.264651 0.145174 0.301396   0.247454   0.150995  0.0652063  0.0161703   0.512713 0.00746145
(1,2,(3,(4,(5,6)))); -4541.96  -1.16157 25.8571 13.944 26.4354 -4579.14  0.29822 0.265839 0.139343 0.296597   0.227232   0.166842  0.0607048  0.0170231   0.524019 0.00417857
(1,(2,3),(4,(5,6))); -4542.2  -1.57663 26.767 13.1942 26.3386 -4580.53 0.278412 0.283402 0.148284 0.289902  0.211544  0.146652 0.0954588 0.0253919  0.512448 0.0085055
(1,(2,3),(4,(5,6))); -4539.09  -1.57663 30.2764 13.5561 27.381 -4581.62 0.288299 0.278801 0.127715 0.305185   0.239687   0.160411  0.0923626  0.0169085   0.485843 0.00478804
(1,2,(3,(4,(5,6)))); -4539.27  -1.16157 29.5595 13.1449 22.9809 -4577.51 0.268165 0.287407 0.145729 0.298699   0.234787   0.162725  0.0845566 0.00556616   0.509989 0.00237534
(1,(2,3),((4,6),5)); -4547.12  -2.21502 28.6793 13.0821 26.4081 -4586.91 0.284184 0.259317 0.147102 0.309397   0.220124   0.141904  0.0703472  0.0186662   0.543301 0.00565722
(1,2,(3,(4,(5,6)))); -4537.17  -1.16157 28.775 12.9624 25.3333 -4577.16  0.28114 0.263024 0.161007 0.294829  0.249833  0.161067 0.0698537 0.0106138  0.493003 0.0156296
(1,2,(3,(4,(5,6)))); -4550.86  -1.16157 22.9872 13.7596 20.1393 -4579.07 0.290074 0.285326 0.147983 0.276617   0.195858   0.146272   0.081597  0.0396986   0.528318 0.00825659
(1,(2,3),((4,6),5)); -4545.2  -2.21502 29.4986 13.5659 25.9096 -4584.83 0.287927 0.270891 0.131391 0.309792   0.223725   0.142307   0.111963  0.0179065   0.498185 0.00591469
(1,(2,3),(4,(5,6))); -4538.45  -1.57663 29.9996 13.3333 27.8779 -4581.42 0.296377 0.262801 0.132794 0.308028  0.231287  0.160553 0.0867889 0.0180714  0.493006 0.0102937
(1,(2,3),(4,(5,6))); -4549.43  -1.57663 27.0465 12.8944 20.3712 -4582.38 0.319893 0.263056 0.132693 0.284359   0.202724   0.133753  0.0927117  0.0228474   0.544133 0.00383122
(1,(2,3),(4,(5,6))); -4539.96  -1.57663 29.8503 13.8031 28.0351 -4582.47 0.295078 0.266644 0.155684 0.282595   0.233077   0.149548  0.0796145  0.0133325    0.51728 0.00714765
(1,(2,3),(4,(5,6))); -4555.26  -1.57663 29.5766 13.7666 15.6531 -4585.15 0.249205 0.300792 0.142258 0.307745  0.279737  0.161766 0.0757855 0.0260325   0.44373 0.0129488
(1,2,(3,(4,(5,6)))); -4536.84  -1.16157 28.8637 13.2859 25.6532 -4576.91 0.297723 0.281526 0.138553 0.282198   0.265015   0.152359  0.0619425  0.0226931   0.492428 0.00556325
(1,2,(3,(4,(5,6)))); -4535.54  -1.16157 30.3523 13.6095 26.9178 -4578.03 0.288323 0.263756 0.143141  0.30478  0.227539  0.173236 0.0671441 0.0206027  0.498618 0.0128591
(1,(2,(4,(5,6))),3); -4537.61  -2.13667 31.3843 13.4234 27.381 -4580.82  0.27424 0.270504 0.150926  0.30433   0.243768   0.148146  0.0828189  0.0302454   0.485625 0.00939775
(1,(2,3),((4,6),5)); -4550.22  -2.21502 25.0184 13.0306 25.4256 -4585.42 0.281185 0.290414 0.141625 0.286776   0.238362   0.152103   0.103766  0.0283529   0.469992 0.00742404
