tree logl logTop logBL logPrior logQ logWt pi1 pi2 pi3 pi4 s1 s2 s3 s4 s5 s6
(1,(2,3),(4,(5,6))); -4540.66  -1.28083 28.2121 13.6656 26.8042 -4580.73 0.298512 0.263473 0.142677 0.295338   0.257644   0.149917  0.0696506   0.016737   0.503184 0.00286776
(1,2,(3,(4,(5,6)))); -4538.78  -0.932967 28.1284 13.6079 26.3853 -4578.75 0.296876 0.275617 0.142008 0.285499   0.245918   0.133585   0.100992  0.0119374   0.503312 0.00425598
(1,2,(3,(4,(5,6)))); -4540.45  -0.932967 25.0577 12.7797 26.2966 -4578.09 0.297697  0.26612 0.140312 0.295871   0.251576    0.14749   0.101703   0.008161   0.485548 0.00552179
(1,(2,3),(4,(5,6))); -4541.63  -1.28083 30.3843 13.2264 23.9631 -4581.47 0.310073 0.272274 0.131787 0.285866  0.255962  0.161142 0.0807245 0.0221155  0.463293 0.0167625
(1,(2,3),(4,(5,6))); -4541.5  -1.28083 30.1559 13.4986 25.6831 -4582.56 0.277484 0.284949 0.144724 0.292844   0.262945   0.152706   0.107236  0.0147043    0.45478 0.00762836
(1,(2,3),((4,6),5)); -4545.25  -2.03032 30.5843 13.7981 25.845 -4585.85 0.268598 0.273022 0.151583 0.306797  0.259207   0.15411 0.0809952 0.0184775  0.473428 0.0137821
(1,2,(3,((4,6),5))); -4531.63  -1.68245 31.5585 13.1929 27.8287 -4576.14 0.289462 0.272601 0.141537   0.2964  0.233319  0.157313 0.0896837 0.0212495  0.487996 0.0104384
(1,2,(3,(4,(5,6)))); -4537.22  -0.932967 31.0235 13.3662 25.1645 -4579.11 0.285664 0.273813 0.148792  0.29173  0.243503  0.188114 0.0563322 0.0175449  0.482143 0.0123628
(1,2,(3,(4,(5,6)))); -4539.68  -0.932967 30.2854 13.1694 24.1509 -4580.01 0.289403 0.258067 0.137004 0.315526   0.280363   0.149193  0.0909398 0.00855221   0.459342  0.0116093
(1,2,(3,(4,(5,6)))); -4546.17  -0.932967 21.4016 12.9757 23.9534 -4577.61 0.271832 0.295162 0.151398 0.281609  0.227678  0.139608 0.0915883 0.0205456  0.505187 0.0153927
(1,2,(3,(4,(5,6)))); -4538.65  -0.932967 29.6999 13.2885 24.9897 -4579.12 0.273129 0.278146 0.151486 0.297239  0.248256  0.129598 0.0927194 0.0260456  0.487389 0.0159924
(1,2,(3,((4,6),5))); -4538.88  -1.68245 29.1233 13.2733 25.3396 -4578.39 0.276964 0.273339 0.142393 0.307305    0.21714   0.125956   0.101752  0.0143699   0.537573 0.00320918
(1,2,(3,(4,(5,6)))); -4540.41  -0.932967 29.6003 13.26 23.0838 -4578.9 0.259334 0.265717  0.15599  0.31896   0.250457   0.140388   0.095795 0.00989836   0.493012  0.0104495
(1,(2,3),((4,6),5)); -4553.24  -2.03032 31.0693 13.5877 23.3946 -4592.09 0.301993 0.248053 0.153111 0.296843  0.206576  0.142009 0.0724155 0.0105869  0.558203 0.0102098
(1,(2,3),(4,(5,6))); -4541.67  -1.28083 30.5805 13.41 24.5405 -4582.1 0.275543 0.285558  0.14002  0.29888   0.254153   0.146024  0.0795807  0.0389703   0.474573 0.00669919
(1,2,(3,((4,6),5))); -4541.13  -1.68245 26.7571 13.7215 25.6644 -4578.15 0.281191 0.284805 0.143094  0.29091   0.22773  0.184711 0.0999491 0.0124951  0.464994 0.0101203
(1,(2,3),((4,6),5)); -4545.6  -2.03032 27.9887 13.5971 26.6796 -4584.65 0.297014 0.266532 0.131803  0.30465  0.232771   0.14786 0.0917985 0.0197637  0.497178 0.0106287
(1,2,(3,((4,6),5))); -4548.85  -1.68245 29.6857 13.3576 21.5028 -4585  0.28991 0.259221 0.152493 0.298376  0.183677  0.146456 0.0648842 0.0144439  0.568988 0.0215505
(1,(2,3),(4,(5,6))); -4540.73  -1.28083 30.4947 13.8903 25.3448 -4581.4  0.28125  0.25515  0.14695 0.316649   0.255531   0.152245  0.0770323  0.0275707   0.478323 0.00929819
(1,2,(3,(4,(5,6)))); -4539.2  -0.932967 28.366 13.2919 25.9232 -4579.27 0.296247 0.270406  0.13942 0.293927   0.230271   0.192751  0.0695294 0.00957897   0.491534 0.00633485
(1,2,(3,((4,6),5))); -4545.96  -1.68245 29.1398 13.3236 21.0819 -4581.18 0.281968 0.288114 0.145489 0.284429   0.303808   0.118327  0.0504399  0.0129746   0.507409 0.00704137
(1,2,(3,(4,(5,6)))); -4540.77  -0.932967 27.0485 13.3258 25.0955 -4578.65 0.287439 0.277725 0.135621 0.299215   0.241865   0.147086  0.0551737  0.0170274   0.536504 0.00234385
(1,(2,3),(4,(5,6))); -4542.61  -1.28083 32.1747 13.3652 24.3651 -4584.5 0.285949 0.276444 0.136781 0.300826    0.2591  0.197986 0.0928498 0.0137253  0.429878 0.0064613
(1,2,(3,((4,6),5))); -4535.95  -1.68245 29.3534 13.1567 24.1338 -4574.6 0.297338 0.257516 0.158664 0.286482   0.225028   0.193942  0.0905644  0.0189983   0.464767 0.00669976
(1,2,(3,((4,6),5))); -4548.37  -1.68245 29.425 13.4475 21.3241 -4583.99  0.27117 0.287057 0.152348 0.289425  0.299651  0.124783  0.106833 0.0170142  0.440315 0.0114027
(1,(2,3),(4,(5,6))); -4548.51  -1.28083 26.2143 13.3939 23.074 -4583.12 0.282402  0.24887 0.146285 0.322443  0.260695  0.120927 0.0805839 0.0205068  0.503114 0.0141732
(1,2,(3,(4,(5,6)))); -4546.48  -0.932967 27.3018 13.6308 22.9171 -4582.14 0.290284 0.291303 0.145758 0.272655   0.207732   0.121209  0.0961199  0.0166414   0.550752 0.00754577
(1,2,(3,(4,(5,6)))); -4536.1  -0.932967 29.7858 13.3092 25.9482 -4577.59 0.279481 0.257976 0.156998 0.305545   0.221465   0.169516  0.0719369  0.0133749   0.515395 0.00831326
(1,(2,3),(4,(5,6))); -4539.19  -1.28083 30.2307 13.4922 25.9062 -4580.55 0.292797 0.274212 0.144952 0.288038   0.216475   0.176996   0.100506  0.0256209   0.472739 0.00766351
(1,2,(3,(4,(5,6)))); -4548.35  -0.932967 25.9172 13.8407 22.008 -4581.5 0.269016 0.284906 0.154798 0.291281  0.255177  0.185971 0.0955696 0.0237237  0.425111 0.0144479
(1,2,(3,((4,6),5))); -4538.94  -1.68245 30.3508 13.3052 25.1033 -4579.4 0.289351 0.271214 0.141044  0.29839   0.249631   0.191414  0.0596962  0.0255362   0.466767 0.00695642
(1,(2,3),(4,(5,6))); -4541.03  -1.28083 30.489 13.7053 23.9499 -4580.48 0.306355 0.243759 0.147277 0.302609  0.253176  0.155814 0.0870448 0.0175314  0.472188 0.0142463
(1,2,(3,(4,(5,6)))); -4540.61  -0.932967 26.6082 12.9954 24.9892 -4578.28 0.297965 0.251569 0.140274 0.310193  0.224215  0.179002 0.0691755 0.0190864  0.496091 0.0124307
(1,2,(3,(4,(5,6)))); -4540.37  -0.932967 28.3408 13.9457 25.6312 -4579.46 0.281762 0.267405 0.138679 0.312154   0.232926   0.180664  0.0699646  0.0283462   0.482885 0.00521413
(1,(2,3),((4,6),5)); -4551.75  -2.03032 24.4374 13.7721 25.9491 -4586.34 0.276771 0.271624 0.142708 0.308896  0.259052   0.13302 0.0729547 0.0173976  0.501007 0.0165682
(1,2,(3,(4,(5,6)))); -4536.49  -0.932967 30.0763 13.4898 25.7517 -4577.9 0.290632 0.272507 0.133934 0.302926  0.249246  0.143937 0.0945787 0.0250469  0.471827 0.0153649
(1,(2,3),(4,(5,6))); -4554.39  -1.28083 28.2717 13.5104 17.716 -4585.58 0.301942 0.280183 0.146432 0.271443  0.222404  0.134163  0.110946 0.0505681  0.464541  0.017378
(1,(2,3),(4,(5,6))); -4537.51  -1.28083 30.1471 13.7492 27.3418 -4579.97 0.296956 0.265339 0.148332 0.289373   0.242135   0.142678  0.0885827  0.0198285   0.502319 0.00445741
(1,(2,3),(4,(5,6))); -4541.71  -1.28083 28.3186 13.4153 25.1302 -4580.46 0.282673 0.262779  0.16123 0.293319   0.243078   0.185609  0.0690137  0.0129337   0.480496 0.00886924
(1,(2,3),(4,(5,6))); -4544  -1.28083 25.9195 13.3592 25.8369 -4581.12  0.29563 0.265447 0.132082 0.306841  0.226987  0.143713 0.0968972 0.0105388  0.509302 0.0125618
(1,(2,3),((4,6),5)); -4548.95  -2.03032 29.9578 12.932 23.6247 -4587.57 0.314492 0.257066 0.151438 0.277004  0.231068  0.136196 0.0861268 0.0195277  0.514653 0.0124288
(1,2,(3,(4,(5,6)))); -4542.79  -0.932967 28.0875 13.3586 22.3778 -4578.96 0.280323 0.264597  0.16123  0.29385   0.211663   0.138056   0.124842  0.0289441   0.491218 0.00527615
(1,(2,3),(4,(5,6))); -4543.43  -1.28083 29.7278 13.3181 24.2917 -4582.85 0.292856 0.274695 0.153435 0.279014   0.214688   0.199474  0.0673751  0.0161247   0.497813 0.00452487
(1,(2,3),(4,(5,6))); -4538.23  -1.28083 29.203 13.416 27.3551 -4580.09 0.283551 0.284591 0.134657 0.297201   0.243291   0.144685  0.0806242  0.0183466    0.50476 0.00829276
(1,2,(3,(4,(5,6)))); -4538.09  -0.932967 31.0739 13.5523 24.9709 -4579.64 0.302262  0.26813 0.130555 0.299053  0.204872  0.145761 0.0879446 0.0248085  0.525021  0.011593
(1,2,(3,(4,(5,6)))); -4539.16  -0.932967 27.551 13.7701 25.5185 -4577.53 0.285506 0.258806 0.155934 0.299754   0.243952   0.161797  0.0833051 0.00933516   0.499569 0.00204111
(1,2,(3,((4,6),5))); -4551.16  -1.68245 27.4912 13.9644 19.5048 -4582.51 0.288526 0.267891 0.136892 0.306691   0.302215   0.112021  0.0984614  0.0339708   0.451752 0.00158002
(1,2,(3,(4,(5,6)))); -4537.22  -0.932967 30.8799 13.6632 25.7174 -4579.22 0.277879 0.286932 0.147143 0.288046  0.227234  0.189229 0.0802069 0.0156595  0.476704 0.0109665
(1,2,(3,(4,(5,6)))); -4543.8  -0.932967 24.0092 14.119 25.6968 -4578.45 0.294834 0.265529 0.137884 0.301753   0.263884   0.149659   0.105653   0.010318   0.466659 0.00382583
(1,(2,3),(4,(5,6))); -4552.6  -1.28083 28.6921 13.0225 21.6659 -4588.65  0.27588 0.269225 0.151526  0.30337  0.235818 0.0931925 0.0938882 0.0151122  0.549793 0.0121967
(1,2,(3,((4,6),5))); -4534.92  -1.68245 29.8393 13.2514 26.4922 -4576.32  0.28207 0.276885 0.151374 0.289671   0.254909   0.164427  0.0693402 0.00871527   0.494048 0.00856049
(1,2,(3,(4,(5,6)))); -4544.22  -0.932967 27.5492 13.1987 23.1223 -4580.76 0.302579 0.272231 0.133307 0.291883  0.201282  0.148091   0.10133 0.0354069  0.500733 0.0131579
(1,2,(3,((4,6),5))); -4541.02  -1.68245 26.8528 13.5147 24.6641 -4577.34 0.270717 0.266205  0.16064 0.302438  0.203795  0.151351 0.0972276 0.0150589  0.522352 0.0102154
(1,2,(3,((4,6),5))); -4547.09  -1.68245 28.3698 13.6684 19.965 -4580.07 0.285384 0.291814  0.15374 0.269062   0.301819   0.123671  0.0799619  0.0290991   0.460616 0.00483303
(1,2,(3,((4,6),5))); -4540.08  -1.68245 25.3569 13.6402 27.0202 -4577.13 0.286854 0.256846 0.151547 0.304753   0.245061   0.146069  0.0854014  0.0113106   0.504386 0.00777233
(1,(2,3),(4,(5,6))); -4539.84  -1.28083 31.7936 13.4021 23.3147 -4580.27 0.277425 0.257978 0.161752 0.302845   0.227946    0.16907   0.118893  0.0145294   0.461723 0.00783805
(1,(2,((4,6),5)),3); -4543.22  -5.65331 28.3298 12.9498 26.6029 -4579.55  0.28811 0.276648 0.133345 0.301897   0.22954  0.167192 0.0676757 0.0141652  0.508767 0.0126605
(1,(2,3),(4,(5,6))); -4553.29  -1.28083 25.7491 13.3472 22.6509 -4587.07 0.290247 0.282421 0.133436 0.293895   0.178908   0.199693  0.0850694  0.0237152   0.507107 0.00550694
(1,(2,3),(4,(5,6))); -4551.12  -1.28083 30.7195 13.515 20.9333 -4587.97 0.297534 0.266677  0.14041 0.295379   0.312074   0.130792   0.113429  0.0150384   0.418706 0.00996086
(1,2,(3,(4,(5,6)))); -4535.7  -0.932967 32.1333 13.4805 25.7303 -4579.15 0.273453 0.280916 0.142134 0.303496   0.240735   0.136895   0.109167 0.00980922   0.495443 0.00795033
(1,(2,3),((4,6),5)); -4547.75  -2.03032 30.1978 13.6962 24.3108 -4586.53 0.270957 0.276153 0.158683 0.294207   0.278201   0.153595  0.0635236  0.0229695   0.472586 0.00912438
(1,2,(3,((4,6),5))); -4534.9  -1.68245 31.3749 13.4143 26.6709 -4577.85 0.303809 0.267108 0.137786 0.291297  0.234764  0.156002  0.073904 0.0194624  0.502858 0.0130095
(1,2,(3,(4,(5,6)))); -4536.27  -0.932967 30.0993 13.7762 26.0719 -4577.73 0.291457 0.259473 0.140956 0.308115    0.25268   0.177694  0.0930194  0.0129541   0.455624 0.00802811
(1,2,(3,(4,(5,6)))); -4537.02  -0.932967 30.174 13.4908 24.4262 -4577.2 0.282819 0.254626 0.147099 0.315456   0.227929   0.141026   0.107918  0.0222687   0.498412 0.00244699
(1,(2,3),((4,6),5)); -4547.74  -2.03032 28.1873 12.8674 24.7757 -4585.8 0.288145  0.27217 0.125802 0.313883    0.26025    0.13867  0.0657163  0.0152441   0.515182 0.00493643
(1,2,(3,(4,(5,6)))); -4539.7  -0.932967 30.5143 13.9109 24.6754 -4580.04 0.297233 0.258356 0.154681 0.289731  0.265719  0.128209 0.0730238 0.0133087  0.503924 0.0158162
(1,(2,3),(4,(5,6))); -4556.37  -1.28083 23.2507 13.2347 21.7064 -4586.82  0.31946 0.259833 0.133863 0.286844   0.186795   0.165779  0.0819164  0.0144955   0.547118 0.00389605
(1,2,(3,((4,6),5))); -4543.55  -1.68245 30.3362 13.3131 22.7429 -4581.63 0.285164 0.276119 0.127473 0.311244   0.194303   0.164609  0.0730417 0.00821753   0.556262  0.0035663
(1,(2,3),(4,(5,6))); -4548.4  -1.28083 29.5731 13.6243 23.3192 -4586.39 0.297913 0.245138 0.145215 0.311734   0.258212   0.120099  0.0740781  0.0100904   0.530279 0.00724067
(1,2,(3,(4,(5,6)))); -4541.55  -0.932967 27.8575 14.0086 22.7463 -4577.22 0.282977 0.259296 0.166492 0.291235  0.259853  0.155222  0.068344 0.0243661  0.474086 0.0181283
(1,2,(3,((4,6),5))); -4559.23  -1.68245 27.2561 14.1983 17.7234 -4588.32 0.274256 0.272521 0.149055 0.304168  0.195333  0.241442 0.0564725 0.0271365  0.465603  0.014013
(1,(2,3),((4,6),5)); -4546.64  -2.03032 31.6942 13.3844 25.1568 -4588.07 0.306627 0.259987 0.151753 0.281634   0.248946   0.141515  0.0678529    0.01282   0.523965 0.00490078
(1,2,(3,((4,6),5))); -4537.32  -1.68245 31.1046 13.2886 22.9638 -4576.41 0.277243 0.258997  0.16741 0.296351  0.271631  0.173342 0.0736825 0.0154197  0.454268 0.0116568
(1,(2,3),(4,(5,6))); -4544.56  -1.28083 26.1458 13.3183 26.1952 -4582.31 0.272362 0.275742 0.148655  0.30324   0.268471   0.139123  0.0793622 0.00980746   0.499043 0.00419259
(1,2,(3,(4,(5,6)))); -4539.65  -0.932967 27.5046 14.0852 26.1234 -4578.26 0.303271 0.259285 0.150614  0.28683   0.245489   0.146529  0.0682523  0.0189984   0.515924 0.00480833
(1,2,(3,(4,(5,6)))); -4535.92  -0.932967 31.0995 13.6901 25.6425 -4578.03    0.282 0.265071 0.143042 0.309887   0.253684   0.156068  0.0773792  0.0339715   0.474164 0.00473408
(1,(2,3),((4,6),5)); -4548.63  -2.03032 30.8742 13.1479 24.1499 -4588.48 0.281943 0.255363 0.144399 0.318296   0.204609   0.153881   0.070926 0.00932188   0.551743 0.00951828
(1,(2,3),((4,6),5)); -4547.31  -2.03032 29.3042 13.4407 24.331 -4585.48 0.271862 0.288555 0.144525 0.295058   0.248933   0.120716   0.090715  0.0167495   0.521076 0.00180976
(1,2,(3,(4,(5,6)))); -4533.77  -0.932967 30.9593 13.2829 26.4219 -4576.93 0.267587 0.275755 0.144023 0.312635  0.249347  0.149564  0.072636  0.017199  0.501604 0.0096509
(1,2,(3,(4,(5,6)))); -4540.3  -0.932967 25.7303 13.9273 26.5222 -4577.69 0.295346 0.264589 0.148095 0.291969    0.21575   0.184581  0.0828868  0.0174213   0.495331 0.00402984
(1,2,(3,((4,6),5))); -4537.68  -1.68245 27.8664 13.1664 26.1566 -4576.86 0.286611 0.262114 0.146259 0.305016   0.209644   0.181843  0.0879223  0.0244866   0.490385 0.00571905
(1,2,(3,(4,(5,6)))); -4542.02  -0.932967 30.9081 13.3378 22.7966 -4581.45 0.288228 0.260395 0.126967  0.32441   0.235185   0.192486  0.0662064  0.0158928   0.481096 0.00913412
(1,2,(3,(4,(5,6)))); -4538.4  -0.932967 30.2133 13.3841 25.249 -4579.55 0.291149 0.279357 0.139763 0.289731    0.20843   0.163006   0.102017  0.0305992    0.48609 0.00985761
(1,2,(3,(4,(5,6)))); -4543.5  -0.932967 32.0924 13.7253 20.7529 -4581.69 0.288895 0.257665  0.15101  0.30243   0.281677   0.183745   0.108256  0.0221605   0.396805 0.00735659
(1,2,(3,(4,(5,6)))); -4535.37  -0.932967 28.0756 13.2123 27.4733 -4576.77 0.297618 0.263317 0.143653 0.295412  0.251676  0.148823 0.0823421 0.0152936  0.490153 0.0117128
(1,(2,3),(4,(5,6))); -4540.07  -1.28083 29.1483 13.4035 25.5714 -4580.11 0.290363 0.273743 0.156248 0.279647   0.260209   0.172574  0.0796173  0.0193483   0.460384 0.00786771
(1,2,(3,((4,6),5))); -4533.93  -1.68245 31.4089 13.51 26.7572 -4576.91 0.294116 0.261441 0.148449 0.295994  0.224959  0.175111 0.0823298 0.0192061  0.485636 0.0127574
(1,2,(3,(4,(5,6)))); -4542.2  -0.932967 28.5969 13.4866 24.5431 -4580.92 0.295609 0.277166 0.136528 0.290697   0.201539   0.172355  0.0988254 0.00813485   0.505155  0.0139907
(1,2,(3,(4,(5,6)))); -4538.49  -0.932967 27.1335 13.3823 26.7674 -4578.08 0.293192 0.264366 0.139624 0.302817   0.268834   0.146992  0.0749509  0.0101673   0.494853 0.00420341
(1,2,(3,(4,(5,6)))); -4540.72  -0.932967 27.7552 13.1569 25.386 -4579.77 0.282246 0.271892  0.14696 0.298901  0.190441  0.159359 0.0948919   0.01471  0.525608 0.0149907
(1,2,(3,((4,6),5))); -4535.12  -1.68245 28.7668 13.3575 27.1562 -4576 0.279045 0.271835 0.147575 0.301545   0.254451   0.166466   0.073778  0.0230917   0.476785 0.00542792
(1,2,(3,((4,6),5))); -4540.02  -1.68245 30.2987 13.6072 24.3621 -4579.39 0.269667 0.278135 0.158913 0.293285   0.272055   0.120964  0.0773878   0.017727   0.502356 0.00951005
(1,2,(3,(4,(5,6)))); -4535.72  -0.932967 29.0453 13.2305 26.3679 -4576.97 0.290561 0.277502 0.154154 0.277783   0.227079   0.150695  0.0856019  0.0196779   0.506974 0.00997191
(1,2,(3,((4,6),5))); -4538  -1.68245 30.0053 13.6248 24.9908 -4577.69 0.278987 0.257806 0.141362 0.321846  0.241499  0.152775 0.0854409 0.0123907   0.49112 0.0167745
(1,(2,3),((4,6),5)); -4542.89  -2.03032 30.5834 13.685 27.8257 -4585.59 0.284303 0.274126 0.147865 0.293706   0.239087   0.156639  0.0739773  0.0110334   0.512987 0.00627589
(1,(2,3),(4,(5,6))); -4543.72  -1.28083 30.0755 13.5021 23.6888 -4582.7 0.277169 0.272037 0.136509 0.314285   0.253006   0.108441  0.0950228  0.0262111   0.511576 0.00574316
(1,(2,3),((4,6),5)); -4545.15  -2.03032 32.2729 13.3832 25.2739 -4587.28 0.291418 0.260759 0.144211 0.303612  0.234549  0.128073 0.0870734 0.0237453  0.507297 0.0192623
(1,(2,3),(4,(5,6))); -4553.16  -1.28083 31.2398 13.4573 21.3433 -4591 0.306599 0.255354 0.147376 0.290671  0.279104 0.0975986 0.0806958 0.0132808  0.519207 0.0101142
(1,(2,3),((4,6),5)); -4554.42  -2.03032 21.8171 12.3544 25.8676 -4587.72 0.295388 0.266709 0.142939 0.294965   0.279768   0.125285  0.0699628  0.0117489   0.507661 0.00557443
(1,2,(3,((4,6),5))); -4535.11  -1.68245 28.6964 13.3407 26.644 -4575.43 0.287649 0.262242 0.147611 0.302498   0.229149   0.150442  0.0879126  0.0210533   0.509469 0.00197402
(1,(2,3),(4,(5,6))); -4541.5  -1.28083 31.6845 13.3994 25.6357 -4584.14 0.298273 0.258919 0.141708   0.3011   0.199302   0.173823  0.0740472   0.012621   0.533799 0.00640769
(1,2,(3,(4,(5,6)))); -4539.14  -0.932967 28.0752 12.8717 24.9694 -4578.38 0.278606 0.284376 0.139027 0.297991   0.239799   0.172522  0.0824152   0.032428   0.470048 0.00278887
(1,2,(3,((4,6),5))); -4538.73  -1.68245 31.3906 14.0013 24.3833 -4578.82 0.291016 0.262335 0.148344 0.298306   0.23475  0.173237 0.0631413 0.0328223  0.480459 0.0155903
(1,2,(3,(4,(5,6)))); -4545.55  -0.932967 28.0347 13.5023 22.9188 -4582.07 0.284916 0.282309 0.145662 0.287114  0.285697    0.1054 0.0632737 0.0190948  0.520319 0.0062144
(1,2,(3,(4,(5,6)))); -4538.9  -0.932967 29.4899 13.6838 23.4818 -4577.26 0.301688 0.252095 0.156915 0.289301  0.224937   0.15282 0.0882472 0.0345188  0.488641 0.0108363
(1,2,(3,((4,6),5))); -4553.2  -1.68245 27.3166 13.7177 20.8343 -4585.95 0.292903 0.288322 0.135232 0.283542  0.181408  0.170051 0.0724796 0.0109639  0.542054 0.0230441
(1,2,(3,((4,6),5))); -4537.44  -1.68245 31.8139 13.2598 24.3402 -4578.65 0.269263 0.286553 0.138012 0.306172   0.212474    0.16408  0.0933839 0.00716329   0.511594  0.0113045
(1,2,(3,((4,6),5))); -4542.45  -1.68245 30.7154 13.6173 22.3938 -4580.26 0.275799 0.262831 0.162039 0.299331   0.199099   0.142083  0.0980883 0.00726264   0.539249  0.0142171
(1,(2,3),(4,(5,6))); -4537.98  -1.28083 31.0147 13.148 26.3073 -4580.87 0.285244  0.27242 0.141326 0.301009  0.242639  0.150758  0.091246  0.020547  0.475426 0.0193839
(1,(2,3),(4,(5,6))); -4543.05  -1.28083 30.2437 13.5971 22.9433 -4581.36 0.265791 0.275628 0.131459 0.327122   0.213334   0.163652  0.0901894  0.0261143   0.500049 0.00666084
(1,(2,3),(4,(5,6))); -4548.48  -1.28083 29.7125 13.4576 22.1923 -4585.65 0.302916 0.268782 0.128399 0.299903   0.197506   0.181433  0.0752414  0.0368801   0.504292 0.00464732
(1,(2,3),((4,6),5)); -4546.31  -2.03032 27.6495 13.3281 27.0327 -4585.63 0.288305 0.269977 0.149612 0.292106    0.26872   0.161648  0.0761235  0.0130413   0.470565 0.00990332
(1,2,(3,(4,(5,6)))); -4548.65  -0.932967 29.2559 13.1178 21.7937 -4585.65 0.288556 0.276454 0.136051 0.298939  0.178683  0.177445 0.0783356 0.0124043  0.527996 0.0251362
(1,2,(3,(4,(5,6)))); -4536.67  -0.932967 27.5378 13.3913 26.4891 -4576.37  0.29114  0.26542 0.151774 0.291667  0.237091  0.177677 0.0929859 0.0130445  0.468174 0.0110273
(1,(2,3),(4,(5,6))); -4544.92  -1.28083 29.3081 13.5312 22.9353 -4582.35 0.300102 0.274006 0.137835 0.288056  0.208367  0.172674  0.126264 0.0119223  0.467366 0.0134067
(1,2,(3,(4,(5,6)))); -4536.29  -0.932967 29.8446 13.6873 26.5744 -4578.09 0.290954 0.272039 0.130311 0.306697   0.253894   0.169865  0.0797172  0.0151592   0.475844 0.00552121
(1,(2,3),((4,6),5)); -4550.19  -2.03032 30.6509 13.5505 21.493 -4586.75 0.272046 0.279831 0.159556 0.288568   0.23727   0.16915 0.0908451 0.0141929  0.458629 0.0299128
(1,(2,3),((4,6),5)); -4546.65  -2.03032 29.3343 13.625 26.7488 -4587.07 0.290608  0.26558 0.141939 0.301873   0.258074   0.136344  0.0626854  0.0187722   0.514816 0.00930847
(1,2,(3,(4,(5,6)))); -4536.85  -0.932967 29.2097 13.2873 26.8336 -4578.67 0.285235 0.276225 0.147855 0.290685  0.261692  0.129842 0.0879328 0.0174967   0.49122 0.0118169
(1,2,(3,(4,(5,6)))); -4537.39  -0.932967 31.2436 13.2127 24.3244 -4578.81 0.290548 0.270871  0.15069 0.287892   0.25735  0.150551 0.0923392  0.026539  0.452706 0.0205148
(1,2,(3,((4,6),5))); -4541.97  -1.68245 29.9436 13.1451 23.488 -4580.57 0.293208 0.258989 0.135488 0.312314  0.223697  0.187647 0.0571772  0.028436  0.497742 0.0053013
(1,2,(3,(4,(5,6)))); -4538.69  -0.932967 30.0053 13.1778 23.8633 -4578.44 0.266322 0.302199 0.134302 0.297177    0.22958   0.150739  0.0947386  0.0184979   0.496858 0.00958605
(1,(2,3),(4,(5,6))); -4543.6  -1.28083 31.2665 13.9653 22.7747 -4582.39 0.299834 0.250001 0.137416 0.312749  0.272932  0.155719 0.0929112 0.0249068  0.440213 0.0133178
(1,2,(3,(4,(5,6)))); -4538.96  -0.932967 31.7184 13.3441 24.4509 -4580.85 0.294279 0.282909 0.144565 0.278246  0.227729  0.125288 0.0649908 0.0202958  0.551449  0.010248
(1,2,(3,(4,(5,6)))); -4543.15  -0.932967 24.6642 13.334 24.5783 -4578.13 0.269966  0.27564 0.162019 0.292375   0.244341   0.153721   0.106062  0.0115059   0.479085 0.00528453
(1,2,(3,((4,6),5))); -4543.27  -1.68245 25.0719 13.6226 24.6249 -4577.66 0.276495 0.282773 0.156958 0.283774  0.279729  0.154735 0.0760891 0.0188922  0.459698 0.0108559
(1,2,(3,(4,(5,6)))); -4541.23  -0.932967 25.6993 14.055 26.0093 -4577.95 0.295716 0.270268 0.144057  0.28996  0.240366  0.168329 0.0889171 0.0200698  0.464489 0.0178297
(1,(2,3),(4,(5,6))); -4538.77  -1.28083 31.2713 13.6439 24.4699 -4579.59 0.282012  0.26282 0.166694 0.288473  0.217244  0.168957 0.0942705 0.0136508  0.501305  0.004572
(1,(2,3),(4,(5,6))); -4543.88  -1.28083 27.1607 13.0051 24.8848 -4581.64 0.285774 0.285714 0.137868 0.290644  0.237007  0.135037 0.0643955 0.0175762  0.526758 0.0192259
(1,2,(3,(4,(5,6)))); -4541.31  -0.932967 29.9834 13.4676 23.4641 -4580.36 0.304139  0.25216 0.131739 0.311962    0.20717   0.165132  0.0802555  0.0111744   0.533118 0.00315024
(1,(2,3),(4,(5,6))); -4543.61  -1.28083 30.4971 13.1411 24.4761 -4584.16 0.274507 0.293945 0.140909 0.290639   0.206085   0.177482  0.0768933 0.00896145   0.523374 0.00720524
(1,2,(3,((4,6),5))); -4542.78  -1.68245 31.1023 13.2254 21.3614 -4580.34  0.27791 0.293922 0.122401 0.305767   0.209471   0.169776  0.0758626 0.00620569   0.530312  0.0083727
(1,(2,3),((4,6),5)); -4542.16  -2.03032 30.483 13.2976 26.551 -4583.87 0.282659 0.263899 0.153017 0.300425   0.242311   0.159029  0.0934969  0.0263594    0.47112 0.00768319
(1,2,(3,(4,(5,6)))); -4539.79  -0.932967 27.6191 13.739 26.3664 -4579.1 0.278551 0.276391 0.152061 0.292998    0.20402   0.164452  0.0751676  0.0158595   0.535394 0.00510809
(1,2,(3,(4,(5,6)))); -4537.42  -0.932967 30.4867 13.5607 25.0413 -4578.45 0.288667 0.278134 0.151881 0.281318   0.24927   0.15486  0.108696 0.0111969  0.463515 0.0124626
(1,(2,3),(4,(5,6))); -4543.22  -1.28083 27.7105 13.3231 24.5947 -4580.93 0.286586 0.276436 0.153384 0.283593  0.224413   0.16393 0.0811393  0.018062  0.488375 0.0240809
(1,2,(3,(4,(5,6)))); -4549.12  -0.932967 29.9957 13.1806 20.6633 -4585.66 0.291019 0.286407 0.120825 0.301749  0.194669  0.186811 0.0653033  0.025598  0.514496 0.0131216
(1,2,(3,(4,(5,6)))); -4539.11  -0.932967 28.5779 13.2122 25.172 -4578.72 0.293447 0.266695 0.148072 0.291786 0.255564 0.135301 0.080597 0.030692 0.481231 0.016615
(1,2,(3,(4,(5,6)))); -4545.03  -0.932967 28.4719 13.6072 21.9934 -4580.96 0.273586 0.282573 0.145083 0.298757   0.202028   0.146238  0.0753457  0.0489603   0.518137 0.00929052
(1,2,(3,(4,(5,6)))); -4541.33  -0.932967 22.3966 13.1022 27.6977 -4577.39 0.292156 0.266265 0.141201 0.300378   0.232231   0.140452  0.0962741  0.0147439   0.508806 0.00749229
(1,2,(3,(4,(5,6)))); -4535.59  -0.932967 30.7824 13.3113 24.9545 -4577.09 0.293511 0.265893 0.126951 0.313645   0.258506   0.146293  0.0741109  0.0244058   0.492315 0.00436955
(1,(2,3),((4,6),5)); -4552.83  -2.03032 26.1433 13.6162 23.8303 -4587.15 0.279186 0.273656 0.139346 0.307812   0.220087   0.165982  0.0942128  0.0424354   0.469675 0.00760832
(1,(2,3),(4,(5,6))); -4541.52  -1.28083 30.4336 13.5012 23.6516 -4580.83 0.276145 0.278142 0.154156 0.291557   0.243634   0.140441  0.0575976   0.030175   0.525855 0.00229767
(1,(2,3),(4,(5,6))); -4541.14  -1.28083 29.7223 13.9142 25.6725 -4581.34 0.292607 0.275782 0.145746 0.285864  0.257501  0.182011 0.0849755  0.014215  0.448612 0.0126856
(1,(2,3),(4,(5,6))); -4541.33  -1.28083 27.7704 12.9864 25.2166 -4580.05  0.27574 0.270667 0.130614 0.322979   0.250886   0.138575  0.0837028  0.0176345   0.503658 0.00554321
(1,2,(3,(4,(5,6)))); -4538.68  -0.932967 26.1838 12.8283 26.787 -4577.89 0.293741  0.26376 0.143091 0.299408  0.231009  0.149464 0.0615178 0.0190042   0.52926 0.0097452
(1,2,(3,((4,6),5))); -4539  -1.68245 28.4282 13.0574 26.1356 -4578.82 0.293411 0.257987 0.141963 0.306639   0.211227   0.161939   0.069138  0.0186115   0.534804 0.00428087
(1,2,(3,((4,6),5))); -4538.21  -1.68245 29.9423 13.3346 24.9727 -4578.11 0.280607 0.273888 0.150116 0.295389   0.25061  0.143917 0.0832517 0.0382211  0.472603 0.0113969
(1,(2,3),(4,(5,6))); -4543.99  -1.28083 27.3301 13.5051 25.3374 -4581.87 0.283216  0.26587 0.139856 0.311059   0.209899   0.190348  0.0929238  0.0234195   0.476099 0.00731022
(1,2,(3,(4,(5,6)))); -4536.92  -0.932967 31.1314 13.2708 24.5802 -4578.42 0.295168 0.268799 0.146988 0.289044  0.240122  0.174945 0.0735701 0.0170078  0.469827 0.0245277
(1,(2,3),(4,(5,6))); -4539.15  -1.28083 31.6408 13.6751 25.6228 -4581.46 0.285751 0.264303 0.140623 0.309323  0.238758  0.127274 0.0918561 0.0161159  0.507608 0.0183878
(1,2,(3,(4,(5,6)))); -4541.6  -0.932967 25.4777 14.0695 25.1255 -4577.2 0.268034 0.277478 0.140699 0.313789  0.230788  0.127525 0.0828829 0.0208834  0.534152 0.0037684
(1,2,(3,((4,6),5))); -4544.1  -1.68245 28.1074 13.5245 22.545 -4579.54 0.287967 0.250374 0.140256 0.321404  0.220062  0.199804 0.0918249 0.0182222  0.457739 0.0123484
(1,(2,3),((4,6),5)); -4542.53  -2.03032 30.2217 13.3197 26.5005 -4583.91 0.298057 0.256941 0.153617 0.291384  0.233855  0.162171  0.090221 0.0170223  0.486609  0.010122
(1,2,(3,(4,(5,6)))); -4544.12  -0.932967 28.9987 13.3065 21.8652 -4580.75 0.277446 0.273078 0.151972 0.297505  0.227037  0.181192 0.0548027 0.0167109   0.49153 0.0287276
(1,2,(3,(4,(5,6)))); -4538.32  -0.932967 27.5426 13.3083 26.5668 -4578.19 0.283867 0.285886 0.143352 0.286896   0.262391   0.141497  0.0907801   0.015118   0.486657 0.00355655
(1,(2,3),((4,6),5)); -4550.14  -2.03032 29.5299 13.0243 22.9199 -4587.54 0.275569 0.279747 0.136872 0.307812  0.239938  0.145981 0.0580154 0.0073032  0.528097 0.0206645
(1,2,(3,(4,(5,6)))); -4539  -0.932967 28.6853 13.4341 25.3397 -4578.66 0.293232 0.257687 0.141556 0.307525  0.278743  0.148412 0.0799169 0.0233623  0.457976   0.01159
(1,2,(3,(4,(5,6)))); -4537.26  -0.932967 28.1435 12.6997 25.9535 -4577.73 0.271373 0.282723 0.143734  0.30217  0.215609  0.148002 0.0846121 0.0102018  0.529249 0.0123261
(1,(2,3),((4,6),5)); -4549.15  -2.03032 28.1442 13.2762 24.7356 -4586.72 0.291359 0.256434 0.150324 0.301884  0.228054  0.129327  0.110855 0.0231946  0.495854  0.012717
(1,2,(3,((4,6),5))); -4537.68  -1.68245 30.808 13.5489 25.1711 -4578.43 0.297757 0.282778 0.142789 0.276675  0.242729  0.138218 0.0839211 0.0176483  0.499946 0.0175378
(1,2,(3,(4,(5,6)))); -4538.09  -0.932967 30.4238 13.5232 25.2314 -4579.29 0.281192  0.27746  0.14919 0.292158  0.229719  0.131247  0.108276 0.0196248  0.494302 0.0168323
(1,2,(3,(4,(5,6)))); -4535.75  -0.932967 31.3445 13.1802 25.9877 -4578.97 0.287572 0.286096 0.131876 0.294455   0.224453   0.181916  0.0891826  0.0184421   0.479711 0.00629576
(1,2,(3,((4,6),5))); -4537.8  -1.68245 27.3583 13.6041 26.3364 -4576.21    0.289 0.280802 0.147402 0.282796   0.257778   0.154412  0.0982431  0.0136144    0.47214 0.00381265
(1,2,(3,(4,(5,6)))); -4540.32  -0.932967 28.5225 13.1143 24.4281 -4579.22 0.283532   0.2645 0.150646 0.301322  0.229598  0.148458 0.0566646 0.0163171  0.528119 0.0208432
(1,2,(3,(4,(5,6)))); -4540.01  -0.932967 28.7448 13.7201 25.7631 -4579.86 0.295766 0.270809 0.143184  0.29024  0.274577  0.118164 0.0825349 0.0164673   0.49739 0.0108669
(1,2,(3,((4,6),5))); -4535.35  -1.68245 31.6762 13.4362 25.4353 -4577.34 0.286886 0.292648   0.1378 0.282667    0.23303   0.177011  0.0713051    0.02251   0.490268 0.00587523
(1,2,(3,(4,(5,6)))); -4544.44  -0.932967 25.9642 13.2242 23.899 -4580.15 0.299443 0.268935 0.128605 0.303017  0.218272  0.131083 0.0734812 0.0282735  0.535099 0.0137916
(1,(2,3),((4,6),5)); -4545.9  -2.03032 27.6436 13.1434 27.454 -4585.83 0.296447 0.270177 0.139138 0.294238  0.231698  0.156053   0.06901   0.02135  0.514398 0.0074906
(1,2,(3,(4,(5,6)))); -4540.15  -0.932967 27.8862 12.9789 24.6026 -4578.73 0.300246 0.269737  0.13361 0.296407   0.27294  0.139475 0.0656561 0.0199698  0.484341 0.0176183
(1,(2,3),(4,(5,6))); -4545.26  -1.28083 27.1745 13.5248 25.4988 -4583.13  0.26944 0.274469 0.145029 0.311062   0.274863   0.129761   0.089307  0.0126166   0.487756 0.00569595
(1,(2,3),(4,(5,6))); -4540.68  -1.28083 30.1762 13.4509 23.9668 -4580.09 0.280655 0.280374 0.160665 0.278305  0.230259  0.170963 0.0698119 0.0249474  0.490262 0.0137567
(1,2,(3,(4,(5,6)))); -4540.71  -0.932967 29.2971 13.5905 24.971 -4580.46  0.29135 0.275035 0.129045  0.30457  0.201203  0.169147 0.0795647 0.0237931  0.513998 0.0122939
(1,2,(3,(4,(5,6)))); -4545.16  -0.932967 26.3712 13.5475 22.8448 -4579.9 0.280552 0.264582 0.142858 0.312009   0.186832   0.181688  0.0965913   0.033002   0.498056 0.00383126
(1,(2,3),((4,6),5)); -4543.17  -2.03032 29.5277 13.3631 26.5331 -4583.84 0.292423 0.270839 0.148085 0.288653   0.258089   0.152677   0.100209  0.0155861   0.470374 0.00306411
(1,(2,3),(4,(5,6))); -4541.63  -1.28083 29.7704 13.6017 25.9441 -4582.46 0.296672 0.267738 0.136637 0.298953  0.271067  0.123583 0.0832274 0.0191914  0.491603 0.0113286
(1,2,(3,((4,6),5))); -4540.36  -1.68245 26.9895 13.771 25.9932 -4577.89 0.285594 0.279032 0.149859 0.285515  0.234894   0.14253  0.113708 0.0183734  0.482498 0.0079967
(1,(2,3),(4,(5,6))); -4543.22  -1.28083 29.7964 13.5157 21.0998 -4579.32 0.311491 0.246133 0.152723 0.289653   0.241457   0.175288   0.116914  0.0132208   0.449392 0.00372861
(1,2,(3,(4,(5,6)))); -4540.23  -0.932967 30.8331 13.4057 23.8224 -4580.55 0.276254  0.28901 0.149581 0.285156  0.202066  0.136116 0.0998646 0.0133775  0.533303 0.0152735
(1,2,(3,(4,(5,6)))); -4539.41  -0.932967 31.8283 13.2956 24.2858 -4581.3  0.29028 0.271405 0.144489 0.293827   0.242608   0.114648   0.123633  0.0172823   0.494427 0.00740086
(1,2,(3,((4,6),5))); -4536.69  -1.68245 31.637 13.6545 24.5023 -4577.49 0.269024 0.291548 0.148235 0.291194   0.250092   0.155917   0.057241  0.0213206   0.505726 0.00970331
(1,(2,3),(4,(5,6))); -4540.44  -1.28083 29.3665 13.4552 25.7958 -4580.86 0.271087 0.282396 0.153573 0.292944  0.233878  0.162857 0.0892972 0.0116947  0.488223 0.0140502
(1,(2,3),(4,(5,6))); -4542.31  -1.28083 29.2004 13.4434 26.0436 -4582.83 0.272313 0.283993 0.141084  0.30261   0.258879   0.165784  0.0960051  0.0148406   0.457282 0.00720912
(1,2,(3,(4,(5,6)))); -4540.4  -0.932967 27.6384 13.3674 25.2283 -4578.97  0.27956 0.284724 0.150314 0.285402    0.28222   0.142521   0.062913  0.0135151     0.4924 0.00643173
(1,2,(3,((4,6),5))); -4533.81  -1.68245 32.4221 13.1921 25.8698 -4577.22 0.296824 0.274254 0.129877 0.299045   0.249016   0.166114  0.0681155  0.0107001   0.502331 0.00372364
(1,2,(3,((4,6),5))); -4552.92  -1.68245 28.844 13.5213 20.972 -4587.53 0.295932 0.251349 0.149294 0.303425  0.217759  0.102318 0.0713267 0.0248811  0.573356 0.0103597
(1,(2,3),(4,(5,6))); -4543.01  -1.28083 29.1908 13.7133 26.0696 -4583.27 0.285218  0.27762 0.138614 0.298549  0.203824  0.173951 0.0689208 0.0225413  0.520406 0.0103569
(1,(2,3),((4,6),5)); -4550.85  -2.03032 31.1532 13.4502 21.6114 -4588.13 0.263469  0.27638 0.150175 0.309975  0.172595  0.170657 0.0950913 0.0226134  0.528013 0.0110309
(1,2,(3,((4,6),5))); -4537.81  -1.68245 29.2974 13.4739 26.2702 -4578.23 0.289954 0.275803 0.147121 0.287122   0.221189   0.158134  0.0618583  0.0246915   0.526621 0.00750599
(1,(2,3),((4,6),5)); -4550.41  -2.03032 30.1364 13.2132 23.2531 -4588.55  0.26448  0.28434 0.140451 0.310729  0.248585  0.172952  0.096826  0.025808  0.443387 0.0124423
(1,2,(3,(4,(5,6)))); -4539.8  -0.932967 26.4136 13.135 26.4956 -4578.65  0.28896 0.270119 0.141868 0.299053  0.213261   0.18511 0.0869308 0.0159438  0.485558 0.0131969
(1,2,(3,(4,(5,6)))); -4538.61  -0.932967 31.2948 13.4044 24.4506 -4580.02 0.286819    0.271 0.135138 0.307043   0.269193   0.184221  0.0636914 0.00788081   0.466667  0.0083461
(1,(2,3),((4,6),5)); -4551.87  -2.03032 24.9329 13.5678 25.3329 -4586.54 0.272514 0.280591 0.147021 0.299874  0.265583  0.172856 0.0706847  0.018455  0.458413 0.0140081
(1,(2,3),(4,(5,6))); -4543.36  -1.28083 30.081 13.3078 24.1923 -4583.05 0.288252 0.282114 0.128035   0.3016  0.191326  0.146124 0.0884491  0.016927  0.546239 0.0109348
(1,2,(3,(4,(5,6)))); -4538.05  -0.932967 27.304 12.9699 25.6841 -4577.13  0.30565 0.276047  0.13433 0.283973  0.263756  0.146244 0.0930794 0.0138642  0.474984 0.0080727
(1,2,(3,((4,6),5))); -4537.35  -1.68245 28.2078 13.4881 27.1186 -4577.5 0.293383 0.270383 0.139228 0.297006  0.235892  0.155992 0.0654969 0.0238409   0.50921 0.0095675
(1,(2,3),(4,(5,6))); -4540.46  -1.28083 28.5635 13.0326 26.1676 -4580.87 0.297129 0.265432 0.142345 0.295094    0.25061    0.16153  0.0671166   0.029998   0.482067 0.00867753
(1,2,(3,(4,(5,6)))); -4533.81  -0.932967 30.8319 13.1163 26.2044 -4576.8 0.284678 0.265623 0.141645 0.308053   0.235596   0.143042   0.080212  0.0321124   0.505148 0.00388913
(1,2,(3,(4,(5,6)))); -4533.72  -0.932967 31.3404 13.5167 27.3624 -4577.97 0.285638 0.268568 0.142316 0.303477   0.224672   0.139486  0.0738253  0.0144044   0.538063 0.00954968
(1,2,(3,(4,(5,6)))); -4534.08  -0.932967 30.8188 13.391 27.2466 -4577.82 0.289858 0.277329 0.137006 0.295808   0.230517   0.159097   0.100496  0.0117029   0.490924 0.00726344
(1,2,(3,(4,(5,6)))); -4538.34  -0.932967 28.2477 13.5066 26.1296 -4578.28 0.294304 0.254439 0.151973 0.299284   0.252206   0.145126  0.0941789  0.0129061   0.492298 0.00328514
(1,2,(3,(4,(5,6)))); -4538.8  -0.932967 28.8409 13.4404 25.305 -4578.57 0.293217 0.271276 0.158569 0.276938   0.249906   0.135141  0.0938011  0.0119041   0.502852 0.00639512
(1,2,(3,(4,(5,6)))); -4549.11  -0.932967 25.3894 13.3856 21.19 -4581.37 0.303857 0.284748 0.123737 0.287657  0.230645  0.169735 0.0719823 0.0111666  0.491192 0.0252785
(1,(2,3),(4,(5,6))); -4540.93  -1.28083 30.2148 13.563 26.4697 -4582.77 0.279623  0.28193 0.141182 0.297265   0.226858   0.160407  0.0666032 0.00910947   0.531112 0.00591018
(1,2,(3,(4,(5,6)))); -4539.64  -0.932967 27.5266 13.3504 23.8729 -4576.76 0.313884 0.267338 0.143101 0.275677   0.245922   0.161378  0.0663647  0.0278249   0.492355 0.00615444
(1,(2,3),(4,(5,6))); -4540.58  -1.28083 31.0052 13.3758 23.9792 -4580.9 0.266034 0.290105 0.145077 0.298784   0.249772   0.132762  0.0838359  0.0331178   0.496287 0.00422557
(1,(2,3),(4,(5,6))); -4539.64  -1.28083 30.2566 13.3822 25.854 -4581.09 0.279301 0.283507 0.152638 0.284553   0.251258   0.158999  0.0689063 0.00937573   0.501147  0.0103139
(1,2,(3,(4,(5,6)))); -4544.61  -0.932967 28.6668 13.3766 22.3206 -4581.28 0.281552 0.271245 0.149491 0.297711   0.267747    0.14472    0.12419  0.0300035   0.427508 0.00583141
(1,(2,3),(4,(5,6))); -4541.63  -1.28083 30.6054 13.3231 24.7038 -4582.34 0.288812  0.27197  0.14173 0.297488  0.243138  0.156339 0.0635837 0.0346232  0.485509 0.0168069
(1,2,(3,(4,(5,6)))); -4542.14  -0.932967 29.1584 13.1729 24.9158 -4582.1 0.301277 0.265114 0.140889  0.29272   0.217885   0.143824  0.0738611 0.00810878   0.553646 0.00267561
(1,(2,3),(4,(5,6))); -4542.17  -1.28083 31.5252 13.7024 20.8977 -4579.61 0.309333 0.255459 0.156944 0.278264   0.208138   0.201938  0.0874749  0.0240565   0.475329 0.00306386
(1,(2,3),((4,6),5)); -4545.68  -2.03032 28.7962 12.8569 25.3025 -4584.89 0.268098 0.262432 0.157168 0.312302   0.23589  0.144541 0.0867444 0.0170671  0.503854 0.0119021
(1,(2,3),(4,(5,6))); -4545.5  -1.28083 30.0965 13.2957 23.3318 -4584.36 0.288793 0.276884 0.135957 0.298366   0.242924   0.107209   0.120926  0.0159836   0.504195 0.00876259
(1,2,(3,(4,(5,6)))); -4545.64  -0.932967 26.9943 13.2727 22.8367 -4581.26 0.289527   0.2869  0.13545 0.288123  0.232325  0.164993 0.0667863 0.0398633  0.480214 0.0158179
(1,2,(3,(4,(5,6)))); -4537.6  -0.932967 29.1268 13.7263 25.8137 -4577.88 0.283689 0.276226 0.138275  0.30181  0.259826  0.155191 0.0584551 0.0232002  0.490555 0.0127732
(1,2,(3,(4,(5,6)))); -4547.38  -0.932967 27.8665 12.5966 21.6287 -4583.35  0.28069 0.291352 0.133559 0.294398  0.183761  0.160499 0.0766729 0.0161816  0.539337 0.0235485
(1,2,(3,(4,(5,6)))); -4538.91  -0.932967 29.4848 13.9177 25.6402 -4579.19 0.283652 0.283618 0.132444 0.300286   0.252158   0.175422  0.0763019  0.0240123   0.468399 0.00370608
(1,(2,3),(4,(5,6))); -4543.95  -1.28083 32.7064 13.4954 23.3466 -4585.23 0.280407 0.270175  0.14142 0.307999  0.286612  0.170636 0.0520498 0.0161174  0.461222 0.0133626
(1,(2,3),((4,6),5)); -4547.08  -2.03032 28.1355 13.1158 25.0781 -4585.15 0.276206  0.26298 0.159183 0.301631   0.239696   0.140049  0.0699544  0.0237743   0.523698 0.00282821
(1,2,(3,(4,(5,6)))); -4542.29  -0.932967 28.4059 13.7353 22.7206 -4578.75   0.2971  0.25267 0.146216 0.304013  0.255735   0.16519  0.097118  0.011829  0.446159 0.0239687
(1,(2,3),(4,(5,6))); -4542.79  -1.28083 30.6596 14.1371 22.8207 -4580.85 0.297385 0.249894 0.132863 0.319858   0.245977   0.170124   0.103199  0.0152831   0.462774 0.00264281
(1,2,(3,(4,(5,6)))); -4537.48  -0.932967 29.6365 13.3027 25.3367 -4578.21 0.286347  0.27542   0.1506 0.287633  0.264044  0.152547 0.0754715 0.0200877  0.467897 0.0199531
(1,2,(3,((4,6),5))); -4542.96  -1.68245 31.0571 13.2378 21.2208 -4580.32 0.276655 0.279405 0.155863 0.288077  0.214795  0.176348 0.0628735 0.0289251  0.489895 0.0271631
(1,2,(3,(4,(5,6)))); -4537.84  -0.932967 29.6675 13.1981 24.4539 -4577.83 0.288669 0.294617 0.141392 0.275322  0.261962  0.167153 0.0733049 0.0198845  0.467497 0.0101993
(1,2,(3,((4,6),5))); -4542.81  -1.68245 26.6898 13.818 23.5663 -4577.56 0.286519 0.268006 0.154292 0.291183  0.215094  0.175514  0.120599 0.0232497  0.454258 0.0112841
(1,2,(3,(4,(5,6)))); -4539.71  -0.932967 29.9698 13.6613 23.9884 -4579.08 0.298986 0.268925 0.126976 0.305112   0.243176   0.155287  0.0535692  0.0232907   0.518009 0.00666814
(1,2,(3,((4,6),5))); -4538.57  -1.68245 26.5721 14.0399 25.8463 -4575.27 0.288846 0.264038 0.150259 0.296857   0.256734   0.170399  0.0718336   0.015964   0.483549 0.00152087
(1,(2,3),((4,6),5)); -4561.07  -2.03032 27.9827 13.8933 18.1726 -4591.3 0.265496 0.273699 0.142848 0.317956   0.247962   0.113288   0.117644 0.00747137    0.48664   0.026996
(1,(2,3),(4,(5,6))); -4540.29  -1.28083 32.3409 13.4151 24.0045 -4581.94 0.290047 0.293999 0.135912 0.280042  0.224306  0.158012  0.114357 0.0129186  0.485837 0.0045704
(1,2,(3,((4,6),5))); -4542.61  -1.68245 30.8302 13.2938 21.9744 -4580.44 0.280412 0.288674 0.123409 0.307505   0.26683  0.145411 0.0972718 0.0203587  0.452792 0.0173371
(1,2,(3,(4,(5,6)))); -4538.9  -0.932967 28.8502 13.3515 25.7954 -4579.27   0.2918 0.270172 0.136884 0.301145   0.245724   0.188853  0.0960872  0.0155813   0.447707 0.00604753
(1,(2,3),((4,6),5)); -4551.53  -2.03032 28.0947 13.4841 25.2892 -4589.4 0.303396 0.256663 0.146177 0.293764   0.225015   0.146505  0.0601476  0.0188364   0.540186 0.00930938
(1,(2,3),(4,(5,6))); -4542.48  -1.28083 26.4745 13.2582 26.5915 -4581.01 0.282986 0.278666 0.139166 0.299182    0.22959   0.174155  0.0774932  0.0112166   0.505165 0.00237994
(1,2,(3,((4,6),5))); -4545.03  -1.68245 29.3008 13.6777 23.822 -4582.79 0.298605 0.267149 0.137329 0.296917   0.194432   0.121796   0.101896  0.0193735   0.553248 0.00925501
(1,(2,3),(4,(5,6))); -4545.01  -1.28083 28.5975 13.9673 25.1406 -4583.5 0.290579 0.266981 0.140098 0.302342   0.212638    0.16297  0.0543562  0.0234288   0.539752 0.00685408
(1,2,(3,(4,(5,6)))); -4534.73  -0.932967 29.7452 13.8602 27.2505 -4576.93 0.287446 0.266373 0.147485 0.298696   0.260335   0.173241  0.0753511  0.0164142   0.467292 0.00736685
(1,(2,3),(4,(5,6))); -4548.67  -1.28083 27.2776 13.7431 23.0501 -4583.97 0.271482 0.274518 0.150447 0.303553  0.227245  0.104315 0.0923048 0.0252467  0.540396 0.0104938
(1,(2,3),((4,6),5)); -4548.66  -2.03032 29.4245 13.3753 23.6496 -4586.32 0.296081 0.292548 0.133225 0.278145   0.220427   0.167599  0.0869419  0.0307216   0.489463 0.00484767
(1,2,(3,(4,(5,6)))); -4542.38  -0.932967 25.4011 12.9009 24.0381 -4577.99 0.301404 0.280642  0.13897 0.278984   0.272705    0.16321  0.0643862 0.00782335   0.487858 0.00401731
(1,2,(3,(4,(5,6)))); -4537.03  -0.932967 31.1266 13.2813 24.6145 -4578.55 0.269974 0.297322 0.145733 0.286971   0.244315    0.17464   0.079524  0.0218905   0.474806 0.00482497
(1,(2,3),(4,(5,6))); -4549.09  -1.28083 24.8084 13.2516 23.4394 -4582.81  0.28756 0.281584 0.123634 0.307222   0.224519   0.150121  0.0703349 0.00721839   0.543056 0.00475006
(1,2,(3,((4,6),5))); -4538.75  -1.68245 28.2069 13.188 26.3455 -4578.43 0.287537 0.266299 0.135214  0.31095  0.227285  0.166221 0.0648267 0.0203376  0.511003 0.0103262
(1,(2,3),((4,6),5)); -4544.29  -2.03032 27.2997 13.2071 27.5158 -4583.87 0.293801 0.271626 0.142082 0.292491   0.231375   0.177144  0.0846464  0.0191094   0.481836 0.00588809
(1,(2,3),(4,(5,6))); -4538.4  -1.28083 29.5697 13.5748 27.7185 -4580.83  0.29099 0.268913 0.142111 0.297986   0.258083   0.162041  0.0856736  0.0183436   0.469089 0.00676915
(1,(2,3),(4,(5,6))); -4547.05  -1.28083 29.5348 13.1978 23.3551 -4585.46 0.289014 0.269185 0.144305 0.297496   0.310553   0.130941  0.0587044  0.0225573   0.468335 0.00891009
(1,(2,3),((4,6),5)); -4545.59  -2.03032 29.4891 13.2599 26.1837 -4585.97  0.30064 0.266328 0.136043 0.296989  0.218304  0.181361 0.0859801 0.0209119  0.483344 0.0100996
(1,(2,(4,(5,6))),3); -4541.43  -4.90382 30.2271 13.7037 24.7963 -4577.85 0.278544 0.264514 0.161412  0.29553  0.221174  0.143905 0.0678292 0.0149143  0.537703 0.0144745
(1,(2,3),(4,(5,6))); -4542.75  -1.28083 29.6253 13.211 24.7328 -4582.61 0.301296 0.272028 0.142748 0.283928   0.223279   0.122489  0.0822433  0.0300932   0.532838 0.00905757
(1,2,(3,(4,(5,6)))); -4535.67  -0.932967 30.6702 13.1841 25.4751 -4577.7  0.28933  0.28504 0.147631 0.277999  0.246422  0.163726 0.0766456 0.0149545  0.481542 0.0167103
(1,2,(3,(4,(5,6)))); -4542.95  -0.932967 30.9929 13.4678 23.5179 -4583.06 0.302269 0.268372 0.137624 0.291735   0.231954   0.123544  0.0977877 0.00492766   0.535646 0.00614022
