tree logl logTop logProp logPrior logWt
(1,(2,3),(4,(5,6))); -4536.52 -1.24145 31.0419 13.8628 -4552.46
(1,2,(3,((4,6),5))); -4533.24 -1.68501 30.9241 13.8235 -4548.66
(1,(2,3),(4,(5,6))); -4544.92 -1.24145 22.8638 13.9964 -4552.55
(1,2,(3,((4,6),5))); -4540.08 -1.68501 23.996 13.3934 -4549
(1,2,(3,(4,(5,6)))); -4536.27 -0.99904 28.3467 13.9809 -4549.64
(1,(2,3),((4,6),5)); -4545.02 -1.92741 27.6549 13.5465 -4557.2
(1,(2,3),((4,6),5)); -4542.31 -1.92741 30.5321 13.6328 -4557.28
(1,2,(3,(4,(5,6)))); -4536.35 -0.99904 26.9371 13.5804 -4548.71
(1,2,(3,((4,6),5))); -4538.1 -1.68501 25.0105 13.1864 -4548.24
(1,2,(3,((4,6),5))); -4533.31 -1.68501 30.8284 13.6973 -4548.76
(1,(2,3),(4,(5,6))); -4539.72 -1.24145 27.4536 13.3687 -4552.56
(1,2,(3,(4,(5,6)))); -4532.55 -0.99904 31.4461 13.9217 -4549.07
(1,(2,3),((4,6),5)); -4541.53 -1.92741 31.1506 13.4662 -4557.29
(1,(2,3),(4,(5,6))); -4536.04 -1.24145 30.4964 13.1353 -4552.16
(1,2,(3,((4,6),5))); -4535.6 -1.68501 28.1956 13.4329 -4548.68
(1,2,(3,(4,(5,6)))); -4532.64 -0.99904 30.7176 13.66 -4548.7
(1,(2,3),(4,(5,6))); -4542.33 -1.24145 25.3189 13.4744 -4552.93
(1,2,(3,(4,(5,6)))); -4534.56 -0.99904 29.2882 13.6393 -4549.21
(1,2,(3,(4,(5,6)))); -4532.86 -0.99904 30.7508 13.7943 -4548.82
(1,(2,3),((4,6),5)); -4546.34 -1.92741 25.4348 13.3574 -4556.49
(1,2,(3,(4,(5,6)))); -4539.46 -0.99904 24.9861 13.9039 -4549.54
(1,2,(3,((4,6),5))); -4534.46 -1.68501 30.0427 14.0898 -4548.72
(1,2,(3,(4,(5,6)))); -4532.84 -0.99904 30.7385 13.4486 -4549.13
(1,(2,3),(4,(5,6))); -4537.93 -1.24145 28.9415 13.3316 -4552.29
(1,(2,3),(4,(5,6))); -4539.01 -1.24145 27.7604 13.2361 -4552.3
(1,(2,3),(4,(5,6))); -4536.18 -1.24145 31.4483 13.8775 -4552.51
(1,2,(3,(4,(5,6)))); -4533.56 -0.99904 30.2504 13.648 -4549.16
(1,(2,3),((4,6),5)); -4540.64 -1.92741 31.0192 13.0597 -4556.67
(1,(2,3),(4,(5,6))); -4540.7 -1.24145 27.0758 14.3572 -4552.18
(1,2,(3,(4,(5,6)))); -4532.98 -0.99904 30.5721 13.4514 -4549.1
(1,2,(3,((4,6),5))); -4539.38 -1.68501 24.7368 13.3434 -4549.09
(1,(2,3),(4,(5,6))); -4537.71 -1.24145 29.4937 13.5677 -4552.39
(1,2,(3,((4,6),5))); -4534.2 -1.68501 29.7065 13.7982 -4548.43
(1,2,(3,((4,6),5))); -4534.31 -1.68501 29.1017 13.1586 -4548.57
(1,(2,3),(4,(5,6))); -4536.4 -1.24145 30.3643 13.5238 -4552
(1,2,(3,(4,(5,6)))); -4532.12 -0.99904 31.7242 13.6403 -4549.2
(1,(2,3),((4,6),5)); -4542.53 -1.92741 30.0332 13.6153 -4557.02
(1,2,(3,((4,6),5))); -4537.45 -1.68501 25.9478 13.177 -4548.53
(1,2,(3,(4,(5,6)))); -4536.05 -0.99904 28.075 14.0395 -4549.09
(1,2,(3,(4,(5,6)))); -4532.53 -0.99904 30.9983 13.3449 -4549.18
(1,2,(3,(4,(5,6)))); -4534.93 -0.99904 29.2052 13.569 -4549.56
(1,(2,3),(4,(5,6))); -4536.21 -1.24145 31.0197 13.7509 -4552.24
(1,2,(3,(4,(5,6)))); -4533.13 -0.99904 30.1289 13.5245 -4548.74
(1,2,(3,((4,6),5))); -4532.75 -1.68501 31.7652 13.9085 -4548.92
(1,2,(3,(4,(5,6)))); -4533.38 -0.99904 30.4719 13.6206 -4549.23
(1,(2,3),((4,6),5)); -4541.64 -1.92741 30.7802 13.6498 -4556.85
(1,2,(3,(4,(5,6)))); -4533.78 -0.99904 29.1887 13.296 -4548.67
(1,(2,3),(4,(5,6))); -4537.14 -1.24145 30.184 13.5583 -4552.52
(1,(2,3),(4,(5,6))); -4536.36 -1.24145 30.2698 13.3679 -4552.02
(1,(2,3),(4,(5,6))); -4540.71 -1.24145 27.0678 14.0442 -4552.49
(1,2,(3,(4,(5,6)))); -4536.06 -0.99904 27.9297 13.6616 -4549.33
(1,2,(3,((4,6),5))); -4533.13 -1.68501 31.3524 13.6885 -4549.11
(1,(2,3),((4,6),5)); -4543.39 -1.92741 29.4691 13.4615 -4557.47
(1,2,(3,(4,(5,6)))); -4531.92 -0.99904 31.8802 13.6181 -4549.18
(1,(2,3),(4,(5,6))); -4537.39 -1.24145 29.4071 13.1573 -4552.4
(1,(2,3),(4,(5,6))); -4535.96 -1.24145 31.4221 13.4612 -4552.68
(1,(2,3),(4,(5,6))); -4536.25 -1.24145 30.5237 13.6176 -4551.91
(1,(2,3),(4,(5,6))); -4538.01 -1.24145 29.0369 13.7162 -4552.09
(1,2,(3,(4,(5,6)))); -4540.78 -0.99904 22.6421 13.2933 -4549.13
(1,2,(3,(4,(5,6)))); -4532.22 -0.99904 30.7731 13.2201 -4548.77
(1,(2,3),((4,6),5)); -4542.22 -1.92741 30.4373 13.3815 -4557.35
(1,2,(3,((4,6),5))); -4534.58 -1.68501 28.8776 13.0701 -4548.71
(1,2,(3,(4,(5,6)))); -4535.85 -0.99904 27.2771 13.26 -4548.87
(1,(2,3),(4,(5,6))); -4537 -1.24145 29.7395 13.1813 -4552.32
(1,(2,3),(4,(5,6))); -4536.05 -1.24145 30.0609 13.1583 -4551.71
(1,2,(3,(4,(5,6)))); -4534.05 -0.99904 29.0654 13.4027 -4548.71
(1,(2,3),(4,(5,6))); -4539.9 -1.24145 27.8935 13.5445 -4553.01
(1,(2,3),(4,(5,6))); -4536.3 -1.24145 31.4423 13.9864 -4552.51
(1,2,(3,(4,(5,6)))); -4533.8 -0.99904 30.4403 13.8345 -4549.4
(1,(2,3),((4,6),5)); -4541.59 -1.92741 30.0396 13.3262 -4556.37
(1,2,(3,((4,6),5))); -4535.53 -1.68501 27.3882 12.9828 -4548.25
(1,(2,3),((4,6),5)); -4546.64 -1.92741 24.9603 13.1104 -4556.56
(1,(2,3),((4,6),5)); -4547.05 -1.92741 25.655 13.3969 -4557.38
(1,2,(3,(4,(5,6)))); -4539.52 -0.99904 23.8017 13.3741 -4548.95
(1,(2,3),(4,(5,6))); -4538.99 -1.24145 27.3528 12.9554 -4552.14
(1,2,(3,(4,(5,6)))); -4532.85 -0.99904 30.6454 13.7174 -4548.78
(1,(2,3),((4,6),5)); -4544.42 -1.92741 27.4029 13.6346 -4556.26
(1,(2,3),((4,6),5)); -4543.94 -1.92741 27.9746 13.4484 -4556.54
(1,2,(3,((4,6),5))); -4536.57 -1.68501 27.2433 13.2922 -4548.83
(1,2,(3,(4,(5,6)))); -4535.7 -0.99904 27.5445 13.3108 -4548.94
(1,2,(3,(4,(5,6)))); -4536.59 -0.99904 27.4578 13.9139 -4549.14
(1,2,(3,(4,(5,6)))); -4534.21 -0.99904 29.4174 13.8976 -4548.73
(1,2,(3,((4,6),5))); -4535.23 -1.68501 28.506 13.5369 -4548.51
(1,(2,3),((4,6),5)); -4542.29 -1.92741 30.3767 13.8833 -4556.85
(1,(2,3),((4,6),5)); -4544.54 -1.92741 27.5589 13.8158 -4556.36
(1,2,(3,(4,(5,6)))); -4533.21 -0.99904 30.3318 13.5344 -4549.01
(1,(2,3),(4,(5,6))); -4540.39 -1.24145 26.33 12.9892 -4552.49
(1,(2,3),(4,(5,6))); -4538.6 -1.24145 29.0529 13.9194 -4552.5
(1,(2,3),(4,(5,6))); -4542.69 -1.24145 24.3185 13.2746 -4552.49
(1,(2,3),((4,6),5)); -4545.48 -1.92741 27.5063 14.1165 -4556.94
(1,(2,3),((4,6),5)); -4542.08 -1.92741 30.8325 13.5858 -4557.4
(1,(2,3),(4,(5,6))); -4535.56 -1.24145 31.5366 13.3308 -4552.53
(1,2,(3,(4,(5,6)))); -4535.78 -0.99904 27.487 13.3111 -4548.96
(1,(2,3),((4,6),5)); -4543.48 -1.92741 28.4593 13.4181 -4556.6
(1,2,(3,(4,(5,6)))); -4535.94 -0.99904 27.3389 13.4253 -4548.85
(1,(2,3),((4,6),5)); -4542.57 -1.92741 29.0841 13.3083 -4556.42
(1,(2,3),((4,6),5)); -4545.43 -1.92741 26.7147 13.4344 -4556.78
(1,2,(3,(4,(5,6)))); -4532.06 -0.99904 31.7623 13.6317 -4549.19
(1,2,(3,(4,(5,6)))); -4533.74 -0.99904 30.4163 13.8589 -4549.3
(1,(2,3),((4,6),5)); -4541.99 -1.92741 30.3217 13.1252 -4557.26
(1,2,(3,((4,6),5))); -4532.18 -1.68501 31.4417 13.4764 -4548.46
(1,(2,3),(4,(5,6))); -4536.55 -1.24145 30.938 13.6391 -4552.61
(1,(2,3),(4,(5,6))); -4544.57 -1.24145 22.9263 13.1926 -4553.06
(1,(2,3),(4,(5,6))); -4541.95 -1.24145 24.683 13.3016 -4552.09
(1,2,(3,(4,(5,6)))); -4534.88 -0.99904 28.0429 13.4637 -4548.46
(1,(2,3),((4,6),5)); -4541.94 -1.92741 29.6575 13.0724 -4556.59
(1,2,(3,((4,6),5))); -4532.4 -1.68501 31.3515 13.7867 -4548.28
(1,(2,3),(4,(5,6))); -4534.36 -1.24145 32.8927 13.6056 -4552.41
(1,2,(3,((4,6),5))); -4532.86 -1.68501 31.4169 13.6743 -4548.91
(1,2,(3,(4,(5,6)))); -4533.72 -0.99904 29.3658 13.2582 -4548.83
(1,2,(3,((4,6),5))); -4532.63 -1.68501 31.7317 13.9062 -4548.77
(1,2,(3,(4,(5,6)))); -4534.52 -0.99904 28.9506 13.5368 -4548.94
(1,(2,3),(4,(5,6))); -4537.22 -1.24145 30.1076 13.731 -4552.35
(1,(2,3),((4,6),5)); -4545.7 -1.92741 26.8937 13.1789 -4557.48
(1,(2,3),(4,(5,6))); -4537.32 -1.24145 30.3213 13.7605 -4552.64
(1,2,(3,(4,(5,6)))); -4537.38 -0.99904 25.6417 13.4481 -4548.57
(1,2,(3,((4,6),5))); -4535.82 -1.68501 27.6557 13.1803 -4548.61
(1,(2,3),(4,(5,6))); -4535.56 -1.24145 31.6735 13.4449 -4552.54
(1,(2,3),(4,(5,6))); -4535.91 -1.24145 31.1951 13.3885 -4552.48
(1,(2,3),(4,(5,6))); -4534.78 -1.24145 32.3049 13.4627 -4552.38
(1,2,(3,(4,(5,6)))); -4535.98 -0.99904 27.2755 13.211 -4549.04
(1,2,(3,(4,(5,6)))); -4535.53 -0.99904 28.892 14.0587 -4549.36
(1,(2,3),((4,6),5)); -4540.29 -1.92741 31.6846 13.4491 -4556.6
(1,(2,3),((4,6),5)); -4540.57 -1.92741 31.7292 13.6481 -4556.73
(1,(2,3),((4,6),5)); -4546.13 -1.92741 26.2045 13.4852 -4556.92
(1,(2,3),(4,(5,6))); -4538.26 -1.24145 28.3345 13.3266 -4552.03
(1,2,(3,(4,(5,6)))); -4534.35 -0.99904 29.8588 13.894 -4549.32
(1,(2,3),(4,(5,6))); -4539.91 -1.24145 27.5445 13.3204 -4552.89
(1,2,(3,(4,(5,6)))); -4534.09 -0.99904 29.7915 13.9202 -4548.96
(1,(2,3),(4,(5,6))); -4541.27 -1.24145 26.6021 14.1541 -4552.48
(1,2,(3,((4,6),5))); -4536.14 -1.68501 27.7623 13.8231 -4548.39
(1,2,(3,((4,6),5))); -4534.89 -1.68501 28.999 13.525 -4548.68
(1,(2,3),(4,(5,6))); -4536.33 -1.24145 31.0501 13.7461 -4552.4
(1,2,(3,((4,6),5))); -4533.37 -1.68501 30.7694 13.5084 -4548.95
(1,(2,3),(4,(5,6))); -4536.89 -1.24145 30.747 13.9633 -4552.43
(1,2,(3,(4,(5,6)))); -4533.23 -0.99904 30.5235 13.5014 -4549.25
(1,(2,3),((4,6),5)); -4543.13 -1.92741 28.5952 13.6298 -4556.17
(1,2,(3,(4,(5,6)))); -4535.35 -0.99904 27.8767 13.4831 -4548.75
(1,2,(3,((4,6),5))); -4535.23 -1.68501 29.1893 13.847 -4548.89
(1,(2,3),((4,6),5)); -4543.22 -1.92741 29.17 13.73 -4556.74
(1,(2,3),(4,(5,6))); -4537.95 -1.24145 29.095 13.2631 -4552.54
(1,2,(3,(4,(5,6)))); -4533.74 -0.99904 29.8224 13.8389 -4548.72
(1,2,(3,(4,(5,6)))); -4531.64 -0.99904 32.333 13.6585 -4549.32
(1,(2,3),((4,6),5)); -4541.35 -1.92741 30.5613 13.4728 -4556.51
(1,2,(3,(4,(5,6)))); -4533.82 -0.99904 29.9066 13.7701 -4548.96
(1,2,(3,(4,(5,6)))); -4532.34 -0.99904 31.2414 13.6513 -4548.94
(1,(2,3),(4,(5,6))); -4538.02 -1.24145 29.226 13.6563 -4552.35
(1,(2,3),(4,(5,6))); -4539.95 -1.24145 26.6082 13.1683 -4552.15
(1,2,(3,(4,(5,6)))); -4537.96 -0.99904 25.4167 13.1206 -4549.25
(1,(2,3),(4,(5,6))); -4535.9 -1.24145 31.7521 13.5558 -4552.86
(1,2,(3,(4,(5,6)))); -4533.66 -0.99904 29.7735 13.6748 -4548.76
(1,2,(3,((4,6),5))); -4538.46 -1.68501 25.4147 13.6591 -4548.53
(1,2,(3,(4,(5,6)))); -4538.17 -0.99904 25.4757 13.5507 -4549.1
(1,(2,3),((4,6),5)); -4544.07 -1.92741 28.1248 13.5459 -4556.72
(1,(2,((4,6),5)),3); -4541.77 -5.5878 27.4575 12.898 -4550.74
(1,2,(3,(4,(5,6)))); -4532.23 -0.99904 30.847 13.2071 -4548.87
(1,2,(3,((4,6),5))); -4533.55 -1.68501 30.0413 13.3164 -4548.59
(1,(2,3),(4,(5,6))); -4538.79 -1.24145 28.534 13.79 -4552.3
(1,2,(3,((4,6),5))); -4535.17 -1.68501 28.6102 13.4678 -4548.62
(1,2,(3,(4,(5,6)))); -4537.27 -0.99904 25.6074 13.195 -4548.68
(1,2,(3,((4,6),5))); -4533.66 -1.68501 30.037 13.4737 -4548.54
(1,2,(3,((4,6),5))); -4534.7 -1.68501 29.8478 13.7994 -4549.06
(1,(2,3),((4,6),5)); -4541.56 -1.92741 30.5292 13.2969 -4556.87
(1,2,(3,((4,6),5))); -4533.3 -1.68501 30.2197 13.5301 -4548.3
(1,(2,3),((4,6),5)); -4541.49 -1.92741 31.3313 13.5658 -4557.33
(1,(2,3),(4,(5,6))); -4537.93 -1.24145 29.4221 13.6094 -4552.5
(1,(2,3),(4,(5,6))); -4537.64 -1.24145 29.235 13.2659 -4552.37
(1,2,(3,((4,6),5))); -4530.97 -1.68501 32.8462 13.5972 -4548.53
(1,(2,3),(4,(5,6))); -4538.52 -1.24145 28.1591 13.2599 -4552.18
(1,2,(3,(4,(5,6)))); -4532.42 -0.99904 31.4057 13.6208 -4549.2
(1,2,(3,(4,(5,6)))); -4533.59 -0.99904 30.394 13.8276 -4549.16
(1,2,(3,((4,6),5))); -4533.6 -1.68501 30.1549 13.2857 -4548.78
(1,(2,3),(4,(5,6))); -4541.81 -1.24145 24.0558 12.8344 -4551.79
(1,(2,3),(4,(5,6))); -4535.32 -1.24145 31.4375 13.1796 -4552.34
(1,2,(3,((4,6),5))); -4532.74 -1.68501 31.049 13.652 -4548.45
(1,2,(3,(4,(5,6)))); -4531.9 -0.99904 31.7837 13.7261 -4548.96
(1,2,(3,((4,6),5))); -4531.62 -1.68501 32.0371 13.405 -4548.57
(1,(2,3),(4,(5,6))); -4537.79 -1.24145 29.3304 13.5284 -4552.35
(1,2,(3,(4,(5,6)))); -4533.17 -0.99904 30.0555 13.4087 -4548.82
(1,2,(3,((4,6),5))); -4534.14 -1.68501 29.4534 13.568 -4548.34
(1,(2,3),((4,6),5)); -4543.09 -1.92741 28.9377 13.0967 -4557
(1,2,(3,(4,(5,6)))); -4533.62 -0.99904 29.4561 13.2553 -4548.82
(1,2,(3,(4,(5,6)))); -4533.48 -0.99904 30.2769 13.567 -4549.19
(1,(2,3),(4,(5,6))); -4535.51 -1.24145 32.2223 13.6873 -4552.81
(1,2,(3,((4,6),5))); -4534.87 -1.68501 29.1002 13.5328 -4548.75
(1,2,(3,((4,6),5))); -4536.25 -1.68501 27.9369 13.8746 -4548.63
(1,2,(3,((4,6),5))); -4539.09 -1.68501 24.9922 13.8421 -4548.55
(1,2,(3,(4,(5,6)))); -4539.01 -0.99904 25.2206 13.84 -4549.39
(1,(2,3),(4,(5,6))); -4539.57 -1.24145 27.2617 13.076 -4552.52
(1,2,(3,((4,6),5))); -4533.04 -1.68501 31.0279 13.4753 -4548.91
(1,(2,3),(4,(5,6))); -4538.07 -1.24145 29.2217 13.6517 -4552.4
(1,2,(3,(4,(5,6)))); -4532.82 -0.99904 30.8878 13.3626 -4549.34
(1,(2,3),((4,6),5)); -4541.53 -1.92741 30.6063 13.3359 -4556.87
(1,(2,3),(4,(5,6))); -4535.88 -1.24145 31.2148 13.6647 -4552.19
(1,(2,3),(4,(5,6))); -4542.02 -1.24145 25.2221 13.6385 -4552.36
(1,2,(3,(4,(5,6)))); -4532.93 -0.99904 30.9986 13.793 -4549.14
(1,2,(3,((4,6),5))); -4534.35 -1.68501 29.5659 13.7253 -4548.5
(1,(2,3),((4,6),5)); -4542.16 -1.92741 30.8783 14.1063 -4557
(1,(2,3),(4,(5,6))); -4537.02 -1.24145 30.3999 13.7261 -4552.45
(1,2,(3,((4,6),5))); -4535.5 -1.68501 27.6117 13.3419 -4548.09
(1,(2,3),(4,(5,6))); -4537.46 -1.24145 29.3115 13.2332 -4552.3
(1,2,(3,(4,(5,6)))); -4532.49 -0.99904 30.4802 13.2776 -4548.69
(1,(2,3),(4,(5,6))); -4538.65 -1.24145 29.3989 14.1764 -4552.63
(1,2,(3,((4,6),5))); -4535.2 -1.68501 29.5041 14.1082 -4548.91
(1,(2,3),(4,(5,6))); -4538.16 -1.24145 29.6447 13.8468 -4552.72
(1,(2,3),(4,(5,6))); -4536.01 -1.24145 30.9957 13.4941 -4552.27
(1,2,(3,(4,(5,6)))); -4534.76 -0.99904 28.8276 13.3559 -4549.24
(1,(2,3),((4,6),5)); -4541.92 -1.92741 30.0511 13.4307 -4556.62
(1,(2,3),(4,(5,6))); -4538.17 -1.24145 28.735 13.5148 -4552.15
(1,(2,3),((4,6),5)); -4543.19 -1.92741 28.381 13.2978 -4556.35
(1,(2,3),(4,(5,6))); -4541.16 -1.24145 26.585 13.3884 -4553.11
(1,2,(3,(4,(5,6)))); -4534.57 -0.99904 29.7566 13.6798 -4549.65
(1,2,(3,(4,(5,6)))); -4533.47 -0.99904 29.6911 13.4379 -4548.72
(1,(2,3),(4,(5,6))); -4538.4 -1.24145 28.564 13.3914 -4552.33
(1,(2,3),(4,(5,6))); -4537.66 -1.24145 29.9588 13.9525 -4552.42
(1,(2,3),((4,6),5)); -4542.31 -1.92741 29.863 13.6072 -4556.64
(1,2,(3,(4,(5,6)))); -4535.12 -0.99904 28.5344 13.4456 -4549.21
(1,(2,3),(4,(5,6))); -4536.79 -1.24145 29.8222 13.1562 -4552.21
(1,2,(3,(4,(5,6)))); -4534.03 -0.99904 29.8475 13.5948 -4549.28
(1,2,(3,((4,6),5))); -4534.62 -1.68501 29.0698 13.5484 -4548.46
(1,2,(3,(4,(5,6)))); -4536.43 -0.99904 27.9084 14.1235 -4549.22
(1,2,(3,(4,(5,6)))); -4535.81 -0.99904 27.74 13.6976 -4548.85
(1,2,(3,(4,(5,6)))); -4537.62 -0.99904 25.6537 13.4764 -4548.8
(1,(2,3),(4,(5,6))); -4539.39 -1.24145 27.6282 13.5162 -4552.26
(1,2,(3,(4,(5,6)))); -4532.28 -0.99904 31.0114 13.2508 -4549.04
(1,2,(3,(4,(5,6)))); -4532.79 -0.99904 31.0159 13.4115 -4549.4
(1,2,(3,(4,(5,6)))); -4540.06 -0.99904 23.2802 13.3711 -4548.97
(1,2,(3,((4,6),5))); -4532.75 -1.68501 30.9265 13.3626 -4548.63
(1,(2,3),(4,(5,6))); -4539.74 -1.24145 27.3945 13.4438 -4552.45
(1,2,(3,(4,(5,6)))); -4532.4 -0.99904 31.3557 13.7403 -4549.02
(1,2,(3,(4,(5,6)))); -4535.27 -0.99904 27.7117 13.419 -4548.57
(1,(2,3),((4,6),5)); -4546.03 -1.92741 25.6175 13.1666 -4556.55
(1,2,(3,((4,6),5))); -4537.54 -1.68501 25.6114 12.8829 -4548.59
(1,(2,3),(4,(5,6))); -4538.44 -1.24145 27.9885 13.2418 -4551.95
(1,2,(3,(4,(5,6)))); -4534.7 -0.99904 29.6174 13.9418 -4549.37
(1,2,(3,(4,(5,6)))); -4536.34 -0.99904 26.6669 13.3887 -4548.62
(1,2,(3,(4,(5,6)))); -4538.45 -0.99904 25.4088 13.8802 -4548.98
(1,(2,3),((4,6),5)); -4540.84 -1.92741 31.3904 13.6437 -4556.66
(1,2,(3,(4,(5,6)))); -4535.03 -0.99904 27.8515 13.0567 -4548.82
(1,(2,3),(4,(5,6))); -4543.5 -1.24145 23.7598 13.7347 -4552.28
(1,(2,3),(4,(5,6))); -4535.96 -1.24145 31.5907 13.7463 -4552.56
(1,(2,3),(4,(5,6))); -4538.5 -1.24145 28.6737 13.4608 -4552.47
(1,(2,3),(4,(5,6))); -4541.01 -1.24145 26.3646 13.3862 -4552.74
(1,(2,3),((4,6),5)); -4541.68 -1.92741 30.6581 13.4523 -4556.96
(1,(2,3),(4,(5,6))); -4537.39 -1.24145 29.3821 13.1176 -4552.41
(1,2,(3,(4,(5,6)))); -4536.98 -0.99904 25.7734 12.8745 -4548.88
(1,(2,3),((4,6),5)); -4541.43 -1.92741 31.2099 13.4519 -4557.26
(1,(2,3),((4,6),5)); -4544.7 -1.92741 27.4137 13.488 -4556.7
(1,2,(3,((4,6),5))); -4533.79 -1.68501 30.7417 13.7403 -4549.11
(1,2,(3,(4,(5,6)))); -4534.81 -0.99904 29.3054 13.9631 -4549.15
(1,2,(3,(4,(5,6)))); -4533.03 -0.99904 30.7579 13.8545 -4548.94
(1,2,(3,((4,6),5))); -4536.85 -1.68501 26.705 13.4039 -4548.46
(1,2,(3,(4,(5,6)))); -4538.19 -0.99904 25.905 13.5675 -4549.53
(1,(2,3),(4,(5,6))); -4536.74 -1.24145 29.9703 13.2941 -4552.17
(1,2,(3,((4,6),5))); -4535.66 -1.68501 27.367 13.1334 -4548.21
(1,(2,3),(4,(5,6))); -4535.12 -1.24145 32.1113 13.647 -4552.34
(1,2,(3,((4,6),5))); -4534.96 -1.68501 28.7698 13.458 -4548.58
(1,2,(3,(4,(5,6)))); -4536.54 -0.99904 27.3217 13.4267 -4549.43
(1,2,(3,(4,(5,6)))); -4537.09 -0.99904 26.5179 13.2081 -4549.4
(1,(2,3),((4,6),5)); -4542.88 -1.92741 28.9383 13.5548 -4556.34
(1,(2,3),((4,6),5)); -4545.15 -1.92741 26.7967 13.4585 -4556.56
(1,(2,3),(4,(5,6))); -4537.1 -1.24145 29.5906 13.5474 -4551.9
(1,2,(3,(4,(5,6)))); -4534.54 -0.99904 28.6826 13.3122 -4548.91
(1,2,(3,(4,(5,6)))); -4534.45 -0.99904 29.6254 13.7995 -4549.27
(1,(2,3),((4,6),5)); -4542.43 -1.92741 29.4058 13.3746 -4556.54
(1,2,(3,(4,(5,6)))); -4536.79 -0.99904 26.6609 13.8268 -4548.62
(1,2,(3,(4,(5,6)))); -4536.46 -0.99904 27.2414 13.6178 -4549.08
(1,(2,3),(4,(5,6))); -4536.3 -1.24145 30.8103 13.6575 -4552.21
(1,2,(3,(4,(5,6)))); -4535.14 -0.99904 28.5819 13.6722 -4549.05
(1,(2,3),(4,(5,6))); -4536.01 -1.24145 31.2449 13.7859 -4552.23
(1,2,(3,((4,6),5))); -4533.32 -1.68501 30.3342 13.3342 -4548.64
(1,2,(3,(4,(5,6)))); -4536.49 -0.99904 27.4127 13.3563 -4549.55
(1,2,(3,(4,(5,6)))); -4533.57 -0.99904 29.4382 13.3502 -4548.66
(1,(2,3),((4,6),5)); -4541.47 -1.92741 30.9569 13.3089 -4557.19
(1,2,(3,(4,(5,6)))); -4532.15 -0.99904 31.5452 13.5426 -4549.15
(1,2,(3,(4,(5,6)))); -4533.34 -0.99904 30.7149 13.8845 -4549.17
(1,2,(3,(4,(5,6)))); -4535.12 -0.99904 28.6516 13.7229 -4549.05
(1,(2,3),((4,6),5)); -4545.8 -1.92741 26.5764 13.3769 -4557.08
(1,(2,3),(4,(5,6))); -4536.84 -1.24145 29.668 13.2161 -4552.05
(1,(2,3),(4,(5,6))); -4535.98 -1.24145 30.5748 13.3685 -4551.95
(1,2,(3,(4,(5,6)))); -4533.23 -0.99904 31.0955 13.7752 -4549.55
(1,(2,3),(4,(5,6))); -4542.37 -1.24145 24.3052 13.1138 -4552.32
(1,(2,3),(4,(5,6))); -4537.2 -1.24145 29.4535 13.4835 -4551.93
(1,(2,3),((4,6),5)); -4540.54 -1.92741 32.0555 13.6705 -4557
(1,(2,3),(4,(5,6))); -4538.75 -1.24145 28.6885 13.7168 -4552.48
(1,2,(3,(4,(5,6)))); -4534.74 -0.99904 28.4521 13.2863 -4548.91
(1,2,(3,(4,(5,6)))); -4534.59 -0.99904 28.9095 13.4288 -4549.08
(1,(2,3),(4,(5,6))); -4539.74 -1.24145 27.3971 13.6787 -4552.21
(1,2,(3,(4,(5,6)))); -4536.38 -0.99904 27.6142 13.8654 -4549.13
(1,(2,3),((4,6),5)); -4543.36 -1.92741 28.3058 13.1269 -4556.61
(1,2,(3,(4,(5,6)))); -4534.37 -0.99904 28.6617 13.2386 -4548.8
(1,2,(3,(4,(5,6)))); -4536.74 -0.99904 26.5449 13.3541 -4548.94
(1,(2,3),(4,(5,6))); -4538.26 -1.24145 28.9084 13.4603 -4552.46
(1,(2,3),(4,(5,6))); -4537.79 -1.24145 29.5434 13.5436 -4552.55
(1,2,(3,((4,6),5))); -4538.36 -1.68501 25.2325 13.3693 -4548.54
(1,(2,3),(4,(5,6))); -4536.63 -1.24145 30.9194 13.5243 -4552.78
(1,2,(3,(4,(5,6)))); -4536.51 -0.99904 27.9175 14.0687 -4549.36
(1,(2,3),(4,(5,6))); -4538.71 -1.24145 29.1309 13.8548 -4552.75
(1,2,(3,(4,(5,6)))); -4532.81 -0.99904 31.1513 13.6564 -4549.31
(1,(2,3),(4,(5,6))); -4538.49 -1.24145 29.2024 13.6327 -4552.82
(1,2,(3,(4,(5,6)))); -4537.17 -0.99904 26.5131 13.5984 -4549.09
(1,2,(3,((4,6),5))); -4539.51 -1.68501 24.7995 13.1605 -4549.46
(1,(2,3),(4,(5,6))); -4538.83 -1.24145 27.3037 13.1842 -4551.71
(1,2,(3,(4,(5,6)))); -4532.31 -0.99904 30.564 13.1625 -4548.72
(1,2,(3,(4,(5,6)))); -4536.28 -0.99904 27.6126 13.5028 -4549.39
(1,(2,3),(4,(5,6))); -4534.66 -1.24145 32.584 13.6586 -4552.34
(1,(2,3),(4,(5,6))); -4537.69 -1.24145 29.9756 13.7553 -4552.67
(1,2,(3,(4,(5,6)))); -4532.65 -0.99904 31.1221 13.7716 -4549
(1,(2,3),((4,6),5)); -4540.39 -1.92741 31.4042 13.5026 -4556.37
(1,(2,3),((4,6),5)); -4542.46 -1.92741 29.7456 13.2945 -4556.98
(1,2,(3,(4,(5,6)))); -4534.67 -0.99904 29.1066 13.7452 -4549.03
(1,2,(3,(4,(5,6)))); -4534.07 -0.99904 30.3397 14.0446 -4549.37
(1,(2,3),(4,(5,6))); -4534.58 -1.24145 32.6454 13.5921 -4552.39
(1,2,(3,(4,(5,6)))); -4535.17 -0.99904 28.1104 13.2915 -4548.99
(1,2,(3,(4,(5,6)))); -4534.65 -0.99904 28.7922 13.7788 -4548.67
(1,2,(3,((4,6),5))); -4535.47 -1.68501 28.3881 13.4175 -4548.75
(1,(2,3),(4,(5,6))); -4544.16 -1.24145 23.2647 13.8557 -4552.33
(1,2,(3,(4,(5,6)))); -4534.38 -0.99904 28.8699 13.4273 -4548.82
(1,(2,3),(4,(5,6))); -4537.14 -1.24145 29.3507 13.1756 -4552.08
(1,2,(3,((4,6),5))); -4532.86 -1.68501 30.7749 13.3774 -4548.57
(1,(2,3),(4,(5,6))); -4541.62 -1.24145 25.1484 12.978 -4552.55
(1,(2,(4,(5,6))),3); -4537.75 -4.90183 29.3249 13.7268 -4548.45
(1,2,(3,(4,(5,6)))); -4533.31 -0.99904 30.7231 13.5066 -4549.53
(1,(2,3),(4,(5,6))); -4535.3 -1.24145 31.6288 13.6316 -4552.06
(1,2,(3,(4,(5,6)))); -4534.68 -0.99904 28.4627 13.2469 -4548.9
(1,(2,3),(4,(5,6))); -4536.57 -1.24145 31.1262 13.8624 -4552.59
(1,2,(3,(4,(5,6)))); -4536.46 -0.99904 27.1973 13.5077 -4549.15
(1,2,(3,(4,(5,6)))); -4533.88 -0.99904 30.3622 13.9766 -4549.26
(1,2,(3,(4,(5,6)))); -4533.33 -0.99904 30.1802 13.7641 -4548.74
(1,(2,3),((4,6),5)); -4541.62 -1.92741 30.1336 13.0129 -4556.81
(1,2,(3,(4,(5,6)))); -4531.81 -0.99904 31.8311 13.415 -4549.23
(1,2,(3,(4,(5,6)))); -4533.95 -0.99904 29.8588 13.8769 -4548.93
(1,2,(3,((4,6),5))); -4534.16 -1.68501 29.9869 13.7831 -4548.68
(1,2,(3,((4,6),5))); -4534.8 -1.68501 28.7471 13.1293 -4548.73
(1,2,(3,(4,(5,6)))); -4532.5 -0.99904 31.5156 13.7761 -4549.24
(1,2,(3,(4,(5,6)))); -4533.64 -0.99904 30.3531 13.619 -4549.37
(1,(2,3),(4,(5,6))); -4536.53 -1.24145 30.5929 13.5254 -4552.36
(1,(2,3),(4,(5,6))); -4536.32 -1.24145 30.8449 13.5278 -4552.4
(1,2,(3,(4,(5,6)))); -4540.51 -0.99904 23.8292 13.8323 -4549.51
(1,2,(3,((4,6),5))); -4532.42 -1.68501 31.416 13.6537 -4548.5
(1,2,(3,((4,6),5))); -4532.9 -1.68501 30.4488 13.338 -4548.33
(1,2,(3,((4,6),5))); -4536.69 -1.68501 28.2153 14.0035 -4549.22
(1,(2,3),(4,(5,6))); -4536.29 -1.24145 30.6618 13.4691 -4552.25
(1,(2,3),(4,(5,6))); -4539.07 -1.24145 27.5575 13.4274 -4551.96
(1,2,(3,(4,(5,6)))); -4535.65 -0.99904 27.7394 13.7777 -4548.62
(1,(2,3),(4,(5,6))); -4537.77 -1.24145 28.8951 13.1336 -4552.29
(1,(2,3),(4,(5,6))); -4537.37 -1.24145 29.2755 13.0158 -4552.39
(1,(2,3),(4,(5,6))); -4535.82 -1.24145 31.1928 13.5317 -4552.24
(1,2,(3,((4,6),5))); -4532.35 -1.68501 31.0431 13.2804 -4548.43
(1,(2,3),(4,(5,6))); -4540.22 -1.24145 26.8913 13.6711 -4552.2
(1,(2,3),(4,(5,6))); -4535.6 -1.24145 31.004 13.2401 -4552.13
(1,2,(3,((4,6),5))); -4540.75 -1.68501 23.8384 13.8266 -4549.08
(1,2,(3,(4,(5,6)))); -4533.2 -0.99904 31.0015 13.9197 -4549.28
(1,2,(3,(4,(5,6)))); -4534.53 -0.99904 29.2803 13.6242 -4549.19
(1,2,(3,(4,(5,6)))); -4535.12 -0.99904 28.6137 13.6453 -4549.09
(1,2,(3,(4,(5,6)))); -4532.64 -0.99904 31.1288 13.6818 -4549.09
(1,(2,3),(4,(5,6))); -4536.05 -1.24145 30.8353 13.5585 -4552.09
(1,2,(3,((4,6),5))); -4534.19 -1.68501 29.858 13.5413 -4548.82
(1,(2,(4,(5,6))),3); -4535.95 -4.90183 31.4684 13.3665 -4549.15
(1,(2,3),(4,(5,6))); -4537.76 -1.24145 28.6333 13.1676 -4551.99
(1,(2,3),(4,(5,6))); -4537.09 -1.24145 30.4236 13.6649 -4552.61
(1,(2,3),(4,(5,6))); -4542.97 -1.24145 23.6134 13.3576 -4551.99
(1,2,(3,((4,6),5))); -4533.82 -1.68501 29.5064 13.3058 -4548.34
(1,2,(3,(4,(5,6)))); -4534.25 -0.99904 29.7724 13.5754 -4549.44
(1,(2,3),(4,(5,6))); -4539.73 -1.24145 27.1316 13.8324 -4551.79
(1,2,(3,(4,(5,6)))); -4533.19 -0.99904 30.5883 13.6598 -4549.12
(1,(2,3),((4,6),5)); -4544.39 -1.92741 27.3703 13.1798 -4556.65
(1,(2,3),(4,(5,6))); -4537.99 -1.24145 29.3172 13.8413 -4552.22
(1,(2,3),(4,(5,6))); -4535.41 -1.24145 31.4969 13.3967 -4552.27
(1,(2,3),(4,(5,6))); -4539.64 -1.24145 27.0843 13.2095 -4552.27
(1,(2,3),(4,(5,6))); -4538.64 -1.24145 29.0653 14.1502 -4552.31
(1,(2,3),(4,(5,6))); -4544.58 -1.24145 22.6958 13.5345 -4552.5
(1,(2,3),(4,(5,6))); -4536.27 -1.24145 31.2263 13.7923 -4552.46
(1,2,(3,((4,6),5))); -4538.91 -1.68501 25.5032 13.8277 -4548.9
(1,2,(3,(4,(5,6)))); -4534 -0.99904 30.2041 13.5286 -4549.67
(1,(2,3),((4,6),5)); -4540.54 -1.92741 31.7389 13.6558 -4556.69
(1,(2,3),(4,(5,6))); -4535.66 -1.24145 31.6595 13.8263 -4552.26
(1,2,(3,(4,(5,6)))); -4534.54 -0.99904 29.0817 13.8608 -4548.76
(1,2,(3,(4,(5,6)))); -4531.53 -0.99904 31.4761 13.2827 -4548.73
(1,(2,3),(4,(5,6))); -4540.1 -1.24145 27.2225 13.4411 -4552.64
(1,2,(3,(4,(5,6)))); -4536.95 -0.99904 26.344 13.4117 -4548.88
(1,(2,3),(4,(5,6))); -4537.84 -1.24145 29.9213 14.1825 -4552.34
(1,(2,((4,6),5)),3); -4540.55 -5.5878 29.4585 13.0561 -4551.36
(1,(2,3),(4,(5,6))); -4540.23 -1.24145 27.996 14.0214 -4552.96
(1,(2,3),(4,(5,6))); -4539.66 -1.24145 27.5033 13.5007 -4552.42
(1,2,(3,(4,(5,6)))); -4535.57 -0.99904 28.2664 13.733 -4549.11
(1,2,(3,(4,(5,6)))); -4533.01 -0.99904 31.1198 13.75 -4549.38
(1,2,(3,((4,6),5))); -4534.39 -1.68501 29.7461 13.6329 -4548.82
(1,2,(3,(4,(5,6)))); -4534.46 -0.99904 29.0267 13.2817 -4549.21
(1,2,(3,(4,(5,6)))); -4533.65 -0.99904 30.6853 13.9201 -4549.42
(1,2,(3,((4,6),5))); -4533.9 -1.68501 30.1188 13.6489 -4548.68
(1,2,(3,(4,(5,6)))); -4534.67 -0.99904 29.307 13.462 -4549.51
(1,2,(3,(4,(5,6)))); -4535.09 -0.99904 28.3069 13.5698 -4548.83
(1,2,(3,(4,(5,6)))); -4531.86 -0.99904 31.314 13.3391 -4548.83
(1,2,(3,((4,6),5))); -4532.33 -1.68501 31.8832 13.7392 -4548.79
(1,2,(3,((4,6),5))); -4532.51 -1.68501 31.0949 13.3849 -4548.53
(1,(2,3),(4,(5,6))); -4544.21 -1.24145 22.5403 13.1258 -4552.38
(1,2,(3,((4,6),5))); -4533.84 -1.68501 30.4641 13.8477 -4548.77
(1,2,(3,(4,(5,6)))); -4533.97 -0.99904 29.285 13.2638 -4548.99
(1,(2,3),(4,(5,6))); -4537.06 -1.24145 29.6092 13.3796 -4552.04
(1,2,(3,((4,6),5))); -4535.17 -1.68501 28.4833 13.591 -4548.37
(1,2,(3,(4,(5,6)))); -4536.32 -0.99904 27.0019 13.2441 -4549.08
(1,2,(3,(4,(5,6)))); -4537.53 -0.99904 26.6303 13.9065 -4549.25
(1,(2,3),((4,6),5)); -4541.71 -1.92741 30.7121 13.6848 -4556.81
(1,(2,3),(4,(5,6))); -4539.35 -1.24145 27.9618 13.3377 -4552.73
(1,(2,3),((4,6),5)); -4543.9 -1.92741 28.8051 14.0283 -4556.75
(1,2,(3,(4,(5,6)))); -4535.47 -0.99904 28.2536 13.4523 -4549.27
(1,2,(3,(4,(5,6)))); -4531.4 -0.99904 32.611 13.7295 -4549.29
(1,2,(3,(4,(5,6)))); -4531.92 -0.99904 31.3777 13.5516 -4548.75
(1,2,(3,(4,(5,6)))); -4537 -0.99904 25.8132 13.1544 -4548.66
(1,2,(3,(4,(5,6)))); -4532.49 -0.99904 30.6974 13.5297 -4548.66
(1,(2,3),(4,(5,6))); -4540.84 -1.24145 27.3974 14.002 -4552.99
(1,2,(3,(4,(5,6)))); -4533.2 -0.99904 30.2695 13.3468 -4549.12
(1,(2,3),(4,(5,6))); -4538.95 -1.24145 28.8775 14.0855 -4552.5
(1,2,(3,(4,(5,6)))); -4533.72 -0.99904 29.7793 13.8034 -4548.7
(1,(2,3),(4,(5,6))); -4536.32 -1.24145 30.5228 13.4999 -4552.1
(1,(2,3),((4,6),5)); -4540.99 -1.92741 31.1512 13.4785 -4556.73
(1,(2,3),(4,(5,6))); -4537.55 -1.24145 29.9005 13.8634 -4552.34
(1,(2,3),((4,6),5)); -4543.8 -1.92741 28.2261 13.6914 -4556.41
(1,2,(3,(4,(5,6)))); -4532.81 -0.99904 30.5501 13.6954 -4548.66
(1,2,(3,((4,6),5))); -4534.52 -1.68501 28.7568 13.1763 -4548.42
(1,2,(3,(4,(5,6)))); -4533.42 -0.99904 29.6918 13.2501 -4548.86
(1,(2,3),((4,6),5)); -4541.22 -1.92741 31.0186 13.2892 -4557.02
(1,2,(3,(4,(5,6)))); -4535.06 -0.99904 29.406 13.7026 -4549.76
(1,2,(3,(4,(5,6)))); -4531.55 -0.99904 31.8617 13.5238 -4548.88
(1,2,(3,((4,6),5))); -4534.22 -1.68501 30.0579 13.9103 -4548.68
(1,2,(3,((4,6),5))); -4537.11 -1.68501 26.6937 13.6495 -4548.47
(1,(2,3),((4,6),5)); -4545.1 -1.92741 27.7143 13.6699 -4557.21
(1,2,(3,(4,(5,6)))); -4534.09 -0.99904 28.6155 13.2065 -4548.5
(1,(2,3),((4,6),5)); -4547.12 -1.92741 24.5936 13.1059 -4556.68
(1,(2,3),(4,(5,6))); -4537.91 -1.24145 29.2084 13.2418 -4552.63
(1,2,(3,((4,6),5))); -4537.76 -1.68501 25.7034 13.3771 -4548.4
(1,(2,3),(4,(5,6))); -4535.43 -1.24145 31.301 13.1577 -4552.33
(1,(2,3),((4,6),5)); -4542.34 -1.92741 29.1838 13.2436 -4556.35
(1,(2,3),(4,(5,6))); -4537.96 -1.24145 29.3252 13.6436 -4552.4
(1,2,(3,(4,(5,6)))); -4532.95 -0.99904 30.8954 13.5671 -4549.28
(1,2,(3,(4,(5,6)))); -4537.78 -0.99904 25.2971 13.3245 -4548.75
(1,2,(3,((4,6),5))); -4535.16 -1.68501 28.556 13.7979 -4548.23
(1,(2,3),(4,(5,6))); -4537.6 -1.24145 28.9285 13.2802 -4552.01
(1,(2,3),(4,(5,6))); -4536.1 -1.24145 30.9686 13.5975 -4552.23
(1,2,(3,(4,(5,6)))); -4533.35 -0.99904 29.7078 13.3036 -4548.75
(1,(2,3),(4,(5,6))); -4537.9 -1.24145 28.283 13.1092 -4551.83
(1,(2,3),((4,6),5)); -4542.68 -1.92741 29.9768 13.8281 -4556.9
(1,2,(3,(4,(5,6)))); -4533.03 -0.99904 30.0241 13.3164 -4548.74
(1,2,(3,(4,(5,6)))); -4533.22 -0.99904 31.007 13.9456 -4549.28
(1,2,(3,(4,(5,6)))); -4532.33 -0.99904 31.6034 13.7703 -4549.16
(1,(2,3),(4,(5,6))); -4537.16 -1.24145 29.8968 13.6101 -4552.21
(1,(2,3),(4,(5,6))); -4543.09 -1.24145 22.9863 12.8643 -4551.97
(1,(2,3),(4,(5,6))); -4539.53 -1.24145 27.9879 13.7611 -4552.52
(1,2,(3,(4,(5,6)))); -4535.26 -0.99904 27.716 13.4106 -4548.57
(1,(2,3),(4,(5,6))); -4536.75 -1.24145 30.6029 13.7016 -4552.41
(1,2,(3,(4,(5,6)))); -4534.18 -0.99904 29.4225 13.276 -4549.33
(1,2,(3,(4,(5,6)))); -4535.35 -0.99904 27.9101 13.4416 -4548.82
(1,2,(3,(4,(5,6)))); -4532.72 -0.99904 30.8407 13.5914 -4548.97
(1,2,(3,(4,(5,6)))); -4533.41 -0.99904 30.1123 13.2714 -4549.25
(1,2,(3,(4,(5,6)))); -4534.76 -0.99904 28.8565 13.4327 -4549.19
(1,2,(3,(4,(5,6)))); -4532.18 -0.99904 31.5949 13.6623 -4549.11
(1,2,(3,(4,(5,6)))); -4536.68 -0.99904 27.0668 13.3582 -4549.39
(1,(2,3),((4,6),5)); -4544.13 -1.92741 28.6305 13.7957 -4557.04
(1,(2,3),(4,(5,6))); -4545.42 -1.24145 20.9012 12.8843 -4552.19
(1,2,(3,(4,(5,6)))); -4535.29 -0.99904 28.5292 13.4758 -4549.34
(1,2,(3,((4,6),5))); -4535.39 -1.68501 28.9065 13.7696 -4548.84
(1,2,(3,((4,6),5))); -4533.48 -1.68501 29.9914 13.5906 -4548.2
(1,(2,3),(4,(5,6))); -4536.55 -1.24145 29.6561 13.1729 -4551.79
(1,2,(3,(4,(5,6)))); -4531.64 -0.99904 32.3571 13.7351 -4549.26
(1,(2,3),(4,(5,6))); -4538.44 -1.24145 28.1133 13.0826 -4552.22
(1,2,(3,(4,(5,6)))); -4531.23 -0.99904 32.1668 13.6099 -4548.79
(1,(2,3),((4,6),5)); -4543.36 -1.92741 28.8649 13.4203 -4556.87
(1,(2,3),((4,6),5)); -4547.57 -1.92741 25.3993 13.7904 -4557.25
(1,2,(3,(4,(5,6)))); -4535.95 -0.99904 27.6223 13.7991 -4548.78
(1,2,(3,((4,6),5))); -4532.2 -1.68501 31.2865 13.4859 -4548.31
(1,2,(3,((4,6),5))); -4532.97 -1.68501 30.9598 13.6481 -4548.6
(1,2,(3,(4,(5,6)))); -4537.89 -0.99904 25.4353 13.2971 -4549.03
(1,(2,3),(4,(5,6))); -4539.05 -1.24145 27.2023 13.1374 -4551.87
(1,2,(3,(4,(5,6)))); -4536.88 -0.99904 26.0709 13.4646 -4548.49
(1,(2,3),(4,(5,6))); -4536.88 -1.24145 30.6204 13.768 -4552.49
(1,2,(3,(4,(5,6)))); -4534.71 -0.99904 28.4012 13.3383 -4548.77
(1,(2,3),(4,(5,6))); -4537.38 -1.24145 29.4963 13.5028 -4552.13
(1,2,(3,((4,6),5))); -4536.91 -1.68501 26.852 13.8645 -4548.21
(1,(2,3),(4,(5,6))); -4540.24 -1.24145 27.4929 13.97 -4552.53
(1,2,(3,(4,(5,6)))); -4533.7 -0.99904 29.8451 13.4028 -4549.14
(1,(2,3),((4,6),5)); -4542.59 -1.92741 29.357 13.3948 -4556.63
(1,(2,3),(4,(5,6))); -4544.61 -1.24145 22.3013 13.2366 -4552.44
(1,2,(3,(4,(5,6)))); -4532.78 -0.99904 30.5964 13.3058 -4549.07
(1,2,(3,(4,(5,6)))); -4533.74 -0.99904 30.6329 13.9618 -4549.41
(1,(2,3),(4,(5,6))); -4541.84 -1.24145 25.7034 13.9175 -4552.39
(1,2,(3,((4,6),5))); -4535.03 -1.68501 28.9168 13.6084 -4548.66
(1,(2,3),(4,(5,6))); -4537.04 -1.24145 29.682 13.5416 -4551.94
(1,2,(3,(4,(5,6)))); -4535.25 -0.99904 27.85 13.2334 -4548.87
(1,2,(3,((4,6),5))); -4534.65 -1.68501 29.7203 13.9005 -4548.79
(1,2,(3,((4,6),5))); -4532.39 -1.68501 30.8031 13.1936 -4548.32
(1,2,(3,((4,6),5))); -4534.79 -1.68501 29.4472 13.5399 -4549.01
(1,(2,3),(4,(5,6))); -4534.66 -1.24145 32.0921 13.4075 -4552.1
(1,(2,3),(4,(5,6))); -4538.83 -1.24145 29.0683 13.8578 -4552.8
(1,2,(3,(4,(5,6)))); -4532.65 -0.99904 30.9487 13.7389 -4548.87
(1,2,(3,(4,(5,6)))); -4533.41 -0.99904 30.9266 13.9819 -4549.36
(1,(2,3),(4,(5,6))); -4537.56 -1.24145 28.9945 13.1545 -4552.16
(1,2,(3,(4,(5,6)))); -4533.08 -0.99904 30.421 13.6544 -4548.85
(1,(2,3),((4,6),5)); -4543.79 -1.92741 28.1273 13.3641 -4556.62
(1,(2,3),((4,6),5)); -4541.59 -1.92741 30.5178 13.4114 -4556.76
(1,(2,3),(4,(5,6))); -4536.57 -1.24145 30.7101 13.6647 -4552.38
(1,(2,3),((4,6),5)); -4539.99 -1.92741 32.3702 13.5669 -4556.87
(1,2,(3,(4,(5,6)))); -4534.67 -0.99904 28.8817 13.6155 -4548.94
(1,2,(3,(4,(5,6)))); -4535.54 -0.99904 27.7301 13.264 -4549
(1,2,(3,(4,(5,6)))); -4533.99 -0.99904 29.8683 13.7876 -4549.07
(1,2,(3,(4,(5,6)))); -4538.1 -0.99904 25.729 13.5844 -4549.25
(1,(2,3),((4,6),5)); -4545.7 -1.92741 27.252 13.9061 -4557.11
(1,2,(3,(4,(5,6)))); -4534.88 -0.99904 28.4426 13.3911 -4548.94
(1,2,(3,(4,(5,6)))); -4536.14 -0.99904 27.425 13.4612 -4549.1
(1,(2,3),(4,(5,6))); -4536.12 -1.24145 30.8333 13.6526 -4552.06
(1,2,(3,(4,(5,6)))); -4532.69 -0.99904 30.7297 13.6006 -4548.82
(1,2,(3,((4,6),5))); -4533.32 -1.68501 30.4101 13.51 -4548.54
(1,2,(3,(4,(5,6)))); -4533.43 -0.99904 30.0956 13.2559 -4549.27
(1,2,(3,((4,6),5))); -4535.1 -1.68501 28.9115 13.6854 -4548.64
(1,2,(3,(4,(5,6)))); -4533.23 -0.99904 30.4461 13.759 -4548.92
(1,(2,((4,6),5)),3); -4539.16 -5.5878 30.6132 13.3342 -4550.85
(1,2,(3,(4,(5,6)))); -4537.33 -0.99904 26.4143 14.041 -4548.71
(1,(2,3),((4,6),5)); -4542.13 -1.92741 30.1193 13.7995 -4556.52
(1,2,(3,((4,6),5))); -4536 -1.68501 27.7806 13.3266 -4548.77
(1,(2,3),(4,(5,6))); -4536.68 -1.24145 30.6751 13.8419 -4552.27
(1,(2,3),((4,6),5)); -4541.6 -1.92741 30.7084 13.4809 -4556.9
(1,2,(3,(4,(5,6)))); -4533.5 -0.99904 29.3582 13.209 -4548.65
(1,(2,((4,6),5)),3); -4538.97 -5.5878 31.0725 13.4292 -4551.03
(1,2,(3,((4,6),5))); -4538.18 -1.68501 26.248 13.8919 -4548.85
(1,(2,3),(4,(5,6))); -4537.46 -1.24145 29.8374 13.4783 -4552.58
(1,(2,3),(4,(5,6))); -4540.23 -1.24145 27.3315 13.5068 -4552.81
(1,2,(3,(4,(5,6)))); -4537.32 -0.99904 25.7148 13.338 -4548.7
(1,2,(3,((4,6),5))); -4534.23 -1.68501 28.9158 13.2341 -4548.23
(1,(2,3),(4,(5,6))); -4536.7 -1.24145 30.8716 13.8437 -4552.48
(1,2,(3,(4,(5,6)))); -4534.73 -0.99904 29.4101 13.7565 -4549.39
(1,2,(3,(4,(5,6)))); -4540.56 -0.99904 23.2071 13.9793 -4548.79
(1,(2,3),((4,6),5)); -4542.86 -1.92741 29.1851 13.0973 -4557.02
(1,(2,3),(4,(5,6))); -4535.08 -1.24145 31.8374 13.4603 -4552.21
(1,2,(3,((4,6),5))); -4533.75 -1.68501 30.4304 13.7076 -4548.79
(1,(2,3),(4,(5,6))); -4535.66 -1.24145 30.8154 13.2594 -4551.97
(1,(2,3),(4,(5,6))); -4540.63 -1.24145 26.2139 13.3624 -4552.24
(1,2,(3,((4,6),5))); -4533.48 -1.68501 30.6422 13.6735 -4548.76
(1,(2,3),(4,(5,6))); -4537.97 -1.24145 28.9089 13.5942 -4552.04
(1,(2,3),((4,6),5)); -4541.58 -1.92741 31.0164 13.4684 -4557.2
(1,2,(3,((4,6),5))); -4531.37 -1.68501 32.596 13.6525 -4548.63
(1,2,(3,(4,(5,6)))); -4533.48 -0.99904 30.2536 13.7194 -4549.01
(1,2,(3,(4,(5,6)))); -4533.93 -0.99904 30.2655 13.9504 -4549.25
(1,2,(3,(4,(5,6)))); -4533.76 -0.99904 30.6527 13.9335 -4549.48
(1,2,(3,(4,(5,6)))); -4532.39 -0.99904 31.1118 13.2845 -4549.22
(1,2,(3,(4,(5,6)))); -4535.42 -0.99904 28.9811 13.9333 -4549.47
(1,(2,3),((4,6),5)); -4540.53 -1.92741 31.3064 13.587 -4556.32
(1,2,(3,((4,6),5))); -4537.26 -1.68501 25.9719 13.1326 -4548.41
(1,(2,3),((4,6),5)); -4542.83 -1.92741 28.6289 13.2056 -4556.33
(1,2,(3,(4,(5,6)))); -4534.58 -0.99904 29.4335 13.9155 -4549.1
(1,2,(3,((4,6),5))); -4534.52 -1.68501 29.5514 13.5024 -4548.89
(1,(2,3),((4,6),5)); -4542.62 -1.92741 30.0842 13.7412 -4557.03
(1,2,(3,(4,(5,6)))); -4534.91 -0.99904 29.4191 13.8098 -4549.52
(1,(2,3),(4,(5,6))); -4536.98 -1.24145 30.7397 13.8036 -4552.68
(1,2,(3,(4,(5,6)))); -4531.63 -0.99904 31.6515 13.3387 -4548.94
(1,(2,3),(4,(5,6))); -4536.04 -1.24145 31.5954 14.0249 -4552.37
(1,2,(3,(4,(5,6)))); -4535.29 -0.99904 28.8942 14.0308 -4549.15
(1,2,(3,((4,6),5))); -4533.6 -1.68501 29.4943 13.3371 -4548.07
(1,2,(3,(4,(5,6)))); -4536.27 -0.99904 27.9808 13.8868 -4549.37
(1,(2,3),((4,6),5)); -4541.66 -1.92741 30.1571 13.3377 -4556.56
(1,2,(3,(4,(5,6)))); -4535.62 -0.99904 27.6425 13.6691 -4548.59
(1,(2,3),((4,6),5)); -4544.65 -1.92741 27.4626 13.6504 -4556.54
(1,(2,3),(4,(5,6))); -4538.13 -1.24145 28.2712 13.2034 -4551.95
(1,(2,3),((4,6),5)); -4550.31 -1.92741 23.0297 13.8732 -4557.54
(1,2,(3,((4,6),5))); -4538.13 -1.68501 26.0407 13.7116 -4548.78
(1,(2,3),(4,(5,6))); -4538.97 -1.24145 28.09 13.5269 -4552.3
(1,2,(3,(4,(5,6)))); -4532.85 -0.99904 30.4067 13.1855 -4549.07
(1,2,(3,(4,(5,6)))); -4533.4 -0.99904 30.068 13.4887 -4548.98
(1,2,(3,((4,6),5))); -4538.98 -1.68501 24.7446 13.2415 -4548.8
(1,(2,3),(4,(5,6))); -4538.64 -1.24145 28.9098 13.4815 -4552.83
(1,2,(3,(4,(5,6)))); -4533.41 -0.99904 30.2258 13.6663 -4548.97
(1,(2,3),(4,(5,6))); -4536.85 -1.24145 30.4036 13.5429 -4552.47
(1,(2,3),(4,(5,6))); -4540.11 -1.24145 26.7899 13.6401 -4552.01
(1,2,(3,(4,(5,6)))); -4535.39 -0.99904 27.8381 13.1468 -4549.08
(1,(2,3),((4,6),5)); -4542.56 -1.92741 29.4838 13.5057 -4556.61
(1,2,(3,((4,6),5))); -4534.97 -1.68501 28.8372 13.5438 -4548.58
(1,(2,3),(4,(5,6))); -4536.56 -1.24145 30.5795 13.6514 -4552.25
(1,(2,3),(4,(5,6))); -4536.16 -1.24145 30.9315 13.3638 -4552.48
(1,2,(3,((4,6),5))); -4534.08 -1.68501 29.873 13.7001 -4548.57
(1,2,(3,(4,(5,6)))); -4532.79 -0.99904 30.7279 13.332 -4549.18
(1,2,(3,(4,(5,6)))); -4535.87 -0.99904 28.1422 13.946 -4549.07
(1,(2,3),(4,(5,6))); -4538.21 -1.24145 29.203 13.4809 -4552.69
(1,(2,3),((4,6),5)); -4544.83 -1.92741 26.9207 13.0833 -4556.74
(1,2,(3,(4,(5,6)))); -4534.53 -0.99904 29.275 13.3888 -4549.42
(1,2,(3,(4,(5,6)))); -4536.5 -0.99904 27.5657 13.9534 -4549.11
(1,(2,3),(4,(5,6))); -4534.95 -1.24145 32.4729 13.6711 -4552.51
(1,(2,3),(4,(5,6))); -4538.52 -1.24145 29.2403 13.8587 -4552.66
(1,2,(3,(4,(5,6)))); -4536.89 -0.99904 27.2997 13.8507 -4549.34
(1,2,(3,(4,(5,6)))); -4532.81 -0.99904 30.9069 13.4765 -4549.24
(1,(2,3),(4,(5,6))); -4540.3 -1.24145 26.7829 13.4085 -4552.43
(1,2,(3,(4,(5,6)))); -4532.48 -0.99904 31.2332 13.3802 -4549.33
(1,(2,3),((4,6),5)); -4543.06 -1.92741 29.8045 13.4596 -4557.47
(1,2,(3,(4,(5,6)))); -4536.14 -0.99904 27.0038 13.178 -4548.97
(1,2,(3,(4,(5,6)))); -4534.77 -0.99904 29.7808 13.876 -4549.68
(1,(2,3),((4,6),5)); -4540.52 -1.92741 31.6732 13.5258 -4556.74
(1,(2,3),(4,(5,6))); -4534.95 -1.24145 31.6308 13.1745 -4552.16
(1,(2,3),((4,6),5)); -4540.49 -1.92741 31.9964 13.8608 -4556.7
(1,2,(3,(4,(5,6)))); -4531.06 -0.99904 32.494 13.5202 -4549.04
(1,2,(3,(4,(5,6)))); -4535.6 -0.99904 28.1492 13.2305 -4549.52
(1,(2,3),((4,6),5)); -4543.11 -1.92741 29.4844 13.9667 -4556.7
(1,2,(3,(4,(5,6)))); -4532.55 -0.99904 31.369 13.9217 -4549
(1,(2,3),((4,6),5)); -4542.81 -1.92741 29.5353 13.4605 -4556.95
(1,2,(3,((4,6),5))); -4533.86 -1.68501 29.9996 13.4617 -4548.71
(1,(2,3),((4,6),5)); -4545.83 -1.92741 26.208 13.4547 -4556.65
(1,2,(3,((4,6),5))); -4536.09 -1.68501 27.6841 13.2474 -4548.84
(1,2,(3,(4,(5,6)))); -4536.09 -0.99904 27.9091 13.5346 -4549.47
(1,2,(3,(4,(5,6)))); -4535.4 -0.99904 27.6998 13.0425 -4549.06
(1,2,(3,(4,(5,6)))); -4537.78 -0.99904 26.0374 13.5281 -4549.29
(1,2,(3,(4,(5,6)))); -4532.98 -0.99904 31.3532 14.0094 -4549.32
(1,(2,3),(4,(5,6))); -4537.4 -1.24145 29.8338 13.5703 -4552.42
(1,(2,3),(4,(5,6))); -4537.28 -1.24145 29.9373 13.5852 -4552.39
(1,2,(3,((4,6),5))); -4535.96 -1.68501 28.0018 13.885 -4548.39
(1,(2,3),((4,6),5)); -4544 -1.92741 27.4374 13.3014 -4556.2
(1,(2,3),(4,(5,6))); -4536.74 -1.24145 29.8246 13.4083 -4551.92
(1,(2,3),(4,(5,6))); -4536.31 -1.24145 31.3636 13.8565 -4552.57
(1,(2,3),((4,6),5)); -4546.14 -1.92741 26.6279 13.7508 -4557.09
(1,2,(3,((4,6),5))); -4533.21 -1.68501 31.0306 13.5583 -4549
(1,(2,3),(4,(5,6))); -4536.79 -1.24145 30.7826 13.7716 -4552.56
(1,2,(3,(4,(5,6)))); -4534.39 -0.99904 28.9213 13.5344 -4548.78
(1,2,(3,(4,(5,6)))); -4536.29 -0.99904 27.5149 13.7192 -4549.09
(1,2,(3,(4,(5,6)))); -4532.49 -0.99904 31.5139 13.6092 -4549.4
(1,2,(3,(4,(5,6)))); -4532.98 -0.99904 30.9979 13.6977 -4549.28
(1,(2,3),(4,(5,6))); -4537.73 -1.24145 29.3302 13.3113 -4552.51
(1,2,(3,((4,6),5))); -4535.74 -1.68501 27.4269 13.0294 -4548.46
(1,2,(3,(4,(5,6)))); -4534.41 -0.99904 29.8369 13.5534 -4549.69
(1,2,(3,(4,(5,6)))); -4532.1 -0.99904 31.3634 13.5177 -4548.94
(1,(2,3),((4,6),5)); -4541.14 -1.92741 31.2198 13.3562 -4557.08
(1,2,(3,((4,6),5))); -4536.69 -1.68501 26.1437 13.038 -4548.11
(1,(2,3),((4,6),5)); -4540.62 -1.92741 31.5397 13.1907 -4557.04
(1,2,(3,((4,6),5))); -4537.08 -1.68501 25.7467 12.9608 -4548.18
(1,2,(3,(4,(5,6)))); -4538.33 -0.99904 24.8066 13.0936 -4549.05
(1,2,(3,(4,(5,6)))); -4533.6 -0.99904 30.3 13.9199 -4548.98
(1,2,(3,(4,(5,6)))); -4534.39 -0.99904 28.9887 13.3839 -4548.99
(1,(2,3),(4,(5,6))); -4541.86 -1.24145 25.2602 13.8223 -4552.05
(1,2,(3,(4,(5,6)))); -4536.35 -0.99904 27.687 13.9587 -4549.08
(1,(2,3),((4,6),5)); -4544.53 -1.92741 27.6524 13.6435 -4556.61
(1,2,(3,(4,(5,6)))); -4537.63 -0.99904 25.5451 13.3508 -4548.83
(1,2,(3,(4,(5,6)))); -4533.19 -0.99904 30.9226 13.9588 -4549.16
(1,(2,3),(4,(5,6))); -4537.03 -1.24145 30.14 13.539 -4552.39
(1,2,(3,(4,(5,6)))); -4532.42 -0.99904 31.5764 13.8065 -4549.19
(1,(2,3),(4,(5,6))); -4538.66 -1.24145 28.6542 13.6452 -4552.42
(1,(2,3),(4,(5,6))); -4540.59 -1.24145 26.0616 12.8529 -4552.56
(1,(2,3),(4,(5,6))); -4537.06 -1.24145 29.7416 13.2472 -4552.31
(1,2,(3,(4,(5,6)))); -4540.5 -0.99904 23.2427 13.7073 -4549.04
(1,2,(3,(4,(5,6)))); -4536.93 -0.99904 26.1623 13.4511 -4548.64
(1,(2,3),((4,6),5)); -4541.85 -1.92741 30.3012 13.4647 -4556.76
(1,2,(3,(4,(5,6)))); -4533.3 -0.99904 30.9451 13.9937 -4549.26
(1,(2,3),((4,6),5)); -4544.6 -1.92741 27.6853 13.5225 -4556.84
(1,(2,3),(4,(5,6))); -4539.1 -1.24145 27.9565 13.6175 -4552.2
(1,2,(3,(4,(5,6)))); -4536.05 -0.99904 26.4294 12.9517 -4548.53
(1,(2,3),(4,(5,6))); -4535.73 -1.24145 31.6376 13.8954 -4552.23
(1,(2,3),(4,(5,6))); -4535.46 -1.24145 31.8848 13.8057 -4552.3
(1,2,(3,(4,(5,6)))); -4534.15 -0.99904 29.7401 13.7284 -4549.17
(1,(2,3),((4,6),5)); -4543.38 -1.92741 29.3063 13.5415 -4557.22
(1,(2,3),((4,6),5)); -4541.91 -1.92741 30.8866 13.9584 -4556.91
(1,(2,3),(4,(5,6))); -4537.45 -1.24145 29.0819 13.322 -4551.97
(1,2,(3,((4,6),5))); -4534.93 -1.68501 29.2761 13.9217 -4548.6
(1,2,(3,(4,(5,6)))); -4536.12 -0.99904 27.9473 13.8129 -4549.26
(1,2,(3,(4,(5,6)))); -4536.44 -0.99904 28.0459 13.9592 -4549.53
(1,2,(3,((4,6),5))); -4532.54 -1.68501 31.5042 13.5132 -4548.85
(1,2,(3,((4,6),5))); -4531.98 -1.68501 31.6094 13.5099 -4548.4
(1,2,(3,(4,(5,6)))); -4530.79 -0.99904 32.661 13.5393 -4548.91
(1,(2,3),(4,(5,6))); -4537.25 -1.24145 29.6617 13.5644 -4552.11
(1,(2,3),((4,6),5)); -4541.74 -1.92741 30.4205 13.3173 -4556.91
(1,(2,3),((4,6),5)); -4541.07 -1.92741 30.8835 13.1212 -4556.91
(1,(2,3),(4,(5,6))); -4540.99 -1.24145 25.8294 13.0864 -4552.49
(1,2,(3,(4,(5,6)))); -4536.48 -0.99904 27.4971 13.8639 -4549.12
(1,2,(3,(4,(5,6)))); -4533.34 -0.99904 30.8112 13.91 -4549.24
(1,(2,3),(4,(5,6))); -4536.98 -1.24145 29.993 13.7223 -4552.01
(1,2,(3,((4,6),5))); -4534.83 -1.68501 29.0221 13.5511 -4548.61
(1,2,(3,(4,(5,6)))); -4532.66 -0.99904 30.7804 13.5714 -4548.87
(1,2,(3,((4,6),5))); -4536.54 -1.68501 27.402 13.8054 -4548.45
(1,2,(3,((4,6),5))); -4535.5 -1.68501 27.9526 13.3262 -4548.44
(1,2,(3,(4,(5,6)))); -4532.61 -0.99904 30.2973 13.1332 -4548.77
(1,2,(3,((4,6),5))); -4532.77 -1.68501 30.6701 13.1538 -4548.6
(1,(2,3),(4,(5,6))); -4537.28 -1.24145 29.8021 13.4388 -4552.4
(1,2,(3,(4,(5,6)))); -4535.44 -0.99904 28.6749 13.9579 -4549.16
(1,2,(3,(4,(5,6)))); -4533.82 -0.99904 29.5935 13.6275 -4548.79
(1,2,(3,(4,(5,6)))); -4534.94 -0.99904 28.8023 13.3659 -4549.38
(1,(2,3),(4,(5,6))); -4534.87 -1.24145 31.8575 13.3805 -4552.11
(1,2,(3,(4,(5,6)))); -4534.96 -0.99904 28.5696 13.3807 -4549.15
(1,(2,3),(4,(5,6))); -4540.02 -1.24145 27.327 13.7896 -4552.32
(1,2,(3,((4,6),5))); -4532.26 -1.68501 31.2817 13.629 -4548.23
(1,2,(3,(4,(5,6)))); -4535.6 -0.99904 28.292 13.6583 -4549.23
(1,(2,3),(4,(5,6))); -4538.58 -1.24145 28.6944 13.7663 -4552.27
(1,2,(3,(4,(5,6)))); -4534.92 -0.99904 28.8782 13.4044 -4549.39
(1,2,(3,((4,6),5))); -4540.67 -1.68501 23.7194 13.445 -4549.26
(1,2,(3,((4,6),5))); -4532.78 -1.68501 31.1183 13.3395 -4548.87
(1,2,(3,((4,6),5))); -4533.63 -1.68501 30.459 13.7843 -4548.62
(1,2,(3,(4,(5,6)))); -4533.02 -0.99904 30.6112 13.2752 -4549.35
(1,2,(3,((4,6),5))); -4532.79 -1.68501 31.356 13.6398 -4548.82
(1,2,(3,(4,(5,6)))); -4537.55 -0.99904 26.0242 13.9148 -4548.66
(1,(2,3),((4,6),5)); -4544.19 -1.92741 28.0033 13.3595 -4556.9
(1,2,(3,(4,(5,6)))); -4539.71 -0.99904 24.1228 13.3608 -4549.48
(1,(2,3),((4,6),5)); -4543.46 -1.92741 27.9531 13.1301 -4556.36
(1,2,(3,(4,(5,6)))); -4533.88 -0.99904 29.2114 13.3857 -4548.71
(1,(2,3),(4,(5,6))); -4539.59 -1.24145 27.2791 13.1638 -4552.47
(1,(2,3),(4,(5,6))); -4541.78 -1.24145 24.4997 12.8633 -4552.17
(1,2,(3,((4,6),5))); -4536.77 -1.68501 26.9986 13.4228 -4548.66
(1,(2,3),((4,6),5)); -4543.36 -1.92741 28.5257 13.771 -4556.19
(1,2,(3,(4,(5,6)))); -4535.39 -0.99904 27.6718 13.1769 -4548.88
(1,2,(3,((4,6),5))); -4535.63 -1.68501 27.7113 13.4357 -4548.22
(1,2,(3,(4,(5,6)))); -4534.49 -0.99904 29.6086 13.8653 -4549.24
(1,2,(3,(4,(5,6)))); -4534.7 -0.99904 28.8062 13.2957 -4549.21
(1,2,(3,(4,(5,6)))); -4534.36 -0.99904 28.9314 13.6445 -4548.65
(1,2,(3,(4,(5,6)))); -4534.69 -0.99904 29.14 13.8361 -4549
(1,2,(3,((4,6),5))); -4537.03 -1.68501 26.8159 13.2699 -4548.89
(1,(2,((4,6),5)),3); -4540.9 -5.5878 29.3395 13.288 -4551.37
(1,2,(3,(4,(5,6)))); -4532 -0.99904 32.0655 13.788 -4549.28
(1,2,(3,(4,(5,6)))); -4534.57 -0.99904 28.809 13.5146 -4548.87
(1,2,(3,(4,(5,6)))); -4535.2 -0.99904 28.4819 13.4115 -4549.27
(1,(2,3),((4,6),5)); -4544.07 -1.92741 28.0997 13.4543 -4556.79
(1,2,(3,(4,(5,6)))); -4537.24 -0.99904 25.848 13.497 -4548.59
(1,2,(3,((4,6),5))); -4536.09 -1.68501 28.1863 13.801 -4548.79
(1,2,(3,(4,(5,6)))); -4533.26 -0.99904 30.7516 13.7558 -4549.25
(1,(2,3),((4,6),5)); -4543.59 -1.92741 28.5501 13.5029 -4556.71
(1,2,(3,((4,6),5))); -4534.46 -1.68501 29.4785 13.931 -4548.32
(1,2,(3,(4,(5,6)))); -4534.97 -0.99904 28.7897 13.7349 -4549.02
(1,(2,3),((4,6),5)); -4542.3 -1.92741 29.7184 13.2868 -4556.8
(1,2,(3,(4,(5,6)))); -4538.84 -0.99904 24.0386 13.4547 -4548.43
(1,2,(3,(4,(5,6)))); -4539.45 -0.99904 24.1024 13.2178 -4549.34
(1,2,(3,((4,6),5))); -4534.14 -1.68501 30.2954 13.7822 -4548.97
(1,2,(3,(4,(5,6)))); -4533.06 -0.99904 30.4022 13.4707 -4549
(1,2,(3,(4,(5,6)))); -4532.53 -0.99904 31.216 13.5987 -4549.15
(1,(2,3),(4,(5,6))); -4540.53 -1.24145 26.4552 13.69 -4552.05
(1,(2,3),(4,(5,6))); -4537.99 -1.24145 28.9466 13.3437 -4552.35
(1,2,(3,((4,6),5))); -4533.97 -1.68501 30.3395 13.8027 -4548.82
(1,(2,3),(4,(5,6))); -4538.29 -1.24145 28.8835 13.4942 -4552.44
(1,2,(3,(4,(5,6)))); -4533.66 -0.99904 29.5483 13.2856 -4548.93
(1,2,(3,(4,(5,6)))); -4532.06 -0.99904 31.4984 13.5529 -4549.01
(1,2,(3,(4,(5,6)))); -4533.21 -0.99904 30.484 13.4612 -4549.24
(1,(2,3),(4,(5,6))); -4540.14 -1.24145 27.1521 13.9391 -4552.11
(1,2,(3,(4,(5,6)))); -4534.29 -0.99904 29.858 13.8082 -4549.34
(1,2,(3,(4,(5,6)))); -4532.22 -0.99904 31.3269 13.3342 -4549.22
(1,2,(3,((4,6),5))); -4533.61 -1.68501 30.551 13.4544 -4549.02
(1,2,(3,(4,(5,6)))); -4534.02 -0.99904 29.9542 13.5162 -4549.46
(1,2,(3,(4,(5,6)))); -4537.3 -0.99904 26.2677 13.602 -4548.97
(1,(2,3),(4,(5,6))); -4536.53 -1.24145 30.3955 13.7545 -4551.93
(1,2,(3,(4,(5,6)))); -4533.88 -0.99904 28.9235 13.194 -4548.61
(1,2,(3,(4,(5,6)))); -4534.38 -0.99904 29.0616 13.3368 -4549.11
(1,(2,3),((4,6),5)); -4543.68 -1.92741 28.7337 13.8853 -4556.6
(1,(2,3),(4,(5,6))); -4534.83 -1.24145 31.9864 13.5316 -4552.05
(1,2,(3,(4,(5,6)))); -4533.16 -0.99904 30.7172 13.7745 -4549.1
(1,(2,3),(4,(5,6))); -4538.66 -1.24145 29.1878 13.8933 -4552.72
(1,(2,3),(4,(5,6))); -4536.85 -1.24145 30.6493 13.5023 -4552.76
(1,2,(3,(4,(5,6)))); -4531.75 -0.99904 31.9096 13.628 -4549.03
(1,(2,3),(4,(5,6))); -4539.16 -1.24145 27.8973 13.4015 -4552.41
(1,2,(3,(4,(5,6)))); -4539.73 -0.99904 24.7252 14.2562 -4549.2
(1,(2,3),(4,(5,6))); -4539.31 -1.24145 27.7853 13.3502 -4552.51
(1,(2,3),(4,(5,6))); -4536.3 -1.24145 31.0739 13.5824 -4552.55
(1,(2,3),((4,6),5)); -4541.76 -1.92741 29.9037 13.5046 -4556.24
(1,(2,3),(4,(5,6))); -4536.93 -1.24145 29.818 13.3147 -4552.2
(1,(2,3),(4,(5,6))); -4535.08 -1.24145 32.4302 13.897 -4552.37
(1,2,(3,(4,(5,6)))); -4531.85 -0.99904 31.7835 13.3381 -4549.29
(1,(2,3),((4,6),5)); -4547.15 -1.92741 23.9452 12.9689 -4556.2
(1,(2,3),(4,(5,6))); -4542.31 -1.24145 25.6788 13.9069 -4552.84
(1,2,(3,(4,(5,6)))); -4536.77 -0.99904 25.8419 12.7673 -4548.84
(1,2,(3,((4,6),5))); -4537.99 -1.68501 25.6927 13.5542 -4548.45
(1,(2,3),(4,(5,6))); -4537.33 -1.24145 30.2748 13.8556 -4552.51
(1,(2,3),((4,6),5)); -4541.65 -1.92741 30.8284 13.5946 -4556.96
(1,2,(3,((4,6),5))); -4533 -1.68501 30.551 13.3851 -4548.48
(1,(2,3),(4,(5,6))); -4535.49 -1.24145 31.0871 13.4832 -4551.86
(1,2,(3,(4,(5,6)))); -4532.7 -0.99904 30.8606 13.4119 -4549.15
(1,2,(3,(4,(5,6)))); -4532.47 -0.99904 31.1103 13.4364 -4549.15
(1,2,(3,(4,(5,6)))); -4533.14 -0.99904 30.769 13.6272 -4549.28
(1,(2,3),((4,6),5)); -4541.83 -1.92741 30.2526 13.7727 -4556.38
(1,2,(3,(4,(5,6)))); -4532.77 -0.99904 30.9041 13.5243 -4549.15
(1,2,(3,(4,(5,6)))); -4536.3 -0.99904 26.8896 13.2704 -4548.92
(1,(2,3),(4,(5,6))); -4537.27 -1.24145 29.6919 13.5031 -4552.21
(1,2,(3,(4,(5,6)))); -4536.18 -0.99904 26.922 13.5007 -4548.61
(1,2,(3,((4,6),5))); -4532.35 -1.68501 31.0735 13.5983 -4548.14
(1,(2,3),(4,(5,6))); -4541.04 -1.24145 26.5775 13.6012 -4552.77
(1,(2,3),(4,(5,6))); -4536.53 -1.24145 30.7556 13.7921 -4552.26
(1,2,(3,((4,6),5))); -4538.82 -1.68501 25.54 14.0679 -4548.6
(1,(2,3),(4,(5,6))); -4535.4 -1.24145 31.9658 13.7839 -4552.34
(1,2,(3,((4,6),5))); -4533.34 -1.68501 30.5423 13.4485 -4548.75
(1,2,(3,(4,(5,6)))); -4533.37 -0.99904 30.0732 13.5799 -4548.86
(1,(2,(4,(5,6))),3); -4537.58 -4.90183 29.3248 13.36 -4548.65
(1,2,(3,((4,6),5))); -4533.92 -1.68501 30.2318 13.7504 -4548.71
(1,(2,3),((4,6),5)); -4540.75 -1.92741 31.4736 13.5993 -4556.7
(1,2,(3,((4,6),5))); -4535.52 -1.68501 28.224 13.7873 -4548.27
(1,(2,3),(4,(5,6))); -4538.41 -1.24145 29.2972 13.8003 -4552.67
(1,2,(3,((4,6),5))); -4538.4 -1.68501 25.0491 13.0715 -4548.7
(1,(2,3),(4,(5,6))); -4544.09 -1.24145 23.1706 13.7863 -4552.23
(1,(2,3),(4,(5,6))); -4537.16 -1.24145 29.4949 13.1575 -4552.26
(1,2,(3,(4,(5,6)))); -4536.77 -0.99904 27.3851 13.9535 -4549.2
(1,2,(3,(4,(5,6)))); -4533.24 -0.99904 30.018 13.326 -4548.94
(1,2,(3,(4,(5,6)))); -4532.97 -0.99904 30.6138 13.7268 -4548.85
(1,2,(3,(4,(5,6)))); -4534.55 -0.99904 29.2742 13.7025 -4549.12
(1,(2,3),(4,(5,6))); -4535.75 -1.24145 31.9779 13.879 -4552.61
(1,2,(3,((4,6),5))); -4533.71 -1.68501 30.5818 13.5995 -4549.01
(1,(2,3),((4,6),5)); -4539.93 -1.92741 32.7795 13.6574 -4557.12
(1,(2,3),(4,(5,6))); -4538.4 -1.24145 28.6621 13.4161 -4552.41
(1,(2,3),(4,(5,6))); -4542.1 -1.24145 24.7061 13.7827 -4551.78
(1,2,(3,(4,(5,6)))); -4532.99 -0.99904 31.1298 13.8373 -4549.28
(1,2,(3,(4,(5,6)))); -4535.94 -0.99904 28.3332 13.8517 -4549.42
(1,(2,3),((4,6),5)); -4541.85 -1.92741 30.1327 13.4253 -4556.63
(1,2,(3,((4,6),5))); -4534.41 -1.68501 30.0102 13.6754 -4549.06
(1,2,(3,(4,(5,6)))); -4534.1 -0.99904 29.9106 13.6387 -4549.38
(1,(2,3),(4,(5,6))); -4539.21 -1.24145 27.7428 13.5871 -4552.12
(1,2,(3,((4,6),5))); -4537.39 -1.68501 26.1159 13.4597 -4548.36
(1,(2,3),(4,(5,6))); -4539.71 -1.24145 27.2492 13.1252 -4552.59
(1,2,(3,(4,(5,6)))); -4532.88 -0.99904 30.9313 13.9399 -4548.87
(1,2,(3,(4,(5,6)))); -4532.88 -0.99904 30.4078 13.5636 -4548.73
(1,(2,3),(4,(5,6))); -4536.57 -1.24145 30.4643 13.725 -4552.07
(1,(2,3),(4,(5,6))); -4537.88 -1.24145 28.6244 13.0993 -4552.16
(1,(2,3),((4,6),5)); -4543.46 -1.92741 29.4838 13.8019 -4557.22
(1,2,(3,((4,6),5))); -4535.27 -1.68501 28.3778 13.3546 -4548.61
(1,2,(3,(4,(5,6)))); -4531.81 -0.99904 32.0898 13.7828 -4549.11
(1,2,(3,(4,(5,6)))); -4532.72 -0.99904 31.4967 13.629 -4549.59
(1,2,(3,((4,6),5))); -4535.93 -1.68501 28.3735 13.6543 -4548.97
(1,(2,3),((4,6),5)); -4545.4 -1.92741 27.0796 13.3605 -4557.19
(1,2,(3,(4,(5,6)))); -4534.01 -0.99904 29.1325 13.3831 -4548.76
(1,2,(3,(4,(5,6)))); -4536.17 -0.99904 27.4548 13.1755 -4549.45
(1,(2,3),(4,(5,6))); -4537.03 -1.24145 30.054 13.6412 -4552.2
(1,2,(3,(4,(5,6)))); -4535.78 -0.99904 28.1999 14.0389 -4548.94
(1,(2,3),(4,(5,6))); -4537.44 -1.24145 29.6939 13.5388 -4552.35
(1,2,(3,(4,(5,6)))); -4537.25 -0.99904 26.2082 13.7069 -4548.75
(1,2,(3,(4,(5,6)))); -4532.96 -0.99904 30.172 13.4602 -4548.67
(1,2,(3,(4,(5,6)))); -4539.41 -0.99904 24.3939 13.7421 -4549.06
(1,(2,3),(4,(5,6))); -4540.08 -1.24145 26.612 13.2971 -4552.16
(1,2,(3,(4,(5,6)))); -4533.89 -0.99904 28.967 13.2695 -4548.59
(1,(2,3),(4,(5,6))); -4538.98 -1.24145 28.5335 13.8862 -4552.38
(1,2,(3,((4,6),5))); -4536.36 -1.68501 26.9445 13.0895 -4548.53
(1,2,(3,(4,(5,6)))); -4536.72 -0.99904 27.4057 13.8448 -4549.28
(1,(2,3),(4,(5,6))); -4535.16 -1.24145 31.5769 13.4277 -4552.07
(1,(2,3),((4,6),5)); -4540.52 -1.92741 31.2646 13.3541 -4556.5
(1,2,(3,((4,6),5))); -4534.21 -1.68501 29.4549 13.1294 -4548.85
(1,2,(3,((4,6),5))); -4533.38 -1.68501 30.1917 13.6887 -4548.2
(1,2,(3,(4,(5,6)))); -4533.32 -0.99904 30.9945 13.9928 -4549.32
(1,2,(3,((4,6),5))); -4538.45 -1.68501 25.6971 13.8146 -4548.65
(1,2,(3,(4,(5,6)))); -4536.24 -0.99904 27.5918 13.3925 -4549.44
(1,2,(3,((4,6),5))); -4537.69 -1.68501 25.9388 13.1786 -4548.76
(1,2,(3,((4,6),5))); -4536.69 -1.68501 28.0696 14.3029 -4548.77
(1,(2,3),(4,(5,6))); -4536.86 -1.24145 30.2965 13.9293 -4551.99
(1,2,(3,(4,(5,6)))); -4532.66 -0.99904 30.7229 13.4607 -4548.92
(1,2,(3,(4,(5,6)))); -4532.79 -0.99904 31.2984 13.7946 -4549.29
(1,(2,3),(4,(5,6))); -4538.01 -1.24145 29.6787 14.0429 -4552.4
(1,(2,3),(4,(5,6))); -4536.48 -1.24145 30.8905 13.6614 -4552.46
(1,2,(3,((4,6),5))); -4535.03 -1.68501 28.6246 13.2276 -4548.75
(1,(2,3),((4,6),5)); -4545.32 -1.92741 26.9611 13.1101 -4557.24
(1,2,(3,(4,(5,6)))); -4532.32 -0.99904 31.5261 13.9039 -4548.94
(1,(2,3),((4,6),5)); -4544.87 -1.92741 28.3049 13.8477 -4557.4
(1,2,(3,((4,6),5))); -4534.72 -1.68501 29.5972 13.7619 -4548.87
(1,(2,3),(4,(5,6))); -4537.01 -1.24145 30.7819 13.8174 -4552.73
(1,2,(3,(4,(5,6)))); -4532.68 -0.99904 30.7593 13.4592 -4548.98
(1,2,(3,((4,6),5))); -4532.49 -1.68501 31.0134 13.4188 -4548.4
(1,2,(3,(4,(5,6)))); -4535.02 -0.99904 27.8012 13.0812 -4548.74
(1,2,(3,((4,6),5))); -4535.44 -1.68501 28.6454 13.6231 -4548.78
(1,(2,3),(4,(5,6))); -4536.72 -1.24145 30.6329 13.7592 -4552.35
(1,2,(3,((4,6),5))); -4533.83 -1.68501 29.5867 13.5174 -4548.22
(1,2,(3,((4,6),5))); -4535.9 -1.68501 28.3356 13.6117 -4548.94
(1,2,(3,(4,(5,6)))); -4537.05 -0.99904 27.1631 13.7909 -4549.43
(1,(2,3),(4,(5,6))); -4541.56 -1.24145 25.404 13.4601 -4552.26
(1,2,(3,(4,(5,6)))); -4533.09 -0.99904 30.2693 13.2948 -4549.06
(1,2,(3,(4,(5,6)))); -4532.93 -0.99904 30.892 13.4015 -4549.42
(1,2,(3,(4,(5,6)))); -4532.65 -0.99904 30.1583 13.2224 -4548.59
(1,(2,3),(4,(5,6))); -4540.82 -1.24145 26.1116 13.4737 -4552.22
(1,2,(3,((4,6),5))); -4533.81 -1.68501 29.9731 13.3228 -4548.78
(1,(2,3),(4,(5,6))); -4541.84 -1.24145 24.7371 13.1919 -4552.14
(1,2,(3,((4,6),5))); -4532.7 -1.68501 31.1564 13.6248 -4548.55
(1,(2,3),(4,(5,6))); -4536.65 -1.24145 30.2057 13.2643 -4552.34
(1,(2,3),(4,(5,6))); -4535.95 -1.24145 30.8139 13.4689 -4552.05
(1,(2,3),(4,(5,6))); -4536.52 -1.24145 31.0393 13.8903 -4552.43
(1,2,(3,((4,6),5))); -4534.08 -1.68501 28.7569 13.0565 -4548.09
(1,(2,3),(4,(5,6))); -4537.07 -1.24145 29.3021 13.1927 -4551.94
(1,2,(3,(4,(5,6)))); -4533.64 -0.99904 29.3425 13.12 -4548.86
(1,(2,3),(4,(5,6))); -4536.03 -1.24145 31.1062 13.4176 -4552.48
(1,(2,3),((4,6),5)); -4544.43 -1.92741 27.2424 13.3535 -4556.39
(1,2,(3,(4,(5,6)))); -4535.07 -0.99904 28.3019 13.2005 -4549.17
(1,(2,3),(4,(5,6))); -4537.12 -1.24145 30.3392 13.5327 -4552.69
(1,2,(3,((4,6),5))); -4532.65 -1.68501 31.5435 13.7953 -4548.71
(1,(2,3),(4,(5,6))); -4537.71 -1.24145 28.7309 13.1297 -4552.07
(1,2,(3,(4,(5,6)))); -4535.16 -0.99904 28.7601 13.3837 -4549.54
(1,2,(3,(4,(5,6)))); -4533.71 -0.99904 30.165 13.7793 -4549.1
(1,2,(3,((4,6),5))); -4535.29 -1.68501 29.4899 13.7616 -4549.33
(1,(2,3),(4,(5,6))); -4535.39 -1.24145 31.796 13.6072 -4552.34
(1,(2,3),(4,(5,6))); -4539.96 -1.24145 27.8945 14.1492 -4552.46
(1,2,(3,(4,(5,6)))); -4534.29 -0.99904 29.147 13.6 -4548.84
(1,(2,3),(4,(5,6))); -4537.37 -1.24145 29.006 13.2625 -4551.87
(1,2,(3,((4,6),5))); -4536.04 -1.68501 27.7719 13.3991 -4548.73
(1,2,(3,(4,(5,6)))); -4534.86 -0.99904 28.6623 13.6303 -4548.9
(1,2,(3,(4,(5,6)))); -4534.65 -0.99904 29.5569 13.9454 -4549.26
(1,2,(3,(4,(5,6)))); -4531.27 -0.99904 32.3231 13.5309 -4549.06
(1,2,(3,(4,(5,6)))); -4533.81 -0.99904 29.9615 13.4721 -4549.3
(1,2,(3,(4,(5,6)))); -4536.25 -0.99904 26.7911 13.2212 -4548.82
(1,(2,3),(4,(5,6))); -4535.61 -1.24145 31.2733 13.4151 -4552.23
(1,2,(3,(4,(5,6)))); -4532.59 -0.99904 30.9219 13.4021 -4549.11
(1,2,(3,((4,6),5))); -4532.36 -1.68501 31.4277 13.4221 -4548.69
(1,(2,3),((4,6),5)); -4545.32 -1.92741 26.487 13.3299 -4556.55
(1,(2,3),(4,(5,6))); -4541.07 -1.24145 27.0695 14.2362 -4552.66
(1,(2,3),((4,6),5)); -4543.63 -1.92741 27.8964 13.3545 -4556.24
(1,(2,3),(4,(5,6))); -4538.05 -1.24145 29.2868 13.8097 -4552.28
(1,2,(3,(4,(5,6)))); -4539.02 -0.99904 24.1384 13.0664 -4549.1
(1,2,(3,(4,(5,6)))); -4538.66 -0.99904 25.6475 13.7178 -4549.59
(1,(2,3),(4,(5,6))); -4537.04 -1.24145 30.3956 13.6956 -4552.5
(1,(2,3),(4,(5,6))); -4537.33 -1.24145 29.9538 13.4532 -4552.59
(1,2,(3,(4,(5,6)))); -4538.39 -0.99904 24.8876 13.2702 -4549.01
(1,2,(3,(4,(5,6)))); -4534.7 -0.99904 29.1589 13.4502 -4549.41
(1,(2,3),(4,(5,6))); -4535.28 -1.24145 32.0563 13.7359 -4552.36
(1,2,(3,((4,6),5))); -4533.43 -1.68501 30.3343 13.7101 -4548.36
(1,(2,3),(4,(5,6))); -4540.88 -1.24145 26.2224 13.6483 -4552.22
(1,(2,3),(4,(5,6))); -4537.76 -1.24145 29.37 13.4619 -4552.43
(1,(2,3),(4,(5,6))); -4538.22 -1.24145 28.6914 13.2618 -4552.41
(1,2,(3,((4,6),5))); -4532.68 -1.68501 31.1229 13.5272 -4548.6
(1,2,(3,(4,(5,6)))); -4537.97 -0.99904 26.6937 14.3742 -4549.29
(1,2,(3,((4,6),5))); -4535.2 -1.68501 28.7027 13.4785 -4548.74
(1,2,(3,(4,(5,6)))); -4532.58 -0.99904 31.3444 13.7513 -4549.17
(1,(2,3),(4,(5,6))); -4539.28 -1.24145 27.802 13.7123 -4552.13
(1,2,(3,((4,6),5))); -4536.36 -1.68501 26.8078 13.0329 -4548.45
(1,2,(3,(4,(5,6)))); -4533.62 -0.99904 30.3309 13.3493 -4549.6
(1,(2,3),(4,(5,6))); -4535.55 -1.24145 31.5873 13.6845 -4552.21
(1,(2,3),(4,(5,6))); -4535.9 -1.24145 30.8652 13.4647 -4552.06
(1,(2,3),((4,6),5)); -4541.72 -1.92741 30.875 13.5953 -4557.07
(1,2,(3,((4,6),5))); -4532.74 -1.68501 31.305 13.5795 -4548.78
(1,(2,3),((4,6),5)); -4541.97 -1.92741 30.1459 13.6523 -4556.53
(1,2,(3,((4,6),5))); -4533.53 -1.68501 29.8192 13.396 -4548.27
(1,(2,3),(4,(5,6))); -4539.8 -1.24145 26.7289 13.208 -4552.08
(1,2,(3,(4,(5,6)))); -4536.89 -0.99904 27.245 13.8285 -4549.3
(1,(2,3),((4,6),5)); -4542.58 -1.92741 28.8834 13.3183 -4556.21
(1,(2,3),((4,6),5)); -4543.13 -1.92741 28.5928 13.044 -4556.75
(1,(2,3),((4,6),5)); -4543.68 -1.92741 29.1006 13.4914 -4557.36
(1,2,(3,(4,(5,6)))); -4537.85 -0.99904 25.0081 13.1099 -4548.75
(1,(2,3),(4,(5,6))); -4541.08 -1.24145 26.0703 13.8659 -4552.04
(1,2,(3,(4,(5,6)))); -4536.92 -0.99904 27.4746 14.1258 -4549.27
(1,(2,3),((4,6),5)); -4540.77 -1.92741 31.5184 13.7156 -4556.64
(1,(2,3),(4,(5,6))); -4536.99 -1.24145 30.1379 13.4174 -4552.47
(1,2,(3,(4,(5,6)))); -4532.67 -0.99904 30.594 13.6179 -4548.65
(1,2,(3,(4,(5,6)))); -4533.91 -0.99904 29.2827 13.2128 -4548.98
(1,(2,3),(4,(5,6))); -4536.25 -1.24145 30.6957 13.3038 -4552.41
(1,2,(3,(4,(5,6)))); -4534.51 -0.99904 29.157 13.5567 -4549.11
(1,(2,3),(4,(5,6))); -4535.05 -1.24145 32.1082 13.5262 -4552.39
(1,(2,3),((4,6),5)); -4544.66 -1.92741 28.3847 13.4562 -4557.66
(1,2,(3,(4,(5,6)))); -4532.52 -0.99904 30.8172 13.5271 -4548.81
(1,2,(3,((4,6),5))); -4539.65 -1.68501 24.5012 13.8241 -4548.64
(1,2,(3,((4,6),5))); -4537.72 -1.68501 25.5523 13.2246 -4548.37
(1,2,(3,(4,(5,6)))); -4535.93 -0.99904 27.5342 13.6113 -4548.85
(1,2,(3,(4,(5,6)))); -4534.11 -0.99904 29.6357 13.4247 -4549.32
(1,2,(3,(4,(5,6)))); -4538.73 -0.99904 25.1622 13.6345 -4549.25
(1,(2,3),((4,6),5)); -4541.42 -1.92741 30.3891 13.128 -4556.75
(1,2,(3,(4,(5,6)))); -4533.38 -0.99904 29.6472 13.2241 -4548.81
(1,(2,3),(4,(5,6))); -4538.3 -1.24145 29.1573 13.8915 -4552.32
(1,(2,3),(4,(5,6))); -4537.5 -1.24145 29.7414 13.7641 -4552.24
(1,(2,3),(4,(5,6))); -4540.77 -1.24145 26.8561 13.8189 -4552.57
(1,(2,3),((4,6),5)); -4542.28 -1.92741 30.6086 13.4348 -4557.52
(1,2,(3,(4,(5,6)))); -4533.05 -0.99904 30.9063 13.8025 -4549.15
(1,(2,3),(4,(5,6))); -4537.73 -1.24145 29.0943 13.5028 -4552.08
(1,2,(3,(4,(5,6)))); -4537.03 -0.99904 27.4279 14.1744 -4549.28
(1,(2,3),((4,6),5)); -4542.99 -1.92741 29.2216 13.5312 -4556.76
(1,(2,3),(4,(5,6))); -4537.26 -1.24145 29.3482 13.4018 -4551.96
(1,(2,3),(4,(5,6))); -4537.07 -1.24145 30.1035 13.8322 -4552.1
(1,2,(3,(4,(5,6)))); -4536.56 -0.99904 27.511 13.8053 -4549.27
(1,2,(3,(4,(5,6)))); -4532.21 -0.99904 31.6872 13.6036 -4549.29
(1,(2,3),(4,(5,6))); -4540.93 -1.24145 25.169 13.1169 -4551.74
(1,(2,((4,6),5)),3); -4540.11 -5.5878 30.0868 13.6928 -4550.92
(1,2,(3,(4,(5,6)))); -4537.61 -0.99904 25.4932 13.2506 -4548.86
(1,(2,3),((4,6),5)); -4545.5 -1.92741 27.0063 13.6796 -4556.89
(1,2,(3,(4,(5,6)))); -4534.69 -0.99904 28.413 13.4059 -4548.69
(1,2,(3,(4,(5,6)))); -4531.05 -0.99904 32.8661 13.6741 -4549.24
(1,(2,3),(4,(5,6))); -4535.09 -1.24145 32.1349 13.563 -4552.42
(1,(2,3),(4,(5,6))); -4538.13 -1.24145 28.6715 13.4568 -4552.1
(1,(2,3),(4,(5,6))); -4534.68 -1.24145 31.9927 13.299 -4552.13
(1,2,(3,((4,6),5))); -4535.14 -1.68501 28.1242 13.4908 -4548.09
(1,(2,3),((4,6),5)); -4540.14 -1.92741 32.2472 13.4097 -4557.05
(1,2,(3,((4,6),5))); -4534.53 -1.68501 28.8621 13.4425 -4548.27
(1,2,(3,(4,(5,6)))); -4533.79 -0.99904 29.8478 13.7362 -4548.9
(1,2,(3,(4,(5,6)))); -4535.02 -0.99904 28.7774 13.3424 -4549.45
(1,(2,3),(4,(5,6))); -4539.14 -1.24145 27.4086 13.1561 -4552.15
(1,(2,(4,(5,6))),3); -4538.63 -4.90183 28.6964 13.4212 -4549
(1,(2,3),((4,6),5)); -4541.98 -1.92741 29.9249 13.4965 -4556.48
(1,2,(3,(4,(5,6)))); -4536.01 -0.99904 27.9031 13.4027 -4549.51
(1,2,(3,((4,6),5))); -4531.98 -1.68501 32.172 13.7643 -4548.7
(1,2,(3,(4,(5,6)))); -4535.31 -0.99904 28.1158 13.4297 -4548.99
(1,2,(3,(4,(5,6)))); -4534.86 -0.99904 28.9842 13.4746 -4549.37
(1,2,(3,(4,(5,6)))); -4530.85 -0.99904 32.4786 13.393 -4548.93
(1,2,(3,(4,(5,6)))); -4536.53 -0.99904 26.8662 13.4219 -4548.98
(1,(2,3),(4,(5,6))); -4535.38 -1.24145 31.8675 13.7404 -4552.27
(1,(2,3),(4,(5,6))); -4540.1 -1.24145 27.7808 14.0588 -4552.58
(1,(2,3),((4,6),5)); -4545.14 -1.92741 26.6125 13.277 -4556.55
(1,2,(3,(4,(5,6)))); -4534.48 -0.99904 30.1158 14.0114 -4549.59
(1,(2,3),(4,(5,6))); -4536.98 -1.24145 30.874 13.7662 -4552.84
(1,(2,3),(4,(5,6))); -4536.2 -1.24145 31.1747 13.7455 -4552.38
(1,(2,3),(4,(5,6))); -4536.53 -1.24145 30.9071 14.0399 -4552.16
(1,2,(3,((4,6),5))); -4532.39 -1.68501 31.1735 13.6542 -4548.22
(1,2,(3,((4,6),5))); -4531.76 -1.68501 32.419 13.8138 -4548.68
(1,2,(3,(4,(5,6)))); -4535.33 -0.99904 29.0067 13.9096 -4549.42
(1,(2,3),(4,(5,6))); -4540.09 -1.24145 26.9699 13.5758 -4552.24
(1,(2,3),(4,(5,6))); -4535.44 -1.24145 31.2851 13.3574 -4552.12
(1,(2,3),(4,(5,6))); -4535.49 -1.24145 31.4699 13.7108 -4552.01
(1,(2,3),(4,(5,6))); -4538 -1.24145 28.6282 13.028 -4552.36
(1,2,(3,((4,6),5))); -4533.96 -1.68501 30.1284 13.9252 -4548.48
(1,2,(3,(4,(5,6)))); -4536.02 -0.99904 27.5619 13.4666 -4549.12
(1,2,(3,((4,6),5))); -4538.92 -1.68501 25.1955 13.8168 -4548.62
(1,(2,3),(4,(5,6))); -4535.13 -1.24145 32.1797 13.6629 -4552.41
(1,2,(3,(4,(5,6)))); -4536.26 -0.99904 27.9785 14.1978 -4549.04
(1,(2,3),((4,6),5)); -4546.46 -1.92741 25.7647 13.4843 -4556.81
(1,(2,3),((4,6),5)); -4543.42 -1.92741 29.4395 13.7092 -4557.22
(1,(2,3),(4,(5,6))); -4537.5 -1.24145 30.0156 13.8558 -4552.42
(1,2,(3,(4,(5,6)))); -4534.26 -0.99904 29.1749 13.3223 -4549.11
(1,(2,3),(4,(5,6))); -4537.48 -1.24145 29.9816 13.5948 -4552.62
(1,2,(3,(4,(5,6)))); -4536.39 -0.99904 27.386 13.6423 -4549.13
(1,(2,3),(4,(5,6))); -4540.5 -1.24145 26.0846 13.3145 -4552.03
(1,(2,3),((4,6),5)); -4543.91 -1.92741 27.6722 13.3814 -4556.27
(1,2,(3,(4,(5,6)))); -4533.3 -0.99904 30.58 13.8757 -4549.01
(1,2,(3,(4,(5,6)))); -4534.21 -0.99904 28.8984 13.2402 -4548.87
(1,(2,3),(4,(5,6))); -4538.8 -1.24145 28.2726 13.622 -4552.21
(1,2,(3,(4,(5,6)))); -4531.16 -0.99904 32.085 13.4412 -4548.81
(1,(2,3),((4,6),5)); -4543 -1.92741 28.901 13.172 -4556.8
(1,2,(3,((4,6),5))); -4531.63 -1.68501 31.9073 13.3456 -4548.51
(1,2,(3,((4,6),5))); -4533.12 -1.68501 29.7724 13.1442 -4548.06
(1,2,(3,((4,6),5))); -4538.06 -1.68501 25.9196 13.5923 -4548.7
(1,2,(3,(4,(5,6)))); -4533.35 -0.99904 30.4165 13.8427 -4548.92
(1,2,(3,(4,(5,6)))); -4534.45 -0.99904 28.745 13.3051 -4548.89
(1,2,(3,(4,(5,6)))); -4534.77 -0.99904 28.7772 13.5243 -4549.02
(1,(2,3),(4,(5,6))); -4535.05 -1.24145 31.6906 13.4717 -4552.02
(1,(2,3),(4,(5,6))); -4537.4 -1.24145 29.6504 13.6747 -4552.13
(1,(2,3),((4,6),5)); -4542.83 -1.92741 28.7565 13.1452 -4556.52
(1,(2,3),(4,(5,6))); -4538.04 -1.24145 28.085 12.9047 -4551.98
(1,2,(3,(4,(5,6)))); -4544.26 -0.99904 19.295 13.6064 -4548.95
(1,(2,3),((4,6),5)); -4544.36 -1.92741 27.5604 13.2217 -4556.77
(1,2,(3,((4,6),5))); -4533.1 -1.68501 30.0105 13.2835 -4548.14
(1,2,(3,((4,6),5))); -4537.12 -1.68501 26.3701 13.0893 -4548.72
(1,2,(3,(4,(5,6)))); -4534.07 -0.99904 29.689 13.5297 -4549.23
(1,(2,3),(4,(5,6))); -4535.53 -1.24145 31.5813 13.5568 -4552.31
(1,(2,3),((4,6),5)); -4544.58 -1.92741 28.1906 13.4474 -4557.4
(1,2,(3,(4,(5,6)))); -4532.55 -0.99904 31.4839 13.7416 -4549.3
(1,2,(3,(4,(5,6)))); -4532.93 -0.99904 30.6018 13.3786 -4549.15
(1,2,(3,((4,6),5))); -4532.46 -1.68501 31.6136 13.6408 -4548.75
(1,2,(3,((4,6),5))); -4533.75 -1.68501 31.0679 13.9932 -4549.14
(1,(2,3),((4,6),5)); -4544.41 -1.92741 28.742 13.979 -4557.24
(1,2,(3,(4,(5,6)))); -4533.21 -0.99904 30.8443 13.7976 -4549.26
(1,2,(3,((4,6),5))); -4535.11 -1.68501 29.1791 13.9728 -4548.63
(1,2,(3,(4,(5,6)))); -4532.74 -0.99904 30.5979 13.5906 -4548.75
(1,(2,3),(4,(5,6))); -4536.83 -1.24145 30.2949 13.5856 -4552.3
(1,2,(3,(4,(5,6)))); -4532.69 -0.99904 31.1371 13.6776 -4549.15
(1,(2,3),(4,(5,6))); -4537.55 -1.24145 29.4585 13.7949 -4551.98
(1,2,(3,((4,6),5))); -4534.28 -1.68501 29.7279 13.6254 -4548.7
(1,(2,3),((4,6),5)); -4542.59 -1.92741 29.5407 13.4085 -4556.8
(1,2,(3,(4,(5,6)))); -4534.92 -0.99904 28.8364 13.8342 -4548.92
(1,2,(3,(4,(5,6)))); -4537.3 -0.99904 26.3412 13.4914 -4549.15
(1,(2,3),(4,(5,6))); -4539.75 -1.24145 27.7589 14.1162 -4552.15
(1,2,(3,(4,(5,6)))); -4537.32 -0.99904 26.7278 13.8544 -4549.19
(1,2,(3,(4,(5,6)))); -4533.04 -0.99904 30.6828 13.6206 -4549.1
(1,(2,3),(4,(5,6))); -4534.57 -1.24145 32.6034 13.5043 -4552.43
(1,2,(3,((4,6),5))); -4535.29 -1.68501 27.4832 12.9181 -4548.17
(1,2,(3,((4,6),5))); -4534.26 -1.68501 29.1224 13.3719 -4548.32
(1,2,(3,(4,(5,6)))); -4534.96 -0.99904 29.0566 13.6971 -4549.32
(1,2,(3,(4,(5,6)))); -4539.73 -0.99904 24.0389 13.8841 -4548.88
(1,2,(3,((4,6),5))); -4538.94 -1.68501 24.9992 13.492 -4548.76
(1,(2,3),((4,6),5)); -4543.61 -1.92741 28.677 13.12 -4557.24
(1,(2,3),(4,(5,6))); -4538.55 -1.24145 28.3657 13.4136 -4552.26
(1,(2,3),((4,6),5)); -4544.01 -1.92741 27.7307 13.6313 -4556.18
(1,2,(3,((4,6),5))); -4534.06 -1.68501 29.767 13.5269 -4548.61
(1,2,(3,(4,(5,6)))); -4532.68 -0.99904 30.8117 13.336 -4549.16
(1,2,(3,(4,(5,6)))); -4538.77 -0.99904 25.107 13.8076 -4549.07
(1,2,(3,(4,(5,6)))); -4534.61 -0.99904 28.5914 13.357 -4548.85
(1,2,(3,(4,(5,6)))); -4538.7 -0.99904 25.4545 13.8346 -4549.32
(1,(2,3),((4,6),5)); -4540.94 -1.92741 30.4295 13.0385 -4556.4
(1,(2,3),(4,(5,6))); -4535.91 -1.24145 31.22 13.3905 -4552.5
(1,2,(3,((4,6),5))); -4533.81 -1.68501 30.0073 13.4407 -4548.69
(1,(2,3),(4,(5,6))); -4540.88 -1.24145 25.6124 13.4591 -4551.79
(1,2,(3,(4,(5,6)))); -4533.25 -0.99904 30.7725 13.7204 -4549.31
(1,(2,3),(4,(5,6))); -4534.67 -1.24145 32.2188 13.4 -4552.24
(1,2,(3,(4,(5,6)))); -4532.76 -0.99904 31.2902 13.5782 -4549.47
(1,2,(3,((4,6),5))); -4536.78 -1.68501 26.9472 13.4729 -4548.57
(1,(2,3),(4,(5,6))); -4540.85 -1.24145 25.6005 13.0565 -4552.16
(1,2,(3,((4,6),5))); -4534.6 -1.68501 28.5926 13.401 -4548.1
(1,2,(3,(4,(5,6)))); -4537.23 -0.99904 25.5994 13.1386 -4548.69
(1,2,(3,(4,(5,6)))); -4539.58 -0.99904 24.0931 13.5234 -4549.15
(1,(2,3),(4,(5,6))); -4536.59 -1.24145 30.4064 13.4843 -4552.27
(1,2,(3,(4,(5,6)))); -4534.51 -0.99904 29.4397 13.7836 -4549.17
(1,2,(3,(4,(5,6)))); -4537.02 -0.99904 27.3068 13.4246 -4549.91
(1,2,(3,(4,(5,6)))); -4531.24 -0.99904 32.3443 13.5239 -4549.06
(1,(2,3),(4,(5,6))); -4538.43 -1.24145 28.279 13.2678 -4552.2
(1,(2,3),((4,6),5)); -4541.49 -1.92741 31.5068 13.9153 -4557.16
(1,2,(3,(4,(5,6)))); -4532.56 -0.99904 30.9748 13.6537 -4548.88
(1,(2,3),((4,6),5)); -4541.69 -1.92741 31.2591 13.7207 -4557.3
(1,(2,3),(4,(5,6))); -4538.09 -1.24145 28.4405 13.3208 -4551.96
(1,(2,3),(4,(5,6))); -4536.81 -1.24145 29.7323 13.2138 -4552.09
(1,(2,3),(4,(5,6))); -4535.68 -1.24145 31.8344 13.874 -4552.39
(1,2,(3,(4,(5,6)))); -4540.92 -0.99904 23.068 13.4025 -4549.58
(1,2,(3,(4,(5,6)))); -4536.18 -0.99904 27.8642 13.6439 -4549.4
(1,(2,3),(4,(5,6))); -4537.83 -1.24145 28.6794 13.3264 -4551.95
(1,(2,3),(4,(5,6))); -4536 -1.24145 31.6622 13.9318 -4552.49
(1,2,(3,(4,(5,6)))); -4533.2 -0.99904 30.3558 13.4569 -4549.1
(1,2,(3,((4,6),5))); -4536.72 -1.68501 26.8685 13.434 -4548.47
(1,(2,3),((4,6),5)); -4541.45 -1.92741 30.1286 13.0329 -4556.61
(1,2,(3,((4,6),5))); -4533.67 -1.68501 30.5319 13.9345 -4548.59
(1,2,(3,((4,6),5))); -4534.06 -1.68501 29.5156 13.393 -4548.5
(1,2,(3,(4,(5,6)))); -4540.7 -0.99904 22.681 13.1164 -4549.26
(1,2,(3,((4,6),5))); -4536.22 -1.68501 26.4026 12.844 -4548.09
(1,2,(3,(4,(5,6)))); -4533.68 -0.99904 29.1556 13.2186 -4548.62
(1,2,(3,((4,6),5))); -4532.96 -1.68501 31.4965 13.7318 -4549.04
(1,(2,3),(4,(5,6))); -4536.84 -1.24145 30.7076 13.8792 -4552.43
(1,2,(3,(4,(5,6)))); -4532.79 -0.99904 30.4765 13.4437 -4548.82
(1,2,(3,(4,(5,6)))); -4536.31 -0.99904 27.4717 13.605 -4549.17
(1,(2,3),(4,(5,6))); -4535.6 -1.24145 31.6434 13.806 -4552.19
(1,2,(3,(4,(5,6)))); -4535.69 -0.99904 28.3595 13.8407 -4549.21
(1,2,(3,(4,(5,6)))); -4534.97 -0.99904 28.9744 13.8384 -4549.1
(1,(2,3),(4,(5,6))); -4536.23 -1.24145 30.8386 13.4174 -4552.41
(1,2,(3,((4,6),5))); -4534.09 -1.68501 29.256 13.1942 -4548.46
(1,(2,3),(4,(5,6))); -4534.86 -1.24145 32.362 13.6549 -4552.33
(1,(2,3),(4,(5,6))); -4539.65 -1.24145 27.5107 13.6018 -4552.31
(1,2,(3,(4,(5,6)))); -4533.67 -0.99904 30.441 13.9562 -4549.16
(1,(2,3),((4,6),5)); -4544.82 -1.92741 27.4885 13.2176 -4557.16
(1,2,(3,(4,(5,6)))); -4532.94 -0.99904 30.833 13.59 -4549.18
(1,2,(3,(4,(5,6)))); -4532.96 -0.99904 31.288 13.7435 -4549.51
(1,2,(3,(4,(5,6)))); -4532.08 -0.99904 31.5985 13.7226 -4548.96
(1,(2,3),(4,(5,6))); -4537.44 -1.24145 30.0698 13.7481 -4552.52
(1,(2,3),((4,6),5)); -4545.67 -1.92741 26.6591 13.0242 -4557.38
(1,2,(3,((4,6),5))); -4535.51 -1.68501 28.2315 13.691 -4548.37
(1,2,(3,((4,6),5))); -4532.8 -1.68501 30.9488 13.4955 -4548.57
(1,2,(3,(4,(5,6)))); -4534.51 -0.99904 29.1081 13.915 -4548.71
(1,(2,3),(4,(5,6))); -4537.68 -1.24145 29.984 13.7843 -4552.64
(1,2,(3,((4,6),5))); -4533.51 -1.68501 30.3079 13.7636 -4548.37
(1,2,(3,(4,(5,6)))); -4534.78 -0.99904 28.9845 13.4406 -4549.32
(1,2,(3,((4,6),5))); -4533.91 -1.68501 29.9773 13.6384 -4548.56
(1,2,(3,((4,6),5))); -4534.35 -1.68501 29.5067 13.4055 -4548.77
(1,(2,3),(4,(5,6))); -4536.46 -1.24145 30.3245 13.1532 -4552.39
(1,(2,3),(4,(5,6))); -4538.81 -1.24145 28.153 13.645 -4552.07
(1,2,(3,(4,(5,6)))); -4538.05 -0.99904 25.6169 13.3282 -4549.34
(1,2,(3,(4,(5,6)))); -4531.96 -0.99904 31.5281 13.6057 -4548.88
(1,2,(3,((4,6),5))); -4531.35 -1.68501 32.7817 13.6853 -4548.76
(1,2,(3,(4,(5,6)))); -4533.49 -0.99904 30.4161 13.8809 -4549.03
(1,2,(3,(4,(5,6)))); -4538.58 -0.99904 25.3018 13.7407 -4549.14
(1,2,(3,((4,6),5))); -4533.29 -1.68501 31.0543 13.8631 -4548.79
(1,2,(3,(4,(5,6)))); -4532.31 -0.99904 31.5584 13.5846 -4549.28
(1,(2,3),(4,(5,6))); -4537.01 -1.24145 29.6089 13.3827 -4552
(1,2,(3,((4,6),5))); -4535.76 -1.68501 28.4521 13.8658 -4548.66
(1,2,(3,(4,(5,6)))); -4533.12 -0.99904 30.3797 13.5183 -4548.99
(1,2,(3,(4,(5,6)))); -4536.11 -0.99904 27.1732 13.599 -4548.68
(1,2,(3,((4,6),5))); -4534.01 -1.68501 30.0695 13.5348 -4548.86
(1,2,(3,(4,(5,6)))); -4537.42 -0.99904 26.5 14.0785 -4548.84
(1,2,(3,(4,(5,6)))); -4532.84 -0.99904 30.8709 13.5684 -4549.14
(1,2,(3,(4,(5,6)))); -4534.29 -0.99904 29.5704 13.6528 -4549.21
(1,2,(3,(4,(5,6)))); -4538.38 -0.99904 24.4142 13.1867 -4548.61
(1,2,(3,(4,(5,6)))); -4534.02 -0.99904 28.7459 13.1064 -4548.66
(1,2,(3,(4,(5,6)))); -4533.46 -0.99904 30.369 13.7885 -4549.04
(1,2,(3,(4,(5,6)))); -4537.09 -0.99904 27.6377 14.1247 -4549.6
(1,2,(3,((4,6),5))); -4537.7 -1.68501 25.8243 13.5768 -4548.27
(1,2,(3,(4,(5,6)))); -4535.06 -0.99904 28.2119 13.6562 -4548.62
(1,(2,3),(4,(5,6))); -4536.69 -1.24145 30.2296 13.7423 -4551.94
(1,2,(3,((4,6),5))); -4536.4 -1.68501 27.8265 13.8896 -4548.65
(1,2,(3,((4,6),5))); -4535.45 -1.68501 27.5483 13.1259 -4548.19
(1,(2,3),(4,(5,6))); -4540.08 -1.24145 27.1117 13.802 -4552.15
(1,2,(3,((4,6),5))); -4537.26 -1.68501 27.2794 14.1475 -4548.7
(1,2,(3,((4,6),5))); -4532.55 -1.68501 30.8949 13.399 -4548.36
(1,2,(3,(4,(5,6)))); -4536.29 -0.99904 28.3137 14.1183 -4549.48
(1,2,(3,(4,(5,6)))); -4532.98 -0.99904 31.2691 13.7787 -4549.48
(1,2,(3,(4,(5,6)))); -4534.04 -0.99904 29.3915 13.5179 -4548.91
(1,2,(3,(4,(5,6)))); -4533.95 -0.99904 29.59 13.6332 -4548.9
(1,2,(3,(4,(5,6)))); -4531.72 -0.99904 31.6789 13.5745 -4548.82
(1,2,(3,((4,6),5))); -4536.05 -1.68501 28.132 13.3709 -4549.13
(1,(2,3),(4,(5,6))); -4542.76 -1.24145 24.0081 13.3956 -4552.13
(1,2,(3,((4,6),5))); -4533.35 -1.68501 30.2409 13.3 -4548.61
(1,2,(3,(4,(5,6)))); -4533.69 -0.99904 29.791 13.482 -4549
(1,(2,3),(4,(5,6))); -4536.91 -1.24145 30.9514 14.024 -4552.6
(1,2,(3,(4,(5,6)))); -4533.76 -0.99904 30.92 14.108 -4549.58
(1,2,(3,((4,6),5))); -4535.79 -1.68501 27.7051 13.2045 -4548.6
(1,2,(3,(4,(5,6)))); -4538.24 -0.99904 24.8826 13.2547 -4548.87
(1,2,(3,((4,6),5))); -4532.54 -1.68501 31.465 13.4793 -4548.84
(1,2,(3,(4,(5,6)))); -4534.51 -0.99904 28.8697 13.4572 -4548.92
(1,2,(3,(4,(5,6)))); -4532.64 -0.99904 30.9906 13.5322 -4549.1
(1,(2,3),((4,6),5)); -4544.96 -1.92741 27.1914 13.2815 -4556.94
(1,(2,3),((4,6),5)); -4541.38 -1.92741 30.8048 13.632 -4556.63
(1,2,(3,(4,(5,6)))); -4531.28 -0.99904 32.1531 13.6046 -4548.83
(1,2,(3,(4,(5,6)))); -4537.7 -0.99904 26.3904 13.612 -4549.48
(1,(2,3),(4,(5,6))); -4537.02 -1.24145 29.8083 12.9804 -4552.61
(1,2,(3,(4,(5,6)))); -4535.54 -0.99904 27.6541 13.207 -4548.99
(1,(2,3),((4,6),5)); -4545.35 -1.92741 26.9232 13.0011 -4557.34
(1,2,(3,(4,(5,6)))); -4533.27 -0.99904 30.2986 13.6231 -4548.95
(1,(2,3),((4,6),5)); -4543.11 -1.92741 29.4123 13.5753 -4557.02
(1,2,(3,(4,(5,6)))); -4532.92 -0.99904 30.5388 13.4127 -4549.05
(1,(2,3),(4,(5,6))); -4539.4 -1.24145 27.0814 13.4977 -4551.74
(1,2,(3,(4,(5,6)))); -4535.75 -0.99904 27.6711 13.2837 -4549.14
(1,2,(3,(4,(5,6)))); -4533.37 -0.99904 30.3798 13.8066 -4548.94
(1,(2,3),(4,(5,6))); -4535.91 -1.24145 31.2534 13.4273 -4552.49
(1,(2,(4,(5,6))),3); -4538.25 -4.90183 28.7304 13.5011 -4548.58
(1,(2,3),(4,(5,6))); -4537.44 -1.24145 29.5763 13.7513 -4552.02
(1,2,(3,(4,(5,6)))); -4532.53 -0.99904 31.5841 13.7978 -4549.31
(1,(2,3),((4,6),5)); -4545.43 -1.92741 26.9296 13.5402 -4556.89
(1,2,(3,((4,6),5))); -4533.49 -1.68501 30.1817 13.5143 -4548.47
(1,(2,3),((4,6),5)); -4545.07 -1.92741 27.0065 13.1523 -4557
(1,2,(3,(4,(5,6)))); -4539.52 -0.99904 23.6298 13.134 -4549.01
(1,2,(3,((4,6),5))); -4536.53 -1.68501 26.9673 13.6046 -4548.21
(1,2,(3,(4,(5,6)))); -4535.06 -0.99904 28.7976 13.7282 -4549.13
(1,(2,3),(4,(5,6))); -4537.61 -1.24145 29.0423 13.2355 -4552.17
(1,(2,3),(4,(5,6))); -4535.59 -1.24145 31.3664 13.6409 -4552.07
(1,(2,3),((4,6),5)); -4541.7 -1.92741 30.4626 13.5261 -4556.71
(1,(2,3),(4,(5,6))); -4538.74 -1.24145 27.8285 13.363 -4551.96
(1,(2,3),((4,6),5)); -4543.74 -1.92741 28.6498 13.6475 -4556.81
(1,(2,3),(4,(5,6))); -4536.76 -1.24145 30.9738 13.9312 -4552.56
(1,(2,3),((4,6),5)); -4541.4 -1.92741 30.7736 13.4667 -4556.78
(1,(2,3),(4,(5,6))); -4537.34 -1.24145 30.5334 13.9017 -4552.73
(1,(2,((4,6),5)),3); -4542.84 -5.5878 27.9994 13.7198 -4551.53
(1,2,(3,(4,(5,6)))); -4532.1 -0.99904 32.0212 13.8569 -4549.27
(1,2,(3,(4,(5,6)))); -4543.17 -0.99904 20.3334 13.6068 -4548.9
(1,(2,3),((4,6),5)); -4541.97 -1.92741 29.9045 13.5783 -4556.37
(1,2,(3,(4,(5,6)))); -4536.4 -0.99904 26.269 12.9098 -4548.76
(1,2,(3,(4,(5,6)))); -4531.47 -0.99904 32.4007 13.5957 -4549.28
(1,(2,3),((4,6),5)); -4545.95 -1.92741 24.8359 12.6602 -4556.2
(1,(2,3),(4,(5,6))); -4534.68 -1.24145 32.4027 13.5718 -4552.27
(1,(2,3),(4,(5,6))); -4538.43 -1.24145 28.6944 13.3932 -4552.49
(1,(2,3),(4,(5,6))); -4537.42 -1.24145 29.8405 13.7974 -4552.22
(1,(2,3),((4,6),5)); -4541.03 -1.92741 30.8731 13.4332 -4556.54
(1,(2,3),(4,(5,6))); -4537.76 -1.24145 29.2927 13.4804 -4552.33
(1,2,(3,(4,(5,6)))); -4535.56 -0.99904 28.3858 13.6735 -4549.27
(1,2,(3,(4,(5,6)))); -4533.94 -0.99904 30.2548 13.9417 -4549.26
(1,2,(3,((4,6),5))); -4532.89 -1.68501 30.6647 13.491 -4548.38
(1,(2,3),(4,(5,6))); -4536.8 -1.24145 30.0168 13.4677 -4552.11
(1,2,(3,((4,6),5))); -4532.55 -1.68501 31.1711 13.3523 -4548.69
(1,(2,3),(4,(5,6))); -4539.6 -1.24145 27.6989 13.6168 -4552.44
(1,2,(3,((4,6),5))); -4533.08 -1.68501 30.2685 13.372 -4548.29
(1,2,(3,(4,(5,6)))); -4534.66 -0.99904 29.7597 13.7898 -4549.63
(1,(2,3),((4,6),5)); -4541.71 -1.92741 30.2705 13.5761 -4556.48
(1,2,(3,(4,(5,6)))); -4533.06 -0.99904 30.84 13.9554 -4548.94
(1,(2,3),(4,(5,6))); -4537.49 -1.24145 29.0977 13.0961 -4552.25
(1,2,(3,(4,(5,6)))); -4535.57 -0.99904 28.0438 13.7702 -4548.84
(1,(2,3),((4,6),5)); -4542.73 -1.92741 29.9358 13.4763 -4557.26
(1,(2,3),((4,6),5)); -4543.32 -1.92741 28.6069 13.1885 -4556.81
(1,(2,3),(4,(5,6))); -4539.29 -1.24145 28.0372 13.7334 -4552.36
(1,2,(3,((4,6),5))); -4531.77 -1.68501 32.6773 13.7762 -4548.98
(1,2,(3,(4,(5,6)))); -4534.12 -0.99904 29.2932 13.443 -4548.97
(1,(2,3),((4,6),5)); -4542.38 -1.92741 29.8055 13.5315 -4556.72
(1,(2,3),((4,6),5)); -4541.73 -1.92741 30.3302 13.1665 -4556.97
(1,(2,3),(4,(5,6))); -4538.97 -1.24145 28.704 13.9944 -4552.44
(1,2,(3,((4,6),5))); -4536.48 -1.68501 27.5333 13.5245 -4548.81
(1,(2,3),((4,6),5)); -4541.69 -1.92741 30.5723 13.5375 -4556.8
(1,(2,3),(4,(5,6))); -4537.58 -1.24145 29.3044 13.5597 -4552.08
(1,2,(3,(4,(5,6)))); -4531.43 -0.99904 31.9272 13.515 -4548.84
(1,(2,3),(4,(5,6))); -4540.03 -1.24145 26.7032 13.3537 -4552.14
(1,(2,3),(4,(5,6))); -4542.67 -1.24145 24.6852 13.3977 -4552.72
(1,2,(3,((4,6),5))); -4534.83 -1.68501 28.6653 13.3948 -4548.42
(1,2,(3,(4,(5,6)))); -4533.02 -0.99904 31.0783 13.742 -4549.35
(1,2,(3,(4,(5,6)))); -4532.76 -0.99904 30.6248 13.2845 -4549.1
(1,2,(3,(4,(5,6)))); -4534.53 -0.99904 28.2506 13.0265 -4548.75
(1,2,(3,(4,(5,6)))); -4533.78 -0.99904 30.0357 13.5253 -4549.3
(1,(2,3),(4,(5,6))); -4537.42 -1.24145 29.9486 13.7612 -4552.36
(1,(2,3),(4,(5,6))); -4540.04 -1.24145 27.679 13.9672 -4552.51
(1,(2,3),(4,(5,6))); -4539.08 -1.24145 27.8258 12.9476 -4552.72
(1,2,(3,((4,6),5))); -4538.26 -1.68501 25.4695 13.2902 -4548.76
(1,2,(3,((4,6),5))); -4532.51 -1.68501 31.4048 13.6701 -4548.56
(1,(2,3),(4,(5,6))); -4535.5 -1.24145 31.67 13.4065 -4552.52
(1,(2,3),(4,(5,6))); -4541.43 -1.24145 25.4191 13.3806 -4552.23
(1,2,(3,((4,6),5))); -4535.07 -1.68501 27.7909 13.1436 -4548.03
(1,2,(3,(4,(5,6)))); -4535.87 -0.99904 27.1322 13.376 -4548.62
(1,(2,3),((4,6),5)); -4544.02 -1.92741 28.2119 13.0585 -4557.25
(1,(2,3),(4,(5,6))); -4541.16 -1.24145 25.2496 12.8586 -4552.31
(1,2,(3,(4,(5,6)))); -4533.49 -0.99904 29.971 13.4392 -4549.03
(1,(2,3),((4,6),5)); -4543.07 -1.92741 28.1531 12.7866 -4556.51
(1,2,(3,(4,(5,6)))); -4533.32 -0.99904 30.1998 13.3357 -4549.18
