tree logl logTop logProp logPrior logWt
(1,2,(3,((4,6),5))); -4535.23 -1.68501 28.8877 13.7464 -4548.68
(1,(2,3),(4,(5,6))); -4534.16 -1.24145 32.9476 13.6087 -4552.25
(1,2,(3,((4,6),5))); -4534.23 -1.68501 29.9084 13.7332 -4548.72
(1,2,(3,(4,(5,6)))); -4534.12 -0.99904 30.0292 13.4666 -4549.68
(1,2,(3,(4,(5,6)))); -4532.68 -0.99904 31.1156 13.3861 -4549.41
(1,2,(3,((4,6),5))); -4535.39 -1.68501 28.6017 13.4727 -4548.83
(1,(2,3),(4,(5,6))); -4539.74 -1.24145 27.1482 13.6179 -4552.02
(1,2,(3,(4,(5,6)))); -4534.51 -0.99904 28.8249 13.3942 -4548.94
(1,2,(3,((4,6),5))); -4533.02 -1.68501 31.4107 13.9367 -4548.81
(1,2,(3,((4,6),5))); -4535.05 -1.68501 28.7767 13.2577 -4548.88
(1,(2,3),(4,(5,6))); -4539.43 -1.24145 28.0233 13.7232 -4552.49
(1,2,(3,(4,(5,6)))); -4535.65 -0.99904 27.0034 13.1579 -4548.5
(1,(2,3),(4,(5,6))); -4537.47 -1.24145 30.1974 13.897 -4552.53
(1,2,(3,((4,6),5))); -4532.37 -1.68501 31.1801 13.5576 -4548.31
(1,2,(3,((4,6),5))); -4534.23 -1.68501 29.7911 13.5643 -4548.77
(1,(2,3),((4,6),5)); -4543.42 -1.92741 29.7307 13.9378 -4557.29
(1,2,(3,((4,6),5))); -4536.76 -1.68501 26.9712 13.4627 -4548.59
(1,2,(3,(4,(5,6)))); -4544.55 -0.99904 20.0073 13.1528 -4550.41
(1,(2,3),(4,(5,6))); -4538.44 -1.24145 28.7337 13.5099 -4552.42
(1,(2,3),(4,(5,6))); -4537.82 -1.24145 28.9779 13.2741 -4552.28
(1,(2,3),(4,(5,6))); -4537.14 -1.24145 30.4147 13.8442 -4552.47
(1,2,(3,((4,6),5))); -4534.14 -1.68501 29.8685 13.4303 -4548.89
(1,2,(3,((4,6),5))); -4535.81 -1.68501 27.293 13.3422 -4548.08
(1,(2,3),(4,(5,6))); -4534.71 -1.24145 32.1401 13.3995 -4552.2
(1,(2,3),(4,(5,6))); -4540.96 -1.24145 26.0981 13.5467 -4552.27
(1,(2,3),((4,6),5)); -4546.87 -1.92741 25.34 13.6181 -4556.66
(1,2,(3,((4,6),5))); -4536.52 -1.68501 27.3662 13.4751 -4548.73
(1,2,(3,(4,(5,6)))); -4532.27 -0.99904 32.013 13.7732 -4549.51
(1,(2,3),(4,(5,6))); -4540.14 -1.24145 26.1667 13.0643 -4552
(1,2,(3,(4,(5,6)))); -4534.47 -0.99904 29.4078 13.9105 -4548.96
(1,(2,3),((4,6),5)); -4542.84 -1.92741 29.5835 13.7006 -4556.8
(1,2,(3,((4,6),5))); -4534.2 -1.68501 29.8937 13.6603 -4548.75
(1,2,(3,((4,6),5))); -4533.96 -1.68501 29.268 13.3042 -4548.23
(1,2,(3,(4,(5,6)))); -4534.4 -0.99904 29.0025 13.5395 -4548.86
(1,(2,3),((4,6),5)); -4541.25 -1.92741 30.9375 13.5124 -4556.75
(1,(2,3),(4,(5,6))); -4536.77 -1.24145 30.0014 13.2903 -4552.24
(1,(2,3),((4,6),5)); -4544.61 -1.92741 27.5795 13.2569 -4557.01
(1,2,(3,(4,(5,6)))); -4532.84 -0.99904 30.7078 13.6297 -4548.92
(1,2,(3,(4,(5,6)))); -4532.37 -0.99904 31.6624 13.7807 -4549.26
(1,2,(3,(4,(5,6)))); -4533.56 -0.99904 30.5216 13.8658 -4549.21
(1,2,(3,(4,(5,6)))); -4536.4 -0.99904 28.0502 13.7763 -4549.67
(1,(2,3),(4,(5,6))); -4538.28 -1.24145 29.298 13.9595 -4552.38
(1,2,(3,(4,(5,6)))); -4534.53 -0.99904 30.0387 14.1426 -4549.43
(1,(2,3),((4,6),5)); -4541.01 -1.92741 31.1951 13.5641 -4556.71
(1,2,(3,((4,6),5))); -4536.16 -1.68501 27.545 13.4779 -4548.54
(1,2,(3,(4,(5,6)))); -4536.18 -0.99904 27.2507 13.3404 -4549.09
(1,(2,3),((4,6),5)); -4542.91 -1.92741 28.8863 13.478 -4556.39
(1,(2,3),((4,6),5)); -4545.28 -1.92741 25.5313 13.4333 -4555.45
(1,2,(3,((4,6),5))); -4534.95 -1.68501 28.5825 13.3954 -4548.46
(1,(2,3),(4,(5,6))); -4542.26 -1.24145 24.6201 13.836 -4551.81
(1,(2,3),(4,(5,6))); -4537.46 -1.24145 28.8425 13.1097 -4551.95
(1,2,(3,(4,(5,6)))); -4534.01 -0.99904 29.7503 13.7003 -4549.06
(1,(2,3),(4,(5,6))); -4535.74 -1.24145 31.6833 13.6507 -4552.53
(1,(2,3),(4,(5,6))); -4543.52 -1.24145 23.6021 13.3125 -4552.57
(1,2,(3,(4,(5,6)))); -4533.81 -0.99904 29.4073 13.2273 -4548.99
(1,(2,3),((4,6),5)); -4545.45 -1.92741 27.2636 13.7882 -4557
(1,2,(3,((4,6),5))); -4534.12 -1.68501 30.0196 13.683 -4548.77
(1,(2,3),((4,6),5)); -4542.28 -1.92741 30.1654 13.5612 -4556.96
(1,2,(3,(4,(5,6)))); -4539.66 -0.99904 24.2933 13.3479 -4549.6
(1,2,(3,((4,6),5))); -4534.17 -1.68501 30.6067 13.8236 -4549.27
(1,(2,(4,(5,6))),3); -4536.18 -4.90183 30.861 13.2671 -4548.88
(1,(2,3),((4,6),5)); -4541.13 -1.92741 31.4561 13.8838 -4556.78
(1,(2,3),(4,(5,6))); -4538.12 -1.24145 29.0433 13.7476 -4552.17
(1,2,(3,(4,(5,6)))); -4532.16 -0.99904 31.5046 13.3873 -4549.28
(1,(2,3),(4,(5,6))); -4537.94 -1.24145 29.016 13.2737 -4552.44
(1,2,(3,(4,(5,6)))); -4534.57 -0.99904 28.4145 13.136 -4548.85
(1,2,(3,((4,6),5))); -4532.2 -1.68501 31.5532 13.7543 -4548.32
(1,2,(3,(4,(5,6)))); -4536.74 -0.99904 27.3316 14.0283 -4549.04
(1,(2,3),(4,(5,6))); -4537.11 -1.24145 30.2833 13.5833 -4552.57
(1,2,(3,((4,6),5))); -4533.23 -1.68501 30.5267 13.4196 -4548.65
(1,2,(3,(4,(5,6)))); -4532.95 -0.99904 31.2769 13.7496 -4549.48
(1,2,(3,(4,(5,6)))); -4539.37 -0.99904 23.0573 13.0418 -4548.39
(1,2,(3,(4,(5,6)))); -4533.08 -0.99904 30.5639 13.5172 -4549.13
(1,2,(3,(4,(5,6)))); -4533.24 -0.99904 31.1096 13.9199 -4549.43
(1,2,(3,(4,(5,6)))); -4536.44 -0.99904 27.2251 13.7697 -4548.89
(1,2,(3,(4,(5,6)))); -4535.83 -0.99904 28.1499 13.9795 -4549
(1,2,(3,((4,6),5))); -4531.6 -1.68501 32.5492 13.6615 -4548.81
(1,(2,3),((4,6),5)); -4542.03 -1.92741 29.8787 13.2853 -4556.69
(1,(2,3),((4,6),5)); -4544.37 -1.92741 28.5874 13.7882 -4557.25
(1,(2,3),(4,(5,6))); -4536.08 -1.24145 30.8282 13.4611 -4552.21
(1,2,(3,(4,(5,6)))); -4532.65 -0.99904 30.5655 13.5449 -4548.67
(1,2,(3,(4,(5,6)))); -4534.99 -0.99904 29.6626 14.0587 -4549.6
(1,2,(3,(4,(5,6)))); -4533 -0.99904 30.2147 13.4191 -4548.8
(1,(2,3),(4,(5,6))); -4537.96 -1.24145 28.6018 13.3381 -4551.99
(1,2,(3,(4,(5,6)))); -4533.73 -0.99904 29.1817 13.1692 -4548.75
(1,2,(3,(4,(5,6)))); -4535.8 -0.99904 27.4797 13.1745 -4549.11
(1,2,(3,((4,6),5))); -4533.45 -1.68501 31.0047 13.8173 -4548.95
(1,(2,3),((4,6),5)); -4542.83 -1.92741 29.08 13.2179 -4556.77
(1,2,(3,(4,(5,6)))); -4531.75 -0.99904 31.8792 13.4669 -4549.16
(1,2,(3,(4,(5,6)))); -4535.59 -0.99904 28.5758 13.7666 -4549.4
(1,2,(3,(4,(5,6)))); -4533.48 -0.99904 30.1629 13.5672 -4549.07
(1,(2,3),(4,(5,6))); -4537.4 -1.24145 30.3339 13.7293 -4552.76
(1,2,(3,((4,6),5))); -4533.82 -1.68501 30.1864 13.6761 -4548.65
(1,(2,3),((4,6),5)); -4541.76 -1.92741 31.2067 13.7654 -4557.28
(1,(2,3),(4,(5,6))); -4538.73 -1.24145 28.9323 13.7274 -4552.69
(1,2,(3,(4,(5,6)))); -4533.7 -0.99904 30.3035 13.601 -4549.41
(1,2,(3,((4,6),5))); -4537.21 -1.68501 26.0098 13.3213 -4548.22
(1,(2,3),((4,6),5)); -4543.42 -1.92741 29.2771 13.7854 -4556.99
(1,(2,3),(4,(5,6))); -4538.97 -1.24145 28.8056 13.7596 -4552.77
(1,2,(3,(4,(5,6)))); -4535.64 -0.99904 29.0041 13.8315 -4549.82
(1,2,(3,(4,(5,6)))); -4532.55 -0.99904 31.2778 13.481 -4549.34
(1,2,(3,(4,(5,6)))); -4536.31 -0.99904 27.3767 13.7688 -4548.92
(1,2,(3,(4,(5,6)))); -4534.15 -0.99904 29.4855 13.6946 -4548.94
(1,(2,3),(4,(5,6))); -4536.66 -1.24145 29.8785 13.2047 -4552.1
(1,(2,3),(4,(5,6))); -4540.1 -1.24145 27.27 13.4993 -4552.63
(1,2,(3,((4,6),5))); -4536.59 -1.68501 27.7842 14.0453 -4548.65
(1,2,(3,(4,(5,6)))); -4537.29 -0.99904 27.0585 13.846 -4549.5
(1,(2,3),(4,(5,6))); -4536.8 -1.24145 30.7208 13.8191 -4552.46
(1,2,(3,(4,(5,6)))); -4534.54 -0.99904 29.0052 13.502 -4549.05
(1,2,(3,((4,6),5))); -4535.25 -1.68501 28.8163 13.3116 -4549.07
(1,2,(3,(4,(5,6)))); -4535.93 -0.99904 27.4309 13.2153 -4549.15
(1,2,(3,(4,(5,6)))); -4537.98 -0.99904 26.2961 14.1648 -4549.12
(1,2,(3,(4,(5,6)))); -4534.76 -0.99904 28.6651 13.4456 -4548.98
(1,2,(3,((4,6),5))); -4534.07 -1.68501 29.5964 13.6401 -4548.34
(1,(2,3),((4,6),5)); -4543 -1.92741 28.5901 13.3288 -4556.33
(1,2,(3,(4,(5,6)))); -4534.97 -0.99904 28.6627 13.9133 -4548.72
(1,(2,3),(4,(5,6))); -4538.4 -1.24145 29.5818 13.832 -4552.91
(1,2,(3,(4,(5,6)))); -4534.14 -0.99904 28.1982 12.9006 -4548.44
(1,2,(3,(4,(5,6)))); -4534.5 -0.99904 29.1887 13.4423 -4549.24
(1,(2,3),(4,(5,6))); -4536.83 -1.24145 30.1403 13.41 -4552.32
(1,2,(3,(4,(5,6)))); -4533.41 -0.99904 30.3833 13.4469 -4549.34
(1,2,(3,(4,(5,6)))); -4535.91 -0.99904 27.9399 13.8953 -4548.96
(1,(2,3),(4,(5,6))); -4537.23 -1.24145 29.3615 13.1964 -4552.15
(1,(2,3),(4,(5,6))); -4538.52 -1.24145 28.3062 13.3978 -4552.19
(1,(2,3),((4,6),5)); -4543.44 -1.92741 28.9807 13.6475 -4556.85
(1,2,(3,(4,(5,6)))); -4534.69 -0.99904 29.252 13.6777 -4549.26
(1,(2,3),((4,6),5)); -4543.8 -1.92741 28.3077 13.5182 -4556.66
(1,2,(3,((4,6),5))); -4536.66 -1.68501 27.7483 13.9604 -4548.76
(1,(2,3),(4,(5,6))); -4542.47 -1.24145 24.7652 13.6664 -4552.32
(1,2,(3,(4,(5,6)))); -4532.83 -0.99904 30.1656 13.3507 -4548.65
(1,2,(3,(4,(5,6)))); -4534.81 -0.99904 29.2463 13.7899 -4549.27
(1,2,(3,((4,6),5))); -4536.55 -1.68501 26.8771 13.3889 -4548.35
(1,(2,3),(4,(5,6))); -4538.22 -1.24145 28.1984 13.0832 -4552.09
(1,2,(3,(4,(5,6)))); -4533.88 -0.99904 29.31 13.2693 -4548.92
(1,(2,3),(4,(5,6))); -4537.89 -1.24145 29.2998 13.7594 -4552.19
(1,(2,3),(4,(5,6))); -4537.16 -1.24145 30.4357 13.8859 -4552.47
(1,(2,3),(4,(5,6))); -4538.36 -1.24145 28.1008 13.1255 -4552.09
(1,(2,3),(4,(5,6))); -4535.98 -1.24145 30.733 13.4556 -4552.02
(1,2,(3,((4,6),5))); -4534.9 -1.68501 28.4994 13.3474 -4548.37
(1,2,(3,(4,(5,6)))); -4534.51 -0.99904 28.8518 13.5393 -4548.82
(1,(2,3),(4,(5,6))); -4539.14 -1.24145 28.0922 14.0481 -4551.94
(1,(2,3),(4,(5,6))); -4538.63 -1.24145 28.7698 13.9651 -4552.19
(1,2,(3,((4,6),5))); -4533.56 -1.68501 29.4513 13.1622 -4548.17
(1,2,(3,((4,6),5))); -4533 -1.68501 31.1832 13.8744 -4548.62
(1,(2,3),((4,6),5)); -4546.33 -1.92741 25.9344 13.3641 -4556.97
(1,2,(3,(4,(5,6)))); -4534.16 -0.99904 29.718 13.5361 -4549.34
(1,2,(3,((4,6),5))); -4533.37 -1.68501 30.0052 13.3913 -4548.3
(1,2,(3,(4,(5,6)))); -4536.8 -0.99904 26.2708 13.0772 -4548.99
(1,2,(3,(4,(5,6)))); -4534.98 -0.99904 28.5634 13.7334 -4548.81
(1,(2,3),(4,(5,6))); -4536.48 -1.24145 30.0814 13.0766 -4552.24
(1,2,(3,(4,(5,6)))); -4533.37 -0.99904 30.5046 13.6172 -4549.26
(1,(2,3),(4,(5,6))); -4539.9 -1.24145 27.2888 13.6006 -4552.35
(1,2,(3,(4,(5,6)))); -4533.72 -0.99904 29.4667 13.2486 -4548.94
(1,2,(3,(4,(5,6)))); -4538.6 -0.99904 25.0829 13.4012 -4549.28
(1,2,(3,(4,(5,6)))); -4536.53 -0.99904 27.9208 13.9883 -4549.46
(1,2,(3,((4,6),5))); -4533.58 -1.68501 30.1139 13.5889 -4548.42
(1,(2,3),((4,6),5)); -4542.55 -1.92741 29.5789 13.5054 -4556.7
(1,2,(3,((4,6),5))); -4534.34 -1.68501 29.1471 13.6087 -4548.19
(1,(2,3),((4,6),5)); -4543.71 -1.92741 29.0392 13.8633 -4556.96
(1,2,(3,((4,6),5))); -4535.34 -1.68501 28.9046 13.6521 -4548.91
(1,2,(3,((4,6),5))); -4534.46 -1.68501 29.5877 13.4421 -4548.92
(1,(2,3),(4,(5,6))); -4537.7 -1.24145 29.8892 13.9131 -4552.43
(1,2,(3,(4,(5,6)))); -4536.42 -0.99904 28.3866 14.1478 -4549.66
(1,2,(3,(4,(5,6)))); -4532.16 -0.99904 31.282 13.4182 -4549.03
(1,2,(3,(4,(5,6)))); -4533.51 -0.99904 29.53 13.5187 -4548.53
(1,(2,3),(4,(5,6))); -4537.52 -1.24145 28.9772 13.055 -4552.2
(1,2,(3,(4,(5,6)))); -4535.71 -0.99904 27.3963 13.1539 -4548.95
(1,(2,3),((4,6),5)); -4544.66 -1.92741 27.0537 12.9849 -4556.8
(1,(2,3),(4,(5,6))); -4539.99 -1.24145 27.4313 13.8896 -4552.29
(1,2,(3,((4,6),5))); -4535.14 -1.68501 29.1678 13.8866 -4548.74
(1,2,(3,((4,6),5))); -4533.46 -1.68501 30.592 13.5661 -4548.8
(1,2,(3,(4,(5,6)))); -4536.32 -0.99904 27.7789 14.1003 -4549
(1,(2,3),(4,(5,6))); -4538.83 -1.24145 27.7521 12.9346 -4552.4
(1,(2,3),(4,(5,6))); -4536.73 -1.24145 30.7309 13.635 -4552.59
(1,2,(3,(4,(5,6)))); -4533.1 -0.99904 30.0757 13.1429 -4549.03
(1,2,(3,(4,(5,6)))); -4539.31 -0.99904 24.6057 13.7612 -4549.15
(1,(2,3),(4,(5,6))); -4535.51 -1.24145 31.5187 13.4486 -4552.34
(1,(2,3),((4,6),5)); -4542.16 -1.92741 29.6355 13.4093 -4556.46
(1,(2,3),((4,6),5)); -4544.33 -1.92741 27.8477 13.5336 -4556.72
(1,2,(3,(4,(5,6)))); -4533.95 -0.99904 29.6666 13.4218 -4549.2
(1,(2,3),(4,(5,6))); -4541.66 -1.24145 26.6758 14.2743 -4552.82
(1,2,(3,((4,6),5))); -4532.69 -1.68501 31.323 13.7079 -4548.62
(1,(2,3),((4,6),5)); -4543.9 -1.92741 29.1033 14.0739 -4557
(1,2,(3,(4,(5,6)))); -4531.2 -0.99904 32.2284 13.4394 -4548.99
(1,(2,3),(4,(5,6))); -4540.15 -1.24145 27.4534 13.6413 -4552.72
(1,2,(3,(4,(5,6)))); -4532.57 -0.99904 30.9876 13.6104 -4548.95
(1,(2,3),(4,(5,6))); -4535.23 -1.24145 31.4343 13.3625 -4552.06
(1,2,(3,(4,(5,6)))); -4537.8 -0.99904 25.7785 13.1995 -4549.38
(1,(2,3),((4,6),5)); -4541.93 -1.92741 30.8455 13.9903 -4556.85
(1,2,(3,(4,(5,6)))); -4535.2 -0.99904 28.5803 13.6805 -4549.1
(1,(2,3),(4,(5,6))); -4538.73 -1.24145 28.5503 13.6878 -4552.35
(1,2,(3,(4,(5,6)))); -4533.46 -0.99904 30.177 13.5114 -4549.13
(1,2,(3,(4,(5,6)))); -4536.19 -0.99904 27.9679 13.5789 -4549.58
(1,2,(3,(4,(5,6)))); -4536.62 -0.99904 26.406 13.27 -4548.75
(1,(2,3),((4,6),5)); -4541.72 -1.92741 30.8568 13.2361 -4557.42
(1,2,(3,(4,(5,6)))); -4533.66 -0.99904 29.6013 13.3242 -4548.93
(1,(2,3),((4,6),5)); -4547.19 -1.92741 24.6877 13.3701 -4556.58
(1,2,(3,(4,(5,6)))); -4538.49 -0.99904 24.9092 13.4506 -4548.95
(1,(2,3),(4,(5,6))); -4536.87 -1.24145 30.9568 14.1656 -4552.42
(1,(2,3),((4,6),5)); -4544.8 -1.92741 27.2017 13.2472 -4556.83
(1,2,(3,(4,(5,6)))); -4533.61 -0.99904 30.2159 13.6825 -4549.14
(1,2,(3,((4,6),5))); -4535.86 -1.68501 28.226 13.5484 -4548.86
(1,2,(3,((4,6),5))); -4536.07 -1.68501 27.9789 13.4165 -4548.94
(1,2,(3,((4,6),5))); -4534.62 -1.68501 28.6315 13.2096 -4548.36
(1,2,(3,((4,6),5))); -4534.97 -1.68501 28.5774 13.3852 -4548.48
(1,(2,3),((4,6),5)); -4542.85 -1.92741 29.2889 13.4204 -4556.79
(1,2,(3,(4,(5,6)))); -4532.62 -0.99904 31.0462 13.7965 -4548.87
(1,2,(3,((4,6),5))); -4532.17 -1.68501 32.2415 13.8508 -4548.87
(1,(2,3),(4,(5,6))); -4536.93 -1.24145 30.8531 13.7102 -4552.83
(1,(2,3),(4,(5,6))); -4539.29 -1.24145 27.7495 13.3465 -4552.45
(1,(2,3),(4,(5,6))); -4534.5 -1.24145 32.1385 13.2824 -4552.11
(1,2,(3,(4,(5,6)))); -4539.22 -0.99904 24.1764 13.6097 -4548.79
(1,2,(3,(4,(5,6)))); -4532.26 -0.99904 31.9421 13.9818 -4549.22
(1,(2,3),((4,6),5)); -4542.95 -1.92741 29.1832 13.4385 -4556.77
(1,(2,3),((4,6),5)); -4544.84 -1.92741 26.9954 13.143 -4556.77
(1,2,(3,(4,(5,6)))); -4533.05 -0.99904 30.6795 13.5825 -4549.15
(1,2,(3,((4,6),5))); -4535.5 -1.68501 29.1589 13.9732 -4549.01
(1,2,(3,((4,6),5))); -4535.54 -1.68501 27.1766 12.9904 -4548.04
(1,2,(3,((4,6),5))); -4534.37 -1.68501 30.0198 13.885 -4548.82
(1,2,(3,(4,(5,6)))); -4540.14 -0.99904 24.2324 13.8557 -4549.52
(1,(2,3),((4,6),5)); -4543.88 -1.92741 28.1106 13.4184 -4556.65
(1,(2,3),(4,(5,6))); -4536.55 -1.24145 30.6605 13.6901 -4552.28
(1,2,(3,(4,(5,6)))); -4533 -0.99904 30.5625 13.6245 -4548.94
(1,2,(3,(4,(5,6)))); -4537.94 -0.99904 26.1802 13.8627 -4549.26
(1,(2,3),(4,(5,6))); -4536.65 -1.24145 29.5578 13.144 -4551.82
(1,(2,3),((4,6),5)); -4541.39 -1.92741 31.0899 13.7754 -4556.78
(1,(2,3),((4,6),5)); -4543.75 -1.92741 28.6707 13.5234 -4556.97
(1,2,(3,((4,6),5))); -4534.72 -1.68501 28.7243 13.5111 -4548.25
(1,2,(3,(4,(5,6)))); -4533.59 -0.99904 30.2582 13.8815 -4548.96
(1,2,(3,(4,(5,6)))); -4534.15 -0.99904 29.9818 13.7771 -4549.36
(1,2,(3,(4,(5,6)))); -4537.8 -0.99904 25.5619 13.271 -4549.09
(1,2,(3,(4,(5,6)))); -4532.27 -0.99904 31.4987 13.6422 -4549.13
(1,(2,3),((4,6),5)); -4545.16 -1.92741 27.8045 13.4335 -4557.61
(1,2,(3,((4,6),5))); -4536.27 -1.68501 28.2537 13.7762 -4549.06
(1,2,(3,(4,(5,6)))); -4535.72 -0.99904 28.417 14.0635 -4549.08
(1,2,(3,((4,6),5))); -4534.84 -1.68501 28.9063 13.3112 -4548.75
(1,(2,3),((4,6),5)); -4540.59 -1.92741 31.8444 13.7112 -4556.79
(1,(2,3),(4,(5,6))); -4534.32 -1.24145 32.6064 13.5019 -4552.18
(1,(2,3),(4,(5,6))); -4540.89 -1.24145 26.1029 13.6341 -4552.12
(1,(2,3),(4,(5,6))); -4537.06 -1.24145 29.7802 13.3058 -4552.29
(1,(2,3),(4,(5,6))); -4537.63 -1.24145 29.1976 13.6039 -4551.99
(1,2,(3,((4,6),5))); -4542.46 -1.68501 20.1588 12.9809 -4547.95
(1,(2,3),(4,(5,6))); -4539.09 -1.24145 27.5908 13.494 -4551.95
(1,(2,3),(4,(5,6))); -4544.76 -1.24145 22.5673 13.2067 -4552.87
(1,2,(3,(4,(5,6)))); -4531.35 -0.99904 32.4883 13.6082 -4549.23
(1,(2,3),((4,6),5)); -4541.53 -1.92741 31.0368 13.6128 -4557.02
(1,2,(3,(4,(5,6)))); -4533.29 -0.99904 30.542 13.5136 -4549.31
(1,(2,3),(4,(5,6))); -4536.94 -1.24145 29.9272 13.6577 -4551.97
(1,2,(3,(4,(5,6)))); -4534.66 -0.99904 28.8815 13.486 -4549.05
(1,2,(3,(4,(5,6)))); -4536.95 -0.99904 26.4508 13.6937 -4548.71
(1,2,(3,(4,(5,6)))); -4532.18 -0.99904 31.8141 13.818 -4549.17
(1,2,(3,(4,(5,6)))); -4532.12 -0.99904 31.6463 13.5148 -4549.25
(1,2,(3,((4,6),5))); -4533.18 -1.68501 30.2955 13.521 -4548.27
(1,2,(3,((4,6),5))); -4536.75 -1.68501 27.2301 13.1875 -4549.1
(1,2,(3,((4,6),5))); -4535.5 -1.68501 29.3271 14.1636 -4548.98
(1,2,(3,((4,6),5))); -4532.6 -1.68501 31.0423 13.4272 -4548.53
(1,2,(3,((4,6),5))); -4536.47 -1.68501 27.37 13.6285 -4548.52
(1,2,(3,(4,(5,6)))); -4537.83 -0.99904 25.8793 13.2093 -4549.5
(1,2,(3,((4,6),5))); -4535.4 -1.68501 28.1007 13.2916 -4548.52
(1,(2,3),(4,(5,6))); -4539.74 -1.24145 27.2846 13.4149 -4552.37
(1,2,(3,((4,6),5))); -4536.92 -1.68501 27.2679 13.8492 -4548.65
(1,2,(3,(4,(5,6)))); -4533.96 -0.99904 29.9126 13.4595 -4549.41
(1,(2,3),(4,(5,6))); -4539.05 -1.24145 28.0031 13.2225 -4552.59
(1,(2,3),(4,(5,6))); -4544.85 -1.24145 22.6869 13.9997 -4552.3
(1,2,(3,((4,6),5))); -4534.09 -1.68501 29.4545 13.5295 -4548.33
(1,2,(3,(4,(5,6)))); -4533.69 -0.99904 29.0343 13.0948 -4548.63
(1,2,(3,((4,6),5))); -4536.04 -1.68501 28.1206 13.5598 -4548.92
(1,(2,3),(4,(5,6))); -4537.23 -1.24145 30.1313 13.76 -4552.36
(1,(2,3),((4,6),5)); -4540.72 -1.92741 31.3398 13.5103 -4556.62
(1,2,(3,((4,6),5))); -4534.81 -1.68501 28.6434 13.5057 -4548.27
(1,2,(3,((4,6),5))); -4535.47 -1.68501 28.4477 13.4031 -4548.83
(1,2,(3,(4,(5,6)))); -4533.45 -0.99904 30.3439 13.6711 -4549.13
(1,2,(3,(4,(5,6)))); -4537.25 -0.99904 26.1905 13.2333 -4549.21
(1,(2,3),(4,(5,6))); -4538.48 -1.24145 29.6442 14.121 -4552.76
(1,2,(3,((4,6),5))); -4535.38 -1.68501 28.0414 13.1879 -4548.55
(1,(2,3),(4,(5,6))); -4539.96 -1.24145 27.1523 13.3387 -4552.53
(1,2,(3,((4,6),5))); -4531.49 -1.68501 32.4529 13.5569 -4548.7
(1,2,(3,(4,(5,6)))); -4531.51 -0.99904 32.3995 13.65 -4549.26
(1,(2,3),(4,(5,6))); -4540.57 -1.24145 26.6703 13.604 -4552.4
(1,(2,3),((4,6),5)); -4543.08 -1.92741 29.3743 13.7864 -4556.74
(1,(2,3),(4,(5,6))); -4536.65 -1.24145 30.8415 13.9377 -4552.32
(1,2,(3,((4,6),5))); -4533.44 -1.68501 30.5509 13.5897 -4548.72
(1,2,(3,(4,(5,6)))); -4533.69 -0.99904 29.9514 13.3878 -4549.25
(1,(2,3),(4,(5,6))); -4536.36 -1.24145 31.2402 13.4634 -4552.89
(1,2,(3,((4,6),5))); -4535.43 -1.68501 29.1676 13.8683 -4549.04
(1,(2,3),((4,6),5)); -4544.03 -1.92741 27.8939 13.4262 -4556.57
(1,(2,3),((4,6),5)); -4540.34 -1.92741 31.8872 13.5523 -4556.75
(1,2,(3,((4,6),5))); -4532.39 -1.68501 30.8262 13.2671 -4548.26
(1,2,(3,(4,(5,6)))); -4534.95 -0.99904 28.176 13.3206 -4548.8
(1,2,(3,(4,(5,6)))); -4532.94 -0.99904 30.8618 13.6319 -4549.18
(1,(2,3),(4,(5,6))); -4536.17 -1.24145 30.946 13.5079 -4552.36
(1,2,(3,((4,6),5))); -4534.95 -1.68501 29.0762 13.4047 -4548.93
(1,(2,3),(4,(5,6))); -4536.28 -1.24145 30.455 13.2746 -4552.22
(1,2,(3,((4,6),5))); -4535.5 -1.68501 28.0949 13.2004 -4548.71
(1,(2,3),(4,(5,6))); -4537.66 -1.24145 29.7545 13.9336 -4552.24
(1,(2,3),(4,(5,6))); -4537.76 -1.24145 29.8652 13.9098 -4552.47
(1,(2,3),(4,(5,6))); -4541.32 -1.24145 25.0418 12.9571 -4552.16
(1,2,(3,((4,6),5))); -4535.25 -1.68501 28.0921 13.4374 -4548.22
(1,2,(3,(4,(5,6)))); -4537.49 -0.99904 26.0541 13.7146 -4548.83
(1,(2,3),(4,(5,6))); -4537.98 -1.24145 28.786 13.584 -4551.94
(1,2,(3,(4,(5,6)))); -4532.84 -0.99904 30.6688 13.4897 -4549.02
(1,(2,3),(4,(5,6))); -4537.79 -1.24145 29.1886 13.1833 -4552.56
(1,(2,3),(4,(5,6))); -4537.46 -1.24145 29.1434 13.3217 -4552.04
(1,2,(3,(4,(5,6)))); -4532.74 -0.99904 30.8205 13.5363 -4549.03
(1,(2,3),(4,(5,6))); -4539.45 -1.24145 27.8499 13.6713 -4552.39
(1,2,(3,(4,(5,6)))); -4532.77 -0.99904 31.0782 13.4877 -4549.37
(1,(2,3),(4,(5,6))); -4536.83 -1.24145 29.3947 13.0312 -4551.96
(1,(2,(4,(5,6))),3); -4539.21 -4.90183 27.959 13.5393 -4548.72
(1,2,(3,(4,(5,6)))); -4537.66 -0.99904 25.7329 13.0419 -4549.35
(1,(2,3),((4,6),5)); -4543.56 -1.92741 28.9479 13.8566 -4556.73
(1,2,(3,((4,6),5))); -4531.92 -1.68501 31.8622 13.4781 -4548.62
(1,2,(3,(4,(5,6)))); -4534.01 -0.99904 30.0164 13.8057 -4549.23
(1,(2,3),(4,(5,6))); -4538.84 -1.24145 28.8052 13.4847 -4552.92
(1,(2,3),(4,(5,6))); -4539.34 -1.24145 27.7056 13.5617 -4552.24
(1,2,(3,((4,6),5))); -4532.57 -1.68501 31.2337 13.4959 -4548.62
(1,(2,3),((4,6),5)); -4540.81 -1.92741 31.8636 13.5367 -4557.21
(1,2,(3,(4,(5,6)))); -4536.89 -0.99904 25.5674 12.9732 -4548.49
(1,2,(3,((4,6),5))); -4535.43 -1.68501 28.1681 13.3277 -4548.59
(1,(2,3),((4,6),5)); -4543.75 -1.92741 28.068 13.057 -4556.83
(1,2,(3,((4,6),5))); -4538.4 -1.68501 24.931 13.0644 -4548.58
(1,(2,3),(4,(5,6))); -4536.51 -1.24145 30.8077 13.4872 -4552.59
(1,2,(3,((4,6),5))); -4534.82 -1.68501 28.6368 13.4276 -4548.35
(1,2,(3,(4,(5,6)))); -4535.11 -0.99904 28.0545 12.9747 -4549.19
(1,(2,3),((4,6),5)); -4540.89 -1.92741 31.6662 13.8229 -4556.81
(1,2,(3,(4,(5,6)))); -4537.54 -0.99904 26.38 13.827 -4549.1
(1,(2,3),(4,(5,6))); -4539.93 -1.24145 26.5227 13.1081 -4552.1
(1,(2,3),(4,(5,6))); -4535.01 -1.24145 32.2767 13.5337 -4552.51
(1,2,(3,(4,(5,6)))); -4532.54 -0.99904 30.6158 13.3153 -4548.84
(1,2,(3,((4,6),5))); -4535.35 -1.68501 28.3385 13.012 -4548.99
(1,2,(3,((4,6),5))); -4535.5 -1.68501 28.0189 13.4792 -4548.35
(1,2,(3,(4,(5,6)))); -4532.48 -0.99904 31.2823 13.48 -4549.28
(1,(2,3),(4,(5,6))); -4537.43 -1.24145 30.1253 14.0013 -4552.31
(1,(2,3),((4,6),5)); -4540.88 -1.92741 31.5206 13.6498 -4556.83
(1,(2,3),(4,(5,6))); -4541.97 -1.24145 23.9079 12.8799 -4551.76
(1,(2,3),(4,(5,6))); -4538 -1.24145 29.8497 14.1184 -4552.49
(1,2,(3,((4,6),5))); -4534.96 -1.68501 28.9355 13.6874 -4548.53
(1,2,(3,((4,6),5))); -4533.29 -1.68501 30.2748 13.6458 -4548.24
(1,(2,3),(4,(5,6))); -4538.15 -1.24145 29.4214 13.8186 -4552.51
(1,(2,3),(4,(5,6))); -4542.01 -1.24145 25.6119 13.9208 -4552.46
(1,(2,3),((4,6),5)); -4542.45 -1.92741 30.397 13.8053 -4557.12
(1,2,(3,(4,(5,6)))); -4535.28 -0.99904 29.4275 14.2321 -4549.48
(1,(2,3),(4,(5,6))); -4538.61 -1.24145 28.304 13.5779 -4552.09
(1,2,(3,(4,(5,6)))); -4533.41 -0.99904 29.4501 13.178 -4548.69
(1,2,(3,((4,6),5))); -4534.35 -1.68501 29.4099 13.3995 -4548.67
(1,2,(3,((4,6),5))); -4539.7 -1.68501 24.039 13.3619 -4548.69
(1,(2,3),(4,(5,6))); -4536.55 -1.24145 30.3473 13.429 -4552.23
(1,2,(3,((4,6),5))); -4534.98 -1.68501 29.3275 14.0206 -4548.6
(1,(2,3),(4,(5,6))); -4540.6 -1.24145 26.5304 13.2547 -4552.63
(1,(2,3),((4,6),5)); -4541.53 -1.92741 30.8505 13.2622 -4557.19
(1,2,(3,((4,6),5))); -4536.24 -1.68501 27.5077 13.1998 -4548.86
(1,2,(3,(4,(5,6)))); -4535.92 -0.99904 27.636 13.866 -4548.69
(1,(2,3),(4,(5,6))); -4535.12 -1.24145 31.2148 13.3109 -4551.78
(1,2,(3,(4,(5,6)))); -4533.15 -0.99904 31.3123 14.1222 -4549.35
(1,2,(3,(4,(5,6)))); -4533.73 -0.99904 30.3615 13.9536 -4549.14
(1,2,(3,(4,(5,6)))); -4533.02 -0.99904 30.8138 13.4148 -4549.42
(1,2,(3,(4,(5,6)))); -4534.04 -0.99904 28.8859 13.5081 -4548.42
(1,2,(3,((4,6),5))); -4537.38 -1.68501 26.4374 13.7931 -4548.34
(1,2,(3,(4,(5,6)))); -4534.43 -0.99904 28.5169 13.1329 -4548.81
(1,2,(3,((4,6),5))); -4536.85 -1.68501 27.4358 13.6111 -4548.99
(1,(2,3),(4,(5,6))); -4539.23 -1.24145 27.2638 13.4698 -4551.78
(1,(2,3),((4,6),5)); -4541.71 -1.92741 30.3663 13.4178 -4556.73
(1,2,(3,(4,(5,6)))); -4533.41 -0.99904 30.8473 13.9839 -4549.27
(1,2,(3,(4,(5,6)))); -4532.57 -0.99904 31.5691 13.8528 -4549.28
(1,2,(3,(4,(5,6)))); -4535.2 -0.99904 27.8786 13.2325 -4548.84
(1,(2,3),(4,(5,6))); -4535.93 -1.24145 31.2863 13.7544 -4552.22
(1,2,(3,(4,(5,6)))); -4533.33 -0.99904 29.9536 13.438 -4548.84
(1,(2,3),((4,6),5)); -4543.05 -1.92741 28.5396 13.5048 -4556.16
(1,2,(3,((4,6),5))); -4534.97 -1.68501 28.5705 13.1046 -4548.75
(1,(2,3),((4,6),5)); -4545.35 -1.92741 27.3425 13.8818 -4556.89
(1,(2,3),((4,6),5)); -4543.8 -1.92741 27.3014 12.9661 -4556.21
(1,2,(3,(4,(5,6)))); -4531.91 -0.99904 31.8276 13.749 -4548.99
(1,2,(3,(4,(5,6)))); -4532.2 -0.99904 30.5845 13.2589 -4548.52
(1,(2,3),(4,(5,6))); -4536.01 -1.24145 31.3383 13.4245 -4552.68
(1,2,(3,(4,(5,6)))); -4534.56 -0.99904 29.8894 13.8551 -4549.59
(1,(2,3),((4,6),5)); -4545.44 -1.92741 26.5906 13.5521 -4556.55
(1,(2,3),(4,(5,6))); -4537.77 -1.24145 28.8809 13.2088 -4552.2
(1,(2,3),(4,(5,6))); -4537.82 -1.24145 28.7949 13.227 -4552.15
(1,2,(3,(4,(5,6)))); -4531.41 -0.99904 32.4264 13.6655 -4549.18
(1,(2,3),(4,(5,6))); -4540.02 -1.24145 28.2465 14.208 -4552.82
(1,2,(3,(4,(5,6)))); -4537.44 -0.99904 27.2913 14.112 -4549.62
(1,(2,3),(4,(5,6))); -4536.8 -1.24145 30.1716 13.4169 -4552.31
(1,2,(3,((4,6),5))); -4533.51 -1.68501 30.9362 14.0196 -4548.74
(1,2,(3,(4,(5,6)))); -4535.17 -0.99904 28.692 13.3788 -4549.49
(1,(2,3),((4,6),5)); -4542.42 -1.92741 29.6593 13.5289 -4556.62
(1,(2,3),((4,6),5)); -4545.45 -1.92741 27.2269 13.7571 -4556.99
(1,2,(3,(4,(5,6)))); -4533.54 -0.99904 30.3076 13.5189 -4549.33
(1,2,(3,((4,6),5))); -4534.69 -1.68501 28.814 13.2822 -4548.54
(1,2,(3,(4,(5,6)))); -4533.53 -0.99904 30.4327 13.6296 -4549.33
(1,(2,3),(4,(5,6))); -4536.67 -1.24145 30.1327 13.3411 -4552.22
(1,2,(3,(4,(5,6)))); -4533.54 -0.99904 29.4269 13.1487 -4548.82
(1,2,(3,(4,(5,6)))); -4536.38 -0.99904 25.8547 12.9715 -4548.26
(1,2,(3,(4,(5,6)))); -4532.9 -0.99904 30.2926 13.3625 -4548.84
(1,2,(3,(4,(5,6)))); -4536.61 -0.99904 26.3665 13.1309 -4548.84
(1,2,(3,(4,(5,6)))); -4536.01 -0.99904 27.8557 13.8287 -4549.04
(1,2,(3,(4,(5,6)))); -4537.14 -0.99904 26.7043 13.7444 -4549.1
(1,2,(3,(4,(5,6)))); -4532.54 -0.99904 31.8043 13.9028 -4549.44
(1,2,(3,((4,6),5))); -4536.78 -1.68501 26.8919 13.1254 -4548.86
(1,(2,3),(4,(5,6))); -4538.36 -1.24145 29.3353 13.7677 -4552.69
(1,2,(3,(4,(5,6)))); -4534.42 -0.99904 29.8823 13.9721 -4549.33
(1,(2,3),((4,6),5)); -4541.94 -1.92741 30.7164 13.5231 -4557.21
(1,2,(3,(4,(5,6)))); -4537.22 -0.99904 26.4701 13.2843 -4549.41
(1,2,(3,((4,6),5))); -4535.67 -1.68501 28.3465 13.7889 -4548.54
(1,2,(3,(4,(5,6)))); -4539.54 -0.99904 24.0042 13.6179 -4548.92
(1,2,(3,((4,6),5))); -4533.52 -1.68501 30.2964 13.6383 -4548.5
(1,2,(3,(4,(5,6)))); -4534.32 -0.99904 28.5477 13.2651 -4548.61
(1,(2,3),(4,(5,6))); -4535.26 -1.24145 31.8657 13.4669 -4552.42
(1,2,(3,((4,6),5))); -4536.74 -1.68501 27.5656 14.1173 -4548.51
(1,2,(3,(4,(5,6)))); -4534.16 -0.99904 29.6451 13.6709 -4549.14
(1,(2,3),((4,6),5)); -4540.43 -1.92741 31.8551 13.6376 -4556.72
(1,(2,3),((4,6),5)); -4542.13 -1.92741 29.1664 13.1229 -4556.25
(1,2,(3,((4,6),5))); -4531.13 -1.68501 32.6347 13.5652 -4548.52
(1,(2,3),(4,(5,6))); -4539.48 -1.24145 28.3714 13.782 -4552.82
(1,2,(3,((4,6),5))); -4534.6 -1.68501 29.7412 13.6952 -4548.96
(1,2,(3,(4,(5,6)))); -4536.18 -0.99904 27.3338 13.3338 -4549.19
(1,(2,3),(4,(5,6))); -4535.61 -1.24145 31.7812 13.5941 -4552.56
(1,(2,3),(4,(5,6))); -4536.52 -1.24145 30.8124 13.6745 -4552.42
(1,2,(3,(4,(5,6)))); -4533.58 -0.99904 29.8323 13.4276 -4548.98
(1,2,(3,((4,6),5))); -4532.85 -1.68501 31.1205 13.5774 -4548.71
(1,2,(3,(4,(5,6)))); -4535.64 -0.99904 27.5693 13.0602 -4549.15
(1,2,(3,((4,6),5))); -4533.97 -1.68501 29.6021 13.3625 -4548.53
(1,2,(3,(4,(5,6)))); -4540.2 -0.99904 23.0566 13.2581 -4549
(1,(2,3),(4,(5,6))); -4540.18 -1.24145 27.4053 13.871 -4552.47
(1,2,(3,(4,(5,6)))); -4534.62 -0.99904 27.9766 13.0283 -4548.57
(1,(2,3),(4,(5,6))); -4536.84 -1.24145 30.2351 13.519 -4552.31
(1,2,(3,(4,(5,6)))); -4536.28 -0.99904 27.4919 13.4975 -4549.28
(1,2,(3,(4,(5,6)))); -4535.64 -0.99904 28.7926 14.1522 -4549.28
(1,(2,3),(4,(5,6))); -4534.58 -1.24145 32.5582 13.5827 -4552.31
(1,2,(3,(4,(5,6)))); -4534.72 -0.99904 29.1157 13.7033 -4549.14
(1,2,(3,(4,(5,6)))); -4535.4 -0.99904 28.2301 13.4093 -4549.22
(1,2,(3,((4,6),5))); -4533.97 -1.68501 29.1698 13.3177 -4548.13
(1,(2,3),(4,(5,6))); -4539.24 -1.24145 28.0043 13.6889 -4552.31
(1,2,(3,(4,(5,6)))); -4537.08 -0.99904 26.0201 13.3173 -4548.79
(1,2,(3,((4,6),5))); -4531.36 -1.68501 32.7489 13.6235 -4548.8
(1,2,(3,((4,6),5))); -4534.64 -1.68501 29.4796 13.6594 -4548.78
(1,(2,3),((4,6),5)); -4547.27 -1.92741 25.0999 14.0403 -4556.41
(1,(2,3),(4,(5,6))); -4536.09 -1.24145 30.835 13.464 -4552.21
(1,(2,3),(4,(5,6))); -4535.84 -1.24145 31.8145 13.8358 -4552.58
(1,2,(3,(4,(5,6)))); -4533.55 -0.99904 29.8616 13.3365 -4549.07
(1,2,(3,((4,6),5))); -4536.54 -1.68501 27.6362 14.001 -4548.49
(1,(2,3),(4,(5,6))); -4537.84 -1.24145 29.032 13.362 -4552.27
(1,(2,3),(4,(5,6))); -4534.96 -1.24145 32.1644 13.4298 -4552.45
(1,(2,3),(4,(5,6))); -4536.32 -1.24145 30.8093 13.3496 -4552.53
(1,(2,3),(4,(5,6))); -4536.22 -1.24145 30.923 13.4716 -4552.43
(1,2,(3,(4,(5,6)))); -4535.43 -0.99904 28.3059 13.9304 -4548.8
(1,2,(3,(4,(5,6)))); -4533.62 -0.99904 29.9531 13.5711 -4549.01
(1,2,(3,(4,(5,6)))); -4536.6 -0.99904 26.9164 13.3488 -4549.17
(1,2,(3,(4,(5,6)))); -4531.75 -0.99904 32.0558 13.4714 -4549.34
(1,(2,3),((4,6),5)); -4539.56 -1.92741 32.1716 13.3666 -4556.44
(1,2,(3,((4,6),5))); -4531.51 -1.68501 32.4852 13.7518 -4548.56
(1,2,(3,(4,(5,6)))); -4534.21 -0.99904 29.8678 13.6691 -4549.41
(1,2,(3,(4,(5,6)))); -4533.08 -0.99904 30.1699 13.2342 -4549.02
(1,2,(3,(4,(5,6)))); -4533.78 -0.99904 30.3651 14.1349 -4549.01
(1,(2,3),(4,(5,6))); -4538.99 -1.24145 29.1059 13.9721 -4552.88
(1,(2,3),((4,6),5)); -4541.56 -1.92741 30.139 13.1907 -4556.59
(1,2,(3,(4,(5,6)))); -4532.64 -0.99904 30.6895 13.1977 -4549.13
(1,2,(3,(4,(5,6)))); -4534.02 -0.99904 29.1294 13.4132 -4548.74
(1,(2,3),(4,(5,6))); -4539.57 -1.24145 27.68 13.473 -4552.54
(1,2,(3,(4,(5,6)))); -4531.36 -0.99904 31.9861 13.4882 -4548.85
(1,2,(3,((4,6),5))); -4534.3 -1.68501 30.4592 14.0144 -4549.06
(1,(2,3),(4,(5,6))); -4536.48 -1.24145 30.4501 13.2753 -4552.41
(1,2,(3,(4,(5,6)))); -4532.41 -0.99904 31.4321 13.8508 -4548.99
(1,2,(3,(4,(5,6)))); -4531.93 -0.99904 32.1556 13.6802 -4549.41
(1,(2,3),((4,6),5)); -4544.72 -1.92741 26.5801 12.7438 -4556.63
(1,(2,3),((4,6),5)); -4540.33 -1.92741 31.8212 13.2497 -4556.98
(1,2,(3,((4,6),5))); -4535.23 -1.68501 28.3736 13.7847 -4548.13
(1,(2,3),(4,(5,6))); -4537.24 -1.24145 30.0392 13.4647 -4552.58
(1,2,(3,((4,6),5))); -4531.81 -1.68501 32.1358 13.7569 -4548.51
(1,2,(3,((4,6),5))); -4535.04 -1.68501 28.376 13.1615 -4548.57
(1,(2,3),(4,(5,6))); -4541.09 -1.24145 26.3239 13.4602 -4552.71
(1,2,(3,(4,(5,6)))); -4537.69 -0.99904 25.4803 12.9675 -4549.21
(1,2,(3,(4,(5,6)))); -4532.5 -0.99904 31.0836 13.5349 -4549.05
(1,(2,3),(4,(5,6))); -4538.12 -1.24145 29.6479 13.9496 -4552.58
(1,2,(3,((4,6),5))); -4534.23 -1.68501 29.6357 13.6441 -4548.54
(1,2,(3,((4,6),5))); -4538.34 -1.68501 26.8318 14.2437 -4549.24
(1,2,(3,(4,(5,6)))); -4531.33 -0.99904 32.3457 13.701 -4548.98
(1,(2,3),(4,(5,6))); -4534.77 -1.24145 32.0751 13.3917 -4552.22
(1,(2,3),((4,6),5)); -4544.3 -1.92741 27.0769 12.8934 -4556.55
(1,(2,3),(4,(5,6))); -4536.06 -1.24145 30.4637 13.3218 -4551.97
(1,2,(3,(4,(5,6)))); -4533.39 -0.99904 30.4047 13.8374 -4548.96
(1,2,(3,(4,(5,6)))); -4532.93 -0.99904 30.6341 13.5068 -4549.06
(1,(2,3),(4,(5,6))); -4540.12 -1.24145 27.2055 13.9415 -4552.14
(1,(2,3),((4,6),5)); -4539.85 -1.92741 32.4697 13.6043 -4556.79
(1,(2,3),((4,6),5)); -4545.81 -1.92741 27.6523 13.951 -4557.58
(1,(2,3),((4,6),5)); -4544.86 -1.92741 27.1619 13.1583 -4556.93
(1,(2,3),(4,(5,6))); -4536.07 -1.24145 31.3338 13.6305 -4552.53
(1,2,(3,(4,(5,6)))); -4532.73 -0.99904 30.8056 13.4394 -4549.09
(1,2,(3,(4,(5,6)))); -4532.23 -0.99904 31.3453 13.4727 -4549.1
(1,2,(3,((4,6),5))); -4539.66 -1.68501 24.3344 13.7334 -4548.57
(1,2,(3,(4,(5,6)))); -4533.74 -0.99904 30.6191 13.8467 -4549.51
(1,2,(3,((4,6),5))); -4531.46 -1.68501 32.4504 13.6541 -4548.57
(1,2,(3,((4,6),5))); -4532.94 -1.68501 31.2663 13.709 -4548.82
(1,(2,3),((4,6),5)); -4541.82 -1.92741 30.2766 13.4331 -4556.74
(1,2,(3,(4,(5,6)))); -4535.13 -0.99904 28.3371 13.5587 -4548.9
(1,2,(3,((4,6),5))); -4533.04 -1.68501 30.565 13.3412 -4548.58
(1,2,(3,((4,6),5))); -4532.71 -1.68501 31.0958 13.3933 -4548.73
(1,2,(3,((4,6),5))); -4534.69 -1.68501 29.2977 13.7286 -4548.57
(1,(2,3),((4,6),5)); -4540.87 -1.92741 31.491 13.3132 -4557.12
(1,2,(3,(4,(5,6)))); -4533.47 -0.99904 29.6988 13.19 -4548.98
(1,2,(3,(4,(5,6)))); -4532.74 -0.99904 30.7229 13.3645 -4549.09
(1,2,(3,(4,(5,6)))); -4532.14 -0.99904 31.4478 13.5239 -4549.06
(1,2,(3,(4,(5,6)))); -4537.46 -0.99904 25.969 13.6867 -4548.75
(1,(2,3),(4,(5,6))); -4537.72 -1.24145 29.2785 13.4496 -4552.3
(1,2,(3,(4,(5,6)))); -4536.92 -0.99904 25.7526 12.9928 -4548.68
(1,(2,3),(4,(5,6))); -4542.02 -1.24145 24.3745 13.3832 -4551.77
(1,2,(3,(4,(5,6)))); -4534.77 -0.99904 29.2547 13.8692 -4549.15
(1,2,(3,((4,6),5))); -4532.58 -1.68501 31.9305 13.84 -4548.99
(1,(2,3),(4,(5,6))); -4541.28 -1.24145 25.758 13.3565 -4552.44
(1,2,(3,(4,(5,6)))); -4533.72 -0.99904 29.6221 13.259 -4549.08
(1,2,(3,((4,6),5))); -4532.55 -1.68501 31.8445 13.8845 -4548.82
(1,(2,3),((4,6),5)); -4543.94 -1.92741 27.9939 13.3049 -4556.7
(1,(2,3),((4,6),5)); -4540.74 -1.92741 32.2225 13.6795 -4557.35
(1,(2,3),((4,6),5)); -4541.53 -1.92741 30.9056 13.43 -4557.08
(1,2,(3,(4,(5,6)))); -4535.83 -0.99904 28.0735 13.479 -4549.42
(1,2,(3,(4,(5,6)))); -4537.43 -0.99904 26.3975 13.5512 -4549.28
(1,(2,3),(4,(5,6))); -4544.17 -1.24145 22.8351 13.1949 -4552.57
(1,(2,3),(4,(5,6))); -4539.58 -1.24145 27.0448 12.8726 -4552.51
(1,2,(3,(4,(5,6)))); -4540 -0.99904 24.032 13.4019 -4549.63
(1,2,(3,((4,6),5))); -4532 -1.68501 31.8063 13.3896 -4548.73
(1,2,(3,(4,(5,6)))); -4535.19 -0.99904 28.0553 13.3501 -4548.9
(1,2,(3,(4,(5,6)))); -4536.86 -0.99904 26.4129 13.5221 -4548.75
(1,(2,3),((4,6),5)); -4547.61 -1.92741 23.9972 13.2941 -4556.38
(1,(2,3),((4,6),5)); -4541.86 -1.92741 30.3043 13.7292 -4556.51
(1,2,(3,((4,6),5))); -4534.31 -1.68501 28.9346 12.8927 -4548.67
(1,2,(3,(4,(5,6)))); -4534.96 -0.99904 28.9108 13.666 -4549.21
(1,(2,3),(4,(5,6))); -4536.83 -1.24145 30.368 13.6775 -4552.28
(1,2,(3,(4,(5,6)))); -4533.21 -0.99904 30.8919 13.8252 -4549.27
(1,2,(3,(4,(5,6)))); -4539.34 -0.99904 24.3884 13.833 -4548.9
(1,2,(3,((4,6),5))); -4532.9 -1.68501 30.5553 13.2074 -4548.56
(1,(2,3),(4,(5,6))); -4535.87 -1.24145 31.6835 13.7596 -4552.56
(1,2,(3,(4,(5,6)))); -4539.71 -0.99904 22.6768 13.1988 -4548.19
(1,2,(3,(4,(5,6)))); -4536.36 -0.99904 26.3681 12.7391 -4548.99
(1,2,(3,(4,(5,6)))); -4539 -0.99904 24.3097 13.3923 -4548.91
(1,2,(3,((4,6),5))); -4537.29 -1.68501 25.8025 12.969 -4548.44
(1,(2,3),(4,(5,6))); -4536.76 -1.24145 30.0624 13.4066 -4552.18
(1,2,(3,(4,(5,6)))); -4536.37 -0.99904 26.9753 13.6267 -4548.72
(1,(2,3),(4,(5,6))); -4539.38 -1.24145 27.5828 13.3957 -4552.33
(1,2,(3,(4,(5,6)))); -4533.02 -0.99904 30.9391 13.8766 -4549.08
(1,(2,3),(4,(5,6))); -4538.82 -1.24145 28.4073 13.3398 -4552.65
(1,2,(3,(4,(5,6)))); -4531.31 -0.99904 31.9257 13.2587 -4548.98
(1,(2,3),(4,(5,6))); -4539.07 -1.24145 28.2224 13.6461 -4552.4
(1,(2,3),(4,(5,6))); -4537.76 -1.24145 30.4153 14.1289 -4552.8
(1,2,(3,(4,(5,6)))); -4534.73 -0.99904 28.7147 13.1999 -4549.24
(1,2,(3,(4,(5,6)))); -4533.03 -0.99904 30.3591 13.4766 -4548.92
(1,2,(3,(4,(5,6)))); -4533.72 -0.99904 29.9653 13.7849 -4548.9
(1,(2,3),(4,(5,6))); -4537.09 -1.24145 30.2487 13.725 -4552.37
(1,(2,3),((4,6),5)); -4543.79 -1.92741 28.2468 13.077 -4557.03
(1,(2,3),(4,(5,6))); -4536.82 -1.24145 29.9387 13.6006 -4551.92
(1,(2,3),(4,(5,6))); -4540.09 -1.24145 27.4579 13.7437 -4552.56
(1,(2,3),(4,(5,6))); -4536.65 -1.24145 30.1915 13.3795 -4552.22
(1,2,(3,(4,(5,6)))); -4536.48 -0.99904 26.9777 13.5462 -4548.91
(1,(2,3),(4,(5,6))); -4536.37 -1.24145 30.7879 13.6973 -4552.22
(1,2,(3,(4,(5,6)))); -4535.83 -0.99904 28.2775 13.7252 -4549.38
(1,2,(3,(4,(5,6)))); -4534.95 -0.99904 29.4755 13.9802 -4549.45
(1,2,(3,(4,(5,6)))); -4536.99 -0.99904 26.7024 13.9108 -4548.79
(1,2,(3,((4,6),5))); -4538.02 -1.68501 25.0795 12.9082 -4548.5
(1,2,(3,((4,6),5))); -4536.13 -1.68501 28.1999 13.8921 -4548.75
(1,2,(3,(4,(5,6)))); -4535.4 -0.99904 28.7342 13.9554 -4549.18
(1,2,(3,(4,(5,6)))); -4533 -0.99904 30.8383 13.7143 -4549.12
(1,2,(3,((4,6),5))); -4535.16 -1.68501 29.3565 14.09 -4548.74
(1,(2,3),((4,6),5)); -4543.01 -1.92741 29.4871 13.6438 -4556.92
(1,2,(3,(4,(5,6)))); -4533.33 -0.99904 30.7723 13.7137 -4549.39
(1,2,(3,(4,(5,6)))); -4532.36 -0.99904 31.1698 13.7364 -4548.79
(1,(2,3),(4,(5,6))); -4540.5 -1.24145 26.4635 13.4201 -4552.3
(1,(2,3),(4,(5,6))); -4536.42 -1.24145 30.8834 13.5938 -4552.47
(1,2,(3,(4,(5,6)))); -4532.78 -0.99904 30.7466 13.5447 -4548.99
(1,2,(3,((4,6),5))); -4537.78 -1.68501 26.3573 13.8736 -4548.58
(1,2,(3,(4,(5,6)))); -4535.52 -0.99904 27.9586 13.8003 -4548.67
(1,2,(3,(4,(5,6)))); -4532.3 -0.99904 31.9716 13.8858 -4549.38
(1,2,(3,(4,(5,6)))); -4532.03 -0.99904 32.0538 13.6424 -4549.44
(1,(2,3),(4,(5,6))); -4535.59 -1.24145 31.7912 13.506 -4552.64
(1,2,(3,(4,(5,6)))); -4535.4 -0.99904 27.4211 12.8265 -4548.99
(1,(2,3),(4,(5,6))); -4536.15 -1.24145 31.1218 13.509 -4552.53
(1,(2,3),((4,6),5)); -4546.83 -1.92741 25.8119 14.0125 -4556.7
(1,(2,3),((4,6),5)); -4541.71 -1.92741 30.7822 13.4661 -4557.1
(1,2,(3,(4,(5,6)))); -4534.52 -0.99904 28.6506 13.4219 -4548.75
(1,2,(3,((4,6),5))); -4536.14 -1.68501 26.8412 12.9728 -4548.32
(1,(2,3),(4,(5,6))); -4538.24 -1.24145 28.8022 13.4041 -4552.4
(1,2,(3,((4,6),5))); -4536.45 -1.68501 27.7796 13.7484 -4548.8
(1,(2,3),(4,(5,6))); -4534.81 -1.24145 32.3839 13.5922 -4552.36
(1,2,(3,(4,(5,6)))); -4532.6 -0.99904 31.054 13.5378 -4549.11
(1,(2,3),((4,6),5)); -4540.67 -1.92741 31.6192 13.5349 -4556.83
(1,2,(3,(4,(5,6)))); -4541.64 -0.99904 22.5367 14.0616 -4549.11
(1,(2,3),(4,(5,6))); -4536.51 -1.24145 30.4181 13.3981 -4552.29
(1,(2,3),(4,(5,6))); -4537.93 -1.24145 29.0072 13.3733 -4552.33
(1,(2,3),(4,(5,6))); -4537.24 -1.24145 30.3791 13.9004 -4552.48
(1,(2,3),(4,(5,6))); -4536.45 -1.24145 30.1958 13.1971 -4552.21
(1,2,(3,(4,(5,6)))); -4534.36 -0.99904 29.2665 13.7568 -4548.88
(1,2,(3,(4,(5,6)))); -4532.62 -0.99904 31.5982 13.7585 -4549.46
(1,2,(3,(4,(5,6)))); -4533.49 -0.99904 30.2368 13.6312 -4549.09
(1,2,(3,(4,(5,6)))); -4533.18 -0.99904 30.5422 13.5129 -4549.21
(1,(2,3),((4,6),5)); -4543.88 -1.92741 28.087 13.6436 -4556.4
(1,(2,(4,(5,6))),3); -4539.67 -4.90183 27.8359 13.5591 -4549.05
(1,(2,3),(4,(5,6))); -4540.09 -1.24145 27.3059 13.973 -4552.18
(1,2,(3,((4,6),5))); -4534.44 -1.68501 28.9156 13.3988 -4548.27
(1,2,(3,(4,(5,6)))); -4535.53 -0.99904 27.9862 13.6026 -4548.92
(1,(2,3),((4,6),5)); -4543.67 -1.92741 28.7928 13.4344 -4557.1
(1,(2,3),(4,(5,6))); -4541.57 -1.24145 25.3405 13.3373 -4552.34
(1,2,(3,(4,(5,6)))); -4537.84 -0.99904 26.239 13.753 -4549.33
(1,2,(3,((4,6),5))); -4532.8 -1.68501 30.9298 13.7327 -4548.31
(1,2,(3,(4,(5,6)))); -4536.5 -0.99904 26.8433 13.2877 -4549.05
(1,2,(3,(4,(5,6)))); -4533.86 -0.99904 29.7345 13.5578 -4549.04
(1,(2,(4,(5,6))),3); -4538.92 -4.90183 28.2136 13.6054 -4548.62
(1,2,(3,((4,6),5))); -4537.57 -1.68501 27.4265 14.1625 -4549.15
(1,2,(3,(4,(5,6)))); -4534.75 -0.99904 29.4097 13.8905 -4549.27
(1,(2,3),(4,(5,6))); -4535.75 -1.24145 31.3099 13.3309 -4552.49
(1,2,(3,((4,6),5))); -4535.3 -1.68501 28.87 13.6703 -4548.82
(1,(2,3),((4,6),5)); -4542.19 -1.92741 29.4463 13.2675 -4556.44
(1,2,(3,((4,6),5))); -4533.05 -1.68501 30.4784 13.64 -4548.2
(1,2,(3,((4,6),5))); -4533.07 -1.68501 30.5912 13.4989 -4548.47
(1,(2,3),(4,(5,6))); -4538.88 -1.24145 27.8241 13.3024 -4552.16
(1,2,(3,(4,(5,6)))); -4533.64 -0.99904 29.7086 13.1558 -4549.19
(1,(2,3),(4,(5,6))); -4537.03 -1.24145 30.813 13.8608 -4552.74
(1,(2,3),(4,(5,6))); -4539.68 -1.24145 27.5626 13.8085 -4552.2
(1,(2,3),((4,6),5)); -4545.65 -1.92741 27.041 14.0328 -4556.73
(1,(2,3),(4,(5,6))); -4536.3 -1.24145 30.9394 13.5989 -4552.4
(1,2,(3,(4,(5,6)))); -4533.58 -0.99904 29.6716 13.6512 -4548.6
(1,2,(3,((4,6),5))); -4534.63 -1.68501 29.9834 14.006 -4548.92
(1,2,(3,(4,(5,6)))); -4534.12 -0.99904 29.8775 13.5904 -4549.4
(1,(2,3),(4,(5,6))); -4538.03 -1.24145 28.9107 13.426 -4552.28
(1,(2,3),(4,(5,6))); -4541.44 -1.24145 25.598 13.1472 -4552.65
(1,2,(3,(4,(5,6)))); -4537.03 -0.99904 26.4385 13.4084 -4549.06
(1,2,(3,((4,6),5))); -4537.81 -1.68501 26.5917 13.7365 -4548.98
(1,2,(3,((4,6),5))); -4533.87 -1.68501 30.1868 13.8071 -4548.56
(1,2,(3,(4,(5,6)))); -4534.21 -0.99904 29.4851 13.8043 -4548.89
(1,2,(3,(4,(5,6)))); -4534.39 -0.99904 29.6177 13.5845 -4549.42
(1,(2,3),(4,(5,6))); -4536.81 -1.24145 30.8595 13.8466 -4552.58
(1,2,(3,(4,(5,6)))); -4533.96 -0.99904 29.3602 13.4329 -4548.89
(1,2,(3,(4,(5,6)))); -4536.01 -0.99904 27.4777 13.3081 -4549.18
(1,2,(3,(4,(5,6)))); -4536.35 -0.99904 26.5701 13.4542 -4548.47
(1,(2,3),(4,(5,6))); -4540.24 -1.24145 26.9848 13.4999 -4552.49
(1,2,(3,(4,(5,6)))); -4532.7 -0.99904 30.7198 13.6167 -4548.8
(1,(2,3),(4,(5,6))); -4538.52 -1.24145 27.9838 13.3198 -4551.94
(1,(2,3),((4,6),5)); -4544.34 -1.92741 28.0944 13.6456 -4556.86
(1,(2,3),(4,(5,6))); -4542.43 -1.24145 25.1624 13.6342 -4552.71
(1,(2,3),((4,6),5)); -4545.8 -1.92741 27.4677 13.9779 -4557.36
(1,(2,3),((4,6),5)); -4540.7 -1.92741 31.4601 13.4641 -4556.76
(1,2,(3,((4,6),5))); -4532.93 -1.68501 31.013 13.6254 -4548.63
(1,2,(3,((4,6),5))); -4538.67 -1.68501 25.6083 13.7824 -4548.81
(1,(2,3),((4,6),5)); -4545.9 -1.92741 26.8257 13.5525 -4557.25
(1,(2,3),((4,6),5)); -4549.49 -1.92741 22.9528 13.1688 -4557.34
(1,(2,3),((4,6),5)); -4542.67 -1.92741 30.1111 13.9295 -4556.92
(1,2,(3,(4,(5,6)))); -4533.81 -0.99904 29.7895 13.4809 -4549.12
(1,(2,3),((4,6),5)); -4546.4 -1.92741 26.2631 13.2093 -4557.53
(1,(2,3),(4,(5,6))); -4536.55 -1.24145 30.8464 13.5438 -4552.61
(1,2,(3,(4,(5,6)))); -4531.62 -0.99904 31.6875 13.322 -4548.99
(1,(2,3),((4,6),5)); -4543.98 -1.92741 28.4238 13.8331 -4556.64
(1,(2,3),(4,(5,6))); -4536.28 -1.24145 30.4461 13.1857 -4552.3
(1,2,(3,((4,6),5))); -4536.01 -1.68501 27.7011 13.3656 -4548.66
(1,2,(3,((4,6),5))); -4533.44 -1.68501 30.3154 13.4676 -4548.6
(1,2,(3,((4,6),5))); -4542.82 -1.68501 20.7912 12.7664 -4549.16
(1,(2,3),(4,(5,6))); -4539.12 -1.24145 27.9574 13.3058 -4552.53
(1,2,(3,(4,(5,6)))); -4536.74 -0.99904 27.1807 13.6744 -4549.25
(1,(2,3),(4,(5,6))); -4540.02 -1.24145 26.9097 13.3845 -4552.3
(1,(2,3),((4,6),5)); -4540.76 -1.92741 31.4834 13.5426 -4556.77
(1,2,(3,(4,(5,6)))); -4532.27 -0.99904 31.5814 13.648 -4549.2
(1,(2,3),(4,(5,6))); -4541.55 -1.24145 25.7265 13.7475 -4552.29
(1,(2,3),((4,6),5)); -4541.53 -1.92741 30.5016 13.3064 -4556.8
(1,(2,3),(4,(5,6))); -4536.71 -1.24145 30.602 13.6247 -4552.44
(1,2,(3,((4,6),5))); -4533.83 -1.68501 30.2904 13.6576 -4548.78
(1,2,(3,(4,(5,6)))); -4539.13 -0.99904 24.5184 13.6465 -4549.01
(1,(2,3),((4,6),5)); -4541.48 -1.92741 30.4517 13.4341 -4556.57
(1,2,(3,(4,(5,6)))); -4536.2 -0.99904 27.1277 13.3732 -4548.96
(1,2,(3,((4,6),5))); -4534.21 -1.68501 30.0181 13.655 -4548.89
(1,(2,3),(4,(5,6))); -4536.18 -1.24145 31.2951 13.6798 -4552.56
(1,(2,3),(4,(5,6))); -4539.77 -1.24145 27.3405 13.7328 -4552.13
(1,(2,3),((4,6),5)); -4542.76 -1.92741 29.1204 13.4847 -4556.47
(1,(2,3),((4,6),5)); -4543.99 -1.92741 27.8196 13.5277 -4556.36
(1,2,(3,((4,6),5))); -4533.57 -1.68501 29.3208 13.029 -4548.18
(1,2,(3,((4,6),5))); -4535.95 -1.68501 28.3538 13.6724 -4548.95
(1,(2,((4,6),5)),3); -4547.17 -5.5878 22.3744 13.4218 -4550.54
(1,(2,(4,(5,6))),3); -4534.34 -4.90183 32.9601 13.5166 -4548.88
(1,2,(3,(4,(5,6)))); -4532.94 -0.99904 30.6225 13.5068 -4549.06
(1,2,(3,((4,6),5))); -4533.76 -1.68501 30.6531 13.9283 -4548.8
(1,(2,3),(4,(5,6))); -4538.66 -1.24145 28.2343 13.4436 -4552.21
(1,2,(3,((4,6),5))); -4534.37 -1.68501 28.6748 13.142 -4548.22
(1,(2,3),((4,6),5)); -4541.76 -1.92741 30.5842 13.5126 -4556.91
(1,2,(3,((4,6),5))); -4533.51 -1.68501 30.024 13.5823 -4548.26
(1,(2,3),((4,6),5)); -4540.55 -1.92741 31.0279 13.3737 -4556.27
(1,2,(3,(4,(5,6)))); -4535.35 -0.99904 28.5513 13.6568 -4549.25
(1,2,(3,(4,(5,6)))); -4533.78 -0.99904 29.8969 13.4299 -4549.25
(1,(2,3),((4,6),5)); -4541.76 -1.92741 30.0443 13.2152 -4556.66
(1,(2,3),((4,6),5)); -4540.88 -1.92741 31.0464 13.2193 -4556.78
(1,2,(3,((4,6),5))); -4532.04 -1.68501 32.2057 13.6813 -4548.88
(1,2,(3,((4,6),5))); -4534.76 -1.68501 29.2573 13.6024 -4548.73
(1,2,(3,(4,(5,6)))); -4535.16 -0.99904 28.3756 13.5664 -4548.98
(1,2,(3,((4,6),5))); -4534.86 -1.68501 29.5368 13.6547 -4549.06
(1,2,(3,(4,(5,6)))); -4535.62 -0.99904 28.4759 13.4354 -4549.66
(1,2,(3,(4,(5,6)))); -4533.79 -0.99904 29.6741 13.5951 -4548.87
(1,2,(3,((4,6),5))); -4533.75 -1.68501 30.0776 13.5113 -4548.63
(1,(2,3),(4,(5,6))); -4537.59 -1.24145 29.7416 13.8263 -4552.26
(1,2,(3,(4,(5,6)))); -4538.29 -0.99904 25.6965 13.6561 -4549.34
(1,2,(3,(4,(5,6)))); -4536.35 -0.99904 26.7303 13.3062 -4548.78
(1,2,(3,((4,6),5))); -4535.46 -1.68501 28.8814 13.7078 -4548.95
(1,(2,3),(4,(5,6))); -4536.6 -1.24145 30.8058 13.8266 -4552.34
(1,(2,3),(4,(5,6))); -4536.45 -1.24145 30.882 13.5624 -4552.53
(1,(2,3),(4,(5,6))); -4540.2 -1.24145 27.4389 13.7828 -4552.61
(1,2,(3,(4,(5,6)))); -4535.09 -0.99904 28.6609 13.7047 -4549.05
(1,2,(3,(4,(5,6)))); -4533.48 -0.99904 30.396 13.494 -4549.39
(1,2,(3,((4,6),5))); -4539.13 -1.68501 24.9524 13.5139 -4548.88
(1,2,(3,(4,(5,6)))); -4536.05 -0.99904 27.3447 13.4942 -4548.9
(1,2,(3,((4,6),5))); -4538.99 -1.68501 24.5586 13.323 -4548.54
(1,2,(3,(4,(5,6)))); -4534.49 -0.99904 28.6794 13.1841 -4548.98
(1,(2,3),(4,(5,6))); -4536.6 -1.24145 30.8368 13.6065 -4552.59
(1,2,(3,((4,6),5))); -4540.02 -1.68501 23.681 13.1606 -4548.86
(1,(2,3),(4,(5,6))); -4537.03 -1.24145 29.9691 13.6456 -4552.11
(1,2,(3,((4,6),5))); -4534.67 -1.68501 29.3089 13.4159 -4548.87
(1,(2,3),((4,6),5)); -4542.4 -1.92741 29.0023 13.3694 -4556.11
(1,(2,3),(4,(5,6))); -4538.63 -1.24145 27.6504 12.8642 -4552.18
(1,(2,3),(4,(5,6))); -4536.4 -1.24145 31.1485 13.6797 -4552.63
(1,2,(3,(4,(5,6)))); -4532.09 -0.99904 31.7092 13.8135 -4548.99
(1,2,(3,(4,(5,6)))); -4531.2 -0.99904 32.4492 13.6527 -4549
(1,2,(3,((4,6),5))); -4535.53 -1.68501 28.2066 13.8167 -4548.24
(1,2,(3,((4,6),5))); -4533.47 -1.68501 30.5372 13.5243 -4548.8
(1,2,(3,((4,6),5))); -4536.1 -1.68501 27.9692 13.6326 -4548.75
(1,2,(3,(4,(5,6)))); -4535.32 -0.99904 28.9677 13.9274 -4549.36
(1,(2,3),((4,6),5)); -4542.68 -1.92741 29.5567 13.8451 -4556.46
(1,2,(3,(4,(5,6)))); -4535.6 -0.99904 27.7668 13.5069 -4548.87
(1,2,(3,((4,6),5))); -4531.85 -1.68501 31.6477 13.3991 -4548.42
(1,2,(3,(4,(5,6)))); -4535.55 -0.99904 28.5426 13.9572 -4549.14
(1,2,(3,(4,(5,6)))); -4535.51 -0.99904 28.7819 13.9621 -4549.33
(1,2,(3,(4,(5,6)))); -4537.06 -0.99904 26.9348 13.8877 -4549.11
(1,2,(3,((4,6),5))); -4531.81 -1.68501 32.27 13.4971 -4548.9
(1,2,(3,(4,(5,6)))); -4531.94 -0.99904 31.9353 13.6069 -4549.27
(1,2,(3,(4,(5,6)))); -4534.78 -0.99904 28.7425 13.4368 -4549.09
(1,(2,3),(4,(5,6))); -4535.83 -1.24145 31.361 13.3748 -4552.57
(1,(2,3),((4,6),5)); -4544.7 -1.92741 27.0727 13.0972 -4556.75
(1,(2,(4,(5,6))),3); -4537.3 -4.90183 30.0706 13.7578 -4548.71
(1,(2,3),((4,6),5)); -4544.76 -1.92741 27.8437 14.0698 -4556.61
(1,2,(3,((4,6),5))); -4537.49 -1.68501 26.54 14.0973 -4548.25
(1,2,(3,(4,(5,6)))); -4532.81 -0.99904 31.1537 13.8097 -4549.16
(1,(2,3),((4,6),5)); -4542.84 -1.92741 29.8264 13.4392 -4557.3
(1,2,(3,(4,(5,6)))); -4535.1 -0.99904 28.7837 13.5822 -4549.31
(1,(2,3),(4,(5,6))); -4539.01 -1.24145 27.5959 13.6214 -4551.74
(1,(2,3),(4,(5,6))); -4537.5 -1.24145 29.4964 13.6803 -4552.08
(1,(2,3),((4,6),5)); -4542.17 -1.92741 29.5836 13.2896 -4556.53
(1,2,(3,(4,(5,6)))); -4535.53 -0.99904 27.5451 13.0426 -4549.04
(1,(2,3),(4,(5,6))); -4538.89 -1.24145 27.5895 13.3221 -4551.92
(1,(2,3),((4,6),5)); -4541.76 -1.92741 30.1344 13.4852 -4556.48
(1,2,(3,((4,6),5))); -4534.51 -1.68501 28.9653 13.2836 -4548.51
(1,2,(3,((4,6),5))); -4534.53 -1.68501 29.2633 13.7492 -4548.36
(1,2,(3,(4,(5,6)))); -4540 -0.99904 23.2843 13.5693 -4548.72
(1,(2,3),(4,(5,6))); -4539.96 -1.24145 26.7169 13.6378 -4551.8
(1,2,(3,(4,(5,6)))); -4539.38 -0.99904 24.3909 13.3845 -4549.39
(1,(2,3),(4,(5,6))); -4535.33 -1.24145 31.5856 13.3561 -4552.32
(1,(2,3),(4,(5,6))); -4535.95 -1.24145 31.0679 13.3933 -4552.38
(1,2,(3,(4,(5,6)))); -4536.3 -0.99904 26.4876 13.1153 -4548.67
(1,2,(3,(4,(5,6)))); -4533.43 -0.99904 30.1579 13.8211 -4548.76
(1,(2,3),(4,(5,6))); -4537.19 -1.24145 29.8742 13.4119 -4552.41
(1,(2,3),((4,6),5)); -4544.26 -1.92741 28.3327 13.7975 -4556.87
(1,2,(3,((4,6),5))); -4536.17 -1.68501 28.2388 14.0826 -4548.64
(1,2,(3,(4,(5,6)))); -4539.93 -0.99904 23.5462 13.1552 -4549.32
(1,2,(3,(4,(5,6)))); -4532.87 -0.99904 31.194 13.7853 -4549.28
(1,2,(3,(4,(5,6)))); -4537.07 -0.99904 25.6452 13.4575 -4548.26
(1,2,(3,(4,(5,6)))); -4535.34 -0.99904 28.3084 13.5889 -4549.06
(1,2,(3,((4,6),5))); -4537.19 -1.68501 25.8195 13.1084 -4548.22
(1,2,(3,((4,6),5))); -4533 -1.68501 30.7325 13.3458 -4548.7
(1,2,(3,(4,(5,6)))); -4532.03 -0.99904 30.7491 13.2464 -4548.53
(1,2,(3,(4,(5,6)))); -4533.08 -0.99904 30.5679 13.5936 -4549.06
(1,2,(3,(4,(5,6)))); -4536.28 -0.99904 27.3046 13.6297 -4548.95
(1,(2,3),(4,(5,6))); -4536.58 -1.24145 31.0138 13.8001 -4552.56
(1,2,(3,(4,(5,6)))); -4534.25 -0.99904 30.4292 13.9825 -4549.7
(1,2,(3,(4,(5,6)))); -4533.52 -0.99904 30.073 13.7633 -4548.83
(1,(2,3),((4,6),5)); -4545.4 -1.92741 26.6452 13.545 -4556.58
(1,(2,3),((4,6),5)); -4542.18 -1.92741 30.0798 13.5046 -4556.83
(1,2,(3,(4,(5,6)))); -4533.75 -0.99904 29.6342 13.7374 -4548.64
(1,2,(3,(4,(5,6)))); -4534.27 -0.99904 29.7074 13.5943 -4549.39
(1,2,(3,(4,(5,6)))); -4533.34 -0.99904 30.6299 13.6154 -4549.36
(1,(2,3),(4,(5,6))); -4542.04 -1.24145 25.3621 13.5751 -4552.59
(1,(2,3),(4,(5,6))); -4535.78 -1.24145 31.3688 13.5662 -4552.34
(1,(2,3),((4,6),5)); -4540.84 -1.92741 31.1191 13.3831 -4556.65
(1,2,(3,(4,(5,6)))); -4539.59 -0.99904 23.0316 13.7397 -4547.88
(1,(2,3),(4,(5,6))); -4541.22 -1.24145 25.1847 12.8574 -4552.3
(1,(2,3),(4,(5,6))); -4537.34 -1.24145 30.0908 13.8822 -4552.31
(1,(2,3),(4,(5,6))); -4539.89 -1.24145 28.1013 13.7702 -4552.98
(1,(2,3),((4,6),5)); -4544.89 -1.92741 27.1493 13.408 -4556.7
(1,2,(3,(4,(5,6)))); -4534 -0.99904 29.2689 13.48 -4548.79
(1,(2,3),(4,(5,6))); -4543.78 -1.24145 22.5036 13.1329 -4551.91
(1,(2,(4,(5,6))),3); -4536.29 -4.90183 31.7566 13.7981 -4549.35
(1,2,(3,(4,(5,6)))); -4534.88 -0.99904 29.2717 13.619 -4549.53
(1,(2,3),(4,(5,6))); -4536.38 -1.24145 30.8664 13.8466 -4552.16
(1,(2,3),(4,(5,6))); -4535.59 -1.24145 31.2706 13.2392 -4552.38
(1,2,(3,(4,(5,6)))); -4531.81 -0.99904 31.5106 13.3876 -4548.93
(1,2,(3,(4,(5,6)))); -4535.11 -0.99904 28.3367 13.4132 -4549.04
(1,(2,3),(4,(5,6))); -4538.47 -1.24145 28.5241 13.526 -4552.23
(1,(2,3),((4,6),5)); -4543.61 -1.92741 27.963 13.4001 -4556.24
(1,(2,3),((4,6),5)); -4542.49 -1.92741 28.8582 12.8341 -4556.59
(1,(2,3),((4,6),5)); -4542.26 -1.92741 29.4285 13.4129 -4556.34
(1,2,(3,(4,(5,6)))); -4535.65 -0.99904 28.3553 13.9953 -4549.01
(1,2,(3,(4,(5,6)))); -4532.93 -0.99904 30.9995 13.6398 -4549.29
(1,2,(3,((4,6),5))); -4539.74 -1.68501 24.4807 13.3605 -4549.17
(1,(2,3),(4,(5,6))); -4535.36 -1.24145 31.3674 13.3468 -4552.14
(1,(2,3),((4,6),5)); -4546.45 -1.92741 25.537 13.6341 -4556.42
(1,(2,3),(4,(5,6))); -4542.23 -1.24145 24.0709 13.3191 -4551.74
(1,(2,3),((4,6),5)); -4542.13 -1.92741 29.7845 13.3619 -4556.62
(1,2,(3,(4,(5,6)))); -4531.8 -0.99904 31.4447 13.2605 -4548.99
(1,2,(3,(4,(5,6)))); -4533.73 -0.99904 30.7207 14.1237 -4549.33
(1,2,(3,(4,(5,6)))); -4534.15 -0.99904 28.9119 13.3182 -4548.75
(1,2,(3,((4,6),5))); -4534.47 -1.68501 29.2364 13.6214 -4548.4
(1,(2,3),((4,6),5)); -4540.36 -1.92741 32.1701 13.4767 -4557.12
(1,2,(3,(4,(5,6)))); -4534.37 -0.99904 28.6729 13.3555 -4548.69
(1,2,(3,((4,6),5))); -4533.5 -1.68501 30.6087 13.4757 -4548.95
(1,(2,3),(4,(5,6))); -4540.11 -1.24145 27.3783 13.5088 -4552.74
(1,2,(3,((4,6),5))); -4532.47 -1.68501 31.5599 13.7985 -4548.54
(1,2,(3,((4,6),5))); -4533.52 -1.68501 30.6074 14.013 -4548.43
(1,(2,3),((4,6),5)); -4546.08 -1.92741 25.3141 13.1583 -4556.31
(1,(2,3),((4,6),5)); -4545 -1.92741 27.6714 13.9931 -4556.75
(1,2,(3,(4,(5,6)))); -4531.39 -0.99904 31.9415 13.3523 -4548.98
(1,2,(3,(4,(5,6)))); -4537.24 -0.99904 25.294 13.0046 -4548.53
(1,2,(3,((4,6),5))); -4533.11 -1.68501 31.5434 13.9448 -4549.02
(1,2,(3,((4,6),5))); -4533.43 -1.68501 30.0867 13.4436 -4548.39
(1,(2,3),(4,(5,6))); -4537 -1.24145 30.123 13.6707 -4552.21
(1,(2,3),((4,6),5)); -4549.58 -1.92741 21.1458 12.9861 -4555.82
(1,(2,3),(4,(5,6))); -4539.43 -1.24145 27.9024 13.7995 -4552.29
(1,(2,3),(4,(5,6))); -4538.61 -1.24145 29.1678 14.1083 -4552.43
(1,(2,3),(4,(5,6))); -4535.35 -1.24145 31.7214 13.6225 -4552.21
(1,2,(3,(4,(5,6)))); -4534.72 -0.99904 28.423 13.392 -4548.75
(1,2,(3,(4,(5,6)))); -4536.17 -0.99904 28.1284 14.0661 -4549.23
(1,2,(3,((4,6),5))); -4537.97 -1.68501 26.0021 13.4767 -4548.81
(1,(2,3),(4,(5,6))); -4540.46 -1.24145 27.7322 14.2587 -4552.69
(1,2,(3,(4,(5,6)))); -4533.39 -0.99904 30.0961 13.4989 -4548.99
(1,(2,3),((4,6),5)); -4545.34 -1.92741 27.0589 13.2773 -4557.19
(1,2,(3,(4,(5,6)))); -4538.53 -0.99904 25.9333 14.0994 -4549.36
(1,(2,3),(4,(5,6))); -4539.43 -1.24145 28.2303 13.8616 -4552.56
(1,2,(3,((4,6),5))); -4537.4 -1.68501 26.0533 13.4441 -4548.32
(1,(2,3),((4,6),5)); -4545.67 -1.92741 26.8089 13.4265 -4557.13
(1,2,(3,(4,(5,6)))); -4532.05 -0.99904 32.0146 13.7728 -4549.3
(1,2,(3,(4,(5,6)))); -4533.62 -0.99904 30.1857 13.7427 -4549.06
(1,2,(3,(4,(5,6)))); -4536.22 -0.99904 27.1049 13.3994 -4548.93
(1,(2,3),((4,6),5)); -4547.83 -1.92741 23.751 13.2517 -4556.41
(1,2,(3,((4,6),5))); -4534.97 -1.68501 29.6506 14.1121 -4548.82
(1,2,(3,(4,(5,6)))); -4533.47 -0.99904 30.0428 13.424 -4549.09
(1,(2,3),((4,6),5)); -4543.79 -1.92741 28.7144 13.4351 -4557.14
(1,2,(3,((4,6),5))); -4534.54 -1.68501 29.4232 13.7713 -4548.51
(1,(2,3),(4,(5,6))); -4537.61 -1.24145 29.8789 13.6872 -4552.56
(1,2,(3,((4,6),5))); -4533.13 -1.68501 30.8847 13.3843 -4548.95
(1,2,(3,(4,(5,6)))); -4532.2 -0.99904 31.6442 13.7686 -4549.08
(1,(2,3),(4,(5,6))); -4535.45 -1.24145 31.6276 13.5486 -4552.29
(1,2,(3,((4,6),5))); -4538.06 -1.68501 26.1808 13.3186 -4549.24
(1,(2,3),((4,6),5)); -4541.51 -1.92741 29.7003 13.2497 -4556.03
(1,(2,3),((4,6),5)); -4540.82 -1.92741 31.4493 13.3678 -4556.98
(1,2,(3,((4,6),5))); -4534.4 -1.68501 28.6708 13.3231 -4548.06
(1,(2,3),((4,6),5)); -4544.39 -1.92741 27.3354 13.2717 -4556.53
(1,2,(3,((4,6),5))); -4532.26 -1.68501 31.8551 13.6892 -4548.74
(1,(2,3),(4,(5,6))); -4536.76 -1.24145 30.5107 13.4683 -4552.56
(1,2,(3,(4,(5,6)))); -4532.14 -0.99904 31.749 13.7952 -4549.09
(1,(2,3),((4,6),5)); -4541.21 -1.92741 30.67 13.4557 -4556.5
(1,(2,3),(4,(5,6))); -4536.92 -1.24145 30.1594 13.2855 -4552.55
(1,2,(3,((4,6),5))); -4535.78 -1.68501 28.266 13.3421 -4549.02
(1,2,(3,((4,6),5))); -4534.3 -1.68501 28.9584 13.1899 -4548.38
(1,2,(3,((4,6),5))); -4535.79 -1.68501 28.3333 13.6272 -4548.81
(1,2,(3,((4,6),5))); -4533.23 -1.68501 30.3347 13.5324 -4548.35
(1,2,(3,((4,6),5))); -4533.09 -1.68501 30.979 13.8611 -4548.53
(1,(2,3),(4,(5,6))); -4539.26 -1.24145 27.147 12.9859 -4552.18
(1,2,(3,(4,(5,6)))); -4532.69 -0.99904 31.2508 13.7103 -4549.24
(1,2,(3,((4,6),5))); -4532.96 -1.68501 30.5153 13.3953 -4548.39
(1,2,(3,(4,(5,6)))); -4533.65 -0.99904 30.2049 13.4393 -4549.41
(1,(2,3),(4,(5,6))); -4537.48 -1.24145 29.9823 13.9512 -4552.27
(1,2,(3,(4,(5,6)))); -4536.15 -0.99904 27.2492 13.6589 -4548.74
(1,2,(3,((4,6),5))); -4538.33 -1.68501 25.7487 13.541 -4548.85
(1,2,(3,((4,6),5))); -4533.59 -1.68501 30.2067 13.443 -4548.67
(1,2,(3,(4,(5,6)))); -4532.26 -0.99904 31.4706 13.5317 -4549.2
(1,2,(3,(4,(5,6)))); -4533.17 -0.99904 30.1291 13.4339 -4548.87
(1,2,(3,(4,(5,6)))); -4533.19 -0.99904 30.4261 13.3412 -4549.28
(1,(2,3),(4,(5,6))); -4540.42 -1.24145 26.8956 13.8709 -4552.21
(1,2,(3,(4,(5,6)))); -4534.95 -0.99904 28.3451 13.252 -4549.04
(1,2,(3,(4,(5,6)))); -4534.27 -0.99904 29.3444 13.7361 -4548.88
(1,2,(3,(4,(5,6)))); -4535.51 -0.99904 28.3741 13.8514 -4549.03
(1,2,(3,(4,(5,6)))); -4534.54 -0.99904 29.6493 13.7179 -4549.47
(1,(2,3),(4,(5,6))); -4535.1 -1.24145 31.9664 13.3832 -4552.44
(1,2,(3,(4,(5,6)))); -4538.34 -0.99904 25.8042 13.6262 -4549.52
(1,(2,3),((4,6),5)); -4543.77 -1.92741 28.3679 12.9094 -4557.3
(1,2,(3,(4,(5,6)))); -4531.68 -0.99904 31.7736 13.4697 -4548.98
(1,2,(3,(4,(5,6)))); -4540.67 -0.99904 23.0001 13.8642 -4548.81
(1,2,(3,(4,(5,6)))); -4535.28 -0.99904 28.5457 13.7354 -4549.09
(1,(2,(4,(5,6))),3); -4535.98 -4.90183 31.1205 13.3347 -4548.87
(1,2,(3,(4,(5,6)))); -4531.85 -0.99904 31.3547 13.446 -4548.76
(1,2,(3,(4,(5,6)))); -4534.12 -0.99904 29.0677 13.109 -4549.08
(1,2,(3,(4,(5,6)))); -4533.85 -0.99904 29.7928 13.7781 -4548.86
(1,(2,3),(4,(5,6))); -4541.61 -1.24145 26.4437 14.0486 -4552.76
(1,2,(3,(4,(5,6)))); -4533.71 -0.99904 29.6563 13.7292 -4548.64
(1,(2,3),((4,6),5)); -4542.46 -1.92741 29.399 13.2391 -4556.69
(1,(2,3),((4,6),5)); -4544.19 -1.92741 28.2514 13.5972 -4556.92
(1,2,(3,((4,6),5))); -4533.53 -1.68501 30.103 13.3428 -4548.6
(1,2,(3,(4,(5,6)))); -4537.09 -0.99904 26.514 13.1056 -4549.5
(1,(2,3),(4,(5,6))); -4534.72 -1.24145 32.0926 13.5879 -4551.98
(1,2,(3,(4,(5,6)))); -4534.3 -0.99904 29.5808 13.4108 -4549.47
(1,2,(3,((4,6),5))); -4534.56 -1.68501 29.7793 13.6885 -4548.96
(1,2,(3,(4,(5,6)))); -4533.89 -0.99904 30.2496 13.6687 -4549.47
(1,(2,3),((4,6),5)); -4539.66 -1.92741 32.4495 13.5098 -4556.68
(1,2,(3,(4,(5,6)))); -4534.34 -0.99904 29.1871 13.5507 -4548.98
(1,(2,3),(4,(5,6))); -4537.59 -1.24145 29.5375 13.6074 -4552.28
(1,2,(3,((4,6),5))); -4536.21 -1.68501 27.5478 13.5947 -4548.48
(1,2,(3,(4,(5,6)))); -4534.57 -0.99904 28.4852 13.3504 -4548.71
(1,(2,3),(4,(5,6))); -4537.32 -1.24145 29.9941 13.5117 -4552.56
(1,2,(3,(4,(5,6)))); -4535.08 -0.99904 28.8565 13.8116 -4549.13
(1,2,(3,((4,6),5))); -4531.61 -1.68501 32.2048 13.6612 -4548.47
(1,2,(3,((4,6),5))); -4537.79 -1.68501 26.7544 13.6859 -4549.18
(1,2,(3,(4,(5,6)))); -4535.38 -0.99904 27.3551 13.1954 -4548.54
(1,2,(3,((4,6),5))); -4534.25 -1.68501 30.3881 13.7768 -4549.18
(1,2,(3,((4,6),5))); -4533.38 -1.68501 31.1597 13.7788 -4549.07
(1,2,(3,(4,(5,6)))); -4536.47 -0.99904 27.1816 13.5706 -4549.09
(1,2,(3,(4,(5,6)))); -4531.98 -0.99904 31.564 13.5871 -4548.96
(1,(2,3),(4,(5,6))); -4537.23 -1.24145 29.9589 13.6741 -4552.28
(1,(2,3),(4,(5,6))); -4541.07 -1.24145 26.0405 13.3108 -4552.55
(1,(2,3),((4,6),5)); -4542.57 -1.92741 29.9275 13.9085 -4556.66
(1,2,(3,(4,(5,6)))); -4536.33 -0.99904 27.674 13.8274 -4549.17
(1,2,(3,(4,(5,6)))); -4534.53 -0.99904 28.3499 13.2232 -4548.66
(1,2,(3,(4,(5,6)))); -4532.66 -0.99904 30.2363 13.2042 -4548.7
(1,(2,3),((4,6),5)); -4544.46 -1.92741 27.5216 13.3284 -4556.73
(1,(2,3),(4,(5,6))); -4537.28 -1.24145 30.4205 13.7502 -4552.71
(1,2,(3,(4,(5,6)))); -4533.42 -0.99904 30.1244 13.4395 -4549.1
(1,2,(3,(4,(5,6)))); -4531.38 -0.99904 32.5327 13.5734 -4549.34
(1,(2,3),(4,(5,6))); -4538.02 -1.24145 28.5544 13.1661 -4552.16
(1,(2,3),(4,(5,6))); -4536.13 -1.24145 31.2564 13.3779 -4552.77
(1,(2,3),(4,(5,6))); -4542.05 -1.24145 25.264 13.6889 -4552.38
(1,2,(3,(4,(5,6)))); -4533.39 -0.99904 30.5463 13.8524 -4549.09
(1,(2,3),((4,6),5)); -4546.75 -1.92741 25.8282 13.67 -4556.98
(1,2,(3,(4,(5,6)))); -4532.01 -0.99904 31.4751 13.691 -4548.8
(1,2,(3,((4,6),5))); -4533.23 -1.68501 29.9392 13.3569 -4548.13
(1,2,(3,(4,(5,6)))); -4533.92 -0.99904 29.7008 13.6384 -4548.98
(1,(2,3),((4,6),5)); -4543.12 -1.92741 28.9855 13.2844 -4556.89
(1,(2,3),(4,(5,6))); -4536.94 -1.24145 30.2199 13.6025 -4552.32
(1,2,(3,(4,(5,6)))); -4532.85 -0.99904 30.7625 13.6635 -4548.95
(1,(2,3),(4,(5,6))); -4536.39 -1.24145 30.4917 13.2202 -4552.42
(1,(2,3),((4,6),5)); -4541.96 -1.92741 29.8402 13.3604 -4556.51
(1,(2,3),(4,(5,6))); -4539.26 -1.24145 27.1727 13.1553 -4552.04
(1,2,(3,(4,(5,6)))); -4538.49 -0.99904 25.0709 13.3887 -4549.18
(1,(2,3),((4,6),5)); -4542.43 -1.92741 29.1613 13.1544 -4556.51
(1,(2,3),((4,6),5)); -4542.19 -1.92741 30.0766 13.5364 -4556.8
(1,2,(3,((4,6),5))); -4535.67 -1.68501 28.5795 13.633 -4548.94
(1,2,(3,(4,(5,6)))); -4537.44 -0.99904 25.2555 13.1655 -4548.53
(1,2,(3,(4,(5,6)))); -4540.85 -0.99904 23.55 13.8964 -4549.5
(1,(2,3),(4,(5,6))); -4535.7 -1.24145 31.0289 13.3928 -4552.1
(1,2,(3,((4,6),5))); -4532.56 -1.68501 31.7822 13.691 -4548.97
(1,2,(3,((4,6),5))); -4533.77 -1.68501 30.1098 13.5586 -4548.64
(1,(2,3),((4,6),5)); -4539.68 -1.92741 32.3706 13.4977 -4556.63
(1,(2,3),((4,6),5)); -4540.09 -1.92741 32.1566 13.5009 -4556.82
(1,2,(3,(4,(5,6)))); -4539.4 -0.99904 23.6298 13.4067 -4548.62
(1,2,(3,(4,(5,6)))); -4532.04 -0.99904 31.9193 13.4917 -4549.47
(1,(2,3),(4,(5,6))); -4537.6 -1.24145 29.4693 13.8439 -4551.98
(1,2,(3,(4,(5,6)))); -4532.45 -0.99904 31.5833 13.7186 -4549.31
(1,(2,3),((4,6),5)); -4540.13 -1.92741 32.0519 13.5403 -4556.71
(1,2,(3,(4,(5,6)))); -4532.87 -0.99904 31.0287 13.7713 -4549.12
(1,2,(3,(4,(5,6)))); -4534.39 -0.99904 29.7287 13.9253 -4549.19
(1,2,(3,(4,(5,6)))); -4535.57 -0.99904 27.4547 13.3902 -4548.63
(1,(2,3),(4,(5,6))); -4542.37 -1.24145 25.7594 14.2244 -4552.66
(1,(2,3),(4,(5,6))); -4536.4 -1.24145 30.6198 13.4097 -4552.37
(1,2,(3,(4,(5,6)))); -4539.22 -0.99904 24.3144 13.5247 -4549.01
(1,2,(3,((4,6),5))); -4533.27 -1.68501 30.003 13.2693 -4548.32
(1,(2,3),(4,(5,6))); -4539.33 -1.24145 27.3475 13.5967 -4551.84
(1,2,(3,(4,(5,6)))); -4531.94 -0.99904 32.021 13.6053 -4549.36
(1,2,(3,((4,6),5))); -4534.3 -1.68501 29.9648 13.5726 -4549.01
(1,2,(3,(4,(5,6)))); -4535.53 -0.99904 28.4434 13.4921 -4549.49
(1,2,(3,(4,(5,6)))); -4538.56 -0.99904 24.9712 13.653 -4548.87
(1,2,(3,(4,(5,6)))); -4536.91 -0.99904 27.2821 13.7339 -4549.46
(1,(2,3),((4,6),5)); -4541.56 -1.92741 31.356 14.0648 -4556.92
(1,2,(3,((4,6),5))); -4536.57 -1.68501 27.6253 13.7276 -4548.79
(1,(2,3),((4,6),5)); -4543.56 -1.92741 29.0611 13.7784 -4556.91
(1,(2,3),(4,(5,6))); -4541.47 -1.24145 26.1904 13.9618 -4552.46
(1,2,(3,(4,(5,6)))); -4534.15 -0.99904 28.9667 13.3442 -4548.77
(1,(2,3),((4,6),5)); -4542.08 -1.92741 31.0053 13.731 -4557.43
(1,2,(3,((4,6),5))); -4534.09 -1.68501 29.892 13.6378 -4548.66
(1,(2,3),(4,(5,6))); -4538.38 -1.24145 28.9807 13.5462 -4552.57
(1,(2,3),(4,(5,6))); -4535.87 -1.24145 31.2391 13.3978 -4552.47
(1,2,(3,(4,(5,6)))); -4534.19 -0.99904 29.8171 13.8255 -4549.18
(1,2,(3,(4,(5,6)))); -4535.56 -0.99904 27.2532 12.8898 -4548.93
(1,2,(3,(4,(5,6)))); -4532.94 -0.99904 30.6283 13.5386 -4549.03
(1,2,(3,(4,(5,6)))); -4533.3 -0.99904 30.2088 13.4157 -4549.09
(1,2,(3,(4,(5,6)))); -4533.57 -0.99904 30.0075 13.7112 -4548.87
(1,2,(3,(4,(5,6)))); -4533.29 -0.99904 29.9591 13.4757 -4548.77
(1,(2,3),((4,6),5)); -4539.62 -1.92741 32.129 13.3015 -4556.52
(1,2,(3,((4,6),5))); -4533.22 -1.68501 30.3745 13.5913 -4548.32
(1,(2,3),((4,6),5)); -4543.73 -1.92741 28.0105 13.0252 -4556.79
(1,(2,3),(4,(5,6))); -4536.26 -1.24145 30.9758 13.3972 -4552.6
(1,(2,3),((4,6),5)); -4545.59 -1.92741 27.0318 13.5934 -4557.1
(1,2,(3,(4,(5,6)))); -4534.27 -0.99904 29.7837 13.747 -4549.31
(1,2,(3,(4,(5,6)))); -4533.64 -0.99904 30.1248 13.7214 -4549.04
(1,(2,3),((4,6),5)); -4544.07 -1.92741 28.64 13.9382 -4556.84
(1,2,(3,(4,(5,6)))); -4534.34 -0.99904 28.8199 13.4804 -4548.68
(1,(2,3),(4,(5,6))); -4537.98 -1.24145 28.8149 13.5537 -4552
(1,(2,3),((4,6),5)); -4543.82 -1.92741 29.3401 13.9666 -4557.27
(1,(2,3),(4,(5,6))); -4536.25 -1.24145 30.6101 13.6336 -4551.99
(1,2,(3,(4,(5,6)))); -4532.68 -0.99904 30.6681 13.4059 -4548.94
(1,(2,3),(4,(5,6))); -4536.48 -1.24145 30.7831 13.577 -4552.44
(1,2,(3,(4,(5,6)))); -4532.51 -0.99904 30.7767 13.3493 -4548.94
(1,2,(3,((4,6),5))); -4534.2 -1.68501 29.66 13.8662 -4548.31
(1,(2,3),(4,(5,6))); -4542.74 -1.24145 24.9373 13.6931 -4552.75
(1,(2,3),(4,(5,6))); -4535.99 -1.24145 30.7794 13.4194 -4552.1
(1,2,(3,(4,(5,6)))); -4532.41 -0.99904 31.7286 13.7725 -4549.37
(1,2,(3,((4,6),5))); -4536.76 -1.68501 27.0144 13.2518 -4548.84
(1,2,(3,((4,6),5))); -4538.11 -1.68501 26.2775 13.8308 -4548.87
(1,2,(3,((4,6),5))); -4535.21 -1.68501 28.6605 13.322 -4548.87
(1,(2,3),((4,6),5)); -4543.17 -1.92741 29.2854 13.6522 -4556.88
(1,(2,3),(4,(5,6))); -4537.25 -1.24145 29.9748 13.8439 -4552.14
(1,2,(3,(4,(5,6)))); -4538.26 -0.99904 25.4903 13.4317 -4549.32
(1,(2,3),(4,(5,6))); -4537.82 -1.24145 28.4165 12.9163 -4552.08
(1,2,(3,(4,(5,6)))); -4531.6 -0.99904 31.3696 13.2958 -4548.67
(1,(2,3),((4,6),5)); -4542.37 -1.92741 30.0994 13.3913 -4557.15
(1,(2,3),(4,(5,6))); -4537.38 -1.24145 29.7545 13.7403 -4552.15
(1,(2,3),(4,(5,6))); -4539.6 -1.24145 27.1457 13.4394 -4552.06
(1,2,(3,((4,6),5))); -4536.35 -1.68501 27.1532 13.2604 -4548.56
(1,(2,3),(4,(5,6))); -4537.41 -1.24145 29.8494 13.8588 -4552.16
(1,2,(3,(4,(5,6)))); -4532.45 -0.99904 30.8504 13.4845 -4548.82
(1,2,(3,((4,6),5))); -4533.77 -1.68501 29.7326 13.3214 -4548.49
(1,(2,3),((4,6),5)); -4541.89 -1.92741 30.323 13.712 -4556.58
(1,2,(3,(4,(5,6)))); -4534.63 -0.99904 29.5406 13.6387 -4549.54
(1,2,(3,((4,6),5))); -4534.38 -1.68501 29.5202 13.7781 -4548.44
(1,2,(3,((4,6),5))); -4534.69 -1.68501 29.4959 13.8873 -4548.61
(1,2,(3,(4,(5,6)))); -4534.17 -0.99904 29.915 13.9023 -4549.19
(1,2,(3,(4,(5,6)))); -4536.68 -0.99904 27.4021 13.8874 -4549.2
(1,(2,3),((4,6),5)); -4541.27 -1.92741 31.4019 13.5754 -4557.17
(1,(2,3),((4,6),5)); -4542.99 -1.92741 28.9043 13.2289 -4556.74
(1,(2,3),((4,6),5)); -4547.06 -1.92741 25.5511 13.7217 -4556.96
(1,2,(3,((4,6),5))); -4532.58 -1.68501 31.2563 13.4903 -4548.66
(1,(2,3),(4,(5,6))); -4539.85 -1.24145 26.8881 13.2884 -4552.21
(1,(2,3),((4,6),5)); -4545.04 -1.92741 27.9333 14.0479 -4557
(1,(2,3),(4,(5,6))); -4538.39 -1.24145 29.3471 13.9913 -4552.51
(1,2,(3,(4,(5,6)))); -4532.34 -0.99904 31.0837 13.2125 -4549.21
(1,2,(3,((4,6),5))); -4535.43 -1.68501 28.1528 13.4376 -4548.46
(1,(2,3),((4,6),5)); -4543.07 -1.92741 29.7443 13.8683 -4557.02
(1,(2,3),(4,(5,6))); -4539.41 -1.24145 27.4892 13.773 -4551.89
(1,2,(3,(4,(5,6)))); -4537.47 -0.99904 25.8116 13.6462 -4548.64
(1,(2,(4,(5,6))),3); -4539.22 -4.90183 27.4528 13.1246 -4548.65
(1,2,(3,(4,(5,6)))); -4535.38 -0.99904 29.1166 13.927 -4549.57
(1,2,(3,(4,(5,6)))); -4533.13 -0.99904 29.8413 13.233 -4548.74
(1,2,(3,(4,(5,6)))); -4535.31 -0.99904 28.5462 13.5438 -4549.32
(1,2,(3,(4,(5,6)))); -4538.4 -0.99904 25.2757 13.985 -4548.69
(1,(2,3),(4,(5,6))); -4536.47 -1.24145 29.9022 13.2047 -4551.93
(1,(2,3),((4,6),5)); -4543.74 -1.92741 28.1393 12.8931 -4557.06
(1,(2,3),(4,(5,6))); -4534.87 -1.24145 32.248 13.4753 -4552.41
(1,(2,3),(4,(5,6))); -4539.45 -1.24145 28.0806 13.6486 -4552.64
(1,(2,3),(4,(5,6))); -4535.19 -1.24145 31.6094 13.4518 -4552.1
(1,2,(3,((4,6),5))); -4534.95 -1.68501 28.7204 13.1903 -4548.79
(1,2,(3,(4,(5,6)))); -4534.96 -0.99904 28.2521 13.358 -4548.85
(1,(2,3),((4,6),5)); -4541.27 -1.92741 30.4872 13.2186 -4556.61
(1,(2,3),((4,6),5)); -4540.17 -1.92741 32.5297 13.6822 -4557.09
(1,2,(3,(4,(5,6)))); -4534.04 -0.99904 30.074 13.7796 -4549.33
(1,2,(3,(4,(5,6)))); -4537.75 -0.99904 25.6837 13.2035 -4549.23
(1,(2,3),(4,(5,6))); -4537.9 -1.24145 28.121 13.0175 -4551.76
(1,2,(3,((4,6),5))); -4536.75 -1.68501 26.9622 13.4428 -4548.59
(1,2,(3,((4,6),5))); -4536.56 -1.68501 27.4797 13.5231 -4548.83
(1,2,(3,(4,(5,6)))); -4533.44 -0.99904 30.8561 13.8054 -4549.5
(1,(2,(4,(5,6))),3); -4537.51 -4.90183 29.9232 13.83 -4548.71
(1,(2,3),(4,(5,6))); -4535.32 -1.24145 32.1389 13.9256 -4552.29
(1,2,(3,(4,(5,6)))); -4536.14 -0.99904 27.8868 13.9578 -4549.07
(1,(2,3),((4,6),5)); -4545.11 -1.92741 26.4754 13.033 -4556.63
(1,(2,3),(4,(5,6))); -4534.43 -1.24145 32.5332 13.4895 -4552.23
(1,2,(3,((4,6),5))); -4533.46 -1.68501 30.288 13.2813 -4548.79
(1,(2,3),(4,(5,6))); -4536.74 -1.24145 30.0576 13.4811 -4552.08
(1,(2,3),(4,(5,6))); -4536.73 -1.24145 30.9604 13.5864 -4552.87
(1,2,(3,(4,(5,6)))); -4537.52 -0.99904 26.3131 13.7942 -4549.04
(1,(2,3),(4,(5,6))); -4537.57 -1.24145 29.6688 13.6097 -4552.39
(1,2,(3,((4,6),5))); -4536.17 -1.68501 27.7688 13.7308 -4548.52
(1,2,(3,(4,(5,6)))); -4533.07 -0.99904 30.8563 13.6994 -4549.22
(1,2,(3,(4,(5,6)))); -4532.14 -0.99904 31.2556 13.5681 -4548.83
(1,(2,3),(4,(5,6))); -4540.08 -1.24145 26.4847 13.2551 -4552.07
(1,2,(3,(4,(5,6)))); -4539.4 -0.99904 23.8975 13.4422 -4548.86
(1,(2,3),(4,(5,6))); -4539.13 -1.24145 28.1691 13.6808 -4552.38
(1,(2,3),((4,6),5)); -4544.71 -1.92741 27.9889 13.7096 -4557.06
(1,(2,3),(4,(5,6))); -4536.8 -1.24145 30.6757 13.6513 -4552.58
(1,2,(3,(4,(5,6)))); -4541.38 -0.99904 22.6076 14.198 -4548.79
(1,(2,3),((4,6),5)); -4544.55 -1.92741 28.052 13.6559 -4557.02
(1,2,(3,(4,(5,6)))); -4532.8 -0.99904 30.9032 13.7428 -4548.97
(1,2,(3,((4,6),5))); -4535.51 -1.68501 28.7436 13.5232 -4549.05
(1,(2,3),(4,(5,6))); -4544.54 -1.24145 22.174 13.4722 -4552
(1,2,(3,((4,6),5))); -4533.69 -1.68501 29.4095 13.0846 -4548.33
(1,(2,3),(4,(5,6))); -4536.09 -1.24145 30.8846 13.4417 -4552.29
(1,2,(3,(4,(5,6)))); -4533.01 -0.99904 30.5371 13.3011 -4549.25
(1,(2,3),(4,(5,6))); -4542.21 -1.24145 25.1003 13.6048 -4552.47
(1,(2,3),(4,(5,6))); -4537.7 -1.24145 29.4206 13.6005 -4552.27
(1,2,(3,(4,(5,6)))); -4534.88 -0.99904 27.8973 13.0275 -4548.75
(1,2,(3,(4,(5,6)))); -4536.86 -0.99904 25.9217 13.066 -4548.72
(1,(2,3),(4,(5,6))); -4536.33 -1.24145 30.4227 13.5829 -4551.93
(1,2,(3,((4,6),5))); -4533.69 -1.68501 29.8983 13.3852 -4548.51
(1,(2,3),(4,(5,6))); -4539.85 -1.24145 28.0461 14.0557 -4552.6
(1,(2,3),((4,6),5)); -4542.75 -1.92741 28.8936 13.5051 -4556.21
(1,(2,3),(4,(5,6))); -4536.64 -1.24145 30.1372 13.3558 -4552.18
(1,2,(3,((4,6),5))); -4531.88 -1.68501 32.2095 13.5627 -4548.84
(1,(2,3),(4,(5,6))); -4536.95 -1.24145 30.1594 13.5295 -4552.34
(1,2,(3,(4,(5,6)))); -4532.71 -0.99904 30.4209 13.4936 -4548.64
(1,2,(3,(4,(5,6)))); -4534.67 -0.99904 28.8431 13.3214 -4549.19
(1,2,(3,((4,6),5))); -4531.31 -1.68501 32.0482 13.4316 -4548.24
(1,2,(3,((4,6),5))); -4532.33 -1.68501 31.4167 13.3102 -4548.75
(1,(2,3),(4,(5,6))); -4537.1 -1.24145 30.6859 13.9075 -4552.63
(1,2,(3,(4,(5,6)))); -4534.64 -0.99904 29.3432 13.9409 -4549.04
(1,(2,3),(4,(5,6))); -4537.56 -1.24145 30.0244 13.9819 -4552.36
(1,(2,3),(4,(5,6))); -4541.24 -1.24145 25.3889 13.2348 -4552.15
(1,2,(3,(4,(5,6)))); -4538.67 -0.99904 23.9475 12.7243 -4548.89
(1,2,(3,((4,6),5))); -4535.21 -1.68501 29.4388 13.8566 -4549.11
(1,(2,3),(4,(5,6))); -4538.11 -1.24145 29.5753 13.9038 -4552.54
(1,2,(3,(4,(5,6)))); -4534.06 -0.99904 29.3915 13.3489 -4549.1
(1,(2,3),((4,6),5)); -4543.22 -1.92741 28.6524 13.3763 -4556.57
(1,2,(3,(4,(5,6)))); -4538.75 -0.99904 24.9586 13.142 -4549.57
(1,(2,3),(4,(5,6))); -4536.5 -1.24145 30.664 13.3508 -4552.58
(1,2,(3,((4,6),5))); -4536.02 -1.68501 28.3629 14.1157 -4548.58
(1,(2,3),(4,(5,6))); -4541.28 -1.24145 26.298 13.7384 -4552.6
(1,2,(3,(4,(5,6)))); -4535.6 -0.99904 27.4583 13.1704 -4548.89
(1,(2,3),(4,(5,6))); -4541.6 -1.24145 25.5029 13.4508 -4552.41
(1,2,(3,((4,6),5))); -4535.95 -1.68501 27.7588 13.4446 -4548.58
(1,2,(3,(4,(5,6)))); -4536.08 -0.99904 27.6483 13.5429 -4549.18
(1,(2,3),((4,6),5)); -4541.03 -1.92741 31.2874 13.3948 -4557
(1,(2,3),((4,6),5)); -4545.29 -1.92741 26.7089 13.3013 -4556.77
(1,(2,3),(4,(5,6))); -4538.82 -1.24145 27.9214 13.2152 -4552.28
(1,2,(3,(4,(5,6)))); -4534.88 -0.99904 28.2729 13.4972 -4548.66
(1,2,(3,((4,6),5))); -4537.61 -1.68501 25.5089 13.0771 -4548.36
(1,(2,3),(4,(5,6))); -4536.5 -1.24145 30.3533 13.7382 -4551.88
(1,2,(3,(4,(5,6)))); -4532.58 -0.99904 30.5884 13.385 -4548.79
(1,(2,3),(4,(5,6))); -4540.51 -1.24145 25.9845 13.2325 -4552.02
(1,(2,3),(4,(5,6))); -4536.98 -1.24145 29.3854 13.4072 -4551.72
(1,2,(3,(4,(5,6)))); -4533.96 -0.99904 29.478 13.3374 -4549.1
(1,(2,3),((4,6),5)); -4544.18 -1.92741 27.7441 13.099 -4556.9
(1,2,(3,((4,6),5))); -4533.82 -1.68501 30.3098 13.8758 -4548.57
(1,2,(3,(4,(5,6)))); -4535.71 -0.99904 27.9184 13.4499 -4549.18
(1,(2,3),(4,(5,6))); -4536.13 -1.24145 31.667 13.9647 -4552.59
(1,2,(3,((4,6),5))); -4531.18 -1.68501 32.7851 13.6515 -4548.63
(1,2,(3,((4,6),5))); -4539.62 -1.68501 23.0075 12.8563 -4548.09
(1,2,(3,((4,6),5))); -4534.97 -1.68501 29.3818 13.9953 -4548.67
(1,(2,3),((4,6),5)); -4541.58 -1.92741 30.9747 13.4078 -4557.22
(1,(2,3),((4,6),5)); -4546.47 -1.92741 25.3474 13.2589 -4556.63
(1,2,(3,(4,(5,6)))); -4535.38 -0.99904 28.4944 13.8987 -4548.97
(1,(2,3),(4,(5,6))); -4536.29 -1.24145 31.4871 13.6109 -4552.92
(1,(2,3),(4,(5,6))); -4535.46 -1.24145 31.7787 13.6067 -4552.39
(1,2,(3,(4,(5,6)))); -4532.81 -0.99904 30.9709 13.8387 -4548.94
(1,(2,3),(4,(5,6))); -4538.77 -1.24145 28.0391 13.3466 -4552.22
(1,2,(3,(4,(5,6)))); -4532.57 -0.99904 30.8284 13.4843 -4548.91
(1,2,(3,(4,(5,6)))); -4532.39 -0.99904 31.3035 13.5574 -4549.13
(1,(2,3),(4,(5,6))); -4536.29 -1.24145 31.438 13.7581 -4552.73
(1,2,(3,((4,6),5))); -4536.3 -1.68501 27.2617 13.2302 -4548.64
(1,2,(3,(4,(5,6)))); -4531.93 -0.99904 31.3886 13.4631 -4548.85
(1,2,(3,(4,(5,6)))); -4532.79 -0.99904 29.8054 13.0155 -4548.58
(1,(2,3),((4,6),5)); -4545.19 -1.92741 26.5594 13.3614 -4556.46
(1,2,(3,(4,(5,6)))); -4538.42 -0.99904 25.5134 13.4887 -4549.44
(1,2,(3,(4,(5,6)))); -4535.84 -0.99904 27.6185 13.4514 -4549.01
(1,(2,3),(4,(5,6))); -4538.39 -1.24145 29.2698 13.783 -4552.63
(1,(2,3),(4,(5,6))); -4537.2 -1.24145 30.1023 13.6593 -4552.4
(1,2,(3,(4,(5,6)))); -4535.21 -0.99904 27.936 13.2875 -4548.86
(1,(2,3),(4,(5,6))); -4537.4 -1.24145 29.1034 13.4501 -4551.81
(1,(2,3),((4,6),5)); -4542.55 -1.92741 29.9584 13.6868 -4556.89
(1,2,(3,(4,(5,6)))); -4534.6 -0.99904 29.0584 13.4697 -4549.19
(1,2,(3,(4,(5,6)))); -4533.19 -0.99904 30.4199 13.3429 -4549.26
(1,2,(3,(4,(5,6)))); -4535.17 -0.99904 29.0453 14.083 -4549.13
(1,2,(3,(4,(5,6)))); -4537.94 -0.99904 25.779 13.6399 -4549.08
(1,2,(3,(4,(5,6)))); -4532.07 -0.99904 31.4866 13.5222 -4549.03
(1,2,(3,((4,6),5))); -4534.09 -1.68501 29.5602 13.5115 -4548.46
(1,(2,3),(4,(5,6))); -4540.35 -1.24145 26.5903 13.5271 -4552.17
(1,(2,3),(4,(5,6))); -4538.29 -1.24145 28.827 13.8154 -4552.06
(1,2,(3,((4,6),5))); -4531.71 -1.68501 31.8544 13.3029 -4548.58
(1,2,(3,((4,6),5))); -4532.44 -1.68501 31.9948 13.9995 -4548.75
(1,2,(3,(4,(5,6)))); -4532.16 -0.99904 31.5188 13.658 -4549.03
(1,2,(3,((4,6),5))); -4536.72 -1.68501 26.3771 13.0094 -4548.41
(1,2,(3,((4,6),5))); -4535.44 -1.68501 28.081 13.3476 -4548.49
(1,2,(3,((4,6),5))); -4532.84 -1.68501 30.9495 13.7649 -4548.34
(1,2,(3,(4,(5,6)))); -4535.87 -0.99904 27.6717 13.6851 -4548.85
(1,2,(3,((4,6),5))); -4534.03 -1.68501 29.8983 13.4154 -4548.82
(1,2,(3,((4,6),5))); -4533.53 -1.68501 30.3829 13.6533 -4548.57
(1,(2,3),((4,6),5)); -4544.15 -1.92741 28.2024 13.0532 -4557.38
(1,(2,3),((4,6),5)); -4545.57 -1.92741 26.7253 13.8523 -4556.51
(1,2,(3,(4,(5,6)))); -4533.53 -0.99904 30.3024 13.4377 -4549.4
(1,2,(3,(4,(5,6)))); -4533.1 -0.99904 30.5128 13.7406 -4548.87
(1,2,(3,((4,6),5))); -4533.37 -1.68501 31.0506 13.9645 -4548.77
(1,2,(3,(4,(5,6)))); -4535.01 -0.99904 28.9574 13.4687 -4549.5
(1,2,(3,((4,6),5))); -4536.55 -1.68501 27.1231 13.6733 -4548.32
(1,(2,3),(4,(5,6))); -4539.85 -1.24145 28.1334 13.9954 -4552.75
(1,2,(3,(4,(5,6)))); -4535.21 -0.99904 28.3745 13.7093 -4548.88
(1,(2,3),(4,(5,6))); -4538.5 -1.24145 29.0134 13.6648 -4552.6
(1,(2,3),(4,(5,6))); -4538.77 -1.24145 28.891 13.9674 -4552.45
(1,(2,3),(4,(5,6))); -4534.44 -1.24145 32.8186 13.6311 -4552.39
(1,2,(3,(4,(5,6)))); -4533.08 -0.99904 31.1831 13.7175 -4549.54
(1,2,(3,(4,(5,6)))); -4533.45 -0.99904 30.4326 13.6198 -4549.26
(1,2,(3,(4,(5,6)))); -4534.19 -0.99904 28.7497 13.2609 -4548.68
(1,(2,3),(4,(5,6))); -4537.18 -1.24145 29.3575 13.321 -4551.98
(1,2,(3,(4,(5,6)))); -4535.31 -0.99904 28.3718 13.6412 -4549.04
(1,(2,3),((4,6),5)); -4543.8 -1.92741 27.831 13.3949 -4556.31
(1,2,(3,((4,6),5))); -4533.44 -1.68501 31.1035 13.9252 -4548.94
(1,2,(3,(4,(5,6)))); -4538.09 -0.99904 25.4295 13.936 -4548.58
(1,2,(3,(4,(5,6)))); -4533.65 -0.99904 29.8005 13.4177 -4549.04
(1,(2,3),(4,(5,6))); -4537.51 -1.24145 29.8436 13.9038 -4552.21
(1,(2,3),(4,(5,6))); -4538.5 -1.24145 28.4167 13.0946 -4552.58
(1,2,(3,((4,6),5))); -4537.41 -1.68501 26.1545 13.3983 -4548.48
(1,(2,3),(4,(5,6))); -4538.81 -1.24145 28.5606 13.5421 -4552.59
(1,2,(3,(4,(5,6)))); -4540.95 -0.99904 22.2442 13.1521 -4549.04
(1,2,(3,(4,(5,6)))); -4532.22 -0.99904 31.2733 13.3188 -4549.18
(1,(2,3),((4,6),5)); -4544.59 -1.92741 27.0515 13.2684 -4556.45
(1,(2,3),(4,(5,6))); -4545.53 -1.24145 23.1387 13.7361 -4553.69
(1,(2,3),(4,(5,6))); -4539.49 -1.24145 27.5524 13.7232 -4552.08
(1,(2,3),((4,6),5)); -4542.78 -1.92741 30.2293 13.7403 -4557.34
(1,2,(3,(4,(5,6)))); -4533.46 -0.99904 30.1801 13.4162 -4549.23
(1,(2,3),((4,6),5)); -4541.11 -1.92741 30.7787 13.585 -4556.38
(1,(2,3),((4,6),5)); -4544.4 -1.92741 26.9506 12.9829 -4556.44
(1,(2,3),(4,(5,6))); -4535.56 -1.24145 31.7415 13.7913 -4552.27
(1,2,(3,(4,(5,6)))); -4534.83 -0.99904 29.0469 13.7739 -4549.1
(1,2,(3,(4,(5,6)))); -4532.87 -0.99904 31.2132 13.7248 -4549.36
(1,(2,3),((4,6),5)); -4544.88 -1.92741 28.2729 13.8798 -4557.35
(1,(2,3),(4,(5,6))); -4537.78 -1.24145 29.1374 13.3646 -4552.31
(1,2,(3,(4,(5,6)))); -4533.6 -0.99904 30.3518 13.5747 -4549.38
(1,(2,3),((4,6),5)); -4545.87 -1.92741 26.4955 13.505 -4556.93
(1,2,(3,(4,(5,6)))); -4535.48 -0.99904 27.852 13.3548 -4548.98
(1,2,(3,(4,(5,6)))); -4539.07 -0.99904 23.9881 13.1214 -4548.94
(1,(2,3),(4,(5,6))); -4536.49 -1.24145 29.8338 13.2355 -4551.85
(1,2,(3,((4,6),5))); -4534.13 -1.68501 29.9147 13.5261 -4548.83
(1,2,(3,((4,6),5))); -4534.94 -1.68501 28.8463 13.5154 -4548.59
(1,(2,3),(4,(5,6))); -4537.55 -1.24145 29.236 13.2681 -4552.27
(1,2,(3,(4,(5,6)))); -4537.51 -0.99904 26.8484 13.6068 -4549.75
(1,2,(3,(4,(5,6)))); -4532.79 -0.99904 30.5939 13.7299 -4548.66
(1,2,(3,(4,(5,6)))); -4536.68 -0.99904 27.3433 13.8413 -4549.18
(1,(2,3),(4,(5,6))); -4539.83 -1.24145 27.2478 13.3738 -4552.46
(1,(2,3),(4,(5,6))); -4535.77 -1.24145 30.7477 13.2559 -4552.02
(1,(2,3),(4,(5,6))); -4537.98 -1.24145 29.1144 13.38 -4552.47
(1,2,(3,(4,(5,6)))); -4534.65 -0.99904 28.6474 13.2549 -4549.04
(1,2,(3,(4,(5,6)))); -4534.26 -0.99904 28.6631 13.3316 -4548.6
(1,(2,3),(4,(5,6))); -4539.6 -1.24145 27.152 13.1187 -4552.39
(1,2,(3,((4,6),5))); -4534.17 -1.68501 28.7797 13.0858 -4548.18
(1,(2,3),(4,(5,6))); -4536.97 -1.24145 30.5852 13.606 -4552.71
(1,2,(3,(4,(5,6)))); -4535.44 -0.99904 28.8681 13.8711 -4549.43
(1,2,(3,(4,(5,6)))); -4534.81 -0.99904 29.3469 13.8597 -4549.3
(1,(2,3),((4,6),5)); -4543.88 -1.92741 28.566 13.8622 -4556.66
(1,2,(3,(4,(5,6)))); -4539.04 -0.99904 25.1907 13.5135 -4549.71
(1,2,(3,(4,(5,6)))); -4532.51 -0.99904 31.7054 13.6859 -4549.53
(1,(2,3),((4,6),5)); -4555.18 -1.92741 17.7351 13.7778 -4557.21
(1,2,(3,(4,(5,6)))); -4536.19 -0.99904 27.6911 13.4457 -4549.44
(1,2,(3,(4,(5,6)))); -4533.09 -0.99904 30.5477 13.3722 -4549.27
(1,(2,3),((4,6),5)); -4542.27 -1.92741 29.7609 12.9917 -4557.11
(1,2,(3,(4,(5,6)))); -4532.22 -0.99904 31.3755 13.5453 -4549.05
(1,(2,3),(4,(5,6))); -4536.34 -1.24145 30.426 13.3223 -4552.21
(1,2,(3,(4,(5,6)))); -4533.21 -0.99904 30.5019 13.7837 -4548.93
(1,(2,3),(4,(5,6))); -4535.72 -1.24145 32.0584 13.828 -4552.71
(1,2,(3,(4,(5,6)))); -4532.89 -0.99904 31.3236 13.8245 -4549.39
(1,2,(3,((4,6),5))); -4531.52 -1.68501 32.2817 13.5286 -4548.59
(1,(2,3),(4,(5,6))); -4538.06 -1.24145 29.1222 13.48 -4552.46
(1,2,(3,(4,(5,6)))); -4536.67 -0.99904 27.1367 14.1179 -4548.69
(1,2,(3,((4,6),5))); -4535.1 -1.68501 27.9572 13.2323 -4548.14
(1,2,(3,(4,(5,6)))); -4537.45 -0.99904 25.6283 13.5366 -4548.55
(1,2,(3,((4,6),5))); -4533.91 -1.68501 28.9791 13.0685 -4548.14
(1,2,(3,((4,6),5))); -4534.79 -1.68501 29.7252 13.9064 -4548.92
(1,(2,3),((4,6),5)); -4542.09 -1.92741 30.0492 13.4045 -4556.81
(1,(2,3),(4,(5,6))); -4535.49 -1.24145 31.3888 13.5892 -4552.05
(1,(2,3),((4,6),5)); -4545.64 -1.92741 27.3883 13.8456 -4557.26
(1,(2,3),(4,(5,6))); -4542.32 -1.24145 24.6494 13.4262 -4552.3
(1,2,(3,(4,(5,6)))); -4533.48 -0.99904 30.1802 13.782 -4548.88
(1,(2,3),((4,6),5)); -4543.21 -1.92741 28.8096 13.3991 -4556.69
(1,(2,3),(4,(5,6))); -4537.8 -1.24145 29.0952 13.288 -4552.37
(1,(2,3),(4,(5,6))); -4536.06 -1.24145 30.6201 13.3297 -4552.11
(1,2,(3,((4,6),5))); -4533.07 -1.68501 30.8958 13.8406 -4548.44
(1,2,(3,((4,6),5))); -4533.67 -1.68501 30.9843 14.0697 -4548.9
(1,(2,3),(4,(5,6))); -4541.64 -1.24145 25.6113 13.4786 -4552.54
(1,2,(3,(4,(5,6)))); -4536.59 -0.99904 27.2805 13.5128 -4549.36
(1,2,(3,(4,(5,6)))); -4541.43 -0.99904 21.9735 13.3357 -4549.06
(1,(2,3),(4,(5,6))); -4540.46 -1.24145 26.1599 13.4126 -4551.96
(1,(2,3),((4,6),5)); -4542.33 -1.92741 29.8827 13.6461 -4556.64
(1,(2,3),(4,(5,6))); -4536.87 -1.24145 29.977 13.2449 -4552.36
