tree logl logTop logBL logPrior logQ logWt pi1 pi2 pi3 pi4 s1 s2 s3 s4 s5 s6
(1,(2,3),(4,(5,6))); -4549.27  -1.9375 46.7986 13.4904 75.3835 -4656.03 0.279549 0.269528 0.146879 0.304045    0.250049    0.178513   0.0829445   0.0198012    0.467724 0.000968842
(1,2,(3,(4,(5,6)))); -4544.28  -1.13623 46.1846 13.0531 74.9978 -4651.27 0.279592 0.269504 0.146885 0.304018    0.250104    0.178528   0.0828809   0.0197768    0.467741 0.000968145
(1,(2,(4,(5,6))),3); -4541.46  -1.88508 49.1111 13.4197 74.5428 -4649.81 0.279594 0.269505 0.146905 0.303995    0.250154    0.178531   0.0828868   0.0197869     0.46767 0.000971857
(1,(2,3),(4,(5,6))); -4545.6  -1.9375 45.3607 13.5762 75.6481 -4651.09   0.2795 0.269526 0.146878 0.304095    0.250127    0.178498   0.0828752   0.0197947    0.467736 0.000969414
(1,2,(3,(4,(5,6)))); -4540.39  -1.13623 50.5495 13.6587 71.9997 -4648.15 0.279577 0.269473 0.146899 0.304051    0.250019    0.178448   0.0829667   0.0197721    0.467824 0.000971222
(1,2,(3,((4,6),5))); -4544.49  -1.67272 45.3676 14.0301 73.4636 -4647.62 0.279491 0.269526 0.146913  0.30407     0.25003    0.178493   0.0829085   0.0198078    0.467783 0.000978165
(1,2,(3,((4,6),5))); -4537.41  -1.67272 48.7836 13.0181 75.5393 -4647.04 0.279487 0.269559 0.146865  0.30409    0.250092    0.178495   0.0828933   0.0197798     0.46777 0.000968945
(1,(2,((4,6),5)),3); -4552.72  -2.42157 47.015 14.0258 71.2306 -4654.52 0.279542 0.269586 0.146927 0.303945    0.250067    0.178497   0.0828622   0.0198013    0.467795 0.000977932
(1,2,(3,((4,6),5))); -4540.64  -1.67272 44.3775 13.1213 75.2454 -4645.47 0.279511 0.269549  0.14685 0.304091    0.250127    0.178479   0.0828887    0.019802    0.467734 0.000969226
(1,(2,3),(4,(5,6))); -4548.88  -1.9375 40.8225 13.2502 75.8327 -4650.35   0.2796 0.269507 0.146875 0.304019    0.250094    0.178472   0.0829011   0.0197907    0.467765 0.000976555
(1,2,(3,(4,(5,6)))); -4539.04  -1.13623 50.8774 14.1404 76.2246 -4650.87 0.279531  0.26948 0.146893 0.304096    0.250107    0.178452   0.0829307   0.0197907    0.467746 0.000972486
(1,2,(3,(4,(5,6)))); -4542.89  -1.13623 46.5731 12.9612 73.5836 -4648.95 0.279501  0.26958 0.146868 0.304051     0.25005    0.178477   0.0829483   0.0198116    0.467745 0.000969148
(1,(2,(4,(5,6))),3); -4542.63  -1.88508 47.901 13.4069 74.5238 -4649.76 0.279582 0.269467 0.146907 0.304045    0.250079     0.17854    0.082891   0.0197733    0.467748 0.000968543
(1,2,(3,(4,(5,6)))); -4537.98  -1.13623 50.1805 13.9423 76.737 -4649.82 0.279591 0.269495 0.146879 0.304034    0.250111    0.178475   0.0828907    0.019791    0.467759 0.000973561
(1,2,(3,((4,6),5))); -4539.5  -1.67272 45.1434 13.1402 75.1194 -4644.95 0.279569 0.269511 0.146865 0.304055    0.250097    0.178422   0.0829101   0.0197763    0.467821 0.000972927
(1,(2,(4,(5,6))),3); -4540.77  -1.88508 50.7829 13.199 75.0565 -4651.52 0.279578 0.269574 0.146859 0.303989     0.25013    0.178474   0.0829315   0.0197937      0.4677 0.000970211
(1,2,(3,(4,(5,6)))); -4540.34  -1.13623 46.9422 12.6333 72.9538 -4646.46 0.279471 0.269481 0.146955 0.304093    0.250093    0.178498   0.0829145   0.0197642    0.467759 0.000971102
(1,(2,((4,6),5)),3); -4541.4  -2.42157 53.2101 13.4824 73.2706 -4651.98  0.27952 0.269493  0.14686 0.304127    0.250014    0.178511   0.0829513   0.0197778    0.467774 0.000972276
(1,2,(3,(4,(5,6)))); -4541.89  -1.13623 46.4665 13.7727 74.3737 -4647.82 0.279576 0.269519 0.146863 0.304041    0.250084    0.178551   0.0829135   0.0198078    0.467669 0.000974779
(1,(2,3),(4,(5,6))); -4546.81  -1.9375 48.7514 14.2161 72.9171 -4652.33 0.279641 0.269481 0.146907 0.303971    0.250145     0.17852    0.082912    0.019783    0.467666 0.000973345
(1,(2,(4,(5,6))),3); -4551.75  -1.88508 40.5933 14.1691 74.7326 -4651.02 0.279466 0.269565 0.146943 0.304025     0.25013     0.17848   0.0829107   0.0197793    0.467728 0.000971921
(1,(2,3),((4,6),5)); -4544.87  -2.47399 50.0067 12.9598 75.7892 -4655.23 0.279577 0.269516 0.146883 0.304024    0.250111    0.178502   0.0829476   0.0197811    0.467685 0.000972501
(1,2,(3,(4,(5,6)))); -4540.82  -1.13623 48.9343 13.114 72.8142 -4648.32  0.27947 0.269569 0.146865 0.304096   0.250134   0.178485  0.0828514   0.019807    0.46775 0.00097194
(1,2,(3,(4,(5,6)))); -4539.85  -1.13623 46.2722 13.2053 73.2743 -4645.05 0.279472 0.269575 0.146912 0.304041    0.250136    0.178507   0.0828976   0.0197842    0.467696 0.000978615
(1,2,(3,(4,(5,6)))); -4536.56  -1.13623 51.0824 13.1726 72.9843 -4646.31 0.279418 0.269582 0.146926 0.304074    0.250111    0.178461   0.0829153   0.0197991    0.467739 0.000974252
(1,(2,(4,(5,6))),3); -4541.05  -1.88508 52.7542 13.5647 71.5793 -4649.94 0.279584 0.269542 0.146862 0.304012    0.250039    0.178545   0.0828422   0.0198108     0.46779 0.000972722
(1,(2,(4,(5,6))),3); -4544.63  -1.88508 47.7993 13.2814 72.7199 -4649.98 0.279542  0.26953  0.14683 0.304098    0.250033    0.178547   0.0829495   0.0197799    0.467722 0.000969092
(1,(2,((4,6),5)),3); -4547.36  -2.42157 49.1257 13.5642 73.1654 -4653.66 0.279499 0.269531 0.146974 0.303995    0.250066    0.178445   0.0829327    0.019795     0.46779 0.000972181
(1,(2,3),(4,(5,6))); -4541.96  -1.9375 50.2218 14.1475 70.6025 -4646.7 0.279531 0.269439 0.146944 0.304086    0.250044    0.178587   0.0828667   0.0197794    0.467753 0.000970497
(1,(2,3),(4,(5,6))); -4542.79  -1.9375 49.1897 13.8521 72.89 -4649.08  0.27956 0.269566  0.14695 0.303924    0.250087    0.178514   0.0828794    0.019784    0.467763 0.000973243
(1,(2,(4,(5,6))),3); -4545.14  -1.88508 49.1469 13.5616 73.9734 -4652.81 0.279486 0.269547 0.146924 0.304043    0.250082    0.178449   0.0828837   0.0198142    0.467798 0.000973362
(1,2,(3,((4,6),5))); -4539.02  -1.67272 50.4251 13.8269 75.2722 -4649.22 0.279519 0.269542 0.146915 0.304024   0.250117   0.178458  0.0829427  0.0197795   0.467734 0.00096871
(1,2,(3,(4,(5,6)))); -4538.62  -1.13623 47.0304 13.761 74.0286 -4644.78  0.27951 0.269517 0.146932 0.304041    0.250179    0.178456   0.0829061   0.0197787    0.467705 0.000975678
(1,2,(3,((4,6),5))); -4543.9  -1.67272 43.6483 12.627 74.3573 -4647.61 0.279474 0.269594 0.146933 0.303999  0.250108  0.178485 0.0829352 0.0197881  0.467712  0.000972
(1,2,(3,(4,(5,6)))); -4557.31  -1.13623 41.1154 12.905 73.4274 -4657.81  0.27963 0.269425 0.146909 0.304037    0.250119    0.178467   0.0829225   0.0197741    0.467745 0.000972509
(1,2,(3,(4,(5,6)))); -4540.51  -1.13623 50.1202 13.7762 75.7744 -4651.5 0.279501 0.269508 0.146901  0.30409    0.250074    0.178442   0.0829044   0.0197952    0.467811 0.000973375
(1,(2,((4,5),6)),3); -4554.86  -5.20405 47.5481 13.1629 73.5612 -4657.61 0.279545 0.269556 0.146878 0.304021    0.250074    0.178493   0.0829815   0.0197802      0.4677 0.000970895
(1,2,(3,((4,6),5))); -4536.44  -1.67272 49.4852 13.6349 73.019 -4643.63 0.279529 0.269592 0.146889  0.30399     0.25003    0.178514   0.0828877   0.0197933     0.46781 0.000966427
(1,2,(3,((4,6),5))); -4537.05  -1.67272 50.4695 13.6246 76.0878 -4648.31 0.279564 0.269515 0.146883 0.304037    0.250103      0.1785   0.0828736   0.0198069    0.467743 0.000972825
(1,2,(3,((4,6),5))); -4534.88  -1.67272 51.4739 12.9525 72.3719 -4644.1 0.279506 0.269656 0.146828 0.304009    0.250089    0.178477   0.0829304    0.019795    0.467736 0.000972621
(1,(2,((4,6),5)),3); -4545.94  -2.42157 43.7845 13.6772 75.0517 -4648.68 0.279571 0.269572 0.146834 0.304024    0.250078    0.178538   0.0829064   0.0197836     0.46772 0.000974091
(1,2,(3,(4,(5,6)))); -4540.82  -1.13623 49.2626 14.1982 76.0273 -4650.78 0.279541 0.269504 0.146867 0.304088  0.250077  0.178447 0.0828988 0.0197967  0.467807 0.0009738
(1,2,(3,((4,6),5))); -4538.56  -1.67272 47.6473 13.8694 75.4285 -4646.09 0.279573 0.269477 0.146892 0.304057    0.250054    0.178542   0.0829044   0.0198003    0.467725 0.000974709
(1,2,(3,(4,(5,6)))); -4541.14  -1.13623 49.9245 13.3959 59.7297 -4636.26 0.279516 0.269538 0.146918 0.304028    0.249979    0.178437   0.0829356   0.0197661    0.467896 0.000986311
(1,2,(3,(4,(5,6)))); -4547.76  -1.13623 46.2036 14.4344 74.9523 -4653.34 0.279592 0.269554 0.146888 0.303966   0.250057   0.178492  0.0829261  0.0197855   0.467763 0.00097576
(1,(2,3),(4,(5,6))); -4541.94  -1.9375 46.2553 14.0283 75.3448 -4647.57 0.279555 0.269447 0.146915 0.304083    0.250095    0.178477   0.0828917   0.0197964    0.467765 0.000975307
(1,2,(3,(4,(5,6)))); -4540.79  -1.13623 48.2218 13.1036 75.9038 -4650.68 0.279557 0.269549 0.146907 0.303987    0.250086    0.178452   0.0829011    0.019802    0.467787 0.000971203
(1,(2,3),(4,(5,6))); -4544.05  -1.9375 49.9638 13.8904 70.1829 -4648.37 0.279639  0.26956 0.146915 0.303885    0.250046     0.17853   0.0829134   0.0197995    0.467738 0.000972613
(1,(2,((4,6),5)),3); -4546.65  -2.42157 46.4153 13.8206 71.284 -4648.11  0.27945  0.26949 0.146917 0.304143    0.250031    0.178516   0.0829591   0.0197763    0.467744 0.000972614
(1,(2,3),(4,(5,6))); -4542.11  -1.9375 46.3033 12.9134 71.6688 -4645.23 0.279475 0.269557 0.146851 0.304117    0.250119     0.17853   0.0829487    0.019774     0.46766 0.000968342
(1,(2,3),(4,(5,6))); -4546.28  -1.9375 44.778 12.866 71.7312 -4647.98 0.279618 0.269436 0.146893 0.304053    0.250007    0.178465   0.0829321   0.0198099    0.467812 0.000973459
(1,2,(3,(4,(5,6)))); -4547.03  -1.13623 44.1242 12.5455 72.9991 -4650.47 0.279561 0.269566 0.146878 0.303995    0.250071    0.178405   0.0829375   0.0198083    0.467804 0.000973387
(1,(2,3),(4,(5,6))); -4547.62  -1.9375 44.1168 13.3589 74.9411 -4651.38 0.279573 0.269521 0.146897 0.304009    0.250127    0.178508   0.0829114   0.0198097    0.467669 0.000974749
(1,(2,(4,(5,6))),3); -4542.55  -1.88508 44.5635 12.7748 73.0567 -4645.51 0.279559 0.269543 0.146844 0.304054    0.250069    0.178529    0.082853   0.0198092    0.467771 0.000969051
(1,(2,3),((4,5),6)); -4550.5  -5.25647 49.8348 12.9494 72.59 -4654.72 0.279598 0.269507 0.146878 0.304018    0.250119    0.178523   0.0828432   0.0197842    0.467754 0.000977408
(1,(2,3),(4,(5,6))); -4541.9  -1.9375 51.9462 13.3489 75.6007 -4654.16 0.279511 0.269536 0.146921 0.304031    0.250023    0.178496   0.0829069   0.0197868    0.467813 0.000974011
(1,2,(3,(4,(5,6)))); -4535.09  -1.13623 51.4489 13.2076 73.4921 -4645.69 0.279512 0.269527 0.146855 0.304107    0.250076    0.178521   0.0829347    0.019798    0.467704 0.000966069
(1,2,(3,((4,6),5))); -4535.81  -1.67272 52.0196 13.3452 72.5293 -4645.34 0.279532  0.26954 0.146899  0.30403    0.250053    0.178483     0.08297   0.0197787    0.467749 0.000965726
(1,(2,(4,(5,6))),3); -4540.41  -1.88508 49.393 12.7651 76.8993 -4652.06 0.279523 0.269523 0.146894 0.304059    0.250069    0.178456   0.0829208    0.019795    0.467788 0.000972089
(1,(2,3),(4,(5,6))); -4543.3  -1.9375 48.6068 13.4863 74.0493 -4650.53  0.27955 0.269519 0.146948 0.303983    0.250011    0.178498   0.0829231   0.0197906    0.467805 0.000972757
(1,2,(3,((4,6),5))); -4542.62  -1.67272 49.3313 14.0005 73.3262 -4649.6  0.27957 0.269497 0.146848 0.304085    0.25012   0.178397  0.0829115  0.0198044   0.467795 0.00097205
(1,2,(3,((4,6),5))); -4537.97  -1.67272 48.4344 13.3034 73.2899 -4644.72 0.279597 0.269573 0.146818 0.304012    0.250129    0.178462   0.0829219   0.0197793    0.467732 0.000976013
(1,(2,(4,(5,6))),3); -4546.59  -1.88508 43.8608 13.3729 70.2238 -4645.42 0.279549 0.269565 0.146822 0.304064    0.250128    0.178564    0.082917   0.0197942    0.467618 0.000978338
(1,(2,((4,5),6)),3); -4548.43  -5.20405 50.397 13.5881 73.9563 -4653.99  0.27954 0.269549  0.14684 0.304071     0.25002    0.178473   0.0829563   0.0197975    0.467781 0.000972225
(1,(2,3),(4,(5,6))); -4546.05  -1.9375 47.5727 13.2393 74.9269 -4653.38 0.279533 0.269434  0.14692 0.304114    0.250089    0.178502   0.0829161   0.0197832    0.467736 0.000973288
(1,(2,(4,(5,6))),3); -4546.59  -1.88508 46.4545 13.8696 69.5694 -4646.86 0.279448 0.269547 0.146943 0.304062   0.250031   0.178478  0.0829745  0.0198036   0.467735 0.00097761
(1,2,(3,(4,(5,6)))); -4541.06  -1.13623 47.5323 13.389 73.4107 -4647.48 0.279519 0.269506 0.146935  0.30404   0.249997   0.178531  0.0829046  0.0198045   0.467788 0.00097515
(1,(2,3),(4,(5,6))); -4543.5  -1.9375 45.2588 12.9757 74.8095 -4648.66 0.279571 0.269537 0.146851 0.304041    0.250107    0.178458   0.0828835   0.0198093    0.467767 0.000975629
(1,2,(3,(4,(5,6)))); -4543.27  -1.13623 48.0275 13.1231 75.4514 -4652.49 0.279571 0.269516 0.146886 0.304026    0.250031    0.178453   0.0829228   0.0197923    0.467827 0.000974021
(1,(2,3),((4,6),5)); -4555.64  -2.47399 44.6454 13.2217 73.5327 -4658.12 0.279605 0.269586 0.146883 0.303926     0.25009    0.178498   0.0829061   0.0197929    0.467743 0.000969417
(1,(2,((4,6),5)),3); -4541.98  -2.42157 48.5812 13.3456 73.7634 -4648.56  0.27958 0.269516 0.146847 0.304057    0.250157    0.178474   0.0828837   0.0198131    0.467701 0.000970222
(1,(2,(4,(5,6))),3); -4546.41  -1.88508 47.4042 13.447 76.1994 -4654.68 0.279543 0.269536 0.146841  0.30408    0.250107    0.178489   0.0828893   0.0198001    0.467741 0.000973307
(1,(2,(4,(5,6))),3); -4545.44  -1.88508 47.8159 14.0162 75.8721 -4653.22 0.279588 0.269495 0.146905 0.304013    0.250115    0.178508     0.08291   0.0198025    0.467691 0.000973715
(1,(2,((4,6),5)),3); -4540.06  -2.42157 49.6072 13.114 69.3237 -4643.45  0.27968 0.269511 0.146833 0.303976    0.250096    0.178413   0.0829218   0.0197829     0.46781 0.000976408
(1,(2,3),(4,(5,6))); -4543.7  -1.9375 48.9088 13.3461 73.3031 -4650.63 0.279542 0.269601 0.146869 0.303988   0.250059   0.178482  0.0829598  0.0197727   0.467752 0.00097408
(1,(2,3),((4,6),5)); -4548.8  -2.47399 41.4756 13.7552 72.6968 -4646.75 0.279608 0.269542 0.146899 0.303952     0.25008     0.17845   0.0829387   0.0198028    0.467761 0.000967347
(1,(2,(4,(5,6))),3); -4539.35  -1.88508 51.8008 13.7142 75.084 -4650.64 0.279561 0.269556 0.146885 0.303998    0.250073    0.178439   0.0829171    0.019805    0.467791 0.000974979
(1,2,(3,(4,(5,6)))); -4539.03  -1.13623 48.4752 13.3764 76.6364 -4649.62 0.279565 0.269546 0.146885 0.304004    0.250079    0.178499   0.0828823   0.0197879    0.467781 0.000970823
(1,2,(3,((4,6),5))); -4545.02  -1.67272 47.6058 13.5384 75.0122 -4652.43 0.279577 0.269473 0.146932 0.304017    0.250097    0.178494   0.0829151   0.0198098    0.467712 0.000971671
(1,(2,(4,(5,6))),3); -4536.94  -1.88508 52.183 13.4669 69.403 -4643.17 0.279643 0.269524 0.146874  0.30396    0.250176    0.178454   0.0829693   0.0197843    0.467645 0.000971548
(1,2,(3,((4,6),5))); -4542.05  -1.67272 44.9319 12.9243 70.9639 -4643.35 0.279549 0.269572 0.146813 0.304066    0.250062    0.178502   0.0828414   0.0197999    0.467826 0.000968871
(1,(2,(4,(5,6))),3); -4545.42  -1.88508 42.7972 12.7899 73.9644 -4647.5 0.279593 0.269515 0.146851 0.304041    0.250118    0.178537   0.0829363   0.0197716    0.467664 0.000973519
(1,2,(3,(4,(5,6)))); -4536.76  -1.13623 52.5815 13.7975 76.6497 -4651.06 0.279574 0.269533 0.146896 0.303997    0.250104    0.178499    0.082891   0.0197796    0.467754 0.000973368
(1,2,(3,(4,(5,6)))); -4549.67  -1.13623 41.9338 13.4917 73.6853 -4650.66 0.279558 0.269492 0.146961 0.303989    0.250108     0.17844    0.082936   0.0197802    0.467764 0.000971147
(1,2,(3,((4,6),5))); -4536.47  -1.67272 50.6403 13.3863 76.1521 -4648.21 0.279566 0.269467 0.146918 0.304048    0.250095     0.17849   0.0828913   0.0198024    0.467749 0.000971544
(1,2,(3,((4,6),5))); -4542.01  -1.67272 45.0045 13.682 75.7569 -4647.41 0.279478  0.26957 0.146912 0.304041    0.250058    0.178473   0.0829106   0.0197939     0.46779 0.000973974
(1,2,(3,((4,6),5))); -4534.44  -1.67272 50.2333 13.4806 74.9281 -4644.45 0.279579 0.269453 0.146899 0.304069    0.250065    0.178491   0.0829549    0.019787     0.46773 0.000972363
(1,2,(3,((4,6),5))); -4543.33  -1.67272 43.7999 13.2283 73.2914 -4645.52 0.279502 0.269535 0.146864   0.3041    0.250155    0.178506   0.0829486   0.0197922    0.467626 0.000972519
(1,2,(3,(4,(5,6)))); -4541.39  -1.13623 47.0161 13.2139 67.2237 -4641.28 0.279456 0.269551 0.147001 0.303991    0.250149    0.178524   0.0828898   0.0198165    0.467647 0.000974129
(1,(2,(4,(5,6))),3); -4539.32  -1.88508 51.7978 13.453 73.9507 -4649.73  0.27954 0.269623 0.146857  0.30398    0.250082    0.178456   0.0829356   0.0197836     0.46777 0.000972874
(1,2,(3,(4,(5,6)))); -4534.32  -1.13623 53.4737 13.7142 73.9029 -4646.84  0.27961 0.269503 0.146917  0.30397    0.250112    0.178487   0.0828653   0.0198035    0.467759 0.000973319
(1,(2,3),(4,(5,6))); -4543.41  -1.9375 49.8071 13.4809 71.7897 -4649.59 0.279564 0.269535 0.146813 0.304087    0.250121    0.178439   0.0829018   0.0197786    0.467794 0.000965608
(1,(2,3),(4,(5,6))); -4539.03  -1.9375 51.6819 13.8294 73.6731 -4648.61 0.279534 0.269482 0.146844  0.30414    0.250061    0.178467   0.0829492   0.0197884    0.467765 0.000970075
(1,2,(3,(4,(5,6)))); -4537.7  -1.13623 49.2351 13.2602 73.6335 -4646.18 0.279617 0.269551 0.146835 0.303997    0.250162    0.178479   0.0829116   0.0197795    0.467697 0.000970834
(1,2,(3,(4,(5,6)))); -4548.32  -1.13623 42.6921 13.8892 73.7114 -4649.7 0.279564 0.269522 0.146887 0.304027    0.250037    0.178435   0.0829662   0.0197983    0.467792 0.000971578
(1,2,(3,(4,(5,6)))); -4538.08  -1.13623 49.1231 13.2893 74.3306 -4647.11  0.27951 0.269538 0.146912  0.30404    0.250098    0.178554   0.0828893   0.0198019    0.467681 0.000976156
(1,(2,(4,(5,6))),3); -4542.77  -1.88508 49.0543 13.5544 75.2082 -4651.6 0.279504 0.269577 0.146869 0.304051   0.250074   0.178513  0.0828698  0.0197776   0.467794 0.00097177
(1,(2,(4,(5,6))),3); -4548.5  -1.88508 47.4737 13.5424 71.1106 -4651.66 0.279482 0.269643  0.14683 0.304046    0.250067    0.178436   0.0828929   0.0198002    0.467833 0.000970896
(1,(2,3),((4,6),5)); -4546.95  -2.47399 44.6043 13.2468 71.3253 -4647.15 0.279572 0.269499 0.146871 0.304058    0.250129    0.178485   0.0828409   0.0197709    0.467808 0.000966245
(1,(2,3),(4,(5,6))); -4546.16  -1.9375 45.2178 14.325 69.815 -4644.93  0.27956 0.269554 0.146869 0.304017    0.250142    0.178399   0.0828374   0.0197839    0.467868 0.000970853
(1,2,(3,((4,5),6))); -4547.53  -4.45519 47.6803 13.0975 73.8641 -4651.52 0.279604  0.26954 0.146813 0.304043    0.250079     0.17844   0.0829206   0.0197856    0.467803 0.000971208
(1,(2,(4,(5,6))),3); -4547.49  -1.88508 46.4795 13.3815 71.6421 -4650.35 0.279466 0.269612  0.14687 0.304052    0.250134    0.178477   0.0828741   0.0197681    0.467769 0.000977307
(1,(2,((4,6),5)),3); -4541.99  -2.42157 53.091 13.9265 73.0818 -4651.81 0.279512 0.269539  0.14691 0.304039    0.250155    0.178383   0.0829217   0.0197859    0.467781 0.000973847
(1,(2,3),((4,6),5)); -4542.66  -2.47399 52.7418 13.4118 65.1783 -4644.69 0.279704  0.26942 0.146839 0.304037    0.250079    0.178453   0.0828464   0.0197989    0.467846 0.000976976
(1,(2,((4,6),5)),3); -4539.92  -2.42157 51.6589 13.5916 73.3575 -4648.92 0.279571 0.269452 0.146923 0.304054    0.250077    0.178477   0.0829153   0.0197618    0.467794 0.000975807
(1,(2,3),(4,(5,6))); -4542.14  -1.9375 48.3734 13.5512 72.3654 -4647.39 0.279457 0.269583 0.146912 0.304048    0.250085    0.178464   0.0828658   0.0197691    0.467845 0.000971575
(1,(2,(4,(5,6))),3); -4543.82  -1.88508 47.6362 13.1847 71.5958 -4647.98 0.279547 0.269537 0.146891 0.304025        0.25    0.178449   0.0829419   0.0198187    0.467814 0.000975565
(1,(2,(4,(5,6))),3); -4543  -1.88508 47.907 13.3913 73.8536 -4649.49 0.279577 0.269492 0.146869 0.304062    0.250119    0.178521   0.0828492   0.0198044    0.467732 0.000974471
(1,2,(3,((4,6),5))); -4540.32  -1.67272 46.1361 13.2245 67.9063 -4639.46 0.279569  0.26955 0.146888 0.303994     0.25024    0.178545   0.0828984    0.019785    0.467559 0.000972297
(1,(2,3),(4,(5,6))); -4536.89  -1.9375 54.6186 13.3697 75.7184 -4651.92 0.279581 0.269556 0.146865 0.303998    0.250099    0.178446    0.082892   0.0197921      0.4678 0.000971604
(1,(2,((4,6),5)),3); -4542.07  -2.42157 49.0348 12.9904 75.5906 -4651.28 0.279507 0.269571 0.146894 0.304028    0.250105    0.178452   0.0829204   0.0197738    0.467779 0.000969881
(1,2,(3,((4,6),5))); -4537.17  -1.67272 50.6687 13.4466 74.5729 -4647.29  0.27959 0.269541 0.146862 0.304007    0.250138    0.178415   0.0829022   0.0197903    0.467784 0.000970698
(1,2,(3,(4,(5,6)))); -4536.09  -1.13623 52.1436 13.5965 69.3413 -4642.84 0.279516 0.269459 0.146836 0.304189    0.250105    0.178445    0.082904   0.0197994    0.467768 0.000979021
(1,2,(3,(4,(5,6)))); -4544.45  -1.13623 48.5494 14.4091 74.6254 -4652.08 0.279531  0.26947  0.14692 0.304079    0.250082     0.17847   0.0828954    0.019776      0.4678 0.000976913
(1,(2,(4,(5,6))),3); -4546.41  -1.88508 50.2679 14.1293 71.3625 -4652.03 0.279521 0.269569 0.146916 0.303994     0.25006    0.178502   0.0828674   0.0198145    0.467791 0.000965631
(1,2,(3,((4,6),5))); -4535.57  -1.67272 49.3451 13.1405 73.0721 -4643.18 0.279448 0.269522 0.146942 0.304088    0.250044    0.178548   0.0829228   0.0197949    0.467717 0.000973713
(1,(2,(4,(5,6))),3); -4539.08  -1.88508 49.1682 13.3132 72.8598 -4645.91 0.279488 0.269529 0.146916 0.304067   0.250123   0.178395  0.0829268   0.019782   0.467805 0.00096858
(1,2,(3,(4,(5,6)))); -4536.2  -1.13623 49.8465 13.5605 71.262 -4642.61 0.279659 0.269511 0.146801  0.30403    0.250125    0.178453   0.0828819   0.0197882    0.467777 0.000974664
(1,2,(3,((4,5),6))); -4548.7  -4.45519 45.649 13.2071 72.6844 -4649.37 0.279611 0.269557 0.146846 0.303987    0.250129    0.178536   0.0829155   0.0197661    0.467683 0.000970806
(1,(2,(4,(5,6))),3); -4540.88  -1.88508 45.0171 13.3538 71.5344 -4642.19 0.279546 0.269487 0.146964 0.304004    0.250008    0.178529    0.082901   0.0197696    0.467818 0.000975016
(1,2,(3,(4,(5,6)))); -4537.2  -1.13623 50.5835 13.9622 75.0786 -4647.76 0.279576 0.269541 0.146828 0.304055   0.250065   0.178534  0.0828808  0.0197937   0.467754 0.00097262
(1,2,(3,(4,(5,6)))); -4539.81  -1.13623 48.1516 12.783 74.3816 -4648.42 0.279526 0.269507 0.146874 0.304093    0.250086    0.178532   0.0829426   0.0198013    0.467663 0.000975252
(1,2,(3,(4,(5,6)))); -4540.8  -1.13623 48.6253 13.8897 74.1303 -4648.53   0.2795 0.269515 0.146892 0.304094    0.250105    0.178425    0.082896   0.0197977    0.467809 0.000967644
(1,(2,(4,(5,6))),3); -4539.54  -1.88508 50.4756 13.6153 73.1593 -4647.67 0.279566 0.269537 0.146807  0.30409    0.250152    0.178441   0.0829016   0.0197938    0.467736 0.000975146
(1,(2,(4,(5,6))),3); -4545.1  -1.88508 47.1216 13.2651 72.193 -4649.27 0.279563 0.269474 0.146906 0.304058     0.25009    0.178418   0.0829088   0.0198225    0.467785 0.000975424
