tree logl logTop logProp logPrior logWt
(1,2,(3,((4,6),5))); -4531.3 -1.68731 32.5119 13.4896 -4548.63
(1,2,(3,(4,(5,6)))); -4535.7 -1.02653 27.6659 13.5099 -4548.83
(1,2,(3,((4,6),5))); -4536.11 -1.68731 28.1199 13.606 -4548.94
(1,(2,3),((4,6),5)); -4544.12 -1.88525 28.0119 13.4392 -4556.81
(1,2,(3,(4,(5,6)))); -4531.09 -1.02653 32.6001 13.5268 -4549.14
(1,(2,3),((4,6),5)); -4539.65 -1.88525 32.4008 13.6208 -4556.54
(1,(2,3),((4,6),5)); -4539.98 -1.88525 31.7532 13.2454 -4556.6
(1,(2,(4,(5,6))),3); -4541.89 -4.98434 25.3677 13.4364 -4548.84
(1,2,(3,(4,(5,6)))); -4533.88 -1.02653 29.1431 13.3152 -4548.68
(1,(2,3),((4,6),5)); -4544.41 -1.88525 28.3432 13.78 -4557.09
(1,2,(3,(4,(5,6)))); -4533.99 -1.02653 29.809 13.7526 -4549.02
(1,(2,3),(4,(5,6))); -4541.75 -1.22447 26.2183 14.2677 -4552.47
(1,2,(3,((4,6),5))); -4533.98 -1.68731 30.3343 13.685 -4548.94
(1,(2,3),(4,(5,6))); -4535.34 -1.22447 31.8203 13.4616 -4552.48
(1,2,(3,(4,(5,6)))); -4532.28 -1.02653 30.6253 13.2999 -4548.57
(1,2,(3,(4,(5,6)))); -4531.48 -1.02653 31.9637 13.4122 -4549
(1,2,(3,((4,6),5))); -4536.33 -1.68731 27.4799 13.3527 -4548.77
(1,2,(3,(4,(5,6)))); -4538.47 -1.02653 25.5552 13.5957 -4549.41
(1,2,(3,(4,(5,6)))); -4536.1 -1.02653 27.6213 13.7429 -4548.95
(1,2,(3,(4,(5,6)))); -4533.13 -1.02653 30.4451 13.8255 -4548.72
(1,(2,3),((4,6),5)); -4540.46 -1.88525 31.9566 13.4732 -4557.05
(1,2,(3,((4,6),5))); -4533.67 -1.68731 30.1283 13.5546 -4548.55
(1,2,(3,(4,(5,6)))); -4536.15 -1.02653 27.0709 13.0567 -4549.13
(1,2,(3,((4,6),5))); -4533.93 -1.68731 30.0828 13.6899 -4548.64
(1,(2,3),(4,(5,6))); -4536.21 -1.22447 30.4577 13.5774 -4551.86
(1,(2,3),(4,(5,6))); -4539.8 -1.22447 27.9192 14.1088 -4552.38
(1,(2,3),(4,(5,6))); -4538.94 -1.22447 27.9401 13.584 -4552.07
(1,2,(3,((4,6),5))); -4537 -1.68731 27.8801 14.1709 -4549.02
(1,2,(3,((4,6),5))); -4534.7 -1.68731 29.0837 13.5662 -4548.53
(1,2,(3,((4,6),5))); -4534.31 -1.68731 29.8464 13.4833 -4548.99
(1,2,(3,((4,6),5))); -4534.71 -1.68731 28.8684 13.4214 -4548.47
(1,2,(3,((4,6),5))); -4532.35 -1.68731 31.0283 13.3459 -4548.35
(1,2,(3,((4,6),5))); -4534.29 -1.68731 29.2945 13.1707 -4548.73
(1,(2,3),((4,6),5)); -4546.52 -1.88525 26.5229 14.2034 -4556.95
(1,2,(3,(4,(5,6)))); -4538.12 -1.02653 26.2596 14.1886 -4549.16
(1,(2,3),((4,6),5)); -4543.77 -1.88525 28.0174 13.2269 -4556.68
(1,2,(3,(4,(5,6)))); -4532.63 -1.02653 30.9135 13.7533 -4548.76
(1,(2,3),((4,6),5)); -4540.95 -1.88525 31.1282 13.538 -4556.66
(1,2,(3,(4,(5,6)))); -4532.93 -1.02653 29.8509 13.2088 -4548.55
(1,2,(3,((4,6),5))); -4537.67 -1.68731 27.0332 14.1105 -4548.9
(1,2,(3,((4,6),5))); -4532.09 -1.68731 32.0749 13.6572 -4548.82
(1,(2,3),((4,6),5)); -4545.11 -1.88525 27.347 13.5944 -4556.98
(1,2,(3,((4,6),5))); -4534.84 -1.68731 28.6101 13.1912 -4548.57
(1,2,(3,(4,(5,6)))); -4533.71 -1.02653 29.7036 13.4417 -4548.95
(1,(2,3),(4,(5,6))); -4536.18 -1.22447 30.5801 13.6593 -4551.88
(1,(2,3),(4,(5,6))); -4538.98 -1.22447 28.0024 13.2991 -4552.46
(1,2,(3,(4,(5,6)))); -4531.69 -1.02653 32.2185 13.8184 -4549.06
(1,(2,3),(4,(5,6))); -4536.68 -1.22447 30.7664 13.6405 -4552.58
(1,2,(3,(4,(5,6)))); -4532.25 -1.02653 31.0956 13.5577 -4548.76
(1,(2,((4,6),5)),3); -4541.99 -5.64511 28.3563 13.6225 -4551.08
(1,2,(3,(4,(5,6)))); -4533.58 -1.02653 30.0764 13.4309 -4549.2
(1,2,(3,((4,6),5))); -4533.53 -1.68731 30.6656 13.5943 -4548.92
(1,(2,3),(4,(5,6))); -4537.46 -1.22447 29.7797 13.7981 -4552.21
(1,2,(3,(4,(5,6)))); -4532.34 -1.02653 31.4576 13.6579 -4549.11
(1,(2,3),(4,(5,6))); -4538.35 -1.22447 29.0792 13.4226 -4552.78
(1,2,(3,(4,(5,6)))); -4532.03 -1.02653 31.9267 13.6253 -4549.31
(1,(2,3),(4,(5,6))); -4537.87 -1.22447 28.5696 13.1629 -4552.05
(1,(2,3),((4,6),5)); -4546.31 -1.88525 25.3645 13.2051 -4556.58
(1,(2,3),(4,(5,6))); -4536.56 -1.22447 30.6672 13.7354 -4552.27
(1,2,(3,((4,6),5))); -4534.19 -1.68731 30.0531 13.5432 -4549.02
(1,(2,3),((4,6),5)); -4543.31 -1.88525 28.9375 13.6511 -4556.71
(1,(2,3),(4,(5,6))); -4538.56 -1.22447 28.1493 13.5626 -4551.92
(1,(2,3),((4,6),5)); -4542.64 -1.88525 29.7798 13.8788 -4556.66
(1,2,(3,(4,(5,6)))); -4535 -1.02653 29.1554 13.4641 -4549.66
(1,(2,3),((4,6),5)); -4539.71 -1.88525 31.9089 13.3299 -4556.4
(1,2,(3,(4,(5,6)))); -4534.83 -1.02653 29.0692 13.8092 -4549.06
(1,(2,3),(4,(5,6))); -4535.27 -1.22447 32.1219 13.7553 -4552.41
(1,2,(3,(4,(5,6)))); -4533.82 -1.02653 30.4865 13.8218 -4549.46
(1,(2,3),(4,(5,6))); -4539.84 -1.22447 26.9624 13.1504 -4552.43
(1,(2,3),(4,(5,6))); -4537.58 -1.22447 29.4743 13.3944 -4552.44
(1,2,(3,(4,(5,6)))); -4534.42 -1.02653 29.1257 13.4976 -4549.02
(1,(2,3),((4,6),5)); -4546.08 -1.88525 25.9985 13.3378 -4556.85
(1,(2,3),(4,(5,6))); -4537.25 -1.22447 30.2121 13.6693 -4552.56
(1,(2,3),(4,(5,6))); -4542.7 -1.22447 24.2987 13.0903 -4552.68
(1,2,(3,(4,(5,6)))); -4533.16 -1.02653 29.83 13.2171 -4548.75
(1,(2,3),((4,6),5)); -4548.87 -1.88525 23.1595 13.1941 -4556.95
(1,(2,3),(4,(5,6))); -4538.29 -1.22447 29.3287 13.986 -4552.41
(1,(2,3),(4,(5,6))); -4537.68 -1.22447 29.3478 13.3239 -4552.48
(1,(2,3),((4,6),5)); -4542.73 -1.88525 29.6086 13.4864 -4556.97
(1,(2,3),(4,(5,6))); -4539.75 -1.22447 27.858 14.0819 -4552.3
(1,(2,3),(4,(5,6))); -4540.64 -1.22447 27.2827 14.1912 -4552.51
(1,(2,3),(4,(5,6))); -4537.85 -1.22447 28.8566 13.4683 -4552.01
(1,2,(3,(4,(5,6)))); -4535.24 -1.02653 28.2794 13.2049 -4549.28
(1,2,(3,((4,6),5))); -4531.72 -1.68731 32.3649 13.7507 -4548.65
(1,2,(3,((4,6),5))); -4533.39 -1.68731 30.0017 13.3506 -4548.36
(1,2,(3,(4,(5,6)))); -4536.87 -1.02653 27.2763 13.7272 -4549.4
(1,2,(3,(4,(5,6)))); -4532.59 -1.02653 31.3412 13.7888 -4549.12
(1,2,(3,(4,(5,6)))); -4533.55 -1.02653 30.2153 13.6846 -4549.06
(1,(2,3),((4,6),5)); -4543.21 -1.88525 29.1507 13.324 -4557.16
(1,(2,3),(4,(5,6))); -4539.27 -1.22447 27.4859 13.4817 -4552.05
(1,(2,3),(4,(5,6))); -4536.04 -1.22447 31.3781 13.4595 -4552.74
(1,(2,3),(4,(5,6))); -4536.14 -1.22447 30.7779 13.5958 -4552.09
(1,(2,3),(4,(5,6))); -4537.37 -1.22447 30.1507 13.4494 -4552.85
(1,(2,3),((4,6),5)); -4543.19 -1.88525 28.3084 13.498 -4556.11
(1,2,(3,((4,6),5))); -4532.49 -1.68731 30.757 13.1134 -4548.45
(1,(2,3),(4,(5,6))); -4535.16 -1.22447 31.9265 13.6297 -4552.23
(1,(2,3),((4,6),5)); -4543.03 -1.88525 29.6769 13.6043 -4557.22
(1,2,(3,(4,(5,6)))); -4533.61 -1.02653 29.6285 13.5747 -4548.64
(1,2,(3,((4,6),5))); -4535.71 -1.68731 27.4367 13.3318 -4548.13
(1,2,(3,(4,(5,6)))); -4532.68 -1.02653 30.8117 13.5303 -4548.93
(1,(2,(4,(5,6))),3); -4539.74 -4.98434 28.0427 13.8894 -4548.91
(1,(2,3),(4,(5,6))); -4538.05 -1.22447 29.5549 13.8787 -4552.5
(1,2,(3,((4,6),5))); -4535.24 -1.68731 28.5445 13.4229 -4548.68
(1,2,(3,(4,(5,6)))); -4532.64 -1.02653 30.9937 13.4649 -4549.14
(1,(2,3),(4,(5,6))); -4534.43 -1.22447 32.6763 13.6072 -4552.27
(1,2,(3,(4,(5,6)))); -4533.43 -1.02653 30.438 13.8036 -4549.04
(1,(2,3),((4,6),5)); -4541.39 -1.88525 30.0243 13.1201 -4556.41
(1,2,(3,(4,(5,6)))); -4536.37 -1.02653 27.4594 13.7071 -4549.09
(1,2,(3,(4,(5,6)))); -4537.61 -1.02653 26.236 13.4202 -4549.4
(1,2,(3,(4,(5,6)))); -4535.13 -1.02653 29.3845 14.1296 -4549.35
(1,(2,3),(4,(5,6))); -4540.38 -1.22447 25.9561 13.2179 -4551.89
(1,2,(3,((4,6),5))); -4535.07 -1.68731 29.1633 13.5818 -4548.96
(1,(2,3),(4,(5,6))); -4535.03 -1.22447 32.2337 13.4048 -4552.63
(1,2,(3,((4,6),5))); -4534.7 -1.68731 28.6356 13.2129 -4548.44
(1,(2,3),((4,6),5)); -4546.82 -1.88525 26.0946 13.552 -4557.48
(1,2,(3,(4,(5,6)))); -4534.66 -1.02653 28.6065 13.4835 -4548.76
(1,(2,3),(4,(5,6))); -4537.72 -1.22447 29.9481 13.6072 -4552.83
(1,2,(3,((4,6),5))); -4536.42 -1.68731 27.7068 13.5823 -4548.85
(1,2,(3,(4,(5,6)))); -4535.05 -1.02653 28.362 13.5843 -4548.8
(1,2,(3,((4,6),5))); -4540.99 -1.68731 22.0922 13.2587 -4548.14
(1,(2,3),((4,6),5)); -4542.35 -1.88525 29.7084 13.531 -4556.64
(1,2,(3,(4,(5,6)))); -4535.25 -1.02653 28.1556 13.5165 -4548.86
(1,2,(3,(4,(5,6)))); -4534.92 -1.02653 28.3231 13.3585 -4548.86
(1,(2,3),(4,(5,6))); -4543.55 -1.22447 24.1035 13.9895 -4552.44
(1,2,(3,(4,(5,6)))); -4534.83 -1.02653 28.5471 13.2566 -4549.09
(1,2,(3,(4,(5,6)))); -4532.27 -1.02653 31.6195 13.7442 -4549.12
(1,(2,3),((4,6),5)); -4541.19 -1.88525 30.5095 13.0922 -4556.73
(1,2,(3,((4,6),5))); -4533.32 -1.68731 30.3365 13.4737 -4548.5
(1,(2,3),(4,(5,6))); -4540.92 -1.22447 26.4819 13.8371 -4552.34
(1,2,(3,(4,(5,6)))); -4533.13 -1.02653 30.6982 13.5388 -4549.27
(1,2,(3,((4,6),5))); -4534.7 -1.68731 28.7542 13.3699 -4548.4
(1,2,(3,((4,6),5))); -4532.78 -1.68731 31.2615 13.7811 -4548.57
(1,(2,3),(4,(5,6))); -4538.68 -1.22447 28.107 13.4506 -4552.11
(1,(2,3),(4,(5,6))); -4543.5 -1.22447 23.3519 13.2957 -4552.33
(1,(2,3),(4,(5,6))); -4539.09 -1.22447 27.907 13.4259 -4552.35
(1,2,(3,((4,6),5))); -4534.77 -1.68731 28.7418 13.4632 -4548.36
(1,(2,3),((4,6),5)); -4541.19 -1.88525 31.552 13.7371 -4557.12
(1,2,(3,((4,6),5))); -4538.6 -1.68731 24.8888 13.5305 -4548.27
(1,(2,3),(4,(5,6))); -4537.58 -1.22447 29.7585 13.835 -4552.28
(1,(2,3),(4,(5,6))); -4537.6 -1.22447 30.0225 13.9445 -4552.45
(1,2,(3,(4,(5,6)))); -4535.79 -1.02653 27.2094 13.0947 -4548.88
(1,(2,3),(4,(5,6))); -4539.75 -1.22447 26.7152 13.3633 -4551.88
(1,2,(3,(4,(5,6)))); -4533.09 -1.02653 30.3536 13.4312 -4548.99
(1,2,(3,(4,(5,6)))); -4536.15 -1.02653 27.1285 13.1662 -4549.08
(1,(2,3),(4,(5,6))); -4538.35 -1.22447 29.4202 13.7167 -4552.83
(1,(2,3),((4,6),5)); -4542.51 -1.88525 29.8276 13.6502 -4556.8
(1,(2,3),(4,(5,6))); -4537.52 -1.22447 29.5018 13.5548 -4552.25
(1,2,(3,(4,(5,6)))); -4535.97 -1.02653 27.3964 13.4369 -4548.9
(1,(2,3),(4,(5,6))); -4538.1 -1.22447 29.5581 13.4841 -4552.95
(1,2,(3,(4,(5,6)))); -4536.24 -1.02653 26.6512 13.2282 -4548.63
(1,2,(3,((4,6),5))); -4536.82 -1.68731 26.5371 13.009 -4548.66
(1,2,(3,((4,6),5))); -4535.27 -1.68731 29.2819 14.0227 -4548.84
(1,2,(3,(4,(5,6)))); -4536.76 -1.02653 26.7079 13.3211 -4549.12
(1,(2,3),(4,(5,6))); -4536.83 -1.22447 29.6995 13.1095 -4552.19
(1,(2,3),((4,6),5)); -4540.29 -1.88525 31.9112 13.5831 -4556.73
(1,(2,3),((4,6),5)); -4546.38 -1.88525 26.2523 13.9062 -4556.84
(1,2,(3,(4,(5,6)))); -4535.6 -1.02653 28.0348 13.3959 -4549.21
(1,(2,3),(4,(5,6))); -4534.36 -1.22447 33.0215 13.6012 -4552.55
(1,2,(3,((4,6),5))); -4533.93 -1.68731 29.9101 13.714 -4548.44
(1,2,(3,(4,(5,6)))); -4536.82 -1.02653 27.5263 14.0652 -4549.25
(1,2,(3,(4,(5,6)))); -4535.42 -1.02653 28.9023 14.1508 -4549.15
(1,(2,3),(4,(5,6))); -4537.26 -1.22447 29.9509 13.4382 -4552.54
(1,2,(3,(4,(5,6)))); -4534.9 -1.02653 28.9128 13.9011 -4548.89
(1,2,(3,((4,6),5))); -4532.92 -1.68731 31.1777 13.5463 -4548.86
(1,2,(3,(4,(5,6)))); -4534.24 -1.02653 29.8577 13.7535 -4549.32
(1,(2,3),((4,6),5)); -4541.77 -1.88525 29.9111 13.5051 -4556.29
(1,(2,3),(4,(5,6))); -4537.54 -1.22447 29.2983 13.4272 -4552.19
(1,(2,3),(4,(5,6))); -4538.18 -1.22447 28.6376 13.4993 -4552.09
(1,2,(3,(4,(5,6)))); -4531.45 -1.02653 31.7394 13.4772 -4548.68
(1,2,(3,((4,6),5))); -4533.1 -1.68731 30.8983 13.784 -4548.53
(1,2,(3,(4,(5,6)))); -4533.99 -1.02653 29.8215 13.4956 -4549.29
(1,2,(3,((4,6),5))); -4533.41 -1.68731 31.0364 13.964 -4548.79
(1,2,(3,((4,6),5))); -4534.3 -1.68731 29.9109 13.7036 -4548.82
(1,2,(3,(4,(5,6)))); -4533.96 -1.02653 29.2545 13.3711 -4548.82
(1,(2,3),(4,(5,6))); -4539.2 -1.22447 28.0732 13.442 -4552.61
(1,2,(3,(4,(5,6)))); -4531.76 -1.02653 31.995 13.779 -4548.95
(1,2,(3,(4,(5,6)))); -4533.91 -1.02653 30.0552 13.6585 -4549.28
(1,(2,3),((4,6),5)); -4541.54 -1.88525 31.1947 13.6399 -4557.21
(1,2,(3,((4,6),5))); -4534.69 -1.68731 29.0955 13.5253 -4548.57
(1,(2,3),((4,6),5)); -4542.91 -1.88525 29.2186 13.5239 -4556.72
(1,2,(3,(4,(5,6)))); -4534.35 -1.02653 29.1486 13.6274 -4548.84
(1,(2,3),(4,(5,6))); -4537.11 -1.22447 30.1182 13.481 -4552.52
(1,2,(3,((4,6),5))); -4535.85 -1.68731 28.6823 13.7248 -4549.12
(1,2,(3,((4,6),5))); -4534.09 -1.68731 29.8931 13.7359 -4548.56
(1,(2,3),(4,(5,6))); -4542.45 -1.22447 23.4429 12.8949 -4551.78
(1,2,(3,((4,6),5))); -4533.8 -1.68731 29.8664 13.4709 -4548.5
(1,(2,3),(4,(5,6))); -4535.87 -1.22447 31.0313 13.2544 -4552.42
(1,(2,3),(4,(5,6))); -4538.58 -1.22447 28.5824 13.477 -4552.46
(1,2,(3,(4,(5,6)))); -4532.71 -1.02653 31.1103 13.799 -4548.99
(1,2,(3,((4,6),5))); -4533.27 -1.68731 30.2095 13.1959 -4548.59
(1,(2,3),(4,(5,6))); -4539.99 -1.22447 26.1805 13.5449 -4551.4
(1,(2,3),(4,(5,6))); -4534.96 -1.22447 31.9579 13.5873 -4552.11
(1,(2,3),((4,6),5)); -4541.56 -1.88525 30.5049 13.4208 -4556.76
(1,2,(3,(4,(5,6)))); -4535.36 -1.02653 28.8198 13.9465 -4549.21
(1,2,(3,((4,6),5))); -4533.02 -1.68731 30.5907 13.5779 -4548.35
(1,2,(3,(4,(5,6)))); -4533.81 -1.02653 30.3757 13.8101 -4549.35
(1,2,(3,(4,(5,6)))); -4535.04 -1.02653 28.9275 13.7416 -4549.2
(1,2,(3,(4,(5,6)))); -4533.38 -1.02653 30.1236 13.6129 -4548.87
(1,2,(3,(4,(5,6)))); -4533.81 -1.02653 29.9651 13.7256 -4549.03
(1,(2,3),(4,(5,6))); -4539.95 -1.22447 25.7805 12.6672 -4551.84
(1,(2,3),((4,6),5)); -4545.88 -1.88525 25.8296 13.0645 -4556.76
(1,(2,3),(4,(5,6))); -4540.18 -1.22447 27.4726 14.0641 -4552.36
(1,2,(3,(4,(5,6)))); -4536.23 -1.02653 27.5895 13.6985 -4549.09
(1,2,(3,(4,(5,6)))); -4534.21 -1.02653 29.0119 13.3366 -4548.86
(1,2,(3,(4,(5,6)))); -4533.87 -1.02653 30.3048 13.9732 -4549.17
(1,2,(3,((4,6),5))); -4531.79 -1.68731 32.0413 13.5619 -4548.58
(1,(2,3),((4,6),5)); -4541.89 -1.88525 30.6659 13.4337 -4557.23
(1,(2,3),(4,(5,6))); -4535.57 -1.22447 31.2459 13.6249 -4551.97
(1,2,(3,(4,(5,6)))); -4532.21 -1.02653 31.4301 13.5511 -4549.06
(1,(2,3),(4,(5,6))); -4539.87 -1.22447 26.5822 13.1242 -4552.11
(1,(2,(4,(5,6))),3); -4541.01 -4.98434 27.0644 14.1423 -4548.95
(1,2,(3,(4,(5,6)))); -4534.58 -1.02653 28.6981 13.4824 -4548.77
(1,2,(3,((4,6),5))); -4537.5 -1.68731 25.1724 12.8293 -4548.15
(1,2,(3,((4,6),5))); -4532.6 -1.68731 31.2285 13.8398 -4548.3
(1,2,(3,((4,6),5))); -4531.7 -1.68731 31.735 13.492 -4548.25
(1,2,(3,((4,6),5))); -4535.73 -1.68731 28.1789 13.0995 -4549.12
(1,(2,3),(4,(5,6))); -4537.64 -1.22447 29.8918 13.5041 -4552.8
(1,(2,3),(4,(5,6))); -4538.01 -1.22447 29.5089 13.5483 -4552.74
(1,(2,3),((4,6),5)); -4545.88 -1.88525 26.0565 13.0697 -4556.98
(1,2,(3,(4,(5,6)))); -4533.45 -1.02653 29.6577 13.4832 -4548.6
(1,(2,3),(4,(5,6))); -4538.45 -1.22447 28.363 13.4448 -4552.14
(1,(2,3),(4,(5,6))); -4536.49 -1.22447 31.3416 13.9936 -4552.61
(1,2,(3,(4,(5,6)))); -4536.45 -1.02653 26.7002 13.5013 -4548.62
(1,2,(3,(4,(5,6)))); -4532.06 -1.02653 31.2298 13.3101 -4548.95
(1,(2,3),((4,6),5)); -4543.26 -1.88525 29.2681 13.5952 -4557.05
(1,2,(3,(4,(5,6)))); -4533.07 -1.02653 30.4872 13.5259 -4549.01
(1,2,(3,(4,(5,6)))); -4533.47 -1.02653 30.039 13.4731 -4549.01
(1,2,(3,((4,6),5))); -4532.79 -1.68731 31.1052 13.724 -4548.48
(1,2,(3,(4,(5,6)))); -4532.18 -1.02653 31.5425 13.6912 -4549.01
(1,(2,3),((4,6),5)); -4544.4 -1.88525 27.6405 13.2648 -4556.89
(1,2,(3,(4,(5,6)))); -4534.68 -1.02653 28.6522 13.4093 -4548.9
(1,(2,3),((4,6),5)); -4541.93 -1.88525 29.7838 13.3193 -4556.51
(1,2,(3,(4,(5,6)))); -4532.92 -1.02653 29.9297 13.0638 -4548.76
(1,2,(3,(4,(5,6)))); -4536.95 -1.02653 26.896 13.947 -4548.87
(1,2,(3,((4,6),5))); -4536.98 -1.68731 26.4233 13.1008 -4548.62
(1,(2,3),((4,6),5)); -4542.07 -1.88525 29.8535 13.1837 -4556.86
(1,(2,3),(4,(5,6))); -4536.81 -1.22447 29.5142 13.1831 -4551.91
(1,2,(3,((4,6),5))); -4533.71 -1.68731 30.0539 13.6907 -4548.39
(1,(2,3),(4,(5,6))); -4539.34 -1.22447 28.2826 13.7307 -4552.66
(1,(2,3),(4,(5,6))); -4538.32 -1.22447 29.1585 13.7042 -4552.55
(1,2,(3,((4,6),5))); -4533.06 -1.68731 31.3365 13.9361 -4548.77
(1,(2,3),(4,(5,6))); -4538.45 -1.22447 29.1157 13.7167 -4552.62
(1,2,(3,((4,6),5))); -4536.01 -1.68731 27.5721 13.6812 -4548.22
(1,(2,3),((4,6),5)); -4545.43 -1.88525 27.3748 13.9422 -4556.98
(1,2,(3,(4,(5,6)))); -4536.44 -1.02653 27.8999 13.647 -4549.66
(1,(2,3),(4,(5,6))); -4537.55 -1.22447 29.8317 14.0184 -4552.14
(1,2,(3,(4,(5,6)))); -4532.04 -1.02653 31.5419 13.5455 -4549.01
(1,2,(3,(4,(5,6)))); -4536.18 -1.02653 27.5029 13.5423 -4549.11
(1,2,(3,((4,6),5))); -4534.52 -1.68731 29.8839 13.8608 -4548.85
(1,2,(3,((4,6),5))); -4532.58 -1.68731 31.5895 13.6104 -4548.87
(1,2,(3,(4,(5,6)))); -4532.67 -1.02653 31.3015 13.509 -4549.43
(1,2,(3,((4,6),5))); -4534.49 -1.68731 29.9366 13.9532 -4548.79
(1,(2,3),(4,(5,6))); -4537.26 -1.22447 29.7804 13.5159 -4552.3
(1,(2,3),((4,6),5)); -4543.69 -1.88525 29.6517 14.2666 -4557.19
(1,(2,3),(4,(5,6))); -4536.56 -1.22447 30.7224 13.6937 -4552.37
(1,(2,3),(4,(5,6))); -4541.55 -1.22447 25.1304 13.2089 -4552.24
(1,(2,3),(4,(5,6))); -4535.57 -1.22447 31.6974 13.6926 -4552.35
(1,2,(3,((4,6),5))); -4542.4 -1.68731 21.8536 13.7565 -4548.81
(1,(2,3),((4,6),5)); -4541.67 -1.88525 30.5867 13.6516 -4556.72
(1,2,(3,(4,(5,6)))); -4540.24 -1.02653 23.6368 14.0422 -4548.81
(1,2,(3,((4,6),5))); -4532.59 -1.68731 31.0898 13.7376 -4548.25
(1,2,(3,(4,(5,6)))); -4534.3 -1.02653 29.6284 13.5177 -4549.39
(1,(2,3),(4,(5,6))); -4539.26 -1.22447 27.8652 13.4879 -4552.41
(1,2,(3,((4,6),5))); -4533.08 -1.68731 30.7014 13.4524 -4548.64
(1,(2,3),((4,6),5)); -4546.88 -1.88525 25.2505 13.0377 -4557.21
(1,(2,3),((4,6),5)); -4548.05 -1.88525 24.7184 13.6417 -4557.24
(1,2,(3,(4,(5,6)))); -4534.62 -1.02653 28.7174 13.2364 -4549.08
(1,2,(3,(4,(5,6)))); -4534.88 -1.02653 28.9489 13.6695 -4549.13
(1,2,(3,((4,6),5))); -4533.18 -1.68731 31.2057 13.7419 -4548.96
(1,2,(3,(4,(5,6)))); -4536.24 -1.02653 27.782 13.8984 -4549.1
(1,2,(3,((4,6),5))); -4533.23 -1.68731 29.9398 13.1161 -4548.37
(1,(2,3),(4,(5,6))); -4541.3 -1.22447 25.9176 13.5975 -4552.4
(1,2,(3,((4,6),5))); -4536.01 -1.68731 27.9206 13.4313 -4548.81
(1,2,(3,(4,(5,6)))); -4540.31 -1.02653 23.0804 13.0784 -4549.29
(1,(2,3),((4,6),5)); -4541.32 -1.88525 30.2999 13.366 -4556.37
(1,2,(3,((4,6),5))); -4534.1 -1.68731 29.9208 13.7422 -4548.59
(1,(2,3),(4,(5,6))); -4535.71 -1.22447 31.1448 13.3207 -4552.31
(1,2,(3,(4,(5,6)))); -4536.96 -1.02653 26.5035 13.6037 -4548.83
(1,(2,3),(4,(5,6))); -4536.45 -1.22447 31.0745 13.8518 -4552.45
(1,2,(3,(4,(5,6)))); -4536.29 -1.02653 28.1524 14.0715 -4549.35
(1,(2,3),(4,(5,6))); -4536.49 -1.22447 30.0187 13.4032 -4551.88
(1,2,(3,((4,6),5))); -4537.67 -1.68731 27.1166 14.1048 -4548.99
(1,(2,3),(4,(5,6))); -4539.21 -1.22447 28.5962 13.9091 -4552.67
(1,2,(3,(4,(5,6)))); -4533.27 -1.02653 30.099 13.1772 -4549.17
(1,(2,3),(4,(5,6))); -4536.8 -1.22447 30.807 13.8242 -4552.56
(1,2,(3,(4,(5,6)))); -4535.28 -1.02653 28.323 13.8952 -4548.68
(1,2,(3,(4,(5,6)))); -4535.93 -1.02653 27.0731 13.1793 -4548.8
(1,(2,3),((4,6),5)); -4544.39 -1.88525 28.3859 13.9436 -4556.95
(1,(2,(4,(5,6))),3); -4536.85 -4.98434 30.7309 13.6309 -4548.96
(1,(2,3),(4,(5,6))); -4539.94 -1.22447 26.9422 13.3446 -4552.32
(1,(2,3),((4,6),5)); -4541.43 -1.88525 30.8957 13.5128 -4556.93
(1,(2,3),((4,6),5)); -4544.44 -1.88525 27.5673 13.2295 -4556.89
(1,(2,3),(4,(5,6))); -4539.21 -1.22447 28.0793 13.486 -4552.58
(1,2,(3,((4,6),5))); -4533.51 -1.68731 30.0023 13.4264 -4548.4
(1,(2,3),(4,(5,6))); -4536.1 -1.22447 31.51 13.6133 -4552.77
(1,2,(3,(4,(5,6)))); -4532.48 -1.02653 30.7195 13.535 -4548.63
(1,(2,3),(4,(5,6))); -4538.1 -1.22447 30.0685 14.0253 -4552.92
(1,2,(3,(4,(5,6)))); -4537.67 -1.02653 25.3636 13.2544 -4548.75
(1,2,(3,((4,6),5))); -4533.9 -1.68731 29.8936 13.3662 -4548.74
(1,(2,3),(4,(5,6))); -4536.12 -1.22447 30.6909 13.1065 -4552.48
(1,2,(3,((4,6),5))); -4533.51 -1.68731 30.72 13.6277 -4548.91
(1,(2,3),(4,(5,6))); -4538.96 -1.22447 27.3185 13.1835 -4551.87
(1,(2,3),((4,6),5)); -4542.73 -1.88525 29.4229 13.434 -4556.84
(1,2,(3,(4,(5,6)))); -4538.39 -1.02653 25.5799 13.6186 -4549.32
(1,2,(3,(4,(5,6)))); -4537.06 -1.02653 27.1386 14.2278 -4548.94
(1,2,(3,((4,6),5))); -4535.59 -1.68731 28.0617 13.3879 -4548.58
(1,2,(3,(4,(5,6)))); -4534.28 -1.02653 28.9758 13.4999 -4548.73
(1,(2,3),(4,(5,6))); -4535.5 -1.22447 31.8514 13.8563 -4552.27
(1,(2,3),(4,(5,6))); -4543.25 -1.22447 24.1012 13.8581 -4552.27
(1,(2,3),(4,(5,6))); -4537.66 -1.22447 29.4208 13.4845 -4552.38
(1,2,(3,((4,6),5))); -4538.56 -1.68731 25.5149 13.6996 -4548.68
(1,(2,3),(4,(5,6))); -4537.33 -1.22447 30.4484 13.6999 -4552.86
(1,(2,3),((4,6),5)); -4542.02 -1.88525 30.3851 13.6005 -4556.92
(1,(2,3),(4,(5,6))); -4536.69 -1.22447 30.8155 13.6193 -4552.66
(1,2,(3,((4,6),5))); -4534.34 -1.68731 29.5046 13.3395 -4548.82
(1,(2,3),((4,6),5)); -4543.03 -1.88525 28.494 13.4641 -4556.17
(1,2,(3,((4,6),5))); -4536.47 -1.68731 27.4943 13.3915 -4548.89
(1,(2,3),(4,(5,6))); -4537.72 -1.22447 29.8049 13.5848 -4552.71
(1,(2,3),(4,(5,6))); -4536.03 -1.22447 31.0779 13.5959 -4552.29
(1,2,(3,(4,(5,6)))); -4535.54 -1.02653 27.7555 13.4178 -4548.86
(1,2,(3,(4,(5,6)))); -4533.66 -1.02653 29.8246 13.8235 -4548.64
(1,(2,3),(4,(5,6))); -4536.57 -1.22447 30.2389 13.391 -4552.19
(1,(2,3),(4,(5,6))); -4539.52 -1.22447 27.7385 13.4513 -4552.59
(1,(2,3),(4,(5,6))); -4537.67 -1.22447 29.7059 13.3942 -4552.76
(1,2,(3,(4,(5,6)))); -4536.47 -1.02653 27.7741 13.9636 -4549.25
(1,2,(3,(4,(5,6)))); -4536.73 -1.02653 26.2505 13.3189 -4548.63
(1,(2,3),(4,(5,6))); -4539.43 -1.22447 26.9764 12.9823 -4552.2
(1,2,(3,(4,(5,6)))); -4534.2 -1.02653 29.9678 13.5565 -4549.58
(1,2,(3,(4,(5,6)))); -4531.8 -1.02653 31.7061 13.5271 -4548.95
(1,2,(3,((4,6),5))); -4536.33 -1.68731 27.4562 13.5288 -4548.57
(1,(2,3),((4,6),5)); -4542.52 -1.88525 29.0402 13.5373 -4556.14
(1,2,(3,(4,(5,6)))); -4533.5 -1.02653 30.2696 13.6291 -4549.11
(1,(2,3),((4,6),5)); -4540.78 -1.88525 31.2693 13.4453 -4556.72
(1,2,(3,(4,(5,6)))); -4532.49 -1.02653 31.4427 13.6727 -4549.23
(1,2,(3,((4,6),5))); -4532.16 -1.68731 31.6589 13.7258 -4548.41
(1,(2,3),(4,(5,6))); -4537.28 -1.22447 29.4471 13.4875 -4552.01
(1,2,(3,((4,6),5))); -4534.19 -1.68731 29.3289 13.2061 -4548.63
(1,2,(3,((4,6),5))); -4534 -1.68731 29.4521 13.4555 -4548.3
(1,2,(3,((4,6),5))); -4535.82 -1.68731 27.9746 13.5486 -4548.56
(1,2,(3,((4,6),5))); -4536.43 -1.68731 27.385 13.3371 -4548.79
(1,2,(3,(4,(5,6)))); -4532.55 -1.02653 30.2952 13.1781 -4548.64
(1,2,(3,((4,6),5))); -4532.97 -1.68731 31.2203 13.6697 -4548.83
(1,2,(3,(4,(5,6)))); -4532.71 -1.02653 31.0202 13.674 -4549.03
(1,2,(3,(4,(5,6)))); -4533.51 -1.02653 30.4304 13.7269 -4549.19
(1,2,(3,(4,(5,6)))); -4532.55 -1.02653 30.8695 13.2348 -4549.16
(1,2,(3,(4,(5,6)))); -4535.24 -1.02653 28.2863 13.4657 -4549.04
(1,(2,3),(4,(5,6))); -4537.67 -1.22447 29.5501 13.6231 -4552.37
(1,2,(3,((4,6),5))); -4537.31 -1.68731 26.7481 13.218 -4549.15
(1,(2,3),(4,(5,6))); -4536.62 -1.22447 30.9658 13.8272 -4552.53
(1,(2,3),((4,6),5)); -4543.11 -1.88525 28.5642 13.0056 -4556.78
(1,(2,3),((4,6),5)); -4543.85 -1.88525 28.6197 13.7363 -4556.84
(1,(2,3),(4,(5,6))); -4542.12 -1.22447 24.5447 12.9829 -4552.46
(1,(2,3),((4,6),5)); -4542.09 -1.88525 30.0078 13.0871 -4557.13
(1,2,(3,(4,(5,6)))); -4532.53 -1.02653 31.1609 13.7587 -4548.9
(1,(2,3),(4,(5,6))); -4535.09 -1.22447 32.1467 13.5944 -4552.42
(1,(2,3),((4,6),5)); -4542.02 -1.88525 30.5823 13.3687 -4557.35
(1,(2,3),((4,6),5)); -4543.95 -1.88525 27.4826 13.3399 -4556.21
(1,(2,3),((4,6),5)); -4545.51 -1.88525 27.0853 13.5259 -4557.19
(1,2,(3,(4,(5,6)))); -4532.8 -1.02653 30.5136 13.6913 -4548.6
(1,2,(3,(4,(5,6)))); -4534.17 -1.02653 29.345 13.6184 -4548.87
(1,2,(3,(4,(5,6)))); -4536.18 -1.02653 27.645 13.9234 -4548.87
(1,2,(3,(4,(5,6)))); -4534.72 -1.02653 28.8497 13.5992 -4548.95
(1,(2,3),(4,(5,6))); -4538.63 -1.22447 28.439 13.6176 -4552.23
(1,(2,3),(4,(5,6))); -4541.9 -1.22447 25.5147 13.6019 -4552.59
(1,2,(3,(4,(5,6)))); -4531.77 -1.02653 31.3191 13.481 -4548.58
(1,(2,3),((4,6),5)); -4541.86 -1.88525 30.0383 13.1486 -4556.86
(1,(2,3),(4,(5,6))); -4539.86 -1.22447 27.5721 13.8278 -4552.38
(1,2,(3,(4,(5,6)))); -4531.29 -1.02653 32.4174 13.7105 -4548.97
(1,2,(3,(4,(5,6)))); -4536.87 -1.02653 25.6147 13.0701 -4548.39
(1,(2,3),(4,(5,6))); -4539.53 -1.22447 27.6241 13.4634 -4552.47
(1,(2,3),(4,(5,6))); -4535.65 -1.22447 31.3424 13.5641 -4552.21
(1,(2,3),((4,6),5)); -4539.86 -1.88525 32.0754 13.5752 -4556.47
(1,2,(3,(4,(5,6)))); -4533.13 -1.02653 30.7998 13.9588 -4548.94
(1,(2,3),(4,(5,6))); -4540.87 -1.22447 25.9092 13.2479 -4552.31
(1,2,(3,(4,(5,6)))); -4535.06 -1.02653 29.114 13.8918 -4549.26
(1,(2,3),((4,6),5)); -4544.5 -1.88525 27.3656 13.2144 -4556.77
(1,2,(3,(4,(5,6)))); -4533.2 -1.02653 30.157 13.4078 -4548.92
(1,(2,3),((4,6),5)); -4543.42 -1.88525 29.2162 13.5281 -4557.23
(1,(2,3),(4,(5,6))); -4540.36 -1.22447 26.6642 13.628 -4552.17
(1,(2,3),((4,6),5)); -4541.04 -1.88525 30.5803 13.4245 -4556.31
(1,2,(3,(4,(5,6)))); -4536.86 -1.02653 26.7946 13.5829 -4549.04
(1,(2,3),(4,(5,6))); -4538.12 -1.22447 29.5595 13.9847 -4552.48
(1,2,(3,((4,6),5))); -4533.93 -1.68731 29.6521 13.7149 -4548.18
(1,2,(3,(4,(5,6)))); -4536.69 -1.02653 26.8075 13.2757 -4549.2
(1,(2,3),(4,(5,6))); -4537.63 -1.22447 30.1717 13.8624 -4552.72
(1,2,(3,((4,6),5))); -4534.9 -1.68731 28.5449 13.3757 -4548.38
(1,(2,3),((4,6),5)); -4544.02 -1.88525 28.942 13.6163 -4557.46
(1,2,(3,(4,(5,6)))); -4530.99 -1.02653 32.5308 13.5642 -4548.93
(1,2,(3,(4,(5,6)))); -4533.78 -1.02653 29.7835 13.444 -4549.1
(1,(2,3),(4,(5,6))); -4537.35 -1.22447 30.0338 13.4365 -4552.72
(1,2,(3,((4,6),5))); -4532.47 -1.68731 31.9076 13.7876 -4548.9
(1,(2,3),(4,(5,6))); -4535.3 -1.22447 31.908 13.6538 -4552.33
(1,(2,3),((4,6),5)); -4541.4 -1.88525 29.9092 13.3101 -4556.12
(1,2,(3,((4,6),5))); -4535.05 -1.68731 27.9661 13.2189 -4548.11
(1,2,(3,(4,(5,6)))); -4538.84 -1.02653 24.46 13.1702 -4549.1
(1,2,(3,((4,6),5))); -4536.46 -1.68731 26.8868 13.1505 -4548.51
(1,(2,3),((4,6),5)); -4545.58 -1.88525 27.0927 13.483 -4557.3
(1,2,(3,((4,6),5))); -4533.38 -1.68731 30.857 13.6797 -4548.87
(1,2,(3,(4,(5,6)))); -4535.17 -1.02653 28.0006 13.1862 -4548.96
(1,(2,3),((4,6),5)); -4545.62 -1.88525 25.98 12.9591 -4556.76
(1,(2,3),((4,6),5)); -4547.81 -1.88525 24.4711 13.6082 -4556.79
(1,(2,3),(4,(5,6))); -4536 -1.22447 31.2873 13.5363 -4552.53
(1,(2,3),(4,(5,6))); -4539.9 -1.22447 26.509 12.929 -4552.26
(1,2,(3,((4,6),5))); -4536.62 -1.68731 27.7542 13.9136 -4548.78
(1,(2,3),(4,(5,6))); -4538.09 -1.22447 28.7812 13.4493 -4552.2
(1,2,(3,((4,6),5))); -4537.68 -1.68731 25.9148 12.9607 -4548.95
(1,2,(3,(4,(5,6)))); -4534.33 -1.02653 29.7223 13.6108 -4549.41
(1,(2,3),(4,(5,6))); -4536.33 -1.22447 30.0248 13.2076 -4551.93
(1,(2,3),(4,(5,6))); -4536.23 -1.22447 30.8943 13.5681 -4552.33
(1,2,(3,((4,6),5))); -4534.95 -1.68731 28.0737 12.996 -4548.34
(1,(2,3),(4,(5,6))); -4536.16 -1.22447 30.5952 13.4157 -4552.12
(1,2,(3,(4,(5,6)))); -4536.42 -1.02653 27.5484 13.6973 -4549.24
(1,2,(3,(4,(5,6)))); -4533.17 -1.02653 30.0675 13.3602 -4548.85
(1,(2,3),(4,(5,6))); -4540.46 -1.22447 25.6146 12.9122 -4551.94
(1,2,(3,((4,6),5))); -4535.07 -1.68731 29.1141 13.7097 -4548.78
(1,(2,3),((4,6),5)); -4541.12 -1.88525 31.1222 13.5465 -4556.81
(1,(2,3),(4,(5,6))); -4537.62 -1.22447 29.066 13.564 -4551.89
(1,(2,3),(4,(5,6))); -4537.37 -1.22447 29.3134 13.3646 -4552.09
(1,(2,3),(4,(5,6))); -4536.63 -1.22447 30.2593 13.633 -4552.04
(1,2,(3,((4,6),5))); -4534.6 -1.68731 28.8776 13.3757 -4548.41
(1,2,(3,(4,(5,6)))); -4533.5 -1.02653 30.5406 13.619 -4549.4
(1,(2,3),((4,6),5)); -4541.93 -1.88525 29.7591 13.4179 -4556.38
(1,2,(3,(4,(5,6)))); -4535.7 -1.02653 27.969 13.6516 -4548.99
(1,2,(3,((4,6),5))); -4535.24 -1.68731 28.7804 13.2851 -4549.04
(1,(2,3),((4,6),5)); -4543.11 -1.88525 29.0972 13.4584 -4556.86
(1,(2,3),(4,(5,6))); -4535.78 -1.22447 31.2179 13.3236 -4552.45
(1,(2,3),(4,(5,6))); -4539.71 -1.22447 27.8173 13.4347 -4552.87
(1,2,(3,((4,6),5))); -4535.7 -1.68731 27.836 13.5452 -4548.31
(1,2,(3,(4,(5,6)))); -4537.21 -1.02653 27.3898 13.9813 -4549.59
(1,2,(3,(4,(5,6)))); -4540.68 -1.02653 23.696 14.1244 -4549.23
(1,(2,3),(4,(5,6))); -4537.62 -1.22447 29.1641 13.6434 -4551.92
(1,2,(3,((4,6),5))); -4533.43 -1.68731 30.9633 13.7794 -4548.93
(1,2,(3,(4,(5,6)))); -4531.35 -1.02653 32.5072 13.6188 -4549.21
(1,(2,3),((4,6),5)); -4541.48 -1.88525 30.8893 13.3174 -4557.17
(1,(2,3),((4,6),5)); -4549.26 -1.88525 23.0095 13.2731 -4557.11
(1,(2,3),((4,6),5)); -4543.4 -1.88525 27.1444 13.4973 -4555.16
(1,2,(3,(4,(5,6)))); -4534.67 -1.02653 28.7938 13.5273 -4548.91
(1,2,(3,((4,6),5))); -4532.74 -1.68731 31.0541 13.4498 -4548.66
(1,2,(3,(4,(5,6)))); -4534.56 -1.02653 29.7547 13.9273 -4549.37
(1,2,(3,(4,(5,6)))); -4534.15 -1.02653 29.0082 13.268 -4548.87
(1,(2,3),((4,6),5)); -4543.76 -1.88525 29.3678 13.8598 -4557.38
(1,2,(3,(4,(5,6)))); -4536.45 -1.02653 26.8214 13.4705 -4548.77
(1,(2,3),((4,6),5)); -4545.36 -1.88525 26.5088 12.9537 -4557.03
(1,2,(3,(4,(5,6)))); -4535.4 -1.02653 28.6513 13.951 -4549.07
(1,(2,3),(4,(5,6))); -4538.58 -1.22447 28.6235 13.7975 -4552.18
(1,(2,3),((4,6),5)); -4541.04 -1.88525 30.6774 13.1744 -4556.66
(1,(2,3),(4,(5,6))); -4545.56 -1.22447 21.7369 13.8043 -4552.27
(1,(2,3),(4,(5,6))); -4538.25 -1.22447 28.9215 13.7381 -4552.21
(1,2,(3,((4,6),5))); -4535.55 -1.68731 28.6607 13.8432 -4548.68
(1,2,(3,(4,(5,6)))); -4534.13 -1.02653 29.6222 13.8049 -4548.92
(1,(2,3),(4,(5,6))); -4539.56 -1.22447 27.0245 13.093 -4552.27
(1,2,(3,(4,(5,6)))); -4535.89 -1.02653 28.2818 13.7037 -4549.44
(1,2,(3,((4,6),5))); -4538.5 -1.68731 24.7398 13.3626 -4548.19
(1,2,(3,(4,(5,6)))); -4531.47 -1.02653 32.1138 13.627 -4548.93
(1,2,(3,((4,6),5))); -4535.16 -1.68731 27.8102 12.9108 -4548.37
(1,(2,3),((4,6),5)); -4543.5 -1.88525 28.2617 13.2425 -4556.63
(1,2,(3,(4,(5,6)))); -4534.47 -1.02653 29.4476 13.6647 -4549.23
(1,2,(3,(4,(5,6)))); -4537.11 -1.02653 27.5241 14.0531 -4549.56
(1,(2,3),(4,(5,6))); -4538.23 -1.22447 29.0168 13.4773 -4552.54
(1,(2,3),((4,6),5)); -4539.94 -1.88525 32.5485 13.53 -4557.07
(1,2,(3,((4,6),5))); -4534.87 -1.68731 28.8276 13.8242 -4548.18
(1,(2,3),(4,(5,6))); -4537.74 -1.22447 29.1419 13.273 -4552.38
(1,2,(3,(4,(5,6)))); -4532.43 -1.02653 31.8822 13.8015 -4549.48
(1,(2,3),(4,(5,6))); -4538.68 -1.22447 28.9365 13.4047 -4552.98
(1,(2,3),(4,(5,6))); -4538.58 -1.22447 28.2204 13.2264 -4552.35
(1,(2,3),((4,6),5)); -4546.33 -1.88525 26.3059 13.6685 -4557.08
(1,(2,3),((4,6),5)); -4547.1 -1.88525 25.0264 13.4283 -4556.81
(1,2,(3,(4,(5,6)))); -4534.59 -1.02653 28.7557 13.4294 -4548.89
(1,(2,3),(4,(5,6))); -4535.51 -1.22447 31.3438 13.2914 -4552.34
(1,2,(3,((4,6),5))); -4532.85 -1.68731 30.8178 13.4261 -4548.56
(1,2,(3,(4,(5,6)))); -4532.73 -1.02653 30.8488 13.507 -4549.05
(1,(2,3),(4,(5,6))); -4534.77 -1.22447 32.687 13.718 -4552.51
(1,2,(3,((4,6),5))); -4534.62 -1.68731 28.2339 12.9843 -4548.18
(1,2,(3,((4,6),5))); -4535.85 -1.68731 28.0425 13.8928 -4548.31
(1,2,(3,((4,6),5))); -4532.99 -1.68731 31.2679 13.7853 -4548.78
(1,2,(3,(4,(5,6)))); -4534.92 -1.02653 28.5899 13.3523 -4549.14
(1,(2,3),(4,(5,6))); -4539.28 -1.22447 28.1978 13.7569 -4552.49
(1,2,(3,(4,(5,6)))); -4537.87 -1.02653 26.3815 13.8608 -4549.36
(1,2,(3,((4,6),5))); -4537.16 -1.68731 27.192 14.1976 -4548.46
(1,(2,3),((4,6),5)); -4545.24 -1.88525 26.189 12.866 -4556.68
(1,(2,3),(4,(5,6))); -4535.92 -1.22447 30.6883 13.3421 -4552.04
(1,(2,3),(4,(5,6))); -4535.75 -1.22447 31.4505 13.412 -4552.57
(1,2,(3,(4,(5,6)))); -4531.75 -1.02653 32.1909 13.6159 -4549.3
(1,(2,3),(4,(5,6))); -4541.86 -1.22447 25.5886 13.6278 -4552.59
(1,(2,(4,(5,6))),3); -4535.01 -4.98434 32.5578 13.5554 -4549.02
(1,2,(3,(4,(5,6)))); -4531.2 -1.02653 32.6823 13.5839 -4549.27
(1,2,(3,(4,(5,6)))); -4534.74 -1.02653 28.5685 13.0381 -4549.25
(1,2,(3,((4,6),5))); -4531.16 -1.68731 32.5914 13.5303 -4548.53
(1,2,(3,(4,(5,6)))); -4535.37 -1.02653 28.2108 13.407 -4549.15
(1,2,(3,(4,(5,6)))); -4539.53 -1.02653 24.1838 13.8357 -4548.85
(1,2,(3,(4,(5,6)))); -4536.74 -1.02653 27.0043 13.3781 -4549.34
(1,(2,3),(4,(5,6))); -4535.56 -1.22447 31.9217 13.7002 -4552.55
(1,(2,3),((4,6),5)); -4542.71 -1.88525 28.8752 13.2357 -4556.47
(1,2,(3,(4,(5,6)))); -4539.35 -1.02653 24.135 13.7807 -4548.68
(1,2,(3,(4,(5,6)))); -4532.92 -1.02653 30.8932 13.5238 -4549.26
(1,(2,3),((4,6),5)); -4541.31 -1.88525 31.0592 13.6351 -4556.85
(1,2,(3,(4,(5,6)))); -4534.01 -1.02653 29.0559 13.309 -4548.73
(1,(2,3),(4,(5,6))); -4537.75 -1.22447 29.0118 13.4898 -4552.05
(1,(2,3),(4,(5,6))); -4536.9 -1.22447 30.2379 13.6328 -4552.28
(1,(2,3),(4,(5,6))); -4539.99 -1.22447 27.2913 13.2161 -4552.84
(1,(2,3),((4,6),5)); -4540.66 -1.88525 31.1517 13.303 -4556.62
(1,(2,3),(4,(5,6))); -4536.11 -1.22447 31.3364 13.6218 -4552.6
(1,(2,3),((4,6),5)); -4542.7 -1.88525 29.2828 13.2457 -4556.86
(1,2,(3,(4,(5,6)))); -4534.51 -1.02653 28.9684 13.5909 -4548.86
(1,2,(3,((4,6),5))); -4535.57 -1.68731 28.7735 13.6903 -4548.96
(1,(2,3),(4,(5,6))); -4537.03 -1.22447 29.9413 13.4032 -4552.34
(1,2,(3,((4,6),5))); -4536.2 -1.68731 27.0861 13.3631 -4548.24
(1,2,(3,(4,(5,6)))); -4535.37 -1.02653 28.4555 13.7972 -4549.01
(1,2,(3,((4,6),5))); -4535.86 -1.68731 28.8738 14.1413 -4548.9
(1,2,(3,(4,(5,6)))); -4532.25 -1.02653 30.9231 13.4518 -4548.7
(1,2,(3,(4,(5,6)))); -4533.94 -1.02653 29.6992 13.7032 -4548.91
(1,(2,3),((4,6),5)); -4546.07 -1.88525 26.6817 13.8302 -4557.04
(1,(2,3),(4,(5,6))); -4535.28 -1.22447 31.456 13.4014 -4552.11
(1,2,(3,(4,(5,6)))); -4535.71 -1.02653 27.8194 13.5172 -4548.99
(1,2,(3,(4,(5,6)))); -4537.62 -1.02653 24.8671 13.1685 -4548.29
(1,2,(3,((4,6),5))); -4536.06 -1.68731 27.1292 13.3219 -4548.18
(1,(2,3),((4,6),5)); -4541.88 -1.88525 29.7079 13.0391 -4556.66
(1,(2,3),(4,(5,6))); -4538.1 -1.22447 28.4111 13.5408 -4551.75
(1,2,(3,((4,6),5))); -4535.11 -1.68731 29.5336 14.0298 -4548.93
(1,2,(3,((4,6),5))); -4532.85 -1.68731 30.585 13.5343 -4548.21
(1,(2,3),(4,(5,6))); -4538.09 -1.22447 28.4348 13.1798 -4552.12
(1,(2,3),(4,(5,6))); -4534.98 -1.22447 32.4542 13.8664 -4552.34
(1,(2,3),(4,(5,6))); -4535.91 -1.22447 31.0335 13.3297 -4552.39
(1,2,(3,(4,(5,6)))); -4532.53 -1.02653 31.7277 13.691 -4549.54
(1,(2,3),(4,(5,6))); -4537.16 -1.22447 29.7552 13.5395 -4552.15
(1,2,(3,(4,(5,6)))); -4535.62 -1.02653 28.0194 13.5572 -4549.06
(1,(2,3),(4,(5,6))); -4535.72 -1.22447 31.0522 13.4166 -4552.13
(1,2,(3,(4,(5,6)))); -4533.49 -1.02653 29.9222 13.3636 -4549.03
(1,(2,3),(4,(5,6))); -4542.24 -1.22447 24.4028 12.8404 -4552.57
(1,(2,3),(4,(5,6))); -4539.08 -1.22447 28.1081 13.4395 -4552.53
(1,(2,3),((4,6),5)); -4543.58 -1.88525 27.6818 12.875 -4556.5
(1,2,(3,((4,6),5))); -4533.86 -1.68731 30.2153 13.5462 -4548.85
(1,2,(3,((4,6),5))); -4537.41 -1.68731 26.0417 13.5328 -4548.23
(1,2,(3,((4,6),5))); -4532.25 -1.68731 31.5138 13.3681 -4548.71
(1,(2,3),(4,(5,6))); -4539.52 -1.22447 27.1381 13.6376 -4551.8
(1,2,(3,(4,(5,6)))); -4533.03 -1.02653 30.4565 13.3352 -4549.13
(1,2,(3,(4,(5,6)))); -4534.07 -1.02653 29.2814 13.5809 -4548.75
(1,(2,3),((4,6),5)); -4544.5 -1.88525 28.178 13.432 -4557.36
(1,2,(3,(4,(5,6)))); -4536.44 -1.02653 27.5125 13.5862 -4549.34
(1,2,(3,(4,(5,6)))); -4536.96 -1.02653 26.2155 13.2689 -4548.88
(1,(2,3),(4,(5,6))); -4537.43 -1.22447 29.5838 13.601 -4552.18
(1,(2,3),(4,(5,6))); -4537.66 -1.22447 28.98 13.2133 -4552.21
(1,2,(3,(4,(5,6)))); -4534.61 -1.02653 28.5366 13.5949 -4548.53
(1,(2,3),(4,(5,6))); -4537.38 -1.22447 30.0632 13.7763 -4552.44
(1,2,(3,(4,(5,6)))); -4534.2 -1.02653 29.9822 13.9872 -4549.17
(1,(2,3),(4,(5,6))); -4535.61 -1.22447 31.5694 13.7186 -4552.24
(1,2,(3,(4,(5,6)))); -4533.52 -1.02653 30.4002 13.588 -4549.31
(1,2,(3,(4,(5,6)))); -4540.16 -1.02653 23.0244 13.225 -4548.93
(1,2,(3,((4,6),5))); -4532.7 -1.68731 31.1586 13.3741 -4548.8
(1,(2,3),(4,(5,6))); -4537.38 -1.22447 29.7721 13.6609 -4552.27
(1,(2,3),(4,(5,6))); -4538.71 -1.22447 28.3933 13.8732 -4552.01
(1,2,(3,(4,(5,6)))); -4531.73 -1.02653 31.6286 13.28 -4549.05
(1,2,(3,(4,(5,6)))); -4535.76 -1.02653 27.3033 13.6006 -4548.43
(1,2,(3,((4,6),5))); -4536.98 -1.68731 26.7479 13.6041 -4548.44
(1,(2,3),((4,6),5)); -4543.51 -1.88525 29.1464 13.8004 -4556.97
(1,2,(3,((4,6),5))); -4533.68 -1.68731 30.329 13.438 -4548.89
(1,2,(3,(4,(5,6)))); -4532.82 -1.02653 30.5901 13.5015 -4548.88
(1,(2,3),((4,6),5)); -4540.78 -1.88525 31.8668 13.746 -4557.02
(1,2,(3,((4,6),5))); -4533.03 -1.68731 31.143 13.8351 -4548.65
(1,2,(3,(4,(5,6)))); -4534.15 -1.02653 29.8426 13.6928 -4549.27
(1,2,(3,((4,6),5))); -4534.77 -1.68731 28.7255 13.4901 -4548.32
(1,(2,3),(4,(5,6))); -4536.61 -1.22447 30.5027 13.596 -4552.29
(1,2,(3,((4,6),5))); -4534.12 -1.68731 29.4914 13.4613 -4548.47
(1,(2,3),((4,6),5)); -4542.94 -1.88525 29.5885 13.7153 -4556.93
(1,(2,3),(4,(5,6))); -4539.83 -1.22447 27.1923 13.1757 -4552.62
(1,(2,3),((4,6),5)); -4541.6 -1.88525 30.5354 13.4076 -4556.84
(1,(2,3),(4,(5,6))); -4537.01 -1.22447 29.7098 13.3819 -4552.11
(1,(2,3),(4,(5,6))); -4541.92 -1.22447 24.9217 13.9815 -4551.64
(1,2,(3,(4,(5,6)))); -4539.86 -1.02653 24.3536 13.7203 -4549.47
(1,2,(3,((4,6),5))); -4533.66 -1.68731 30.8098 13.8698 -4548.91
(1,2,(3,((4,6),5))); -4533.97 -1.68731 29.5609 13.3014 -4548.54
(1,(2,3),((4,6),5)); -4539.98 -1.88525 32.6762 13.6302 -4557.14
(1,2,(3,(4,(5,6)))); -4536.94 -1.02653 27.0541 13.5935 -4549.37
(1,(2,3),(4,(5,6))); -4537 -1.22447 29.4148 13.1391 -4552.06
(1,2,(3,(4,(5,6)))); -4532.82 -1.02653 30.8392 13.4663 -4549.16
(1,2,(3,(4,(5,6)))); -4534.19 -1.02653 29.357 13.5086 -4549.01
(1,(2,((4,6),5)),3); -4542.58 -5.64511 28.1987 14.0641 -4551.07
(1,2,(3,(4,(5,6)))); -4541.08 -1.02653 23.2624 14.0484 -4549.26
(1,2,(3,(4,(5,6)))); -4535.84 -1.02653 27.8741 13.6691 -4549.02
(1,(2,3),((4,6),5)); -4541.46 -1.88525 31.1285 13.7157 -4556.99
(1,2,(3,(4,(5,6)))); -4535.41 -1.02653 29.0104 13.9437 -4549.46
(1,2,(3,(4,(5,6)))); -4532.56 -1.02653 31.5786 13.6779 -4549.43
(1,2,(3,((4,6),5))); -4534.18 -1.68731 30.3927 13.8702 -4549.02
(1,2,(3,((4,6),5))); -4534.83 -1.68731 29.3973 13.876 -4548.66
(1,(2,3),((4,6),5)); -4543.62 -1.88525 28.1631 13.3767 -4556.52
(1,2,(3,(4,(5,6)))); -4536.06 -1.02653 27.9482 13.6784 -4549.31
(1,2,(3,(4,(5,6)))); -4534.1 -1.02653 29.8099 13.5304 -4549.35
(1,2,(3,(4,(5,6)))); -4536.69 -1.02653 26.6006 13.2796 -4548.99
(1,(2,3),(4,(5,6))); -4538.06 -1.22447 28.3105 13.0844 -4552.07
(1,(2,3),((4,6),5)); -4541.16 -1.88525 30.7278 13.228 -4556.77
(1,(2,3),(4,(5,6))); -4539.75 -1.22447 27.7808 13.4669 -4552.84
(1,2,(3,((4,6),5))); -4535.1 -1.68731 28.2599 13.4534 -4548.22
(1,2,(3,((4,6),5))); -4538.96 -1.68731 24.8811 13.2106 -4548.94
(1,2,(3,(4,(5,6)))); -4536.24 -1.02653 27.029 13.4414 -4548.8
(1,(2,3),(4,(5,6))); -4541.08 -1.22447 25.7908 13.3563 -4552.29
(1,(2,((4,6),5)),3); -4543.84 -5.64511 25.6792 13.0423 -4550.83
(1,(2,3),(4,(5,6))); -4538.23 -1.22447 28.5926 13.422 -4552.17
(1,2,(3,(4,(5,6)))); -4532.4 -1.02653 31.8543 14.0535 -4549.18
(1,2,(3,(4,(5,6)))); -4538.76 -1.02653 24.6166 13.3563 -4548.99
(1,2,(3,((4,6),5))); -4532.46 -1.68731 31.2362 13.754 -4548.26
(1,(2,3),(4,(5,6))); -4538.81 -1.22447 27.6835 13.2851 -4551.99
(1,2,(3,((4,6),5))); -4532.16 -1.68731 31.2396 13.5156 -4548.2
(1,2,(3,(4,(5,6)))); -4533.62 -1.02653 30.3362 13.7061 -4549.22
(1,2,(3,((4,6),5))); -4543.53 -1.68731 21.6584 14.3136 -4549.19
(1,2,(3,(4,(5,6)))); -4536.63 -1.02653 26.621 13.286 -4548.94
(1,2,(3,((4,6),5))); -4539.81 -1.68731 25.0702 14.3323 -4548.86
(1,2,(3,(4,(5,6)))); -4536.39 -1.02653 27.6722 13.8091 -4549.23
(1,(2,3),(4,(5,6))); -4535.36 -1.22447 31.5664 13.4719 -4552.23
(1,(2,3),(4,(5,6))); -4535.61 -1.22447 30.935 13.3875 -4551.94
(1,2,(3,(4,(5,6)))); -4536.56 -1.02653 27.5691 14.0495 -4549.06
(1,2,(3,((4,6),5))); -4534.72 -1.68731 28.8366 13.2772 -4548.59
(1,(2,3),(4,(5,6))); -4535.12 -1.22447 32.046 13.7963 -4552.14
(1,(2,3),(4,(5,6))); -4536.14 -1.22447 30.5109 13.2589 -4552.17
(1,2,(3,((4,6),5))); -4536.04 -1.68731 27.3272 13.2024 -4548.48
(1,2,(3,(4,(5,6)))); -4538.71 -1.02653 25.3114 13.6175 -4549.37
(1,2,(3,(4,(5,6)))); -4535.81 -1.02653 28.3422 13.9219 -4549.2
(1,(2,3),((4,6),5)); -4542.35 -1.88525 28.8504 12.9579 -4556.36
(1,(2,3),((4,6),5)); -4543.24 -1.88525 29.4698 13.5754 -4557.25
(1,2,(3,(4,(5,6)))); -4537.71 -1.02653 25.9272 13.4755 -4549.14
(1,2,(3,(4,(5,6)))); -4542.61 -1.02653 21.9852 14.0359 -4549.53
(1,2,(3,(4,(5,6)))); -4537.1 -1.02653 27.2858 14.1066 -4549.25
(1,(2,3),((4,6),5)); -4545.35 -1.88525 27.611 13.9333 -4557.14
(1,2,(3,(4,(5,6)))); -4531.08 -1.02653 32.859 13.6891 -4549.22
(1,(2,3),((4,6),5)); -4544.03 -1.88525 28.4404 13.6915 -4556.89
(1,2,(3,(4,(5,6)))); -4535.32 -1.02653 28.3994 13.5997 -4549.1
(1,2,(3,(4,(5,6)))); -4538.63 -1.02653 24.702 13.8176 -4548.49
(1,(2,3),(4,(5,6))); -4539.01 -1.22447 27.601 13.3269 -4552.06
(1,(2,3),(4,(5,6))); -4537.31 -1.22447 30.2908 13.8002 -4552.58
(1,2,(3,(4,(5,6)))); -4531.89 -1.02653 32.2362 13.7579 -4549.34
(1,(2,3),(4,(5,6))); -4536.82 -1.22447 30.9061 13.6442 -4552.86
(1,2,(3,((4,6),5))); -4533.21 -1.68731 30.7399 13.5873 -4548.67
(1,(2,3),((4,6),5)); -4550.44 -1.88525 21.4787 13.5842 -4556.44
(1,2,(3,((4,6),5))); -4536.74 -1.68731 26.3862 13.3056 -4548.14
(1,2,(3,(4,(5,6)))); -4534.2 -1.02653 28.8759 13.3682 -4548.68
(1,2,(3,(4,(5,6)))); -4534.28 -1.02653 29.5155 13.7407 -4549.03
(1,2,(3,(4,(5,6)))); -4534.61 -1.02653 29.2911 13.6651 -4549.21
(1,2,(3,(4,(5,6)))); -4531.74 -1.02653 31.3755 13.4746 -4548.62
(1,2,(3,(4,(5,6)))); -4534.6 -1.02653 29.0156 13.7416 -4548.84
(1,2,(3,(4,(5,6)))); -4532.56 -1.02653 30.9025 13.6693 -4548.76
(1,(2,3),(4,(5,6))); -4537.19 -1.22447 30.046 13.7859 -4552.22
(1,2,(3,((4,6),5))); -4532.18 -1.68731 31.0979 13.3243 -4548.26
(1,2,(3,((4,6),5))); -4534.63 -1.68731 28.9849 13.304 -4548.62
(1,2,(3,(4,(5,6)))); -4536.04 -1.02653 28.125 13.894 -4549.25
(1,2,(3,(4,(5,6)))); -4538.67 -1.02653 24.7406 13.7868 -4548.6
(1,2,(3,(4,(5,6)))); -4535.36 -1.02653 27.9877 13.4923 -4548.83
(1,2,(3,((4,6),5))); -4533.97 -1.68731 28.9982 13.1049 -4548.18
(1,2,(3,(4,(5,6)))); -4532.89 -1.02653 30.3826 13.1699 -4549.08
(1,2,(3,(4,(5,6)))); -4532.31 -1.02653 31.615 13.7418 -4549.16
(1,2,(3,((4,6),5))); -4535.85 -1.68731 28.3069 13.5984 -4548.87
(1,(2,3),((4,6),5)); -4543.69 -1.88525 28.9135 13.9295 -4556.79
(1,2,(3,(4,(5,6)))); -4534.33 -1.02653 29.0656 13.7651 -4548.6
(1,2,(3,(4,(5,6)))); -4531.62 -1.02653 31.5254 13.3284 -4548.79
(1,2,(3,(4,(5,6)))); -4532.37 -1.02653 31.4575 13.7202 -4549.08
(1,2,(3,(4,(5,6)))); -4535.22 -1.02653 28.5823 13.5741 -4549.21
(1,(2,3),((4,6),5)); -4542.05 -1.88525 29.7624 13.2804 -4556.64
(1,(2,3),(4,(5,6))); -4539.4 -1.22447 27.7345 13.6771 -4552.24
(1,(2,3),((4,6),5)); -4545.13 -1.88525 26.7431 13.4017 -4556.59
(1,(2,3),(4,(5,6))); -4535.98 -1.22447 30.9267 13.3286 -4552.36
(1,2,(3,(4,(5,6)))); -4539.16 -1.02653 24.643 13.7161 -4549.06
(1,2,(3,(4,(5,6)))); -4532.52 -1.02653 30.83 13.364 -4548.96
(1,(2,3),(4,(5,6))); -4540.3 -1.22447 26.8169 13.0914 -4552.8
(1,2,(3,(4,(5,6)))); -4532.52 -1.02653 31.5259 13.4411 -4549.58
(1,(2,3),((4,6),5)); -4542 -1.88525 29.7363 13.4437 -4556.41
(1,2,(3,(4,(5,6)))); -4532.03 -1.02653 31.4563 13.5898 -4548.87
(1,2,(3,(4,(5,6)))); -4532.07 -1.02653 31.9132 13.6742 -4549.28
(1,2,(3,(4,(5,6)))); -4533.46 -1.02653 30.5418 13.508 -4549.47
(1,2,(3,(4,(5,6)))); -4534.64 -1.02653 28.57 13.4251 -4548.76
(1,2,(3,((4,6),5))); -4531.93 -1.68731 32.0115 13.4062 -4548.85
(1,2,(3,(4,(5,6)))); -4534.44 -1.02653 28.4906 13.332 -4548.57
(1,2,(3,((4,6),5))); -4536.15 -1.68731 27.8721 13.3048 -4549.03
(1,2,(3,(4,(5,6)))); -4531.38 -1.02653 32.2264 13.5872 -4548.99
(1,2,(3,(4,(5,6)))); -4532.75 -1.02653 30.5392 13.5081 -4548.76
(1,2,(3,((4,6),5))); -4536.77 -1.68731 27.789 13.8532 -4549.02
(1,2,(3,(4,(5,6)))); -4532.29 -1.02653 31.49 13.811 -4548.94
(1,2,(3,(4,(5,6)))); -4533.74 -1.02653 29.0333 13.1753 -4548.57
(1,2,(3,(4,(5,6)))); -4536.24 -1.02653 26.6348 13.297 -4548.55
(1,(2,3),((4,6),5)); -4544.04 -1.88525 28.1812 13.6366 -4556.7
(1,(2,3),(4,(5,6))); -4541.24 -1.22447 24.8457 12.9294 -4551.93
(1,(2,3),(4,(5,6))); -4536.46 -1.22447 30.8396 13.5737 -4552.5
(1,(2,3),(4,(5,6))); -4541.11 -1.22447 26.5968 14.0523 -4552.43
(1,(2,3),(4,(5,6))); -4539.11 -1.22447 27.849 13.5278 -4552.2
(1,(2,3),(4,(5,6))); -4539.98 -1.22447 27.4384 13.5694 -4552.62
(1,(2,3),(4,(5,6))); -4536.77 -1.22447 30.1089 13.3124 -4552.34
(1,(2,3),((4,6),5)); -4543.74 -1.88525 28.1092 13.221 -4556.74
(1,(2,3),(4,(5,6))); -4537.64 -1.22447 29.829 13.7004 -4552.54
(1,2,(3,(4,(5,6)))); -4535.04 -1.02653 29.5624 14.2125 -4549.36
(1,2,(3,(4,(5,6)))); -4533.72 -1.02653 29.7743 13.3583 -4549.11
(1,(2,3),(4,(5,6))); -4538.17 -1.22447 29.2058 14.0746 -4552.07
(1,(2,3),((4,6),5)); -4549.45 -1.88525 23.6269 13.6576 -4557.53
(1,(2,3),(4,(5,6))); -4543.71 -1.22447 23.9821 13.6031 -4552.87
(1,(2,3),(4,(5,6))); -4543.13 -1.22447 23.7236 13.3409 -4552.28
(1,(2,3),(4,(5,6))); -4538.17 -1.22447 29.5072 13.9592 -4552.5
(1,(2,3),(4,(5,6))); -4539.69 -1.22447 27.299 13.4917 -4552.27
(1,2,(3,((4,6),5))); -4536.38 -1.68731 27.2476 13.6591 -4548.28
(1,2,(3,((4,6),5))); -4534.21 -1.68731 29.6579 13.8425 -4548.34
(1,(2,3),((4,6),5)); -4543.07 -1.88525 29.065 13.336 -4556.91
(1,2,(3,(4,(5,6)))); -4533.07 -1.02653 30.4907 13.4784 -4549.05
(1,(2,3),((4,6),5)); -4541.81 -1.88525 30.4457 13.4892 -4556.88
(1,2,(3,((4,6),5))); -4533.09 -1.68731 31.1376 13.7968 -4548.75
(1,(2,3),(4,(5,6))); -4536.46 -1.22447 31.2424 13.8197 -4552.66
(1,(2,3),(4,(5,6))); -4539.8 -1.22447 27.2461 13.4721 -4552.35
(1,2,(3,(4,(5,6)))); -4533.86 -1.02653 29.0425 13.0851 -4548.79
(1,2,(3,(4,(5,6)))); -4534.28 -1.02653 28.9476 13.0749 -4549.12
(1,2,(3,((4,6),5))); -4534.93 -1.68731 28.2797 12.8829 -4548.64
(1,2,(3,(4,(5,6)))); -4537.8 -1.02653 26.3495 13.9214 -4549.2
(1,(2,3),((4,6),5)); -4540.9 -1.88525 31.2934 13.1513 -4557.15
(1,2,(3,(4,(5,6)))); -4536.43 -1.02653 27.065 13.2126 -4549.26
(1,2,(3,(4,(5,6)))); -4533.08 -1.02653 30.3126 13.3945 -4548.97
(1,2,(3,(4,(5,6)))); -4533.28 -1.02653 30.9017 13.9683 -4549.18
(1,2,(3,(4,(5,6)))); -4533.82 -1.02653 29.9635 13.7012 -4549.06
(1,2,(3,(4,(5,6)))); -4532.82 -1.02653 30.2296 13.3742 -4548.65
(1,(2,3),((4,6),5)); -4543.19 -1.88525 28.4287 13.5237 -4556.21
(1,(2,3),(4,(5,6))); -4536.08 -1.22447 30.9719 13.3313 -4552.5
(1,2,(3,((4,6),5))); -4531.61 -1.68731 32.481 13.5699 -4548.84
(1,2,(3,(4,(5,6)))); -4532.71 -1.02653 30.6662 13.2754 -4549.08
(1,(2,3),((4,6),5)); -4545.34 -1.88525 27.064 13.6616 -4556.85
(1,(2,3),(4,(5,6))); -4538.44 -1.22447 28.0228 13.8818 -4551.35
(1,2,(3,(4,(5,6)))); -4532.05 -1.02653 31.7157 13.3292 -4549.41
(1,2,(3,(4,(5,6)))); -4538.03 -1.02653 25.8698 13.355 -4549.52
(1,2,(3,((4,6),5))); -4534.04 -1.68731 29.2281 13.2828 -4548.29
(1,2,(3,(4,(5,6)))); -4535.02 -1.02653 27.6388 13.089 -4548.54
(1,2,(3,(4,(5,6)))); -4534.46 -1.02653 29.34 13.8561 -4548.92
(1,(2,3),((4,6),5)); -4542.24 -1.88525 29.944 13.5227 -4556.78
(1,2,(3,(4,(5,6)))); -4533.05 -1.02653 30.3419 13.5326 -4548.84
(1,2,(3,(4,(5,6)))); -4533.46 -1.02653 30.6612 14.0293 -4549.06
(1,2,(3,(4,(5,6)))); -4535.83 -1.02653 27.516 13.3796 -4548.94
(1,(2,3),(4,(5,6))); -4540.11 -1.22447 27.295 13.6276 -4552.56
(1,2,(3,(4,(5,6)))); -4532.23 -1.02653 31.6223 13.6613 -4549.16
(1,2,(3,((4,6),5))); -4533.11 -1.68731 30.8241 13.6902 -4548.56
(1,2,(3,(4,(5,6)))); -4534.82 -1.02653 29.0877 13.5616 -4549.31
(1,2,(3,(4,(5,6)))); -4532.38 -1.02653 31.3861 13.7081 -4549.03
(1,2,(3,(4,(5,6)))); -4534.64 -1.02653 28.7211 13.2164 -4549.11
(1,2,(3,(4,(5,6)))); -4535.98 -1.02653 28.0163 13.7382 -4549.23
(1,2,(3,(4,(5,6)))); -4537.49 -1.02653 26.0137 13.1493 -4549.32
(1,(2,3),(4,(5,6))); -4537.19 -1.22447 30.2493 13.8122 -4552.41
(1,2,(3,(4,(5,6)))); -4533.86 -1.02653 30.3724 14.0243 -4549.18
(1,(2,3),(4,(5,6))); -4537.38 -1.22447 29.3383 13.3642 -4552.13
(1,(2,3),(4,(5,6))); -4538.47 -1.22447 27.9634 13.0224 -4552.19
(1,(2,3),((4,6),5)); -4541.38 -1.88525 31.3319 13.562 -4557.26
(1,(2,3),((4,6),5)); -4543.59 -1.88525 28.4825 13.6766 -4556.51
(1,(2,3),((4,6),5)); -4540.1 -1.88525 31.4824 13.3819 -4556.32
(1,(2,3),((4,6),5)); -4540.74 -1.88525 31.1659 13.4018 -4556.62
(1,(2,3),((4,6),5)); -4542.45 -1.88525 29.71 13.6487 -4556.63
(1,2,(3,(4,(5,6)))); -4533.48 -1.02653 29.8204 13.5407 -4548.73
(1,2,(3,(4,(5,6)))); -4535.73 -1.02653 28.105 13.6238 -4549.19
(1,(2,3),(4,(5,6))); -4536.15 -1.22447 31.2562 13.6348 -4552.55
(1,2,(3,(4,(5,6)))); -4532.59 -1.02653 31.3143 13.5922 -4549.29
(1,(2,3),(4,(5,6))); -4536.18 -1.22447 31.447 13.6268 -4552.78
(1,(2,3),(4,(5,6))); -4539.46 -1.22447 28.0145 13.8623 -4552.39
(1,(2,3),(4,(5,6))); -4537.51 -1.22447 29.513 13.2229 -4552.57
(1,(2,3),(4,(5,6))); -4537.69 -1.22447 29.3199 13.6498 -4552.13
(1,2,(3,(4,(5,6)))); -4532.56 -1.02653 30.9963 13.6321 -4548.9
(1,(2,3),(4,(5,6))); -4542.05 -1.22447 24.715 13.0746 -4552.47
(1,2,(3,(4,(5,6)))); -4535.51 -1.02653 28.0492 13.6423 -4548.89
(1,2,(3,(4,(5,6)))); -4533.07 -1.02653 30.5909 13.7076 -4548.93
(1,2,(3,(4,(5,6)))); -4541.89 -1.02653 20.8257 13.4276 -4548.26
(1,2,(3,((4,6),5))); -4537.95 -1.68731 25.8405 13.4163 -4548.69
(1,(2,3),(4,(5,6))); -4538.23 -1.22447 28.5081 13.1939 -4552.32
(1,2,(3,(4,(5,6)))); -4540.13 -1.02653 22.5072 13.2553 -4548.35
(1,(2,3),(4,(5,6))); -4539.43 -1.22447 28.2582 13.7214 -4552.74
(1,2,(3,(4,(5,6)))); -4531.62 -1.02653 32.2444 13.7103 -4549.12
(1,(2,3),(4,(5,6))); -4535.9 -1.22447 31.1058 13.5212 -4552.26
(1,(2,3),(4,(5,6))); -4543.88 -1.22447 22.7678 12.787 -4552.63
(1,(2,3),(4,(5,6))); -4534.38 -1.22447 32.5685 13.4603 -4552.27
(1,2,(3,((4,6),5))); -4534 -1.68731 29.0697 13.2063 -4548.18
(1,(2,3),(4,(5,6))); -4538.53 -1.22447 28.2702 13.4648 -4552.11
(1,2,(3,(4,(5,6)))); -4533.55 -1.02653 29.9693 13.5144 -4548.98
(1,(2,3),((4,6),5)); -4542.97 -1.88525 29.3012 13.7197 -4556.67
(1,2,(3,(4,(5,6)))); -4538.18 -1.02653 26.1853 13.9064 -4549.43
(1,(2,3),((4,6),5)); -4544.53 -1.88525 28.0564 13.7015 -4557
(1,(2,3),(4,(5,6))); -4536.65 -1.22447 29.805 13.304 -4551.92
(1,(2,3),((4,6),5)); -4540.09 -1.88525 32.2892 13.5043 -4556.99
(1,2,(3,(4,(5,6)))); -4535.22 -1.02653 29.0251 13.8732 -4549.34
(1,2,(3,(4,(5,6)))); -4533.44 -1.02653 30.0751 13.2959 -4549.19
(1,2,(3,(4,(5,6)))); -4538.64 -1.02653 25.3334 13.9388 -4549
(1,(2,3),(4,(5,6))); -4536.74 -1.22447 30.0726 13.2454 -4552.34
(1,(2,3),(4,(5,6))); -4537.72 -1.22447 29.3782 13.6507 -4552.22
(1,2,(3,(4,(5,6)))); -4537 -1.02653 26.4358 13.6434 -4548.77
(1,2,(3,(4,(5,6)))); -4535.4 -1.02653 28.4161 13.8043 -4548.98
(1,2,(3,(4,(5,6)))); -4535.04 -1.02653 29.1447 14.0835 -4549.07
(1,(2,3),((4,6),5)); -4541.42 -1.88525 30.7054 13.4469 -4556.79
(1,(2,3),(4,(5,6))); -4538.94 -1.22447 28.5347 13.4879 -4552.76
(1,(2,3),(4,(5,6))); -4537.5 -1.22447 29.634 13.4188 -4552.49
(1,2,(3,((4,6),5))); -4538.17 -1.68731 25.915 13.8153 -4548.58
(1,2,(3,((4,6),5))); -4538.16 -1.68731 25.7477 13.6082 -4548.61
(1,(2,3),(4,(5,6))); -4537.37 -1.22447 29.7398 13.7224 -4552.16
(1,2,(3,(4,(5,6)))); -4536.9 -1.02653 26.5489 13.479 -4548.94
(1,(2,3),(4,(5,6))); -4536.61 -1.22447 30.2709 13.213 -4552.44
(1,(2,3),(4,(5,6))); -4538.88 -1.22447 28.4532 13.6964 -4552.41
(1,2,(3,((4,6),5))); -4535.02 -1.68731 28.8801 13.6309 -4548.58
(1,2,(3,(4,(5,6)))); -4531.49 -1.02653 32.5168 13.6115 -4549.37
(1,2,(3,(4,(5,6)))); -4533.69 -1.02653 29.346 13.2806 -4548.73
(1,(2,3),((4,6),5)); -4547.91 -1.88525 24.5562 13.6015 -4556.98
(1,2,(3,(4,(5,6)))); -4534.5 -1.02653 29.4803 13.9073 -4549.05
(1,(2,3),(4,(5,6))); -4541.83 -1.22447 25.9195 13.8421 -4552.69
(1,(2,3),(4,(5,6))); -4538.51 -1.22447 29.0786 13.9976 -4552.37
(1,2,(3,((4,6),5))); -4533.2 -1.68731 30.8006 13.6767 -4548.63
(1,(2,3),(4,(5,6))); -4536.75 -1.22447 29.6119 13.0386 -4552.09
(1,2,(3,(4,(5,6)))); -4533.18 -1.02653 30.8173 13.7616 -4549.21
(1,(2,3),((4,6),5)); -4544.67 -1.88525 27.7679 13.6228 -4556.93
(1,2,(3,((4,6),5))); -4537.27 -1.68731 27.0089 13.8698 -4548.72
(1,(2,3),(4,(5,6))); -4536.89 -1.22447 29.5678 12.9732 -4552.26
(1,2,(3,(4,(5,6)))); -4533.09 -1.02653 30.5653 13.5483 -4549.08
(1,(2,3),(4,(5,6))); -4538.98 -1.22447 28.3337 13.653 -4552.44
(1,2,(3,((4,6),5))); -4532.99 -1.68731 30.5861 13.6839 -4548.2
(1,(2,3),((4,6),5)); -4540.5 -1.88525 31.4138 13.2716 -4556.75
(1,2,(3,((4,6),5))); -4535.07 -1.68731 28.6678 13.5873 -4548.46
(1,(2,3),(4,(5,6))); -4537.12 -1.22447 30.1438 13.5836 -4552.46
(1,2,(3,((4,6),5))); -4535.17 -1.68731 28.719 13.6532 -4548.55
(1,(2,3),((4,6),5)); -4542.41 -1.88525 29.9987 13.7195 -4556.8
(1,(2,3),(4,(5,6))); -4542.25 -1.22447 25.2569 13.7874 -4552.5
(1,2,(3,(4,(5,6)))); -4535.37 -1.02653 28.8353 13.9813 -4549.2
(1,2,(3,((4,6),5))); -4532.47 -1.68731 31.178 13.5128 -4548.45
(1,2,(3,(4,(5,6)))); -4537.26 -1.02653 26.4973 13.6469 -4549.08
(1,2,(3,(4,(5,6)))); -4532.11 -1.02653 31.351 13.5687 -4548.86
(1,(2,3),((4,6),5)); -4540.65 -1.88525 30.9776 13.4442 -4556.3
(1,2,(3,((4,6),5))); -4536.51 -1.68731 26.6802 13.2195 -4548.29
(1,2,(3,(4,(5,6)))); -4534.05 -1.02653 29.513 13.774 -4548.76
(1,2,(3,(4,(5,6)))); -4533.79 -1.02653 29.8311 13.8586 -4548.74
(1,2,(3,(4,(5,6)))); -4535.94 -1.02653 27.1316 13.5667 -4548.48
(1,2,(3,((4,6),5))); -4531.14 -1.68731 32.5942 13.5488 -4548.5
(1,(2,3),(4,(5,6))); -4537.26 -1.22447 29.7959 13.7058 -4552.13
(1,2,(3,(4,(5,6)))); -4535.26 -1.02653 28.1984 13.5523 -4548.88
(1,2,(3,((4,6),5))); -4538.63 -1.68731 26.3092 14.4027 -4548.85
(1,(2,3),((4,6),5)); -4542.83 -1.88525 29.7263 13.6248 -4557.05
(1,(2,3),(4,(5,6))); -4543.52 -1.22447 21.927 12.4213 -4551.8
(1,(2,3),(4,(5,6))); -4537.11 -1.22447 30.1935 13.6979 -4552.38
(1,(2,3),(4,(5,6))); -4536.27 -1.22447 30.4658 13.4808 -4552.03
(1,(2,3),((4,6),5)); -4540.22 -1.88525 32.5185 13.8503 -4557
(1,(2,3),(4,(5,6))); -4539.03 -1.22447 28.4592 13.9445 -4552.32
(1,(2,3),(4,(5,6))); -4540.35 -1.22447 26.9277 13.4857 -4552.57
(1,2,(3,(4,(5,6)))); -4535.18 -1.02653 28.6622 13.3847 -4549.43
(1,(2,3),((4,6),5)); -4543.13 -1.88525 29.2941 13.2345 -4557.3
(1,2,(3,((4,6),5))); -4541.45 -1.68731 23.1816 14.0235 -4548.92
(1,2,(3,((4,6),5))); -4534.68 -1.68731 29.4476 13.662 -4548.78
(1,(2,(4,(5,6))),3); -4538.84 -4.98434 28.3711 13.602 -4548.63
(1,(2,3),(4,(5,6))); -4535.61 -1.22447 30.5694 13.1726 -4551.78
(1,(2,3),(4,(5,6))); -4537.91 -1.22447 28.6196 13.41 -4551.89
(1,2,(3,((4,6),5))); -4534.17 -1.68731 29.8352 13.6657 -4548.66
(1,2,(3,(4,(5,6)))); -4532.19 -1.02653 31.4845 13.7991 -4548.85
(1,2,(3,(4,(5,6)))); -4534.5 -1.02653 28.5819 13.3758 -4548.68
(1,2,(3,(4,(5,6)))); -4532.35 -1.02653 31.3494 13.4339 -4549.24
(1,2,(3,((4,6),5))); -4536.09 -1.68731 28.0215 13.5834 -4548.84
(1,(2,3),(4,(5,6))); -4541.71 -1.22447 26.1229 14.0341 -4552.57
(1,(2,3),((4,6),5)); -4541.15 -1.88525 30.4297 13.2885 -4556.41
(1,(2,3),((4,6),5)); -4540.13 -1.88525 32.2353 13.5843 -4556.89
(1,(2,3),((4,6),5)); -4539.63 -1.88525 32.4288 13.3656 -4556.81
(1,(2,3),(4,(5,6))); -4537.74 -1.22447 28.7914 13.2135 -4552.09
(1,(2,3),((4,6),5)); -4540.95 -1.88525 31.2629 13.5236 -4556.81
(1,2,(3,(4,(5,6)))); -4532.56 -1.02653 31.3982 13.7818 -4549.15
(1,2,(3,(4,(5,6)))); -4537.02 -1.02653 25.696 13.3986 -4548.29
(1,2,(3,((4,6),5))); -4532.71 -1.68731 31.2739 13.8098 -4548.49
(1,(2,3),((4,6),5)); -4543.24 -1.88525 28.3268 13.2386 -4556.45
(1,2,(3,(4,(5,6)))); -4535.25 -1.02653 28.4033 13.8096 -4548.82
(1,(2,3),((4,6),5)); -4542.64 -1.88525 29.41 13.311 -4556.86
(1,(2,3),(4,(5,6))); -4538.53 -1.22447 28.6765 13.3751 -4552.6
(1,(2,3),((4,6),5)); -4548.4 -1.88525 24.3452 13.6069 -4557.26
(1,(2,3),(4,(5,6))); -4541.15 -1.22447 25.958 13.9763 -4551.9
(1,2,(3,(4,(5,6)))); -4531.74 -1.02653 32.0196 13.6527 -4549.08
(1,2,(3,(4,(5,6)))); -4538.84 -1.02653 24.5904 13.4181 -4548.98
(1,(2,3),(4,(5,6))); -4535.92 -1.22447 31.3772 13.5385 -4552.53
(1,(2,3),(4,(5,6))); -4539.76 -1.22447 27.8449 13.9082 -4552.47
(1,2,(3,((4,6),5))); -4534.19 -1.68731 29.1263 13.3047 -4548.33
(1,(2,3),((4,6),5)); -4545.15 -1.88525 27.5348 13.943 -4556.86
(1,(2,3),(4,(5,6))); -4535.18 -1.22447 31.601 13.2762 -4552.29
(1,(2,3),(4,(5,6))); -4537.78 -1.22447 29.7663 13.9405 -4552.38
(1,(2,3),(4,(5,6))); -4540.84 -1.22447 26.1077 13.7917 -4551.93
(1,(2,3),(4,(5,6))); -4539.15 -1.22447 27.7304 13.4118 -4552.25
(1,2,(3,((4,6),5))); -4536.51 -1.68731 28.1301 14.0382 -4548.91
(1,(2,3),(4,(5,6))); -4538.79 -1.22447 27.8841 13.5495 -4551.9
(1,2,(3,((4,6),5))); -4534.9 -1.68731 28.8748 13.1623 -4548.92
(1,(2,3),(4,(5,6))); -4538.09 -1.22447 29.5225 13.6953 -4552.69
(1,(2,3),(4,(5,6))); -4539.19 -1.22447 28.1141 13.3313 -4552.75
(1,2,(3,(4,(5,6)))); -4536.21 -1.02653 27.7042 13.9276 -4548.96
(1,2,(3,((4,6),5))); -4539.1 -1.68731 25.4421 13.8416 -4549.01
(1,2,(3,(4,(5,6)))); -4533.39 -1.02653 30.5092 13.7033 -4549.17
(1,2,(3,((4,6),5))); -4537.85 -1.68731 25.6828 13.3075 -4548.53
(1,2,(3,(4,(5,6)))); -4537.88 -1.02653 26.0784 13.7833 -4549.15
(1,2,(3,(4,(5,6)))); -4534.27 -1.02653 29.3125 13.5643 -4548.99
(1,2,(3,(4,(5,6)))); -4536.73 -1.02653 26.2767 13.3314 -4548.65
(1,2,(3,(4,(5,6)))); -4532.07 -1.02653 31.5661 13.6908 -4548.92
(1,2,(3,((4,6),5))); -4533.77 -1.68731 30.8497 13.9512 -4548.98
(1,(2,3),((4,6),5)); -4541.25 -1.88525 29.9554 13.1336 -4556.19
(1,2,(3,(4,(5,6)))); -4533.07 -1.02653 30.7207 13.4232 -4549.35
(1,2,(3,((4,6),5))); -4534.64 -1.68731 29.7108 14.1224 -4548.55
(1,2,(3,(4,(5,6)))); -4536.68 -1.02653 25.7184 13.0679 -4548.3
(1,2,(3,(4,(5,6)))); -4536.87 -1.02653 27.6241 13.7485 -4549.72
(1,2,(3,(4,(5,6)))); -4531.11 -1.02653 32.3832 13.5176 -4548.95
(1,2,(3,((4,6),5))); -4542.33 -1.68731 22.2878 13.8211 -4549.11
(1,2,(3,(4,(5,6)))); -4531.91 -1.02653 31.3192 13.3429 -4548.86
(1,2,(3,(4,(5,6)))); -4536.09 -1.02653 27.9249 13.4989 -4549.49
(1,(2,3),((4,6),5)); -4541.28 -1.88525 30.2479 13.1881 -4556.45
(1,2,(3,(4,(5,6)))); -4537.03 -1.02653 26.2235 13.7212 -4548.51
(1,2,(3,((4,6),5))); -4534.74 -1.68731 29.2307 13.6502 -4548.63
(1,2,(3,(4,(5,6)))); -4532.09 -1.02653 31.4288 13.545 -4548.95
(1,2,(3,(4,(5,6)))); -4534.33 -1.02653 29.9477 13.8724 -4549.37
(1,(2,3),(4,(5,6))); -4536.37 -1.22447 30.2084 13.3633 -4551.99
(1,2,(3,(4,(5,6)))); -4535.51 -1.02653 27.5912 13.299 -4548.78
(1,2,(3,(4,(5,6)))); -4532.35 -1.02653 31.3607 13.6236 -4549.06
(1,2,(3,(4,(5,6)))); -4534.07 -1.02653 30.2776 13.9733 -4549.35
(1,(2,3),((4,6),5)); -4541.1 -1.88525 31.9142 13.8598 -4557.27
(1,2,(3,(4,(5,6)))); -4535.79 -1.02653 27.7104 13.2865 -4549.19
(1,2,(3,((4,6),5))); -4533.84 -1.68731 30.2981 13.5067 -4548.94
(1,2,(3,(4,(5,6)))); -4531.88 -1.02653 31.5681 13.3531 -4549.07
(1,(2,3),((4,6),5)); -4546.02 -1.88525 26.5931 13.8518 -4556.88
(1,2,(3,(4,(5,6)))); -4533.64 -1.02653 30.2533 13.6167 -4549.25
(1,2,(3,(4,(5,6)))); -4532.68 -1.02653 30.7597 13.4551 -4548.96
(1,(2,3),(4,(5,6))); -4537.43 -1.22447 29.5216 13.6119 -4552.12
(1,(2,(4,(5,6))),3); -4541.79 -4.98434 26.0597 13.6647 -4549.2
(1,(2,3),(4,(5,6))); -4536.44 -1.22447 30.8917 13.3734 -4552.73
(1,(2,3),((4,6),5)); -4542.88 -1.88525 29.3294 13.5027 -4556.82
(1,2,(3,(4,(5,6)))); -4534.95 -1.02653 27.6594 12.9178 -4548.67
(1,(2,3),(4,(5,6))); -4539.62 -1.22447 27.6506 13.324 -4552.72
(1,(2,3),(4,(5,6))); -4542.9 -1.22447 25.1334 14.08 -4552.73
(1,2,(3,(4,(5,6)))); -4533.04 -1.02653 29.7602 13.1221 -4548.65
(1,(2,3),(4,(5,6))); -4538.56 -1.22447 29.2746 13.6309 -4552.98
(1,2,(3,(4,(5,6)))); -4533.34 -1.02653 30.6649 13.7559 -4549.22
(1,(2,3),(4,(5,6))); -4539.72 -1.22447 27.5815 13.3966 -4552.68
(1,2,(3,(4,(5,6)))); -4534.9 -1.02653 28.3181 13.4513 -4548.74
(1,(2,3),((4,6),5)); -4542.45 -1.88525 30.2332 13.62 -4557.18
(1,2,(3,(4,(5,6)))); -4536.37 -1.02653 27.6854 13.6516 -4549.37
(1,2,(3,(4,(5,6)))); -4534.86 -1.02653 28.363 13.2087 -4548.99
(1,(2,3),((4,6),5)); -4540.52 -1.88525 31.9856 13.6147 -4557.01
(1,2,(3,(4,(5,6)))); -4533.28 -1.02653 30.4257 13.4723 -4549.21
(1,(2,3),(4,(5,6))); -4537.37 -1.22447 30.0429 13.8267 -4552.36
(1,2,(3,((4,6),5))); -4532.92 -1.68731 31.2313 13.8268 -4548.63
(1,(2,3),((4,6),5)); -4546.27 -1.88525 25.4439 13.0512 -4556.78
(1,2,(3,(4,(5,6)))); -4533.65 -1.02653 29.2946 13.336 -4548.58
(1,2,(3,(4,(5,6)))); -4534.46 -1.02653 29.5273 13.8446 -4549.11
(1,(2,3),((4,6),5)); -4547.61 -1.88525 25.2729 13.7251 -4557.28
(1,2,(3,((4,6),5))); -4532.44 -1.68731 30.9151 13.3504 -4548.31
(1,(2,3),((4,6),5)); -4540.75 -1.88525 31.2428 13.2382 -4556.87
(1,2,(3,(4,(5,6)))); -4535.1 -1.02653 28.1428 13.312 -4548.91
(1,(2,3),((4,6),5)); -4541.11 -1.88525 30.7763 13.3673 -4556.63
(1,2,(3,(4,(5,6)))); -4536.3 -1.02653 26.916 12.8747 -4549.31
(1,2,(3,(4,(5,6)))); -4538.92 -1.02653 24.6776 13.6363 -4548.93
(1,(2,3),(4,(5,6))); -4538.35 -1.22447 29.196 13.7559 -4552.56
(1,2,(3,((4,6),5))); -4536.57 -1.68731 27.6499 13.7089 -4548.83
(1,2,(3,(4,(5,6)))); -4534.23 -1.02653 29.2651 13.4436 -4549.02
(1,(2,3),(4,(5,6))); -4537.87 -1.22447 29.5494 13.7335 -4552.46
(1,2,(3,(4,(5,6)))); -4532.32 -1.02653 31.5166 13.4459 -4549.37
(1,(2,3),((4,6),5)); -4541.1 -1.88525 31.499 13.8076 -4556.91
(1,(2,3),(4,(5,6))); -4539.93 -1.22447 27.5736 13.8271 -4552.45
(1,(2,3),((4,6),5)); -4541.7 -1.88525 30.9604 13.8976 -4556.88
(1,2,(3,(4,(5,6)))); -4533.91 -1.02653 29.7092 13.8423 -4548.75
(1,2,(3,(4,(5,6)))); -4540.14 -1.02653 23.697 13.5645 -4549.25
(1,(2,(4,(5,6))),3); -4537.29 -4.98434 29.5298 13.1401 -4548.69
(1,2,(3,((4,6),5))); -4536.98 -1.68731 27.2065 14.0109 -4548.49
(1,2,(3,((4,6),5))); -4535.24 -1.68731 29.4463 13.9517 -4549.05
(1,(2,3),(4,(5,6))); -4536.72 -1.22447 30.4013 13.5431 -4552.36
(1,(2,3),(4,(5,6))); -4535.09 -1.22447 31.8731 13.2941 -4552.45
(1,2,(3,((4,6),5))); -4538.88 -1.68731 25.1557 13.926 -4548.42
(1,(2,3),(4,(5,6))); -4537.43 -1.22447 29.5425 13.5287 -4552.22
(1,2,(3,(4,(5,6)))); -4535.74 -1.02653 28.0427 13.5085 -4549.25
(1,(2,3),((4,6),5)); -4542.82 -1.88525 29.6473 13.5073 -4557.07
(1,2,(3,(4,(5,6)))); -4534.6 -1.02653 28.6862 13.5209 -4548.74
(1,2,(3,((4,6),5))); -4534.39 -1.68731 29.6714 13.8383 -4548.54
(1,2,(3,((4,6),5))); -4532.57 -1.68731 31.8006 13.7935 -4548.89
(1,2,(3,((4,6),5))); -4534.22 -1.68731 30.1617 13.8425 -4548.86
(1,(2,3),(4,(5,6))); -4537.99 -1.22447 29.2435 13.7812 -4552.23
(1,(2,3),(4,(5,6))); -4540.15 -1.22447 26.4774 13.1744 -4552.23
(1,(2,3),(4,(5,6))); -4539.02 -1.22447 28.0254 13.558 -4552.26
(1,2,(3,(4,(5,6)))); -4536.46 -1.02653 26.7857 13.5017 -4548.71
(1,2,(3,((4,6),5))); -4536.96 -1.68731 26.9133 13.6424 -4548.55
(1,2,(3,(4,(5,6)))); -4534.21 -1.02653 29.5032 13.6691 -4549.01
(1,2,(3,(4,(5,6)))); -4532.11 -1.02653 31.3151 13.2768 -4549.12
(1,(2,3),((4,6),5)); -4541.99 -1.88525 29.6841 13.3304 -4556.46
(1,2,(3,(4,(5,6)))); -4532.67 -1.02653 31.1981 13.74 -4549.11
(1,2,(3,((4,6),5))); -4535.35 -1.68731 28.8011 13.5042 -4548.96
(1,2,(3,(4,(5,6)))); -4534.03 -1.02653 28.6434 13.1381 -4548.51
(1,(2,3),(4,(5,6))); -4536.42 -1.22447 30.616 13.4426 -4552.37
(1,(2,3),((4,6),5)); -4541.81 -1.88525 29.9704 13.3577 -4556.54
(1,(2,3),((4,6),5)); -4545.29 -1.88525 27.7033 13.9906 -4557.12
(1,2,(3,((4,6),5))); -4535.19 -1.68731 27.9653 13.21 -4548.25
(1,(2,3),(4,(5,6))); -4536.86 -1.22447 30.0507 13.4763 -4552.21
(1,(2,3),(4,(5,6))); -4538.95 -1.22447 29.0869 13.8498 -4552.96
(1,(2,3),((4,6),5)); -4543.05 -1.88525 29.4299 13.7913 -4556.8
(1,(2,3),(4,(5,6))); -4538.05 -1.22447 28.061 13.0488 -4551.84
(1,(2,3),(4,(5,6))); -4536.62 -1.22447 30.6332 13.5549 -4552.48
(1,2,(3,(4,(5,6)))); -4534.06 -1.02653 29.72 13.6182 -4549.14
(1,2,(3,(4,(5,6)))); -4531.33 -1.02653 32.8592 13.9041 -4549.26
(1,2,(3,((4,6),5))); -4533.4 -1.68731 30.304 13.5874 -4548.43
(1,(2,3),((4,6),5)); -4542.01 -1.88525 30.0687 13.561 -4556.63
(1,2,(3,(4,(5,6)))); -4534.32 -1.02653 30.0341 13.9081 -4549.42
(1,2,(3,(4,(5,6)))); -4538.67 -1.02653 25.9872 14.0299 -4549.6
(1,(2,3),(4,(5,6))); -4540.12 -1.22447 27.2237 13.9767 -4552.14
(1,2,(3,((4,6),5))); -4534.16 -1.68731 29.0871 13.3439 -4548.22
(1,(2,3),(4,(5,6))); -4536.17 -1.22447 30.4582 13.4389 -4551.97
(1,2,(3,((4,6),5))); -4532.74 -1.68731 31.2216 13.5199 -4548.75
(1,(2,3),(4,(5,6))); -4537.51 -1.22447 30.0419 13.9652 -4552.36
(1,(2,3),((4,6),5)); -4545.89 -1.88525 26.9898 14.0592 -4556.94
(1,(2,3),(4,(5,6))); -4537.28 -1.22447 30.1205 13.8376 -4552.33
(1,2,(3,(4,(5,6)))); -4532.87 -1.02653 31.5432 13.9355 -4549.45
(1,(2,3),((4,6),5)); -4549.46 -1.88525 22.1359 13.817 -4555.89
(1,(2,3),((4,6),5)); -4541.42 -1.88525 29.9452 13.1128 -4556.37
(1,(2,3),(4,(5,6))); -4539.38 -1.22447 27.6007 13.3184 -4552.44
(1,2,(3,(4,(5,6)))); -4532.83 -1.02653 30.7855 13.6144 -4548.98
(1,(2,3),(4,(5,6))); -4541.25 -1.22447 26.6093 13.7278 -4552.91
(1,(2,3),(4,(5,6))); -4538.83 -1.22447 27.7158 13.3049 -4552.01
(1,(2,3),((4,6),5)); -4540.48 -1.88525 31.4743 13.3898 -4556.68
