tree logl logTop logProp logPrior logWt
(1,2,(3,((4,6),5))); -4535.65  -1.69643 31.155 13.7362 9254.89
(1,2,(3,(4,(5,6)))); -4534.41  -1.02288 30.9799 13.3932 9255.28
(1,2,(3,(4,(5,6)))); -4535.92  -1.02288 30.2704 13.6443 9254.73
(1,2,(3,(4,(5,6)))); -4533.89  -1.02288 32.3238 13.6666 9254.73
(1,2,(3,((4,6),5))); -4535.56  -1.69643 29.842 13.2187 9255.76
(1,2,(3,(4,(5,6)))); -4535.47  -1.02288 30.2527 13.4981 9255.05
(1,2,(3,(4,(5,6)))); -4538.87  -1.02288 28.9837 14.0561 9253.48
(1,2,(3,(4,(5,6)))); -4534.88  -1.02288 31.4483 13.6556 9254.61
(1,2,(3,((4,6),5))); -4536.4  -1.69643 29.8084 13.6639 9255.41
(1,(2,3),(4,(5,6))); -4540.22  -1.22024 29.6947 13.5933 9251.15
(1,2,(3,(4,(5,6)))); -4534.89  -1.02288 30.9178 13.6664 9255.14
(1,2,(3,((4,6),5))); -4541.75  -1.69643 25.9169 13.9786 9254.26
(1,2,(3,(4,(5,6)))); -4535.68  -1.02288 30.0363 13.3231 9254.89
(1,2,(3,(4,(5,6)))); -4541.33  -1.02288 24.8832 13.299 9254.36
(1,2,(3,(4,(5,6)))); -4538.21  -1.02288 28.4698 13.8589 9254.45
(1,(2,3),(4,(5,6))); -4538.56  -1.22024 30.6934 13.412 9251.64
(1,(2,3),(4,(5,6))); -4538.62  -1.22024 30.6752 13.6622 9251.85
(1,(2,3),((4,6),5)); -4544.56  -1.89379 29.5892 13.2535 9247.26
(1,(2,3),(4,(5,6))); -4541.31  -1.22024 28.5747 13.6537 9251.24
(1,2,(3,(4,(5,6)))); -4534.52  -1.02288 30.9623 13.7237 9255.52
(1,2,(3,(4,(5,6)))); -4539.96  -1.02288 27.2043 13.9132 9254.03
(1,(2,3),((4,6),5)); -4547.16  -1.89379 27.0538 13.084 9247.01
(1,2,(3,((4,6),5))); -4536.82  -1.69643 29.922 13.5208 9254.73
(1,(2,3),(4,(5,6))); -4539.6  -1.22024 30.235 13.5677 9251.21
(1,2,(3,((4,6),5))); -4535.88  -1.69643 30.0307 13.3091 9255.35
(1,2,(3,(4,(5,6)))); -4534.52  -1.02288 31.096 13.553 9255.21
(1,2,(3,(4,(5,6)))); -4538.79  -1.02288 27.2531 13.7212 9254.96
(1,2,(3,(4,(5,6)))); -4540.34  -1.02288 25.2957 13.3945 9255.04
(1,2,(3,(4,(5,6)))); -4537.83  -1.02288 28.5873 13.5312 9254.39
(1,(2,3),(4,(5,6))); -4542.77  -1.22024 25.4369 13.0749 9252.34
(1,2,(3,((4,6),5))); -4536.87  -1.69643 30.0043 13.8425 9254.91
(1,(2,3),(4,(5,6))); -4541.14  -1.22024 28.0488 13.3398 9251.63
(1,(2,3),((4,6),5)); -4547.93  -1.89379 26.4819 13.3071 9247.04
(1,(2,3),(4,(5,6))); -4538.07  -1.22024 31.2622 13.6815 9251.83
(1,2,(3,(4,(5,6)))); -4538.12  -1.02288 26.994 13.0913 9255.26
(1,2,(3,((4,6),5))); -4544.24  -1.69643 21.0101 12.9312 9255.64
(1,2,(3,(4,(5,6)))); -4535.55  -1.02288 30.6142 13.7845 9254.9
(1,2,(3,((4,6),5))); -4536.66  -1.69643 28.7204 13.0369 9255.6
(1,(2,3),(4,(5,6))); -4541.22  -1.22024 29.0288 13.9657 9251.19
(1,(2,3),((4,6),5)); -4544.38  -1.89379 29.7786 13.2151 9247.21
(1,(2,3),((4,6),5)); -4546.01  -1.89379 28.2582 13.3581 9247.24
(1,(2,3),(4,(5,6))); -4539.19  -1.22024 29.9931 13.5561 9251.85
(1,(2,3),((4,6),5)); -4542.7  -1.89379 31.3855 13.3875 9247.45
(1,(2,3),(4,(5,6))); -4542.08  -1.22024 27.8971 13.6304 9251.13
(1,2,(3,((4,6),5))); -4534.89  -1.69643 31.3294 13.4891 9255.22
(1,(2,3),(4,(5,6))); -4540.23  -1.22024 29.1162 13.7538 9251.88
(1,2,(3,(4,(5,6)))); -4536.95  -1.02288 28.3637 13.8052 9255.77
(1,(2,3),(4,(5,6))); -4539.82  -1.22024 29.661 13.2971 9251.29
(1,2,(3,(4,(5,6)))); -4535.09  -1.02288 30.773 13.5137 9254.93
(1,2,(3,(4,(5,6)))); -4542.63  -1.02288 23.1272 13.2848 9254.8
(1,2,(3,((4,6),5))); -4537  -1.69643 30.5129 14.0597 9254.5
(1,(2,3),(4,(5,6))); -4540.42  -1.22024 29.2081 13.4039 9251.25
(1,2,(3,(4,(5,6)))); -4534.87  -1.02288 31.0256 13.325 9254.7
(1,(2,3),((4,6),5)); -4546.38  -1.89379 27.9351 13.3201 9247.15
(1,2,(3,((4,6),5))); -4537.13  -1.69643 28.1104 13.0484 9255.75
(1,2,(3,((4,6),5))); -4538.2  -1.69643 29.1823 13.9016 9254.47
(1,(2,3),((4,6),5)); -4545.53  -1.89379 28.5807 13.2972 9247.33
(1,(2,3),((4,6),5)); -4543.67  -1.89379 30.5375 13.5223 9247.47
(1,2,(3,((4,6),5))); -4539.84  -1.69643 25.7946 13.6906 9256.01
(1,2,(3,(4,(5,6)))); -4533.44  -1.02288 32.8004 13.5724 9254.61
(1,2,(3,(4,(5,6)))); -4542.16  -1.02288 22.8132 13.746 9256.05
(1,2,(3,(4,(5,6)))); -4535.1  -1.02288 30.8935 13.7014 9254.98
(1,2,(3,(4,(5,6)))); -4536.31  -1.02288 29.9619 13.5896 9254.6
(1,2,(3,((4,6),5))); -4536.94  -1.69643 29.7479 13.6054 9254.87
(1,(2,3),(4,(5,6))); -4537.84  -1.22024 32.3709 13.7077 9250.97
(1,(2,3),(4,(5,6))); -4542.72  -1.22024 27.6945 13.6699 9250.73
(1,2,(3,((4,6),5))); -4533.68  -1.69643 32.2786 13.5349 9255.53
(1,2,(3,((4,6),5))); -4535.91  -1.69643 30.4098 13.542 9255.17
(1,2,(3,((4,6),5))); -4535.32  -1.69643 30.7354 13.4834 9255.38
(1,2,(3,((4,6),5))); -4536.22  -1.69643 30.4522 13.74 9255.02
(1,(2,3),(4,(5,6))); -4538.69  -1.22024 30.994 13.6055 9251.39
(1,2,(3,(4,(5,6)))); -4535.65  -1.02288 30.6622 13.5502 9254.52
(1,(2,3),((4,6),5)); -4544.56  -1.89379 30.9981 13.5014 9246.09
(1,2,(3,(4,(5,6)))); -4534.34  -1.02288 31.3589 13.5977 9255.17
(1,(2,3),(4,(5,6))); -4540.46  -1.22024 29.4073 13.5884 9251.2
(1,2,(3,(4,(5,6)))); -4536.33  -1.02288 29.2831 13.2921 9254.96
(1,2,(3,(4,(5,6)))); -4535.99  -1.02288 29.5655 13.5773 9255.3
(1,2,(3,(4,(5,6)))); -4537.21  -1.02288 29.2908 13.8888 9254.66
(1,2,(3,((4,6),5))); -4535.83  -1.69643 30.0875 13.4176 9255.45
(1,(2,3),(4,(5,6))); -4537.08  -1.22024 32.0769 13.27 9251.59
(1,(2,3),(4,(5,6))); -4542.24  -1.22024 29.5541 13.9273 9249.61
(1,2,(3,(4,(5,6)))); -4540.23  -1.02288 24.7403 13.6738 9255.98
(1,2,(3,(4,(5,6)))); -4536.83  -1.02288 29.9657 13.8869 9254.37
(1,(2,3),(4,(5,6))); -4539.36  -1.22024 29.7427 13.3341 9251.7
(1,2,(3,(4,(5,6)))); -4538.01  -1.02288 28.1417 13.703 9254.83
(1,(2,(4,(5,6))),3); -4540.51  -4.94926 29.3538 13.6361 9254.98
(1,(2,3),(4,(5,6))); -4538.89  -1.22024 30.3121 13.0949 9251.37
(1,2,(3,((4,6),5))); -4536.31  -1.69643 29.6319 13.4341 9255.44
(1,(2,3),((4,6),5)); -4547.17  -1.89379 28.0767 13.5757 9246.48
(1,2,(3,((4,6),5))); -4540.13  -1.69643 26.7789 13.7822 9254.83
(1,2,(3,(4,(5,6)))); -4537.16  -1.02288 29.6357 14.0002 9254.48
(1,(2,3),(4,(5,6))); -4539.88  -1.22024 29.3095 13.6924 9251.97
(1,2,(3,((4,6),5))); -4536.54  -1.69643 30.0384 13.2922 9254.67
(1,(2,3),(4,(5,6))); -4537.95  -1.22024 31.0863 13.198 9251.64
(1,2,(3,((4,6),5))); -4544.72  -1.69643 21.6832 13.2617 9254.81
(1,(2,3),((4,6),5)); -4545.49  -1.89379 28.728 13.1191 9247.05
(1,2,(3,(4,(5,6)))); -4539.91  -1.02288 25.9011 13.8134 9255.28
(1,(2,3),(4,(5,6))); -4540.09  -1.22024 28.6718 13.0649 9251.77
(1,(2,3),(4,(5,6))); -4543.89  -1.22024 26.0489 13.6827 9251.21
(1,(2,3),((4,6),5)); -4543.24  -1.89379 31.9443 13.446 9246.41
(1,(2,3),(4,(5,6))); -4541.84  -1.22024 28.7773 13.9446 9250.81
(1,2,(3,((4,6),5))); -4535.62  -1.69643 30.1531 13.2307 9255.41
(1,(2,3),(4,(5,6))); -4541.7  -1.22024 29.4884 13.8393 9250.13
(1,2,(3,(4,(5,6)))); -4537.02  -1.02288 29.0665 13.7676 9254.96
(1,2,(3,(4,(5,6)))); -4535.5  -1.02288 30.7628 13.5801 9254.59
(1,(2,3),(4,(5,6))); -4538.32  -1.22024 30.5765 13.4665 9252.05
(1,2,(3,(4,(5,6)))); -4536.29  -1.02288 28.6998 13.3553 9255.64
(1,2,(3,(4,(5,6)))); -4536.52  -1.02288 28.8562 13.4575 9255.36
(1,(2,3),(4,(5,6))); -4537.02  -1.22024 32.0295 13.1964 9251.62
(1,(2,3),(4,(5,6))); -4543.31  -1.22024 27.2513 13.7477 9250.66
(1,(2,3),(4,(5,6))); -4541.9  -1.22024 28.1524 13.83 9251.25
(1,(2,3),(4,(5,6))); -4542.35  -1.22024 26.6639 12.9049 9251.37
(1,(2,3),(4,(5,6))); -4540.34  -1.22024 29.8952 13.6149 9250.86
(1,(2,3),(4,(5,6))); -4540.26  -1.22024 28.6612 13.1605 9251.72
(1,2,(3,((4,6),5))); -4543.49  -1.69643 24.4266 14.048 9254.08
(1,(2,3),(4,(5,6))); -4538.9  -1.22024 30.5073 13.404 9251.47
(1,(2,3),(4,(5,6))); -4537.82  -1.22024 32.0143 13.5076 9251.15
(1,(2,3),((4,6),5)); -4545.02  -1.89379 30.3212 13.4576 9246.26
(1,(2,3),(4,(5,6))); -4539.74  -1.22024 29.2639 13.1564 9251.63
(1,(2,3),(4,(5,6))); -4539.31  -1.22024 29.8192 13.5801 9251.92
(1,2,(3,((4,6),5))); -4535.96  -1.69643 29.8452 13.586 9255.73
(1,(2,3),(4,(5,6))); -4539.86  -1.22024 29.0369 12.9451 9251.52
(1,2,(3,((4,6),5))); -4536.57  -1.69643 29.4788 13.5307 9255.43
(1,(2,3),(4,(5,6))); -4541.3  -1.22024 28.3994 13.9514 9251.72
(1,2,(3,(4,(5,6)))); -4539.91  -1.02288 25.1796 12.8679 9255.06
(1,2,(3,((4,6),5))); -4541.3  -1.69643 24.5158 13.7457 9255.88
(1,2,(3,((4,6),5))); -4537.61  -1.69643 28.8474 13.89 9255.38
(1,(2,3),(4,(5,6))); -4537.56  -1.22024 32.0004 13.554 9251.47
(1,2,(3,((4,6),5))); -4540.93  -1.69643 25.5857 13.4047 9254.84
(1,2,(3,(4,(5,6)))); -4537.68  -1.02288 29.2028 13.8794 9254.27
(1,2,(3,(4,(5,6)))); -4538.89  -1.02288 26.2916 12.9838 9255.08
(1,(2,3),(4,(5,6))); -4538.97  -1.22024 30.7012 13.7958 9251.6
(1,(2,3),(4,(5,6))); -4537.46  -1.22024 32.0238 13.315 9251.31
(1,2,(3,((4,6),5))); -4535.35  -1.69643 30.4216 13.7658 9255.94
(1,(2,3),(4,(5,6))); -4541.31  -1.22024 28.1424 13.1012 9251.13
(1,(2,3),(4,(5,6))); -4541.99  -1.22024 27.5025 13.5123 9251.49
(1,2,(3,(4,(5,6)))); -4533.84  -1.02288 31.2977 13.2865 9255.43
(1,(2,3),(4,(5,6))); -4541.91  -1.22024 26.7034 13.3631 9252.22
(1,(2,3),(4,(5,6))); -4542.45  -1.22024 28.6834 13.8637 9250.21
(1,(2,3),(4,(5,6))); -4539.2  -1.22024 30.4298 13.7935 9251.64
(1,2,(3,((4,6),5))); -4537.45  -1.69643 28.8371 13.4732 9255.13
(1,(2,3),(4,(5,6))); -4540.75  -1.22024 28.3669 13.2788 9251.63
(1,2,(3,(4,(5,6)))); -4536.1  -1.02288 30.2191 13.8068 9254.76
(1,(2,3),((4,6),5)); -4544  -1.89379 30.306 13.2019 9247.05
(1,2,(3,((4,6),5))); -4542.63  -1.69643 23.03 13.5268 9255.82
(1,2,(3,(4,(5,6)))); -4537.14  -1.02288 28.833 13.4125 9254.72
(1,2,(3,(4,(5,6)))); -4535.88  -1.02288 29.6655 13.2971 9255.02
(1,2,(3,((4,6),5))); -4536.65  -1.69643 29.6918 13.4847 9255.1
(1,2,(3,((4,6),5))); -4536.23  -1.69643 31.2527 13.9392 9254.41
(1,2,(3,(4,(5,6)))); -4536.12  -1.02288 30.2039 13.8674 9254.82
(1,(2,3),(4,(5,6))); -4539.17  -1.22024 30.7829 13.4553 9250.97
(1,(2,3),((4,6),5)); -4544.76  -1.89379 30.6706 13.7599 9246.48
(1,2,(3,(4,(5,6)))); -4534.47  -1.02288 31.4814 13.3621 9254.69
(1,(2,3),((4,6),5)); -4546.54  -1.89379 30.0314 13.891 9245.47
(1,(2,3),(4,(5,6))); -4542.2  -1.22024 28.1535 13.5944 9250.71
(1,(2,3),(4,(5,6))); -4544.49  -1.22024 25.1852 13.6597 9251.46
(1,2,(3,(4,(5,6)))); -4537.11  -1.02288 27.2143 13.0604 9256.01
(1,2,(3,(4,(5,6)))); -4536.61  -1.02288 29.4549 13.6738 9254.88
(1,2,(3,((4,6),5))); -4539.7  -1.69643 26.3587 13.4521 9255.34
(1,(2,3),(4,(5,6))); -4541.83  -1.22024 27.3913 13.1625 9251.42
(1,(2,3),(4,(5,6))); -4539.33  -1.22024 29.976 13.5608 9251.73
(1,2,(3,(4,(5,6)))); -4536.93  -1.02288 28.8309 13.3079 9254.82
(1,(2,3),(4,(5,6))); -4538.25  -1.22024 31.8117 13.588 9251
(1,2,(3,(4,(5,6)))); -4535.38  -1.02288 29.6157 13.277 9255.56
(1,(2,3),((4,6),5)); -4545.85  -1.89379 28.3192 12.8734 9246.85
(1,2,(3,(4,(5,6)))); -4542.08  -1.02288 25.5735 13.9071 9253.53
(1,2,(3,((4,6),5))); -4536.61  -1.69643 29.2913 13.7382 9255.78
(1,(2,3),(4,(5,6))); -4538.25  -1.22024 31.5758 13.5067 9251.16
(1,2,(3,(4,(5,6)))); -4534.7  -1.02288 30.5635 12.9667 9254.98
(1,2,(3,((4,6),5))); -4540.54  -1.69643 25.3595 13.1264 9255.18
(1,2,(3,(4,(5,6)))); -4535.92  -1.02288 30.237 13.4752 9254.6
(1,2,(3,(4,(5,6)))); -4537.04  -1.02288 29.7127 13.5021 9254.03
(1,2,(3,(4,(5,6)))); -4540.21  -1.02288 25.4677 13.3284 9254.93
(1,2,(3,(4,(5,6)))); -4536.14  -1.02288 29.7303 13.5854 9254.99
(1,2,(3,(4,(5,6)))); -4534.15  -1.02288 31.0124 13.4346 9255.55
(1,2,(3,(4,(5,6)))); -4535.09  -1.02288 30.3371 13.2998 9255.15
(1,(2,3),(4,(5,6))); -4538.8  -1.22024 29.9575 13.1752 9251.9
(1,2,(3,(4,(5,6)))); -4535.44  -1.02288 30.0569 13.2089 9254.99
(1,2,(3,(4,(5,6)))); -4536.23  -1.02288 29.1637 13.2501 9255.14
(1,(2,3),((4,6),5)); -4550.36  -1.89379 24.3144 13.3221 9246.79
(1,(2,3),(4,(5,6))); -4544.99  -1.22024 27.0071 13.8328 9249.31
(1,2,(3,(4,(5,6)))); -4535.11  -1.02288 30.6007 13.3483 9254.92
(1,2,(3,((4,6),5))); -4538.82  -1.69643 26.751 13.2525 9255.63
(1,2,(3,(4,(5,6)))); -4538.37  -1.02288 29.1661 14.0548 9253.79
(1,2,(3,(4,(5,6)))); -4538.91  -1.02288 27.4175 13.8613 9254.81
(1,(2,3),(4,(5,6))); -4540.1  -1.22024 30.1246 13.9253 9251.18
(1,2,(3,((4,6),5))); -4535.17  -1.69643 30.5955 13.4046 9255.59
(1,(2,3),(4,(5,6))); -4540.25  -1.22024 29.1085 13.6359 9251.75
(1,2,(3,(4,(5,6)))); -4534.32  -1.02288 31.8244 13.5231 9254.66
(1,(2,3),((4,6),5)); -4544.55  -1.89379 29.2779 12.9539 9247.28
(1,(2,3),(4,(5,6))); -4539.57  -1.22024 30.4657 13.9374 9251.37
(1,(2,(4,(5,6))),3); -4541.06  -4.94926 28.4359 13.4751 9255.19
(1,(2,3),(4,(5,6))); -4540.84  -1.22024 29.0645 13.8036 9251.38
(1,2,(3,(4,(5,6)))); -4535.73  -1.02288 29.6141 13.5353 9255.47
(1,2,(3,(4,(5,6)))); -4538.77  -1.02288 26.1737 13.1549 9255.49
(1,(2,3),(4,(5,6))); -4538.57  -1.22024 31.326 13.7555 9251.34
(1,2,(3,(4,(5,6)))); -4539.21  -1.02288 26.7183 13.5662 9254.91
(1,(2,3),((4,6),5)); -4545.49  -1.89379 28.8552 13.1534 9246.96
(1,(2,3),(4,(5,6))); -4545.65  -1.22024 23.8148 13.8283 9251.84
(1,(2,3),(4,(5,6))); -4539.2  -1.22024 29.6187 13.1227 9251.78
(1,(2,3),((4,6),5)); -4542.94  -1.89379 31.5318 13.5526 9247.23
(1,2,(3,(4,(5,6)))); -4534.23  -1.02288 31.2006 13.4011 9255.25
(1,2,(3,(4,(5,6)))); -4538.28  -1.02288 27.1814 13.4897 9255.31
(1,(2,3),(4,(5,6))); -4542.86  -1.22024 27.3448 13.9511 9251.22
(1,(2,3),(4,(5,6))); -4540.37  -1.22024 27.6967 13.0562 9252.46
(1,2,(3,(4,(5,6)))); -4537.97  -1.02288 27.9707 12.9777 9254.32
(1,(2,3),((4,6),5)); -4545.07  -1.89379 28.9196 13.1982 9247.36
(1,(2,3),(4,(5,6))); -4538.84  -1.22024 30.8714 13.4751 9251.24
(1,(2,3),((4,6),5)); -4544.84  -1.89379 30.2772 13.4775 9246.5
(1,2,(3,(4,(5,6)))); -4536.65  -1.02288 30.3433 13.7775 9254.06
(1,2,(3,(4,(5,6)))); -4539.67  -1.02288 27.2188 13.9872 9254.38
(1,2,(3,(4,(5,6)))); -4535.93  -1.02288 29.9804 13.8649 9255.24
(1,2,(3,(4,(5,6)))); -4538.62  -1.02288 25.9488 13.1608 9255.87
(1,(2,3),(4,(5,6))); -4542.29  -1.22024 26.7324 13.4659 9251.92
(1,2,(3,((4,6),5))); -4539.89  -1.69643 25.7492 13.7973 9256.11
(1,2,(3,((4,6),5))); -4535.96  -1.69643 30.2652 13.3648 9255.09
(1,(2,3),(4,(5,6))); -4537.83  -1.22024 31.8544 13.7751 9251.56
(1,2,(3,(4,(5,6)))); -4534.42  -1.02288 31.8181 13.5572 9254.59
(1,2,(3,((4,6),5))); -4536.01  -1.69643 30.2758 13.7031 9255.37
(1,2,(3,(4,(5,6)))); -4538.21  -1.02288 27.4085 13.2993 9254.96
(1,2,(3,(4,(5,6)))); -4537.47  -1.02288 27.7184 13.0539 9255.14
(1,2,(3,(4,(5,6)))); -4536.34  -1.02288 28.5773 13.433 9255.8
(1,2,(3,(4,(5,6)))); -4535.58  -1.02288 30.4712 13.7815 9255.01
(1,2,(3,((4,6),5))); -4539.73  -1.69643 28.1658 13.8621 9253.91
(1,2,(3,((4,6),5))); -4535.4  -1.69643 30.7707 13.7537 9255.54
(1,(2,3),(4,(5,6))); -4539.39  -1.22024 30.3822 13.6313 9251.33
(1,2,(3,((4,6),5))); -4535.5  -1.69643 30.8985 13.3808 9254.93
(1,(2,3),(4,(5,6))); -4540.71  -1.22024 29.7881 14.1615 9251.14
(1,(2,3),(4,(5,6))); -4541.44  -1.22024 28.2508 13.822 9251.61
(1,2,(3,((4,6),5))); -4536.04  -1.69643 30.2024 13.6254 9255.33
(1,2,(3,(4,(5,6)))); -4535.44  -1.02288 30.2864 13.4481 9255
(1,(2,3),((4,6),5)); -4542.48  -1.89379 32.4114 13.5717 9246.83
(1,2,(3,((4,6),5))); -4538.57  -1.69643 28.9524 13.8228 9254.25
(1,2,(3,(4,(5,6)))); -4537  -1.02288 29.8235 13.8675 9254.32
(1,(2,((4,6),5)),3); -4548.23  -5.62281 26.3879 14.19 9251.45
(1,2,(3,(4,(5,6)))); -4537.13  -1.02288 28.7204 13.2043 9254.63
(1,(2,3),(4,(5,6))); -4542.99  -1.22024 26.0759 13.0163 9251.43
(1,(2,3),(4,(5,6))); -4539.81  -1.22024 28.9619 13.3141 9252.01
(1,(2,3),(4,(5,6))); -4542.4  -1.22024 26.7784 13.0314 9251.33
(1,2,(3,((4,6),5))); -4536.15  -1.69643 29.2078 13.1427 9255.73
(1,(2,3),(4,(5,6))); -4538.57  -1.22024 30.3029 13.3645 9251.97
(1,2,(3,((4,6),5))); -4536.58  -1.69643 30.1415 13.682 9254.91
(1,(2,3),(4,(5,6))); -4540.2  -1.22024 29.8398 13.7828 9251.22
(1,(2,3),(4,(5,6))); -4540.54  -1.22024 30.5056 14.1122 9250.54
(1,2,(3,((4,6),5))); -4536.45  -1.69643 29.9162 13.712 9255.29
(1,(2,3),((4,6),5)); -4548.81  -1.89379 25.7359 13.1344 9246.73
(1,2,(3,((4,6),5))); -4534.1  -1.69643 32.1064 13.6362 9255.38
(1,(2,3),((4,6),5)); -4547.42  -1.89379 28.0684 13.5326 9246.19
(1,2,(3,(4,(5,6)))); -4535.9  -1.02288 29.4575 13.4988 9255.42
(1,(2,3),(4,(5,6))); -4541.88  -1.22024 27.5266 13.8474 9251.91
(1,2,(3,(4,(5,6)))); -4533.49  -1.02288 32.2228 13.4876 9255.05
(1,2,(3,(4,(5,6)))); -4538.78  -1.02288 26.503 12.6651 9254.66
(1,2,(3,((4,6),5))); -4537.37  -1.69643 29.2658 13.8838 9255.2
(1,2,(3,(4,(5,6)))); -4536.7  -1.02288 28.6748 13.3051 9255.21
(1,(2,3),(4,(5,6))); -4538.87  -1.22024 31.1193 13.7936 9251.28
(1,2,(3,((4,6),5))); -4537.44  -1.69643 28.8111 13.5832 9255.28
(1,(2,3),(4,(5,6))); -4549.52  -1.22024 21.7414 13.1435 9249.36
(1,(2,3),(4,(5,6))); -4539.4  -1.22024 29.1683 13.0946 9252
(1,(2,3),(4,(5,6))); -4537.48  -1.22024 32.3982 13.5696 9251.16
(1,(2,3),((4,6),5)); -4545.64  -1.89379 29.7832 14.0307 9246.76
(1,(2,3),(4,(5,6))); -4537.92  -1.22024 30.3781 13.2426 9252.42
(1,2,(3,(4,(5,6)))); -4537.6  -1.02288 28.0063 13.6795 9255.35
(1,(2,3),(4,(5,6))); -4539.82  -1.22024 29.9568 13.5969 9251.3
(1,2,(3,((4,6),5))); -4538.22  -1.69643 27.8837 13.3231 9255.17
(1,2,(3,(4,(5,6)))); -4535.05  -1.02288 31.0576 13.6219 9254.79
(1,(2,3),(4,(5,6))); -4538.91  -1.22024 30.409 13.5518 9251.71
(1,2,(3,((4,6),5))); -4536.68  -1.69643 30.3317 13.7615 9254.7
(1,(2,3),((4,6),5)); -4546.69  -1.89379 28.3294 13.3446 9246.48
(1,(2,3),(4,(5,6))); -4546.44  -1.22024 22.9976 13.5425 9251.58
(1,2,(3,(4,(5,6)))); -4535.99  -1.02288 30.8441 13.9483 9254.39
(1,(2,3),((4,6),5)); -4547.95  -1.89379 26.9641 13.3101 9246.54
(1,2,(3,(4,(5,6)))); -4537.86  -1.02288 28.0618 13.6153 9254.97
(1,2,(3,(4,(5,6)))); -4537.27  -1.02288 28.191 13.3875 9255.21
(1,(2,3),(4,(5,6))); -4539.38  -1.22024 29.319 12.9752 9251.75
(1,(2,3),(4,(5,6))); -4541.03  -1.22024 29.1364 13.8369 9251.15
(1,(2,3),((4,6),5)); -4545.06  -1.89379 30.0202 13.5687 9246.64
(1,(2,3),((4,6),5)); -4545.28  -1.89379 28.5865 13.4164 9247.7
(1,(2,3),(4,(5,6))); -4540.3  -1.22024 30.584 13.8872 9250.48
(1,2,(3,((4,6),5))); -4537.31  -1.69643 28.7505 13.7164 9255.6
(1,(2,3),(4,(5,6))); -4542.56  -1.22024 29.024 14.1293 9250.02
(1,2,(3,((4,6),5))); -4537.88  -1.69643 28.5135 13.5047 9255.07
(1,2,(3,(4,(5,6)))); -4537.89  -1.02288 27.5447 13.1976 9255.04
(1,2,(3,(4,(5,6)))); -4537.7  -1.02288 27.57 13.0074 9255.02
(1,(2,3),(4,(5,6))); -4540.97  -1.22024 28.3333 13.9261 9252.09
(1,2,(3,((4,6),5))); -4539.11  -1.69643 26.8999 13.4426 9255.38
(1,2,(3,(4,(5,6)))); -4540.05  -1.02288 24.8649 13.0219 9255.38
(1,2,(3,(4,(5,6)))); -4536.62  -1.02288 30.0239 13.6929 9254.32
(1,2,(3,((4,6),5))); -4533.97  -1.69643 31.5296 13.6549 9256.11
(1,(2,3),((4,6),5)); -4543.55  -1.89379 31.3371 13.464 9246.73
(1,2,(3,(4,(5,6)))); -4535.32  -1.02288 31.3447 13.4772 9254.09
(1,2,(3,(4,(5,6)))); -4536.14  -1.02288 29.3722 13.117 9254.89
(1,2,(3,(4,(5,6)))); -4537.16  -1.02288 28.6053 13.39 9254.9
(1,(2,3),((4,6),5)); -4547.04  -1.89379 27.9808 13.2559 9246.38
(1,2,(3,(4,(5,6)))); -4535.56  -1.02288 30.1579 13.6866 9255.25
(1,(2,3),(4,(5,6))); -4541.56  -1.22024 28.9215 13.9871 9250.98
(1,2,(3,(4,(5,6)))); -4537.99  -1.02288 27.2586 13.0772 9255.11
(1,(2,3),(4,(5,6))); -4537.43  -1.22024 31.4158 13.1459 9251.78
(1,2,(3,(4,(5,6)))); -4537.55  -1.02288 25.4976 12.9709 9257.2
(1,2,(3,((4,6),5))); -4535.69  -1.69643 30.9292 13.8221 9255.15
(1,2,(3,((4,6),5))); -4533.61  -1.69643 32.4694 13.4418 9255.31
(1,(2,3),(4,(5,6))); -4540.78  -1.22024 28.8018 13.842 9251.74
(1,2,(3,(4,(5,6)))); -4537.3  -1.02288 28.915 13.7682 9254.83
(1,2,(3,(4,(5,6)))); -4538.1  -1.02288 27.4623 13.2522 9254.97
(1,2,(3,(4,(5,6)))); -4535.84  -1.02288 29.9569 13.608 9255.09
(1,2,(3,((4,6),5))); -4533.64  -1.69643 32.2268 13.5429 9255.63
(1,2,(3,(4,(5,6)))); -4534.35  -1.02288 31.1846 13.3007 9255.05
(1,(2,3),((4,6),5)); -4550.81  -1.89379 23.0941 12.6913 9246.93
(1,2,(3,(4,(5,6)))); -4545  -1.02288 20.6969 13.2146 9254.8
(1,2,(3,(4,(5,6)))); -4535.72  -1.02288 28.1125 13.0753 9256.52
(1,(2,3),(4,(5,6))); -4540.19  -1.22024 29.6273 13.455 9251.12
(1,(2,3),((4,6),5)); -4544.45  -1.89379 29.5987 13.1806 9247.28
(1,(2,3),(4,(5,6))); -4540.29  -1.22024 29.1653 13.5705 9251.59
(1,2,(3,(4,(5,6)))); -4536.59  -1.02288 29.059 13.3608 9254.99
(1,(2,3),(4,(5,6))); -4539.91  -1.22024 29.5979 13.3621 9251.33
(1,(2,3),(4,(5,6))); -4540.32  -1.22024 29.1161 13.5795 9251.62
(1,2,(3,((4,6),5))); -4535.33  -1.69643 31.1888 13.5118 9254.95
(1,(2,3),(4,(5,6))); -4540.24  -1.22024 28.7975 13.1882 9251.62
(1,2,(3,((4,6),5))); -4534.7  -1.69643 31.2413 13.2663 9255.28
(1,(2,3),(4,(5,6))); -4537.7  -1.22024 31.0993 13.4083 9252.08
(1,2,(3,((4,6),5))); -4539  -1.69643 26.2579 13.0071 9255.7
(1,(2,3),((4,6),5)); -4545.96  -1.89379 27.9235 13.1675 9247.43
(1,2,(3,((4,6),5))); -4538.43  -1.69643 27.2622 13.2807 9255.54
(1,2,(3,(4,(5,6)))); -4537.85  -1.02288 27.3652 13.0156 9255.08
(1,2,(3,(4,(5,6)))); -4533.6  -1.02288 32.3007 13.4774 9254.85
(1,(2,3),((4,6),5)); -4544.04  -1.89379 30.7166 13.6009 9246.99
(1,(2,3),((4,6),5)); -4544.19  -1.89379 31.3455 13.7312 9246.34
(1,2,(3,((4,6),5))); -4539.52  -1.69643 27.8803 13.9423 9254.49
(1,2,(3,((4,6),5))); -4540.04  -1.69643 26.6463 13.6694 9254.94
(1,(2,3),((4,6),5)); -4544.99  -1.89379 29.8564 13.3428 9246.65
(1,2,(3,((4,6),5))); -4538  -1.69643 29.2166 14.156 9254.89
(1,2,(3,((4,6),5))); -4536.12  -1.69643 30.2208 13.4693 9255.08
(1,2,(3,(4,(5,6)))); -4534.68  -1.02288 31.3725 13.7149 9254.94
(1,2,(3,((4,6),5))); -4534.45  -1.69643 32.0725 13.5508 9254.98
(1,2,(3,((4,6),5))); -4533.58  -1.69643 32.0342 13.3284 9255.67
(1,(2,3),(4,(5,6))); -4540.17  -1.22024 28.2449 13.3741 9252.43
(1,(2,3),((4,6),5)); -4547.81  -1.89379 27.3717 13.5408 9246.51
(1,(2,3),(4,(5,6))); -4540.49  -1.22024 28.9161 13.1866 9251.25
(1,(2,3),((4,6),5)); -4544.67  -1.89379 29.4467 13.3652 9247.4
(1,(2,3),((4,6),5)); -4543.97  -1.89379 29.9216 13.0355 9247.29
(1,2,(3,((4,6),5))); -4540.09  -1.69643 27.0205 13.822 9254.66
(1,(2,3),(4,(5,6))); -4541.38  -1.22024 27.1114 13.5446 9252.53
(1,2,(3,(4,(5,6)))); -4535.68  -1.02288 29.8626 13.4506 9255.18
(1,2,(3,(4,(5,6)))); -4542.58  -1.02288 22.9277 13.1563 9254.93
(1,(2,(4,(5,6))),3); -4541.9  -4.94926 29.8264 14.2524 9253.73
(1,2,(3,(4,(5,6)))); -4538.03  -1.02288 27.6834 13.3099 9254.87
(1,2,(3,(4,(5,6)))); -4534.99  -1.02288 31.455 13.7115 9254.54
(1,2,(3,((4,6),5))); -4542.58  -1.69643 23.2403 12.736 9254.86
(1,(2,3),(4,(5,6))); -4540.72  -1.22024 28.4873 13.4308 9251.7
(1,2,(3,(4,(5,6)))); -4539.94  -1.02288 26.1632 13.705 9254.88
(1,2,(3,((4,6),5))); -4535.16  -1.69643 32.1015 13.8966 9254.58
(1,2,(3,((4,6),5))); -4540.53  -1.69643 25.3593 13.3046 9255.36
(1,2,(3,(4,(5,6)))); -4537.25  -1.02288 28.358 12.9582 9254.63
(1,2,(3,((4,6),5))); -4535.62  -1.69643 30.2948 13.4277 9255.46
(1,2,(3,(4,(5,6)))); -4536.76  -1.02288 28.7503 13.1095 9254.88
(1,(2,3),(4,(5,6))); -4539.72  -1.22024 29.1702 13.1635 9251.74
(1,(2,3),((4,6),5)); -4545.68  -1.89379 28.3929 13.0976 9247.17
(1,2,(3,(4,(5,6)))); -4535.74  -1.02288 29.4893 13.1978 9255.25
(1,(2,3),(4,(5,6))); -4541.31  -1.22024 29.7659 13.9336 9250.33
(1,(2,3),(4,(5,6))); -4544.45  -1.22024 26.3027 13.5845 9250.3
(1,(2,3),((4,6),5)); -4544.04  -1.89379 30.677 13.641 9247.07
(1,(2,3),(4,(5,6))); -4540.93  -1.22024 28.2148 13.6287 9251.96
(1,2,(3,(4,(5,6)))); -4536.55  -1.02288 28.8173 13.1728 9255.08
(1,(2,3),(4,(5,6))); -4541.38  -1.22024 28.0836 13.3565 9251.37
(1,(2,3),((4,6),5)); -4547.79  -1.89379 25.9585 13.1654 9247.56
(1,(2,3),((4,6),5)); -4545.28  -1.89379 28.8923 13.4167 9247.39
(1,2,(3,(4,(5,6)))); -4535.43  -1.02288 30.1753 13.3082 9254.98
(1,2,(3,(4,(5,6)))); -4536.89  -1.02288 30.8974 13.9877 9253.48
(1,2,(3,((4,6),5))); -4538.58  -1.69643 27.793 13.5563 9255.13
(1,(2,3),((4,6),5)); -4545.67  -1.89379 28.9854 13.3853 9246.88
(1,2,(3,(4,(5,6)))); -4539.6  -1.02288 27.1416 14.012 9254.54
(1,2,(3,((4,6),5))); -4537  -1.69643 29.7196 14.0855 9255.31
(1,(2,3),(4,(5,6))); -4542.5  -1.22024 26.4917 13.5267 9252.01
(1,(2,3),(4,(5,6))); -4540.14  -1.22024 30.4255 13.8655 9250.78
(1,(2,3),(4,(5,6))); -4540.65  -1.22024 30.1491 13.9091 9250.58
(1,2,(3,(4,(5,6)))); -4536.82  -1.02288 29.8508 13.9516 9254.56
(1,2,(3,(4,(5,6)))); -4536.27  -1.02288 29.893 13.4682 9254.58
(1,2,(3,(4,(5,6)))); -4536.71  -1.02288 28.8995 13.2543 9254.92
(1,2,(3,((4,6),5))); -4535.56  -1.69643 30.2162 13.3503 9255.53
(1,(2,(4,(5,6))),3); -4540.49  -4.94926 28.7287 13.6101 9255.6
(1,(2,3),(4,(5,6))); -4541.78  -1.22024 27.7512 13.3224 9251.26
(1,2,(3,(4,(5,6)))); -4538.94  -1.02288 27.3954 13.9423 9254.89
(1,2,(3,(4,(5,6)))); -4535.31  -1.02288 30.4591 13.5483 9255.05
(1,2,(3,((4,6),5))); -4534.41  -1.69643 31.5566 13.4475 9255.43
(1,(2,3),(4,(5,6))); -4540.28  -1.22024 29.6173 13.6667 9251.24
(1,(2,3),((4,6),5)); -4546.72  -1.89379 27.1952 13.2319 9247.47
(1,2,(3,(4,(5,6)))); -4536.06  -1.02288 30.4542 13.8158 9254.58
(1,2,(3,(4,(5,6)))); -4534.07  -1.02288 31.6905 13.4237 9254.94
(1,2,(3,((4,6),5))); -4538.98  -1.69643 27.0148 13.5076 9255.46
(1,(2,3),(4,(5,6))); -4544.4  -1.22024 26.9792 13.9709 9250.07
(1,2,(3,(4,(5,6)))); -4535.28  -1.02288 29.849 13.2257 9255.37
(1,2,(3,((4,6),5))); -4538.05  -1.69643 27.6487 13.3706 9255.62
(1,(2,3),(4,(5,6))); -4539.71  -1.22024 29.389 13.2437 9251.62
(1,2,(3,(4,(5,6)))); -4538.36  -1.02288 26.5575 13.3605 9255.72
(1,2,(3,((4,6),5))); -4534.88  -1.69643 31.3432 13.6315 9255.36
(1,2,(3,(4,(5,6)))); -4535.92  -1.02288 29.5013 13.5527 9255.41
(1,(2,3),(4,(5,6))); -4539.04  -1.22024 29.5917 12.9796 9251.82
(1,2,(3,(4,(5,6)))); -4535.6  -1.02288 30.5036 13.6749 9254.85
(1,(2,3),(4,(5,6))); -4544.59  -1.22024 25.9801 13.8267 9250.73
(1,(2,3),(4,(5,6))); -4539.89  -1.22024 28.8901 13.0995 9251.79
(1,2,(3,(4,(5,6)))); -4546.04  -1.02288 19.7447 12.8088 9254.3
(1,2,(3,((4,6),5))); -4537.02  -1.69643 29.1346 13.5087 9255.3
(1,2,(3,(4,(5,6)))); -4533.96  -1.02288 32.0072 13.5416 9254.85
(1,(2,(4,(5,6))),3); -4541.48  -4.94926 27.6398 13.1709 9255.25
(1,2,(3,(4,(5,6)))); -4534.48  -1.02288 32.1521 13.7348 9254.38
(1,2,(3,(4,(5,6)))); -4535.68  -1.02288 31.4294 13.6752 9253.84
(1,2,(3,(4,(5,6)))); -4534.8  -1.02288 30.7362 13.4667 9255.21
(1,(2,3),((4,6),5)); -4545.8  -1.89379 29.8249 14.017 9246.54
(1,2,(3,(4,(5,6)))); -4537.09  -1.02288 28.8824 13.5227 9254.83
(1,2,(3,(4,(5,6)))); -4535.19  -1.02288 29.8983 13.3182 9255.51
(1,2,(3,(4,(5,6)))); -4536.92  -1.02288 30.1484 13.7953 9254
(1,2,(3,(4,(5,6)))); -4533.98  -1.02288 31.5863 13.3732 9255.08
(1,(2,3),(4,(5,6))); -4538.4  -1.22024 31.6531 13.8366 9251.26
(1,(2,3),(4,(5,6))); -4539.04  -1.22024 30.7036 13.5986 9251.33
(1,(2,3),(4,(5,6))); -4537.87  -1.22024 31.7597 13.4782 9251.32
(1,2,(3,(4,(5,6)))); -4534.93  -1.02288 31.4216 13.8818 9254.81
(1,(2,3),(4,(5,6))); -4539.77  -1.22024 30.0208 13.7358 9251.42
(1,(2,3),(4,(5,6))); -4541.34  -1.22024 29.211 14.0939 9251.02
(1,(2,3),((4,6),5)); -4547.1  -1.89379 27.8631 13.4662 9246.66
(1,(2,3),(4,(5,6))); -4541.92  -1.22024 26.8605 13.3646 9252.06
(1,2,(3,(4,(5,6)))); -4536.55  -1.02288 28.3595 13.1953 9255.56
(1,2,(3,(4,(5,6)))); -4537.25  -1.02288 27.9308 13.1778 9255.27
(1,2,(3,(4,(5,6)))); -4538.45  -1.02288 27.2291 13.0886 9254.69
(1,2,(3,((4,6),5))); -4537.23  -1.69643 30.437 14.121 9254.41
(1,2,(3,((4,6),5))); -4534.63  -1.69643 31.2039 13.6111 9255.73
(1,2,(3,((4,6),5))); -4535.74  -1.69643 30.4058 13.7081 9255.51
(1,(2,3),((4,6),5)); -4542.79  -1.89379 31.6497 13.3668 9247.07
(1,(2,3),(4,(5,6))); -4537.09  -1.22024 32.713 13.5807 9251.25
(1,(2,3),((4,6),5)); -4544.96  -1.89379 29.5083 13.3206 9247
(1,2,(3,(4,(5,6)))); -4539.18  -1.02288 27.8152 13.7436 9254.02
(1,2,(3,((4,6),5))); -4534.36  -1.69643 31.5836 13.4667 9255.48
(1,2,(3,((4,6),5))); -4536.55  -1.69643 29.194 13.1461 9255.35
(1,2,(3,(4,(5,6)))); -4538.59  -1.02288 28.2327 13.4942 9253.95
(1,2,(3,((4,6),5))); -4535.7  -1.69643 30.7569 13.5055 9255
(1,(2,3),(4,(5,6))); -4539.24  -1.22024 29.9286 13.6325 9251.94
(1,2,(3,((4,6),5))); -4540.22  -1.69643 25.7408 13.5588 9255.55
(1,2,(3,((4,6),5))); -4535.27  -1.69643 30.546 13.3335 9255.47
(1,(2,3),((4,6),5)); -4544.69  -1.89379 29.522 13.1165 9247.05
(1,(2,3),((4,6),5)); -4546.9  -1.89379 27.1878 13.1605 9247.23
(1,2,(3,((4,6),5))); -4534.47  -1.69643 30.8424 13.1393 9255.78
(1,2,(3,(4,(5,6)))); -4540.91  -1.02288 24.2225 12.984 9255.12
(1,2,(3,(4,(5,6)))); -4540.23  -1.02288 25.5289 13.4388 9254.96
(1,(2,3),(4,(5,6))); -4543.51  -1.22024 25.4649 13.274 9251.78
(1,2,(3,(4,(5,6)))); -4539.16  -1.02288 26.4847 13.2916 9254.92
(1,2,(3,(4,(5,6)))); -4534.9  -1.02288 30.4953 13.4319 9255.31
(1,(2,3),(4,(5,6))); -4540.39  -1.22024 28.6783 13.31 9251.72
(1,2,(3,((4,6),5))); -4536.47  -1.69643 29.4469 13.3574 9255.39
(1,2,(3,(4,(5,6)))); -4537.98  -1.02288 29.0768 13.8263 9254.05
(1,2,(3,(4,(5,6)))); -4535.46  -1.02288 29.7378 13.446 9255.52
(1,(2,3),((4,6),5)); -4545.1  -1.89379 28.8 12.9206 9247.17
(1,(2,3),((4,6),5)); -4543.61  -1.89379 30.2156 12.9211 9247.24
(1,2,(3,(4,(5,6)))); -4535.03  -1.02288 30.9901 13.56 9254.82
(1,2,(3,(4,(5,6)))); -4538.65  -1.02288 27.269 13.4197 9254.78
(1,2,(3,(4,(5,6)))); -4537.51  -1.02288 28.6476 13.8159 9254.94
(1,2,(3,((4,6),5))); -4537.62  -1.69643 30.1567 14.0015 9254.17
(1,(2,3),(4,(5,6))); -4542.98  -1.22024 26.715 13.4358 9251.22
(1,(2,3),(4,(5,6))); -4539.33  -1.22024 29.7757 13.1701 9251.54
(1,(2,(4,(5,6))),3); -4540.66  -4.94926 28.1562 13.2148 9255.6
(1,(2,3),((4,6),5)); -4545.43  -1.89379 29.7228 13.6151 9246.61
(1,2,(3,(4,(5,6)))); -4536.59  -1.02288 28.6796 13.4516 9255.45
(1,2,(3,(4,(5,6)))); -4536.03  -1.02288 29.7609 13.5278 9255.02
(1,(2,3),(4,(5,6))); -4539.02  -1.22024 30.2846 13.2921 9251.46
(1,(2,3),(4,(5,6))); -4538.06  -1.22024 31.4476 13.3982 9251.37
(1,(2,3),((4,6),5)); -4543.15  -1.89379 32.2099 13.6423 9246.43
(1,2,(3,(4,(5,6)))); -4536.71  -1.02288 29.0637 13.3832 9254.88
(1,(2,3),(4,(5,6))); -4538.65  -1.22024 31.3358 13.6765 9251.17
(1,(2,3),((4,6),5)); -4547.85  -1.89379 28.5486 14.0213 9245.77
(1,2,(3,(4,(5,6)))); -4535.36  -1.02288 29.9493 13.1352 9255.11
(1,(2,3),((4,6),5)); -4542.76  -1.89379 31.7972 13.4075 9247
(1,2,(3,(4,(5,6)))); -4534.84  -1.02288 30.9287 13.3852 9254.9
(1,2,(3,(4,(5,6)))); -4534.48  -1.02288 31.194 13.4293 9255.03
(1,(2,3),(4,(5,6))); -4538.18  -1.22024 31.0317 13.5796 9251.84
(1,2,(3,(4,(5,6)))); -4535.96  -1.02288 29.0205 12.9089 9255.21
(1,2,(3,((4,6),5))); -4538.28  -1.69643 27.7118 13.3569 9255.32
(1,(2,3),((4,6),5)); -4545.73  -1.89379 29.466 13.8387 9246.79
(1,(2,3),(4,(5,6))); -4538.4  -1.22024 30.6664 13.6615 9252.07
(1,2,(3,((4,6),5))); -4536.84  -1.69643 30.9456 13.9773 9254.14
(1,2,(3,((4,6),5))); -4536.87  -1.69643 29.4977 13.6042 9255.18
(1,2,(3,((4,6),5))); -4536.12  -1.69643 30.0722 13.6718 9255.43
(1,2,(3,(4,(5,6)))); -4536.07  -1.02288 30.9582 13.8425 9254.09
(1,(2,3),(4,(5,6))); -4540.26  -1.22024 30.2135 13.739 9250.74
(1,2,(3,(4,(5,6)))); -4534.49  -1.02288 31.5561 13.4843 9254.72
(1,(2,3),(4,(5,6))); -4536.94  -1.22024 32.6258 13.4916 9251.4
(1,2,(3,(4,(5,6)))); -4537.78  -1.02288 27.2841 13.0991 9255.32
(1,2,(3,((4,6),5))); -4536.01  -1.69643 29.9524 13.4101 9255.4
(1,2,(3,((4,6),5))); -4537.55  -1.69643 28.8081 13.3475 9254.94
(1,(2,3),((4,6),5)); -4543.78  -1.89379 30.4453 13.2197 9247.14
(1,2,(3,(4,(5,6)))); -4536.16  -1.02288 29.3092 13.4975 9255.31
(1,(2,3),(4,(5,6))); -4541.08  -1.22024 27.6238 12.8047 9251.58
(1,2,(3,((4,6),5))); -4537.85  -1.69643 28.489 13.434 9255.05
(1,(2,3),(4,(5,6))); -4544.69  -1.22024 24.454 13.0121 9251.34
(1,2,(3,((4,6),5))); -4539.8  -1.69643 27.0468 13.4369 9254.54
(1,(2,3),(4,(5,6))); -4540.94  -1.22024 28.6771 13.6819 9251.54
(1,2,(3,((4,6),5))); -4534.55  -1.69643 31.0129 13.2576 9255.65
(1,2,(3,(4,(5,6)))); -4539.95  -1.02288 25.0035 13.1759 9255.5
(1,(2,3),(4,(5,6))); -4538.55  -1.22024 30.6749 13.502 9251.75
(1,(2,3),((4,6),5)); -4544.11  -1.89379 29.8612 13.0907 9247.26
(1,2,(3,((4,6),5))); -4535.19  -1.69643 30.9416 13.6473 9255.47
(1,2,(3,(4,(5,6)))); -4539.29  -1.02288 25.9885 12.9771 9254.98
(1,2,(3,((4,6),5))); -4533.52  -1.69643 32.6174 13.559 9255.37
(1,2,(3,(4,(5,6)))); -4534.92  -1.02288 30.6399 13.3931 9255.11
(1,(2,3),(4,(5,6))); -4543.44  -1.22024 26.0833 13.4865 9251.43
(1,2,(3,(4,(5,6)))); -4533.65  -1.02288 31.7142 13.3766 9255.29
(1,2,(3,((4,6),5))); -4538.25  -1.69643 28.6289 13.6018 9254.67
(1,(2,3),((4,6),5)); -4542.73  -1.89379 31.5369 13.3205 9247.2
(1,2,(3,((4,6),5))); -4537.95  -1.69643 27.8241 13.2612 9255.44
(1,(2,3),(4,(5,6))); -4540.33  -1.22024 29.1676 13.7243 9251.7
(1,(2,3),(4,(5,6))); -4541.14  -1.22024 29.7615 14.2613 9250.83
(1,2,(3,(4,(5,6)))); -4538.73  -1.02288 27.4968 13.7528 9254.8
(1,(2,3),(4,(5,6))); -4541.69  -1.22024 28.4531 13.894 9251.23
(1,2,(3,(4,(5,6)))); -4536.41  -1.02288 29.8029 13.606 9254.67
(1,2,(3,((4,6),5))); -4534.73  -1.69643 31.4679 13.3905 9255.15
(1,2,(3,(4,(5,6)))); -4537.83  -1.02288 27.6479 13.3118 9255.11
(1,(2,3),(4,(5,6))); -4538.54  -1.22024 30.6979 13.522 9251.76
(1,2,(3,(4,(5,6)))); -4535.45  -1.02288 30.2713 13.5915 9255.15
(1,2,(3,(4,(5,6)))); -4535.68  -1.02288 30.513 13.6194 9254.7
(1,2,(3,(4,(5,6)))); -4536.24  -1.02288 30.4673 13.8326 9254.4
(1,(2,3),(4,(5,6))); -4541.62  -1.22024 28.2103 13.4123 9251.05
(1,(2,3),(4,(5,6))); -4537.52  -1.22024 31.8414 13.3932 9251.51
(1,(2,3),((4,6),5)); -4546.84  -1.89379 26.7784 13.2481 9247.78
(1,2,(3,((4,6),5))); -4540.99  -1.69643 26.4252 13.8812 9254.41
(1,2,(3,((4,6),5))); -4536.85  -1.69643 29.141 13.2705 9255.23
(1,(2,3),(4,(5,6))); -4542.36  -1.22024 27.2433 13.2251 9251.1
(1,2,(3,(4,(5,6)))); -4535.49  -1.02288 29.9509 13.4213 9255.26
(1,(2,3),(4,(5,6))); -4538.9  -1.22024 30.8661 13.5656 9251.28
(1,2,(3,(4,(5,6)))); -4539.68  -1.02288 26.3085 13.9187 9255.2
(1,(2,3),(4,(5,6))); -4541.97  -1.22024 26.7211 12.9511 9251.73
(1,2,(3,(4,(5,6)))); -4537.68  -1.02288 27.9037 13.1079 9254.8
(1,(2,3),((4,6),5)); -4545.23  -1.89379 29.2954 13.038 9246.66
(1,2,(3,(4,(5,6)))); -4535.61  -1.02288 29.3601 13.0737 9255.38
(1,2,(3,(4,(5,6)))); -4538.02  -1.02288 27.6126 13.1571 9254.8
(1,(2,3),((4,6),5)); -4550.85  -1.89379 23.3423 12.4479 9246.41
(1,(2,3),(4,(5,6))); -4539.66  -1.22024 31.5156 13.9374 9250.23
(1,2,(3,(4,(5,6)))); -4535.02  -1.02288 31.2672 13.7509 9254.74
(1,2,(3,((4,6),5))); -4539.09  -1.69643 28.1891 14.139 9254.81
(1,(2,3),((4,6),5)); -4544.14  -1.89379 29.9109 13.5443 9247.64
(1,(2,3),((4,6),5)); -4547.94  -1.89379 26.7168 13.4718 9246.96
(1,2,(3,(4,(5,6)))); -4537.54  -1.02288 28.0677 13.0954 9254.77
(1,2,(3,(4,(5,6)))); -4536.29  -1.02288 30.5498 13.8748 9254.31
(1,(2,3),((4,6),5)); -4549.8  -1.89379 28.0367 14.0224 9244.33
(1,2,(3,((4,6),5))); -4536.58  -1.69643 29.8273 13.4915 9255.03
(1,2,(3,(4,(5,6)))); -4534.74  -1.02288 30.8264 13.4833 9255.19
(1,2,(3,((4,6),5))); -4535.99  -1.69643 29.4473 13.4314 9255.94
(1,2,(3,(4,(5,6)))); -4535.35  -1.02288 30.5433 13.2813 9254.66
(1,2,(3,(4,(5,6)))); -4534.05  -1.02288 31.0231 13.2259 9255.43
(1,(2,3),(4,(5,6))); -4541.95  -1.22024 27.5279 13.671 9251.67
(1,(2,3),((4,6),5)); -4547.96  -1.89379 26.3825 13.2153 9247.02
(1,(2,3),(4,(5,6))); -4543.09  -1.22024 26.611 13.6459 9251.42
(1,(2,3),((4,6),5)); -4542.86  -1.89379 31.3362 13.1011 9247.05
(1,2,(3,(4,(5,6)))); -4536.85  -1.02288 28.8723 13.3717 9254.92
(1,(2,3),((4,6),5)); -4545.21  -1.89379 29.2233 13.259 9246.97
(1,2,(3,(4,(5,6)))); -4535.18  -1.02288 30.7149 13.5314 9254.91
(1,2,(3,((4,6),5))); -4534.74  -1.69643 31.3013 13.3143 9255.23
(1,(2,3),(4,(5,6))); -4540.24  -1.22024 29.6252 13.7818 9251.39
(1,(2,3),(4,(5,6))); -4538.29  -1.22024 30.8146 13.4366 9251.81
(1,2,(3,(4,(5,6)))); -4539.16  -1.02288 27.1963 13.7728 9254.7
(1,2,(3,((4,6),5))); -4540  -1.69643 26.1897 13.8292 9255.59
(1,2,(3,(4,(5,6)))); -4535.79  -1.02288 30.8639 13.8371 9254.46
(1,(2,3),(4,(5,6))); -4538.02  -1.22024 31.5472 13.6913 9251.6
(1,(2,3),((4,6),5)); -4543.61  -1.89379 31.2721 13.4199 9246.68
(1,(2,3),((4,6),5)); -4543.76  -1.89379 31.296 13.491 9246.58
(1,2,(3,(4,(5,6)))); -4534.73  -1.02288 31.7744 13.4703 9254.24
(1,2,(3,(4,(5,6)))); -4541.4  -1.02288 25.1876 14.0698 9254.76
(1,2,(3,(4,(5,6)))); -4537.5  -1.02288 28.4585 13.6724 9254.99
(1,2,(3,((4,6),5))); -4541.08  -1.69643 27.309 13.9334 9253.49
(1,2,(3,(4,(5,6)))); -4535.76  -1.02288 29.4751 13.3295 9255.38
(1,(2,3),(4,(5,6))); -4537.47  -1.22024 32.5206 13.7102 9251.2
(1,2,(3,(4,(5,6)))); -4536.97  -1.02288 27.8766 13.2609 9255.69
(1,(2,3),((4,6),5)); -4546.53  -1.89379 28.4739 13.3108 9246.46
(1,(2,3),(4,(5,6))); -4543.49  -1.22024 25.3766 13.1566 9251.76
(1,2,(3,((4,6),5))); -4536.59  -1.69643 28.4787 13.2114 9256.09
(1,(2,3),(4,(5,6))); -4543.54  -1.22024 25.3701 13.2046 9251.76
(1,2,(3,(4,(5,6)))); -4539.33  -1.02288 25.83 12.9379 9255.05
(1,(2,3),(4,(5,6))); -4541.54  -1.22024 27.9516 13.1761 9251.16
(1,(2,3),(4,(5,6))); -4539.32  -1.22024 29.9095 13.4268 9251.67
(1,(2,3),(4,(5,6))); -4550.86  -1.22024 20.5248 13.5109 9249.6
(1,(2,3),(4,(5,6))); -4542.31  -1.22024 27.2405 13.4734 9251.4
(1,2,(3,((4,6),5))); -4541.06  -1.69643 25.7863 13.6436 9254.75
(1,2,(3,((4,6),5))); -4537.64  -1.69643 27.5653 13.0821 9255.83
(1,(2,3),(4,(5,6))); -4537.67  -1.22024 31.355 13.6089 9252.06
(1,2,(3,((4,6),5))); -4534.37  -1.69643 31.8618 13.683 9255.4
(1,(2,3),((4,6),5)); -4545.45  -1.89379 29.2614 13.328 9246.76
(1,2,(3,((4,6),5))); -4538.18  -1.69643 29.1374 13.7368 9254.37
(1,2,(3,(4,(5,6)))); -4535.38  -1.02288 30.0127 13.2577 9255.14
(1,(2,((4,6),5)),3); -4542.12  -5.62281 30.0043 13.4054 9253.16
(1,2,(3,(4,(5,6)))); -4534.08  -1.02288 32.2155 13.6169 9254.6
(1,2,(3,((4,6),5))); -4536.66  -1.69643 29.5443 13.5922 9255.34
(1,(2,3),(4,(5,6))); -4541.3  -1.22024 29.0579 14.0142 9251.13
(1,2,(3,(4,(5,6)))); -4534.03  -1.02288 31.3306 13.2737 9255.19
(1,(2,3),(4,(5,6))); -4538.11  -1.22024 31.753 13.697 9251.31
(1,(2,3),(4,(5,6))); -4541.52  -1.22024 26.9715 13.1974 9252.18
(1,(2,3),((4,6),5)); -4548.46  -1.89379 26.724 13.4901 9246.45
(1,2,(3,(4,(5,6)))); -4536.2  -1.02288 29.8043 13.7128 9254.99
(1,(2,3),(4,(5,6))); -4540.79  -1.22024 30.1261 13.7868 9250.35
(1,(2,3),(4,(5,6))); -4541.6  -1.22024 28.4696 13.823 9251.22
(1,2,(3,((4,6),5))); -4536.71  -1.69643 29.8969 13.8801 9255.22
(1,2,(3,(4,(5,6)))); -4538.34  -1.02288 26.813 13.252 9255.38
(1,(2,3),((4,6),5)); -4542.75  -1.89379 31.8574 13.5469 9247.09
(1,2,(3,(4,(5,6)))); -4539.58  -1.02288 25.6927 12.7327 9254.74
(1,2,(3,(4,(5,6)))); -4539.22  -1.02288 26.6907 13.7553 9255.12
(1,2,(3,(4,(5,6)))); -4534.96  -1.02288 30.3105 13.3239 9255.33
(1,2,(3,(4,(5,6)))); -4537.91  -1.02288 27.5662 13.5412 9255.34
(1,(2,3),(4,(5,6))); -4544.58  -1.22024 25.3977 14.2179 9251.72
(1,(2,3),(4,(5,6))); -4539.31  -1.22024 29.3531 12.9672 9251.78
(1,2,(3,(4,(5,6)))); -4539.2  -1.02288 25.5349 13.1386 9255.68
(1,2,(3,(4,(5,6)))); -4538.23  -1.02288 27.698 13.1898 9254.54
(1,(2,3),((4,6),5)); -4543.52  -1.89379 31.9134 13.7488 9246.46
(1,(2,3),(4,(5,6))); -4539.01  -1.22024 30.0941 13.7155 9252.09
(1,(2,3),((4,6),5)); -4544.75  -1.89379 29.3963 13.2009 9247.2
(1,(2,3),(4,(5,6))); -4539.23  -1.22024 28.4331 13.2547 9253.07
(1,(2,3),(4,(5,6))); -4540.87  -1.22024 29.6534 14.0831 9251.03
(1,(2,3),(4,(5,6))); -4539.54  -1.22024 29.8987 13.3429 9251.38
(1,2,(3,((4,6),5))); -4533.79  -1.69643 32.1547 13.493 9255.5
(1,2,(3,(4,(5,6)))); -4536.1  -1.02288 29.4348 13.0141 9254.75
(1,2,(3,(4,(5,6)))); -4535.49  -1.02288 30.8564 13.5438 9254.47
(1,(2,3),(4,(5,6))); -4537.21  -1.22024 32.6188 13.7385 9251.38
(1,2,(3,(4,(5,6)))); -4536.9  -1.02288 29.094 13.2682 9254.56
(1,(2,(4,(5,6))),3); -4540.31  -4.94926 29.4331 13.4802 9254.94
(1,2,(3,((4,6),5))); -4539.34  -1.69643 28.3388 14.0206 9254.3
(1,2,(3,(4,(5,6)))); -4541.1  -1.02288 23.377 13.5517 9256.35
(1,2,(3,(4,(5,6)))); -4533.38  -1.02288 32.0376 13.4842 9255.34
(1,(2,3),(4,(5,6))); -4538.68  -1.22024 30.0708 13.0412 9251.77
(1,(2,3),((4,6),5)); -4546.2  -1.89379 28.7339 13.4663 9246.68
(1,2,(3,((4,6),5))); -4535.13  -1.69643 30.8339 13.672 9255.66
(1,(2,3),((4,6),5)); -4545.17  -1.89379 30.0336 13.7245 9246.67
(1,(2,3),(4,(5,6))); -4541.98  -1.22024 29.6041 13.8338 9249.72
(1,(2,3),((4,6),5)); -4547.12  -1.89379 28.2418 13.7096 9246.5
(1,(2,3),((4,6),5)); -4548.53  -1.89379 27.1815 13.3046 9245.74
(1,(2,3),(4,(5,6))); -4544.07  -1.22024 23.5344 13.0381 9252.9
(1,2,(3,(4,(5,6)))); -4537.98  -1.02288 27.5664 13.3635 9255.09
(1,2,(3,(4,(5,6)))); -4535.23  -1.02288 30.1007 13.6499 9255.6
(1,2,(3,(4,(5,6)))); -4535.67  -1.02288 30.2992 13.4705 9254.78
(1,2,(3,(4,(5,6)))); -4533.59  -1.02288 32.5175 13.6896 9254.86
(1,(2,3),(4,(5,6))); -4542.46  -1.22024 25.5909 12.9834 9252.41
(1,2,(3,(4,(5,6)))); -4537.47  -1.02288 28.6936 13.6664 9254.78
(1,(2,3),((4,6),5)); -4542.6  -1.89379 32.4797 13.5541 9246.63
(1,2,(3,(4,(5,6)))); -4538.78  -1.02288 26.0274 13.2348 9255.71
(1,(2,3),((4,6),5)); -4543.8  -1.89379 31.3905 13.6117 9246.57
(1,(2,3),((4,6),5)); -4543.2  -1.89379 31.6553 13.469 9246.76
(1,2,(3,(4,(5,6)))); -4536.46  -1.02288 29.4706 13.3263 9254.67
(1,2,(3,(4,(5,6)))); -4535.1  -1.02288 30.4987 13.5721 9255.25
(1,2,(3,(4,(5,6)))); -4539.6  -1.02288 26.8353 13.9923 9254.83
(1,2,(3,((4,6),5))); -4534.87  -1.69643 31.2671 13.755 9255.57
(1,(2,3),(4,(5,6))); -4547.13  -1.22024 21.9873 12.7628 9251.12
(1,(2,3),(4,(5,6))); -4542.26  -1.22024 27.0851 13.5574 9251.68
(1,(2,3),((4,6),5)); -4543.03  -1.89379 30.7387 13.2059 9247.58
(1,2,(3,(4,(5,6)))); -4538.57  -1.02288 26.696 13.4628 9255.48
(1,2,(3,((4,6),5))); -4536.79  -1.69643 29.65 13.6442 9255.15
(1,2,(3,((4,6),5))); -4536.83  -1.69643 29.2333 13.6488 9255.54
(1,(2,3),(4,(5,6))); -4540.42  -1.22024 28.1533 13.3706 9252.27
(1,2,(3,(4,(5,6)))); -4538.88  -1.02288 26.341 13.52 9255.58
(1,(2,3),((4,6),5)); -4545.32  -1.89379 29.9027 13.6991 9246.63
(1,2,(3,(4,(5,6)))); -4536.85  -1.02288 28.8427 13.731 9255.31
(1,(2,3),((4,6),5)); -4543.64  -1.89379 30.5541 13.3647 9247.32
(1,2,(3,((4,6),5))); -4541.29  -1.69643 27.0267 14.2993 9253.94
(1,(2,3),(4,(5,6))); -4539.61  -1.22024 29.0734 12.9423 9251.73
(1,(2,3),(4,(5,6))); -4542.18  -1.22024 26.855 13.2137 9251.65
(1,2,(3,((4,6),5))); -4538.2  -1.69643 28.3418 13.6178 9255.02
(1,2,(3,(4,(5,6)))); -4534.3  -1.02288 31.8357 13.6572 9254.79
(1,(2,3),(4,(5,6))); -4540.93  -1.22024 28.3835 13.1112 9251.27
(1,2,(3,(4,(5,6)))); -4535.1  -1.02288 30.6394 13.5243 9255.06
(1,2,(3,(4,(5,6)))); -4534.59  -1.02288 31.2661 13.2143 9254.63
(1,(2,3),(4,(5,6))); -4538.87  -1.22024 30.5447 13.6545 9251.71
(1,2,(3,((4,6),5))); -4537.35  -1.69643 28.8682 13.7919 9255.53
(1,(2,3),(4,(5,6))); -4538.26  -1.22024 30.8422 13.3846 9251.75
(1,(2,3),((4,6),5)); -4546.24  -1.89379 29.0912 13.9211 9246.74
(1,2,(3,(4,(5,6)))); -4538.88  -1.02288 27.2704 13.761 9254.89
(1,(2,3),(4,(5,6))); -4537.04  -1.22024 32.1114 13.4485 9251.78
(1,2,(3,((4,6),5))); -4537.77  -1.69643 27.5579 13.1026 9255.72
(1,2,(3,(4,(5,6)))); -4535.84  -1.02288 30.1625 13.6086 9254.88
(1,(2,3),(4,(5,6))); -4539.85  -1.22024 29.8115 13.4144 9251.23
(1,2,(3,(4,(5,6)))); -4539.71  -1.02288 26.4795 13.7984 9254.89
(1,(2,3),(4,(5,6))); -4541.53  -1.22024 27.1144 13.3493 9252.18
(1,2,(3,(4,(5,6)))); -4541.25  -1.02288 24.5807 13.6184 9255.07
(1,2,(3,(4,(5,6)))); -4535.74  -1.02288 29.6198 13.2706 9255.19
(1,2,(3,(4,(5,6)))); -4537.12  -1.02288 28.435 13.3352 9255.06
(1,2,(3,((4,6),5))); -4534.19  -1.69643 31.8315 13.3476 9255.28
(1,(2,3),((4,6),5)); -4544.77  -1.89379 29.8513 13.2664 9246.79
(1,2,(3,(4,(5,6)))); -4537.94  -1.02288 27.5258 13.2991 9255.12
(1,(2,3),(4,(5,6))); -4538.26  -1.22024 30.9225 13.4999 9251.79
(1,2,(3,(4,(5,6)))); -4536.31  -1.02288 30.4598 13.8087 9254.31
(1,2,(3,((4,6),5))); -4539.73  -1.69643 26.4214 13.4289 9255.23
(1,(2,3),((4,6),5)); -4547.04  -1.89379 27.1517 13.5048 9247.46
(1,(2,3),(4,(5,6))); -4539.43  -1.22024 30.4641 13.6566 9251.23
(1,2,(3,(4,(5,6)))); -4537.41  -1.02288 28.8338 13.6382 9254.67
(1,(2,3),(4,(5,6))); -4540.65  -1.22024 29.0578 13.5588 9251.33
(1,2,(3,(4,(5,6)))); -4534.32  -1.02288 31.3003 13.5332 9255.19
(1,(2,3),((4,6),5)); -4547.23  -1.89379 28.0409 13.6467 9246.53
(1,2,(3,(4,(5,6)))); -4536.97  -1.02288 29.8249 13.9635 9254.45
(1,(2,3),((4,6),5)); -4544.87  -1.89379 30.154 13.6981 9246.82
(1,2,(3,(4,(5,6)))); -4534.65  -1.02288 31.1751 13.4725 9254.92
(1,2,(3,(4,(5,6)))); -4535.42  -1.02288 30.2285 13.4205 9255.05
(1,2,(3,(4,(5,6)))); -4541.69  -1.02288 24.0561 13.5544 9255.08
(1,2,(3,((4,6),5))); -4535.62  -1.69643 29.6587 12.897 9255.57
(1,2,(3,(4,(5,6)))); -4535.8  -1.02288 29.7902 13.6515 9255.34
(1,2,(3,(4,(5,6)))); -4538.14  -1.02288 27.0052 13.1393 9255.27
(1,(2,3),(4,(5,6))); -4540.25  -1.22024 28.8929 13.289 9251.62
(1,2,(3,(4,(5,6)))); -4534.32  -1.02288 31.1718 13.4087 9255.19
(1,2,(3,(4,(5,6)))); -4538.14  -1.02288 27.52 12.97 9254.59
(1,(2,3),(4,(5,6))); -4543.74  -1.22024 25.25 13.3832 9251.87
(1,2,(3,(4,(5,6)))); -4533.94  -1.02288 31.6939 13.3567 9255
(1,2,(3,((4,6),5))); -4537.44  -1.69643 29.8177 13.9281 9254.62
(1,(2,3),(4,(5,6))); -4541.87  -1.22024 28.1242 13.3503 9250.83
(1,(2,3),(4,(5,6))); -4540.34  -1.22024 30.0131 13.9613 9251.09
(1,2,(3,(4,(5,6)))); -4535.48  -1.02288 29.7248 13.1829 9255.26
(1,2,(3,((4,6),5))); -4539.83  -1.69643 26.6939 13.7886 9255.22
(1,2,(3,(4,(5,6)))); -4536.81  -1.02288 29.5701 13.7375 9254.64
(1,2,(3,(4,(5,6)))); -4537.99  -1.02288 28.2535 13.6194 9254.65
(1,2,(3,(4,(5,6)))); -4534.85  -1.02288 31.6526 13.5728 9254.34
(1,2,(3,(4,(5,6)))); -4536  -1.02288 30.258 13.9138 9254.94
(1,2,(3,(4,(5,6)))); -4534.72  -1.02288 31.4663 13.7372 9254.83
(1,2,(3,((4,6),5))); -4534.25  -1.69643 32.0172 13.6712 9255.36
(1,(2,3),((4,6),5)); -4545.48  -1.89379 28.8696 13.3578 9247.15
(1,(2,3),(4,(5,6))); -4539.8  -1.22024 28.9033 12.7786 9251.55
(1,(2,3),(4,(5,6))); -4538.91  -1.22024 30.1195 13.2 9251.65
(1,(2,3),((4,6),5)); -4545.35  -1.89379 28.2075 13.26 9247.85
(1,2,(3,((4,6),5))); -4538.87  -1.69643 28.4859 13.3177 9253.92
(1,2,(3,(4,(5,6)))); -4535.97  -1.02288 31.0586 14.019 9254.27
(1,2,(3,(4,(5,6)))); -4535.82  -1.02288 30.4406 13.7558 9254.78
(1,(2,3),(4,(5,6))); -4542.49  -1.22024 25.7895 13.291 9252.49
(1,(2,3),((4,6),5)); -4545.49  -1.89379 29.838 13.5375 9246.36
(1,(2,3),(4,(5,6))); -4537.38  -1.22024 31.5664 13.3877 9251.92
(1,(2,3),(4,(5,6))); -4538.93  -1.22024 30.7257 13.8014 9251.62
(1,2,(3,((4,6),5))); -4538.55  -1.69643 26.2461 13.1825 9256.34
(1,2,(3,((4,6),5))); -4535.23  -1.69643 30.8369 13.4165 9255.3
(1,2,(3,(4,(5,6)))); -4537.9  -1.02288 28.9168 13.498 9253.96
(1,2,(3,(4,(5,6)))); -4536.98  -1.02288 28.7793 13.5182 9255.04
(1,2,(3,(4,(5,6)))); -4535.71  -1.02288 29.9687 13.5641 9255.16
(1,(2,3),(4,(5,6))); -4542.8  -1.22024 28.8594 13.9692 9249.79
(1,(2,3),(4,(5,6))); -4539.4  -1.22024 29.893 13.6573 9251.84
(1,2,(3,((4,6),5))); -4536.44  -1.69643 30.4392 13.4351 9254.5
(1,2,(3,(4,(5,6)))); -4540.82  -1.02288 24.8509 13.1923 9254.8
(1,2,(3,(4,(5,6)))); -4536.02  -1.02288 30.107 13.4224 9254.58
(1,(2,3),(4,(5,6))); -4538.49  -1.22024 30.6079 13.5056 9251.88
(1,(2,3),(4,(5,6))); -4539.7  -1.22024 29.7659 13.5648 9251.58
(1,2,(3,(4,(5,6)))); -4534.69  -1.02288 30.5053 13.4117 9255.49
(1,2,(3,(4,(5,6)))); -4535.39  -1.02288 30.2473 13.3467 9254.99
(1,(2,3),((4,6),5)); -4544.18  -1.89379 30.9551 13.7034 9246.72
(1,(2,3),(4,(5,6))); -4542.14  -1.22024 28.0356 13.6892 9250.99
(1,(2,3),(4,(5,6))); -4543.71  -1.22024 26.1663 13.5383 9251.14
(1,2,(3,((4,6),5))); -4541.24  -1.69643 24.8978 14.0342 9255.85
(1,(2,3),(4,(5,6))); -4541.76  -1.22024 27.9158 13.3529 9251.15
(1,2,(3,((4,6),5))); -4534.86  -1.69643 31.1423 13.2655 9255.21
(1,(2,3),((4,6),5)); -4543.97  -1.89379 30.4058 13.2685 9247.04
(1,(2,3),(4,(5,6))); -4543.65  -1.22024 24.8979 13.4287 9252.36
(1,2,(3,((4,6),5))); -4534.69  -1.69643 31.265 13.2936 9255.29
(1,2,(3,((4,6),5))); -4537.11  -1.69643 28.7991 13.3404 9255.39
(1,(2,3),(4,(5,6))); -4542.49  -1.22024 26.8345 13.4754 9251.63
(1,(2,3),(4,(5,6))); -4539.73  -1.22024 30.276 13.7246 9251.19
(1,2,(3,((4,6),5))); -4538  -1.69643 27.3087 12.9582 9255.6
(1,(2,3),((4,6),5)); -4544  -1.89379 30.6748 13.4578 9246.93
(1,(2,3),((4,6),5)); -4544.91  -1.89379 30.1019 13.3304 9246.47
(1,2,(3,(4,(5,6)))); -4536.5  -1.02288 28.5794 13.4354 9255.63
(1,2,(3,((4,6),5))); -4540.76  -1.69643 24.4727 12.5357 9255.25
(1,(2,3),(4,(5,6))); -4541.05  -1.22024 28.2801 13.6493 9251.8
(1,2,(3,(4,(5,6)))); -4536.4  -1.02288 28.7008 13.4671 9255.64
(1,2,(3,(4,(5,6)))); -4535.26  -1.02288 30.906 13.3781 9254.49
(1,2,(3,((4,6),5))); -4538.55  -1.69643 27.4892 13.8602 9255.78
(1,(2,3),(4,(5,6))); -4543.61  -1.22024 24.5298 12.8909 9252.23
(1,(2,3),(4,(5,6))); -4542.17  -1.22024 27.3802 13.413 9251.33
(1,2,(3,(4,(5,6)))); -4535.37  -1.02288 29.9515 13.4462 9255.41
(1,(2,(4,(5,6))),3); -4542.08  -4.94926 27.4472 13.7048 9255.39
(1,(2,3),(4,(5,6))); -4539.39  -1.22024 29.4783 13.1975 9251.81
(1,2,(3,(4,(5,6)))); -4536.33  -1.02288 29.6606 13.7625 9255.05
(1,(2,3),((4,6),5)); -4542.51  -1.89379 32.2917 13.7288 9247.08
(1,(2,3),(4,(5,6))); -4542.44  -1.22024 26.9943 13.3868 9251.43
(1,2,(3,((4,6),5))); -4541.79  -1.69643 25.8401 14.3768 9254.69
(1,2,(3,((4,6),5))); -4537.67  -1.69643 28.3745 13.1248 9255.03
(1,2,(3,((4,6),5))); -4536.5  -1.69643 30.4938 13.948 9254.91
(1,(2,3),(4,(5,6))); -4539.39  -1.22024 29.5821 13.0664 9251.57
(1,2,(3,(4,(5,6)))); -4538.54  -1.02288 27.7304 13.7238 9254.73
(1,2,(3,((4,6),5))); -4537.6  -1.69643 28.3766 13.9513 9255.92
(1,(2,3),((4,6),5)); -4543.54  -1.89379 31.3251 13.5553 9246.84
(1,(2,3),((4,6),5)); -4544.86  -1.89379 28.9314 13.2806 9247.63
(1,2,(3,(4,(5,6)))); -4535.19  -1.02288 30.0207 13.4647 9255.53
(1,(2,3),(4,(5,6))); -4539.72  -1.22024 30.168 13.5697 9251.16
(1,(2,3),((4,6),5)); -4545.65  -1.89379 28.7306 13.4443 9247.21
(1,(2,3),((4,6),5)); -4543.52  -1.89379 31.9111 13.7007 9246.42
(1,2,(3,(4,(5,6)))); -4536.72  -1.02288 29.3254 13.5397 9254.78
(1,2,(3,(4,(5,6)))); -4540.3  -1.02288 25.7711 13.4565 9254.66
(1,(2,3),((4,6),5)); -4545.34  -1.89379 28.3685 12.9765 9247.42
(1,(2,3),(4,(5,6))); -4540  -1.22024 29.2791 13.1524 9251.35
(1,2,(3,((4,6),5))); -4539.16  -1.69643 27.8991 14.1963 9255.08
(1,(2,3),((4,6),5)); -4544.47  -1.89379 30.5692 13.4959 9246.6
(1,2,(3,(4,(5,6)))); -4537.94  -1.02288 28.4684 13.461 9254.33
(1,2,(3,(4,(5,6)))); -4543.35  -1.02288 24.2147 13.9226 9253.64
(1,(2,3),((4,6),5)); -4543.59  -1.89379 32.3885 13.7381 9245.9
(1,2,(3,(4,(5,6)))); -4540.31  -1.02288 25.1893 13.3022 9255.08
(1,(2,3),((4,6),5)); -4544.75  -1.89379 28.787 12.8744 9247.48
(1,2,(3,((4,6),5))); -4537.74  -1.69643 28.6199 13.4186 9255.01
(1,2,(3,(4,(5,6)))); -4534.89  -1.02288 31.6039 13.6828 9254.46
(1,(2,3),(4,(5,6))); -4540.76  -1.22024 27.9855 13.5047 9252.23
(1,2,(3,(4,(5,6)))); -4535.95  -1.02288 30.4891 13.7453 9254.58
(1,(2,3),(4,(5,6))); -4540.72  -1.22024 28.0137 13.1901 9251.93
(1,2,(3,(4,(5,6)))); -4534.88  -1.02288 30.9625 13.4281 9254.86
(1,(2,3),((4,6),5)); -4543.26  -1.89379 32.3007 13.6579 9246.25
(1,2,(3,(4,(5,6)))); -4537  -1.02288 28.6514 13.7363 9255.36
(1,2,(3,((4,6),5))); -4534.75  -1.69643 30.7494 13.399 9255.85
(1,(2,3),(4,(5,6))); -4539.76  -1.22024 28.8938 13.0354 9251.86
(1,2,(3,((4,6),5))); -4535.95  -1.69643 30.0997 13.6393 9255.54
(1,2,(3,((4,6),5))); -4534.64  -1.69643 31.7438 13.7236 9255.29
(1,2,(3,((4,6),5))); -4535.25  -1.69643 30.1837 13.2724 9255.79
(1,2,(3,((4,6),5))); -4537.19  -1.69643 30.6272 13.8719 9254
(1,2,(3,(4,(5,6)))); -4534.3  -1.02288 31.1769 13.2587 9255.06
(1,2,(3,(4,(5,6)))); -4536.34  -1.02288 29.6843 13.9665 9255.22
(1,2,(3,((4,6),5))); -4540.31  -1.69643 26.4383 13.6555 9254.86
(1,(2,3),((4,6),5)); -4548.16  -1.89379 25.4259 13.2551 9247.82
(1,2,(3,(4,(5,6)))); -4534.37  -1.02288 30.9938 13.5013 9255.42
(1,2,(3,((4,6),5))); -4536.55  -1.69643 30.4707 13.9761 9254.9
(1,2,(3,(4,(5,6)))); -4539.05  -1.02288 27.6994 13.7493 9254.28
(1,2,(3,((4,6),5))); -4543.48  -1.69643 22.4366 13.5779 9255.61
(1,(2,3),(4,(5,6))); -4539.62  -1.22024 29.8121 13.6279 9251.67
(1,(2,3),(4,(5,6))); -4538.36  -1.22024 30.618 13.4896 9251.99
(1,2,(3,(4,(5,6)))); -4536.54  -1.02288 27.7928 13.5142 9256.46
(1,(2,3),((4,6),5)); -4545.15  -1.89379 30.0184 13.6705 9246.65
(1,2,(3,(4,(5,6)))); -4537.37  -1.02288 28.3828 13.609 9255.13
(1,2,(3,(4,(5,6)))); -4539.6  -1.02288 25.8278 12.9618 9254.81
(1,2,(3,((4,6),5))); -4539.22  -1.69643 27.6018 13.7894 9254.92
(1,2,(3,(4,(5,6)))); -4537.72  -1.02288 29.2676 13.5087 9253.8
(1,2,(3,((4,6),5))); -4537.88  -1.69643 27.5929 13.4687 9255.95
(1,2,(3,(4,(5,6)))); -4537.78  -1.02288 27.0439 13.26 9255.71
(1,(2,3),((4,6),5)); -4545.19  -1.89379 29.031 13.2831 9247.21
(1,2,(3,((4,6),5))); -4537.14  -1.69643 28.8859 13.565 9255.49
(1,2,(3,(4,(5,6)))); -4536.61  -1.02288 29.2359 13.5472 9254.98
(1,2,(3,(4,(5,6)))); -4534.98  -1.02288 30.1727 13.3933 9255.52
(1,2,(3,(4,(5,6)))); -4536.45  -1.02288 28.8405 13.5434 9255.53
(1,2,(3,((4,6),5))); -4537.71  -1.69643 29.3341 13.561 9254.46
(1,(2,3),(4,(5,6))); -4538.47  -1.22024 31.5142 13.5857 9251.07
(1,(2,3),(4,(5,6))); -4542.62  -1.22024 25.5905 12.8315 9252.1
(1,(2,3),(4,(5,6))); -4542.7  -1.22024 25.7867 13.1742 9252.17
(1,2,(3,(4,(5,6)))); -4537.63  -1.02288 28.5512 13.533 9254.63
(1,2,(3,((4,6),5))); -4539.49  -1.69643 26.1582 13.0142 9255.32
(1,(2,3),(4,(5,6))); -4541.41  -1.22024 27.3229 13.0477 9251.79
(1,2,(3,((4,6),5))); -4537.07  -1.69643 28.4623 13.3345 9255.75
(1,2,(3,((4,6),5))); -4535.24  -1.69643 32.0008 13.9106 9254.62
(1,2,(3,(4,(5,6)))); -4535.48  -1.02288 30.4343 13.5041 9254.87
(1,(2,3),(4,(5,6))); -4541.7  -1.22024 27.0737 12.8579 9251.56
(1,2,(3,(4,(5,6)))); -4536.25  -1.02288 29.6288 13.5679 9254.97
(1,(2,3),(4,(5,6))); -4539.34  -1.22024 30.2742 13.3511 9251.21
(1,2,(3,((4,6),5))); -4534.83  -1.69643 31.4013 13.687 9255.4
(1,(2,3),((4,6),5)); -4551.4  -1.89379 23.5299 13.6183 9246.84
(1,2,(3,(4,(5,6)))); -4535.98  -1.02288 29.8821 13.5884 9255
(1,2,(3,((4,6),5))); -4535.15  -1.69643 30.9327 13.3585 9255.23
(1,(2,3),(4,(5,6))); -4541.13  -1.22024 28.4836 13.5928 9251.45
(1,(2,3),(4,(5,6))); -4538.75  -1.22024 30.6936 13.4995 9251.53
(1,(2,3),(4,(5,6))); -4541.94  -1.22024 28.4941 13.8664 9250.9
(1,2,(3,((4,6),5))); -4535.97  -1.69643 30.4849 13.4951 9254.99
(1,(2,(4,(5,6))),3); -4539.81  -4.94926 28.8611 13.0853 9255.62
(1,(2,3),(4,(5,6))); -4538.18  -1.22024 32.1739 13.6409 9250.76
(1,(2,3),(4,(5,6))); -4540.97  -1.22024 29.0508 13.7971 9251.25
(1,2,(3,(4,(5,6)))); -4536.02  -1.02288 29.7792 13.3347 9254.82
(1,2,(3,((4,6),5))); -4539.84  -1.69643 26.6229 13.1391 9254.62
(1,2,(3,(4,(5,6)))); -4535.24  -1.02288 30.9789 13.835 9254.9
(1,2,(3,((4,6),5))); -4534.12  -1.69643 32.046 13.5538 9255.33
(1,(2,3),(4,(5,6))); -4540.61  -1.22024 29.4546 13.9238 9251.33
(1,2,(3,((4,6),5))); -4537.39  -1.69643 28.9503 13.6371 9255.25
(1,2,(3,(4,(5,6)))); -4539.44  -1.02288 25.9929 13.2243 9255.07
(1,2,(3,(4,(5,6)))); -4534.21  -1.02288 31.4763 13.621 9255.21
(1,2,(3,(4,(5,6)))); -4539.63  -1.02288 26.0889 13.1866 9254.74
(1,2,(3,(4,(5,6)))); -4539.08  -1.02288 26.3186 13.4245 9255.3
(1,2,(3,((4,6),5))); -4535.31  -1.69643 31.0861 13.5466 9255.1
(1,2,(3,((4,6),5))); -4537.07  -1.69643 28.9967 13.8634 9255.74
(1,(2,3),(4,(5,6))); -4539.42  -1.22024 30.5479 13.5142 9251.02
(1,2,(3,(4,(5,6)))); -4537.18  -1.02288 27.8988 12.9818 9255.18
(1,2,(3,((4,6),5))); -4536.35  -1.69643 30.2573 13.8572 9255.2
(1,2,(3,((4,6),5))); -4538.74  -1.69643 26.8899 13.2983 9255.62
(1,(2,3),(4,(5,6))); -4543.09  -1.22024 26.1137 13.6619 9251.93
(1,2,(3,((4,6),5))); -4535.6  -1.69643 29.9657 13.3865 9255.77
(1,(2,3),((4,6),5)); -4548.43  -1.89379 25.9225 12.8709 9246.67
(1,2,(3,(4,(5,6)))); -4536.57  -1.02288 28.4317 13.0486 9255.32
(1,2,(3,(4,(5,6)))); -4544.66  -1.02288 20.8274 13.0943 9254.89
(1,2,(3,((4,6),5))); -4536.01  -1.69643 29.5845 13.5328 9255.89
(1,(2,3),((4,6),5)); -4547.81  -1.89379 26.3298 12.6092 9246.62
(1,(2,3),(4,(5,6))); -4539.46  -1.22024 29.2307 12.9927 9251.78
(1,(2,3),(4,(5,6))); -4540.35  -1.22024 28.8223 13.3823 9251.68
(1,(2,3),(4,(5,6))); -4543.19  -1.22024 25.533 13.4813 9252.23
(1,2,(3,(4,(5,6)))); -4536.79  -1.02288 29.6159 13.6866 9254.55
(1,2,(3,(4,(5,6)))); -4538.07  -1.02288 27.4712 13.3213 9255.06
(1,2,(3,((4,6),5))); -4536.46  -1.69643 29.8899 13.4699 9255.07
(1,(2,3),(4,(5,6))); -4548.03  -1.22024 20.942 13.1367 9251.64
(1,(2,3),(4,(5,6))); -4537.31  -1.22024 31.8753 13.3554 9251.65
(1,(2,3),(4,(5,6))); -4538.45  -1.22024 30.7315 13.4054 9251.7
(1,(2,3),(4,(5,6))); -4539.28  -1.22024 31.0717 13.7949 9250.92
(1,2,(3,(4,(5,6)))); -4538  -1.02288 28.0754 13.2205 9254.42
(1,(2,3),(4,(5,6))); -4540.61  -1.22024 29.7629 14.0268 9251.13
(1,(2,3),((4,6),5)); -4543.46  -1.89379 31.3284 13.4875 9246.85
(1,2,(3,(4,(5,6)))); -4539.85  -1.02288 25.9181 13.2975 9254.8
(1,2,(3,(4,(5,6)))); -4541.05  -1.02288 24.7566 13.6023 9255.07
(1,(2,3),(4,(5,6))); -4540.68  -1.22024 30.0637 13.7451 9250.48
(1,(2,3),((4,6),5)); -4549.15  -1.89379 24.4793 12.7404 9247.26
(1,(2,3),((4,6),5)); -4544.73  -1.89379 30.4523 13.6623 9246.63
(1,(2,3),((4,6),5)); -4546.48  -1.89379 27.0827 13.2431 9247.83
(1,2,(3,(4,(5,6)))); -4536.04  -1.02288 28.8347 13.5065 9255.91
(1,2,(3,(4,(5,6)))); -4537.1  -1.02288 27.1348 13.2265 9256.27
(1,2,(3,(4,(5,6)))); -4539.29  -1.02288 25.8171 13.3431 9255.52
(1,(2,3),(4,(5,6))); -4543.12  -1.22024 26.936 13.5247 9250.94
(1,2,(3,((4,6),5))); -4537.41  -1.69643 28.8256 13.4595 9255.18
(1,2,(3,((4,6),5))); -4536.15  -1.69643 29.6766 13.069 9255.19
(1,(2,3),(4,(5,6))); -4538.88  -1.22024 31.0184 13.6427 9251.22
(1,2,(3,((4,6),5))); -4540.36  -1.69643 24.8562 13.7651 9256.5
(1,2,(3,(4,(5,6)))); -4537.76  -1.02288 27.2163 13.038 9255.34
(1,(2,3),(4,(5,6))); -4543.72  -1.22024 25.2607 12.5818 9251.07
(1,2,(3,((4,6),5))); -4536.04  -1.69643 29.8477 13.2176 9255.28
(1,2,(3,(4,(5,6)))); -4538.73  -1.02288 26.396 12.9433 9255.1
(1,2,(3,(4,(5,6)))); -4536.59  -1.02288 29.8239 13.693 9254.55
(1,(2,3),(4,(5,6))); -4540.42  -1.22024 28.1924 13.3092 9252.17
(1,2,(3,(4,(5,6)))); -4536.65  -1.02288 29.0283 13.1793 9254.78
(1,(2,3),(4,(5,6))); -4540.89  -1.22024 28.5167 13.7071 9251.77
(1,(2,3),(4,(5,6))); -4538.12  -1.22024 31.4545 13.4055 9251.31
(1,(2,3),((4,6),5)); -4547.27  -1.89379 27.2816 13.3188 9246.92
(1,(2,3),(4,(5,6))); -4539.92  -1.22024 30.4908 13.8279 9250.89
(1,(2,3),(4,(5,6))); -4540.01  -1.22024 28.9147 13.0929 9251.64
(1,2,(3,(4,(5,6)))); -4536.45  -1.02288 30.5111 13.3388 9253.66
(1,2,(3,((4,6),5))); -4540.88  -1.69643 26.1485 13.8119 9254.74
(1,2,(3,((4,6),5))); -4538.98  -1.69643 26.5024 13.0089 9255.47
(1,2,(3,((4,6),5))); -4535.03  -1.69643 31.8775 13.7254 9254.77
(1,2,(3,(4,(5,6)))); -4539.54  -1.02288 25.0743 12.6743 9255.34
(1,(2,3),((4,6),5)); -4544.94  -1.89379 30.0738 13.4733 9246.61
(1,2,(3,(4,(5,6)))); -4535.34  -1.02288 30.0745 13.4125 9255.27
(1,2,(3,(4,(5,6)))); -4536.69  -1.02288 29.0467 13.3354 9254.88
(1,2,(3,(4,(5,6)))); -4535.62  -1.02288 30.5597 13.4945 9254.59
(1,2,(3,((4,6),5))); -4536.63  -1.69643 29.0149 13.4581 9255.77
(1,2,(3,((4,6),5))); -4539.71  -1.69643 25.8481 13.2627 9255.66
(1,2,(3,((4,6),5))); -4535.92  -1.69643 30.255 13.5433 9255.32
(1,2,(3,(4,(5,6)))); -4534.52  -1.02288 30.924 13.2483 9255.08
(1,(2,3),((4,6),5)); -4544.62  -1.89379 30.1078 13.4448 9246.86
(1,(2,3),(4,(5,6))); -4537.59  -1.22024 31.5704 13.2586 9251.58
(1,(2,3),(4,(5,6))); -4541.03  -1.22024 29.6424 13.775 9250.58
(1,(2,3),(4,(5,6))); -4542  -1.22024 27.6474 13.42 9251.25
(1,(2,3),((4,6),5)); -4544.35  -1.89379 29.8355 13.5442 9247.5
(1,2,(3,(4,(5,6)))); -4535.77  -1.02288 30.0136 13.4095 9254.9
(1,2,(3,((4,6),5))); -4537  -1.69643 29.0219 13.3585 9255.28
(1,2,(3,(4,(5,6)))); -4535.62  -1.02288 29.9975 13.6838 9255.34
(1,2,(3,((4,6),5))); -4534.94  -1.69643 31.8879 13.6635 9254.79
(1,(2,3),(4,(5,6))); -4542.99  -1.22024 26.218 13.1512 9251.42
(1,(2,3),(4,(5,6))); -4538.93  -1.22024 30.1255 13.3049 9251.73
(1,(2,3),(4,(5,6))); -4539.51  -1.22024 30.7653 13.6835 9250.88
(1,(2,3),(4,(5,6))); -4538.64  -1.22024 31.7085 13.823 9250.94
(1,(2,((4,6),5)),3); -4540.56  -5.62281 31.8035 13.5183 9253.03
(1,(2,3),(4,(5,6))); -4546.4  -1.22024 23.0694 13.855 9251.86
(1,2,(3,(4,(5,6)))); -4535.96  -1.02288 30.0143 13.6537 9254.95
(1,(2,3),((4,6),5)); -4544.32  -1.89379 29.4676 13.1021 9247.47
(1,2,(3,(4,(5,6)))); -4535.02  -1.02288 31.192 13.5329 9254.6
(1,(2,3),(4,(5,6))); -4540.89  -1.22024 27.4756 12.9367 9252.05
(1,2,(3,(4,(5,6)))); -4540.55  -1.02288 25.8304 13.6058 9254.5
(1,2,(3,(4,(5,6)))); -4537.49  -1.02288 28.3329 13.3786 9254.83
(1,(2,3),(4,(5,6))); -4539.48  -1.22024 29.9947 13.4309 9251.43
(1,(2,3),((4,6),5)); -4547.25  -1.89379 27.0991 13.265 9247.06
(1,(2,3),(4,(5,6))); -4542.36  -1.22024 28.3153 13.9982 9250.8
(1,(2,3),(4,(5,6))); -4538.65  -1.22024 30.3969 13.334 9251.76
(1,2,(3,(4,(5,6)))); -4539.3  -1.02288 26.115 12.7203 9254.58
(1,2,(3,((4,6),5))); -4535.44  -1.69643 29.8501 13.1214 9255.78
(1,2,(3,(4,(5,6)))); -4537.91  -1.02288 27.0381 13.1111 9255.44
(1,2,(3,((4,6),5))); -4535.61  -1.69643 31.4946 13.7641 9254.61
(1,(2,3),(4,(5,6))); -4540.45  -1.22024 29.7761 13.836 9251.08
(1,2,(3,(4,(5,6)))); -4537.35  -1.02288 29.843 13.852 9253.93
(1,2,(3,((4,6),5))); -4539.76  -1.69643 26.1869 13.0232 9255.03
(1,2,(3,((4,6),5))); -4537.84  -1.69643 28.2576 13.4672 9255.32
(1,2,(3,(4,(5,6)))); -4536.41  -1.02288 29.2679 13.1427 9254.74
(1,2,(3,((4,6),5))); -4536.76  -1.69643 29.5759 13.5823 9255.19
(1,2,(3,(4,(5,6)))); -4537.53  -1.02288 28.2024 13.3179 9254.87
(1,2,(3,(4,(5,6)))); -4534.94  -1.02288 31.5392 13.6228 9254.42
(1,(2,3),(4,(5,6))); -4540.46  -1.22024 30.7087 13.9525 9250.26
(1,2,(3,((4,6),5))); -4535.91  -1.69643 30.3333 13.5056 9255.21
(1,(2,3),((4,6),5)); -4550.48  -1.89379 25.3688 13.7416 9246.04
(1,2,(3,((4,6),5))); -4536.24  -1.69643 30.7777 13.8244 9254.76
(1,2,(3,((4,6),5))); -4536.67  -1.69643 29.3648 13.4578 9255.38
(1,(2,3),(4,(5,6))); -4539.15  -1.22024 30.4967 13.4317 9251.26
(1,2,(3,(4,(5,6)))); -4534.32  -1.02288 31.8158 13.5753 9254.72
(1,(2,3),((4,6),5)); -4544.06  -1.89379 30.2959 13.6433 9247.44
(1,(2,3),((4,6),5)); -4545.77  -1.89379 28.3251 13.0324 9247.09
(1,2,(3,(4,(5,6)))); -4536.64  -1.02288 29.0131 13.1397 9254.76
(1,2,(3,(4,(5,6)))); -4534.92  -1.02288 31.4208 13.8315 9254.77
(1,2,(3,(4,(5,6)))); -4536.62  -1.02288 29.4752 13.5852 9254.76
(1,2,(3,((4,6),5))); -4539.87  -1.69643 27.0223 13.5622 9254.62
(1,(2,3),((4,6),5)); -4542.64  -1.89379 31.5421 13.2007 9247.16
(1,(2,3),(4,(5,6))); -4537.75  -1.22024 31.0939 13.3554 9251.98
(1,2,(3,(4,(5,6)))); -4540.04  -1.02288 25.9199 13.7073 9255.02
(1,2,(3,(4,(5,6)))); -4538.37  -1.02288 28.589 14.0496 9254.37
(1,(2,3),(4,(5,6))); -4540.7  -1.22024 29.3099 13.9593 9251.43
(1,(2,3),(4,(5,6))); -4539.26  -1.22024 30.4658 13.4634 9251.21
(1,2,(3,(4,(5,6)))); -4535.33  -1.02288 30.8716 13.4512 9254.52
(1,2,(3,(4,(5,6)))); -4537.37  -1.02288 27.7234 13.381 9255.56
(1,2,(3,((4,6),5))); -4541.66  -1.69643 25.333 13.5111 9254.47
(1,(2,3),((4,6),5)); -4546.15  -1.89379 29.038 13.3583 9246.32
(1,(2,3),(4,(5,6))); -4541.73  -1.22024 29.0005 13.69 9250.43
(1,2,(3,(4,(5,6)))); -4538.58  -1.02288 27.7728 13.8782 9254.81
(1,2,(3,(4,(5,6)))); -4535.12  -1.02288 31.6549 13.6862 9254.19
(1,(2,3),((4,6),5)); -4543.78  -1.89379 30.7494 13.4757 9247.09
(1,2,(3,(4,(5,6)))); -4534.21  -1.02288 31.439 13.6368 9255.27
(1,2,(3,(4,(5,6)))); -4537.74  -1.02288 28.3991 13.8744 9255.01
(1,(2,3),(4,(5,6))); -4543.88  -1.22024 25.3751 13.0121 9251.23
(1,(2,3),(4,(5,6))); -4539.4  -1.22024 29.4556 13.1493 9251.77
(1,2,(3,(4,(5,6)))); -4537.51  -1.02288 27.6692 13.1631 9255.27
(1,2,(3,((4,6),5))); -4537.82  -1.69643 27.262 13.2855 9256.16
(1,2,(3,(4,(5,6)))); -4538.81  -1.02288 27.7963 13.5302 9254.2
(1,2,(3,(4,(5,6)))); -4538.49  -1.02288 27.6198 13.3654 9254.54
(1,(2,3),((4,6),5)); -4544.08  -1.89379 31.1725 13.4899 9246.38
(1,2,(3,(4,(5,6)))); -4535  -1.02288 31.4181 13.6991 9254.56
(1,2,(3,(4,(5,6)))); -4535.87  -1.02288 30.0555 13.5994 9254.95
(1,2,(3,((4,6),5))); -4538.02  -1.69643 27.2797 12.9051 9255.56
(1,(2,3),(4,(5,6))); -4540.03  -1.22024 28.5853 13.1215 9251.98
(1,(2,3),(4,(5,6))); -4540.05  -1.22024 28.865 13.302 9251.86
(1,2,(3,(4,(5,6)))); -4536.54  -1.02288 28.8971 13.4883 9255.33
(1,2,(3,(4,(5,6)))); -4537.59  -1.02288 30.4021 14.0868 9253.38
(1,2,(3,((4,6),5))); -4536.94  -1.69643 28.3921 13.5508 9256.17
(1,(2,3),(4,(5,6))); -4541.74  -1.22024 27.7787 13.6354 9251.59
(1,(2,3),(4,(5,6))); -4539.42  -1.22024 31.0826 13.8157 9250.79
(1,2,(3,((4,6),5))); -4536.12  -1.69643 29.9413 13.7829 9255.67
(1,2,(3,(4,(5,6)))); -4535.13  -1.02288 31.6622 13.6431 9254.13
(1,(2,3),((4,6),5)); -4546  -1.89379 29.8236 13.5492 9245.87
(1,2,(3,(4,(5,6)))); -4535.99  -1.02288 29.5427 13.6171 9255.36
(1,(2,3),(4,(5,6))); -4542.89  -1.22024 26.78 13.312 9251.11
(1,2,(3,((4,6),5))); -4534.89  -1.69643 31.6731 13.5415 9254.93
(1,2,(3,((4,6),5))); -4543.92  -1.69643 23.8186 13.6402 9253.85
(1,2,(3,((4,6),5))); -4534.67  -1.69643 31.4971 13.8903 9255.67
(1,2,(3,((4,6),5))); -4536.8  -1.69643 28.428 12.9426 9255.67
(1,2,(3,((4,6),5))); -4541.08  -1.69643 24.247 12.9783 9255.6
(1,2,(3,((4,6),5))); -4534.98  -1.69643 30.856 13.4566 9255.57
(1,(2,3),(4,(5,6))); -4542.36  -1.22024 28.3197 13.8946 9250.69
(1,2,(3,(4,(5,6)))); -4536.32  -1.02288 29.7741 14.0268 9255.21
(1,(2,3),(4,(5,6))); -4546.62  -1.22024 24.5663 13.6801 9249.97
(1,2,(3,(4,(5,6)))); -4536.46  -1.02288 30.2609 13.9197 9254.47
(1,2,(3,(4,(5,6)))); -4537.1  -1.02288 28.0474 13.107 9255.23
(1,2,(3,((4,6),5))); -4535.13  -1.69643 31.0151 13.6774 9255.49
(1,(2,3),(4,(5,6))); -4540.89  -1.22024 29.8321 13.811 9250.56
(1,(2,3),((4,6),5)); -4552.49  -1.89379 24.3531 13.6811 9244.99
(1,2,(3,((4,6),5))); -4536.87  -1.69643 29.5156 13.5374 9255.1
(1,(2,((4,6),5)),3); -4543.65  -5.62281 28.3693 13.2303 9253.09
(1,2,(3,(4,(5,6)))); -4540.25  -1.02288 25.9716 13.4423 9254.5
(1,(2,3),(4,(5,6))); -4538.79  -1.22024 30.1688 13.0733 9251.59
(1,(2,3),(4,(5,6))); -4541.24  -1.22024 29.9459 13.7198 9250.01
(1,2,(3,(4,(5,6)))); -4536.76  -1.02288 29.7842 13.66 9254.39
(1,2,(3,(4,(5,6)))); -4535.16  -1.02288 31.0296 13.6564 9254.74
(1,2,(3,((4,6),5))); -4537.68  -1.69643 28.0316 13.1765 9255.42
(1,(2,3),((4,6),5)); -4547.5  -1.89379 26.1545 12.5455 9247.04
(1,(2,3),(4,(5,6))); -4546.08  -1.22024 22.9319 13.7027 9252.16
(1,(2,3),(4,(5,6))); -4541.32  -1.22024 29.7231 14.0216 9250.46
(1,2,(3,((4,6),5))); -4539.2  -1.69643 28.3342 13.9628 9254.38
(1,(2,3),(4,(5,6))); -4537.88  -1.22024 31.7365 13.7135 9251.57
(1,2,(3,(4,(5,6)))); -4537.65  -1.02288 27.7216 13.4039 9255.31
(1,2,(3,(4,(5,6)))); -4537.46  -1.02288 28.0149 12.9752 9254.78
(1,(2,3),((4,6),5)); -4543.28  -1.89379 31.5148 13.448 9246.81
(1,(2,3),((4,6),5)); -4550.13  -1.89379 24.3661 13.2114 9246.87
(1,(2,3),((4,6),5)); -4551.08  -1.89379 24.0737 13.8686 9246.87
(1,(2,3),((4,6),5)); -4544.81  -1.89379 29.0659 13.077 9247.35
(1,(2,3),(4,(5,6))); -4539.68  -1.22024 30.3947 13.7785 9251.18
(1,(2,3),((4,6),5)); -4544.2  -1.89379 29.9974 13.2586 9247.21
(1,(2,((4,6),5)),3); -4544.97  -5.62281 27.0178 13.2204 9253.11
(1,2,(3,((4,6),5))); -4537.85  -1.69643 28.8759 13.8887 9255.11
(1,(2,3),(4,(5,6))); -4539.06  -1.22024 29.8339 13.5518 9252.13
(1,(2,3),((4,6),5)); -4542.15  -1.89379 32.1771 13.2885 9247.11
(1,(2,3),((4,6),5)); -4544.84  -1.89379 30.0801 13.3168 9246.55
(1,2,(3,(4,(5,6)))); -4539.49  -1.02288 27.0322 13.9361 9254.69
(1,(2,3),(4,(5,6))); -4538.45  -1.22024 31.3528 13.8516 9251.52
(1,2,(3,(4,(5,6)))); -4533.85  -1.02288 31.9883 13.4283 9254.87
(1,(2,3),(4,(5,6))); -4543.58  -1.22024 27.0458 13.6397 9250.48
(1,(2,3),(4,(5,6))); -4540.62  -1.22024 29.523 13.9496 9251.28
(1,2,(3,((4,6),5))); -4535.41  -1.69643 30.7521 13.5697 9255.36
(1,2,(3,(4,(5,6)))); -4536.19  -1.02288 29.6838 13.3234 9254.72
(1,2,(3,(4,(5,6)))); -4534.11  -1.02288 31.9979 13.4992 9254.67
(1,2,(3,(4,(5,6)))); -4535.25  -1.02288 30.4034 13.1421 9254.77
(1,(2,3),(4,(5,6))); -4536.83  -1.22024 32.8785 13.5739 9251.34
(1,2,(3,((4,6),5))); -4536.64  -1.69643 29.6437 13.7106 9255.38
(1,2,(3,((4,6),5))); -4539.55  -1.69643 26.5119 13.4285 9255.31
(1,(2,3),(4,(5,6))); -4540.31  -1.22024 28.7163 13.5821 9252.03
(1,2,(3,(4,(5,6)))); -4533.46  -1.02288 32.1842 13.2574 9254.89
(1,(2,3),((4,6),5)); -4544.11  -1.89379 30.1048 13.3687 9247.3
(1,2,(3,(4,(5,6)))); -4534.27  -1.02288 31.8169 13.4453 9254.64
(1,2,(3,(4,(5,6)))); -4538.81  -1.02288 27.3845 13.6709 9254.75
(1,(2,3),((4,6),5)); -4544.13  -1.89379 30.4834 13.8099 9247.35
(1,2,(3,(4,(5,6)))); -4538.81  -1.02288 27.2376 13.6266 9254.86
(1,(2,3),((4,6),5)); -4546.07  -1.89379 28.2782 13.2854 9247.09
(1,(2,3),((4,5),6)); -4548.31  -8.01147 32.4611 13.469 9246.97
(1,2,(3,(4,(5,6)))); -4536.01  -1.02288 29.8547 13.6017 9255.01
(1,2,(3,(4,(5,6)))); -4537.45  -1.02288 30.3206 13.8021 9253.31
(1,2,(3,(4,(5,6)))); -4538.85  -1.02288 27.2079 13.5902 9254.81
(1,(2,3),((4,6),5)); -4545.51  -1.89379 28.8183 13.1662 9246.99
(1,2,(3,((4,6),5))); -4536.68  -1.69643 28.9746 13.3886 9255.69
(1,2,(3,(4,(5,6)))); -4536.35  -1.02288 29.3702 13.5297 9255.08
(1,2,(3,(4,(5,6)))); -4541.36  -1.02288 24.1736 12.9512 9254.7
(1,(2,3),((4,6),5)); -4543.64  -1.89379 31.3212 13.4576 9246.64
(1,(2,3),((4,6),5)); -4545.42  -1.89379 29.0268 13.3427 9247.04
(1,(2,3),(4,(5,6))); -4541.84  -1.22024 29.2815 13.8661 9250.22
(1,2,(3,(4,(5,6)))); -4536.18  -1.02288 30.1292 13.8195 9254.79
(1,2,(3,(4,(5,6)))); -4535.86  -1.02288 29.7963 13.439 9255.06
(1,2,(3,(4,(5,6)))); -4537.43  -1.02288 28.4792 13.4743 9254.84
(1,2,(3,(4,(5,6)))); -4537.46  -1.02288 27.4944 13.555 9255.88
(1,(2,3),(4,(5,6))); -4545.84  -1.22024 23.7306 13.6415 9251.55
(1,(2,3),(4,(5,6))); -4541.01  -1.22024 29.349 13.959 9251.07
(1,2,(3,((4,6),5))); -4536.29  -1.69643 29.8713 13.6798 9255.47
(1,2,(3,((4,6),5))); -4535.48  -1.69643 30.1 13.6998 9256.07
(1,(2,3),(4,(5,6))); -4540.19  -1.22024 29.6985 13.5913 9251.18
(1,2,(3,(4,(5,6)))); -4536.11  -1.02288 29.268 13.4532 9255.35
(1,2,(3,((4,6),5))); -4535.22  -1.69643 31.3583 13.7593 9255.14
(1,(2,3),(4,(5,6))); -4546  -1.22024 24.8518 13.783 9250.4
(1,2,(3,(4,(5,6)))); -4535.68  -1.02288 30.8354 13.8121 9254.58
(1,2,(3,(4,(5,6)))); -4538.8  -1.02288 27.9596 13.9077 9254.43
(1,2,(3,(4,(5,6)))); -4539.29  -1.02288 26.8961 13.5692 9254.66
(1,2,(3,((4,6),5))); -4535.82  -1.69643 30.5642 13.5946 9255.16
(1,2,(3,(4,(5,6)))); -4537.05  -1.02288 28.4921 13.3527 9255.09
(1,2,(3,(4,(5,6)))); -4535.97  -1.02288 30.8826 13.7214 9254.14
(1,2,(3,(4,(5,6)))); -4533.76  -1.02288 32.3172 13.7053 9254.9
(1,2,(3,(4,(5,6)))); -4536.66  -1.02288 29.8062 13.817 9254.63
(1,2,(3,(4,(5,6)))); -4537.59  -1.02288 29.3833 13.6789 9253.98
(1,(2,3),(4,(5,6))); -4541.02  -1.22024 29.3966 13.9071 9250.97
(1,2,(3,(4,(5,6)))); -4538.28  -1.02288 28.1447 13.6318 9254.48
(1,2,(3,((4,6),5))); -4534.99  -1.69643 31.0367 13.5856 9255.51
(1,(2,(4,(5,6))),3); -4540.45  -4.94926 28.505 12.997 9255.25
(1,2,(3,((4,6),5))); -4540.38  -1.69643 25.9376 13.513 9255.14
(1,2,(3,((4,6),5))); -4540.85  -1.69643 26.3886 13.8555 9254.57
(1,(2,3),((4,6),5)); -4548.33  -1.89379 26.182 13.5231 9247.16
(1,(2,3),((4,6),5)); -4547.72  -1.89379 27.7333 13.5782 9246.27
(1,(2,3),(4,(5,6))); -4541.89  -1.22024 27.4954 13.4252 9251.52
(1,(2,3),((4,6),5)); -4545.12  -1.89379 29.2724 13.4183 9247.17
(1,(2,(4,(5,6))),3); -4539.64  -4.94926 29.9732 13.7103 9255.3
(1,(2,3),(4,(5,6))); -4541.46  -1.22024 28.1893 13.158 9250.98
(1,(2,3),((4,6),5)); -4548.52  -1.89379 28.2205 13.9212 9245.33
(1,(2,3),(4,(5,6))); -4537.94  -1.22024 31.4557 13.421 9251.5
(1,2,(3,(4,(5,6)))); -4539.16  -1.02288 27.3543 13.8763 9254.64
(1,2,(3,(4,(5,6)))); -4538.51  -1.02288 28.0524 13.5383 9254.26
(1,2,(3,(4,(5,6)))); -4538.53  -1.02288 28.3194 13.8595 9254.29
(1,(2,3),((4,6),5)); -4542.62  -1.89379 32.12 13.6098 9247.02
(1,2,(3,((4,6),5))); -4535.12  -1.69643 30.9338 13.4082 9255.31
(1,(2,3),(4,(5,6))); -4538.83  -1.22024 30.1237 13.1727 9251.7
(1,(2,3),(4,(5,6))); -4541.34  -1.22024 28.0404 13.859 9251.95
(1,(2,3),(4,(5,6))); -4541.89  -1.22024 27.7046 13.495 9251.38
(1,2,(3,(4,(5,6)))); -4534.43  -1.02288 31.7139 13.6452 9254.78
(1,2,(3,(4,(5,6)))); -4535.3  -1.02288 30.0939 13.2849 9255.17
(1,(2,(4,(5,6))),3); -4544.72  -4.94926 25.1576 13.2118 9254.53
(1,2,(3,(4,(5,6)))); -4538.92  -1.02288 26.9592 13.9722 9255.37
(1,(2,3),(4,(5,6))); -4537.4  -1.22024 31.431 13.1837 9251.83
(1,(2,3),((4,6),5)); -4544.46  -1.89379 31.3328 13.698 9246.05
(1,2,(3,(4,(5,6)))); -4540.32  -1.02288 25.6084 13.9549 9255.3
(1,(2,3),(4,(5,6))); -4542.85  -1.22024 25.9357 13.1495 9251.84
(1,2,(3,(4,(5,6)))); -4534.97  -1.02288 31.2394 13.4873 9254.56
(1,(2,3),(4,(5,6))); -4539.04  -1.22024 30.157 13.3324 9251.61
(1,(2,3),(4,(5,6))); -4540.6  -1.22024 29.89 13.8508 9250.84
(1,(2,3),(4,(5,6))); -4538.34  -1.22024 31.1611 13.6854 9251.66
(1,(2,3),(4,(5,6))); -4540.61  -1.22024 29.6659 13.8171 9251.01
(1,2,(3,(4,(5,6)))); -4548.76  -1.02288 16.5657 13.2332 9255.19
(1,2,(3,(4,(5,6)))); -4538.33  -1.02288 26.8291 13.4641 9255.58
(1,(2,3),(4,(5,6))); -4542.53  -1.22024 26.3942 13.2596 9251.81
(1,(2,3),(4,(5,6))); -4538.67  -1.22024 31.7011 13.7515 9250.85
(1,(2,(4,(5,6))),3); -4538.2  -4.94926 31.3773 13.5298 9255.16
(1,(2,3),((4,6),5)); -4544.46  -1.89379 30.6663 13.4666 9246.49
(1,(2,3),(4,(5,6))); -4539.75  -1.22024 29.7833 13.3385 9251.28
(1,(2,3),(4,(5,6))); -4543.14  -1.22024 26.8398 13.4626 9250.96
(1,(2,3),(4,(5,6))); -4544.79  -1.22024 24.6087 13.637 9251.72
(1,(2,3),(4,(5,6))); -4540.66  -1.22024 28.3751 12.9436 9251.38
(1,(2,3),(4,(5,6))); -4539.98  -1.22024 29.5906 13.7031 9251.61
(1,(2,3),(4,(5,6))); -4541.77  -1.22024 27.1061 13.5472 9252.15
(1,2,(3,(4,(5,6)))); -4536.87  -1.02288 28.8608 13.7382 9255.28
(1,(2,3),(4,(5,6))); -4538.47  -1.22024 30.4086 13.0043 9251.6
(1,(2,3),(4,(5,6))); -4544.5  -1.22024 26.8656 14.0044 9250.11
(1,(2,3),((4,6),5)); -4545.42  -1.89379 29.503 13.696 9246.92
(1,(2,3),((4,6),5)); -4546.11  -1.89379 28.521 13.7676 9247.28
(1,2,(3,((4,6),5))); -4537.74  -1.69643 29.5037 13.9973 9254.71
(1,2,(3,(4,(5,6)))); -4533.63  -1.02288 32.3091 13.5898 9254.92
(1,2,(3,((4,6),5))); -4537.4  -1.69643 28.6931 13.3682 9255.23
(1,2,(3,((4,6),5))); -4537.95  -1.69643 29.7482 14.1114 9254.36
(1,2,(3,((4,6),5))); -4534.71  -1.69643 31.6611 13.7952 9255.37
(1,2,(3,(4,(5,6)))); -4541.4  -1.02288 24.1464 12.9013 9254.63
(1,2,(3,((4,6),5))); -4536.59  -1.69643 28.7774 12.9113 9255.49
(1,2,(3,(4,(5,6)))); -4537.8  -1.02288 27.1552 12.9423 9255.27
(1,2,(3,((4,6),5))); -4539.64  -1.69643 25.5949 13.4865 9256.2
(1,(2,3),((4,6),5)); -4545.05  -1.89379 29.3238 13.203 9246.98
(1,(2,(4,(5,6))),3); -4539.26  -4.94926 29.4551 13.1822 9255.68
(1,2,(3,(4,(5,6)))); -4537.23  -1.02288 27.8581 13.4249 9255.61
(1,2,(3,((4,6),5))); -4540.53  -1.69643 25.9868 13.3588 9254.79
(1,(2,3),((4,6),5)); -4543.99  -1.89379 29.9081 13.0124 9247.26
(1,(2,3),(4,(5,6))); -4537.61  -1.22024 31.1599 13.2446 9251.95
(1,2,(3,(4,(5,6)))); -4533.53  -1.02288 31.9534 13.2639 9255.06
(1,(2,3),((4,6),5)); -4542.98  -1.89379 31.133 13.1468 9247.18
(1,(2,3),((4,6),5)); -4543.89  -1.89379 30.6613 13.6748 9247.27
(1,2,(3,((4,6),5))); -4543.03  -1.69643 22.536 14.0202 9256.4
(1,2,(3,((4,6),5))); -4535.58  -1.69643 30.3969 13.4269 9255.4
(1,(2,3),(4,(5,6))); -4541.68  -1.22024 28.5874 13.9796 9251.18
(1,2,(3,(4,(5,6)))); -4539.86  -1.02288 25.2054 13.2782 9255.49
(1,(2,3),((4,6),5)); -4544.09  -1.89379 30.8429 13.8047 9247.02
(1,2,(3,(4,(5,6)))); -4535.82  -1.02288 29.4939 13.5943 9255.55
(1,(2,3),(4,(5,6))); -4539.89  -1.22024 29.5584 13.7507 9251.78
(1,2,(3,(4,(5,6)))); -4535.13  -1.02288 30.9923 13.7717 9254.93
(1,(2,3),((4,6),5)); -4550.54  -1.89379 25.1351 13.4229 9245.89
(1,(2,3),((4,6),5)); -4543.18  -1.89379 31.3837 13.3888 9246.98
(1,2,(3,(4,(5,6)))); -4536.93  -1.02288 28.6352 13.4113 9255.13
(1,(2,3),(4,(5,6))); -4538.78  -1.22024 30.2798 13.219 9251.63
(1,2,(3,(4,(5,6)))); -4534.55  -1.02288 30.4984 13.3271 9255.56
(1,(2,3),((4,6),5)); -4545.01  -1.89379 29.5223 13.2156 9246.83
(1,(2,3),(4,(5,6))); -4538.01  -1.22024 31.1449 13.3854 9251.71
(1,(2,3),((4,6),5)); -4545  -1.89379 29.8117 13.3677 9246.71
(1,(2,3),(4,(5,6))); -4540.38  -1.22024 28.7565 13.4626 9251.8
(1,2,(3,(4,(5,6)))); -4537.21  -1.02288 29.0456 13.6659 9254.69
(1,(2,3),((4,6),5)); -4543.41  -1.89379 30.9731 13.0779 9246.84
(1,(2,3),(4,(5,6))); -4539.75  -1.22024 29.5005 13.1424 9251.37
(1,2,(3,((4,6),5))); -4536.49  -1.69643 29.6812 13.4208 9255.2
(1,(2,3),(4,(5,6))); -4541.12  -1.22024 28.1451 13.5219 9251.73
(1,2,(3,(4,(5,6)))); -4535.16  -1.02288 30.2324 13.0381 9254.93
(1,2,(3,((4,5),6))); -4543.63  -7.81411 29.3372 13.56 9254.66
(1,(2,3),(4,(5,6))); -4539.54  -1.22024 30.608 13.697 9251.03
(1,(2,3),((4,6),5)); -4543.54  -1.89379 31.1987 13.6072 9247.02
(1,(2,3),((4,6),5)); -4543.48  -1.89379 30.8371 13.3922 9247.22
(1,(2,3),((4,6),5)); -4544.15  -1.89379 30.4518 13.4781 9247.02
(1,2,(3,(4,(5,6)))); -4537.6  -1.02288 27.9173 13.8036 9255.56
(1,(2,3),((4,6),5)); -4545.74  -1.89379 28.8858 13.6478 9247.17
(1,(2,3),(4,(5,6))); -4536.79  -1.22024 32.4941 13.4721 9251.67
(1,(2,3),(4,(5,6))); -4540.7  -1.22024 28.6788 13.1898 9251.29
(1,(2,3),(4,(5,6))); -4539.09  -1.22024 30.3419 13.4394 9251.48
(1,2,(3,(4,(5,6)))); -4540  -1.02288 26.067 13.6347 9254.84
(1,2,(3,(4,(5,6)))); -4534.61  -1.02288 30.934 13.5574 9255.29
(1,(2,3),(4,(5,6))); -4538.96  -1.22024 31.1266 13.6572 9251.04
(1,2,(3,(4,(5,6)))); -4536.27  -1.02288 29.8407 13.508 9254.68
(1,2,(3,((4,6),5))); -4541.89  -1.69643 24.6496 13.5757 9254.99
(1,2,(3,((4,6),5))); -4534.42  -1.69643 31.6535 13.6236 9255.5
(1,2,(3,((4,6),5))); -4534.57  -1.69643 31.955 13.6981 9255.12
(1,(2,3),(4,(5,6))); -4540.04  -1.22024 28.3664 13.3508 9252.42
(1,2,(3,((4,6),5))); -4536.93  -1.69643 28.6135 13.2504 9255.66
(1,(2,3),((4,6),5)); -4547.66  -1.89379 26.5829 12.8761 9246.78
(1,(2,3),(4,(5,6))); -4542.73  -1.22024 25.8846 13.3608 9252.22
(1,(2,3),(4,(5,6))); -4538.94  -1.22024 31.088 13.8031 9251.25
(1,(2,3),((4,6),5)); -4544.51  -1.89379 29.8227 13.5681 9247.39
(1,(2,3),(4,(5,6))); -4539.75  -1.22024 29.8928 13.4831 9251.32
(1,2,(3,((4,6),5))); -4536.84  -1.69643 29.2292 13.5806 9255.46
(1,2,(3,(4,(5,6)))); -4536.7  -1.02288 29.4502 13.4954 9254.63
(1,2,(3,((4,6),5))); -4536.63  -1.69643 28.9794 13.3494 9255.69
(1,2,(3,(4,(5,6)))); -4533.57  -1.02288 31.9535 13.5192 9255.27
(1,(2,3),(4,(5,6))); -4537.4  -1.22024 32.1681 13.3839 9251.29
(1,2,(3,((4,6),5))); -4536.83  -1.69643 29.3279 13.4615 9255.26
(1,(2,3),((4,6),5)); -4545.83  -1.89379 29.7617 13.9251 9246.48
(1,2,(3,((4,6),5))); -4536.5  -1.69643 29.8936 13.4962 9255.06
(1,2,(3,(4,(5,6)))); -4536.38  -1.02288 29.9843 13.9066 9254.82
(1,2,(3,((4,6),5))); -4536.24  -1.69643 29.912 13.5904 9255.39
(1,(2,3),(4,(5,6))); -4539.93  -1.22024 28.4443 13.2547 9252.36
(1,(2,3),(4,(5,6))); -4540.75  -1.22024 28.485 13.0743 9251.31
(1,2,(3,(4,(5,6)))); -4534.99  -1.02288 31.7338 13.8531 9254.41
(1,(2,3),(4,(5,6))); -4541.19  -1.22024 29.193 13.5179 9250.61
(1,2,(3,(4,(5,6)))); -4545.49  -1.02288 21.6207 14.1699 9254.34
(1,2,(3,((4,6),5))); -4536.54  -1.69643 30.6873 13.9195 9254.65
(1,2,(3,(4,(5,6)))); -4539.33  -1.02288 26.0561 13.6945 9255.58
(1,2,(3,(4,(5,6)))); -4539.53  -1.02288 28.4112 13.5951 9252.93
(1,(2,3),(4,(5,6))); -4542.03  -1.22024 27.5058 13.2404 9251.18
(1,(2,3),((4,6),5)); -4545.32  -1.89379 29.8139 13.5969 9246.61
(1,2,(3,(4,(5,6)))); -4537.46  -1.02288 28.2023 13.3157 9254.93
(1,2,(3,(4,(5,6)))); -4534.98  -1.02288 31.668 13.9261 9254.55
(1,(2,3),(4,(5,6))); -4543.26  -1.22024 27.7559 13.7403 9250.2
(1,2,(3,((4,6),5))); -4535.28  -1.69643 30.9054 13.4356 9255.21
(1,(2,3),(4,(5,6))); -4539.06  -1.22024 30.7605 13.6047 9251.26
(1,(2,3),(4,(5,6))); -4543.23  -1.22024 27.5749 13.7611 9250.43
(1,2,(3,(4,(5,6)))); -4539.75  -1.02288 25.6153 13.2553 9255.17
(1,2,(3,(4,(5,6)))); -4536.84  -1.02288 28.77 13.2593 9254.93
(1,2,(3,(4,(5,6)))); -4537.51  -1.02288 28.6603 13.9056 9255.02
