tree logl logTop logBL logPrior logQ logWt pi1 pi2 pi3 pi4 s1 s2 s3 s4 s5 s6
(1,2,(3,(4,(5,6)))); -4542.31  -1.53862 25.6403 14.1937 28.5568 -4580.77 0.284313  0.25062 0.152937  0.31213   0.266187   0.152596  0.0810598  0.0173111   0.475089 0.00775708
(1,2,(3,(4,(5,6)))); -4540.21  -1.53862 25.2511 13.2412 24.1676 -4574.84 0.294521   0.2632 0.156282 0.285997  0.257081  0.150201 0.0746364 0.0169984  0.483721 0.0173615
(1,2,(3,((4,6),5))); -4539.81  -1.69756 31.1607 13.9793 26.1555 -4581.45 0.299194 0.240587 0.157746 0.302474   0.273509   0.149508  0.0851892  0.0186117   0.468476 0.00470524
(1,2,(3,((4,6),5))); -4536.85  -1.69756 27.4367 13.1241 28.934 -4578.4 0.282453  0.27468 0.148854 0.294013  0.231378  0.156919 0.0939454 0.0210348  0.484632 0.0120897
(1,(2,3),((4,6),5)); -4550.53  -1.86037 27.7466 13.6077 26.6826 -4589.49 0.297999 0.235711 0.144859 0.321432   0.23284  0.158128  0.094491 0.0155853  0.488009 0.0109464
(1,2,(3,((4,6),5))); -4534.91  -1.69756 28.359 13.3467 28.7243 -4576.95 0.289582 0.266536 0.151948 0.291935   0.236811   0.167909  0.0796189  0.0259139   0.484921 0.00482521
(1,2,(3,(4,(5,6)))); -4541.79  -1.53862 28.1004 13.4185 26.8215 -4581.75 0.294047 0.246202 0.172254 0.287497   0.226825   0.153964   0.102773  0.0208113   0.488104 0.00752297
(1,(2,3),((4,6),5)); -4544.36  -1.86037 31.3212 13.7532 27.7726 -4587.84 0.305737 0.251814 0.146288 0.296161  0.220446   0.17119 0.0825825 0.0259992  0.492461 0.0073218
(1,(2,3),((4,6),5)); -4545.75  -1.86037 29.3522 13.4826 25.7585 -4585.52   0.2993  0.24704 0.155466 0.298194   0.252063   0.158614   0.108344  0.0189337     0.4579 0.00414604
(1,(2,3),((4,6),5)); -4543.61  -1.86037 31.1488 13.6782 27.2584 -4586.48 0.273006 0.271058 0.140722 0.315215   0.252701   0.158254  0.0728231  0.0177023   0.490739 0.00778041
(1,(2,3),(4,(5,6))); -4541.39  -1.70143 30.7706 13.8605 26.3851 -4582.98 0.286689 0.240772 0.158447 0.314093   0.233797   0.171699  0.0797867  0.0147164    0.49522 0.00478104
(1,2,(3,(4,(5,6)))); -4538.17  -1.53862 29.8257 13.3327 27.1198 -4580.25 0.307378 0.241802 0.148039 0.302781   0.238853   0.158118  0.0777614  0.0147365   0.502561 0.00796981
(1,((2,5),(4,6)),3); -4588.44  -6.21461 30.0533 13.5432 27.0516 -4625.79 0.306783 0.248464 0.161011 0.283742  0.240451  0.150944  0.103841 0.0204684   0.47376 0.0105355
(1,(2,3),(4,(5,6))); -4543.87  -1.70143 28.415 13.8149 24.8942 -4581.66 0.314699 0.250451  0.16038  0.27447  0.245359  0.168571 0.0741956 0.0245457  0.474807  0.012522
(1,2,(3,((4,6),5))); -4535.52  -1.69756 31.4906 13.6352 28.636 -4580.32 0.288896 0.256834 0.139165 0.315105    0.24591   0.175434  0.0883886  0.0180281   0.463037 0.00920198
(1,2,(3,((4,6),5))); -4537.99  -1.69756 26.2383 12.9302 26.8608 -4576.46 0.283406 0.267502 0.164009 0.285083   0.232235   0.167591  0.0719857  0.0238576   0.498309 0.00602212
(1,2,(3,(4,(5,6)))); -4539.72  -1.53862 30.2825 13.4059 25.6846 -4580.74  0.27418 0.251475 0.178857 0.295489   0.222645   0.165675  0.0884695   0.028741     0.4861 0.00836951
(1,(2,3),((4,6),5)); -4547.72  -1.86037 24.4119 13.7575 28.5033 -4585.02 0.284947 0.275007 0.148117 0.291929   0.255177    0.15243  0.0757309  0.0244924   0.484233 0.00793668
(1,((2,(5,6)),3),4); -4613.59  -6.90776 35.0918 12.9928 24.9868 -4653.77 0.300268  0.24089 0.141875 0.316967   0.236379   0.135676  0.0895874  0.0283928   0.500677 0.00928831
(1,(2,(4,(5,6))),3); -4540.93  -2.06434 29.1499 13.0608 24.9381 -4579.89 0.285586 0.261541 0.167758 0.285115  0.244447  0.162445 0.0988018 0.0113855  0.472774 0.0101465
(1,(2,3),(4,(5,6))); -4548.66  -1.70143 27.3231 13.2769 22.0376 -4583.04 0.306965 0.233441 0.170388 0.289206  0.239186  0.174952 0.0662434 0.0261099  0.482973 0.0105355
(1,2,(3,(4,(5,6)))); -4537.65  -1.53862 31.7301 13.7703 25.3752 -4579.44 0.306041 0.244457 0.162533 0.286968   0.247206   0.165281  0.0976641  0.0282437   0.457356 0.00424932
(1,2,(3,((4,6),5))); -4535.9  -1.69756 30.4789 13.8977 30.3332 -4581.11 0.292359 0.257107 0.155794  0.29474   0.244937   0.155347  0.0828095  0.0250583   0.484398 0.00745011
(1,(2,3),(4,(5,6))); -4546.68  -1.70143 27.9196 14.091 21.2895 -4580.09 0.254747 0.266208 0.162814  0.31623    0.22704   0.157018    0.10017  0.0221916   0.491383 0.00219692
(1,2,(3,(4,(5,6)))); -4534.63  -1.53862 30.5731 13.5885 28.7369 -4578.82 0.275065 0.280858 0.149504 0.294573   0.252948    0.15098   0.086651  0.0251134     0.4758 0.00850842
(1,(2,(4,(5,6))),3); -4538.65  -2.06434 30.3257 13.4793 25.4737 -4578.9 0.284382 0.263038  0.14971 0.302871   0.205587   0.181794  0.0943274  0.0185199   0.491608 0.00816398
(1,(2,3),(4,(5,6))); -4547.81  -1.70143 30.4348 14.0631 22.4851 -4584.97 0.302103 0.237665 0.172836 0.287396   0.224948   0.150942   0.115292  0.0233898   0.476771 0.00865669
(1,(2,(4,(5,6))),3); -4538.23  -2.06434 30.8736 13.3481 27.2751 -4580.96 0.291771 0.254568 0.158522  0.29514    0.23347   0.177756   0.102506  0.0162214   0.462105 0.00794202
(1,(2,((4,6),5)),3); -4540.32  -2.22327 31.8183 13.4496 27.4069 -4583.87 0.308498 0.261444 0.138504 0.291553   0.227273   0.177373  0.0882793  0.0169775   0.481039 0.00905843
(1,(2,3),(4,(5,6))); -4545.44  -1.70143 26.9341 13.4966 27.0983 -4584.28 0.287684 0.251612  0.13772 0.322983  0.232442  0.160693 0.0898743 0.0284844  0.476917 0.0115894
(1,2,(3,(4,(5,6)))); -4538.75  -1.53862 28.187 13.2733 25.5235 -4577.65 0.282957 0.275174 0.144507 0.297362   0.224526   0.172849  0.0827744  0.0341509   0.478103 0.00759684
(1,2,(3,((4,6),5))); -4536.02  -1.69756 30.2584 13.3937 27.9191 -4579.11 0.298601 0.260121 0.152605 0.288673  0.241634  0.141584 0.0825208 0.0257897  0.498319 0.0101522
(1,(2,3),(4,(5,6))); -4544.28  -1.70143 24.9355 13.4158 26.6773 -4580.78 0.281255 0.288985 0.133206 0.296554  0.254569  0.146824 0.0833781 0.0211149   0.48579 0.0083248
(1,(2,(4,(5,6))),3); -4537.38  -2.06434 32.3316 13.8608 28.0575 -4581.85 0.291683  0.25116 0.159924 0.297233   0.236339   0.171224  0.0967219  0.0216261   0.470071 0.00401858
(1,(2,3),(4,(5,6))); -4546.58  -1.70143 27.4544 13.7649 27.0904 -4585.66 0.286189 0.242785  0.14883 0.322196   0.259896   0.146112  0.0930046  0.0266976   0.465955 0.00833444
(1,(2,3),(4,(5,6))); -4539.83  -1.70143 27.2448 13.2393 28.2178 -4580.35 0.299209 0.272389 0.144696 0.283705    0.25038   0.161436  0.0880295  0.0193473   0.476573 0.00423364
(1,(2,(4,(5,6))),3); -4544.09  -2.06434 23.4104 13.206 28.2506 -4580.48 0.289073 0.267399 0.154269 0.289259  0.238083  0.151892 0.0832501 0.0223534  0.490319 0.0141033
(1,2,(3,((4,6),5))); -4544.85  -1.69756 30.8819 14.1232 25.7043 -4585.62 0.320855 0.230514 0.149959 0.298673   0.228211   0.154881  0.0878843  0.0243552   0.498735 0.00593396
(1,(2,3),(4,(5,6))); -4539.69  -1.70143 31.2756 13.7076 26.7633 -4582.32 0.299942 0.245407 0.150084 0.304567   0.221758   0.157392  0.0816515  0.0225385   0.512218 0.00444154
(1,(2,3),((4,6),5)); -4544.46  -1.86037 29.5535 13.7923 29.4217 -4587.78 0.299644 0.259984 0.135862  0.30451   0.240859   0.163302  0.0928378  0.0180546   0.477841 0.00710567
(1,(2,3),(4,(5,6))); -4543.81  -1.70143 29.7023 13.7149 22.8394 -4580.93 0.293588 0.279549 0.141378 0.285485   0.24746  0.182387 0.0797342 0.0249752   0.44962 0.0158246
(1,(2,(4,(5,6))),3); -4538.53  -2.06434 31.2105 13.5489 28.5365 -4582.66 0.287195  0.26612 0.159677 0.287007   0.234498   0.152084  0.0956096  0.0280819   0.482787 0.00693926
(1,(2,3),(4,(5,6))); -4542.64  -1.70143 23.2813 12.8817 28.9052 -4580.24 0.281344  0.26483 0.155353 0.298473  0.231811  0.172062 0.0810129  0.022591  0.480536 0.0119876
(1,(2,3),((4,6),5)); -4550  -1.86037 29.8358 13.3256 25.901 -4590.55 0.259352 0.266806 0.140952 0.332891  0.242041  0.158493 0.0900288 0.0237345  0.473876 0.0118262
(1,(2,3),((4,6),5)); -4548.48  -1.86037 28.871 13.9992 27.2474 -4588.74 0.267623 0.261515 0.163593 0.307269   0.232575   0.167416   0.105666  0.0202526   0.466501 0.00758895
(1,(2,3),(4,(5,6))); -4542.08  -1.70143 27.7332 13.3051 27.0962 -4581.9 0.284464  0.28055 0.142308 0.292678  0.257003  0.173784 0.0819189 0.0209153  0.455524 0.0108555
(1,(2,3),((4,6),5)); -4542.9  -1.86037 30.8643 13.5046 27.4408 -4585.84 0.292634 0.264969 0.150532 0.291865   0.228505   0.160621   0.110199  0.0185295   0.474211 0.00793471
(1,2,(3,(4,(5,6)))); -4539.36  -1.53862 28.2406 13.7453 27.5943 -4579.91 0.308479 0.251855 0.156878 0.282787    0.24589   0.158266  0.0931601  0.0289421   0.465067 0.00867357
(1,(2,(4,(5,6))),3); -4541.59  -2.06434 29.1928 13.7844 28.9269 -4583.86  0.27056 0.256041 0.157158 0.316241   0.255103   0.148486  0.0858546  0.0217244   0.479423 0.00940912
(1,2,(3,((4,6),5))); -4540.55  -1.69756 26.8465 13.7427 27.0131 -4578.97 0.294019 0.252839 0.145215 0.307927  0.252672  0.165679 0.0805451 0.0225511  0.463119 0.0154338
(1,2,(3,((4,6),5))); -4536.1  -1.69756 30.9492 13.6409 27.4656 -4579.18 0.262938  0.27385  0.16066 0.302553   0.223016   0.159839   0.087433  0.0197138   0.500213 0.00978515
(1,(2,3),(4,(5,6))); -4541.83  -1.70143 28.4031 13.8757 26.8418 -4581.49 0.291662 0.270424 0.162487 0.275428   0.231414   0.153976   0.081374  0.0163359    0.50792 0.00898015
(1,(2,((4,6),5)),3); -4545.25  -2.22327 28.5599 12.982 28.6165 -4587.22 0.278257  0.25429 0.145074 0.322379  0.237291  0.154766  0.093806 0.0238174  0.478874  0.011446
(1,(2,(4,(5,6))),3); -4541.41  -2.06434 27.2533 13.3648 30.1216 -4583.35 0.295914 0.254941 0.147181 0.301964   0.241088   0.160347  0.0849645  0.0265851   0.478283 0.00873186
(1,(2,((4,6),5)),3); -4547.73  -2.22327 27.2024 13.1646 28.8666 -4588.42 0.294912 0.239321 0.157726 0.308041   0.236426   0.163655  0.0935122  0.0257745   0.474338 0.00629472
(1,2,(3,((4,6),5))); -4539.78  -1.69756 27.7095 12.9529 27.6567 -4580.49  0.28613 0.253608 0.138882  0.32138  0.255139  0.170918 0.0867015 0.0189162  0.457537  0.010788
(1,2,(3,(4,(5,6)))); -4538.05  -1.53862 28.7689 13.1488 26.7502 -4578.88 0.265747 0.283448 0.160475 0.290329   0.247692   0.176521  0.0805822  0.0182785   0.468784 0.00814249
(1,2,(3,((4,6),5))); -4538.24  -1.69756 27.2414 13.6239 28.3438 -4578.5 0.295652 0.256394 0.147063 0.300891   0.232061   0.177381  0.0944386  0.0152864   0.473023 0.00780981
(1,(2,(4,(5,6))),3); -4538.52  -2.06434 31.569 13.9725 28.4651 -4582.51 0.294936 0.255168 0.149052 0.300844   0.258448    0.17559  0.0865573  0.0178547    0.45348 0.00807028
(1,(2,3),((4,6),5)); -4545.42  -1.86037 30.067 13.8942 29.562 -4589.3 0.280808 0.253958 0.146462 0.318772   0.246097   0.146926  0.0892466  0.0220512   0.487702 0.00797754
(1,(2,3),(4,(5,6))); -4541.43  -1.70143 30.3816 13.3679 20.6105 -4577.35 0.298458 0.276998 0.131425  0.29312  0.261577   0.14073 0.0894875 0.0226895  0.465929  0.019587
(1,2,(3,(4,(5,6)))); -4540.79  -1.53862 26.7308 13.3793 29.8731 -4582.48 0.284019 0.246069 0.163248 0.306664  0.250057  0.155841 0.0839371 0.0209252  0.480438 0.0088019
(1,(2,3),((4,6),5)); -4546.07  -1.86037 26.1823 13.0432 28.5753 -4585.92   0.2936 0.275759 0.152642    0.278   0.246524   0.168833  0.0874961   0.024045   0.464204 0.00889797
(1,2,(3,((4,6),5))); -4537.8  -1.69756 27.4773 13.2573 26.4849 -4576.81 0.287949 0.268708 0.165202 0.278142   0.240065   0.163336  0.0854461  0.0143288   0.492259 0.00456522
(1,2,(3,(4,(5,6)))); -4544.46  -1.53862 29.2209 13.6398 22.4453 -4580.95 0.257677 0.272094 0.162622 0.307608   0.238826   0.197217  0.0898802  0.0215507   0.446042 0.00648352
(1,2,(3,(4,(5,6)))); -4534.02  -1.53862 30.3553 13.7324 28.8558 -4577.96  0.28218 0.268813 0.143499 0.305508   0.253909   0.147175  0.0780712  0.0202251   0.492665 0.00795412
(1,2,(3,(4,(5,6)))); -4540.06  -1.53862 29.7702 13.7499 23.671 -4578.21 0.285041 0.258098 0.141024 0.315837  0.217663  0.156467 0.0940092 0.0360978  0.484885 0.0108783
(1,2,(3,(4,(5,6)))); -4539.46  -1.53862 27.4017 13.8355 28.2609 -4579.75 0.292674 0.263307 0.137565 0.306455  0.248391  0.144126  0.091244 0.0256011  0.480399 0.0102387
(1,2,(3,(4,(5,6)))); -4540.16  -1.53862 27.7634 13.7855 26.2991 -4578.9 0.289297 0.267396 0.164539 0.278768   0.222042   0.148107  0.0839116  0.0214642   0.517064 0.00741089
(1,2,(3,((4,6),5))); -4536.72  -1.69756 29.4787 13.3653 27.9173 -4579.06 0.311341 0.248911 0.150475 0.289273   0.239277   0.179296  0.0810954  0.0201343   0.471126 0.00907118
(1,(2,(4,(5,6))),3); -4542.14  -2.06434 29.255 13.5572 27.8781 -4583.65 0.296881 0.253587 0.160357 0.289176  0.252809  0.140406 0.0847546 0.0243053  0.487326 0.0103999
(1,(2,3),(4,(5,6))); -4545.34  -1.70143 30.9036 13.765 24.8281 -4585.61 0.293194 0.237079   0.1507 0.319027   0.261316   0.141874   0.102526  0.0260114   0.462038 0.00623422
(1,(2,3),(4,(5,6))); -4541.37  -1.70143 29.6167 13.7036 27.5315 -4583.11 0.297002 0.250474 0.141261 0.311263   0.240815   0.162045  0.0784157  0.0305681   0.481787 0.00636896
(1,2,(3,(4,(5,6)))); -4537.03  -1.53862 29.6201 13.4958 27.0663 -4578.68  0.29647 0.256426 0.162234 0.284871   0.228007   0.150879  0.0766833  0.0208029   0.515262 0.00836544
(1,2,(3,((4,6),5))); -4536.47  -1.69756 30.6601 13.374 27.2192 -4579.28 0.294216 0.258448 0.148352 0.298984   0.239516   0.155609   0.106684  0.0275072   0.460731 0.00995338
(1,2,(3,((4,6),5))); -4540.9  -1.69756 29.0713 13.5824 25.3503 -4580.05 0.297721 0.246479 0.155186 0.300613  0.252492  0.142177 0.0956071 0.0209601  0.472177 0.0165872
(1,2,(3,(4,(5,6)))); -4539.3  -1.53862 28.5404 13.9323 28.1997 -4580.57 0.291442 0.247062 0.164264 0.297232  0.243479  0.156474  0.100841 0.0244823  0.464429 0.0102937
(1,(2,((4,6),5)),3); -4546.83  -2.22327 24.1365 14.1395 24.8999 -4579.5 0.283125 0.267345 0.146717 0.302813   0.23822  0.173858 0.0831877 0.0109131  0.481584 0.0122369
(1,2,(3,((4,6),5))); -4539.79  -1.69756 25.1721 13.2435 27.8982 -4577.92 0.297288 0.267141 0.131699 0.303872    0.25566   0.155444  0.0785452  0.0234188    0.48037 0.00656228
(1,(2,((4,6),5)),3); -4543.35  -2.22327 29.5722 13.4414 28.7669 -4586.02 0.276836  0.26615 0.164488 0.292526   0.251825   0.144494  0.0895887  0.0237151   0.482681 0.00769576
(1,(2,((4,6),5)),3); -4550.98  -2.22327 26.9835 13.2487 22.5031 -4585 0.294338 0.236848 0.160269 0.308545   0.242185   0.178925  0.0629925  0.0273617   0.481611 0.00692481
(1,(2,((4,6),5)),3); -4553.5  -2.22327 28.4343 13.8324 24.8117 -4590.69 0.292426 0.226219 0.162148 0.319207  0.222635  0.171201 0.0841835 0.0205801  0.488834 0.0125659
(1,(2,3),((4,6),5)); -4546.01  -1.86037 27.3779 13.7043 29.4497 -4587.28 0.283605 0.262983 0.159056 0.294356   0.240221   0.146726  0.0877618  0.0231455   0.496237 0.00590816
(1,2,(3,(4,(5,6)))); -4537.55  -1.53862 30.1109 13.81 25.8549 -4578.17  0.28261 0.252341 0.167393 0.297657    0.21574   0.176331  0.0947951  0.0260285   0.482061 0.00504518
(1,2,(3,((4,6),5))); -4537.04  -1.69756 28.1161 13.9102 28.6859 -4578.23 0.294985 0.273353 0.145635 0.286027   0.226056   0.162522  0.0976979  0.0209701   0.483426 0.00932838
(1,2,(3,(4,(5,6)))); -4539.75  -1.53862 26.7842 13.4463 28.0088 -4579.56 0.277744 0.270209 0.160527 0.291521   0.264336     0.1596  0.0851519  0.0248591   0.457029 0.00902376
(1,2,(3,(4,(5,6)))); -4535.82  -1.53862 30.3843 13.908 28.9157 -4579.67 0.282038 0.264198 0.160086 0.293678  0.230566  0.172071 0.0857476 0.0246455  0.475923 0.0110474
(1,(2,(4,(5,6))),3); -4542.95  -2.06434 27.7704 13.4087 27.4799 -4582.73 0.265798  0.26722 0.167752 0.299231   0.240241   0.143501  0.0864849  0.0238326   0.497954 0.00798695
(1,(2,(4,(5,6))),3); -4540.45  -2.06434 30.438 14.0174 29.9931 -4584.8 0.284963 0.268189 0.139458  0.30739   0.238903   0.161474  0.0882126  0.0226087   0.479011 0.00979037
(1,(2,3),(4,(5,6))); -4546.12  -1.70143 28.6155 13.0241 23.7107 -4583.72 0.280067 0.239146 0.165563 0.315225   0.247175   0.151775  0.0703038  0.0138709   0.509659 0.00721724
(1,2,(3,(4,(5,6)))); -4538.73  -1.53862 25.3052 13.1938 28.2022 -4577.5 0.272709 0.271545 0.155123 0.300623   0.230355   0.154121   0.080832  0.0175271   0.508011 0.00915283
(1,2,(3,(4,(5,6)))); -4546.38  -1.53862 29.089 13.4805 22.204 -4582.66 0.281027 0.239787 0.175546  0.30364   0.278403   0.146891  0.0781231  0.0291255   0.460087 0.00737039
(1,2,(3,(4,(5,6)))); -4537.47  -1.53862 31.3826 13.4284 26.2005 -4580.09 0.295719 0.250067 0.159986 0.294229   0.258754   0.146868   0.093333  0.0318913    0.46106 0.00809503
(1,(2,3),((4,6),5)); -4549.45  -1.86037 28.9775 13.9736 24.1049 -4586.7 0.301782  0.24805  0.16265 0.287517  0.232336   0.16549 0.0890958 0.0275228  0.467634 0.0179214
(1,2,(3,((4,6),5))); -4542.43  -1.69756 29.3169 13.6174 25.0066 -4581.44 0.303214 0.239407 0.144978 0.312401   0.236403   0.175262  0.0668943  0.0209363   0.493357 0.00714668
(1,2,(3,(4,(5,6)))); -4534.97  -1.53862 30.8048 13.6436 27.2592 -4577.85 0.297611 0.262174 0.156807 0.283407   0.256917   0.137075  0.0880723  0.0207803   0.491296 0.00585934
(1,2,(3,((4,6),5))); -4534.51  -1.69756 32.3242 13.4619 24.5019 -4576.18 0.270247 0.263904 0.140829 0.325021   0.253389   0.146656   0.072461  0.0195427   0.503482 0.00446948
(1,(2,3),(4,(5,6))); -4541.4  -1.70143 28.5646 14.1996 29.5842 -4583.65 0.288635 0.260923  0.15744 0.293001  0.254142  0.153132 0.0868361 0.0188067  0.475767 0.0113171
(1,(2,3),((4,6),5)); -4548.07  -1.86037 30.1898 14.0414 24.7195 -4587.07 0.296516 0.244857 0.162914 0.295714  0.245863  0.170089  0.105177 0.0191331  0.446106 0.0136322
(1,2,(3,((4,6),5))); -4533.96  -1.69756 31.0009 13.3008 29.5473 -4579.51 0.302879 0.259005 0.144006  0.29411   0.230471   0.170688  0.0883058  0.0238182   0.478809 0.00790863
(1,2,(3,(4,(5,6)))); -4537.63  -1.53862 29.3575 13.9034 25.5227 -4577.06 0.277429 0.285346 0.146401 0.290824   0.268429   0.152037  0.0947815  0.0148288   0.462087 0.00783643
(1,(2,(4,(5,6))),3); -4541.27  -2.06434 26.9793 13.078 28.0824 -4581.19 0.297077 0.266887 0.154896 0.281141    0.23369   0.181802  0.0870818  0.0227881   0.466754 0.00788395
(1,(2,((4,6),5)),3); -4543.62  -2.22327 30.2993 13.5795 28.3865 -4586.5  0.31405 0.250793 0.140543 0.294615  0.234562  0.154299 0.0887929 0.0247297  0.488319 0.0092981
(1,2,(3,(4,(5,6)))); -4541  -1.53862 25.926 13.5301 27.6636 -4579.52 0.269494 0.257811 0.143995   0.3287    0.24672   0.150849  0.0827037  0.0261984   0.485126 0.00840363
(1,2,(3,(4,(5,6)))); -4537.56  -1.53862 30.3164 13.6488 27.2822 -4579.98 0.306522 0.259498 0.133986 0.299993   0.235458   0.173514  0.0788639  0.0257461    0.48018 0.00623909
(1,(2,((4,6),5)),3); -4541.73  -2.22327 30.0655 13.6121 28.2165 -4584.18 0.285628 0.270388  0.13177 0.312214   0.255476   0.153042  0.0840513  0.0230201    0.47581 0.00859981
(1,(2,3),((4,6),5)); -4542.8  -1.86037 28.4838 13.4021 27.231 -4583.26 0.294523 0.266819 0.154806 0.283853   0.250533   0.168729  0.0821807  0.0182995    0.47683 0.00342855
(1,2,(3,((4,6),5))); -4536.13  -1.69756 31.3201 13.5937 28.1812 -4580.34 0.276958 0.258296 0.147248 0.317498  0.238424   0.14596 0.0948982 0.0267351  0.483952 0.0100312
(1,2,(3,((4,6),5))); -4537.7  -1.69756 27.28 13.7194 29.8849 -4579.44 0.293241   0.2563 0.149374 0.301086  0.224998   0.16243 0.0851403 0.0201123  0.499442 0.0078768
(1,(2,(4,(5,6))),3); -4542.48  -2.06434 28.5018 13.4147 24.9794 -4580.48 0.302016 0.260952 0.140432   0.2966   0.228582   0.177836  0.0784033  0.0336442   0.474107 0.00742842
(1,(2,3),(4,(5,6))); -4544.56  -1.70143 29.511 13.8453 27.2859 -4585.81 0.277959 0.243295  0.15996 0.318786    0.25434    0.17558  0.0895009  0.0212681   0.450613 0.00869797
(1,2,(3,(4,(5,6)))); -4539.61  -1.53862 27.3137 13.3738 27.8614 -4579.87 0.270227 0.267801 0.151627 0.310346  0.253558   0.16729 0.0786841 0.0223567  0.465962 0.0121496
(1,(2,(4,(5,6))),3); -4540.59  -2.06434 30.9853 13.7308 27.9166 -4583.7  0.27177 0.256278 0.162911 0.309041   0.250018   0.158956  0.0852034  0.0284445   0.472208 0.00517019
(1,2,(3,(4,(5,6)))); -4536.38  -1.53862 30.8901 13.771 27.4892 -4579.45 0.281082 0.268107 0.152032 0.298779   0.252283   0.165113  0.0978708  0.0277573   0.447726 0.00924942
(1,(2,3),((4,6),5)); -4555.98  -1.86037 27.1634 13.4971 22.2914 -4590.07  0.29949 0.252842  0.18568 0.261987   0.229795   0.166333  0.0966547  0.0246275   0.476631 0.00595846
(1,(2,3),((4,6),5)); -4546.5  -1.86037 26.5457 13.1977 29.9328 -4587.92 0.271178 0.269101  0.15879 0.300931  0.248679  0.160495 0.0870171   0.01863  0.476827 0.0083511
(1,2,(3,((4,6),5))); -4534.23  -1.69756 30.1134 13.3982 29.4118 -4578.66 0.273025 0.273203 0.148479 0.305293   0.227489   0.168147   0.088451  0.0206388   0.486734 0.00853993
(1,(2,((4,6),5)),3); -4545.18  -2.22327 29.0953 13.4614 27.7277 -4586.32 0.285525 0.243519 0.170842 0.300113   0.252162   0.164903  0.0804013  0.0185728   0.479008 0.00495353
(1,2,(3,(4,(5,6)))); -4540.23  -1.53862 27.9031 14.1006 28.5004 -4581 0.276284 0.256831 0.168247 0.298638  0.247204  0.164824 0.0911943 0.0162654  0.470157 0.0103553
(1,2,(3,(4,(5,6)))); -4541.72  -1.53862 30.545 14.2371 24.7656 -4581.26 0.297269 0.235966 0.151985 0.314781   0.243621    0.17512   0.105478  0.0231397   0.442962 0.00968027
(1,(2,((4,6),5)),3); -4547.46  -2.22327 27.0368 13.3811 26.2536 -4585.15 0.295133 0.250252 0.161288 0.293327   0.230181   0.155995   0.102157   0.032041   0.472463 0.00716295
(1,(2,3),(4,(5,6))); -4548.24  -1.70143 24.9118 13.5907 25.1204 -4582.98 0.288812   0.2526 0.134411 0.324177  0.234299  0.183255 0.0879207 0.0210305  0.460411 0.0130832
(1,2,(3,((4,6),5))); -4539.11  -1.69756 28.116 13.9806 27.9219 -4579.47 0.286556 0.251142  0.16544 0.296862   0.257608    0.17541   0.080753  0.0222742   0.455952 0.00800249
(1,(2,3),((4,6),5)); -4544.4  -1.86037 28.6955 12.909 27.1588 -4585.49 0.299927 0.267185  0.15304 0.279849  0.247699   0.14461 0.0801087 0.0244454  0.498054 0.0050821
(1,(2,(4,(5,6))),3); -4539.45  -2.06434 31.4714 13.5738 27.1184 -4582.4 0.291212 0.277849 0.136358 0.294582   0.238173   0.169231  0.0865384  0.0297954   0.467192 0.00906984
(1,(2,((4,6),5)),3); -4544.55  -2.22327 27.6884 13.8542 26.7335 -4582.89 0.293441 0.267355 0.155329 0.283875   0.228244   0.171666   0.107286  0.0219835    0.46466 0.00616008
(1,(2,3),(4,(5,6))); -4542.87  -1.70143 26.6379 13.5316 24.5305 -4578.81 0.280562 0.272556 0.140036 0.306846   0.248507   0.184675  0.0811481  0.0136601   0.467537 0.00447308
(1,2,(3,(4,(5,6)))); -4539.3  -1.53862 30.2703 13.9022 25.062 -4579.19 0.281799 0.290267 0.144189 0.283745  0.261724  0.149203 0.0956721 0.0241064   0.45785 0.0114444
(1,2,((3,(5,6)),4)); -4576.14  -6.90776 29.9042 13.4718 27.4082 -4613.08 0.292708 0.254925 0.156227  0.29614  0.250105  0.152478 0.0712808 0.0250334  0.489741 0.0113613
(1,2,(3,(4,(5,6)))); -4532.9  -1.53862 30.9924 13.757 29.2995 -4577.9 0.277149 0.271334 0.153434 0.298083   0.236685   0.152031  0.0810854  0.0199507   0.503423 0.00682597
(1,2,(3,(4,(5,6)))); -4537.55  -1.53862 29.1837 13.6655 28.3646 -4579.9 0.278045 0.261264 0.138054 0.322637   0.254567   0.159986  0.0812642  0.0187233   0.475715 0.00974451
(1,2,(3,((4,6),5))); -4535.48  -1.69756 30.3712 13.635 29.1715 -4579.69 0.297165 0.250565 0.145174 0.307096   0.233337   0.170356  0.0813861  0.0241853      0.485 0.00573544
(1,(2,(4,(5,6))),3); -4544.61  -2.06434 30.7157 14.1605 24.2918 -4583.39 0.297426 0.240192 0.168366 0.294016  0.252074  0.164017 0.0826275  0.017085  0.466984 0.0172116
(1,2,(3,((4,6),5))); -4534.54  -1.69756 30.1028 13.117 28.4484 -4578.28 0.277233 0.260818 0.151919  0.31003   0.247698     0.1455  0.0769761  0.0209693   0.502264 0.00659225
(1,(2,3),((4,6),5)); -4547.5  -1.86037 30.1601 13.8445 29.2621 -4591.22 0.286571 0.240349 0.155693 0.317388   0.232027   0.158822  0.0888776  0.0195504   0.491707 0.00901525
(1,2,(3,((4,6),5))); -4544.69  -1.69756 31.0982 13.6632 22.3948 -4582.82 0.313385  0.24214 0.178726  0.26575   0.220749   0.167943   0.085774    0.02083    0.49834 0.00636325
(1,(2,3),((4,6),5)); -4544.66  -1.86037 29.8994 13.8367 27.1538 -4586.01 0.277991 0.255261 0.158101 0.308647   0.246593    0.17463  0.0818754  0.0168042   0.476449 0.00364853
(1,2,(3,(4,(5,6)))); -4536.36  -1.53862 30.4194 13.6145 25.2493 -4576.88 0.304244  0.25712 0.134058 0.304578   0.274619   0.158841  0.0802966  0.0150832   0.463623 0.00753745
(1,2,(3,(4,(5,6)))); -4542.79  -1.53862 25.4938 13.7455 28.8028 -4581.8 0.281827 0.251192 0.142892 0.324089   0.25557  0.159572 0.0890686 0.0197919  0.466307 0.0096912
(1,2,(3,(4,(5,6)))); -4540.29  -1.53862 28.0674 13.9606 29.1489 -4582.01 0.269462 0.253406  0.16235 0.314781   0.247521   0.150732  0.0918403  0.0212573   0.480448 0.00820143
(1,(2,3),(4,(5,6))); -4540.71  -1.70143 29.8333 13.5988 28.6577 -4583.91 0.278319 0.258529 0.159838 0.303314   0.241001   0.167769  0.0864321  0.0288439   0.466035 0.00991905
(1,2,(3,(4,(5,6)))); -4531.97  -1.53862 31.7446 13.4409 29.406 -4578.14 0.286918 0.279469 0.144491 0.289122   0.244015   0.162597  0.0917034  0.0212146   0.474541 0.00592879
(1,2,(3,((4,6),5))); -4540.31  -1.69756 28.3448 13.262 26.0588 -4579.75 0.277799 0.244749 0.156802  0.32065   0.231785   0.173638  0.0715811  0.0175843   0.495747 0.00966455
(1,2,(3,(4,(5,6)))); -4535.1  -1.53862 30.7118 13.7282 29.5767 -4580.12  0.29009 0.252064  0.15676 0.301086   0.240733   0.151669   0.101487  0.0216677   0.476974 0.00746899
(1,(2,((4,6),5)),3); -4545.35  -2.22327 30.7942 13.3849 24.7297 -4585.26 0.319254 0.259048 0.133003 0.288695    0.24396   0.171496  0.0846347  0.0301728   0.463874 0.00586301
(1,(2,(4,(5,6))),3); -4539.08  -2.06434 29.8447 13.8848 28.5245 -4581.5 0.271621 0.268906 0.150263  0.30921  0.238217  0.158296 0.0833639 0.0194992  0.487401 0.0132238
(1,(2,3),(4,(5,6))); -4542.25  -1.70143 28.9918 13.2854 25.8939 -4582.15 0.282012 0.276361 0.166061 0.275565   0.253017   0.167797  0.0961143  0.0249441    0.45229 0.00583709
(1,2,(3,(4,(5,6)))); -4535.8  -1.53862 31.5369 13.6194 25.8985 -4578.08 0.296235 0.247395 0.155132 0.301238   0.232479   0.162265  0.0667986  0.0251254   0.505916 0.00741648
(1,(2,3),(4,(5,6))); -4542.49  -1.70143 27.9096 13.3878 28.3519 -4583.67 0.314305 0.254671  0.15214 0.278884   0.240994   0.153423  0.0875325   0.018905   0.492452 0.00669396
(1,(2,((4,6),5)),3); -4539.78  -2.22327 30.3025 13.3745 28.0095 -4582.49 0.287411 0.274873 0.140163 0.297553   0.233221    0.17593   0.076212  0.0191582   0.487818 0.00766062
(1,2,(3,((4,6),5))); -4540.37  -1.69756 32.2411 13.631 25.6404 -4582.93 0.292217 0.235011 0.177729 0.295043   0.223709   0.169214  0.0952278  0.0245387   0.479187 0.00812316
(1,(2,3),(4,(5,6))); -4535.61  -1.70143 32.4136 13.6873 29.3567 -4581.99 0.286849 0.281827 0.147671 0.283654   0.248011   0.158649  0.0861166   0.021446    0.47855 0.00722734
(1,(2,3),(4,(5,6))); -4538.22  -1.70143 30.5571 12.9398 27.2004 -4581.33 0.279231 0.272514 0.140816 0.307439  0.227692  0.177311 0.0933293 0.0176243  0.472407 0.0116355
(1,2,(3,(4,(5,6)))); -4534.53  -1.53862 32.0133 13.5954 29.672 -4581.08   0.2961 0.245222 0.155057 0.303621   0.242296   0.163605   0.092913  0.0218972   0.474086 0.00520277
(1,(2,3),((4,6),5)); -4551.33  -1.86037 30.2995 13.7928 23.4553 -4589.44 0.260268 0.261383 0.170529  0.30782   0.262988   0.168872  0.0669759  0.0205471   0.471461 0.00915625
(1,2,(3,((4,6),5))); -4536.59  -1.69756 29.9995 13.4623 28.2033 -4579.63 0.308218 0.250277 0.140311 0.301194    0.24279   0.174553  0.0781136  0.0229303   0.474735 0.00687886
(1,2,(3,(4,(5,6)))); -4537.76  -1.53862 29.3516 14.1244 28.9306 -4580.38 0.284636 0.263836 0.149927   0.3016   0.256145   0.170055  0.0807133   0.015644   0.469335 0.00810804
(1,(2,3),(4,(5,6))); -4538.81  -1.70143 32.0864 13.5246 25.7269 -4581.4 0.307977 0.255644  0.14524  0.29114  0.251761   0.16123 0.0987526 0.0245753  0.449594 0.0140866
(1,(2,3),(4,(5,6))); -4543.75  -1.70143 28.3451 13.5028 28.1051 -4585 0.271928 0.249312 0.150469 0.328291    0.24306   0.158092  0.0869425  0.0269303   0.478623 0.00635182
(1,(2,(4,(5,6))),3); -4551.53  -2.06434 25.0296 13.298 23.3436 -4584.54  0.26931 0.240792 0.173236 0.316662  0.246935  0.153535 0.0854967 0.0211612  0.475148 0.0177228
(1,(2,(4,(5,6))),3); -4536.54  -2.06434 31.8901 13.6122 30.0385 -4582.79 0.293787 0.253347 0.153543 0.299324   0.250703   0.159787  0.0832194  0.0163043   0.482607 0.00737895
(1,(2,(4,(5,6))),3); -4537.6  -2.06434 32.5418 13.5874 27.5407 -4582.03 0.310509 0.262442 0.146778  0.28027  0.240344   0.15131 0.0810751 0.0221027  0.493253 0.0119152
(1,2,(3,(4,(5,6)))); -4537.73  -1.53862 30.3023 13.6396 26.1011 -4578.95 0.288002  0.25232 0.165047 0.294631   0.219625   0.155089   0.107389  0.0264981   0.483741 0.00765754
(1,2,(3,(4,(5,6)))); -4535.53  -1.53862 31.6666 13.694 26.5596 -4578.52 0.276969  0.28558 0.140629 0.296823   0.228654   0.158086  0.0916528  0.0304064   0.483229 0.00797214
(1,2,(3,(4,(5,6)))); -4535.21  -1.53862 29.7787 13.3828 27.7453 -4577.81  0.29354 0.262719 0.143086 0.300655  0.250139  0.175795 0.0746926 0.0195671  0.468577 0.0112294
(1,2,(3,((4,6),5))); -4537.13  -1.69756 29.2162 13.3883 27.5508 -4578.81 0.297441 0.252561 0.142718  0.30728   0.234685   0.142876   0.103508   0.022551   0.489767 0.00661329
(1,(2,(4,(5,6))),3); -4542.42  -2.06434 27.879 13.4495 26.7289 -4581.52  0.27884  0.26871 0.159498 0.292952  0.262924  0.149523 0.0950795  0.021297  0.458059 0.0131166
(1,2,(3,(4,(5,6)))); -4537.07  -1.53862 30.7556 13.7565 28.5282 -4581.06 0.295491 0.237845 0.154557 0.312108   0.242903   0.172648  0.0808436  0.0177285   0.479086 0.00679104
(1,(2,(4,(5,6))),3); -4541.18  -2.06434 27.3585 13.7065 28.8692 -4581.63 0.271881 0.276926 0.158799 0.292393   0.241252   0.157321  0.0795414  0.0238161   0.489903 0.00816597
(1,(2,(4,(5,6))),3); -4541.64  -2.06434 31.1826 13.5171 27.7102 -4584.95 0.274099 0.253104 0.139973 0.332825   0.253899   0.162546  0.0811928  0.0204318   0.473944 0.00798634
(1,(2,(4,(5,6))),3); -4541.67  -2.06434 29.5588 13.9821 28.5889 -4583.77 0.288153 0.253565 0.150186 0.308095  0.242459  0.176348 0.0836068 0.0276681  0.461655 0.0082631
(1,(2,(4,(5,6))),3); -4543.54  -2.06434 29.3279 13.226 20.5312 -4578.11 0.308154 0.266792  0.14583 0.279224  0.231243  0.182853  0.104386 0.0193369  0.445264 0.0169166
(1,(2,3),(4,(5,6))); -4540.64  -1.70143 29.8535 13.3278 26.6469 -4582.11 0.282491 0.268673 0.138314 0.310522   0.236284   0.179132  0.0730006  0.0251432   0.477259 0.00918123
(1,2,(3,(4,(5,6)))); -4545.18  -1.53862 22.1683 14.1725 28.2724 -4579.91 0.274981 0.260888 0.160972 0.303159   0.250735   0.175886  0.0866285  0.0239974   0.453519 0.00923371
(1,2,(3,((4,6),5))); -4536.33  -1.69756 31.2119 13.2872 21.6026 -4574.16 0.307066 0.279131 0.135958 0.277846    0.26426   0.142542  0.0669735  0.0236695   0.494479 0.00807586
(1,(2,3),((4,6),5)); -4544.02  -1.86037 30.1415 13.8524 29.1631 -4587.61 0.275847 0.270501 0.140576 0.313077  0.232703  0.164505 0.0876156 0.0212456  0.483509 0.0104212
(1,(2,3),(4,(5,6))); -4542.05  -1.70143 29.6812 13.8337 24.7311 -4580.92 0.317466 0.270775 0.135546 0.276213  0.240654  0.148665 0.0982264 0.0247026  0.476208 0.0115446
(1,(2,3),((4,6),5)); -4548.65  -1.86037 25.175 13.6445 27.8749 -4586.19 0.289121 0.257903 0.149579 0.303397   0.220954   0.153387  0.0934924   0.020779   0.506742 0.00464537
(1,2,(3,((4,6),5))); -4537.6  -1.69756 30.1474 13.5797 25.758 -4578.23 0.275725 0.256867 0.141178  0.32623  0.219256  0.159138 0.0915972 0.0162823  0.501904 0.0118226
(1,2,(3,((4,6),5))); -4539.95  -1.69756 30.2417 13.7677 20.4534 -4575.18 0.287685 0.288083  0.14365 0.280582  0.215792  0.159947  0.107797 0.0158706   0.48445 0.0161433
(1,(2,3),((4,6),5)); -4543.51  -1.86037 32.4793 13.8374 27.1824 -4587.47 0.278321 0.262707 0.160203  0.29877  0.260689  0.142341 0.0786648 0.0213447  0.484994 0.0119667
(1,2,(3,(4,(5,6)))); -4541.1  -1.53862 27.9445 14.4252 28.3463 -4581.42 0.274135 0.256856 0.170214 0.298796   0.235895   0.149457  0.0847871  0.0215923   0.498319 0.00994904
(1,(2,((4,6),5)),3); -4539.62  -2.22327 31.882 13.633 28.3863 -4584.03 0.291651 0.257921 0.142016 0.308412  0.234213    0.1545 0.0912839 0.0147588  0.494793 0.0104509
(1,(2,(4,(5,6))),3); -4539.09  -2.06434 30.7582 13.4091 27.2312 -4581.6 0.263196 0.266549 0.155886  0.31437   0.241095   0.160152  0.0775817  0.0228357   0.493858 0.00447741
(1,2,(3,(4,(5,6)))); -4537.28  -1.53862 30.0326 13.8013 29.3142 -4581.29 0.272793 0.265296 0.153381  0.30853   0.249957   0.150058  0.0972916  0.0208616   0.475268 0.00656303
(1,(2,3),(4,(5,6))); -4545.75  -1.70143 25.9203 13.3491 25.6358 -4582.25 0.318202 0.263506 0.142976 0.275317   0.221739   0.161294  0.0937601  0.0168072   0.499054 0.00734485
(1,(2,((4,6),5)),3); -4544.18  -2.22327 28.6092 13.2154 25.3341 -4582.69  0.29509 0.283513 0.142468  0.27893   0.265641   0.159014  0.0924086  0.0259883   0.448417 0.00853055
(1,2,(3,((4,6),5))); -4534.49  -1.69756 29.0172 13.2076 29.3517 -4577.96  0.28307 0.264749 0.147301 0.304881   0.235786    0.17679  0.0884754  0.0207589   0.472824 0.00536607
(1,2,(3,(4,(5,6)))); -4544.83  -1.53862 30.7278 14.1982 24.2999 -4584.12  0.27109 0.238716 0.167196 0.322998    0.26475   0.152873  0.0894004  0.0202577    0.46915 0.00356855
(1,2,(3,(4,(5,6)))); -4536.52  -1.53862 28.1771 13.3122 28.2221 -4578.07 0.282462 0.267635  0.15106 0.298843   0.265864   0.168766  0.0848508  0.0201443   0.454657 0.00571798
(1,2,(3,((4,6),5))); -4537.16  -1.69756 32.775 13.7937 28.3013 -4582.75 0.277293    0.246 0.164823 0.311884    0.24837   0.165805  0.0962126  0.0231609   0.457775 0.00867663
(1,2,(3,((4,6),5))); -4544.47  -1.69756 28.2122 13.5228 23.2992 -4580.76 0.322682 0.251084 0.120905 0.305329   0.247758   0.154331   0.099437  0.0196402   0.469277 0.00955699
(1,(2,3),((4,6),5)); -4543.18  -1.86037 31.9136 13.4089 27.039 -4586.86 0.278428  0.28237  0.14686 0.292341   0.230716   0.181542   0.088952  0.0256991   0.465417 0.00767332
(1,(2,((4,5),6)),3); -4549.03  -5.3301 31.799 13.9706 29.6502 -4591.18 0.286659 0.247529 0.154204 0.311609   0.234499   0.169634  0.0892551  0.0213445   0.479901 0.00536674
(1,2,(3,((4,6),5))); -4543.43  -1.69756 29.7247 14.0392 25.1279 -4582.55 0.300091  0.23536 0.153564 0.310985   0.220725   0.172911  0.0939617  0.0311546   0.472289 0.00895873
(1,(2,(4,(5,6))),3); -4543.58  -2.06434 29.4208 13.7432 24.9562 -4582.15 0.279251 0.246814  0.15925 0.314686  0.245467  0.173823 0.0890523 0.0146813  0.461387   0.01559
(1,2,(3,((4,6),5))); -4534.48  -1.69756 32.4384 13.4132 27.2926 -4579.1 0.283708 0.284493 0.140519 0.291281  0.241431  0.171974 0.0921231 0.0242273  0.459566 0.0106788
(1,(2,3),((4,6),5)); -4550.74  -1.86037 25.6185 13.0887 28.5219 -4589.93  0.30557 0.240268 0.143026 0.311137   0.244153   0.168369   0.087296  0.0235426   0.467205 0.00943472
(1,2,(3,(4,(5,6)))); -4535.59  -1.53862 29.2286 12.8943 26.7795 -4577.17 0.295774 0.266194 0.133537 0.304494  0.239298  0.150773 0.0804873 0.0197455  0.495807   0.01389
(1,(2,3),(4,(5,6))); -4537.56  -1.70143 31.097 13.5155 29.7298 -4583.17 0.287011  0.25746  0.14696 0.308568  0.258873   0.15516 0.0831688  0.021602  0.471152  0.010045
(1,(2,3),(4,(5,6))); -4545.41  -1.70143 25.3016 13.3245 27.8187 -4583.5 0.265472 0.276837 0.150562 0.307129   0.240202   0.176589  0.0910647  0.0211704   0.465123 0.00585082
(1,2,(3,(4,(5,6)))); -4544.89  -1.53862 27.2924 14.3301 26.351 -4582.66 0.302132 0.242288 0.139971 0.315609   0.260608   0.155302  0.0837841  0.0292506   0.462342 0.00871324
(1,(2,3),((4,6),5)); -4544.41  -1.86037 26.656 12.8264 29.4171 -4585.8   0.2955 0.267107 0.148082 0.289311  0.233257  0.153455 0.0877873 0.0186552  0.496381 0.0104647
(1,2,(3,(4,(5,6)))); -4536.11  -1.53862 29.6111 13.5801 29.0984 -4579.7 0.288705  0.25357 0.148541 0.309184   0.232619   0.162154  0.0777445  0.0262592   0.494306 0.00691752
(1,(2,3),((4,6),5)); -4548.37  -1.86037 28.6152 14.0876 28.7288 -4589.76 0.265962 0.265899 0.169556 0.298583   0.236252   0.157856  0.0909396  0.0201277   0.487024 0.00779988
(1,(2,3),(4,(5,6))); -4541.89  -1.70143 26.2676 13.0523 28.4537 -4581.86 0.278233 0.274731 0.144379 0.302656   0.254224   0.168405   0.090985  0.0170332   0.463652 0.00570049
(1,(2,3),((4,6),5)); -4548.06  -1.86037 28.8457 13.6217 28.9152 -4590.34 0.293646 0.247326 0.156897 0.302131   0.262639   0.147323  0.0836533   0.018828   0.479213 0.00834366
(1,(2,3),((4,6),5)); -4547.43  -1.86037 26.3971 12.9061 26.5305 -4585.59 0.288393  0.24948 0.163821 0.298305   0.248887   0.162597  0.0960783  0.0170029   0.472322 0.00311256
(1,(2,((4,6),5)),3); -4547.5  -2.22327 29.0611 13.6168 24.7037 -4585.42 0.261649 0.261425 0.170879 0.306047   0.246645   0.172547  0.0811184  0.0306719   0.463582 0.00543557
(1,2,(3,(4,(5,6)))); -4536.93  -1.53862 30.5719 13.4309 27.6915 -4580.23 0.281626 0.249325 0.145387 0.323661   0.218908   0.170279  0.0896296  0.0213482   0.489914 0.00992145
(1,2,(3,((4,6),5))); -4546.01  -1.69756 32.5429 13.9181 25.3311 -4588.27 0.305654 0.218981 0.157505  0.31786   0.252753   0.161759  0.0806459  0.0219291   0.474876 0.00803662
(1,(2,3),((4,6),5)); -4544.36  -1.86037 29.9655 13.632 28.4255 -4587.26  0.29683 0.270758 0.135511 0.296901   0.230772   0.156585  0.0974613  0.0204735   0.484722 0.00998552
(1,2,(3,((4,6),5))); -4541.01  -1.69756 26.3548 14.1809 28.9363 -4580.42 0.273185  0.25726 0.164206 0.305349  0.237514  0.169054 0.0932111 0.0185073  0.471263 0.0104503
(1,2,(3,((4,6),5))); -4544.35  -1.69756 28.1044 13.9983 24.9044 -4581.66 0.283845 0.240845 0.163161 0.312149  0.252204  0.166508  0.098045 0.0275796  0.443392  0.012271
(1,(2,3),((4,6),5)); -4541.69  -1.86037 31.2929 13.3937 29.1345 -4586.86   0.2835 0.263679 0.160187 0.292634   0.231694   0.169223  0.0785685   0.022094   0.492352 0.00606755
(1,2,(3,((4,6),5))); -4546.25  -1.69756 27.7522 13.2556 21.6128 -4580.66 0.250873 0.298716 0.166305 0.284107   0.245349   0.172444  0.0884771  0.0167994   0.472278 0.00465216
(1,2,(3,((4,6),5))); -4540  -1.69756 28.1272 13.8772 29.1635 -4581.71 0.305084 0.246321 0.140417 0.308178   0.252346   0.156798  0.0895094  0.0230493   0.470854 0.00744361
(1,(2,3),((4,6),5)); -4543.39  -1.86037 32.2425 13.6231 25.7816 -4585.93 0.280807 0.249411 0.156728 0.313053   0.224891   0.149402  0.0993151   0.017225   0.505202 0.00396527
(1,2,(3,((4,6),5))); -4533.93  -1.69756 31.2203 13.816 28.7365 -4578.37 0.292806 0.256795 0.154197 0.296202   0.227627   0.169139   0.102759  0.0194204   0.474489 0.00656621
(1,2,(3,((4,6),5))); -4540.49  -1.69756 29.5718 14.0883 28.2774 -4582.55 0.300863  0.24107 0.159835 0.298231   0.240145    0.15558  0.0909963  0.0210516    0.48802 0.00420619
(1,(2,3),((4,6),5)); -4545.69  -1.86037 31.1656 13.6045 26.781 -4588.17  0.27692 0.257714 0.161374 0.303993  0.235848  0.156616 0.0995505 0.0268029  0.467246 0.0139366
(1,2,(3,(4,(5,6)))); -4538.18  -1.53862 28.3127 13.743 26.187 -4577.4 0.284148 0.275053 0.151207 0.289592  0.221637  0.181023  0.100485 0.0199808  0.471679 0.0051953
(1,2,(3,((4,6),5))); -4539.57  -1.69756 30.2479 13.4371 22.6393 -4577.32 0.312625 0.252747 0.143348 0.291279   0.211767   0.174035  0.0831862  0.0330353   0.492794 0.00518289
(1,2,(3,(4,(5,6)))); -4535.96  -1.53862 30.0757 13.4736 27.9426 -4578.96 0.295852 0.251737 0.147545 0.304866  0.225344  0.149377 0.0869696 0.0228115  0.503143 0.0123558
(1,(2,((4,6),5)),3); -4546.09  -2.22327 30.0773 13.4646 26.207 -4586.69 0.270532 0.243199 0.158343 0.327926  0.225624  0.162594 0.0844353 0.0156642  0.503385 0.0082982
(1,(2,3),((4,6),5)); -4544.1  -1.86037 28.6 13.5569 29.659 -4586.94  0.27498 0.271604 0.147879 0.305538   0.237699   0.152638  0.0922903  0.0195284   0.487972 0.00987281
(1,(2,3),(4,(5,6))); -4542.87  -1.70143 28.1999 13.3706 26.9048 -4582.91 0.278265 0.254932  0.14985 0.316953  0.230193  0.153482 0.0896347 0.0322189  0.483845  0.010627
(1,2,(3,((4,6),5))); -4540.36  -1.69756 29.2818 13.5471 24.2161 -4578.61 0.268546 0.292467  0.15282 0.286167   0.218733   0.167083   0.105696  0.0224609   0.477375 0.00865177
(1,(2,((4,6),5)),3); -4542.25  -2.22327 29.1738 13.4441 26.9935 -4582.75 0.297629 0.277802 0.148944 0.275625  0.240143  0.142591 0.0882529 0.0188641  0.503307 0.0068417
(1,2,(3,((4,6),5))); -4537.62  -1.69756 26.6297 13.5977 28.5936 -4577.54 0.285505 0.260307 0.154051 0.300137  0.229642  0.179335 0.0796465 0.0209038  0.485013 0.0054594
(1,(2,3),(4,(5,6))); -4540.52  -1.70143 29.5704 13.3562 24.9972 -4580.03 0.276858 0.291451 0.155381  0.27631   0.243945   0.158274  0.0865064  0.0282094   0.478851 0.00421516
(1,2,(3,(4,(5,6)))); -4537.34  -1.53862 29.5342 13.7784 24.8337 -4576.39 0.266144 0.273233 0.154761 0.305863   0.254077   0.157959  0.0678989  0.0150332   0.497321 0.00771131
(1,(2,((4,6),5)),3); -4544.72  -2.22327 31.3898 13.755 25.7693 -4585.9 0.289086 0.251215 0.161185 0.298514  0.232586  0.139706 0.0978224 0.0197985  0.495483 0.0146034
(1,(2,3),((4,6),5)); -4547.46  -1.86037 31.4984 13.6569 26.223 -4589.66 0.303846 0.249812 0.166282  0.28006   0.234666   0.146042  0.0957125  0.0280984   0.485728 0.00975261
(1,2,(3,((4,6),5))); -4536.2  -1.69756 29.6315 13.899 29.5676 -4579.8  0.27539 0.267592 0.147687 0.309331   0.237965    0.14819   0.093268  0.0205636    0.49279 0.00722355
(1,(2,3),(4,(5,6))); -4543.03  -1.70143 28.1795 13.8709 25.0001 -4580.64 0.268852 0.260896  0.15181 0.318442  0.224467  0.139091 0.0936849 0.0254595  0.505314 0.0119837
(1,2,(3,(4,(5,6)))); -4541.85  -1.53862 27.421 13.1386 21.075 -4575.67 0.288083 0.277688 0.166503 0.267725  0.220961  0.161481 0.0824794 0.0132141  0.507601 0.0142625
(1,2,(3,(4,(5,6)))); -4536.26  -1.53862 27.8588 13.6853 29.9136 -4578.81 0.280658  0.26408 0.152737 0.302525   0.238449   0.172366  0.0920539  0.0188624   0.472221 0.00604797
(1,(2,3),(4,(5,6))); -4536.57  -1.70143 31.4219 13.4138 28.5326 -4581.41 0.280593  0.25973  0.15675 0.302927  0.227952   0.15698 0.0867614 0.0217518  0.492861 0.0136941
(1,(2,3),((4,6),5)); -4545.43  -1.86037 31.7059 13.7872 25.4264 -4586.92 0.268975 0.259827   0.1676 0.303598  0.216013  0.176066 0.0905839 0.0271616  0.479171 0.0110053
(1,2,(3,(4,(5,6)))); -4539.37  -1.53862 26.4749 13.1575 28.7683 -4579.91 0.289515 0.249891 0.164206 0.296389   0.250266   0.174214  0.0874855  0.0177669   0.461407 0.00886021
(1,2,(3,((4,6),5))); -4537.68  -1.69756 30.9054 13.3935 26.3247 -4579.82 0.278258  0.25562 0.145371 0.320751   0.234696   0.177064  0.0900369  0.0291638   0.464254 0.00478488
(1,2,(3,((4,6),5))); -4540.65  -1.69756 26.7615 13.9333 28.3855 -4580.16 0.270276 0.254149 0.147036 0.328539   0.231759   0.162338  0.0832331  0.0223677   0.493049 0.00725322
(1,(2,3),(4,(5,6))); -4540.25  -1.70143 29.2978 13.3605 28.9158 -4583.4 0.300142 0.246392 0.147138 0.306328   0.250296   0.170123  0.0941294  0.0187043   0.458384 0.00836321
(1,2,(3,(4,(5,6)))); -4536.95  -1.53862 28.6964 13.4288 27.5398 -4578.22 0.293619 0.252056 0.156916 0.297409  0.219863  0.181845 0.0828317  0.022882  0.482543  0.010035
(1,2,(3,((4,6),5))); -4537.54  -1.69756 30.9937 13.7424 28.3494 -4581.44 0.285767 0.245324  0.16966 0.299248  0.232366  0.156519 0.0880018 0.0208001  0.490543 0.0117697
(1,(2,(4,(5,6))),3); -4539.48  -2.06434 30.3672 13.4721 28.6941 -4583.01 0.301839 0.253071 0.145156 0.299935   0.232107   0.157798   0.100543  0.0256327   0.474846 0.00907267
(1,(2,(4,(5,6))),3); -4537.98  -2.06434 31.2415 13.7247 29.5524 -4582.99 0.291038 0.257657 0.162064 0.289241   0.238745   0.162116  0.0938908  0.0165084    0.47992 0.00882024
(1,2,(3,((4,6),5))); -4539.29  -1.69756 29.1384 13.5265 26.484 -4579.69 0.307473 0.249133 0.158226 0.285168     0.2481   0.143018  0.0921811  0.0206615   0.492088 0.00395135
(1,(2,(4,(5,6))),3); -4536.43  -2.06434 31.8021 13.5458 28.0412 -4580.67 0.273089 0.263847 0.158724 0.304341  0.228573  0.160278 0.0810271 0.0188239  0.506356 0.0049428
