tree logl logTop logBL logPrior logQ logWt pi1 pi2 pi3 pi4 s1 s2 s3 s4 s5 s6
(1,2,(3,((4,6),5))); -6971.1  -2.1291 45.4066 19.3598 59.5595 -7054.58   0.277567   0.682513 0.00426859  0.0356515    0.564539     0.27317 3.01862e-15 0.000665923    0.161625  4.4423e-14
(1,(2,3),((4,6),5)); -16546.8  -1.34622 42.0161 19.4 56.7324 -16624.9    0.923558     0.03501 4.44951e-06   0.0414272    0.918066    0.018609 5.50418e-05  8.9979e-07   0.0632688 2.47578e-15
(1,(2,((4,6),5)),3); -8711.31  -1.4876 55.1929 20.2338 40.0432 -8784.82   0.962829  0.0111887 0.00988656  0.0160955    0.468763   0.0531091 0.000237514    0.472758  0.00513237 6.77756e-16
(1,2,(3,((4,6),5))); -21171.5  -2.1291 23.1104 14.4499 68.7995 -21246.8    0.689909 4.21313e-05    0.192186    0.117863   0.0870832   0.0168885 1.14157e-05    0.506318    0.389699 1.23328e-27
(1,(2,((4,5),6)),3); -15666.3  -3.02136 23.4041 12.289 120.473 -15794.9    0.121437 0.000219328    0.812946   0.0653981  0.00943623   0.0435676   0.0555444 5.86509e-19    0.891452  2.5415e-36
(1,(2,(4,(5,6))),3); -8428.26  -2.31553 57.6242 20.324 262.373 -8725.62   0.90382 0.0029911 0.0261365 0.0670522    0.280308 0.000894102    0.686164 3.93753e-57   0.0326336 3.39404e-61
(1,(2,3),(4,(5,6))); -7251.72  -2.17415 62.1907 20.4228 13.6784 -7304.99  0.0851324 0.00570165   0.440002   0.469164   0.0170616   0.0691932    0.142698 0.000277955    0.770744 2.53058e-05
(1,(2,3),((4,5),6)); -8329.24  -2.87998 61.8738 20.4774 50.8882 -8418.64   0.955045 0.00544736  0.0337661 0.00574174  0.00145262  0.00536608    0.215598  0.00578859    0.771794 6.10028e-20
(1,(2,((4,6),5)),3); -6801.36  -1.4876 33.7008 16.8608 146.759 -6963.48  0.540663  0.323753 0.0558296 0.0797541  0.00233149  0.00360175 0.000147381  0.00121876    0.992701 1.33443e-60
(1,(2,3),((4,6),5)); -12408.6  -1.34622 18.9824 -7.80417 36.1645 -12470.2  0.163754  0.480853 3.104e-05  0.355362   0.0862106    0.848174 0.000851968   0.0315093   0.0332544  8.9983e-14
(1,(2,3),(4,(5,6))); -5932.53  -2.17415 40.0008 18.3638 29.5517 -5981.55  0.237361 0.0224993 0.0459064  0.694233  0.0593959   0.761763  0.0136922  0.0412433   0.123906 2.7009e-14
(1,(2,(4,(5,6))),3); -6797.72  -2.31553 41.9401 18.8606 28.1677 -6846.66 0.0331969  0.196616  0.225606  0.544581    0.789093 0.000229023 0.000170566   0.0017948    0.208712 3.66554e-09
(1,(2,3),(4,(5,6))); -13438.4  -2.17415 16.4961 10.0423 69.5282 -13512.2 0.00186722   0.134923  0.0934336   0.769777  0.00287843    0.565323 4.06552e-06 1.29165e-21    0.431795 2.28779e-08
(1,(2,3),((4,6),5)); -27114.5  -1.34622 50.5735 20.1624 152.443 -27296 1.1124e-06  0.0130271   0.923559  0.0634123    0.513435    0.308325 1.13136e-08 1.14372e-24    0.178239 9.28106e-39
(1,(2,((4,6),5)),3); -8193.56  -1.4876 39.1484 18.2792 232.797 -8445.74  0.912858 0.0196745 0.0530219 0.0144459    0.104624 0.000156759   0.0155876 3.60245e-24    0.879632 3.02486e-79
(1,(2,(4,(5,6))),3); -6825.2  -2.31553 50.0627 19.9415 16.6958 -6869.7   0.874297   0.106349 0.00273117  0.0166229    0.297475    0.150997   0.0780766 1.23879e-07    0.465825  0.00762672
(1,2,(3,((4,6),5))); -10133.5  -2.1291 15.8891 -7.58175 133.351 -10288.2   0.198005   0.389526   0.403799 0.00866974   0.0717692   0.0357855 1.96138e-19 1.12539e-09    0.892445  3.1963e-37
(1,(2,((4,6),5)),3); -5700.15  -1.4876 34.7211 16.7906 38.537 -5755.13  0.110922  0.665384  0.146752 0.0769417   0.0248172    0.254996   0.0102739 8.37943e-05    0.709829 9.62237e-16
(1,2,(3,((4,6),5))); -10211.4  -2.1291 37.6303 18.0489 77.2036 -10306.1 0.000158354    0.764711    0.176146   0.0589846 0.000829871 1.21862e-10 9.88214e-06 3.57687e-05    0.999124 3.65294e-19
(1,(2,((4,6),5)),3); -9934.83  -1.4876 46.7474 18.2248 48.1109 -10010  0.158916 0.0638985  0.773725 0.0034607 0.000281188    0.220151    0.512467  5.2209e-09    0.267101  7.5387e-15
(1,(2,(4,(5,6))),3); -18379.4  -2.31553 30.7698 10.5488 222.469 -18619.7    0.036341    0.955834 3.44102e-06  0.00782175  0.00650629    0.285626   0.0151488 5.64594e-29    0.692719 2.05641e-68
(1,2,(3,((4,6),5))); -23998.4  -2.1291 21.5074 12.5275 75.1963 -24080.5    0.112912 1.84779e-05   0.0613512    0.825719    0.100221   0.0598546 1.59527e-05  6.4798e-06    0.839902 5.76793e-26
(1,2,(3,((4,5),6))); -6270.56  -3.66286 27.6288 14.7326 76.9848 -6356.78  0.13748 0.499635 0.175491 0.187394    0.786062    0.198969 1.52949e-12 0.000618277     0.01435 4.52733e-25
(1,(2,3),((4,6),5)); -16675.9  -1.34622 32.677 15.5516 75.1209 -16766.8    0.740486    0.201598 1.12789e-06   0.0579151   0.0814498    0.499311    0.253854 8.22363e-25    0.165385 1.13848e-09
(1,2,(3,((4,6),5))); -6721.36  -2.1291 29.4114 13.7981 109.662 -6844.5   0.10075  0.466706 0.0766863  0.355858  6.0967e-05      0.3184 0.000228746 3.32846e-34     0.68131 6.79212e-15
(1,(2,3),((4,5),6)); -16328.9  -2.87998 6.47337 -47.082 26.7905 -16406.3    0.111785  0.00315471 0.000263664    0.884797    0.908774 0.000591053   0.0121561   0.0735345  0.00494391 2.88596e-08
(1,(2,((4,6),5)),3); -9009.32  -1.4876 51.844 20.3452 103.062 -9142.39 0.00408488  0.0338223    0.15857   0.803523  0.00134674   3.076e-05    0.399605 8.73795e-16    0.599018 1.29205e-29
(1,(2,3),((4,5),6)); -12361.5  -2.87998 21.1488 11.3912 258.094 -12626.5  0.0709021 0.00174825   0.860868  0.0664813   0.00044524     0.146776   0.00228709  0.000193194     0.850299 5.43173e-110
(1,(2,((4,6),5)),3); -6090.16  -1.4876 22.5873 11.6741 74.3663 -6173.96 0.109345 0.619076 0.116684 0.154895   0.0041014   0.0279647 6.83253e-05 1.78438e-16    0.967866 7.29105e-17
(1,(2,((4,6),5)),3); -9832.33  -1.4876 60.3795 20.4371 24.5729 -9895.36 0.00726298   0.392457   0.598886 0.00139436  8.5813e-07  0.00261812 0.000666386    0.741864     0.25484 1.10993e-05
